2024-10-17 14:41:59 开始第 1 次操作

2024-10-17 14:41:59 开始操作号码 【1300000】
2024-10-17 14:42:00 GSD getOne 第 1 次 等待 3 秒
2024-10-17 14:42:03 查询号码 【1300000】，返回信息 {"status":"ok","msg":"山东-济南","gid":"46869","time_insert":"2021-02-09 17:23"}
2024-10-17 14:42:03 查询号码 【1300000】，GSD为【"山东-济南"】

2024-10-17 14:42:04 开始第 2 次操作

2024-10-17 14:42:04 开始操作号码 【1300001】
2024-10-17 14:42:06 GSD getOne 第 1 次 等待 3 秒
2024-10-17 14:42:09 查询号码 【1300001】，返回信息 {"status":"ok","msg":"江苏-常州","gid":"46870","time_insert":"2021-02-09 17:23"}
2024-10-17 14:42:09 查询号码 【1300001】，GSD为【"江苏-常州"】

2024-10-17 14:42:10 开始第 3 次操作

2024-10-17 14:42:10 开始操作号码 【1300002】
2024-10-17 14:42:11 GSD getOne 第 1 次 等待 3 秒
2024-10-17 14:42:14 查询号码 【1300002】，返回信息 {"status":"ok","msg":"安徽-巢湖","gid":"46871","time_insert":"2021-02-09 17:28","time_update":"2023-06-06 16:34"}
2024-10-17 14:42:14 查询号码 【1300002】，GSD为【"安徽-巢湖"】

2024-10-17 14:42:15 开始第 4 次操作

2024-10-17 14:42:15 开始操作号码 【1300003】
2024-10-17 14:42:16 GSD getOne 第 1 次 等待 3 秒
2024-10-17 14:42:19 查询号码 【1300003】，返回信息 {"status":"ok","msg":"四川-宜宾","gid":"46872","time_insert":"2021-02-09 17:30"}
2024-10-17 14:42:19 查询号码 【1300003】，GSD为【"四川-宜宾"】

