2024-02-16 00:20:03 开始第 3933 次操作

2024-02-16 00:20:03 开始操作号码 【1713835】
2024-02-16 00:20:10 GSD getOne 第 1 次 等待 3 秒
2024-02-16 00:20:13 查询号码 【1713835】，返回信息 {"status":"ok","msg":"四川-成都","gid":"174047","time_insert":"2021-07-02 13:18"}
2024-02-16 00:20:13 查询号码 【1713835】，GSD为【"四川-成都"】

2024-02-16 00:20:14 开始第 3934 次操作

2024-02-16 00:20:14 开始操作号码 【1713836】
2024-02-16 00:20:19 GSD getOne 第 1 次 等待 3 秒
2024-02-16 00:20:22 查询号码 【1713836】，返回信息 {"status":"ok","msg":"四川-成都","gid":"174051","time_insert":"2021-07-02 13:19"}
2024-02-16 00:20:22 查询号码 【1713836】，GSD为【"四川-成都"】

2024-02-16 00:20:23 开始第 3935 次操作

2024-02-16 00:20:23 开始操作号码 【1713837】
2024-02-16 00:20:31 GSD getOne 第 1 次 等待 3 秒
2024-02-16 00:20:34 查询号码 【1713837】，返回信息 {"status":"ok","msg":"四川-成都","gid":"174055","time_insert":"2021-07-02 13:20"}
2024-02-16 00:20:34 查询号码 【1713837】，GSD为【"四川-成都"】

2024-02-16 00:20:35 开始第 3936 次操作

2024-02-16 00:20:35 开始操作号码 【1713838】
2024-02-16 00:20:39 GSD getOne 第 1 次 等待 3 秒
2024-02-16 00:20:42 查询号码 【1713838】，返回信息 {"status":"ok","msg":"四川-德阳","gid":"28754","time_insert":"2019-02-24 15:38","time_update":"2020-10-27 19:03"}
2024-02-16 00:20:42 查询号码 【1713838】，GSD为【"四川-德阳"】

2024-02-16 00:37:55 开始第 3937 次操作

2024-02-16 00:37:55 开始操作号码 【1713839】
2024-02-16 00:38:00 GSD getOne 第 1 次 等待 3 秒
2024-02-16 00:38:03 查询号码 【1713839】，返回信息 {"status":"ok","msg":"四川-成都","gid":"28755","time_insert":"2019-01-21 18:15","time_update":"2020-10-27 19:08"}
2024-02-16 00:38:03 查询号码 【1713839】，GSD为【"四川-成都"】

2024-02-16 00:38:04 开始第 3938 次操作

2024-02-16 00:38:04 开始操作号码 【1713840】
2024-02-16 00:38:09 GSD getOne 第 1 次 等待 3 秒
2024-02-16 00:38:12 查询号码 【1713840】，返回信息 {"status":"ok","msg":"贵州-贵阳","gid":"174064","time_insert":"2021-07-02 13:22"}
2024-02-16 00:38:12 查询号码 【1713840】，GSD为【"贵州-贵阳"】

2024-02-16 00:38:13 开始第 3939 次操作

2024-02-16 00:38:13 开始操作号码 【1713841】
2024-02-16 00:38:17 GSD getOne 第 1 次 等待 3 秒
2024-02-16 00:38:20 查询号码 【1713841】，返回信息 {"status":"ok","msg":"贵州-贵阳","gid":"174068","time_insert":"2021-07-02 13:23"}
2024-02-16 00:38:20 查询号码 【1713841】，GSD为【"贵州-贵阳"】

2024-02-16 00:38:21 开始第 3940 次操作

2024-02-16 00:38:21 开始操作号码 【1713842】
2024-02-16 00:38:27 GSD getOne 第 1 次 等待 3 秒
2024-02-16 00:38:30 查询号码 【1713842】，返回信息 {"status":"ok","msg":"贵州-贵阳","gid":"174071","time_insert":"2021-07-02 13:23"}
2024-02-16 00:38:30 查询号码 【1713842】，GSD为【"贵州-贵阳"】

