2024-05-04 00:21:28 开始第 6913 次操作

2024-05-04 00:21:28 开始操作号码 【1606814】
2024-05-04 00:21:40 GSD getOne 第 1 次 等待 3 秒
2024-05-04 00:21:43 查询号码 【1606814】，返回信息 {"status":"ok","msg":"-","gid":"663466","time_insert":"2023-04-19 03:18"}
2024-05-04 00:21:43 查询号码 【1606814】，GSD为【"-"】
2024-05-04 00:21:43 ok && -
2024-05-04 00:21:45 CHB 1606814?1714753303 第 1 次 等待 3 秒
2024-05-04 00:21:48 CHB 1606814?1714753303 第 1 次 获取到号码【1606814】GSD
2024-05-04 00:21:48 未获取到号码【1606814】GSD，可能号码格式错误
2024-05-04 00:21:48 获取到号码【1606814】的GSD为【-】
2024-05-04 00:21:53 GSD insert 第 1 次 等待 3 秒
2024-05-04 00:21:56 {"status":"bad","gid":"663466","msg":"添加失败！号码【1606814(-|-)】已存在！"}
2024-05-04 00:21:56 随机等待 188 秒，约 3 分钟
2024-05-04 00:21:56 下次操作: 2024-05-04 00:25:04

2024-05-04 00:25:04 开始第 6914 次操作

2024-05-04 00:25:04 开始操作号码 【1606815】
2024-05-04 00:25:08 GSD getOne 第 1 次 等待 3 秒
2024-05-04 00:25:11 查询号码 【1606815】，返回信息 {"status":"ok","msg":"-","gid":"663486","time_insert":"2023-04-19 03:27"}
2024-05-04 00:25:11 查询号码 【1606815】，GSD为【"-"】
2024-05-04 00:25:11 ok && -
2024-05-04 00:25:14 CHB 1606815?1714753511 第 1 次 等待 3 秒
2024-05-04 00:25:17 CHB 1606815?1714753511 第 1 次 获取到号码【1606815】GSD
2024-05-04 00:25:17 未获取到号码【1606815】GSD，可能号码格式错误
2024-05-04 00:25:17 获取到号码【1606815】的GSD为【-】
2024-05-04 00:25:23 GSD insert 第 1 次 等待 3 秒
2024-05-04 00:25:26 {"status":"bad","gid":"663486","msg":"添加失败！号码【1606815(-|-)】已存在！"}
2024-05-04 00:25:26 随机等待 176 秒，约 2 分钟
2024-05-04 00:25:26 下次操作: 2024-05-04 00:28:22

2024-05-04 00:28:22 开始第 6915 次操作

2024-05-04 00:28:22 开始操作号码 【1606816】
2024-05-04 00:28:27 GSD getOne 第 1 次 等待 3 秒
2024-05-04 00:28:30 查询号码 【1606816】，返回信息 {"status":"ok","msg":"-","gid":"663504","time_insert":"2023-04-19 03:38"}
2024-05-04 00:28:30 查询号码 【1606816】，GSD为【"-"】
2024-05-04 00:28:30 ok && -
2024-05-04 00:28:32 CHB 1606816?1714753710 第 1 次 等待 3 秒
2024-05-04 00:28:35 CHB 1606816?1714753710 第 1 次 获取到号码【1606816】GSD
2024-05-04 00:28:35 未获取到号码【1606816】GSD，可能号码格式错误
2024-05-04 00:28:35 获取到号码【1606816】的GSD为【-】
2024-05-04 00:28:42 GSD insert 第 1 次 等待 3 秒
2024-05-04 00:28:45 {"status":"bad","gid":"663504","msg":"添加失败！号码【1606816(-|-)】已存在！"}
2024-05-04 00:28:45 随机等待 183 秒，约 3 分钟
2024-05-04 00:28:45 下次操作: 2024-05-04 00:31:48

2024-05-04 00:31:48 开始第 6916 次操作

2024-05-04 00:31:48 开始操作号码 【1606817】
2024-05-04 00:31:53 GSD getOne 第 1 次 等待 3 秒
2024-05-04 00:31:56 查询号码 【1606817】，返回信息 {"status":"ok","msg":"-","gid":"663533","time_insert":"2023-04-19 03:55"}
2024-05-04 00:31:56 查询号码 【1606817】，GSD为【"-"】
2024-05-04 00:31:56 ok && -
2024-05-04 00:31:58 CHB 1606817?1714753916 第 1 次 等待 3 秒
2024-05-04 00:32:01 CHB 1606817?1714753916 第 1 次 获取到号码【1606817】GSD
2024-05-04 00:32:01 未获取到号码【1606817】GSD，可能号码格式错误
2024-05-04 00:32:01 获取到号码【1606817】的GSD为【-】
2024-05-04 00:32:08 GSD insert 第 1 次 等待 3 秒
2024-05-04 00:32:11 {"status":"bad","gid":"663533","msg":"添加失败！号码【1606817(-|-)】已存在！"}

