2023-10-25 00:20:35 开始第 4861 次操作

2023-10-25 00:20:35 开始操作号码 【1924771】
2023-10-25 00:20:37 GSD getOne 第 1 次 等待 3 秒
2023-10-25 00:20:40 查询号码 【1924771】，返回信息 {"status":"ok","msg":"-","gid":"625478","time_insert":"2023-03-31 08:59"}
2023-10-25 00:20:40 查询号码 【1924771】，GSD为【"-"】
2023-10-25 00:20:40 ok && -
2023-10-25 00:20:42 CHB 1924771?1698164440 第 1 次 等待 3 秒
2023-10-25 00:20:45 CHB 1924771?1698164440 第 1 次 获取到号码【1924771】GSD
2023-10-25 00:20:46 未获取到号码【1924771】GSD，可能号码格式错误
2023-10-25 00:20:46 获取到号码【1924771】的GSD为【-】
2023-10-25 00:20:49 GSD insert 第 1 次 等待 3 秒
2023-10-25 00:20:52 {"status":"bad","gid":"625478","msg":"添加失败！号码【1924771(-|-)】已存在！"}
2023-10-25 00:20:52 随机等待 82 秒，约 1 分钟
2023-10-25 00:20:52 下次操作: 2023-10-25 00:22:14

2023-10-25 00:22:14 开始第 4862 次操作

2023-10-25 00:22:14 开始操作号码 【1924772】
2023-10-25 00:22:19 GSD getOne 第 1 次 等待 3 秒
2023-10-25 00:22:22 查询号码 【1924772】，返回信息 {"status":"ok","msg":"-","gid":"625472","time_insert":"2023-03-31 08:56"}
2023-10-25 00:22:22 查询号码 【1924772】，GSD为【"-"】
2023-10-25 00:22:22 ok && -
2023-10-25 00:22:23 CHB 1924772?1698164542 第 1 次 等待 3 秒
2023-10-25 00:22:26 CHB 1924772?1698164542 第 1 次 获取到号码【1924772】GSD
2023-10-25 00:22:26 未获取到号码【1924772】GSD，可能号码格式错误
2023-10-25 00:22:26 获取到号码【1924772】的GSD为【-】
2023-10-25 00:22:29 GSD insert 第 1 次 等待 3 秒
2023-10-25 00:22:32 {"status":"bad","gid":"625472","msg":"添加失败！号码【1924772(-|-)】已存在！"}
2023-10-25 00:22:32 随机等待 117 秒，约 1 分钟
2023-10-25 00:22:32 下次操作: 2023-10-25 00:24:29

2023-10-25 00:24:29 开始第 4863 次操作

2023-10-25 00:24:29 开始操作号码 【1924773】
2023-10-25 00:24:31 GSD getOne 第 1 次 等待 3 秒
2023-10-25 00:24:34 查询号码 【1924773】，返回信息 {"status":"ok","msg":"-","gid":"625455","time_insert":"2023-03-31 08:46"}
2023-10-25 00:24:34 查询号码 【1924773】，GSD为【"-"】
2023-10-25 00:24:34 ok && -
2023-10-25 00:24:36 CHB 1924773?1698164674 第 1 次 等待 3 秒
2023-10-25 00:24:39 CHB 1924773?1698164674 第 1 次 获取到号码【1924773】GSD
2023-10-25 00:24:39 未获取到号码【1924773】GSD，可能号码格式错误
2023-10-25 00:24:39 获取到号码【1924773】的GSD为【-】
2023-10-25 00:24:43 GSD insert 第 1 次 等待 3 秒
2023-10-25 00:24:46 {"status":"bad","gid":"625455","msg":"添加失败！号码【1924773(-|-)】已存在！"}
2023-10-25 00:24:46 随机等待 224 秒，约 3 分钟
2023-10-25 00:24:46 下次操作: 2023-10-25 00:28:30

2023-10-25 00:28:30 开始第 4864 次操作

2023-10-25 00:28:30 开始操作号码 【1924774】
2023-10-25 00:28:36 GSD getOne 第 1 次 等待 3 秒
2023-10-25 00:28:39 查询号码 【1924774】，返回信息 {"status":"ok","msg":"-","gid":"625449","time_insert":"2023-03-31 08:43"}
2023-10-25 00:28:39 查询号码 【1924774】，GSD为【"-"】
2023-10-25 00:28:39 ok && -
2023-10-25 00:28:40 CHB 1924774?1698164919 第 1 次 等待 3 秒
2023-10-25 00:28:43 CHB 1924774?1698164919 第 1 次 获取到号码【1924774】GSD
2023-10-25 00:28:44 未获取到号码【1924774】GSD，可能号码格式错误
2023-10-25 00:28:44 获取到号码【1924774】的GSD为【-】
2023-10-25 00:28:50 GSD insert 第 1 次 等待 3 秒
2023-10-25 00:28:53 {"status":"bad","gid":"625449","msg":"添加失败！号码【1924774(-|-)】已存在！"}

2023-10-25 00:40:36 开始第 4865 次操作

2023-10-25 00:40:36 开始操作号码 【1924775】
2023-10-25 00:40:39 GSD getOne 第 1 次 等待 3 秒
2023-10-25 00:40:42 查询号码 【1924775】，返回信息 {"status":"ok","msg":"-","gid":"625448","time_insert":"2023-03-31 08:41"}
2023-10-25 00:40:42 查询号码 【1924775】，GSD为【"-"】
2023-10-25 00:40:42 ok && -
2023-10-25 00:40:49 CHB 1924775?1698165642 第 1 次 等待 3 秒
2023-10-25 00:40:52 CHB 1924775?1698165642 第 1 次 获取到号码【1924775】GSD
2023-10-25 00:40:52 未获取到号码【1924775】GSD，可能号码格式错误
2023-10-25 00:40:52 获取到号码【1924775】的GSD为【-】
2023-10-25 00:40:55 GSD insert 第 1 次 等待 3 秒
2023-10-25 00:40:58 {"status":"bad","gid":"625448","msg":"添加失败！号码【1924775(-|-)】已存在！"}
2023-10-25 00:40:58 随机等待 124 秒，约 2 分钟
2023-10-25 00:40:58 下次操作: 2023-10-25 00:43:02

2023-10-25 00:43:02 开始第 4866 次操作

2023-10-25 00:43:02 开始操作号码 【1924776】
2023-10-25 00:43:08 GSD getOne 第 1 次 等待 3 秒
2023-10-25 00:43:11 查询号码 【1924776】，返回信息 {"status":"ok","msg":"-","gid":"625445","time_insert":"2023-03-31 08:39"}
2023-10-25 00:43:11 查询号码 【1924776】，GSD为【"-"】
2023-10-25 00:43:11 ok && -
2023-10-25 00:43:18 CHB 1924776?1698165791 第 1 次 等待 3 秒
2023-10-25 00:43:21 CHB 1924776?1698165791 第 1 次 获取到号码【1924776】GSD
2023-10-25 00:43:21 未获取到号码【1924776】GSD，可能号码格式错误
2023-10-25 00:43:21 获取到号码【1924776】的GSD为【-】
2023-10-25 00:43:24 GSD insert 第 1 次 等待 3 秒
2023-10-25 00:43:27 {"status":"bad","gid":"625445","msg":"添加失败！号码【1924776(-|-)】已存在！"}
2023-10-25 00:43:27 随机等待 122 秒，约 2 分钟
2023-10-25 00:43:27 下次操作: 2023-10-25 00:45:29

2023-10-25 00:45:29 开始第 4867 次操作

2023-10-25 00:45:29 开始操作号码 【1924777】
2023-10-25 00:45:43 GSD getOne 第 1 次 等待 3 秒
2023-10-25 00:45:46 查询号码 【1924777】，返回信息 {"status":"ok","msg":"-","gid":"625408","time_insert":"2023-03-31 08:02"}
2023-10-25 00:45:46 查询号码 【1924777】，GSD为【"-"】
2023-10-25 00:45:46 ok && -
2023-10-25 00:45:52 CHB 1924777?1698165946 第 1 次 等待 3 秒
2023-10-25 00:45:55 CHB 1924777?1698165946 第 1 次 获取到号码【1924777】GSD
2023-10-25 00:45:55 未获取到号码【1924777】GSD，可能号码格式错误
2023-10-25 00:45:55 获取到号码【1924777】的GSD为【-】
2023-10-25 00:46:01 GSD insert 第 1 次 等待 3 秒
2023-10-25 00:46:04 {"status":"bad","gid":"625408","msg":"添加失败！号码【1924777(-|-)】已存在！"}
2023-10-25 00:46:04 随机等待 204 秒，约 3 分钟
2023-10-25 00:46:04 下次操作: 2023-10-25 00:49:28

2023-10-25 00:49:28 开始第 4868 次操作

2023-10-25 00:49:28 开始操作号码 【1924778】
2023-10-25 00:49:30 GSD getOne 第 1 次 等待 3 秒
2023-10-25 00:49:33 查询号码 【1924778】，返回信息 {"status":"ok","msg":"-","gid":"625403","time_insert":"2023-03-31 07:59"}
2023-10-25 00:49:33 查询号码 【1924778】，GSD为【"-"】
2023-10-25 00:49:33 ok && -
2023-10-25 00:49:35 CHB 1924778?1698166173 第 1 次 等待 3 秒
2023-10-25 00:49:38 CHB 1924778?1698166173 第 1 次 获取到号码【1924778】GSD
2023-10-25 00:49:38 未获取到号码【1924778】GSD，可能号码格式错误
2023-10-25 00:49:38 获取到号码【1924778】的GSD为【-】
2023-10-25 00:49:42 GSD insert 第 1 次 等待 3 秒
2023-10-25 00:49:45 {"status":"bad","gid":"625403","msg":"添加失败！号码【1924778(-|-)】已存在！"}

