2024-02-05 00:18:20 开始第 1953 次操作

2024-02-05 00:18:20 开始操作号码 【1711855】
2024-02-05 00:18:25 GSD getOne 第 1 次 等待 3 秒
2024-02-05 00:18:28 查询号码 【1711855】，返回信息 {"status":"ok","msg":"陕西-西安","gid":"152597","time_insert":"2021-06-29 10:27"}
2024-02-05 00:18:28 查询号码 【1711855】，GSD为【"陕西-西安"】

2024-02-05 00:18:29 开始第 1954 次操作

2024-02-05 00:18:29 开始操作号码 【1711856】
2024-02-05 00:18:35 GSD getOne 第 1 次 等待 3 秒
2024-02-05 00:18:38 查询号码 【1711856】，返回信息 {"status":"ok","msg":"陕西-西安","gid":"152607","time_insert":"2021-06-29 10:28"}
2024-02-05 00:18:38 查询号码 【1711856】，GSD为【"陕西-西安"】

2024-02-05 00:18:39 开始第 1955 次操作

2024-02-05 00:18:39 开始操作号码 【1711857】
2024-02-05 00:18:43 GSD getOne 第 1 次 等待 3 秒
2024-02-05 00:18:46 查询号码 【1711857】，返回信息 {"status":"ok","msg":"陕西-西安","gid":"152617","time_insert":"2021-06-29 10:29"}
2024-02-05 00:18:46 查询号码 【1711857】，GSD为【"陕西-西安"】

2024-02-05 00:18:47 开始第 1956 次操作

2024-02-05 00:18:47 开始操作号码 【1711858】
2024-02-05 00:18:53 GSD getOne 第 1 次 等待 3 秒
2024-02-05 00:18:56 查询号码 【1711858】，返回信息 {"status":"ok","msg":"陕西-西安","gid":"152620","time_insert":"2021-06-29 10:29"}
2024-02-05 00:18:56 查询号码 【1711858】，GSD为【"陕西-西安"】

