2024-02-24 00:19:34 开始第 5369 次操作

2024-02-24 00:19:34 开始操作号码 【1715271】
2024-02-24 00:19:39 GSD getOne 第 1 次 等待 3 秒
2024-02-24 00:19:42 查询号码 【1715271】，返回信息 {"status":"ok","msg":"湖北-武汉","gid":"191486","time_insert":"2021-07-04 16:50"}
2024-02-24 00:19:42 查询号码 【1715271】，GSD为【"湖北-武汉"】

2024-02-24 00:19:43 开始第 5370 次操作

2024-02-24 00:19:43 开始操作号码 【1715272】
2024-02-24 00:19:48 GSD getOne 第 1 次 等待 3 秒
2024-02-24 00:19:51 查询号码 【1715272】，返回信息 {"status":"ok","msg":"湖北-武汉","gid":"191499","time_insert":"2021-07-04 16:50"}
2024-02-24 00:19:51 查询号码 【1715272】，GSD为【"湖北-武汉"】

2024-02-24 00:19:52 开始第 5371 次操作

2024-02-24 00:19:52 开始操作号码 【1715273】
2024-02-24 00:19:58 GSD getOne 第 1 次 等待 3 秒
2024-02-24 00:20:01 查询号码 【1715273】，返回信息 {"status":"ok","msg":"湖北-武汉","gid":"191513","time_insert":"2021-07-04 16:51"}
2024-02-24 00:20:01 查询号码 【1715273】，GSD为【"湖北-武汉"】

2024-02-24 00:20:02 开始第 5372 次操作

2024-02-24 00:20:02 开始操作号码 【1715274】
2024-02-24 00:20:06 GSD getOne 第 1 次 等待 3 秒
2024-02-24 00:20:09 查询号码 【1715274】，返回信息 {"status":"ok","msg":"湖北-武汉","gid":"191523","time_insert":"2021-07-04 16:52"}
2024-02-24 00:20:09 查询号码 【1715274】，GSD为【"湖北-武汉"】

2024-02-24 00:37:20 开始第 5373 次操作

2024-02-24 00:37:20 开始操作号码 【1715275】
2024-02-24 00:37:26 GSD getOne 第 1 次 等待 3 秒
2024-02-24 00:37:29 查询号码 【1715275】，返回信息 {"status":"ok","msg":"湖北-武汉","gid":"191537","time_insert":"2021-07-04 16:53"}
2024-02-24 00:37:29 查询号码 【1715275】，GSD为【"湖北-武汉"】

2024-02-24 00:37:30 开始第 5374 次操作

2024-02-24 00:37:30 开始操作号码 【1715276】
2024-02-24 00:37:35 GSD getOne 第 1 次 等待 3 秒
2024-02-24 00:37:38 查询号码 【1715276】，返回信息 {"status":"ok","msg":"湖北-武汉","gid":"191547","time_insert":"2021-07-04 16:54"}
2024-02-24 00:37:38 查询号码 【1715276】，GSD为【"湖北-武汉"】

2024-02-24 00:37:39 开始第 5375 次操作

2024-02-24 00:37:39 开始操作号码 【1715277】
2024-02-24 00:37:49 GSD getOne 第 1 次 等待 3 秒
2024-02-24 00:37:52 查询号码 【1715277】，返回信息 {"status":"ok","msg":"湖北-武汉","gid":"191556","time_insert":"2021-07-04 16:54"}
2024-02-24 00:37:52 查询号码 【1715277】，GSD为【"湖北-武汉"】

2024-02-24 00:37:53 开始第 5376 次操作

2024-02-24 00:37:53 开始操作号码 【1715278】
2024-02-24 00:37:59 GSD getOne 第 1 次 等待 3 秒
2024-02-24 00:38:02 查询号码 【1715278】，返回信息 {"status":"ok","msg":"湖北-武汉","gid":"191566","time_insert":"2021-07-04 16:56"}
2024-02-24 00:38:02 查询号码 【1715278】，GSD为【"湖北-武汉"】

2024-02-24 01:14:20 开始第 5377 次操作

2024-02-24 01:14:20 开始操作号码 【1715279】
2024-02-24 01:14:25 GSD getOne 第 1 次 等待 3 秒
2024-02-24 01:14:28 查询号码 【1715279】，返回信息 {"status":"ok","msg":"湖北-武汉","gid":"191576","time_insert":"2021-07-04 16:56"}
2024-02-24 01:14:28 查询号码 【1715279】，GSD为【"湖北-武汉"】

2024-02-24 01:14:29 开始第 5378 次操作

2024-02-24 01:14:29 开始操作号码 【1715280】
2024-02-24 01:14:35 GSD getOne 第 1 次 等待 3 秒
2024-02-24 01:14:38 查询号码 【1715280】，返回信息 {"status":"ok","msg":"四川-成都","gid":"191584","time_insert":"2021-07-04 16:57"}
2024-02-24 01:14:38 查询号码 【1715280】，GSD为【"四川-成都"】

2024-02-24 01:14:39 开始第 5379 次操作

2024-02-24 01:14:39 开始操作号码 【1715281】
2024-02-24 01:14:44 GSD getOne 第 1 次 等待 3 秒
2024-02-24 01:14:47 查询号码 【1715281】，返回信息 {"status":"ok","msg":"四川-成都","gid":"191590","time_insert":"2021-07-04 16:58"}
2024-02-24 01:14:47 查询号码 【1715281】，GSD为【"四川-成都"】

2024-02-24 01:14:48 开始第 5380 次操作

2024-02-24 01:14:48 开始操作号码 【1715282】
2024-02-24 01:14:52 GSD getOne 第 1 次 等待 3 秒
2024-02-24 01:14:55 查询号码 【1715282】，返回信息 {"status":"ok","msg":"四川-成都","gid":"28761","time_insert":"2019-11-14 15:15","time_update":"2020-10-27 19:13"}
2024-02-24 01:14:55 查询号码 【1715282】，GSD为【"四川-成都"】

2024-02-24 01:37:34 开始第 5381 次操作

2024-02-24 01:37:34 开始操作号码 【1715283】
2024-02-24 01:37:46 GSD getOne 第 1 次 等待 3 秒
2024-02-24 01:37:49 查询号码 【1715283】，返回信息 {"status":"ok","msg":"四川-成都","gid":"191604","time_insert":"2021-07-04 16:59"}
2024-02-24 01:37:49 查询号码 【1715283】，GSD为【"四川-成都"】

2024-02-24 01:37:50 开始第 5382 次操作

2024-02-24 01:37:50 开始操作号码 【1715284】
2024-02-24 01:37:54 GSD getOne 第 1 次 等待 3 秒
2024-02-24 01:37:57 查询号码 【1715284】，返回信息 {"status":"ok","msg":"四川-成都","gid":"191611","time_insert":"2021-07-04 17:00"}
2024-02-24 01:37:57 查询号码 【1715284】，GSD为【"四川-成都"】

2024-02-24 01:37:58 开始第 5383 次操作

2024-02-24 01:37:58 开始操作号码 【1715285】
2024-02-24 01:38:03 GSD getOne 第 1 次 等待 3 秒
2024-02-24 01:38:06 查询号码 【1715285】，返回信息 {"status":"ok","msg":"四川-成都","gid":"191622","time_insert":"2021-07-04 17:01"}
2024-02-24 01:38:06 查询号码 【1715285】，GSD为【"四川-成都"】

2024-02-24 01:38:07 开始第 5384 次操作

2024-02-24 01:38:07 开始操作号码 【1715286】
2024-02-24 01:38:16 GSD getOne 第 1 次 等待 3 秒
2024-02-24 01:38:19 查询号码 【1715286】，返回信息 {"status":"ok","msg":"四川-成都","gid":"191632","time_insert":"2021-07-04 17:02"}
2024-02-24 01:38:19 查询号码 【1715286】，GSD为【"四川-成都"】

2024-02-24 02:20:29 开始第 5385 次操作

2024-02-24 02:20:29 开始操作号码 【1715287】
2024-02-24 02:20:34 GSD getOne 第 1 次 等待 3 秒
2024-02-24 02:20:37 查询号码 【1715287】，返回信息 {"status":"ok","msg":"四川-成都","gid":"191639","time_insert":"2021-07-04 17:03"}
2024-02-24 02:20:37 查询号码 【1715287】，GSD为【"四川-成都"】

2024-02-24 02:20:38 开始第 5386 次操作

2024-02-24 02:20:38 开始操作号码 【1715288】
2024-02-24 02:20:44 GSD getOne 第 1 次 等待 3 秒
2024-02-24 02:20:47 查询号码 【1715288】，返回信息 {"status":"ok","msg":"四川-成都","gid":"191648","time_insert":"2021-07-04 17:03"}
2024-02-24 02:20:47 查询号码 【1715288】，GSD为【"四川-成都"】

2024-02-24 02:20:48 开始第 5387 次操作

2024-02-24 02:20:48 开始操作号码 【1715289】
2024-02-24 02:20:52 GSD getOne 第 1 次 等待 3 秒
2024-02-24 02:20:55 查询号码 【1715289】，返回信息 {"status":"ok","msg":"四川-成都","gid":"191657","time_insert":"2021-07-04 17:04"}
2024-02-24 02:20:55 查询号码 【1715289】，GSD为【"四川-成都"】

2024-02-24 02:20:56 开始第 5388 次操作

2024-02-24 02:20:56 开始操作号码 【1715290】
2024-02-24 02:21:00 GSD getOne 第 1 次 等待 3 秒
2024-02-24 02:21:03 查询号码 【1715290】，返回信息 {"status":"ok","msg":"江西-赣州","gid":"191668","time_insert":"2021-07-04 17:05"}
2024-02-24 02:21:03 查询号码 【1715290】，GSD为【"江西-赣州"】

2024-02-24 02:37:18 开始第 5389 次操作

2024-02-24 02:37:18 开始操作号码 【1715291】
2024-02-24 02:37:23 GSD getOne 第 1 次 等待 3 秒
2024-02-24 02:37:26 查询号码 【1715291】，返回信息 {"status":"ok","msg":"江西-赣州","gid":"191676","time_insert":"2021-07-04 17:06"}
2024-02-24 02:37:26 查询号码 【1715291】，GSD为【"江西-赣州"】

2024-02-24 02:37:27 开始第 5390 次操作

2024-02-24 02:37:27 开始操作号码 【1715292】
2024-02-24 02:37:32 GSD getOne 第 1 次 等待 3 秒
2024-02-24 02:37:35 查询号码 【1715292】，返回信息 {"status":"ok","msg":"江西-赣州","gid":"191683","time_insert":"2021-07-04 17:07"}
2024-02-24 02:37:35 查询号码 【1715292】，GSD为【"江西-赣州"】

2024-02-24 02:37:36 开始第 5391 次操作

2024-02-24 02:37:36 开始操作号码 【1715293】
2024-02-24 02:37:41 GSD getOne 第 1 次 等待 3 秒
2024-02-24 02:37:44 查询号码 【1715293】，返回信息 {"status":"ok","msg":"江西-九江","gid":"191687","time_insert":"2021-07-04 17:08"}
2024-02-24 02:37:44 查询号码 【1715293】，GSD为【"江西-九江"】

2024-02-24 02:37:45 开始第 5392 次操作

2024-02-24 02:37:45 开始操作号码 【1715294】
2024-02-24 02:37:50 GSD getOne 第 1 次 等待 3 秒
2024-02-24 02:37:53 查询号码 【1715294】，返回信息 {"status":"ok","msg":"江西-南昌","gid":"191774","time_insert":"2021-07-04 17:45"}
2024-02-24 02:37:53 查询号码 【1715294】，GSD为【"江西-南昌"】

2024-02-24 03:14:16 开始第 5393 次操作

2024-02-24 03:14:16 开始操作号码 【1715295】
2024-02-24 03:14:20 GSD getOne 第 1 次 等待 3 秒
2024-02-24 03:14:23 查询号码 【1715295】，返回信息 {"status":"ok","msg":"江西-九江","gid":"191787","time_insert":"2021-07-04 17:46"}
2024-02-24 03:14:23 查询号码 【1715295】，GSD为【"江西-九江"】

2024-02-24 03:14:24 开始第 5394 次操作

2024-02-24 03:14:24 开始操作号码 【1715296】
2024-02-24 03:14:29 GSD getOne 第 1 次 等待 3 秒
2024-02-24 03:14:32 查询号码 【1715296】，返回信息 {"status":"ok","msg":"江西-九江","gid":"191802","time_insert":"2021-07-04 17:47"}
2024-02-24 03:14:32 查询号码 【1715296】，GSD为【"江西-九江"】

2024-02-24 03:14:33 开始第 5395 次操作

2024-02-24 03:14:33 开始操作号码 【1715297】
2024-02-24 03:14:37 GSD getOne 第 1 次 等待 3 秒
2024-02-24 03:14:40 查询号码 【1715297】，返回信息 {"status":"ok","msg":"江西-上饶","gid":"191813","time_insert":"2021-07-04 17:48"}
2024-02-24 03:14:40 查询号码 【1715297】，GSD为【"江西-上饶"】

2024-02-24 03:14:41 开始第 5396 次操作

2024-02-24 03:14:41 开始操作号码 【1715298】
2024-02-24 03:14:46 GSD getOne 第 1 次 等待 3 秒
2024-02-24 03:14:49 查询号码 【1715298】，返回信息 {"status":"ok","msg":"江西-上饶","gid":"191824","time_insert":"2021-07-04 17:49"}
2024-02-24 03:14:49 查询号码 【1715298】，GSD为【"江西-上饶"】

2024-02-24 03:37:12 开始第 5397 次操作

2024-02-24 03:37:12 开始操作号码 【1715299】
2024-02-24 03:37:18 GSD getOne 第 1 次 等待 3 秒
2024-02-24 03:37:21 查询号码 【1715299】，返回信息 {"status":"ok","msg":"江西-南昌","gid":"191837","time_insert":"2021-07-04 17:50"}
2024-02-24 03:37:21 查询号码 【1715299】，GSD为【"江西-南昌"】

2024-02-24 03:37:22 开始第 5398 次操作

2024-02-24 03:37:22 开始操作号码 【1715300】
2024-02-24 03:37:26 GSD getOne 第 1 次 等待 3 秒
2024-02-24 03:37:29 查询号码 【1715300】，返回信息 {"status":"ok","msg":"河北-石家庄","gid":"191846","time_insert":"2021-07-04 17:50"}
2024-02-24 03:37:30 查询号码 【1715300】，GSD为【"河北-石家庄"】

2024-02-24 03:37:31 开始第 5399 次操作

2024-02-24 03:37:31 开始操作号码 【1715301】
2024-02-24 03:37:35 GSD getOne 第 1 次 等待 3 秒
2024-02-24 03:37:38 查询号码 【1715301】，返回信息 {"status":"ok","msg":"河北-石家庄","gid":"191857","time_insert":"2021-07-04 17:51"}
2024-02-24 03:37:38 查询号码 【1715301】，GSD为【"河北-石家庄"】

2024-02-24 03:37:39 开始第 5400 次操作

2024-02-24 03:37:39 开始操作号码 【1715302】
2024-02-24 03:37:44 GSD getOne 第 1 次 等待 3 秒
2024-02-24 03:37:47 查询号码 【1715302】，返回信息 {"status":"ok","msg":"河北-石家庄","gid":"191872","time_insert":"2021-07-04 17:52"}
2024-02-24 03:37:47 查询号码 【1715302】，GSD为【"河北-石家庄"】

2024-02-24 04:17:50 开始第 5401 次操作

2024-02-24 04:17:50 开始操作号码 【1715303】
2024-02-24 04:17:57 GSD getOne 第 1 次 等待 3 秒
2024-02-24 04:18:00 查询号码 【1715303】，返回信息 {"status":"ok","msg":"河北-石家庄","gid":"191881","time_insert":"2021-07-04 17:53"}
2024-02-24 04:18:00 查询号码 【1715303】，GSD为【"河北-石家庄"】

2024-02-24 04:18:01 开始第 5402 次操作

2024-02-24 04:18:01 开始操作号码 【1715304】
2024-02-24 04:18:06 GSD getOne 第 1 次 等待 3 秒
2024-02-24 04:18:09 查询号码 【1715304】，返回信息 {"status":"ok","msg":"河北-唐山","gid":"191898","time_insert":"2021-07-04 17:54"}
2024-02-24 04:18:09 查询号码 【1715304】，GSD为【"河北-唐山"】

2024-02-24 04:18:10 开始第 5403 次操作

2024-02-24 04:18:10 开始操作号码 【1715305】
2024-02-24 04:18:15 GSD getOne 第 1 次 等待 3 秒
2024-02-24 04:18:18 查询号码 【1715305】，返回信息 {"status":"ok","msg":"河北-石家庄","gid":"191911","time_insert":"2021-07-04 17:55"}
2024-02-24 04:18:18 查询号码 【1715305】，GSD为【"河北-石家庄"】

2024-02-24 04:18:19 开始第 5404 次操作

2024-02-24 04:18:19 开始操作号码 【1715306】
2024-02-24 04:18:24 GSD getOne 第 1 次 等待 3 秒
2024-02-24 04:18:27 查询号码 【1715306】，返回信息 {"status":"ok","msg":"河北-石家庄","gid":"191922","time_insert":"2021-07-04 17:55"}
2024-02-24 04:18:27 查询号码 【1715306】，GSD为【"河北-石家庄"】

2024-02-24 04:38:28 开始第 5405 次操作

2024-02-24 04:38:28 开始操作号码 【1715307】
2024-02-24 04:38:32 GSD getOne 第 1 次 等待 3 秒
2024-02-24 04:38:35 查询号码 【1715307】，返回信息 {"status":"ok","msg":"河北-石家庄","gid":"191930","time_insert":"2021-07-04 17:56"}
2024-02-24 04:38:35 查询号码 【1715307】，GSD为【"河北-石家庄"】

2024-02-24 04:38:36 开始第 5406 次操作

2024-02-24 04:38:36 开始操作号码 【1715308】
2024-02-24 04:38:41 GSD getOne 第 1 次 等待 3 秒
2024-02-24 04:38:44 查询号码 【1715308】，返回信息 {"status":"ok","msg":"河北-石家庄","gid":"191940","time_insert":"2021-07-04 17:57"}
2024-02-24 04:38:44 查询号码 【1715308】，GSD为【"河北-石家庄"】

2024-02-24 04:38:45 开始第 5407 次操作

2024-02-24 04:38:45 开始操作号码 【1715309】
2024-02-24 04:38:50 GSD getOne 第 1 次 等待 3 秒
2024-02-24 04:38:53 查询号码 【1715309】，返回信息 {"status":"ok","msg":"河北-石家庄","gid":"191955","time_insert":"2021-07-04 17:58"}
2024-02-24 04:38:53 查询号码 【1715309】，GSD为【"河北-石家庄"】

2024-02-24 04:38:54 开始第 5408 次操作

2024-02-24 04:38:54 开始操作号码 【1715310】
2024-02-24 04:38:59 GSD getOne 第 1 次 等待 3 秒
2024-02-24 04:39:02 查询号码 【1715310】，返回信息 {"status":"ok","msg":"河北-邯郸","gid":"191962","time_insert":"2021-07-04 17:59"}
2024-02-24 04:39:02 查询号码 【1715310】，GSD为【"河北-邯郸"】

2024-02-24 05:13:38 开始第 5409 次操作

2024-02-24 05:13:38 开始操作号码 【1715311】
2024-02-24 05:13:44 GSD getOne 第 1 次 等待 3 秒
2024-02-24 05:13:47 查询号码 【1715311】，返回信息 {"status":"ok","msg":"河北-石家庄","gid":"191970","time_insert":"2021-07-04 18:00"}
2024-02-24 05:13:47 查询号码 【1715311】，GSD为【"河北-石家庄"】

2024-02-24 05:13:48 开始第 5410 次操作

2024-02-24 05:13:48 开始操作号码 【1715312】
2024-02-24 05:13:52 GSD getOne 第 1 次 等待 3 秒
2024-02-24 05:13:55 查询号码 【1715312】，返回信息 {"status":"ok","msg":"河北-保定","gid":"191977","time_insert":"2021-07-04 18:00"}
2024-02-24 05:13:55 查询号码 【1715312】，GSD为【"河北-保定"】

2024-02-24 05:13:56 开始第 5411 次操作

2024-02-24 05:13:56 开始操作号码 【1715313】
2024-02-24 05:14:01 GSD getOne 第 1 次 等待 3 秒
2024-02-24 05:14:04 查询号码 【1715313】，返回信息 {"status":"ok","msg":"河北-张家口","gid":"191986","time_insert":"2021-07-04 18:01"}
2024-02-24 05:14:04 查询号码 【1715313】，GSD为【"河北-张家口"】

2024-02-24 05:14:05 开始第 5412 次操作

2024-02-24 05:14:05 开始操作号码 【1715314】
2024-02-24 05:14:09 GSD getOne 第 1 次 等待 3 秒
2024-02-24 05:14:12 查询号码 【1715314】，返回信息 {"status":"ok","msg":"河北-保定","gid":"191994","time_insert":"2021-07-04 18:02"}
2024-02-24 05:14:12 查询号码 【1715314】，GSD为【"河北-保定"】

2024-02-24 05:37:18 开始第 5413 次操作

2024-02-24 05:37:18 开始操作号码 【1715315】
2024-02-24 05:37:23 GSD getOne 第 1 次 等待 3 秒
2024-02-24 05:37:26 查询号码 【1715315】，返回信息 {"status":"ok","msg":"河北-唐山","gid":"192000","time_insert":"2021-07-04 18:03"}
2024-02-24 05:37:27 查询号码 【1715315】，GSD为【"河北-唐山"】

2024-02-24 05:37:28 开始第 5414 次操作

2024-02-24 05:37:28 开始操作号码 【1715316】
2024-02-24 05:37:32 GSD getOne 第 1 次 等待 3 秒
2024-02-24 05:37:35 查询号码 【1715316】，返回信息 {"status":"ok","msg":"河北-石家庄","gid":"192009","time_insert":"2021-07-04 18:03"}
2024-02-24 05:37:35 查询号码 【1715316】，GSD为【"河北-石家庄"】

2024-02-24 05:37:36 开始第 5415 次操作

2024-02-24 05:37:36 开始操作号码 【1715317】
2024-02-24 05:37:43 GSD getOne 第 1 次 等待 3 秒
2024-02-24 05:37:46 查询号码 【1715317】，返回信息 {"status":"ok","msg":"河北-沧州","gid":"192016","time_insert":"2021-07-04 18:04"}
2024-02-24 05:37:47 查询号码 【1715317】，GSD为【"河北-沧州"】

2024-02-24 05:37:48 开始第 5416 次操作

2024-02-24 05:37:48 开始操作号码 【1715318】
2024-02-24 05:37:52 GSD getOne 第 1 次 等待 3 秒
2024-02-24 05:37:55 查询号码 【1715318】，返回信息 {"status":"ok","msg":"河北-石家庄","gid":"192025","time_insert":"2021-07-04 18:05"}
2024-02-24 05:37:55 查询号码 【1715318】，GSD为【"河北-石家庄"】

2024-02-24 06:14:27 开始第 5417 次操作

2024-02-24 06:14:27 开始操作号码 【1715319】
2024-02-24 06:14:33 GSD getOne 第 1 次 等待 3 秒
2024-02-24 06:14:36 查询号码 【1715319】，返回信息 {"status":"ok","msg":"河北-邢台","gid":"192036","time_insert":"2021-07-04 18:06"}
2024-02-24 06:14:36 查询号码 【1715319】，GSD为【"河北-邢台"】

2024-02-24 06:14:37 开始第 5418 次操作

2024-02-24 06:14:37 开始操作号码 【1715320】
2024-02-24 06:14:42 GSD getOne 第 1 次 等待 3 秒
2024-02-24 06:14:45 查询号码 【1715320】，返回信息 {"status":"ok","msg":"河北-石家庄","gid":"192044","time_insert":"2021-07-04 18:06"}
2024-02-24 06:14:45 查询号码 【1715320】，GSD为【"河北-石家庄"】

2024-02-24 06:14:46 开始第 5419 次操作

2024-02-24 06:14:46 开始操作号码 【1715321】
2024-02-24 06:14:51 GSD getOne 第 1 次 等待 3 秒
2024-02-24 06:14:54 查询号码 【1715321】，返回信息 {"status":"ok","msg":"河北-石家庄","gid":"192055","time_insert":"2021-07-04 18:07"}
2024-02-24 06:14:54 查询号码 【1715321】，GSD为【"河北-石家庄"】

2024-02-24 06:14:55 开始第 5420 次操作

2024-02-24 06:14:55 开始操作号码 【1715322】
2024-02-24 06:15:00 GSD getOne 第 1 次 等待 3 秒
2024-02-24 06:15:03 查询号码 【1715322】，返回信息 {"status":"ok","msg":"河北-石家庄","gid":"192060","time_insert":"2021-07-04 18:08"}
2024-02-24 06:15:03 查询号码 【1715322】，GSD为【"河北-石家庄"】

2024-02-24 06:37:30 开始第 5421 次操作

2024-02-24 06:37:30 开始操作号码 【1715323】
2024-02-24 06:37:35 GSD getOne 第 1 次 等待 3 秒
2024-02-24 06:37:38 查询号码 【1715323】，返回信息 {"status":"ok","msg":"河北-石家庄","gid":"192066","time_insert":"2021-07-04 18:09"}
2024-02-24 06:37:38 查询号码 【1715323】，GSD为【"河北-石家庄"】

2024-02-24 06:37:39 开始第 5422 次操作

2024-02-24 06:37:39 开始操作号码 【1715324】
2024-02-24 06:37:45 GSD getOne 第 1 次 等待 3 秒
2024-02-24 06:37:48 查询号码 【1715324】，返回信息 {"status":"ok","msg":"河北-保定","gid":"192140","time_insert":"2021-07-04 18:44"}
2024-02-24 06:37:48 查询号码 【1715324】，GSD为【"河北-保定"】

2024-02-24 06:37:49 开始第 5423 次操作

2024-02-24 06:37:49 开始操作号码 【1715325】
2024-02-24 06:37:55 GSD getOne 第 1 次 等待 3 秒
2024-02-24 06:37:58 查询号码 【1715325】，返回信息 {"status":"ok","msg":"河北-石家庄","gid":"192152","time_insert":"2021-07-04 18:45"}
2024-02-24 06:37:58 查询号码 【1715325】，GSD为【"河北-石家庄"】

2024-02-24 06:37:59 开始第 5424 次操作

2024-02-24 06:37:59 开始操作号码 【1715326】
2024-02-24 06:38:05 GSD getOne 第 1 次 等待 3 秒
2024-02-24 06:38:08 查询号码 【1715326】，返回信息 {"status":"ok","msg":"河北-唐山","gid":"192165","time_insert":"2021-07-04 18:45"}
2024-02-24 06:38:08 查询号码 【1715326】，GSD为【"河北-唐山"】

2024-02-24 07:14:50 开始第 5425 次操作

2024-02-24 07:14:50 开始操作号码 【1715327】
2024-02-24 07:14:56 GSD getOne 第 1 次 等待 3 秒
2024-02-24 07:14:59 查询号码 【1715327】，返回信息 {"status":"ok","msg":"河北-唐山","gid":"192177","time_insert":"2021-07-04 18:46"}
2024-02-24 07:14:59 查询号码 【1715327】，GSD为【"河北-唐山"】

2024-02-24 07:15:00 开始第 5426 次操作

2024-02-24 07:15:00 开始操作号码 【1715328】
2024-02-24 07:15:04 GSD getOne 第 1 次 等待 3 秒
2024-02-24 07:15:07 查询号码 【1715328】，返回信息 {"status":"ok","msg":"河北-唐山","gid":"192191","time_insert":"2021-07-04 18:47"}
2024-02-24 07:15:07 查询号码 【1715328】，GSD为【"河北-唐山"】

2024-02-24 07:15:08 开始第 5427 次操作

2024-02-24 07:15:08 开始操作号码 【1715329】
2024-02-24 07:15:13 GSD getOne 第 1 次 等待 3 秒
2024-02-24 07:15:16 查询号码 【1715329】，返回信息 {"status":"ok","msg":"河北-唐山","gid":"192204","time_insert":"2021-07-04 18:48"}
2024-02-24 07:15:16 查询号码 【1715329】，GSD为【"河北-唐山"】

2024-02-24 07:15:17 开始第 5428 次操作

2024-02-24 07:15:17 开始操作号码 【1715330】
2024-02-24 07:15:22 GSD getOne 第 1 次 等待 3 秒
2024-02-24 07:15:25 查询号码 【1715330】，返回信息 {"status":"ok","msg":"江苏-苏州","gid":"192219","time_insert":"2021-07-04 18:49"}
2024-02-24 07:15:25 查询号码 【1715330】，GSD为【"江苏-苏州"】

2024-02-24 07:37:18 开始第 5429 次操作

2024-02-24 07:37:18 开始操作号码 【1715331】
2024-02-24 07:37:22 GSD getOne 第 1 次 等待 3 秒
2024-02-24 07:37:25 查询号码 【1715331】，返回信息 {"status":"ok","msg":"江苏-苏州","gid":"28762","time_insert":"2017-05-25 16:37","time_update":"2020-08-25 22:59"}
2024-02-24 07:37:25 查询号码 【1715331】，GSD为【"江苏-苏州"】

2024-02-24 07:37:26 开始第 5430 次操作

2024-02-24 07:37:26 开始操作号码 【1715332】
2024-02-24 07:37:34 GSD getOne 第 1 次 等待 3 秒
2024-02-24 07:37:37 查询号码 【1715332】，返回信息 {"status":"ok","msg":"江苏-苏州","gid":"192238","time_insert":"2021-07-04 18:50"}
2024-02-24 07:37:37 查询号码 【1715332】，GSD为【"江苏-苏州"】

2024-02-24 07:37:38 开始第 5431 次操作

2024-02-24 07:37:38 开始操作号码 【1715333】
2024-02-24 07:37:43 GSD getOne 第 1 次 等待 3 秒
2024-02-24 07:37:46 查询号码 【1715333】，返回信息 {"status":"ok","msg":"江苏-南京","gid":"192248","time_insert":"2021-07-04 18:51"}
2024-02-24 07:37:46 查询号码 【1715333】，GSD为【"江苏-南京"】

2024-02-24 07:37:47 开始第 5432 次操作

2024-02-24 07:37:47 开始操作号码 【1715334】
2024-02-24 07:37:55 GSD getOne 第 1 次 等待 3 秒
2024-02-24 07:37:58 查询号码 【1715334】，返回信息 {"status":"ok","msg":"江苏-南京","gid":"192261","time_insert":"2021-07-04 18:51"}
2024-02-24 07:37:58 查询号码 【1715334】，GSD为【"江苏-南京"】

2024-02-24 09:06:16 开始第 5433 次操作

2024-02-24 09:06:16 开始操作号码 【1715335】
2024-02-24 09:06:22 GSD getOne 第 1 次 等待 3 秒
2024-02-24 09:06:25 查询号码 【1715335】，返回信息 {"status":"ok","msg":"江苏-南京","gid":"192274","time_insert":"2021-07-04 18:52"}
2024-02-24 09:06:25 查询号码 【1715335】，GSD为【"江苏-南京"】

2024-02-24 09:06:26 开始第 5434 次操作

2024-02-24 09:06:26 开始操作号码 【1715336】
2024-02-24 09:06:30 GSD getOne 第 1 次 等待 3 秒
2024-02-24 09:06:33 查询号码 【1715336】，返回信息 {"status":"ok","msg":"江苏-苏州","gid":"192286","time_insert":"2021-07-04 18:53"}
2024-02-24 09:06:33 查询号码 【1715336】，GSD为【"江苏-苏州"】

2024-02-24 09:06:34 开始第 5435 次操作

2024-02-24 09:06:34 开始操作号码 【1715337】
2024-02-24 09:06:39 GSD getOne 第 1 次 等待 3 秒
2024-02-24 09:06:42 查询号码 【1715337】，返回信息 {"status":"ok","msg":"江苏-苏州","gid":"192299","time_insert":"2021-07-04 18:54"}
2024-02-24 09:06:42 查询号码 【1715337】，GSD为【"江苏-苏州"】

2024-02-24 09:06:43 开始第 5436 次操作

2024-02-24 09:06:43 开始操作号码 【1715338】
2024-02-24 09:06:47 GSD getOne 第 1 次 等待 3 秒
2024-02-24 09:06:50 查询号码 【1715338】，返回信息 {"status":"ok","msg":"江苏-苏州","gid":"192306","time_insert":"2021-07-04 18:55"}
2024-02-24 09:06:51 查询号码 【1715338】，GSD为【"江苏-苏州"】

2024-02-24 10:00:40 开始第 5437 次操作

2024-02-24 10:00:40 开始操作号码 【1715339】
2024-02-24 10:00:44 GSD getOne 第 1 次 等待 3 秒
2024-02-24 10:00:47 查询号码 【1715339】，返回信息 {"status":"ok","msg":"江苏-苏州","gid":"192328","time_insert":"2021-07-04 19:00"}
2024-02-24 10:00:47 查询号码 【1715339】，GSD为【"江苏-苏州"】

2024-02-24 10:00:48 开始第 5438 次操作

2024-02-24 10:00:48 开始操作号码 【1715340】
2024-02-24 10:00:54 GSD getOne 第 1 次 等待 3 秒
2024-02-24 10:00:57 查询号码 【1715340】，返回信息 {"status":"ok","msg":"江苏-南京","gid":"192330","time_insert":"2021-07-04 19:01"}
2024-02-24 10:00:57 查询号码 【1715340】，GSD为【"江苏-南京"】

2024-02-24 10:00:58 开始第 5439 次操作

2024-02-24 10:00:58 开始操作号码 【1715341】
2024-02-24 10:01:05 GSD getOne 第 1 次 等待 3 秒
2024-02-24 10:01:08 查询号码 【1715341】，返回信息 {"status":"ok","msg":"江苏-南京","gid":"192334","time_insert":"2021-07-04 19:02"}
2024-02-24 10:01:08 查询号码 【1715341】，GSD为【"江苏-南京"】

2024-02-24 10:01:09 开始第 5440 次操作

2024-02-24 10:01:09 开始操作号码 【1715342】
2024-02-24 10:01:13 GSD getOne 第 1 次 等待 3 秒
2024-02-24 10:01:16 查询号码 【1715342】，返回信息 {"status":"ok","msg":"江苏-苏州","gid":"192336","time_insert":"2021-07-04 19:02"}
2024-02-24 10:01:16 查询号码 【1715342】，GSD为【"江苏-苏州"】

2024-02-24 10:37:13 开始第 5441 次操作

2024-02-24 10:37:13 开始操作号码 【1715343】
2024-02-24 10:37:21 GSD getOne 第 1 次 等待 3 秒
2024-02-24 10:37:24 查询号码 【1715343】，返回信息 {"status":"ok","msg":"江苏-苏州","gid":"192338","time_insert":"2021-07-04 19:03"}
2024-02-24 10:37:24 查询号码 【1715343】，GSD为【"江苏-苏州"】

2024-02-24 10:37:25 开始第 5442 次操作

2024-02-24 10:37:25 开始操作号码 【1715344】
2024-02-24 10:37:32 GSD getOne 第 1 次 等待 3 秒
2024-02-24 10:37:35 查询号码 【1715344】，返回信息 {"status":"ok","msg":"江苏-苏州","gid":"192344","time_insert":"2021-07-04 19:04"}
2024-02-24 10:37:35 查询号码 【1715344】，GSD为【"江苏-苏州"】

2024-02-24 10:37:36 开始第 5443 次操作

2024-02-24 10:37:36 开始操作号码 【1715345】
2024-02-24 10:37:41 GSD getOne 第 1 次 等待 3 秒
2024-02-24 10:37:44 查询号码 【1715345】，返回信息 {"status":"ok","msg":"江苏-苏州","gid":"192347","time_insert":"2021-07-04 19:05"}
2024-02-24 10:37:44 查询号码 【1715345】，GSD为【"江苏-苏州"】

2024-02-24 10:37:45 开始第 5444 次操作

2024-02-24 10:37:45 开始操作号码 【1715346】
2024-02-24 10:37:51 GSD getOne 第 1 次 等待 3 秒
2024-02-24 10:37:54 查询号码 【1715346】，返回信息 {"status":"ok","msg":"江苏-苏州","gid":"192350","time_insert":"2021-07-04 19:05"}
2024-02-24 10:37:54 查询号码 【1715346】，GSD为【"江苏-苏州"】

2024-02-24 11:18:27 开始第 5445 次操作

2024-02-24 11:18:27 开始操作号码 【1715347】
2024-02-24 11:18:31 GSD getOne 第 1 次 等待 3 秒
2024-02-24 11:18:34 查询号码 【1715347】，返回信息 {"status":"ok","msg":"江苏-苏州","gid":"192355","time_insert":"2021-07-04 19:06"}
2024-02-24 11:18:34 查询号码 【1715347】，GSD为【"江苏-苏州"】

2024-02-24 11:18:35 开始第 5446 次操作

2024-02-24 11:18:36 开始操作号码 【1715348】
2024-02-24 11:18:40 GSD getOne 第 1 次 等待 3 秒
2024-02-24 11:18:43 查询号码 【1715348】，返回信息 {"status":"ok","msg":"江苏-苏州","gid":"192362","time_insert":"2021-07-04 19:07"}
2024-02-24 11:18:43 查询号码 【1715348】，GSD为【"江苏-苏州"】

2024-02-24 11:18:44 开始第 5447 次操作

2024-02-24 11:18:44 开始操作号码 【1715349】
2024-02-24 11:18:48 GSD getOne 第 1 次 等待 3 秒
2024-02-24 11:18:51 查询号码 【1715349】，返回信息 {"status":"ok","msg":"江苏-苏州","gid":"192367","time_insert":"2021-07-04 19:08"}
2024-02-24 11:18:51 查询号码 【1715349】，GSD为【"江苏-苏州"】

2024-02-24 11:18:52 开始第 5448 次操作

2024-02-24 11:18:52 开始操作号码 【1715350】
2024-02-24 11:18:57 GSD getOne 第 1 次 等待 3 秒
2024-02-24 11:19:00 查询号码 【1715350】，返回信息 {"status":"ok","msg":"山西-大同","gid":"192374","time_insert":"2021-07-04 19:09"}
2024-02-24 11:19:00 查询号码 【1715350】，GSD为【"山西-大同"】

2024-02-24 11:37:51 开始第 5449 次操作

2024-02-24 11:37:51 开始操作号码 【1715351】
2024-02-24 11:37:56 GSD getOne 第 1 次 等待 3 秒
2024-02-24 11:37:59 查询号码 【1715351】，返回信息 {"status":"ok","msg":"山西-太原","gid":"192383","time_insert":"2021-07-04 19:10"}
2024-02-24 11:37:59 查询号码 【1715351】，GSD为【"山西-太原"】

2024-02-24 11:38:00 开始第 5450 次操作

2024-02-24 11:38:00 开始操作号码 【1715352】
2024-02-24 11:38:06 GSD getOne 第 1 次 等待 3 秒
2024-02-24 11:38:09 查询号码 【1715352】，返回信息 {"status":"ok","msg":"山西-大同","gid":"192389","time_insert":"2021-07-04 19:10"}
2024-02-24 11:38:09 查询号码 【1715352】，GSD为【"山西-大同"】

2024-02-24 11:38:10 开始第 5451 次操作

2024-02-24 11:38:10 开始操作号码 【1715353】
2024-02-24 11:38:15 GSD getOne 第 1 次 等待 3 秒
2024-02-24 11:38:18 查询号码 【1715353】，返回信息 {"status":"ok","msg":"山西-太原","gid":"192395","time_insert":"2021-07-04 19:11"}
2024-02-24 11:38:18 查询号码 【1715353】，GSD为【"山西-太原"】

2024-02-24 11:38:19 开始第 5452 次操作

2024-02-24 11:38:19 开始操作号码 【1715354】
2024-02-24 11:38:24 GSD getOne 第 1 次 等待 3 秒
2024-02-24 11:38:27 查询号码 【1715354】，返回信息 {"status":"ok","msg":"山西-大同","gid":"192403","time_insert":"2021-07-04 19:12"}
2024-02-24 11:38:27 查询号码 【1715354】，GSD为【"山西-大同"】

2024-02-24 12:18:39 开始第 5453 次操作

2024-02-24 12:18:39 开始操作号码 【1715355】
2024-02-24 12:18:46 GSD getOne 第 1 次 等待 3 秒
2024-02-24 12:18:49 查询号码 【1715355】，返回信息 {"status":"ok","msg":"山西-长治","gid":"192496","time_insert":"2021-07-04 19:36"}
2024-02-24 12:18:49 查询号码 【1715355】，GSD为【"山西-长治"】

2024-02-24 12:18:50 开始第 5454 次操作

2024-02-24 12:18:50 开始操作号码 【1715356】
2024-02-24 12:18:55 GSD getOne 第 1 次 等待 3 秒
2024-02-24 12:18:58 查询号码 【1715356】，返回信息 {"status":"ok","msg":"山西-大同","gid":"192504","time_insert":"2021-07-04 19:37"}
2024-02-24 12:18:58 查询号码 【1715356】，GSD为【"山西-大同"】

2024-02-24 12:18:59 开始第 5455 次操作

2024-02-24 12:18:59 开始操作号码 【1715357】
2024-02-24 12:19:04 GSD getOne 第 1 次 等待 3 秒
2024-02-24 12:19:07 查询号码 【1715357】，返回信息 {"status":"ok","msg":"山西-大同","gid":"192513","time_insert":"2021-07-04 19:38"}
2024-02-24 12:19:07 查询号码 【1715357】，GSD为【"山西-大同"】

2024-02-24 12:19:08 开始第 5456 次操作

2024-02-24 12:19:08 开始操作号码 【1715358】
2024-02-24 12:19:12 GSD getOne 第 1 次 等待 3 秒
2024-02-24 12:19:15 查询号码 【1715358】，返回信息 {"status":"ok","msg":"山西-大同","gid":"192522","time_insert":"2021-07-04 19:39"}
2024-02-24 12:19:15 查询号码 【1715358】，GSD为【"山西-大同"】

