2023-11-07 00:22:22 开始第 7141 次操作

2023-11-07 00:22:22 开始操作号码 【1927043】
2023-11-07 00:22:24 GSD getOne 第 1 次 等待 3 秒
2023-11-07 00:22:27 查询号码 【1927043】，返回信息 {"status":"ok","msg":"广东-佛山","gid":"612714","time_insert":"2023-03-25 01:54","time_update":"2023-07-12 04:07"}
2023-11-07 00:22:27 查询号码 【1927043】，GSD为【"广东-佛山"】

2023-11-07 00:22:28 开始第 7142 次操作

2023-11-07 00:22:28 开始操作号码 【1927044】
2023-11-07 00:22:39 GSD getOne 第 1 次 等待 3 秒
2023-11-07 00:22:42 查询号码 【1927044】，返回信息 {"status":"ok","msg":"广东-佛山","gid":"612709","time_insert":"2023-03-25 01:52","time_update":"2023-07-12 04:30"}
2023-11-07 00:22:42 查询号码 【1927044】，GSD为【"广东-佛山"】

2023-11-07 00:22:43 开始第 7143 次操作

2023-11-07 00:22:43 开始操作号码 【1927045】
2023-11-07 00:22:45 GSD getOne 第 1 次 等待 3 秒
2023-11-07 00:22:48 查询号码 【1927045】，返回信息 {"status":"ok","msg":"广东-佛山","gid":"612702","time_insert":"2023-03-25 01:49","time_update":"2023-07-12 04:52"}
2023-11-07 00:22:48 查询号码 【1927045】，GSD为【"广东-佛山"】

2023-11-07 00:22:49 开始第 7144 次操作

2023-11-07 00:22:49 开始操作号码 【1927046】
2023-11-07 00:22:53 GSD getOne 第 1 次 等待 3 秒
2023-11-07 00:22:56 查询号码 【1927046】，返回信息 {"status":"ok","msg":"广东-佛山","gid":"612699","time_insert":"2023-03-25 01:47","time_update":"2023-07-12 05:18"}
2023-11-07 00:22:56 查询号码 【1927046】，GSD为【"广东-佛山"】

2023-11-07 00:41:53 开始第 7145 次操作

2023-11-07 00:41:53 开始操作号码 【1927047】
2023-11-07 00:41:56 GSD getOne 第 1 次 等待 3 秒
2023-11-07 00:41:59 查询号码 【1927047】，返回信息 {"status":"ok","msg":"广东-佛山","gid":"612694","time_insert":"2023-03-25 01:44","time_update":"2023-07-12 05:47"}
2023-11-07 00:41:59 查询号码 【1927047】，GSD为【"广东-佛山"】

2023-11-07 00:42:00 开始第 7146 次操作

2023-11-07 00:42:00 开始操作号码 【1927048】
2023-11-07 00:42:03 GSD getOne 第 1 次 等待 3 秒
2023-11-07 00:42:06 查询号码 【1927048】，返回信息 {"status":"ok","msg":"广东-佛山","gid":"612689","time_insert":"2023-03-25 01:42","time_update":"2023-07-12 06:10"}
2023-11-07 00:42:06 查询号码 【1927048】，GSD为【"广东-佛山"】

2023-11-07 00:42:07 开始第 7147 次操作

2023-11-07 00:42:07 开始操作号码 【1927049】
2023-11-07 00:42:13 GSD getOne 第 1 次 等待 3 秒
2023-11-07 00:42:16 查询号码 【1927049】，返回信息 {"status":"ok","msg":"广东-佛山","gid":"612687","time_insert":"2023-03-25 01:40","time_update":"2023-07-12 06:39"}
2023-11-07 00:42:16 查询号码 【1927049】，GSD为【"广东-佛山"】

2023-11-07 00:42:17 开始第 7148 次操作

2023-11-07 00:42:17 开始操作号码 【1927050】
2023-11-07 00:42:20 GSD getOne 第 1 次 等待 3 秒
2023-11-07 00:42:23 查询号码 【1927050】，返回信息 {"status":"ok","msg":"浙江-衢州","gid":"612683","time_insert":"2023-03-25 01:37","time_update":"2023-07-12 07:09"}
2023-11-07 00:42:23 查询号码 【1927050】，GSD为【"浙江-衢州"】

