2023-11-10 00:21:18 开始第 7669 次操作

2023-11-10 00:21:18 开始操作号码 【1927571】
2023-11-10 00:21:27 GSD getOne 第 1 次 等待 3 秒
2023-11-10 00:21:30 查询号码 【1927571】，返回信息 {"status":"ok","msg":"浙江-杭州","gid":"609806","time_insert":"2023-03-23 17:42","time_update":"2023-07-26 04:10"}
2023-11-10 00:21:30 查询号码 【1927571】，GSD为【"浙江-杭州"】

2023-11-10 00:21:31 开始第 7670 次操作

2023-11-10 00:21:31 开始操作号码 【1927572】
2023-11-10 00:21:35 GSD getOne 第 1 次 等待 3 秒
2023-11-10 00:21:38 查询号码 【1927572】，返回信息 {"status":"ok","msg":"浙江-宁波","gid":"609802","time_insert":"2023-03-23 17:39","time_update":"2023-07-26 04:46"}
2023-11-10 00:21:38 查询号码 【1927572】，GSD为【"浙江-宁波"】

2023-11-10 00:21:39 开始第 7671 次操作

2023-11-10 00:21:39 开始操作号码 【1927573】
2023-11-10 00:21:42 GSD getOne 第 1 次 等待 3 秒
2023-11-10 00:21:45 查询号码 【1927573】，返回信息 {"status":"ok","msg":"浙江-嘉兴","gid":"609797","time_insert":"2023-03-23 17:37","time_update":"2023-07-26 05:20"}
2023-11-10 00:21:45 查询号码 【1927573】，GSD为【"浙江-嘉兴"】

2023-11-10 00:21:46 开始第 7672 次操作

2023-11-10 00:21:46 开始操作号码 【1927574】
2023-11-10 00:21:54 GSD getOne 第 1 次 等待 3 秒
2023-11-10 00:21:57 查询号码 【1927574】，返回信息 {"status":"ok","msg":"浙江-杭州","gid":"609796","time_insert":"2023-03-23 17:36","time_update":"2023-07-26 05:46"}
2023-11-10 00:21:57 查询号码 【1927574】，GSD为【"浙江-杭州"】

