2024-07-06 00:22:11 开始第 4425 次操作

2024-07-06 00:22:11 开始操作号码 【1494315】
2024-07-06 00:22:29 GSD getOne 第 1 次 等待 3 秒
2024-07-06 00:22:32 查询号码 【1494315】，返回信息 {"status":"ok","msg":"-","gid":"302705","time_insert":"2021-07-17 11:54"}
2024-07-06 00:22:32 查询号码 【1494315】，GSD为【"-"】
2024-07-06 00:22:32 ok && -
2024-07-06 00:22:34 CHB 1494315?1720196552 第 1 次 等待 3 秒
2024-07-06 00:22:37 CHB 1494315?1720196552 第 1 次 获取到号码【1494315】GSD
2024-07-06 00:22:37 未获取到号码【1494315】GSD，可能号码格式错误
2024-07-06 00:22:37 获取到号码【1494315】的GSD为【-】
2024-07-06 00:22:45 GSD insert 第 1 次 等待 3 秒
2024-07-06 00:22:49 {"status":"bad","gid":"302705","msg":"添加失败！号码【1494315(-|-)】已存在！"}
2024-07-06 00:22:49 随机等待 163 秒，约 2 分钟
2024-07-06 00:22:49 下次操作: 2024-07-06 00:25:32

2024-07-06 00:25:32 开始第 4426 次操作

2024-07-06 00:25:32 开始操作号码 【1494316】
2024-07-06 00:25:39 GSD getOne 第 1 次 等待 3 秒
2024-07-06 00:25:42 查询号码 【1494316】，返回信息 {"status":"ok","msg":"-","gid":"302720","time_insert":"2021-07-17 11:56"}
2024-07-06 00:25:42 查询号码 【1494316】，GSD为【"-"】
2024-07-06 00:25:42 ok && -
2024-07-06 00:25:45 CHB 1494316?1720196742 第 1 次 等待 3 秒
2024-07-06 00:25:48 CHB 1494316?1720196742 第 1 次 获取到号码【1494316】GSD
2024-07-06 00:25:48 未获取到号码【1494316】GSD，可能号码格式错误
2024-07-06 00:25:48 获取到号码【1494316】的GSD为【-】
2024-07-06 00:25:57 GSD insert 第 1 次 等待 3 秒
2024-07-06 00:26:00 {"status":"bad","gid":"302720","msg":"添加失败！号码【1494316(-|-)】已存在！"}
2024-07-06 00:26:00 随机等待 111 秒，约 1 分钟
2024-07-06 00:26:00 下次操作: 2024-07-06 00:27:51

2024-07-06 00:27:51 开始第 4427 次操作

2024-07-06 00:27:51 开始操作号码 【1494317】
2024-07-06 00:28:03 GSD getOne 第 1 次 等待 3 秒
2024-07-06 00:28:06 查询号码 【1494317】，返回信息 {"status":"ok","msg":"-","gid":"302729","time_insert":"2021-07-17 11:57"}
2024-07-06 00:28:06 查询号码 【1494317】，GSD为【"-"】
2024-07-06 00:28:06 ok && -
2024-07-06 00:28:09 CHB 1494317?1720196886 第 1 次 等待 3 秒
2024-07-06 00:28:12 CHB 1494317?1720196886 第 1 次 获取到号码【1494317】GSD
2024-07-06 00:28:12 未获取到号码【1494317】GSD，可能号码格式错误
2024-07-06 00:28:12 获取到号码【1494317】的GSD为【-】
2024-07-06 00:28:23 GSD insert 第 1 次 等待 3 秒
2024-07-06 00:28:26 {"status":"bad","gid":"302729","msg":"添加失败！号码【1494317(-|-)】已存在！"}
2024-07-06 00:28:26 随机等待 189 秒，约 3 分钟
2024-07-06 00:28:26 下次操作: 2024-07-06 00:31:35

2024-07-06 00:31:35 开始第 4428 次操作

2024-07-06 00:31:35 开始操作号码 【1494318】
2024-07-06 00:31:43 GSD getOne 第 1 次 等待 3 秒
2024-07-06 00:31:46 查询号码 【1494318】，返回信息 {"status":"ok","msg":"-","gid":"302734","time_insert":"2021-07-17 11:57"}
2024-07-06 00:31:46 查询号码 【1494318】，GSD为【"-"】
2024-07-06 00:31:46 ok && -
2024-07-06 00:31:49 CHB 1494318?1720197106 第 1 次 等待 3 秒
2024-07-06 00:31:52 CHB 1494318?1720197106 第 1 次 获取到号码【1494318】GSD
2024-07-06 00:31:52 未获取到号码【1494318】GSD，可能号码格式错误
2024-07-06 00:31:52 获取到号码【1494318】的GSD为【-】
2024-07-06 00:32:00 GSD insert 第 1 次 等待 3 秒
2024-07-06 00:32:03 {"status":"bad","gid":"302734","msg":"添加失败！号码【1494318(-|-)】已存在！"}

