2023-11-18 00:24:44 开始第 9077 次操作

2023-11-18 00:24:44 开始操作号码 【1928979】
2023-11-18 00:24:48 GSD getOne 第 1 次 等待 3 秒
2023-11-18 00:24:51 查询号码 【1928979】，返回信息 {"status":"ok","msg":"-","gid":"601973","time_insert":"2023-03-20 03:35"}
2023-11-18 00:24:51 查询号码 【1928979】，GSD为【"-"】
2023-11-18 00:24:51 ok && -
2023-11-18 00:24:54 CHB 1928979?1700238291 第 1 次 等待 3 秒
2023-11-18 00:24:57 CHB 1928979?1700238291 第 1 次 获取到号码【1928979】GSD
2023-11-18 00:24:57 未获取到号码【1928979】GSD，可能号码格式错误
2023-11-18 00:24:57 获取到号码【1928979】的GSD为【-】
2023-11-18 00:25:03 GSD insert 第 1 次 等待 3 秒
2023-11-18 00:25:06 {"status":"bad","gid":"601973","msg":"添加失败！号码【1928979(-|-)】已存在！"}
2023-11-18 00:25:06 随机等待 208 秒，约 3 分钟
2023-11-18 00:25:06 下次操作: 2023-11-18 00:28:34

2023-11-18 00:28:34 开始第 9078 次操作

2023-11-18 00:28:34 开始操作号码 【1928980】
2023-11-18 00:28:47 GSD getOne 第 1 次 等待 3 秒
2023-11-18 00:28:50 查询号码 【1928980】，返回信息 {"status":"ok","msg":"-","gid":"601969","time_insert":"2023-03-20 03:33"}
2023-11-18 00:28:50 查询号码 【1928980】，GSD为【"-"】
2023-11-18 00:28:50 ok && -
2023-11-18 00:28:52 CHB 1928980?1700238530 第 1 次 等待 3 秒
2023-11-18 00:28:55 CHB 1928980?1700238530 第 1 次 获取到号码【1928980】GSD
2023-11-18 00:28:55 未获取到号码【1928980】GSD，可能号码格式错误
2023-11-18 00:28:55 获取到号码【1928980】的GSD为【-】
2023-11-18 00:28:58 GSD insert 第 1 次 等待 3 秒
2023-11-18 00:29:01 {"status":"bad","gid":"601969","msg":"添加失败！号码【1928980(-|-)】已存在！"}
2023-11-18 00:29:01 随机等待 78 秒，约 1 分钟
2023-11-18 00:29:01 下次操作: 2023-11-18 00:30:19

2023-11-18 00:30:19 开始第 9079 次操作

2023-11-18 00:30:19 开始操作号码 【1928981】
2023-11-18 00:30:23 GSD getOne 第 1 次 等待 3 秒
2023-11-18 00:30:26 查询号码 【1928981】，返回信息 {"status":"ok","msg":"-","gid":"601967","time_insert":"2023-03-20 03:31"}
2023-11-18 00:30:26 查询号码 【1928981】，GSD为【"-"】
2023-11-18 00:30:26 ok && -
2023-11-18 00:30:29 CHB 1928981?1700238626 第 1 次 等待 3 秒
2023-11-18 00:30:32 CHB 1928981?1700238626 第 1 次 获取到号码【1928981】GSD
2023-11-18 00:30:32 未获取到号码【1928981】GSD，可能号码格式错误
2023-11-18 00:30:32 获取到号码【1928981】的GSD为【-】
2023-11-18 00:30:36 GSD insert 第 1 次 等待 3 秒
2023-11-18 00:30:39 {"status":"bad","gid":"601967","msg":"添加失败！号码【1928981(-|-)】已存在！"}
2023-11-18 00:30:39 随机等待 219 秒，约 3 分钟
2023-11-18 00:30:39 下次操作: 2023-11-18 00:34:18

2023-11-18 00:34:18 开始第 9080 次操作

2023-11-18 00:34:18 开始操作号码 【1928982】
2023-11-18 00:34:21 GSD getOne 第 1 次 等待 3 秒
2023-11-18 00:34:24 查询号码 【1928982】，返回信息 {"status":"ok","msg":"-","gid":"601962","time_insert":"2023-03-20 03:29"}
2023-11-18 00:34:24 查询号码 【1928982】，GSD为【"-"】
2023-11-18 00:34:24 ok && -
2023-11-18 00:34:26 CHB 1928982?1700238864 第 1 次 等待 3 秒
2023-11-18 00:34:29 CHB 1928982?1700238864 第 1 次 获取到号码【1928982】GSD
2023-11-18 00:34:29 未获取到号码【1928982】GSD，可能号码格式错误
2023-11-18 00:34:29 获取到号码【1928982】的GSD为【-】
2023-11-18 00:34:32 GSD insert 第 1 次 等待 3 秒
2023-11-18 00:34:35 {"status":"bad","gid":"601962","msg":"添加失败！号码【1928982(-|-)】已存在！"}

