2024-05-11 00:22:18 开始第 8149 次操作

2024-05-11 00:22:18 开始操作号码 【1608049】
2024-05-11 00:22:24 GSD getOne 第 1 次 等待 3 秒
2024-05-11 00:22:27 查询号码 【1608049】，返回信息 {"status":"ok","msg":"-","gid":"689981","time_insert":"2023-05-02 22:51"}
2024-05-11 00:22:27 查询号码 【1608049】，GSD为【"-"】
2024-05-11 00:22:27 ok && -
2024-05-11 00:22:29 CHB 1608049?1715358147 第 1 次 等待 3 秒
2024-05-11 00:22:32 CHB 1608049?1715358147 第 1 次 获取到号码【1608049】GSD
2024-05-11 00:22:32 未获取到号码【1608049】GSD，可能号码格式错误
2024-05-11 00:22:32 获取到号码【1608049】的GSD为【-】
2024-05-11 00:22:37 GSD insert 第 1 次 等待 3 秒
2024-05-11 00:22:40 {"status":"bad","gid":"689981","msg":"添加失败！号码【1608049(-|-)】已存在！"}
2024-05-11 00:22:40 随机等待 100 秒，约 1 分钟
2024-05-11 00:22:40 下次操作: 2024-05-11 00:24:20

2024-05-11 00:24:20 开始第 8150 次操作

2024-05-11 00:24:20 开始操作号码 【1608050】
2024-05-11 00:24:25 GSD getOne 第 1 次 等待 3 秒
2024-05-11 00:24:28 查询号码 【1608050】，返回信息 {"status":"ok","msg":"-","gid":"689996","time_insert":"2023-05-02 23:07"}
2024-05-11 00:24:28 查询号码 【1608050】，GSD为【"-"】
2024-05-11 00:24:28 ok && -
2024-05-11 00:24:31 CHB 1608050?1715358268 第 1 次 等待 3 秒
2024-05-11 00:24:34 CHB 1608050?1715358268 第 1 次 获取到号码【1608050】GSD
2024-05-11 00:24:34 未获取到号码【1608050】GSD，可能号码格式错误
2024-05-11 00:24:34 获取到号码【1608050】的GSD为【-】
2024-05-11 00:24:42 GSD insert 第 1 次 等待 3 秒
2024-05-11 00:24:45 {"status":"bad","gid":"689996","msg":"添加失败！号码【1608050(-|-)】已存在！"}
2024-05-11 00:24:45 随机等待 87 秒，约 1 分钟
2024-05-11 00:24:45 下次操作: 2024-05-11 00:26:12

2024-05-11 00:26:12 开始第 8151 次操作

2024-05-11 00:26:12 开始操作号码 【1608051】
2024-05-11 00:26:25 GSD getOne 第 1 次 等待 3 秒
2024-05-11 00:26:28 查询号码 【1608051】，返回信息 {"status":"ok","msg":"-","gid":"690011","time_insert":"2023-05-02 23:23"}
2024-05-11 00:26:28 查询号码 【1608051】，GSD为【"-"】
2024-05-11 00:26:28 ok && -
2024-05-11 00:26:30 CHB 1608051?1715358388 第 1 次 等待 3 秒
2024-05-11 00:26:33 CHB 1608051?1715358388 第 1 次 获取到号码【1608051】GSD
2024-05-11 00:26:33 未获取到号码【1608051】GSD，可能号码格式错误
2024-05-11 00:26:33 获取到号码【1608051】的GSD为【-】
2024-05-11 00:26:40 GSD insert 第 1 次 等待 3 秒
2024-05-11 00:26:43 {"status":"bad","gid":"690011","msg":"添加失败！号码【1608051(-|-)】已存在！"}
2024-05-11 00:26:43 随机等待 118 秒，约 1 分钟
2024-05-11 00:26:43 下次操作: 2024-05-11 00:28:41

2024-05-11 00:28:41 开始第 8152 次操作

2024-05-11 00:28:41 开始操作号码 【1608052】
2024-05-11 00:28:49 GSD getOne 第 1 次 等待 3 秒
2024-05-11 00:28:52 查询号码 【1608052】，返回信息 {"status":"ok","msg":"-","gid":"690023","time_insert":"2023-05-02 23:37"}
2024-05-11 00:28:52 查询号码 【1608052】，GSD为【"-"】
2024-05-11 00:28:52 ok && -
2024-05-11 00:28:54 CHB 1608052?1715358532 第 1 次 等待 3 秒
2024-05-11 00:28:57 CHB 1608052?1715358532 第 1 次 获取到号码【1608052】GSD
2024-05-11 00:28:57 未获取到号码【1608052】GSD，可能号码格式错误
2024-05-11 00:28:57 获取到号码【1608052】的GSD为【-】
2024-05-11 00:29:07 GSD insert 第 1 次 等待 3 秒
2024-05-11 00:29:10 {"status":"bad","gid":"690023","msg":"添加失败！号码【1608052(-|-)】已存在！"}

2024-05-11 00:39:30 开始第 8153 次操作

2024-05-11 00:39:30 开始操作号码 【1608053】
2024-05-11 00:39:37 GSD getOne 第 1 次 等待 3 秒
2024-05-11 00:39:40 查询号码 【1608053】，返回信息 {"status":"ok","msg":"-","gid":"690039","time_insert":"2023-05-02 23:55"}
2024-05-11 00:39:40 查询号码 【1608053】，GSD为【"-"】
2024-05-11 00:39:40 ok && -
2024-05-11 00:39:43 CHB 1608053?1715359180 第 1 次 等待 3 秒
2024-05-11 00:39:46 CHB 1608053?1715359180 第 1 次 获取到号码【1608053】GSD
2024-05-11 00:39:46 未获取到号码【1608053】GSD，可能号码格式错误
2024-05-11 00:39:46 获取到号码【1608053】的GSD为【-】
2024-05-11 00:39:53 GSD insert 第 1 次 等待 3 秒
2024-05-11 00:39:56 {"status":"bad","gid":"690039","msg":"添加失败！号码【1608053(-|-)】已存在！"}
2024-05-11 00:39:56 随机等待 144 秒，约 2 分钟
2024-05-11 00:39:56 下次操作: 2024-05-11 00:42:20

2024-05-11 00:42:20 开始第 8154 次操作

2024-05-11 00:42:20 开始操作号码 【1608054】
2024-05-11 00:42:27 GSD getOne 第 1 次 等待 3 秒
2024-05-11 00:42:30 查询号码 【1608054】，返回信息 {"status":"ok","msg":"-","gid":"690051","time_insert":"2023-05-03 00:08"}
2024-05-11 00:42:30 查询号码 【1608054】，GSD为【"-"】
2024-05-11 00:42:30 ok && -
2024-05-11 00:42:32 CHB 1608054?1715359350 第 1 次 等待 3 秒
2024-05-11 00:42:35 CHB 1608054?1715359350 第 1 次 获取到号码【1608054】GSD
2024-05-11 00:42:35 未获取到号码【1608054】GSD，可能号码格式错误
2024-05-11 00:42:35 获取到号码【1608054】的GSD为【-】
2024-05-11 00:42:45 GSD insert 第 1 次 等待 3 秒
2024-05-11 00:42:48 {"status":"bad","gid":"690051","msg":"添加失败！号码【1608054(-|-)】已存在！"}
2024-05-11 00:42:48 随机等待 88 秒，约 1 分钟
2024-05-11 00:42:48 下次操作: 2024-05-11 00:44:16

2024-05-11 00:44:16 开始第 8155 次操作

2024-05-11 00:44:16 开始操作号码 【1608055】
2024-05-11 00:44:25 GSD getOne 第 1 次 等待 3 秒
2024-05-11 00:44:28 查询号码 【1608055】，返回信息 {"status":"ok","msg":"-","gid":"690067","time_insert":"2023-05-03 00:27"}
2024-05-11 00:44:28 查询号码 【1608055】，GSD为【"-"】
2024-05-11 00:44:28 ok && -
2024-05-11 00:44:30 CHB 1608055?1715359468 第 1 次 等待 3 秒
2024-05-11 00:44:33 CHB 1608055?1715359468 第 1 次 获取到号码【1608055】GSD
2024-05-11 00:44:33 未获取到号码【1608055】GSD，可能号码格式错误
2024-05-11 00:44:33 获取到号码【1608055】的GSD为【-】
2024-05-11 00:44:42 GSD insert 第 1 次 等待 3 秒
2024-05-11 00:44:45 {"status":"bad","gid":"690067","msg":"添加失败！号码【1608055(-|-)】已存在！"}
2024-05-11 00:44:45 随机等待 112 秒，约 1 分钟
2024-05-11 00:44:45 下次操作: 2024-05-11 00:46:37

2024-05-11 00:46:37 开始第 8156 次操作

2024-05-11 00:46:37 开始操作号码 【1608056】
2024-05-11 00:46:43 GSD getOne 第 1 次 等待 3 秒
2024-05-11 00:46:46 查询号码 【1608056】，返回信息 {"status":"ok","msg":"-","gid":"690086","time_insert":"2023-05-03 00:47"}
2024-05-11 00:46:46 查询号码 【1608056】，GSD为【"-"】
2024-05-11 00:46:46 ok && -
2024-05-11 00:46:48 CHB 1608056?1715359606 第 1 次 等待 3 秒
2024-05-11 00:46:51 CHB 1608056?1715359606 第 1 次 获取到号码【1608056】GSD
2024-05-11 00:46:51 未获取到号码【1608056】GSD，可能号码格式错误
2024-05-11 00:46:51 获取到号码【1608056】的GSD为【-】
2024-05-11 00:47:05 GSD insert 第 1 次 等待 3 秒
2024-05-11 00:47:08 {"status":"bad","gid":"690086","msg":"添加失败！号码【1608056(-|-)】已存在！"}

