2021-07-18 00:00:56 开始第 15 次操作

2021-07-18 00:00:56 开始操作号码 【1657772】
2021-07-18 00:01:11 GSD getOne 第 1 次 等待 3 秒
2021-07-18 00:01:14 查询号码 【1657772】，返回信息 {"status":"bad","msg":""}
2021-07-18 00:01:14 查询号码 【1657772】，GSD为【""】
2021-07-18 00:01:14 bad
2021-07-18 00:01:16 CHB 1657772?1626537674 第 1 次 等待 3 秒
2021-07-18 00:01:19 CHB 1657772?1626537674 第 1 次 获取到号码【1657772】GSD
2021-07-18 00:01:19 获取到号码【1657772】的GSD为【吉林-吉林】
2021-07-18 00:01:38 GSD insert 第 1 次 等待 3 秒
2021-07-18 00:01:41 {"status":"ok","gid":308529,"msg":"添加成功！"}
2021-07-18 00:01:41 下次操作: 2021-07-18 00:01:57

2021-07-18 00:01:57 开始第 16 次操作

2021-07-18 00:01:57 开始操作号码 【1657773】
2021-07-18 00:02:00 GSD getOne 第 1 次 等待 3 秒
2021-07-18 00:02:03 查询号码 【1657773】，返回信息 {"status":"bad","msg":""}
2021-07-18 00:02:03 查询号码 【1657773】，GSD为【""】
2021-07-18 00:02:03 bad
2021-07-18 00:02:04 CHB 1657773?1626537723 第 1 次 等待 3 秒
2021-07-18 00:02:07 CHB 1657773?1626537723 第 1 次 获取到号码【1657773】GSD
2021-07-18 00:02:07 获取到号码【1657773】的GSD为【吉林-长春】
2021-07-18 00:02:25 GSD insert 第 1 次 等待 3 秒
2021-07-18 00:02:28 {"status":"ok","gid":308540,"msg":"添加成功！"}
2021-07-18 00:02:28 下次操作: 2021-07-18 00:02:48

2021-07-18 00:02:48 开始第 17 次操作

2021-07-18 00:02:48 开始操作号码 【1657774】
2021-07-18 00:02:51 GSD getOne 第 1 次 等待 3 秒
2021-07-18 00:02:54 查询号码 【1657774】，返回信息 {"status":"bad","msg":""}
2021-07-18 00:02:54 查询号码 【1657774】，GSD为【""】
2021-07-18 00:02:54 bad
2021-07-18 00:02:55 CHB 1657774?1626537774 第 1 次 等待 3 秒
2021-07-18 00:02:58 CHB 1657774?1626537774 第 1 次 获取到号码【1657774】GSD
2021-07-18 00:02:58 获取到号码【1657774】的GSD为【吉林-长春】
2021-07-18 00:03:19 GSD insert 第 1 次 等待 3 秒
2021-07-18 00:03:22 {"status":"ok","gid":308554,"msg":"添加成功！"}
2021-07-18 00:03:22 下次操作: 2021-07-18 00:03:37

2021-07-18 00:03:37 开始第 18 次操作

2021-07-18 00:03:37 开始操作号码 【1657775】
2021-07-18 00:03:39 GSD getOne 第 1 次 等待 3 秒
2021-07-18 00:03:42 查询号码 【1657775】，返回信息 {"status":"bad","msg":""}
2021-07-18 00:03:43 查询号码 【1657775】，GSD为【""】
2021-07-18 00:03:43 bad
2021-07-18 00:03:44 CHB 1657775?1626537823 第 1 次 等待 3 秒
2021-07-18 00:03:47 CHB 1657775?1626537823 第 1 次 获取到号码【1657775】GSD
2021-07-18 00:03:47 获取到号码【1657775】的GSD为【河北-保定】
2021-07-18 00:04:05 GSD insert 第 1 次 等待 3 秒
2021-07-18 00:04:08 {"status":"ok","gid":308566,"msg":"添加成功！"}
2021-07-18 00:04:08 下次操作: 2021-07-18 00:04:24

2021-07-18 00:04:24 开始第 19 次操作

2021-07-18 00:04:24 开始操作号码 【1657776】
2021-07-18 00:04:27 GSD getOne 第 1 次 等待 3 秒
2021-07-18 00:04:30 查询号码 【1657776】，返回信息 {"status":"bad","msg":""}
2021-07-18 00:04:30 查询号码 【1657776】，GSD为【""】
2021-07-18 00:04:30 bad
2021-07-18 00:04:31 CHB 1657776?1626537870 第 1 次 等待 3 秒
2021-07-18 00:04:34 CHB 1657776?1626537870 第 1 次 获取到号码【1657776】GSD
2021-07-18 00:04:34 未获取到号码【1657776】GSD，可能号码格式错误
2021-07-18 00:04:34 获取到号码【1657776】的GSD为【-】
2021-07-18 00:05:01 GSD insert 第 1 次 等待 3 秒
2021-07-18 00:05:04 {"status":"ok","gid":308584,"msg":"添加成功！"}
2021-07-18 00:05:04 下次操作: 2021-07-18 00:05:25

2021-07-18 00:05:25 开始第 20 次操作

2021-07-18 00:05:25 开始操作号码 【1657777】
2021-07-18 00:05:29 GSD getOne 第 1 次 等待 3 秒
2021-07-18 00:05:32 查询号码 【1657777】，返回信息 {"status":"bad","msg":""}
2021-07-18 00:05:32 查询号码 【1657777】，GSD为【""】
2021-07-18 00:05:32 bad
2021-07-18 00:05:34 CHB 1657777?1626537932 第 1 次 等待 3 秒
2021-07-18 00:05:37 CHB 1657777?1626537932 第 1 次 获取到号码【1657777】GSD
2021-07-18 00:05:37 未获取到号码【1657777】GSD，可能号码格式错误
2021-07-18 00:05:37 获取到号码【1657777】的GSD为【-】
2021-07-18 00:05:55 GSD insert 第 1 次 等待 3 秒
2021-07-18 00:05:58 {"status":"ok","gid":308595,"msg":"添加成功！"}
2021-07-18 00:05:58 下次操作: 2021-07-18 00:06:15

2021-07-18 00:06:15 开始第 21 次操作

2021-07-18 00:06:15 开始操作号码 【1657778】
2021-07-18 00:06:18 GSD getOne 第 1 次 等待 3 秒
2021-07-18 00:06:21 查询号码 【1657778】，返回信息 {"status":"bad","msg":""}
2021-07-18 00:06:21 查询号码 【1657778】，GSD为【""】
2021-07-18 00:06:21 bad
2021-07-18 00:06:24 CHB 1657778?1626537981 第 1 次 等待 3 秒
2021-07-18 00:06:27 CHB 1657778?1626537981 第 1 次 获取到号码【1657778】GSD
2021-07-18 00:06:27 未获取到号码【1657778】GSD，可能号码格式错误
2021-07-18 00:06:27 获取到号码【1657778】的GSD为【-】
2021-07-18 00:06:41 GSD insert 第 1 次 等待 3 秒
2021-07-18 00:06:44 {"status":"ok","gid":308607,"msg":"添加成功！"}
2021-07-18 00:06:44 下次操作: 2021-07-18 00:07:08

2021-07-18 00:07:08 开始第 22 次操作

2021-07-18 00:07:08 开始操作号码 【1657779】
2021-07-18 00:07:11 GSD getOne 第 1 次 等待 3 秒
2021-07-18 00:07:14 查询号码 【1657779】，返回信息 {"status":"bad","msg":""}
2021-07-18 00:07:14 查询号码 【1657779】，GSD为【""】
2021-07-18 00:07:14 bad
2021-07-18 00:07:16 CHB 1657779?1626538034 第 1 次 等待 3 秒
2021-07-18 00:07:19 CHB 1657779?1626538034 第 1 次 获取到号码【1657779】GSD
2021-07-18 00:07:19 未获取到号码【1657779】GSD，可能号码格式错误
2021-07-18 00:07:19 获取到号码【1657779】的GSD为【-】
2021-07-18 00:07:38 GSD insert 第 1 次 等待 3 秒
2021-07-18 00:07:41 {"status":"ok","gid":308620,"msg":"添加成功！"}
2021-07-18 00:07:41 下次操作: 2021-07-18 00:07:55

2021-07-18 00:07:55 开始第 23 次操作

2021-07-18 00:07:55 开始操作号码 【1657780】
2021-07-18 00:08:02 GSD getOne 第 1 次 等待 3 秒
2021-07-18 00:08:05 查询号码 【1657780】，返回信息 {"status":"bad","msg":""}
2021-07-18 00:08:05 查询号码 【1657780】，GSD为【""】
2021-07-18 00:08:05 bad
2021-07-18 00:08:06 CHB 1657780?1626538085 第 1 次 等待 3 秒
2021-07-18 00:08:10 CHB 1657780?1626538085 第 1 次 获取到号码【1657780】GSD
2021-07-18 00:08:10 未获取到号码【1657780】GSD，可能号码格式错误
2021-07-18 00:08:10 获取到号码【1657780】的GSD为【-】
2021-07-18 00:08:40 GSD insert 第 1 次 等待 3 秒
2021-07-18 00:08:43 {"status":"ok","gid":308635,"msg":"添加成功！"}
2021-07-18 00:08:43 下次操作: 2021-07-18 00:09:02

2021-07-18 00:09:02 开始第 24 次操作

2021-07-18 00:09:02 开始操作号码 【1657781】
2021-07-18 00:09:07 GSD getOne 第 1 次 等待 3 秒
2021-07-18 00:09:10 查询号码 【1657781】，返回信息 {"status":"bad","msg":""}
2021-07-18 00:09:10 查询号码 【1657781】，GSD为【""】
2021-07-18 00:09:10 bad
2021-07-18 00:09:11 CHB 1657781?1626538150 第 1 次 等待 3 秒
2021-07-18 00:09:14 CHB 1657781?1626538150 第 1 次 获取到号码【1657781】GSD
2021-07-18 00:09:15 未获取到号码【1657781】GSD，可能号码格式错误
2021-07-18 00:09:15 获取到号码【1657781】的GSD为【-】
2021-07-18 00:09:33 GSD insert 第 1 次 等待 3 秒
2021-07-18 00:09:36 {"status":"ok","gid":308646,"msg":"添加成功！"}
2021-07-18 00:09:36 下次操作: 2021-07-18 00:09:59

2021-07-18 00:09:59 开始第 25 次操作

2021-07-18 00:09:59 开始操作号码 【1657782】
2021-07-18 00:10:21 GSD getOne 第 1 次 等待 3 秒
2021-07-18 00:10:24 查询号码 【1657782】，返回信息 {"status":"bad","msg":""}
2021-07-18 00:10:25 查询号码 【1657782】，GSD为【""】
2021-07-18 00:10:25 bad
2021-07-18 00:10:26 CHB 1657782?1626538225 第 1 次 等待 3 秒
2021-07-18 00:10:29 CHB 1657782?1626538225 第 1 次 获取到号码【1657782】GSD
2021-07-18 00:10:29 未获取到号码【1657782】GSD，可能号码格式错误
2021-07-18 00:10:29 获取到号码【1657782】的GSD为【-】
2021-07-18 00:10:51 GSD insert 第 1 次 等待 3 秒
2021-07-18 00:10:54 {"status":"ok","gid":308663,"msg":"添加成功！"}
2021-07-18 00:10:54 下次操作: 2021-07-18 00:11:09

2021-07-18 00:11:09 开始第 26 次操作

2021-07-18 00:11:09 开始操作号码 【1657783】
2021-07-18 00:11:13 GSD getOne 第 1 次 等待 3 秒
2021-07-18 00:11:16 查询号码 【1657783】，返回信息 {"status":"bad","msg":""}
2021-07-18 00:11:17 查询号码 【1657783】，GSD为【""】
2021-07-18 00:11:17 bad
2021-07-18 00:11:19 CHB 1657783?1626538277 第 1 次 等待 3 秒
2021-07-18 00:11:22 CHB 1657783?1626538277 第 1 次 获取到号码【1657783】GSD
2021-07-18 00:11:22 未获取到号码【1657783】GSD，可能号码格式错误
2021-07-18 00:11:22 获取到号码【1657783】的GSD为【-】
2021-07-18 00:11:33 GSD insert 第 1 次 等待 3 秒
2021-07-18 00:11:36 {"status":"ok","gid":308669,"msg":"添加成功！"}
2021-07-18 00:11:36 下次操作: 2021-07-18 00:11:48

2021-07-18 00:11:48 开始第 27 次操作

2021-07-18 00:11:48 开始操作号码 【1657784】
2021-07-18 00:11:54 GSD getOne 第 1 次 等待 3 秒
2021-07-18 00:11:57 查询号码 【1657784】，返回信息 {"status":"bad","msg":""}
2021-07-18 00:11:57 查询号码 【1657784】，GSD为【""】
2021-07-18 00:11:57 bad
2021-07-18 00:12:02 CHB 1657784?1626538317 第 1 次 等待 3 秒
2021-07-18 00:12:05 CHB 1657784?1626538317 第 1 次 获取到号码【1657784】GSD
2021-07-18 00:12:05 未获取到号码【1657784】GSD，可能号码格式错误
2021-07-18 00:12:05 获取到号码【1657784】的GSD为【-】
2021-07-18 00:12:15 GSD insert 第 1 次 等待 3 秒
2021-07-18 00:12:18 {"status":"ok","gid":308682,"msg":"添加成功！"}
2021-07-18 00:12:18 下次操作: 2021-07-18 00:12:30

2021-07-18 00:12:30 开始第 28 次操作

2021-07-18 00:12:30 开始操作号码 【1657785】
2021-07-18 00:12:40 GSD getOne 第 1 次 等待 3 秒
2021-07-18 00:12:43 查询号码 【1657785】，返回信息 {"status":"bad","msg":""}
2021-07-18 00:12:43 查询号码 【1657785】，GSD为【""】
2021-07-18 00:12:43 bad
2021-07-18 00:12:46 CHB 1657785?1626538363 第 1 次 等待 3 秒
2021-07-18 00:12:49 CHB 1657785?1626538363 第 1 次 获取到号码【1657785】GSD
2021-07-18 00:12:49 未获取到号码【1657785】GSD，可能号码格式错误
2021-07-18 00:12:49 获取到号码【1657785】的GSD为【-】
2021-07-18 00:13:07 GSD insert 第 1 次 等待 3 秒
2021-07-18 00:13:10 {"status":"ok","gid":308689,"msg":"添加成功！"}
2021-07-18 00:13:10 下次操作: 2021-07-18 00:13:29

2021-07-18 00:13:29 开始第 29 次操作

2021-07-18 00:13:29 开始操作号码 【1657786】
2021-07-18 00:13:32 GSD getOne 第 1 次 等待 3 秒
2021-07-18 00:13:35 查询号码 【1657786】，返回信息 {"status":"bad","msg":""}
2021-07-18 00:13:35 查询号码 【1657786】，GSD为【""】
2021-07-18 00:13:35 bad
2021-07-18 00:13:36 CHB 1657786?1626538415 第 1 次 等待 3 秒
2021-07-18 00:13:39 CHB 1657786?1626538415 第 1 次 获取到号码【1657786】GSD
2021-07-18 00:13:39 未获取到号码【1657786】GSD，可能号码格式错误
2021-07-18 00:13:39 获取到号码【1657786】的GSD为【-】
2021-07-18 00:14:00 GSD insert 第 1 次 等待 3 秒
2021-07-18 00:14:03 {"status":"ok","gid":308697,"msg":"添加成功！"}
2021-07-18 00:14:03 下次操作: 2021-07-18 00:14:15

2021-07-18 00:14:15 开始第 30 次操作

2021-07-18 00:14:15 开始操作号码 【1657787】
2021-07-18 00:14:18 GSD getOne 第 1 次 等待 3 秒
2021-07-18 00:14:21 查询号码 【1657787】，返回信息 {"status":"bad","msg":""}
2021-07-18 00:14:22 查询号码 【1657787】，GSD为【""】
2021-07-18 00:14:22 bad
2021-07-18 00:14:23 CHB 1657787?1626538462 第 1 次 等待 3 秒
2021-07-18 00:14:26 CHB 1657787?1626538462 第 1 次 获取到号码【1657787】GSD
2021-07-18 00:14:26 获取到号码【1657787】的GSD为【山东-临沂】
2021-07-18 00:14:44 GSD insert 第 1 次 等待 3 秒
2021-07-18 00:14:47 {"status":"ok","gid":308706,"msg":"添加成功！"}
2021-07-18 00:14:47 下次操作: 2021-07-18 00:14:59

2021-07-18 00:14:59 开始第 31 次操作

2021-07-18 00:14:59 开始操作号码 【1657788】
2021-07-18 00:15:05 GSD getOne 第 1 次 等待 3 秒
2021-07-18 00:15:08 查询号码 【1657788】，返回信息 {"status":"bad","msg":""}
2021-07-18 00:15:08 查询号码 【1657788】，GSD为【""】
2021-07-18 00:15:08 bad
2021-07-18 00:15:10 CHB 1657788?1626538508 第 1 次 等待 3 秒
2021-07-18 00:15:13 CHB 1657788?1626538508 第 1 次 获取到号码【1657788】GSD
2021-07-18 00:15:13 未获取到号码【1657788】GSD，可能号码格式错误
2021-07-18 00:15:13 获取到号码【1657788】的GSD为【-】
2021-07-18 00:15:31 GSD insert 第 1 次 等待 3 秒
2021-07-18 00:15:34 {"status":"ok","gid":308711,"msg":"添加成功！"}
2021-07-18 00:15:34 下次操作: 2021-07-18 00:15:55

2021-07-18 00:15:55 开始第 32 次操作

2021-07-18 00:15:55 开始操作号码 【1657789】
2021-07-18 00:15:57 GSD getOne 第 1 次 等待 3 秒
2021-07-18 00:16:00 查询号码 【1657789】，返回信息 {"status":"bad","msg":""}
2021-07-18 00:16:00 查询号码 【1657789】，GSD为【""】
2021-07-18 00:16:00 bad
2021-07-18 00:16:02 CHB 1657789?1626538560 第 1 次 等待 3 秒
2021-07-18 00:16:05 CHB 1657789?1626538560 第 1 次 获取到号码【1657789】GSD
2021-07-18 00:16:05 获取到号码【1657789】的GSD为【黑龙江-哈尔滨】
2021-07-18 00:16:23 GSD insert 第 1 次 等待 3 秒
2021-07-18 00:16:26 {"status":"ok","gid":308713,"msg":"添加成功！"}
2021-07-18 00:16:26 下次操作: 2021-07-18 00:16:43

2021-07-18 00:16:43 开始第 33 次操作

2021-07-18 00:16:43 开始操作号码 【1657790】
2021-07-18 00:16:46 GSD getOne 第 1 次 等待 3 秒
2021-07-18 00:16:49 查询号码 【1657790】，返回信息 {"status":"bad","msg":""}
2021-07-18 00:16:49 查询号码 【1657790】，GSD为【""】
2021-07-18 00:16:49 bad
2021-07-18 00:16:50 CHB 1657790?1626538609 第 1 次 等待 3 秒
2021-07-18 00:16:53 CHB 1657790?1626538609 第 1 次 获取到号码【1657790】GSD
2021-07-18 00:16:53 未获取到号码【1657790】GSD，可能号码格式错误
2021-07-18 00:16:53 获取到号码【1657790】的GSD为【-】
2021-07-18 00:17:16 GSD insert 第 1 次 等待 3 秒
2021-07-18 00:17:19 {"status":"ok","gid":308719,"msg":"添加成功！"}
2021-07-18 00:17:19 下次操作: 2021-07-18 00:17:41

2021-07-18 00:17:41 开始第 34 次操作

2021-07-18 00:17:41 开始操作号码 【1657791】
2021-07-18 00:17:44 GSD getOne 第 1 次 等待 3 秒
2021-07-18 00:17:47 查询号码 【1657791】，返回信息 {"status":"bad","msg":""}
2021-07-18 00:17:47 查询号码 【1657791】，GSD为【""】
2021-07-18 00:17:47 bad
2021-07-18 00:17:49 CHB 1657791?1626538667 第 1 次 等待 3 秒
2021-07-18 00:17:52 CHB 1657791?1626538667 第 1 次 获取到号码【1657791】GSD
2021-07-18 00:17:52 未获取到号码【1657791】GSD，可能号码格式错误
2021-07-18 00:17:52 获取到号码【1657791】的GSD为【-】
2021-07-18 00:18:19 GSD insert 第 1 次 等待 3 秒
2021-07-18 00:18:22 {"status":"ok","gid":308725,"msg":"添加成功！"}
2021-07-18 00:18:22 下次操作: 2021-07-18 00:18:39

2021-07-18 00:18:39 开始第 35 次操作

2021-07-18 00:18:39 开始操作号码 【1657792】
2021-07-18 00:18:43 GSD getOne 第 1 次 等待 3 秒
2021-07-18 00:18:46 查询号码 【1657792】，返回信息 {"status":"bad","msg":""}
2021-07-18 00:18:46 查询号码 【1657792】，GSD为【""】
2021-07-18 00:18:46 bad
2021-07-18 00:18:48 CHB 1657792?1626538726 第 1 次 等待 3 秒
2021-07-18 00:18:51 CHB 1657792?1626538726 第 1 次 获取到号码【1657792】GSD
2021-07-18 00:18:51 未获取到号码【1657792】GSD，可能号码格式错误
2021-07-18 00:18:51 获取到号码【1657792】的GSD为【-】
2021-07-18 00:19:09 GSD insert 第 1 次 等待 3 秒
2021-07-18 00:19:12 {"status":"ok","gid":308728,"msg":"添加成功！"}
2021-07-18 00:19:12 下次操作: 2021-07-18 00:19:33

2021-07-18 00:19:33 开始第 36 次操作

2021-07-18 00:19:33 开始操作号码 【1657793】
2021-07-18 00:19:36 GSD getOne 第 1 次 等待 3 秒
2021-07-18 00:19:39 查询号码 【1657793】，返回信息 {"status":"bad","msg":""}
2021-07-18 00:19:39 查询号码 【1657793】，GSD为【""】
2021-07-18 00:19:39 bad
2021-07-18 00:19:40 CHB 1657793?1626538779 第 1 次 等待 3 秒
2021-07-18 00:19:43 CHB 1657793?1626538779 第 1 次 获取到号码【1657793】GSD
2021-07-18 00:19:43 未获取到号码【1657793】GSD，可能号码格式错误
2021-07-18 00:19:43 获取到号码【1657793】的GSD为【-】
2021-07-18 00:20:01 GSD insert 第 1 次 等待 3 秒
2021-07-18 00:20:04 {"status":"ok","gid":308731,"msg":"添加成功！"}
2021-07-18 00:20:04 下次操作: 2021-07-18 00:20:24

2021-07-18 00:20:24 开始第 37 次操作

2021-07-18 00:20:24 开始操作号码 【1657794】
2021-07-18 00:20:27 GSD getOne 第 1 次 等待 3 秒
2021-07-18 00:20:30 查询号码 【1657794】，返回信息 {"status":"bad","msg":""}
2021-07-18 00:20:30 查询号码 【1657794】，GSD为【""】
2021-07-18 00:20:30 bad
2021-07-18 00:20:32 CHB 1657794?1626538830 第 1 次 等待 3 秒
2021-07-18 00:20:35 CHB 1657794?1626538830 第 1 次 获取到号码【1657794】GSD
2021-07-18 00:20:35 未获取到号码【1657794】GSD，可能号码格式错误
2021-07-18 00:20:35 获取到号码【1657794】的GSD为【-】
2021-07-18 00:20:55 GSD insert 第 1 次 等待 3 秒
2021-07-18 00:20:58 {"status":"ok","gid":308734,"msg":"添加成功！"}
2021-07-18 00:20:58 下次操作: 2021-07-18 00:21:13

2021-07-18 00:21:13 开始第 38 次操作

2021-07-18 00:21:13 开始操作号码 【1657795】
2021-07-18 00:21:15 GSD getOne 第 1 次 等待 3 秒
2021-07-18 00:21:18 查询号码 【1657795】，返回信息 {"status":"bad","msg":""}
2021-07-18 00:21:18 查询号码 【1657795】，GSD为【""】
2021-07-18 00:21:18 bad
2021-07-18 00:21:20 CHB 1657795?1626538878 第 1 次 等待 3 秒
2021-07-18 00:21:23 CHB 1657795?1626538878 第 1 次 获取到号码【1657795】GSD
2021-07-18 00:21:23 未获取到号码【1657795】GSD，可能号码格式错误
2021-07-18 00:21:23 获取到号码【1657795】的GSD为【-】
2021-07-18 00:21:41 GSD insert 第 1 次 等待 3 秒
2021-07-18 00:21:44 {"status":"ok","gid":308736,"msg":"添加成功！"}
2021-07-18 00:21:44 下次操作: 2021-07-18 00:22:04

2021-07-18 00:22:04 开始第 39 次操作

2021-07-18 00:22:04 开始操作号码 【1657796】
2021-07-18 00:22:24 GSD getOne 第 1 次 等待 3 秒
2021-07-18 00:22:27 查询号码 【1657796】，返回信息 {"status":"bad","msg":""}
2021-07-18 00:22:27 查询号码 【1657796】，GSD为【""】
2021-07-18 00:22:27 bad
2021-07-18 00:22:29 CHB 1657796?1626538947 第 1 次 等待 3 秒
2021-07-18 00:22:32 CHB 1657796?1626538947 第 1 次 获取到号码【1657796】GSD
2021-07-18 00:22:32 未获取到号码【1657796】GSD，可能号码格式错误
2021-07-18 00:22:32 获取到号码【1657796】的GSD为【-】
2021-07-18 00:22:53 GSD insert 第 1 次 等待 3 秒
2021-07-18 00:22:56 {"status":"ok","gid":308738,"msg":"添加成功！"}
2021-07-18 00:22:56 下次操作: 2021-07-18 00:23:09

2021-07-18 00:23:09 开始第 40 次操作

2021-07-18 00:23:09 开始操作号码 【1657797】
2021-07-18 00:23:18 GSD getOne 第 1 次 等待 3 秒
2021-07-18 00:23:21 查询号码 【1657797】，返回信息 {"status":"bad","msg":""}
2021-07-18 00:23:21 查询号码 【1657797】，GSD为【""】
2021-07-18 00:23:21 bad
2021-07-18 00:23:23 CHB 1657797?1626539001 第 1 次 等待 3 秒
2021-07-18 00:23:26 CHB 1657797?1626539001 第 1 次 获取到号码【1657797】GSD
2021-07-18 00:23:26 未获取到号码【1657797】GSD，可能号码格式错误
2021-07-18 00:23:26 获取到号码【1657797】的GSD为【-】
2021-07-18 00:23:45 GSD insert 第 1 次 等待 3 秒
2021-07-18 00:23:48 {"status":"ok","gid":308741,"msg":"添加成功！"}

2021-07-18 01:02:05 开始第 1 次操作

2021-07-18 01:02:05 开始操作号码 【1657798】
2021-07-18 01:02:10 GSD getOne 第 1 次 等待 3 秒
2021-07-18 01:02:13 查询号码 【1657798】，返回信息 {"status":"bad","msg":""}
2021-07-18 01:02:13 查询号码 【1657798】，GSD为【""】
2021-07-18 01:02:13 bad
2021-07-18 01:02:14 CHB 1657798?1626541333 第 1 次 等待 3 秒
2021-07-18 01:02:17 CHB 1657798?1626541333 第 1 次 获取到号码【1657798】GSD
2021-07-18 01:02:17 未获取到号码【1657798】GSD，可能号码格式错误
2021-07-18 01:02:17 获取到号码【1657798】的GSD为【-】
2021-07-18 01:02:26 GSD insert 第 1 次 等待 3 秒
2021-07-18 01:02:29 {"status":"ok","gid":308843,"msg":"添加成功！"}
2021-07-18 01:02:29 下次操作: 2021-07-18 01:02:43

2021-07-18 01:02:43 开始第 2 次操作

2021-07-18 01:02:43 开始操作号码 【1657799】
2021-07-18 01:02:51 GSD getOne 第 1 次 等待 3 秒
2021-07-18 01:02:54 查询号码 【1657799】，返回信息 {"status":"bad","msg":""}
2021-07-18 01:02:54 查询号码 【1657799】，GSD为【""】
2021-07-18 01:02:54 bad
2021-07-18 01:02:55 CHB 1657799?1626541374 第 1 次 等待 3 秒
2021-07-18 01:02:58 CHB 1657799?1626541374 第 1 次 获取到号码【1657799】GSD
2021-07-18 01:02:59 未获取到号码【1657799】GSD，可能号码格式错误
2021-07-18 01:02:59 获取到号码【1657799】的GSD为【-】
2021-07-18 01:03:09 GSD insert 第 1 次 等待 3 秒
2021-07-18 01:03:12 {"status":"ok","gid":308855,"msg":"添加成功！"}
2021-07-18 01:03:12 下次操作: 2021-07-18 01:03:29

2021-07-18 01:03:29 开始第 3 次操作

2021-07-18 01:03:29 开始操作号码 【1657800】
2021-07-18 01:03:33 GSD getOne 第 1 次 等待 3 秒
2021-07-18 01:03:36 查询号码 【1657800】，返回信息 {"status":"bad","msg":""}
2021-07-18 01:03:36 查询号码 【1657800】，GSD为【""】
2021-07-18 01:03:36 bad
2021-07-18 01:03:38 CHB 1657800?1626541416 第 1 次 等待 3 秒
2021-07-18 01:03:41 CHB 1657800?1626541416 第 1 次 获取到号码【1657800】GSD
2021-07-18 01:03:41 未获取到号码【1657800】GSD，可能号码格式错误
2021-07-18 01:03:41 获取到号码【1657800】的GSD为【-】
2021-07-18 01:03:44 GSD insert 第 1 次 等待 3 秒
2021-07-18 01:03:47 {"status":"ok","gid":308864,"msg":"添加成功！"}
2021-07-18 01:03:47 下次操作: 2021-07-18 01:04:04

2021-07-18 01:04:04 开始第 4 次操作

2021-07-18 01:04:04 开始操作号码 【1657801】
2021-07-18 01:04:12 GSD getOne 第 1 次 等待 3 秒
2021-07-18 01:04:15 查询号码 【1657801】，返回信息 {"status":"bad","msg":""}
2021-07-18 01:04:15 查询号码 【1657801】，GSD为【""】
2021-07-18 01:04:15 bad
2021-07-18 01:04:17 CHB 1657801?1626541455 第 1 次 等待 3 秒
2021-07-18 01:04:20 CHB 1657801?1626541455 第 1 次 获取到号码【1657801】GSD
2021-07-18 01:04:20 获取到号码【1657801】的GSD为【河南-郑州】
2021-07-18 01:04:25 GSD insert 第 1 次 等待 3 秒
2021-07-18 01:04:28 {"status":"ok","gid":308876,"msg":"添加成功！"}
2021-07-18 01:04:28 下次操作: 2021-07-18 01:04:41

2021-07-18 01:04:41 开始第 5 次操作

2021-07-18 01:04:41 开始操作号码 【1657802】
2021-07-18 01:04:47 GSD getOne 第 1 次 等待 3 秒
2021-07-18 01:04:50 查询号码 【1657802】，返回信息 {"status":"bad","msg":""}
2021-07-18 01:04:50 查询号码 【1657802】，GSD为【""】
2021-07-18 01:04:50 bad
2021-07-18 01:04:52 CHB 1657802?1626541490 第 1 次 等待 3 秒
2021-07-18 01:04:55 CHB 1657802?1626541490 第 1 次 获取到号码【1657802】GSD
2021-07-18 01:04:55 获取到号码【1657802】的GSD为【河南-安阳】
2021-07-18 01:04:58 GSD insert 第 1 次 等待 3 秒
2021-07-18 01:05:01 {"status":"ok","gid":308882,"msg":"添加成功！"}
2021-07-18 01:05:01 下次操作: 2021-07-18 01:05:20

2021-07-18 01:05:20 开始第 6 次操作

2021-07-18 01:05:20 开始操作号码 【1657803】
2021-07-18 01:05:24 GSD getOne 第 1 次 等待 3 秒
2021-07-18 01:05:27 查询号码 【1657803】，返回信息 {"status":"bad","msg":""}
2021-07-18 01:05:27 查询号码 【1657803】，GSD为【""】
2021-07-18 01:05:27 bad
2021-07-18 01:05:29 CHB 1657803?1626541527 第 1 次 等待 3 秒
2021-07-18 01:05:32 CHB 1657803?1626541527 第 1 次 获取到号码【1657803】GSD
2021-07-18 01:05:32 获取到号码【1657803】的GSD为【河南-濮阳】
2021-07-18 01:05:36 GSD insert 第 1 次 等待 3 秒
2021-07-18 01:05:39 {"status":"ok","gid":308893,"msg":"添加成功！"}
2021-07-18 01:05:39 下次操作: 2021-07-18 01:05:53

2021-07-18 01:05:53 开始第 7 次操作

2021-07-18 01:05:53 开始操作号码 【1657804】
2021-07-18 01:05:56 GSD getOne 第 1 次 等待 3 秒
2021-07-18 01:05:59 查询号码 【1657804】，返回信息 {"status":"bad","msg":""}
2021-07-18 01:05:59 查询号码 【1657804】，GSD为【""】
2021-07-18 01:05:59 bad
2021-07-18 01:06:01 CHB 1657804?1626541559 第 1 次 等待 3 秒
2021-07-18 01:06:04 CHB 1657804?1626541559 第 1 次 获取到号码【1657804】GSD
2021-07-18 01:06:04 未获取到号码【1657804】GSD，可能号码格式错误
2021-07-18 01:06:04 获取到号码【1657804】的GSD为【-】
2021-07-18 01:06:08 GSD insert 第 1 次 等待 3 秒
2021-07-18 01:06:11 {"status":"ok","gid":308904,"msg":"添加成功！"}
2021-07-18 01:06:11 下次操作: 2021-07-18 01:06:31

2021-07-18 01:06:31 开始第 8 次操作

2021-07-18 01:06:31 开始操作号码 【1657805】
2021-07-18 01:06:35 GSD getOne 第 1 次 等待 3 秒
2021-07-18 01:06:38 查询号码 【1657805】，返回信息 {"status":"bad","msg":""}
2021-07-18 01:06:38 查询号码 【1657805】，GSD为【""】
2021-07-18 01:06:38 bad
2021-07-18 01:06:40 CHB 1657805?1626541598 第 1 次 等待 3 秒
2021-07-18 01:06:43 CHB 1657805?1626541598 第 1 次 获取到号码【1657805】GSD
2021-07-18 01:06:43 获取到号码【1657805】的GSD为【辽宁-鞍山】
2021-07-18 01:06:46 GSD insert 第 1 次 等待 3 秒
2021-07-18 01:06:49 {"status":"ok","gid":308913,"msg":"添加成功！"}
2021-07-18 01:06:49 下次操作: 2021-07-18 01:07:11

2021-07-18 01:07:11 开始第 9 次操作

2021-07-18 01:07:11 开始操作号码 【1657806】
2021-07-18 01:07:14 GSD getOne 第 1 次 等待 3 秒
2021-07-18 01:07:17 查询号码 【1657806】，返回信息 {"status":"bad","msg":""}
2021-07-18 01:07:17 查询号码 【1657806】，GSD为【""】
2021-07-18 01:07:17 bad
2021-07-18 01:07:19 CHB 1657806?1626541637 第 1 次 等待 3 秒
2021-07-18 01:07:22 CHB 1657806?1626541637 第 1 次 获取到号码【1657806】GSD
2021-07-18 01:07:22 获取到号码【1657806】的GSD为【山东-菏泽】
2021-07-18 01:07:26 GSD insert 第 1 次 等待 3 秒
2021-07-18 01:07:29 {"status":"ok","gid":308922,"msg":"添加成功！"}
2021-07-18 01:07:29 下次操作: 2021-07-18 01:07:47

2021-07-18 01:07:47 开始第 10 次操作

2021-07-18 01:07:47 开始操作号码 【1657807】
2021-07-18 01:07:52 GSD getOne 第 1 次 等待 3 秒
2021-07-18 01:07:55 查询号码 【1657807】，返回信息 {"status":"bad","msg":""}
2021-07-18 01:07:55 查询号码 【1657807】，GSD为【""】
2021-07-18 01:07:55 bad
2021-07-18 01:07:57 CHB 1657807?1626541675 第 1 次 等待 3 秒
2021-07-18 01:08:00 CHB 1657807?1626541675 第 1 次 获取到号码【1657807】GSD
2021-07-18 01:08:00 获取到号码【1657807】的GSD为【辽宁-丹东】
2021-07-18 01:08:03 GSD insert 第 1 次 等待 3 秒
2021-07-18 01:08:06 {"status":"ok","gid":308930,"msg":"添加成功！"}
2021-07-18 01:08:06 下次操作: 2021-07-18 01:08:27

2021-07-18 01:08:27 开始第 11 次操作

2021-07-18 01:08:27 开始操作号码 【1657808】
2021-07-18 01:08:30 GSD getOne 第 1 次 等待 3 秒
2021-07-18 01:08:33 查询号码 【1657808】，返回信息 {"status":"bad","msg":""}
2021-07-18 01:08:33 查询号码 【1657808】，GSD为【""】
2021-07-18 01:08:33 bad
2021-07-18 01:08:35 CHB 1657808?1626541713 第 1 次 等待 3 秒
2021-07-18 01:08:38 CHB 1657808?1626541713 第 1 次 获取到号码【1657808】GSD
2021-07-18 01:08:38 未获取到号码【1657808】GSD，可能号码格式错误
2021-07-18 01:08:38 获取到号码【1657808】的GSD为【-】
2021-07-18 01:08:42 GSD insert 第 1 次 等待 3 秒
2021-07-18 01:08:45 {"status":"ok","gid":308939,"msg":"添加成功！"}
2021-07-18 01:08:45 下次操作: 2021-07-18 01:09:00

2021-07-18 01:09:00 开始第 12 次操作

2021-07-18 01:09:00 开始操作号码 【1657809】
2021-07-18 01:09:04 GSD getOne 第 1 次 等待 3 秒
2021-07-18 01:09:07 查询号码 【1657809】，返回信息 {"status":"bad","msg":""}
2021-07-18 01:09:07 查询号码 【1657809】，GSD为【""】
2021-07-18 01:09:07 bad
2021-07-18 01:09:09 CHB 1657809?1626541747 第 1 次 等待 3 秒
2021-07-18 01:09:12 CHB 1657809?1626541747 第 1 次 获取到号码【1657809】GSD
2021-07-18 01:09:12 未获取到号码【1657809】GSD，可能号码格式错误
2021-07-18 01:09:12 获取到号码【1657809】的GSD为【-】
2021-07-18 01:09:15 GSD insert 第 1 次 等待 3 秒
2021-07-18 01:09:18 {"status":"ok","gid":308949,"msg":"添加成功！"}
2021-07-18 01:09:18 下次操作: 2021-07-18 01:09:37

2021-07-18 01:09:37 开始第 13 次操作

2021-07-18 01:09:37 开始操作号码 【1657810】
2021-07-18 01:09:39 GSD getOne 第 1 次 等待 3 秒
2021-07-18 01:09:43 查询号码 【1657810】，返回信息 {"status":"bad","msg":""}
2021-07-18 01:09:43 查询号码 【1657810】，GSD为【""】
2021-07-18 01:09:43 bad
2021-07-18 01:09:44 CHB 1657810?1626541783 第 1 次 等待 3 秒
2021-07-18 01:09:47 CHB 1657810?1626541783 第 1 次 获取到号码【1657810】GSD
2021-07-18 01:09:47 获取到号码【1657810】的GSD为【辽宁-铁岭】
2021-07-18 01:09:52 GSD insert 第 1 次 等待 3 秒
2021-07-18 01:09:55 {"status":"ok","gid":308957,"msg":"添加成功！"}
2021-07-18 01:09:55 下次操作: 2021-07-18 01:10:18

2021-07-18 01:10:18 开始第 14 次操作

2021-07-18 01:10:18 开始操作号码 【1657811】
2021-07-18 01:10:23 GSD getOne 第 1 次 等待 3 秒
2021-07-18 01:10:26 查询号码 【1657811】，返回信息 {"status":"bad","msg":""}
2021-07-18 01:10:26 查询号码 【1657811】，GSD为【""】
2021-07-18 01:10:26 bad
2021-07-18 01:10:28 CHB 1657811?1626541826 第 1 次 等待 3 秒
2021-07-18 01:10:31 CHB 1657811?1626541826 第 1 次 获取到号码【1657811】GSD
2021-07-18 01:10:31 未获取到号码【1657811】GSD，可能号码格式错误
2021-07-18 01:10:31 获取到号码【1657811】的GSD为【-】
2021-07-18 01:10:35 GSD insert 第 1 次 等待 3 秒
2021-07-18 01:10:38 {"status":"ok","gid":308967,"msg":"添加成功！"}
2021-07-18 01:10:38 下次操作: 2021-07-18 01:10:58

2021-07-18 01:10:58 开始第 15 次操作

2021-07-18 01:10:58 开始操作号码 【1657812】
2021-07-18 01:11:01 GSD getOne 第 1 次 等待 3 秒
2021-07-18 01:11:04 查询号码 【1657812】，返回信息 {"status":"bad","msg":""}
2021-07-18 01:11:04 查询号码 【1657812】，GSD为【""】
2021-07-18 01:11:04 bad
2021-07-18 01:11:06 CHB 1657812?1626541864 第 1 次 等待 3 秒
2021-07-18 01:11:09 CHB 1657812?1626541864 第 1 次 获取到号码【1657812】GSD
2021-07-18 01:11:09 获取到号码【1657812】的GSD为【山东-滨州】
2021-07-18 01:11:12 GSD insert 第 1 次 等待 3 秒
2021-07-18 01:11:15 {"status":"ok","gid":308975,"msg":"添加成功！"}
2021-07-18 01:11:15 下次操作: 2021-07-18 01:11:27

2021-07-18 01:11:27 开始第 16 次操作

2021-07-18 01:11:27 开始操作号码 【1657813】
2021-07-18 01:11:33 GSD getOne 第 1 次 等待 3 秒
2021-07-18 01:11:36 查询号码 【1657813】，返回信息 {"status":"bad","msg":""}
2021-07-18 01:11:37 查询号码 【1657813】，GSD为【""】
2021-07-18 01:11:37 bad
2021-07-18 01:11:38 CHB 1657813?1626541897 第 1 次 等待 3 秒
2021-07-18 01:11:41 CHB 1657813?1626541897 第 1 次 获取到号码【1657813】GSD
2021-07-18 01:11:41 获取到号码【1657813】的GSD为【山东-德州】
2021-07-18 01:11:47 GSD insert 第 1 次 等待 3 秒
2021-07-18 01:11:50 {"status":"ok","gid":308983,"msg":"添加成功！"}
2021-07-18 01:11:50 下次操作: 2021-07-18 01:12:07

2021-07-18 01:12:07 开始第 17 次操作

2021-07-18 01:12:07 开始操作号码 【1657814】
2021-07-18 01:12:10 GSD getOne 第 1 次 等待 3 秒
2021-07-18 01:12:13 查询号码 【1657814】，返回信息 {"status":"bad","msg":""}
2021-07-18 01:12:13 查询号码 【1657814】，GSD为【""】
2021-07-18 01:12:13 bad
2021-07-18 01:12:14 CHB 1657814?1626541933 第 1 次 等待 3 秒
2021-07-18 01:12:17 CHB 1657814?1626541933 第 1 次 获取到号码【1657814】GSD
2021-07-18 01:12:17 未获取到号码【1657814】GSD，可能号码格式错误
2021-07-18 01:12:17 获取到号码【1657814】的GSD为【-】
2021-07-18 01:12:20 GSD insert 第 1 次 等待 3 秒
2021-07-18 01:12:23 {"status":"ok","gid":308993,"msg":"添加成功！"}
2021-07-18 01:12:23 下次操作: 2021-07-18 01:12:45

2021-07-18 01:12:45 开始第 18 次操作

2021-07-18 01:12:45 开始操作号码 【1657815】
2021-07-18 01:12:50 GSD getOne 第 1 次 等待 3 秒
2021-07-18 01:12:53 查询号码 【1657815】，返回信息 {"status":"bad","msg":""}
2021-07-18 01:12:53 查询号码 【1657815】，GSD为【""】
2021-07-18 01:12:53 bad
2021-07-18 01:12:55 CHB 1657815?1626541973 第 1 次 等待 3 秒
2021-07-18 01:12:58 CHB 1657815?1626541973 第 1 次 获取到号码【1657815】GSD
2021-07-18 01:12:58 获取到号码【1657815】的GSD为【河北-唐山】
2021-07-18 01:13:03 GSD insert 第 1 次 等待 3 秒
2021-07-18 01:13:06 {"status":"ok","gid":309001,"msg":"添加成功！"}
2021-07-18 01:13:06 下次操作: 2021-07-18 01:13:23

2021-07-18 01:13:23 开始第 19 次操作

2021-07-18 01:13:23 开始操作号码 【1657816】
2021-07-18 01:13:28 GSD getOne 第 1 次 等待 3 秒
2021-07-18 01:13:31 查询号码 【1657816】，返回信息 {"status":"bad","msg":""}
2021-07-18 01:13:31 查询号码 【1657816】，GSD为【""】
2021-07-18 01:13:31 bad
2021-07-18 01:13:32 CHB 1657816?1626542011 第 1 次 等待 3 秒
2021-07-18 01:13:35 CHB 1657816?1626542011 第 1 次 获取到号码【1657816】GSD
2021-07-18 01:13:35 获取到号码【1657816】的GSD为【黑龙江-哈尔滨】
2021-07-18 01:13:39 GSD insert 第 1 次 等待 3 秒
2021-07-18 01:13:42 {"status":"ok","gid":309010,"msg":"添加成功！"}
2021-07-18 01:13:42 下次操作: 2021-07-18 01:14:05

2021-07-18 01:14:05 开始第 20 次操作

2021-07-18 01:14:05 开始操作号码 【1657817】
2021-07-18 01:14:11 GSD getOne 第 1 次 等待 3 秒
2021-07-18 01:14:14 查询号码 【1657817】，返回信息 {"status":"bad","msg":""}
2021-07-18 01:14:14 查询号码 【1657817】，GSD为【""】
2021-07-18 01:14:14 bad
2021-07-18 01:14:16 CHB 1657817?1626542054 第 1 次 等待 3 秒
2021-07-18 01:14:19 CHB 1657817?1626542054 第 1 次 获取到号码【1657817】GSD
2021-07-18 01:14:19 未获取到号码【1657817】GSD，可能号码格式错误
2021-07-18 01:14:19 获取到号码【1657817】的GSD为【-】
2021-07-18 01:14:22 GSD insert 第 1 次 等待 3 秒
2021-07-18 01:14:25 {"status":"ok","gid":309018,"msg":"添加成功！"}
2021-07-18 01:14:25 下次操作: 2021-07-18 01:14:47

2021-07-18 01:14:47 开始第 21 次操作

2021-07-18 01:14:47 开始操作号码 【1657818】
2021-07-18 01:14:51 GSD getOne 第 1 次 等待 3 秒
2021-07-18 01:14:54 查询号码 【1657818】，返回信息 {"status":"bad","msg":""}
2021-07-18 01:14:54 查询号码 【1657818】，GSD为【""】
2021-07-18 01:14:54 bad
2021-07-18 01:14:56 CHB 1657818?1626542094 第 1 次 等待 3 秒
2021-07-18 01:14:59 CHB 1657818?1626542094 第 1 次 获取到号码【1657818】GSD
2021-07-18 01:14:59 未获取到号码【1657818】GSD，可能号码格式错误
2021-07-18 01:14:59 获取到号码【1657818】的GSD为【-】
2021-07-18 01:15:04 GSD insert 第 1 次 等待 3 秒
2021-07-18 01:15:07 {"status":"ok","gid":309027,"msg":"添加成功！"}
2021-07-18 01:15:07 下次操作: 2021-07-18 01:15:25

2021-07-18 01:15:25 开始第 22 次操作

2021-07-18 01:15:25 开始操作号码 【1657819】
2021-07-18 01:15:29 GSD getOne 第 1 次 等待 3 秒
2021-07-18 01:15:32 查询号码 【1657819】，返回信息 {"status":"bad","msg":""}
2021-07-18 01:15:33 查询号码 【1657819】，GSD为【""】
2021-07-18 01:15:33 bad
2021-07-18 01:15:34 CHB 1657819?1626542133 第 1 次 等待 3 秒
2021-07-18 01:15:37 CHB 1657819?1626542133 第 1 次 获取到号码【1657819】GSD
2021-07-18 01:15:37 获取到号码【1657819】的GSD为【河南-郑州】
2021-07-18 01:15:45 GSD insert 第 1 次 等待 3 秒
2021-07-18 01:15:48 {"status":"ok","gid":309034,"msg":"添加成功！"}
2021-07-18 01:15:48 下次操作: 2021-07-18 01:16:01

2021-07-18 01:16:01 开始第 23 次操作

2021-07-18 01:16:01 开始操作号码 【1657820】
2021-07-18 01:16:05 GSD getOne 第 1 次 等待 3 秒
2021-07-18 01:16:08 查询号码 【1657820】，返回信息 {"status":"bad","msg":""}
2021-07-18 01:16:08 查询号码 【1657820】，GSD为【""】
2021-07-18 01:16:08 bad
2021-07-18 01:16:09 CHB 1657820?1626542168 第 1 次 等待 3 秒
2021-07-18 01:16:12 CHB 1657820?1626542168 第 1 次 获取到号码【1657820】GSD
2021-07-18 01:16:12 获取到号码【1657820】的GSD为【河北-邯郸】
2021-07-18 01:16:17 GSD insert 第 1 次 等待 3 秒
2021-07-18 01:16:20 {"status":"ok","gid":309044,"msg":"添加成功！"}
2021-07-18 01:16:20 下次操作: 2021-07-18 01:16:44

2021-07-18 01:16:44 开始第 24 次操作

2021-07-18 01:16:44 开始操作号码 【1657821】
2021-07-18 01:16:48 GSD getOne 第 1 次 等待 3 秒
2021-07-18 01:16:51 查询号码 【1657821】，返回信息 {"status":"bad","msg":""}
2021-07-18 01:16:51 查询号码 【1657821】，GSD为【""】
2021-07-18 01:16:51 bad
2021-07-18 01:16:53 CHB 1657821?1626542211 第 1 次 等待 3 秒
2021-07-18 01:16:56 CHB 1657821?1626542211 第 1 次 获取到号码【1657821】GSD
2021-07-18 01:16:56 获取到号码【1657821】的GSD为【河北-保定】
2021-07-18 01:17:03 GSD insert 第 1 次 等待 3 秒
2021-07-18 01:17:06 {"status":"ok","gid":309055,"msg":"添加成功！"}
2021-07-18 01:17:06 下次操作: 2021-07-18 01:17:28

2021-07-18 01:17:28 开始第 25 次操作

2021-07-18 01:17:28 开始操作号码 【1657822】
2021-07-18 01:17:31 GSD getOne 第 1 次 等待 3 秒
2021-07-18 01:17:34 查询号码 【1657822】，返回信息 {"status":"bad","msg":""}
2021-07-18 01:17:34 查询号码 【1657822】，GSD为【""】
2021-07-18 01:17:34 bad
2021-07-18 01:17:36 CHB 1657822?1626542254 第 1 次 等待 3 秒
2021-07-18 01:17:39 CHB 1657822?1626542254 第 1 次 获取到号码【1657822】GSD
2021-07-18 01:17:39 获取到号码【1657822】的GSD为【吉林-长春】
2021-07-18 01:17:42 GSD insert 第 1 次 等待 3 秒
2021-07-18 01:17:45 {"status":"ok","gid":309063,"msg":"添加成功！"}
2021-07-18 01:17:45 下次操作: 2021-07-18 01:17:58

2021-07-18 01:17:58 开始第 26 次操作

2021-07-18 01:17:58 开始操作号码 【1657823】
2021-07-18 01:18:03 GSD getOne 第 1 次 等待 3 秒
2021-07-18 01:18:06 查询号码 【1657823】，返回信息 {"status":"bad","msg":""}
2021-07-18 01:18:06 查询号码 【1657823】，GSD为【""】
2021-07-18 01:18:06 bad
2021-07-18 01:18:08 CHB 1657823?1626542286 第 1 次 等待 3 秒
2021-07-18 01:18:11 CHB 1657823?1626542286 第 1 次 获取到号码【1657823】GSD
2021-07-18 01:18:11 获取到号码【1657823】的GSD为【河北-廊坊】
2021-07-18 01:18:23 GSD insert 第 1 次 等待 3 秒
2021-07-18 01:18:26 {"status":"ok","gid":309073,"msg":"添加成功！"}
2021-07-18 01:18:26 下次操作: 2021-07-18 01:18:47

2021-07-18 01:18:47 开始第 27 次操作

2021-07-18 01:18:47 开始操作号码 【1657824】
2021-07-18 01:18:52 GSD getOne 第 1 次 等待 3 秒
2021-07-18 01:18:55 查询号码 【1657824】，返回信息 {"status":"bad","msg":""}
2021-07-18 01:18:56 查询号码 【1657824】，GSD为【""】
2021-07-18 01:18:56 bad
2021-07-18 01:18:57 CHB 1657824?1626542336 第 1 次 等待 3 秒
2021-07-18 01:19:00 CHB 1657824?1626542336 第 1 次 获取到号码【1657824】GSD
2021-07-18 01:19:00 未获取到号码【1657824】GSD，查号吧 400 错误
2021-07-18 01:19:00 获取到号码【1657824】的GSD为【-】
2021-07-18 01:19:03 GSD insert 第 1 次 等待 3 秒
2021-07-18 01:19:06 {"status":"ok","gid":309081,"msg":"添加成功！"}
2021-07-18 01:19:06 下次操作: 2021-07-18 01:19:19

2021-07-18 01:19:19 开始第 28 次操作

2021-07-18 01:19:19 开始操作号码 【1657825】
2021-07-18 01:19:23 GSD getOne 第 1 次 等待 3 秒
2021-07-18 01:19:26 查询号码 【1657825】，返回信息 {"status":"bad","msg":""}
2021-07-18 01:19:26 查询号码 【1657825】，GSD为【""】
2021-07-18 01:19:26 bad
2021-07-18 01:19:28 CHB 1657825?1626542366 第 1 次 等待 3 秒
2021-07-18 01:19:31 CHB 1657825?1626542366 第 1 次 获取到号码【1657825】GSD
2021-07-18 01:19:31 获取到号码【1657825】的GSD为【辽宁-锦州】
2021-07-18 01:19:35 GSD insert 第 1 次 等待 3 秒
2021-07-18 01:19:38 {"status":"ok","gid":309090,"msg":"添加成功！"}
2021-07-18 01:19:38 下次操作: 2021-07-18 01:19:54

2021-07-18 01:19:54 开始第 29 次操作

2021-07-18 01:19:54 开始操作号码 【1657826】
2021-07-18 01:19:57 GSD getOne 第 1 次 等待 3 秒
2021-07-18 01:20:00 查询号码 【1657826】，返回信息 {"status":"bad","msg":""}
2021-07-18 01:20:00 查询号码 【1657826】，GSD为【""】
2021-07-18 01:20:00 bad
2021-07-18 01:20:01 CHB 1657826?1626542400 第 1 次 等待 3 秒
2021-07-18 01:20:04 CHB 1657826?1626542400 第 1 次 获取到号码【1657826】GSD
2021-07-18 01:20:04 未获取到号码【1657826】GSD，可能号码格式错误
2021-07-18 01:20:04 获取到号码【1657826】的GSD为【-】
2021-07-18 01:20:08 GSD insert 第 1 次 等待 3 秒
2021-07-18 01:20:11 {"status":"ok","gid":309100,"msg":"添加成功！"}
2021-07-18 01:20:11 下次操作: 2021-07-18 01:20:23

2021-07-18 01:20:23 开始第 30 次操作

2021-07-18 01:20:23 开始操作号码 【1657827】
2021-07-18 01:20:26 GSD getOne 第 1 次 等待 3 秒
2021-07-18 01:20:29 查询号码 【1657827】，返回信息 {"status":"bad","msg":""}
2021-07-18 01:20:29 查询号码 【1657827】，GSD为【""】
2021-07-18 01:20:29 bad
2021-07-18 01:20:31 CHB 1657827?1626542429 第 1 次 等待 3 秒
2021-07-18 01:20:34 CHB 1657827?1626542429 第 1 次 获取到号码【1657827】GSD
2021-07-18 01:20:34 未获取到号码【1657827】GSD，可能号码格式错误
2021-07-18 01:20:34 获取到号码【1657827】的GSD为【-】
2021-07-18 01:20:38 GSD insert 第 1 次 等待 3 秒
2021-07-18 01:20:41 {"status":"ok","gid":309108,"msg":"添加成功！"}
2021-07-18 01:20:41 下次操作: 2021-07-18 01:20:54

2021-07-18 01:20:54 开始第 31 次操作

2021-07-18 01:20:54 开始操作号码 【1657828】
2021-07-18 01:21:00 GSD getOne 第 1 次 等待 3 秒
2021-07-18 01:21:03 查询号码 【1657828】，返回信息 {"status":"bad","msg":""}
2021-07-18 01:21:03 查询号码 【1657828】，GSD为【""】
2021-07-18 01:21:03 bad
2021-07-18 01:21:05 CHB 1657828?1626542463 第 1 次 等待 3 秒
2021-07-18 01:21:08 CHB 1657828?1626542463 第 1 次 获取到号码【1657828】GSD
2021-07-18 01:21:08 获取到号码【1657828】的GSD为【河北-衡水】
2021-07-18 01:21:14 GSD insert 第 1 次 等待 3 秒
2021-07-18 01:21:17 {"status":"ok","gid":309116,"msg":"添加成功！"}
2021-07-18 01:21:17 下次操作: 2021-07-18 01:21:36

2021-07-18 01:21:36 开始第 32 次操作

2021-07-18 01:21:36 开始操作号码 【1657829】
2021-07-18 01:21:39 GSD getOne 第 1 次 等待 3 秒
2021-07-18 01:21:42 查询号码 【1657829】，返回信息 {"status":"bad","msg":""}
2021-07-18 01:21:42 查询号码 【1657829】，GSD为【""】
2021-07-18 01:21:42 bad
2021-07-18 01:21:44 CHB 1657829?1626542502 第 1 次 等待 3 秒
2021-07-18 01:21:47 CHB 1657829?1626542502 第 1 次 获取到号码【1657829】GSD
2021-07-18 01:21:47 获取到号码【1657829】的GSD为【河北-沧州】
2021-07-18 01:21:50 GSD insert 第 1 次 等待 3 秒
2021-07-18 01:21:53 {"status":"ok","gid":309125,"msg":"添加成功！"}
2021-07-18 01:21:53 下次操作: 2021-07-18 01:22:10

2021-07-18 01:22:10 开始第 33 次操作

2021-07-18 01:22:10 开始操作号码 【1657830】
2021-07-18 01:22:16 GSD getOne 第 1 次 等待 3 秒
2021-07-18 01:22:19 查询号码 【1657830】，返回信息 {"status":"bad","msg":""}
2021-07-18 01:22:19 查询号码 【1657830】，GSD为【""】
2021-07-18 01:22:19 bad
2021-07-18 01:22:21 CHB 1657830?1626542539 第 1 次 等待 3 秒
2021-07-18 01:22:24 CHB 1657830?1626542539 第 1 次 获取到号码【1657830】GSD
2021-07-18 01:22:24 获取到号码【1657830】的GSD为【辽宁-沈阳】
2021-07-18 01:22:29 GSD insert 第 1 次 等待 3 秒
2021-07-18 01:22:32 {"status":"ok","gid":309133,"msg":"添加成功！"}
2021-07-18 01:22:32 下次操作: 2021-07-18 01:22:55

2021-07-18 01:22:55 开始第 34 次操作

2021-07-18 01:22:55 开始操作号码 【1657831】
2021-07-18 01:23:02 GSD getOne 第 1 次 等待 3 秒
2021-07-18 01:23:05 查询号码 【1657831】，返回信息 {"status":"bad","msg":""}
2021-07-18 01:23:05 查询号码 【1657831】，GSD为【""】
2021-07-18 01:23:05 bad
2021-07-18 01:23:07 CHB 1657831?1626542585 第 1 次 等待 3 秒
2021-07-18 01:23:10 CHB 1657831?1626542585 第 1 次 获取到号码【1657831】GSD
2021-07-18 01:23:10 获取到号码【1657831】的GSD为【山东-潍坊】
2021-07-18 01:23:19 GSD insert 第 1 次 等待 3 秒
2021-07-18 01:23:22 {"status":"ok","gid":309146,"msg":"添加成功！"}
2021-07-18 01:23:22 下次操作: 2021-07-18 01:23:45

2021-07-18 01:23:45 开始第 35 次操作

2021-07-18 01:23:45 开始操作号码 【1657832】
2021-07-18 01:23:48 GSD getOne 第 1 次 等待 3 秒
2021-07-18 01:23:51 查询号码 【1657832】，返回信息 {"status":"bad","msg":""}
2021-07-18 01:23:51 查询号码 【1657832】，GSD为【""】
2021-07-18 01:23:51 bad
2021-07-18 01:23:53 CHB 1657832?1626542631 第 1 次 等待 3 秒
2021-07-18 01:23:56 CHB 1657832?1626542631 第 1 次 获取到号码【1657832】GSD
2021-07-18 01:23:56 获取到号码【1657832】的GSD为【山东-菏泽】
2021-07-18 01:24:02 GSD insert 第 1 次 等待 3 秒
2021-07-18 01:24:05 {"status":"ok","gid":309154,"msg":"添加成功！"}
2021-07-18 01:24:05 下次操作: 2021-07-18 01:24:27

2021-07-18 01:24:27 开始第 36 次操作

2021-07-18 01:24:27 开始操作号码 【1657833】
2021-07-18 01:24:30 GSD getOne 第 1 次 等待 3 秒
2021-07-18 01:24:33 查询号码 【1657833】，返回信息 {"status":"bad","msg":""}
2021-07-18 01:24:33 查询号码 【1657833】，GSD为【""】
2021-07-18 01:24:33 bad
2021-07-18 01:24:35 CHB 1657833?1626542673 第 1 次 等待 3 秒
2021-07-18 01:24:38 CHB 1657833?1626542673 第 1 次 获取到号码【1657833】GSD
2021-07-18 01:24:38 未获取到号码【1657833】GSD，可能号码格式错误
2021-07-18 01:24:38 获取到号码【1657833】的GSD为【-】
2021-07-18 01:24:41 GSD insert 第 1 次 等待 3 秒
2021-07-18 01:24:44 {"status":"ok","gid":309160,"msg":"添加成功！"}
2021-07-18 01:24:44 下次操作: 2021-07-18 01:25:00

2021-07-18 01:25:00 开始第 37 次操作

2021-07-18 01:25:00 开始操作号码 【1657834】
2021-07-18 01:25:03 GSD getOne 第 1 次 等待 3 秒
2021-07-18 01:25:06 查询号码 【1657834】，返回信息 {"status":"bad","msg":""}
2021-07-18 01:25:06 查询号码 【1657834】，GSD为【""】
2021-07-18 01:25:06 bad
2021-07-18 01:25:08 CHB 1657834?1626542706 第 1 次 等待 3 秒
2021-07-18 01:25:11 CHB 1657834?1626542706 第 1 次 获取到号码【1657834】GSD
2021-07-18 01:25:11 未获取到号码【1657834】GSD，可能号码格式错误
2021-07-18 01:25:11 获取到号码【1657834】的GSD为【-】
2021-07-18 01:25:17 GSD insert 第 1 次 等待 3 秒
2021-07-18 01:25:20 {"status":"ok","gid":309169,"msg":"添加成功！"}
2021-07-18 01:25:20 下次操作: 2021-07-18 01:25:39

2021-07-18 01:25:39 开始第 38 次操作

2021-07-18 01:25:39 开始操作号码 【1657835】
2021-07-18 01:25:46 GSD getOne 第 1 次 等待 3 秒
2021-07-18 01:25:49 查询号码 【1657835】，返回信息 {"status":"bad","msg":""}
2021-07-18 01:25:49 查询号码 【1657835】，GSD为【""】
2021-07-18 01:25:49 bad
2021-07-18 01:25:51 CHB 1657835?1626542749 第 1 次 等待 3 秒
2021-07-18 01:25:54 CHB 1657835?1626542749 第 1 次 获取到号码【1657835】GSD
2021-07-18 01:25:54 获取到号码【1657835】的GSD为【辽宁-铁岭】
2021-07-18 01:25:58 GSD insert 第 1 次 等待 3 秒
2021-07-18 01:26:01 {"status":"ok","gid":309176,"msg":"添加成功！"}
2021-07-18 01:26:01 下次操作: 2021-07-18 01:26:22

2021-07-18 01:26:22 开始第 39 次操作

2021-07-18 01:26:22 开始操作号码 【1657836】
2021-07-18 01:26:25 GSD getOne 第 1 次 等待 3 秒
2021-07-18 01:26:28 查询号码 【1657836】，返回信息 {"status":"bad","msg":""}
2021-07-18 01:26:28 查询号码 【1657836】，GSD为【""】
2021-07-18 01:26:28 bad
2021-07-18 01:26:30 CHB 1657836?1626542788 第 1 次 等待 3 秒
2021-07-18 01:26:33 CHB 1657836?1626542788 第 1 次 获取到号码【1657836】GSD
2021-07-18 01:26:33 获取到号码【1657836】的GSD为【辽宁-沈阳】
2021-07-18 01:26:36 GSD insert 第 1 次 等待 3 秒
2021-07-18 01:26:39 {"status":"ok","gid":309181,"msg":"添加成功！"}
2021-07-18 01:26:39 下次操作: 2021-07-18 01:26:52

2021-07-18 01:26:52 开始第 40 次操作

2021-07-18 01:26:52 开始操作号码 【1657837】
2021-07-18 01:26:54 GSD getOne 第 1 次 等待 3 秒
2021-07-18 01:26:57 查询号码 【1657837】，返回信息 {"status":"bad","msg":""}
2021-07-18 01:26:58 查询号码 【1657837】，GSD为【""】
2021-07-18 01:26:58 bad
2021-07-18 01:26:59 CHB 1657837?1626542818 第 1 次 等待 3 秒
2021-07-18 01:27:02 CHB 1657837?1626542818 第 1 次 获取到号码【1657837】GSD
2021-07-18 01:27:02 获取到号码【1657837】的GSD为【辽宁-沈阳】
2021-07-18 01:27:05 GSD insert 第 1 次 等待 3 秒
2021-07-18 01:27:08 {"status":"ok","gid":309188,"msg":"添加成功！"}

