2024-01-08 00:19:47 开始第 7481 次操作

2024-01-08 00:19:47 开始操作号码 【1827383】
2024-01-08 00:19:50 GSD getOne 第 1 次 等待 3 秒
2024-01-08 00:19:53 查询号码 【1827383】，返回信息 {"status":"ok","msg":"湖南-娄底","gid":"408948","time_insert":"2021-07-27 03:42","time_update":"2021-08-03 09:36"}
2024-01-08 00:19:53 查询号码 【1827383】，GSD为【"湖南-娄底"】

2024-01-08 00:19:54 开始第 7482 次操作

2024-01-08 00:19:54 开始操作号码 【1827384】
2024-01-08 00:19:57 GSD getOne 第 1 次 等待 3 秒
2024-01-08 00:20:00 查询号码 【1827384】，返回信息 {"status":"ok","msg":"湖南-怀化","gid":"408930","time_insert":"2021-07-27 03:41"}
2024-01-08 00:20:00 查询号码 【1827384】，GSD为【"湖南-怀化"】

2024-01-08 00:20:01 开始第 7483 次操作

2024-01-08 00:20:01 开始操作号码 【1827385】
2024-01-08 00:20:20 GSD getOne 第 1 次 等待 3 秒
2024-01-08 00:20:23 查询号码 【1827385】，返回信息 {"status":"ok","msg":"湖南-怀化","gid":"408916","time_insert":"2021-07-27 03:41"}
2024-01-08 00:20:23 查询号码 【1827385】，GSD为【"湖南-怀化"】

2024-01-08 00:20:25 开始第 7484 次操作

2024-01-08 00:20:25 开始操作号码 【1827386】
2024-01-08 00:20:40 GSD getOne 第 1 次 等待 3 秒
2024-01-08 00:20:43 查询号码 【1827386】，返回信息 {"status":"ok","msg":"湖南-怀化","gid":"408902","time_insert":"2021-07-27 03:40"}
2024-01-08 00:20:43 查询号码 【1827386】，GSD为【"湖南-怀化"】

