2021-07-10 00:00:45 开始第 15 次操作

2021-07-10 00:00:45 开始操作号码 【1651649】
2021-07-10 00:00:50 GSD getOne 第 1 次 等待 1 秒
2021-07-10 00:00:51 查询号码 【1651649】，返回信息 {"status":"bad","msg":""}
2021-07-10 00:00:51 查询号码 【1651649】，GSD为【""】
2021-07-10 00:00:51 bad
2021-07-10 00:00:53 CHB 1651649?1625846451 第 1 次 等待 1 秒
2021-07-10 00:00:54 CHB 1651649?1625846451 第 1 次 获取到号码【1651649】GSD
2021-07-10 00:00:54 获取到号码【1651649】的GSD为【内蒙古-锡林浩特】
2021-07-10 00:01:18 GSD insert 第 1 次 等待 1 秒
2021-07-10 00:01:19 {"status":"ok","msg":"添加成功！235003"}
2021-07-10 00:01:19 下次操作: 2021-07-10 00:01:34

2021-07-10 00:01:34 开始第 16 次操作

2021-07-10 00:01:34 开始操作号码 【1651650】
2021-07-10 00:01:39 GSD getOne 第 1 次 等待 1 秒
2021-07-10 00:01:40 查询号码 【1651650】，返回信息 {"status":"bad","msg":""}
2021-07-10 00:01:40 查询号码 【1651650】，GSD为【""】
2021-07-10 00:01:40 bad
2021-07-10 00:01:43 CHB 1651650?1625846500 第 1 次 等待 1 秒
2021-07-10 00:01:44 CHB 1651650?1625846500 第 1 次 获取到号码【1651650】GSD
2021-07-10 00:01:44 获取到号码【1651650】的GSD为【河南-许昌】
2021-07-10 00:02:05 GSD insert 第 1 次 等待 1 秒
2021-07-10 00:02:06 {"status":"ok","msg":"添加成功！235016"}
2021-07-10 00:02:06 下次操作: 2021-07-10 00:02:14

2021-07-10 00:02:14 开始第 17 次操作

2021-07-10 00:02:14 开始操作号码 【1651651】
2021-07-10 00:02:24 GSD getOne 第 1 次 等待 1 秒
2021-07-10 00:02:25 查询号码 【1651651】，返回信息 {"status":"bad","msg":""}
2021-07-10 00:02:25 查询号码 【1651651】，GSD为【""】
2021-07-10 00:02:25 bad
2021-07-10 00:02:28 CHB 1651651?1625846545 第 1 次 等待 1 秒
2021-07-10 00:02:29 CHB 1651651?1625846545 第 1 次 获取到号码【1651651】GSD
2021-07-10 00:02:29 获取到号码【1651651】的GSD为【河南-郑州】
2021-07-10 00:02:48 GSD insert 第 1 次 等待 1 秒
2021-07-10 00:02:49 {"status":"ok","msg":"添加成功！235022"}
2021-07-10 00:02:49 下次操作: 2021-07-10 00:02:57

2021-07-10 00:02:57 开始第 18 次操作

2021-07-10 00:02:57 开始操作号码 【1651652】
2021-07-10 00:03:19 GSD getOne 第 1 次 等待 1 秒
2021-07-10 00:03:20 查询号码 【1651652】，返回信息 {"status":"bad","msg":""}
2021-07-10 00:03:20 查询号码 【1651652】，GSD为【""】
2021-07-10 00:03:20 bad
2021-07-10 00:03:22 CHB 1651652?1625846600 第 1 次 等待 1 秒
2021-07-10 00:03:23 CHB 1651652?1625846600 第 1 次 获取到号码【1651652】GSD
2021-07-10 00:03:23 获取到号码【1651652】的GSD为【河南-驻马店】
2021-07-10 00:03:43 GSD insert 第 1 次 等待 1 秒
2021-07-10 00:03:44 {"status":"ok","msg":"添加成功！235033"}
2021-07-10 00:03:44 下次操作: 2021-07-10 00:03:58

2021-07-10 00:03:58 开始第 19 次操作

2021-07-10 00:03:58 开始操作号码 【1651653】
2021-07-10 00:04:05 GSD getOne 第 1 次 等待 1 秒
2021-07-10 00:04:06 查询号码 【1651653】，返回信息 {"status":"bad","msg":""}
2021-07-10 00:04:06 查询号码 【1651653】，GSD为【""】
2021-07-10 00:04:06 bad
2021-07-10 00:04:08 CHB 1651653?1625846646 第 1 次 等待 1 秒
2021-07-10 00:04:09 CHB 1651653?1625846646 第 1 次 获取到号码【1651653】GSD
2021-07-10 00:04:09 获取到号码【1651653】的GSD为【河南-郑州】
2021-07-10 00:04:27 GSD insert 第 1 次 等待 1 秒
2021-07-10 00:04:28 {"status":"ok","msg":"添加成功！235043"}
2021-07-10 00:04:28 下次操作: 2021-07-10 00:04:35

2021-07-10 00:04:35 开始第 20 次操作

2021-07-10 00:04:35 开始操作号码 【1651654】
2021-07-10 00:04:54 GSD getOne 第 1 次 等待 1 秒
2021-07-10 00:04:55 查询号码 【1651654】，返回信息 {"status":"bad","msg":""}
2021-07-10 00:04:55 查询号码 【1651654】，GSD为【""】
2021-07-10 00:04:55 bad
2021-07-10 00:04:57 CHB 1651654?1625846695 第 1 次 等待 1 秒
2021-07-10 00:04:58 CHB 1651654?1625846695 第 1 次 获取到号码【1651654】GSD
2021-07-10 00:04:58 获取到号码【1651654】的GSD为【内蒙古-呼和浩特】
2021-07-10 00:05:17 GSD insert 第 1 次 等待 1 秒
2021-07-10 00:05:18 {"status":"ok","msg":"添加成功！235049"}
2021-07-10 00:05:18 下次操作: 2021-07-10 00:05:36

2021-07-10 00:05:36 开始第 21 次操作

2021-07-10 00:05:36 开始操作号码 【1651655】
2021-07-10 00:05:40 GSD getOne 第 1 次 等待 1 秒
2021-07-10 00:05:41 查询号码 【1651655】，返回信息 {"status":"bad","msg":""}
2021-07-10 00:05:41 查询号码 【1651655】，GSD为【""】
2021-07-10 00:05:41 bad
2021-07-10 00:05:44 CHB 1651655?1625846741 第 1 次 等待 1 秒
2021-07-10 00:05:45 CHB 1651655?1625846741 第 1 次 获取到号码【1651655】GSD
2021-07-10 00:05:45 获取到号码【1651655】的GSD为【河南-郑州】
2021-07-10 00:06:04 GSD insert 第 1 次 等待 1 秒
2021-07-10 00:06:05 {"status":"ok","msg":"添加成功！235057"}
2021-07-10 00:06:05 下次操作: 2021-07-10 00:06:19

2021-07-10 00:06:19 开始第 22 次操作

2021-07-10 00:06:19 开始操作号码 【1651656】
2021-07-10 00:06:26 GSD getOne 第 1 次 等待 1 秒
2021-07-10 00:06:27 查询号码 【1651656】，返回信息 {"status":"bad","msg":""}
2021-07-10 00:06:27 查询号码 【1651656】，GSD为【""】
2021-07-10 00:06:27 bad
2021-07-10 00:06:30 CHB 1651656?1625846787 第 1 次 等待 1 秒
2021-07-10 00:06:31 CHB 1651656?1625846787 第 1 次 获取到号码【1651656】GSD
2021-07-10 00:06:31 获取到号码【1651656】的GSD为【河南-郑州】
2021-07-10 00:06:49 GSD insert 第 1 次 等待 1 秒
2021-07-10 00:06:50 {"status":"ok","msg":"添加成功！235067"}
2021-07-10 00:06:50 下次操作: 2021-07-10 00:06:56

2021-07-10 00:06:56 开始第 23 次操作

2021-07-10 00:06:56 开始操作号码 【1651657】
2021-07-10 00:07:14 GSD getOne 第 1 次 等待 1 秒
2021-07-10 00:07:15 查询号码 【1651657】，返回信息 {"status":"bad","msg":""}
2021-07-10 00:07:15 查询号码 【1651657】，GSD为【""】
2021-07-10 00:07:15 bad
2021-07-10 00:07:17 CHB 1651657?1625846835 第 1 次 等待 1 秒
2021-07-10 00:07:18 CHB 1651657?1625846835 第 1 次 获取到号码【1651657】GSD
2021-07-10 00:07:18 获取到号码【1651657】的GSD为【河南-平顶山】
2021-07-10 00:07:39 GSD insert 第 1 次 等待 1 秒
2021-07-10 00:07:40 {"status":"ok","msg":"添加成功！235074"}
2021-07-10 00:07:40 下次操作: 2021-07-10 00:07:56

2021-07-10 00:07:56 开始第 24 次操作

2021-07-10 00:07:56 开始操作号码 【1651658】
2021-07-10 00:08:00 GSD getOne 第 1 次 等待 1 秒
2021-07-10 00:08:01 查询号码 【1651658】，返回信息 {"status":"bad","msg":""}
2021-07-10 00:08:01 查询号码 【1651658】，GSD为【""】
2021-07-10 00:08:01 bad
2021-07-10 00:08:05 CHB 1651658?1625846881 第 1 次 等待 1 秒
2021-07-10 00:08:06 CHB 1651658?1625846881 第 1 次 获取到号码【1651658】GSD
2021-07-10 00:08:06 获取到号码【1651658】的GSD为【河南-郑州】
2021-07-10 00:08:24 GSD insert 第 1 次 等待 1 秒
2021-07-10 00:08:25 {"status":"ok","msg":"添加成功！235081"}
2021-07-10 00:08:25 下次操作: 2021-07-10 00:08:38

2021-07-10 00:08:38 开始第 25 次操作

2021-07-10 00:08:38 开始操作号码 【1651659】
2021-07-10 00:08:45 GSD getOne 第 1 次 等待 1 秒
2021-07-10 00:08:46 查询号码 【1651659】，返回信息 {"status":"bad","msg":""}
2021-07-10 00:08:46 查询号码 【1651659】，GSD为【""】
2021-07-10 00:08:46 bad
2021-07-10 00:08:49 CHB 1651659?1625846926 第 1 次 等待 1 秒
2021-07-10 00:08:50 CHB 1651659?1625846926 第 1 次 获取到号码【1651659】GSD
2021-07-10 00:08:50 获取到号码【1651659】的GSD为【河南-郑州】
2021-07-10 00:09:08 GSD insert 第 1 次 等待 1 秒
2021-07-10 00:09:09 {"status":"ok","msg":"添加成功！235087"}
2021-07-10 00:09:09 下次操作: 2021-07-10 00:09:25

2021-07-10 00:09:25 开始第 26 次操作

2021-07-10 00:09:25 开始操作号码 【1651660】
2021-07-10 00:09:29 GSD getOne 第 1 次 等待 1 秒
2021-07-10 00:09:30 查询号码 【1651660】，返回信息 {"status":"bad","msg":""}
2021-07-10 00:09:30 查询号码 【1651660】，GSD为【""】
2021-07-10 00:09:30 bad
2021-07-10 00:09:32 CHB 1651660?1625846970 第 1 次 等待 1 秒
2021-07-10 00:09:33 CHB 1651660?1625846970 第 1 次 获取到号码【1651660】GSD
2021-07-10 00:09:33 获取到号码【1651660】的GSD为【河南-郑州】
2021-07-10 00:09:54 GSD insert 第 1 次 等待 1 秒
2021-07-10 00:09:55 {"status":"ok","msg":"添加成功！235093"}
2021-07-10 00:09:55 下次操作: 2021-07-10 00:10:07

2021-07-10 00:10:07 开始第 27 次操作

2021-07-10 00:10:07 开始操作号码 【1651661】
2021-07-10 00:10:14 GSD getOne 第 1 次 等待 1 秒
2021-07-10 00:10:15 查询号码 【1651661】，返回信息 {"status":"bad","msg":""}
2021-07-10 00:10:15 查询号码 【1651661】，GSD为【""】
2021-07-10 00:10:15 bad
2021-07-10 00:10:20 CHB 1651661?1625847015 第 1 次 等待 1 秒
2021-07-10 00:10:21 CHB 1651661?1625847015 第 1 次 获取到号码【1651661】GSD
2021-07-10 00:10:21 获取到号码【1651661】的GSD为【安徽-合肥】
2021-07-10 00:10:39 GSD insert 第 1 次 等待 1 秒
2021-07-10 00:10:40 {"status":"ok","msg":"添加成功！235100"}
2021-07-10 00:10:40 下次操作: 2021-07-10 00:10:53

2021-07-10 00:10:53 开始第 28 次操作

2021-07-10 00:10:53 开始操作号码 【1651662】
2021-07-10 00:10:59 GSD getOne 第 1 次 等待 1 秒
2021-07-10 00:11:00 查询号码 【1651662】，返回信息 {"status":"bad","msg":""}
2021-07-10 00:11:00 查询号码 【1651662】，GSD为【""】
2021-07-10 00:11:00 bad
2021-07-10 00:11:13 CHB 1651662?1625847060 第 1 次 等待 1 秒
2021-07-10 00:11:14 CHB 1651662?1625847060 第 1 次 获取到号码【1651662】GSD
2021-07-10 00:11:14 获取到号码【1651662】的GSD为【河南-商丘】
2021-07-10 00:11:21 GSD insert 第 1 次 等待 1 秒
2021-07-10 00:11:22 {"status":"ok","msg":"添加成功！235103"}
2021-07-10 00:11:22 下次操作: 2021-07-10 00:11:28

2021-07-10 00:11:28 开始第 29 次操作

2021-07-10 00:11:28 开始操作号码 【1651663】
2021-07-10 00:11:46 GSD getOne 第 1 次 等待 1 秒
2021-07-10 00:11:47 查询号码 【1651663】，返回信息 {"status":"ok","msg":"河南-平顶山","time_insert":"2020-03-27 13:53"}
2021-07-10 00:11:47 查询号码 【1651663】，GSD为【"河南-平顶山"】

2021-07-10 00:11:47 开始第 29 次操作

2021-07-10 00:11:47 开始操作号码 【1651664】
2021-07-10 00:12:08 GSD getOne 第 1 次 等待 1 秒
2021-07-10 00:12:09 查询号码 【1651664】，返回信息 {"status":"bad","msg":""}
2021-07-10 00:12:09 查询号码 【1651664】，GSD为【""】
2021-07-10 00:12:09 bad
2021-07-10 00:12:13 CHB 1651664?1625847129 第 1 次 等待 1 秒
2021-07-10 00:12:14 CHB 1651664?1625847129 第 1 次 获取到号码【1651664】GSD
2021-07-10 00:12:14 获取到号码【1651664】的GSD为【内蒙古-呼和浩特】
2021-07-10 00:12:32 GSD insert 第 1 次 等待 1 秒
2021-07-10 00:12:33 {"status":"ok","msg":"添加成功！235109"}
2021-07-10 00:12:33 下次操作: 2021-07-10 00:12:43

2021-07-10 00:12:43 开始第 30 次操作

2021-07-10 00:12:43 开始操作号码 【1651665】
2021-07-10 00:12:53 GSD getOne 第 1 次 等待 1 秒
2021-07-10 00:12:54 查询号码 【1651665】，返回信息 {"status":"bad","msg":""}
2021-07-10 00:12:54 查询号码 【1651665】，GSD为【""】
2021-07-10 00:12:54 bad
2021-07-10 00:12:55 CHB 1651665?1625847174 第 1 次 等待 1 秒
2021-07-10 00:12:56 CHB 1651665?1625847174 第 1 次 获取到号码【1651665】GSD
2021-07-10 00:12:57 获取到号码【1651665】的GSD为【河南-商丘】
2021-07-10 00:13:16 GSD insert 第 1 次 等待 1 秒
2021-07-10 00:13:17 {"status":"ok","msg":"添加成功！235112"}

