2023-12-07 00:23:24 开始第 1797 次操作

2023-12-07 00:23:24 开始操作号码 【1821699】
2023-12-07 00:23:28 GSD getOne 第 1 次 等待 3 秒
2023-12-07 00:23:31 查询号码 【1821699】，返回信息 {"status":"ok","msg":"贵州-六盘水","gid":"35066","time_insert":"2019-02-10 09:27","time_update":"2020-11-22 03:17"}
2023-12-07 00:23:31 查询号码 【1821699】，GSD为【"贵州-六盘水"】

2023-12-07 00:23:32 开始第 1798 次操作

2023-12-07 00:23:32 开始操作号码 【1821700】
2023-12-07 00:23:35 GSD getOne 第 1 次 等待 3 秒
2023-12-07 00:23:38 查询号码 【1821700】，返回信息 {"status":"ok","msg":"上海-上海","gid":"376030","time_insert":"2021-07-24 10:16"}
2023-12-07 00:23:38 查询号码 【1821700】，GSD为【"上海-上海"】

2023-12-07 00:23:39 开始第 1799 次操作

2023-12-07 00:23:39 开始操作号码 【1821701】
2023-12-07 00:23:43 GSD getOne 第 1 次 等待 3 秒
2023-12-07 00:23:46 查询号码 【1821701】，返回信息 {"status":"ok","msg":"上海-上海","gid":"35067","time_insert":"2018-03-20 18:48","time_update":"2020-12-29 22:47"}
2023-12-07 00:23:46 查询号码 【1821701】，GSD为【"上海-上海"】

2023-12-07 00:23:47 开始第 1800 次操作

2023-12-07 00:23:47 开始操作号码 【1821702】
2023-12-07 00:23:51 GSD getOne 第 1 次 等待 3 秒
2023-12-07 00:23:54 查询号码 【1821702】，返回信息 {"status":"ok","msg":"上海-上海","gid":"376080","time_insert":"2021-07-24 10:32"}
2023-12-07 00:23:54 查询号码 【1821702】，GSD为【"上海-上海"】

