2024-05-02 00:20:42 开始第 6561 次操作

2024-05-02 00:20:42 开始操作号码 【1606462】
2024-05-02 00:20:48 GSD getOne 第 1 次 等待 3 秒
2024-05-02 00:20:51 查询号码 【1606462】，返回信息 {"status":"ok","msg":"-","gid":"655222","time_insert":"2023-04-15 04:04"}
2024-05-02 00:20:51 查询号码 【1606462】，GSD为【"-"】
2024-05-02 00:20:51 ok && -
2024-05-02 00:20:54 CHB 1606462?1714580451 第 1 次 等待 3 秒
2024-05-02 00:20:57 CHB 1606462?1714580451 第 1 次 获取到号码【1606462】GSD
2024-05-02 00:20:57 未获取到号码【1606462】GSD，可能号码格式错误
2024-05-02 00:20:57 获取到号码【1606462】的GSD为【-】
2024-05-02 00:21:09 GSD insert 第 1 次 等待 3 秒
2024-05-02 00:21:12 {"status":"bad","gid":"655222","msg":"添加失败！号码【1606462(-|-)】已存在！"}
2024-05-02 00:21:12 随机等待 146 秒，约 2 分钟
2024-05-02 00:21:12 下次操作: 2024-05-02 00:23:38

2024-05-02 00:23:38 开始第 6562 次操作

2024-05-02 00:23:38 开始操作号码 【1606463】
2024-05-02 00:23:49 GSD getOne 第 1 次 等待 3 秒
2024-05-02 00:23:52 查询号码 【1606463】，返回信息 {"status":"ok","msg":"-","gid":"655241","time_insert":"2023-04-15 04:16"}
2024-05-02 00:23:52 查询号码 【1606463】，GSD为【"-"】
2024-05-02 00:23:52 ok && -
2024-05-02 00:23:54 CHB 1606463?1714580632 第 1 次 等待 3 秒
2024-05-02 00:23:57 CHB 1606463?1714580632 第 1 次 获取到号码【1606463】GSD
2024-05-02 00:23:57 未获取到号码【1606463】GSD，可能号码格式错误
2024-05-02 00:23:57 获取到号码【1606463】的GSD为【-】
2024-05-02 00:24:05 GSD insert 第 1 次 等待 3 秒
2024-05-02 00:24:08 {"status":"bad","gid":"655241","msg":"添加失败！号码【1606463(-|-)】已存在！"}
2024-05-02 00:24:08 随机等待 182 秒，约 3 分钟
2024-05-02 00:24:08 下次操作: 2024-05-02 00:27:10

2024-05-02 00:27:10 开始第 6563 次操作

2024-05-02 00:27:10 开始操作号码 【1606464】
2024-05-02 00:27:16 GSD getOne 第 1 次 等待 3 秒
2024-05-02 00:27:19 查询号码 【1606464】，返回信息 {"status":"ok","msg":"-","gid":"655258","time_insert":"2023-04-15 04:27"}
2024-05-02 00:27:19 查询号码 【1606464】，GSD为【"-"】
2024-05-02 00:27:19 ok && -
2024-05-02 00:27:21 CHB 1606464?1714580839 第 1 次 等待 3 秒
2024-05-02 00:27:24 CHB 1606464?1714580839 第 1 次 获取到号码【1606464】GSD
2024-05-02 00:27:24 未获取到号码【1606464】GSD，可能号码格式错误
2024-05-02 00:27:24 获取到号码【1606464】的GSD为【-】
2024-05-02 00:27:29 GSD insert 第 1 次 等待 3 秒
2024-05-02 00:27:32 {"status":"bad","gid":"655258","msg":"添加失败！号码【1606464(-|-)】已存在！"}
2024-05-02 00:27:32 随机等待 94 秒，约 1 分钟
2024-05-02 00:27:32 下次操作: 2024-05-02 00:29:06

2024-05-02 00:29:06 开始第 6564 次操作

2024-05-02 00:29:06 开始操作号码 【1606465】
2024-05-02 00:29:11 GSD getOne 第 1 次 等待 3 秒
2024-05-02 00:29:14 查询号码 【1606465】，返回信息 {"status":"ok","msg":"-","gid":"655275","time_insert":"2023-04-15 04:37"}
2024-05-02 00:29:14 查询号码 【1606465】，GSD为【"-"】
2024-05-02 00:29:14 ok && -
2024-05-02 00:29:16 CHB 1606465?1714580954 第 1 次 等待 3 秒
2024-05-02 00:29:19 CHB 1606465?1714580954 第 1 次 获取到号码【1606465】GSD
2024-05-02 00:29:19 未获取到号码【1606465】GSD，可能号码格式错误
2024-05-02 00:29:19 获取到号码【1606465】的GSD为【-】
2024-05-02 00:29:30 GSD insert 第 1 次 等待 3 秒
2024-05-02 00:29:33 {"status":"bad","gid":"655275","msg":"添加失败！号码【1606465(-|-)】已存在！"}

