2023-11-20 00:19:52 开始第 9433 次操作

2023-11-20 00:19:52 开始操作号码 【1929335】
2023-11-20 00:19:58 GSD getOne 第 1 次 等待 3 秒
2023-11-20 00:20:01 查询号码 【1929335】，返回信息 {"status":"ok","msg":"-","gid":"599988","time_insert":"2023-03-19 05:19"}
2023-11-20 00:20:01 查询号码 【1929335】，GSD为【"-"】
2023-11-20 00:20:01 ok && -
2023-11-20 00:20:04 CHB 1929335?1700410801 第 1 次 等待 3 秒
2023-11-20 00:20:07 CHB 1929335?1700410801 第 1 次 获取到号码【1929335】GSD
2023-11-20 00:20:07 未获取到号码【1929335】GSD，可能号码格式错误
2023-11-20 00:20:07 获取到号码【1929335】的GSD为【-】
2023-11-20 00:20:10 GSD insert 第 1 次 等待 3 秒
2023-11-20 00:20:13 {"status":"bad","gid":"599988","msg":"添加失败！号码【1929335(-|-)】已存在！"}
2023-11-20 00:20:13 随机等待 185 秒，约 3 分钟
2023-11-20 00:20:13 下次操作: 2023-11-20 00:23:18

2023-11-20 00:23:18 开始第 9434 次操作

2023-11-20 00:23:18 开始操作号码 【1929336】
2023-11-20 00:23:22 GSD getOne 第 1 次 等待 3 秒
2023-11-20 00:23:25 查询号码 【1929336】，返回信息 {"status":"ok","msg":"-","gid":"599985","time_insert":"2023-03-19 05:16"}
2023-11-20 00:23:25 查询号码 【1929336】，GSD为【"-"】
2023-11-20 00:23:25 ok && -
2023-11-20 00:23:28 CHB 1929336?1700411005 第 1 次 等待 3 秒
2023-11-20 00:23:31 CHB 1929336?1700411005 第 1 次 获取到号码【1929336】GSD
2023-11-20 00:23:31 未获取到号码【1929336】GSD，可能号码格式错误
2023-11-20 00:23:31 获取到号码【1929336】的GSD为【-】
2023-11-20 00:23:37 GSD insert 第 1 次 等待 3 秒
2023-11-20 00:23:40 {"status":"bad","gid":"599985","msg":"添加失败！号码【1929336(-|-)】已存在！"}
2023-11-20 00:23:40 随机等待 224 秒，约 3 分钟
2023-11-20 00:23:40 下次操作: 2023-11-20 00:27:24

2023-11-20 00:27:24 开始第 9435 次操作

2023-11-20 00:27:24 开始操作号码 【1929337】
2023-11-20 00:27:28 GSD getOne 第 1 次 等待 3 秒
2023-11-20 00:27:31 查询号码 【1929337】，返回信息 {"status":"ok","msg":"-","gid":"599981","time_insert":"2023-03-19 05:14"}
2023-11-20 00:27:31 查询号码 【1929337】，GSD为【"-"】
2023-11-20 00:27:31 ok && -
2023-11-20 00:27:33 CHB 1929337?1700411251 第 1 次 等待 3 秒
2023-11-20 00:27:36 CHB 1929337?1700411251 第 1 次 获取到号码【1929337】GSD
2023-11-20 00:27:36 未获取到号码【1929337】GSD，可能号码格式错误
2023-11-20 00:27:36 获取到号码【1929337】的GSD为【-】
2023-11-20 00:27:43 GSD insert 第 1 次 等待 3 秒
2023-11-20 00:27:46 {"status":"bad","gid":"599981","msg":"添加失败！号码【1929337(-|-)】已存在！"}
2023-11-20 00:27:46 随机等待 176 秒，约 2 分钟
2023-11-20 00:27:46 下次操作: 2023-11-20 00:30:42

2023-11-20 00:30:42 开始第 9436 次操作

2023-11-20 00:30:42 开始操作号码 【1929338】
2023-11-20 00:30:46 GSD getOne 第 1 次 等待 3 秒
2023-11-20 00:30:49 查询号码 【1929338】，返回信息 {"status":"ok","msg":"-","gid":"599976","time_insert":"2023-03-19 05:11"}
2023-11-20 00:30:49 查询号码 【1929338】，GSD为【"-"】
2023-11-20 00:30:49 ok && -
2023-11-20 00:30:52 CHB 1929338?1700411449 第 1 次 等待 3 秒
2023-11-20 00:30:55 CHB 1929338?1700411449 第 1 次 获取到号码【1929338】GSD
2023-11-20 00:30:55 未获取到号码【1929338】GSD，可能号码格式错误
2023-11-20 00:30:55 获取到号码【1929338】的GSD为【-】
2023-11-20 00:31:00 GSD insert 第 1 次 等待 3 秒
2023-11-20 00:31:03 {"status":"bad","gid":"599976","msg":"添加失败！号码【1929338(-|-)】已存在！"}

2023-11-20 00:38:20 开始第 9437 次操作

2023-11-20 00:38:20 开始操作号码 【1929339】
2023-11-20 00:38:23 GSD getOne 第 1 次 等待 3 秒
2023-11-20 00:38:26 查询号码 【1929339】，返回信息 {"status":"ok","msg":"-","gid":"599963","time_insert":"2023-03-19 05:01"}
2023-11-20 00:38:26 查询号码 【1929339】，GSD为【"-"】
2023-11-20 00:38:26 ok && -
2023-11-20 00:38:29 CHB 1929339?1700411906 第 1 次 等待 3 秒
2023-11-20 00:38:32 CHB 1929339?1700411906 第 1 次 获取到号码【1929339】GSD
2023-11-20 00:38:32 未获取到号码【1929339】GSD，可能号码格式错误
2023-11-20 00:38:32 获取到号码【1929339】的GSD为【-】
2023-11-20 00:38:35 GSD insert 第 1 次 等待 3 秒
2023-11-20 00:38:38 {"status":"bad","gid":"599963","msg":"添加失败！号码【1929339(-|-)】已存在！"}
2023-11-20 00:38:38 随机等待 211 秒，约 3 分钟
2023-11-20 00:38:38 下次操作: 2023-11-20 00:42:09

2023-11-20 00:42:09 开始第 9438 次操作

2023-11-20 00:42:09 开始操作号码 【1929340】
2023-11-20 00:42:12 GSD getOne 第 1 次 等待 3 秒
2023-11-20 00:42:15 查询号码 【1929340】，返回信息 {"status":"ok","msg":"-","gid":"599961","time_insert":"2023-03-19 05:00"}
2023-11-20 00:42:15 查询号码 【1929340】，GSD为【"-"】
2023-11-20 00:42:15 ok && -
2023-11-20 00:42:18 CHB 1929340?1700412135 第 1 次 等待 3 秒
2023-11-20 00:42:21 CHB 1929340?1700412135 第 1 次 获取到号码【1929340】GSD
2023-11-20 00:42:21 未获取到号码【1929340】GSD，可能号码格式错误
2023-11-20 00:42:21 获取到号码【1929340】的GSD为【-】
2023-11-20 00:42:24 GSD insert 第 1 次 等待 3 秒
2023-11-20 00:42:27 {"status":"bad","gid":"599961","msg":"添加失败！号码【1929340(-|-)】已存在！"}
2023-11-20 00:42:27 随机等待 200 秒，约 3 分钟
2023-11-20 00:42:27 下次操作: 2023-11-20 00:45:47

2023-11-20 00:45:47 开始第 9439 次操作

2023-11-20 00:45:47 开始操作号码 【1929341】
2023-11-20 00:45:50 GSD getOne 第 1 次 等待 3 秒
2023-11-20 00:45:53 查询号码 【1929341】，返回信息 {"status":"ok","msg":"-","gid":"599954","time_insert":"2023-03-19 04:57"}
2023-11-20 00:45:53 查询号码 【1929341】，GSD为【"-"】
2023-11-20 00:45:53 ok && -
2023-11-20 00:45:55 CHB 1929341?1700412353 第 1 次 等待 3 秒
2023-11-20 00:45:58 CHB 1929341?1700412353 第 1 次 获取到号码【1929341】GSD
2023-11-20 00:45:58 未获取到号码【1929341】GSD，可能号码格式错误
2023-11-20 00:45:58 获取到号码【1929341】的GSD为【-】
2023-11-20 00:46:02 GSD insert 第 1 次 等待 3 秒
2023-11-20 00:46:05 {"status":"bad","gid":"599954","msg":"添加失败！号码【1929341(-|-)】已存在！"}
2023-11-20 00:46:05 随机等待 205 秒，约 3 分钟
2023-11-20 00:46:05 下次操作: 2023-11-20 00:49:30

2023-11-20 00:49:30 开始第 9440 次操作

2023-11-20 00:49:30 开始操作号码 【1929342】
2023-11-20 00:49:34 GSD getOne 第 1 次 等待 3 秒
2023-11-20 00:49:37 查询号码 【1929342】，返回信息 {"status":"ok","msg":"-","gid":"599950","time_insert":"2023-03-19 04:55"}
2023-11-20 00:49:37 查询号码 【1929342】，GSD为【"-"】
2023-11-20 00:49:37 ok && -
2023-11-20 00:49:39 CHB 1929342?1700412577 第 1 次 等待 3 秒
2023-11-20 00:49:42 CHB 1929342?1700412577 第 1 次 获取到号码【1929342】GSD
2023-11-20 00:49:42 未获取到号码【1929342】GSD，可能号码格式错误
2023-11-20 00:49:42 获取到号码【1929342】的GSD为【-】
2023-11-20 00:49:46 GSD insert 第 1 次 等待 3 秒
2023-11-20 00:49:49 {"status":"bad","gid":"599950","msg":"添加失败！号码【1929342(-|-)】已存在！"}

