2024-01-11 00:22:35 开始第 8009 次操作

2024-01-11 00:22:35 开始操作号码 【1827911】
2024-01-11 00:22:39 GSD getOne 第 1 次 等待 3 秒
2024-01-11 00:22:42 查询号码 【1827911】，返回信息 {"status":"ok","msg":"江西-南昌","gid":"401861","time_insert":"2021-07-26 13:53"}
2024-01-11 00:22:42 查询号码 【1827911】，GSD为【"江西-南昌"】

2024-01-11 00:22:43 开始第 8010 次操作

2024-01-11 00:22:43 开始操作号码 【1827912】
2024-01-11 00:22:47 GSD getOne 第 1 次 等待 3 秒
2024-01-11 00:22:50 查询号码 【1827912】，返回信息 {"status":"ok","msg":"江西-南昌","gid":"401847","time_insert":"2021-07-26 13:52"}
2024-01-11 00:22:50 查询号码 【1827912】，GSD为【"江西-南昌"】

2024-01-11 00:22:51 开始第 8011 次操作

2024-01-11 00:22:51 开始操作号码 【1827913】
2024-01-11 00:22:54 GSD getOne 第 1 次 等待 3 秒
2024-01-11 00:22:57 查询号码 【1827913】，返回信息 {"status":"ok","msg":"江西-南昌","gid":"401834","time_insert":"2021-07-26 13:51"}
2024-01-11 00:22:57 查询号码 【1827913】，GSD为【"江西-南昌"】

2024-01-11 00:22:58 开始第 8012 次操作

2024-01-11 00:22:58 开始操作号码 【1827914】
2024-01-11 00:23:01 GSD getOne 第 1 次 等待 3 秒
2024-01-11 00:23:04 查询号码 【1827914】，返回信息 {"status":"ok","msg":"江西-南昌","gid":"401813","time_insert":"2021-07-26 13:50"}
2024-01-11 00:23:04 查询号码 【1827914】，GSD为【"江西-南昌"】

