2021-07-08 00:00:00 开始第 10 次操作

2021-07-08 00:00:00 开始操作号码 【1650251】
2021-07-08 00:00:08 GSD getOne 第 1 次 等待 1 秒
2021-07-08 00:00:09 查询号码 【1650251】，返回信息 {"status":"bad","msg":""}
2021-07-08 00:00:10 查询号码 【1650251】，GSD为【""】
2021-07-08 00:00:10 bad
2021-07-08 00:00:11 CHB 1650251?1625673610 第 1 次 等待 1 秒
2021-07-08 00:00:12 CHB 1650251?1625673610 第 1 次 获取到号码【1650251】GSD
2021-07-08 00:00:12 获取到号码【1650251】的GSD为【江苏-南京】
2021-07-08 00:00:31 GSD insert 第 1 次 等待 1 秒
2021-07-08 00:00:32 {"status":"ok","msg":"添加成功！218003"}
2021-07-08 00:00:32 下次操作: 2021-07-08 00:00:46

2021-07-08 00:00:46 开始第 11 次操作

2021-07-08 00:00:46 开始操作号码 【1650252】
2021-07-08 00:00:50 GSD getOne 第 1 次 等待 1 秒
2021-07-08 00:00:51 查询号码 【1650252】，返回信息 {"status":"bad","msg":""}
2021-07-08 00:00:51 查询号码 【1650252】，GSD为【""】
2021-07-08 00:00:51 bad
2021-07-08 00:00:52 CHB 1650252?1625673651 第 1 次 等待 1 秒
2021-07-08 00:00:53 CHB 1650252?1625673651 第 1 次 获取到号码【1650252】GSD
2021-07-08 00:00:53 获取到号码【1650252】的GSD为【江苏-南京】
2021-07-08 00:00:57 GSD insert 第 1 次 等待 1 秒
2021-07-08 00:00:58 {"status":"ok","msg":"添加成功！218007"}
2021-07-08 00:00:58 下次操作: 2021-07-08 00:01:11

2021-07-08 00:01:11 开始第 12 次操作

2021-07-08 00:01:11 开始操作号码 【1650253】
2021-07-08 00:01:18 GSD getOne 第 1 次 等待 1 秒
2021-07-08 00:01:19 查询号码 【1650253】，返回信息 {"status":"bad","msg":""}
2021-07-08 00:01:20 查询号码 【1650253】，GSD为【""】
2021-07-08 00:01:20 bad
2021-07-08 00:01:21 CHB 1650253?1625673680 第 1 次 等待 1 秒
2021-07-08 00:01:22 CHB 1650253?1625673680 第 1 次 获取到号码【1650253】GSD
2021-07-08 00:01:22 获取到号码【1650253】的GSD为【江苏-南京】
2021-07-08 00:01:26 GSD insert 第 1 次 等待 1 秒
2021-07-08 00:01:27 {"status":"ok","msg":"添加成功！218011"}
2021-07-08 00:01:27 下次操作: 2021-07-08 00:01:41

2021-07-08 00:01:41 开始第 13 次操作

2021-07-08 00:01:41 开始操作号码 【1650254】
2021-07-08 00:01:53 GSD getOne 第 1 次 等待 1 秒
2021-07-08 00:01:54 查询号码 【1650254】，返回信息 {"status":"bad","msg":""}
2021-07-08 00:01:54 查询号码 【1650254】，GSD为【""】
2021-07-08 00:01:54 bad
2021-07-08 00:01:55 CHB 1650254?1625673714 第 1 次 等待 1 秒
2021-07-08 00:01:56 CHB 1650254?1625673714 第 1 次 获取到号码【1650254】GSD
2021-07-08 00:01:56 获取到号码【1650254】的GSD为【江苏-南京】
2021-07-08 00:02:01 GSD insert 第 1 次 等待 1 秒
2021-07-08 00:02:02 {"status":"ok","msg":"添加成功！218016"}
2021-07-08 00:02:02 下次操作: 2021-07-08 00:02:16

2021-07-08 00:02:16 开始第 14 次操作

2021-07-08 00:02:16 开始操作号码 【1650255】
2021-07-08 00:02:19 GSD getOne 第 1 次 等待 1 秒
2021-07-08 00:02:20 查询号码 【1650255】，返回信息 {"status":"bad","msg":""}
2021-07-08 00:02:21 查询号码 【1650255】，GSD为【""】
2021-07-08 00:02:21 bad
2021-07-08 00:02:22 CHB 1650255?1625673741 第 1 次 等待 1 秒
2021-07-08 00:02:23 CHB 1650255?1625673741 第 1 次 获取到号码【1650255】GSD
2021-07-08 00:02:23 获取到号码【1650255】的GSD为【辽宁-辽阳】
2021-07-08 00:02:27 GSD insert 第 1 次 等待 1 秒
2021-07-08 00:02:28 {"status":"ok","msg":"添加成功！218020"}
2021-07-08 00:02:28 下次操作: 2021-07-08 00:02:41

2021-07-08 00:02:41 开始第 15 次操作

2021-07-08 00:02:41 开始操作号码 【1650256】
2021-07-08 00:02:46 GSD getOne 第 1 次 等待 1 秒
2021-07-08 00:02:47 查询号码 【1650256】，返回信息 {"status":"bad","msg":""}
2021-07-08 00:02:47 查询号码 【1650256】，GSD为【""】
2021-07-08 00:02:47 bad
2021-07-08 00:02:48 CHB 1650256?1625673767 第 1 次 等待 1 秒
2021-07-08 00:02:50 CHB 1650256?1625673767 第 1 次 获取到号码【1650256】GSD
2021-07-08 00:02:50 获取到号码【1650256】的GSD为【江苏-南京】
2021-07-08 00:02:57 GSD insert 第 1 次 等待 1 秒
2021-07-08 00:02:58 {"status":"ok","msg":"添加成功！218027"}
2021-07-08 00:02:58 下次操作: 2021-07-08 00:03:04

2021-07-08 00:03:04 开始第 16 次操作

2021-07-08 00:03:04 开始操作号码 【1650257】
2021-07-08 00:03:07 GSD getOne 第 1 次 等待 1 秒
2021-07-08 00:03:08 查询号码 【1650257】，返回信息 {"status":"bad","msg":""}
2021-07-08 00:03:09 查询号码 【1650257】，GSD为【""】
2021-07-08 00:03:09 bad
2021-07-08 00:03:10 CHB 1650257?1625673789 第 1 次 等待 1 秒
2021-07-08 00:03:11 CHB 1650257?1625673789 第 1 次 获取到号码【1650257】GSD
2021-07-08 00:03:11 获取到号码【1650257】的GSD为【江苏-南京】
2021-07-08 00:03:16 GSD insert 第 1 次 等待 1 秒
2021-07-08 00:03:17 {"status":"ok","msg":"添加成功！218029"}
2021-07-08 00:03:17 下次操作: 2021-07-08 00:03:26

2021-07-08 00:03:26 开始第 17 次操作

2021-07-08 00:03:26 开始操作号码 【1650258】
2021-07-08 00:03:31 GSD getOne 第 1 次 等待 1 秒
2021-07-08 00:03:32 查询号码 【1650258】，返回信息 {"status":"bad","msg":""}
2021-07-08 00:03:32 查询号码 【1650258】，GSD为【""】
2021-07-08 00:03:32 bad
2021-07-08 00:03:34 CHB 1650258?1625673812 第 1 次 等待 1 秒
2021-07-08 00:03:35 CHB 1650258?1625673812 第 1 次 获取到号码【1650258】GSD
2021-07-08 00:03:35 获取到号码【1650258】的GSD为【江苏-南京】
2021-07-08 00:03:38 GSD insert 第 1 次 等待 1 秒
2021-07-08 00:03:39 {"status":"ok","msg":"添加成功！218032"}
2021-07-08 00:03:39 下次操作: 2021-07-08 00:03:55

2021-07-08 00:03:55 开始第 18 次操作

2021-07-08 00:03:55 开始操作号码 【1650259】
2021-07-08 00:04:00 GSD getOne 第 1 次 等待 1 秒
2021-07-08 00:04:01 查询号码 【1650259】，返回信息 {"status":"bad","msg":""}
2021-07-08 00:04:01 查询号码 【1650259】，GSD为【""】
2021-07-08 00:04:01 bad
2021-07-08 00:04:02 CHB 1650259?1625673841 第 1 次 等待 1 秒
2021-07-08 00:04:03 CHB 1650259?1625673841 第 1 次 获取到号码【1650259】GSD
2021-07-08 00:04:03 获取到号码【1650259】的GSD为【江苏-南京】
2021-07-08 00:04:09 GSD insert 第 1 次 等待 1 秒
2021-07-08 00:04:10 {"status":"ok","msg":"添加成功！218036"}
2021-07-08 00:04:10 下次操作: 2021-07-08 00:04:26

2021-07-08 00:04:26 开始第 19 次操作

2021-07-08 00:04:26 开始操作号码 【1650260】
2021-07-08 00:04:32 GSD getOne 第 1 次 等待 1 秒
2021-07-08 00:04:33 查询号码 【1650260】，返回信息 {"status":"bad","msg":""}
2021-07-08 00:04:33 查询号码 【1650260】，GSD为【""】
2021-07-08 00:04:33 bad
2021-07-08 00:04:34 CHB 1650260?1625673873 第 1 次 等待 1 秒
2021-07-08 00:04:35 CHB 1650260?1625673873 第 1 次 获取到号码【1650260】GSD
2021-07-08 00:04:35 未获取到号码【1650260】GSD，查号吧 400 错误
2021-07-08 00:04:35 获取到号码【1650260】的GSD为【-】
2021-07-08 00:04:39 GSD insert 第 1 次 等待 1 秒
2021-07-08 00:04:40 {"status":"ok","msg":"添加成功！218041"}
2021-07-08 00:04:40 下次操作: 2021-07-08 00:04:49

2021-07-08 00:04:49 开始第 20 次操作

2021-07-08 00:04:49 开始操作号码 【1650261】
2021-07-08 00:04:53 GSD getOne 第 1 次 等待 1 秒
2021-07-08 00:04:54 查询号码 【1650261】，返回信息 {"status":"bad","msg":""}
2021-07-08 00:04:54 查询号码 【1650261】，GSD为【""】
2021-07-08 00:04:54 bad
2021-07-08 00:04:55 CHB 1650261?1625673894 第 1 次 等待 1 秒
2021-07-08 00:04:56 CHB 1650261?1625673894 第 1 次 获取到号码【1650261】GSD
2021-07-08 00:04:56 获取到号码【1650261】的GSD为【宁夏-中卫】
2021-07-08 00:05:03 GSD insert 第 1 次 等待 1 秒
2021-07-08 00:05:04 {"status":"ok","msg":"添加成功！218044"}
2021-07-08 00:05:04 下次操作: 2021-07-08 00:05:14

2021-07-08 00:05:14 开始第 21 次操作

2021-07-08 00:05:14 开始操作号码 【1650262】
2021-07-08 00:05:18 GSD getOne 第 1 次 等待 1 秒
2021-07-08 00:05:19 查询号码 【1650262】，返回信息 {"status":"bad","msg":""}
2021-07-08 00:05:19 查询号码 【1650262】，GSD为【""】
2021-07-08 00:05:19 bad
2021-07-08 00:05:20 CHB 1650262?1625673919 第 1 次 等待 1 秒
2021-07-08 00:05:21 CHB 1650262?1625673919 第 1 次 获取到号码【1650262】GSD
2021-07-08 00:05:21 获取到号码【1650262】的GSD为【宁夏-固原】
2021-07-08 00:05:26 GSD insert 第 1 次 等待 1 秒
2021-07-08 00:05:27 {"status":"ok","msg":"添加成功！218051"}
2021-07-08 00:05:27 下次操作: 2021-07-08 00:05:34

2021-07-08 00:05:34 开始第 22 次操作

2021-07-08 00:05:34 开始操作号码 【1650263】
2021-07-08 00:05:38 GSD getOne 第 1 次 等待 1 秒
2021-07-08 00:05:39 查询号码 【1650263】，返回信息 {"status":"bad","msg":""}
2021-07-08 00:05:39 查询号码 【1650263】，GSD为【""】
2021-07-08 00:05:39 bad
2021-07-08 00:05:41 CHB 1650263?1625673939 第 1 次 等待 1 秒
2021-07-08 00:05:42 CHB 1650263?1625673939 第 1 次 获取到号码【1650263】GSD
2021-07-08 00:05:42 获取到号码【1650263】的GSD为【宁夏-吴忠】
2021-07-08 00:05:49 GSD insert 第 1 次 等待 1 秒
2021-07-08 00:05:50 {"status":"ok","msg":"添加成功！218054"}
2021-07-08 00:05:50 下次操作: 2021-07-08 00:05:58

2021-07-08 00:05:58 开始第 23 次操作

2021-07-08 00:05:58 开始操作号码 【1650264】
2021-07-08 00:06:07 GSD getOne 第 1 次 等待 1 秒
2021-07-08 00:06:08 查询号码 【1650264】，返回信息 {"status":"bad","msg":""}
2021-07-08 00:06:08 查询号码 【1650264】，GSD为【""】
2021-07-08 00:06:08 bad
2021-07-08 00:06:09 CHB 1650264?1625673968 第 1 次 等待 1 秒
2021-07-08 00:06:10 CHB 1650264?1625673968 第 1 次 获取到号码【1650264】GSD
2021-07-08 00:06:10 获取到号码【1650264】的GSD为【吉林-延吉】
2021-07-08 00:06:14 GSD insert 第 1 次 等待 1 秒
2021-07-08 00:06:15 {"status":"ok","msg":"添加成功！218058"}
2021-07-08 00:06:15 下次操作: 2021-07-08 00:06:31

2021-07-08 00:06:31 开始第 24 次操作

2021-07-08 00:06:31 开始操作号码 【1650265】
2021-07-08 00:06:37 GSD getOne 第 1 次 等待 1 秒
2021-07-08 00:06:38 查询号码 【1650265】，返回信息 {"status":"bad","msg":""}
2021-07-08 00:06:38 查询号码 【1650265】，GSD为【""】
2021-07-08 00:06:38 bad
2021-07-08 00:06:39 CHB 1650265?1625673998 第 1 次 等待 1 秒
2021-07-08 00:06:40 CHB 1650265?1625673998 第 1 次 获取到号码【1650265】GSD
2021-07-08 00:06:40 获取到号码【1650265】的GSD为【吉林-通化】
2021-07-08 00:06:44 GSD insert 第 1 次 等待 1 秒
2021-07-08 00:06:45 {"status":"ok","msg":"添加成功！218062"}
2021-07-08 00:06:45 下次操作: 2021-07-08 00:06:54

2021-07-08 00:06:54 开始第 25 次操作

2021-07-08 00:06:54 开始操作号码 【1650266】
2021-07-08 00:07:07 GSD getOne 第 1 次 等待 1 秒
2021-07-08 00:07:08 查询号码 【1650266】，返回信息 {"status":"bad","msg":""}
2021-07-08 00:07:08 查询号码 【1650266】，GSD为【""】
2021-07-08 00:07:08 bad
2021-07-08 00:07:09 CHB 1650266?1625674028 第 1 次 等待 1 秒
2021-07-08 00:07:10 CHB 1650266?1625674028 第 1 次 获取到号码【1650266】GSD
2021-07-08 00:07:10 获取到号码【1650266】的GSD为【陕西-榆林】
2021-07-08 00:07:15 GSD insert 第 1 次 等待 1 秒
2021-07-08 00:07:16 {"status":"ok","msg":"添加成功！218065"}
2021-07-08 00:07:16 下次操作: 2021-07-08 00:07:33

2021-07-08 00:07:33 开始第 26 次操作

2021-07-08 00:07:33 开始操作号码 【1650267】
2021-07-08 00:07:36 GSD getOne 第 1 次 等待 1 秒
2021-07-08 00:07:37 查询号码 【1650267】，返回信息 {"status":"bad","msg":""}
2021-07-08 00:07:37 查询号码 【1650267】，GSD为【""】
2021-07-08 00:07:37 bad
2021-07-08 00:07:38 CHB 1650267?1625674057 第 1 次 等待 1 秒
2021-07-08 00:07:39 CHB 1650267?1625674057 第 1 次 获取到号码【1650267】GSD
2021-07-08 00:07:39 获取到号码【1650267】的GSD为【吉林-白山】
2021-07-08 00:07:44 GSD insert 第 1 次 等待 1 秒
2021-07-08 00:07:45 {"status":"ok","msg":"添加成功！218072"}
2021-07-08 00:07:45 下次操作: 2021-07-08 00:07:53

2021-07-08 00:07:53 开始第 27 次操作

2021-07-08 00:07:53 开始操作号码 【1650268】
2021-07-08 00:07:57 GSD getOne 第 1 次 等待 1 秒
2021-07-08 00:07:58 查询号码 【1650268】，返回信息 {"status":"bad","msg":""}
2021-07-08 00:07:58 查询号码 【1650268】，GSD为【""】
2021-07-08 00:07:58 bad
2021-07-08 00:08:00 CHB 1650268?1625674078 第 1 次 等待 1 秒
2021-07-08 00:08:01 CHB 1650268?1625674078 第 1 次 获取到号码【1650268】GSD
2021-07-08 00:08:01 获取到号码【1650268】的GSD为【吉林-白城】
2021-07-08 00:08:10 GSD insert 第 1 次 等待 1 秒
2021-07-08 00:08:11 {"status":"ok","msg":"添加成功！218080"}
2021-07-08 00:08:11 下次操作: 2021-07-08 00:08:17

2021-07-08 00:08:17 开始第 28 次操作

2021-07-08 00:08:17 开始操作号码 【1650269】
2021-07-08 00:08:21 GSD getOne 第 1 次 等待 1 秒
2021-07-08 00:08:22 查询号码 【1650269】，返回信息 {"status":"bad","msg":""}
2021-07-08 00:08:22 查询号码 【1650269】，GSD为【""】
2021-07-08 00:08:22 bad
2021-07-08 00:08:24 CHB 1650269?1625674102 第 1 次 等待 1 秒
2021-07-08 00:08:25 CHB 1650269?1625674102 第 1 次 获取到号码【1650269】GSD
2021-07-08 00:08:25 获取到号码【1650269】的GSD为【吉林-松原】
2021-07-08 00:08:29 GSD insert 第 1 次 等待 1 秒
2021-07-08 00:08:30 {"status":"ok","msg":"添加成功！218082"}
2021-07-08 00:08:30 下次操作: 2021-07-08 00:08:46

2021-07-08 00:08:46 开始第 29 次操作

2021-07-08 00:08:46 开始操作号码 【1650270】
2021-07-08 00:08:49 GSD getOne 第 1 次 等待 1 秒
2021-07-08 00:08:50 查询号码 【1650270】，返回信息 {"status":"bad","msg":""}
2021-07-08 00:08:50 查询号码 【1650270】，GSD为【""】
2021-07-08 00:08:50 bad
2021-07-08 00:08:52 CHB 1650270?1625674130 第 1 次 等待 1 秒
2021-07-08 00:08:53 CHB 1650270?1625674130 第 1 次 获取到号码【1650270】GSD
2021-07-08 00:08:53 获取到号码【1650270】的GSD为【内蒙古-海拉尔】
2021-07-08 00:09:00 GSD insert 第 1 次 等待 1 秒
2021-07-08 00:09:01 {"status":"ok","msg":"添加成功！218089"}
2021-07-08 00:09:01 下次操作: 2021-07-08 00:09:18

2021-07-08 00:09:18 开始第 30 次操作

2021-07-08 00:09:18 开始操作号码 【1650271】
2021-07-08 00:09:25 GSD getOne 第 1 次 等待 1 秒
2021-07-08 00:09:26 查询号码 【1650271】，返回信息 {"status":"bad","msg":""}
2021-07-08 00:09:26 查询号码 【1650271】，GSD为【""】
2021-07-08 00:09:26 bad
2021-07-08 00:09:28 CHB 1650271?1625674166 第 1 次 等待 1 秒
2021-07-08 00:09:29 CHB 1650271?1625674166 第 1 次 获取到号码【1650271】GSD
2021-07-08 00:09:29 获取到号码【1650271】的GSD为【内蒙古-通辽】
2021-07-08 00:09:32 GSD insert 第 1 次 等待 1 秒
2021-07-08 00:09:33 {"status":"ok","msg":"添加成功！218094"}

