2023-10-15 00:19:04 开始第 3101 次操作

2023-10-15 00:19:04 开始操作号码 【1923067】
2023-10-15 00:19:10 GSD getOne 第 1 次 等待 3 秒
2023-10-15 00:19:13 查询号码 【1923067】，返回信息 {"status":"ok","msg":"湖北-仙桃","gid":"614645","time_insert":"2023-03-25 23:29","time_update":"2023-07-03 14:53"}
2023-10-15 00:19:13 查询号码 【1923067】，GSD为【"湖北-仙桃"】

2023-10-15 00:19:14 开始第 3102 次操作

2023-10-15 00:19:14 开始操作号码 【1923068】
2023-10-15 00:19:17 GSD getOne 第 1 次 等待 3 秒
2023-10-15 00:19:20 查询号码 【1923068】，返回信息 {"status":"ok","msg":"湖北-襄阳","gid":"614672","time_insert":"2023-03-25 23:46","time_update":"2023-06-22 04:48"}
2023-10-15 00:19:20 查询号码 【1923068】，GSD为【"湖北-襄阳"】

2023-10-15 00:19:21 开始第 3103 次操作

2023-10-15 00:19:21 开始操作号码 【1923069】
2023-10-15 00:19:24 GSD getOne 第 1 次 等待 3 秒
2023-10-15 00:19:27 查询号码 【1923069】，返回信息 {"status":"ok","msg":"湖北-黄冈","gid":"614699","time_insert":"2023-03-26 00:03","time_update":"2023-06-22 05:09"}
2023-10-15 00:19:27 查询号码 【1923069】，GSD为【"湖北-黄冈"】

2023-10-15 00:19:28 开始第 3104 次操作

2023-10-15 00:19:28 开始操作号码 【1923070】
2023-10-15 00:19:31 GSD getOne 第 1 次 等待 3 秒
2023-10-15 00:19:34 查询号码 【1923070】，返回信息 {"status":"ok","msg":"上海-上海","gid":"614723","time_insert":"2023-03-26 00:22","time_update":"2023-06-22 05:24"}
2023-10-15 00:19:34 查询号码 【1923070】，GSD为【"上海-上海"】

2023-10-15 00:37:27 开始第 3105 次操作

2023-10-15 00:37:27 开始操作号码 【1923071】
2023-10-15 00:37:39 GSD getOne 第 1 次 等待 3 秒
2023-10-15 00:37:42 查询号码 【1923071】，返回信息 {"status":"ok","msg":"上海-上海","gid":"614749","time_insert":"2023-03-26 00:39","time_update":"2023-06-22 05:40"}
2023-10-15 00:37:42 查询号码 【1923071】，GSD为【"上海-上海"】

2023-10-15 00:37:43 开始第 3106 次操作

2023-10-15 00:37:43 开始操作号码 【1923072】
2023-10-15 00:37:45 GSD getOne 第 1 次 等待 3 秒
2023-10-15 00:37:48 查询号码 【1923072】，返回信息 {"status":"ok","msg":"上海-上海","gid":"614776","time_insert":"2023-03-26 00:57","time_update":"2023-06-22 06:01"}
2023-10-15 00:37:48 查询号码 【1923072】，GSD为【"上海-上海"】

2023-10-15 00:37:50 开始第 3107 次操作

2023-10-15 00:37:50 开始操作号码 【1923073】
2023-10-15 00:37:54 GSD getOne 第 1 次 等待 3 秒
2023-10-15 00:37:57 查询号码 【1923073】，返回信息 {"status":"ok","msg":"上海-上海","gid":"614804","time_insert":"2023-03-26 01:14","time_update":"2023-06-22 06:16"}
2023-10-15 00:37:57 查询号码 【1923073】，GSD为【"上海-上海"】

2023-10-15 00:37:58 开始第 3108 次操作

2023-10-15 00:37:58 开始操作号码 【1923074】
2023-10-15 00:38:02 GSD getOne 第 1 次 等待 3 秒
2023-10-15 00:38:05 查询号码 【1923074】，返回信息 {"status":"ok","msg":"上海-上海","gid":"614834","time_insert":"2023-03-26 01:34","time_update":"2023-06-22 06:39"}
2023-10-15 00:38:05 查询号码 【1923074】，GSD为【"上海-上海"】

2023-10-15 01:12:35 开始第 3109 次操作

2023-10-15 01:12:35 开始操作号码 【1923075】
2023-10-15 01:12:40 GSD getOne 第 1 次 等待 3 秒
2023-10-15 01:12:43 查询号码 【1923075】，返回信息 {"status":"ok","msg":"上海-上海","gid":"614864","time_insert":"2023-03-26 01:50","time_update":"2023-06-22 06:57"}
2023-10-15 01:12:43 查询号码 【1923075】，GSD为【"上海-上海"】

2023-10-15 01:12:44 开始第 3110 次操作

2023-10-15 01:12:44 开始操作号码 【1923076】
2023-10-15 01:12:46 GSD getOne 第 1 次 等待 3 秒
2023-10-15 01:12:49 查询号码 【1923076】，返回信息 {"status":"ok","msg":"上海-上海","gid":"614891","time_insert":"2023-03-26 02:09","time_update":"2023-06-22 07:18"}
2023-10-15 01:12:49 查询号码 【1923076】，GSD为【"上海-上海"】

2023-10-15 01:12:50 开始第 3111 次操作

2023-10-15 01:12:50 开始操作号码 【1923077】
2023-10-15 01:12:53 GSD getOne 第 1 次 等待 3 秒
2023-10-15 01:12:56 查询号码 【1923077】，返回信息 {"status":"ok","msg":"上海-上海","gid":"614920","time_insert":"2023-03-26 02:28","time_update":"2023-06-22 07:33"}
2023-10-15 01:12:56 查询号码 【1923077】，GSD为【"上海-上海"】

2023-10-15 01:12:57 开始第 3112 次操作

2023-10-15 01:12:57 开始操作号码 【1923078】
2023-10-15 01:13:04 GSD getOne 第 1 次 等待 3 秒
2023-10-15 01:13:07 查询号码 【1923078】，返回信息 {"status":"ok","msg":"上海-上海","gid":"614954","time_insert":"2023-03-26 02:47","time_update":"2023-06-22 07:55"}
2023-10-15 01:13:07 查询号码 【1923078】，GSD为【"上海-上海"】

