2024-07-09 00:22:57 开始第 4953 次操作

2024-07-09 00:22:57 开始操作号码 【1494842】
2024-07-09 00:23:08 GSD getOne 第 1 次 等待 3 秒
2024-07-09 00:23:11 查询号码 【1494842】，返回信息 {"status":"ok","msg":"-","gid":"309145","time_insert":"2021-07-18 01:23"}
2024-07-09 00:23:12 查询号码 【1494842】，GSD为【"-"】
2024-07-09 00:23:12 ok && -
2024-07-09 00:23:14 CHB 1494842?1720455792 第 1 次 等待 3 秒
2024-07-09 00:23:17 CHB 1494842?1720455792 第 1 次 获取到号码【1494842】GSD
2024-07-09 00:23:17 未获取到号码【1494842】GSD，可能号码格式错误
2024-07-09 00:23:17 获取到号码【1494842】的GSD为【-】
2024-07-09 00:23:25 GSD insert 第 1 次 等待 3 秒
2024-07-09 00:23:28 {"status":"bad","gid":"309145","msg":"添加失败！号码【1494842(-|-)】已存在！"}
2024-07-09 00:23:28 随机等待 202 秒，约 3 分钟
2024-07-09 00:23:28 下次操作: 2024-07-09 00:26:50

2024-07-09 00:26:50 开始第 4954 次操作

2024-07-09 00:26:50 开始操作号码 【1494843】
2024-07-09 00:27:00 GSD getOne 第 1 次 等待 3 秒
2024-07-09 00:27:03 查询号码 【1494843】，返回信息 {"status":"ok","msg":"-","gid":"309155","time_insert":"2021-07-18 01:24"}
2024-07-09 00:27:03 查询号码 【1494843】，GSD为【"-"】
2024-07-09 00:27:03 ok && -
2024-07-09 00:27:18 CHB 1494843?1720456023 第 1 次 等待 3 秒
2024-07-09 00:27:21 CHB 1494843?1720456023 第 1 次 获取到号码【1494843】GSD
2024-07-09 00:27:21 未获取到号码【1494843】GSD，可能号码格式错误
2024-07-09 00:27:21 获取到号码【1494843】的GSD为【-】
2024-07-09 00:27:29 GSD insert 第 1 次 等待 3 秒
2024-07-09 00:27:32 {"status":"bad","gid":"309155","msg":"添加失败！号码【1494843(-|-)】已存在！"}
2024-07-09 00:27:32 随机等待 190 秒，约 3 分钟
2024-07-09 00:27:32 下次操作: 2024-07-09 00:30:42

2024-07-09 00:30:42 开始第 4955 次操作

2024-07-09 00:30:42 开始操作号码 【1494844】
2024-07-09 00:30:51 GSD getOne 第 1 次 等待 3 秒
2024-07-09 00:30:54 查询号码 【1494844】，返回信息 {"status":"ok","msg":"-","gid":"309165","time_insert":"2021-07-18 01:24"}
2024-07-09 00:30:54 查询号码 【1494844】，GSD为【"-"】
2024-07-09 00:30:54 ok && -
2024-07-09 00:30:56 CHB 1494844?1720456254 第 1 次 等待 3 秒
2024-07-09 00:30:59 CHB 1494844?1720456254 第 1 次 获取到号码【1494844】GSD
2024-07-09 00:30:59 未获取到号码【1494844】GSD，可能号码格式错误
2024-07-09 00:30:59 获取到号码【1494844】的GSD为【-】
2024-07-09 00:31:07 GSD insert 第 1 次 等待 3 秒
2024-07-09 00:31:10 {"status":"bad","gid":"309165","msg":"添加失败！号码【1494844(-|-)】已存在！"}
2024-07-09 00:31:10 随机等待 205 秒，约 3 分钟
2024-07-09 00:31:10 下次操作: 2024-07-09 00:34:35

2024-07-09 00:34:35 开始第 4956 次操作

2024-07-09 00:34:35 开始操作号码 【1494845】
2024-07-09 00:34:43 GSD getOne 第 1 次 等待 3 秒
2024-07-09 00:34:46 查询号码 【1494845】，返回信息 {"status":"ok","msg":"-","gid":"309175","time_insert":"2021-07-18 01:25"}
2024-07-09 00:34:46 查询号码 【1494845】，GSD为【"-"】
2024-07-09 00:34:46 ok && -
2024-07-09 00:34:48 CHB 1494845?1720456486 第 1 次 等待 3 秒
2024-07-09 00:34:51 CHB 1494845?1720456486 第 1 次 获取到号码【1494845】GSD
2024-07-09 00:34:51 未获取到号码【1494845】GSD，可能号码格式错误
2024-07-09 00:34:51 获取到号码【1494845】的GSD为【-】
2024-07-09 00:34:59 GSD insert 第 1 次 等待 3 秒
2024-07-09 00:35:02 {"status":"bad","gid":"309175","msg":"添加失败！号码【1494845(-|-)】已存在！"}

