2023-12-09 00:21:45 开始第 2149 次操作

2023-12-09 00:21:45 开始操作号码 【1822051】
2023-12-09 00:21:55 GSD getOne 第 1 次 等待 3 秒
2023-12-09 00:21:58 查询号码 【1822051】，返回信息 {"status":"ok","msg":"陕西-西安","gid":"35113","time_insert":"2017-03-22 13:39","time_update":"2020-12-08 20:11"}
2023-12-09 00:21:58 查询号码 【1822051】，GSD为【"陕西-西安"】

2023-12-09 00:21:59 开始第 2150 次操作

2023-12-09 00:21:59 开始操作号码 【1822052】
2023-12-09 00:22:03 GSD getOne 第 1 次 等待 3 秒
2023-12-09 00:22:06 查询号码 【1822052】，返回信息 {"status":"ok","msg":"陕西-西安","gid":"407777","time_insert":"2021-07-27 01:34"}
2023-12-09 00:22:06 查询号码 【1822052】，GSD为【"陕西-西安"】

2023-12-09 00:22:07 开始第 2151 次操作

2023-12-09 00:22:07 开始操作号码 【1822053】
2023-12-09 00:22:10 GSD getOne 第 1 次 等待 3 秒
2023-12-09 00:22:14 查询号码 【1822053】，返回信息 {"status":"ok","msg":"陕西-西安","gid":"35114","time_insert":"2017-10-17 14:17","time_update":"2020-12-08 20:15"}
2023-12-09 00:22:14 查询号码 【1822053】，GSD为【"陕西-西安"】

2023-12-09 00:22:15 开始第 2152 次操作

2023-12-09 00:22:15 开始操作号码 【1822054】
2023-12-09 00:22:18 GSD getOne 第 1 次 等待 3 秒
2023-12-09 00:22:21 查询号码 【1822054】，返回信息 {"status":"ok","msg":"陕西-西安","gid":"407945","time_insert":"2021-07-27 01:49"}
2023-12-09 00:22:21 查询号码 【1822054】，GSD为【"陕西-西安"】

