2024-07-31 00:24:25 开始第 8801 次操作

2024-07-31 00:24:25 开始操作号码 【1498690】
2024-07-31 00:24:34 GSD getOne 第 1 次 等待 3 秒
2024-07-31 00:24:37 查询号码 【1498690】，返回信息 {"status":"ok","msg":"江苏-南京","gid":"359820","time_insert":"2021-07-22 22:59","time_update":"2023-05-26 03:08"}
2024-07-31 00:24:37 查询号码 【1498690】，GSD为【"江苏-南京"】

2024-07-31 00:24:38 开始第 8802 次操作

2024-07-31 00:24:38 开始操作号码 【1498691】
2024-07-31 00:24:46 GSD getOne 第 1 次 等待 3 秒
2024-07-31 00:24:49 查询号码 【1498691】，返回信息 {"status":"ok","msg":"江苏-南京","gid":"359828","time_insert":"2021-07-22 23:00","time_update":"2023-05-26 03:14"}
2024-07-31 00:24:49 查询号码 【1498691】，GSD为【"江苏-南京"】

2024-07-31 00:24:50 开始第 8803 次操作

2024-07-31 00:24:50 开始操作号码 【1498692】
2024-07-31 00:24:59 GSD getOne 第 1 次 等待 3 秒
2024-07-31 00:25:02 查询号码 【1498692】，返回信息 {"status":"ok","msg":"江苏-南京","gid":"359835","time_insert":"2021-07-22 23:00","time_update":"2023-05-26 03:18"}
2024-07-31 00:25:02 查询号码 【1498692】，GSD为【"江苏-南京"】

2024-07-31 00:25:03 开始第 8804 次操作

2024-07-31 00:25:03 开始操作号码 【1498693】
2024-07-31 00:25:11 GSD getOne 第 1 次 等待 3 秒
2024-07-31 00:25:14 查询号码 【1498693】，返回信息 {"status":"ok","msg":"江苏-南京","gid":"359843","time_insert":"2021-07-22 23:01","time_update":"2023-05-26 03:19"}
2024-07-31 00:25:14 查询号码 【1498693】，GSD为【"江苏-南京"】

