2024-02-29 00:20:22 开始第 6269 次操作

2024-02-29 00:20:22 开始操作号码 【1716171】
2024-02-29 00:20:28 GSD getOne 第 1 次 等待 3 秒
2024-02-29 00:20:32 查询号码 【1716171】，返回信息 {"status":"ok","msg":"黑龙江-佳木斯","gid":"201904","time_insert":"2021-07-06 00:07"}
2024-02-29 00:20:32 查询号码 【1716171】，GSD为【"黑龙江-佳木斯"】

2024-02-29 00:20:33 开始第 6270 次操作

2024-02-29 00:20:33 开始操作号码 【1716172】
2024-02-29 00:20:38 GSD getOne 第 1 次 等待 3 秒
2024-02-29 00:20:41 查询号码 【1716172】，返回信息 {"status":"ok","msg":"黑龙江-佳木斯","gid":"202158","time_insert":"2021-07-06 01:34"}
2024-02-29 00:20:41 查询号码 【1716172】，GSD为【"黑龙江-佳木斯"】

2024-02-29 00:20:42 开始第 6271 次操作

2024-02-29 00:20:42 开始操作号码 【1716173】
2024-02-29 00:20:50 GSD getOne 第 1 次 等待 3 秒
2024-02-29 00:20:53 查询号码 【1716173】，返回信息 {"status":"ok","msg":"黑龙江-佳木斯","gid":"202168","time_insert":"2021-07-06 01:35"}
2024-02-29 00:20:53 查询号码 【1716173】，GSD为【"黑龙江-佳木斯"】

2024-02-29 00:20:54 开始第 6272 次操作

2024-02-29 00:20:54 开始操作号码 【1716174】
2024-02-29 00:20:58 GSD getOne 第 1 次 等待 3 秒
2024-02-29 00:21:01 查询号码 【1716174】，返回信息 {"status":"ok","msg":"黑龙江-哈尔滨","gid":"202183","time_insert":"2021-07-06 01:36"}
2024-02-29 00:21:01 查询号码 【1716174】，GSD为【"黑龙江-哈尔滨"】

