2024-04-11 00:22:41 开始第 3005 次操作

2024-04-11 00:22:41 开始操作号码 【1602907】
2024-04-11 00:22:49 GSD getOne 第 1 次 等待 3 秒
2024-04-11 00:22:52 查询号码 【1602907】，返回信息 {"status":"ok","msg":"-","gid":"571852","time_insert":"2023-03-05 18:10"}
2024-04-11 00:22:52 查询号码 【1602907】，GSD为【"-"】
2024-04-11 00:22:52 ok && -
2024-04-11 00:22:54 CHB 1602907?1712766172 第 1 次 等待 3 秒
2024-04-11 00:22:57 CHB 1602907?1712766172 第 1 次 获取到号码【1602907】GSD
2024-04-11 00:22:57 未获取到号码【1602907】GSD，可能号码格式错误
2024-04-11 00:22:57 获取到号码【1602907】的GSD为【-】
2024-04-11 00:23:03 GSD insert 第 1 次 等待 3 秒
2024-04-11 00:23:06 {"status":"bad","gid":"571852","msg":"添加失败！号码【1602907(-|-)】已存在！"}
2024-04-11 00:23:06 随机等待 87 秒，约 1 分钟
2024-04-11 00:23:06 下次操作: 2024-04-11 00:24:33

2024-04-11 00:24:33 开始第 3006 次操作

2024-04-11 00:24:33 开始操作号码 【1602908】
2024-04-11 00:24:38 GSD getOne 第 1 次 等待 3 秒
2024-04-11 00:24:41 查询号码 【1602908】，返回信息 {"status":"ok","msg":"-","gid":"571884","time_insert":"2023-03-05 18:30"}
2024-04-11 00:24:41 查询号码 【1602908】，GSD为【"-"】
2024-04-11 00:24:41 ok && -
2024-04-11 00:24:43 CHB 1602908?1712766281 第 1 次 等待 3 秒
2024-04-11 00:24:46 CHB 1602908?1712766281 第 1 次 获取到号码【1602908】GSD
2024-04-11 00:24:46 未获取到号码【1602908】GSD，可能号码格式错误
2024-04-11 00:24:46 获取到号码【1602908】的GSD为【-】
2024-04-11 00:24:50 GSD insert 第 1 次 等待 3 秒
2024-04-11 00:24:53 {"status":"bad","gid":"571884","msg":"添加失败！号码【1602908(-|-)】已存在！"}
2024-04-11 00:24:53 随机等待 209 秒，约 3 分钟
2024-04-11 00:24:53 下次操作: 2024-04-11 00:28:22

2024-04-11 00:28:22 开始第 3007 次操作

2024-04-11 00:28:22 开始操作号码 【1602909】
2024-04-11 00:28:27 GSD getOne 第 1 次 等待 3 秒
2024-04-11 00:28:30 查询号码 【1602909】，返回信息 {"status":"ok","msg":"-","gid":"571897","time_insert":"2023-03-05 18:40"}
2024-04-11 00:28:30 查询号码 【1602909】，GSD为【"-"】
2024-04-11 00:28:30 ok && -
2024-04-11 00:28:33 CHB 1602909?1712766510 第 1 次 等待 3 秒
2024-04-11 00:28:36 CHB 1602909?1712766510 第 1 次 获取到号码【1602909】GSD
2024-04-11 00:28:36 未获取到号码【1602909】GSD，可能号码格式错误
2024-04-11 00:28:36 获取到号码【1602909】的GSD为【-】
2024-04-11 00:28:40 GSD insert 第 1 次 等待 3 秒
2024-04-11 00:28:43 {"status":"bad","gid":"571897","msg":"添加失败！号码【1602909(-|-)】已存在！"}
2024-04-11 00:28:43 随机等待 131 秒，约 2 分钟
2024-04-11 00:28:43 下次操作: 2024-04-11 00:30:54

2024-04-11 00:30:54 开始第 3008 次操作

2024-04-11 00:30:54 开始操作号码 【1602910】
2024-04-11 00:31:00 GSD getOne 第 1 次 等待 3 秒
2024-04-11 00:31:03 查询号码 【1602910】，返回信息 {"status":"ok","msg":"-","gid":"571932","time_insert":"2023-03-05 19:00"}
2024-04-11 00:31:03 查询号码 【1602910】，GSD为【"-"】
2024-04-11 00:31:03 ok && -
2024-04-11 00:31:05 CHB 1602910?1712766663 第 1 次 等待 3 秒
2024-04-11 00:31:08 CHB 1602910?1712766663 第 1 次 获取到号码【1602910】GSD
2024-04-11 00:31:08 未获取到号码【1602910】GSD，可能号码格式错误
2024-04-11 00:31:08 获取到号码【1602910】的GSD为【-】
2024-04-11 00:31:15 GSD insert 第 1 次 等待 3 秒
2024-04-11 00:31:18 {"status":"bad","gid":"571932","msg":"添加失败！号码【1602910(-|-)】已存在！"}

2024-04-11 00:41:28 开始第 3009 次操作

2024-04-11 00:41:28 开始操作号码 【1602911】
2024-04-11 00:41:33 GSD getOne 第 1 次 等待 3 秒
2024-04-11 00:41:36 查询号码 【1602911】，返回信息 {"status":"ok","msg":"-","gid":"571966","time_insert":"2023-03-05 19:20"}
2024-04-11 00:41:36 查询号码 【1602911】，GSD为【"-"】
2024-04-11 00:41:36 ok && -
2024-04-11 00:41:39 CHB 1602911?1712767296 第 1 次 等待 3 秒
2024-04-11 00:41:42 CHB 1602911?1712767296 第 1 次 获取到号码【1602911】GSD
2024-04-11 00:41:42 未获取到号码【1602911】GSD，可能号码格式错误
2024-04-11 00:41:42 获取到号码【1602911】的GSD为【-】
2024-04-11 00:41:50 GSD insert 第 1 次 等待 3 秒
2024-04-11 00:41:53 {"status":"bad","gid":"571966","msg":"添加失败！号码【1602911(-|-)】已存在！"}
2024-04-11 00:41:53 随机等待 152 秒，约 2 分钟
2024-04-11 00:41:53 下次操作: 2024-04-11 00:44:25

2024-04-11 00:44:25 开始第 3010 次操作

2024-04-11 00:44:25 开始操作号码 【1602912】
2024-04-11 00:44:30 GSD getOne 第 1 次 等待 3 秒
2024-04-11 00:44:33 查询号码 【1602912】，返回信息 {"status":"ok","msg":"-","gid":"571996","time_insert":"2023-03-05 19:42"}
2024-04-11 00:44:33 查询号码 【1602912】，GSD为【"-"】
2024-04-11 00:44:33 ok && -
2024-04-11 00:44:35 CHB 1602912?1712767473 第 1 次 等待 3 秒
2024-04-11 00:44:38 CHB 1602912?1712767473 第 1 次 获取到号码【1602912】GSD
2024-04-11 00:44:39 未获取到号码【1602912】GSD，可能号码格式错误
2024-04-11 00:44:39 获取到号码【1602912】的GSD为【-】
2024-04-11 00:44:44 GSD insert 第 1 次 等待 3 秒
2024-04-11 00:44:47 {"status":"bad","gid":"571996","msg":"添加失败！号码【1602912(-|-)】已存在！"}
2024-04-11 00:44:47 随机等待 184 秒，约 3 分钟
2024-04-11 00:44:47 下次操作: 2024-04-11 00:47:51

2024-04-11 00:47:51 开始第 3011 次操作

2024-04-11 00:47:51 开始操作号码 【1602913】
2024-04-11 00:47:56 GSD getOne 第 1 次 等待 3 秒
2024-04-11 00:47:59 查询号码 【1602913】，返回信息 {"status":"ok","msg":"-","gid":"572019","time_insert":"2023-03-05 19:55"}
2024-04-11 00:47:59 查询号码 【1602913】，GSD为【"-"】
2024-04-11 00:47:59 ok && -
2024-04-11 00:48:00 CHB 1602913?1712767679 第 1 次 等待 3 秒
2024-04-11 00:48:03 CHB 1602913?1712767679 第 1 次 获取到号码【1602913】GSD
2024-04-11 00:48:03 未获取到号码【1602913】GSD，可能号码格式错误
2024-04-11 00:48:03 获取到号码【1602913】的GSD为【-】
2024-04-11 00:48:08 GSD insert 第 1 次 等待 3 秒
2024-04-11 00:48:11 {"status":"bad","gid":"572019","msg":"添加失败！号码【1602913(-|-)】已存在！"}
2024-04-11 00:48:11 随机等待 136 秒，约 2 分钟
2024-04-11 00:48:11 下次操作: 2024-04-11 00:50:27

2024-04-11 00:50:27 开始第 3012 次操作

2024-04-11 00:50:27 开始操作号码 【1602914】
2024-04-11 00:50:31 GSD getOne 第 1 次 等待 3 秒
2024-04-11 00:50:34 查询号码 【1602914】，返回信息 {"status":"ok","msg":"-","gid":"572046","time_insert":"2023-03-05 20:18"}
2024-04-11 00:50:34 查询号码 【1602914】，GSD为【"-"】
2024-04-11 00:50:34 ok && -
2024-04-11 00:50:36 CHB 1602914?1712767834 第 1 次 等待 3 秒
2024-04-11 00:50:39 CHB 1602914?1712767834 第 1 次 获取到号码【1602914】GSD
2024-04-11 00:50:39 未获取到号码【1602914】GSD，可能号码格式错误
2024-04-11 00:50:39 获取到号码【1602914】的GSD为【-】
2024-04-11 00:50:44 GSD insert 第 1 次 等待 3 秒
2024-04-11 00:50:47 {"status":"bad","gid":"572046","msg":"添加失败！号码【1602914(-|-)】已存在！"}

2024-04-11 01:14:04 开始第 3013 次操作

2024-04-11 01:14:04 开始操作号码 【1602915】
2024-04-11 01:14:09 GSD getOne 第 1 次 等待 3 秒
2024-04-11 01:14:12 查询号码 【1602915】，返回信息 {"status":"ok","msg":"-","gid":"572061","time_insert":"2023-03-05 20:28"}
2024-04-11 01:14:12 查询号码 【1602915】，GSD为【"-"】
2024-04-11 01:14:12 ok && -
2024-04-11 01:14:14 CHB 1602915?1712769252 第 1 次 等待 3 秒
2024-04-11 01:14:17 CHB 1602915?1712769252 第 1 次 获取到号码【1602915】GSD
2024-04-11 01:14:17 未获取到号码【1602915】GSD，可能号码格式错误
2024-04-11 01:14:17 获取到号码【1602915】的GSD为【-】
2024-04-11 01:14:22 GSD insert 第 1 次 等待 3 秒
2024-04-11 01:14:25 {"status":"bad","gid":"572061","msg":"添加失败！号码【1602915(-|-)】已存在！"}
2024-04-11 01:14:25 随机等待 129 秒，约 2 分钟
2024-04-11 01:14:25 下次操作: 2024-04-11 01:16:34

2024-04-11 01:16:34 开始第 3014 次操作

2024-04-11 01:16:34 开始操作号码 【1602916】
2024-04-11 01:16:38 GSD getOne 第 1 次 等待 3 秒
2024-04-11 01:16:41 查询号码 【1602916】，返回信息 {"status":"ok","msg":"-","gid":"572087","time_insert":"2023-03-05 20:52"}
2024-04-11 01:16:41 查询号码 【1602916】，GSD为【"-"】
2024-04-11 01:16:41 ok && -
2024-04-11 01:16:43 CHB 1602916?1712769401 第 1 次 等待 3 秒
2024-04-11 01:16:46 CHB 1602916?1712769401 第 1 次 获取到号码【1602916】GSD
2024-04-11 01:16:46 未获取到号码【1602916】GSD，可能号码格式错误
2024-04-11 01:16:46 获取到号码【1602916】的GSD为【-】
2024-04-11 01:16:50 GSD insert 第 1 次 等待 3 秒
2024-04-11 01:16:53 {"status":"bad","gid":"572087","msg":"添加失败！号码【1602916(-|-)】已存在！"}
2024-04-11 01:16:53 随机等待 94 秒，约 1 分钟
2024-04-11 01:16:53 下次操作: 2024-04-11 01:18:27

2024-04-11 01:18:27 开始第 3015 次操作

2024-04-11 01:18:27 开始操作号码 【1602917】
2024-04-11 01:18:32 GSD getOne 第 1 次 等待 3 秒
2024-04-11 01:18:35 查询号码 【1602917】，返回信息 {"status":"ok","msg":"-","gid":"572110","time_insert":"2023-03-05 21:07"}
2024-04-11 01:18:35 查询号码 【1602917】，GSD为【"-"】
2024-04-11 01:18:35 ok && -
2024-04-11 01:18:37 CHB 1602917?1712769515 第 1 次 等待 3 秒
2024-04-11 01:18:40 CHB 1602917?1712769515 第 1 次 获取到号码【1602917】GSD
2024-04-11 01:18:40 未获取到号码【1602917】GSD，可能号码格式错误
2024-04-11 01:18:40 获取到号码【1602917】的GSD为【-】
2024-04-11 01:18:44 GSD insert 第 1 次 等待 3 秒
2024-04-11 01:18:47 {"status":"bad","gid":"572110","msg":"添加失败！号码【1602917(-|-)】已存在！"}
2024-04-11 01:18:47 随机等待 101 秒，约 1 分钟
2024-04-11 01:18:47 下次操作: 2024-04-11 01:20:28

2024-04-11 01:20:28 开始第 3016 次操作

2024-04-11 01:20:28 开始操作号码 【1602918】
2024-04-11 01:20:33 GSD getOne 第 1 次 等待 3 秒
2024-04-11 01:20:36 查询号码 【1602918】，返回信息 {"status":"ok","msg":"-","gid":"572138","time_insert":"2023-03-05 21:26"}
2024-04-11 01:20:36 查询号码 【1602918】，GSD为【"-"】
2024-04-11 01:20:36 ok && -
2024-04-11 01:20:38 CHB 1602918?1712769636 第 1 次 等待 3 秒
2024-04-11 01:20:41 CHB 1602918?1712769636 第 1 次 获取到号码【1602918】GSD
2024-04-11 01:20:41 未获取到号码【1602918】GSD，可能号码格式错误
2024-04-11 01:20:41 获取到号码【1602918】的GSD为【-】
2024-04-11 01:20:46 GSD insert 第 1 次 等待 3 秒
2024-04-11 01:20:49 {"status":"bad","gid":"572138","msg":"添加失败！号码【1602918(-|-)】已存在！"}

2024-04-11 01:37:08 开始第 3017 次操作

2024-04-11 01:37:08 开始操作号码 【1602919】
2024-04-11 01:37:15 GSD getOne 第 1 次 等待 3 秒
2024-04-11 01:37:18 查询号码 【1602919】，返回信息 {"status":"ok","msg":"-","gid":"572172","time_insert":"2023-03-05 21:47"}
2024-04-11 01:37:18 查询号码 【1602919】，GSD为【"-"】
2024-04-11 01:37:18 ok && -
2024-04-11 01:37:20 CHB 1602919?1712770638 第 1 次 等待 3 秒
2024-04-11 01:37:23 CHB 1602919?1712770638 第 1 次 获取到号码【1602919】GSD
2024-04-11 01:37:23 未获取到号码【1602919】GSD，可能号码格式错误
2024-04-11 01:37:23 获取到号码【1602919】的GSD为【-】
2024-04-11 01:37:28 GSD insert 第 1 次 等待 3 秒
2024-04-11 01:37:31 {"status":"bad","gid":"572172","msg":"添加失败！号码【1602919(-|-)】已存在！"}
2024-04-11 01:37:31 随机等待 97 秒，约 1 分钟
2024-04-11 01:37:31 下次操作: 2024-04-11 01:39:08

2024-04-11 01:39:08 开始第 3018 次操作

2024-04-11 01:39:08 开始操作号码 【1602920】
2024-04-11 01:39:14 GSD getOne 第 1 次 等待 3 秒
2024-04-11 01:39:17 查询号码 【1602920】，返回信息 {"status":"ok","msg":"-","gid":"572200","time_insert":"2023-03-05 22:04"}
2024-04-11 01:39:17 查询号码 【1602920】，GSD为【"-"】
2024-04-11 01:39:17 ok && -
2024-04-11 01:39:19 CHB 1602920?1712770757 第 1 次 等待 3 秒
2024-04-11 01:39:22 CHB 1602920?1712770757 第 1 次 获取到号码【1602920】GSD
2024-04-11 01:39:22 未获取到号码【1602920】GSD，可能号码格式错误
2024-04-11 01:39:22 获取到号码【1602920】的GSD为【-】
2024-04-11 01:39:27 GSD insert 第 1 次 等待 3 秒
2024-04-11 01:39:30 {"status":"bad","gid":"572200","msg":"添加失败！号码【1602920(-|-)】已存在！"}
2024-04-11 01:39:30 随机等待 90 秒，约 1 分钟
2024-04-11 01:39:30 下次操作: 2024-04-11 01:41:00

2024-04-11 01:41:00 开始第 3019 次操作

2024-04-11 01:41:00 开始操作号码 【1602921】
2024-04-11 01:41:04 GSD getOne 第 1 次 等待 3 秒
2024-04-11 01:41:07 查询号码 【1602921】，返回信息 {"status":"ok","msg":"-","gid":"572222","time_insert":"2023-03-05 22:20"}
2024-04-11 01:41:07 查询号码 【1602921】，GSD为【"-"】
2024-04-11 01:41:07 ok && -
2024-04-11 01:41:09 CHB 1602921?1712770867 第 1 次 等待 3 秒
2024-04-11 01:41:12 CHB 1602921?1712770867 第 1 次 获取到号码【1602921】GSD
2024-04-11 01:41:12 未获取到号码【1602921】GSD，可能号码格式错误
2024-04-11 01:41:12 获取到号码【1602921】的GSD为【-】
2024-04-11 01:41:16 GSD insert 第 1 次 等待 3 秒
2024-04-11 01:41:19 {"status":"bad","gid":"572222","msg":"添加失败！号码【1602921(-|-)】已存在！"}
2024-04-11 01:41:19 随机等待 192 秒，约 3 分钟
2024-04-11 01:41:19 下次操作: 2024-04-11 01:44:31

2024-04-11 01:44:31 开始第 3020 次操作

2024-04-11 01:44:31 开始操作号码 【1602922】
2024-04-11 01:44:37 GSD getOne 第 1 次 等待 3 秒
2024-04-11 01:44:40 查询号码 【1602922】，返回信息 {"status":"ok","msg":"-","gid":"572249","time_insert":"2023-03-05 22:40"}
2024-04-11 01:44:40 查询号码 【1602922】，GSD为【"-"】
2024-04-11 01:44:40 ok && -
2024-04-11 01:44:42 CHB 1602922?1712771080 第 1 次 等待 3 秒
2024-04-11 01:44:45 CHB 1602922?1712771080 第 1 次 获取到号码【1602922】GSD
2024-04-11 01:44:45 未获取到号码【1602922】GSD，可能号码格式错误
2024-04-11 01:44:45 获取到号码【1602922】的GSD为【-】
2024-04-11 01:44:50 GSD insert 第 1 次 等待 3 秒
2024-04-11 01:44:53 {"status":"bad","gid":"572249","msg":"添加失败！号码【1602922(-|-)】已存在！"}

