2024-01-05 00:21:44 开始第 6945 次操作

2024-01-05 00:21:44 开始操作号码 【1826847】
2024-01-05 00:21:49 GSD getOne 第 1 次 等待 3 秒
2024-01-05 00:21:52 查询号码 【1826847】，返回信息 {"status":"ok","msg":"浙江-嘉兴","gid":"414764","time_insert":"2021-07-27 16:18"}
2024-01-05 00:21:52 查询号码 【1826847】，GSD为【"浙江-嘉兴"】

2024-01-05 00:21:53 开始第 6946 次操作

2024-01-05 00:21:53 开始操作号码 【1826848】
2024-01-05 00:21:57 GSD getOne 第 1 次 等待 3 秒
2024-01-05 00:22:00 查询号码 【1826848】，返回信息 {"status":"ok","msg":"浙江-嘉兴","gid":"35843","time_insert":"2014-07-13 14:35","time_update":"2020-09-02 14:28"}
2024-01-05 00:22:00 查询号码 【1826848】，GSD为【"浙江-嘉兴"】

2024-01-05 00:22:01 开始第 6947 次操作

2024-01-05 00:22:01 开始操作号码 【1826849】
2024-01-05 00:22:04 GSD getOne 第 1 次 等待 3 秒
2024-01-05 00:22:07 查询号码 【1826849】，返回信息 {"status":"ok","msg":"浙江-嘉兴","gid":"35844","time_insert":"2018-02-25 18:46","time_update":"2020-09-02 14:32"}
2024-01-05 00:22:07 查询号码 【1826849】，GSD为【"浙江-嘉兴"】

2024-01-05 00:22:08 开始第 6948 次操作

2024-01-05 00:22:08 开始操作号码 【1826850】
2024-01-05 00:22:12 GSD getOne 第 1 次 等待 3 秒
2024-01-05 00:22:15 查询号码 【1826850】，返回信息 {"status":"ok","msg":"浙江-宁波","gid":"414761","time_insert":"2021-07-27 16:17"}
2024-01-05 00:22:15 查询号码 【1826850】，GSD为【"浙江-宁波"】

2024-01-05 00:41:19 开始第 6949 次操作

2024-01-05 00:41:19 开始操作号码 【1826851】
2024-01-05 00:41:23 GSD getOne 第 1 次 等待 3 秒
2024-01-05 00:41:26 查询号码 【1826851】，返回信息 {"status":"ok","msg":"浙江-宁波","gid":"414760","time_insert":"2021-07-27 16:16"}
2024-01-05 00:41:26 查询号码 【1826851】，GSD为【"浙江-宁波"】

2024-01-05 00:41:27 开始第 6950 次操作

2024-01-05 00:41:27 开始操作号码 【1826852】
2024-01-05 00:41:31 GSD getOne 第 1 次 等待 3 秒
2024-01-05 00:41:34 查询号码 【1826852】，返回信息 {"status":"ok","msg":"浙江-宁波","gid":"414759","time_insert":"2021-07-27 16:15"}
2024-01-05 00:41:34 查询号码 【1826852】，GSD为【"浙江-宁波"】

2024-01-05 00:41:35 开始第 6951 次操作

2024-01-05 00:41:35 开始操作号码 【1826853】
2024-01-05 00:41:38 GSD getOne 第 1 次 等待 3 秒
2024-01-05 00:41:41 查询号码 【1826853】，返回信息 {"status":"ok","msg":"浙江-宁波","gid":"50697","time_insert":"2021-04-21 16:58"}
2024-01-05 00:41:41 查询号码 【1826853】，GSD为【"浙江-宁波"】

2024-01-05 00:41:42 开始第 6952 次操作

2024-01-05 00:41:42 开始操作号码 【1826854】
2024-01-05 00:41:45 GSD getOne 第 1 次 等待 3 秒
2024-01-05 00:41:48 查询号码 【1826854】，返回信息 {"status":"ok","msg":"浙江-宁波","gid":"414757","time_insert":"2021-07-27 16:14"}
2024-01-05 00:41:48 查询号码 【1826854】，GSD为【"浙江-宁波"】

2024-01-05 01:14:59 开始第 6953 次操作

2024-01-05 01:14:59 开始操作号码 【1826855】
2024-01-05 01:15:02 GSD getOne 第 1 次 等待 3 秒
2024-01-05 01:15:05 查询号码 【1826855】，返回信息 {"status":"ok","msg":"浙江-宁波","gid":"414754","time_insert":"2021-07-27 16:13"}
2024-01-05 01:15:05 查询号码 【1826855】，GSD为【"浙江-宁波"】

2024-01-05 01:15:06 开始第 6954 次操作

2024-01-05 01:15:06 开始操作号码 【1826856】
2024-01-05 01:15:09 GSD getOne 第 1 次 等待 3 秒
2024-01-05 01:15:12 查询号码 【1826856】，返回信息 {"status":"ok","msg":"浙江-宁波","gid":"414746","time_insert":"2021-07-27 16:12"}
2024-01-05 01:15:12 查询号码 【1826856】，GSD为【"浙江-宁波"】

2024-01-05 01:15:14 开始第 6955 次操作

2024-01-05 01:15:14 开始操作号码 【1826857】
2024-01-05 01:15:17 GSD getOne 第 1 次 等待 3 秒
2024-01-05 01:15:20 查询号码 【1826857】，返回信息 {"status":"ok","msg":"浙江-宁波","gid":"35845","time_insert":"2014-09-27 21:11","time_update":"2020-09-02 14:35"}
2024-01-05 01:15:20 查询号码 【1826857】，GSD为【"浙江-宁波"】

2024-01-05 01:15:21 开始第 6956 次操作

2024-01-05 01:15:21 开始操作号码 【1826858】
2024-01-05 01:15:24 GSD getOne 第 1 次 等待 3 秒
2024-01-05 01:15:27 查询号码 【1826858】，返回信息 {"status":"ok","msg":"浙江-宁波","gid":"35846","time_insert":"2020-05-13 15:36","time_update":"2020-09-02 14:39"}
2024-01-05 01:15:27 查询号码 【1826858】，GSD为【"浙江-宁波"】

2024-01-05 01:37:28 开始第 6957 次操作

2024-01-05 01:37:28 开始操作号码 【1826859】
2024-01-05 01:37:31 GSD getOne 第 1 次 等待 3 秒
2024-01-05 01:37:34 查询号码 【1826859】，返回信息 {"status":"ok","msg":"浙江-宁波","gid":"414742","time_insert":"2021-07-27 16:11"}
2024-01-05 01:37:34 查询号码 【1826859】，GSD为【"浙江-宁波"】

2024-01-05 01:37:35 开始第 6958 次操作

2024-01-05 01:37:35 开始操作号码 【1826860】
2024-01-05 01:37:38 GSD getOne 第 1 次 等待 3 秒
2024-01-05 01:37:41 查询号码 【1826860】，返回信息 {"status":"ok","msg":"浙江-宁波","gid":"414737","time_insert":"2021-07-27 16:10"}
2024-01-05 01:37:41 查询号码 【1826860】，GSD为【"浙江-宁波"】

2024-01-05 01:37:42 开始第 6959 次操作

2024-01-05 01:37:42 开始操作号码 【1826861】
2024-01-05 01:37:45 GSD getOne 第 1 次 等待 3 秒
2024-01-05 01:37:48 查询号码 【1826861】，返回信息 {"status":"ok","msg":"浙江-宁波","gid":"50438","time_insert":"2021-04-21 16:35"}
2024-01-05 01:37:48 查询号码 【1826861】，GSD为【"浙江-宁波"】

2024-01-05 01:37:49 开始第 6960 次操作

2024-01-05 01:37:49 开始操作号码 【1826862】
2024-01-05 01:37:52 GSD getOne 第 1 次 等待 3 秒
2024-01-05 01:37:55 查询号码 【1826862】，返回信息 {"status":"ok","msg":"浙江-宁波","gid":"414730","time_insert":"2021-07-27 16:09"}
2024-01-05 01:37:55 查询号码 【1826862】，GSD为【"浙江-宁波"】

2024-01-05 02:20:40 开始第 6961 次操作

2024-01-05 02:20:40 开始操作号码 【1826863】
2024-01-05 02:20:43 GSD getOne 第 1 次 等待 3 秒
2024-01-05 02:20:46 查询号码 【1826863】，返回信息 {"status":"ok","msg":"浙江-宁波","gid":"414722","time_insert":"2021-07-27 16:08"}
2024-01-05 02:20:46 查询号码 【1826863】，GSD为【"浙江-宁波"】

2024-01-05 02:20:47 开始第 6962 次操作

2024-01-05 02:20:47 开始操作号码 【1826864】
2024-01-05 02:20:50 GSD getOne 第 1 次 等待 3 秒
2024-01-05 02:20:53 查询号码 【1826864】，返回信息 {"status":"ok","msg":"浙江-宁波","gid":"414716","time_insert":"2021-07-27 16:06"}
2024-01-05 02:20:53 查询号码 【1826864】，GSD为【"浙江-宁波"】

2024-01-05 02:20:54 开始第 6963 次操作

2024-01-05 02:20:54 开始操作号码 【1826865】
2024-01-05 02:20:57 GSD getOne 第 1 次 等待 3 秒
2024-01-05 02:21:00 查询号码 【1826865】，返回信息 {"status":"ok","msg":"浙江-宁波","gid":"414711","time_insert":"2021-07-27 16:06"}
2024-01-05 02:21:00 查询号码 【1826865】，GSD为【"浙江-宁波"】

2024-01-05 02:21:01 开始第 6964 次操作

2024-01-05 02:21:01 开始操作号码 【1826866】
2024-01-05 02:21:03 GSD getOne 第 1 次 等待 3 秒
2024-01-05 02:21:06 查询号码 【1826866】，返回信息 {"status":"ok","msg":"浙江-宁波","gid":"414706","time_insert":"2021-07-27 16:05"}
2024-01-05 02:21:06 查询号码 【1826866】，GSD为【"浙江-宁波"】

2024-01-05 02:38:43 开始第 6965 次操作

2024-01-05 02:38:43 开始操作号码 【1826867】
2024-01-05 02:38:47 GSD getOne 第 1 次 等待 3 秒
2024-01-05 02:38:50 查询号码 【1826867】，返回信息 {"status":"ok","msg":"浙江-宁波","gid":"414700","time_insert":"2021-07-27 16:04"}
2024-01-05 02:38:50 查询号码 【1826867】，GSD为【"浙江-宁波"】

2024-01-05 02:38:51 开始第 6966 次操作

2024-01-05 02:38:51 开始操作号码 【1826868】
2024-01-05 02:38:54 GSD getOne 第 1 次 等待 3 秒
2024-01-05 02:38:57 查询号码 【1826868】，返回信息 {"status":"ok","msg":"浙江-宁波","gid":"35847","time_insert":"2018-08-21 21:10","time_update":"2020-09-02 14:42"}
2024-01-05 02:38:57 查询号码 【1826868】，GSD为【"浙江-宁波"】

2024-01-05 02:38:58 开始第 6967 次操作

2024-01-05 02:38:58 开始操作号码 【1826869】
2024-01-05 02:39:02 GSD getOne 第 1 次 等待 3 秒
2024-01-05 02:39:05 查询号码 【1826869】，返回信息 {"status":"ok","msg":"浙江-宁波","gid":"414690","time_insert":"2021-07-27 16:02"}
2024-01-05 02:39:05 查询号码 【1826869】，GSD为【"浙江-宁波"】

2024-01-05 02:39:06 开始第 6968 次操作

2024-01-05 02:39:06 开始操作号码 【1826870】
2024-01-05 02:39:11 GSD getOne 第 1 次 等待 3 秒
2024-01-05 02:39:14 查询号码 【1826870】，返回信息 {"status":"ok","msg":"浙江-舟山","gid":"414680","time_insert":"2021-07-27 16:01"}
2024-01-05 02:39:14 查询号码 【1826870】，GSD为【"浙江-舟山"】

2024-01-05 03:13:08 开始第 6969 次操作

2024-01-05 03:13:08 开始操作号码 【1826871】
2024-01-05 03:13:11 GSD getOne 第 1 次 等待 3 秒
2024-01-05 03:13:14 查询号码 【1826871】，返回信息 {"status":"ok","msg":"浙江-舟山","gid":"414672","time_insert":"2021-07-27 16:01"}
2024-01-05 03:13:15 查询号码 【1826871】，GSD为【"浙江-舟山"】

2024-01-05 03:13:16 开始第 6970 次操作

2024-01-05 03:13:16 开始操作号码 【1826872】
2024-01-05 03:13:19 GSD getOne 第 1 次 等待 3 秒
2024-01-05 03:13:22 查询号码 【1826872】，返回信息 {"status":"ok","msg":"浙江-舟山","gid":"414665","time_insert":"2021-07-27 16:00"}
2024-01-05 03:13:22 查询号码 【1826872】，GSD为【"浙江-舟山"】

2024-01-05 03:13:23 开始第 6971 次操作

2024-01-05 03:13:23 开始操作号码 【1826873】
2024-01-05 03:13:27 GSD getOne 第 1 次 等待 3 秒
2024-01-05 03:13:30 查询号码 【1826873】，返回信息 {"status":"ok","msg":"浙江-舟山","gid":"414653","time_insert":"2021-07-27 15:59"}
2024-01-05 03:13:30 查询号码 【1826873】，GSD为【"浙江-舟山"】

2024-01-05 03:13:31 开始第 6972 次操作

2024-01-05 03:13:31 开始操作号码 【1826874】
2024-01-05 03:13:35 GSD getOne 第 1 次 等待 3 秒
2024-01-05 03:13:38 查询号码 【1826874】，返回信息 {"status":"ok","msg":"浙江-舟山","gid":"414644","time_insert":"2021-07-27 15:58"}
2024-01-05 03:13:38 查询号码 【1826874】，GSD为【"浙江-舟山"】

2024-01-05 03:37:18 开始第 6973 次操作

2024-01-05 03:37:18 开始操作号码 【1826875】
2024-01-05 03:37:23 GSD getOne 第 1 次 等待 3 秒
2024-01-05 03:37:26 查询号码 【1826875】，返回信息 {"status":"ok","msg":"浙江-绍兴","gid":"414315","time_insert":"2021-07-27 15:37"}
2024-01-05 03:37:26 查询号码 【1826875】，GSD为【"浙江-绍兴"】

2024-01-05 03:37:27 开始第 6974 次操作

2024-01-05 03:37:27 开始操作号码 【1826876】
2024-01-05 03:37:31 GSD getOne 第 1 次 等待 3 秒
2024-01-05 03:37:34 查询号码 【1826876】，返回信息 {"status":"ok","msg":"浙江-绍兴","gid":"414303","time_insert":"2021-07-27 15:36"}
2024-01-05 03:37:34 查询号码 【1826876】，GSD为【"浙江-绍兴"】

2024-01-05 03:37:35 开始第 6975 次操作

2024-01-05 03:37:35 开始操作号码 【1826877】
2024-01-05 03:37:39 GSD getOne 第 1 次 等待 3 秒
2024-01-05 03:37:42 查询号码 【1826877】，返回信息 {"status":"ok","msg":"浙江-绍兴","gid":"414293","time_insert":"2021-07-27 15:36"}
2024-01-05 03:37:42 查询号码 【1826877】，GSD为【"浙江-绍兴"】

2024-01-05 03:37:43 开始第 6976 次操作

2024-01-05 03:37:43 开始操作号码 【1826878】
2024-01-05 03:37:47 GSD getOne 第 1 次 等待 3 秒
2024-01-05 03:37:50 查询号码 【1826878】，返回信息 {"status":"ok","msg":"浙江-绍兴","gid":"414287","time_insert":"2021-07-27 15:34"}
2024-01-05 03:37:50 查询号码 【1826878】，GSD为【"浙江-绍兴"】

2024-01-05 04:17:37 开始第 6977 次操作

2024-01-05 04:17:37 开始操作号码 【1826879】
2024-01-05 04:17:42 GSD getOne 第 1 次 等待 3 秒
2024-01-05 04:17:45 查询号码 【1826879】，返回信息 {"status":"ok","msg":"浙江-绍兴","gid":"414284","time_insert":"2021-07-27 15:34"}
2024-01-05 04:17:45 查询号码 【1826879】，GSD为【"浙江-绍兴"】

2024-01-05 04:17:46 开始第 6978 次操作

2024-01-05 04:17:46 开始操作号码 【1826880】
2024-01-05 04:17:49 GSD getOne 第 1 次 等待 3 秒
2024-01-05 04:17:52 查询号码 【1826880】，返回信息 {"status":"ok","msg":"浙江-杭州","gid":"35848","time_insert":"2017-06-21 15:45","time_update":"2020-09-02 14:43"}
2024-01-05 04:17:52 查询号码 【1826880】，GSD为【"浙江-杭州"】

2024-01-05 04:17:53 开始第 6979 次操作

2024-01-05 04:17:53 开始操作号码 【1826881】
2024-01-05 04:17:57 GSD getOne 第 1 次 等待 3 秒
2024-01-05 04:18:00 查询号码 【1826881】，返回信息 {"status":"ok","msg":"浙江-杭州","gid":"414280","time_insert":"2021-07-27 15:32"}
2024-01-05 04:18:00 查询号码 【1826881】，GSD为【"浙江-杭州"】

2024-01-05 04:18:01 开始第 6980 次操作

2024-01-05 04:18:01 开始操作号码 【1826882】
2024-01-05 04:18:05 GSD getOne 第 1 次 等待 3 秒
2024-01-05 04:18:08 查询号码 【1826882】，返回信息 {"status":"ok","msg":"浙江-杭州","gid":"414275","time_insert":"2021-07-27 15:31"}
2024-01-05 04:18:08 查询号码 【1826882】，GSD为【"浙江-杭州"】

2024-01-05 04:37:39 开始第 6981 次操作

2024-01-05 04:37:39 开始操作号码 【1826883】
2024-01-05 04:37:41 GSD getOne 第 1 次 等待 3 秒
2024-01-05 04:37:44 查询号码 【1826883】，返回信息 {"status":"ok","msg":"浙江-杭州","gid":"414269","time_insert":"2021-07-27 15:31"}
2024-01-05 04:37:44 查询号码 【1826883】，GSD为【"浙江-杭州"】

2024-01-05 04:37:46 开始第 6982 次操作

2024-01-05 04:37:46 开始操作号码 【1826884】
2024-01-05 04:37:48 GSD getOne 第 1 次 等待 3 秒
2024-01-05 04:37:51 查询号码 【1826884】，返回信息 {"status":"ok","msg":"浙江-杭州","gid":"414264","time_insert":"2021-07-27 15:30"}
2024-01-05 04:37:51 查询号码 【1826884】，GSD为【"浙江-杭州"】

2024-01-05 04:37:52 开始第 6983 次操作

2024-01-05 04:37:52 开始操作号码 【1826885】
2024-01-05 04:37:56 GSD getOne 第 1 次 等待 3 秒
2024-01-05 04:37:59 查询号码 【1826885】，返回信息 {"status":"ok","msg":"浙江-杭州","gid":"414261","time_insert":"2021-07-27 15:29"}
2024-01-05 04:37:59 查询号码 【1826885】，GSD为【"浙江-杭州"】

2024-01-05 04:38:00 开始第 6984 次操作

2024-01-05 04:38:00 开始操作号码 【1826886】
2024-01-05 04:38:04 GSD getOne 第 1 次 等待 3 秒
2024-01-05 04:38:07 查询号码 【1826886】，返回信息 {"status":"ok","msg":"浙江-杭州","gid":"35849","time_insert":"2019-04-15 19:15","time_update":"2020-09-02 14:46"}
2024-01-05 04:38:07 查询号码 【1826886】，GSD为【"浙江-杭州"】

2024-01-05 05:14:37 开始第 6985 次操作

2024-01-05 05:14:37 开始操作号码 【1826887】
2024-01-05 05:14:39 GSD getOne 第 1 次 等待 3 秒
2024-01-05 05:14:42 查询号码 【1826887】，返回信息 {"status":"ok","msg":"浙江-杭州","gid":"35850","time_insert":"2017-02-05 08:32","time_update":"2020-09-02 14:50"}
2024-01-05 05:14:42 查询号码 【1826887】，GSD为【"浙江-杭州"】

2024-01-05 05:14:43 开始第 6986 次操作

2024-01-05 05:14:43 开始操作号码 【1826888】
2024-01-05 05:14:46 GSD getOne 第 1 次 等待 3 秒
2024-01-05 05:14:49 查询号码 【1826888】，返回信息 {"status":"ok","msg":"浙江-杭州","gid":"414252","time_insert":"2021-07-27 15:27"}
2024-01-05 05:14:49 查询号码 【1826888】，GSD为【"浙江-杭州"】

2024-01-05 05:14:50 开始第 6987 次操作

2024-01-05 05:14:50 开始操作号码 【1826889】
2024-01-05 05:14:53 GSD getOne 第 1 次 等待 3 秒
2024-01-05 05:14:56 查询号码 【1826889】，返回信息 {"status":"ok","msg":"浙江-杭州","gid":"414245","time_insert":"2021-07-27 15:27"}
2024-01-05 05:14:56 查询号码 【1826889】，GSD为【"浙江-杭州"】

2024-01-05 05:14:57 开始第 6988 次操作

2024-01-05 05:14:57 开始操作号码 【1826890】
2024-01-05 05:15:00 GSD getOne 第 1 次 等待 3 秒
2024-01-05 05:15:03 查询号码 【1826890】，返回信息 {"status":"ok","msg":"浙江-丽水","gid":"414239","time_insert":"2021-07-27 15:26"}
2024-01-05 05:15:03 查询号码 【1826890】，GSD为【"浙江-丽水"】

