2023-12-30 00:22:34 开始第 5881 次操作

2023-12-30 00:22:34 开始操作号码 【1825783】
2023-12-30 00:22:39 GSD getOne 第 1 次 等待 3 秒
2023-12-30 00:22:42 查询号码 【1825783】，返回信息 {"status":"ok","msg":"浙江-金华","gid":"426301","time_insert":"2021-07-28 18:07"}
2023-12-30 00:22:43 查询号码 【1825783】，GSD为【"浙江-金华"】

2023-12-30 00:22:44 开始第 5882 次操作

2023-12-30 00:22:44 开始操作号码 【1825784】
2023-12-30 00:22:48 GSD getOne 第 1 次 等待 3 秒
2023-12-30 00:22:51 查询号码 【1825784】，返回信息 {"status":"ok","msg":"浙江-金华","gid":"35743","time_insert":"2017-09-29 10:33","time_update":"2020-09-02 11:04"}
2023-12-30 00:22:51 查询号码 【1825784】，GSD为【"浙江-金华"】

2023-12-30 00:22:52 开始第 5883 次操作

2023-12-30 00:22:52 开始操作号码 【1825785】
2023-12-30 00:22:55 GSD getOne 第 1 次 等待 3 秒
2023-12-30 00:22:58 查询号码 【1825785】，返回信息 {"status":"ok","msg":"浙江-金华","gid":"426297","time_insert":"2021-07-28 18:07"}
2023-12-30 00:22:58 查询号码 【1825785】，GSD为【"浙江-金华"】

2023-12-30 00:22:59 开始第 5884 次操作

2023-12-30 00:22:59 开始操作号码 【1825786】
2023-12-30 00:23:06 GSD getOne 第 1 次 等待 3 秒
2023-12-30 00:23:09 查询号码 【1825786】，返回信息 {"status":"ok","msg":"浙江-金华","gid":"426291","time_insert":"2021-07-28 18:06"}
2023-12-30 00:23:09 查询号码 【1825786】，GSD为【"浙江-金华"】

2023-12-30 00:40:46 开始第 5885 次操作

2023-12-30 00:40:46 开始操作号码 【1825787】
2023-12-30 00:40:53 GSD getOne 第 1 次 等待 3 秒
2023-12-30 00:40:56 查询号码 【1825787】，返回信息 {"status":"ok","msg":"浙江-金华","gid":"35744","time_insert":"2017-07-22 20:15","time_update":"2020-09-02 11:07"}
2023-12-30 00:40:56 查询号码 【1825787】，GSD为【"浙江-金华"】

2023-12-30 00:40:57 开始第 5886 次操作

2023-12-30 00:40:57 开始操作号码 【1825788】
2023-12-30 00:41:00 GSD getOne 第 1 次 等待 3 秒
2023-12-30 00:41:03 查询号码 【1825788】，返回信息 {"status":"ok","msg":"浙江-金华","gid":"426283","time_insert":"2021-07-28 18:05"}
2023-12-30 00:41:03 查询号码 【1825788】，GSD为【"浙江-金华"】

2023-12-30 00:41:04 开始第 5887 次操作

2023-12-30 00:41:04 开始操作号码 【1825789】
2023-12-30 00:41:08 GSD getOne 第 1 次 等待 3 秒
2023-12-30 00:41:11 查询号码 【1825789】，返回信息 {"status":"ok","msg":"浙江-金华","gid":"35745","time_insert":"2016-11-10 20:35","time_update":"2020-09-02 11:11"}
2023-12-30 00:41:11 查询号码 【1825789】，GSD为【"浙江-金华"】

2023-12-30 00:41:12 开始第 5888 次操作

2023-12-30 00:41:12 开始操作号码 【1825790】
2023-12-30 00:41:16 GSD getOne 第 1 次 等待 3 秒
2023-12-30 00:41:19 查询号码 【1825790】，返回信息 {"status":"ok","msg":"浙江-金华","gid":"426275","time_insert":"2021-07-28 18:04"}
2023-12-30 00:41:19 查询号码 【1825790】，GSD为【"浙江-金华"】

