2023-12-16 00:22:24 开始第 3389 次操作

2023-12-16 00:22:24 开始操作号码 【1823291】
2023-12-16 00:22:29 GSD getOne 第 1 次 等待 3 秒
2023-12-16 00:22:32 查询号码 【1823291】，返回信息 {"status":"ok","msg":"河北-衡水","gid":"454806","time_insert":"2021-07-31 10:32"}
2023-12-16 00:22:32 查询号码 【1823291】，GSD为【"河北-衡水"】

2023-12-16 00:22:33 开始第 3390 次操作

2023-12-16 00:22:33 开始操作号码 【1823292】
2023-12-16 00:22:37 GSD getOne 第 1 次 等待 3 秒
2023-12-16 00:22:40 查询号码 【1823292】，返回信息 {"status":"ok","msg":"河北-衡水","gid":"454804","time_insert":"2021-07-31 10:31"}
2023-12-16 00:22:40 查询号码 【1823292】，GSD为【"河北-衡水"】

2023-12-16 00:22:41 开始第 3391 次操作

2023-12-16 00:22:41 开始操作号码 【1823293】
2023-12-16 00:22:46 GSD getOne 第 1 次 等待 3 秒
2023-12-16 00:22:49 查询号码 【1823293】，返回信息 {"status":"ok","msg":"河北-衡水","gid":"454800","time_insert":"2021-07-31 10:30"}
2023-12-16 00:22:49 查询号码 【1823293】，GSD为【"河北-衡水"】

2023-12-16 00:22:50 开始第 3392 次操作

2023-12-16 00:22:50 开始操作号码 【1823294】
2023-12-16 00:22:53 GSD getOne 第 1 次 等待 3 秒
2023-12-16 00:22:56 查询号码 【1823294】，返回信息 {"status":"ok","msg":"河北-衡水","gid":"454798","time_insert":"2021-07-31 10:30"}
2023-12-16 00:22:56 查询号码 【1823294】，GSD为【"河北-衡水"】

2023-12-16 00:39:51 开始第 3393 次操作

2023-12-16 00:39:51 开始操作号码 【1823295】
2023-12-16 00:39:55 GSD getOne 第 1 次 等待 3 秒
2023-12-16 00:39:58 查询号码 【1823295】，返回信息 {"status":"ok","msg":"河北-衡水","gid":"454796","time_insert":"2021-07-31 10:29"}
2023-12-16 00:39:58 查询号码 【1823295】，GSD为【"河北-衡水"】

2023-12-16 00:39:59 开始第 3394 次操作

2023-12-16 00:39:59 开始操作号码 【1823296】
2023-12-16 00:40:03 GSD getOne 第 1 次 等待 3 秒
2023-12-16 00:40:06 查询号码 【1823296】，返回信息 {"status":"ok","msg":"河北-衡水","gid":"454794","time_insert":"2021-07-31 10:28"}
2023-12-16 00:40:06 查询号码 【1823296】，GSD为【"河北-衡水"】

2023-12-16 00:40:07 开始第 3395 次操作

2023-12-16 00:40:07 开始操作号码 【1823297】
2023-12-16 00:40:11 GSD getOne 第 1 次 等待 3 秒
2023-12-16 00:40:14 查询号码 【1823297】，返回信息 {"status":"ok","msg":"河北-衡水","gid":"454790","time_insert":"2021-07-31 10:27"}
2023-12-16 00:40:14 查询号码 【1823297】，GSD为【"河北-衡水"】

2023-12-16 00:40:15 开始第 3396 次操作

2023-12-16 00:40:15 开始操作号码 【1823298】
2023-12-16 00:40:20 GSD getOne 第 1 次 等待 3 秒
2023-12-16 00:40:23 查询号码 【1823298】，返回信息 {"status":"ok","msg":"河北-衡水","gid":"454787","time_insert":"2021-07-31 10:26"}
2023-12-16 00:40:24 查询号码 【1823298】，GSD为【"河北-衡水"】

2023-12-16 01:15:05 开始第 3397 次操作

2023-12-16 01:15:05 开始操作号码 【1823299】
2023-12-16 01:15:10 GSD getOne 第 1 次 等待 3 秒
2023-12-16 01:15:13 查询号码 【1823299】，返回信息 {"status":"ok","msg":"河北-衡水","gid":"35555","time_insert":"2017-10-07 20:38","time_update":"2020-08-18 13:56"}
2023-12-16 01:15:13 查询号码 【1823299】，GSD为【"河北-衡水"】

2023-12-16 01:15:14 开始第 3398 次操作

2023-12-16 01:15:14 开始操作号码 【1823300】
2023-12-16 01:15:19 GSD getOne 第 1 次 等待 3 秒
2023-12-16 01:15:22 查询号码 【1823300】，返回信息 {"status":"ok","msg":"河北-邢台","gid":"454780","time_insert":"2021-07-31 10:25"}
2023-12-16 01:15:22 查询号码 【1823300】，GSD为【"河北-邢台"】

2023-12-16 01:15:23 开始第 3399 次操作

2023-12-16 01:15:23 开始操作号码 【1823301】
2023-12-16 01:15:28 GSD getOne 第 1 次 等待 3 秒
2023-12-16 01:15:31 查询号码 【1823301】，返回信息 {"status":"ok","msg":"河北-邢台","gid":"454776","time_insert":"2021-07-31 10:24"}
2023-12-16 01:15:31 查询号码 【1823301】，GSD为【"河北-邢台"】

2023-12-16 01:15:32 开始第 3400 次操作

2023-12-16 01:15:32 开始操作号码 【1823302】
2023-12-16 01:15:39 GSD getOne 第 1 次 等待 3 秒
2023-12-16 01:15:42 查询号码 【1823302】，返回信息 {"status":"ok","msg":"河北-邢台","gid":"454774","time_insert":"2021-07-31 10:23"}
2023-12-16 01:15:42 查询号码 【1823302】，GSD为【"河北-邢台"】

