2024-06-21 00:23:47 开始第 1789 次操作

2024-06-21 00:23:47 开始操作号码 【1491683】
2024-06-21 00:24:14 GSD getOne 第 1 次 等待 3 秒
2024-06-21 00:24:17 查询号码 【1491683】，返回信息 {"status":"ok","msg":"江苏-南京","gid":"272238","time_insert":"2021-07-14 06:49"}
2024-06-21 00:24:17 查询号码 【1491683】，GSD为【"江苏-南京"】

2024-06-21 00:24:18 开始第 1790 次操作

2024-06-21 00:24:18 开始操作号码 【1491684】
2024-06-21 00:24:38 GSD getOne 第 1 次 等待 3 秒
2024-06-21 00:24:41 查询号码 【1491684】，返回信息 {"status":"ok","msg":"江苏-南京","gid":"272245","time_insert":"2021-07-14 06:50"}
2024-06-21 00:24:41 查询号码 【1491684】，GSD为【"江苏-南京"】

2024-06-21 00:24:42 开始第 1791 次操作

2024-06-21 00:24:42 开始操作号码 【1491685】
2024-06-21 00:25:07 GSD getOne 第 1 次 等待 3 秒
2024-06-21 00:25:10 查询号码 【1491685】，返回信息 {"status":"ok","msg":"江苏-南京","gid":"272251","time_insert":"2021-07-14 06:50"}
2024-06-21 00:25:10 查询号码 【1491685】，GSD为【"江苏-南京"】

2024-06-21 00:25:11 开始第 1792 次操作

2024-06-21 00:25:11 开始操作号码 【1491686】
2024-06-21 00:25:28 GSD getOne 第 1 次 等待 3 秒
2024-06-21 00:25:31 查询号码 【1491686】，返回信息 {"status":"ok","msg":"江苏-南京","gid":"272257","time_insert":"2021-07-14 06:50"}
2024-06-21 00:25:31 查询号码 【1491686】，GSD为【"江苏-南京"】

