2024-06-19 00:23:19 开始第 1437 次操作

2024-06-19 00:23:19 开始操作号码 【1491331】
2024-06-19 00:23:26 GSD getOne 第 1 次 等待 3 秒
2024-06-19 00:23:29 查询号码 【1491331】，返回信息 {"status":"ok","msg":"江苏-南京","gid":"267903","time_insert":"2021-07-13 19:39"}
2024-06-19 00:23:29 查询号码 【1491331】，GSD为【"江苏-南京"】

2024-06-19 00:23:30 开始第 1438 次操作

2024-06-19 00:23:30 开始操作号码 【1491332】
2024-06-19 00:23:35 GSD getOne 第 1 次 等待 3 秒
2024-06-19 00:23:38 查询号码 【1491332】，返回信息 {"status":"ok","msg":"江苏-南京","gid":"267919","time_insert":"2021-07-13 19:40"}
2024-06-19 00:23:38 查询号码 【1491332】，GSD为【"江苏-南京"】

2024-06-19 00:23:39 开始第 1439 次操作

2024-06-19 00:23:39 开始操作号码 【1491333】
2024-06-19 00:23:46 GSD getOne 第 1 次 等待 3 秒
2024-06-19 00:23:49 查询号码 【1491333】，返回信息 {"status":"ok","msg":"江苏-南京","gid":"267935","time_insert":"2021-07-13 19:41"}
2024-06-19 00:23:49 查询号码 【1491333】，GSD为【"江苏-南京"】

2024-06-19 00:23:50 开始第 1440 次操作

2024-06-19 00:23:50 开始操作号码 【1491334】
2024-06-19 00:23:58 GSD getOne 第 1 次 等待 3 秒
2024-06-19 00:24:01 查询号码 【1491334】，返回信息 {"status":"ok","msg":"江苏-南京","gid":"267951","time_insert":"2021-07-13 19:41"}
2024-06-19 00:24:01 查询号码 【1491334】，GSD为【"江苏-南京"】

