2024-11-10 00:10:23 开始第 4133 次操作

2024-11-10 00:10:23 开始操作号码 【1304132】
2024-11-10 00:10:24 GSD getOne 第 1 次 等待 3 秒
2024-11-10 00:10:27 查询号码 【1304132】，返回信息 {"status":"ok","msg":"吉林-吉林","gid":"81857","time_insert":"2021-06-05 22:48"}
2024-11-10 00:10:27 查询号码 【1304132】，GSD为【"吉林-吉林"】

2024-11-10 00:10:28 开始第 4134 次操作

2024-11-10 00:10:28 开始操作号码 【1304133】
2024-11-10 00:10:29 GSD getOne 第 1 次 等待 3 秒
2024-11-10 00:10:32 查询号码 【1304133】，返回信息 {"status":"ok","msg":"吉林-吉林","gid":"81892","time_insert":"2021-06-05 23:17"}
2024-11-10 00:10:32 查询号码 【1304133】，GSD为【"吉林-吉林"】

2024-11-10 00:10:33 开始第 4135 次操作

2024-11-10 00:10:33 开始操作号码 【1304134】
2024-11-10 00:10:34 GSD getOne 第 1 次 等待 3 秒
2024-11-10 00:10:37 查询号码 【1304134】，返回信息 {"status":"ok","msg":"吉林-吉林","gid":"81922","time_insert":"2021-06-05 23:46"}
2024-11-10 00:10:37 查询号码 【1304134】，GSD为【"吉林-吉林"】

2024-11-10 00:10:38 开始第 4136 次操作

2024-11-10 00:10:38 开始操作号码 【1304135】
2024-11-10 00:10:40 GSD getOne 第 1 次 等待 3 秒
2024-11-10 00:10:43 查询号码 【1304135】，返回信息 {"status":"ok","msg":"吉林-吉林","gid":"81946","time_insert":"2021-06-06 00:09"}
2024-11-10 00:10:43 查询号码 【1304135】，GSD为【"吉林-吉林"】

2024-11-10 00:39:00 开始第 4137 次操作

2024-11-10 00:39:00 开始操作号码 【1304136】
2024-11-10 00:39:01 GSD getOne 第 1 次 等待 3 秒
2024-11-10 00:39:04 查询号码 【1304136】，返回信息 {"status":"ok","msg":"吉林-长春","gid":"81968","time_insert":"2021-06-06 00:31","time_update":"2021-06-06 00:34"}
2024-11-10 00:39:04 查询号码 【1304136】，GSD为【"吉林-长春"】

2024-11-10 00:39:05 开始第 4138 次操作

2024-11-10 00:39:05 开始操作号码 【1304137】
2024-11-10 00:39:06 GSD getOne 第 1 次 等待 3 秒
2024-11-10 00:39:09 查询号码 【1304137】，返回信息 {"status":"ok","msg":"吉林-长春","gid":"81994","time_insert":"2021-06-06 00:55"}
2024-11-10 00:39:09 查询号码 【1304137】，GSD为【"吉林-长春"】

2024-11-10 00:39:10 开始第 4139 次操作

2024-11-10 00:39:10 开始操作号码 【1304138】
2024-11-10 00:39:11 GSD getOne 第 1 次 等待 3 秒
2024-11-10 00:39:14 查询号码 【1304138】，返回信息 {"status":"ok","msg":"吉林-长春","gid":"82023","time_insert":"2021-06-06 01:19"}
2024-11-10 00:39:14 查询号码 【1304138】，GSD为【"吉林-长春"】

2024-11-10 00:39:15 开始第 4140 次操作

2024-11-10 00:39:15 开始操作号码 【1304139】
2024-11-10 00:39:16 GSD getOne 第 1 次 等待 3 秒
2024-11-10 00:39:19 查询号码 【1304139】，返回信息 {"status":"ok","msg":"吉林-长春","gid":"82053","time_insert":"2021-06-06 01:45"}
2024-11-10 00:39:19 查询号码 【1304139】，GSD为【"吉林-长春"】

2024-11-10 01:07:43 开始第 4141 次操作

2024-11-10 01:07:43 开始操作号码 【1304140】
2024-11-10 01:07:44 GSD getOne 第 1 次 等待 3 秒
2024-11-10 01:07:47 查询号码 【1304140】，返回信息 {"status":"ok","msg":"江苏-苏州","gid":"82081","time_insert":"2021-06-06 02:12"}
2024-11-10 01:07:47 查询号码 【1304140】，GSD为【"江苏-苏州"】

2024-11-10 01:07:48 开始第 4142 次操作

2024-11-10 01:07:48 开始操作号码 【1304141】
2024-11-10 01:07:49 GSD getOne 第 1 次 等待 3 秒
2024-11-10 01:07:52 查询号码 【1304141】，返回信息 {"status":"ok","msg":"江苏-苏州","gid":"82111","time_insert":"2021-06-06 02:40"}
2024-11-10 01:07:52 查询号码 【1304141】，GSD为【"江苏-苏州"】

2024-11-10 01:07:54 开始第 4143 次操作

2024-11-10 01:07:54 开始操作号码 【1304142】
2024-11-10 01:07:55 GSD getOne 第 1 次 等待 3 秒
2024-11-10 01:07:58 查询号码 【1304142】，返回信息 {"status":"ok","msg":"江苏-苏州","gid":"82134","time_insert":"2021-06-06 03:02"}
2024-11-10 01:07:58 查询号码 【1304142】，GSD为【"江苏-苏州"】

2024-11-10 01:07:59 开始第 4144 次操作

2024-11-10 01:07:59 开始操作号码 【1304143】
2024-11-10 01:08:00 GSD getOne 第 1 次 等待 3 秒
2024-11-10 01:08:03 查询号码 【1304143】，返回信息 {"status":"ok","msg":"江苏-苏州","gid":"82158","time_insert":"2021-06-06 03:25"}
2024-11-10 01:08:03 查询号码 【1304143】，GSD为【"江苏-苏州"】

2024-11-10 01:32:36 开始第 4145 次操作

2024-11-10 01:32:36 开始操作号码 【1304144】
2024-11-10 01:32:38 GSD getOne 第 1 次 等待 3 秒
2024-11-10 01:32:41 查询号码 【1304144】，返回信息 {"status":"ok","msg":"江苏-苏州","gid":"82178","time_insert":"2021-06-06 03:46"}
2024-11-10 01:32:41 查询号码 【1304144】，GSD为【"江苏-苏州"】

2024-11-10 01:32:42 开始第 4146 次操作

2024-11-10 01:32:42 开始操作号码 【1304145】
2024-11-10 01:32:43 GSD getOne 第 1 次 等待 3 秒
2024-11-10 01:32:46 查询号码 【1304145】，返回信息 {"status":"ok","msg":"江苏-苏州","gid":"82200","time_insert":"2021-06-06 04:07"}
2024-11-10 01:32:46 查询号码 【1304145】，GSD为【"江苏-苏州"】

2024-11-10 01:32:47 开始第 4147 次操作

2024-11-10 01:32:47 开始操作号码 【1304146】
2024-11-10 01:32:48 GSD getOne 第 1 次 等待 3 秒
2024-11-10 01:32:51 查询号码 【1304146】，返回信息 {"status":"ok","msg":"江苏-苏州","gid":"82230","time_insert":"2021-06-06 04:37"}
2024-11-10 01:32:51 查询号码 【1304146】，GSD为【"江苏-苏州"】

2024-11-10 01:32:52 开始第 4148 次操作

2024-11-10 01:32:52 开始操作号码 【1304147】
2024-11-10 01:32:53 GSD getOne 第 1 次 等待 3 秒
2024-11-10 01:32:56 查询号码 【1304147】，返回信息 {"status":"ok","msg":"江苏-苏州","gid":"82253","time_insert":"2021-06-06 05:01"}
2024-11-10 01:32:56 查询号码 【1304147】，GSD为【"江苏-苏州"】

