2024-01-02 00:20:35 开始第 6417 次操作

2024-01-02 00:20:35 开始操作号码 【1826319】
2024-01-02 00:20:38 GSD getOne 第 1 次 等待 3 秒
2024-01-02 00:20:41 查询号码 【1826319】，返回信息 {"status":"ok","msg":"山东-威海","gid":"421353","time_insert":"2021-07-28 05:11"}
2024-01-02 00:20:41 查询号码 【1826319】，GSD为【"山东-威海"】

2024-01-02 00:20:42 开始第 6418 次操作

2024-01-02 00:20:42 开始操作号码 【1826320】
2024-01-02 00:20:45 GSD getOne 第 1 次 等待 3 秒
2024-01-02 00:20:48 查询号码 【1826320】，返回信息 {"status":"ok","msg":"山东-枣庄","gid":"421350","time_insert":"2021-07-28 05:10"}
2024-01-02 00:20:48 查询号码 【1826320】，GSD为【"山东-枣庄"】

2024-01-02 00:20:49 开始第 6419 次操作

2024-01-02 00:20:49 开始操作号码 【1826321】
2024-01-02 00:20:52 GSD getOne 第 1 次 等待 3 秒
2024-01-02 00:20:55 查询号码 【1826321】，返回信息 {"status":"ok","msg":"山东-枣庄","gid":"421345","time_insert":"2021-07-28 05:09"}
2024-01-02 00:20:55 查询号码 【1826321】，GSD为【"山东-枣庄"】

2024-01-02 00:20:56 开始第 6420 次操作

2024-01-02 00:20:56 开始操作号码 【1826322】
2024-01-02 00:20:59 GSD getOne 第 1 次 等待 3 秒
2024-01-02 00:21:02 查询号码 【1826322】，返回信息 {"status":"ok","msg":"山东-枣庄","gid":"35802","time_insert":"2018-05-26 10:24","time_update":"2021-01-21 19:14"}
2024-01-02 00:21:02 查询号码 【1826322】，GSD为【"山东-枣庄"】

