2024-10-21 00:11:17 开始第 605 次操作

2024-10-21 00:11:17 开始操作号码 【1300604】
2024-10-21 00:11:18 GSD getOne 第 1 次 等待 3 秒
2024-10-21 00:11:21 查询号码 【1300604】，返回信息 {"status":"ok","msg":"海南-海口","gid":"47446","time_insert":"2021-03-03 22:39"}
2024-10-21 00:11:21 查询号码 【1300604】，GSD为【"海南-海口"】

2024-10-21 00:11:22 开始第 606 次操作

2024-10-21 00:11:22 开始操作号码 【1300605】
2024-10-21 00:11:23 GSD getOne 第 1 次 等待 3 秒
2024-10-21 00:11:26 查询号码 【1300605】，返回信息 {"status":"ok","msg":"海南-海口","gid":"47447","time_insert":"2021-03-03 22:54"}
2024-10-21 00:11:26 查询号码 【1300605】，GSD为【"海南-海口"】

2024-10-21 00:11:27 开始第 607 次操作

2024-10-21 00:11:27 开始操作号码 【1300606】
2024-10-21 00:11:29 GSD getOne 第 1 次 等待 3 秒
2024-10-21 00:11:32 查询号码 【1300606】，返回信息 {"status":"ok","msg":"海南-海口","gid":"47448","time_insert":"2021-03-03 23:14"}
2024-10-21 00:11:32 查询号码 【1300606】，GSD为【"海南-海口"】

2024-10-21 00:11:33 开始第 608 次操作

2024-10-21 00:11:33 开始操作号码 【1300607】
2024-10-21 00:11:34 GSD getOne 第 1 次 等待 3 秒
2024-10-21 00:11:37 查询号码 【1300607】，返回信息 {"status":"ok","msg":"海南-海口","gid":"47449","time_insert":"2021-03-03 23:31"}
2024-10-21 00:11:37 查询号码 【1300607】，GSD为【"海南-海口"】

