2021-07-24 01:44:42 开始第 1 次操作

2021-07-24 01:44:42 开始操作号码 【1589999】
2021-07-24 01:44:45 GSD getOne 第 1 次 等待 3 秒
2021-07-24 01:44:48 查询号码 【1589999】，返回信息 {"status":"ok","msg":"广东-广州","gid":"371773","time_insert":"2021-07-24 01:26"}
2021-07-24 01:44:48 查询号码 【1589999】，GSD为【"广东-广州"】

2021-07-24 01:44:49 开始第 1 次操作

2021-07-24 01:44:49 开始操作号码 【1589998】
2021-07-24 01:44:51 GSD getOne 第 1 次 等待 3 秒
2021-07-24 01:44:54 查询号码 【1589998】，返回信息 {"status":"ok","msg":"广东-梅州","gid":"371785","time_insert":"2021-07-24 01:27"}
2021-07-24 01:44:54 查询号码 【1589998】，GSD为【"广东-梅州"】

2021-07-24 01:44:54 开始第 1 次操作

2021-07-24 01:44:54 开始操作号码 【1589997】
2021-07-24 01:45:01 GSD getOne 第 1 次 等待 3 秒
2021-07-24 01:45:04 查询号码 【1589997】，返回信息 {"status":"ok","msg":"广东-广州","gid":"371795","time_insert":"2021-07-24 01:28"}
2021-07-24 01:45:04 查询号码 【1589997】，GSD为【"广东-广州"】

2021-07-24 01:45:04 开始第 1 次操作

2021-07-24 01:45:04 开始操作号码 【1589996】
2021-07-24 01:45:07 GSD getOne 第 1 次 等待 3 秒
2021-07-24 01:45:10 查询号码 【1589996】，返回信息 {"status":"ok","msg":"广东-广州","gid":"371806","time_insert":"2021-07-24 01:29"}
2021-07-24 01:45:10 查询号码 【1589996】，GSD为【"广东-广州"】

2021-07-24 01:45:10 开始第 1 次操作

2021-07-24 01:45:10 开始操作号码 【1589995】
2021-07-24 01:45:13 GSD getOne 第 1 次 等待 3 秒
2021-07-24 01:45:16 查询号码 【1589995】，返回信息 {"status":"ok","msg":"广东-广州","gid":"371816","time_insert":"2021-07-24 01:29"}
2021-07-24 01:45:16 查询号码 【1589995】，GSD为【"广东-广州"】

2021-07-24 01:45:16 开始第 1 次操作

2021-07-24 01:45:16 开始操作号码 【1589994】
2021-07-24 01:45:22 GSD getOne 第 1 次 等待 3 秒
2021-07-24 01:45:25 查询号码 【1589994】，返回信息 {"status":"ok","msg":"广东-东莞","gid":"371823","time_insert":"2021-07-24 01:30"}
2021-07-24 01:45:25 查询号码 【1589994】，GSD为【"广东-东莞"】

2021-07-24 01:45:25 开始第 1 次操作

2021-07-24 01:45:25 开始操作号码 【1589993】
2021-07-24 01:45:28 GSD getOne 第 1 次 等待 3 秒
2021-07-24 01:45:31 查询号码 【1589993】，返回信息 {"status":"ok","msg":"广东-东莞","gid":"26309","time_insert":"2017-08-17 22:48","time_update":"2020-09-30 11:21"}
2021-07-24 01:45:31 查询号码 【1589993】，GSD为【"广东-东莞"】

2021-07-24 01:45:31 开始第 1 次操作

2021-07-24 01:45:31 开始操作号码 【1589992】
2021-07-24 01:45:34 GSD getOne 第 1 次 等待 3 秒
2021-07-24 01:45:37 查询号码 【1589992】，返回信息 {"status":"ok","msg":"广东-东莞","gid":"371832","time_insert":"2021-07-24 01:32"}
2021-07-24 01:45:37 查询号码 【1589992】，GSD为【"广东-东莞"】

2021-07-24 01:45:37 开始第 1 次操作

2021-07-24 01:45:37 开始操作号码 【1589991】
2021-07-24 01:45:41 GSD getOne 第 1 次 等待 3 秒
2021-07-24 01:45:44 查询号码 【1589991】，返回信息 {"status":"ok","msg":"广东-东莞","gid":"26308","time_insert":"2016-08-14 12:07","time_update":"2020-09-30 11:20"}
2021-07-24 01:45:44 查询号码 【1589991】，GSD为【"广东-东莞"】

2021-07-24 01:45:44 开始第 1 次操作

2021-07-24 01:45:44 开始操作号码 【1589990】
2021-07-24 01:45:47 GSD getOne 第 1 次 等待 3 秒
2021-07-24 01:45:50 查询号码 【1589990】，返回信息 {"status":"ok","msg":"广东-东莞","gid":"26307","time_insert":"2018-06-12 16:03","time_update":"2020-09-30 11:17"}
2021-07-24 01:45:50 查询号码 【1589990】，GSD为【"广东-东莞"】

2021-07-24 01:45:50 开始第 1 次操作

2021-07-24 01:45:50 开始操作号码 【1589989】
2021-07-24 01:45:52 GSD getOne 第 1 次 等待 3 秒
2021-07-24 01:45:55 查询号码 【1589989】，返回信息 {"status":"ok","msg":"广东-深圳","gid":"371848","time_insert":"2021-07-24 01:33"}
2021-07-24 01:45:55 查询号码 【1589989】，GSD为【"广东-深圳"】

2021-07-24 01:45:55 开始第 1 次操作

2021-07-24 01:45:55 开始操作号码 【1589988】
2021-07-24 01:45:58 GSD getOne 第 1 次 等待 3 秒
2021-07-24 01:46:01 查询号码 【1589988】，返回信息 {"status":"ok","msg":"广东-深圳","gid":"371856","time_insert":"2021-07-24 01:34"}
2021-07-24 01:46:01 查询号码 【1589988】，GSD为【"广东-深圳"】

2021-07-24 01:46:01 开始第 1 次操作

2021-07-24 01:46:01 开始操作号码 【1589987】
2021-07-24 01:46:04 GSD getOne 第 1 次 等待 3 秒
2021-07-24 01:46:07 查询号码 【1589987】，返回信息 {"status":"ok","msg":"广东-深圳","gid":"371863","time_insert":"2021-07-24 01:35"}
2021-07-24 01:46:07 查询号码 【1589987】，GSD为【"广东-深圳"】

2021-07-24 01:46:07 开始第 1 次操作

2021-07-24 01:46:07 开始操作号码 【1589986】
2021-07-24 01:46:12 GSD getOne 第 1 次 等待 3 秒
2021-07-24 01:46:15 查询号码 【1589986】，返回信息 {"status":"ok","msg":"广东-深圳","gid":"371871","time_insert":"2021-07-24 01:36"}
2021-07-24 01:46:15 查询号码 【1589986】，GSD为【"广东-深圳"】

2021-07-24 01:46:15 开始第 1 次操作

2021-07-24 01:46:15 开始操作号码 【1589985】
2021-07-24 01:46:18 GSD getOne 第 1 次 等待 3 秒
2021-07-24 01:46:21 查询号码 【1589985】，返回信息 {"status":"ok","msg":"广东-深圳","gid":"26306","time_insert":"2016-12-12 10:44","time_update":"2020-09-30 11:14"}
2021-07-24 01:46:21 查询号码 【1589985】，GSD为【"广东-深圳"】

2021-07-24 01:46:21 开始第 1 次操作

2021-07-24 01:46:21 开始操作号码 【1589984】
2021-07-24 01:46:24 GSD getOne 第 1 次 等待 3 秒
2021-07-24 01:46:27 查询号码 【1589984】，返回信息 {"status":"ok","msg":"广东-佛山","gid":"371883","time_insert":"2021-07-24 01:37"}
2021-07-24 01:46:27 查询号码 【1589984】，GSD为【"广东-佛山"】

2021-07-24 01:46:27 开始第 1 次操作

2021-07-24 01:46:27 开始操作号码 【1589983】
2021-07-24 01:46:32 GSD getOne 第 1 次 等待 3 秒
2021-07-24 01:46:35 查询号码 【1589983】，返回信息 {"status":"ok","msg":"广东-佛山","gid":"371891","time_insert":"2021-07-24 01:38"}
2021-07-24 01:46:35 查询号码 【1589983】，GSD为【"广东-佛山"】

2021-07-24 01:46:35 开始第 1 次操作

2021-07-24 01:46:35 开始操作号码 【1589982】
2021-07-24 01:46:38 GSD getOne 第 1 次 等待 3 秒
2021-07-24 01:46:41 查询号码 【1589982】，返回信息 {"status":"ok","msg":"广东-佛山","gid":"371899","time_insert":"2021-07-24 01:39"}
2021-07-24 01:46:41 查询号码 【1589982】，GSD为【"广东-佛山"】

2021-07-24 01:46:41 开始第 1 次操作

2021-07-24 01:46:41 开始操作号码 【1589981】
2021-07-24 01:46:43 GSD getOne 第 1 次 等待 3 秒
2021-07-24 01:46:46 查询号码 【1589981】，返回信息 {"status":"ok","msg":"广东-佛山","gid":"371906","time_insert":"2021-07-24 01:40"}
2021-07-24 01:46:46 查询号码 【1589981】，GSD为【"广东-佛山"】

2021-07-24 01:46:46 开始第 1 次操作

2021-07-24 01:46:46 开始操作号码 【1589980】
2021-07-24 01:46:49 GSD getOne 第 1 次 等待 3 秒
2021-07-24 01:46:52 查询号码 【1589980】，返回信息 {"status":"ok","msg":"-","gid":"371917","time_insert":"2021-07-24 01:40"}
2021-07-24 01:46:52 查询号码 【1589980】，GSD为【"-"】
2021-07-24 01:46:52 ok && -
2021-07-24 01:46:54 CHB 1589980?1627062412 第 1 次 等待 3 秒
2021-07-24 01:46:57 CHB 1589980?1627062412 第 1 次 获取到号码【1589980】GSD
2021-07-24 01:46:57 获取到号码【1589980】的GSD为【广东-佛山】
2021-07-24 01:47:03 GSD insert 第 1 次 等待 3 秒
2021-07-24 01:47:06 {"status":"ok","gid":"371917","msg":"添加号码已存在，但为‘-’，修改为【广东-佛山】成功！"}
2021-07-24 01:47:06 下次操作: 2021-07-24 01:47:21

2021-07-24 01:47:21 开始第 2 次操作

2021-07-24 01:47:21 开始操作号码 【1589979】
2021-07-24 01:47:27 GSD getOne 第 1 次 等待 3 秒
2021-07-24 01:47:30 查询号码 【1589979】，返回信息 {"status":"ok","msg":"广东-深圳","gid":"26305","time_insert":"2017-06-06 11:35","time_update":"2020-09-30 11:09"}
2021-07-24 01:47:30 查询号码 【1589979】，GSD为【"广东-深圳"】

2021-07-24 01:47:30 开始第 2 次操作

2021-07-24 01:47:30 开始操作号码 【1589978】
2021-07-24 01:47:34 GSD getOne 第 1 次 等待 3 秒
2021-07-24 01:47:37 查询号码 【1589978】，返回信息 {"status":"ok","msg":"广东-深圳","gid":"371930","time_insert":"2021-07-24 01:42"}
2021-07-24 01:47:37 查询号码 【1589978】，GSD为【"广东-深圳"】

2021-07-24 01:47:37 开始第 2 次操作

2021-07-24 01:47:37 开始操作号码 【1589977】
2021-07-24 01:47:39 GSD getOne 第 1 次 等待 3 秒
2021-07-24 01:47:42 查询号码 【1589977】，返回信息 {"status":"ok","msg":"广东-深圳","gid":"371942","time_insert":"2021-07-24 01:43"}
2021-07-24 01:47:42 查询号码 【1589977】，GSD为【"广东-深圳"】

2021-07-24 01:47:42 开始第 2 次操作

2021-07-24 01:47:42 开始操作号码 【1589976】
2021-07-24 01:47:49 GSD getOne 第 1 次 等待 3 秒
2021-07-24 01:47:52 查询号码 【1589976】，返回信息 {"status":"ok","msg":"广东-深圳","gid":"371950","time_insert":"2021-07-24 01:44"}
2021-07-24 01:47:52 查询号码 【1589976】，GSD为【"广东-深圳"】

2021-07-24 01:47:52 开始第 2 次操作

2021-07-24 01:47:52 开始操作号码 【1589975】
2021-07-24 01:47:54 GSD getOne 第 1 次 等待 3 秒
2021-07-24 01:47:57 查询号码 【1589975】，返回信息 {"status":"ok","msg":"广东-深圳","gid":"371961","time_insert":"2021-07-24 01:44"}
2021-07-24 01:47:57 查询号码 【1589975】，GSD为【"广东-深圳"】

2021-07-24 01:47:57 开始第 2 次操作

2021-07-24 01:47:57 开始操作号码 【1589974】
2021-07-24 01:48:00 GSD getOne 第 1 次 等待 3 秒
2021-07-24 01:48:03 查询号码 【1589974】，返回信息 {"status":"ok","msg":"广东-江门","gid":"371976","time_insert":"2021-07-24 01:45"}
2021-07-24 01:48:03 查询号码 【1589974】，GSD为【"广东-江门"】

2021-07-24 01:48:03 开始第 2 次操作

2021-07-24 01:48:03 开始操作号码 【1589973】
2021-07-24 01:48:06 GSD getOne 第 1 次 等待 3 秒
2021-07-24 01:48:09 查询号码 【1589973】，返回信息 {"status":"ok","msg":"广东-江门","gid":"371993","time_insert":"2021-07-24 01:46"}
2021-07-24 01:48:09 查询号码 【1589973】，GSD为【"广东-江门"】

2021-07-24 01:48:09 开始第 2 次操作

2021-07-24 01:48:09 开始操作号码 【1589972】
2021-07-24 01:48:13 GSD getOne 第 1 次 等待 3 秒
2021-07-24 01:48:16 查询号码 【1589972】，返回信息 {"status":"ok","msg":"广东-江门","gid":"372007","time_insert":"2021-07-24 01:47"}
2021-07-24 01:48:16 查询号码 【1589972】，GSD为【"广东-江门"】

2021-07-24 01:48:16 开始第 2 次操作

2021-07-24 01:48:16 开始操作号码 【1589971】
2021-07-24 01:48:19 GSD getOne 第 1 次 等待 3 秒
2021-07-24 01:48:22 查询号码 【1589971】，返回信息 {"status":"bad","msg":""}
2021-07-24 01:48:22 查询号码 【1589971】，GSD为【""】
2021-07-24 01:48:22 bad
2021-07-24 01:48:23 CHB 1589971?1627062502 第 1 次 等待 3 秒
2021-07-24 01:48:26 CHB 1589971?1627062502 第 1 次 获取到号码【1589971】GSD
2021-07-24 01:48:26 获取到号码【1589971】的GSD为【广东-江门】
2021-07-24 01:48:31 GSD insert 第 1 次 等待 3 秒
2021-07-24 01:48:34 {"status":"bad","gid":"372019","msg":"添加失败！号码【1589971(广东-江门|广东-江门)】已存在！"}
2021-07-24 01:48:34 下次操作: 2021-07-24 01:48:57

2021-07-24 01:48:57 开始第 3 次操作

2021-07-24 01:48:57 开始操作号码 【1589970】
2021-07-24 01:49:00 GSD getOne 第 1 次 等待 3 秒
2021-07-24 01:49:03 查询号码 【1589970】，返回信息 {"status":"bad","msg":""}
2021-07-24 01:49:03 查询号码 【1589970】，GSD为【""】
2021-07-24 01:49:03 bad
2021-07-24 01:49:04 CHB 1589970?1627062543 第 1 次 等待 3 秒
2021-07-24 01:49:07 CHB 1589970?1627062543 第 1 次 获取到号码【1589970】GSD
2021-07-24 01:49:07 获取到号码【1589970】的GSD为【广东-江门】
2021-07-24 01:49:10 GSD insert 第 1 次 等待 3 秒
2021-07-24 01:49:13 {"status":"ok","gid":372032,"msg":"添加成功！"}
2021-07-24 01:49:13 下次操作: 2021-07-24 01:49:25

2021-07-24 01:49:25 开始第 4 次操作

2021-07-24 01:49:25 开始操作号码 【1589969】
2021-07-24 01:49:28 GSD getOne 第 1 次 等待 3 秒
2021-07-24 01:49:31 查询号码 【1589969】，返回信息 {"status":"bad","msg":""}
2021-07-24 01:49:31 查询号码 【1589969】，GSD为【""】
2021-07-24 01:49:31 bad
2021-07-24 01:49:33 CHB 1589969?1627062571 第 1 次 等待 3 秒
2021-07-24 01:49:36 CHB 1589969?1627062571 第 1 次 获取到号码【1589969】GSD
2021-07-24 01:49:36 获取到号码【1589969】的GSD为【广东-东莞】
2021-07-24 01:49:39 GSD insert 第 1 次 等待 3 秒
2021-07-24 01:49:42 {"status":"ok","gid":372039,"msg":"添加成功！"}
2021-07-24 01:49:42 下次操作: 2021-07-24 01:50:06

2021-07-24 01:50:06 开始第 5 次操作

2021-07-24 01:50:06 开始操作号码 【1589968】
2021-07-24 01:50:09 GSD getOne 第 1 次 等待 3 秒
2021-07-24 01:50:12 查询号码 【1589968】，返回信息 {"status":"ok","msg":"广东-东莞","gid":"26304","time_insert":"2017-11-14 15:28","time_update":"2020-09-30 11:05"}
2021-07-24 01:50:12 查询号码 【1589968】，GSD为【"广东-东莞"】

2021-07-24 01:50:12 开始第 5 次操作

2021-07-24 01:50:12 开始操作号码 【1589967】
2021-07-24 01:50:14 GSD getOne 第 1 次 等待 3 秒
2021-07-24 01:50:17 查询号码 【1589967】，返回信息 {"status":"bad","msg":""}
2021-07-24 01:50:17 查询号码 【1589967】，GSD为【""】
2021-07-24 01:50:17 bad
2021-07-24 01:55:18 CHB 1589967?1627062617 第 1 次 等待 3 秒
2021-07-24 01:55:21 CHB 1589967?1627062617 第 1 次 未获取到 等待 23 秒 下次操作: 2021-07-24 01:55:44
2021-07-24 01:55:46 CHB 1589967?1627062944 第 2 次 等待 3 秒
2021-07-24 01:55:49 CHB 1589967?1627062944 第 2 次 获取到号码【1589967】GSD
2021-07-24 01:55:49 获取到号码【1589967】的GSD为【广东-东莞】
2021-07-24 01:55:52 GSD insert 第 1 次 等待 3 秒
2021-07-24 01:55:55 {"status":"ok","gid":372067,"msg":"添加成功！"}
2021-07-24 01:55:55 下次操作: 2021-07-24 01:56:12

2021-07-24 01:56:12 开始第 6 次操作

2021-07-24 01:56:12 开始操作号码 【1589966】
2021-07-24 01:56:15 GSD getOne 第 1 次 等待 3 秒
2021-07-24 01:56:18 查询号码 【1589966】，返回信息 {"status":"bad","msg":""}
2021-07-24 01:56:18 查询号码 【1589966】，GSD为【""】
2021-07-24 01:56:18 bad
2021-07-24 01:56:19 CHB 1589966?1627062978 第 1 次 等待 3 秒
2021-07-24 01:56:22 CHB 1589966?1627062978 第 1 次 获取到号码【1589966】GSD
2021-07-24 01:56:22 获取到号码【1589966】的GSD为【广东-东莞】
2021-07-24 01:56:25 GSD insert 第 1 次 等待 3 秒
2021-07-24 01:56:28 {"status":"ok","gid":372075,"msg":"添加成功！"}
2021-07-24 01:56:28 下次操作: 2021-07-24 01:56:44

2021-07-24 01:56:44 开始第 7 次操作

2021-07-24 01:56:44 开始操作号码 【1589965】
2021-07-24 01:56:47 GSD getOne 第 1 次 等待 3 秒
2021-07-24 01:56:50 查询号码 【1589965】，返回信息 {"status":"bad","msg":""}
2021-07-24 01:56:50 查询号码 【1589965】，GSD为【""】
2021-07-24 01:56:50 bad
2021-07-24 01:56:52 CHB 1589965?1627063010 第 1 次 等待 3 秒
2021-07-24 01:56:55 CHB 1589965?1627063010 第 1 次 获取到号码【1589965】GSD
2021-07-24 01:56:55 获取到号码【1589965】的GSD为【广东-东莞】
2021-07-24 01:56:58 GSD insert 第 1 次 等待 3 秒
2021-07-24 01:57:01 {"status":"ok","gid":372086,"msg":"添加成功！"}
2021-07-24 01:57:01 下次操作: 2021-07-24 01:57:21

2021-07-24 01:57:21 开始第 8 次操作

2021-07-24 01:57:21 开始操作号码 【1589964】
2021-07-24 01:57:23 GSD getOne 第 1 次 等待 3 秒
2021-07-24 01:57:26 查询号码 【1589964】，返回信息 {"status":"ok","msg":"广东-东莞","gid":"26303","time_insert":"2017-04-19 11:23","time_update":"2020-09-30 11:02"}
2021-07-24 01:57:26 查询号码 【1589964】，GSD为【"广东-东莞"】

2021-07-24 01:57:26 开始第 8 次操作

2021-07-24 01:57:26 开始操作号码 【1589963】
2021-07-24 01:57:30 GSD getOne 第 1 次 等待 3 秒
2021-07-24 01:57:33 查询号码 【1589963】，返回信息 {"status":"bad","msg":""}
2021-07-24 01:57:33 查询号码 【1589963】，GSD为【""】
2021-07-24 01:57:33 bad
2021-07-24 01:57:34 CHB 1589963?1627063053 第 1 次 等待 3 秒
2021-07-24 01:57:37 CHB 1589963?1627063053 第 1 次 获取到号码【1589963】GSD
2021-07-24 01:57:37 获取到号码【1589963】的GSD为【广东-东莞】
2021-07-24 01:57:40 GSD insert 第 1 次 等待 3 秒
2021-07-24 01:57:43 {"status":"ok","gid":372096,"msg":"添加成功！"}
2021-07-24 01:57:43 下次操作: 2021-07-24 01:58:00

2021-07-24 01:58:00 开始第 9 次操作

2021-07-24 01:58:00 开始操作号码 【1589962】
2021-07-24 01:58:06 GSD getOne 第 1 次 等待 3 秒
2021-07-24 01:58:09 查询号码 【1589962】，返回信息 {"status":"bad","msg":""}
2021-07-24 01:58:09 查询号码 【1589962】，GSD为【""】
2021-07-24 01:58:09 bad
2021-07-24 01:58:10 CHB 1589962?1627063089 第 1 次 等待 3 秒
2021-07-24 01:58:13 CHB 1589962?1627063089 第 1 次 获取到号码【1589962】GSD
2021-07-24 01:58:13 获取到号码【1589962】的GSD为【广东-东莞】
2021-07-24 01:58:19 GSD insert 第 1 次 等待 3 秒
2021-07-24 01:58:22 {"status":"ok","gid":372106,"msg":"添加成功！"}
2021-07-24 01:58:22 下次操作: 2021-07-24 01:58:38

2021-07-24 01:58:38 开始第 10 次操作

2021-07-24 01:58:38 开始操作号码 【1589961】
2021-07-24 01:58:40 GSD getOne 第 1 次 等待 3 秒
2021-07-24 01:58:43 查询号码 【1589961】，返回信息 {"status":"bad","msg":""}
2021-07-24 01:58:43 查询号码 【1589961】，GSD为【""】
2021-07-24 01:58:43 bad
2021-07-24 01:58:45 CHB 1589961?1627063123 第 1 次 等待 3 秒
2021-07-24 01:58:48 CHB 1589961?1627063123 第 1 次 获取到号码【1589961】GSD
2021-07-24 01:58:48 获取到号码【1589961】的GSD为【广东-东莞】
2021-07-24 01:58:50 GSD insert 第 1 次 等待 3 秒
2021-07-24 01:58:53 {"status":"ok","gid":372114,"msg":"添加成功！"}
2021-07-24 01:58:53 下次操作: 2021-07-24 01:59:13

2021-07-24 01:59:13 开始第 11 次操作

2021-07-24 01:59:13 开始操作号码 【1589960】
2021-07-24 01:59:16 GSD getOne 第 1 次 等待 3 秒
2021-07-24 01:59:19 查询号码 【1589960】，返回信息 {"status":"ok","msg":"广东-东莞","gid":"26302","time_insert":"2017-05-02 16:18","time_update":"2020-09-30 10:58"}
2021-07-24 01:59:19 查询号码 【1589960】，GSD为【"广东-东莞"】

2021-07-24 01:59:19 开始第 11 次操作

2021-07-24 01:59:19 开始操作号码 【1589959】
2021-07-24 01:59:22 GSD getOne 第 1 次 等待 3 秒
2021-07-24 01:59:25 查询号码 【1589959】，返回信息 {"status":"bad","msg":""}
2021-07-24 01:59:25 查询号码 【1589959】，GSD为【""】
2021-07-24 01:59:25 bad
2021-07-24 01:59:27 CHB 1589959?1627063165 第 1 次 等待 3 秒
2021-07-24 01:59:30 CHB 1589959?1627063165 第 1 次 获取到号码【1589959】GSD
2021-07-24 01:59:30 获取到号码【1589959】的GSD为【广东-佛山】
2021-07-24 01:59:32 GSD insert 第 1 次 等待 3 秒
2021-07-24 01:59:35 {"status":"ok","gid":372130,"msg":"添加成功！"}
2021-07-24 01:59:35 下次操作: 2021-07-24 01:59:47

2021-07-24 01:59:47 开始第 12 次操作

2021-07-24 01:59:47 开始操作号码 【1589958】
2021-07-24 01:59:51 GSD getOne 第 1 次 等待 3 秒
2021-07-24 01:59:54 查询号码 【1589958】，返回信息 {"status":"bad","msg":""}
2021-07-24 01:59:54 查询号码 【1589958】，GSD为【""】
2021-07-24 01:59:54 bad
2021-07-24 01:59:55 CHB 1589958?1627063194 第 1 次 等待 3 秒
2021-07-24 01:59:58 CHB 1589958?1627063194 第 1 次 获取到号码【1589958】GSD
2021-07-24 01:59:58 获取到号码【1589958】的GSD为【广东-佛山】
2021-07-24 02:00:01 GSD insert 第 1 次 等待 3 秒
2021-07-24 02:00:04 {"status":"ok","gid":372136,"msg":"添加成功！"}
2021-07-24 02:00:04 下次操作: 2021-07-24 02:00:20

2021-07-24 02:00:20 开始第 13 次操作

2021-07-24 02:00:20 开始操作号码 【1589957】
2021-07-24 02:00:26 GSD getOne 第 1 次 等待 3 秒
2021-07-24 02:00:29 查询号码 【1589957】，返回信息 {"status":"bad","msg":""}
2021-07-24 02:00:29 查询号码 【1589957】，GSD为【""】
2021-07-24 02:00:29 bad
2021-07-24 02:00:31 CHB 1589957?1627063229 第 1 次 等待 3 秒
2021-07-24 02:00:34 CHB 1589957?1627063229 第 1 次 获取到号码【1589957】GSD
2021-07-24 02:00:34 获取到号码【1589957】的GSD为【广东-佛山】
2021-07-24 02:00:37 GSD insert 第 1 次 等待 3 秒
2021-07-24 02:00:41 {"status":"ok","gid":372144,"msg":"添加成功！"}
2021-07-24 02:00:41 下次操作: 2021-07-24 02:01:00

2021-07-24 02:01:00 开始第 14 次操作

2021-07-24 02:01:00 开始操作号码 【1589956】
2021-07-24 02:01:03 GSD getOne 第 1 次 等待 3 秒
2021-07-24 02:01:06 查询号码 【1589956】，返回信息 {"status":"bad","msg":""}
2021-07-24 02:01:06 查询号码 【1589956】，GSD为【""】
2021-07-24 02:01:06 bad
2021-07-24 02:01:08 CHB 1589956?1627063266 第 1 次 等待 3 秒
2021-07-24 02:01:11 CHB 1589956?1627063266 第 1 次 获取到号码【1589956】GSD
2021-07-24 02:01:11 获取到号码【1589956】的GSD为【广东-佛山】
2021-07-24 02:01:15 GSD insert 第 1 次 等待 3 秒
2021-07-24 02:01:18 {"status":"ok","gid":372157,"msg":"添加成功！"}
2021-07-24 02:01:18 下次操作: 2021-07-24 02:01:31

2021-07-24 02:01:31 开始第 15 次操作

2021-07-24 02:01:31 开始操作号码 【1589955】
2021-07-24 02:01:35 GSD getOne 第 1 次 等待 3 秒
2021-07-24 02:01:38 查询号码 【1589955】，返回信息 {"status":"bad","msg":""}
2021-07-24 02:01:38 查询号码 【1589955】，GSD为【""】
2021-07-24 02:01:38 bad
2021-07-24 02:01:39 CHB 1589955?1627063298 第 1 次 等待 3 秒
2021-07-24 02:01:42 CHB 1589955?1627063298 第 1 次 获取到号码【1589955】GSD
2021-07-24 02:01:42 获取到号码【1589955】的GSD为【广东-佛山】
2021-07-24 02:01:45 GSD insert 第 1 次 等待 3 秒
2021-07-24 02:01:48 {"status":"ok","gid":372163,"msg":"添加成功！"}
2021-07-24 02:01:48 下次操作: 2021-07-24 02:02:06

2021-07-24 02:02:06 开始第 16 次操作

2021-07-24 02:02:06 开始操作号码 【1589954】
2021-07-24 02:02:09 GSD getOne 第 1 次 等待 3 秒
2021-07-24 02:02:12 查询号码 【1589954】，返回信息 {"status":"ok","msg":"广东-惠州","gid":"26301","time_insert":"2019-01-06 13:56","time_update":"2020-09-30 10:54"}
2021-07-24 02:02:12 查询号码 【1589954】，GSD为【"广东-惠州"】

2021-07-24 02:02:12 开始第 16 次操作

2021-07-24 02:02:12 开始操作号码 【1589953】
2021-07-24 02:02:15 GSD getOne 第 1 次 等待 3 秒
2021-07-24 02:02:18 查询号码 【1589953】，返回信息 {"status":"bad","msg":""}
2021-07-24 02:02:18 查询号码 【1589953】，GSD为【""】
2021-07-24 02:02:18 bad
2021-07-24 02:02:19 CHB 1589953?1627063338 第 1 次 等待 3 秒
2021-07-24 02:02:22 CHB 1589953?1627063338 第 1 次 获取到号码【1589953】GSD
2021-07-24 02:02:22 获取到号码【1589953】的GSD为【广东-惠州】
2021-07-24 02:02:25 GSD insert 第 1 次 等待 3 秒
2021-07-24 02:02:28 {"status":"ok","gid":372174,"msg":"添加成功！"}
2021-07-24 02:02:28 下次操作: 2021-07-24 02:02:40

2021-07-24 02:02:40 开始第 17 次操作

2021-07-24 02:02:40 开始操作号码 【1589952】
2021-07-24 02:02:45 GSD getOne 第 1 次 等待 3 秒
2021-07-24 02:02:48 查询号码 【1589952】，返回信息 {"status":"bad","msg":""}
2021-07-24 02:02:48 查询号码 【1589952】，GSD为【""】
2021-07-24 02:02:48 bad
2021-07-24 02:02:49 CHB 1589952?1627063368 第 1 次 等待 3 秒
2021-07-24 02:02:52 CHB 1589952?1627063368 第 1 次 获取到号码【1589952】GSD
2021-07-24 02:02:52 获取到号码【1589952】的GSD为【广东-惠州】
2021-07-24 02:02:55 GSD insert 第 1 次 等待 3 秒
2021-07-24 02:02:58 {"status":"ok","gid":372180,"msg":"添加成功！"}
2021-07-24 02:02:58 下次操作: 2021-07-24 02:03:10

2021-07-24 02:03:10 开始第 18 次操作

2021-07-24 02:03:10 开始操作号码 【1589951】
2021-07-24 02:03:13 GSD getOne 第 1 次 等待 3 秒
2021-07-24 02:03:16 查询号码 【1589951】，返回信息 {"status":"bad","msg":""}
2021-07-24 02:03:16 查询号码 【1589951】，GSD为【""】
2021-07-24 02:03:16 bad
2021-07-24 02:03:18 CHB 1589951?1627063396 第 1 次 等待 3 秒
2021-07-24 02:03:21 CHB 1589951?1627063396 第 1 次 获取到号码【1589951】GSD
2021-07-24 02:03:21 获取到号码【1589951】的GSD为【广东-惠州】
2021-07-24 02:03:24 GSD insert 第 1 次 等待 3 秒
2021-07-24 02:03:27 {"status":"ok","gid":372189,"msg":"添加成功！"}
2021-07-24 02:03:27 下次操作: 2021-07-24 02:03:43

2021-07-24 02:03:43 开始第 19 次操作

2021-07-24 02:03:43 开始操作号码 【1589950】
2021-07-24 02:03:47 GSD getOne 第 1 次 等待 3 秒
2021-07-24 02:03:50 查询号码 【1589950】，返回信息 {"status":"bad","msg":""}
2021-07-24 02:03:50 查询号码 【1589950】，GSD为【""】
2021-07-24 02:03:50 bad
2021-07-24 02:03:52 CHB 1589950?1627063430 第 1 次 等待 3 秒
2021-07-24 02:03:55 CHB 1589950?1627063430 第 1 次 获取到号码【1589950】GSD
2021-07-24 02:03:55 获取到号码【1589950】的GSD为【广东-惠州】
2021-07-24 02:03:58 GSD insert 第 1 次 等待 3 秒
2021-07-24 02:04:01 {"status":"ok","gid":372198,"msg":"添加成功！"}
2021-07-24 02:04:01 下次操作: 2021-07-24 02:04:14

2021-07-24 02:04:14 开始第 20 次操作

2021-07-24 02:04:14 开始操作号码 【1589949】
2021-07-24 02:04:20 GSD getOne 第 1 次 等待 3 秒
2021-07-24 02:04:23 查询号码 【1589949】，返回信息 {"status":"bad","msg":""}
2021-07-24 02:04:23 查询号码 【1589949】，GSD为【""】
2021-07-24 02:04:23 bad
2021-07-24 02:04:25 CHB 1589949?1627063463 第 1 次 等待 3 秒
2021-07-24 02:04:28 CHB 1589949?1627063463 第 1 次 获取到号码【1589949】GSD
2021-07-24 02:04:28 获取到号码【1589949】的GSD为【新疆-乌鲁木齐】
2021-07-24 02:04:30 GSD insert 第 1 次 等待 3 秒
2021-07-24 02:04:33 {"status":"ok","gid":372205,"msg":"添加成功！"}
2021-07-24 02:04:33 下次操作: 2021-07-24 02:04:50

2021-07-24 02:04:50 开始第 21 次操作

2021-07-24 02:04:50 开始操作号码 【1589948】
2021-07-24 02:04:56 GSD getOne 第 1 次 等待 3 秒
2021-07-24 02:04:59 查询号码 【1589948】，返回信息 {"status":"bad","msg":""}
2021-07-24 02:04:59 查询号码 【1589948】，GSD为【""】
2021-07-24 02:04:59 bad
2021-07-24 02:05:00 CHB 1589948?1627063499 第 1 次 等待 3 秒
2021-07-24 02:05:03 CHB 1589948?1627063499 第 1 次 获取到号码【1589948】GSD
2021-07-24 02:05:03 获取到号码【1589948】的GSD为【新疆-乌鲁木齐】
2021-07-24 02:05:07 GSD insert 第 1 次 等待 3 秒
2021-07-24 02:05:10 {"status":"ok","gid":372214,"msg":"添加成功！"}
2021-07-24 02:05:10 下次操作: 2021-07-24 02:05:30

2021-07-24 02:05:30 开始第 22 次操作

2021-07-24 02:05:30 开始操作号码 【1589947】
2021-07-24 02:05:34 GSD getOne 第 1 次 等待 3 秒
2021-07-24 02:05:37 查询号码 【1589947】，返回信息 {"status":"bad","msg":""}
2021-07-24 02:05:37 查询号码 【1589947】，GSD为【""】
2021-07-24 02:05:37 bad
2021-07-24 02:05:38 CHB 1589947?1627063537 第 1 次 等待 3 秒
2021-07-24 02:05:41 CHB 1589947?1627063537 第 1 次 获取到号码【1589947】GSD
2021-07-24 02:05:41 获取到号码【1589947】的GSD为【新疆-乌鲁木齐】
2021-07-24 02:05:45 GSD insert 第 1 次 等待 3 秒
2021-07-24 02:05:48 {"status":"ok","gid":372223,"msg":"添加成功！"}
2021-07-24 02:05:48 下次操作: 2021-07-24 02:06:10

2021-07-24 02:06:10 开始第 23 次操作

2021-07-24 02:06:10 开始操作号码 【1589946】
2021-07-24 02:06:14 GSD getOne 第 1 次 等待 3 秒
2021-07-24 02:06:17 查询号码 【1589946】，返回信息 {"status":"bad","msg":""}
2021-07-24 02:06:17 查询号码 【1589946】，GSD为【""】
2021-07-24 02:06:17 bad
2021-07-24 02:06:18 CHB 1589946?1627063577 第 1 次 等待 3 秒
2021-07-24 02:06:21 CHB 1589946?1627063577 第 1 次 获取到号码【1589946】GSD
2021-07-24 02:06:21 获取到号码【1589946】的GSD为【新疆-乌鲁木齐】
2021-07-24 02:06:25 GSD insert 第 1 次 等待 3 秒
2021-07-24 02:06:28 {"status":"ok","gid":372234,"msg":"添加成功！"}
2021-07-24 02:06:28 下次操作: 2021-07-24 02:06:45

2021-07-24 02:06:45 开始第 24 次操作

2021-07-24 02:06:45 开始操作号码 【1589945】
2021-07-24 02:06:48 GSD getOne 第 1 次 等待 3 秒
2021-07-24 02:06:51 查询号码 【1589945】，返回信息 {"status":"bad","msg":""}
2021-07-24 02:06:51 查询号码 【1589945】，GSD为【""】
2021-07-24 02:06:51 bad
2021-07-24 02:06:52 CHB 1589945?1627063611 第 1 次 等待 3 秒
2021-07-24 02:06:55 CHB 1589945?1627063611 第 1 次 获取到号码【1589945】GSD
2021-07-24 02:06:55 获取到号码【1589945】的GSD为【新疆-乌鲁木齐】
2021-07-24 02:06:58 GSD insert 第 1 次 等待 3 秒
2021-07-24 02:07:01 {"status":"ok","gid":372244,"msg":"添加成功！"}
2021-07-24 02:07:01 下次操作: 2021-07-24 02:07:19

2021-07-24 02:07:19 开始第 25 次操作

2021-07-24 02:07:19 开始操作号码 【1589944】
2021-07-24 02:07:23 GSD getOne 第 1 次 等待 3 秒
2021-07-24 02:07:26 查询号码 【1589944】，返回信息 {"status":"bad","msg":""}
2021-07-24 02:07:26 查询号码 【1589944】，GSD为【""】
2021-07-24 02:07:26 bad
2021-07-24 02:07:28 CHB 1589944?1627063646 第 1 次 等待 3 秒
2021-07-24 02:07:31 CHB 1589944?1627063646 第 1 次 获取到号码【1589944】GSD
2021-07-24 02:07:31 获取到号码【1589944】的GSD为【新疆-乌鲁木齐】
2021-07-24 02:07:34 GSD insert 第 1 次 等待 3 秒
2021-07-24 02:07:37 {"status":"ok","gid":372253,"msg":"添加成功！"}
2021-07-24 02:07:37 下次操作: 2021-07-24 02:07:57

2021-07-24 02:07:57 开始第 26 次操作

2021-07-24 02:07:57 开始操作号码 【1589943】
2021-07-24 02:08:00 GSD getOne 第 1 次 等待 3 秒
2021-07-24 02:08:03 查询号码 【1589943】，返回信息 {"status":"bad","msg":""}
2021-07-24 02:08:04 查询号码 【1589943】，GSD为【""】
2021-07-24 02:08:04 bad
2021-07-24 02:08:05 CHB 1589943?1627063684 第 1 次 等待 3 秒
2021-07-24 02:08:08 CHB 1589943?1627063684 第 1 次 获取到号码【1589943】GSD
2021-07-24 02:08:08 获取到号码【1589943】的GSD为【新疆-乌鲁木齐】
2021-07-24 02:08:11 GSD insert 第 1 次 等待 3 秒
2021-07-24 02:08:14 {"status":"ok","gid":372262,"msg":"添加成功！"}
2021-07-24 02:08:14 下次操作: 2021-07-24 02:08:28

2021-07-24 02:08:28 开始第 27 次操作

2021-07-24 02:08:28 开始操作号码 【1589942】
2021-07-24 02:08:32 GSD getOne 第 1 次 等待 3 秒
2021-07-24 02:08:35 查询号码 【1589942】，返回信息 {"status":"bad","msg":""}
2021-07-24 02:08:35 查询号码 【1589942】，GSD为【""】
2021-07-24 02:08:35 bad
2021-07-24 02:08:37 CHB 1589942?1627063715 第 1 次 等待 3 秒
2021-07-24 02:08:40 CHB 1589942?1627063715 第 1 次 获取到号码【1589942】GSD
2021-07-24 02:08:40 获取到号码【1589942】的GSD为【新疆-乌鲁木齐】
2021-07-24 02:08:42 GSD insert 第 1 次 等待 3 秒
2021-07-24 02:08:45 {"status":"ok","gid":372269,"msg":"添加成功！"}
2021-07-24 02:08:45 下次操作: 2021-07-24 02:08:58

2021-07-24 02:08:58 开始第 28 次操作

2021-07-24 02:08:58 开始操作号码 【1589941】
2021-07-24 02:09:02 GSD getOne 第 1 次 等待 3 秒
2021-07-24 02:09:05 查询号码 【1589941】，返回信息 {"status":"bad","msg":""}
2021-07-24 02:09:05 查询号码 【1589941】，GSD为【""】
2021-07-24 02:09:05 bad
2021-07-24 02:09:06 CHB 1589941?1627063745 第 1 次 等待 3 秒
2021-07-24 02:09:09 CHB 1589941?1627063745 第 1 次 获取到号码【1589941】GSD
2021-07-24 02:09:09 获取到号码【1589941】的GSD为【新疆-乌鲁木齐】
2021-07-24 02:09:13 GSD insert 第 1 次 等待 3 秒
2021-07-24 02:09:16 {"status":"ok","gid":372276,"msg":"添加成功！"}
2021-07-24 02:09:16 下次操作: 2021-07-24 02:09:34

2021-07-24 02:09:34 开始第 29 次操作

2021-07-24 02:09:34 开始操作号码 【1589940】
2021-07-24 02:09:38 GSD getOne 第 1 次 等待 3 秒
2021-07-24 02:09:41 查询号码 【1589940】，返回信息 {"status":"bad","msg":""}
2021-07-24 02:09:41 查询号码 【1589940】，GSD为【""】
2021-07-24 02:09:41 bad
2021-07-24 02:09:42 CHB 1589940?1627063781 第 1 次 等待 3 秒
2021-07-24 02:09:45 CHB 1589940?1627063781 第 1 次 获取到号码【1589940】GSD
2021-07-24 02:09:45 获取到号码【1589940】的GSD为【新疆-乌鲁木齐】
2021-07-24 02:09:49 GSD insert 第 1 次 等待 3 秒
2021-07-24 02:09:52 {"status":"ok","gid":372284,"msg":"添加成功！"}
2021-07-24 02:09:52 下次操作: 2021-07-24 02:10:08

2021-07-24 02:10:08 开始第 30 次操作

2021-07-24 02:10:08 开始操作号码 【1589939】
2021-07-24 02:10:11 GSD getOne 第 1 次 等待 3 秒
2021-07-24 02:10:14 查询号码 【1589939】，返回信息 {"status":"ok","msg":"新疆-克拉玛依","gid":"26300","time_insert":"2018-08-23 12:06","time_update":"2020-12-22 13:27"}
2021-07-24 02:10:14 查询号码 【1589939】，GSD为【"新疆-克拉玛依"】

2021-07-24 02:10:14 开始第 30 次操作

2021-07-24 02:10:14 开始操作号码 【1589938】
2021-07-24 02:10:16 GSD getOne 第 1 次 等待 3 秒
2021-07-24 02:10:19 查询号码 【1589938】，返回信息 {"status":"bad","msg":""}
2021-07-24 02:10:19 查询号码 【1589938】，GSD为【""】
2021-07-24 02:10:19 bad
2021-07-24 02:10:21 CHB 1589938?1627063819 第 1 次 等待 3 秒
2021-07-24 02:10:24 CHB 1589938?1627063819 第 1 次 获取到号码【1589938】GSD
2021-07-24 02:10:24 获取到号码【1589938】的GSD为【新疆-博乐】
2021-07-24 02:10:26 GSD insert 第 1 次 等待 3 秒
2021-07-24 02:10:30 {"status":"ok","gid":372293,"msg":"添加成功！"}
2021-07-24 02:10:30 下次操作: 2021-07-24 02:10:43

2021-07-24 02:10:43 开始第 31 次操作

2021-07-24 02:10:43 开始操作号码 【1589937】
2021-07-24 02:10:49 GSD getOne 第 1 次 等待 3 秒
2021-07-24 02:10:52 查询号码 【1589937】，返回信息 {"status":"ok","msg":"新疆-阿克苏","gid":"26299","time_insert":"2019-06-03 21:09","time_update":"2020-12-22 18:34"}
2021-07-24 02:10:52 查询号码 【1589937】，GSD为【"新疆-阿克苏"】

2021-07-24 02:10:52 开始第 31 次操作

2021-07-24 02:10:52 开始操作号码 【1589936】
2021-07-24 02:10:56 GSD getOne 第 1 次 等待 3 秒
2021-07-24 02:10:59 查询号码 【1589936】，返回信息 {"status":"bad","msg":""}
2021-07-24 02:10:59 查询号码 【1589936】，GSD为【""】
2021-07-24 02:10:59 bad
2021-07-24 02:11:00 CHB 1589936?1627063859 第 1 次 等待 3 秒
2021-07-24 02:11:03 CHB 1589936?1627063859 第 1 次 获取到号码【1589936】GSD
2021-07-24 02:11:04 获取到号码【1589936】的GSD为【新疆-阿克苏】
2021-07-24 02:11:07 GSD insert 第 1 次 等待 3 秒
2021-07-24 02:11:10 {"status":"ok","gid":372305,"msg":"添加成功！"}
2021-07-24 02:11:10 下次操作: 2021-07-24 02:11:34

2021-07-24 02:11:34 开始第 32 次操作

2021-07-24 02:11:34 开始操作号码 【1589935】
2021-07-24 02:11:37 GSD getOne 第 1 次 等待 3 秒
2021-07-24 02:11:40 查询号码 【1589935】，返回信息 {"status":"bad","msg":""}
2021-07-24 02:11:40 查询号码 【1589935】，GSD为【""】
2021-07-24 02:11:40 bad
2021-07-24 02:11:41 CHB 1589935?1627063900 第 1 次 等待 3 秒
2021-07-24 02:11:44 CHB 1589935?1627063900 第 1 次 获取到号码【1589935】GSD
2021-07-24 02:11:44 获取到号码【1589935】的GSD为【新疆-阿克苏】
2021-07-24 02:11:47 GSD insert 第 1 次 等待 3 秒
2021-07-24 02:11:50 {"status":"ok","gid":372312,"msg":"添加成功！"}
2021-07-24 02:11:50 下次操作: 2021-07-24 02:12:10

2021-07-24 02:12:10 开始第 33 次操作

2021-07-24 02:12:10 开始操作号码 【1589934】
2021-07-24 02:12:13 GSD getOne 第 1 次 等待 3 秒
2021-07-24 02:12:16 查询号码 【1589934】，返回信息 {"status":"ok","msg":"新疆-阿克苏","gid":"26298","time_insert":"2014-12-25 10:54","time_update":"2020-12-22 13:36"}
2021-07-24 02:12:16 查询号码 【1589934】，GSD为【"新疆-阿克苏"】

2021-07-24 02:12:16 开始第 33 次操作

2021-07-24 02:12:16 开始操作号码 【1589933】
2021-07-24 02:12:21 GSD getOne 第 1 次 等待 3 秒
2021-07-24 02:12:24 查询号码 【1589933】，返回信息 {"status":"ok","msg":"新疆-阿克苏","gid":"26297","time_insert":"2018-01-19 18:13","time_update":"2020-12-22 13:50"}
2021-07-24 02:12:24 查询号码 【1589933】，GSD为【"新疆-阿克苏"】

2021-07-24 02:12:24 开始第 33 次操作

2021-07-24 02:12:24 开始操作号码 【1589932】
2021-07-24 02:12:27 GSD getOne 第 1 次 等待 3 秒
2021-07-24 02:12:30 查询号码 【1589932】，返回信息 {"status":"ok","msg":"新疆-阿克苏","gid":"26296","time_insert":"2018-04-23 11:08","time_update":"2020-12-22 13:59"}
2021-07-24 02:12:30 查询号码 【1589932】，GSD为【"新疆-阿克苏"】

2021-07-24 02:12:30 开始第 33 次操作

2021-07-24 02:12:30 开始操作号码 【1589931】
2021-07-24 02:12:33 GSD getOne 第 1 次 等待 3 秒
2021-07-24 02:12:36 查询号码 【1589931】，返回信息 {"status":"bad","msg":""}
2021-07-24 02:12:36 查询号码 【1589931】，GSD为【""】
2021-07-24 02:12:36 bad
2021-07-24 02:12:38 CHB 1589931?1627063956 第 1 次 等待 3 秒
2021-07-24 02:12:41 CHB 1589931?1627063956 第 1 次 获取到号码【1589931】GSD
2021-07-24 02:12:41 获取到号码【1589931】的GSD为【新疆-阿克苏】
2021-07-24 02:12:44 GSD insert 第 1 次 等待 3 秒
2021-07-24 02:12:47 {"status":"ok","gid":372323,"msg":"添加成功！"}
2021-07-24 02:12:47 下次操作: 2021-07-24 02:13:07

2021-07-24 02:13:07 开始第 34 次操作

2021-07-24 02:13:07 开始操作号码 【1589930】
2021-07-24 02:13:13 GSD getOne 第 1 次 等待 3 秒
2021-07-24 02:13:16 查询号码 【1589930】，返回信息 {"status":"ok","msg":"新疆-阿克苏","gid":"26295","time_insert":"2019-02-01 02:07","time_update":"2020-12-22 14:13"}
2021-07-24 02:13:16 查询号码 【1589930】，GSD为【"新疆-阿克苏"】

2021-07-24 02:13:16 开始第 34 次操作

2021-07-24 02:13:16 开始操作号码 【1589929】
2021-07-24 02:13:18 GSD getOne 第 1 次 等待 3 秒
2021-07-24 02:13:21 查询号码 【1589929】，返回信息 {"status":"bad","msg":""}
2021-07-24 02:13:22 查询号码 【1589929】，GSD为【""】
2021-07-24 02:13:22 bad
2021-07-24 02:13:23 CHB 1589929?1627064002 第 1 次 等待 3 秒
2021-07-24 02:13:26 CHB 1589929?1627064002 第 1 次 获取到号码【1589929】GSD
2021-07-24 02:13:26 获取到号码【1589929】的GSD为【新疆-石河子】
2021-07-24 02:13:29 GSD insert 第 1 次 等待 3 秒
2021-07-24 02:13:32 {"status":"ok","gid":372329,"msg":"添加成功！"}
2021-07-24 02:13:32 下次操作: 2021-07-24 02:13:53

2021-07-24 02:13:53 开始第 35 次操作

2021-07-24 02:13:53 开始操作号码 【1589928】
2021-07-24 02:13:55 GSD getOne 第 1 次 等待 3 秒
2021-07-24 02:13:58 查询号码 【1589928】，返回信息 {"status":"bad","msg":""}
2021-07-24 02:13:58 查询号码 【1589928】，GSD为【""】
2021-07-24 02:13:58 bad
2021-07-24 02:14:00 CHB 1589928?1627064038 第 1 次 等待 3 秒
2021-07-24 02:14:03 CHB 1589928?1627064038 第 1 次 获取到号码【1589928】GSD
2021-07-24 02:14:03 获取到号码【1589928】的GSD为【新疆-奎屯】
2021-07-24 02:14:06 GSD insert 第 1 次 等待 3 秒
2021-07-24 02:14:09 {"status":"ok","gid":372333,"msg":"添加成功！"}
2021-07-24 02:14:09 下次操作: 2021-07-24 02:14:27

2021-07-24 02:14:27 开始第 36 次操作

2021-07-24 02:14:27 开始操作号码 【1589927】
2021-07-24 02:14:30 GSD getOne 第 1 次 等待 3 秒
2021-07-24 02:14:33 查询号码 【1589927】，返回信息 {"status":"bad","msg":""}
2021-07-24 02:14:33 查询号码 【1589927】，GSD为【""】
2021-07-24 02:14:33 bad
2021-07-24 02:14:35 CHB 1589927?1627064073 第 1 次 等待 3 秒
2021-07-24 02:14:38 CHB 1589927?1627064073 第 1 次 获取到号码【1589927】GSD
2021-07-24 02:14:38 获取到号码【1589927】的GSD为【新疆-昌吉】
2021-07-24 02:14:40 GSD insert 第 1 次 等待 3 秒
2021-07-24 02:14:43 {"status":"ok","gid":372337,"msg":"添加成功！"}
2021-07-24 02:14:43 下次操作: 2021-07-24 02:14:58

2021-07-24 02:14:58 开始第 37 次操作

2021-07-24 02:14:58 开始操作号码 【1589926】
2021-07-24 02:15:01 GSD getOne 第 1 次 等待 3 秒
2021-07-24 02:15:04 查询号码 【1589926】，返回信息 {"status":"ok","msg":"新疆-乌鲁木齐","gid":"26294","time_insert":"2016-02-18 16:44","time_update":"2020-12-22 18:23"}
2021-07-24 02:15:04 查询号码 【1589926】，GSD为【"新疆-乌鲁木齐"】

2021-07-24 02:15:04 开始第 37 次操作

2021-07-24 02:15:04 开始操作号码 【1589925】
2021-07-24 02:15:07 GSD getOne 第 1 次 等待 3 秒
2021-07-24 02:15:10 查询号码 【1589925】，返回信息 {"status":"ok","msg":"新疆-乌鲁木齐","gid":"26293","time_insert":"2019-01-14 09:33","time_update":"2020-12-22 14:24"}
2021-07-24 02:15:11 查询号码 【1589925】，GSD为【"新疆-乌鲁木齐"】

2021-07-24 02:15:11 开始第 37 次操作

2021-07-24 02:15:11 开始操作号码 【1589924】
2021-07-24 02:15:13 GSD getOne 第 1 次 等待 3 秒
2021-07-24 02:15:16 查询号码 【1589924】，返回信息 {"status":"bad","msg":""}
2021-07-24 02:15:16 查询号码 【1589924】，GSD为【""】
2021-07-24 02:15:16 bad
2021-07-24 02:15:18 CHB 1589924?1627064116 第 1 次 等待 3 秒
2021-07-24 02:15:21 CHB 1589924?1627064116 第 1 次 获取到号码【1589924】GSD
2021-07-24 02:15:21 获取到号码【1589924】的GSD为【新疆-乌鲁木齐】
2021-07-24 02:15:24 GSD insert 第 1 次 等待 3 秒
2021-07-24 02:15:27 {"status":"ok","gid":372342,"msg":"添加成功！"}
2021-07-24 02:15:27 下次操作: 2021-07-24 02:15:48

2021-07-24 02:15:48 开始第 38 次操作

2021-07-24 02:15:48 开始操作号码 【1589923】
2021-07-24 02:15:50 GSD getOne 第 1 次 等待 3 秒
2021-07-24 02:15:53 查询号码 【1589923】，返回信息 {"status":"bad","msg":""}
2021-07-24 02:15:53 查询号码 【1589923】，GSD为【""】
2021-07-24 02:15:53 bad
2021-07-24 02:15:55 CHB 1589923?1627064153 第 1 次 等待 3 秒
2021-07-24 02:15:58 CHB 1589923?1627064153 第 1 次 获取到号码【1589923】GSD
2021-07-24 02:15:58 获取到号码【1589923】的GSD为【新疆-乌鲁木齐】
2021-07-24 02:16:00 GSD insert 第 1 次 等待 3 秒
2021-07-24 02:16:03 {"status":"ok","gid":372349,"msg":"添加成功！"}
2021-07-24 02:16:03 下次操作: 2021-07-24 02:16:25

2021-07-24 02:16:25 开始第 39 次操作

2021-07-24 02:16:25 开始操作号码 【1589922】
2021-07-24 02:16:28 GSD getOne 第 1 次 等待 3 秒
2021-07-24 02:16:31 查询号码 【1589922】，返回信息 {"status":"ok","msg":"新疆-乌鲁木齐","gid":"52050","time_insert":"2021-04-22 10:39"}
2021-07-24 02:16:31 查询号码 【1589922】，GSD为【"新疆-乌鲁木齐"】

2021-07-24 02:16:31 开始第 39 次操作

2021-07-24 02:16:31 开始操作号码 【1589921】
2021-07-24 02:16:35 GSD getOne 第 1 次 等待 3 秒
2021-07-24 02:16:38 查询号码 【1589921】，返回信息 {"status":"bad","msg":""}
2021-07-24 02:16:38 查询号码 【1589921】，GSD为【""】
2021-07-24 02:16:38 bad
2021-07-24 02:16:39 CHB 1589921?1627064198 第 1 次 等待 3 秒
2021-07-24 02:16:42 CHB 1589921?1627064198 第 1 次 获取到号码【1589921】GSD
2021-07-24 02:16:42 获取到号码【1589921】的GSD为【新疆-乌鲁木齐】
2021-07-24 02:16:45 GSD insert 第 1 次 等待 3 秒
2021-07-24 02:16:48 {"status":"ok","gid":372354,"msg":"添加成功！"}
2021-07-24 02:16:48 下次操作: 2021-07-24 02:17:07

2021-07-24 02:17:07 开始第 40 次操作

2021-07-24 02:17:07 开始操作号码 【1589920】
2021-07-24 02:17:11 GSD getOne 第 1 次 等待 3 秒
2021-07-24 02:17:14 查询号码 【1589920】，返回信息 {"status":"bad","msg":""}
2021-07-24 02:17:14 查询号码 【1589920】，GSD为【""】
2021-07-24 02:17:14 bad
2021-07-24 02:17:15 CHB 1589920?1627064234 第 1 次 等待 3 秒
2021-07-24 02:17:18 CHB 1589920?1627064234 第 1 次 获取到号码【1589920】GSD
2021-07-24 02:17:18 获取到号码【1589920】的GSD为【新疆-乌鲁木齐】
2021-07-24 02:17:25 GSD insert 第 1 次 等待 3 秒
2021-07-24 02:17:28 {"status":"ok","gid":372359,"msg":"添加成功！"}

2021-07-24 02:49:12 开始第 1 次操作

2021-07-24 02:49:12 开始操作号码 【1589919】
2021-07-24 02:49:15 GSD getOne 第 1 次 等待 3 秒
2021-07-24 02:49:18 查询号码 【1589919】，返回信息 {"status":"ok","msg":"新疆-乌鲁木齐","gid":"372368","time_insert":"2021-07-24 02:18"}
2021-07-24 02:49:18 查询号码 【1589919】，GSD为【"新疆-乌鲁木齐"】

2021-07-24 02:49:18 开始第 1 次操作

2021-07-24 02:49:18 开始操作号码 【1589918】
2021-07-24 02:49:21 GSD getOne 第 1 次 等待 3 秒
2021-07-24 02:49:24 查询号码 【1589918】，返回信息 {"status":"ok","msg":"新疆-乌鲁木齐","gid":"372373","time_insert":"2021-07-24 02:19"}
2021-07-24 02:49:24 查询号码 【1589918】，GSD为【"新疆-乌鲁木齐"】

2021-07-24 02:49:24 开始第 1 次操作

2021-07-24 02:49:24 开始操作号码 【1589917】
2021-07-24 02:49:27 GSD getOne 第 1 次 等待 3 秒
2021-07-24 02:49:30 查询号码 【1589917】，返回信息 {"status":"ok","msg":"新疆-乌鲁木齐","gid":"26292","time_insert":"2018-12-06 15:09","time_update":"2020-12-22 14:32"}
2021-07-24 02:49:30 查询号码 【1589917】，GSD为【"新疆-乌鲁木齐"】

2021-07-24 02:49:30 开始第 1 次操作

2021-07-24 02:49:30 开始操作号码 【1589916】
2021-07-24 02:49:33 GSD getOne 第 1 次 等待 3 秒
2021-07-24 02:49:36 查询号码 【1589916】，返回信息 {"status":"ok","msg":"新疆-乌鲁木齐","gid":"372380","time_insert":"2021-07-24 02:20"}
2021-07-24 02:49:36 查询号码 【1589916】，GSD为【"新疆-乌鲁木齐"】

2021-07-24 02:49:36 开始第 1 次操作

2021-07-24 02:49:36 开始操作号码 【1589915】
2021-07-24 02:49:38 GSD getOne 第 1 次 等待 3 秒
2021-07-24 02:49:41 查询号码 【1589915】，返回信息 {"status":"ok","msg":"新疆-乌鲁木齐","gid":"372391","time_insert":"2021-07-24 02:21"}
2021-07-24 02:49:41 查询号码 【1589915】，GSD为【"新疆-乌鲁木齐"】

2021-07-24 02:49:41 开始第 1 次操作

2021-07-24 02:49:41 开始操作号码 【1589914】
2021-07-24 02:49:44 GSD getOne 第 1 次 等待 3 秒
2021-07-24 02:49:47 查询号码 【1589914】，返回信息 {"status":"bad","msg":""}
2021-07-24 02:49:47 查询号码 【1589914】，GSD为【""】
2021-07-24 02:49:47 bad
2021-07-24 02:49:49 CHB 1589914?1627066187 第 1 次 等待 3 秒
2021-07-24 02:49:52 CHB 1589914?1627066187 第 1 次 获取到号码【1589914】GSD
2021-07-24 02:49:52 获取到号码【1589914】的GSD为【新疆-乌鲁木齐】
2021-07-24 02:49:55 GSD insert 第 1 次 等待 3 秒
2021-07-24 02:49:58 {"status":"ok","gid":372514,"msg":"添加成功！"}
2021-07-24 02:49:58 下次操作: 2021-07-24 02:50:14

2021-07-24 02:50:14 开始第 2 次操作

2021-07-24 02:50:14 开始操作号码 【1589913】
2021-07-24 02:50:18 GSD getOne 第 1 次 等待 3 秒
2021-07-24 02:50:21 查询号码 【1589913】，返回信息 {"status":"bad","msg":""}
2021-07-24 02:50:21 查询号码 【1589913】，GSD为【""】
2021-07-24 02:50:21 bad
2021-07-24 02:50:22 CHB 1589913?1627066221 第 1 次 等待 3 秒
2021-07-24 02:50:25 CHB 1589913?1627066221 第 1 次 获取到号码【1589913】GSD
2021-07-24 02:50:25 获取到号码【1589913】的GSD为【新疆-乌鲁木齐】
2021-07-24 02:50:30 GSD insert 第 1 次 等待 3 秒
2021-07-24 02:50:33 {"status":"ok","gid":372521,"msg":"添加成功！"}
2021-07-24 02:50:33 下次操作: 2021-07-24 02:50:53

2021-07-24 02:50:53 开始第 3 次操作

2021-07-24 02:50:53 开始操作号码 【1589912】
2021-07-24 02:50:56 GSD getOne 第 1 次 等待 3 秒
2021-07-24 02:50:59 查询号码 【1589912】，返回信息 {"status":"bad","msg":""}
2021-07-24 02:51:00 查询号码 【1589912】，GSD为【""】
2021-07-24 02:51:00 bad
2021-07-24 02:51:01 CHB 1589912?1627066260 第 1 次 等待 3 秒
2021-07-24 02:51:04 CHB 1589912?1627066260 第 1 次 获取到号码【1589912】GSD
2021-07-24 02:51:04 获取到号码【1589912】的GSD为【新疆-乌鲁木齐】
2021-07-24 02:51:08 GSD insert 第 1 次 等待 3 秒
2021-07-24 02:51:11 {"status":"ok","gid":372530,"msg":"添加成功！"}
2021-07-24 02:51:11 下次操作: 2021-07-24 02:51:28

2021-07-24 02:51:28 开始第 4 次操作

2021-07-24 02:51:28 开始操作号码 【1589911】
2021-07-24 02:51:33 GSD getOne 第 1 次 等待 3 秒
2021-07-24 02:51:36 查询号码 【1589911】，返回信息 {"status":"bad","msg":""}
2021-07-24 02:51:36 查询号码 【1589911】，GSD为【""】
2021-07-24 02:51:36 bad
2021-07-24 02:51:38 CHB 1589911?1627066296 第 1 次 等待 3 秒
2021-07-24 02:51:41 CHB 1589911?1627066296 第 1 次 获取到号码【1589911】GSD
2021-07-24 02:51:41 获取到号码【1589911】的GSD为【新疆-乌鲁木齐】
2021-07-24 02:51:43 GSD insert 第 1 次 等待 3 秒
2021-07-24 02:51:46 {"status":"ok","gid":372537,"msg":"添加成功！"}
2021-07-24 02:51:46 下次操作: 2021-07-24 02:52:00

2021-07-24 02:52:00 开始第 5 次操作

2021-07-24 02:52:00 开始操作号码 【1589910】
2021-07-24 02:52:03 GSD getOne 第 1 次 等待 3 秒
2021-07-24 02:52:06 查询号码 【1589910】，返回信息 {"status":"bad","msg":""}
2021-07-24 02:52:06 查询号码 【1589910】，GSD为【""】
2021-07-24 02:52:06 bad
2021-07-24 02:52:08 CHB 1589910?1627066326 第 1 次 等待 3 秒
2021-07-24 02:52:11 CHB 1589910?1627066326 第 1 次 获取到号码【1589910】GSD
2021-07-24 02:52:11 获取到号码【1589910】的GSD为【新疆-乌鲁木齐】
2021-07-24 02:52:17 GSD insert 第 1 次 等待 3 秒
2021-07-24 02:52:20 {"status":"ok","gid":372544,"msg":"添加成功！"}
2021-07-24 02:52:20 下次操作: 2021-07-24 02:52:39

2021-07-24 02:52:39 开始第 6 次操作

2021-07-24 02:52:39 开始操作号码 【1589909】
2021-07-24 02:52:42 GSD getOne 第 1 次 等待 3 秒
2021-07-24 02:52:45 查询号码 【1589909】，返回信息 {"status":"bad","msg":""}
2021-07-24 02:52:45 查询号码 【1589909】，GSD为【""】
2021-07-24 02:52:45 bad
2021-07-24 02:52:47 CHB 1589909?1627066365 第 1 次 等待 3 秒
2021-07-24 02:52:50 CHB 1589909?1627066365 第 1 次 获取到号码【1589909】GSD
2021-07-24 02:52:50 获取到号码【1589909】的GSD为【新疆-昌吉】
2021-07-24 02:52:53 GSD insert 第 1 次 等待 3 秒
2021-07-24 02:52:56 {"status":"ok","gid":372555,"msg":"添加成功！"}
2021-07-24 02:52:56 下次操作: 2021-07-24 02:53:18

2021-07-24 02:53:18 开始第 7 次操作

2021-07-24 02:53:18 开始操作号码 【1589908】
2021-07-24 02:53:21 GSD getOne 第 1 次 等待 3 秒
2021-07-24 02:53:24 查询号码 【1589908】，返回信息 {"status":"ok","msg":"新疆-昌吉","gid":"26291","time_insert":"2017-03-26 00:37","time_update":"2020-12-22 14:38"}
2021-07-24 02:53:24 查询号码 【1589908】，GSD为【"新疆-昌吉"】

2021-07-24 02:53:24 开始第 7 次操作

2021-07-24 02:53:24 开始操作号码 【1589907】
2021-07-24 02:53:27 GSD getOne 第 1 次 等待 3 秒
2021-07-24 02:53:30 查询号码 【1589907】，返回信息 {"status":"ok","msg":"新疆-昌吉","gid":"26290","time_insert":"2018-06-27 22:45","time_update":"2020-12-22 14:45"}
2021-07-24 02:53:30 查询号码 【1589907】，GSD为【"新疆-昌吉"】

2021-07-24 02:53:30 开始第 7 次操作

2021-07-24 02:53:30 开始操作号码 【1589906】
2021-07-24 02:53:33 GSD getOne 第 1 次 等待 3 秒
2021-07-24 02:53:36 查询号码 【1589906】，返回信息 {"status":"bad","msg":""}
2021-07-24 02:53:36 查询号码 【1589906】，GSD为【""】
2021-07-24 02:53:36 bad
2021-07-24 02:53:38 CHB 1589906?1627066416 第 1 次 等待 3 秒
2021-07-24 02:53:41 CHB 1589906?1627066416 第 1 次 获取到号码【1589906】GSD
2021-07-24 02:53:41 获取到号码【1589906】的GSD为【新疆-昌吉】
2021-07-24 02:53:44 GSD insert 第 1 次 等待 3 秒
2021-07-24 02:53:47 {"status":"ok","gid":372567,"msg":"添加成功！"}
2021-07-24 02:53:47 下次操作: 2021-07-24 02:54:01

2021-07-24 02:54:01 开始第 8 次操作

2021-07-24 02:54:01 开始操作号码 【1589905】
2021-07-24 02:54:03 GSD getOne 第 1 次 等待 3 秒
2021-07-24 02:54:06 查询号码 【1589905】，返回信息 {"status":"ok","msg":"新疆-昌吉","gid":"26289","time_insert":"2018-03-07 12:06","time_update":"2020-12-22 14:54"}
2021-07-24 02:54:06 查询号码 【1589905】，GSD为【"新疆-昌吉"】

2021-07-24 02:54:06 开始第 8 次操作

2021-07-24 02:54:06 开始操作号码 【1589904】
2021-07-24 02:54:09 GSD getOne 第 1 次 等待 3 秒
2021-07-24 02:54:12 查询号码 【1589904】，返回信息 {"status":"bad","msg":""}
2021-07-24 02:54:12 查询号码 【1589904】，GSD为【""】
2021-07-24 02:54:12 bad
2021-07-24 02:54:16 CHB 1589904?1627066452 第 1 次 等待 3 秒
2021-07-24 02:54:19 CHB 1589904?1627066452 第 1 次 获取到号码【1589904】GSD
2021-07-24 02:54:19 获取到号码【1589904】的GSD为【新疆-库尔勒】
2021-07-24 02:54:22 GSD insert 第 1 次 等待 3 秒
2021-07-24 02:54:25 {"status":"ok","gid":372578,"msg":"添加成功！"}
2021-07-24 02:54:25 下次操作: 2021-07-24 02:54:45

2021-07-24 02:54:45 开始第 9 次操作

2021-07-24 02:54:45 开始操作号码 【1589903】
2021-07-24 02:54:47 GSD getOne 第 1 次 等待 3 秒
2021-07-24 02:54:50 查询号码 【1589903】，返回信息 {"status":"bad","msg":""}
2021-07-24 02:54:51 查询号码 【1589903】，GSD为【""】
2021-07-24 02:54:51 bad
2021-07-24 02:54:52 CHB 1589903?1627066491 第 1 次 等待 3 秒
2021-07-24 02:54:55 CHB 1589903?1627066491 第 1 次 获取到号码【1589903】GSD
2021-07-24 02:54:55 获取到号码【1589903】的GSD为【新疆-库尔勒】
2021-07-24 02:54:59 GSD insert 第 1 次 等待 3 秒
2021-07-24 02:55:02 {"status":"ok","gid":372589,"msg":"添加成功！"}
2021-07-24 02:55:02 下次操作: 2021-07-24 02:55:16

2021-07-24 02:55:16 开始第 10 次操作

2021-07-24 02:55:16 开始操作号码 【1589902】
2021-07-24 02:55:19 GSD getOne 第 1 次 等待 3 秒
2021-07-24 02:55:22 查询号码 【1589902】，返回信息 {"status":"bad","msg":""}
2021-07-24 02:55:22 查询号码 【1589902】，GSD为【""】
2021-07-24 02:55:22 bad
2021-07-24 02:55:24 CHB 1589902?1627066522 第 1 次 等待 3 秒
2021-07-24 02:55:27 CHB 1589902?1627066522 第 1 次 获取到号码【1589902】GSD
2021-07-24 02:55:27 获取到号码【1589902】的GSD为【新疆-库尔勒】
2021-07-24 02:55:29 GSD insert 第 1 次 等待 3 秒
2021-07-24 02:55:32 {"status":"ok","gid":372597,"msg":"添加成功！"}
2021-07-24 02:55:32 下次操作: 2021-07-24 02:55:48

2021-07-24 02:55:48 开始第 11 次操作

2021-07-24 02:55:48 开始操作号码 【1589901】
2021-07-24 02:55:51 GSD getOne 第 1 次 等待 3 秒
2021-07-24 02:55:54 查询号码 【1589901】，返回信息 {"status":"bad","msg":""}
2021-07-24 02:55:54 查询号码 【1589901】，GSD为【""】
2021-07-24 02:55:54 bad
2021-07-24 02:55:57 CHB 1589901?1627066554 第 1 次 等待 3 秒
2021-07-24 02:56:00 CHB 1589901?1627066554 第 1 次 获取到号码【1589901】GSD
2021-07-24 02:56:00 获取到号码【1589901】的GSD为【新疆-库尔勒】
2021-07-24 02:56:03 GSD insert 第 1 次 等待 3 秒
2021-07-24 02:56:06 {"status":"ok","gid":372606,"msg":"添加成功！"}
2021-07-24 02:56:06 下次操作: 2021-07-24 02:56:21

2021-07-24 02:56:21 开始第 12 次操作

2021-07-24 02:56:21 开始操作号码 【1589900】
2021-07-24 02:56:23 GSD getOne 第 1 次 等待 3 秒
2021-07-24 02:56:26 查询号码 【1589900】，返回信息 {"status":"ok","msg":"新疆-库尔勒","gid":"26288","time_insert":"2020-05-22 23:53","time_update":"2020-12-22 15:00"}
2021-07-24 02:56:26 查询号码 【1589900】，GSD为【"新疆-库尔勒"】

2021-07-24 02:56:26 开始第 12 次操作

2021-07-24 02:56:26 开始操作号码 【1589899】
2021-07-24 02:56:29 GSD getOne 第 1 次 等待 3 秒
2021-07-24 02:56:32 查询号码 【1589899】，返回信息 {"status":"bad","msg":""}
2021-07-24 02:56:32 查询号码 【1589899】，GSD为【""】
2021-07-24 02:56:32 bad
2021-07-24 02:56:34 CHB 1589899?1627066592 第 1 次 等待 3 秒
2021-07-24 02:56:37 CHB 1589899?1627066592 第 1 次 获取到号码【1589899】GSD
2021-07-24 02:56:37 获取到号码【1589899】的GSD为【山东-日照】
2021-07-24 02:56:41 GSD insert 第 1 次 等待 3 秒
2021-07-24 02:56:44 {"status":"ok","gid":372618,"msg":"添加成功！"}
2021-07-24 02:56:44 下次操作: 2021-07-24 02:57:08

2021-07-24 02:57:08 开始第 13 次操作

2021-07-24 02:57:08 开始操作号码 【1589898】
2021-07-24 02:57:10 GSD getOne 第 1 次 等待 3 秒
2021-07-24 02:57:13 查询号码 【1589898】，返回信息 {"status":"bad","msg":""}
2021-07-24 02:57:14 查询号码 【1589898】，GSD为【""】
2021-07-24 02:57:14 bad
2021-07-24 02:57:15 CHB 1589898?1627066634 第 1 次 等待 3 秒
2021-07-24 02:57:18 CHB 1589898?1627066634 第 1 次 获取到号码【1589898】GSD
2021-07-24 02:57:18 获取到号码【1589898】的GSD为【山东-日照】
2021-07-24 02:57:21 GSD insert 第 1 次 等待 3 秒
2021-07-24 02:57:24 {"status":"ok","gid":372631,"msg":"添加成功！"}
2021-07-24 02:57:24 下次操作: 2021-07-24 02:57:39

2021-07-24 02:57:39 开始第 14 次操作

2021-07-24 02:57:39 开始操作号码 【1589897】
2021-07-24 02:57:43 GSD getOne 第 1 次 等待 3 秒
2021-07-24 02:57:46 查询号码 【1589897】，返回信息 {"status":"bad","msg":""}
2021-07-24 02:57:46 查询号码 【1589897】，GSD为【""】
2021-07-24 02:57:46 bad
2021-07-24 02:57:49 CHB 1589897?1627066666 第 1 次 等待 3 秒
2021-07-24 02:57:52 CHB 1589897?1627066666 第 1 次 获取到号码【1589897】GSD
2021-07-24 02:57:52 获取到号码【1589897】的GSD为【山东-威海】
2021-07-24 02:57:55 GSD insert 第 1 次 等待 3 秒
2021-07-24 02:57:58 {"status":"ok","gid":372639,"msg":"添加成功！"}
2021-07-24 02:57:58 下次操作: 2021-07-24 02:58:21

2021-07-24 02:58:21 开始第 15 次操作

2021-07-24 02:58:21 开始操作号码 【1589896】
2021-07-24 02:58:23 GSD getOne 第 1 次 等待 3 秒
2021-07-24 02:58:26 查询号码 【1589896】，返回信息 {"status":"ok","msg":"山东-烟台","gid":"26287","time_insert":"2018-05-18 23:04","time_update":"2020-09-09 09:47"}
2021-07-24 02:58:27 查询号码 【1589896】，GSD为【"山东-烟台"】

2021-07-24 02:58:27 开始第 15 次操作

2021-07-24 02:58:27 开始操作号码 【1589895】
2021-07-24 02:58:29 GSD getOne 第 1 次 等待 3 秒
2021-07-24 02:58:32 查询号码 【1589895】，返回信息 {"status":"bad","msg":""}
2021-07-24 02:58:32 查询号码 【1589895】，GSD为【""】
2021-07-24 02:58:32 bad
2021-07-24 02:58:35 CHB 1589895?1627066712 第 1 次 等待 3 秒
2021-07-24 02:58:38 CHB 1589895?1627066712 第 1 次 获取到号码【1589895】GSD
2021-07-24 02:58:38 获取到号码【1589895】的GSD为【山东-菏泽】
2021-07-24 02:58:41 GSD insert 第 1 次 等待 3 秒
2021-07-24 02:58:44 {"status":"ok","gid":372654,"msg":"添加成功！"}
2021-07-24 02:58:44 下次操作: 2021-07-24 02:59:06

2021-07-24 02:59:06 开始第 16 次操作

2021-07-24 02:59:06 开始操作号码 【1589894】
2021-07-24 02:59:09 GSD getOne 第 1 次 等待 3 秒
2021-07-24 02:59:12 查询号码 【1589894】，返回信息 {"status":"bad","msg":""}
2021-07-24 02:59:12 查询号码 【1589894】，GSD为【""】
2021-07-24 02:59:12 bad
2021-07-24 02:59:13 CHB 1589894?1627066752 第 1 次 等待 3 秒
2021-07-24 02:59:16 CHB 1589894?1627066752 第 1 次 获取到号码【1589894】GSD
2021-07-24 02:59:16 获取到号码【1589894】的GSD为【山东-潍坊】
2021-07-24 02:59:19 GSD insert 第 1 次 等待 3 秒
2021-07-24 02:59:22 {"status":"ok","gid":372664,"msg":"添加成功！"}
2021-07-24 02:59:22 下次操作: 2021-07-24 02:59:45

2021-07-24 02:59:45 开始第 17 次操作

2021-07-24 02:59:45 开始操作号码 【1589893】
2021-07-24 02:59:48 GSD getOne 第 1 次 等待 3 秒
2021-07-24 02:59:51 查询号码 【1589893】，返回信息 {"status":"bad","msg":""}
2021-07-24 02:59:51 查询号码 【1589893】，GSD为【""】
2021-07-24 02:59:51 bad
2021-07-24 02:59:53 CHB 1589893?1627066791 第 1 次 等待 3 秒
2021-07-24 02:59:56 CHB 1589893?1627066791 第 1 次 获取到号码【1589893】GSD
2021-07-24 02:59:56 获取到号码【1589893】的GSD为【山东-潍坊】
2021-07-24 02:59:58 GSD insert 第 1 次 等待 3 秒
2021-07-24 03:00:01 {"status":"ok","gid":372678,"msg":"添加成功！"}
2021-07-24 03:00:01 下次操作: 2021-07-24 03:00:16

2021-07-24 03:00:16 开始第 18 次操作

2021-07-24 03:00:16 开始操作号码 【1589892】
2021-07-24 03:00:19 GSD getOne 第 1 次 等待 3 秒
2021-07-24 03:00:22 查询号码 【1589892】，返回信息 {"status":"bad","msg":""}
2021-07-24 03:00:22 查询号码 【1589892】，GSD为【""】
2021-07-24 03:00:22 bad
2021-07-24 03:00:24 CHB 1589892?1627066822 第 1 次 等待 3 秒
2021-07-24 03:00:27 CHB 1589892?1627066822 第 1 次 获取到号码【1589892】GSD
2021-07-24 03:00:27 获取到号码【1589892】的GSD为【山东-滨州】
2021-07-24 03:00:30 GSD insert 第 1 次 等待 3 秒
2021-07-24 03:00:33 {"status":"ok","gid":372685,"msg":"添加成功！"}
2021-07-24 03:00:33 下次操作: 2021-07-24 03:00:56

2021-07-24 03:00:56 开始第 19 次操作

2021-07-24 03:00:56 开始操作号码 【1589891】
2021-07-24 03:00:59 GSD getOne 第 1 次 等待 3 秒
2021-07-24 03:01:02 查询号码 【1589891】，返回信息 {"status":"ok","msg":"山东-济南","gid":"26286","time_insert":"2017-09-12 10:59","time_update":"2020-09-09 09:51"}
2021-07-24 03:01:02 查询号码 【1589891】，GSD为【"山东-济南"】

2021-07-24 03:01:02 开始第 19 次操作

2021-07-24 03:01:02 开始操作号码 【1589890】
2021-07-24 03:01:05 GSD getOne 第 1 次 等待 3 秒
2021-07-24 03:01:08 查询号码 【1589890】，返回信息 {"status":"bad","msg":""}
2021-07-24 03:01:08 查询号码 【1589890】，GSD为【""】
2021-07-24 03:01:08 bad
2021-07-24 03:01:10 CHB 1589890?1627066868 第 1 次 等待 3 秒
2021-07-24 03:01:13 CHB 1589890?1627066868 第 1 次 获取到号码【1589890】GSD
2021-07-24 03:01:13 获取到号码【1589890】的GSD为【山东-济南】
2021-07-24 03:01:16 GSD insert 第 1 次 等待 3 秒
2021-07-24 03:01:19 {"status":"ok","gid":372698,"msg":"添加成功！"}
2021-07-24 03:01:19 下次操作: 2021-07-24 03:01:31

2021-07-24 03:01:31 开始第 20 次操作

2021-07-24 03:01:31 开始操作号码 【1589889】
2021-07-24 03:01:34 GSD getOne 第 1 次 等待 3 秒
2021-07-24 03:01:37 查询号码 【1589889】，返回信息 {"status":"bad","msg":""}
2021-07-24 03:01:37 查询号码 【1589889】，GSD为【""】
2021-07-24 03:01:37 bad
2021-07-24 03:01:39 CHB 1589889?1627066897 第 1 次 等待 3 秒
2021-07-24 03:01:42 CHB 1589889?1627066897 第 1 次 获取到号码【1589889】GSD
2021-07-24 03:01:42 获取到号码【1589889】的GSD为【山东-滨州】
2021-07-24 03:01:45 GSD insert 第 1 次 等待 3 秒
2021-07-24 03:01:48 {"status":"ok","gid":372706,"msg":"添加成功！"}
2021-07-24 03:01:48 下次操作: 2021-07-24 03:02:10

2021-07-24 03:02:10 开始第 21 次操作

2021-07-24 03:02:10 开始操作号码 【1589888】
2021-07-24 03:02:14 GSD getOne 第 1 次 等待 3 秒
2021-07-24 03:02:17 查询号码 【1589888】，返回信息 {"status":"bad","msg":""}
2021-07-24 03:02:17 查询号码 【1589888】，GSD为【""】
2021-07-24 03:02:17 bad
2021-07-24 03:02:19 CHB 1589888?1627066937 第 1 次 等待 3 秒
2021-07-24 03:02:22 CHB 1589888?1627066937 第 1 次 获取到号码【1589888】GSD
2021-07-24 03:02:22 获取到号码【1589888】的GSD为【山东-青岛】
2021-07-24 03:02:25 GSD insert 第 1 次 等待 3 秒
2021-07-24 03:02:28 {"status":"ok","gid":372718,"msg":"添加成功！"}
2021-07-24 03:02:28 下次操作: 2021-07-24 03:02:47

2021-07-24 03:02:47 开始第 22 次操作

2021-07-24 03:02:47 开始操作号码 【1589887】
2021-07-24 03:02:49 GSD getOne 第 1 次 等待 3 秒
2021-07-24 03:02:52 查询号码 【1589887】，返回信息 {"status":"bad","msg":""}
2021-07-24 03:02:53 查询号码 【1589887】，GSD为【""】
2021-07-24 03:02:53 bad
2021-07-24 03:02:54 CHB 1589887?1627066973 第 1 次 等待 3 秒
2021-07-24 03:02:57 CHB 1589887?1627066973 第 1 次 获取到号码【1589887】GSD
2021-07-24 03:02:57 获取到号码【1589887】的GSD为【山东-青岛】
2021-07-24 03:03:00 GSD insert 第 1 次 等待 3 秒
2021-07-24 03:03:03 {"status":"ok","gid":372725,"msg":"添加成功！"}
2021-07-24 03:03:03 下次操作: 2021-07-24 03:03:27

2021-07-24 03:03:27 开始第 23 次操作

2021-07-24 03:03:27 开始操作号码 【1589886】
2021-07-24 03:03:30 GSD getOne 第 1 次 等待 3 秒
2021-07-24 03:03:33 查询号码 【1589886】，返回信息 {"status":"bad","msg":""}
2021-07-24 03:03:33 查询号码 【1589886】，GSD为【""】
2021-07-24 03:03:33 bad
2021-07-24 03:03:35 CHB 1589886?1627067013 第 1 次 等待 3 秒
2021-07-24 03:03:38 CHB 1589886?1627067013 第 1 次 获取到号码【1589886】GSD
2021-07-24 03:03:38 获取到号码【1589886】的GSD为【山东-青岛】
2021-07-24 03:03:41 GSD insert 第 1 次 等待 3 秒
2021-07-24 03:03:44 {"status":"ok","gid":372735,"msg":"添加成功！"}
2021-07-24 03:03:44 下次操作: 2021-07-24 03:04:02

2021-07-24 03:04:02 开始第 24 次操作

2021-07-24 03:04:02 开始操作号码 【1589885】
2021-07-24 03:04:05 GSD getOne 第 1 次 等待 3 秒
2021-07-24 03:04:08 查询号码 【1589885】，返回信息 {"status":"bad","msg":""}
2021-07-24 03:04:08 查询号码 【1589885】，GSD为【""】
2021-07-24 03:04:08 bad
2021-07-24 03:04:09 CHB 1589885?1627067048 第 1 次 等待 3 秒
2021-07-24 03:04:12 CHB 1589885?1627067048 第 1 次 获取到号码【1589885】GSD
2021-07-24 03:04:12 获取到号码【1589885】的GSD为【山东-青岛】
2021-07-24 03:04:15 GSD insert 第 1 次 等待 3 秒
2021-07-24 03:04:18 {"status":"ok","gid":372745,"msg":"添加成功！"}
2021-07-24 03:04:18 下次操作: 2021-07-24 03:04:42

2021-07-24 03:04:42 开始第 25 次操作

2021-07-24 03:04:42 开始操作号码 【1589884】
2021-07-24 03:04:45 GSD getOne 第 1 次 等待 3 秒
2021-07-24 03:04:48 查询号码 【1589884】，返回信息 {"status":"bad","msg":""}
2021-07-24 03:04:49 查询号码 【1589884】，GSD为【""】
2021-07-24 03:04:49 bad
2021-07-24 03:04:50 CHB 1589884?1627067089 第 1 次 等待 3 秒
2021-07-24 03:04:53 CHB 1589884?1627067089 第 1 次 获取到号码【1589884】GSD
2021-07-24 03:04:53 获取到号码【1589884】的GSD为【山东-青岛】
2021-07-24 03:04:56 GSD insert 第 1 次 等待 3 秒
2021-07-24 03:04:59 {"status":"ok","gid":372757,"msg":"添加成功！"}
2021-07-24 03:04:59 下次操作: 2021-07-24 03:05:12

2021-07-24 03:05:12 开始第 26 次操作

2021-07-24 03:05:12 开始操作号码 【1589883】
2021-07-24 03:05:15 GSD getOne 第 1 次 等待 3 秒
2021-07-24 03:05:18 查询号码 【1589883】，返回信息 {"status":"ok","msg":"山东-青岛","gid":"26285","time_insert":"2014-08-09 20:13","time_update":"2020-09-09 09:54"}
2021-07-24 03:05:18 查询号码 【1589883】，GSD为【"山东-青岛"】

2021-07-24 03:05:18 开始第 26 次操作

2021-07-24 03:05:18 开始操作号码 【1589882】
2021-07-24 03:05:21 GSD getOne 第 1 次 等待 3 秒
2021-07-24 03:05:24 查询号码 【1589882】，返回信息 {"status":"bad","msg":""}
2021-07-24 03:05:24 查询号码 【1589882】，GSD为【""】
2021-07-24 03:05:24 bad
2021-07-24 03:05:25 CHB 1589882?1627067124 第 1 次 等待 3 秒
2021-07-24 03:05:28 CHB 1589882?1627067124 第 1 次 获取到号码【1589882】GSD
2021-07-24 03:05:28 获取到号码【1589882】的GSD为【山东-青岛】
2021-07-24 03:05:31 GSD insert 第 1 次 等待 3 秒
2021-07-24 03:05:34 {"status":"ok","gid":372766,"msg":"添加成功！"}
2021-07-24 03:05:34 下次操作: 2021-07-24 03:05:55

2021-07-24 03:05:55 开始第 27 次操作

2021-07-24 03:05:55 开始操作号码 【1589881】
2021-07-24 03:05:58 GSD getOne 第 1 次 等待 3 秒
2021-07-24 03:06:01 查询号码 【1589881】，返回信息 {"status":"bad","msg":""}
2021-07-24 03:06:01 查询号码 【1589881】，GSD为【""】
2021-07-24 03:06:01 bad
2021-07-24 03:06:03 CHB 1589881?1627067161 第 1 次 等待 3 秒
2021-07-24 03:06:06 CHB 1589881?1627067161 第 1 次 获取到号码【1589881】GSD
2021-07-24 03:06:06 获取到号码【1589881】的GSD为【山东-青岛】
2021-07-24 03:06:08 GSD insert 第 1 次 等待 3 秒
2021-07-24 03:06:11 {"status":"ok","gid":372777,"msg":"添加成功！"}
2021-07-24 03:06:11 下次操作: 2021-07-24 03:06:32

2021-07-24 03:06:32 开始第 28 次操作

2021-07-24 03:06:32 开始操作号码 【1589880】
2021-07-24 03:06:39 GSD getOne 第 1 次 等待 3 秒
2021-07-24 03:06:42 查询号码 【1589880】，返回信息 {"status":"bad","msg":""}
2021-07-24 03:06:42 查询号码 【1589880】，GSD为【""】
2021-07-24 03:06:42 bad
2021-07-24 03:06:44 CHB 1589880?1627067202 第 1 次 等待 3 秒
2021-07-24 03:06:47 CHB 1589880?1627067202 第 1 次 获取到号码【1589880】GSD
2021-07-24 03:06:47 获取到号码【1589880】的GSD为【山东-青岛】
2021-07-24 03:06:50 GSD insert 第 1 次 等待 3 秒
2021-07-24 03:06:53 {"status":"ok","gid":372789,"msg":"添加成功！"}
2021-07-24 03:06:53 下次操作: 2021-07-24 03:07:05

2021-07-24 03:07:05 开始第 29 次操作

2021-07-24 03:07:05 开始操作号码 【1589879】
2021-07-24 03:07:08 GSD getOne 第 1 次 等待 3 秒
2021-07-24 03:07:11 查询号码 【1589879】，返回信息 {"status":"bad","msg":""}
2021-07-24 03:07:11 查询号码 【1589879】，GSD为【""】
2021-07-24 03:07:11 bad
2021-07-24 03:07:12 CHB 1589879?1627067231 第 1 次 等待 3 秒
2021-07-24 03:07:15 CHB 1589879?1627067231 第 1 次 获取到号码【1589879】GSD
2021-07-24 03:07:15 获取到号码【1589879】的GSD为【山东-临沂】
2021-07-24 03:07:18 GSD insert 第 1 次 等待 3 秒
2021-07-24 03:07:21 {"status":"ok","gid":372796,"msg":"添加成功！"}
2021-07-24 03:07:21 下次操作: 2021-07-24 03:07:35

2021-07-24 03:07:35 开始第 30 次操作

2021-07-24 03:07:35 开始操作号码 【1589878】
2021-07-24 03:07:38 GSD getOne 第 1 次 等待 3 秒
2021-07-24 03:07:41 查询号码 【1589878】，返回信息 {"status":"bad","msg":""}
2021-07-24 03:07:41 查询号码 【1589878】，GSD为【""】
2021-07-24 03:07:41 bad
2021-07-24 03:07:42 CHB 1589878?1627067261 第 1 次 等待 3 秒
2021-07-24 03:07:45 CHB 1589878?1627067261 第 1 次 获取到号码【1589878】GSD
2021-07-24 03:07:45 获取到号码【1589878】的GSD为【山东-济宁】
2021-07-24 03:07:48 GSD insert 第 1 次 等待 3 秒
2021-07-24 03:07:51 {"status":"ok","gid":372807,"msg":"添加成功！"}
2021-07-24 03:07:51 下次操作: 2021-07-24 03:08:07

2021-07-24 03:08:07 开始第 31 次操作

2021-07-24 03:08:07 开始操作号码 【1589877】
2021-07-24 03:08:10 GSD getOne 第 1 次 等待 3 秒
2021-07-24 03:08:13 查询号码 【1589877】，返回信息 {"status":"bad","msg":""}
2021-07-24 03:08:13 查询号码 【1589877】，GSD为【""】
2021-07-24 03:08:13 bad
2021-07-24 03:08:15 CHB 1589877?1627067293 第 1 次 等待 3 秒
2021-07-24 03:08:18 CHB 1589877?1627067293 第 1 次 获取到号码【1589877】GSD
2021-07-24 03:08:18 获取到号码【1589877】的GSD为【山东-淄博】
2021-07-24 03:08:20 GSD insert 第 1 次 等待 3 秒
2021-07-24 03:08:23 {"status":"ok","gid":372816,"msg":"添加成功！"}
2021-07-24 03:08:23 下次操作: 2021-07-24 03:08:43

2021-07-24 03:08:43 开始第 32 次操作

2021-07-24 03:08:43 开始操作号码 【1589876】
2021-07-24 03:08:46 GSD getOne 第 1 次 等待 3 秒
2021-07-24 03:08:49 查询号码 【1589876】，返回信息 {"status":"bad","msg":""}
2021-07-24 03:08:49 查询号码 【1589876】，GSD为【""】
2021-07-24 03:08:49 bad
2021-07-24 03:08:52 CHB 1589876?1627067329 第 1 次 等待 3 秒
2021-07-24 03:08:55 CHB 1589876?1627067329 第 1 次 获取到号码【1589876】GSD
2021-07-24 03:08:55 获取到号码【1589876】的GSD为【山东-淄博】
2021-07-24 03:08:58 GSD insert 第 1 次 等待 3 秒
2021-07-24 03:09:01 {"status":"ok","gid":372828,"msg":"添加成功！"}
2021-07-24 03:09:01 下次操作: 2021-07-24 03:09:20

2021-07-24 03:09:20 开始第 33 次操作

2021-07-24 03:09:20 开始操作号码 【1589875】
2021-07-24 03:09:23 GSD getOne 第 1 次 等待 3 秒
2021-07-24 03:09:26 查询号码 【1589875】，返回信息 {"status":"bad","msg":""}
2021-07-24 03:09:26 查询号码 【1589875】，GSD为【""】
2021-07-24 03:09:26 bad
2021-07-24 03:09:28 CHB 1589875?1627067366 第 1 次 等待 3 秒
2021-07-24 03:09:31 CHB 1589875?1627067366 第 1 次 获取到号码【1589875】GSD
2021-07-24 03:09:31 获取到号码【1589875】的GSD为【山东-淄博】
2021-07-24 03:09:34 GSD insert 第 1 次 等待 3 秒
2021-07-24 03:09:37 {"status":"ok","gid":372837,"msg":"添加成功！"}
2021-07-24 03:09:37 下次操作: 2021-07-24 03:10:01

2021-07-24 03:10:01 开始第 34 次操作

2021-07-24 03:10:01 开始操作号码 【1589874】
2021-07-24 03:10:04 GSD getOne 第 1 次 等待 3 秒
2021-07-24 03:10:07 查询号码 【1589874】，返回信息 {"status":"bad","msg":""}
2021-07-24 03:10:07 查询号码 【1589874】，GSD为【""】
2021-07-24 03:10:07 bad
2021-07-24 03:10:09 CHB 1589874?1627067407 第 1 次 等待 3 秒
2021-07-24 03:10:12 CHB 1589874?1627067407 第 1 次 获取到号码【1589874】GSD
2021-07-24 03:10:12 获取到号码【1589874】的GSD为【山东-淄博】
2021-07-24 03:10:15 GSD insert 第 1 次 等待 3 秒
2021-07-24 03:10:18 {"status":"ok","gid":372850,"msg":"添加成功！"}
2021-07-24 03:10:18 下次操作: 2021-07-24 03:10:31

2021-07-24 03:10:31 开始第 35 次操作

2021-07-24 03:10:31 开始操作号码 【1589873】
2021-07-24 03:10:33 GSD getOne 第 1 次 等待 3 秒
2021-07-24 03:10:36 查询号码 【1589873】，返回信息 {"status":"bad","msg":""}
2021-07-24 03:10:36 查询号码 【1589873】，GSD为【""】
2021-07-24 03:10:36 bad
2021-07-24 03:10:38 CHB 1589873?1627067436 第 1 次 等待 3 秒
2021-07-24 03:10:41 CHB 1589873?1627067436 第 1 次 获取到号码【1589873】GSD
2021-07-24 03:10:41 获取到号码【1589873】的GSD为【山东-淄博】
2021-07-24 03:10:44 GSD insert 第 1 次 等待 3 秒
2021-07-24 03:10:47 {"status":"ok","gid":372858,"msg":"添加成功！"}
2021-07-24 03:10:47 下次操作: 2021-07-24 03:11:08

2021-07-24 03:11:08 开始第 36 次操作

2021-07-24 03:11:08 开始操作号码 【1589872】
2021-07-24 03:11:11 GSD getOne 第 1 次 等待 3 秒
2021-07-24 03:11:14 查询号码 【1589872】，返回信息 {"status":"bad","msg":""}
2021-07-24 03:11:14 查询号码 【1589872】，GSD为【""】
2021-07-24 03:11:14 bad
2021-07-24 03:11:16 CHB 1589872?1627067474 第 1 次 等待 3 秒
2021-07-24 03:11:19 CHB 1589872?1627067474 第 1 次 获取到号码【1589872】GSD
2021-07-24 03:11:19 获取到号码【1589872】的GSD为【山东-淄博】
2021-07-24 03:11:23 GSD insert 第 1 次 等待 3 秒
2021-07-24 03:11:26 {"status":"ok","gid":372869,"msg":"添加成功！"}
2021-07-24 03:11:26 下次操作: 2021-07-24 03:11:44

2021-07-24 03:11:44 开始第 37 次操作

2021-07-24 03:11:44 开始操作号码 【1589871】
2021-07-24 03:11:47 GSD getOne 第 1 次 等待 3 秒
2021-07-24 03:11:50 查询号码 【1589871】，返回信息 {"status":"bad","msg":""}
2021-07-24 03:11:50 查询号码 【1589871】，GSD为【""】
2021-07-24 03:11:50 bad
2021-07-24 03:11:52 CHB 1589871?1627067510 第 1 次 等待 3 秒
2021-07-24 03:11:55 CHB 1589871?1627067510 第 1 次 获取到号码【1589871】GSD
2021-07-24 03:11:55 获取到号码【1589871】的GSD为【山东-淄博】
2021-07-24 03:11:58 GSD insert 第 1 次 等待 3 秒
2021-07-24 03:12:01 {"status":"ok","gid":372876,"msg":"添加成功！"}
2021-07-24 03:12:01 下次操作: 2021-07-24 03:12:19

2021-07-24 03:12:19 开始第 38 次操作

2021-07-24 03:12:19 开始操作号码 【1589870】
2021-07-24 03:12:21 GSD getOne 第 1 次 等待 3 秒
2021-07-24 03:12:24 查询号码 【1589870】，返回信息 {"status":"bad","msg":""}
2021-07-24 03:12:24 查询号码 【1589870】，GSD为【""】
2021-07-24 03:12:24 bad
2021-07-24 03:12:26 CHB 1589870?1627067544 第 1 次 等待 3 秒
2021-07-24 03:12:29 CHB 1589870?1627067544 第 1 次 获取到号码【1589870】GSD
2021-07-24 03:12:29 获取到号码【1589870】的GSD为【山东-淄博】
2021-07-24 03:12:32 GSD insert 第 1 次 等待 3 秒
2021-07-24 03:12:35 {"status":"ok","gid":372883,"msg":"添加成功！"}
2021-07-24 03:12:35 下次操作: 2021-07-24 03:12:53

2021-07-24 03:12:53 开始第 39 次操作

2021-07-24 03:12:53 开始操作号码 【1589869】
2021-07-24 03:12:56 GSD getOne 第 1 次 等待 3 秒
2021-07-24 03:12:59 查询号码 【1589869】，返回信息 {"status":"bad","msg":""}
2021-07-24 03:12:59 查询号码 【1589869】，GSD为【""】
2021-07-24 03:12:59 bad
2021-07-24 03:13:01 CHB 1589869?1627067579 第 1 次 等待 3 秒
2021-07-24 03:13:04 CHB 1589869?1627067579 第 1 次 获取到号码【1589869】GSD
2021-07-24 03:13:04 获取到号码【1589869】的GSD为【山东-菏泽】
2021-07-24 03:13:06 GSD insert 第 1 次 等待 3 秒
2021-07-24 03:13:09 {"status":"ok","gid":372889,"msg":"添加成功！"}
2021-07-24 03:13:09 下次操作: 2021-07-24 03:13:31

2021-07-24 03:13:31 开始第 40 次操作

2021-07-24 03:13:31 开始操作号码 【1589868】
2021-07-24 03:13:34 GSD getOne 第 1 次 等待 3 秒
2021-07-24 03:13:37 查询号码 【1589868】，返回信息 {"status":"ok","msg":"山东-菏泽","gid":"26284","time_insert":"2020-01-02 19:39","time_update":"2020-09-09 09:58"}
2021-07-24 03:13:37 查询号码 【1589868】，GSD为【"山东-菏泽"】

2021-07-24 03:13:37 开始第 40 次操作

2021-07-24 03:13:37 开始操作号码 【1589867】
2021-07-24 03:13:40 GSD getOne 第 1 次 等待 3 秒
2021-07-24 03:13:43 查询号码 【1589867】，返回信息 {"status":"bad","msg":""}
2021-07-24 03:13:43 查询号码 【1589867】，GSD为【""】
2021-07-24 03:13:43 bad
2021-07-24 03:13:45 CHB 1589867?1627067623 第 1 次 等待 3 秒
2021-07-24 03:13:48 CHB 1589867?1627067623 第 1 次 获取到号码【1589867】GSD
2021-07-24 03:13:48 获取到号码【1589867】的GSD为【山东-菏泽】
2021-07-24 03:13:51 GSD insert 第 1 次 等待 3 秒
2021-07-24 03:13:54 {"status":"ok","gid":372896,"msg":"添加成功！"}

2021-07-24 03:37:29 开始第 1 次操作

2021-07-24 03:37:29 开始操作号码 【1589866】
2021-07-24 03:37:33 GSD getOne 第 1 次 等待 3 秒
2021-07-24 03:37:36 查询号码 【1589866】，返回信息 {"status":"bad","msg":""}
2021-07-24 03:37:36 查询号码 【1589866】，GSD为【""】
2021-07-24 03:37:36 bad
2021-07-24 03:37:38 CHB 1589866?1627069056 第 1 次 等待 3 秒
2021-07-24 03:37:41 CHB 1589866?1627069056 第 1 次 获取到号码【1589866】GSD
2021-07-24 03:37:41 获取到号码【1589866】的GSD为【山东-菏泽】
2021-07-24 03:37:44 GSD insert 第 1 次 等待 3 秒
2021-07-24 03:37:47 {"status":"ok","gid":372996,"msg":"添加成功！"}
2021-07-24 03:37:47 下次操作: 2021-07-24 03:37:59

2021-07-24 03:37:59 开始第 2 次操作

2021-07-24 03:37:59 开始操作号码 【1589865】
2021-07-24 03:38:01 GSD getOne 第 1 次 等待 3 秒
2021-07-24 03:38:04 查询号码 【1589865】，返回信息 {"status":"bad","msg":""}
2021-07-24 03:38:04 查询号码 【1589865】，GSD为【""】
2021-07-24 03:38:04 bad
2021-07-24 03:38:06 CHB 1589865?1627069084 第 1 次 等待 3 秒
2021-07-24 03:38:09 CHB 1589865?1627069084 第 1 次 获取到号码【1589865】GSD
2021-07-24 03:38:09 获取到号码【1589865】的GSD为【山东-济宁】
2021-07-24 03:38:12 GSD insert 第 1 次 等待 3 秒
2021-07-24 03:38:15 {"status":"ok","gid":373002,"msg":"添加成功！"}
2021-07-24 03:38:15 下次操作: 2021-07-24 03:38:31

2021-07-24 03:38:31 开始第 3 次操作

2021-07-24 03:38:31 开始操作号码 【1589864】
2021-07-24 03:38:34 GSD getOne 第 1 次 等待 3 秒
2021-07-24 03:38:37 查询号码 【1589864】，返回信息 {"status":"bad","msg":""}
2021-07-24 03:38:37 查询号码 【1589864】，GSD为【""】
2021-07-24 03:38:37 bad
2021-07-24 03:38:38 CHB 1589864?1627069117 第 1 次 等待 3 秒
2021-07-24 03:38:41 CHB 1589864?1627069117 第 1 次 获取到号码【1589864】GSD
2021-07-24 03:38:41 获取到号码【1589864】的GSD为【山东-济宁】
2021-07-24 03:38:44 GSD insert 第 1 次 等待 3 秒
2021-07-24 03:38:47 {"status":"ok","gid":373013,"msg":"添加成功！"}
2021-07-24 03:38:47 下次操作: 2021-07-24 03:39:08

2021-07-24 03:39:08 开始第 4 次操作

2021-07-24 03:39:08 开始操作号码 【1589863】
2021-07-24 03:39:11 GSD getOne 第 1 次 等待 3 秒
2021-07-24 03:39:14 查询号码 【1589863】，返回信息 {"status":"bad","msg":""}
2021-07-24 03:39:14 查询号码 【1589863】，GSD为【""】
2021-07-24 03:39:14 bad
2021-07-24 03:39:16 CHB 1589863?1627069154 第 1 次 等待 3 秒
2021-07-24 03:39:19 CHB 1589863?1627069154 第 1 次 获取到号码【1589863】GSD
2021-07-24 03:39:19 获取到号码【1589863】的GSD为【山东-济宁】
2021-07-24 03:39:22 GSD insert 第 1 次 等待 3 秒
2021-07-24 03:39:25 {"status":"ok","gid":373025,"msg":"添加成功！"}
2021-07-24 03:39:25 下次操作: 2021-07-24 03:39:42

2021-07-24 03:39:42 开始第 5 次操作

2021-07-24 03:39:42 开始操作号码 【1589862】
2021-07-24 03:39:44 GSD getOne 第 1 次 等待 3 秒
2021-07-24 03:39:47 查询号码 【1589862】，返回信息 {"status":"bad","msg":""}
2021-07-24 03:39:47 查询号码 【1589862】，GSD为【""】
2021-07-24 03:39:47 bad
2021-07-24 03:39:49 CHB 1589862?1627069187 第 1 次 等待 3 秒
2021-07-24 03:39:52 CHB 1589862?1627069187 第 1 次 获取到号码【1589862】GSD
2021-07-24 03:39:52 获取到号码【1589862】的GSD为【山东-济宁】
2021-07-24 03:39:55 GSD insert 第 1 次 等待 3 秒
2021-07-24 03:39:58 {"status":"ok","gid":373032,"msg":"添加成功！"}
2021-07-24 03:39:58 下次操作: 2021-07-24 03:40:22

2021-07-24 03:40:22 开始第 6 次操作

2021-07-24 03:40:22 开始操作号码 【1589861】
2021-07-24 03:40:25 GSD getOne 第 1 次 等待 3 秒
2021-07-24 03:40:28 查询号码 【1589861】，返回信息 {"status":"bad","msg":""}
2021-07-24 03:40:28 查询号码 【1589861】，GSD为【""】
2021-07-24 03:40:28 bad
2021-07-24 03:40:30 CHB 1589861?1627069228 第 1 次 等待 3 秒
2021-07-24 03:40:33 CHB 1589861?1627069228 第 1 次 获取到号码【1589861】GSD
2021-07-24 03:40:33 获取到号码【1589861】的GSD为【山东-济宁】
2021-07-24 03:40:35 GSD insert 第 1 次 等待 3 秒
2021-07-24 03:40:38 {"status":"ok","gid":373044,"msg":"添加成功！"}
2021-07-24 03:40:38 下次操作: 2021-07-24 03:40:55

2021-07-24 03:40:55 开始第 7 次操作

2021-07-24 03:40:55 开始操作号码 【1589860】
2021-07-24 03:40:58 GSD getOne 第 1 次 等待 3 秒
2021-07-24 03:41:01 查询号码 【1589860】，返回信息 {"status":"bad","msg":""}
2021-07-24 03:41:01 查询号码 【1589860】，GSD为【""】
2021-07-24 03:41:01 bad
2021-07-24 03:41:03 CHB 1589860?1627069261 第 1 次 等待 3 秒
2021-07-24 03:41:06 CHB 1589860?1627069261 第 1 次 获取到号码【1589860】GSD
2021-07-24 03:41:06 获取到号码【1589860】的GSD为【山东-济宁】
2021-07-24 03:41:09 GSD insert 第 1 次 等待 3 秒
2021-07-24 03:41:12 {"status":"ok","gid":373056,"msg":"添加成功！"}
2021-07-24 03:41:12 下次操作: 2021-07-24 03:41:31

2021-07-24 03:41:31 开始第 8 次操作

2021-07-24 03:41:31 开始操作号码 【1589859】
2021-07-24 03:41:34 GSD getOne 第 1 次 等待 3 秒
2021-07-24 03:41:37 查询号码 【1589859】，返回信息 {"status":"bad","msg":""}
2021-07-24 03:41:37 查询号码 【1589859】，GSD为【""】
2021-07-24 03:41:37 bad
2021-07-24 03:41:39 CHB 1589859?1627069297 第 1 次 等待 3 秒
2021-07-24 03:41:42 CHB 1589859?1627069297 第 1 次 获取到号码【1589859】GSD
2021-07-24 03:41:42 获取到号码【1589859】的GSD为【湖南-湘潭】
2021-07-24 03:41:44 GSD insert 第 1 次 等待 3 秒
2021-07-24 03:41:47 {"status":"ok","gid":373066,"msg":"添加成功！"}
2021-07-24 03:41:47 下次操作: 2021-07-24 03:42:00

2021-07-24 03:42:00 开始第 9 次操作

2021-07-24 03:42:00 开始操作号码 【1589858】
2021-07-24 03:42:03 GSD getOne 第 1 次 等待 3 秒
2021-07-24 03:42:06 查询号码 【1589858】，返回信息 {"status":"bad","msg":""}
2021-07-24 03:42:06 查询号码 【1589858】，GSD为【""】
2021-07-24 03:42:06 bad
2021-07-24 03:42:08 CHB 1589858?1627069326 第 1 次 等待 3 秒
2021-07-24 03:42:11 CHB 1589858?1627069326 第 1 次 获取到号码【1589858】GSD
2021-07-24 03:42:11 获取到号码【1589858】的GSD为【湖南-湘潭】
2021-07-24 03:42:14 GSD insert 第 1 次 等待 3 秒
2021-07-24 03:42:17 {"status":"ok","gid":373074,"msg":"添加成功！"}
2021-07-24 03:42:17 下次操作: 2021-07-24 03:42:31

2021-07-24 03:42:31 开始第 10 次操作

2021-07-24 03:42:31 开始操作号码 【1589857】
2021-07-24 03:42:34 GSD getOne 第 1 次 等待 3 秒
2021-07-24 03:42:37 查询号码 【1589857】，返回信息 {"status":"bad","msg":""}
2021-07-24 03:42:37 查询号码 【1589857】，GSD为【""】
2021-07-24 03:42:37 bad
2021-07-24 03:42:38 CHB 1589857?1627069357 第 1 次 等待 3 秒
2021-07-24 03:42:41 CHB 1589857?1627069357 第 1 次 获取到号码【1589857】GSD
2021-07-24 03:42:41 获取到号码【1589857】的GSD为【湖南-湘潭】
2021-07-24 03:42:45 GSD insert 第 1 次 等待 3 秒
2021-07-24 03:42:48 {"status":"ok","gid":373082,"msg":"添加成功！"}
2021-07-24 03:42:48 下次操作: 2021-07-24 03:43:04

2021-07-24 03:43:04 开始第 11 次操作

2021-07-24 03:43:04 开始操作号码 【1589856】
2021-07-24 03:43:07 GSD getOne 第 1 次 等待 3 秒
2021-07-24 03:43:10 查询号码 【1589856】，返回信息 {"status":"bad","msg":""}
2021-07-24 03:43:10 查询号码 【1589856】，GSD为【""】
2021-07-24 03:43:10 bad
2021-07-24 03:43:12 CHB 1589856?1627069390 第 1 次 等待 3 秒
2021-07-24 03:43:15 CHB 1589856?1627069390 第 1 次 获取到号码【1589856】GSD
2021-07-24 03:43:15 获取到号码【1589856】的GSD为【湖南-湘潭】
2021-07-24 03:43:17 GSD insert 第 1 次 等待 3 秒
2021-07-24 03:43:20 {"status":"ok","gid":373090,"msg":"添加成功！"}
2021-07-24 03:43:20 下次操作: 2021-07-24 03:43:32

2021-07-24 03:43:32 开始第 12 次操作

2021-07-24 03:43:32 开始操作号码 【1589855】
2021-07-24 03:43:35 GSD getOne 第 1 次 等待 3 秒
2021-07-24 03:43:38 查询号码 【1589855】，返回信息 {"status":"bad","msg":""}
2021-07-24 03:43:38 查询号码 【1589855】，GSD为【""】
2021-07-24 03:43:38 bad
2021-07-24 03:43:40 CHB 1589855?1627069418 第 1 次 等待 3 秒
2021-07-24 03:43:43 CHB 1589855?1627069418 第 1 次 获取到号码【1589855】GSD
2021-07-24 03:43:43 获取到号码【1589855】的GSD为【湖南-湘潭】
2021-07-24 03:43:46 GSD insert 第 1 次 等待 3 秒
2021-07-24 03:43:49 {"status":"ok","gid":373100,"msg":"添加成功！"}
2021-07-24 03:43:49 下次操作: 2021-07-24 03:44:06

2021-07-24 03:44:06 开始第 13 次操作

2021-07-24 03:44:06 开始操作号码 【1589854】
2021-07-24 03:44:08 GSD getOne 第 1 次 等待 3 秒
2021-07-24 03:44:11 查询号码 【1589854】，返回信息 {"status":"bad","msg":""}
2021-07-24 03:44:11 查询号码 【1589854】，GSD为【""】
2021-07-24 03:44:11 bad
2021-07-24 03:44:13 CHB 1589854?1627069451 第 1 次 等待 3 秒
2021-07-24 03:44:16 CHB 1589854?1627069451 第 1 次 获取到号码【1589854】GSD
2021-07-24 03:44:16 获取到号码【1589854】的GSD为【湖南-湘潭】
2021-07-24 03:44:19 GSD insert 第 1 次 等待 3 秒
2021-07-24 03:44:22 {"status":"ok","gid":373110,"msg":"添加成功！"}
2021-07-24 03:44:22 下次操作: 2021-07-24 03:44:39

2021-07-24 03:44:39 开始第 14 次操作

2021-07-24 03:44:39 开始操作号码 【1589853】
2021-07-24 03:44:42 GSD getOne 第 1 次 等待 3 秒
2021-07-24 03:44:45 查询号码 【1589853】，返回信息 {"status":"bad","msg":""}
2021-07-24 03:44:45 查询号码 【1589853】，GSD为【""】
2021-07-24 03:44:45 bad
2021-07-24 03:44:46 CHB 1589853?1627069485 第 1 次 等待 3 秒
2021-07-24 03:44:49 CHB 1589853?1627069485 第 1 次 获取到号码【1589853】GSD
2021-07-24 03:44:49 获取到号码【1589853】的GSD为【湖南-湘潭】
2021-07-24 03:44:52 GSD insert 第 1 次 等待 3 秒
2021-07-24 03:44:55 {"status":"ok","gid":373119,"msg":"添加成功！"}
2021-07-24 03:44:55 下次操作: 2021-07-24 03:45:11

2021-07-24 03:45:11 开始第 15 次操作

2021-07-24 03:45:11 开始操作号码 【1589852】
2021-07-24 03:45:14 GSD getOne 第 1 次 等待 3 秒
2021-07-24 03:45:17 查询号码 【1589852】，返回信息 {"status":"bad","msg":""}
2021-07-24 03:45:17 查询号码 【1589852】，GSD为【""】
2021-07-24 03:45:17 bad
2021-07-24 03:45:19 CHB 1589852?1627069517 第 1 次 等待 3 秒
2021-07-24 03:45:22 CHB 1589852?1627069517 第 1 次 获取到号码【1589852】GSD
2021-07-24 03:45:22 获取到号码【1589852】的GSD为【湖南-湘潭】
2021-07-24 03:45:25 GSD insert 第 1 次 等待 3 秒
2021-07-24 03:45:28 {"status":"ok","gid":373129,"msg":"添加成功！"}
2021-07-24 03:45:28 下次操作: 2021-07-24 03:45:41

2021-07-24 03:45:41 开始第 16 次操作

2021-07-24 03:45:41 开始操作号码 【1589851】
2021-07-24 03:45:43 GSD getOne 第 1 次 等待 3 秒
2021-07-24 03:45:46 查询号码 【1589851】，返回信息 {"status":"ok","msg":"湖南-湘潭","gid":"26283","time_insert":"2019-10-08 16:34","time_update":"2020-09-23 05:56"}
2021-07-24 03:45:46 查询号码 【1589851】，GSD为【"湖南-湘潭"】

2021-07-24 03:45:46 开始第 16 次操作

2021-07-24 03:45:46 开始操作号码 【1589850】
2021-07-24 03:45:49 GSD getOne 第 1 次 等待 3 秒
2021-07-24 03:45:52 查询号码 【1589850】，返回信息 {"status":"bad","msg":""}
2021-07-24 03:45:52 查询号码 【1589850】，GSD为【""】
2021-07-24 03:45:52 bad
2021-07-24 03:45:54 CHB 1589850?1627069552 第 1 次 等待 3 秒
2021-07-24 03:45:57 CHB 1589850?1627069552 第 1 次 获取到号码【1589850】GSD
2021-07-24 03:45:57 获取到号码【1589850】的GSD为【湖南-湘潭】
2021-07-24 03:46:00 GSD insert 第 1 次 等待 3 秒
2021-07-24 03:46:03 {"status":"ok","gid":373139,"msg":"添加成功！"}
2021-07-24 03:46:03 下次操作: 2021-07-24 03:46:23

2021-07-24 03:46:23 开始第 17 次操作

2021-07-24 03:46:23 开始操作号码 【1589849】
2021-07-24 03:46:25 GSD getOne 第 1 次 等待 3 秒
2021-07-24 03:46:28 查询号码 【1589849】，返回信息 {"status":"ok","msg":"湖南-益阳","gid":"26282","time_insert":"2019-08-28 10:36","time_update":"2020-09-23 05:51"}
2021-07-24 03:46:29 查询号码 【1589849】，GSD为【"湖南-益阳"】

2021-07-24 03:46:29 开始第 17 次操作

2021-07-24 03:46:29 开始操作号码 【1589848】
2021-07-24 03:46:31 GSD getOne 第 1 次 等待 3 秒
2021-07-24 03:46:34 查询号码 【1589848】，返回信息 {"status":"bad","msg":""}
2021-07-24 03:46:35 查询号码 【1589848】，GSD为【""】
2021-07-24 03:46:35 bad
2021-07-24 03:46:36 CHB 1589848?1627069595 第 1 次 等待 3 秒
2021-07-24 03:46:39 CHB 1589848?1627069595 第 1 次 获取到号码【1589848】GSD
2021-07-24 03:46:39 获取到号码【1589848】的GSD为【湖南-益阳】
2021-07-24 03:46:42 GSD insert 第 1 次 等待 3 秒
2021-07-24 03:46:45 {"status":"ok","gid":373150,"msg":"添加成功！"}
2021-07-24 03:46:45 下次操作: 2021-07-24 03:47:01

2021-07-24 03:47:01 开始第 18 次操作

2021-07-24 03:47:01 开始操作号码 【1589847】
2021-07-24 03:47:04 GSD getOne 第 1 次 等待 3 秒
2021-07-24 03:47:07 查询号码 【1589847】，返回信息 {"status":"bad","msg":""}
2021-07-24 03:47:07 查询号码 【1589847】，GSD为【""】
2021-07-24 03:47:07 bad
2021-07-24 03:47:09 CHB 1589847?1627069627 第 1 次 等待 3 秒
2021-07-24 03:47:12 CHB 1589847?1627069627 第 1 次 获取到号码【1589847】GSD
2021-07-24 03:47:12 获取到号码【1589847】的GSD为【湖南-益阳】
2021-07-24 03:47:15 GSD insert 第 1 次 等待 3 秒
2021-07-24 03:47:18 {"status":"ok","gid":373159,"msg":"添加成功！"}
2021-07-24 03:47:18 下次操作: 2021-07-24 03:47:38

2021-07-24 03:47:38 开始第 19 次操作

2021-07-24 03:47:38 开始操作号码 【1589846】
2021-07-24 03:47:40 GSD getOne 第 1 次 等待 3 秒
2021-07-24 03:47:43 查询号码 【1589846】，返回信息 {"status":"bad","msg":""}
2021-07-24 03:47:43 查询号码 【1589846】，GSD为【""】
2021-07-24 03:47:43 bad
2021-07-24 03:47:45 CHB 1589846?1627069663 第 1 次 等待 3 秒
2021-07-24 03:47:48 CHB 1589846?1627069663 第 1 次 获取到号码【1589846】GSD
2021-07-24 03:47:48 获取到号码【1589846】的GSD为【湖南-益阳】
2021-07-24 03:47:51 GSD insert 第 1 次 等待 3 秒
2021-07-24 03:47:54 {"status":"ok","gid":373171,"msg":"添加成功！"}
2021-07-24 03:47:54 下次操作: 2021-07-24 03:48:06

2021-07-24 03:48:06 开始第 20 次操作

2021-07-24 03:48:06 开始操作号码 【1589845】
2021-07-24 03:48:09 GSD getOne 第 1 次 等待 3 秒
2021-07-24 03:48:12 查询号码 【1589845】，返回信息 {"status":"bad","msg":""}
2021-07-24 03:48:12 查询号码 【1589845】，GSD为【""】
2021-07-24 03:48:12 bad
2021-07-24 03:48:13 CHB 1589845?1627069692 第 1 次 等待 3 秒
2021-07-24 03:48:16 CHB 1589845?1627069692 第 1 次 获取到号码【1589845】GSD
2021-07-24 03:48:16 获取到号码【1589845】的GSD为【湖南-益阳】
2021-07-24 03:48:19 GSD insert 第 1 次 等待 3 秒
2021-07-24 03:48:22 {"status":"ok","gid":373179,"msg":"添加成功！"}
2021-07-24 03:48:22 下次操作: 2021-07-24 03:48:37

2021-07-24 03:48:37 开始第 21 次操作

2021-07-24 03:48:37 开始操作号码 【1589844】
2021-07-24 03:48:40 GSD getOne 第 1 次 等待 3 秒
2021-07-24 03:48:43 查询号码 【1589844】，返回信息 {"status":"bad","msg":""}
2021-07-24 03:48:43 查询号码 【1589844】，GSD为【""】
2021-07-24 03:48:43 bad
2021-07-24 03:48:45 CHB 1589844?1627069723 第 1 次 等待 3 秒
2021-07-24 03:48:48 CHB 1589844?1627069723 第 1 次 获取到号码【1589844】GSD
2021-07-24 03:48:48 获取到号码【1589844】的GSD为【湖南-益阳】
2021-07-24 03:48:51 GSD insert 第 1 次 等待 3 秒
2021-07-24 03:48:54 {"status":"ok","gid":373191,"msg":"添加成功！"}
2021-07-24 03:48:54 下次操作: 2021-07-24 03:49:17

2021-07-24 03:49:17 开始第 22 次操作

2021-07-24 03:49:17 开始操作号码 【1589843】
2021-07-24 03:49:20 GSD getOne 第 1 次 等待 3 秒
2021-07-24 03:49:23 查询号码 【1589843】，返回信息 {"status":"ok","msg":"湖南-益阳","gid":"26281","time_insert":"2017-04-29 21:23","time_update":"2020-09-23 05:48"}
2021-07-24 03:49:23 查询号码 【1589843】，GSD为【"湖南-益阳"】

2021-07-24 03:49:23 开始第 22 次操作

2021-07-24 03:49:23 开始操作号码 【1589842】
2021-07-24 03:49:25 GSD getOne 第 1 次 等待 3 秒
2021-07-24 03:49:28 查询号码 【1589842】，返回信息 {"status":"bad","msg":""}
2021-07-24 03:49:28 查询号码 【1589842】，GSD为【""】
2021-07-24 03:49:28 bad
2021-07-24 03:49:30 CHB 1589842?1627069768 第 1 次 等待 3 秒
2021-07-24 03:49:33 CHB 1589842?1627069768 第 1 次 获取到号码【1589842】GSD
2021-07-24 03:49:33 获取到号码【1589842】的GSD为【湖南-益阳】
2021-07-24 03:49:36 GSD insert 第 1 次 等待 3 秒
2021-07-24 03:49:39 {"status":"ok","gid":373203,"msg":"添加成功！"}
2021-07-24 03:49:39 下次操作: 2021-07-24 03:50:01

2021-07-24 03:50:01 开始第 23 次操作

2021-07-24 03:50:01 开始操作号码 【1589841】
2021-07-24 03:50:04 GSD getOne 第 1 次 等待 3 秒
2021-07-24 03:50:07 查询号码 【1589841】，返回信息 {"status":"bad","msg":""}
2021-07-24 03:50:07 查询号码 【1589841】，GSD为【""】
2021-07-24 03:50:07 bad
2021-07-24 03:50:09 CHB 1589841?1627069807 第 1 次 等待 3 秒
2021-07-24 03:50:12 CHB 1589841?1627069807 第 1 次 获取到号码【1589841】GSD
2021-07-24 03:50:12 获取到号码【1589841】的GSD为【湖南-益阳】
2021-07-24 03:50:15 GSD insert 第 1 次 等待 3 秒
2021-07-24 03:50:18 {"status":"ok","gid":373211,"msg":"添加成功！"}
2021-07-24 03:50:18 下次操作: 2021-07-24 03:50:33

2021-07-24 03:50:33 开始第 24 次操作

2021-07-24 03:50:33 开始操作号码 【1589840】
2021-07-24 03:50:37 GSD getOne 第 1 次 等待 3 秒
2021-07-24 03:50:40 查询号码 【1589840】，返回信息 {"status":"bad","msg":""}
2021-07-24 03:50:40 查询号码 【1589840】，GSD为【""】
2021-07-24 03:50:40 bad
2021-07-24 03:50:42 CHB 1589840?1627069840 第 1 次 等待 3 秒
2021-07-24 03:50:45 CHB 1589840?1627069840 第 1 次 获取到号码【1589840】GSD
2021-07-24 03:50:45 获取到号码【1589840】的GSD为【湖南-益阳】
2021-07-24 03:50:48 GSD insert 第 1 次 等待 3 秒
2021-07-24 03:50:51 {"status":"ok","gid":373220,"msg":"添加成功！"}
2021-07-24 03:50:51 下次操作: 2021-07-24 03:51:12

2021-07-24 03:51:12 开始第 25 次操作

2021-07-24 03:51:12 开始操作号码 【1589839】
2021-07-24 03:51:15 GSD getOne 第 1 次 等待 3 秒
2021-07-24 03:51:18 查询号码 【1589839】，返回信息 {"status":"bad","msg":""}
2021-07-24 03:51:18 查询号码 【1589839】，GSD为【""】
2021-07-24 03:51:18 bad
2021-07-24 03:51:20 CHB 1589839?1627069878 第 1 次 等待 3 秒
2021-07-24 03:51:23 CHB 1589839?1627069878 第 1 次 获取到号码【1589839】GSD
2021-07-24 03:51:23 获取到号码【1589839】的GSD为【辽宁-抚顺】
2021-07-24 03:51:25 GSD insert 第 1 次 等待 3 秒
2021-07-24 03:51:28 {"status":"ok","gid":373234,"msg":"添加成功！"}
2021-07-24 03:51:28 下次操作: 2021-07-24 03:51:49

2021-07-24 03:51:49 开始第 26 次操作

2021-07-24 03:51:49 开始操作号码 【1589838】
2021-07-24 03:51:52 GSD getOne 第 1 次 等待 3 秒
2021-07-24 03:51:55 查询号码 【1589838】，返回信息 {"status":"ok","msg":"辽宁-抚顺","gid":"26280","time_insert":"2017-06-28 16:54","time_update":"2020-08-20 11:38"}
2021-07-24 03:51:55 查询号码 【1589838】，GSD为【"辽宁-抚顺"】

2021-07-24 03:51:55 开始第 26 次操作

2021-07-24 03:51:55 开始操作号码 【1589837】
2021-07-24 03:51:59 GSD getOne 第 1 次 等待 3 秒
2021-07-24 03:52:02 查询号码 【1589837】，返回信息 {"status":"bad","msg":""}
2021-07-24 03:52:02 查询号码 【1589837】，GSD为【""】
2021-07-24 03:52:02 bad
2021-07-24 03:52:04 CHB 1589837?1627069922 第 1 次 等待 3 秒
2021-07-24 03:52:07 CHB 1589837?1627069922 第 1 次 获取到号码【1589837】GSD
2021-07-24 03:52:07 获取到号码【1589837】的GSD为【辽宁-抚顺】
2021-07-24 03:52:09 GSD insert 第 1 次 等待 3 秒
2021-07-24 03:52:12 {"status":"ok","gid":373249,"msg":"添加成功！"}
2021-07-24 03:52:12 下次操作: 2021-07-24 03:52:33

2021-07-24 03:52:33 开始第 27 次操作

2021-07-24 03:52:33 开始操作号码 【1589836】
2021-07-24 03:52:37 GSD getOne 第 1 次 等待 3 秒
2021-07-24 03:52:40 查询号码 【1589836】，返回信息 {"status":"bad","msg":""}
2021-07-24 03:52:40 查询号码 【1589836】，GSD为【""】
2021-07-24 03:52:40 bad
2021-07-24 03:52:42 CHB 1589836?1627069960 第 1 次 等待 3 秒
2021-07-24 03:52:45 CHB 1589836?1627069960 第 1 次 获取到号码【1589836】GSD
2021-07-24 03:52:45 获取到号码【1589836】的GSD为【辽宁-抚顺】
2021-07-24 03:52:48 GSD insert 第 1 次 等待 3 秒
2021-07-24 03:52:51 {"status":"ok","gid":373260,"msg":"添加成功！"}
2021-07-24 03:52:51 下次操作: 2021-07-24 03:53:09

2021-07-24 03:53:09 开始第 28 次操作

2021-07-24 03:53:09 开始操作号码 【1589835】
2021-07-24 03:53:11 GSD getOne 第 1 次 等待 3 秒
2021-07-24 03:53:14 查询号码 【1589835】，返回信息 {"status":"bad","msg":""}
2021-07-24 03:53:15 查询号码 【1589835】，GSD为【""】
2021-07-24 03:53:15 bad
2021-07-24 03:53:16 CHB 1589835?1627069995 第 1 次 等待 3 秒
2021-07-24 03:53:19 CHB 1589835?1627069995 第 1 次 获取到号码【1589835】GSD
2021-07-24 03:53:19 获取到号码【1589835】的GSD为【辽宁-抚顺】
2021-07-24 03:53:22 GSD insert 第 1 次 等待 3 秒
2021-07-24 03:53:25 {"status":"ok","gid":373268,"msg":"添加成功！"}
2021-07-24 03:53:25 下次操作: 2021-07-24 03:53:41

2021-07-24 03:53:41 开始第 29 次操作

2021-07-24 03:53:41 开始操作号码 【1589834】
2021-07-24 03:53:44 GSD getOne 第 1 次 等待 3 秒
2021-07-24 03:53:47 查询号码 【1589834】，返回信息 {"status":"bad","msg":""}
2021-07-24 03:53:47 查询号码 【1589834】，GSD为【""】
2021-07-24 03:53:47 bad
2021-07-24 03:53:49 CHB 1589834?1627070027 第 1 次 等待 3 秒
2021-07-24 03:53:52 CHB 1589834?1627070027 第 1 次 获取到号码【1589834】GSD
2021-07-24 03:53:52 获取到号码【1589834】的GSD为【辽宁-抚顺】
2021-07-24 03:53:55 GSD insert 第 1 次 等待 3 秒
2021-07-24 03:53:58 {"status":"ok","gid":373275,"msg":"添加成功！"}
2021-07-24 03:53:58 下次操作: 2021-07-24 03:54:15

2021-07-24 03:54:15 开始第 30 次操作

2021-07-24 03:54:15 开始操作号码 【1589833】
2021-07-24 03:54:18 GSD getOne 第 1 次 等待 3 秒
2021-07-24 03:54:21 查询号码 【1589833】，返回信息 {"status":"bad","msg":""}
2021-07-24 03:54:21 查询号码 【1589833】，GSD为【""】
2021-07-24 03:54:21 bad
2021-07-24 03:54:22 CHB 1589833?1627070061 第 1 次 等待 3 秒
2021-07-24 03:54:25 CHB 1589833?1627070061 第 1 次 获取到号码【1589833】GSD
2021-07-24 03:54:25 获取到号码【1589833】的GSD为【辽宁-抚顺】
2021-07-24 03:54:28 GSD insert 第 1 次 等待 3 秒
2021-07-24 03:54:31 {"status":"ok","gid":373285,"msg":"添加成功！"}
2021-07-24 03:54:31 下次操作: 2021-07-24 03:54:44

2021-07-24 03:54:44 开始第 31 次操作

2021-07-24 03:54:44 开始操作号码 【1589832】
2021-07-24 03:54:47 GSD getOne 第 1 次 等待 3 秒
2021-07-24 03:54:50 查询号码 【1589832】，返回信息 {"status":"bad","msg":""}
2021-07-24 03:54:50 查询号码 【1589832】，GSD为【""】
2021-07-24 03:54:50 bad
2021-07-24 03:54:52 CHB 1589832?1627070090 第 1 次 等待 3 秒
2021-07-24 03:54:55 CHB 1589832?1627070090 第 1 次 获取到号码【1589832】GSD
2021-07-24 03:54:55 获取到号码【1589832】的GSD为【辽宁-抚顺】
2021-07-24 03:54:58 GSD insert 第 1 次 等待 3 秒
2021-07-24 03:55:01 {"status":"ok","gid":373294,"msg":"添加成功！"}
2021-07-24 03:55:01 下次操作: 2021-07-24 03:55:21

2021-07-24 03:55:21 开始第 32 次操作

2021-07-24 03:55:21 开始操作号码 【1589831】
2021-07-24 03:55:24 GSD getOne 第 1 次 等待 3 秒
2021-07-24 03:55:27 查询号码 【1589831】，返回信息 {"status":"bad","msg":""}
2021-07-24 03:55:27 查询号码 【1589831】，GSD为【""】
2021-07-24 03:55:27 bad
2021-07-24 03:55:29 CHB 1589831?1627070127 第 1 次 等待 3 秒
2021-07-24 03:55:32 CHB 1589831?1627070127 第 1 次 获取到号码【1589831】GSD
2021-07-24 03:55:32 获取到号码【1589831】的GSD为【辽宁-抚顺】
2021-07-24 03:55:35 GSD insert 第 1 次 等待 3 秒
2021-07-24 03:55:38 {"status":"ok","gid":373304,"msg":"添加成功！"}
2021-07-24 03:55:38 下次操作: 2021-07-24 03:56:00

2021-07-24 03:56:00 开始第 33 次操作

2021-07-24 03:56:00 开始操作号码 【1589830】
2021-07-24 03:56:03 GSD getOne 第 1 次 等待 3 秒
2021-07-24 03:56:06 查询号码 【1589830】，返回信息 {"status":"bad","msg":""}
2021-07-24 03:56:06 查询号码 【1589830】，GSD为【""】
2021-07-24 03:56:06 bad
2021-07-24 03:56:08 CHB 1589830?1627070166 第 1 次 等待 3 秒
2021-07-24 03:56:11 CHB 1589830?1627070166 第 1 次 获取到号码【1589830】GSD
2021-07-24 03:56:11 获取到号码【1589830】的GSD为【辽宁-抚顺】
2021-07-24 03:56:13 GSD insert 第 1 次 等待 3 秒
2021-07-24 03:56:16 {"status":"ok","gid":373316,"msg":"添加成功！"}
2021-07-24 03:56:16 下次操作: 2021-07-24 03:56:36

2021-07-24 03:56:36 开始第 34 次操作

2021-07-24 03:56:36 开始操作号码 【1589829】
2021-07-24 03:56:39 GSD getOne 第 1 次 等待 3 秒
2021-07-24 03:56:42 查询号码 【1589829】，返回信息 {"status":"bad","msg":""}
2021-07-24 03:56:42 查询号码 【1589829】，GSD为【""】
2021-07-24 03:56:42 bad
2021-07-24 03:56:43 CHB 1589829?1627070202 第 1 次 等待 3 秒
2021-07-24 03:56:46 CHB 1589829?1627070202 第 1 次 获取到号码【1589829】GSD
2021-07-24 03:56:46 未获取到号码【1589829】GSD，查号吧 400 错误
2021-07-24 03:56:46 获取到号码【1589829】的GSD为【-】
2021-07-24 03:56:49 GSD insert 第 1 次 等待 3 秒
2021-07-24 03:56:52 {"status":"ok","gid":373324,"msg":"添加成功！"}
2021-07-24 03:56:52 下次操作: 2021-07-24 03:57:10

2021-07-24 03:57:10 开始第 35 次操作

2021-07-24 03:57:10 开始操作号码 【1589828】
2021-07-24 03:57:13 GSD getOne 第 1 次 等待 3 秒
2021-07-24 03:57:16 查询号码 【1589828】，返回信息 {"status":"bad","msg":""}
2021-07-24 03:57:16 查询号码 【1589828】，GSD为【""】
2021-07-24 03:57:16 bad
2021-07-24 03:57:18 CHB 1589828?1627070236 第 1 次 等待 3 秒
2021-07-24 03:57:21 CHB 1589828?1627070236 第 1 次 获取到号码【1589828】GSD
2021-07-24 03:57:21 获取到号码【1589828】的GSD为【辽宁-葫芦岛】
2021-07-24 03:57:24 GSD insert 第 1 次 等待 3 秒
2021-07-24 03:57:27 {"status":"ok","gid":373333,"msg":"添加成功！"}
2021-07-24 03:57:27 下次操作: 2021-07-24 03:57:48

2021-07-24 03:57:48 开始第 36 次操作

2021-07-24 03:57:48 开始操作号码 【1589827】
2021-07-24 03:57:50 GSD getOne 第 1 次 等待 3 秒
2021-07-24 03:57:53 查询号码 【1589827】，返回信息 {"status":"bad","msg":""}
2021-07-24 03:57:54 查询号码 【1589827】，GSD为【""】
2021-07-24 03:57:54 bad
2021-07-24 03:57:55 CHB 1589827?1627070274 第 1 次 等待 3 秒
2021-07-24 03:57:58 CHB 1589827?1627070274 第 1 次 获取到号码【1589827】GSD
2021-07-24 03:57:58 获取到号码【1589827】的GSD为【辽宁-葫芦岛】
2021-07-24 03:58:01 GSD insert 第 1 次 等待 3 秒
2021-07-24 03:58:04 {"status":"ok","gid":373342,"msg":"添加成功！"}
2021-07-24 03:58:04 下次操作: 2021-07-24 03:58:20

2021-07-24 03:58:20 开始第 37 次操作

2021-07-24 03:58:20 开始操作号码 【1589826】
2021-07-24 03:58:23 GSD getOne 第 1 次 等待 3 秒
2021-07-24 03:58:26 查询号码 【1589826】，返回信息 {"status":"ok","msg":"辽宁-葫芦岛","gid":"26279","time_insert":"2019-02-15 12:25","time_update":"2020-08-20 10:48"}
2021-07-24 03:58:26 查询号码 【1589826】，GSD为【"辽宁-葫芦岛"】

2021-07-24 03:58:26 开始第 37 次操作

2021-07-24 03:58:26 开始操作号码 【1589825】
2021-07-24 03:58:29 GSD getOne 第 1 次 等待 3 秒
2021-07-24 03:58:32 查询号码 【1589825】，返回信息 {"status":"bad","msg":""}
2021-07-24 03:58:32 查询号码 【1589825】，GSD为【""】
2021-07-24 03:58:32 bad
2021-07-24 03:58:34 CHB 1589825?1627070312 第 1 次 等待 3 秒
2021-07-24 03:58:37 CHB 1589825?1627070312 第 1 次 获取到号码【1589825】GSD
2021-07-24 03:58:37 获取到号码【1589825】的GSD为【辽宁-葫芦岛】
2021-07-24 03:58:39 GSD insert 第 1 次 等待 3 秒
2021-07-24 03:58:42 {"status":"ok","gid":373353,"msg":"添加成功！"}
2021-07-24 03:58:42 下次操作: 2021-07-24 03:58:59

2021-07-24 03:59:00 开始第 38 次操作

2021-07-24 03:59:00 开始操作号码 【1589824】
2021-07-24 03:59:02 GSD getOne 第 1 次 等待 3 秒
2021-07-24 03:59:05 查询号码 【1589824】，返回信息 {"status":"bad","msg":""}
2021-07-24 03:59:05 查询号码 【1589824】，GSD为【""】
2021-07-24 03:59:05 bad
2021-07-24 03:59:07 CHB 1589824?1627070345 第 1 次 等待 3 秒
2021-07-24 03:59:10 CHB 1589824?1627070345 第 1 次 获取到号码【1589824】GSD
2021-07-24 03:59:10 获取到号码【1589824】的GSD为【辽宁-葫芦岛】
2021-07-24 03:59:14 GSD insert 第 1 次 等待 3 秒
2021-07-24 03:59:17 {"status":"ok","gid":373362,"msg":"添加成功！"}
2021-07-24 03:59:17 下次操作: 2021-07-24 03:59:34

2021-07-24 03:59:34 开始第 39 次操作

2021-07-24 03:59:34 开始操作号码 【1589823】
2021-07-24 03:59:36 GSD getOne 第 1 次 等待 3 秒
2021-07-24 03:59:39 查询号码 【1589823】，返回信息 {"status":"bad","msg":""}
2021-07-24 03:59:40 查询号码 【1589823】，GSD为【""】
2021-07-24 03:59:40 bad
2021-07-24 03:59:41 CHB 1589823?1627070380 第 1 次 等待 3 秒
2021-07-24 03:59:44 CHB 1589823?1627070380 第 1 次 获取到号码【1589823】GSD
2021-07-24 03:59:44 获取到号码【1589823】的GSD为【辽宁-葫芦岛】
2021-07-24 03:59:47 GSD insert 第 1 次 等待 3 秒
2021-07-24 03:59:50 {"status":"ok","gid":373367,"msg":"添加成功！"}
2021-07-24 03:59:50 下次操作: 2021-07-24 04:00:05

2021-07-24 04:00:05 开始第 40 次操作

2021-07-24 04:00:05 开始操作号码 【1589822】
2021-07-24 04:00:08 GSD getOne 第 1 次 等待 3 秒
2021-07-24 04:00:11 查询号码 【1589822】，返回信息 {"status":"bad","msg":""}
2021-07-24 04:00:11 查询号码 【1589822】，GSD为【""】
2021-07-24 04:00:11 bad
2021-07-24 04:00:13 CHB 1589822?1627070411 第 1 次 等待 3 秒
2021-07-24 04:00:16 CHB 1589822?1627070411 第 1 次 获取到号码【1589822】GSD
2021-07-24 04:00:16 获取到号码【1589822】的GSD为【辽宁-葫芦岛】
2021-07-24 04:00:19 GSD insert 第 1 次 等待 3 秒
2021-07-24 04:00:22 {"status":"ok","gid":373373,"msg":"添加成功！"}

