2024-04-05 00:19:58 开始第 1941 次操作

2024-04-05 00:19:58 开始操作号码 【1601844】
2024-04-05 00:20:04 GSD getOne 第 1 次 等待 3 秒
2024-04-05 00:20:07 查询号码 【1601844】，返回信息 {"status":"ok","msg":"-","gid":"548409","time_insert":"2023-02-23 01:57"}
2024-04-05 00:20:07 查询号码 【1601844】，GSD为【"-"】
2024-04-05 00:20:07 ok && -
2024-04-05 00:20:09 CHB 1601844?1712247607 第 1 次 等待 3 秒
2024-04-05 00:20:12 CHB 1601844?1712247607 第 1 次 获取到号码【1601844】GSD
2024-04-05 00:20:12 未获取到号码【1601844】GSD，可能号码格式错误
2024-04-05 00:20:12 获取到号码【1601844】的GSD为【-】
2024-04-05 00:20:17 GSD insert 第 1 次 等待 3 秒
2024-04-05 00:20:20 {"status":"bad","gid":"548409","msg":"添加失败！号码【1601844(-|-)】已存在！"}
2024-04-05 00:20:20 随机等待 104 秒，约 1 分钟
2024-04-05 00:20:20 下次操作: 2024-04-05 00:22:04

2024-04-05 00:22:04 开始第 1942 次操作

2024-04-05 00:22:04 开始操作号码 【1601845】
2024-04-05 00:22:09 GSD getOne 第 1 次 等待 3 秒
2024-04-05 00:22:12 查询号码 【1601845】，返回信息 {"status":"ok","msg":"-","gid":"548426","time_insert":"2023-02-23 02:08"}
2024-04-05 00:22:12 查询号码 【1601845】，GSD为【"-"】
2024-04-05 00:22:12 ok && -
2024-04-05 00:22:18 CHB 1601845?1712247732 第 1 次 等待 3 秒
2024-04-05 00:22:21 CHB 1601845?1712247732 第 1 次 获取到号码【1601845】GSD
2024-04-05 00:22:21 未获取到号码【1601845】GSD，可能号码格式错误
2024-04-05 00:22:21 获取到号码【1601845】的GSD为【-】
2024-04-05 00:22:26 GSD insert 第 1 次 等待 3 秒
2024-04-05 00:22:29 {"status":"bad","gid":"548426","msg":"添加失败！号码【1601845(-|-)】已存在！"}
2024-04-05 00:22:29 随机等待 104 秒，约 1 分钟
2024-04-05 00:22:29 下次操作: 2024-04-05 00:24:13

2024-04-05 00:24:13 开始第 1943 次操作

2024-04-05 00:24:13 开始操作号码 【1601846】
2024-04-05 00:24:20 GSD getOne 第 1 次 等待 3 秒
2024-04-05 00:24:23 查询号码 【1601846】，返回信息 {"status":"ok","msg":"-","gid":"548445","time_insert":"2023-02-23 02:22"}
2024-04-05 00:24:23 查询号码 【1601846】，GSD为【"-"】
2024-04-05 00:24:23 ok && -
2024-04-05 00:24:27 CHB 1601846?1712247863 第 1 次 等待 3 秒
2024-04-05 00:24:30 CHB 1601846?1712247863 第 1 次 获取到号码【1601846】GSD
2024-04-05 00:24:30 未获取到号码【1601846】GSD，可能号码格式错误
2024-04-05 00:24:30 获取到号码【1601846】的GSD为【-】
2024-04-05 00:24:35 GSD insert 第 1 次 等待 3 秒
2024-04-05 00:24:38 {"status":"bad","gid":"548445","msg":"添加失败！号码【1601846(-|-)】已存在！"}
2024-04-05 00:24:38 随机等待 201 秒，约 3 分钟
2024-04-05 00:24:38 下次操作: 2024-04-05 00:27:59

2024-04-05 00:27:59 开始第 1944 次操作

2024-04-05 00:27:59 开始操作号码 【1601847】
2024-04-05 00:28:06 GSD getOne 第 1 次 等待 3 秒
2024-04-05 00:28:09 查询号码 【1601847】，返回信息 {"status":"ok","msg":"-","gid":"548462","time_insert":"2023-02-23 02:33"}
2024-04-05 00:28:09 查询号码 【1601847】，GSD为【"-"】
2024-04-05 00:28:09 ok && -
2024-04-05 00:28:12 CHB 1601847?1712248089 第 1 次 等待 3 秒
2024-04-05 00:28:15 CHB 1601847?1712248089 第 1 次 获取到号码【1601847】GSD
2024-04-05 00:28:15 未获取到号码【1601847】GSD，可能号码格式错误
2024-04-05 00:28:15 获取到号码【1601847】的GSD为【-】
2024-04-05 00:28:20 GSD insert 第 1 次 等待 3 秒
2024-04-05 00:28:23 {"status":"bad","gid":"548462","msg":"添加失败！号码【1601847(-|-)】已存在！"}

2024-04-05 00:39:12 开始第 1945 次操作

2024-04-05 00:39:12 开始操作号码 【1601848】
2024-04-05 00:39:18 GSD getOne 第 1 次 等待 3 秒
2024-04-05 00:39:21 查询号码 【1601848】，返回信息 {"status":"ok","msg":"-","gid":"548492","time_insert":"2023-02-23 02:51"}
2024-04-05 00:39:21 查询号码 【1601848】，GSD为【"-"】
2024-04-05 00:39:21 ok && -
2024-04-05 00:39:24 CHB 1601848?1712248761 第 1 次 等待 3 秒
2024-04-05 00:39:27 CHB 1601848?1712248761 第 1 次 获取到号码【1601848】GSD
2024-04-05 00:39:27 未获取到号码【1601848】GSD，可能号码格式错误
2024-04-05 00:39:27 获取到号码【1601848】的GSD为【-】
2024-04-05 00:39:34 GSD insert 第 1 次 等待 3 秒
2024-04-05 00:39:37 {"status":"bad","gid":"548492","msg":"添加失败！号码【1601848(-|-)】已存在！"}
2024-04-05 00:39:37 随机等待 172 秒，约 2 分钟
2024-04-05 00:39:37 下次操作: 2024-04-05 00:42:29

2024-04-05 00:42:29 开始第 1946 次操作

2024-04-05 00:42:29 开始操作号码 【1601849】
2024-04-05 00:42:35 GSD getOne 第 1 次 等待 3 秒
2024-04-05 00:42:38 查询号码 【1601849】，返回信息 {"status":"ok","msg":"-","gid":"548511","time_insert":"2023-02-23 03:04"}
2024-04-05 00:42:38 查询号码 【1601849】，GSD为【"-"】
2024-04-05 00:42:38 ok && -
2024-04-05 00:42:40 CHB 1601849?1712248958 第 1 次 等待 3 秒
2024-04-05 00:42:43 CHB 1601849?1712248958 第 1 次 获取到号码【1601849】GSD
2024-04-05 00:42:43 未获取到号码【1601849】GSD，可能号码格式错误
2024-04-05 00:42:43 获取到号码【1601849】的GSD为【-】
2024-04-05 00:42:47 GSD insert 第 1 次 等待 3 秒
2024-04-05 00:42:50 {"status":"bad","gid":"548511","msg":"添加失败！号码【1601849(-|-)】已存在！"}
2024-04-05 00:42:50 随机等待 148 秒，约 2 分钟
2024-04-05 00:42:50 下次操作: 2024-04-05 00:45:18

2024-04-05 00:45:18 开始第 1947 次操作

2024-04-05 00:45:18 开始操作号码 【1601850】
2024-04-05 00:45:26 GSD getOne 第 1 次 等待 3 秒
2024-04-05 00:45:29 查询号码 【1601850】，返回信息 {"status":"ok","msg":"-","gid":"548529","time_insert":"2023-02-23 03:17"}
2024-04-05 00:45:29 查询号码 【1601850】，GSD为【"-"】
2024-04-05 00:45:29 ok && -
2024-04-05 00:45:32 CHB 1601850?1712249129 第 1 次 等待 3 秒
2024-04-05 00:45:35 CHB 1601850?1712249129 第 1 次 获取到号码【1601850】GSD
2024-04-05 00:45:35 未获取到号码【1601850】GSD，可能号码格式错误
2024-04-05 00:45:35 获取到号码【1601850】的GSD为【-】
2024-04-05 00:45:40 GSD insert 第 1 次 等待 3 秒
2024-04-05 00:45:43 {"status":"bad","gid":"548529","msg":"添加失败！号码【1601850(-|-)】已存在！"}
2024-04-05 00:45:43 随机等待 154 秒，约 2 分钟
2024-04-05 00:45:43 下次操作: 2024-04-05 00:48:17

2024-04-05 00:48:17 开始第 1948 次操作

2024-04-05 00:48:17 开始操作号码 【1601851】
2024-04-05 00:48:22 GSD getOne 第 1 次 等待 3 秒
2024-04-05 00:48:25 查询号码 【1601851】，返回信息 {"status":"ok","msg":"-","gid":"548564","time_insert":"2023-02-23 03:33"}
2024-04-05 00:48:25 查询号码 【1601851】，GSD为【"-"】
2024-04-05 00:48:25 ok && -
2024-04-05 00:48:27 CHB 1601851?1712249305 第 1 次 等待 3 秒
2024-04-05 00:48:30 CHB 1601851?1712249305 第 1 次 获取到号码【1601851】GSD
2024-04-05 00:48:31 未获取到号码【1601851】GSD，可能号码格式错误
2024-04-05 00:48:31 获取到号码【1601851】的GSD为【-】
2024-04-05 00:48:36 GSD insert 第 1 次 等待 3 秒
2024-04-05 00:48:39 {"status":"bad","gid":"548564","msg":"添加失败！号码【1601851(-|-)】已存在！"}

