2024-04-14 00:19:29 开始第 3545 次操作

2024-04-14 00:19:29 开始操作号码 【1603447】
2024-04-14 00:19:34 GSD getOne 第 1 次 等待 3 秒
2024-04-14 00:19:37 查询号码 【1603447】，返回信息 {"status":"ok","msg":"-","gid":"584337","time_insert":"2023-03-11 20:06"}
2024-04-14 00:19:38 查询号码 【1603447】，GSD为【"-"】
2024-04-14 00:19:38 ok && -
2024-04-14 00:19:40 CHB 1603447?1713025178 第 1 次 等待 3 秒
2024-04-14 00:19:43 CHB 1603447?1713025178 第 1 次 获取到号码【1603447】GSD
2024-04-14 00:19:43 未获取到号码【1603447】GSD，可能号码格式错误
2024-04-14 00:19:43 获取到号码【1603447】的GSD为【-】
2024-04-14 00:19:49 GSD insert 第 1 次 等待 3 秒
2024-04-14 00:19:52 {"status":"bad","gid":"584337","msg":"添加失败！号码【1603447(-|-)】已存在！"}
2024-04-14 00:19:52 随机等待 124 秒，约 2 分钟
2024-04-14 00:19:52 下次操作: 2024-04-14 00:21:56

2024-04-14 00:21:56 开始第 3546 次操作

2024-04-14 00:21:56 开始操作号码 【1603448】
2024-04-14 00:22:00 GSD getOne 第 1 次 等待 3 秒
2024-04-14 00:22:03 查询号码 【1603448】，返回信息 {"status":"ok","msg":"-","gid":"584364","time_insert":"2023-03-11 20:24"}
2024-04-14 00:22:03 查询号码 【1603448】，GSD为【"-"】
2024-04-14 00:22:03 ok && -
2024-04-14 00:22:05 CHB 1603448?1713025323 第 1 次 等待 3 秒
2024-04-14 00:22:08 CHB 1603448?1713025323 第 1 次 获取到号码【1603448】GSD
2024-04-14 00:22:08 未获取到号码【1603448】GSD，可能号码格式错误
2024-04-14 00:22:08 获取到号码【1603448】的GSD为【-】
2024-04-14 00:22:14 GSD insert 第 1 次 等待 3 秒
2024-04-14 00:22:17 {"status":"bad","gid":"584364","msg":"添加失败！号码【1603448(-|-)】已存在！"}
2024-04-14 00:22:17 随机等待 96 秒，约 1 分钟
2024-04-14 00:22:17 下次操作: 2024-04-14 00:23:53

2024-04-14 00:23:53 开始第 3547 次操作

2024-04-14 00:23:53 开始操作号码 【1603449】
2024-04-14 00:24:00 GSD getOne 第 1 次 等待 3 秒
2024-04-14 00:24:03 查询号码 【1603449】，返回信息 {"status":"ok","msg":"-","gid":"584383","time_insert":"2023-03-11 20:43"}
2024-04-14 00:24:03 查询号码 【1603449】，GSD为【"-"】
2024-04-14 00:24:03 ok && -
2024-04-14 00:24:05 CHB 1603449?1713025443 第 1 次 等待 3 秒
2024-04-14 00:24:08 CHB 1603449?1713025443 第 1 次 获取到号码【1603449】GSD
2024-04-14 00:24:08 未获取到号码【1603449】GSD，可能号码格式错误
2024-04-14 00:24:08 获取到号码【1603449】的GSD为【-】
2024-04-14 00:24:14 GSD insert 第 1 次 等待 3 秒
2024-04-14 00:24:17 {"status":"bad","gid":"584383","msg":"添加失败！号码【1603449(-|-)】已存在！"}
2024-04-14 00:24:17 随机等待 93 秒，约 1 分钟
2024-04-14 00:24:17 下次操作: 2024-04-14 00:25:50

2024-04-14 00:25:50 开始第 3548 次操作

2024-04-14 00:25:50 开始操作号码 【1603450】
2024-04-14 00:25:54 GSD getOne 第 1 次 等待 3 秒
2024-04-14 00:25:57 查询号码 【1603450】，返回信息 {"status":"ok","msg":"-","gid":"584407","time_insert":"2023-03-11 20:59"}
2024-04-14 00:25:57 查询号码 【1603450】，GSD为【"-"】
2024-04-14 00:25:57 ok && -
2024-04-14 00:26:00 CHB 1603450?1713025557 第 1 次 等待 3 秒
2024-04-14 00:26:03 CHB 1603450?1713025557 第 1 次 获取到号码【1603450】GSD
2024-04-14 00:26:03 未获取到号码【1603450】GSD，可能号码格式错误
2024-04-14 00:26:03 获取到号码【1603450】的GSD为【-】
2024-04-14 00:26:10 GSD insert 第 1 次 等待 3 秒
2024-04-14 00:26:13 {"status":"bad","gid":"584407","msg":"添加失败！号码【1603450(-|-)】已存在！"}

2024-04-14 00:37:22 开始第 3549 次操作

2024-04-14 00:37:22 开始操作号码 【1603451】
2024-04-14 00:37:27 GSD getOne 第 1 次 等待 3 秒
2024-04-14 00:37:30 查询号码 【1603451】，返回信息 {"status":"ok","msg":"-","gid":"584426","time_insert":"2023-03-11 21:15"}
2024-04-14 00:37:30 查询号码 【1603451】，GSD为【"-"】
2024-04-14 00:37:30 ok && -
2024-04-14 00:37:33 CHB 1603451?1713026250 第 1 次 等待 3 秒
2024-04-14 00:37:36 CHB 1603451?1713026250 第 1 次 获取到号码【1603451】GSD
2024-04-14 00:37:36 未获取到号码【1603451】GSD，可能号码格式错误
2024-04-14 00:37:36 获取到号码【1603451】的GSD为【-】
2024-04-14 00:37:42 GSD insert 第 1 次 等待 3 秒
2024-04-14 00:37:45 {"status":"bad","gid":"584426","msg":"添加失败！号码【1603451(-|-)】已存在！"}
2024-04-14 00:37:45 随机等待 115 秒，约 1 分钟
2024-04-14 00:37:45 下次操作: 2024-04-14 00:39:40

2024-04-14 00:39:40 开始第 3550 次操作

2024-04-14 00:39:40 开始操作号码 【1603452】
2024-04-14 00:39:45 GSD getOne 第 1 次 等待 3 秒
2024-04-14 00:39:48 查询号码 【1603452】，返回信息 {"status":"ok","msg":"-","gid":"584450","time_insert":"2023-03-11 21:30"}
2024-04-14 00:39:48 查询号码 【1603452】，GSD为【"-"】
2024-04-14 00:39:48 ok && -
2024-04-14 00:39:51 CHB 1603452?1713026388 第 1 次 等待 3 秒
2024-04-14 00:39:54 CHB 1603452?1713026388 第 1 次 获取到号码【1603452】GSD
2024-04-14 00:39:54 未获取到号码【1603452】GSD，可能号码格式错误
2024-04-14 00:39:54 获取到号码【1603452】的GSD为【-】
2024-04-14 00:40:00 GSD insert 第 1 次 等待 3 秒
2024-04-14 00:40:03 {"status":"bad","gid":"584450","msg":"添加失败！号码【1603452(-|-)】已存在！"}
2024-04-14 00:40:03 随机等待 128 秒，约 2 分钟
2024-04-14 00:40:03 下次操作: 2024-04-14 00:42:11

2024-04-14 00:42:11 开始第 3551 次操作

2024-04-14 00:42:11 开始操作号码 【1603453】
2024-04-14 00:42:17 GSD getOne 第 1 次 等待 3 秒
2024-04-14 00:42:20 查询号码 【1603453】，返回信息 {"status":"ok","msg":"-","gid":"584486","time_insert":"2023-03-11 21:51"}
2024-04-14 00:42:20 查询号码 【1603453】，GSD为【"-"】
2024-04-14 00:42:20 ok && -
2024-04-14 00:42:22 CHB 1603453?1713026540 第 1 次 等待 3 秒
2024-04-14 00:42:25 CHB 1603453?1713026540 第 1 次 获取到号码【1603453】GSD
2024-04-14 00:42:25 未获取到号码【1603453】GSD，可能号码格式错误
2024-04-14 00:42:25 获取到号码【1603453】的GSD为【-】
2024-04-14 00:42:30 GSD insert 第 1 次 等待 3 秒
2024-04-14 00:42:33 {"status":"bad","gid":"584486","msg":"添加失败！号码【1603453(-|-)】已存在！"}
2024-04-14 00:42:33 随机等待 228 秒，约 3 分钟
2024-04-14 00:42:33 下次操作: 2024-04-14 00:46:21

2024-04-14 00:46:21 开始第 3552 次操作

2024-04-14 00:46:21 开始操作号码 【1603454】
2024-04-14 00:46:26 GSD getOne 第 1 次 等待 3 秒
2024-04-14 00:46:29 查询号码 【1603454】，返回信息 {"status":"ok","msg":"-","gid":"584510","time_insert":"2023-03-11 22:03"}
2024-04-14 00:46:29 查询号码 【1603454】，GSD为【"-"】
2024-04-14 00:46:29 ok && -
2024-04-14 00:46:32 CHB 1603454?1713026789 第 1 次 等待 3 秒
2024-04-14 00:46:35 CHB 1603454?1713026789 第 1 次 获取到号码【1603454】GSD
2024-04-14 00:46:35 未获取到号码【1603454】GSD，可能号码格式错误
2024-04-14 00:46:35 获取到号码【1603454】的GSD为【-】
2024-04-14 00:46:40 GSD insert 第 1 次 等待 3 秒
2024-04-14 00:46:43 {"status":"bad","gid":"584510","msg":"添加失败！号码【1603454(-|-)】已存在！"}

2024-04-14 01:10:47 开始第 3553 次操作

2024-04-14 01:10:47 开始操作号码 【1603455】
2024-04-14 01:10:55 GSD getOne 第 1 次 等待 3 秒
2024-04-14 01:10:58 查询号码 【1603455】，返回信息 {"status":"ok","msg":"-","gid":"584544","time_insert":"2023-03-11 22:27"}
2024-04-14 01:10:58 查询号码 【1603455】，GSD为【"-"】
2024-04-14 01:10:58 ok && -
2024-04-14 01:11:00 CHB 1603455?1713028258 第 1 次 等待 3 秒
2024-04-14 01:11:03 CHB 1603455?1713028258 第 1 次 获取到号码【1603455】GSD
2024-04-14 01:11:03 未获取到号码【1603455】GSD，可能号码格式错误
2024-04-14 01:11:03 获取到号码【1603455】的GSD为【-】
2024-04-14 01:11:11 GSD insert 第 1 次 等待 3 秒
2024-04-14 01:11:14 {"status":"bad","gid":"584544","msg":"添加失败！号码【1603455(-|-)】已存在！"}
2024-04-14 01:11:14 随机等待 146 秒，约 2 分钟
2024-04-14 01:11:14 下次操作: 2024-04-14 01:13:40

2024-04-14 01:13:40 开始第 3554 次操作

2024-04-14 01:13:40 开始操作号码 【1603456】
2024-04-14 01:13:45 GSD getOne 第 1 次 等待 3 秒
2024-04-14 01:13:48 查询号码 【1603456】，返回信息 {"status":"ok","msg":"-","gid":"584586","time_insert":"2023-03-11 22:51"}
2024-04-14 01:13:48 查询号码 【1603456】，GSD为【"-"】
2024-04-14 01:13:48 ok && -
2024-04-14 01:13:50 CHB 1603456?1713028428 第 1 次 等待 3 秒
2024-04-14 01:13:53 CHB 1603456?1713028428 第 1 次 获取到号码【1603456】GSD
2024-04-14 01:13:53 未获取到号码【1603456】GSD，可能号码格式错误
2024-04-14 01:13:53 获取到号码【1603456】的GSD为【-】
2024-04-14 01:13:58 GSD insert 第 1 次 等待 3 秒
2024-04-14 01:14:01 {"status":"bad","gid":"584586","msg":"添加失败！号码【1603456(-|-)】已存在！"}
2024-04-14 01:14:01 随机等待 176 秒，约 2 分钟
2024-04-14 01:14:01 下次操作: 2024-04-14 01:16:57

2024-04-14 01:16:57 开始第 3555 次操作

2024-04-14 01:16:57 开始操作号码 【1603457】
2024-04-14 01:17:02 GSD getOne 第 1 次 等待 3 秒
2024-04-14 01:17:05 查询号码 【1603457】，返回信息 {"status":"ok","msg":"-","gid":"584606","time_insert":"2023-03-11 23:01"}
2024-04-14 01:17:05 查询号码 【1603457】，GSD为【"-"】
2024-04-14 01:17:05 ok && -
2024-04-14 01:17:09 CHB 1603457?1713028625 第 1 次 等待 3 秒
2024-04-14 01:17:12 CHB 1603457?1713028625 第 1 次 获取到号码【1603457】GSD
2024-04-14 01:17:12 未获取到号码【1603457】GSD，可能号码格式错误
2024-04-14 01:17:12 获取到号码【1603457】的GSD为【-】
2024-04-14 01:17:17 GSD insert 第 1 次 等待 3 秒
2024-04-14 01:17:20 {"status":"bad","gid":"584606","msg":"添加失败！号码【1603457(-|-)】已存在！"}
2024-04-14 01:17:20 随机等待 116 秒，约 1 分钟
2024-04-14 01:17:20 下次操作: 2024-04-14 01:19:16

2024-04-14 01:19:16 开始第 3556 次操作

2024-04-14 01:19:16 开始操作号码 【1603458】
2024-04-14 01:19:20 GSD getOne 第 1 次 等待 3 秒
2024-04-14 01:19:23 查询号码 【1603458】，返回信息 {"status":"ok","msg":"-","gid":"584619","time_insert":"2023-03-11 23:10"}
2024-04-14 01:19:23 查询号码 【1603458】，GSD为【"-"】
2024-04-14 01:19:23 ok && -
2024-04-14 01:19:26 CHB 1603458?1713028763 第 1 次 等待 3 秒
2024-04-14 01:19:29 CHB 1603458?1713028763 第 1 次 获取到号码【1603458】GSD
2024-04-14 01:19:29 未获取到号码【1603458】GSD，可能号码格式错误
2024-04-14 01:19:29 获取到号码【1603458】的GSD为【-】
2024-04-14 01:19:34 GSD insert 第 1 次 等待 3 秒
2024-04-14 01:19:37 {"status":"bad","gid":"584619","msg":"添加失败！号码【1603458(-|-)】已存在！"}

