2023-10-05 00:22:05 开始第 1529 次操作

2023-10-05 00:22:05 开始操作号码 【1921528】
2023-10-05 00:22:10 GSD getOne 第 1 次 等待 3 秒
2023-10-05 00:22:13 查询号码 【1921528】，返回信息 {"status":"ok","msg":"江苏-泰州","gid":"570484","time_insert":"2023-03-05 02:43","time_update":"2023-06-10 18:47"}
2023-10-05 00:22:13 查询号码 【1921528】，GSD为【"江苏-泰州"】

2023-10-05 00:22:14 开始第 1530 次操作

2023-10-05 00:22:14 开始操作号码 【1921529】
2023-10-05 00:22:20 GSD getOne 第 1 次 等待 3 秒
2023-10-05 00:22:23 查询号码 【1921529】，返回信息 {"status":"ok","msg":"江苏-泰州","gid":"570515","time_insert":"2023-03-05 03:00","time_update":"2023-06-10 19:09"}
2023-10-05 00:22:23 查询号码 【1921529】，GSD为【"江苏-泰州"】

2023-10-05 00:22:24 开始第 1531 次操作

2023-10-05 00:22:24 开始操作号码 【1921530】
2023-10-05 00:22:28 GSD getOne 第 1 次 等待 3 秒
2023-10-05 00:22:31 查询号码 【1921530】，返回信息 {"status":"ok","msg":"山东-菏泽","gid":"570534","time_insert":"2023-03-05 03:16","time_update":"2023-06-10 19:29"}
2023-10-05 00:22:31 查询号码 【1921530】，GSD为【"山东-菏泽"】

2023-10-05 00:22:32 开始第 1532 次操作

2023-10-05 00:22:32 开始操作号码 【1921531】
2023-10-05 00:22:35 GSD getOne 第 1 次 等待 3 秒
2023-10-05 00:22:38 查询号码 【1921531】，返回信息 {"status":"ok","msg":"山东-济南","gid":"570561","time_insert":"2023-03-05 03:33","time_update":"2023-06-10 19:49"}
2023-10-05 00:22:38 查询号码 【1921531】，GSD为【"山东-济南"】

2023-10-05 00:40:30 开始第 1533 次操作

2023-10-05 00:40:30 开始操作号码 【1921532】
2023-10-05 00:40:39 GSD getOne 第 1 次 等待 3 秒
2023-10-05 00:40:42 查询号码 【1921532】，返回信息 {"status":"ok","msg":"山东-青岛","gid":"570597","time_insert":"2023-03-05 03:53","time_update":"2023-06-10 20:07"}
2023-10-05 00:40:42 查询号码 【1921532】，GSD为【"山东-青岛"】

2023-10-05 00:40:43 开始第 1534 次操作

2023-10-05 00:40:43 开始操作号码 【1921533】
2023-10-05 00:40:47 GSD getOne 第 1 次 等待 3 秒
2023-10-05 00:40:50 查询号码 【1921533】，返回信息 {"status":"ok","msg":"山东-淄博","gid":"570623","time_insert":"2023-03-05 04:09","time_update":"2023-06-10 20:26"}
2023-10-05 00:40:50 查询号码 【1921533】，GSD为【"山东-淄博"】

2023-10-05 00:40:51 开始第 1535 次操作

2023-10-05 00:40:51 开始操作号码 【1921534】
2023-10-05 00:40:54 GSD getOne 第 1 次 等待 3 秒
2023-10-05 00:40:57 查询号码 【1921534】，返回信息 {"status":"ok","msg":"山东-德州","gid":"570649","time_insert":"2023-03-05 04:28","time_update":"2023-06-10 20:41"}
2023-10-05 00:40:57 查询号码 【1921534】，GSD为【"山东-德州"】

2023-10-05 00:40:58 开始第 1536 次操作

2023-10-05 00:40:58 开始操作号码 【1921535】
2023-10-05 00:41:01 GSD getOne 第 1 次 等待 3 秒
2023-10-05 00:41:04 查询号码 【1921535】，返回信息 {"status":"ok","msg":"山东-烟台","gid":"570684","time_insert":"2023-03-05 04:48","time_update":"2023-06-10 21:02"}
2023-10-05 00:41:04 查询号码 【1921535】，GSD为【"山东-烟台"】

