2023-12-05 00:22:58 开始第 1445 次操作

2023-12-05 00:22:58 开始操作号码 【1821347】
2023-12-05 00:23:03 GSD getOne 第 1 次 等待 3 秒
2023-12-05 00:23:06 查询号码 【1821347】，返回信息 {"status":"ok","msg":"云南-昆明","gid":"34905","time_insert":"2017-07-23 22:45","time_update":"2020-12-04 07:00"}
2023-12-05 00:23:06 查询号码 【1821347】，GSD为【"云南-昆明"】

2023-12-05 00:23:07 开始第 1446 次操作

2023-12-05 00:23:07 开始操作号码 【1821348】
2023-12-05 00:23:11 GSD getOne 第 1 次 等待 3 秒
2023-12-05 00:23:14 查询号码 【1821348】，返回信息 {"status":"ok","msg":"云南-昆明","gid":"34906","time_insert":"2015-04-22 11:04","time_update":"2020-12-04 07:03"}
2023-12-05 00:23:14 查询号码 【1821348】，GSD为【"云南-昆明"】

2023-12-05 00:23:15 开始第 1447 次操作

2023-12-05 00:23:15 开始操作号码 【1821349】
2023-12-05 00:23:20 GSD getOne 第 1 次 等待 3 秒
2023-12-05 00:23:23 查询号码 【1821349】，返回信息 {"status":"ok","msg":"云南-昆明","gid":"34907","time_insert":"2017-09-21 08:18","time_update":"2020-12-04 07:07"}
2023-12-05 00:23:23 查询号码 【1821349】，GSD为【"云南-昆明"】

2023-12-05 00:23:24 开始第 1448 次操作

2023-12-05 00:23:24 开始操作号码 【1821350】
2023-12-05 00:23:28 GSD getOne 第 1 次 等待 3 秒
2023-12-05 00:23:31 查询号码 【1821350】，返回信息 {"status":"ok","msg":"云南-昆明","gid":"34908","time_insert":"2016-12-23 12:05","time_update":"2020-12-04 07:08"}
2023-12-05 00:23:31 查询号码 【1821350】，GSD为【"云南-昆明"】

2023-12-05 00:40:53 开始第 1449 次操作

2023-12-05 00:40:53 开始操作号码 【1821351】
2023-12-05 00:40:57 GSD getOne 第 1 次 等待 3 秒
2023-12-05 00:41:00 查询号码 【1821351】，返回信息 {"status":"ok","msg":"云南-昆明","gid":"34909","time_insert":"2019-08-11 10:48","time_update":"2020-12-04 07:11"}
2023-12-05 00:41:00 查询号码 【1821351】，GSD为【"云南-昆明"】

2023-12-05 00:41:01 开始第 1450 次操作

2023-12-05 00:41:01 开始操作号码 【1821352】
2023-12-05 00:42:06 GSD getOne 第 1 次 等待 3 秒
2023-12-05 00:42:09 查询号码 【1821352】，返回信息 {"status":"ok","msg":"云南-昆明","gid":"34910","time_insert":"2017-08-17 07:14","time_update":"2020-12-04 07:15"}
2023-12-05 00:42:09 查询号码 【1821352】，GSD为【"云南-昆明"】

2023-12-05 00:42:10 开始第 1451 次操作

2023-12-05 00:42:10 开始操作号码 【1821353】
2023-12-05 00:42:15 GSD getOne 第 1 次 等待 3 秒
2023-12-05 00:42:18 查询号码 【1821353】，返回信息 {"status":"ok","msg":"云南-昆明","gid":"34911","time_insert":"2017-11-11 07:09","time_update":"2020-12-04 07:20"}
2023-12-05 00:42:18 查询号码 【1821353】，GSD为【"云南-昆明"】

2023-12-05 00:42:19 开始第 1452 次操作

2023-12-05 00:42:19 开始操作号码 【1821354】
2023-12-05 00:42:23 GSD getOne 第 1 次 等待 3 秒
2023-12-05 00:42:26 查询号码 【1821354】，返回信息 {"status":"ok","msg":"云南-昆明","gid":"34912","time_insert":"2016-10-09 15:38","time_update":"2020-12-04 07:25"}
2023-12-05 00:42:26 查询号码 【1821354】，GSD为【"云南-昆明"】

2023-12-05 01:15:23 开始第 1453 次操作

2023-12-05 01:15:23 开始操作号码 【1821355】
2023-12-05 01:15:29 GSD getOne 第 1 次 等待 3 秒
2023-12-05 01:15:32 查询号码 【1821355】，返回信息 {"status":"ok","msg":"云南-昆明","gid":"357044","time_insert":"2021-07-22 17:13"}
2023-12-05 01:15:32 查询号码 【1821355】，GSD为【"云南-昆明"】

2023-12-05 01:15:33 开始第 1454 次操作

2023-12-05 01:15:33 开始操作号码 【1821356】
2023-12-05 01:15:37 GSD getOne 第 1 次 等待 3 秒
2023-12-05 01:15:40 查询号码 【1821356】，返回信息 {"status":"ok","msg":"云南-昆明","gid":"357122","time_insert":"2021-07-22 17:26"}
2023-12-05 01:15:40 查询号码 【1821356】，GSD为【"云南-昆明"】

2023-12-05 01:15:41 开始第 1455 次操作

2023-12-05 01:15:41 开始操作号码 【1821357】
2023-12-05 01:15:45 GSD getOne 第 1 次 等待 3 秒
2023-12-05 01:15:48 查询号码 【1821357】，返回信息 {"status":"ok","msg":"云南-昆明","gid":"34913","time_insert":"2016-10-09 16:36","time_update":"2020-12-04 07:28"}
2023-12-05 01:15:48 查询号码 【1821357】，GSD为【"云南-昆明"】

2023-12-05 01:15:49 开始第 1456 次操作

2023-12-05 01:15:49 开始操作号码 【1821358】
2023-12-05 01:15:53 GSD getOne 第 1 次 等待 3 秒
2023-12-05 01:15:56 查询号码 【1821358】，返回信息 {"status":"ok","msg":"云南-昆明","gid":"34914","time_insert":"2017-07-11 11:33","time_update":"2020-12-04 07:32"}
2023-12-05 01:15:56 查询号码 【1821358】，GSD为【"云南-昆明"】

