2024-03-15 00:20:38 开始第 8905 次操作

2024-03-15 00:20:38 开始操作号码 【1718807】
2024-03-15 00:20:44 GSD getOne 第 1 次 等待 3 秒
2024-03-15 00:20:47 查询号码 【1718807】，返回信息 {"status":"ok","msg":"云南-昆明","gid":"235912","time_insert":"2021-07-10 02:58"}
2024-03-15 00:20:47 查询号码 【1718807】，GSD为【"云南-昆明"】

2024-03-15 00:20:48 开始第 8906 次操作

2024-03-15 00:20:48 开始操作号码 【1718808】
2024-03-15 00:20:53 GSD getOne 第 1 次 等待 3 秒
2024-03-15 00:20:56 查询号码 【1718808】，返回信息 {"status":"ok","msg":"云南-昆明","gid":"235917","time_insert":"2021-07-10 02:58"}
2024-03-15 00:20:56 查询号码 【1718808】，GSD为【"云南-昆明"】

2024-03-15 00:20:57 开始第 8907 次操作

2024-03-15 00:20:57 开始操作号码 【1718809】
2024-03-15 00:21:04 GSD getOne 第 1 次 等待 3 秒
2024-03-15 00:21:07 查询号码 【1718809】，返回信息 {"status":"ok","msg":"云南-昆明","gid":"235920","time_insert":"2021-07-10 02:58"}
2024-03-15 00:21:07 查询号码 【1718809】，GSD为【"云南-昆明"】

2024-03-15 00:21:08 开始第 8908 次操作

2024-03-15 00:21:08 开始操作号码 【1718810】
2024-03-15 00:21:14 GSD getOne 第 1 次 等待 3 秒
2024-03-15 00:21:17 查询号码 【1718810】，返回信息 {"status":"ok","msg":"云南-昆明","gid":"235930","time_insert":"2021-07-10 02:59"}
2024-03-15 00:21:17 查询号码 【1718810】，GSD为【"云南-昆明"】

