2023-12-24 00:19:27 开始第 4813 次操作

2023-12-24 00:19:27 开始操作号码 【1824715】
2023-12-24 00:19:31 GSD getOne 第 1 次 等待 3 秒
2023-12-24 00:19:34 查询号码 【1824715】，返回信息 {"status":"ok","msg":"内蒙古-呼和浩特","gid":"437763","time_insert":"2021-07-29 22:03"}
2023-12-24 00:19:34 查询号码 【1824715】，GSD为【"内蒙古-呼和浩特"】

2023-12-24 00:19:35 开始第 4814 次操作

2023-12-24 00:19:35 开始操作号码 【1824716】
2023-12-24 00:19:39 GSD getOne 第 1 次 等待 3 秒
2023-12-24 00:19:42 查询号码 【1824716】，返回信息 {"status":"ok","msg":"内蒙古-呼和浩特","gid":"437750","time_insert":"2021-07-29 22:02"}
2023-12-24 00:19:42 查询号码 【1824716】，GSD为【"内蒙古-呼和浩特"】

2023-12-24 00:19:43 开始第 4815 次操作

2023-12-24 00:19:43 开始操作号码 【1824717】
2023-12-24 00:19:46 GSD getOne 第 1 次 等待 3 秒
2023-12-24 00:19:49 查询号码 【1824717】，返回信息 {"status":"ok","msg":"内蒙古-呼和浩特","gid":"437735","time_insert":"2021-07-29 22:01"}
2023-12-24 00:19:49 查询号码 【1824717】，GSD为【"内蒙古-呼和浩特"】

2023-12-24 00:19:50 开始第 4816 次操作

2023-12-24 00:19:50 开始操作号码 【1824718】
2023-12-24 00:19:57 GSD getOne 第 1 次 等待 3 秒
2023-12-24 00:20:00 查询号码 【1824718】，返回信息 {"status":"ok","msg":"内蒙古-呼和浩特","gid":"437722","time_insert":"2021-07-29 22:00"}
2023-12-24 00:20:00 查询号码 【1824718】，GSD为【"内蒙古-呼和浩特"】

