2024-08-28 00:16:29 开始第 1549 次操作

2024-08-28 00:16:29 开始操作号码 【1381548】
2024-08-28 00:16:38 GSD getOne 第 1 次 等待 3 秒
2024-08-28 00:16:41 查询号码 【1381548】，返回信息 {"status":"ok","msg":"江苏-镇江","gid":"70359","time_insert":"2021-05-27 19:04"}
2024-08-28 00:16:41 查询号码 【1381548】，GSD为【"江苏-镇江"】

2024-08-28 00:16:42 开始第 1550 次操作

2024-08-28 00:16:42 开始操作号码 【1381549】
2024-08-28 00:16:50 GSD getOne 第 1 次 等待 3 秒
2024-08-28 00:16:53 查询号码 【1381549】，返回信息 {"status":"ok","msg":"江苏-镇江","gid":"11045","time_insert":"2017-04-20 16:08","time_update":"2020-08-24 12:51"}
2024-08-28 00:16:53 查询号码 【1381549】，GSD为【"江苏-镇江"】

2024-08-28 00:16:54 开始第 1551 次操作

2024-08-28 00:16:54 开始操作号码 【1381550】
2024-08-28 00:17:02 GSD getOne 第 1 次 等待 3 秒
2024-08-28 00:17:05 查询号码 【1381550】，返回信息 {"status":"ok","msg":"江苏-盐城","gid":"70378","time_insert":"2021-05-27 19:31"}
2024-08-28 00:17:05 查询号码 【1381550】，GSD为【"江苏-盐城"】

2024-08-28 00:17:06 开始第 1552 次操作

2024-08-28 00:17:06 开始操作号码 【1381551】
2024-08-28 00:17:14 GSD getOne 第 1 次 等待 3 秒
2024-08-28 00:17:17 查询号码 【1381551】，返回信息 {"status":"ok","msg":"江苏-盐城","gid":"70420","time_insert":"2021-05-27 20:53"}
2024-08-28 00:17:17 查询号码 【1381551】，GSD为【"江苏-盐城"】

