2024-11-18 00:11:11 开始第 5549 次操作

2024-11-18 00:11:11 开始操作号码 【1305548】
2024-11-18 00:11:12 GSD getOne 第 1 次 等待 3 秒
2024-11-18 00:11:15 查询号码 【1305548】，返回信息 {"status":"ok","msg":"福建-宁德","gid":"139182","time_insert":"2021-06-27 13:04"}
2024-11-18 00:11:15 查询号码 【1305548】，GSD为【"福建-宁德"】

2024-11-18 00:11:16 开始第 5550 次操作

2024-11-18 00:11:16 开始操作号码 【1305549】
2024-11-18 00:11:17 GSD getOne 第 1 次 等待 3 秒
2024-11-18 00:11:20 查询号码 【1305549】，返回信息 {"status":"ok","msg":"福建-南平","gid":"139336","time_insert":"2021-06-27 13:23"}
2024-11-18 00:11:20 查询号码 【1305549】，GSD为【"福建-南平"】

2024-11-18 00:11:22 开始第 5551 次操作

2024-11-18 00:11:22 开始操作号码 【1305550】
2024-11-18 00:11:23 GSD getOne 第 1 次 等待 3 秒
2024-11-18 00:11:26 查询号码 【1305550】，返回信息 {"status":"ok","msg":"福建-厦门","gid":"139489","time_insert":"2021-06-27 13:44"}
2024-11-18 00:11:26 查询号码 【1305550】，GSD为【"福建-厦门"】

2024-11-18 00:11:27 开始第 5552 次操作

2024-11-18 00:11:27 开始操作号码 【1305551】
2024-11-18 00:11:28 GSD getOne 第 1 次 等待 3 秒
2024-11-18 00:11:31 查询号码 【1305551】，返回信息 {"status":"ok","msg":"福建-厦门","gid":"139634","time_insert":"2021-06-27 14:01","time_update":"2021-06-28 08:57"}
2024-11-18 00:11:31 查询号码 【1305551】，GSD为【"福建-厦门"】

2024-11-18 00:40:20 开始第 5553 次操作

2024-11-18 00:40:20 开始操作号码 【1305552】
2024-11-18 00:40:21 GSD getOne 第 1 次 等待 3 秒
2024-11-18 00:40:24 查询号码 【1305552】，返回信息 {"status":"ok","msg":"福建-福州","gid":"139662","time_insert":"2021-06-27 14:20"}
2024-11-18 00:40:24 查询号码 【1305552】，GSD为【"福建-福州"】

2024-11-18 00:40:25 开始第 5554 次操作

2024-11-18 00:40:25 开始操作号码 【1305553】
2024-11-18 00:40:26 GSD getOne 第 1 次 等待 3 秒
2024-11-18 00:40:29 查询号码 【1305553】，返回信息 {"status":"ok","msg":"福建-福州","gid":"139691","time_insert":"2021-06-27 14:37"}
2024-11-18 00:40:29 查询号码 【1305553】，GSD为【"福建-福州"】

2024-11-18 00:40:30 开始第 5555 次操作

2024-11-18 00:40:30 开始操作号码 【1305554】
2024-11-18 00:40:31 GSD getOne 第 1 次 等待 3 秒
2024-11-18 00:40:34 查询号码 【1305554】，返回信息 {"status":"ok","msg":"福建-三明","gid":"139722","time_insert":"2021-06-27 14:56"}
2024-11-18 00:40:34 查询号码 【1305554】，GSD为【"福建-三明"】

2024-11-18 00:40:35 开始第 5556 次操作

2024-11-18 00:40:35 开始操作号码 【1305555】
2024-11-18 00:40:38 GSD getOne 第 1 次 等待 3 秒
2024-11-18 00:40:41 查询号码 【1305555】，返回信息 {"status":"ok","msg":"福建-三明","gid":"139952","time_insert":"2021-06-27 15:17"}
2024-11-18 00:40:41 查询号码 【1305555】，GSD为【"福建-三明"】

2024-11-18 01:08:22 开始第 5557 次操作

2024-11-18 01:08:22 开始操作号码 【1305556】
2024-11-18 01:08:24 GSD getOne 第 1 次 等待 3 秒
2024-11-18 01:08:27 查询号码 【1305556】，返回信息 {"status":"ok","msg":"福建-三明","gid":"140060","time_insert":"2021-06-27 15:38"}
2024-11-18 01:08:27 查询号码 【1305556】，GSD为【"福建-三明"】

2024-11-18 01:08:28 开始第 5558 次操作

2024-11-18 01:08:28 开始操作号码 【1305557】
2024-11-18 01:08:29 GSD getOne 第 1 次 等待 3 秒
2024-11-18 01:08:32 查询号码 【1305557】，返回信息 {"status":"ok","msg":"福建-宁德","gid":"140278","time_insert":"2021-06-27 15:59","time_update":"2021-06-28 08:59"}
2024-11-18 01:08:32 查询号码 【1305557】，GSD为【"福建-宁德"】

2024-11-18 01:08:33 开始第 5559 次操作

2024-11-18 01:08:33 开始操作号码 【1305558】
2024-11-18 01:08:34 GSD getOne 第 1 次 等待 3 秒
2024-11-18 01:08:37 查询号码 【1305558】，返回信息 {"status":"ok","msg":"福建-宁德","gid":"140318","time_insert":"2021-06-27 16:18","time_update":"2021-06-28 09:03"}
2024-11-18 01:08:37 查询号码 【1305558】，GSD为【"福建-宁德"】

2024-11-18 01:08:38 开始第 5560 次操作

2024-11-18 01:08:38 开始操作号码 【1305559】
2024-11-18 01:08:39 GSD getOne 第 1 次 等待 3 秒
2024-11-18 01:08:42 查询号码 【1305559】，返回信息 {"status":"ok","msg":"福建-宁德","gid":"140348","time_insert":"2021-06-27 16:39","time_update":"2021-06-28 09:23"}
2024-11-18 01:08:42 查询号码 【1305559】，GSD为【"福建-宁德"】

