2021-07-26 00:00:27 开始第 14 次操作

2021-07-26 00:00:27 开始操作号码 【1587071】
2021-07-26 00:00:32 GSD getOne 第 1 次 等待 3 秒
2021-07-26 00:00:35 查询号码 【1587071】，返回信息 {"status":"bad","msg":""}
2021-07-26 00:00:35 查询号码 【1587071】，GSD为【""】
2021-07-26 00:00:35 bad
2021-07-26 00:00:37 CHB 1587071?1627228835 第 1 次 等待 3 秒
2021-07-26 00:00:40 CHB 1587071?1627228835 第 1 次 获取到号码【1587071】GSD
2021-07-26 00:00:40 获取到号码【1587071】的GSD为【江西-赣州】
2021-07-26 00:01:15 GSD insert 第 1 次 等待 3 秒
2021-07-26 00:01:18 {"status":"ok","gid":395140,"msg":"添加成功！"}
2021-07-26 00:01:18 下次操作: 2021-07-26 00:01:36

2021-07-26 00:01:36 开始第 15 次操作

2021-07-26 00:01:36 开始操作号码 【1587070】
2021-07-26 00:01:40 GSD getOne 第 1 次 等待 3 秒
2021-07-26 00:01:43 查询号码 【1587070】，返回信息 {"status":"bad","msg":""}
2021-07-26 00:01:43 查询号码 【1587070】，GSD为【""】
2021-07-26 00:01:43 bad
2021-07-26 00:01:45 CHB 1587070?1627228903 第 1 次 等待 3 秒
2021-07-26 00:01:48 CHB 1587070?1627228903 第 1 次 获取到号码【1587070】GSD
2021-07-26 00:01:48 获取到号码【1587070】的GSD为【江西-赣州】
2021-07-26 00:02:06 GSD insert 第 1 次 等待 3 秒
2021-07-26 00:02:09 {"status":"ok","gid":395154,"msg":"添加成功！"}
2021-07-26 00:02:09 下次操作: 2021-07-26 00:02:29

2021-07-26 00:02:29 开始第 16 次操作

2021-07-26 00:02:29 开始操作号码 【1587069】
2021-07-26 00:02:34 GSD getOne 第 1 次 等待 3 秒
2021-07-26 00:02:37 查询号码 【1587069】，返回信息 {"status":"bad","msg":""}
2021-07-26 00:02:37 查询号码 【1587069】，GSD为【""】
2021-07-26 00:02:37 bad
2021-07-26 00:02:38 CHB 1587069?1627228957 第 1 次 等待 3 秒
2021-07-26 00:02:41 CHB 1587069?1627228957 第 1 次 获取到号码【1587069】GSD
2021-07-26 00:02:41 获取到号码【1587069】的GSD为【江西-南昌】
2021-07-26 00:03:00 GSD insert 第 1 次 等待 3 秒
2021-07-26 00:03:03 {"status":"ok","gid":395168,"msg":"添加成功！"}
2021-07-26 00:03:03 下次操作: 2021-07-26 00:03:15

2021-07-26 00:03:15 开始第 17 次操作

2021-07-26 00:03:15 开始操作号码 【1587068】
2021-07-26 00:03:22 GSD getOne 第 1 次 等待 3 秒
2021-07-26 00:03:25 查询号码 【1587068】，返回信息 {"status":"bad","msg":""}
2021-07-26 00:03:25 查询号码 【1587068】，GSD为【""】
2021-07-26 00:03:25 bad
2021-07-26 00:03:27 CHB 1587068?1627229005 第 1 次 等待 3 秒
2021-07-26 00:03:30 CHB 1587068?1627229005 第 1 次 获取到号码【1587068】GSD
2021-07-26 00:03:30 获取到号码【1587068】的GSD为【江西-南昌】
2021-07-26 00:03:48 GSD insert 第 1 次 等待 3 秒
2021-07-26 00:03:51 {"status":"ok","gid":395177,"msg":"添加成功！"}
2021-07-26 00:03:51 下次操作: 2021-07-26 00:04:06

2021-07-26 00:04:06 开始第 18 次操作

2021-07-26 00:04:06 开始操作号码 【1587067】
2021-07-26 00:04:12 GSD getOne 第 1 次 等待 3 秒
2021-07-26 00:04:15 查询号码 【1587067】，返回信息 {"status":"bad","msg":""}
2021-07-26 00:04:15 查询号码 【1587067】，GSD为【""】
2021-07-26 00:04:15 bad
2021-07-26 00:04:17 CHB 1587067?1627229055 第 1 次 等待 3 秒
2021-07-26 00:04:20 CHB 1587067?1627229055 第 1 次 获取到号码【1587067】GSD
2021-07-26 00:04:20 获取到号码【1587067】的GSD为【江西-南昌】
2021-07-26 00:04:39 GSD insert 第 1 次 等待 3 秒
2021-07-26 00:04:42 {"status":"ok","gid":395191,"msg":"添加成功！"}
2021-07-26 00:04:42 下次操作: 2021-07-26 00:05:05

2021-07-26 00:05:05 开始第 19 次操作

2021-07-26 00:05:05 开始操作号码 【1587066】
2021-07-26 00:05:08 GSD getOne 第 1 次 等待 3 秒
2021-07-26 00:05:11 查询号码 【1587066】，返回信息 {"status":"bad","msg":""}
2021-07-26 00:05:11 查询号码 【1587066】，GSD为【""】
2021-07-26 00:05:11 bad
2021-07-26 00:05:13 CHB 1587066?1627229111 第 1 次 等待 3 秒
2021-07-26 00:05:16 CHB 1587066?1627229111 第 1 次 获取到号码【1587066】GSD
2021-07-26 00:05:16 获取到号码【1587066】的GSD为【江西-南昌】
2021-07-26 00:05:34 GSD insert 第 1 次 等待 3 秒
2021-07-26 00:05:37 {"status":"ok","gid":395201,"msg":"添加成功！"}
2021-07-26 00:05:37 下次操作: 2021-07-26 00:06:01

2021-07-26 00:06:01 开始第 20 次操作

2021-07-26 00:06:01 开始操作号码 【1587065】
2021-07-26 00:06:05 GSD getOne 第 1 次 等待 3 秒
2021-07-26 00:06:08 查询号码 【1587065】，返回信息 {"status":"bad","msg":""}
2021-07-26 00:06:08 查询号码 【1587065】，GSD为【""】
2021-07-26 00:06:08 bad
2021-07-26 00:06:09 CHB 1587065?1627229168 第 1 次 等待 3 秒
2021-07-26 00:06:12 CHB 1587065?1627229168 第 1 次 获取到号码【1587065】GSD
2021-07-26 00:06:12 获取到号码【1587065】的GSD为【江西-南昌】
2021-07-26 00:06:31 GSD insert 第 1 次 等待 3 秒
2021-07-26 00:06:34 {"status":"ok","gid":395222,"msg":"添加成功！"}
2021-07-26 00:06:34 下次操作: 2021-07-26 00:06:47

2021-07-26 00:06:47 开始第 21 次操作

2021-07-26 00:06:47 开始操作号码 【1587064】
2021-07-26 00:06:59 GSD getOne 第 1 次 等待 3 秒
2021-07-26 00:07:03 查询号码 【1587064】，返回信息 {"status":"bad","msg":""}
2021-07-26 00:07:03 查询号码 【1587064】，GSD为【""】
2021-07-26 00:07:03 bad
2021-07-26 00:07:04 CHB 1587064?1627229223 第 1 次 等待 3 秒
2021-07-26 00:07:07 CHB 1587064?1627229223 第 1 次 获取到号码【1587064】GSD
2021-07-26 00:07:07 获取到号码【1587064】的GSD为【江西-南昌】
2021-07-26 00:07:40 GSD insert 第 1 次 等待 3 秒
2021-07-26 00:07:43 {"status":"ok","gid":395234,"msg":"添加成功！"}
2021-07-26 00:07:43 下次操作: 2021-07-26 00:07:57

2021-07-26 00:07:57 开始第 22 次操作

2021-07-26 00:07:57 开始操作号码 【1587063】
2021-07-26 00:08:01 GSD getOne 第 1 次 等待 3 秒
2021-07-26 00:08:04 查询号码 【1587063】，返回信息 {"status":"bad","msg":""}
2021-07-26 00:08:04 查询号码 【1587063】，GSD为【""】
2021-07-26 00:08:04 bad
2021-07-26 00:08:05 CHB 1587063?1627229284 第 1 次 等待 3 秒
2021-07-26 00:08:08 CHB 1587063?1627229284 第 1 次 获取到号码【1587063】GSD
2021-07-26 00:08:08 获取到号码【1587063】的GSD为【江西-南昌】
2021-07-26 00:08:34 GSD insert 第 1 次 等待 3 秒
2021-07-26 00:08:37 {"status":"ok","gid":395243,"msg":"添加成功！"}
2021-07-26 00:08:37 下次操作: 2021-07-26 00:08:55

2021-07-26 00:08:55 开始第 23 次操作

2021-07-26 00:08:55 开始操作号码 【1587062】
2021-07-26 00:09:01 GSD getOne 第 1 次 等待 3 秒
2021-07-26 00:09:04 查询号码 【1587062】，返回信息 {"status":"bad","msg":""}
2021-07-26 00:09:04 查询号码 【1587062】，GSD为【""】
2021-07-26 00:09:04 bad
2021-07-26 00:09:05 CHB 1587062?1627229344 第 1 次 等待 3 秒
2021-07-26 00:09:08 CHB 1587062?1627229344 第 1 次 获取到号码【1587062】GSD
2021-07-26 00:09:08 获取到号码【1587062】的GSD为【江西-南昌】
2021-07-26 00:11:11 GSD insert 第 1 次 等待 3 秒
2021-07-26 00:11:14 {"status":"ok","gid":395266,"msg":"添加成功！"}
2021-07-26 00:11:14 下次操作: 2021-07-26 00:11:29

2021-07-26 00:11:29 开始第 24 次操作

2021-07-26 00:11:29 开始操作号码 【1587061】
2021-07-26 00:11:31 GSD getOne 第 1 次 等待 3 秒
2021-07-26 00:11:34 查询号码 【1587061】，返回信息 {"status":"bad","msg":""}
2021-07-26 00:11:35 查询号码 【1587061】，GSD为【""】
2021-07-26 00:11:35 bad
2021-07-26 00:11:36 CHB 1587061?1627229495 第 1 次 等待 3 秒
2021-07-26 00:11:39 CHB 1587061?1627229495 第 1 次 获取到号码【1587061】GSD
2021-07-26 00:11:39 获取到号码【1587061】的GSD为【江西-南昌】
2021-07-26 00:11:58 GSD insert 第 1 次 等待 3 秒
2021-07-26 00:12:01 {"status":"ok","gid":395278,"msg":"添加成功！"}
2021-07-26 00:12:01 下次操作: 2021-07-26 00:12:14

2021-07-26 00:12:14 开始第 25 次操作

2021-07-26 00:12:14 开始操作号码 【1587060】
2021-07-26 00:12:23 GSD getOne 第 1 次 等待 3 秒
2021-07-26 00:12:26 查询号码 【1587060】，返回信息 {"status":"bad","msg":""}
2021-07-26 00:12:26 查询号码 【1587060】，GSD为【""】
2021-07-26 00:12:26 bad
2021-07-26 00:12:28 CHB 1587060?1627229546 第 1 次 等待 3 秒
2021-07-26 00:12:31 CHB 1587060?1627229546 第 1 次 获取到号码【1587060】GSD
2021-07-26 00:12:31 获取到号码【1587060】的GSD为【江西-南昌】
2021-07-26 00:12:49 GSD insert 第 1 次 等待 3 秒
2021-07-26 00:12:52 {"status":"ok","gid":395288,"msg":"添加成功！"}
2021-07-26 00:12:52 下次操作: 2021-07-26 00:13:16

2021-07-26 00:13:16 开始第 26 次操作

2021-07-26 00:13:16 开始操作号码 【1587059】
2021-07-26 00:13:22 GSD getOne 第 1 次 等待 3 秒
2021-07-26 00:13:25 查询号码 【1587059】，返回信息 {"status":"ok","msg":"重庆-万州","gid":"25268","time_insert":"2014-08-13 10:23","time_update":"2021-01-13 04:08"}
2021-07-26 00:13:25 查询号码 【1587059】，GSD为【"重庆-万州"】

2021-07-26 00:13:25 开始第 26 次操作

2021-07-26 00:13:25 开始操作号码 【1587058】
2021-07-26 00:13:43 GSD getOne 第 1 次 等待 3 秒
2021-07-26 00:13:46 查询号码 【1587058】，返回信息 {"status":"ok","msg":"重庆-万州","gid":"25267","time_insert":"2017-04-15 14:46","time_update":"2021-01-13 04:04"}
2021-07-26 00:13:46 查询号码 【1587058】，GSD为【"重庆-万州"】

2021-07-26 00:13:46 开始第 26 次操作

2021-07-26 00:13:46 开始操作号码 【1587057】
2021-07-26 00:14:06 GSD getOne 第 1 次 等待 3 秒
2021-07-26 00:14:09 查询号码 【1587057】，返回信息 {"status":"ok","msg":"重庆-万州","gid":"25266","time_insert":"2015-04-26 15:19","time_update":"2021-01-13 03:57"}
2021-07-26 00:14:09 查询号码 【1587057】，GSD为【"重庆-万州"】

2021-07-26 00:14:09 开始第 26 次操作

2021-07-26 00:14:09 开始操作号码 【1587056】
2021-07-26 00:14:30 GSD getOne 第 1 次 等待 3 秒
2021-07-26 00:14:33 查询号码 【1587056】，返回信息 {"status":"ok","msg":"重庆-万州","gid":"25265","time_insert":"2018-07-20 19:40","time_update":"2021-01-13 03:55"}
2021-07-26 00:14:33 查询号码 【1587056】，GSD为【"重庆-万州"】

2021-07-26 00:14:33 开始第 26 次操作

2021-07-26 00:14:33 开始操作号码 【1587055】
2021-07-26 00:14:52 GSD getOne 第 1 次 等待 3 秒
2021-07-26 00:14:55 查询号码 【1587055】，返回信息 {"status":"ok","msg":"重庆-万州","gid":"25264","time_insert":"2017-05-10 16:05","time_update":"2021-01-13 03:49"}
2021-07-26 00:14:55 查询号码 【1587055】，GSD为【"重庆-万州"】

2021-07-26 00:14:55 开始第 26 次操作

2021-07-26 00:14:55 开始操作号码 【1587054】
2021-07-26 00:15:14 GSD getOne 第 1 次 等待 3 秒
2021-07-26 00:15:17 查询号码 【1587054】，返回信息 {"status":"ok","msg":"重庆-万州","gid":"50752","time_insert":"2021-04-21 17:00"}
2021-07-26 00:15:17 查询号码 【1587054】，GSD为【"重庆-万州"】

2021-07-26 00:15:17 开始第 26 次操作

2021-07-26 00:15:17 开始操作号码 【1587053】
2021-07-26 00:15:56 GSD getOne 第 1 次 等待 3 秒
2021-07-26 00:15:59 查询号码 【1587053】，返回信息 {"status":"bad","msg":""}
2021-07-26 00:15:59 查询号码 【1587053】，GSD为【""】
2021-07-26 00:15:59 bad
2021-07-26 00:16:01 CHB 1587053?1627229759 第 1 次 等待 3 秒
2021-07-26 00:16:04 CHB 1587053?1627229759 第 1 次 获取到号码【1587053】GSD
2021-07-26 00:16:04 获取到号码【1587053】的GSD为【重庆-万州】
2021-07-26 00:16:38 GSD insert 第 1 次 等待 3 秒
2021-07-26 00:16:41 {"status":"ok","gid":395334,"msg":"添加成功！"}
2021-07-26 00:16:41 下次操作: 2021-07-26 00:17:05

2021-07-26 00:17:05 开始第 27 次操作

2021-07-26 00:17:05 开始操作号码 【1587052】
2021-07-26 00:17:09 GSD getOne 第 1 次 等待 3 秒
2021-07-26 00:17:12 查询号码 【1587052】，返回信息 {"status":"ok","msg":"重庆-万州","gid":"25263","time_insert":"2018-04-07 20:53","time_update":"2021-01-13 03:43"}
2021-07-26 00:17:12 查询号码 【1587052】，GSD为【"重庆-万州"】

2021-07-26 00:17:12 开始第 27 次操作

2021-07-26 00:17:12 开始操作号码 【1587051】
2021-07-26 00:17:36 GSD getOne 第 1 次 等待 3 秒
2021-07-26 00:17:39 查询号码 【1587051】，返回信息 {"status":"ok","msg":"重庆-万州","gid":"25262","time_insert":"2017-05-11 09:33","time_update":"2021-01-13 03:41"}
2021-07-26 00:17:39 查询号码 【1587051】，GSD为【"重庆-万州"】

2021-07-26 00:17:39 开始第 27 次操作

2021-07-26 00:17:39 开始操作号码 【1587050】
2021-07-26 00:17:57 GSD getOne 第 1 次 等待 3 秒
2021-07-26 00:18:00 查询号码 【1587050】，返回信息 {"status":"ok","msg":"重庆-万州","gid":"25261","time_insert":"2020-06-03 11:22","time_update":"2021-01-13 03:35"}
2021-07-26 00:18:00 查询号码 【1587050】，GSD为【"重庆-万州"】

2021-07-26 00:18:00 开始第 27 次操作

2021-07-26 00:18:00 开始操作号码 【1587049】
2021-07-26 00:18:18 GSD getOne 第 1 次 等待 3 秒
2021-07-26 00:18:21 查询号码 【1587049】，返回信息 {"status":"ok","msg":"重庆-万州","gid":"25260","time_insert":"2015-09-10 14:19","time_update":"2021-06-08 05:30"}
2021-07-26 00:18:21 查询号码 【1587049】，GSD为【"重庆-万州"】

2021-07-26 00:18:21 开始第 27 次操作

2021-07-26 00:18:21 开始操作号码 【1587048】
2021-07-26 00:18:39 GSD getOne 第 1 次 等待 3 秒
2021-07-26 00:18:42 查询号码 【1587048】，返回信息 {"status":"ok","msg":"重庆-万州","gid":"25259","time_insert":"2017-03-27 00:16","time_update":"2021-06-08 05:03"}
2021-07-26 00:18:42 查询号码 【1587048】，GSD为【"重庆-万州"】

2021-07-26 00:18:42 开始第 27 次操作

2021-07-26 00:18:42 开始操作号码 【1587047】
2021-07-26 00:19:21 GSD getOne 第 1 次 等待 3 秒
2021-07-26 00:19:24 查询号码 【1587047】，返回信息 {"status":"bad","msg":""}
2021-07-26 00:19:24 查询号码 【1587047】，GSD为【""】
2021-07-26 00:19:24 bad
2021-07-26 00:19:26 CHB 1587047?1627229964 第 1 次 等待 3 秒
2021-07-26 00:19:29 CHB 1587047?1627229964 第 1 次 获取到号码【1587047】GSD
2021-07-26 00:19:29 获取到号码【1587047】的GSD为【重庆-万州】
2021-07-26 00:19:47 GSD insert 第 1 次 等待 3 秒
2021-07-26 00:19:50 {"status":"ok","gid":395356,"msg":"添加成功！"}
2021-07-26 00:19:50 下次操作: 2021-07-26 00:20:05

2021-07-26 00:20:05 开始第 28 次操作

2021-07-26 00:20:05 开始操作号码 【1587046】
2021-07-26 00:20:09 GSD getOne 第 1 次 等待 3 秒
2021-07-26 00:20:12 查询号码 【1587046】，返回信息 {"status":"ok","msg":"重庆-万州","gid":"25258","time_insert":"2017-05-12 16:32","time_update":"2021-06-08 04:33"}
2021-07-26 00:20:12 查询号码 【1587046】，GSD为【"重庆-万州"】

2021-07-26 00:20:12 开始第 28 次操作

2021-07-26 00:20:12 开始操作号码 【1587045】
2021-07-26 00:20:32 GSD getOne 第 1 次 等待 3 秒
2021-07-26 00:20:35 查询号码 【1587045】，返回信息 {"status":"bad","msg":""}
2021-07-26 00:20:35 查询号码 【1587045】，GSD为【""】
2021-07-26 00:20:35 bad
2021-07-26 00:20:37 CHB 1587045?1627230035 第 1 次 等待 3 秒
2021-07-26 00:20:40 CHB 1587045?1627230035 第 1 次 获取到号码【1587045】GSD
2021-07-26 00:20:40 获取到号码【1587045】的GSD为【重庆-万州】
2021-07-26 00:20:59 GSD insert 第 1 次 等待 3 秒
2021-07-26 00:21:02 {"status":"ok","gid":395363,"msg":"添加成功！"}
2021-07-26 00:21:02 下次操作: 2021-07-26 00:21:17

2021-07-26 00:21:17 开始第 29 次操作

2021-07-26 00:21:17 开始操作号码 【1587044】
2021-07-26 00:21:24 GSD getOne 第 1 次 等待 3 秒
2021-07-26 00:21:27 查询号码 【1587044】，返回信息 {"status":"ok","msg":"重庆-万州","gid":"25257","time_insert":"2017-04-19 09:16","time_update":"2021-01-13 03:10"}
2021-07-26 00:21:27 查询号码 【1587044】，GSD为【"重庆-万州"】

2021-07-26 00:21:27 开始第 29 次操作

2021-07-26 00:21:27 开始操作号码 【1587043】
2021-07-26 00:21:46 GSD getOne 第 1 次 等待 3 秒
2021-07-26 00:21:49 查询号码 【1587043】，返回信息 {"status":"ok","msg":"重庆-万州","gid":"25256","time_insert":"2019-01-17 10:24","time_update":"2021-06-08 04:17"}
2021-07-26 00:21:49 查询号码 【1587043】，GSD为【"重庆-万州"】

2021-07-26 00:21:49 开始第 29 次操作

2021-07-26 00:21:49 开始操作号码 【1587042】
2021-07-26 00:22:07 GSD getOne 第 1 次 等待 3 秒
2021-07-26 00:22:10 查询号码 【1587042】，返回信息 {"status":"ok","msg":"重庆-万州","gid":"25255","time_insert":"2017-11-13 20:22","time_update":"2021-06-08 04:01"}
2021-07-26 00:22:10 查询号码 【1587042】，GSD为【"重庆-万州"】

2021-07-26 00:22:10 开始第 29 次操作

2021-07-26 00:22:10 开始操作号码 【1587041】
2021-07-26 00:22:35 GSD getOne 第 1 次 等待 3 秒
2021-07-26 00:22:38 查询号码 【1587041】，返回信息 {"status":"ok","msg":"重庆-万州","gid":"25254","time_insert":"2017-08-19 08:38","time_update":"2021-01-13 02:51"}
2021-07-26 00:22:38 查询号码 【1587041】，GSD为【"重庆-万州"】

2021-07-26 00:22:38 开始第 29 次操作

2021-07-26 00:22:38 开始操作号码 【1587040】
2021-07-26 00:22:56 GSD getOne 第 1 次 等待 3 秒
2021-07-26 00:22:59 查询号码 【1587040】，返回信息 {"status":"bad","msg":""}
2021-07-26 00:22:59 查询号码 【1587040】，GSD为【""】
2021-07-26 00:22:59 bad
2021-07-26 00:23:00 CHB 1587040?1627230179 第 1 次 等待 3 秒
2021-07-26 00:23:03 CHB 1587040?1627230179 第 1 次 获取到号码【1587040】GSD
2021-07-26 00:23:03 获取到号码【1587040】的GSD为【重庆-万州】
2021-07-26 00:23:21 GSD insert 第 1 次 等待 3 秒
2021-07-26 00:23:24 {"status":"ok","gid":395376,"msg":"添加成功！"}
2021-07-26 00:23:24 下次操作: 2021-07-26 00:23:40

2021-07-26 00:23:40 开始第 30 次操作

2021-07-26 00:23:40 开始操作号码 【1587039】
2021-07-26 00:23:43 GSD getOne 第 1 次 等待 3 秒
2021-07-26 00:23:46 查询号码 【1587039】，返回信息 {"status":"ok","msg":"贵州-兴义","gid":"25253","time_insert":"2018-01-21 20:09","time_update":"2020-11-20 21:08"}
2021-07-26 00:23:46 查询号码 【1587039】，GSD为【"贵州-兴义"】

2021-07-26 00:23:46 开始第 30 次操作

2021-07-26 00:23:46 开始操作号码 【1587038】
2021-07-26 00:24:04 GSD getOne 第 1 次 等待 3 秒
2021-07-26 00:24:07 查询号码 【1587038】，返回信息 {"status":"bad","msg":""}
2021-07-26 00:24:07 查询号码 【1587038】，GSD为【""】
2021-07-26 00:24:07 bad
2021-07-26 00:24:08 CHB 1587038?1627230247 第 1 次 等待 3 秒
2021-07-26 00:24:11 CHB 1587038?1627230247 第 1 次 获取到号码【1587038】GSD
2021-07-26 00:24:11 获取到号码【1587038】的GSD为【贵州-兴义】
2021-07-26 00:24:32 GSD insert 第 1 次 等待 3 秒
2021-07-26 00:24:35 {"status":"ok","gid":395380,"msg":"添加成功！"}
2021-07-26 00:24:35 下次操作: 2021-07-26 00:24:47

2021-07-26 00:24:47 开始第 31 次操作

2021-07-26 00:24:47 开始操作号码 【1587037】
2021-07-26 00:24:57 GSD getOne 第 1 次 等待 3 秒
2021-07-26 00:25:00 查询号码 【1587037】，返回信息 {"status":"ok","msg":"贵州-兴义","gid":"25252","time_insert":"2018-03-13 00:43","time_update":"2020-11-20 21:05"}
2021-07-26 00:25:00 查询号码 【1587037】，GSD为【"贵州-兴义"】

2021-07-26 00:25:00 开始第 31 次操作

2021-07-26 00:25:00 开始操作号码 【1587036】
2021-07-26 00:25:18 GSD getOne 第 1 次 等待 3 秒
2021-07-26 00:25:21 查询号码 【1587036】，返回信息 {"status":"bad","msg":""}
2021-07-26 00:25:21 查询号码 【1587036】，GSD为【""】
2021-07-26 00:25:21 bad
2021-07-26 00:25:22 CHB 1587036?1627230321 第 1 次 等待 3 秒
2021-07-26 00:25:25 CHB 1587036?1627230321 第 1 次 获取到号码【1587036】GSD
2021-07-26 00:25:25 获取到号码【1587036】的GSD为【贵州-兴义】
2021-07-26 00:25:43 GSD insert 第 1 次 等待 3 秒
2021-07-26 00:25:46 {"status":"ok","gid":395387,"msg":"添加成功！"}
2021-07-26 00:25:46 下次操作: 2021-07-26 00:26:08

2021-07-26 00:26:08 开始第 32 次操作

2021-07-26 00:26:08 开始操作号码 【1587035】
2021-07-26 00:26:11 GSD getOne 第 1 次 等待 3 秒
2021-07-26 00:26:14 查询号码 【1587035】，返回信息 {"status":"ok","msg":"贵州-兴义","gid":"25251","time_insert":"2018-02-01 17:31","time_update":"2020-11-20 21:00"}
2021-07-26 00:26:14 查询号码 【1587035】，GSD为【"贵州-兴义"】

2021-07-26 00:26:14 开始第 32 次操作

2021-07-26 00:26:14 开始操作号码 【1587034】
2021-07-26 00:26:32 GSD getOne 第 1 次 等待 3 秒
2021-07-26 00:26:35 查询号码 【1587034】，返回信息 {"status":"ok","msg":"贵州-兴义","gid":"25250","time_insert":"2017-09-15 11:46","time_update":"2020-11-20 20:56"}
2021-07-26 00:26:35 查询号码 【1587034】，GSD为【"贵州-兴义"】

2021-07-26 00:26:35 开始第 32 次操作

2021-07-26 00:26:35 开始操作号码 【1587033】
2021-07-26 00:27:11 GSD getOne 第 1 次 等待 3 秒
2021-07-26 00:27:14 查询号码 【1587033】，返回信息 {"status":"ok","msg":"贵州-兴义","gid":"25249","time_insert":"2017-05-10 16:05","time_update":"2020-11-20 20:51"}
2021-07-26 00:27:14 查询号码 【1587033】，GSD为【"贵州-兴义"】

2021-07-26 00:27:14 开始第 32 次操作

2021-07-26 00:27:14 开始操作号码 【1587032】
2021-07-26 00:27:33 GSD getOne 第 1 次 等待 3 秒
2021-07-26 00:27:36 查询号码 【1587032】，返回信息 {"status":"bad","msg":""}
2021-07-26 00:27:36 查询号码 【1587032】，GSD为【""】
2021-07-26 00:27:36 bad
2021-07-26 00:27:38 CHB 1587032?1627230456 第 1 次 等待 3 秒
2021-07-26 00:27:41 CHB 1587032?1627230456 第 1 次 获取到号码【1587032】GSD
2021-07-26 00:27:41 获取到号码【1587032】的GSD为【贵州-六盘水】
2021-07-26 00:28:01 GSD insert 第 1 次 等待 3 秒
2021-07-26 00:28:04 {"status":"ok","gid":395392,"msg":"添加成功！"}
2021-07-26 00:28:04 下次操作: 2021-07-26 00:28:28

2021-07-26 00:28:28 开始第 33 次操作

2021-07-26 00:28:28 开始操作号码 【1587031】
2021-07-26 00:28:33 GSD getOne 第 1 次 等待 3 秒
2021-07-26 00:28:36 查询号码 【1587031】，返回信息 {"status":"ok","msg":"贵州-六盘水","gid":"25248","time_insert":"2017-01-07 11:08","time_update":"2020-11-20 20:48"}
2021-07-26 00:28:36 查询号码 【1587031】，GSD为【"贵州-六盘水"】

2021-07-26 00:28:36 开始第 33 次操作

2021-07-26 00:28:36 开始操作号码 【1587030】
2021-07-26 00:29:10 GSD getOne 第 1 次 等待 3 秒
2021-07-26 00:29:13 查询号码 【1587030】，返回信息 {"status":"bad","msg":""}
2021-07-26 00:29:13 查询号码 【1587030】，GSD为【""】
2021-07-26 00:29:13 bad
2021-07-26 00:29:15 CHB 1587030?1627230553 第 1 次 等待 3 秒
2021-07-26 00:29:18 CHB 1587030?1627230553 第 1 次 获取到号码【1587030】GSD
2021-07-26 00:29:18 获取到号码【1587030】的GSD为【贵州-六盘水】
2021-07-26 00:29:57 GSD insert 第 1 次 等待 3 秒
2021-07-26 00:30:00 {"status":"ok","gid":395401,"msg":"添加成功！"}
2021-07-26 00:30:00 下次操作: 2021-07-26 00:30:22

2021-07-26 00:30:22 开始第 34 次操作

2021-07-26 00:30:22 开始操作号码 【1587029】
2021-07-26 00:30:28 GSD getOne 第 1 次 等待 3 秒
2021-07-26 00:30:31 查询号码 【1587029】，返回信息 {"status":"bad","msg":""}
2021-07-26 00:30:31 查询号码 【1587029】，GSD为【""】
2021-07-26 00:30:31 bad
2021-07-26 00:30:33 CHB 1587029?1627230631 第 1 次 等待 3 秒
2021-07-26 00:30:36 CHB 1587029?1627230631 第 1 次 获取到号码【1587029】GSD
2021-07-26 00:30:36 获取到号码【1587029】的GSD为【贵州-凯里】
2021-07-26 00:30:58 GSD insert 第 1 次 等待 3 秒
2021-07-26 00:31:01 {"status":"ok","gid":395405,"msg":"添加成功！"}
2021-07-26 00:31:01 下次操作: 2021-07-26 00:31:20

2021-07-26 00:31:20 开始第 35 次操作

2021-07-26 00:31:20 开始操作号码 【1587028】
2021-07-26 00:31:23 GSD getOne 第 1 次 等待 3 秒
2021-07-26 00:31:26 查询号码 【1587028】，返回信息 {"status":"ok","msg":"贵州-凯里","gid":"25247","time_insert":"2017-11-13 07:38","time_update":"2020-11-20 20:43"}
2021-07-26 00:31:26 查询号码 【1587028】，GSD为【"贵州-凯里"】

2021-07-26 00:31:26 开始第 35 次操作

2021-07-26 00:31:26 开始操作号码 【1587027】
2021-07-26 00:31:47 GSD getOne 第 1 次 等待 3 秒
2021-07-26 00:31:50 查询号码 【1587027】，返回信息 {"status":"bad","msg":""}
2021-07-26 00:31:50 查询号码 【1587027】，GSD为【""】
2021-07-26 00:31:50 bad
2021-07-26 00:31:52 CHB 1587027?1627230710 第 1 次 等待 3 秒
2021-07-26 00:31:55 CHB 1587027?1627230710 第 1 次 获取到号码【1587027】GSD
2021-07-26 00:31:55 获取到号码【1587027】的GSD为【贵州-凯里】
2021-07-26 00:32:14 GSD insert 第 1 次 等待 3 秒
2021-07-26 00:32:17 {"status":"ok","gid":395412,"msg":"添加成功！"}
2021-07-26 00:32:17 下次操作: 2021-07-26 00:32:31

2021-07-26 00:32:31 开始第 36 次操作

2021-07-26 00:32:31 开始操作号码 【1587026】
2021-07-26 00:32:35 GSD getOne 第 1 次 等待 3 秒
2021-07-26 00:32:38 查询号码 【1587026】，返回信息 {"status":"ok","msg":"贵州-凯里","gid":"25246","time_insert":"2015-12-26 01:15","time_update":"2020-11-20 20:40"}
2021-07-26 00:32:38 查询号码 【1587026】，GSD为【"贵州-凯里"】

2021-07-26 00:32:38 开始第 36 次操作

2021-07-26 00:32:38 开始操作号码 【1587025】
2021-07-26 00:32:57 GSD getOne 第 1 次 等待 3 秒
2021-07-26 00:33:00 查询号码 【1587025】，返回信息 {"status":"ok","msg":"贵州-凯里","gid":"25245","time_insert":"2018-01-04 22:44","time_update":"2020-11-20 20:35"}
2021-07-26 00:33:00 查询号码 【1587025】，GSD为【"贵州-凯里"】

2021-07-26 00:33:00 开始第 36 次操作

2021-07-26 00:33:00 开始操作号码 【1587024】
2021-07-26 00:33:18 GSD getOne 第 1 次 等待 3 秒
2021-07-26 00:33:21 查询号码 【1587024】，返回信息 {"status":"ok","msg":"贵州-凯里","gid":"25244","time_insert":"2017-12-10 17:00","time_update":"2020-11-20 20:30"}
2021-07-26 00:33:22 查询号码 【1587024】，GSD为【"贵州-凯里"】

2021-07-26 00:33:22 开始第 36 次操作

2021-07-26 00:33:22 开始操作号码 【1587023】
2021-07-26 00:33:40 GSD getOne 第 1 次 等待 3 秒
2021-07-26 00:33:43 查询号码 【1587023】，返回信息 {"status":"bad","msg":""}
2021-07-26 00:33:43 查询号码 【1587023】，GSD为【""】
2021-07-26 00:33:43 bad
2021-07-26 00:33:45 CHB 1587023?1627230823 第 1 次 等待 3 秒
2021-07-26 00:33:48 CHB 1587023?1627230823 第 1 次 获取到号码【1587023】GSD
2021-07-26 00:33:48 获取到号码【1587023】的GSD为【贵州-凯里】
2021-07-26 00:34:09 GSD insert 第 1 次 等待 3 秒
2021-07-26 00:34:12 {"status":"ok","gid":395417,"msg":"添加成功！"}
2021-07-26 00:34:12 下次操作: 2021-07-26 00:34:29

2021-07-26 00:34:29 开始第 37 次操作

2021-07-26 00:34:29 开始操作号码 【1587022】
2021-07-26 00:34:32 GSD getOne 第 1 次 等待 3 秒
2021-07-26 00:34:35 查询号码 【1587022】，返回信息 {"status":"ok","msg":"贵州-凯里","gid":"25243","time_insert":"2017-05-04 21:05","time_update":"2020-11-20 20:27"}
2021-07-26 00:34:35 查询号码 【1587022】，GSD为【"贵州-凯里"】

2021-07-26 00:34:35 开始第 37 次操作

2021-07-26 00:34:35 开始操作号码 【1587021】
2021-07-26 00:35:14 GSD getOne 第 1 次 等待 3 秒
2021-07-26 00:35:17 查询号码 【1587021】，返回信息 {"status":"ok","msg":"贵州-凯里","gid":"25242","time_insert":"2017-08-27 06:15","time_update":"2020-11-20 20:26"}
2021-07-26 00:35:17 查询号码 【1587021】，GSD为【"贵州-凯里"】

2021-07-26 00:35:18 开始第 37 次操作

2021-07-26 00:35:18 开始操作号码 【1587020】
2021-07-26 00:35:48 GSD getOne 第 1 次 等待 3 秒
2021-07-26 00:35:51 查询号码 【1587020】，返回信息 {"status":"ok","msg":"贵州-凯里","gid":"25241","time_insert":"2017-10-31 14:14","time_update":"2020-11-20 20:22"}
2021-07-26 00:35:51 查询号码 【1587020】，GSD为【"贵州-凯里"】

2021-07-26 00:35:51 开始第 37 次操作

2021-07-26 00:35:51 开始操作号码 【1587019】
2021-07-26 00:36:09 GSD getOne 第 1 次 等待 3 秒
2021-07-26 00:36:12 查询号码 【1587019】，返回信息 {"status":"bad","msg":""}
2021-07-26 00:36:12 查询号码 【1587019】，GSD为【""】
2021-07-26 00:36:12 bad
2021-07-26 00:36:14 CHB 1587019?1627230972 第 1 次 等待 3 秒
2021-07-26 00:36:17 CHB 1587019?1627230972 第 1 次 获取到号码【1587019】GSD
2021-07-26 00:36:17 获取到号码【1587019】的GSD为【贵州-铜仁】
2021-07-26 00:36:35 GSD insert 第 1 次 等待 3 秒
2021-07-26 00:36:38 {"status":"ok","gid":395422,"msg":"添加成功！"}
2021-07-26 00:36:38 下次操作: 2021-07-26 00:37:02

2021-07-26 00:37:02 开始第 38 次操作

2021-07-26 00:37:02 开始操作号码 【1587018】
2021-07-26 00:37:04 GSD getOne 第 1 次 等待 3 秒
2021-07-26 00:37:07 查询号码 【1587018】，返回信息 {"status":"ok","msg":"贵州-铜仁","gid":"25240","time_insert":"2019-04-20 21:28","time_update":"2020-11-20 20:19"}
2021-07-26 00:37:08 查询号码 【1587018】，GSD为【"贵州-铜仁"】

2021-07-26 00:37:08 开始第 38 次操作

2021-07-26 00:37:08 开始操作号码 【1587017】
2021-07-26 00:37:25 GSD getOne 第 1 次 等待 3 秒
2021-07-26 00:37:28 查询号码 【1587017】，返回信息 {"status":"ok","msg":"贵州-安顺","gid":"25239","time_insert":"2017-05-30 10:52","time_update":"2020-11-20 20:16"}
2021-07-26 00:37:29 查询号码 【1587017】，GSD为【"贵州-安顺"】

2021-07-26 00:37:29 开始第 38 次操作

2021-07-26 00:37:29 开始操作号码 【1587016】
2021-07-26 00:37:46 GSD getOne 第 1 次 等待 3 秒
2021-07-26 00:37:49 查询号码 【1587016】，返回信息 {"status":"bad","msg":""}
2021-07-26 00:37:50 查询号码 【1587016】，GSD为【""】
2021-07-26 00:37:50 bad
2021-07-26 00:37:51 CHB 1587016?1627231070 第 1 次 等待 3 秒
2021-07-26 00:37:54 CHB 1587016?1627231070 第 1 次 获取到号码【1587016】GSD
2021-07-26 00:37:54 获取到号码【1587016】的GSD为【贵州-安顺】
2021-07-26 00:38:14 GSD insert 第 1 次 等待 3 秒
2021-07-26 00:38:17 {"status":"ok","gid":395430,"msg":"添加成功！"}
2021-07-26 00:38:17 下次操作: 2021-07-26 00:38:39

2021-07-26 00:38:39 开始第 39 次操作

2021-07-26 00:38:39 开始操作号码 【1587015】
2021-07-26 00:38:42 GSD getOne 第 1 次 等待 3 秒
2021-07-26 00:38:45 查询号码 【1587015】，返回信息 {"status":"ok","msg":"贵州-安顺","gid":"25238","time_insert":"2018-06-05 13:03","time_update":"2020-11-20 20:11"}
2021-07-26 00:38:45 查询号码 【1587015】，GSD为【"贵州-安顺"】

2021-07-26 00:38:45 开始第 39 次操作

2021-07-26 00:38:45 开始操作号码 【1587014】
2021-07-26 00:39:04 GSD getOne 第 1 次 等待 3 秒
2021-07-26 00:39:07 查询号码 【1587014】，返回信息 {"status":"ok","msg":"贵州-遵义","gid":"25237","time_insert":"2017-07-10 14:15","time_update":"2020-11-20 20:08"}
2021-07-26 00:39:07 查询号码 【1587014】，GSD为【"贵州-遵义"】

2021-07-26 00:39:07 开始第 39 次操作

2021-07-26 00:39:07 开始操作号码 【1587013】
2021-07-26 00:39:26 GSD getOne 第 1 次 等待 3 秒
2021-07-26 00:39:29 查询号码 【1587013】，返回信息 {"status":"bad","msg":""}
2021-07-26 00:39:29 查询号码 【1587013】，GSD为【""】
2021-07-26 00:39:29 bad
2021-07-26 00:39:30 CHB 1587013?1627231169 第 1 次 等待 3 秒
2021-07-26 00:39:33 CHB 1587013?1627231169 第 1 次 获取到号码【1587013】GSD
2021-07-26 00:39:33 获取到号码【1587013】的GSD为【贵州-遵义】
2021-07-26 00:39:59 GSD insert 第 1 次 等待 3 秒
2021-07-26 00:40:02 {"status":"ok","gid":395434,"msg":"添加成功！"}
2021-07-26 00:40:02 下次操作: 2021-07-26 00:40:24

2021-07-26 00:40:24 开始第 40 次操作

2021-07-26 00:40:24 开始操作号码 【1587012】
2021-07-26 00:40:27 GSD getOne 第 1 次 等待 3 秒
2021-07-26 00:40:30 查询号码 【1587012】，返回信息 {"status":"ok","msg":"贵州-遵义","gid":"25236","time_insert":"2014-04-06 16:37","time_update":"2020-11-20 20:03"}
2021-07-26 00:40:30 查询号码 【1587012】，GSD为【"贵州-遵义"】

2021-07-26 00:40:30 开始第 40 次操作

2021-07-26 00:40:30 开始操作号码 【1587011】
2021-07-26 00:40:49 GSD getOne 第 1 次 等待 3 秒
2021-07-26 00:40:52 查询号码 【1587011】，返回信息 {"status":"bad","msg":""}
2021-07-26 00:40:52 查询号码 【1587011】，GSD为【""】
2021-07-26 00:40:52 bad
2021-07-26 00:40:54 CHB 1587011?1627231252 第 1 次 等待 3 秒
2021-07-26 00:40:57 CHB 1587011?1627231252 第 1 次 获取到号码【1587011】GSD
2021-07-26 00:40:57 获取到号码【1587011】的GSD为【贵州-遵义】
2021-07-26 00:41:17 GSD insert 第 1 次 等待 3 秒
2021-07-26 00:41:20 {"status":"ok","gid":395435,"msg":"添加成功！"}

