2024-08-07 00:23:09 开始第 21 次操作

2024-08-07 00:23:09 开始操作号码 【1499910】
2024-08-07 00:23:17 GSD getOne 第 1 次 等待 3 秒
2024-08-07 00:23:20 查询号码 【1499910】，返回信息 {"status":"ok","msg":"-","gid":"357384","time_insert":"2021-07-22 17:57"}
2024-08-07 00:23:20 查询号码 【1499910】，GSD为【"-"】
2024-08-07 00:23:20 ok && -
2024-08-07 00:23:23 CHB 1499910?1722961400 第 1 次 等待 3 秒
2024-08-07 00:23:26 CHB 1499910?1722961400 第 1 次 获取到号码【1499910】GSD
2024-08-07 00:23:26 未获取到号码【1499910】GSD，可能号码格式错误
2024-08-07 00:23:26 获取到号码【1499910】的GSD为【-】
2024-08-07 00:23:35 GSD insert 第 1 次 等待 3 秒
2024-08-07 00:23:38 {"status":"bad","gid":"357384","msg":"添加失败！号码【1499910(-|-)】已存在！"}
2024-08-07 00:23:38 随机等待 228 秒，约 3 分钟
2024-08-07 00:23:38 下次操作: 2024-08-07 00:27:26

2024-08-07 00:27:26 开始第 22 次操作

2024-08-07 00:27:26 开始操作号码 【1499911】
2024-08-07 00:27:34 GSD getOne 第 1 次 等待 3 秒
2024-08-07 00:27:37 查询号码 【1499911】，返回信息 {"status":"ok","msg":"-","gid":"357372","time_insert":"2021-07-22 17:55"}
2024-08-07 00:27:38 查询号码 【1499911】，GSD为【"-"】
2024-08-07 00:27:38 ok && -
2024-08-07 00:27:39 CHB 1499911?1722961658 第 1 次 等待 3 秒
2024-08-07 00:27:42 CHB 1499911?1722961658 第 1 次 获取到号码【1499911】GSD
2024-08-07 00:27:42 未获取到号码【1499911】GSD，可能号码格式错误
2024-08-07 00:27:42 获取到号码【1499911】的GSD为【-】
2024-08-07 00:27:50 GSD insert 第 1 次 等待 3 秒
2024-08-07 00:27:53 {"status":"bad","gid":"357372","msg":"添加失败！号码【1499911(-|-)】已存在！"}
2024-08-07 00:27:53 随机等待 103 秒，约 1 分钟
2024-08-07 00:27:53 下次操作: 2024-08-07 00:29:36

2024-08-07 00:29:36 开始第 23 次操作

2024-08-07 00:29:36 开始操作号码 【1499912】
2024-08-07 00:29:44 GSD getOne 第 1 次 等待 3 秒
2024-08-07 00:29:47 查询号码 【1499912】，返回信息 {"status":"ok","msg":"-","gid":"357358","time_insert":"2021-07-22 17:54"}
2024-08-07 00:29:47 查询号码 【1499912】，GSD为【"-"】
2024-08-07 00:29:47 ok && -
2024-08-07 00:29:49 CHB 1499912?1722961787 第 1 次 等待 3 秒
2024-08-07 00:29:52 CHB 1499912?1722961787 第 1 次 获取到号码【1499912】GSD
2024-08-07 00:29:52 未获取到号码【1499912】GSD，可能号码格式错误
2024-08-07 00:29:52 获取到号码【1499912】的GSD为【-】
2024-08-07 00:30:00 GSD insert 第 1 次 等待 3 秒
2024-08-07 00:30:03 {"status":"bad","gid":"357358","msg":"添加失败！号码【1499912(-|-)】已存在！"}
2024-08-07 00:30:03 随机等待 189 秒，约 3 分钟
2024-08-07 00:30:03 下次操作: 2024-08-07 00:33:12

2024-08-07 00:33:12 开始第 24 次操作

2024-08-07 00:33:12 开始操作号码 【1499913】
2024-08-07 00:33:21 GSD getOne 第 1 次 等待 3 秒
2024-08-07 00:33:24 查询号码 【1499913】，返回信息 {"status":"ok","msg":"-","gid":"357342","time_insert":"2021-07-22 17:53"}
2024-08-07 00:33:24 查询号码 【1499913】，GSD为【"-"】
2024-08-07 00:33:24 ok && -
2024-08-07 00:33:27 CHB 1499913?1722962004 第 1 次 等待 3 秒
2024-08-07 00:33:30 CHB 1499913?1722962004 第 1 次 获取到号码【1499913】GSD
2024-08-07 00:33:30 未获取到号码【1499913】GSD，可能号码格式错误
2024-08-07 00:33:30 获取到号码【1499913】的GSD为【-】
2024-08-07 00:33:40 GSD insert 第 1 次 等待 3 秒
2024-08-07 00:33:43 {"status":"bad","gid":"357342","msg":"添加失败！号码【1499913(-|-)】已存在！"}

