2023-09-27 00:21:19 开始第 113 次操作

2023-09-27 00:21:19 开始操作号码 【1920112】
2023-09-27 00:21:21 GSD getOne 第 1 次 等待 3 秒
2023-09-27 00:21:24 查询号码 【1920112】，返回信息 {"status":"ok","msg":"北京-北京","gid":"530989","time_insert":"2023-02-14 18:22"}
2023-09-27 00:21:24 查询号码 【1920112】，GSD为【"北京-北京"】

2023-09-27 00:21:25 开始第 114 次操作

2023-09-27 00:21:25 开始操作号码 【1920113】
2023-09-27 00:21:26 GSD getOne 第 1 次 等待 3 秒
2023-09-27 00:21:29 查询号码 【1920113】，返回信息 {"status":"ok","msg":"北京-北京","gid":"531008","time_insert":"2023-02-14 18:37"}
2023-09-27 00:21:29 查询号码 【1920113】，GSD为【"北京-北京"】

2023-09-27 00:21:30 开始第 115 次操作

2023-09-27 00:21:30 开始操作号码 【1920114】
2023-09-27 00:21:32 GSD getOne 第 1 次 等待 3 秒
2023-09-27 00:21:35 查询号码 【1920114】，返回信息 {"status":"ok","msg":"北京-北京","gid":"531034","time_insert":"2023-02-14 18:56"}
2023-09-27 00:21:35 查询号码 【1920114】，GSD为【"北京-北京"】

2023-09-27 00:21:36 开始第 116 次操作

2023-09-27 00:21:36 开始操作号码 【1920115】
2023-09-27 00:21:38 GSD getOne 第 1 次 等待 3 秒
2023-09-27 00:21:41 查询号码 【1920115】，返回信息 {"status":"ok","msg":"北京-北京","gid":"531056","time_insert":"2023-02-14 19:14"}
2023-09-27 00:21:41 查询号码 【1920115】，GSD为【"北京-北京"】

2023-09-27 00:40:40 开始第 117 次操作

2023-09-27 00:40:40 开始操作号码 【1920116】
2023-09-27 00:40:44 GSD getOne 第 1 次 等待 3 秒
2023-09-27 00:40:47 查询号码 【1920116】，返回信息 {"status":"ok","msg":"北京-北京","gid":"531077","time_insert":"2023-02-14 19:31"}
2023-09-27 00:40:47 查询号码 【1920116】，GSD为【"北京-北京"】

2023-09-27 00:40:48 开始第 118 次操作

2023-09-27 00:40:48 开始操作号码 【1920117】
2023-09-27 00:40:51 GSD getOne 第 1 次 等待 3 秒
2023-09-27 00:40:54 查询号码 【1920117】，返回信息 {"status":"ok","msg":"北京-北京","gid":"531100","time_insert":"2023-02-14 19:49"}
2023-09-27 00:40:54 查询号码 【1920117】，GSD为【"北京-北京"】

2023-09-27 00:40:55 开始第 119 次操作

2023-09-27 00:40:55 开始操作号码 【1920118】
2023-09-27 00:40:57 GSD getOne 第 1 次 等待 3 秒
2023-09-27 00:41:00 查询号码 【1920118】，返回信息 {"status":"ok","msg":"北京-北京","gid":"531121","time_insert":"2023-02-14 20:06"}
2023-09-27 00:41:00 查询号码 【1920118】，GSD为【"北京-北京"】

2023-09-27 00:41:01 开始第 120 次操作

2023-09-27 00:41:01 开始操作号码 【1920119】
2023-09-27 00:41:04 GSD getOne 第 1 次 等待 3 秒
2023-09-27 00:41:07 查询号码 【1920119】，返回信息 {"status":"ok","msg":"北京-北京","gid":"531143","time_insert":"2023-02-14 20:23"}
2023-09-27 00:41:07 查询号码 【1920119】，GSD为【"北京-北京"】

