2024-06-17 00:20:39 开始第 1089 次操作

2024-06-17 00:20:39 开始操作号码 【1490983】
2024-06-17 00:20:51 GSD getOne 第 1 次 等待 3 秒
2024-06-17 00:20:54 查询号码 【1490983】，返回信息 {"status":"ok","msg":"上海-上海","gid":"263278","time_insert":"2021-07-13 06:45"}
2024-06-17 00:20:54 查询号码 【1490983】，GSD为【"上海-上海"】

2024-06-17 00:20:55 开始第 1090 次操作

2024-06-17 00:20:55 开始操作号码 【1490984】
2024-06-17 00:21:07 GSD getOne 第 1 次 等待 3 秒
2024-06-17 00:21:10 查询号码 【1490984】，返回信息 {"status":"ok","msg":"上海-上海","gid":"263288","time_insert":"2021-07-13 06:45"}
2024-06-17 00:21:10 查询号码 【1490984】，GSD为【"上海-上海"】

2024-06-17 00:21:11 开始第 1091 次操作

2024-06-17 00:21:11 开始操作号码 【1490985】
2024-06-17 00:21:18 GSD getOne 第 1 次 等待 3 秒
2024-06-17 00:21:21 查询号码 【1490985】，返回信息 {"status":"ok","msg":"上海-上海","gid":"263297","time_insert":"2021-07-13 06:45"}
2024-06-17 00:21:21 查询号码 【1490985】，GSD为【"上海-上海"】

2024-06-17 00:21:22 开始第 1092 次操作

2024-06-17 00:21:22 开始操作号码 【1490986】
2024-06-17 00:21:27 GSD getOne 第 1 次 等待 3 秒
2024-06-17 00:21:30 查询号码 【1490986】，返回信息 {"status":"ok","msg":"上海-上海","gid":"263307","time_insert":"2021-07-13 06:46"}
2024-06-17 00:21:30 查询号码 【1490986】，GSD为【"上海-上海"】

2024-06-17 00:40:05 开始第 1093 次操作

2024-06-17 00:40:05 开始操作号码 【1490987】
2024-06-17 00:40:17 GSD getOne 第 1 次 等待 3 秒
2024-06-17 00:40:20 查询号码 【1490987】，返回信息 {"status":"ok","msg":"上海-上海","gid":"263314","time_insert":"2021-07-13 06:46"}
2024-06-17 00:40:20 查询号码 【1490987】，GSD为【"上海-上海"】

2024-06-17 00:40:21 开始第 1094 次操作

2024-06-17 00:40:21 开始操作号码 【1490988】
2024-06-17 00:40:33 GSD getOne 第 1 次 等待 3 秒
2024-06-17 00:40:36 查询号码 【1490988】，返回信息 {"status":"ok","msg":"上海-上海","gid":"263323","time_insert":"2021-07-13 06:47"}
2024-06-17 00:40:36 查询号码 【1490988】，GSD为【"上海-上海"】

2024-06-17 00:40:37 开始第 1095 次操作

2024-06-17 00:40:37 开始操作号码 【1490989】
2024-06-17 00:40:59 GSD getOne 第 1 次 等待 3 秒
2024-06-17 00:41:02 查询号码 【1490989】，返回信息 {"status":"ok","msg":"上海-上海","gid":"263333","time_insert":"2021-07-13 06:47"}
2024-06-17 00:41:02 查询号码 【1490989】，GSD为【"上海-上海"】

2024-06-17 00:41:03 开始第 1096 次操作

2024-06-17 00:41:03 开始操作号码 【1490990】
2024-06-17 00:41:27 GSD getOne 第 1 次 等待 3 秒
2024-06-17 00:41:30 查询号码 【1490990】，返回信息 {"status":"ok","msg":"上海-上海","gid":"263447","time_insert":"2021-07-13 07:38"}
2024-06-17 00:41:30 查询号码 【1490990】，GSD为【"上海-上海"】

2024-06-17 01:14:39 开始第 1097 次操作

2024-06-17 01:14:39 开始操作号码 【1490991】
2024-06-17 01:14:48 GSD getOne 第 1 次 等待 3 秒
2024-06-17 01:14:51 查询号码 【1490991】，返回信息 {"status":"ok","msg":"上海-上海","gid":"263450","time_insert":"2021-07-13 07:38"}
2024-06-17 01:14:51 查询号码 【1490991】，GSD为【"上海-上海"】

2024-06-17 01:14:53 开始第 1098 次操作

2024-06-17 01:14:53 开始操作号码 【1490992】
2024-06-17 01:14:58 GSD getOne 第 1 次 等待 3 秒
2024-06-17 01:15:01 查询号码 【1490992】，返回信息 {"status":"ok","msg":"上海-上海","gid":"263455","time_insert":"2021-07-13 07:38"}
2024-06-17 01:15:01 查询号码 【1490992】，GSD为【"上海-上海"】

2024-06-17 01:15:02 开始第 1099 次操作

2024-06-17 01:15:02 开始操作号码 【1490993】
2024-06-17 01:15:09 GSD getOne 第 1 次 等待 3 秒
2024-06-17 01:15:12 查询号码 【1490993】，返回信息 {"status":"ok","msg":"上海-上海","gid":"263463","time_insert":"2021-07-13 07:39"}
2024-06-17 01:15:12 查询号码 【1490993】，GSD为【"上海-上海"】

2024-06-17 01:15:13 开始第 1100 次操作

2024-06-17 01:15:13 开始操作号码 【1490994】
2024-06-17 01:15:19 GSD getOne 第 1 次 等待 3 秒
2024-06-17 01:15:22 查询号码 【1490994】，返回信息 {"status":"ok","msg":"上海-上海","gid":"263470","time_insert":"2021-07-13 07:39"}
2024-06-17 01:15:22 查询号码 【1490994】，GSD为【"上海-上海"】

2024-06-17 01:37:23 开始第 1101 次操作

2024-06-17 01:37:23 开始操作号码 【1490995】
2024-06-17 01:37:29 GSD getOne 第 1 次 等待 3 秒
2024-06-17 01:37:33 查询号码 【1490995】，返回信息 {"status":"ok","msg":"上海-上海","gid":"263477","time_insert":"2021-07-13 07:40"}
2024-06-17 01:37:33 查询号码 【1490995】，GSD为【"上海-上海"】

2024-06-17 01:37:34 开始第 1102 次操作

2024-06-17 01:37:34 开始操作号码 【1490996】
2024-06-17 01:37:41 GSD getOne 第 1 次 等待 3 秒
2024-06-17 01:37:44 查询号码 【1490996】，返回信息 {"status":"ok","msg":"上海-上海","gid":"263483","time_insert":"2021-07-13 07:40"}
2024-06-17 01:37:44 查询号码 【1490996】，GSD为【"上海-上海"】

2024-06-17 01:37:45 开始第 1103 次操作

2024-06-17 01:37:45 开始操作号码 【1490997】
2024-06-17 01:37:52 GSD getOne 第 1 次 等待 3 秒
2024-06-17 01:37:55 查询号码 【1490997】，返回信息 {"status":"ok","msg":"上海-上海","gid":"263492","time_insert":"2021-07-13 07:40"}
2024-06-17 01:37:55 查询号码 【1490997】，GSD为【"上海-上海"】

2024-06-17 01:37:56 开始第 1104 次操作

2024-06-17 01:37:56 开始操作号码 【1490998】
2024-06-17 01:38:03 GSD getOne 第 1 次 等待 3 秒
2024-06-17 01:38:06 查询号码 【1490998】，返回信息 {"status":"ok","msg":"上海-上海","gid":"263499","time_insert":"2021-07-13 07:41"}
2024-06-17 01:38:06 查询号码 【1490998】，GSD为【"上海-上海"】

2024-06-17 02:23:38 开始第 1105 次操作

2024-06-17 02:23:38 开始操作号码 【1490999】
2024-06-17 02:23:47 GSD getOne 第 1 次 等待 3 秒
2024-06-17 02:23:50 查询号码 【1490999】，返回信息 {"status":"ok","msg":"上海-上海","gid":"263509","time_insert":"2021-07-13 07:41"}
2024-06-17 02:23:50 查询号码 【1490999】，GSD为【"上海-上海"】

2024-06-17 02:23:51 开始第 1106 次操作

2024-06-17 02:23:51 开始操作号码 【1491000】
2024-06-17 02:23:57 GSD getOne 第 1 次 等待 3 秒
2024-06-17 02:24:00 查询号码 【1491000】，返回信息 {"status":"ok","msg":"上海-上海","gid":"263516","time_insert":"2021-07-13 07:42"}
2024-06-17 02:24:00 查询号码 【1491000】，GSD为【"上海-上海"】

2024-06-17 02:24:01 开始第 1107 次操作

2024-06-17 02:24:01 开始操作号码 【1491001】
2024-06-17 02:24:09 GSD getOne 第 1 次 等待 3 秒
2024-06-17 02:24:12 查询号码 【1491001】，返回信息 {"status":"ok","msg":"上海-上海","gid":"263524","time_insert":"2021-07-13 07:42"}
2024-06-17 02:24:12 查询号码 【1491001】，GSD为【"上海-上海"】

2024-06-17 02:24:13 开始第 1108 次操作

2024-06-17 02:24:13 开始操作号码 【1491002】
2024-06-17 02:24:27 GSD getOne 第 1 次 等待 3 秒
2024-06-17 02:24:30 查询号码 【1491002】，返回信息 {"status":"ok","msg":"上海-上海","gid":"263528","time_insert":"2021-07-13 07:42"}
2024-06-17 02:24:30 查询号码 【1491002】，GSD为【"上海-上海"】

2024-06-17 02:39:13 开始第 1109 次操作

2024-06-17 02:39:13 开始操作号码 【1491003】
2024-06-17 02:39:20 GSD getOne 第 1 次 等待 3 秒
2024-06-17 02:39:23 查询号码 【1491003】，返回信息 {"status":"ok","msg":"上海-上海","gid":"263539","time_insert":"2021-07-13 07:43"}
2024-06-17 02:39:24 查询号码 【1491003】，GSD为【"上海-上海"】

2024-06-17 02:39:25 开始第 1110 次操作

2024-06-17 02:39:25 开始操作号码 【1491004】
2024-06-17 02:39:35 GSD getOne 第 1 次 等待 3 秒
2024-06-17 02:39:38 查询号码 【1491004】，返回信息 {"status":"ok","msg":"上海-上海","gid":"263546","time_insert":"2021-07-13 07:43"}
2024-06-17 02:39:38 查询号码 【1491004】，GSD为【"上海-上海"】

2024-06-17 02:39:39 开始第 1111 次操作

2024-06-17 02:39:39 开始操作号码 【1491005】
2024-06-17 02:39:50 GSD getOne 第 1 次 等待 3 秒
2024-06-17 02:39:53 查询号码 【1491005】，返回信息 {"status":"ok","msg":"上海-上海","gid":"263555","time_insert":"2021-07-13 07:43"}
2024-06-17 02:39:53 查询号码 【1491005】，GSD为【"上海-上海"】

2024-06-17 02:39:54 开始第 1112 次操作

2024-06-17 02:39:54 开始操作号码 【1491006】
2024-06-17 02:40:06 GSD getOne 第 1 次 等待 3 秒
2024-06-17 02:40:09 查询号码 【1491006】，返回信息 {"status":"ok","msg":"上海-上海","gid":"263563","time_insert":"2021-07-13 07:44"}
2024-06-17 02:40:09 查询号码 【1491006】，GSD为【"上海-上海"】

2024-06-17 03:15:25 开始第 1113 次操作

2024-06-17 03:15:25 开始操作号码 【1491007】
2024-06-17 03:15:31 GSD getOne 第 1 次 等待 3 秒
2024-06-17 03:15:34 查询号码 【1491007】，返回信息 {"status":"ok","msg":"上海-上海","gid":"263571","time_insert":"2021-07-13 07:44"}
2024-06-17 03:15:34 查询号码 【1491007】，GSD为【"上海-上海"】

2024-06-17 03:15:35 开始第 1114 次操作

2024-06-17 03:15:35 开始操作号码 【1491008】
2024-06-17 03:15:41 GSD getOne 第 1 次 等待 3 秒
2024-06-17 03:15:44 查询号码 【1491008】，返回信息 {"status":"ok","msg":"上海-上海","gid":"263580","time_insert":"2021-07-13 07:44"}
2024-06-17 03:15:44 查询号码 【1491008】，GSD为【"上海-上海"】

2024-06-17 03:15:45 开始第 1115 次操作

2024-06-17 03:15:45 开始操作号码 【1491009】
2024-06-17 03:15:51 GSD getOne 第 1 次 等待 3 秒
2024-06-17 03:15:54 查询号码 【1491009】，返回信息 {"status":"ok","msg":"上海-上海","gid":"263589","time_insert":"2021-07-13 07:45"}
2024-06-17 03:15:54 查询号码 【1491009】，GSD为【"上海-上海"】

2024-06-17 03:15:55 开始第 1116 次操作

2024-06-17 03:15:55 开始操作号码 【1491010】
2024-06-17 03:16:04 GSD getOne 第 1 次 等待 3 秒
2024-06-17 03:16:07 查询号码 【1491010】，返回信息 {"status":"ok","msg":"上海-上海","gid":"263597","time_insert":"2021-07-13 07:45"}
2024-06-17 03:16:07 查询号码 【1491010】，GSD为【"上海-上海"】

2024-06-17 03:37:23 开始第 1117 次操作

2024-06-17 03:37:23 开始操作号码 【1491011】
2024-06-17 03:37:31 GSD getOne 第 1 次 等待 3 秒
2024-06-17 03:37:34 查询号码 【1491011】，返回信息 {"status":"ok","msg":"上海-上海","gid":"263604","time_insert":"2021-07-13 07:46"}
2024-06-17 03:37:34 查询号码 【1491011】，GSD为【"上海-上海"】

2024-06-17 03:37:35 开始第 1118 次操作

2024-06-17 03:37:35 开始操作号码 【1491012】
2024-06-17 03:37:42 GSD getOne 第 1 次 等待 3 秒
2024-06-17 03:37:45 查询号码 【1491012】，返回信息 {"status":"ok","msg":"上海-上海","gid":"263611","time_insert":"2021-07-13 07:46"}
2024-06-17 03:37:45 查询号码 【1491012】，GSD为【"上海-上海"】

2024-06-17 03:37:46 开始第 1119 次操作

2024-06-17 03:37:46 开始操作号码 【1491013】
2024-06-17 03:37:52 GSD getOne 第 1 次 等待 3 秒
2024-06-17 03:37:55 查询号码 【1491013】，返回信息 {"status":"ok","msg":"上海-上海","gid":"263621","time_insert":"2021-07-13 07:46"}
2024-06-17 03:37:55 查询号码 【1491013】，GSD为【"上海-上海"】

2024-06-17 03:37:56 开始第 1120 次操作

2024-06-17 03:37:56 开始操作号码 【1491014】
2024-06-17 03:38:04 GSD getOne 第 1 次 等待 3 秒
2024-06-17 03:38:07 查询号码 【1491014】，返回信息 {"status":"ok","msg":"上海-上海","gid":"263626","time_insert":"2021-07-13 07:47"}
2024-06-17 03:38:07 查询号码 【1491014】，GSD为【"上海-上海"】

2024-06-17 04:17:17 开始第 1121 次操作

2024-06-17 04:17:17 开始操作号码 【1491015】
2024-06-17 04:17:22 GSD getOne 第 1 次 等待 3 秒
2024-06-17 04:17:25 查询号码 【1491015】，返回信息 {"status":"ok","msg":"上海-上海","gid":"263633","time_insert":"2021-07-13 07:47"}
2024-06-17 04:17:25 查询号码 【1491015】，GSD为【"上海-上海"】

2024-06-17 04:17:26 开始第 1122 次操作

2024-06-17 04:17:26 开始操作号码 【1491016】
2024-06-17 04:17:31 GSD getOne 第 1 次 等待 3 秒
2024-06-17 04:17:34 查询号码 【1491016】，返回信息 {"status":"ok","msg":"上海-上海","gid":"263640","time_insert":"2021-07-13 07:47"}
2024-06-17 04:17:34 查询号码 【1491016】，GSD为【"上海-上海"】

2024-06-17 04:17:35 开始第 1123 次操作

2024-06-17 04:17:35 开始操作号码 【1491017】
2024-06-17 04:17:40 GSD getOne 第 1 次 等待 3 秒
2024-06-17 04:17:43 查询号码 【1491017】，返回信息 {"status":"ok","msg":"上海-上海","gid":"263649","time_insert":"2021-07-13 07:48"}
2024-06-17 04:17:43 查询号码 【1491017】，GSD为【"上海-上海"】

2024-06-17 04:17:44 开始第 1124 次操作

2024-06-17 04:17:44 开始操作号码 【1491018】
2024-06-17 04:17:49 GSD getOne 第 1 次 等待 3 秒
2024-06-17 04:17:52 查询号码 【1491018】，返回信息 {"status":"ok","msg":"上海-上海","gid":"263657","time_insert":"2021-07-13 07:48"}
2024-06-17 04:17:52 查询号码 【1491018】，GSD为【"上海-上海"】

2024-06-17 04:37:45 开始第 1125 次操作

2024-06-17 04:37:45 开始操作号码 【1491019】
2024-06-17 04:37:50 GSD getOne 第 1 次 等待 3 秒
2024-06-17 04:37:53 查询号码 【1491019】，返回信息 {"status":"ok","msg":"上海-上海","gid":"263663","time_insert":"2021-07-13 07:48"}
2024-06-17 04:37:53 查询号码 【1491019】，GSD为【"上海-上海"】

2024-06-17 04:37:54 开始第 1126 次操作

2024-06-17 04:37:54 开始操作号码 【1491020】
2024-06-17 04:38:03 GSD getOne 第 1 次 等待 3 秒
2024-06-17 04:38:06 查询号码 【1491020】，返回信息 {"status":"ok","msg":"上海-上海","gid":"263955","time_insert":"2021-07-13 09:40"}
2024-06-17 04:38:06 查询号码 【1491020】，GSD为【"上海-上海"】

2024-06-17 04:38:07 开始第 1127 次操作

2024-06-17 04:38:07 开始操作号码 【1491021】
2024-06-17 04:38:13 GSD getOne 第 1 次 等待 3 秒
2024-06-17 04:38:16 查询号码 【1491021】，返回信息 {"status":"ok","msg":"上海-上海","gid":"263967","time_insert":"2021-07-13 09:41"}
2024-06-17 04:38:16 查询号码 【1491021】，GSD为【"上海-上海"】

2024-06-17 04:38:17 开始第 1128 次操作

2024-06-17 04:38:17 开始操作号码 【1491022】
2024-06-17 04:38:24 GSD getOne 第 1 次 等待 3 秒
2024-06-17 04:38:27 查询号码 【1491022】，返回信息 {"status":"ok","msg":"上海-上海","gid":"263986","time_insert":"2021-07-13 09:42"}
2024-06-17 04:38:27 查询号码 【1491022】，GSD为【"上海-上海"】

2024-06-17 05:18:05 开始第 1129 次操作

2024-06-17 05:18:05 开始操作号码 【1491023】
2024-06-17 05:18:15 GSD getOne 第 1 次 等待 3 秒
2024-06-17 05:18:18 查询号码 【1491023】，返回信息 {"status":"ok","msg":"上海-上海","gid":"264003","time_insert":"2021-07-13 09:43"}
2024-06-17 05:18:18 查询号码 【1491023】，GSD为【"上海-上海"】

2024-06-17 05:18:19 开始第 1130 次操作

2024-06-17 05:18:19 开始操作号码 【1491024】
2024-06-17 05:18:24 GSD getOne 第 1 次 等待 3 秒
2024-06-17 05:18:27 查询号码 【1491024】，返回信息 {"status":"ok","msg":"上海-上海","gid":"264021","time_insert":"2021-07-13 09:43"}
2024-06-17 05:18:27 查询号码 【1491024】，GSD为【"上海-上海"】

2024-06-17 05:18:28 开始第 1131 次操作

2024-06-17 05:18:28 开始操作号码 【1491025】
2024-06-17 05:18:34 GSD getOne 第 1 次 等待 3 秒
2024-06-17 05:18:37 查询号码 【1491025】，返回信息 {"status":"ok","msg":"上海-上海","gid":"264037","time_insert":"2021-07-13 09:44"}
2024-06-17 05:18:37 查询号码 【1491025】，GSD为【"上海-上海"】

2024-06-17 05:18:38 开始第 1132 次操作

2024-06-17 05:18:38 开始操作号码 【1491026】
2024-06-17 05:18:43 GSD getOne 第 1 次 等待 3 秒
2024-06-17 05:18:46 查询号码 【1491026】，返回信息 {"status":"ok","msg":"上海-上海","gid":"264054","time_insert":"2021-07-13 09:45"}
2024-06-17 05:18:46 查询号码 【1491026】，GSD为【"上海-上海"】

2024-06-17 05:37:21 开始第 1133 次操作

2024-06-17 05:37:21 开始操作号码 【1491027】
2024-06-17 05:37:27 GSD getOne 第 1 次 等待 3 秒
2024-06-17 05:37:30 查询号码 【1491027】，返回信息 {"status":"ok","msg":"上海-上海","gid":"264064","time_insert":"2021-07-13 09:46"}
2024-06-17 05:37:30 查询号码 【1491027】，GSD为【"上海-上海"】

2024-06-17 05:37:31 开始第 1134 次操作

2024-06-17 05:37:31 开始操作号码 【1491028】
2024-06-17 05:37:41 GSD getOne 第 1 次 等待 3 秒
2024-06-17 05:37:44 查询号码 【1491028】，返回信息 {"status":"ok","msg":"上海-上海","gid":"264072","time_insert":"2021-07-13 09:46"}
2024-06-17 05:37:44 查询号码 【1491028】，GSD为【"上海-上海"】

2024-06-17 05:37:45 开始第 1135 次操作

2024-06-17 05:37:45 开始操作号码 【1491029】
2024-06-17 05:37:52 GSD getOne 第 1 次 等待 3 秒
2024-06-17 05:37:55 查询号码 【1491029】，返回信息 {"status":"ok","msg":"上海-上海","gid":"264079","time_insert":"2021-07-13 09:46"}
2024-06-17 05:37:55 查询号码 【1491029】，GSD为【"上海-上海"】

2024-06-17 05:37:56 开始第 1136 次操作

2024-06-17 05:37:56 开始操作号码 【1491030】
2024-06-17 05:38:08 GSD getOne 第 1 次 等待 3 秒
2024-06-17 05:38:11 查询号码 【1491030】，返回信息 {"status":"ok","msg":"上海-上海","gid":"264096","time_insert":"2021-07-13 09:47"}
2024-06-17 05:38:11 查询号码 【1491030】，GSD为【"上海-上海"】

2024-06-17 06:17:35 开始第 1137 次操作

2024-06-17 06:17:35 开始操作号码 【1491031】
2024-06-17 06:17:45 GSD getOne 第 1 次 等待 3 秒
2024-06-17 06:17:48 查询号码 【1491031】，返回信息 {"status":"ok","msg":"上海-上海","gid":"264116","time_insert":"2021-07-13 09:48"}
2024-06-17 06:17:48 查询号码 【1491031】，GSD为【"上海-上海"】

2024-06-17 06:17:49 开始第 1138 次操作

2024-06-17 06:17:49 开始操作号码 【1491032】
2024-06-17 06:17:55 GSD getOne 第 1 次 等待 3 秒
2024-06-17 06:17:58 查询号码 【1491032】，返回信息 {"status":"ok","msg":"上海-上海","gid":"264130","time_insert":"2021-07-13 09:48"}
2024-06-17 06:17:58 查询号码 【1491032】，GSD为【"上海-上海"】

2024-06-17 06:17:59 开始第 1139 次操作

2024-06-17 06:17:59 开始操作号码 【1491033】
2024-06-17 06:18:07 GSD getOne 第 1 次 等待 3 秒
2024-06-17 06:18:10 查询号码 【1491033】，返回信息 {"status":"ok","msg":"上海-上海","gid":"264143","time_insert":"2021-07-13 09:49"}
2024-06-17 06:18:10 查询号码 【1491033】，GSD为【"上海-上海"】

2024-06-17 06:18:11 开始第 1140 次操作

2024-06-17 06:18:11 开始操作号码 【1491034】
2024-06-17 06:18:17 GSD getOne 第 1 次 等待 3 秒
2024-06-17 06:18:20 查询号码 【1491034】，返回信息 {"status":"ok","msg":"上海-上海","gid":"264159","time_insert":"2021-07-13 09:50"}
2024-06-17 06:18:20 查询号码 【1491034】，GSD为【"上海-上海"】

2024-06-17 06:38:28 开始第 1141 次操作

2024-06-17 06:38:28 开始操作号码 【1491035】
2024-06-17 06:38:34 GSD getOne 第 1 次 等待 3 秒
2024-06-17 06:38:37 查询号码 【1491035】，返回信息 {"status":"ok","msg":"上海-上海","gid":"264173","time_insert":"2021-07-13 09:51"}
2024-06-17 06:38:37 查询号码 【1491035】，GSD为【"上海-上海"】

2024-06-17 06:38:38 开始第 1142 次操作

2024-06-17 06:38:38 开始操作号码 【1491036】
2024-06-17 06:38:48 GSD getOne 第 1 次 等待 3 秒
2024-06-17 06:38:51 查询号码 【1491036】，返回信息 {"status":"ok","msg":"上海-上海","gid":"264181","time_insert":"2021-07-13 09:51"}
2024-06-17 06:38:51 查询号码 【1491036】，GSD为【"上海-上海"】

2024-06-17 06:38:52 开始第 1143 次操作

2024-06-17 06:38:52 开始操作号码 【1491037】
2024-06-17 06:39:01 GSD getOne 第 1 次 等待 3 秒
2024-06-17 06:39:04 查询号码 【1491037】，返回信息 {"status":"ok","msg":"上海-上海","gid":"264191","time_insert":"2021-07-13 09:52"}
2024-06-17 06:39:04 查询号码 【1491037】，GSD为【"上海-上海"】

2024-06-17 06:39:05 开始第 1144 次操作

2024-06-17 06:39:05 开始操作号码 【1491038】
2024-06-17 06:39:17 GSD getOne 第 1 次 等待 3 秒
2024-06-17 06:39:20 查询号码 【1491038】，返回信息 {"status":"ok","msg":"上海-上海","gid":"264201","time_insert":"2021-07-13 09:53"}
2024-06-17 06:39:20 查询号码 【1491038】，GSD为【"上海-上海"】

2024-06-17 07:20:28 开始第 1145 次操作

2024-06-17 07:20:28 开始操作号码 【1491039】
2024-06-17 07:20:37 GSD getOne 第 1 次 等待 3 秒
2024-06-17 07:20:40 查询号码 【1491039】，返回信息 {"status":"ok","msg":"上海-上海","gid":"264206","time_insert":"2021-07-13 09:53"}
2024-06-17 07:20:40 查询号码 【1491039】，GSD为【"上海-上海"】

2024-06-17 07:20:41 开始第 1146 次操作

2024-06-17 07:20:41 开始操作号码 【1491040】
2024-06-17 07:20:47 GSD getOne 第 1 次 等待 3 秒
2024-06-17 07:20:50 查询号码 【1491040】，返回信息 {"status":"ok","msg":"上海-上海","gid":"264209","time_insert":"2021-07-13 09:54"}
2024-06-17 07:20:50 查询号码 【1491040】，GSD为【"上海-上海"】

2024-06-17 07:20:51 开始第 1147 次操作

2024-06-17 07:20:51 开始操作号码 【1491041】
2024-06-17 07:20:58 GSD getOne 第 1 次 等待 3 秒
2024-06-17 07:21:01 查询号码 【1491041】，返回信息 {"status":"ok","msg":"上海-上海","gid":"264211","time_insert":"2021-07-13 09:55"}
2024-06-17 07:21:01 查询号码 【1491041】，GSD为【"上海-上海"】

2024-06-17 07:21:02 开始第 1148 次操作

2024-06-17 07:21:02 开始操作号码 【1491042】
2024-06-17 07:21:09 GSD getOne 第 1 次 等待 3 秒
2024-06-17 07:21:12 查询号码 【1491042】，返回信息 {"status":"ok","msg":"上海-上海","gid":"264213","time_insert":"2021-07-13 09:55"}
2024-06-17 07:21:12 查询号码 【1491042】，GSD为【"上海-上海"】

2024-06-17 07:37:30 开始第 1149 次操作

2024-06-17 07:37:30 开始操作号码 【1491043】
2024-06-17 07:37:38 GSD getOne 第 1 次 等待 3 秒
2024-06-17 07:37:41 查询号码 【1491043】，返回信息 {"status":"ok","msg":"上海-上海","gid":"264217","time_insert":"2021-07-13 09:56"}
2024-06-17 07:37:41 查询号码 【1491043】，GSD为【"上海-上海"】

2024-06-17 07:37:42 开始第 1150 次操作

2024-06-17 07:37:42 开始操作号码 【1491044】
2024-06-17 07:37:48 GSD getOne 第 1 次 等待 3 秒
2024-06-17 07:37:51 查询号码 【1491044】，返回信息 {"status":"ok","msg":"上海-上海","gid":"264221","time_insert":"2021-07-13 09:57"}
2024-06-17 07:37:51 查询号码 【1491044】，GSD为【"上海-上海"】

2024-06-17 07:37:52 开始第 1151 次操作

2024-06-17 07:37:52 开始操作号码 【1491045】
2024-06-17 07:37:59 GSD getOne 第 1 次 等待 3 秒
2024-06-17 07:38:02 查询号码 【1491045】，返回信息 {"status":"ok","msg":"上海-上海","gid":"264223","time_insert":"2021-07-13 09:57"}
2024-06-17 07:38:02 查询号码 【1491045】，GSD为【"上海-上海"】

2024-06-17 07:38:03 开始第 1152 次操作

2024-06-17 07:38:03 开始操作号码 【1491046】
2024-06-17 07:38:12 GSD getOne 第 1 次 等待 3 秒
2024-06-17 07:38:15 查询号码 【1491046】，返回信息 {"status":"ok","msg":"上海-上海","gid":"264225","time_insert":"2021-07-13 09:58"}
2024-06-17 07:38:15 查询号码 【1491046】，GSD为【"上海-上海"】

