2023-11-13 00:19:01 开始第 8201 次操作

2023-11-13 00:19:01 开始操作号码 【1928103】
2023-11-13 00:19:09 GSD getOne 第 1 次 等待 3 秒
2023-11-13 00:19:12 查询号码 【1928103】，返回信息 {"status":"ok","msg":"-","gid":"606835","time_insert":"2023-03-22 09:09"}
2023-11-13 00:19:12 查询号码 【1928103】，GSD为【"-"】
2023-11-13 00:19:12 ok && -
2023-11-13 00:19:15 CHB 1928103?1699805952 第 1 次 等待 3 秒
2023-11-13 00:19:18 CHB 1928103?1699805952 第 1 次 获取到号码【1928103】GSD
2023-11-13 00:19:18 未获取到号码【1928103】GSD，可能号码格式错误
2023-11-13 00:19:18 获取到号码【1928103】的GSD为【-】
2023-11-13 00:19:21 GSD insert 第 1 次 等待 3 秒
2023-11-13 00:19:24 {"status":"bad","gid":"606835","msg":"添加失败！号码【1928103(-|-)】已存在！"}
2023-11-13 00:19:24 随机等待 76 秒，约 1 分钟
2023-11-13 00:19:24 下次操作: 2023-11-13 00:20:40

2023-11-13 00:20:40 开始第 8202 次操作

2023-11-13 00:20:40 开始操作号码 【1928104】
2023-11-13 00:20:43 GSD getOne 第 1 次 等待 3 秒
2023-11-13 00:20:46 查询号码 【1928104】，返回信息 {"status":"ok","msg":"-","gid":"606833","time_insert":"2023-03-22 09:06"}
2023-11-13 00:20:46 查询号码 【1928104】，GSD为【"-"】
2023-11-13 00:20:46 ok && -
2023-11-13 00:20:50 CHB 1928104?1699806046 第 1 次 等待 3 秒
2023-11-13 00:20:53 CHB 1928104?1699806046 第 1 次 获取到号码【1928104】GSD
2023-11-13 00:20:53 未获取到号码【1928104】GSD，可能号码格式错误
2023-11-13 00:20:53 获取到号码【1928104】的GSD为【-】
2023-11-13 00:20:59 GSD insert 第 1 次 等待 3 秒
2023-11-13 00:21:02 {"status":"bad","gid":"606833","msg":"添加失败！号码【1928104(-|-)】已存在！"}
2023-11-13 00:21:02 随机等待 213 秒，约 3 分钟
2023-11-13 00:21:02 下次操作: 2023-11-13 00:24:35

2023-11-13 00:24:35 开始第 8203 次操作

2023-11-13 00:24:35 开始操作号码 【1928105】
2023-11-13 00:24:39 GSD getOne 第 1 次 等待 3 秒
2023-11-13 00:24:42 查询号码 【1928105】，返回信息 {"status":"ok","msg":"-","gid":"606829","time_insert":"2023-03-22 09:03"}
2023-11-13 00:24:42 查询号码 【1928105】，GSD为【"-"】
2023-11-13 00:24:42 ok && -
2023-11-13 00:24:44 CHB 1928105?1699806282 第 1 次 等待 3 秒
2023-11-13 00:24:47 CHB 1928105?1699806282 第 1 次 获取到号码【1928105】GSD
2023-11-13 00:24:48 未获取到号码【1928105】GSD，可能号码格式错误
2023-11-13 00:24:48 获取到号码【1928105】的GSD为【-】
2023-11-13 00:24:51 GSD insert 第 1 次 等待 3 秒
2023-11-13 00:24:54 {"status":"bad","gid":"606829","msg":"添加失败！号码【1928105(-|-)】已存在！"}
2023-11-13 00:24:54 随机等待 143 秒，约 2 分钟
2023-11-13 00:24:54 下次操作: 2023-11-13 00:27:17

2023-11-13 00:27:17 开始第 8204 次操作

2023-11-13 00:27:17 开始操作号码 【1928106】
2023-11-13 00:27:20 GSD getOne 第 1 次 等待 3 秒
2023-11-13 00:27:23 查询号码 【1928106】，返回信息 {"status":"ok","msg":"-","gid":"606827","time_insert":"2023-03-22 09:01"}
2023-11-13 00:27:23 查询号码 【1928106】，GSD为【"-"】
2023-11-13 00:27:23 ok && -
2023-11-13 00:27:26 CHB 1928106?1699806443 第 1 次 等待 3 秒
2023-11-13 00:27:29 CHB 1928106?1699806443 第 1 次 获取到号码【1928106】GSD
2023-11-13 00:27:29 未获取到号码【1928106】GSD，可能号码格式错误
2023-11-13 00:27:29 获取到号码【1928106】的GSD为【-】
2023-11-13 00:27:32 GSD insert 第 1 次 等待 3 秒
2023-11-13 00:27:35 {"status":"bad","gid":"606827","msg":"添加失败！号码【1928106(-|-)】已存在！"}

2023-11-13 00:37:36 开始第 8205 次操作

2023-11-13 00:37:36 开始操作号码 【1928107】
2023-11-13 00:37:43 GSD getOne 第 1 次 等待 3 秒
2023-11-13 00:37:46 查询号码 【1928107】，返回信息 {"status":"ok","msg":"-","gid":"606763","time_insert":"2023-03-22 08:01"}
2023-11-13 00:37:46 查询号码 【1928107】，GSD为【"-"】
2023-11-13 00:37:46 ok && -
2023-11-13 00:37:49 CHB 1928107?1699807066 第 1 次 等待 3 秒
2023-11-13 00:37:52 CHB 1928107?1699807066 第 1 次 获取到号码【1928107】GSD
2023-11-13 00:37:52 未获取到号码【1928107】GSD，可能号码格式错误
2023-11-13 00:37:52 获取到号码【1928107】的GSD为【-】
2023-11-13 00:37:59 GSD insert 第 1 次 等待 3 秒
2023-11-13 00:38:02 {"status":"bad","gid":"606763","msg":"添加失败！号码【1928107(-|-)】已存在！"}
2023-11-13 00:38:02 随机等待 186 秒，约 3 分钟
2023-11-13 00:38:02 下次操作: 2023-11-13 00:41:08

2023-11-13 00:41:08 开始第 8206 次操作

2023-11-13 00:41:08 开始操作号码 【1928108】
2023-11-13 00:41:11 GSD getOne 第 1 次 等待 3 秒
2023-11-13 00:41:14 查询号码 【1928108】，返回信息 {"status":"ok","msg":"-","gid":"606759","time_insert":"2023-03-22 07:59"}
2023-11-13 00:41:14 查询号码 【1928108】，GSD为【"-"】
2023-11-13 00:41:14 ok && -
2023-11-13 00:41:16 CHB 1928108?1699807274 第 1 次 等待 3 秒
2023-11-13 00:41:19 CHB 1928108?1699807274 第 1 次 获取到号码【1928108】GSD
2023-11-13 00:41:19 未获取到号码【1928108】GSD，可能号码格式错误
2023-11-13 00:41:19 获取到号码【1928108】的GSD为【-】
2023-11-13 00:41:23 GSD insert 第 1 次 等待 3 秒
2023-11-13 00:41:26 {"status":"bad","gid":"606759","msg":"添加失败！号码【1928108(-|-)】已存在！"}
2023-11-13 00:41:26 随机等待 180 秒，约 3 分钟
2023-11-13 00:41:26 下次操作: 2023-11-13 00:44:26

2023-11-13 00:44:26 开始第 8207 次操作

2023-11-13 00:44:26 开始操作号码 【1928109】
2023-11-13 00:44:29 GSD getOne 第 1 次 等待 3 秒
2023-11-13 00:44:32 查询号码 【1928109】，返回信息 {"status":"ok","msg":"-","gid":"606754","time_insert":"2023-03-22 07:56"}
2023-11-13 00:44:32 查询号码 【1928109】，GSD为【"-"】
2023-11-13 00:44:32 ok && -
2023-11-13 00:44:34 CHB 1928109?1699807472 第 1 次 等待 3 秒
2023-11-13 00:44:37 CHB 1928109?1699807472 第 1 次 获取到号码【1928109】GSD
2023-11-13 00:44:37 未获取到号码【1928109】GSD，可能号码格式错误
2023-11-13 00:44:37 获取到号码【1928109】的GSD为【-】
2023-11-13 00:44:41 GSD insert 第 1 次 等待 3 秒
2023-11-13 00:44:44 {"status":"bad","gid":"606754","msg":"添加失败！号码【1928109(-|-)】已存在！"}
2023-11-13 00:44:44 随机等待 233 秒，约 3 分钟
2023-11-13 00:44:44 下次操作: 2023-11-13 00:48:37

2023-11-13 00:48:37 开始第 8208 次操作

2023-11-13 00:48:37 开始操作号码 【1928110】
2023-11-13 00:48:43 GSD getOne 第 1 次 等待 3 秒
2023-11-13 00:48:46 查询号码 【1928110】，返回信息 {"status":"ok","msg":"-","gid":"606751","time_insert":"2023-03-22 07:54"}
2023-11-13 00:48:46 查询号码 【1928110】，GSD为【"-"】
2023-11-13 00:48:46 ok && -
2023-11-13 00:48:49 CHB 1928110?1699807726 第 1 次 等待 3 秒
2023-11-13 00:48:52 CHB 1928110?1699807726 第 1 次 获取到号码【1928110】GSD
2023-11-13 00:48:53 0: 江苏-泰州
2023-11-13 00:48:53 获取到号码【1928110】的GSD为【江苏-泰州】
2023-11-13 00:48:57 GSD insert 第 1 次 等待 3 秒
2023-11-13 00:49:00 {"status":"ok","gid":"606751","msg":"添加号码已存在，但为‘-’，修改为【江苏-泰州】成功！"}

2023-11-13 01:12:51 开始第 8209 次操作

2023-11-13 01:12:51 开始操作号码 【1928111】
2023-11-13 01:12:55 GSD getOne 第 1 次 等待 3 秒
2023-11-13 01:12:58 查询号码 【1928111】，返回信息 {"status":"ok","msg":"-","gid":"606749","time_insert":"2023-03-22 07:52"}
2023-11-13 01:12:58 查询号码 【1928111】，GSD为【"-"】
2023-11-13 01:12:58 ok && -
2023-11-13 01:13:00 CHB 1928111?1699809178 第 1 次 等待 3 秒
2023-11-13 01:13:03 CHB 1928111?1699809178 第 1 次 获取到号码【1928111】GSD
2023-11-13 01:13:03 0: 江苏-泰州
2023-11-13 01:13:03 获取到号码【1928111】的GSD为【江苏-泰州】
2023-11-13 01:13:08 GSD insert 第 1 次 等待 3 秒
2023-11-13 01:13:11 {"status":"ok","gid":"606749","msg":"添加号码已存在，但为‘-’，修改为【江苏-泰州】成功！"}
2023-11-13 01:13:11 随机等待 224 秒，约 3 分钟
2023-11-13 01:13:11 下次操作: 2023-11-13 01:16:55

2023-11-13 01:16:55 开始第 8210 次操作

2023-11-13 01:16:55 开始操作号码 【1928112】
2023-11-13 01:16:58 GSD getOne 第 1 次 等待 3 秒
2023-11-13 01:17:01 查询号码 【1928112】，返回信息 {"status":"ok","msg":"-","gid":"606745","time_insert":"2023-03-22 07:50"}
2023-11-13 01:17:01 查询号码 【1928112】，GSD为【"-"】
2023-11-13 01:17:01 ok && -
2023-11-13 01:17:04 CHB 1928112?1699809421 第 1 次 等待 3 秒
2023-11-13 01:17:07 CHB 1928112?1699809421 第 1 次 获取到号码【1928112】GSD
2023-11-13 01:17:07 0: 江苏-泰州
2023-11-13 01:17:07 获取到号码【1928112】的GSD为【江苏-泰州】
2023-11-13 01:17:15 GSD insert 第 1 次 等待 3 秒
2023-11-13 01:17:18 {"status":"ok","gid":"606745","msg":"添加号码已存在，但为‘-’，修改为【江苏-泰州】成功！"}
2023-11-13 01:17:18 随机等待 186 秒，约 3 分钟
2023-11-13 01:17:18 下次操作: 2023-11-13 01:20:24

2023-11-13 01:20:24 开始第 8211 次操作

2023-11-13 01:20:24 开始操作号码 【1928113】
2023-11-13 01:20:27 GSD getOne 第 1 次 等待 3 秒
2023-11-13 01:20:30 查询号码 【1928113】，返回信息 {"status":"ok","msg":"-","gid":"606737","time_insert":"2023-03-22 07:47"}
2023-11-13 01:20:30 查询号码 【1928113】，GSD为【"-"】
2023-11-13 01:20:30 ok && -
2023-11-13 01:20:33 CHB 1928113?1699809630 第 1 次 等待 3 秒
2023-11-13 01:20:36 CHB 1928113?1699809630 第 1 次 获取到号码【1928113】GSD
2023-11-13 01:20:36 0: 江苏-泰州
2023-11-13 01:20:36 获取到号码【1928113】的GSD为【江苏-泰州】
2023-11-13 01:20:41 GSD insert 第 1 次 等待 3 秒
2023-11-13 01:20:44 {"status":"ok","gid":"606737","msg":"添加号码已存在，但为‘-’，修改为【江苏-泰州】成功！"}
2023-11-13 01:20:44 随机等待 109 秒，约 1 分钟
2023-11-13 01:20:44 下次操作: 2023-11-13 01:22:33

2023-11-13 01:22:33 开始第 8212 次操作

2023-11-13 01:22:33 开始操作号码 【1928114】
2023-11-13 01:22:37 GSD getOne 第 1 次 等待 3 秒
2023-11-13 01:22:40 查询号码 【1928114】，返回信息 {"status":"ok","msg":"-","gid":"606734","time_insert":"2023-03-22 07:45"}
2023-11-13 01:22:40 查询号码 【1928114】，GSD为【"-"】
2023-11-13 01:22:40 ok && -
2023-11-13 01:22:42 CHB 1928114?1699809760 第 1 次 等待 3 秒
2023-11-13 01:22:45 CHB 1928114?1699809760 第 1 次 获取到号码【1928114】GSD
2023-11-13 01:22:45 0: 江苏-泰州
2023-11-13 01:22:45 获取到号码【1928114】的GSD为【江苏-泰州】
2023-11-13 01:22:50 GSD insert 第 1 次 等待 3 秒
2023-11-13 01:22:53 {"status":"ok","gid":"606734","msg":"添加号码已存在，但为‘-’，修改为【江苏-泰州】成功！"}

2023-11-13 01:37:24 开始第 8213 次操作

2023-11-13 01:37:24 开始操作号码 【1928115】
2023-11-13 01:37:28 GSD getOne 第 1 次 等待 3 秒
2023-11-13 01:37:31 查询号码 【1928115】，返回信息 {"status":"ok","msg":"-","gid":"606726","time_insert":"2023-03-22 07:41"}
2023-11-13 01:37:31 查询号码 【1928115】，GSD为【"-"】
2023-11-13 01:37:31 ok && -
2023-11-13 01:37:33 CHB 1928115?1699810651 第 1 次 等待 3 秒
2023-11-13 01:37:36 CHB 1928115?1699810651 第 1 次 获取到号码【1928115】GSD
2023-11-13 01:37:36 0: 江苏-泰州
2023-11-13 01:37:36 获取到号码【1928115】的GSD为【江苏-泰州】
2023-11-13 01:37:41 GSD insert 第 1 次 等待 3 秒
2023-11-13 01:37:44 {"status":"ok","gid":"606726","msg":"添加号码已存在，但为‘-’，修改为【江苏-泰州】成功！"}
2023-11-13 01:37:44 随机等待 125 秒，约 2 分钟
2023-11-13 01:37:44 下次操作: 2023-11-13 01:39:49

2023-11-13 01:39:49 开始第 8214 次操作

2023-11-13 01:39:49 开始操作号码 【1928116】
2023-11-13 01:39:52 GSD getOne 第 1 次 等待 3 秒
2023-11-13 01:39:55 查询号码 【1928116】，返回信息 {"status":"ok","msg":"-","gid":"606724","time_insert":"2023-03-22 07:39"}
2023-11-13 01:39:55 查询号码 【1928116】，GSD为【"-"】
2023-11-13 01:39:55 ok && -
2023-11-13 01:39:59 CHB 1928116?1699810795 第 1 次 等待 3 秒
2023-11-13 01:40:02 CHB 1928116?1699810795 第 1 次 获取到号码【1928116】GSD
2023-11-13 01:40:02 0: 江苏-泰州
2023-11-13 01:40:02 获取到号码【1928116】的GSD为【江苏-泰州】
2023-11-13 01:40:07 GSD insert 第 1 次 等待 3 秒
2023-11-13 01:40:10 {"status":"ok","gid":"606724","msg":"添加号码已存在，但为‘-’，修改为【江苏-泰州】成功！"}
2023-11-13 01:40:10 随机等待 96 秒，约 1 分钟
2023-11-13 01:40:10 下次操作: 2023-11-13 01:41:46

2023-11-13 01:41:46 开始第 8215 次操作

2023-11-13 01:41:46 开始操作号码 【1928117】
2023-11-13 01:41:49 GSD getOne 第 1 次 等待 3 秒
2023-11-13 01:41:52 查询号码 【1928117】，返回信息 {"status":"ok","msg":"-","gid":"606721","time_insert":"2023-03-22 07:37"}
2023-11-13 01:41:52 查询号码 【1928117】，GSD为【"-"】
2023-11-13 01:41:52 ok && -
2023-11-13 01:41:54 CHB 1928117?1699810912 第 1 次 等待 3 秒
2023-11-13 01:41:57 CHB 1928117?1699810912 第 1 次 获取到号码【1928117】GSD
2023-11-13 01:41:57 0: 江苏-泰州
2023-11-13 01:41:57 获取到号码【1928117】的GSD为【江苏-泰州】
2023-11-13 01:42:02 GSD insert 第 1 次 等待 3 秒
2023-11-13 01:42:05 {"status":"ok","gid":"606721","msg":"添加号码已存在，但为‘-’，修改为【江苏-泰州】成功！"}
2023-11-13 01:42:05 随机等待 166 秒，约 2 分钟
2023-11-13 01:42:05 下次操作: 2023-11-13 01:44:51

2023-11-13 01:44:51 开始第 8216 次操作

2023-11-13 01:44:51 开始操作号码 【1928118】
2023-11-13 01:44:54 GSD getOne 第 1 次 等待 3 秒
2023-11-13 01:44:57 查询号码 【1928118】，返回信息 {"status":"ok","msg":"-","gid":"606716","time_insert":"2023-03-22 07:35"}
2023-11-13 01:44:57 查询号码 【1928118】，GSD为【"-"】
2023-11-13 01:44:57 ok && -
2023-11-13 01:44:59 CHB 1928118?1699811097 第 1 次 等待 3 秒
2023-11-13 01:45:02 CHB 1928118?1699811097 第 1 次 获取到号码【1928118】GSD
2023-11-13 01:45:03 0: 江苏-泰州
2023-11-13 01:45:03 获取到号码【1928118】的GSD为【江苏-泰州】
2023-11-13 01:45:07 GSD insert 第 1 次 等待 3 秒
2023-11-13 01:45:10 {"status":"ok","gid":"606716","msg":"添加号码已存在，但为‘-’，修改为【江苏-泰州】成功！"}

2023-11-13 02:18:55 开始第 8217 次操作

2023-11-13 02:18:55 开始操作号码 【1928119】
2023-11-13 02:19:00 GSD getOne 第 1 次 等待 3 秒
2023-11-13 02:19:03 查询号码 【1928119】，返回信息 {"status":"ok","msg":"-","gid":"606712","time_insert":"2023-03-22 07:33"}
2023-11-13 02:19:03 查询号码 【1928119】，GSD为【"-"】
2023-11-13 02:19:03 ok && -
2023-11-13 02:19:06 CHB 1928119?1699813143 第 1 次 等待 3 秒
2023-11-13 02:19:09 CHB 1928119?1699813143 第 1 次 获取到号码【1928119】GSD
2023-11-13 02:19:09 0: 江苏-泰州
2023-11-13 02:19:09 获取到号码【1928119】的GSD为【江苏-泰州】
2023-11-13 02:19:14 GSD insert 第 1 次 等待 3 秒
2023-11-13 02:19:17 {"status":"ok","gid":"606712","msg":"添加号码已存在，但为‘-’，修改为【江苏-泰州】成功！"}
2023-11-13 02:19:17 随机等待 194 秒，约 3 分钟
2023-11-13 02:19:17 下次操作: 2023-11-13 02:22:31

2023-11-13 02:22:31 开始第 8218 次操作

2023-11-13 02:22:31 开始操作号码 【1928120】
2023-11-13 02:22:34 GSD getOne 第 1 次 等待 3 秒
2023-11-13 02:22:37 查询号码 【1928120】，返回信息 {"status":"ok","msg":"-","gid":"606711","time_insert":"2023-03-22 07:31"}
2023-11-13 02:22:37 查询号码 【1928120】，GSD为【"-"】
2023-11-13 02:22:37 ok && -
2023-11-13 02:22:39 CHB 1928120?1699813357 第 1 次 等待 3 秒
2023-11-13 02:22:42 CHB 1928120?1699813357 第 1 次 获取到号码【1928120】GSD
2023-11-13 02:22:42 未获取到号码【1928120】GSD，可能号码格式错误
2023-11-13 02:22:42 获取到号码【1928120】的GSD为【-】
2023-11-13 02:22:46 GSD insert 第 1 次 等待 3 秒
2023-11-13 02:22:49 {"status":"bad","gid":"606711","msg":"添加失败！号码【1928120(-|-)】已存在！"}
2023-11-13 02:22:49 随机等待 136 秒，约 2 分钟
2023-11-13 02:22:49 下次操作: 2023-11-13 02:25:05

2023-11-13 02:25:05 开始第 8219 次操作

2023-11-13 02:25:05 开始操作号码 【1928121】
2023-11-13 02:25:08 GSD getOne 第 1 次 等待 3 秒
2023-11-13 02:25:11 查询号码 【1928121】，返回信息 {"status":"ok","msg":"-","gid":"606706","time_insert":"2023-03-22 07:28"}
2023-11-13 02:25:11 查询号码 【1928121】，GSD为【"-"】
2023-11-13 02:25:11 ok && -
2023-11-13 02:25:13 CHB 1928121?1699813511 第 1 次 等待 3 秒
2023-11-13 02:25:16 CHB 1928121?1699813511 第 1 次 获取到号码【1928121】GSD
2023-11-13 02:25:16 未获取到号码【1928121】GSD，可能号码格式错误
2023-11-13 02:25:16 获取到号码【1928121】的GSD为【-】
2023-11-13 02:25:19 GSD insert 第 1 次 等待 3 秒
2023-11-13 02:25:22 {"status":"bad","gid":"606706","msg":"添加失败！号码【1928121(-|-)】已存在！"}
2023-11-13 02:25:22 随机等待 126 秒，约 2 分钟
2023-11-13 02:25:22 下次操作: 2023-11-13 02:27:28

2023-11-13 02:27:28 开始第 8220 次操作

2023-11-13 02:27:28 开始操作号码 【1928122】
2023-11-13 02:27:32 GSD getOne 第 1 次 等待 3 秒
2023-11-13 02:27:35 查询号码 【1928122】，返回信息 {"status":"ok","msg":"-","gid":"606702","time_insert":"2023-03-22 07:25"}
2023-11-13 02:27:35 查询号码 【1928122】，GSD为【"-"】
2023-11-13 02:27:35 ok && -
2023-11-13 02:27:37 CHB 1928122?1699813655 第 1 次 等待 3 秒
2023-11-13 02:27:40 CHB 1928122?1699813655 第 1 次 获取到号码【1928122】GSD
2023-11-13 02:27:40 未获取到号码【1928122】GSD，可能号码格式错误
2023-11-13 02:27:40 获取到号码【1928122】的GSD为【-】
2023-11-13 02:27:43 GSD insert 第 1 次 等待 3 秒
2023-11-13 02:27:46 {"status":"bad","gid":"606702","msg":"添加失败！号码【1928122(-|-)】已存在！"}

2023-11-13 02:37:25 开始第 8221 次操作

2023-11-13 02:37:25 开始操作号码 【1928123】
2023-11-13 02:37:28 GSD getOne 第 1 次 等待 3 秒
2023-11-13 02:37:31 查询号码 【1928123】，返回信息 {"status":"ok","msg":"-","gid":"606692","time_insert":"2023-03-22 07:18"}
2023-11-13 02:37:31 查询号码 【1928123】，GSD为【"-"】
2023-11-13 02:37:31 ok && -
2023-11-13 02:37:33 CHB 1928123?1699814251 第 1 次 等待 3 秒
2023-11-13 02:37:36 CHB 1928123?1699814251 第 1 次 获取到号码【1928123】GSD
2023-11-13 02:37:36 未获取到号码【1928123】GSD，可能号码格式错误
2023-11-13 02:37:36 获取到号码【1928123】的GSD为【-】
2023-11-13 02:37:40 GSD insert 第 1 次 等待 3 秒
2023-11-13 02:37:43 {"status":"bad","gid":"606692","msg":"添加失败！号码【1928123(-|-)】已存在！"}
2023-11-13 02:37:43 随机等待 148 秒，约 2 分钟
2023-11-13 02:37:43 下次操作: 2023-11-13 02:40:11

2023-11-13 02:40:11 开始第 8222 次操作

2023-11-13 02:40:11 开始操作号码 【1928124】
2023-11-13 02:40:15 GSD getOne 第 1 次 等待 3 秒
2023-11-13 02:40:18 查询号码 【1928124】，返回信息 {"status":"ok","msg":"-","gid":"606689","time_insert":"2023-03-22 07:16"}
2023-11-13 02:40:18 查询号码 【1928124】，GSD为【"-"】
2023-11-13 02:40:18 ok && -
2023-11-13 02:40:21 CHB 1928124?1699814418 第 1 次 等待 3 秒
2023-11-13 02:40:24 CHB 1928124?1699814418 第 1 次 获取到号码【1928124】GSD
2023-11-13 02:40:24 未获取到号码【1928124】GSD，可能号码格式错误
2023-11-13 02:40:24 获取到号码【1928124】的GSD为【-】
2023-11-13 02:40:27 GSD insert 第 1 次 等待 3 秒
2023-11-13 02:40:30 {"status":"bad","gid":"606689","msg":"添加失败！号码【1928124(-|-)】已存在！"}
2023-11-13 02:40:30 随机等待 102 秒，约 1 分钟
2023-11-13 02:40:30 下次操作: 2023-11-13 02:42:12

2023-11-13 02:42:12 开始第 8223 次操作

2023-11-13 02:42:12 开始操作号码 【1928125】
2023-11-13 02:42:15 GSD getOne 第 1 次 等待 3 秒
2023-11-13 02:42:18 查询号码 【1928125】，返回信息 {"status":"ok","msg":"-","gid":"606686","time_insert":"2023-03-22 07:13"}
2023-11-13 02:42:18 查询号码 【1928125】，GSD为【"-"】
2023-11-13 02:42:18 ok && -
2023-11-13 02:42:21 CHB 1928125?1699814538 第 1 次 等待 3 秒
2023-11-13 02:42:24 CHB 1928125?1699814538 第 1 次 获取到号码【1928125】GSD
2023-11-13 02:42:24 未获取到号码【1928125】GSD，可能号码格式错误
2023-11-13 02:42:24 获取到号码【1928125】的GSD为【-】
2023-11-13 02:42:27 GSD insert 第 1 次 等待 3 秒
2023-11-13 02:42:30 {"status":"bad","gid":"606686","msg":"添加失败！号码【1928125(-|-)】已存在！"}
2023-11-13 02:42:30 随机等待 108 秒，约 1 分钟
2023-11-13 02:42:30 下次操作: 2023-11-13 02:44:18

2023-11-13 02:44:18 开始第 8224 次操作

2023-11-13 02:44:18 开始操作号码 【1928126】
2023-11-13 02:44:21 GSD getOne 第 1 次 等待 3 秒
2023-11-13 02:44:24 查询号码 【1928126】，返回信息 {"status":"ok","msg":"-","gid":"606681","time_insert":"2023-03-22 07:11"}
2023-11-13 02:44:24 查询号码 【1928126】，GSD为【"-"】
2023-11-13 02:44:24 ok && -
2023-11-13 02:44:27 CHB 1928126?1699814664 第 1 次 等待 3 秒
2023-11-13 02:44:30 CHB 1928126?1699814664 第 1 次 获取到号码【1928126】GSD
2023-11-13 02:44:30 未获取到号码【1928126】GSD，可能号码格式错误
2023-11-13 02:44:30 获取到号码【1928126】的GSD为【-】
2023-11-13 02:44:33 GSD insert 第 1 次 等待 3 秒
2023-11-13 02:44:36 {"status":"bad","gid":"606681","msg":"添加失败！号码【1928126(-|-)】已存在！"}

