2024-11-11 00:10:22 开始第 4309 次操作

2024-11-11 00:10:22 开始操作号码 【1304308】
2024-11-11 00:10:23 GSD getOne 第 1 次 等待 3 秒
2024-11-11 00:10:26 查询号码 【1304308】，返回信息 {"status":"ok","msg":"福建-漳州","gid":"86786","time_insert":"2021-06-08 20:42"}
2024-11-11 00:10:26 查询号码 【1304308】，GSD为【"福建-漳州"】

2024-11-11 00:10:27 开始第 4310 次操作

2024-11-11 00:10:27 开始操作号码 【1304309】
2024-11-11 00:10:28 GSD getOne 第 1 次 等待 3 秒
2024-11-11 00:10:31 查询号码 【1304309】，返回信息 {"status":"ok","msg":"福建-漳州","gid":"86813","time_insert":"2021-06-08 21:06"}
2024-11-11 00:10:31 查询号码 【1304309】，GSD为【"福建-漳州"】

2024-11-11 00:10:32 开始第 4311 次操作

2024-11-11 00:10:32 开始操作号码 【1304310】
2024-11-11 00:10:33 GSD getOne 第 1 次 等待 3 秒
2024-11-11 00:10:36 查询号码 【1304310】，返回信息 {"status":"ok","msg":"河北-邯郸","gid":"86844","time_insert":"2021-06-08 21:32"}
2024-11-11 00:10:36 查询号码 【1304310】，GSD为【"河北-邯郸"】

2024-11-11 00:10:37 开始第 4312 次操作

2024-11-11 00:10:37 开始操作号码 【1304311】
2024-11-11 00:10:38 GSD getOne 第 1 次 等待 3 秒
2024-11-11 00:10:42 查询号码 【1304311】，返回信息 {"status":"ok","msg":"河北-石家庄","gid":"86866","time_insert":"2021-06-08 21:53"}
2024-11-11 00:10:42 查询号码 【1304311】，GSD为【"河北-石家庄"】

2024-11-11 00:38:20 开始第 4313 次操作

2024-11-11 00:38:20 开始操作号码 【1304312】
2024-11-11 00:38:22 GSD getOne 第 1 次 等待 3 秒
2024-11-11 00:38:25 查询号码 【1304312】，返回信息 {"status":"ok","msg":"河北-保定","gid":"86891","time_insert":"2021-06-08 22:15"}
2024-11-11 00:38:25 查询号码 【1304312】，GSD为【"河北-保定"】

2024-11-11 00:38:26 开始第 4314 次操作

2024-11-11 00:38:26 开始操作号码 【1304313】
2024-11-11 00:38:27 GSD getOne 第 1 次 等待 3 秒
2024-11-11 00:38:30 查询号码 【1304313】，返回信息 {"status":"ok","msg":"河北-秦皇岛","gid":"86916","time_insert":"2021-06-08 22:36"}
2024-11-11 00:38:30 查询号码 【1304313】，GSD为【"河北-秦皇岛"】

2024-11-11 00:38:31 开始第 4315 次操作

2024-11-11 00:38:31 开始操作号码 【1304314】
2024-11-11 00:38:32 GSD getOne 第 1 次 等待 3 秒
2024-11-11 00:38:35 查询号码 【1304314】，返回信息 {"status":"ok","msg":"河北-唐山","gid":"86947","time_insert":"2021-06-08 23:02"}
2024-11-11 00:38:35 查询号码 【1304314】，GSD为【"河北-唐山"】

2024-11-11 00:38:36 开始第 4316 次操作

2024-11-11 00:38:36 开始操作号码 【1304315】
2024-11-11 00:38:37 GSD getOne 第 1 次 等待 3 秒
2024-11-11 00:38:40 查询号码 【1304315】，返回信息 {"status":"ok","msg":"河北-唐山","gid":"86979","time_insert":"2021-06-08 23:28"}
2024-11-11 00:38:40 查询号码 【1304315】，GSD为【"河北-唐山"】

