2024-06-25 00:21:53 开始第 2493 次操作

2024-06-25 00:21:53 开始操作号码 【1492387】
2024-06-25 00:22:07 GSD getOne 第 1 次 等待 3 秒
2024-06-25 00:22:10 查询号码 【1492387】，返回信息 {"status":"ok","msg":"江苏-南京","gid":"280873","time_insert":"2021-07-15 06:44"}
2024-06-25 00:22:10 查询号码 【1492387】，GSD为【"江苏-南京"】

2024-06-25 00:22:11 开始第 2494 次操作

2024-06-25 00:22:11 开始操作号码 【1492388】
2024-06-25 00:22:27 GSD getOne 第 1 次 等待 3 秒
2024-06-25 00:22:30 查询号码 【1492388】，返回信息 {"status":"ok","msg":"江苏-南京","gid":"280884","time_insert":"2021-07-15 06:44"}
2024-06-25 00:22:30 查询号码 【1492388】，GSD为【"江苏-南京"】

2024-06-25 00:22:31 开始第 2495 次操作

2024-06-25 00:22:31 开始操作号码 【1492389】
2024-06-25 00:22:50 GSD getOne 第 1 次 等待 3 秒
2024-06-25 00:22:53 查询号码 【1492389】，返回信息 {"status":"ok","msg":"江苏-南京","gid":"280892","time_insert":"2021-07-15 06:44"}
2024-06-25 00:22:53 查询号码 【1492389】，GSD为【"江苏-南京"】

2024-06-25 00:22:54 开始第 2496 次操作

2024-06-25 00:22:54 开始操作号码 【1492390】
2024-06-25 00:23:09 GSD getOne 第 1 次 等待 3 秒
2024-06-25 00:23:12 查询号码 【1492390】，返回信息 {"status":"ok","msg":"江苏-南京","gid":"280899","time_insert":"2021-07-15 06:45"}
2024-06-25 00:23:12 查询号码 【1492390】，GSD为【"江苏-南京"】

2024-06-25 00:40:30 开始第 2497 次操作

2024-06-25 00:40:30 开始操作号码 【1492391】
2024-06-25 00:40:52 GSD getOne 第 1 次 等待 3 秒
2024-06-25 00:40:55 查询号码 【1492391】，返回信息 {"status":"ok","msg":"江苏-南京","gid":"280907","time_insert":"2021-07-15 06:45"}
2024-06-25 00:40:55 查询号码 【1492391】，GSD为【"江苏-南京"】

2024-06-25 00:40:56 开始第 2498 次操作

2024-06-25 00:40:56 开始操作号码 【1492392】
2024-06-25 00:41:18 GSD getOne 第 1 次 等待 3 秒
2024-06-25 00:41:21 查询号码 【1492392】，返回信息 {"status":"ok","msg":"江苏-南京","gid":"280914","time_insert":"2021-07-15 06:46"}
2024-06-25 00:41:21 查询号码 【1492392】，GSD为【"江苏-南京"】

2024-06-25 00:41:22 开始第 2499 次操作

2024-06-25 00:41:22 开始操作号码 【1492393】
2024-06-25 00:41:55 GSD getOne 第 1 次 等待 3 秒
2024-06-25 00:41:58 查询号码 【1492393】，返回信息 {"status":"ok","msg":"江苏-南京","gid":"280923","time_insert":"2021-07-15 06:46"}
2024-06-25 00:41:58 查询号码 【1492393】，GSD为【"江苏-南京"】

2024-06-25 00:41:59 开始第 2500 次操作

2024-06-25 00:41:59 开始操作号码 【1492394】
2024-06-25 00:42:25 GSD getOne 第 1 次 等待 3 秒
2024-06-25 00:42:29 查询号码 【1492394】，返回信息 {"status":"ok","msg":"江苏-南京","gid":"280930","time_insert":"2021-07-15 06:46"}
2024-06-25 00:42:29 查询号码 【1492394】，GSD为【"江苏-南京"】

