2024-09-08 00:15:32 开始第 3517 次操作

2024-09-08 00:15:32 开始操作号码 【1383516】
2024-09-08 00:15:40 GSD getOne 第 1 次 等待 3 秒
2024-09-08 00:15:43 查询号码 【1383516】，返回信息 {"status":"ok","msg":"山西-太原","gid":"93389","time_insert":"2021-06-12 17:56"}
2024-09-08 00:15:43 查询号码 【1383516】，GSD为【"山西-太原"】

2024-09-08 00:15:44 开始第 3518 次操作

2024-09-08 00:15:44 开始操作号码 【1383517】
2024-09-08 00:15:56 GSD getOne 第 1 次 等待 3 秒
2024-09-08 00:15:59 查询号码 【1383517】，返回信息 {"status":"ok","msg":"山西-太原","gid":"93620","time_insert":"2021-06-12 21:18"}
2024-09-08 00:15:59 查询号码 【1383517】，GSD为【"山西-太原"】

2024-09-08 00:16:00 开始第 3519 次操作

2024-09-08 00:16:00 开始操作号码 【1383518】
2024-09-08 00:16:08 GSD getOne 第 1 次 等待 3 秒
2024-09-08 00:16:11 查询号码 【1383518】，返回信息 {"status":"ok","msg":"山西-太原","gid":"93652","time_insert":"2021-06-12 21:45"}
2024-09-08 00:16:11 查询号码 【1383518】，GSD为【"山西-太原"】

2024-09-08 00:16:12 开始第 3520 次操作

2024-09-08 00:16:12 开始操作号码 【1383519】
2024-09-08 00:16:20 GSD getOne 第 1 次 等待 3 秒
2024-09-08 00:16:23 查询号码 【1383519】，返回信息 {"status":"ok","msg":"山西-太原","gid":"93683","time_insert":"2021-06-12 22:13"}
2024-09-08 00:16:23 查询号码 【1383519】，GSD为【"山西-太原"】

