2024-05-15 00:23:02 开始第 8849 次操作

2024-05-15 00:23:02 开始操作号码 【1608742】
2024-05-15 00:23:08 GSD getOne 第 1 次 等待 3 秒
2024-05-15 00:23:11 查询号码 【1608742】，返回信息 {"status":"ok","msg":"-","gid":"676810","time_insert":"2023-04-25 17:07"}
2024-05-15 00:23:11 查询号码 【1608742】，GSD为【"-"】
2024-05-15 00:23:11 ok && -
2024-05-15 00:23:14 CHB 1608742?1715703791 第 1 次 等待 3 秒
2024-05-15 00:23:17 CHB 1608742?1715703791 第 1 次 获取到号码【1608742】GSD
2024-05-15 00:23:17 未获取到号码【1608742】GSD，可能号码格式错误
2024-05-15 00:23:17 获取到号码【1608742】的GSD为【-】
2024-05-15 00:23:23 GSD insert 第 1 次 等待 3 秒
2024-05-15 00:23:26 {"status":"bad","gid":"676810","msg":"添加失败！号码【1608742(-|-)】已存在！"}
2024-05-15 00:23:26 随机等待 180 秒，约 3 分钟
2024-05-15 00:23:26 下次操作: 2024-05-15 00:26:26

2024-05-15 00:26:26 开始第 8850 次操作

2024-05-15 00:26:26 开始操作号码 【1608743】
2024-05-15 00:26:35 GSD getOne 第 1 次 等待 3 秒
2024-05-15 00:26:38 查询号码 【1608743】，返回信息 {"status":"ok","msg":"-","gid":"676832","time_insert":"2023-04-25 17:24"}
2024-05-15 00:26:38 查询号码 【1608743】，GSD为【"-"】
2024-05-15 00:26:38 ok && -
2024-05-15 00:26:40 CHB 1608743?1715703998 第 1 次 等待 3 秒
2024-05-15 00:26:43 CHB 1608743?1715703998 第 1 次 获取到号码【1608743】GSD
2024-05-15 00:26:43 未获取到号码【1608743】GSD，可能号码格式错误
2024-05-15 00:26:43 获取到号码【1608743】的GSD为【-】
2024-05-15 00:26:49 GSD insert 第 1 次 等待 3 秒
2024-05-15 00:26:52 {"status":"bad","gid":"676832","msg":"添加失败！号码【1608743(-|-)】已存在！"}
2024-05-15 00:26:52 随机等待 217 秒，约 3 分钟
2024-05-15 00:26:52 下次操作: 2024-05-15 00:30:29

2024-05-15 00:30:29 开始第 8851 次操作

2024-05-15 00:30:29 开始操作号码 【1608744】
2024-05-15 00:30:35 GSD getOne 第 1 次 等待 3 秒
2024-05-15 00:30:38 查询号码 【1608744】，返回信息 {"status":"ok","msg":"-","gid":"676862","time_insert":"2023-04-25 17:40"}
2024-05-15 00:30:38 查询号码 【1608744】，GSD为【"-"】
2024-05-15 00:30:38 ok && -
2024-05-15 00:30:42 CHB 1608744?1715704238 第 1 次 等待 3 秒
2024-05-15 00:30:45 CHB 1608744?1715704238 第 1 次 获取到号码【1608744】GSD
2024-05-15 00:30:45 未获取到号码【1608744】GSD，可能号码格式错误
2024-05-15 00:30:45 获取到号码【1608744】的GSD为【-】
2024-05-15 00:30:52 GSD insert 第 1 次 等待 3 秒
2024-05-15 00:30:55 {"status":"bad","gid":"676862","msg":"添加失败！号码【1608744(-|-)】已存在！"}
2024-05-15 00:30:55 随机等待 73 秒，约 1 分钟
2024-05-15 00:30:55 下次操作: 2024-05-15 00:32:08

2024-05-15 00:32:08 开始第 8852 次操作

2024-05-15 00:32:08 开始操作号码 【1608745】
2024-05-15 00:32:13 GSD getOne 第 1 次 等待 3 秒
2024-05-15 00:32:16 查询号码 【1608745】，返回信息 {"status":"ok","msg":"-","gid":"676887","time_insert":"2023-04-25 17:58"}
2024-05-15 00:32:16 查询号码 【1608745】，GSD为【"-"】
2024-05-15 00:32:16 ok && -
2024-05-15 00:32:18 CHB 1608745?1715704336 第 1 次 等待 3 秒
2024-05-15 00:32:21 CHB 1608745?1715704336 第 1 次 获取到号码【1608745】GSD
2024-05-15 00:32:21 未获取到号码【1608745】GSD，可能号码格式错误
2024-05-15 00:32:21 获取到号码【1608745】的GSD为【-】
2024-05-15 00:32:27 GSD insert 第 1 次 等待 3 秒
2024-05-15 00:32:30 {"status":"bad","gid":"676887","msg":"添加失败！号码【1608745(-|-)】已存在！"}

