2024-10-31 00:12:48 开始第 2361 次操作

2024-10-31 00:12:48 开始操作号码 【1302360】
2024-10-31 00:12:50 GSD getOne 第 1 次 等待 3 秒
2024-10-31 00:12:53 查询号码 【1302360】，返回信息 {"status":"ok","msg":"浙江-杭州","gid":"52653","time_insert":"2021-04-27 10:18"}
2024-10-31 00:12:53 查询号码 【1302360】，GSD为【"浙江-杭州"】

2024-10-31 00:12:55 开始第 2362 次操作

2024-10-31 00:12:55 开始操作号码 【1302361】
2024-10-31 00:12:55 GSD getOne 第 1 次 等待 3 秒
2024-10-31 00:12:58 查询号码 【1302361】，返回信息 {"status":"ok","msg":"浙江-杭州","gid":"52663","time_insert":"2021-04-27 12:07"}
2024-10-31 00:12:58 查询号码 【1302361】，GSD为【"浙江-杭州"】

2024-10-31 00:12:59 开始第 2363 次操作

2024-10-31 00:13:00 开始操作号码 【1302362】
2024-10-31 00:13:00 GSD getOne 第 1 次 等待 3 秒
2024-10-31 00:13:03 查询号码 【1302362】，返回信息 {"status":"ok","msg":"浙江-杭州","gid":"52668","time_insert":"2021-04-27 12:49"}
2024-10-31 00:13:03 查询号码 【1302362】，GSD为【"浙江-杭州"】

2024-10-31 00:13:04 开始第 2364 次操作

2024-10-31 00:13:04 开始操作号码 【1302363】
2024-10-31 00:13:05 GSD getOne 第 1 次 等待 3 秒
2024-10-31 00:13:08 查询号码 【1302363】，返回信息 {"status":"ok","msg":"浙江-杭州","gid":"52670","time_insert":"2021-04-27 13:10"}
2024-10-31 00:13:08 查询号码 【1302363】，GSD为【"浙江-杭州"】

2024-10-31 00:44:12 开始第 2365 次操作

2024-10-31 00:44:12 开始操作号码 【1302364】
2024-10-31 00:44:13 GSD getOne 第 1 次 等待 3 秒
2024-10-31 00:44:16 查询号码 【1302364】，返回信息 {"status":"ok","msg":"浙江-杭州","gid":"52674","time_insert":"2021-04-27 13:43"}
2024-10-31 00:44:16 查询号码 【1302364】，GSD为【"浙江-杭州"】

2024-10-31 00:44:17 开始第 2366 次操作

2024-10-31 00:44:17 开始操作号码 【1302365】
2024-10-31 00:44:20 GSD getOne 第 1 次 等待 3 秒
2024-10-31 00:44:23 查询号码 【1302365】，返回信息 {"status":"ok","msg":"浙江-杭州","gid":"177","time_insert":"2017-04-20 15:33","time_update":"2020-08-27 09:06"}
2024-10-31 00:44:23 查询号码 【1302365】，GSD为【"浙江-杭州"】

2024-10-31 00:44:24 开始第 2367 次操作

2024-10-31 00:44:24 开始操作号码 【1302366】
2024-10-31 00:44:25 GSD getOne 第 1 次 等待 3 秒
2024-10-31 00:44:28 查询号码 【1302366】，返回信息 {"status":"ok","msg":"浙江-杭州","gid":"52677","time_insert":"2021-04-27 14:30"}
2024-10-31 00:44:28 查询号码 【1302366】，GSD为【"浙江-杭州"】

2024-10-31 00:44:29 开始第 2368 次操作

2024-10-31 00:44:29 开始操作号码 【1302367】
2024-10-31 00:44:30 GSD getOne 第 1 次 等待 3 秒
2024-10-31 00:44:33 查询号码 【1302367】，返回信息 {"status":"ok","msg":"浙江-杭州","gid":"178","time_insert":"2018-01-26 07:53","time_update":"2020-08-27 09:09"}
2024-10-31 00:44:33 查询号码 【1302367】，GSD为【"浙江-杭州"】

