2024-04-10 00:19:11 开始第 2829 次操作

2024-04-10 00:19:11 开始操作号码 【1602731】
2024-04-10 00:19:17 GSD getOne 第 1 次 等待 3 秒
2024-04-10 00:19:20 查询号码 【1602731】，返回信息 {"status":"ok","msg":"-","gid":"567490","time_insert":"2023-03-03 16:50"}
2024-04-10 00:19:20 查询号码 【1602731】，GSD为【"-"】
2024-04-10 00:19:20 ok && -
2024-04-10 00:19:22 CHB 1602731?1712679560 第 1 次 等待 3 秒
2024-04-10 00:19:25 CHB 1602731?1712679560 第 1 次 获取到号码【1602731】GSD
2024-04-10 00:19:25 未获取到号码【1602731】GSD，可能号码格式错误
2024-04-10 00:19:25 获取到号码【1602731】的GSD为【-】
2024-04-10 00:20:09 GSD insert 第 1 次 等待 3 秒
2024-04-10 00:20:12 {"status":"bad","gid":"567490","msg":"添加失败！号码【1602731(-|-)】已存在！"}
2024-04-10 00:20:12 随机等待 84 秒，约 1 分钟
2024-04-10 00:20:12 下次操作: 2024-04-10 00:21:36

2024-04-10 00:21:36 开始第 2830 次操作

2024-04-10 00:21:36 开始操作号码 【1602732】
2024-04-10 00:21:42 GSD getOne 第 1 次 等待 3 秒
2024-04-10 00:21:45 查询号码 【1602732】，返回信息 {"status":"ok","msg":"-","gid":"567512","time_insert":"2023-03-03 17:03"}
2024-04-10 00:21:45 查询号码 【1602732】，GSD为【"-"】
2024-04-10 00:21:45 ok && -
2024-04-10 00:21:47 CHB 1602732?1712679705 第 1 次 等待 3 秒
2024-04-10 00:21:50 CHB 1602732?1712679705 第 1 次 获取到号码【1602732】GSD
2024-04-10 00:21:50 未获取到号码【1602732】GSD，可能号码格式错误
2024-04-10 00:21:50 获取到号码【1602732】的GSD为【-】
2024-04-10 00:21:54 GSD insert 第 1 次 等待 3 秒
2024-04-10 00:21:57 {"status":"bad","gid":"567512","msg":"添加失败！号码【1602732(-|-)】已存在！"}
2024-04-10 00:21:58 随机等待 231 秒，约 3 分钟
2024-04-10 00:21:58 下次操作: 2024-04-10 00:25:49

2024-04-10 00:25:49 开始第 2831 次操作

2024-04-10 00:25:49 开始操作号码 【1602733】
2024-04-10 00:25:54 GSD getOne 第 1 次 等待 3 秒
2024-04-10 00:25:57 查询号码 【1602733】，返回信息 {"status":"ok","msg":"-","gid":"567533","time_insert":"2023-03-03 17:18"}
2024-04-10 00:25:57 查询号码 【1602733】，GSD为【"-"】
2024-04-10 00:25:57 ok && -
2024-04-10 00:25:59 CHB 1602733?1712679957 第 1 次 等待 3 秒
2024-04-10 00:26:02 CHB 1602733?1712679957 第 1 次 获取到号码【1602733】GSD
2024-04-10 00:26:02 未获取到号码【1602733】GSD，可能号码格式错误
2024-04-10 00:26:02 获取到号码【1602733】的GSD为【-】
2024-04-10 00:26:07 GSD insert 第 1 次 等待 3 秒
2024-04-10 00:26:10 {"status":"bad","gid":"567533","msg":"添加失败！号码【1602733(-|-)】已存在！"}
2024-04-10 00:26:10 随机等待 147 秒，约 2 分钟
2024-04-10 00:26:10 下次操作: 2024-04-10 00:28:37

2024-04-10 00:28:37 开始第 2832 次操作

2024-04-10 00:28:37 开始操作号码 【1602734】
2024-04-10 00:28:43 GSD getOne 第 1 次 等待 3 秒
2024-04-10 00:28:46 查询号码 【1602734】，返回信息 {"status":"ok","msg":"-","gid":"567565","time_insert":"2023-03-03 17:40"}
2024-04-10 00:28:47 查询号码 【1602734】，GSD为【"-"】
2024-04-10 00:28:47 ok && -
2024-04-10 00:28:52 CHB 1602734?1712680127 第 1 次 等待 3 秒
2024-04-10 00:28:55 CHB 1602734?1712680127 第 1 次 获取到号码【1602734】GSD
2024-04-10 00:28:55 未获取到号码【1602734】GSD，可能号码格式错误
2024-04-10 00:28:55 获取到号码【1602734】的GSD为【-】
2024-04-10 00:29:00 GSD insert 第 1 次 等待 3 秒
2024-04-10 00:29:03 {"status":"bad","gid":"567565","msg":"添加失败！号码【1602734(-|-)】已存在！"}

2024-04-10 00:39:09 开始第 2833 次操作

2024-04-10 00:39:09 开始操作号码 【1602735】
2024-04-10 00:39:16 GSD getOne 第 1 次 等待 3 秒
2024-04-10 00:39:19 查询号码 【1602735】，返回信息 {"status":"ok","msg":"-","gid":"567603","time_insert":"2023-03-03 18:00"}
2024-04-10 00:39:19 查询号码 【1602735】，GSD为【"-"】
2024-04-10 00:39:19 ok && -
2024-04-10 00:39:21 CHB 1602735?1712680759 第 1 次 等待 3 秒
2024-04-10 00:39:24 CHB 1602735?1712680759 第 1 次 获取到号码【1602735】GSD
2024-04-10 00:39:24 未获取到号码【1602735】GSD，可能号码格式错误
2024-04-10 00:39:24 获取到号码【1602735】的GSD为【-】
2024-04-10 00:39:29 GSD insert 第 1 次 等待 3 秒
2024-04-10 00:39:32 {"status":"bad","gid":"567603","msg":"添加失败！号码【1602735(-|-)】已存在！"}
2024-04-10 00:39:32 随机等待 203 秒，约 3 分钟
2024-04-10 00:39:32 下次操作: 2024-04-10 00:42:55

2024-04-10 00:42:55 开始第 2834 次操作

2024-04-10 00:42:55 开始操作号码 【1602736】
2024-04-10 00:42:59 GSD getOne 第 1 次 等待 3 秒
2024-04-10 00:43:02 查询号码 【1602736】，返回信息 {"status":"ok","msg":"-","gid":"567619","time_insert":"2023-03-03 18:12"}
2024-04-10 00:43:02 查询号码 【1602736】，GSD为【"-"】
2024-04-10 00:43:02 ok && -
2024-04-10 00:43:05 CHB 1602736?1712680982 第 1 次 等待 3 秒
2024-04-10 00:43:08 CHB 1602736?1712680982 第 1 次 获取到号码【1602736】GSD
2024-04-10 00:43:08 未获取到号码【1602736】GSD，可能号码格式错误
2024-04-10 00:43:08 获取到号码【1602736】的GSD为【-】
2024-04-10 00:43:14 GSD insert 第 1 次 等待 3 秒
2024-04-10 00:43:17 {"status":"bad","gid":"567619","msg":"添加失败！号码【1602736(-|-)】已存在！"}
2024-04-10 00:43:17 随机等待 226 秒，约 3 分钟
2024-04-10 00:43:17 下次操作: 2024-04-10 00:47:03

2024-04-10 00:47:03 开始第 2835 次操作

2024-04-10 00:47:03 开始操作号码 【1602737】
2024-04-10 00:47:09 GSD getOne 第 1 次 等待 3 秒
2024-04-10 00:47:12 查询号码 【1602737】，返回信息 {"status":"ok","msg":"-","gid":"567642","time_insert":"2023-03-03 18:27"}
2024-04-10 00:47:12 查询号码 【1602737】，GSD为【"-"】
2024-04-10 00:47:12 ok && -
2024-04-10 00:47:14 CHB 1602737?1712681232 第 1 次 等待 3 秒
2024-04-10 00:47:17 CHB 1602737?1712681232 第 1 次 获取到号码【1602737】GSD
2024-04-10 00:47:17 未获取到号码【1602737】GSD，可能号码格式错误
2024-04-10 00:47:17 获取到号码【1602737】的GSD为【-】
2024-04-10 00:47:22 GSD insert 第 1 次 等待 3 秒
2024-04-10 00:47:25 {"status":"bad","gid":"567642","msg":"添加失败！号码【1602737(-|-)】已存在！"}
2024-04-10 00:47:25 随机等待 151 秒，约 2 分钟
2024-04-10 00:47:25 下次操作: 2024-04-10 00:49:56

2024-04-10 00:49:56 开始第 2836 次操作

2024-04-10 00:49:56 开始操作号码 【1602738】
2024-04-10 00:50:01 GSD getOne 第 1 次 等待 3 秒
2024-04-10 00:50:04 查询号码 【1602738】，返回信息 {"status":"ok","msg":"-","gid":"567656","time_insert":"2023-03-03 18:37"}
2024-04-10 00:50:04 查询号码 【1602738】，GSD为【"-"】
2024-04-10 00:50:04 ok && -
2024-04-10 00:50:06 CHB 1602738?1712681404 第 1 次 等待 3 秒
2024-04-10 00:50:09 CHB 1602738?1712681404 第 1 次 获取到号码【1602738】GSD
2024-04-10 00:50:09 未获取到号码【1602738】GSD，可能号码格式错误
2024-04-10 00:50:09 获取到号码【1602738】的GSD为【-】
2024-04-10 00:50:14 GSD insert 第 1 次 等待 3 秒
2024-04-10 00:50:17 {"status":"bad","gid":"567656","msg":"添加失败！号码【1602738(-|-)】已存在！"}

