2023-10-16 00:18:52 开始第 3281 次操作

2023-10-16 00:18:52 开始操作号码 【1923247】
2023-10-16 00:19:19 GSD getOne 第 1 次 等待 3 秒
2023-10-16 00:19:22 查询号码 【1923247】，返回信息 
2023-10-16 00:19:22 查询失败，3 秒后重新查询
2023-10-16 00:19:25 查询号码 【1923247】，返回信息 
2023-10-16 00:19:25 查询失败，结束本次操作，期待下次成功~
2023-10-16 00:19:25 随机等待 145 秒，约 2 分钟
2023-10-16 00:19:25 下次操作: 2023-10-16 00:21:50

2023-10-16 00:21:50 开始第 3282 次操作

2023-10-16 00:21:50 开始操作号码 【1923247】
2023-10-16 00:24:05 GSD getOne 第 1 次 等待 3 秒
2023-10-16 00:24:08 查询号码 【1923247】，返回信息 
2023-10-16 00:24:08 查询失败，3 秒后重新查询
2023-10-16 00:24:11 查询号码 【1923247】，返回信息 
2023-10-16 00:24:11 查询失败，结束本次操作，期待下次成功~
2023-10-16 00:24:11 随机等待 88 秒，约 1 分钟
2023-10-16 00:24:11 下次操作: 2023-10-16 00:25:39

2023-10-16 00:25:39 开始第 3283 次操作

2023-10-16 00:25:39 开始操作号码 【1923247】
2023-10-16 00:25:45 GSD getOne 第 1 次 等待 3 秒
2023-10-16 00:25:48 查询号码 【1923247】，返回信息 
2023-10-16 00:25:48 查询失败，3 秒后重新查询
2023-10-16 00:25:51 查询号码 【1923247】，返回信息 
2023-10-16 00:25:51 查询失败，结束本次操作，期待下次成功~
2023-10-16 00:25:51 随机等待 212 秒，约 3 分钟
2023-10-16 00:25:51 下次操作: 2023-10-16 00:29:23

2023-10-16 00:29:23 开始第 3284 次操作

2023-10-16 00:29:23 开始操作号码 【1923247】
2023-10-16 00:31:48 GSD getOne 第 1 次 等待 3 秒
2023-10-16 00:31:51 查询号码 【1923247】，返回信息 
2023-10-16 00:31:51 查询失败，3 秒后重新查询
2023-10-16 00:31:54 查询号码 【1923247】，返回信息 
2023-10-16 00:31:54 查询失败，结束本次操作，期待下次成功~

2023-10-16 00:38:40 开始第 3285 次操作

2023-10-16 00:38:40 开始操作号码 【1923247】
2023-10-16 00:40:11 GSD getOne 第 1 次 等待 3 秒
2023-10-16 00:40:14 查询号码 【1923247】，返回信息 
2023-10-16 00:40:14 查询失败，3 秒后重新查询
2023-10-16 00:40:17 查询号码 【1923247】，返回信息 
2023-10-16 00:40:17 查询失败，结束本次操作，期待下次成功~
2023-10-16 00:40:17 随机等待 177 秒，约 2 分钟
2023-10-16 00:40:17 下次操作: 2023-10-16 00:43:14

2023-10-16 00:43:14 开始第 3286 次操作

2023-10-16 00:43:14 开始操作号码 【1923247】
2023-10-16 00:45:35 GSD getOne 第 1 次 等待 3 秒
2023-10-16 00:45:38 查询号码 【1923247】，返回信息 
2023-10-16 00:45:38 查询失败，3 秒后重新查询
2023-10-16 00:45:41 查询号码 【1923247】，返回信息 
2023-10-16 00:45:41 查询失败，结束本次操作，期待下次成功~
2023-10-16 00:45:41 随机等待 143 秒，约 2 分钟
2023-10-16 00:45:41 下次操作: 2023-10-16 00:48:04

2023-10-16 00:48:04 开始第 3287 次操作

2023-10-16 00:48:04 开始操作号码 【1923247】
2023-10-16 00:50:16 GSD getOne 第 1 次 等待 3 秒
2023-10-16 00:50:19 查询号码 【1923247】，返回信息 
2023-10-16 00:50:19 查询失败，3 秒后重新查询
2023-10-16 00:50:22 查询号码 【1923247】，返回信息 
2023-10-16 00:50:22 查询失败，结束本次操作，期待下次成功~
2023-10-16 00:50:22 随机等待 168 秒，约 2 分钟
2023-10-16 00:50:22 下次操作: 2023-10-16 00:53:10

2023-10-16 00:53:11 开始第 3288 次操作

2023-10-16 00:53:11 开始操作号码 【1923247】
2023-10-16 00:53:22 GSD getOne 第 1 次 等待 3 秒
2023-10-16 00:53:25 查询号码 【1923247】，返回信息 
2023-10-16 00:53:25 查询失败，3 秒后重新查询
2023-10-16 00:53:28 查询号码 【1923247】，返回信息 
2023-10-16 00:53:28 查询失败，结束本次操作，期待下次成功~

2023-10-16 01:13:34 开始第 3289 次操作

2023-10-16 01:13:34 开始操作号码 【1923247】
2023-10-16 01:13:49 GSD getOne 第 1 次 等待 3 秒
2023-10-16 01:13:52 查询号码 【1923247】，返回信息 
2023-10-16 01:13:52 查询失败，3 秒后重新查询
2023-10-16 01:13:55 查询号码 【1923247】，返回信息 
2023-10-16 01:13:55 查询失败，结束本次操作，期待下次成功~
2023-10-16 01:13:55 随机等待 192 秒，约 3 分钟
2023-10-16 01:13:55 下次操作: 2023-10-16 01:17:07

2023-10-16 01:17:07 开始第 3290 次操作

2023-10-16 01:17:07 开始操作号码 【1923247】
2023-10-16 01:19:24 GSD getOne 第 1 次 等待 3 秒
2023-10-16 01:19:27 查询号码 【1923247】，返回信息 
2023-10-16 01:19:27 查询失败，3 秒后重新查询
2023-10-16 01:19:30 查询号码 【1923247】，返回信息 
2023-10-16 01:19:30 查询失败，结束本次操作，期待下次成功~
2023-10-16 01:19:30 随机等待 106 秒，约 1 分钟
2023-10-16 01:19:30 下次操作: 2023-10-16 01:21:16

2023-10-16 01:21:16 开始第 3291 次操作

2023-10-16 01:21:16 开始操作号码 【1923247】
2023-10-16 01:24:54 GSD getOne 第 1 次 等待 3 秒
2023-10-16 01:27:13 GSD getOne 第 2 次 等待 3 秒
2023-10-16 01:27:16 查询号码 【1923247】，返回信息 
2023-10-16 01:27:16 查询失败，3 秒后重新查询
2023-10-16 01:27:19 查询号码 【1923247】，返回信息 
2023-10-16 01:27:19 查询失败，结束本次操作，期待下次成功~
2023-10-16 01:27:19 随机等待 226 秒，约 3 分钟
2023-10-16 01:27:19 下次操作: 2023-10-16 01:31:05

2023-10-16 01:31:05 开始第 3292 次操作

2023-10-16 01:31:05 开始操作号码 【1923247】
2023-10-16 01:33:19 GSD getOne 第 1 次 等待 3 秒
2023-10-16 01:33:22 查询号码 【1923247】，返回信息 
2023-10-16 01:33:22 查询失败，3 秒后重新查询
2023-10-16 01:33:25 查询号码 【1923247】，返回信息 
2023-10-16 01:33:25 查询失败，结束本次操作，期待下次成功~

2023-10-16 01:37:27 开始第 3293 次操作

2023-10-16 01:37:27 开始操作号码 【1923247】
2023-10-16 01:39:43 GSD getOne 第 1 次 等待 3 秒
2023-10-16 01:39:46 查询号码 【1923247】，返回信息 
2023-10-16 01:39:46 查询失败，3 秒后重新查询
2023-10-16 01:39:49 查询号码 【1923247】，返回信息 
2023-10-16 01:39:49 查询失败，结束本次操作，期待下次成功~
2023-10-16 01:39:49 随机等待 199 秒，约 3 分钟
2023-10-16 01:39:49 下次操作: 2023-10-16 01:43:08

2023-10-16 01:43:08 开始第 3294 次操作

2023-10-16 01:43:08 开始操作号码 【1923247】
2023-10-16 01:43:46 GSD getOne 第 1 次 等待 3 秒
2023-10-16 01:43:49 查询号码 【1923247】，返回信息 
2023-10-16 01:43:49 查询失败，3 秒后重新查询
2023-10-16 01:43:52 查询号码 【1923247】，返回信息 
2023-10-16 01:43:52 查询失败，结束本次操作，期待下次成功~
2023-10-16 01:43:52 随机等待 161 秒，约 2 分钟
2023-10-16 01:43:52 下次操作: 2023-10-16 01:46:33

2023-10-16 01:46:33 开始第 3295 次操作

2023-10-16 01:46:33 开始操作号码 【1923247】
2023-10-16 01:49:19 GSD getOne 第 1 次 等待 3 秒
2023-10-16 01:49:22 查询号码 【1923247】，返回信息 
2023-10-16 01:49:22 查询失败，3 秒后重新查询
2023-10-16 01:49:25 查询号码 【1923247】，返回信息 
2023-10-16 01:49:25 查询失败，结束本次操作，期待下次成功~
2023-10-16 01:49:25 随机等待 166 秒，约 2 分钟
2023-10-16 01:49:25 下次操作: 2023-10-16 01:52:11

2023-10-16 01:52:11 开始第 3296 次操作

2023-10-16 01:52:11 开始操作号码 【1923247】
2023-10-16 01:54:25 GSD getOne 第 1 次 等待 3 秒
2023-10-16 01:54:28 查询号码 【1923247】，返回信息 
2023-10-16 01:54:28 查询失败，3 秒后重新查询
2023-10-16 01:54:31 查询号码 【1923247】，返回信息 
2023-10-16 01:54:31 查询失败，结束本次操作，期待下次成功~

2023-10-16 02:19:21 开始第 3297 次操作

2023-10-16 02:19:21 开始操作号码 【1923247】
2023-10-16 02:22:28 GSD getOne 第 1 次 等待 3 秒
2023-10-16 02:22:31 查询号码 【1923247】，返回信息 
2023-10-16 02:22:31 查询失败，3 秒后重新查询
2023-10-16 02:22:34 查询号码 【1923247】，返回信息 
2023-10-16 02:22:34 查询失败，结束本次操作，期待下次成功~
2023-10-16 02:22:34 随机等待 175 秒，约 2 分钟
2023-10-16 02:22:34 下次操作: 2023-10-16 02:25:29

2023-10-16 02:25:29 开始第 3298 次操作

2023-10-16 02:25:29 开始操作号码 【1923247】
2023-10-16 02:30:30 GSD getOne 第 1 次 等待 3 秒
2023-10-16 02:36:31 GSD getOne 第 2 次 等待 3 秒
2023-10-16 02:39:17 GSD getOne 第 3 次 等待 3 秒
2023-10-16 02:39:30 GSD getOne 第 4 次 等待 3 秒
2023-10-16 02:39:33 查询号码 【1923247】，返回信息 
2023-10-16 02:39:33 查询失败，3 秒后重新查询
2023-10-16 02:39:36 查询号码 【1923247】，返回信息 
2023-10-16 02:39:36 查询失败，结束本次操作，期待下次成功~
2023-10-16 02:39:36 随机等待 195 秒，约 3 分钟
2023-10-16 02:39:36 下次操作: 2023-10-16 02:42:51

2023-10-16 02:42:51 开始第 3299 次操作

2023-10-16 02:42:51 开始操作号码 【1923247】
2023-10-16 02:43:13 GSD getOne 第 1 次 等待 3 秒
2023-10-16 02:43:16 查询号码 【1923247】，返回信息 
2023-10-16 02:43:16 查询失败，3 秒后重新查询
2023-10-16 02:43:19 查询号码 【1923247】，返回信息 
2023-10-16 02:43:19 查询失败，结束本次操作，期待下次成功~
2023-10-16 02:43:19 随机等待 114 秒，约 1 分钟
2023-10-16 02:43:19 下次操作: 2023-10-16 02:45:13

2023-10-16 02:45:13 开始第 3300 次操作

2023-10-16 02:45:13 开始操作号码 【1923247】
2023-10-16 02:45:23 GSD getOne 第 1 次 等待 3 秒
2023-10-16 02:45:26 查询号码 【1923247】，返回信息 
2023-10-16 02:45:26 查询失败，3 秒后重新查询
2023-10-16 02:45:29 查询号码 【1923247】，返回信息 
2023-10-16 02:45:29 查询失败，结束本次操作，期待下次成功~

2023-10-16 03:11:44 开始第 3301 次操作

2023-10-16 03:11:44 开始操作号码 【1923247】
2023-10-16 03:14:00 GSD getOne 第 1 次 等待 3 秒
2023-10-16 03:14:03 查询号码 【1923247】，返回信息 
2023-10-16 03:14:03 查询失败，3 秒后重新查询
2023-10-16 03:14:06 查询号码 【1923247】，返回信息 
2023-10-16 03:14:06 查询失败，结束本次操作，期待下次成功~
2023-10-16 03:14:06 随机等待 231 秒，约 3 分钟
2023-10-16 03:14:06 下次操作: 2023-10-16 03:17:57

2023-10-16 03:17:57 开始第 3302 次操作

2023-10-16 03:17:57 开始操作号码 【1923247】
2023-10-16 03:20:43 GSD getOne 第 1 次 等待 3 秒
2023-10-16 03:20:46 查询号码 【1923247】，返回信息 
2023-10-16 03:20:46 查询失败，3 秒后重新查询
2023-10-16 03:20:49 查询号码 【1923247】，返回信息 
2023-10-16 03:20:49 查询失败，结束本次操作，期待下次成功~
2023-10-16 03:20:49 随机等待 113 秒，约 1 分钟
2023-10-16 03:20:49 下次操作: 2023-10-16 03:22:42

2023-10-16 03:22:42 开始第 3303 次操作

2023-10-16 03:22:42 开始操作号码 【1923247】
2023-10-16 03:25:12 GSD getOne 第 1 次 等待 3 秒
2023-10-16 03:25:15 查询号码 【1923247】，返回信息 
2023-10-16 03:25:15 查询失败，3 秒后重新查询
2023-10-16 03:25:18 查询号码 【1923247】，返回信息 
2023-10-16 03:25:18 查询失败，结束本次操作，期待下次成功~
2023-10-16 03:25:18 随机等待 94 秒，约 1 分钟
2023-10-16 03:25:18 下次操作: 2023-10-16 03:26:52

2023-10-16 03:26:52 开始第 3304 次操作

2023-10-16 03:26:52 开始操作号码 【1923247】
2023-10-16 03:31:53 GSD getOne 第 1 次 等待 3 秒
2023-10-16 03:34:13 GSD getOne 第 2 次 等待 3 秒
2023-10-16 03:34:16 查询号码 【1923247】，返回信息 
2023-10-16 03:34:16 查询失败，3 秒后重新查询
2023-10-16 03:34:19 查询号码 【1923247】，返回信息 
2023-10-16 03:34:19 查询失败，结束本次操作，期待下次成功~

