2024-02-18 00:19:19 开始第 4293 次操作

2024-02-18 00:19:19 开始操作号码 【1714195】
2024-02-18 00:19:27 GSD getOne 第 1 次 等待 3 秒
2024-02-18 00:19:30 查询号码 【1714195】，返回信息 {"status":"ok","msg":"内蒙古-包头","gid":"177966","time_insert":"2021-07-03 01:49"}
2024-02-18 00:19:30 查询号码 【1714195】，GSD为【"内蒙古-包头"】

2024-02-18 00:19:31 开始第 4294 次操作

2024-02-18 00:19:31 开始操作号码 【1714196】
2024-02-18 00:19:35 GSD getOne 第 1 次 等待 3 秒
2024-02-18 00:19:38 查询号码 【1714196】，返回信息 {"status":"ok","msg":"内蒙古-包头","gid":"177977","time_insert":"2021-07-03 01:49"}
2024-02-18 00:19:39 查询号码 【1714196】，GSD为【"内蒙古-包头"】

2024-02-18 00:19:40 开始第 4295 次操作

2024-02-18 00:19:40 开始操作号码 【1714197】
2024-02-18 00:19:44 GSD getOne 第 1 次 等待 3 秒
2024-02-18 00:19:47 查询号码 【1714197】，返回信息 {"status":"ok","msg":"内蒙古-包头","gid":"177987","time_insert":"2021-07-03 01:50"}
2024-02-18 00:19:47 查询号码 【1714197】，GSD为【"内蒙古-包头"】

2024-02-18 00:19:48 开始第 4296 次操作

2024-02-18 00:19:48 开始操作号码 【1714198】
2024-02-18 00:19:53 GSD getOne 第 1 次 等待 3 秒
2024-02-18 00:19:56 查询号码 【1714198】，返回信息 {"status":"ok","msg":"内蒙古-呼和浩特","gid":"177999","time_insert":"2021-07-03 01:51"}
2024-02-18 00:19:56 查询号码 【1714198】，GSD为【"内蒙古-呼和浩特"】

2024-02-18 00:37:25 开始第 4297 次操作

2024-02-18 00:37:25 开始操作号码 【1714199】
2024-02-18 00:37:31 GSD getOne 第 1 次 等待 3 秒
2024-02-18 00:37:34 查询号码 【1714199】，返回信息 {"status":"ok","msg":"内蒙古-呼和浩特","gid":"178007","time_insert":"2021-07-03 01:52"}
2024-02-18 00:37:34 查询号码 【1714199】，GSD为【"内蒙古-呼和浩特"】

2024-02-18 00:37:35 开始第 4298 次操作

2024-02-18 00:37:35 开始操作号码 【1714200】
2024-02-18 00:37:40 GSD getOne 第 1 次 等待 3 秒
2024-02-18 00:37:43 查询号码 【1714200】，返回信息 {"status":"ok","msg":"内蒙古-呼和浩特","gid":"178017","time_insert":"2021-07-03 01:52"}
2024-02-18 00:37:43 查询号码 【1714200】，GSD为【"内蒙古-呼和浩特"】

2024-02-18 00:37:44 开始第 4299 次操作

2024-02-18 00:37:44 开始操作号码 【1714201】
2024-02-18 00:37:51 GSD getOne 第 1 次 等待 3 秒
2024-02-18 00:37:54 查询号码 【1714201】，返回信息 {"status":"ok","msg":"内蒙古-呼和浩特","gid":"178027","time_insert":"2021-07-03 01:53"}
2024-02-18 00:37:54 查询号码 【1714201】，GSD为【"内蒙古-呼和浩特"】

2024-02-18 00:37:55 开始第 4300 次操作

2024-02-18 00:37:55 开始操作号码 【1714202】
2024-02-18 00:38:00 GSD getOne 第 1 次 等待 3 秒
2024-02-18 00:38:03 查询号码 【1714202】，返回信息 {"status":"ok","msg":"内蒙古-呼和浩特","gid":"178033","time_insert":"2021-07-03 01:54"}
2024-02-18 00:38:03 查询号码 【1714202】，GSD为【"内蒙古-呼和浩特"】

2024-02-18 01:15:12 开始第 4301 次操作

2024-02-18 01:15:12 开始操作号码 【1714203】
2024-02-18 01:15:17 GSD getOne 第 1 次 等待 3 秒
2024-02-18 01:15:20 查询号码 【1714203】，返回信息 {"status":"ok","msg":"内蒙古-呼和浩特","gid":"178042","time_insert":"2021-07-03 01:55"}
2024-02-18 01:15:20 查询号码 【1714203】，GSD为【"内蒙古-呼和浩特"】

2024-02-18 01:15:21 开始第 4302 次操作

2024-02-18 01:15:21 开始操作号码 【1714204】
2024-02-18 01:15:27 GSD getOne 第 1 次 等待 3 秒
2024-02-18 01:15:30 查询号码 【1714204】，返回信息 {"status":"ok","msg":"内蒙古-呼和浩特","gid":"178050","time_insert":"2021-07-03 01:56"}
2024-02-18 01:15:30 查询号码 【1714204】，GSD为【"内蒙古-呼和浩特"】

2024-02-18 01:15:31 开始第 4303 次操作

2024-02-18 01:15:31 开始操作号码 【1714205】
2024-02-18 01:15:35 GSD getOne 第 1 次 等待 3 秒
2024-02-18 01:15:38 查询号码 【1714205】，返回信息 {"status":"ok","msg":"内蒙古-呼和浩特","gid":"178058","time_insert":"2021-07-03 01:56"}
2024-02-18 01:15:38 查询号码 【1714205】，GSD为【"内蒙古-呼和浩特"】

2024-02-18 01:15:39 开始第 4304 次操作

2024-02-18 01:15:39 开始操作号码 【1714206】
2024-02-18 01:15:45 GSD getOne 第 1 次 等待 3 秒
2024-02-18 01:15:48 查询号码 【1714206】，返回信息 {"status":"ok","msg":"内蒙古-呼和浩特","gid":"178064","time_insert":"2021-07-03 01:57"}
2024-02-18 01:15:48 查询号码 【1714206】，GSD为【"内蒙古-呼和浩特"】

2024-02-18 01:37:04 开始第 4305 次操作

2024-02-18 01:37:04 开始操作号码 【1714207】
2024-02-18 01:37:09 GSD getOne 第 1 次 等待 3 秒
2024-02-18 01:37:12 查询号码 【1714207】，返回信息 {"status":"ok","msg":"内蒙古-赤峰","gid":"178073","time_insert":"2021-07-03 01:58"}
2024-02-18 01:37:12 查询号码 【1714207】，GSD为【"内蒙古-赤峰"】

2024-02-18 01:37:13 开始第 4306 次操作

2024-02-18 01:37:13 开始操作号码 【1714208】
2024-02-18 01:37:17 GSD getOne 第 1 次 等待 3 秒
2024-02-18 01:37:20 查询号码 【1714208】，返回信息 {"status":"ok","msg":"内蒙古-赤峰","gid":"178202","time_insert":"2021-07-03 02:57"}
2024-02-18 01:37:20 查询号码 【1714208】，GSD为【"内蒙古-赤峰"】

2024-02-18 01:37:21 开始第 4307 次操作

2024-02-18 01:37:21 开始操作号码 【1714209】
2024-02-18 01:37:26 GSD getOne 第 1 次 等待 3 秒
2024-02-18 01:37:29 查询号码 【1714209】，返回信息 {"status":"ok","msg":"内蒙古-通辽","gid":"178214","time_insert":"2021-07-03 02:57"}
2024-02-18 01:37:29 查询号码 【1714209】，GSD为【"内蒙古-通辽"】

2024-02-18 01:37:30 开始第 4308 次操作

2024-02-18 01:37:30 开始操作号码 【1714210】
2024-02-18 01:37:35 GSD getOne 第 1 次 等待 3 秒
2024-02-18 01:37:38 查询号码 【1714210】，返回信息 {"status":"ok","msg":"内蒙古-锡林郭勒","gid":"178221","time_insert":"2021-07-03 02:58"}
2024-02-18 01:37:38 查询号码 【1714210】，GSD为【"内蒙古-锡林郭勒"】

2024-02-18 02:18:24 开始第 4309 次操作

2024-02-18 02:18:24 开始操作号码 【1714211】
2024-02-18 02:18:29 GSD getOne 第 1 次 等待 3 秒
2024-02-18 02:18:32 查询号码 【1714211】，返回信息 {"status":"ok","msg":"内蒙古-乌兰察布","gid":"178228","time_insert":"2021-07-03 02:58"}
2024-02-18 02:18:32 查询号码 【1714211】，GSD为【"内蒙古-乌兰察布"】

2024-02-18 02:18:33 开始第 4310 次操作

2024-02-18 02:18:33 开始操作号码 【1714212】
2024-02-18 02:18:39 GSD getOne 第 1 次 等待 3 秒
2024-02-18 02:18:42 查询号码 【1714212】，返回信息 {"status":"ok","msg":"内蒙古-鄂尔多斯","gid":"178236","time_insert":"2021-07-03 02:59"}
2024-02-18 02:18:42 查询号码 【1714212】，GSD为【"内蒙古-鄂尔多斯"】

2024-02-18 02:18:43 开始第 4311 次操作

2024-02-18 02:18:43 开始操作号码 【1714213】
2024-02-18 02:18:49 GSD getOne 第 1 次 等待 3 秒
2024-02-18 02:18:52 查询号码 【1714213】，返回信息 {"status":"ok","msg":"内蒙古-鄂尔多斯","gid":"178246","time_insert":"2021-07-03 02:59"}
2024-02-18 02:18:52 查询号码 【1714213】，GSD为【"内蒙古-鄂尔多斯"】

2024-02-18 02:18:53 开始第 4312 次操作

2024-02-18 02:18:53 开始操作号码 【1714214】
2024-02-18 02:18:57 GSD getOne 第 1 次 等待 3 秒
2024-02-18 02:19:00 查询号码 【1714214】，返回信息 {"status":"ok","msg":"内蒙古-通辽","gid":"178257","time_insert":"2021-07-03 03:00"}
2024-02-18 02:19:00 查询号码 【1714214】，GSD为【"内蒙古-通辽"】

2024-02-18 02:37:14 开始第 4313 次操作

2024-02-18 02:37:14 开始操作号码 【1714215】
2024-02-18 02:37:19 GSD getOne 第 1 次 等待 3 秒
2024-02-18 02:37:22 查询号码 【1714215】，返回信息 {"status":"ok","msg":"北京-北京","gid":"178267","time_insert":"2021-07-03 03:01"}
2024-02-18 02:37:23 查询号码 【1714215】，GSD为【"北京-北京"】

2024-02-18 02:37:24 开始第 4314 次操作

2024-02-18 02:37:24 开始操作号码 【1714216】
2024-02-18 02:37:28 GSD getOne 第 1 次 等待 3 秒
2024-02-18 02:37:31 查询号码 【1714216】，返回信息 {"status":"ok","msg":"北京-北京","gid":"178277","time_insert":"2021-07-03 03:02"}
2024-02-18 02:37:31 查询号码 【1714216】，GSD为【"北京-北京"】

2024-02-18 02:37:32 开始第 4315 次操作

2024-02-18 02:37:32 开始操作号码 【1714217】
2024-02-18 02:37:37 GSD getOne 第 1 次 等待 3 秒
2024-02-18 02:37:40 查询号码 【1714217】，返回信息 {"status":"ok","msg":"北京-北京","gid":"178286","time_insert":"2021-07-03 03:02"}
2024-02-18 02:37:40 查询号码 【1714217】，GSD为【"北京-北京"】

2024-02-18 02:37:41 开始第 4316 次操作

2024-02-18 02:37:41 开始操作号码 【1714218】
2024-02-18 02:37:48 GSD getOne 第 1 次 等待 3 秒
2024-02-18 02:37:51 查询号码 【1714218】，返回信息 {"status":"ok","msg":"北京-北京","gid":"178296","time_insert":"2021-07-03 03:03"}
2024-02-18 02:37:51 查询号码 【1714218】，GSD为【"北京-北京"】

