2023-12-08 00:22:57 开始第 1973 次操作

2023-12-08 00:22:57 开始操作号码 【1821875】
2023-12-08 00:23:01 GSD getOne 第 1 次 等待 3 秒
2023-12-08 00:23:04 查询号码 【1821875】，返回信息 {"status":"ok","msg":"广东-湛江","gid":"391989","time_insert":"2021-07-25 17:58"}
2023-12-08 00:23:04 查询号码 【1821875】，GSD为【"广东-湛江"】

2023-12-08 00:23:05 开始第 1974 次操作

2023-12-08 00:23:05 开始操作号码 【1821876】
2023-12-08 00:23:09 GSD getOne 第 1 次 等待 3 秒
2023-12-08 00:23:12 查询号码 【1821876】，返回信息 {"status":"ok","msg":"广东-广州","gid":"392155","time_insert":"2021-07-25 18:09"}
2023-12-08 00:23:12 查询号码 【1821876】，GSD为【"广东-广州"】

2023-12-08 00:23:13 开始第 1975 次操作

2023-12-08 00:23:13 开始操作号码 【1821877】
2023-12-08 00:23:17 GSD getOne 第 1 次 等待 3 秒
2023-12-08 00:23:20 查询号码 【1821877】，返回信息 {"status":"ok","msg":"广东-河源","gid":"392229","time_insert":"2021-07-25 18:22"}
2023-12-08 00:23:20 查询号码 【1821877】，GSD为【"广东-河源"】

2023-12-08 00:23:21 开始第 1976 次操作

2023-12-08 00:23:21 开始操作号码 【1821878】
2023-12-08 00:23:25 GSD getOne 第 1 次 等待 3 秒
2023-12-08 00:23:28 查询号码 【1821878】，返回信息 {"status":"ok","msg":"广东-梅州","gid":"392250","time_insert":"2021-07-25 18:35"}
2023-12-08 00:23:28 查询号码 【1821878】，GSD为【"广东-梅州"】

2023-12-08 00:42:09 开始第 1977 次操作

2023-12-08 00:42:09 开始操作号码 【1821879】
2023-12-08 00:42:13 GSD getOne 第 1 次 等待 3 秒
2023-12-08 00:42:16 查询号码 【1821879】，返回信息 {"status":"ok","msg":"广东-湛江","gid":"35089","time_insert":"2018-01-12 15:56","time_update":"2020-10-01 13:01"}
2023-12-08 00:42:16 查询号码 【1821879】，GSD为【"广东-湛江"】

2023-12-08 00:42:17 开始第 1978 次操作

2023-12-08 00:42:17 开始操作号码 【1821880】
2023-12-08 00:42:24 GSD getOne 第 1 次 等待 3 秒
2023-12-08 00:42:27 查询号码 【1821880】，返回信息 {"status":"ok","msg":"广东-深圳","gid":"392428","time_insert":"2021-07-25 18:51"}
2023-12-08 00:42:27 查询号码 【1821880】，GSD为【"广东-深圳"】

2023-12-08 00:42:28 开始第 1979 次操作

2023-12-08 00:42:28 开始操作号码 【1821881】
2023-12-08 00:42:33 GSD getOne 第 1 次 等待 3 秒
2023-12-08 00:42:36 查询号码 【1821881】，返回信息 {"status":"ok","msg":"广东-深圳","gid":"392619","time_insert":"2021-07-25 19:02"}
2023-12-08 00:42:36 查询号码 【1821881】，GSD为【"广东-深圳"】

2023-12-08 00:42:37 开始第 1980 次操作

2023-12-08 00:42:37 开始操作号码 【1821882】
2023-12-08 00:42:41 GSD getOne 第 1 次 等待 3 秒
2023-12-08 00:42:44 查询号码 【1821882】，返回信息 {"status":"ok","msg":"广东-惠州","gid":"392744","time_insert":"2021-07-25 19:14"}
2023-12-08 00:42:44 查询号码 【1821882】，GSD为【"广东-惠州"】

2023-12-08 01:15:24 开始第 1981 次操作

2023-12-08 01:15:24 开始操作号码 【1821883】
2023-12-08 01:15:28 GSD getOne 第 1 次 等待 3 秒
2023-12-08 01:15:31 查询号码 【1821883】，返回信息 {"status":"ok","msg":"广东-河源","gid":"392774","time_insert":"2021-07-25 19:24"}
2023-12-08 01:15:31 查询号码 【1821883】，GSD为【"广东-河源"】

2023-12-08 01:15:32 开始第 1982 次操作

2023-12-08 01:15:32 开始操作号码 【1821884】
2023-12-08 01:15:35 GSD getOne 第 1 次 等待 3 秒
2023-12-08 01:15:38 查询号码 【1821884】，返回信息 {"status":"ok","msg":"广东-湛江","gid":"392802","time_insert":"2021-07-25 19:35"}
2023-12-08 01:15:38 查询号码 【1821884】，GSD为【"广东-湛江"】

2023-12-08 01:15:39 开始第 1983 次操作

2023-12-08 01:15:39 开始操作号码 【1821885】
2023-12-08 01:15:43 GSD getOne 第 1 次 等待 3 秒
2023-12-08 01:15:46 查询号码 【1821885】，返回信息 {"status":"ok","msg":"广东-梅州","gid":"393023","time_insert":"2021-07-25 19:48"}
2023-12-08 01:15:46 查询号码 【1821885】，GSD为【"广东-梅州"】

2023-12-08 01:15:47 开始第 1984 次操作

2023-12-08 01:15:47 开始操作号码 【1821886】
2023-12-08 01:15:50 GSD getOne 第 1 次 等待 3 秒
2023-12-08 01:15:53 查询号码 【1821886】，返回信息 {"status":"ok","msg":"广东-湛江","gid":"393243","time_insert":"2021-07-25 20:01"}
2023-12-08 01:15:53 查询号码 【1821886】，GSD为【"广东-湛江"】

2023-12-08 01:37:23 开始第 1985 次操作

2023-12-08 01:37:23 开始操作号码 【1821887】
2023-12-08 01:37:26 GSD getOne 第 1 次 等待 3 秒
2023-12-08 01:37:29 查询号码 【1821887】，返回信息 {"status":"ok","msg":"广东-湛江","gid":"393302","time_insert":"2021-07-25 20:15"}
2023-12-08 01:37:29 查询号码 【1821887】，GSD为【"广东-湛江"】

2023-12-08 01:37:30 开始第 1986 次操作

2023-12-08 01:37:30 开始操作号码 【1821888】
2023-12-08 01:37:35 GSD getOne 第 1 次 等待 3 秒
2023-12-08 01:37:38 查询号码 【1821888】，返回信息 {"status":"ok","msg":"广东-广州","gid":"35090","time_insert":"2017-05-08 04:06","time_update":"2020-10-01 13:06"}
2023-12-08 01:37:38 查询号码 【1821888】，GSD为【"广东-广州"】

2023-12-08 01:37:39 开始第 1987 次操作

2023-12-08 01:37:39 开始操作号码 【1821889】
2023-12-08 01:37:42 GSD getOne 第 1 次 等待 3 秒
2023-12-08 01:37:45 查询号码 【1821889】，返回信息 {"status":"ok","msg":"广东-茂名","gid":"393329","time_insert":"2021-07-25 20:29"}
2023-12-08 01:37:45 查询号码 【1821889】，GSD为【"广东-茂名"】

2023-12-08 01:37:46 开始第 1988 次操作

2023-12-08 01:37:46 开始操作号码 【1821890】
2023-12-08 01:37:57 GSD getOne 第 1 次 等待 3 秒
2023-12-08 01:38:00 查询号码 【1821890】，返回信息 {"status":"ok","msg":"广东-东莞","gid":"393355","time_insert":"2021-07-25 20:44"}
2023-12-08 01:38:00 查询号码 【1821890】，GSD为【"广东-东莞"】

2023-12-08 02:21:25 开始第 1989 次操作

2023-12-08 02:21:25 开始操作号码 【1821891】
2023-12-08 02:21:31 GSD getOne 第 1 次 等待 3 秒
2023-12-08 02:21:34 查询号码 【1821891】，返回信息 {"status":"ok","msg":"广东-阳江","gid":"393393","time_insert":"2021-07-25 20:57"}
2023-12-08 02:21:34 查询号码 【1821891】，GSD为【"广东-阳江"】

2023-12-08 02:21:35 开始第 1990 次操作

2023-12-08 02:21:35 开始操作号码 【1821892】
2023-12-08 02:21:39 GSD getOne 第 1 次 等待 3 秒
2023-12-08 02:21:42 查询号码 【1821892】，返回信息 {"status":"ok","msg":"广东-汕头","gid":"393613","time_insert":"2021-07-25 21:11"}
2023-12-08 02:21:42 查询号码 【1821892】，GSD为【"广东-汕头"】

2023-12-08 02:21:43 开始第 1991 次操作

2023-12-08 02:21:43 开始操作号码 【1821893】
2023-12-08 02:21:47 GSD getOne 第 1 次 等待 3 秒
2023-12-08 02:21:50 查询号码 【1821893】，返回信息 {"status":"ok","msg":"广东-珠海","gid":"393767","time_insert":"2021-07-25 21:24"}
2023-12-08 02:21:50 查询号码 【1821893】，GSD为【"广东-珠海"】

2023-12-08 02:21:51 开始第 1992 次操作

2023-12-08 02:21:51 开始操作号码 【1821894】
2023-12-08 02:21:54 GSD getOne 第 1 次 等待 3 秒
2023-12-08 02:21:57 查询号码 【1821894】，返回信息 {"status":"ok","msg":"广东-湛江","gid":"393831","time_insert":"2021-07-25 21:35"}
2023-12-08 02:21:57 查询号码 【1821894】，GSD为【"广东-湛江"】

