2024-09-03 00:18:10 开始第 2621 次操作

2024-09-03 00:18:10 开始操作号码 【1382620】
2024-09-03 00:18:18 GSD getOne 第 1 次 等待 3 秒
2024-09-03 00:18:22 查询号码 【1382620】，返回信息 {"status":"ok","msg":"广东-广州","gid":"11157","time_insert":"2018-05-08 10:03","time_update":"2020-09-28 15:30"}
2024-09-03 00:18:22 查询号码 【1382620】，GSD为【"广东-广州"】

2024-09-03 00:18:23 开始第 2622 次操作

2024-09-03 00:18:23 开始操作号码 【1382621】
2024-09-03 00:18:30 GSD getOne 第 1 次 等待 3 秒
2024-09-03 00:18:33 查询号码 【1382621】，返回信息 {"status":"ok","msg":"广东-广州","gid":"84127","time_insert":"2021-06-07 09:22"}
2024-09-03 00:18:33 查询号码 【1382621】，GSD为【"广东-广州"】

2024-09-03 00:18:34 开始第 2623 次操作

2024-09-03 00:18:34 开始操作号码 【1382622】
2024-09-03 00:18:42 GSD getOne 第 1 次 等待 3 秒
2024-09-03 00:18:45 查询号码 【1382622】，返回信息 {"status":"ok","msg":"广东-广州","gid":"84132","time_insert":"2021-06-07 09:23"}
2024-09-03 00:18:45 查询号码 【1382622】，GSD为【"广东-广州"】

2024-09-03 00:18:46 开始第 2624 次操作

2024-09-03 00:18:46 开始操作号码 【1382623】
2024-09-03 00:18:54 GSD getOne 第 1 次 等待 3 秒
2024-09-03 00:18:57 查询号码 【1382623】，返回信息 {"status":"ok","msg":"广东-广州","gid":"11158","time_insert":"2018-05-23 15:05","time_update":"2020-09-28 15:33"}
2024-09-03 00:18:57 查询号码 【1382623】，GSD为【"广东-广州"】

