2023-11-14 00:21:44 开始第 8377 次操作

2023-11-14 00:21:44 开始操作号码 【1928279】
2023-11-14 00:21:48 GSD getOne 第 1 次 等待 3 秒
2023-11-14 00:21:51 查询号码 【1928279】，返回信息 {"status":"ok","msg":"-","gid":"605872","time_insert":"2023-03-21 22:52"}
2023-11-14 00:21:51 查询号码 【1928279】，GSD为【"-"】
2023-11-14 00:21:51 ok && -
2023-11-14 00:22:01 CHB 1928279?1699892511 第 1 次 等待 3 秒
2023-11-14 00:22:04 CHB 1928279?1699892511 第 1 次 获取到号码【1928279】GSD
2023-11-14 00:22:04 未获取到号码【1928279】GSD，可能号码格式错误
2023-11-14 00:22:04 获取到号码【1928279】的GSD为【-】
2023-11-14 00:22:08 GSD insert 第 1 次 等待 3 秒
2023-11-14 00:22:11 {"status":"bad","gid":"605872","msg":"添加失败！号码【1928279(-|-)】已存在！"}
2023-11-14 00:22:11 随机等待 195 秒，约 3 分钟
2023-11-14 00:22:11 下次操作: 2023-11-14 00:25:26

2023-11-14 00:25:26 开始第 8378 次操作

2023-11-14 00:25:26 开始操作号码 【1928280】
2023-11-14 00:25:29 GSD getOne 第 1 次 等待 3 秒
2023-11-14 00:25:32 查询号码 【1928280】，返回信息 {"status":"ok","msg":"-","gid":"605868","time_insert":"2023-03-21 22:49"}
2023-11-14 00:25:32 查询号码 【1928280】，GSD为【"-"】
2023-11-14 00:25:32 ok && -
2023-11-14 00:25:36 CHB 1928280?1699892732 第 1 次 等待 3 秒
2023-11-14 00:25:39 CHB 1928280?1699892732 第 1 次 获取到号码【1928280】GSD
2023-11-14 00:25:39 未获取到号码【1928280】GSD，可能号码格式错误
2023-11-14 00:25:39 获取到号码【1928280】的GSD为【-】
2023-11-14 00:25:42 GSD insert 第 1 次 等待 3 秒
2023-11-14 00:25:45 {"status":"bad","gid":"605868","msg":"添加失败！号码【1928280(-|-)】已存在！"}
2023-11-14 00:25:45 随机等待 86 秒，约 1 分钟
2023-11-14 00:25:45 下次操作: 2023-11-14 00:27:11

2023-11-14 00:27:11 开始第 8379 次操作

2023-11-14 00:27:11 开始操作号码 【1928281】
2023-11-14 00:27:17 GSD getOne 第 1 次 等待 3 秒
2023-11-14 00:27:20 查询号码 【1928281】，返回信息 {"status":"ok","msg":"-","gid":"605863","time_insert":"2023-03-21 22:46"}
2023-11-14 00:27:20 查询号码 【1928281】，GSD为【"-"】
2023-11-14 00:27:20 ok && -
2023-11-14 00:27:23 CHB 1928281?1699892840 第 1 次 等待 3 秒
2023-11-14 00:27:26 CHB 1928281?1699892840 第 1 次 获取到号码【1928281】GSD
2023-11-14 00:27:26 未获取到号码【1928281】GSD，可能号码格式错误
2023-11-14 00:27:26 获取到号码【1928281】的GSD为【-】
2023-11-14 00:27:31 GSD insert 第 1 次 等待 3 秒
2023-11-14 00:27:34 {"status":"bad","gid":"605863","msg":"添加失败！号码【1928281(-|-)】已存在！"}
2023-11-14 00:27:34 随机等待 86 秒，约 1 分钟
2023-11-14 00:27:34 下次操作: 2023-11-14 00:29:00

2023-11-14 00:29:00 开始第 8380 次操作

2023-11-14 00:29:00 开始操作号码 【1928282】
2023-11-14 00:29:06 GSD getOne 第 1 次 等待 3 秒
2023-11-14 00:29:09 查询号码 【1928282】，返回信息 {"status":"ok","msg":"-","gid":"605861","time_insert":"2023-03-21 22:44"}
2023-11-14 00:29:09 查询号码 【1928282】，GSD为【"-"】
2023-11-14 00:29:09 ok && -
2023-11-14 00:29:11 CHB 1928282?1699892949 第 1 次 等待 3 秒
2023-11-14 00:29:14 CHB 1928282?1699892949 第 1 次 获取到号码【1928282】GSD
2023-11-14 00:29:14 未获取到号码【1928282】GSD，可能号码格式错误
2023-11-14 00:29:14 获取到号码【1928282】的GSD为【-】
2023-11-14 00:29:21 GSD insert 第 1 次 等待 3 秒
2023-11-14 00:29:24 {"status":"bad","gid":"605861","msg":"添加失败！号码【1928282(-|-)】已存在！"}

2023-11-14 00:41:15 开始第 8381 次操作

2023-11-14 00:41:15 开始操作号码 【1928283】
2023-11-14 00:41:19 GSD getOne 第 1 次 等待 3 秒
2023-11-14 00:41:22 查询号码 【1928283】，返回信息 {"status":"ok","msg":"-","gid":"605855","time_insert":"2023-03-21 22:41"}
2023-11-14 00:41:22 查询号码 【1928283】，GSD为【"-"】
2023-11-14 00:41:22 ok && -
2023-11-14 00:41:25 CHB 1928283?1699893682 第 1 次 等待 3 秒
2023-11-14 00:41:28 CHB 1928283?1699893682 第 1 次 获取到号码【1928283】GSD
2023-11-14 00:41:28 未获取到号码【1928283】GSD，可能号码格式错误
2023-11-14 00:41:28 获取到号码【1928283】的GSD为【-】
2023-11-14 00:41:31 GSD insert 第 1 次 等待 3 秒
2023-11-14 00:41:34 {"status":"bad","gid":"605855","msg":"添加失败！号码【1928283(-|-)】已存在！"}
2023-11-14 00:41:34 随机等待 190 秒，约 3 分钟
2023-11-14 00:41:34 下次操作: 2023-11-14 00:44:44

2023-11-14 00:44:45 开始第 8382 次操作

2023-11-14 00:44:45 开始操作号码 【1928284】
2023-11-14 00:44:52 GSD getOne 第 1 次 等待 3 秒
2023-11-14 00:44:55 查询号码 【1928284】，返回信息 {"status":"ok","msg":"-","gid":"605852","time_insert":"2023-03-21 22:39"}
2023-11-14 00:44:55 查询号码 【1928284】，GSD为【"-"】
2023-11-14 00:44:55 ok && -
2023-11-14 00:44:58 CHB 1928284?1699893895 第 1 次 等待 3 秒
2023-11-14 00:45:01 CHB 1928284?1699893895 第 1 次 获取到号码【1928284】GSD
2023-11-14 00:45:01 未获取到号码【1928284】GSD，可能号码格式错误
2023-11-14 00:45:01 获取到号码【1928284】的GSD为【-】
2023-11-14 00:45:04 GSD insert 第 1 次 等待 3 秒
2023-11-14 00:45:07 {"status":"bad","gid":"605852","msg":"添加失败！号码【1928284(-|-)】已存在！"}
2023-11-14 00:45:07 随机等待 81 秒，约 1 分钟
2023-11-14 00:45:07 下次操作: 2023-11-14 00:46:28

2023-11-14 00:46:28 开始第 8383 次操作

2023-11-14 00:46:28 开始操作号码 【1928285】
2023-11-14 00:46:32 GSD getOne 第 1 次 等待 3 秒
2023-11-14 00:46:35 查询号码 【1928285】，返回信息 {"status":"ok","msg":"-","gid":"605848","time_insert":"2023-03-21 22:36"}
2023-11-14 00:46:35 查询号码 【1928285】，GSD为【"-"】
2023-11-14 00:46:35 ok && -
2023-11-14 00:46:39 CHB 1928285?1699893995 第 1 次 等待 3 秒
2023-11-14 00:46:42 CHB 1928285?1699893995 第 1 次 获取到号码【1928285】GSD
2023-11-14 00:46:42 未获取到号码【1928285】GSD，可能号码格式错误
2023-11-14 00:46:42 获取到号码【1928285】的GSD为【-】
2023-11-14 00:46:46 GSD insert 第 1 次 等待 3 秒
2023-11-14 00:46:49 {"status":"bad","gid":"605848","msg":"添加失败！号码【1928285(-|-)】已存在！"}
2023-11-14 00:46:49 随机等待 224 秒，约 3 分钟
2023-11-14 00:46:49 下次操作: 2023-11-14 00:50:33

2023-11-14 00:50:33 开始第 8384 次操作

2023-11-14 00:50:33 开始操作号码 【1928286】
2023-11-14 00:50:41 GSD getOne 第 1 次 等待 3 秒
2023-11-14 00:50:44 查询号码 【1928286】，返回信息 {"status":"ok","msg":"-","gid":"605843","time_insert":"2023-03-21 22:34"}
2023-11-14 00:50:44 查询号码 【1928286】，GSD为【"-"】
2023-11-14 00:50:44 ok && -
2023-11-14 00:50:46 CHB 1928286?1699894244 第 1 次 等待 3 秒
2023-11-14 00:50:49 CHB 1928286?1699894244 第 1 次 获取到号码【1928286】GSD
2023-11-14 00:50:49 未获取到号码【1928286】GSD，可能号码格式错误
2023-11-14 00:50:49 获取到号码【1928286】的GSD为【-】
2023-11-14 00:50:52 GSD insert 第 1 次 等待 3 秒
2023-11-14 00:50:55 {"status":"bad","gid":"605843","msg":"添加失败！号码【1928286(-|-)】已存在！"}

2023-11-14 01:14:43 开始第 8385 次操作

2023-11-14 01:14:43 开始操作号码 【1928287】
2023-11-14 01:14:46 GSD getOne 第 1 次 等待 3 秒
2023-11-14 01:14:49 查询号码 【1928287】，返回信息 {"status":"ok","msg":"-","gid":"605842","time_insert":"2023-03-21 22:32"}
2023-11-14 01:14:49 查询号码 【1928287】，GSD为【"-"】
2023-11-14 01:14:49 ok && -
2023-11-14 01:14:53 CHB 1928287?1699895689 第 1 次 等待 3 秒
2023-11-14 01:14:56 CHB 1928287?1699895689 第 1 次 获取到号码【1928287】GSD
2023-11-14 01:14:56 未获取到号码【1928287】GSD，可能号码格式错误
2023-11-14 01:14:56 获取到号码【1928287】的GSD为【-】
2023-11-14 01:14:59 GSD insert 第 1 次 等待 3 秒
2023-11-14 01:15:02 {"status":"bad","gid":"605842","msg":"添加失败！号码【1928287(-|-)】已存在！"}
2023-11-14 01:15:02 随机等待 79 秒，约 1 分钟
2023-11-14 01:15:02 下次操作: 2023-11-14 01:16:21

2023-11-14 01:16:21 开始第 8386 次操作

2023-11-14 01:16:21 开始操作号码 【1928288】
2023-11-14 01:16:25 GSD getOne 第 1 次 等待 3 秒
2023-11-14 01:16:28 查询号码 【1928288】，返回信息 {"status":"ok","msg":"-","gid":"605839","time_insert":"2023-03-21 22:30"}
2023-11-14 01:16:28 查询号码 【1928288】，GSD为【"-"】
2023-11-14 01:16:28 ok && -
2023-11-14 01:16:31 CHB 1928288?1699895788 第 1 次 等待 3 秒
2023-11-14 01:16:34 CHB 1928288?1699895788 第 1 次 获取到号码【1928288】GSD
2023-11-14 01:16:34 未获取到号码【1928288】GSD，可能号码格式错误
2023-11-14 01:16:34 获取到号码【1928288】的GSD为【-】
2023-11-14 01:16:37 GSD insert 第 1 次 等待 3 秒
2023-11-14 01:16:40 {"status":"bad","gid":"605839","msg":"添加失败！号码【1928288(-|-)】已存在！"}
2023-11-14 01:16:40 随机等待 191 秒，约 3 分钟
2023-11-14 01:16:40 下次操作: 2023-11-14 01:19:51

2023-11-14 01:19:51 开始第 8387 次操作

2023-11-14 01:19:51 开始操作号码 【1928289】
2023-11-14 01:19:55 GSD getOne 第 1 次 等待 3 秒
2023-11-14 01:19:58 查询号码 【1928289】，返回信息 {"status":"ok","msg":"-","gid":"605833","time_insert":"2023-03-21 22:27"}
2023-11-14 01:19:58 查询号码 【1928289】，GSD为【"-"】
2023-11-14 01:19:58 ok && -
2023-11-14 01:20:01 CHB 1928289?1699895998 第 1 次 等待 3 秒
2023-11-14 01:20:04 CHB 1928289?1699895998 第 1 次 获取到号码【1928289】GSD
2023-11-14 01:20:05 未获取到号码【1928289】GSD，可能号码格式错误
2023-11-14 01:20:05 获取到号码【1928289】的GSD为【-】
2023-11-14 01:20:08 GSD insert 第 1 次 等待 3 秒
2023-11-14 01:20:11 {"status":"bad","gid":"605833","msg":"添加失败！号码【1928289(-|-)】已存在！"}
2023-11-14 01:20:11 随机等待 122 秒，约 2 分钟
2023-11-14 01:20:11 下次操作: 2023-11-14 01:22:13

2023-11-14 01:22:13 开始第 8388 次操作

2023-11-14 01:22:13 开始操作号码 【1928290】
2023-11-14 01:22:17 GSD getOne 第 1 次 等待 3 秒
2023-11-14 01:22:20 查询号码 【1928290】，返回信息 {"status":"ok","msg":"-","gid":"605829","time_insert":"2023-03-21 22:24"}
2023-11-14 01:22:20 查询号码 【1928290】，GSD为【"-"】
2023-11-14 01:22:20 ok && -
2023-11-14 01:22:23 CHB 1928290?1699896140 第 1 次 等待 3 秒
2023-11-14 01:22:26 CHB 1928290?1699896140 第 1 次 获取到号码【1928290】GSD
2023-11-14 01:22:27 0: 陕西-西安
2023-11-14 01:22:27 获取到号码【1928290】的GSD为【陕西-西安】
2023-11-14 01:22:31 GSD insert 第 1 次 等待 3 秒
2023-11-14 01:22:34 {"status":"ok","gid":"605829","msg":"添加号码已存在，但为‘-’，修改为【陕西-西安】成功！"}

