2023-11-04 00:21:02 开始第 6605 次操作

2023-11-04 00:21:02 开始操作号码 【1926507】
2023-11-04 00:21:07 GSD getOne 第 1 次 等待 3 秒
2023-11-04 00:21:10 查询号码 【1926507】，返回信息 {"status":"ok","msg":"-","gid":"615458","time_insert":"2023-03-26 08:02"}
2023-11-04 00:21:10 查询号码 【1926507】，GSD为【"-"】
2023-11-04 00:21:10 ok && -
2023-11-04 00:21:13 CHB 1926507?1699028470 第 1 次 等待 3 秒
2023-11-04 00:21:16 CHB 1926507?1699028470 第 1 次 获取到号码【1926507】GSD
2023-11-04 00:21:16 未获取到号码【1926507】GSD，可能号码格式错误
2023-11-04 00:21:16 获取到号码【1926507】的GSD为【-】
2023-11-04 00:21:19 GSD insert 第 1 次 等待 3 秒
2023-11-04 00:21:22 {"status":"bad","gid":"615458","msg":"添加失败！号码【1926507(-|-)】已存在！"}
2023-11-04 00:21:22 随机等待 216 秒，约 3 分钟
2023-11-04 00:21:22 下次操作: 2023-11-04 00:24:58

2023-11-04 00:24:58 开始第 6606 次操作

2023-11-04 00:24:58 开始操作号码 【1926508】
2023-11-04 00:25:01 GSD getOne 第 1 次 等待 3 秒
2023-11-04 00:25:04 查询号码 【1926508】，返回信息 {"status":"ok","msg":"-","gid":"615454","time_insert":"2023-03-26 08:00"}
2023-11-04 00:25:04 查询号码 【1926508】，GSD为【"-"】
2023-11-04 00:25:04 ok && -
2023-11-04 00:25:07 CHB 1926508?1699028704 第 1 次 等待 3 秒
2023-11-04 00:25:10 CHB 1926508?1699028704 第 1 次 获取到号码【1926508】GSD
2023-11-04 00:25:10 未获取到号码【1926508】GSD，可能号码格式错误
2023-11-04 00:25:10 获取到号码【1926508】的GSD为【-】
2023-11-04 00:25:13 GSD insert 第 1 次 等待 3 秒
2023-11-04 00:25:16 {"status":"bad","gid":"615454","msg":"添加失败！号码【1926508(-|-)】已存在！"}
2023-11-04 00:25:16 随机等待 119 秒，约 1 分钟
2023-11-04 00:25:16 下次操作: 2023-11-04 00:27:15

2023-11-04 00:27:15 开始第 6607 次操作

2023-11-04 00:27:15 开始操作号码 【1926509】
2023-11-04 00:27:18 GSD getOne 第 1 次 等待 3 秒
2023-11-04 00:27:21 查询号码 【1926509】，返回信息 {"status":"ok","msg":"-","gid":"615451","time_insert":"2023-03-26 07:57"}
2023-11-04 00:27:21 查询号码 【1926509】，GSD为【"-"】
2023-11-04 00:27:21 ok && -
2023-11-04 00:27:23 CHB 1926509?1699028841 第 1 次 等待 3 秒
2023-11-04 00:27:26 CHB 1926509?1699028841 第 1 次 获取到号码【1926509】GSD
2023-11-04 00:27:27 未获取到号码【1926509】GSD，可能号码格式错误
2023-11-04 00:27:27 获取到号码【1926509】的GSD为【-】
2023-11-04 00:27:34 GSD insert 第 1 次 等待 3 秒
2023-11-04 00:27:37 {"status":"bad","gid":"615451","msg":"添加失败！号码【1926509(-|-)】已存在！"}
2023-11-04 00:27:37 随机等待 189 秒，约 3 分钟
2023-11-04 00:27:37 下次操作: 2023-11-04 00:30:46

2023-11-04 00:30:46 开始第 6608 次操作

2023-11-04 00:30:46 开始操作号码 【1926510】
2023-11-04 00:30:49 GSD getOne 第 1 次 等待 3 秒
2023-11-04 00:30:52 查询号码 【1926510】，返回信息 {"status":"ok","msg":"-","gid":"615445","time_insert":"2023-03-26 07:54"}
2023-11-04 00:30:52 查询号码 【1926510】，GSD为【"-"】
2023-11-04 00:30:52 ok && -
2023-11-04 00:30:55 CHB 1926510?1699029052 第 1 次 等待 3 秒
2023-11-04 00:30:58 CHB 1926510?1699029052 第 1 次 获取到号码【1926510】GSD
2023-11-04 00:30:58 未获取到号码【1926510】GSD，可能号码格式错误
2023-11-04 00:30:58 获取到号码【1926510】的GSD为【-】
2023-11-04 00:31:02 GSD insert 第 1 次 等待 3 秒
2023-11-04 00:31:05 {"status":"bad","gid":"615445","msg":"添加失败！号码【1926510(-|-)】已存在！"}

2023-11-04 00:40:17 开始第 6609 次操作

2023-11-04 00:40:17 开始操作号码 【1926511】
2023-11-04 00:40:21 GSD getOne 第 1 次 等待 3 秒
2023-11-04 00:40:24 查询号码 【1926511】，返回信息 {"status":"ok","msg":"-","gid":"615439","time_insert":"2023-03-26 07:52"}
2023-11-04 00:40:24 查询号码 【1926511】，GSD为【"-"】
2023-11-04 00:40:24 ok && -
2023-11-04 00:40:27 CHB 1926511?1699029624 第 1 次 等待 3 秒
2023-11-04 00:40:30 CHB 1926511?1699029624 第 1 次 获取到号码【1926511】GSD
2023-11-04 00:40:30 未获取到号码【1926511】GSD，可能号码格式错误
2023-11-04 00:40:30 获取到号码【1926511】的GSD为【-】
2023-11-04 00:40:33 GSD insert 第 1 次 等待 3 秒
2023-11-04 00:40:36 {"status":"bad","gid":"615439","msg":"添加失败！号码【1926511(-|-)】已存在！"}
2023-11-04 00:40:36 随机等待 191 秒，约 3 分钟
2023-11-04 00:40:36 下次操作: 2023-11-04 00:43:47

2023-11-04 00:43:47 开始第 6610 次操作

2023-11-04 00:43:47 开始操作号码 【1926512】
2023-11-04 00:43:50 GSD getOne 第 1 次 等待 3 秒
2023-11-04 00:43:53 查询号码 【1926512】，返回信息 {"status":"ok","msg":"-","gid":"615435","time_insert":"2023-03-26 07:50"}
2023-11-04 00:43:53 查询号码 【1926512】，GSD为【"-"】
2023-11-04 00:43:53 ok && -
2023-11-04 00:43:56 CHB 1926512?1699029833 第 1 次 等待 3 秒
2023-11-04 00:43:59 CHB 1926512?1699029833 第 1 次 获取到号码【1926512】GSD
2023-11-04 00:43:59 未获取到号码【1926512】GSD，可能号码格式错误
2023-11-04 00:43:59 获取到号码【1926512】的GSD为【-】
2023-11-04 00:44:03 GSD insert 第 1 次 等待 3 秒
2023-11-04 00:44:06 {"status":"bad","gid":"615435","msg":"添加失败！号码【1926512(-|-)】已存在！"}
2023-11-04 00:44:06 随机等待 79 秒，约 1 分钟
2023-11-04 00:44:06 下次操作: 2023-11-04 00:45:25

2023-11-04 00:45:25 开始第 6611 次操作

2023-11-04 00:45:25 开始操作号码 【1926513】
2023-11-04 00:45:29 GSD getOne 第 1 次 等待 3 秒
2023-11-04 00:45:32 查询号码 【1926513】，返回信息 {"status":"ok","msg":"-","gid":"615430","time_insert":"2023-03-26 07:46"}
2023-11-04 00:45:32 查询号码 【1926513】，GSD为【"-"】
2023-11-04 00:45:32 ok && -
2023-11-04 00:45:34 CHB 1926513?1699029932 第 1 次 等待 3 秒
2023-11-04 00:45:37 CHB 1926513?1699029932 第 1 次 获取到号码【1926513】GSD
2023-11-04 00:45:37 未获取到号码【1926513】GSD，可能号码格式错误
2023-11-04 00:45:37 获取到号码【1926513】的GSD为【-】
2023-11-04 00:45:44 GSD insert 第 1 次 等待 3 秒
2023-11-04 00:45:47 {"status":"bad","gid":"615430","msg":"添加失败！号码【1926513(-|-)】已存在！"}
2023-11-04 00:45:47 随机等待 69 秒，约 1 分钟
2023-11-04 00:45:47 下次操作: 2023-11-04 00:46:56

2023-11-04 00:46:56 开始第 6612 次操作

2023-11-04 00:46:56 开始操作号码 【1926514】
2023-11-04 00:47:02 GSD getOne 第 1 次 等待 3 秒
2023-11-04 00:47:05 查询号码 【1926514】，返回信息 {"status":"ok","msg":"-","gid":"615427","time_insert":"2023-03-26 07:44"}
2023-11-04 00:47:05 查询号码 【1926514】，GSD为【"-"】
2023-11-04 00:47:05 ok && -
2023-11-04 00:47:07 CHB 1926514?1699030025 第 1 次 等待 3 秒
2023-11-04 00:47:10 CHB 1926514?1699030025 第 1 次 获取到号码【1926514】GSD
2023-11-04 00:47:10 未获取到号码【1926514】GSD，可能号码格式错误
2023-11-04 00:47:10 获取到号码【1926514】的GSD为【-】
2023-11-04 00:47:14 GSD insert 第 1 次 等待 3 秒
2023-11-04 00:47:17 {"status":"bad","gid":"615427","msg":"添加失败！号码【1926514(-|-)】已存在！"}

