2024-08-24 00:17:28 开始第 829 次操作

2024-08-24 00:17:28 开始操作号码 【1380828】
2024-08-24 00:17:37 GSD getOne 第 1 次 等待 3 秒
2024-08-24 00:17:40 查询号码 【1380828】，返回信息 {"status":"ok","msg":"四川-泸州","gid":"10962","time_insert":"2017-06-22 11:25","time_update":"2020-10-15 03:17"}
2024-08-24 00:17:40 查询号码 【1380828】，GSD为【"四川-泸州"】

2024-08-24 00:17:41 开始第 830 次操作

2024-08-24 00:17:41 开始操作号码 【1380829】
2024-08-24 00:17:50 GSD getOne 第 1 次 等待 3 秒
2024-08-24 00:17:53 查询号码 【1380829】，返回信息 {"status":"ok","msg":"四川-宜宾","gid":"10963","time_insert":"2017-07-16 19:07","time_update":"2020-10-15 03:22"}
2024-08-24 00:17:53 查询号码 【1380829】，GSD为【"四川-宜宾"】

2024-08-24 00:17:54 开始第 831 次操作

2024-08-24 00:17:54 开始操作号码 【1380830】
2024-08-24 00:18:02 GSD getOne 第 1 次 等待 3 秒
2024-08-24 00:18:05 查询号码 【1380830】，返回信息 {"status":"ok","msg":"重庆-重庆","gid":"10964","time_insert":"2017-11-10 13:48","time_update":"2021-01-06 19:03"}
2024-08-24 00:18:05 查询号码 【1380830】，GSD为【"重庆-重庆"】

2024-08-24 00:18:06 开始第 832 次操作

2024-08-24 00:18:06 开始操作号码 【1380831】
2024-08-24 00:18:16 GSD getOne 第 1 次 等待 3 秒
2024-08-24 00:18:19 查询号码 【1380831】，返回信息 {"status":"ok","msg":"重庆-重庆","gid":"10965","time_insert":"2017-04-20 09:20","time_update":"2021-01-06 19:10"}
2024-08-24 00:18:19 查询号码 【1380831】，GSD为【"重庆-重庆"】

2024-08-24 00:40:48 开始第 833 次操作

2024-08-24 00:40:48 开始操作号码 【1380832】
2024-08-24 00:40:56 GSD getOne 第 1 次 等待 3 秒
2024-08-24 00:40:59 查询号码 【1380832】，返回信息 {"status":"ok","msg":"重庆-重庆","gid":"10966","time_insert":"2017-05-10 16:05","time_update":"2021-01-06 19:18"}
2024-08-24 00:40:59 查询号码 【1380832】，GSD为【"重庆-重庆"】

2024-08-24 00:41:00 开始第 834 次操作

2024-08-24 00:41:00 开始操作号码 【1380833】
2024-08-24 00:41:09 GSD getOne 第 1 次 等待 3 秒
2024-08-24 00:41:12 查询号码 【1380833】，返回信息 {"status":"ok","msg":"重庆-重庆","gid":"10967","time_insert":"2017-06-22 10:52","time_update":"2021-01-06 19:22"}
2024-08-24 00:41:12 查询号码 【1380833】，GSD为【"重庆-重庆"】

2024-08-24 00:41:13 开始第 835 次操作

2024-08-24 00:41:13 开始操作号码 【1380834】
2024-08-24 00:41:23 GSD getOne 第 1 次 等待 3 秒
2024-08-24 00:41:26 查询号码 【1380834】，返回信息 {"status":"ok","msg":"重庆-重庆","gid":"61961","time_insert":"2021-05-18 17:27"}
2024-08-24 00:41:27 查询号码 【1380834】，GSD为【"重庆-重庆"】

2024-08-24 00:41:28 开始第 836 次操作

2024-08-24 00:41:28 开始操作号码 【1380835】
2024-08-24 00:41:36 GSD getOne 第 1 次 等待 3 秒
2024-08-24 00:41:39 查询号码 【1380835】，返回信息 {"status":"ok","msg":"重庆-重庆","gid":"10968","time_insert":"2017-05-10 16:05","time_update":"2021-01-06 19:28"}
2024-08-24 00:41:39 查询号码 【1380835】，GSD为【"重庆-重庆"】

2024-08-24 01:11:45 开始第 837 次操作

2024-08-24 01:11:45 开始操作号码 【1380836】
2024-08-24 01:11:53 GSD getOne 第 1 次 等待 3 秒
2024-08-24 01:11:56 查询号码 【1380836】，返回信息 {"status":"ok","msg":"重庆-重庆","gid":"10969","time_insert":"2017-03-19 08:00","time_update":"2021-01-06 19:34"}
2024-08-24 01:11:56 查询号码 【1380836】，GSD为【"重庆-重庆"】

2024-08-24 01:11:57 开始第 838 次操作

2024-08-24 01:11:57 开始操作号码 【1380837】
2024-08-24 01:12:06 GSD getOne 第 1 次 等待 3 秒
2024-08-24 01:12:09 查询号码 【1380837】，返回信息 {"status":"ok","msg":"重庆-重庆","gid":"10970","time_insert":"2016-11-23 16:08","time_update":"2021-01-06 19:35"}
2024-08-24 01:12:09 查询号码 【1380837】，GSD为【"重庆-重庆"】

2024-08-24 01:12:10 开始第 839 次操作

2024-08-24 01:12:10 开始操作号码 【1380838】
2024-08-24 01:12:21 GSD getOne 第 1 次 等待 3 秒
2024-08-24 01:12:24 查询号码 【1380838】，返回信息 {"status":"ok","msg":"重庆-重庆","gid":"10971","time_insert":"2019-08-25 08:35","time_update":"2021-01-06 19:42"}
2024-08-24 01:12:24 查询号码 【1380838】，GSD为【"重庆-重庆"】

2024-08-24 01:12:25 开始第 840 次操作

2024-08-24 01:12:25 开始操作号码 【1380839】
2024-08-24 01:12:33 GSD getOne 第 1 次 等待 3 秒
2024-08-24 01:12:36 查询号码 【1380839】，返回信息 {"status":"ok","msg":"重庆-重庆","gid":"61963","time_insert":"2021-05-18 17:29"}
2024-08-24 01:12:36 查询号码 【1380839】，GSD为【"重庆-重庆"】

2024-08-24 01:36:37 开始第 841 次操作

2024-08-24 01:36:37 开始操作号码 【1380840】
2024-08-24 01:36:44 GSD getOne 第 1 次 等待 3 秒
2024-08-24 01:36:47 查询号码 【1380840】，返回信息 {"status":"ok","msg":"湖南-岳阳","gid":"61964","time_insert":"2021-05-18 17:31"}
2024-08-24 01:36:47 查询号码 【1380840】，GSD为【"湖南-岳阳"】

2024-08-24 01:36:48 开始第 842 次操作

2024-08-24 01:36:48 开始操作号码 【1380841】
2024-08-24 01:36:57 GSD getOne 第 1 次 等待 3 秒
2024-08-24 01:37:00 查询号码 【1380841】，返回信息 {"status":"ok","msg":"湖南-长沙","gid":"61965","time_insert":"2021-05-18 17:32"}
2024-08-24 01:37:00 查询号码 【1380841】，GSD为【"湖南-长沙"】

2024-08-24 01:37:01 开始第 843 次操作

2024-08-24 01:37:01 开始操作号码 【1380842】
2024-08-24 01:37:09 GSD getOne 第 1 次 等待 3 秒
2024-08-24 01:37:12 查询号码 【1380842】，返回信息 {"status":"ok","msg":"湖南-长沙","gid":"10972","time_insert":"2017-07-15 17:42","time_update":"2020-09-22 05:22"}
2024-08-24 01:37:12 查询号码 【1380842】，GSD为【"湖南-长沙"】

2024-08-24 01:37:13 开始第 844 次操作

2024-08-24 01:37:13 开始操作号码 【1380843】
2024-08-24 01:37:21 GSD getOne 第 1 次 等待 3 秒
2024-08-24 01:37:24 查询号码 【1380843】，返回信息 {"status":"ok","msg":"湖南-长沙","gid":"61966","time_insert":"2021-05-18 17:34"}
2024-08-24 01:37:24 查询号码 【1380843】，GSD为【"湖南-长沙"】

2024-08-24 02:17:39 开始第 845 次操作

2024-08-24 02:17:39 开始操作号码 【1380844】
2024-08-24 02:17:49 GSD getOne 第 1 次 等待 3 秒
2024-08-24 02:17:52 查询号码 【1380844】，返回信息 {"status":"ok","msg":"湖南-郴州","gid":"61967","time_insert":"2021-05-18 17:35"}
2024-08-24 02:17:52 查询号码 【1380844】，GSD为【"湖南-郴州"】

2024-08-24 02:17:53 开始第 846 次操作

2024-08-24 02:17:53 开始操作号码 【1380845】
2024-08-24 02:18:01 GSD getOne 第 1 次 等待 3 秒
2024-08-24 02:18:04 查询号码 【1380845】，返回信息 {"status":"ok","msg":"湖南-长沙","gid":"61970","time_insert":"2021-05-18 17:46"}
2024-08-24 02:18:04 查询号码 【1380845】，GSD为【"湖南-长沙"】

2024-08-24 02:18:05 开始第 847 次操作

2024-08-24 02:18:05 开始操作号码 【1380846】
2024-08-24 02:18:13 GSD getOne 第 1 次 等待 3 秒
2024-08-24 02:18:16 查询号码 【1380846】，返回信息 {"status":"ok","msg":"湖南-长沙","gid":"61978","time_insert":"2021-05-18 18:04"}
2024-08-24 02:18:16 查询号码 【1380846】，GSD为【"湖南-长沙"】

2024-08-24 02:18:17 开始第 848 次操作

2024-08-24 02:18:17 开始操作号码 【1380847】
2024-08-24 02:18:25 GSD getOne 第 1 次 等待 3 秒
2024-08-24 02:18:28 查询号码 【1380847】，返回信息 {"status":"ok","msg":"湖南-长沙","gid":"61987","time_insert":"2021-05-18 18:21"}
2024-08-24 02:18:28 查询号码 【1380847】，GSD为【"湖南-长沙"】

