2024-01-22 00:20:28 开始第 9957 次操作

2024-01-22 00:20:28 开始操作号码 【1829859】
2024-01-22 00:20:32 GSD getOne 第 1 次 等待 3 秒
2024-01-22 00:20:35 查询号码 【1829859】，返回信息 {"status":"ok","msg":"甘肃-酒泉","gid":"388343","time_insert":"2021-07-25 11:17"}
2024-01-22 00:20:35 查询号码 【1829859】，GSD为【"甘肃-酒泉"】

2024-01-22 00:20:36 开始第 9958 次操作

2024-01-22 00:20:36 开始操作号码 【1829860】
2024-01-22 00:20:39 GSD getOne 第 1 次 等待 3 秒
2024-01-22 00:20:42 查询号码 【1829860】，返回信息 {"status":"ok","msg":"甘肃-天水","gid":"388338","time_insert":"2021-07-25 11:16"}
2024-01-22 00:20:43 查询号码 【1829860】，GSD为【"甘肃-天水"】

2024-01-22 00:20:44 开始第 9959 次操作

2024-01-22 00:20:44 开始操作号码 【1829861】
2024-01-22 00:20:51 GSD getOne 第 1 次 等待 3 秒
2024-01-22 00:20:54 查询号码 【1829861】，返回信息 {"status":"ok","msg":"甘肃-天水","gid":"388333","time_insert":"2021-07-25 11:15"}
2024-01-22 00:20:54 查询号码 【1829861】，GSD为【"甘肃-天水"】

2024-01-22 00:20:55 开始第 9960 次操作

2024-01-22 00:20:55 开始操作号码 【1829862】
2024-01-22 00:20:58 GSD getOne 第 1 次 等待 3 秒
2024-01-22 00:21:01 查询号码 【1829862】，返回信息 {"status":"ok","msg":"甘肃-天水","gid":"388326","time_insert":"2021-07-25 11:15"}
2024-01-22 00:21:01 查询号码 【1829862】，GSD为【"甘肃-天水"】

2024-01-22 00:39:31 开始第 9961 次操作

2024-01-22 00:39:31 开始操作号码 【1829863】
2024-01-22 00:39:39 GSD getOne 第 1 次 等待 3 秒
2024-01-22 00:39:42 查询号码 【1829863】，返回信息 {"status":"ok","msg":"甘肃-陇南","gid":"36921","time_insert":"2017-08-18 17:47","time_update":"2021-06-16 11:31"}
2024-01-22 00:39:42 查询号码 【1829863】，GSD为【"甘肃-陇南"】

2024-01-22 00:39:43 开始第 9962 次操作

2024-01-22 00:39:43 开始操作号码 【1829864】
2024-01-22 00:39:47 GSD getOne 第 1 次 等待 3 秒
2024-01-22 00:39:50 查询号码 【1829864】，返回信息 {"status":"ok","msg":"甘肃-甘南","gid":"388316","time_insert":"2021-07-25 11:13"}
2024-01-22 00:39:50 查询号码 【1829864】，GSD为【"甘肃-甘南"】

2024-01-22 00:39:51 开始第 9963 次操作

2024-01-22 00:39:51 开始操作号码 【1829865】
2024-01-22 00:39:56 GSD getOne 第 1 次 等待 3 秒
2024-01-22 00:39:59 查询号码 【1829865】，返回信息 {"status":"ok","msg":"甘肃-甘南","gid":"36922","time_insert":"2019-07-07 18:08","time_update":"2021-06-16 12:01"}
2024-01-22 00:39:59 查询号码 【1829865】，GSD为【"甘肃-甘南"】

2024-01-22 00:40:00 开始第 9964 次操作

2024-01-22 00:40:00 开始操作号码 【1829866】
2024-01-22 00:40:04 GSD getOne 第 1 次 等待 3 秒
2024-01-22 00:40:07 查询号码 【1829866】，返回信息 {"status":"ok","msg":"甘肃-甘南","gid":"36923","time_insert":"2017-07-23 04:25","time_update":"2021-06-16 12:16"}
2024-01-22 00:40:07 查询号码 【1829866】，GSD为【"甘肃-甘南"】

