2024-09-11 00:16:52 开始第 4045 次操作

2024-09-11 00:16:52 开始操作号码 【1384044】
2024-09-11 00:17:01 GSD getOne 第 1 次 等待 3 秒
2024-09-11 00:17:04 查询号码 【1384044】，返回信息 {"status":"ok","msg":"辽宁-沈阳","gid":"108055","time_insert":"2021-06-20 10:25"}
2024-09-11 00:17:04 查询号码 【1384044】，GSD为【"辽宁-沈阳"】

2024-09-11 00:17:05 开始第 4046 次操作

2024-09-11 00:17:05 开始操作号码 【1384045】
2024-09-11 00:17:14 GSD getOne 第 1 次 等待 3 秒
2024-09-11 00:17:17 查询号码 【1384045】，返回信息 {"status":"ok","msg":"辽宁-沈阳","gid":"108092","time_insert":"2021-06-20 10:51"}
2024-09-11 00:17:17 查询号码 【1384045】，GSD为【"辽宁-沈阳"】

2024-09-11 00:17:18 开始第 4047 次操作

2024-09-11 00:17:18 开始操作号码 【1384046】
2024-09-11 00:17:26 GSD getOne 第 1 次 等待 3 秒
2024-09-11 00:17:29 查询号码 【1384046】，返回信息 {"status":"ok","msg":"辽宁-沈阳","gid":"108113","time_insert":"2021-06-20 11:02","time_update":"2021-06-20 11:07"}
2024-09-11 00:17:29 查询号码 【1384046】，GSD为【"辽宁-沈阳"】

2024-09-11 00:17:30 开始第 4048 次操作

2024-09-11 00:17:30 开始操作号码 【1384047】
2024-09-11 00:17:39 GSD getOne 第 1 次 等待 3 秒
2024-09-11 00:17:42 查询号码 【1384047】，返回信息 {"status":"ok","msg":"辽宁-沈阳","gid":"108126","time_insert":"2021-06-20 11:12"}
2024-09-11 00:17:42 查询号码 【1384047】，GSD为【"辽宁-沈阳"】

