2024-11-17 00:11:44 开始第 5373 次操作

2024-11-17 00:11:44 开始操作号码 【1305372】
2024-11-17 00:11:45 GSD getOne 第 1 次 等待 3 秒
2024-11-17 00:11:48 查询号码 【1305372】，返回信息 {"status":"ok","msg":"山东-济宁","gid":"126057","time_insert":"2021-06-25 07:22"}
2024-11-17 00:11:48 查询号码 【1305372】，GSD为【"山东-济宁"】

2024-11-17 00:11:49 开始第 5374 次操作

2024-11-17 00:11:49 开始操作号码 【1305373】
2024-11-17 00:11:50 GSD getOne 第 1 次 等待 3 秒
2024-11-17 00:11:53 查询号码 【1305373】，返回信息 {"status":"ok","msg":"山东-济宁","gid":"126083","time_insert":"2021-06-25 07:38"}
2024-11-17 00:11:54 查询号码 【1305373】，GSD为【"山东-济宁"】

2024-11-17 00:11:55 开始第 5375 次操作

2024-11-17 00:11:55 开始操作号码 【1305374】
2024-11-17 00:11:56 GSD getOne 第 1 次 等待 3 秒
2024-11-17 00:11:59 查询号码 【1305374】，返回信息 {"status":"ok","msg":"山东-济宁","gid":"126179","time_insert":"2021-06-25 07:57"}
2024-11-17 00:11:59 查询号码 【1305374】，GSD为【"山东-济宁"】

2024-11-17 00:12:00 开始第 5376 次操作

2024-11-17 00:12:00 开始操作号码 【1305375】
2024-11-17 00:12:01 GSD getOne 第 1 次 等待 3 秒
2024-11-17 00:12:04 查询号码 【1305375】，返回信息 {"status":"ok","msg":"山东-济宁","gid":"126257","time_insert":"2021-06-25 08:15"}
2024-11-17 00:12:04 查询号码 【1305375】，GSD为【"山东-济宁"】

2024-11-17 00:41:58 开始第 5377 次操作

2024-11-17 00:41:58 开始操作号码 【1305376】
2024-11-17 00:42:00 GSD getOne 第 1 次 等待 3 秒
2024-11-17 00:42:03 查询号码 【1305376】，返回信息 {"status":"ok","msg":"山东-济宁","gid":"126284","time_insert":"2021-06-25 08:34"}
2024-11-17 00:42:03 查询号码 【1305376】，GSD为【"山东-济宁"】

2024-11-17 00:42:04 开始第 5378 次操作

2024-11-17 00:42:04 开始操作号码 【1305377】
2024-11-17 00:42:05 GSD getOne 第 1 次 等待 3 秒
2024-11-17 00:42:08 查询号码 【1305377】，返回信息 {"status":"ok","msg":"山东-济宁","gid":"126319","time_insert":"2021-06-25 08:57"}
2024-11-17 00:42:08 查询号码 【1305377】，GSD为【"山东-济宁"】

2024-11-17 00:42:09 开始第 5379 次操作

2024-11-17 00:42:09 开始操作号码 【1305378】
2024-11-17 00:42:10 GSD getOne 第 1 次 等待 3 秒
2024-11-17 00:42:13 查询号码 【1305378】，返回信息 {"status":"ok","msg":"山东-济宁","gid":"126347","time_insert":"2021-06-25 09:14"}
2024-11-17 00:42:13 查询号码 【1305378】，GSD为【"山东-济宁"】

2024-11-17 00:42:14 开始第 5380 次操作

2024-11-17 00:42:14 开始操作号码 【1305379】
2024-11-17 00:42:15 GSD getOne 第 1 次 等待 3 秒
2024-11-17 00:42:18 查询号码 【1305379】，返回信息 {"status":"ok","msg":"山东-济宁","gid":"126358","time_insert":"2021-06-25 09:24"}
2024-11-17 00:42:18 查询号码 【1305379】，GSD为【"山东-济宁"】

