2024-06-28 00:22:56 开始第 3021 次操作

2024-06-28 00:22:56 开始操作号码 【1492913】
2024-06-28 00:23:12 GSD getOne 第 1 次 等待 3 秒
2024-06-28 00:23:15 查询号码 【1492913】，返回信息 {"status":"ok","msg":"江苏-南京","gid":"286384","time_insert":"2021-07-15 18:47","time_update":"2021-07-31 07:05"}
2024-06-28 00:23:15 查询号码 【1492913】，GSD为【"江苏-南京"】

2024-06-28 00:23:16 开始第 3022 次操作

2024-06-28 00:23:16 开始操作号码 【1492914】
2024-06-28 00:23:32 GSD getOne 第 1 次 等待 3 秒
2024-06-28 00:23:35 查询号码 【1492914】，返回信息 {"status":"ok","msg":"江苏-南京","gid":"286394","time_insert":"2021-07-15 18:48","time_update":"2021-07-31 07:09"}
2024-06-28 00:23:35 查询号码 【1492914】，GSD为【"江苏-南京"】

2024-06-28 00:23:36 开始第 3023 次操作

2024-06-28 00:23:36 开始操作号码 【1492915】
2024-06-28 00:23:55 GSD getOne 第 1 次 等待 3 秒
2024-06-28 00:23:58 查询号码 【1492915】，返回信息 {"status":"ok","msg":"江苏-南京","gid":"286408","time_insert":"2021-07-15 18:50","time_update":"2021-07-31 07:13"}
2024-06-28 00:23:58 查询号码 【1492915】，GSD为【"江苏-南京"】

2024-06-28 00:23:59 开始第 3024 次操作

2024-06-28 00:23:59 开始操作号码 【1492916】
2024-06-28 00:24:24 GSD getOne 第 1 次 等待 3 秒
2024-06-28 00:24:27 查询号码 【1492916】，返回信息 {"status":"ok","msg":"江苏-南京","gid":"286426","time_insert":"2021-07-15 18:51","time_update":"2021-07-31 07:16"}
2024-06-28 00:24:27 查询号码 【1492916】，GSD为【"江苏-南京"】

