2024-04-02 00:20:26 开始第 1413 次操作

2024-04-02 00:20:26 开始操作号码 【1601316】
2024-04-02 00:20:32 GSD getOne 第 1 次 等待 3 秒
2024-04-02 00:20:35 查询号码 【1601316】，返回信息 {"status":"ok","msg":"-","gid":"536626","time_insert":"2023-02-17 22:34"}
2024-04-02 00:20:36 查询号码 【1601316】，GSD为【"-"】
2024-04-02 00:20:36 ok && -
2024-04-02 00:20:38 CHB 1601316?1711988436 第 1 次 等待 3 秒
2024-04-02 00:20:41 CHB 1601316?1711988436 第 1 次 获取到号码【1601316】GSD
2024-04-02 00:20:41 未获取到号码【1601316】GSD，可能号码格式错误
2024-04-02 00:20:41 获取到号码【1601316】的GSD为【-】
2024-04-02 00:20:47 GSD insert 第 1 次 等待 3 秒
2024-04-02 00:20:50 {"status":"bad","gid":"536626","msg":"添加失败！号码【1601316(-|-)】已存在！"}
2024-04-02 00:20:50 随机等待 208 秒，约 3 分钟
2024-04-02 00:20:50 下次操作: 2024-04-02 00:24:18

2024-04-02 00:24:18 开始第 1414 次操作

2024-04-02 00:24:18 开始操作号码 【1601317】
2024-04-02 00:24:24 GSD getOne 第 1 次 等待 3 秒
2024-04-02 00:24:27 查询号码 【1601317】，返回信息 {"status":"ok","msg":"-","gid":"536643","time_insert":"2023-02-17 22:44"}
2024-04-02 00:24:27 查询号码 【1601317】，GSD为【"-"】
2024-04-02 00:24:27 ok && -
2024-04-02 00:24:29 CHB 1601317?1711988667 第 1 次 等待 3 秒
2024-04-02 00:24:32 CHB 1601317?1711988667 第 1 次 获取到号码【1601317】GSD
2024-04-02 00:24:32 未获取到号码【1601317】GSD，可能号码格式错误
2024-04-02 00:24:32 获取到号码【1601317】的GSD为【-】
2024-04-02 00:24:39 GSD insert 第 1 次 等待 3 秒
2024-04-02 00:24:42 {"status":"bad","gid":"536643","msg":"添加失败！号码【1601317(-|-)】已存在！"}
2024-04-02 00:24:42 随机等待 90 秒，约 1 分钟
2024-04-02 00:24:42 下次操作: 2024-04-02 00:26:12

2024-04-02 00:26:12 开始第 1415 次操作

2024-04-02 00:26:12 开始操作号码 【1601318】
2024-04-02 00:26:19 GSD getOne 第 1 次 等待 3 秒
2024-04-02 00:26:22 查询号码 【1601318】，返回信息 {"status":"ok","msg":"-","gid":"536675","time_insert":"2023-02-17 23:02"}
2024-04-02 00:26:22 查询号码 【1601318】，GSD为【"-"】
2024-04-02 00:26:22 ok && -
2024-04-02 00:26:24 CHB 1601318?1711988782 第 1 次 等待 3 秒
2024-04-02 00:26:27 CHB 1601318?1711988782 第 1 次 获取到号码【1601318】GSD
2024-04-02 00:26:27 未获取到号码【1601318】GSD，可能号码格式错误
2024-04-02 00:26:27 获取到号码【1601318】的GSD为【-】
2024-04-02 00:26:32 GSD insert 第 1 次 等待 3 秒
2024-04-02 00:26:35 {"status":"bad","gid":"536675","msg":"添加失败！号码【1601318(-|-)】已存在！"}
2024-04-02 00:26:35 随机等待 75 秒，约 1 分钟
2024-04-02 00:26:35 下次操作: 2024-04-02 00:27:50

2024-04-02 00:27:50 开始第 1416 次操作

2024-04-02 00:27:50 开始操作号码 【1601319】
2024-04-02 00:27:58 GSD getOne 第 1 次 等待 3 秒
2024-04-02 00:28:01 查询号码 【1601319】，返回信息 {"status":"ok","msg":"-","gid":"536691","time_insert":"2023-02-17 23:11"}
2024-04-02 00:28:02 查询号码 【1601319】，GSD为【"-"】
2024-04-02 00:28:02 ok && -
2024-04-02 00:28:04 CHB 1601319?1711988882 第 1 次 等待 3 秒
2024-04-02 00:28:07 CHB 1601319?1711988882 第 1 次 获取到号码【1601319】GSD
2024-04-02 00:28:07 未获取到号码【1601319】GSD，可能号码格式错误
2024-04-02 00:28:07 获取到号码【1601319】的GSD为【-】
2024-04-02 00:28:12 GSD insert 第 1 次 等待 3 秒
2024-04-02 00:28:15 {"status":"bad","gid":"536691","msg":"添加失败！号码【1601319(-|-)】已存在！"}

2024-04-02 00:40:43 开始第 1417 次操作

2024-04-02 00:40:43 开始操作号码 【1601320】
2024-04-02 00:40:50 GSD getOne 第 1 次 等待 3 秒
2024-04-02 00:40:53 查询号码 【1601320】，返回信息 {"status":"ok","msg":"-","gid":"536711","time_insert":"2023-02-17 23:24"}
2024-04-02 00:40:53 查询号码 【1601320】，GSD为【"-"】
2024-04-02 00:40:53 ok && -
2024-04-02 00:40:55 CHB 1601320?1711989653 第 1 次 等待 3 秒
2024-04-02 00:40:58 CHB 1601320?1711989653 第 1 次 获取到号码【1601320】GSD
2024-04-02 00:40:58 未获取到号码【1601320】GSD，可能号码格式错误
2024-04-02 00:40:58 获取到号码【1601320】的GSD为【-】
2024-04-02 00:41:05 GSD insert 第 1 次 等待 3 秒
2024-04-02 00:41:08 {"status":"bad","gid":"536711","msg":"添加失败！号码【1601320(-|-)】已存在！"}
2024-04-02 00:41:08 随机等待 192 秒，约 3 分钟
2024-04-02 00:41:08 下次操作: 2024-04-02 00:44:20

2024-04-02 00:44:20 开始第 1418 次操作

2024-04-02 00:44:20 开始操作号码 【1601321】
2024-04-02 00:44:25 GSD getOne 第 1 次 等待 3 秒
2024-04-02 00:44:28 查询号码 【1601321】，返回信息 {"status":"ok","msg":"-","gid":"536734","time_insert":"2023-02-17 23:38"}
2024-04-02 00:44:28 查询号码 【1601321】，GSD为【"-"】
2024-04-02 00:44:28 ok && -
2024-04-02 00:44:30 CHB 1601321?1711989868 第 1 次 等待 3 秒
2024-04-02 00:44:33 CHB 1601321?1711989868 第 1 次 获取到号码【1601321】GSD
2024-04-02 00:44:33 未获取到号码【1601321】GSD，可能号码格式错误
2024-04-02 00:44:33 获取到号码【1601321】的GSD为【-】
2024-04-02 00:44:38 GSD insert 第 1 次 等待 3 秒
2024-04-02 00:44:41 {"status":"bad","gid":"536734","msg":"添加失败！号码【1601321(-|-)】已存在！"}
2024-04-02 00:44:41 随机等待 97 秒，约 1 分钟
2024-04-02 00:44:41 下次操作: 2024-04-02 00:46:18

2024-04-02 00:46:18 开始第 1419 次操作

2024-04-02 00:46:18 开始操作号码 【1601322】
2024-04-02 00:46:23 GSD getOne 第 1 次 等待 3 秒
2024-04-02 00:46:26 查询号码 【1601322】，返回信息 {"status":"ok","msg":"-","gid":"536760","time_insert":"2023-02-17 23:51"}
2024-04-02 00:46:26 查询号码 【1601322】，GSD为【"-"】
2024-04-02 00:46:26 ok && -
2024-04-02 00:46:28 CHB 1601322?1711989986 第 1 次 等待 3 秒
2024-04-02 00:46:31 CHB 1601322?1711989986 第 1 次 获取到号码【1601322】GSD
2024-04-02 00:46:31 未获取到号码【1601322】GSD，可能号码格式错误
2024-04-02 00:46:31 获取到号码【1601322】的GSD为【-】
2024-04-02 00:46:36 GSD insert 第 1 次 等待 3 秒
2024-04-02 00:46:39 {"status":"bad","gid":"536760","msg":"添加失败！号码【1601322(-|-)】已存在！"}
2024-04-02 00:46:39 随机等待 155 秒，约 2 分钟
2024-04-02 00:46:39 下次操作: 2024-04-02 00:49:14

2024-04-02 00:49:14 开始第 1420 次操作

2024-04-02 00:49:14 开始操作号码 【1601323】
2024-04-02 00:49:20 GSD getOne 第 1 次 等待 3 秒
2024-04-02 00:49:23 查询号码 【1601323】，返回信息 {"status":"ok","msg":"-","gid":"536787","time_insert":"2023-02-18 00:05"}
2024-04-02 00:49:23 查询号码 【1601323】，GSD为【"-"】
2024-04-02 00:49:23 ok && -
2024-04-02 00:49:25 CHB 1601323?1711990163 第 1 次 等待 3 秒
2024-04-02 00:49:28 CHB 1601323?1711990163 第 1 次 获取到号码【1601323】GSD
2024-04-02 00:49:28 未获取到号码【1601323】GSD，可能号码格式错误
2024-04-02 00:49:28 获取到号码【1601323】的GSD为【-】
2024-04-02 00:49:34 GSD insert 第 1 次 等待 3 秒
2024-04-02 00:49:37 {"status":"bad","gid":"536787","msg":"添加失败！号码【1601323(-|-)】已存在！"}

2024-04-02 01:17:31 开始第 1421 次操作

2024-04-02 01:17:31 开始操作号码 【1601324】
2024-04-02 01:17:36 GSD getOne 第 1 次 等待 3 秒
2024-04-02 01:17:39 查询号码 【1601324】，返回信息 {"status":"ok","msg":"-","gid":"536798","time_insert":"2023-02-18 00:14"}
2024-04-02 01:17:39 查询号码 【1601324】，GSD为【"-"】
2024-04-02 01:17:39 ok && -
2024-04-02 01:17:41 CHB 1601324?1711991859 第 1 次 等待 3 秒
2024-04-02 01:17:44 CHB 1601324?1711991859 第 1 次 获取到号码【1601324】GSD
2024-04-02 01:17:44 未获取到号码【1601324】GSD，可能号码格式错误
2024-04-02 01:17:44 获取到号码【1601324】的GSD为【-】
2024-04-02 01:17:50 GSD insert 第 1 次 等待 3 秒
2024-04-02 01:17:53 {"status":"bad","gid":"536798","msg":"添加失败！号码【1601324(-|-)】已存在！"}
2024-04-02 01:17:53 随机等待 215 秒，约 3 分钟
2024-04-02 01:17:53 下次操作: 2024-04-02 01:21:28

2024-04-02 01:21:28 开始第 1422 次操作

2024-04-02 01:21:28 开始操作号码 【1601325】
2024-04-02 01:21:33 GSD getOne 第 1 次 等待 3 秒
2024-04-02 01:21:36 查询号码 【1601325】，返回信息 {"status":"ok","msg":"-","gid":"536824","time_insert":"2023-02-18 00:32"}
2024-04-02 01:21:36 查询号码 【1601325】，GSD为【"-"】
2024-04-02 01:21:36 ok && -
2024-04-02 01:21:39 CHB 1601325?1711992096 第 1 次 等待 3 秒
2024-04-02 01:21:42 CHB 1601325?1711992096 第 1 次 获取到号码【1601325】GSD
2024-04-02 01:21:42 未获取到号码【1601325】GSD，可能号码格式错误
2024-04-02 01:21:42 获取到号码【1601325】的GSD为【-】
2024-04-02 01:21:46 GSD insert 第 1 次 等待 3 秒
2024-04-02 01:21:49 {"status":"bad","gid":"536824","msg":"添加失败！号码【1601325(-|-)】已存在！"}
2024-04-02 01:21:49 随机等待 171 秒，约 2 分钟
2024-04-02 01:21:49 下次操作: 2024-04-02 01:24:40

2024-04-02 01:24:40 开始第 1423 次操作

2024-04-02 01:24:40 开始操作号码 【1601326】
2024-04-02 01:24:45 GSD getOne 第 1 次 等待 3 秒
2024-04-02 01:24:48 查询号码 【1601326】，返回信息 {"status":"ok","msg":"-","gid":"536848","time_insert":"2023-02-18 00:47"}
2024-04-02 01:24:48 查询号码 【1601326】，GSD为【"-"】
2024-04-02 01:24:48 ok && -
2024-04-02 01:24:51 CHB 1601326?1711992288 第 1 次 等待 3 秒
2024-04-02 01:24:54 CHB 1601326?1711992288 第 1 次 获取到号码【1601326】GSD
2024-04-02 01:24:54 未获取到号码【1601326】GSD，可能号码格式错误
2024-04-02 01:24:54 获取到号码【1601326】的GSD为【-】
2024-04-02 01:24:59 GSD insert 第 1 次 等待 3 秒
2024-04-02 01:25:02 {"status":"bad","gid":"536848","msg":"添加失败！号码【1601326(-|-)】已存在！"}
2024-04-02 01:25:02 随机等待 193 秒，约 3 分钟
2024-04-02 01:25:02 下次操作: 2024-04-02 01:28:15

2024-04-02 01:28:15 开始第 1424 次操作

2024-04-02 01:28:15 开始操作号码 【1601327】
2024-04-02 01:28:20 GSD getOne 第 1 次 等待 3 秒
2024-04-02 01:28:23 查询号码 【1601327】，返回信息 {"status":"ok","msg":"-","gid":"536879","time_insert":"2023-02-18 01:06"}
2024-04-02 01:28:23 查询号码 【1601327】，GSD为【"-"】
2024-04-02 01:28:23 ok && -
2024-04-02 01:28:25 CHB 1601327?1711992503 第 1 次 等待 3 秒
2024-04-02 01:28:28 CHB 1601327?1711992503 第 1 次 获取到号码【1601327】GSD
2024-04-02 01:28:28 未获取到号码【1601327】GSD，可能号码格式错误
2024-04-02 01:28:28 获取到号码【1601327】的GSD为【-】
2024-04-02 01:28:33 GSD insert 第 1 次 等待 3 秒
2024-04-02 01:28:36 {"status":"bad","gid":"536879","msg":"添加失败！号码【1601327(-|-)】已存在！"}

2024-04-02 01:37:08 开始第 1425 次操作

2024-04-02 01:37:08 开始操作号码 【1601328】
2024-04-02 01:37:13 GSD getOne 第 1 次 等待 3 秒
2024-04-02 01:37:16 查询号码 【1601328】，返回信息 {"status":"ok","msg":"-","gid":"536900","time_insert":"2023-02-18 01:17"}
2024-04-02 01:37:16 查询号码 【1601328】，GSD为【"-"】
2024-04-02 01:37:16 ok && -
2024-04-02 01:37:18 CHB 1601328?1711993036 第 1 次 等待 3 秒
2024-04-02 01:37:21 CHB 1601328?1711993036 第 1 次 获取到号码【1601328】GSD
2024-04-02 01:37:21 未获取到号码【1601328】GSD，可能号码格式错误
2024-04-02 01:37:21 获取到号码【1601328】的GSD为【-】
2024-04-02 01:37:26 GSD insert 第 1 次 等待 3 秒
2024-04-02 01:37:29 {"status":"bad","gid":"536900","msg":"添加失败！号码【1601328(-|-)】已存在！"}
2024-04-02 01:37:29 随机等待 70 秒，约 1 分钟
2024-04-02 01:37:29 下次操作: 2024-04-02 01:38:39

2024-04-02 01:38:39 开始第 1426 次操作

2024-04-02 01:38:39 开始操作号码 【1601329】
2024-04-02 01:38:44 GSD getOne 第 1 次 等待 3 秒
2024-04-02 01:38:47 查询号码 【1601329】，返回信息 {"status":"ok","msg":"-","gid":"536927","time_insert":"2023-02-18 01:34"}
2024-04-02 01:38:47 查询号码 【1601329】，GSD为【"-"】
2024-04-02 01:38:47 ok && -
2024-04-02 01:38:49 CHB 1601329?1711993127 第 1 次 等待 3 秒
2024-04-02 01:38:52 CHB 1601329?1711993127 第 1 次 获取到号码【1601329】GSD
2024-04-02 01:38:52 未获取到号码【1601329】GSD，可能号码格式错误
2024-04-02 01:38:52 获取到号码【1601329】的GSD为【-】
2024-04-02 01:38:56 GSD insert 第 1 次 等待 3 秒
2024-04-02 01:38:59 {"status":"bad","gid":"536927","msg":"添加失败！号码【1601329(-|-)】已存在！"}
2024-04-02 01:38:59 随机等待 78 秒，约 1 分钟
2024-04-02 01:38:59 下次操作: 2024-04-02 01:40:17

2024-04-02 01:40:17 开始第 1427 次操作

2024-04-02 01:40:17 开始操作号码 【1601330】
2024-04-02 01:40:22 GSD getOne 第 1 次 等待 3 秒
2024-04-02 01:40:25 查询号码 【1601330】，返回信息 {"status":"ok","msg":"-","gid":"536949","time_insert":"2023-02-18 01:45"}
2024-04-02 01:40:25 查询号码 【1601330】，GSD为【"-"】
2024-04-02 01:40:25 ok && -
2024-04-02 01:40:27 CHB 1601330?1711993225 第 1 次 等待 3 秒
2024-04-02 01:40:30 CHB 1601330?1711993225 第 1 次 获取到号码【1601330】GSD
2024-04-02 01:40:30 未获取到号码【1601330】GSD，可能号码格式错误
2024-04-02 01:40:30 获取到号码【1601330】的GSD为【-】
2024-04-02 01:40:35 GSD insert 第 1 次 等待 3 秒
2024-04-02 01:40:38 {"status":"bad","gid":"536949","msg":"添加失败！号码【1601330(-|-)】已存在！"}
2024-04-02 01:40:38 随机等待 127 秒，约 2 分钟
2024-04-02 01:40:38 下次操作: 2024-04-02 01:42:45

2024-04-02 01:42:45 开始第 1428 次操作

2024-04-02 01:42:45 开始操作号码 【1601331】
2024-04-02 01:42:49 GSD getOne 第 1 次 等待 3 秒
2024-04-02 01:42:52 查询号码 【1601331】，返回信息 {"status":"ok","msg":"-","gid":"536981","time_insert":"2023-02-18 02:00"}
2024-04-02 01:42:52 查询号码 【1601331】，GSD为【"-"】
2024-04-02 01:42:52 ok && -
2024-04-02 01:42:54 CHB 1601331?1711993372 第 1 次 等待 3 秒
2024-04-02 01:42:57 CHB 1601331?1711993372 第 1 次 获取到号码【1601331】GSD
2024-04-02 01:42:57 未获取到号码【1601331】GSD，可能号码格式错误
2024-04-02 01:42:57 获取到号码【1601331】的GSD为【-】
2024-04-02 01:43:02 GSD insert 第 1 次 等待 3 秒
2024-04-02 01:43:05 {"status":"bad","gid":"536981","msg":"添加失败！号码【1601331(-|-)】已存在！"}

