2023-12-12 00:23:12 开始第 2685 次操作

2023-12-12 00:23:12 开始操作号码 【1822587】
2023-12-12 00:23:16 GSD getOne 第 1 次 等待 3 秒
2023-12-12 00:23:19 查询号码 【1822587】，返回信息 {"status":"ok","msg":"安徽-合肥","gid":"461075","time_insert":"2021-07-31 22:51"}
2023-12-12 00:23:19 查询号码 【1822587】，GSD为【"安徽-合肥"】

2023-12-12 00:23:20 开始第 2686 次操作

2023-12-12 00:23:20 开始操作号码 【1822588】
2023-12-12 00:23:30 GSD getOne 第 1 次 等待 3 秒
2023-12-12 00:23:33 查询号码 【1822588】，返回信息 {"status":"ok","msg":"安徽-合肥","gid":"461063","time_insert":"2021-07-31 22:50"}
2023-12-12 00:23:33 查询号码 【1822588】，GSD为【"安徽-合肥"】

2023-12-12 00:23:34 开始第 2687 次操作

2023-12-12 00:23:34 开始操作号码 【1822589】
2023-12-12 00:23:37 GSD getOne 第 1 次 等待 3 秒
2023-12-12 00:23:40 查询号码 【1822589】，返回信息 {"status":"ok","msg":"安徽-合肥","gid":"461053","time_insert":"2021-07-31 22:50"}
2023-12-12 00:23:40 查询号码 【1822589】，GSD为【"安徽-合肥"】

2023-12-12 00:23:41 开始第 2688 次操作

2023-12-12 00:23:41 开始操作号码 【1822590】
2023-12-12 00:23:46 GSD getOne 第 1 次 等待 3 秒
2023-12-12 00:23:49 查询号码 【1822590】，返回信息 {"status":"ok","msg":"安徽-蚌埠","gid":"461043","time_insert":"2021-07-31 22:49"}
2023-12-12 00:23:49 查询号码 【1822590】，GSD为【"安徽-蚌埠"】

