2021-07-23 00:00:04 开始第 17 次操作

2021-07-23 00:00:04 开始操作号码 【1377441】
2021-07-23 00:00:12 GSD getOne 第 1 次 等待 3 秒
2021-07-23 00:00:15 查询号码 【1377441】，返回信息 {"status":"bad","msg":""}
2021-07-23 00:00:15 查询号码 【1377441】，GSD为【""】
2021-07-23 00:00:15 bad
2021-07-23 00:00:16 CHB 1377441?1626969615 第 1 次 等待 3 秒
2021-07-23 00:00:19 CHB 1377441?1626969615 第 1 次 获取到号码【1377441】GSD
2021-07-23 00:00:19 获取到号码【1377441】的GSD为【上海-上海】
2021-07-23 00:00:23 GSD insert 第 1 次 等待 3 秒
2021-07-23 00:00:26 {"status":"ok","gid":360185,"msg":"添加成功！"}
2021-07-23 00:00:26 下次操作: 2021-07-23 00:00:41

2021-07-23 00:00:41 开始第 18 次操作

2021-07-23 00:00:41 开始操作号码 【1377440】
2021-07-23 00:00:50 GSD getOne 第 1 次 等待 3 秒
2021-07-23 00:00:53 查询号码 【1377440】，返回信息 {"status":"bad","msg":""}
2021-07-23 00:00:53 查询号码 【1377440】，GSD为【""】
2021-07-23 00:00:53 bad
2021-07-23 00:00:55 CHB 1377440?1626969653 第 1 次 等待 3 秒
2021-07-23 00:00:58 CHB 1377440?1626969653 第 1 次 获取到号码【1377440】GSD
2021-07-23 00:00:58 获取到号码【1377440】的GSD为【上海-上海】
2021-07-23 00:01:01 GSD insert 第 1 次 等待 3 秒
2021-07-23 00:01:04 {"status":"ok","gid":360195,"msg":"添加成功！"}
2021-07-23 00:01:04 下次操作: 2021-07-23 00:01:24

2021-07-23 00:01:24 开始第 19 次操作

2021-07-23 00:01:24 开始操作号码 【1377439】
2021-07-23 00:01:28 GSD getOne 第 1 次 等待 3 秒
2021-07-23 00:01:31 查询号码 【1377439】，返回信息 {"status":"bad","msg":""}
2021-07-23 00:01:31 查询号码 【1377439】，GSD为【""】
2021-07-23 00:01:31 bad
2021-07-23 00:01:34 CHB 1377439?1626969691 第 1 次 等待 3 秒
2021-07-23 00:01:37 CHB 1377439?1626969691 第 1 次 获取到号码【1377439】GSD
2021-07-23 00:01:37 获取到号码【1377439】的GSD为【上海-上海】
2021-07-23 00:01:39 GSD insert 第 1 次 等待 3 秒
2021-07-23 00:01:42 {"status":"ok","gid":360202,"msg":"添加成功！"}
2021-07-23 00:01:42 下次操作: 2021-07-23 00:02:00

2021-07-23 00:02:00 开始第 20 次操作

2021-07-23 00:02:00 开始操作号码 【1377438】
2021-07-23 00:02:03 GSD getOne 第 1 次 等待 3 秒
2021-07-23 00:02:06 查询号码 【1377438】，返回信息 {"status":"bad","msg":""}
2021-07-23 00:02:06 查询号码 【1377438】，GSD为【""】
2021-07-23 00:02:06 bad
2021-07-23 00:02:07 CHB 1377438?1626969726 第 1 次 等待 3 秒
2021-07-23 00:02:10 CHB 1377438?1626969726 第 1 次 获取到号码【1377438】GSD
2021-07-23 00:02:10 获取到号码【1377438】的GSD为【上海-上海】
2021-07-23 00:02:13 GSD insert 第 1 次 等待 3 秒
2021-07-23 00:02:16 {"status":"ok","gid":360209,"msg":"添加成功！"}
2021-07-23 00:02:16 下次操作: 2021-07-23 00:02:37

2021-07-23 00:02:37 开始第 21 次操作

2021-07-23 00:02:37 开始操作号码 【1377437】
2021-07-23 00:02:42 GSD getOne 第 1 次 等待 3 秒
2021-07-23 00:02:45 查询号码 【1377437】，返回信息 {"status":"ok","msg":"上海-上海","gid":"10474","time_insert":"2017-04-20 15:28","time_update":"2020-12-30 12:20"}
2021-07-23 00:02:45 查询号码 【1377437】，GSD为【"上海-上海"】

2021-07-23 00:02:45 开始第 21 次操作

2021-07-23 00:02:45 开始操作号码 【1377436】
2021-07-23 00:02:48 GSD getOne 第 1 次 等待 3 秒
2021-07-23 00:02:51 查询号码 【1377436】，返回信息 {"status":"bad","msg":""}
2021-07-23 00:02:51 查询号码 【1377436】，GSD为【""】
2021-07-23 00:02:51 bad
2021-07-23 00:02:52 CHB 1377436?1626969771 第 1 次 等待 3 秒
2021-07-23 00:02:55 CHB 1377436?1626969771 第 1 次 获取到号码【1377436】GSD
2021-07-23 00:02:55 获取到号码【1377436】的GSD为【上海-上海】
2021-07-23 00:02:58 GSD insert 第 1 次 等待 3 秒
2021-07-23 00:03:01 {"status":"ok","gid":360222,"msg":"添加成功！"}
2021-07-23 00:03:01 下次操作: 2021-07-23 00:03:17

2021-07-23 00:03:17 开始第 22 次操作

2021-07-23 00:03:17 开始操作号码 【1377435】
2021-07-23 00:03:21 GSD getOne 第 1 次 等待 3 秒
2021-07-23 00:03:24 查询号码 【1377435】，返回信息 {"status":"bad","msg":""}
2021-07-23 00:03:24 查询号码 【1377435】，GSD为【""】
2021-07-23 00:03:24 bad
2021-07-23 00:03:26 CHB 1377435?1626969804 第 1 次 等待 3 秒
2021-07-23 00:03:29 CHB 1377435?1626969804 第 1 次 获取到号码【1377435】GSD
2021-07-23 00:03:29 获取到号码【1377435】的GSD为【上海-上海】
2021-07-23 00:03:32 GSD insert 第 1 次 等待 3 秒
2021-07-23 00:03:35 {"status":"ok","gid":360229,"msg":"添加成功！"}
2021-07-23 00:03:35 下次操作: 2021-07-23 00:03:58

2021-07-23 00:03:58 开始第 23 次操作

2021-07-23 00:03:58 开始操作号码 【1377434】
2021-07-23 00:04:01 GSD getOne 第 1 次 等待 3 秒
2021-07-23 00:04:04 查询号码 【1377434】，返回信息 {"status":"bad","msg":""}
2021-07-23 00:04:04 查询号码 【1377434】，GSD为【""】
2021-07-23 00:04:04 bad
2021-07-23 00:04:06 CHB 1377434?1626969844 第 1 次 等待 3 秒
2021-07-23 00:04:09 CHB 1377434?1626969844 第 1 次 获取到号码【1377434】GSD
2021-07-23 00:04:09 获取到号码【1377434】的GSD为【上海-上海】
2021-07-23 00:04:29 GSD insert 第 1 次 等待 3 秒
2021-07-23 00:04:32 {"status":"ok","gid":360241,"msg":"添加成功！"}
2021-07-23 00:04:32 下次操作: 2021-07-23 00:04:54

2021-07-23 00:04:54 开始第 24 次操作

2021-07-23 00:04:54 开始操作号码 【1377433】
2021-07-23 00:04:57 GSD getOne 第 1 次 等待 3 秒
2021-07-23 00:05:00 查询号码 【1377433】，返回信息 {"status":"bad","msg":""}
2021-07-23 00:05:00 查询号码 【1377433】，GSD为【""】
2021-07-23 00:05:00 bad
2021-07-23 00:05:03 CHB 1377433?1626969900 第 1 次 等待 3 秒
2021-07-23 00:05:06 CHB 1377433?1626969900 第 1 次 获取到号码【1377433】GSD
2021-07-23 00:05:06 获取到号码【1377433】的GSD为【上海-上海】
2021-07-23 00:05:11 GSD insert 第 1 次 等待 3 秒
2021-07-23 00:05:14 {"status":"ok","gid":360249,"msg":"添加成功！"}
2021-07-23 00:05:14 下次操作: 2021-07-23 00:05:38

2021-07-23 00:05:38 开始第 25 次操作

2021-07-23 00:05:38 开始操作号码 【1377432】
2021-07-23 00:05:40 GSD getOne 第 1 次 等待 3 秒
2021-07-23 00:05:43 查询号码 【1377432】，返回信息 {"status":"bad","msg":""}
2021-07-23 00:05:43 查询号码 【1377432】，GSD为【""】
2021-07-23 00:05:43 bad
2021-07-23 00:05:49 CHB 1377432?1626969943 第 1 次 等待 3 秒
2021-07-23 00:05:52 CHB 1377432?1626969943 第 1 次 获取到号码【1377432】GSD
2021-07-23 00:05:52 获取到号码【1377432】的GSD为【上海-上海】
2021-07-23 00:05:54 GSD insert 第 1 次 等待 3 秒
2021-07-23 00:05:57 {"status":"ok","gid":360259,"msg":"添加成功！"}
2021-07-23 00:05:57 下次操作: 2021-07-23 00:06:20

2021-07-23 00:06:20 开始第 26 次操作

2021-07-23 00:06:20 开始操作号码 【1377431】
2021-07-23 00:06:25 GSD getOne 第 1 次 等待 3 秒
2021-07-23 00:06:28 查询号码 【1377431】，返回信息 {"status":"ok","msg":"上海-上海","gid":"10473","time_insert":"2018-01-02 08:00","time_update":"2020-12-30 12:40"}
2021-07-23 00:06:28 查询号码 【1377431】，GSD为【"上海-上海"】

2021-07-23 00:06:28 开始第 26 次操作

2021-07-23 00:06:28 开始操作号码 【1377430】
2021-07-23 00:06:30 GSD getOne 第 1 次 等待 3 秒
2021-07-23 00:06:33 查询号码 【1377430】，返回信息 {"status":"bad","msg":""}
2021-07-23 00:06:34 查询号码 【1377430】，GSD为【""】
2021-07-23 00:06:34 bad
2021-07-23 00:06:36 CHB 1377430?1626969994 第 1 次 等待 3 秒
2021-07-23 00:06:39 CHB 1377430?1626969994 第 1 次 获取到号码【1377430】GSD
2021-07-23 00:06:39 获取到号码【1377430】的GSD为【上海-上海】
2021-07-23 00:06:44 GSD insert 第 1 次 等待 3 秒
2021-07-23 00:06:47 {"status":"ok","gid":360268,"msg":"添加成功！"}
2021-07-23 00:06:47 下次操作: 2021-07-23 00:07:11

2021-07-23 00:07:11 开始第 27 次操作

2021-07-23 00:07:11 开始操作号码 【1377429】
2021-07-23 00:07:14 GSD getOne 第 1 次 等待 3 秒
2021-07-23 00:07:17 查询号码 【1377429】，返回信息 {"status":"bad","msg":""}
2021-07-23 00:07:17 查询号码 【1377429】，GSD为【""】
2021-07-23 00:07:17 bad
2021-07-23 00:07:19 CHB 1377429?1626970037 第 1 次 等待 3 秒
2021-07-23 00:07:22 CHB 1377429?1626970037 第 1 次 获取到号码【1377429】GSD
2021-07-23 00:07:22 获取到号码【1377429】的GSD为【上海-上海】
2021-07-23 00:07:24 GSD insert 第 1 次 等待 3 秒
2021-07-23 00:07:27 {"status":"ok","gid":360280,"msg":"添加成功！"}
2021-07-23 00:07:27 下次操作: 2021-07-23 00:07:40

2021-07-23 00:07:40 开始第 28 次操作

2021-07-23 00:07:40 开始操作号码 【1377428】
2021-07-23 00:07:44 GSD getOne 第 1 次 等待 3 秒
2021-07-23 00:07:47 查询号码 【1377428】，返回信息 {"status":"bad","msg":""}
2021-07-23 00:07:47 查询号码 【1377428】，GSD为【""】
2021-07-23 00:07:47 bad
2021-07-23 00:07:48 CHB 1377428?1626970067 第 1 次 等待 3 秒
2021-07-23 00:07:51 CHB 1377428?1626970067 第 1 次 获取到号码【1377428】GSD
2021-07-23 00:07:51 获取到号码【1377428】的GSD为【上海-上海】
2021-07-23 00:07:55 GSD insert 第 1 次 等待 3 秒
2021-07-23 00:07:58 {"status":"ok","gid":360286,"msg":"添加成功！"}
2021-07-23 00:07:58 下次操作: 2021-07-23 00:08:11

2021-07-23 00:08:12 开始第 29 次操作

2021-07-23 00:08:12 开始操作号码 【1377427】
2021-07-23 00:08:14 GSD getOne 第 1 次 等待 3 秒
2021-07-23 00:08:17 查询号码 【1377427】，返回信息 {"status":"bad","msg":""}
2021-07-23 00:08:17 查询号码 【1377427】，GSD为【""】
2021-07-23 00:08:17 bad
2021-07-23 00:08:19 CHB 1377427?1626970097 第 1 次 等待 3 秒
2021-07-23 00:08:22 CHB 1377427?1626970097 第 1 次 获取到号码【1377427】GSD
2021-07-23 00:08:22 获取到号码【1377427】的GSD为【上海-上海】
2021-07-23 00:08:25 GSD insert 第 1 次 等待 3 秒
2021-07-23 00:08:28 {"status":"ok","gid":360293,"msg":"添加成功！"}
2021-07-23 00:08:28 下次操作: 2021-07-23 00:08:47

2021-07-23 00:08:47 开始第 30 次操作

2021-07-23 00:08:47 开始操作号码 【1377426】
2021-07-23 00:08:49 GSD getOne 第 1 次 等待 3 秒
2021-07-23 00:08:52 查询号码 【1377426】，返回信息 {"status":"bad","msg":""}
2021-07-23 00:08:52 查询号码 【1377426】，GSD为【""】
2021-07-23 00:08:53 bad
2021-07-23 00:08:54 CHB 1377426?1626970133 第 1 次 等待 3 秒
2021-07-23 00:08:57 CHB 1377426?1626970133 第 1 次 获取到号码【1377426】GSD
2021-07-23 00:08:57 获取到号码【1377426】的GSD为【上海-上海】
2021-07-23 00:09:00 GSD insert 第 1 次 等待 3 秒
2021-07-23 00:09:03 {"status":"ok","gid":360300,"msg":"添加成功！"}
2021-07-23 00:09:03 下次操作: 2021-07-23 00:09:18

2021-07-23 00:09:18 开始第 31 次操作

2021-07-23 00:09:18 开始操作号码 【1377425】
2021-07-23 00:09:25 GSD getOne 第 1 次 等待 3 秒
2021-07-23 00:09:28 查询号码 【1377425】，返回信息 {"status":"bad","msg":""}
2021-07-23 00:09:28 查询号码 【1377425】，GSD为【""】
2021-07-23 00:09:29 bad
2021-07-23 00:09:30 CHB 1377425?1626970169 第 1 次 等待 3 秒
2021-07-23 00:09:33 CHB 1377425?1626970169 第 1 次 获取到号码【1377425】GSD
2021-07-23 00:09:33 获取到号码【1377425】的GSD为【上海-上海】
2021-07-23 00:09:35 GSD insert 第 1 次 等待 3 秒
2021-07-23 00:09:38 {"status":"ok","gid":360306,"msg":"添加成功！"}
2021-07-23 00:09:38 下次操作: 2021-07-23 00:09:53

2021-07-23 00:09:53 开始第 32 次操作

2021-07-23 00:09:53 开始操作号码 【1377424】
2021-07-23 00:09:56 GSD getOne 第 1 次 等待 3 秒
2021-07-23 00:09:59 查询号码 【1377424】，返回信息 {"status":"bad","msg":""}
2021-07-23 00:09:59 查询号码 【1377424】，GSD为【""】
2021-07-23 00:09:59 bad
2021-07-23 00:10:01 CHB 1377424?1626970199 第 1 次 等待 3 秒
2021-07-23 00:10:04 CHB 1377424?1626970199 第 1 次 获取到号码【1377424】GSD
2021-07-23 00:10:04 获取到号码【1377424】的GSD为【上海-上海】
2021-07-23 00:10:10 GSD insert 第 1 次 等待 3 秒
2021-07-23 00:10:13 {"status":"ok","gid":360316,"msg":"添加成功！"}
2021-07-23 00:10:13 下次操作: 2021-07-23 00:10:36

2021-07-23 00:10:36 开始第 33 次操作

2021-07-23 00:10:36 开始操作号码 【1377423】
2021-07-23 00:10:38 GSD getOne 第 1 次 等待 3 秒
2021-07-23 00:10:41 查询号码 【1377423】，返回信息 {"status":"bad","msg":""}
2021-07-23 00:10:41 查询号码 【1377423】，GSD为【""】
2021-07-23 00:10:41 bad
2021-07-23 00:10:43 CHB 1377423?1626970241 第 1 次 等待 3 秒
2021-07-23 00:10:46 CHB 1377423?1626970241 第 1 次 获取到号码【1377423】GSD
2021-07-23 00:10:46 获取到号码【1377423】的GSD为【上海-上海】
2021-07-23 00:10:50 GSD insert 第 1 次 等待 3 秒
2021-07-23 00:10:53 {"status":"ok","gid":360323,"msg":"添加成功！"}
2021-07-23 00:10:53 下次操作: 2021-07-23 00:11:12

2021-07-23 00:11:12 开始第 34 次操作

2021-07-23 00:11:12 开始操作号码 【1377422】
2021-07-23 00:11:17 GSD getOne 第 1 次 等待 3 秒
2021-07-23 00:11:20 查询号码 【1377422】，返回信息 {"status":"bad","msg":""}
2021-07-23 00:11:20 查询号码 【1377422】，GSD为【""】
2021-07-23 00:11:20 bad
2021-07-23 00:11:22 CHB 1377422?1626970280 第 1 次 等待 3 秒
2021-07-23 00:11:25 CHB 1377422?1626970280 第 1 次 获取到号码【1377422】GSD
2021-07-23 00:11:25 获取到号码【1377422】的GSD为【上海-上海】
2021-07-23 00:11:27 GSD insert 第 1 次 等待 3 秒
2021-07-23 00:11:30 {"status":"ok","gid":360331,"msg":"添加成功！"}
2021-07-23 00:11:30 下次操作: 2021-07-23 00:11:52

2021-07-23 00:11:52 开始第 35 次操作

2021-07-23 00:11:52 开始操作号码 【1377421】
2021-07-23 00:11:55 GSD getOne 第 1 次 等待 3 秒
2021-07-23 00:11:58 查询号码 【1377421】，返回信息 {"status":"bad","msg":""}
2021-07-23 00:11:59 查询号码 【1377421】，GSD为【""】
2021-07-23 00:11:59 bad
2021-07-23 00:12:01 CHB 1377421?1626970319 第 1 次 等待 3 秒
2021-07-23 00:12:04 CHB 1377421?1626970319 第 1 次 获取到号码【1377421】GSD
2021-07-23 00:12:04 获取到号码【1377421】的GSD为【上海-上海】
2021-07-23 00:12:12 GSD insert 第 1 次 等待 3 秒
2021-07-23 00:12:15 {"status":"ok","gid":360341,"msg":"添加成功！"}
2021-07-23 00:12:15 下次操作: 2021-07-23 00:12:37

2021-07-23 00:12:37 开始第 36 次操作

2021-07-23 00:12:37 开始操作号码 【1377420】
2021-07-23 00:12:39 GSD getOne 第 1 次 等待 3 秒
2021-07-23 00:12:42 查询号码 【1377420】，返回信息 {"status":"bad","msg":""}
2021-07-23 00:12:42 查询号码 【1377420】，GSD为【""】
2021-07-23 00:12:42 bad
2021-07-23 00:12:45 CHB 1377420?1626970362 第 1 次 等待 3 秒
2021-07-23 00:12:48 CHB 1377420?1626970362 第 1 次 获取到号码【1377420】GSD
2021-07-23 00:12:48 获取到号码【1377420】的GSD为【上海-上海】
2021-07-23 00:12:52 GSD insert 第 1 次 等待 3 秒
2021-07-23 00:12:55 {"status":"ok","gid":360348,"msg":"添加成功！"}
2021-07-23 00:12:55 下次操作: 2021-07-23 00:13:10

2021-07-23 00:13:10 开始第 37 次操作

2021-07-23 00:13:10 开始操作号码 【1377419】
2021-07-23 00:13:12 GSD getOne 第 1 次 等待 3 秒
2021-07-23 00:13:16 查询号码 【1377419】，返回信息 {"status":"bad","msg":""}
2021-07-23 00:13:16 查询号码 【1377419】，GSD为【""】
2021-07-23 00:13:16 bad
2021-07-23 00:13:18 CHB 1377419?1626970396 第 1 次 等待 3 秒
2021-07-23 00:13:21 CHB 1377419?1626970396 第 1 次 获取到号码【1377419】GSD
2021-07-23 00:13:21 获取到号码【1377419】的GSD为【湖北-宜昌】
2021-07-23 00:13:23 GSD insert 第 1 次 等待 3 秒
2021-07-23 00:13:26 {"status":"ok","gid":360353,"msg":"添加成功！"}
2021-07-23 00:13:26 下次操作: 2021-07-23 00:13:48

2021-07-23 00:13:48 开始第 38 次操作

2021-07-23 00:13:48 开始操作号码 【1377418】
2021-07-23 00:13:51 GSD getOne 第 1 次 等待 3 秒
2021-07-23 00:13:54 查询号码 【1377418】，返回信息 {"status":"bad","msg":""}
2021-07-23 00:13:54 查询号码 【1377418】，GSD为【""】
2021-07-23 00:13:54 bad
2021-07-23 00:13:56 CHB 1377418?1626970434 第 1 次 等待 3 秒
2021-07-23 00:13:59 CHB 1377418?1626970434 第 1 次 获取到号码【1377418】GSD
2021-07-23 00:13:59 获取到号码【1377418】的GSD为【湖北-襄阳】
2021-07-23 00:14:02 GSD insert 第 1 次 等待 3 秒
2021-07-23 00:14:05 {"status":"ok","gid":360360,"msg":"添加成功！"}
2021-07-23 00:14:05 下次操作: 2021-07-23 00:14:29

2021-07-23 00:14:29 开始第 39 次操作

2021-07-23 00:14:29 开始操作号码 【1377417】
2021-07-23 00:14:31 GSD getOne 第 1 次 等待 3 秒
2021-07-23 00:14:34 查询号码 【1377417】，返回信息 {"status":"ok","msg":"湖北-襄阳","gid":"50165","time_insert":"2021-04-21 15:29"}
2021-07-23 00:14:34 查询号码 【1377417】，GSD为【"湖北-襄阳"】

2021-07-23 00:14:34 开始第 39 次操作

2021-07-23 00:14:34 开始操作号码 【1377416】
2021-07-23 00:14:42 GSD getOne 第 1 次 等待 3 秒
2021-07-23 00:14:45 查询号码 【1377416】，返回信息 {"status":"ok","msg":"湖北-襄阳","gid":"10472","time_insert":"2018-06-08 16:12","time_update":"2020-09-15 18:44"}
2021-07-23 00:14:45 查询号码 【1377416】，GSD为【"湖北-襄阳"】

2021-07-23 00:14:45 开始第 39 次操作

2021-07-23 00:14:45 开始操作号码 【1377415】
2021-07-23 00:14:49 GSD getOne 第 1 次 等待 3 秒
2021-07-23 00:14:52 查询号码 【1377415】，返回信息 {"status":"bad","msg":""}
2021-07-23 00:14:52 查询号码 【1377415】，GSD为【""】
2021-07-23 00:14:52 bad
2021-07-23 00:14:54 CHB 1377415?1626970492 第 1 次 等待 3 秒
2021-07-23 00:14:57 CHB 1377415?1626970492 第 1 次 获取到号码【1377415】GSD
2021-07-23 00:14:57 获取到号码【1377415】的GSD为【湖北-襄阳】
2021-07-23 00:14:59 GSD insert 第 1 次 等待 3 秒
2021-07-23 00:15:02 {"status":"ok","gid":360366,"msg":"添加成功！"}
2021-07-23 00:15:02 下次操作: 2021-07-23 00:15:22

2021-07-23 00:15:22 开始第 40 次操作

2021-07-23 00:15:22 开始操作号码 【1377414】
2021-07-23 00:15:27 GSD getOne 第 1 次 等待 3 秒
2021-07-23 00:15:30 查询号码 【1377414】，返回信息 {"status":"ok","msg":"湖北-随州","gid":"10471","time_insert":"2017-04-19 11:23","time_update":"2020-09-15 18:44"}
2021-07-23 00:15:30 查询号码 【1377414】，GSD为【"湖北-随州"】

2021-07-23 00:15:30 开始第 40 次操作

2021-07-23 00:15:30 开始操作号码 【1377413】
2021-07-23 00:15:33 GSD getOne 第 1 次 等待 3 秒
2021-07-23 00:15:36 查询号码 【1377413】，返回信息 {"status":"bad","msg":""}
2021-07-23 00:15:36 查询号码 【1377413】，GSD为【""】
2021-07-23 00:15:36 bad
2021-07-23 00:15:38 CHB 1377413?1626970536 第 1 次 等待 3 秒
2021-07-23 00:15:41 CHB 1377413?1626970536 第 1 次 获取到号码【1377413】GSD
2021-07-23 00:15:41 获取到号码【1377413】的GSD为【湖北-随州】
2021-07-23 00:15:47 GSD insert 第 1 次 等待 3 秒
2021-07-23 00:15:50 {"status":"ok","gid":360373,"msg":"添加成功！"}

