2024-04-24 00:20:42 开始第 5173 次操作

2024-04-24 00:20:42 开始操作号码 【1605074】
2024-04-24 00:20:48 GSD getOne 第 1 次 等待 3 秒
2024-04-24 00:20:51 查询号码 【1605074】，返回信息 {"status":"ok","msg":"-","gid":"622815","time_insert":"2023-03-30 03:10"}
2024-04-24 00:20:51 查询号码 【1605074】，GSD为【"-"】
2024-04-24 00:20:51 ok && -
2024-04-24 00:20:53 CHB 1605074?1713889251 第 1 次 等待 3 秒
2024-04-24 00:20:56 CHB 1605074?1713889251 第 1 次 获取到号码【1605074】GSD
2024-04-24 00:20:56 未获取到号码【1605074】GSD，可能号码格式错误
2024-04-24 00:20:56 获取到号码【1605074】的GSD为【-】
2024-04-24 00:21:02 GSD insert 第 1 次 等待 3 秒
2024-04-24 00:21:05 {"status":"bad","gid":"622815","msg":"添加失败！号码【1605074(-|-)】已存在！"}
2024-04-24 00:21:05 随机等待 202 秒，约 3 分钟
2024-04-24 00:21:05 下次操作: 2024-04-24 00:24:27

2024-04-24 00:24:27 开始第 5174 次操作

2024-04-24 00:24:27 开始操作号码 【1605075】
2024-04-24 00:24:32 GSD getOne 第 1 次 等待 3 秒
2024-04-24 00:24:35 查询号码 【1605075】，返回信息 {"status":"ok","msg":"-","gid":"622832","time_insert":"2023-03-30 03:21"}
2024-04-24 00:24:35 查询号码 【1605075】，GSD为【"-"】
2024-04-24 00:24:35 ok && -
2024-04-24 00:24:38 CHB 1605075?1713889475 第 1 次 等待 3 秒
2024-04-24 00:24:41 CHB 1605075?1713889475 第 1 次 获取到号码【1605075】GSD
2024-04-24 00:24:41 未获取到号码【1605075】GSD，可能号码格式错误
2024-04-24 00:24:41 获取到号码【1605075】的GSD为【-】
2024-04-24 00:24:47 GSD insert 第 1 次 等待 3 秒
2024-04-24 00:24:50 {"status":"bad","gid":"622832","msg":"添加失败！号码【1605075(-|-)】已存在！"}
2024-04-24 00:24:50 随机等待 202 秒，约 3 分钟
2024-04-24 00:24:50 下次操作: 2024-04-24 00:28:12

2024-04-24 00:28:12 开始第 5175 次操作

2024-04-24 00:28:12 开始操作号码 【1605076】
2024-04-24 00:28:16 GSD getOne 第 1 次 等待 3 秒
2024-04-24 00:28:19 查询号码 【1605076】，返回信息 {"status":"ok","msg":"-","gid":"622863","time_insert":"2023-03-30 03:37"}
2024-04-24 00:28:19 查询号码 【1605076】，GSD为【"-"】
2024-04-24 00:28:19 ok && -
2024-04-24 00:28:26 CHB 1605076?1713889699 第 1 次 等待 3 秒
2024-04-24 00:28:29 CHB 1605076?1713889699 第 1 次 获取到号码【1605076】GSD
2024-04-24 00:28:29 未获取到号码【1605076】GSD，可能号码格式错误
2024-04-24 00:28:29 获取到号码【1605076】的GSD为【-】
2024-04-24 00:28:35 GSD insert 第 1 次 等待 3 秒
2024-04-24 00:28:38 {"status":"bad","gid":"622863","msg":"添加失败！号码【1605076(-|-)】已存在！"}
2024-04-24 00:28:38 随机等待 117 秒，约 1 分钟
2024-04-24 00:28:38 下次操作: 2024-04-24 00:30:35

2024-04-24 00:30:35 开始第 5176 次操作

2024-04-24 00:30:35 开始操作号码 【1605077】
2024-04-24 00:30:41 GSD getOne 第 1 次 等待 3 秒
2024-04-24 00:30:44 查询号码 【1605077】，返回信息 {"status":"ok","msg":"-","gid":"622894","time_insert":"2023-03-30 03:55"}
2024-04-24 00:30:44 查询号码 【1605077】，GSD为【"-"】
2024-04-24 00:30:44 ok && -
2024-04-24 00:30:46 CHB 1605077?1713889844 第 1 次 等待 3 秒
2024-04-24 00:30:49 CHB 1605077?1713889844 第 1 次 获取到号码【1605077】GSD
2024-04-24 00:30:49 未获取到号码【1605077】GSD，可能号码格式错误
2024-04-24 00:30:49 获取到号码【1605077】的GSD为【-】
2024-04-24 00:30:55 GSD insert 第 1 次 等待 3 秒
2024-04-24 00:30:58 {"status":"bad","gid":"622894","msg":"添加失败！号码【1605077(-|-)】已存在！"}

