2024-07-11 00:22:56 开始第 5301 次操作

2024-07-11 00:22:56 开始操作号码 【1495190】
2024-07-11 00:23:07 GSD getOne 第 1 次 等待 3 秒
2024-07-11 00:23:10 查询号码 【1495190】，返回信息 {"status":"ok","msg":"-","gid":"313499","time_insert":"2021-07-18 10:53"}
2024-07-11 00:23:10 查询号码 【1495190】，GSD为【"-"】
2024-07-11 00:23:10 ok && -
2024-07-11 00:23:13 CHB 1495190?1720628590 第 1 次 等待 3 秒
2024-07-11 00:23:16 CHB 1495190?1720628590 第 1 次 获取到号码【1495190】GSD
2024-07-11 00:23:16 未获取到号码【1495190】GSD，可能号码格式错误
2024-07-11 00:23:16 获取到号码【1495190】的GSD为【-】
2024-07-11 00:23:26 GSD insert 第 1 次 等待 3 秒
2024-07-11 00:23:29 {"status":"bad","gid":"313499","msg":"添加失败！号码【1495190(-|-)】已存在！"}
2024-07-11 00:23:29 随机等待 121 秒，约 2 分钟
2024-07-11 00:23:29 下次操作: 2024-07-11 00:25:30

2024-07-11 00:25:30 开始第 5302 次操作

2024-07-11 00:25:30 开始操作号码 【1495191】
2024-07-11 00:25:39 GSD getOne 第 1 次 等待 3 秒
2024-07-11 00:25:42 查询号码 【1495191】，返回信息 {"status":"ok","msg":"-","gid":"313507","time_insert":"2021-07-18 10:53"}
2024-07-11 00:25:42 查询号码 【1495191】，GSD为【"-"】
2024-07-11 00:25:42 ok && -
2024-07-11 00:25:44 CHB 1495191?1720628742 第 1 次 等待 3 秒
2024-07-11 00:25:47 CHB 1495191?1720628742 第 1 次 获取到号码【1495191】GSD
2024-07-11 00:25:47 未获取到号码【1495191】GSD，可能号码格式错误
2024-07-11 00:25:47 获取到号码【1495191】的GSD为【-】
2024-07-11 00:25:56 GSD insert 第 1 次 等待 3 秒
2024-07-11 00:25:59 {"status":"bad","gid":"313507","msg":"添加失败！号码【1495191(-|-)】已存在！"}
2024-07-11 00:25:59 随机等待 120 秒，约 2 分钟
2024-07-11 00:25:59 下次操作: 2024-07-11 00:27:59

2024-07-11 00:27:59 开始第 5303 次操作

2024-07-11 00:27:59 开始操作号码 【1495192】
2024-07-11 00:28:07 GSD getOne 第 1 次 等待 3 秒
2024-07-11 00:28:10 查询号码 【1495192】，返回信息 {"status":"ok","msg":"-","gid":"313530","time_insert":"2021-07-18 10:55"}
2024-07-11 00:28:10 查询号码 【1495192】，GSD为【"-"】
2024-07-11 00:28:10 ok && -
2024-07-11 00:28:12 CHB 1495192?1720628890 第 1 次 等待 3 秒
2024-07-11 00:28:15 CHB 1495192?1720628890 第 1 次 获取到号码【1495192】GSD
2024-07-11 00:28:15 未获取到号码【1495192】GSD，可能号码格式错误
2024-07-11 00:28:15 获取到号码【1495192】的GSD为【-】
2024-07-11 00:28:23 GSD insert 第 1 次 等待 3 秒
2024-07-11 00:28:26 {"status":"bad","gid":"313530","msg":"添加失败！号码【1495192(-|-)】已存在！"}
2024-07-11 00:28:26 随机等待 97 秒，约 1 分钟
2024-07-11 00:28:26 下次操作: 2024-07-11 00:30:03

2024-07-11 00:30:03 开始第 5304 次操作

2024-07-11 00:30:03 开始操作号码 【1495193】
2024-07-11 00:30:11 GSD getOne 第 1 次 等待 3 秒
2024-07-11 00:30:14 查询号码 【1495193】，返回信息 {"status":"ok","msg":"-","gid":"313539","time_insert":"2021-07-18 10:55"}
2024-07-11 00:30:14 查询号码 【1495193】，GSD为【"-"】
2024-07-11 00:30:14 ok && -
2024-07-11 00:30:16 CHB 1495193?1720629014 第 1 次 等待 3 秒
2024-07-11 00:30:19 CHB 1495193?1720629014 第 1 次 获取到号码【1495193】GSD
2024-07-11 00:30:19 未获取到号码【1495193】GSD，可能号码格式错误
2024-07-11 00:30:19 获取到号码【1495193】的GSD为【-】
2024-07-11 00:30:27 GSD insert 第 1 次 等待 3 秒
2024-07-11 00:30:30 {"status":"bad","gid":"313539","msg":"添加失败！号码【1495193(-|-)】已存在！"}

2024-07-11 00:41:10 开始第 5305 次操作

2024-07-11 00:41:10 开始操作号码 【1495194】
2024-07-11 00:41:18 GSD getOne 第 1 次 等待 3 秒
2024-07-11 00:41:21 查询号码 【1495194】，返回信息 {"status":"ok","msg":"-","gid":"313548","time_insert":"2021-07-18 10:56"}
2024-07-11 00:41:22 查询号码 【1495194】，GSD为【"-"】
2024-07-11 00:41:22 ok && -
2024-07-11 00:41:24 CHB 1495194?1720629682 第 1 次 等待 3 秒
2024-07-11 00:41:27 CHB 1495194?1720629682 第 1 次 获取到号码【1495194】GSD
2024-07-11 00:41:27 未获取到号码【1495194】GSD，可能号码格式错误
2024-07-11 00:41:27 获取到号码【1495194】的GSD为【-】
2024-07-11 00:41:35 GSD insert 第 1 次 等待 3 秒
2024-07-11 00:41:38 {"status":"bad","gid":"313548","msg":"添加失败！号码【1495194(-|-)】已存在！"}
2024-07-11 00:41:38 随机等待 214 秒，约 3 分钟
2024-07-11 00:41:38 下次操作: 2024-07-11 00:45:12

2024-07-11 00:45:12 开始第 5306 次操作

2024-07-11 00:45:12 开始操作号码 【1495195】
2024-07-11 00:45:21 GSD getOne 第 1 次 等待 3 秒
2024-07-11 00:45:24 查询号码 【1495195】，返回信息 {"status":"ok","msg":"-","gid":"313557","time_insert":"2021-07-18 10:57"}
2024-07-11 00:45:24 查询号码 【1495195】，GSD为【"-"】
2024-07-11 00:45:24 ok && -
2024-07-11 00:45:26 CHB 1495195?1720629924 第 1 次 等待 3 秒
2024-07-11 00:45:29 CHB 1495195?1720629924 第 1 次 获取到号码【1495195】GSD
2024-07-11 00:45:29 未获取到号码【1495195】GSD，可能号码格式错误
2024-07-11 00:45:29 获取到号码【1495195】的GSD为【-】
2024-07-11 00:45:37 GSD insert 第 1 次 等待 3 秒
2024-07-11 00:45:40 {"status":"bad","gid":"313557","msg":"添加失败！号码【1495195(-|-)】已存在！"}
2024-07-11 00:45:40 随机等待 131 秒，约 2 分钟
2024-07-11 00:45:40 下次操作: 2024-07-11 00:47:51

2024-07-11 00:47:51 开始第 5307 次操作

2024-07-11 00:47:51 开始操作号码 【1495196】
2024-07-11 00:47:59 GSD getOne 第 1 次 等待 3 秒
2024-07-11 00:48:02 查询号码 【1495196】，返回信息 {"status":"ok","msg":"-","gid":"313565","time_insert":"2021-07-18 10:57"}
2024-07-11 00:48:02 查询号码 【1495196】，GSD为【"-"】
2024-07-11 00:48:02 ok && -
2024-07-11 00:48:04 CHB 1495196?1720630082 第 1 次 等待 3 秒
2024-07-11 00:48:07 CHB 1495196?1720630082 第 1 次 获取到号码【1495196】GSD
2024-07-11 00:48:07 未获取到号码【1495196】GSD，可能号码格式错误
2024-07-11 00:48:07 获取到号码【1495196】的GSD为【-】
2024-07-11 00:48:15 GSD insert 第 1 次 等待 3 秒
2024-07-11 00:48:18 {"status":"bad","gid":"313565","msg":"添加失败！号码【1495196(-|-)】已存在！"}
2024-07-11 00:48:18 随机等待 70 秒，约 1 分钟
2024-07-11 00:48:18 下次操作: 2024-07-11 00:49:28

2024-07-11 00:49:28 开始第 5308 次操作

2024-07-11 00:49:28 开始操作号码 【1495197】
2024-07-11 00:49:38 GSD getOne 第 1 次 等待 3 秒
2024-07-11 00:49:41 查询号码 【1495197】，返回信息 {"status":"ok","msg":"-","gid":"313573","time_insert":"2021-07-18 10:58"}
2024-07-11 00:49:41 查询号码 【1495197】，GSD为【"-"】
2024-07-11 00:49:41 ok && -
2024-07-11 00:49:43 CHB 1495197?1720630181 第 1 次 等待 3 秒
2024-07-11 00:49:46 CHB 1495197?1720630181 第 1 次 获取到号码【1495197】GSD
2024-07-11 00:49:46 未获取到号码【1495197】GSD，可能号码格式错误
2024-07-11 00:49:46 获取到号码【1495197】的GSD为【-】
2024-07-11 00:49:55 GSD insert 第 1 次 等待 3 秒
2024-07-11 00:49:58 {"status":"bad","gid":"313573","msg":"添加失败！号码【1495197(-|-)】已存在！"}

2024-07-11 01:15:36 开始第 5309 次操作

2024-07-11 01:15:36 开始操作号码 【1495198】
2024-07-11 01:15:45 GSD getOne 第 1 次 等待 3 秒
2024-07-11 01:15:48 查询号码 【1495198】，返回信息 {"status":"ok","msg":"-","gid":"313584","time_insert":"2021-07-18 10:58"}
2024-07-11 01:15:48 查询号码 【1495198】，GSD为【"-"】
2024-07-11 01:15:48 ok && -
2024-07-11 01:15:50 CHB 1495198?1720631748 第 1 次 等待 3 秒
2024-07-11 01:15:53 CHB 1495198?1720631748 第 1 次 获取到号码【1495198】GSD
2024-07-11 01:15:53 未获取到号码【1495198】GSD，可能号码格式错误
2024-07-11 01:15:53 获取到号码【1495198】的GSD为【-】
2024-07-11 01:16:01 GSD insert 第 1 次 等待 3 秒
2024-07-11 01:16:04 {"status":"bad","gid":"313584","msg":"添加失败！号码【1495198(-|-)】已存在！"}
2024-07-11 01:16:04 随机等待 194 秒，约 3 分钟
2024-07-11 01:16:04 下次操作: 2024-07-11 01:19:18

2024-07-11 01:19:18 开始第 5310 次操作

2024-07-11 01:19:18 开始操作号码 【1495199】
2024-07-11 01:19:26 GSD getOne 第 1 次 等待 3 秒
2024-07-11 01:19:29 查询号码 【1495199】，返回信息 {"status":"ok","msg":"-","gid":"313593","time_insert":"2021-07-18 10:59"}
2024-07-11 01:19:29 查询号码 【1495199】，GSD为【"-"】
2024-07-11 01:19:29 ok && -
2024-07-11 01:19:30 CHB 1495199?1720631969 第 1 次 等待 3 秒
2024-07-11 01:19:33 CHB 1495199?1720631969 第 1 次 获取到号码【1495199】GSD
2024-07-11 01:19:33 未获取到号码【1495199】GSD，可能号码格式错误
2024-07-11 01:19:33 获取到号码【1495199】的GSD为【-】
2024-07-11 01:19:41 GSD insert 第 1 次 等待 3 秒
2024-07-11 01:19:44 {"status":"bad","gid":"313593","msg":"添加失败！号码【1495199(-|-)】已存在！"}
2024-07-11 01:19:44 随机等待 69 秒，约 1 分钟
2024-07-11 01:19:44 下次操作: 2024-07-11 01:20:53

2024-07-11 01:20:54 开始第 5311 次操作

2024-07-11 01:20:54 开始操作号码 【1495200】
2024-07-11 01:21:01 GSD getOne 第 1 次 等待 3 秒
2024-07-11 01:21:04 查询号码 【1495200】，返回信息 {"status":"ok","msg":"-","gid":"313606","time_insert":"2021-07-18 11:00"}
2024-07-11 01:21:04 查询号码 【1495200】，GSD为【"-"】
2024-07-11 01:21:04 ok && -
2024-07-11 01:21:07 CHB 1495200?1720632064 第 1 次 等待 3 秒
2024-07-11 01:21:10 CHB 1495200?1720632064 第 1 次 获取到号码【1495200】GSD
2024-07-11 01:21:10 未获取到号码【1495200】GSD，可能号码格式错误
2024-07-11 01:21:10 获取到号码【1495200】的GSD为【-】
2024-07-11 01:21:18 GSD insert 第 1 次 等待 3 秒
2024-07-11 01:21:21 {"status":"bad","gid":"313606","msg":"添加失败！号码【1495200(-|-)】已存在！"}
2024-07-11 01:21:21 随机等待 152 秒，约 2 分钟
2024-07-11 01:21:21 下次操作: 2024-07-11 01:23:53

2024-07-11 01:23:53 开始第 5312 次操作

2024-07-11 01:23:53 开始操作号码 【1495201】
2024-07-11 01:24:01 GSD getOne 第 1 次 等待 3 秒
2024-07-11 01:24:04 查询号码 【1495201】，返回信息 {"status":"ok","msg":"-","gid":"313615","time_insert":"2021-07-18 11:00"}
2024-07-11 01:24:04 查询号码 【1495201】，GSD为【"-"】
2024-07-11 01:24:04 ok && -
2024-07-11 01:24:06 CHB 1495201?1720632244 第 1 次 等待 3 秒
2024-07-11 01:24:09 CHB 1495201?1720632244 第 1 次 获取到号码【1495201】GSD
2024-07-11 01:24:09 未获取到号码【1495201】GSD，可能号码格式错误
2024-07-11 01:24:09 获取到号码【1495201】的GSD为【-】
2024-07-11 01:24:17 GSD insert 第 1 次 等待 3 秒
2024-07-11 01:24:20 {"status":"bad","gid":"313615","msg":"添加失败！号码【1495201(-|-)】已存在！"}

