2024-10-04 00:18:24 开始第 8061 次操作

2024-10-04 00:18:24 开始操作号码 【1388060】
2024-10-04 00:18:26 GSD getOne 第 1 次 等待 3 秒
2024-10-04 00:18:29 查询号码 【1388060】，返回信息 {"status":"ok","msg":"四川-成都","gid":"11736","time_insert":"2018-01-19 16:38","time_update":"2020-10-15 07:46"}
2024-10-04 00:18:29 查询号码 【1388060】，GSD为【"四川-成都"】

2024-10-04 00:18:30 开始第 8062 次操作

2024-10-04 00:18:30 开始操作号码 【1388061】
2024-10-04 00:18:32 GSD getOne 第 1 次 等待 3 秒
2024-10-04 00:18:35 查询号码 【1388061】，返回信息 {"status":"ok","msg":"四川-成都","gid":"11737","time_insert":"2017-09-12 15:32","time_update":"2020-10-15 07:49"}
2024-10-04 00:18:35 查询号码 【1388061】，GSD为【"四川-成都"】

2024-10-04 00:18:36 开始第 8063 次操作

2024-10-04 00:18:36 开始操作号码 【1388062】
2024-10-04 00:18:38 GSD getOne 第 1 次 等待 3 秒
2024-10-04 00:18:41 查询号码 【1388062】，返回信息 {"status":"ok","msg":"四川-成都","gid":"11738","time_insert":"2016-12-18 10:03","time_update":"2020-10-15 07:53"}
2024-10-04 00:18:41 查询号码 【1388062】，GSD为【"四川-成都"】

2024-10-04 00:18:42 开始第 8064 次操作

2024-10-04 00:18:42 开始操作号码 【1388063】
2024-10-04 00:18:44 GSD getOne 第 1 次 等待 3 秒
2024-10-04 00:18:47 查询号码 【1388063】，返回信息 {"status":"ok","msg":"四川-成都","gid":"11739","time_insert":"2017-04-20 15:10","time_update":"2020-10-15 07:57"}
2024-10-04 00:18:47 查询号码 【1388063】，GSD为【"四川-成都"】

