2024-08-27 00:18:07 开始第 1369 次操作

2024-08-27 00:18:07 开始操作号码 【1381368】
2024-08-27 00:18:16 GSD getOne 第 1 次 等待 3 秒
2024-08-27 00:18:19 查询号码 【1381368】，返回信息 {"status":"ok","msg":"江苏-常州","gid":"67627","time_insert":"2021-05-25 10:59"}
2024-08-27 00:18:19 查询号码 【1381368】，GSD为【"江苏-常州"】

2024-08-27 00:18:20 开始第 1370 次操作

2024-08-27 00:18:20 开始操作号码 【1381369】
2024-08-27 00:18:28 GSD getOne 第 1 次 等待 3 秒
2024-08-27 00:18:31 查询号码 【1381369】，返回信息 {"status":"ok","msg":"江苏-常州","gid":"67629","time_insert":"2021-05-25 11:00"}
2024-08-27 00:18:31 查询号码 【1381369】，GSD为【"江苏-常州"】

2024-08-27 00:18:32 开始第 1371 次操作

2024-08-27 00:18:32 开始操作号码 【1381370】
2024-08-27 00:18:40 GSD getOne 第 1 次 等待 3 秒
2024-08-27 00:18:43 查询号码 【1381370】，返回信息 {"status":"ok","msg":"江苏-南通","gid":"67630","time_insert":"2021-05-25 11:01"}
2024-08-27 00:18:43 查询号码 【1381370】，GSD为【"江苏-南通"】

2024-08-27 00:18:44 开始第 1372 次操作

2024-08-27 00:18:44 开始操作号码 【1381371】
2024-08-27 00:18:52 GSD getOne 第 1 次 等待 3 秒
2024-08-27 00:18:55 查询号码 【1381371】，返回信息 {"status":"ok","msg":"江苏-南通","gid":"67635","time_insert":"2021-05-25 11:03"}
2024-08-27 00:18:55 查询号码 【1381371】，GSD为【"江苏-南通"】

2024-08-27 00:41:23 开始第 1373 次操作

2024-08-27 00:41:23 开始操作号码 【1381372】
2024-08-27 00:41:31 GSD getOne 第 1 次 等待 3 秒
2024-08-27 00:41:34 查询号码 【1381372】，返回信息 {"status":"ok","msg":"江苏-南通","gid":"67636","time_insert":"2021-05-25 11:03"}
2024-08-27 00:41:35 查询号码 【1381372】，GSD为【"江苏-南通"】

2024-08-27 00:41:36 开始第 1374 次操作

2024-08-27 00:41:36 开始操作号码 【1381373】
2024-08-27 00:41:43 GSD getOne 第 1 次 等待 3 秒
2024-08-27 00:41:46 查询号码 【1381373】，返回信息 {"status":"ok","msg":"江苏-南通","gid":"67638","time_insert":"2021-05-25 11:05"}
2024-08-27 00:41:46 查询号码 【1381373】，GSD为【"江苏-南通"】

2024-08-27 00:41:47 开始第 1375 次操作

2024-08-27 00:41:47 开始操作号码 【1381374】
2024-08-27 00:41:55 GSD getOne 第 1 次 等待 3 秒
2024-08-27 00:41:58 查询号码 【1381374】，返回信息 {"status":"ok","msg":"江苏-南通","gid":"67641","time_insert":"2021-05-25 11:06"}
2024-08-27 00:41:58 查询号码 【1381374】，GSD为【"江苏-南通"】

2024-08-27 00:41:59 开始第 1376 次操作

2024-08-27 00:41:59 开始操作号码 【1381375】
2024-08-27 00:42:06 GSD getOne 第 1 次 等待 3 秒
2024-08-27 00:42:09 查询号码 【1381375】，返回信息 {"status":"ok","msg":"江苏-南通","gid":"67642","time_insert":"2021-05-25 11:07"}
2024-08-27 00:42:10 查询号码 【1381375】，GSD为【"江苏-南通"】

2024-08-27 01:12:15 开始第 1377 次操作

2024-08-27 01:12:15 开始操作号码 【1381376】
2024-08-27 01:12:24 GSD getOne 第 1 次 等待 3 秒
2024-08-27 01:12:27 查询号码 【1381376】，返回信息 {"status":"ok","msg":"江苏-南通","gid":"67644","time_insert":"2021-05-25 11:08"}
2024-08-27 01:12:27 查询号码 【1381376】，GSD为【"江苏-南通"】

2024-08-27 01:12:28 开始第 1378 次操作

2024-08-27 01:12:28 开始操作号码 【1381377】
2024-08-27 01:12:36 GSD getOne 第 1 次 等待 3 秒
2024-08-27 01:12:39 查询号码 【1381377】，返回信息 {"status":"ok","msg":"江苏-南通","gid":"67671","time_insert":"2021-05-25 11:44"}
2024-08-27 01:12:39 查询号码 【1381377】，GSD为【"江苏-南通"】

2024-08-27 01:12:40 开始第 1379 次操作

2024-08-27 01:12:40 开始操作号码 【1381378】
2024-08-27 01:12:48 GSD getOne 第 1 次 等待 3 秒
2024-08-27 01:12:51 查询号码 【1381378】，返回信息 {"status":"ok","msg":"江苏-南通","gid":"67684","time_insert":"2021-05-25 12:01"}
2024-08-27 01:12:51 查询号码 【1381378】，GSD为【"江苏-南通"】

2024-08-27 01:12:52 开始第 1380 次操作

2024-08-27 01:12:52 开始操作号码 【1381379】
2024-08-27 01:12:59 GSD getOne 第 1 次 等待 3 秒
2024-08-27 01:13:02 查询号码 【1381379】，返回信息 {"status":"ok","msg":"江苏-南通","gid":"11030","time_insert":"2016-10-10 14:56","time_update":"2020-08-24 11:52"}
2024-08-27 01:13:02 查询号码 【1381379】，GSD为【"江苏-南通"】

