2024-02-23 00:20:43 开始第 5189 次操作

2024-02-23 00:20:43 开始操作号码 【1715091】
2024-02-23 00:20:48 GSD getOne 第 1 次 等待 3 秒
2024-02-23 00:20:51 查询号码 【1715091】，返回信息 {"status":"ok","msg":"广西-桂林","gid":"189328","time_insert":"2021-07-04 10:58"}
2024-02-23 00:20:51 查询号码 【1715091】，GSD为【"广西-桂林"】

2024-02-23 00:20:52 开始第 5190 次操作

2024-02-23 00:20:52 开始操作号码 【1715092】
2024-02-23 00:20:58 GSD getOne 第 1 次 等待 3 秒
2024-02-23 00:21:01 查询号码 【1715092】，返回信息 {"status":"ok","msg":"广西-桂林","gid":"189342","time_insert":"2021-07-04 10:59"}
2024-02-23 00:21:01 查询号码 【1715092】，GSD为【"广西-桂林"】

2024-02-23 00:21:02 开始第 5191 次操作

2024-02-23 00:21:02 开始操作号码 【1715093】
2024-02-23 00:21:08 GSD getOne 第 1 次 等待 3 秒
2024-02-23 00:21:11 查询号码 【1715093】，返回信息 {"status":"ok","msg":"广西-桂林","gid":"189354","time_insert":"2021-07-04 10:59"}
2024-02-23 00:21:11 查询号码 【1715093】，GSD为【"广西-桂林"】

2024-02-23 00:21:12 开始第 5192 次操作

2024-02-23 00:21:12 开始操作号码 【1715094】
2024-02-23 00:21:17 GSD getOne 第 1 次 等待 3 秒
2024-02-23 00:21:20 查询号码 【1715094】，返回信息 {"status":"ok","msg":"广西-南宁","gid":"189365","time_insert":"2021-07-04 11:00"}
2024-02-23 00:21:20 查询号码 【1715094】，GSD为【"广西-南宁"】

