2024-08-20 00:16:14 开始第 109 次操作

2024-08-20 00:16:14 开始操作号码 【1380108】
2024-08-20 00:16:25 GSD getOne 第 1 次 等待 3 秒
2024-08-20 00:16:28 查询号码 【1380108】，返回信息 {"status":"ok","msg":"北京-北京","gid":"58960","time_insert":"2021-05-15 03:05"}
2024-08-20 00:16:28 查询号码 【1380108】，GSD为【"北京-北京"】

2024-08-20 00:16:29 开始第 110 次操作

2024-08-20 00:16:29 开始操作号码 【1380109】
2024-08-20 00:16:37 GSD getOne 第 1 次 等待 3 秒
2024-08-20 00:16:40 查询号码 【1380109】，返回信息 {"status":"ok","msg":"北京-北京","gid":"58966","time_insert":"2021-05-15 03:22"}
2024-08-20 00:16:40 查询号码 【1380109】，GSD为【"北京-北京"】

2024-08-20 00:16:41 开始第 111 次操作

2024-08-20 00:16:41 开始操作号码 【1380110】
2024-08-20 00:16:49 GSD getOne 第 1 次 等待 3 秒
2024-08-20 00:16:52 查询号码 【1380110】，返回信息 {"status":"ok","msg":"北京-北京","gid":"58976","time_insert":"2021-05-15 03:45"}
2024-08-20 00:16:52 查询号码 【1380110】，GSD为【"北京-北京"】

2024-08-20 00:16:53 开始第 112 次操作

2024-08-20 00:16:53 开始操作号码 【1380111】
2024-08-20 00:17:01 GSD getOne 第 1 次 等待 3 秒
2024-08-20 00:17:04 查询号码 【1380111】，返回信息 {"status":"ok","msg":"北京-北京","gid":"58989","time_insert":"2021-05-15 04:11"}
2024-08-20 00:17:04 查询号码 【1380111】，GSD为【"北京-北京"】

2024-08-20 00:39:27 开始第 113 次操作

2024-08-20 00:39:27 开始操作号码 【1380112】
2024-08-20 00:39:37 GSD getOne 第 1 次 等待 3 秒
2024-08-20 00:39:40 查询号码 【1380112】，返回信息 {"status":"ok","msg":"北京-北京","gid":"59003","time_insert":"2021-05-15 04:40"}
2024-08-20 00:39:40 查询号码 【1380112】，GSD为【"北京-北京"】

2024-08-20 00:39:41 开始第 114 次操作

2024-08-20 00:39:41 开始操作号码 【1380113】
2024-08-20 00:39:48 GSD getOne 第 1 次 等待 3 秒
2024-08-20 00:39:51 查询号码 【1380113】，返回信息 {"status":"ok","msg":"北京-北京","gid":"59012","time_insert":"2021-05-15 05:01"}
2024-08-20 00:39:51 查询号码 【1380113】，GSD为【"北京-北京"】

2024-08-20 00:39:52 开始第 115 次操作

2024-08-20 00:39:52 开始操作号码 【1380114】
2024-08-20 00:40:00 GSD getOne 第 1 次 等待 3 秒
2024-08-20 00:40:03 查询号码 【1380114】，返回信息 {"status":"ok","msg":"北京-北京","gid":"59016","time_insert":"2021-05-15 05:16"}
2024-08-20 00:40:03 查询号码 【1380114】，GSD为【"北京-北京"】

2024-08-20 00:40:04 开始第 116 次操作

2024-08-20 00:40:04 开始操作号码 【1380115】
2024-08-20 00:40:13 GSD getOne 第 1 次 等待 3 秒
2024-08-20 00:40:16 查询号码 【1380115】，返回信息 {"status":"ok","msg":"北京-北京","gid":"59027","time_insert":"2021-05-15 05:41"}
2024-08-20 00:40:16 查询号码 【1380115】，GSD为【"北京-北京"】

