2021-07-07 00:00:02 开始第 26 次操作

2021-07-07 00:00:02 开始操作号码 【1709774】
2021-07-07 00:00:06 GSD getOne 第 1 次 等待 1 秒
2021-07-07 00:00:07 查询号码 【1709774】，返回信息 {"status":"bad","msg":""}
2021-07-07 00:00:07 查询号码 【1709774】，GSD为【""】
2021-07-07 00:00:07 bad
2021-07-07 00:00:09 CHB 1709774?1625587207 第 1 次 等待 1 秒
2021-07-07 00:00:10 CHB 1709774?1625587207 第 1 次 获取到号码【1709774】GSD
2021-07-07 00:00:10 获取到号码【1709774】的GSD为【浙江-金华】
2021-07-07 00:00:16 GSD insert 第 1 次 等待 1 秒
2021-07-07 00:00:17 {"status":"ok","msg":"添加成功！209993"}
2021-07-07 00:00:17 下次操作: 2021-07-07 00:00:26

2021-07-07 00:00:26 开始第 27 次操作

2021-07-07 00:00:26 开始操作号码 【1709775】
2021-07-07 00:00:33 GSD getOne 第 1 次 等待 1 秒
2021-07-07 00:00:34 查询号码 【1709775】，返回信息 {"status":"bad","msg":""}
2021-07-07 00:00:34 查询号码 【1709775】，GSD为【""】
2021-07-07 00:00:34 bad
2021-07-07 00:00:36 CHB 1709775?1625587234 第 1 次 等待 1 秒
2021-07-07 00:00:37 CHB 1709775?1625587234 第 1 次 获取到号码【1709775】GSD
2021-07-07 00:00:37 获取到号码【1709775】的GSD为【浙江-金华】
2021-07-07 00:00:45 GSD insert 第 1 次 等待 1 秒
2021-07-07 00:00:46 {"status":"ok","msg":"添加成功！209999"}
2021-07-07 00:00:46 下次操作: 2021-07-07 00:00:56

2021-07-07 00:00:56 开始第 28 次操作

2021-07-07 00:00:56 开始操作号码 【1709776】
2021-07-07 00:01:01 GSD getOne 第 1 次 等待 1 秒
2021-07-07 00:01:02 查询号码 【1709776】，返回信息 {"status":"bad","msg":""}
2021-07-07 00:01:02 查询号码 【1709776】，GSD为【""】
2021-07-07 00:01:02 bad
2021-07-07 00:01:04 CHB 1709776?1625587262 第 1 次 等待 1 秒
2021-07-07 00:01:05 CHB 1709776?1625587262 第 1 次 获取到号码【1709776】GSD
2021-07-07 00:01:05 获取到号码【1709776】的GSD为【浙江-金华】
2021-07-07 00:01:12 GSD insert 第 1 次 等待 1 秒
2021-07-07 00:01:13 {"status":"ok","msg":"添加成功！210005"}
2021-07-07 00:01:13 下次操作: 2021-07-07 00:01:31

2021-07-07 00:01:31 开始第 29 次操作

2021-07-07 00:01:31 开始操作号码 【1709777】
2021-07-07 00:01:35 GSD getOne 第 1 次 等待 1 秒
2021-07-07 00:01:36 查询号码 【1709777】，返回信息 {"status":"bad","msg":""}
2021-07-07 00:01:36 查询号码 【1709777】，GSD为【""】
2021-07-07 00:01:36 bad
2021-07-07 00:01:38 CHB 1709777?1625587296 第 1 次 等待 1 秒
2021-07-07 00:01:39 CHB 1709777?1625587296 第 1 次 获取到号码【1709777】GSD
2021-07-07 00:01:39 获取到号码【1709777】的GSD为【浙江-金华】
2021-07-07 00:01:44 GSD insert 第 1 次 等待 1 秒
2021-07-07 00:01:45 {"status":"ok","msg":"添加成功！210009"}
2021-07-07 00:01:45 下次操作: 2021-07-07 00:01:54

2021-07-07 00:01:54 开始第 30 次操作

2021-07-07 00:01:54 开始操作号码 【1709778】
2021-07-07 00:01:59 GSD getOne 第 1 次 等待 1 秒
2021-07-07 00:02:00 查询号码 【1709778】，返回信息 {"status":"bad","msg":""}
2021-07-07 00:02:00 查询号码 【1709778】，GSD为【""】
2021-07-07 00:02:00 bad
2021-07-07 00:02:01 CHB 1709778?1625587320 第 1 次 等待 1 秒
2021-07-07 00:02:02 CHB 1709778?1625587320 第 1 次 获取到号码【1709778】GSD
2021-07-07 00:02:02 获取到号码【1709778】的GSD为【浙江-金华】
2021-07-07 00:02:09 GSD insert 第 1 次 等待 1 秒
2021-07-07 00:02:10 {"status":"ok","msg":"添加成功！210013"}

