2024-04-06 00:21:53 开始第 2117 次操作

2024-04-06 00:21:53 开始操作号码 【1602020】
2024-04-06 00:21:59 GSD getOne 第 1 次 等待 3 秒
2024-04-06 00:22:02 查询号码 【1602020】，返回信息 {"status":"ok","msg":"-","gid":"552329","time_insert":"2023-02-24 19:15"}
2024-04-06 00:22:02 查询号码 【1602020】，GSD为【"-"】
2024-04-06 00:22:02 ok && -
2024-04-06 00:22:04 CHB 1602020?1712334122 第 1 次 等待 3 秒
2024-04-06 00:22:07 CHB 1602020?1712334122 第 1 次 获取到号码【1602020】GSD
2024-04-06 00:22:07 未获取到号码【1602020】GSD，可能号码格式错误
2024-04-06 00:22:07 获取到号码【1602020】的GSD为【-】
2024-04-06 00:22:12 GSD insert 第 1 次 等待 3 秒
2024-04-06 00:22:15 {"status":"bad","gid":"552329","msg":"添加失败！号码【1602020(-|-)】已存在！"}
2024-04-06 00:22:15 随机等待 204 秒，约 3 分钟
2024-04-06 00:22:15 下次操作: 2024-04-06 00:25:39

2024-04-06 00:25:39 开始第 2118 次操作

2024-04-06 00:25:39 开始操作号码 【1602021】
2024-04-06 00:25:44 GSD getOne 第 1 次 等待 3 秒
2024-04-06 00:25:47 查询号码 【1602021】，返回信息 {"status":"ok","msg":"-","gid":"552354","time_insert":"2023-02-24 19:29"}
2024-04-06 00:25:47 查询号码 【1602021】，GSD为【"-"】
2024-04-06 00:25:47 ok && -
2024-04-06 00:25:49 CHB 1602021?1712334347 第 1 次 等待 3 秒
2024-04-06 00:25:52 CHB 1602021?1712334347 第 1 次 获取到号码【1602021】GSD
2024-04-06 00:25:52 未获取到号码【1602021】GSD，可能号码格式错误
2024-04-06 00:25:52 获取到号码【1602021】的GSD为【-】
2024-04-06 00:25:58 GSD insert 第 1 次 等待 3 秒
2024-04-06 00:26:01 {"status":"bad","gid":"552354","msg":"添加失败！号码【1602021(-|-)】已存在！"}
2024-04-06 00:26:01 随机等待 159 秒，约 2 分钟
2024-04-06 00:26:01 下次操作: 2024-04-06 00:28:40

2024-04-06 00:28:40 开始第 2119 次操作

2024-04-06 00:28:40 开始操作号码 【1602022】
2024-04-06 00:28:45 GSD getOne 第 1 次 等待 3 秒
2024-04-06 00:28:48 查询号码 【1602022】，返回信息 {"status":"ok","msg":"-","gid":"552380","time_insert":"2023-02-24 19:44"}
2024-04-06 00:28:48 查询号码 【1602022】，GSD为【"-"】
2024-04-06 00:28:48 ok && -
2024-04-06 00:28:51 CHB 1602022?1712334528 第 1 次 等待 3 秒
2024-04-06 00:28:54 CHB 1602022?1712334528 第 1 次 获取到号码【1602022】GSD
2024-04-06 00:28:54 未获取到号码【1602022】GSD，可能号码格式错误
2024-04-06 00:28:54 获取到号码【1602022】的GSD为【-】
2024-04-06 00:28:58 GSD insert 第 1 次 等待 3 秒
2024-04-06 00:29:01 {"status":"bad","gid":"552380","msg":"添加失败！号码【1602022(-|-)】已存在！"}
2024-04-06 00:29:01 随机等待 115 秒，约 1 分钟
2024-04-06 00:29:01 下次操作: 2024-04-06 00:30:56

2024-04-06 00:30:56 开始第 2120 次操作

2024-04-06 00:30:56 开始操作号码 【1602023】
2024-04-06 00:31:01 GSD getOne 第 1 次 等待 3 秒
2024-04-06 00:31:04 查询号码 【1602023】，返回信息 {"status":"ok","msg":"-","gid":"552396","time_insert":"2023-02-24 19:52"}
2024-04-06 00:31:04 查询号码 【1602023】，GSD为【"-"】
2024-04-06 00:31:04 ok && -
2024-04-06 00:31:06 CHB 1602023?1712334664 第 1 次 等待 3 秒
2024-04-06 00:31:09 CHB 1602023?1712334664 第 1 次 获取到号码【1602023】GSD
2024-04-06 00:31:09 未获取到号码【1602023】GSD，可能号码格式错误
2024-04-06 00:31:09 获取到号码【1602023】的GSD为【-】
2024-04-06 00:31:14 GSD insert 第 1 次 等待 3 秒
2024-04-06 00:31:17 {"status":"bad","gid":"552396","msg":"添加失败！号码【1602023(-|-)】已存在！"}

