2024-07-08 00:20:24 开始第 4777 次操作

2024-07-08 00:20:24 开始操作号码 【1494667】
2024-07-08 00:20:33 GSD getOne 第 1 次 等待 3 秒
2024-07-08 00:20:36 查询号码 【1494667】，返回信息 {"status":"ok","msg":"-","gid":"306974","time_insert":"2021-07-17 21:03"}
2024-07-08 00:20:36 查询号码 【1494667】，GSD为【"-"】
2024-07-08 00:20:36 ok && -
2024-07-08 00:20:38 CHB 1494667?1720369236 第 1 次 等待 3 秒
2024-07-08 00:20:41 CHB 1494667?1720369236 第 1 次 获取到号码【1494667】GSD
2024-07-08 00:20:41 未获取到号码【1494667】GSD，可能号码格式错误
2024-07-08 00:20:41 获取到号码【1494667】的GSD为【-】
2024-07-08 00:20:50 GSD insert 第 1 次 等待 3 秒
2024-07-08 00:20:53 {"status":"bad","gid":"306974","msg":"添加失败！号码【1494667(-|-)】已存在！"}
2024-07-08 00:20:53 随机等待 143 秒，约 2 分钟
2024-07-08 00:20:53 下次操作: 2024-07-08 00:23:16

2024-07-08 00:23:16 开始第 4778 次操作

2024-07-08 00:23:16 开始操作号码 【1494668】
2024-07-08 00:23:25 GSD getOne 第 1 次 等待 3 秒
2024-07-08 00:23:28 查询号码 【1494668】，返回信息 {"status":"ok","msg":"-","gid":"306983","time_insert":"2021-07-17 21:04"}
2024-07-08 00:23:28 查询号码 【1494668】，GSD为【"-"】
2024-07-08 00:23:28 ok && -
2024-07-08 00:23:30 CHB 1494668?1720369408 第 1 次 等待 3 秒
2024-07-08 00:23:33 CHB 1494668?1720369408 第 1 次 获取到号码【1494668】GSD
2024-07-08 00:23:33 未获取到号码【1494668】GSD，可能号码格式错误
2024-07-08 00:23:33 获取到号码【1494668】的GSD为【-】
2024-07-08 00:23:41 GSD insert 第 1 次 等待 3 秒
2024-07-08 00:23:44 {"status":"bad","gid":"306983","msg":"添加失败！号码【1494668(-|-)】已存在！"}
2024-07-08 00:23:44 随机等待 102 秒，约 1 分钟
2024-07-08 00:23:44 下次操作: 2024-07-08 00:25:26

2024-07-08 00:25:26 开始第 4779 次操作

2024-07-08 00:25:26 开始操作号码 【1494669】
2024-07-08 00:25:34 GSD getOne 第 1 次 等待 3 秒
2024-07-08 00:25:37 查询号码 【1494669】，返回信息 {"status":"ok","msg":"-","gid":"306994","time_insert":"2021-07-17 21:05"}
2024-07-08 00:25:37 查询号码 【1494669】，GSD为【"-"】
2024-07-08 00:25:37 ok && -
2024-07-08 00:25:40 CHB 1494669?1720369537 第 1 次 等待 3 秒
2024-07-08 00:25:43 CHB 1494669?1720369537 第 1 次 获取到号码【1494669】GSD
2024-07-08 00:25:43 未获取到号码【1494669】GSD，可能号码格式错误
2024-07-08 00:25:43 获取到号码【1494669】的GSD为【-】
2024-07-08 00:25:50 GSD insert 第 1 次 等待 3 秒
2024-07-08 00:25:53 {"status":"bad","gid":"306994","msg":"添加失败！号码【1494669(-|-)】已存在！"}
2024-07-08 00:25:53 随机等待 126 秒，约 2 分钟
2024-07-08 00:25:53 下次操作: 2024-07-08 00:27:59

2024-07-08 00:28:00 开始第 4780 次操作

2024-07-08 00:28:00 开始操作号码 【1494670】
2024-07-08 00:28:08 GSD getOne 第 1 次 等待 3 秒
2024-07-08 00:28:11 查询号码 【1494670】，返回信息 {"status":"ok","msg":"-","gid":"307005","time_insert":"2021-07-17 21:06"}
2024-07-08 00:28:11 查询号码 【1494670】，GSD为【"-"】
2024-07-08 00:28:11 ok && -
2024-07-08 00:28:13 CHB 1494670?1720369691 第 1 次 等待 3 秒
2024-07-08 00:28:16 CHB 1494670?1720369691 第 1 次 获取到号码【1494670】GSD
2024-07-08 00:28:16 未获取到号码【1494670】GSD，可能号码格式错误
2024-07-08 00:28:16 获取到号码【1494670】的GSD为【-】
2024-07-08 00:28:24 GSD insert 第 1 次 等待 3 秒
2024-07-08 00:28:27 {"status":"bad","gid":"307005","msg":"添加失败！号码【1494670(-|-)】已存在！"}

