2024-11-30 00:13:12 开始第 7641 次操作

2024-11-30 00:13:12 开始操作号码 【1307640】
2024-11-30 00:13:14 GSD getOne 第 1 次 等待 3 秒
2024-11-30 00:13:17 查询号码 【1307640】，返回信息 {"status":"ok","msg":"广东-潮州","gid":"188046","time_insert":"2021-07-04 06:51"}
2024-11-30 00:13:17 查询号码 【1307640】，GSD为【"广东-潮州"】

2024-11-30 00:13:18 开始第 7642 次操作

2024-11-30 00:13:18 开始操作号码 【1307641】
2024-11-30 00:13:19 GSD getOne 第 1 次 等待 3 秒
2024-11-30 00:13:22 查询号码 【1307641】，返回信息 {"status":"ok","msg":"广东-潮州","gid":"188034","time_insert":"2021-07-04 06:50"}
2024-11-30 00:13:22 查询号码 【1307641】，GSD为【"广东-潮州"】

2024-11-30 00:13:23 开始第 7643 次操作

2024-11-30 00:13:23 开始操作号码 【1307642】
2024-11-30 00:13:24 GSD getOne 第 1 次 等待 3 秒
2024-11-30 00:13:27 查询号码 【1307642】，返回信息 {"status":"ok","msg":"广东-潮州","gid":"188024","time_insert":"2021-07-04 06:49"}
2024-11-30 00:13:27 查询号码 【1307642】，GSD为【"广东-潮州"】

2024-11-30 00:13:28 开始第 7644 次操作

2024-11-30 00:13:28 开始操作号码 【1307643】
2024-11-30 00:13:29 GSD getOne 第 1 次 等待 3 秒
2024-11-30 00:13:32 查询号码 【1307643】，返回信息 {"status":"ok","msg":"广东-潮州","gid":"188014","time_insert":"2021-07-04 06:48"}
2024-11-30 00:13:32 查询号码 【1307643】，GSD为【"广东-潮州"】

2024-11-30 00:43:30 开始第 7645 次操作

2024-11-30 00:43:30 开始操作号码 【1307644】
2024-11-30 00:43:31 GSD getOne 第 1 次 等待 3 秒
2024-11-30 00:43:34 查询号码 【1307644】，返回信息 {"status":"ok","msg":"广东-潮州","gid":"188005","time_insert":"2021-07-04 06:48"}
2024-11-30 00:43:34 查询号码 【1307644】，GSD为【"广东-潮州"】

2024-11-30 00:43:35 开始第 7646 次操作

2024-11-30 00:43:35 开始操作号码 【1307645】
2024-11-30 00:43:36 GSD getOne 第 1 次 等待 3 秒
2024-11-30 00:43:39 查询号码 【1307645】，返回信息 {"status":"ok","msg":"广东-潮州","gid":"187994","time_insert":"2021-07-04 06:47"}
2024-11-30 00:43:39 查询号码 【1307645】，GSD为【"广东-潮州"】

2024-11-30 00:43:40 开始第 7647 次操作

2024-11-30 00:43:40 开始操作号码 【1307646】
2024-11-30 00:43:41 GSD getOne 第 1 次 等待 3 秒
2024-11-30 00:43:44 查询号码 【1307646】，返回信息 {"status":"ok","msg":"广东-潮州","gid":"187982","time_insert":"2021-07-04 06:46"}
2024-11-30 00:43:44 查询号码 【1307646】，GSD为【"广东-潮州"】

2024-11-30 00:43:45 开始第 7648 次操作

2024-11-30 00:43:45 开始操作号码 【1307647】
2024-11-30 00:43:45 GSD getOne 第 1 次 等待 3 秒
2024-11-30 00:43:48 查询号码 【1307647】，返回信息 {"status":"ok","msg":"广东-潮州","gid":"187973","time_insert":"2021-07-04 06:45"}
2024-11-30 00:43:48 查询号码 【1307647】，GSD为【"广东-潮州"】

