2024-04-13 00:20:10 开始第 3361 次操作

2024-04-13 00:20:10 开始操作号码 【1603263】
2024-04-13 00:20:16 GSD getOne 第 1 次 等待 3 秒
2024-04-13 00:20:19 查询号码 【1603263】，返回信息 {"status":"ok","msg":"-","gid":"580239","time_insert":"2023-03-09 19:26"}
2024-04-13 00:20:19 查询号码 【1603263】，GSD为【"-"】
2024-04-13 00:20:19 ok && -
2024-04-13 00:20:21 CHB 1603263?1712938819 第 1 次 等待 3 秒
2024-04-13 00:20:24 CHB 1603263?1712938819 第 1 次 获取到号码【1603263】GSD
2024-04-13 00:20:24 未获取到号码【1603263】GSD，可能号码格式错误
2024-04-13 00:20:24 获取到号码【1603263】的GSD为【-】
2024-04-13 00:20:32 GSD insert 第 1 次 等待 3 秒
2024-04-13 00:20:35 {"status":"bad","gid":"580239","msg":"添加失败！号码【1603263(-|-)】已存在！"}
2024-04-13 00:20:35 随机等待 140 秒，约 2 分钟
2024-04-13 00:20:35 下次操作: 2024-04-13 00:22:55

2024-04-13 00:22:55 开始第 3362 次操作

2024-04-13 00:22:55 开始操作号码 【1603264】
2024-04-13 00:23:01 GSD getOne 第 1 次 等待 3 秒
2024-04-13 00:23:04 查询号码 【1603264】，返回信息 {"status":"ok","msg":"-","gid":"580278","time_insert":"2023-03-09 19:49"}
2024-04-13 00:23:04 查询号码 【1603264】，GSD为【"-"】
2024-04-13 00:23:04 ok && -
2024-04-13 00:23:08 CHB 1603264?1712938984 第 1 次 等待 3 秒
2024-04-13 00:23:12 CHB 1603264?1712938984 第 1 次 获取到号码【1603264】GSD
2024-04-13 00:23:12 未获取到号码【1603264】GSD，可能号码格式错误
2024-04-13 00:23:12 获取到号码【1603264】的GSD为【-】
2024-04-13 00:23:17 GSD insert 第 1 次 等待 3 秒
2024-04-13 00:23:20 {"status":"bad","gid":"580278","msg":"添加失败！号码【1603264(-|-)】已存在！"}
2024-04-13 00:23:20 随机等待 96 秒，约 1 分钟
2024-04-13 00:23:20 下次操作: 2024-04-13 00:24:56

2024-04-13 00:24:56 开始第 3363 次操作

2024-04-13 00:24:56 开始操作号码 【1603265】
2024-04-13 00:25:02 GSD getOne 第 1 次 等待 3 秒
2024-04-13 00:25:05 查询号码 【1603265】，返回信息 {"status":"ok","msg":"-","gid":"580303","time_insert":"2023-03-09 20:04"}
2024-04-13 00:25:05 查询号码 【1603265】，GSD为【"-"】
2024-04-13 00:25:05 ok && -
2024-04-13 00:25:07 CHB 1603265?1712939105 第 1 次 等待 3 秒
2024-04-13 00:25:10 CHB 1603265?1712939105 第 1 次 获取到号码【1603265】GSD
2024-04-13 00:25:10 未获取到号码【1603265】GSD，可能号码格式错误
2024-04-13 00:25:10 获取到号码【1603265】的GSD为【-】
2024-04-13 00:25:15 GSD insert 第 1 次 等待 3 秒
2024-04-13 00:25:18 {"status":"bad","gid":"580303","msg":"添加失败！号码【1603265(-|-)】已存在！"}
2024-04-13 00:25:18 随机等待 213 秒，约 3 分钟
2024-04-13 00:25:18 下次操作: 2024-04-13 00:28:51

2024-04-13 00:28:51 开始第 3364 次操作

2024-04-13 00:28:51 开始操作号码 【1603266】
2024-04-13 00:28:57 GSD getOne 第 1 次 等待 3 秒
2024-04-13 00:29:00 查询号码 【1603266】，返回信息 {"status":"ok","msg":"-","gid":"580331","time_insert":"2023-03-09 20:28"}
2024-04-13 00:29:00 查询号码 【1603266】，GSD为【"-"】
2024-04-13 00:29:00 ok && -
2024-04-13 00:29:03 CHB 1603266?1712939340 第 1 次 等待 3 秒
2024-04-13 00:29:06 CHB 1603266?1712939340 第 1 次 获取到号码【1603266】GSD
2024-04-13 00:29:06 未获取到号码【1603266】GSD，可能号码格式错误
2024-04-13 00:29:06 获取到号码【1603266】的GSD为【-】
2024-04-13 00:29:11 GSD insert 第 1 次 等待 3 秒
2024-04-13 00:29:14 {"status":"bad","gid":"580331","msg":"添加失败！号码【1603266(-|-)】已存在！"}

2024-04-13 00:37:37 开始第 3365 次操作

2024-04-13 00:37:37 开始操作号码 【1603267】
2024-04-13 00:37:45 GSD getOne 第 1 次 等待 3 秒
2024-04-13 00:37:48 查询号码 【1603267】，返回信息 {"status":"ok","msg":"-","gid":"580346","time_insert":"2023-03-09 20:38"}
2024-04-13 00:37:48 查询号码 【1603267】，GSD为【"-"】
2024-04-13 00:37:48 ok && -
2024-04-13 00:37:50 CHB 1603267?1712939868 第 1 次 等待 3 秒
2024-04-13 00:37:53 CHB 1603267?1712939868 第 1 次 获取到号码【1603267】GSD
2024-04-13 00:37:54 未获取到号码【1603267】GSD，可能号码格式错误
2024-04-13 00:37:54 获取到号码【1603267】的GSD为【-】
2024-04-13 00:38:01 GSD insert 第 1 次 等待 3 秒
2024-04-13 00:38:04 {"status":"bad","gid":"580346","msg":"添加失败！号码【1603267(-|-)】已存在！"}
2024-04-13 00:38:04 随机等待 133 秒，约 2 分钟
2024-04-13 00:38:04 下次操作: 2024-04-13 00:40:17

2024-04-13 00:40:17 开始第 3366 次操作

2024-04-13 00:40:17 开始操作号码 【1603268】
2024-04-13 00:40:22 GSD getOne 第 1 次 等待 3 秒
2024-04-13 00:40:25 查询号码 【1603268】，返回信息 {"status":"ok","msg":"-","gid":"580353","time_insert":"2023-03-09 20:47"}
2024-04-13 00:40:25 查询号码 【1603268】，GSD为【"-"】
2024-04-13 00:40:25 ok && -
2024-04-13 00:40:29 CHB 1603268?1712940025 第 1 次 等待 3 秒
2024-04-13 00:40:32 CHB 1603268?1712940025 第 1 次 获取到号码【1603268】GSD
2024-04-13 00:40:32 未获取到号码【1603268】GSD，可能号码格式错误
2024-04-13 00:40:32 获取到号码【1603268】的GSD为【-】
2024-04-13 00:40:37 GSD insert 第 1 次 等待 3 秒
2024-04-13 00:40:40 {"status":"bad","gid":"580353","msg":"添加失败！号码【1603268(-|-)】已存在！"}
2024-04-13 00:40:40 随机等待 143 秒，约 2 分钟
2024-04-13 00:40:40 下次操作: 2024-04-13 00:43:03

2024-04-13 00:43:03 开始第 3367 次操作

2024-04-13 00:43:03 开始操作号码 【1603269】
2024-04-13 00:43:09 GSD getOne 第 1 次 等待 3 秒
2024-04-13 00:43:12 查询号码 【1603269】，返回信息 {"status":"ok","msg":"-","gid":"580386","time_insert":"2023-03-09 21:11"}
2024-04-13 00:43:12 查询号码 【1603269】，GSD为【"-"】
2024-04-13 00:43:12 ok && -
2024-04-13 00:43:15 CHB 1603269?1712940192 第 1 次 等待 3 秒
2024-04-13 00:43:18 CHB 1603269?1712940192 第 1 次 获取到号码【1603269】GSD
2024-04-13 00:43:18 未获取到号码【1603269】GSD，可能号码格式错误
2024-04-13 00:43:18 获取到号码【1603269】的GSD为【-】
2024-04-13 00:43:42 GSD insert 第 1 次 等待 3 秒
2024-04-13 00:43:45 {"status":"bad","gid":"580386","msg":"添加失败！号码【1603269(-|-)】已存在！"}
2024-04-13 00:43:45 随机等待 148 秒，约 2 分钟
2024-04-13 00:43:45 下次操作: 2024-04-13 00:46:13

2024-04-13 00:46:13 开始第 3368 次操作

2024-04-13 00:46:13 开始操作号码 【1603270】
2024-04-13 00:46:20 GSD getOne 第 1 次 等待 3 秒
2024-04-13 00:46:23 查询号码 【1603270】，返回信息 {"status":"ok","msg":"-","gid":"580401","time_insert":"2023-03-09 21:25"}
2024-04-13 00:46:23 查询号码 【1603270】，GSD为【"-"】
2024-04-13 00:46:23 ok && -
2024-04-13 00:46:25 CHB 1603270?1712940383 第 1 次 等待 3 秒
2024-04-13 00:46:28 CHB 1603270?1712940383 第 1 次 获取到号码【1603270】GSD
2024-04-13 00:46:28 未获取到号码【1603270】GSD，可能号码格式错误
2024-04-13 00:46:28 获取到号码【1603270】的GSD为【-】
2024-04-13 00:46:33 GSD insert 第 1 次 等待 3 秒
2024-04-13 00:46:36 {"status":"bad","gid":"580401","msg":"添加失败！号码【1603270(-|-)】已存在！"}

2024-04-13 01:16:01 开始第 3369 次操作

2024-04-13 01:16:01 开始操作号码 【1603271】
2024-04-13 01:16:06 GSD getOne 第 1 次 等待 3 秒
2024-04-13 01:16:09 查询号码 【1603271】，返回信息 {"status":"ok","msg":"-","gid":"580414","time_insert":"2023-03-09 21:38"}
2024-04-13 01:16:09 查询号码 【1603271】，GSD为【"-"】
2024-04-13 01:16:09 ok && -
2024-04-13 01:16:12 CHB 1603271?1712942169 第 1 次 等待 3 秒
2024-04-13 01:16:15 CHB 1603271?1712942169 第 1 次 获取到号码【1603271】GSD
2024-04-13 01:16:15 未获取到号码【1603271】GSD，可能号码格式错误
2024-04-13 01:16:15 获取到号码【1603271】的GSD为【-】
2024-04-13 01:16:20 GSD insert 第 1 次 等待 3 秒
2024-04-13 01:16:23 {"status":"bad","gid":"580414","msg":"添加失败！号码【1603271(-|-)】已存在！"}
2024-04-13 01:16:23 随机等待 213 秒，约 3 分钟
2024-04-13 01:16:23 下次操作: 2024-04-13 01:19:56

2024-04-13 01:19:56 开始第 3370 次操作

2024-04-13 01:19:56 开始操作号码 【1603272】
2024-04-13 01:20:01 GSD getOne 第 1 次 等待 3 秒
2024-04-13 01:20:04 查询号码 【1603272】，返回信息 {"status":"ok","msg":"-","gid":"580439","time_insert":"2023-03-09 21:53"}
2024-04-13 01:20:04 查询号码 【1603272】，GSD为【"-"】
2024-04-13 01:20:04 ok && -
2024-04-13 01:20:07 CHB 1603272?1712942404 第 1 次 等待 3 秒
2024-04-13 01:20:10 CHB 1603272?1712942404 第 1 次 获取到号码【1603272】GSD
2024-04-13 01:20:10 未获取到号码【1603272】GSD，可能号码格式错误
2024-04-13 01:20:10 获取到号码【1603272】的GSD为【-】
2024-04-13 01:20:15 GSD insert 第 1 次 等待 3 秒
2024-04-13 01:20:18 {"status":"bad","gid":"580439","msg":"添加失败！号码【1603272(-|-)】已存在！"}
2024-04-13 01:20:18 随机等待 129 秒，约 2 分钟
2024-04-13 01:20:18 下次操作: 2024-04-13 01:22:27

2024-04-13 01:22:27 开始第 3371 次操作

2024-04-13 01:22:27 开始操作号码 【1603273】
2024-04-13 01:22:32 GSD getOne 第 1 次 等待 3 秒
2024-04-13 01:22:35 查询号码 【1603273】，返回信息 {"status":"ok","msg":"-","gid":"580466","time_insert":"2023-03-09 22:11"}
2024-04-13 01:22:35 查询号码 【1603273】，GSD为【"-"】
2024-04-13 01:22:35 ok && -
2024-04-13 01:22:38 CHB 1603273?1712942555 第 1 次 等待 3 秒
2024-04-13 01:22:41 CHB 1603273?1712942555 第 1 次 获取到号码【1603273】GSD
2024-04-13 01:22:41 未获取到号码【1603273】GSD，可能号码格式错误
2024-04-13 01:22:41 获取到号码【1603273】的GSD为【-】
2024-04-13 01:22:46 GSD insert 第 1 次 等待 3 秒
2024-04-13 01:22:49 {"status":"bad","gid":"580466","msg":"添加失败！号码【1603273(-|-)】已存在！"}
2024-04-13 01:22:49 随机等待 188 秒，约 3 分钟
2024-04-13 01:22:49 下次操作: 2024-04-13 01:25:57

2024-04-13 01:25:57 开始第 3372 次操作

2024-04-13 01:25:57 开始操作号码 【1603274】
2024-04-13 01:26:01 GSD getOne 第 1 次 等待 3 秒
2024-04-13 01:26:04 查询号码 【1603274】，返回信息 {"status":"ok","msg":"-","gid":"580489","time_insert":"2023-03-09 22:28"}
2024-04-13 01:26:05 查询号码 【1603274】，GSD为【"-"】
2024-04-13 01:26:05 ok && -
2024-04-13 01:26:06 CHB 1603274?1712942765 第 1 次 等待 3 秒
2024-04-13 01:26:10 CHB 1603274?1712942765 第 1 次 获取到号码【1603274】GSD
2024-04-13 01:26:10 未获取到号码【1603274】GSD，可能号码格式错误
2024-04-13 01:26:10 获取到号码【1603274】的GSD为【-】
2024-04-13 01:26:15 GSD insert 第 1 次 等待 3 秒
2024-04-13 01:26:18 {"status":"bad","gid":"580489","msg":"添加失败！号码【1603274(-|-)】已存在！"}

2024-04-13 01:37:17 开始第 3373 次操作

2024-04-13 01:37:17 开始操作号码 【1603275】
2024-04-13 01:37:23 GSD getOne 第 1 次 等待 3 秒
2024-04-13 01:37:26 查询号码 【1603275】，返回信息 {"status":"ok","msg":"-","gid":"580513","time_insert":"2023-03-09 22:43"}
2024-04-13 01:37:26 查询号码 【1603275】，GSD为【"-"】
2024-04-13 01:37:26 ok && -
2024-04-13 01:37:28 CHB 1603275?1712943446 第 1 次 等待 3 秒
2024-04-13 01:37:31 CHB 1603275?1712943446 第 1 次 获取到号码【1603275】GSD
2024-04-13 01:37:31 未获取到号码【1603275】GSD，可能号码格式错误
2024-04-13 01:37:31 获取到号码【1603275】的GSD为【-】
2024-04-13 01:37:37 GSD insert 第 1 次 等待 3 秒
2024-04-13 01:37:40 {"status":"bad","gid":"580513","msg":"添加失败！号码【1603275(-|-)】已存在！"}
2024-04-13 01:37:40 随机等待 197 秒，约 3 分钟
2024-04-13 01:37:40 下次操作: 2024-04-13 01:40:57

2024-04-13 01:40:57 开始第 3374 次操作

2024-04-13 01:40:57 开始操作号码 【1603276】
2024-04-13 01:41:02 GSD getOne 第 1 次 等待 3 秒
2024-04-13 01:41:05 查询号码 【1603276】，返回信息 {"status":"ok","msg":"-","gid":"580540","time_insert":"2023-03-09 22:59"}
2024-04-13 01:41:05 查询号码 【1603276】，GSD为【"-"】
2024-04-13 01:41:05 ok && -
2024-04-13 01:41:07 CHB 1603276?1712943665 第 1 次 等待 3 秒
2024-04-13 01:41:10 CHB 1603276?1712943665 第 1 次 获取到号码【1603276】GSD
2024-04-13 01:41:10 未获取到号码【1603276】GSD，可能号码格式错误
2024-04-13 01:41:10 获取到号码【1603276】的GSD为【-】
2024-04-13 01:41:15 GSD insert 第 1 次 等待 3 秒
2024-04-13 01:41:18 {"status":"bad","gid":"580540","msg":"添加失败！号码【1603276(-|-)】已存在！"}
2024-04-13 01:41:18 随机等待 120 秒，约 2 分钟
2024-04-13 01:41:18 下次操作: 2024-04-13 01:43:18

2024-04-13 01:43:18 开始第 3375 次操作

2024-04-13 01:43:18 开始操作号码 【1603277】
2024-04-13 01:43:25 GSD getOne 第 1 次 等待 3 秒
2024-04-13 01:43:28 查询号码 【1603277】，返回信息 {"status":"ok","msg":"-","gid":"580556","time_insert":"2023-03-09 23:12"}
2024-04-13 01:43:28 查询号码 【1603277】，GSD为【"-"】
2024-04-13 01:43:28 ok && -
2024-04-13 01:43:29 CHB 1603277?1712943808 第 1 次 等待 3 秒
2024-04-13 01:43:32 CHB 1603277?1712943808 第 1 次 获取到号码【1603277】GSD
2024-04-13 01:43:33 未获取到号码【1603277】GSD，可能号码格式错误
2024-04-13 01:43:33 获取到号码【1603277】的GSD为【-】
2024-04-13 01:43:39 GSD insert 第 1 次 等待 3 秒
2024-04-13 01:43:42 {"status":"bad","gid":"580556","msg":"添加失败！号码【1603277(-|-)】已存在！"}
2024-04-13 01:43:42 随机等待 83 秒，约 1 分钟
2024-04-13 01:43:42 下次操作: 2024-04-13 01:45:05

2024-04-13 01:45:05 开始第 3376 次操作

2024-04-13 01:45:05 开始操作号码 【1603278】
2024-04-13 01:45:09 GSD getOne 第 1 次 等待 3 秒
2024-04-13 01:45:12 查询号码 【1603278】，返回信息 {"status":"ok","msg":"-","gid":"580568","time_insert":"2023-03-09 23:21"}
2024-04-13 01:45:12 查询号码 【1603278】，GSD为【"-"】
2024-04-13 01:45:12 ok && -
2024-04-13 01:45:14 CHB 1603278?1712943912 第 1 次 等待 3 秒
2024-04-13 01:45:17 CHB 1603278?1712943912 第 1 次 获取到号码【1603278】GSD
2024-04-13 01:45:17 未获取到号码【1603278】GSD，可能号码格式错误
2024-04-13 01:45:17 获取到号码【1603278】的GSD为【-】
2024-04-13 01:45:22 GSD insert 第 1 次 等待 3 秒
2024-04-13 01:45:25 {"status":"bad","gid":"580568","msg":"添加失败！号码【1603278(-|-)】已存在！"}

