2024-03-12 00:19:49 开始第 8377 次操作

2024-03-12 00:19:49 开始操作号码 【1718279】
2024-03-12 00:19:54 GSD getOne 第 1 次 等待 3 秒
2024-03-12 00:19:57 查询号码 【1718279】，返回信息 {"status":"ok","msg":"湖北-武汉","gid":"229064","time_insert":"2021-07-09 06:59"}
2024-03-12 00:19:57 查询号码 【1718279】，GSD为【"湖北-武汉"】

2024-03-12 00:19:58 开始第 8378 次操作

2024-03-12 00:19:58 开始操作号码 【1718280】
2024-03-12 00:20:04 GSD getOne 第 1 次 等待 3 秒
2024-03-12 00:20:07 查询号码 【1718280】，返回信息 {"status":"ok","msg":"江西-萍乡","gid":"229070","time_insert":"2021-07-09 07:00"}
2024-03-12 00:20:07 查询号码 【1718280】，GSD为【"江西-萍乡"】

2024-03-12 00:20:08 开始第 8379 次操作

2024-03-12 00:20:08 开始操作号码 【1718281】
2024-03-12 00:20:13 GSD getOne 第 1 次 等待 3 秒
2024-03-12 00:20:16 查询号码 【1718281】，返回信息 {"status":"ok","msg":"江西-抚州","gid":"229075","time_insert":"2021-07-09 07:01"}
2024-03-12 00:20:16 查询号码 【1718281】，GSD为【"江西-抚州"】

2024-03-12 00:20:17 开始第 8380 次操作

2024-03-12 00:20:17 开始操作号码 【1718282】
2024-03-12 00:20:22 GSD getOne 第 1 次 等待 3 秒
2024-03-12 00:20:25 查询号码 【1718282】，返回信息 {"status":"ok","msg":"江西-南昌","gid":"229082","time_insert":"2021-07-09 07:02"}
2024-03-12 00:20:25 查询号码 【1718282】，GSD为【"江西-南昌"】

2024-03-12 00:39:03 开始第 8381 次操作

2024-03-12 00:39:03 开始操作号码 【1718283】
2024-03-12 00:39:08 GSD getOne 第 1 次 等待 3 秒
2024-03-12 00:39:11 查询号码 【1718283】，返回信息 {"status":"ok","msg":"江西-吉安","gid":"229089","time_insert":"2021-07-09 07:02"}
2024-03-12 00:39:11 查询号码 【1718283】，GSD为【"江西-吉安"】

2024-03-12 00:39:12 开始第 8382 次操作

2024-03-12 00:39:12 开始操作号码 【1718284】
2024-03-12 00:39:22 GSD getOne 第 1 次 等待 3 秒
2024-03-12 00:39:25 查询号码 【1718284】，返回信息 {"status":"ok","msg":"江西-抚州","gid":"229094","time_insert":"2021-07-09 07:03"}
2024-03-12 00:39:25 查询号码 【1718284】，GSD为【"江西-抚州"】

2024-03-12 00:39:26 开始第 8383 次操作

2024-03-12 00:39:26 开始操作号码 【1718285】
2024-03-12 00:39:31 GSD getOne 第 1 次 等待 3 秒
2024-03-12 00:39:34 查询号码 【1718285】，返回信息 {"status":"ok","msg":"江西-景德镇","gid":"229100","time_insert":"2021-07-09 07:04"}
2024-03-12 00:39:34 查询号码 【1718285】，GSD为【"江西-景德镇"】

2024-03-12 00:39:35 开始第 8384 次操作

2024-03-12 00:39:35 开始操作号码 【1718286】
2024-03-12 00:39:39 GSD getOne 第 1 次 等待 3 秒
2024-03-12 00:39:42 查询号码 【1718286】，返回信息 {"status":"ok","msg":"江西-新余","gid":"229208","time_insert":"2021-07-09 07:41"}
2024-03-12 00:39:42 查询号码 【1718286】，GSD为【"江西-新余"】

