2024-03-02 00:19:29 开始第 6629 次操作

2024-03-02 00:19:29 开始操作号码 【1716531】
2024-03-02 00:19:35 GSD getOne 第 1 次 等待 3 秒
2024-03-02 00:19:38 查询号码 【1716531】，返回信息 {"status":"ok","msg":"山东-济南","gid":"206466","time_insert":"2021-07-06 13:59"}
2024-03-02 00:19:38 查询号码 【1716531】，GSD为【"山东-济南"】

2024-03-02 00:19:39 开始第 6630 次操作

2024-03-02 00:19:39 开始操作号码 【1716532】
2024-03-02 00:19:47 GSD getOne 第 1 次 等待 3 秒
2024-03-02 00:19:50 查询号码 【1716532】，返回信息 {"status":"ok","msg":"山东-青岛","gid":"206472","time_insert":"2021-07-06 13:59"}
2024-03-02 00:19:50 查询号码 【1716532】，GSD为【"山东-青岛"】

2024-03-02 00:19:51 开始第 6631 次操作

2024-03-02 00:19:51 开始操作号码 【1716533】
2024-03-02 00:19:56 GSD getOne 第 1 次 等待 3 秒
2024-03-02 00:19:59 查询号码 【1716533】，返回信息 {"status":"ok","msg":"山东-济南","gid":"28768","time_insert":"2018-01-11 16:22","time_update":"2020-09-09 14:17"}
2024-03-02 00:19:59 查询号码 【1716533】，GSD为【"山东-济南"】

2024-03-02 00:20:00 开始第 6632 次操作

2024-03-02 00:20:00 开始操作号码 【1716534】
2024-03-02 00:20:06 GSD getOne 第 1 次 等待 3 秒
2024-03-02 00:20:09 查询号码 【1716534】，返回信息 {"status":"ok","msg":"山东-烟台","gid":"206631","time_insert":"2021-07-06 14:57"}
2024-03-02 00:20:09 查询号码 【1716534】，GSD为【"山东-烟台"】

2024-03-02 00:37:41 开始第 6633 次操作

2024-03-02 00:37:41 开始操作号码 【1716535】
2024-03-02 00:37:53 GSD getOne 第 1 次 等待 3 秒
2024-03-02 00:37:56 查询号码 【1716535】，返回信息 {"status":"ok","msg":"山东-烟台","gid":"206636","time_insert":"2021-07-06 14:58"}
2024-03-02 00:37:56 查询号码 【1716535】，GSD为【"山东-烟台"】

2024-03-02 00:37:57 开始第 6634 次操作

2024-03-02 00:37:57 开始操作号码 【1716536】
2024-03-02 00:38:02 GSD getOne 第 1 次 等待 3 秒
2024-03-02 00:38:05 查询号码 【1716536】，返回信息 {"status":"ok","msg":"山东-潍坊","gid":"206644","time_insert":"2021-07-06 14:58"}
2024-03-02 00:38:05 查询号码 【1716536】，GSD为【"山东-潍坊"】

2024-03-02 00:38:06 开始第 6635 次操作

2024-03-02 00:38:06 开始操作号码 【1716537】
2024-03-02 00:38:11 GSD getOne 第 1 次 等待 3 秒
2024-03-02 00:38:14 查询号码 【1716537】，返回信息 {"status":"ok","msg":"山东-济宁","gid":"206648","time_insert":"2021-07-06 14:59"}
2024-03-02 00:38:14 查询号码 【1716537】，GSD为【"山东-济宁"】

2024-03-02 00:38:15 开始第 6636 次操作

2024-03-02 00:38:15 开始操作号码 【1716538】
2024-03-02 00:38:21 GSD getOne 第 1 次 等待 3 秒
2024-03-02 00:38:24 查询号码 【1716538】，返回信息 {"status":"ok","msg":"山东-烟台","gid":"206653","time_insert":"2021-07-06 14:59"}
2024-03-02 00:38:24 查询号码 【1716538】，GSD为【"山东-烟台"】

