2024-03-17 00:18:00 开始第 9265 次操作

2024-03-17 00:18:00 开始操作号码 【1719167】
2024-03-17 00:18:07 GSD getOne 第 1 次 等待 3 秒
2024-03-17 00:18:10 查询号码 【1719167】，返回信息 {"status":"ok","msg":"上海-上海","gid":"239892","time_insert":"2021-07-10 13:46"}
2024-03-17 00:18:10 查询号码 【1719167】，GSD为【"上海-上海"】

2024-03-17 00:18:11 开始第 9266 次操作

2024-03-17 00:18:11 开始操作号码 【1719168】
2024-03-17 00:18:17 GSD getOne 第 1 次 等待 3 秒
2024-03-17 00:18:20 查询号码 【1719168】，返回信息 {"status":"ok","msg":"上海-上海","gid":"239896","time_insert":"2021-07-10 13:46"}
2024-03-17 00:18:20 查询号码 【1719168】，GSD为【"上海-上海"】

2024-03-17 00:18:21 开始第 9267 次操作

2024-03-17 00:18:21 开始操作号码 【1719169】
2024-03-17 00:18:26 GSD getOne 第 1 次 等待 3 秒
2024-03-17 00:18:29 查询号码 【1719169】，返回信息 {"status":"ok","msg":"上海-上海","gid":"239905","time_insert":"2021-07-10 13:47"}
2024-03-17 00:18:29 查询号码 【1719169】，GSD为【"上海-上海"】

2024-03-17 00:18:30 开始第 9268 次操作

2024-03-17 00:18:30 开始操作号码 【1719170】
2024-03-17 00:18:35 GSD getOne 第 1 次 等待 3 秒
2024-03-17 00:18:38 查询号码 【1719170】，返回信息 {"status":"ok","msg":"上海-上海","gid":"239910","time_insert":"2021-07-10 13:47"}
2024-03-17 00:18:38 查询号码 【1719170】，GSD为【"上海-上海"】

2024-03-17 00:37:34 开始第 9269 次操作

2024-03-17 00:37:34 开始操作号码 【1719171】
2024-03-17 00:37:41 GSD getOne 第 1 次 等待 3 秒
2024-03-17 00:37:44 查询号码 【1719171】，返回信息 {"status":"ok","msg":"上海-上海","gid":"239919","time_insert":"2021-07-10 13:48"}
2024-03-17 00:37:44 查询号码 【1719171】，GSD为【"上海-上海"】

2024-03-17 00:37:45 开始第 9270 次操作

2024-03-17 00:37:45 开始操作号码 【1719172】
2024-03-17 00:37:50 GSD getOne 第 1 次 等待 3 秒
2024-03-17 00:37:53 查询号码 【1719172】，返回信息 {"status":"ok","msg":"上海-上海","gid":"240196","time_insert":"2021-07-10 14:56"}
2024-03-17 00:37:53 查询号码 【1719172】，GSD为【"上海-上海"】

2024-03-17 00:37:54 开始第 9271 次操作

2024-03-17 00:37:54 开始操作号码 【1719173】
2024-03-17 00:38:03 GSD getOne 第 1 次 等待 3 秒
2024-03-17 00:38:06 查询号码 【1719173】，返回信息 {"status":"ok","msg":"上海-上海","gid":"240206","time_insert":"2021-07-10 14:57"}
2024-03-17 00:38:06 查询号码 【1719173】，GSD为【"上海-上海"】

2024-03-17 00:38:07 开始第 9272 次操作

2024-03-17 00:38:07 开始操作号码 【1719174】
2024-03-17 00:38:13 GSD getOne 第 1 次 等待 3 秒
2024-03-17 00:38:16 查询号码 【1719174】，返回信息 {"status":"ok","msg":"上海-上海","gid":"240221","time_insert":"2021-07-10 14:57"}
2024-03-17 00:38:16 查询号码 【1719174】，GSD为【"上海-上海"】

2024-03-17 01:13:55 开始第 9273 次操作

2024-03-17 01:13:55 开始操作号码 【1719175】
2024-03-17 01:13:59 GSD getOne 第 1 次 等待 3 秒
2024-03-17 01:14:02 查询号码 【1719175】，返回信息 {"status":"ok","msg":"上海-上海","gid":"240232","time_insert":"2021-07-10 14:58"}
2024-03-17 01:14:03 查询号码 【1719175】，GSD为【"上海-上海"】

2024-03-17 01:14:04 开始第 9274 次操作

2024-03-17 01:14:04 开始操作号码 【1719176】
2024-03-17 01:14:09 GSD getOne 第 1 次 等待 3 秒
2024-03-17 01:14:12 查询号码 【1719176】，返回信息 {"status":"ok","msg":"上海-上海","gid":"240246","time_insert":"2021-07-10 14:59"}
2024-03-17 01:14:12 查询号码 【1719176】，GSD为【"上海-上海"】

2024-03-17 01:14:13 开始第 9275 次操作

2024-03-17 01:14:13 开始操作号码 【1719177】
2024-03-17 01:14:19 GSD getOne 第 1 次 等待 3 秒
2024-03-17 01:14:22 查询号码 【1719177】，返回信息 {"status":"ok","msg":"上海-上海","gid":"240256","time_insert":"2021-07-10 14:59"}
2024-03-17 01:14:22 查询号码 【1719177】，GSD为【"上海-上海"】

2024-03-17 01:14:23 开始第 9276 次操作

2024-03-17 01:14:23 开始操作号码 【1719178】
2024-03-17 01:14:28 GSD getOne 第 1 次 等待 3 秒
2024-03-17 01:14:31 查询号码 【1719178】，返回信息 {"status":"ok","msg":"上海-上海","gid":"240269","time_insert":"2021-07-10 15:00"}
2024-03-17 01:14:31 查询号码 【1719178】，GSD为【"上海-上海"】

2024-03-17 01:37:33 开始第 9277 次操作

2024-03-17 01:37:33 开始操作号码 【1719179】
2024-03-17 01:37:40 GSD getOne 第 1 次 等待 3 秒
2024-03-17 01:37:43 查询号码 【1719179】，返回信息 {"status":"ok","msg":"上海-上海","gid":"240278","time_insert":"2021-07-10 15:01"}
2024-03-17 01:37:43 查询号码 【1719179】，GSD为【"上海-上海"】

2024-03-17 01:37:44 开始第 9278 次操作

2024-03-17 01:37:44 开始操作号码 【1719180】
2024-03-17 01:37:50 GSD getOne 第 1 次 等待 3 秒
2024-03-17 01:37:53 查询号码 【1719180】，返回信息 {"status":"ok","msg":"吉林-长春","gid":"240287","time_insert":"2021-07-10 15:02"}
2024-03-17 01:37:53 查询号码 【1719180】，GSD为【"吉林-长春"】

2024-03-17 01:37:54 开始第 9279 次操作

2024-03-17 01:37:54 开始操作号码 【1719181】
2024-03-17 01:37:59 GSD getOne 第 1 次 等待 3 秒
2024-03-17 01:38:02 查询号码 【1719181】，返回信息 {"status":"ok","msg":"吉林-长春","gid":"240296","time_insert":"2021-07-10 15:02"}
2024-03-17 01:38:02 查询号码 【1719181】，GSD为【"吉林-长春"】

2024-03-17 01:38:03 开始第 9280 次操作

2024-03-17 01:38:03 开始操作号码 【1719182】
2024-03-17 01:38:08 GSD getOne 第 1 次 等待 3 秒
2024-03-17 01:38:11 查询号码 【1719182】，返回信息 {"status":"ok","msg":"吉林-长春","gid":"240304","time_insert":"2021-07-10 15:03"}
2024-03-17 01:38:11 查询号码 【1719182】，GSD为【"吉林-长春"】

2024-03-17 02:20:56 开始第 9281 次操作

2024-03-17 02:20:56 开始操作号码 【1719183】
2024-03-17 02:21:07 GSD getOne 第 1 次 等待 3 秒
2024-03-17 02:21:10 查询号码 【1719183】，返回信息 {"status":"ok","msg":"吉林-长春","gid":"240312","time_insert":"2021-07-10 15:04"}
2024-03-17 02:21:10 查询号码 【1719183】，GSD为【"吉林-长春"】

2024-03-17 02:21:12 开始第 9282 次操作

2024-03-17 02:21:12 开始操作号码 【1719184】
2024-03-17 02:21:17 GSD getOne 第 1 次 等待 3 秒
2024-03-17 02:21:20 查询号码 【1719184】，返回信息 {"status":"ok","msg":"吉林-长春","gid":"240319","time_insert":"2021-07-10 15:05"}
2024-03-17 02:21:20 查询号码 【1719184】，GSD为【"吉林-长春"】

2024-03-17 02:21:21 开始第 9283 次操作

2024-03-17 02:21:21 开始操作号码 【1719185】
2024-03-17 02:21:27 GSD getOne 第 1 次 等待 3 秒
2024-03-17 02:21:30 查询号码 【1719185】，返回信息 {"status":"ok","msg":"吉林-长春","gid":"240328","time_insert":"2021-07-10 15:05"}
2024-03-17 02:21:30 查询号码 【1719185】，GSD为【"吉林-长春"】

2024-03-17 02:21:31 开始第 9284 次操作

2024-03-17 02:21:31 开始操作号码 【1719186】
2024-03-17 02:21:37 GSD getOne 第 1 次 等待 3 秒
2024-03-17 02:21:40 查询号码 【1719186】，返回信息 {"status":"ok","msg":"吉林-长春","gid":"240334","time_insert":"2021-07-10 15:06"}
2024-03-17 02:21:40 查询号码 【1719186】，GSD为【"吉林-长春"】

