2024-09-07 00:18:43 开始第 3341 次操作

2024-09-07 00:18:43 开始操作号码 【1383340】
2024-09-07 00:18:52 GSD getOne 第 1 次 等待 3 秒
2024-09-07 00:18:55 查询号码 【1383340】，返回信息 {"status":"ok","msg":"河北-承德","gid":"91415","time_insert":"2021-06-11 15:11"}
2024-09-07 00:18:55 查询号码 【1383340】，GSD为【"河北-承德"】

2024-09-07 00:18:56 开始第 3342 次操作

2024-09-07 00:18:56 开始操作号码 【1383341】
2024-09-07 00:19:06 GSD getOne 第 1 次 等待 3 秒
2024-09-07 00:19:09 查询号码 【1383341】，返回信息 {"status":"ok","msg":"河北-承德","gid":"91416","time_insert":"2021-06-11 15:12"}
2024-09-07 00:19:09 查询号码 【1383341】，GSD为【"河北-承德"】

2024-09-07 00:19:10 开始第 3343 次操作

2024-09-07 00:19:10 开始操作号码 【1383342】
2024-09-07 00:19:18 GSD getOne 第 1 次 等待 3 秒
2024-09-07 00:19:21 查询号码 【1383342】，返回信息 {"status":"ok","msg":"河北-承德","gid":"91418","time_insert":"2021-06-11 15:13"}
2024-09-07 00:19:21 查询号码 【1383342】，GSD为【"河北-承德"】

2024-09-07 00:19:22 开始第 3344 次操作

2024-09-07 00:19:22 开始操作号码 【1383343】
2024-09-07 00:19:31 GSD getOne 第 1 次 等待 3 秒
2024-09-07 00:19:34 查询号码 【1383343】，返回信息 {"status":"ok","msg":"河北-承德","gid":"91419","time_insert":"2021-06-11 15:15"}
2024-09-07 00:19:34 查询号码 【1383343】，GSD为【"河北-承德"】

