2024-03-18 00:18:30 开始第 9445 次操作

2024-03-18 00:18:30 开始操作号码 【1719347】
2024-03-18 00:18:35 GSD getOne 第 1 次 等待 3 秒
2024-03-18 00:18:38 查询号码 【1719347】，返回信息 {"status":"ok","msg":"江苏-常州","gid":"242195","time_insert":"2021-07-10 19:46"}
2024-03-18 00:18:38 查询号码 【1719347】，GSD为【"江苏-常州"】

2024-03-18 00:18:39 开始第 9446 次操作

2024-03-18 00:18:39 开始操作号码 【1719348】
2024-03-18 00:18:48 GSD getOne 第 1 次 等待 3 秒
2024-03-18 00:18:51 查询号码 【1719348】，返回信息 {"status":"ok","msg":"江苏-淮安","gid":"242204","time_insert":"2021-07-10 19:47"}
2024-03-18 00:18:51 查询号码 【1719348】，GSD为【"江苏-淮安"】

2024-03-18 00:18:52 开始第 9447 次操作

2024-03-18 00:18:52 开始操作号码 【1719349】
2024-03-18 00:18:57 GSD getOne 第 1 次 等待 3 秒
2024-03-18 00:19:00 查询号码 【1719349】，返回信息 {"status":"ok","msg":"江苏-淮安","gid":"242209","time_insert":"2021-07-10 19:47"}
2024-03-18 00:19:00 查询号码 【1719349】，GSD为【"江苏-淮安"】

2024-03-18 00:19:01 开始第 9448 次操作

2024-03-18 00:19:01 开始操作号码 【1719350】
2024-03-18 00:19:06 GSD getOne 第 1 次 等待 3 秒
2024-03-18 00:19:09 查询号码 【1719350】，返回信息 {"status":"ok","msg":"山西-太原","gid":"242214","time_insert":"2021-07-10 19:48"}
2024-03-18 00:19:09 查询号码 【1719350】，GSD为【"山西-太原"】

