2024-09-05 00:17:18 开始第 2981 次操作

2024-09-05 00:17:18 开始操作号码 【1382980】
2024-09-05 00:17:28 GSD getOne 第 1 次 等待 3 秒
2024-09-05 00:17:31 查询号码 【1382980】，返回信息 {"status":"ok","msg":"广东-阳江","gid":"61826","time_insert":"2021-05-18 15:28"}
2024-09-05 00:17:31 查询号码 【1382980】，GSD为【"广东-阳江"】

2024-09-05 00:17:32 开始第 2982 次操作

2024-09-05 00:17:32 开始操作号码 【1382981】
2024-09-05 00:17:40 GSD getOne 第 1 次 等待 3 秒
2024-09-05 00:17:43 查询号码 【1382981】，返回信息 {"status":"ok","msg":"广东-阳江","gid":"61827","time_insert":"2021-05-18 15:28"}
2024-09-05 00:17:43 查询号码 【1382981】，GSD为【"广东-阳江"】

2024-09-05 00:17:44 开始第 2983 次操作

2024-09-05 00:17:44 开始操作号码 【1382982】
2024-09-05 00:17:51 GSD getOne 第 1 次 等待 3 秒
2024-09-05 00:17:54 查询号码 【1382982】，返回信息 {"status":"ok","msg":"广东-阳江","gid":"61828","time_insert":"2021-05-18 15:28"}
2024-09-05 00:17:54 查询号码 【1382982】，GSD为【"广东-阳江"】

2024-09-05 00:17:55 开始第 2984 次操作

2024-09-05 00:17:55 开始操作号码 【1382983】
2024-09-05 00:18:04 GSD getOne 第 1 次 等待 3 秒
2024-09-05 00:18:07 查询号码 【1382983】，返回信息 {"status":"ok","msg":"广东-阳江","gid":"61829","time_insert":"2021-05-18 15:28"}
2024-09-05 00:18:07 查询号码 【1382983】，GSD为【"广东-阳江"】

