2021-06-30 17:03:18 开始第 1 次操作

2021-06-30 17:03:18 开始操作号码 【1703650】
2021-06-30 17:03:22 GSD getOne 第 1 次 等待 1 秒
2021-06-30 17:03:23 查询号码 【1703650】，返回信息 {"status":"ok","msg":"-","time_insert":"2021-06-27 16:03"}
2021-06-30 17:03:24 查询号码 【1703650】，GSD为【"-"】
2021-06-30 17:03:24 ok && -
2021-06-30 17:03:28 CHB 1703650?1625043804 第 1 次 等待 1 秒
2021-06-30 17:03:29 CHB 1703650?1625043804 第 1 次 获取到号码【1703650】GSD
2021-06-30 17:03:29 获取到号码【1703650】的GSD为【河南-驻马店】
2021-06-30 17:03:50 GSD insert 第 1 次 等待 1 秒
2021-06-30 17:03:51 {"status":"ok","msg":"添加号码已存在，但为‘-’，修改成功！"}
2021-06-30 17:03:51 下次操作: 2021-06-30 17:04:07

2021-06-30 17:04:07 开始第 2 次操作

2021-06-30 17:04:07 开始操作号码 【1703651】
2021-06-30 17:04:14 GSD getOne 第 1 次 等待 1 秒
2021-06-30 17:04:15 查询号码 【1703651】，返回信息 {"status":"ok","msg":"-","time_insert":"2021-06-27 16:04"}
2021-06-30 17:04:15 查询号码 【1703651】，GSD为【"-"】
2021-06-30 17:04:15 ok && -
2021-06-30 17:04:17 CHB 1703651?1625043855 第 1 次 等待 1 秒
2021-06-30 17:04:18 CHB 1703651?1625043855 第 1 次 获取到号码【1703651】GSD
2021-06-30 17:04:18 获取到号码【1703651】的GSD为【黑龙江-哈尔滨】
2021-06-30 17:04:39 GSD insert 第 1 次 等待 1 秒
2021-06-30 17:04:40 {"status":"ok","msg":"添加号码已存在，但为‘-’，修改成功！"}
2021-06-30 17:04:40 下次操作: 2021-06-30 17:04:55

2021-06-30 17:04:55 开始第 3 次操作

2021-06-30 17:04:55 开始操作号码 【1703652】
2021-06-30 17:05:02 GSD getOne 第 1 次 等待 1 秒
2021-06-30 17:05:03 查询号码 【1703652】，返回信息 {"status":"ok","msg":"-","time_insert":"2021-06-27 16:05"}
2021-06-30 17:05:03 查询号码 【1703652】，GSD为【"-"】
2021-06-30 17:05:03 ok && -
2021-06-30 17:05:06 CHB 1703652?1625043903 第 1 次 等待 1 秒
2021-06-30 17:05:07 CHB 1703652?1625043903 第 1 次 获取到号码【1703652】GSD
2021-06-30 17:05:07 获取到号码【1703652】的GSD为【黑龙江-哈尔滨】
2021-06-30 17:05:27 GSD insert 第 1 次 等待 1 秒
2021-06-30 17:05:28 {"status":"ok","msg":"添加号码已存在，但为‘-’，修改成功！"}
2021-06-30 17:05:28 下次操作: 2021-06-30 17:05:35

2021-06-30 17:05:35 开始第 4 次操作

2021-06-30 17:05:35 开始操作号码 【1703653】
2021-06-30 17:05:54 GSD getOne 第 1 次 等待 1 秒
2021-06-30 17:05:55 查询号码 【1703653】，返回信息 {"status":"ok","msg":"-","time_insert":"2021-06-27 16:44"}
2021-06-30 17:05:55 查询号码 【1703653】，GSD为【"-"】
2021-06-30 17:05:55 ok && -
2021-06-30 17:05:57 CHB 1703653?1625043955 第 1 次 等待 1 秒
2021-06-30 17:05:58 CHB 1703653?1625043955 第 1 次 获取到号码【1703653】GSD
2021-06-30 17:05:58 获取到号码【1703653】的GSD为【黑龙江-哈尔滨】
2021-06-30 17:06:18 GSD insert 第 1 次 等待 1 秒
2021-06-30 17:06:19 {"status":"ok","msg":"添加号码已存在，但为‘-’，修改成功！"}
2021-06-30 17:06:19 下次操作: 2021-06-30 17:06:36

2021-06-30 17:06:37 开始第 5 次操作

2021-06-30 17:06:37 开始操作号码 【1703654】
2021-06-30 17:06:40 GSD getOne 第 1 次 等待 1 秒
2021-06-30 17:06:41 查询号码 【1703654】，返回信息 {"status":"ok","msg":"-","time_insert":"2021-06-27 16:44"}
2021-06-30 17:06:42 查询号码 【1703654】，GSD为【"-"】
2021-06-30 17:06:42 ok && -
2021-06-30 17:06:43 CHB 1703654?1625044002 第 1 次 等待 1 秒
2021-06-30 17:06:44 CHB 1703654?1625044002 第 1 次 获取到号码【1703654】GSD
2021-06-30 17:06:44 获取到号码【1703654】的GSD为【黑龙江-哈尔滨】
2021-06-30 17:07:05 GSD insert 第 1 次 等待 1 秒
2021-06-30 17:07:06 {"status":"ok","msg":"添加号码已存在，但为‘-’，修改成功！"}
2021-06-30 17:07:06 下次操作: 2021-06-30 17:07:21

2021-06-30 17:07:21 开始第 6 次操作

2021-06-30 17:07:21 开始操作号码 【1703655】
2021-06-30 17:07:28 GSD getOne 第 1 次 等待 1 秒
2021-06-30 17:07:29 查询号码 【1703655】，返回信息 {"status":"ok","msg":"-","time_insert":"2021-06-27 16:45"}
2021-06-30 17:07:29 查询号码 【1703655】，GSD为【"-"】
2021-06-30 17:07:29 ok && -
2021-06-30 17:07:31 CHB 1703655?1625044049 第 1 次 等待 1 秒
2021-06-30 17:07:32 CHB 1703655?1625044049 第 1 次 获取到号码【1703655】GSD
2021-06-30 17:07:32 获取到号码【1703655】的GSD为【黑龙江-哈尔滨】
2021-06-30 17:07:53 GSD insert 第 1 次 等待 1 秒
2021-06-30 17:07:54 {"status":"ok","msg":"添加号码已存在，但为‘-’，修改成功！"}
2021-06-30 17:07:54 下次操作: 2021-06-30 17:08:05

2021-06-30 17:08:05 开始第 7 次操作

2021-06-30 17:08:05 开始操作号码 【1703656】
2021-06-30 17:08:16 GSD getOne 第 1 次 等待 1 秒
2021-06-30 17:08:17 查询号码 【1703656】，返回信息 {"status":"ok","msg":"-","time_insert":"2021-06-27 16:46"}
2021-06-30 17:08:18 查询号码 【1703656】，GSD为【"-"】
2021-06-30 17:08:18 ok && -
2021-06-30 17:08:20 CHB 1703656?1625044098 第 1 次 等待 1 秒
2021-06-30 17:08:21 CHB 1703656?1625044098 第 1 次 获取到号码【1703656】GSD
2021-06-30 17:08:21 获取到号码【1703656】的GSD为【黑龙江-哈尔滨】
2021-06-30 17:08:41 GSD insert 第 1 次 等待 1 秒
2021-06-30 17:08:42 {"status":"ok","msg":"添加号码已存在，但为‘-’，修改成功！"}
2021-06-30 17:08:42 下次操作: 2021-06-30 17:08:55

2021-06-30 17:08:55 开始第 8 次操作

2021-06-30 17:08:55 开始操作号码 【1703657】
2021-06-30 17:09:06 GSD getOne 第 1 次 等待 1 秒
2021-06-30 17:09:07 查询号码 【1703657】，返回信息 {"status":"ok","msg":"-","time_insert":"2021-06-27 16:47"}
2021-06-30 17:09:07 查询号码 【1703657】，GSD为【"-"】
2021-06-30 17:09:07 ok && -
2021-06-30 17:09:09 CHB 1703657?1625044147 第 1 次 等待 1 秒
2021-06-30 17:09:10 CHB 1703657?1625044147 第 1 次 获取到号码【1703657】GSD
2021-06-30 17:09:10 获取到号码【1703657】的GSD为【黑龙江-哈尔滨】
2021-06-30 17:09:30 GSD insert 第 1 次 等待 1 秒
2021-06-30 17:09:31 {"status":"ok","msg":"添加号码已存在，但为‘-’，修改成功！"}
2021-06-30 17:09:31 下次操作: 2021-06-30 17:09:42

2021-06-30 17:09:42 开始第 9 次操作

2021-06-30 17:09:42 开始操作号码 【1703658】
2021-06-30 17:09:55 GSD getOne 第 1 次 等待 1 秒
2021-06-30 17:09:56 查询号码 【1703658】，返回信息 {"status":"ok","msg":"-","time_insert":"2021-06-27 16:48"}
2021-06-30 17:09:56 查询号码 【1703658】，GSD为【"-"】
2021-06-30 17:09:56 ok && -
2021-06-30 17:09:57 CHB 1703658?1625044196 第 1 次 等待 1 秒
2021-06-30 17:09:58 CHB 1703658?1625044196 第 1 次 获取到号码【1703658】GSD
2021-06-30 17:09:58 获取到号码【1703658】的GSD为【黑龙江-哈尔滨】
2021-06-30 17:10:18 GSD insert 第 1 次 等待 1 秒
2021-06-30 17:10:19 {"status":"ok","msg":"添加号码已存在，但为‘-’，修改成功！"}
2021-06-30 17:10:19 下次操作: 2021-06-30 17:10:36

2021-06-30 17:10:36 开始第 10 次操作

2021-06-30 17:10:36 开始操作号码 【1703659】
2021-06-30 17:10:40 GSD getOne 第 1 次 等待 1 秒
2021-06-30 17:10:41 查询号码 【1703659】，返回信息 {"status":"ok","msg":"-","time_insert":"2021-06-27 16:48"}
2021-06-30 17:10:41 查询号码 【1703659】，GSD为【"-"】
2021-06-30 17:10:41 ok && -
2021-06-30 17:10:43 CHB 1703659?1625044241 第 1 次 等待 1 秒
2021-06-30 17:10:44 CHB 1703659?1625044241 第 1 次 获取到号码【1703659】GSD
2021-06-30 17:10:44 获取到号码【1703659】的GSD为【黑龙江-哈尔滨】
2021-06-30 17:11:04 GSD insert 第 1 次 等待 1 秒
2021-06-30 17:11:05 {"status":"ok","msg":"添加号码已存在，但为‘-’，修改成功！"}
2021-06-30 17:11:05 下次操作: 2021-06-30 17:11:16

2021-06-30 17:11:16 开始第 11 次操作

2021-06-30 17:11:16 开始操作号码 【1703660】
2021-06-30 17:11:31 GSD getOne 第 1 次 等待 1 秒
2021-06-30 17:11:32 查询号码 【1703660】，返回信息 {"status":"ok","msg":"-","time_insert":"2021-06-27 16:49"}
2021-06-30 17:11:32 查询号码 【1703660】，GSD为【"-"】
2021-06-30 17:11:32 ok && -
2021-06-30 17:11:34 CHB 1703660?1625044292 第 1 次 等待 1 秒
2021-06-30 17:11:35 CHB 1703660?1625044292 第 1 次 获取到号码【1703660】GSD
2021-06-30 17:11:35 获取到号码【1703660】的GSD为【黑龙江-哈尔滨】
2021-06-30 17:11:55 GSD insert 第 1 次 等待 1 秒
2021-06-30 17:11:56 {"status":"ok","msg":"添加号码已存在，但为‘-’，修改成功！"}
2021-06-30 17:11:56 下次操作: 2021-06-30 17:12:08

2021-06-30 17:12:08 开始第 12 次操作

2021-06-30 17:12:08 开始操作号码 【1703661】
2021-06-30 17:12:19 GSD getOne 第 1 次 等待 1 秒
2021-06-30 17:12:20 查询号码 【1703661】，返回信息 {"status":"ok","msg":"-","time_insert":"2021-06-27 16:50"}
2021-06-30 17:12:20 查询号码 【1703661】，GSD为【"-"】
2021-06-30 17:12:20 ok && -
2021-06-30 17:12:21 CHB 1703661?1625044340 第 1 次 等待 1 秒
2021-06-30 17:12:22 CHB 1703661?1625044340 第 1 次 获取到号码【1703661】GSD
2021-06-30 17:12:23 获取到号码【1703661】的GSD为【黑龙江-哈尔滨】
2021-06-30 17:12:44 GSD insert 第 1 次 等待 1 秒
2021-06-30 17:12:45 {"status":"ok","msg":"添加号码已存在，但为‘-’，修改成功！"}
2021-06-30 17:12:45 下次操作: 2021-06-30 17:13:03

2021-06-30 17:13:03 开始第 13 次操作

2021-06-30 17:13:03 开始操作号码 【1703662】
2021-06-30 17:13:07 GSD getOne 第 1 次 等待 1 秒
2021-06-30 17:13:08 查询号码 【1703662】，返回信息 {"status":"ok","msg":"-","time_insert":"2021-06-27 16:51"}
2021-06-30 17:13:08 查询号码 【1703662】，GSD为【"-"】
2021-06-30 17:13:08 ok && -
2021-06-30 17:13:10 CHB 1703662?1625044388 第 1 次 等待 1 秒
2021-06-30 17:13:11 CHB 1703662?1625044388 第 1 次 获取到号码【1703662】GSD
2021-06-30 17:13:11 获取到号码【1703662】的GSD为【黑龙江-哈尔滨】
2021-06-30 17:13:31 GSD insert 第 1 次 等待 1 秒
2021-06-30 17:13:32 {"status":"ok","msg":"添加号码已存在，但为‘-’，修改成功！"}
2021-06-30 17:13:32 下次操作: 2021-06-30 17:13:50

2021-06-30 17:13:50 开始第 14 次操作

2021-06-30 17:13:50 开始操作号码 【1703663】
2021-06-30 17:13:54 GSD getOne 第 1 次 等待 1 秒
2021-06-30 17:13:55 查询号码 【1703663】，返回信息 {"status":"ok","msg":"-","time_insert":"2021-06-27 16:51"}
2021-06-30 17:13:55 查询号码 【1703663】，GSD为【"-"】
2021-06-30 17:13:55 ok && -
2021-06-30 17:13:57 CHB 1703663?1625044435 第 1 次 等待 1 秒
2021-06-30 17:13:58 CHB 1703663?1625044435 第 1 次 获取到号码【1703663】GSD
2021-06-30 17:13:58 获取到号码【1703663】的GSD为【黑龙江-哈尔滨】
2021-06-30 17:14:18 GSD insert 第 1 次 等待 1 秒
2021-06-30 17:14:19 {"status":"ok","msg":"添加号码已存在，但为‘-’，修改成功！"}
2021-06-30 17:14:19 下次操作: 2021-06-30 17:14:29

2021-06-30 17:14:29 开始第 15 次操作

2021-06-30 17:14:29 开始操作号码 【1703664】
2021-06-30 17:14:40 GSD getOne 第 1 次 等待 1 秒
2021-06-30 17:14:41 查询号码 【1703664】，返回信息 {"status":"ok","msg":"-","time_insert":"2021-06-27 16:52"}
2021-06-30 17:14:41 查询号码 【1703664】，GSD为【"-"】
2021-06-30 17:14:41 ok && -
2021-06-30 17:14:43 CHB 1703664?1625044481 第 1 次 等待 1 秒
2021-06-30 17:14:44 CHB 1703664?1625044481 第 1 次 获取到号码【1703664】GSD
2021-06-30 17:14:44 获取到号码【1703664】的GSD为【黑龙江-哈尔滨】
2021-06-30 17:15:03 GSD insert 第 1 次 等待 1 秒
2021-06-30 17:15:04 {"status":"bad","msg":"添加失败！号码【1703664(黑龙江-哈尔滨|黑龙江-哈尔滨)】已存在！"}
2021-06-30 17:15:04 下次操作: 2021-06-30 17:15:16

2021-06-30 17:15:16 开始第 16 次操作

2021-06-30 17:15:16 开始操作号码 【1703665】
2021-06-30 17:15:28 GSD getOne 第 1 次 等待 1 秒
2021-06-30 17:15:29 查询号码 【1703665】，返回信息 {"status":"ok","msg":"-","time_insert":"2021-06-27 16:53"}
2021-06-30 17:15:29 查询号码 【1703665】，GSD为【"-"】
2021-06-30 17:15:29 ok && -
2021-06-30 17:15:30 CHB 1703665?1625044529 第 1 次 等待 1 秒
2021-06-30 17:15:31 CHB 1703665?1625044529 第 1 次 获取到号码【1703665】GSD
2021-06-30 17:15:31 获取到号码【1703665】的GSD为【黑龙江-哈尔滨】
2021-06-30 17:15:54 GSD insert 第 1 次 等待 1 秒
2021-06-30 17:15:55 {"status":"ok","msg":"添加号码已存在，但为‘-’，修改成功！"}
2021-06-30 17:15:55 下次操作: 2021-06-30 17:16:07

2021-06-30 17:16:07 开始第 17 次操作

2021-06-30 17:16:07 开始操作号码 【1703666】
2021-06-30 17:16:18 GSD getOne 第 1 次 等待 1 秒
2021-06-30 17:16:19 查询号码 【1703666】，返回信息 {"status":"ok","msg":"-","time_insert":"2021-06-27 16:54"}
2021-06-30 17:16:19 查询号码 【1703666】，GSD为【"-"】
2021-06-30 17:16:19 ok && -
2021-06-30 17:16:21 CHB 1703666?1625044579 第 1 次 等待 1 秒
2021-06-30 17:16:22 CHB 1703666?1625044579 第 1 次 获取到号码【1703666】GSD
2021-06-30 17:16:22 获取到号码【1703666】的GSD为【黑龙江-哈尔滨】
2021-06-30 17:16:42 GSD insert 第 1 次 等待 1 秒
2021-06-30 17:16:43 {"status":"ok","msg":"添加号码已存在，但为‘-’，修改成功！"}
2021-06-30 17:16:43 下次操作: 2021-06-30 17:17:01

2021-06-30 17:17:01 开始第 18 次操作

2021-06-30 17:17:01 开始操作号码 【1703667】
2021-06-30 17:17:06 GSD getOne 第 1 次 等待 1 秒
2021-06-30 17:17:07 查询号码 【1703667】，返回信息 {"status":"ok","msg":"-","time_insert":"2021-06-27 16:54"}
2021-06-30 17:17:07 查询号码 【1703667】，GSD为【"-"】
2021-06-30 17:17:07 ok && -
2021-06-30 17:17:09 CHB 1703667?1625044627 第 1 次 等待 1 秒
2021-06-30 17:17:10 CHB 1703667?1625044627 第 1 次 获取到号码【1703667】GSD
2021-06-30 17:17:10 获取到号码【1703667】的GSD为【黑龙江-哈尔滨】
2021-06-30 17:17:30 GSD insert 第 1 次 等待 1 秒
2021-06-30 17:17:31 {"status":"ok","msg":"添加号码已存在，但为‘-’，修改成功！"}
2021-06-30 17:17:31 下次操作: 2021-06-30 17:17:42

2021-06-30 17:17:42 开始第 19 次操作

2021-06-30 17:17:42 开始操作号码 【1703668】
2021-06-30 17:17:53 GSD getOne 第 1 次 等待 1 秒
2021-06-30 17:17:54 查询号码 【1703668】，返回信息 {"status":"ok","msg":"-","time_insert":"2021-06-27 16:55"}
2021-06-30 17:17:54 查询号码 【1703668】，GSD为【"-"】
2021-06-30 17:17:54 ok && -
2021-06-30 17:17:56 CHB 1703668?1625044674 第 1 次 等待 1 秒
2021-06-30 17:17:57 CHB 1703668?1625044674 第 1 次 获取到号码【1703668】GSD
2021-06-30 17:17:57 获取到号码【1703668】的GSD为【黑龙江-哈尔滨】
2021-06-30 17:18:18 GSD insert 第 1 次 等待 1 秒
2021-06-30 17:18:19 {"status":"ok","msg":"添加号码已存在，但为‘-’，修改成功！"}
2021-06-30 17:18:19 下次操作: 2021-06-30 17:18:30

2021-06-30 17:18:30 开始第 20 次操作

2021-06-30 17:18:30 开始操作号码 【1703669】
2021-06-30 17:18:41 GSD getOne 第 1 次 等待 1 秒
2021-06-30 17:18:42 查询号码 【1703669】，返回信息 {"status":"ok","msg":"-","time_insert":"2021-06-27 16:56"}
2021-06-30 17:18:42 查询号码 【1703669】，GSD为【"-"】
2021-06-30 17:18:42 ok && -
2021-06-30 17:18:44 CHB 1703669?1625044722 第 1 次 等待 1 秒
2021-06-30 17:18:45 CHB 1703669?1625044722 第 1 次 获取到号码【1703669】GSD
2021-06-30 17:18:45 获取到号码【1703669】的GSD为【黑龙江-哈尔滨】
2021-06-30 17:19:05 GSD insert 第 1 次 等待 1 秒
2021-06-30 17:19:06 {"status":"ok","msg":"添加号码已存在，但为‘-’，修改成功！"}
2021-06-30 17:19:06 下次操作: 2021-06-30 17:19:19

2021-06-30 17:19:19 开始第 21 次操作

2021-06-30 17:19:19 开始操作号码 【1703670】
2021-06-30 17:19:30 GSD getOne 第 1 次 等待 1 秒
2021-06-30 17:19:31 查询号码 【1703670】，返回信息 {"status":"ok","msg":"-","time_insert":"2021-06-27 16:57"}
2021-06-30 17:19:31 查询号码 【1703670】，GSD为【"-"】
2021-06-30 17:19:31 ok && -
2021-06-30 17:19:33 CHB 1703670?1625044771 第 1 次 等待 1 秒
2021-06-30 17:19:34 CHB 1703670?1625044771 第 1 次 获取到号码【1703670】GSD
2021-06-30 17:19:34 获取到号码【1703670】的GSD为【黑龙江-哈尔滨】
2021-06-30 17:19:54 GSD insert 第 1 次 等待 1 秒
2021-06-30 17:19:55 {"status":"ok","msg":"添加号码已存在，但为‘-’，修改成功！"}
2021-06-30 17:19:55 下次操作: 2021-06-30 17:20:13

2021-06-30 17:20:13 开始第 22 次操作

2021-06-30 17:20:13 开始操作号码 【1703671】
2021-06-30 17:20:17 GSD getOne 第 1 次 等待 1 秒
2021-06-30 17:20:18 查询号码 【1703671】，返回信息 {"status":"ok","msg":"-","time_insert":"2021-06-27 16:57"}
2021-06-30 17:20:18 查询号码 【1703671】，GSD为【"-"】
2021-06-30 17:20:18 ok && -
2021-06-30 17:20:19 CHB 1703671?1625044818 第 1 次 等待 1 秒
2021-06-30 17:20:20 CHB 1703671?1625044818 第 1 次 获取到号码【1703671】GSD
2021-06-30 17:20:20 获取到号码【1703671】的GSD为【黑龙江-哈尔滨】
2021-06-30 17:20:40 GSD insert 第 1 次 等待 1 秒
2021-06-30 17:20:41 {"status":"ok","msg":"添加号码已存在，但为‘-’，修改成功！"}
2021-06-30 17:20:41 下次操作: 2021-06-30 17:20:53

2021-06-30 17:20:53 开始第 23 次操作

2021-06-30 17:20:53 开始操作号码 【1703672】
2021-06-30 17:21:06 GSD getOne 第 1 次 等待 1 秒
2021-06-30 17:21:07 查询号码 【1703672】，返回信息 {"status":"ok","msg":"-","time_insert":"2021-06-27 16:58"}
2021-06-30 17:21:07 查询号码 【1703672】，GSD为【"-"】
2021-06-30 17:21:07 ok && -
2021-06-30 17:21:09 CHB 1703672?1625044867 第 1 次 等待 1 秒
2021-06-30 17:21:10 CHB 1703672?1625044867 第 1 次 获取到号码【1703672】GSD
2021-06-30 17:21:10 获取到号码【1703672】的GSD为【黑龙江-哈尔滨】
2021-06-30 17:21:29 GSD insert 第 1 次 等待 1 秒
2021-06-30 17:21:30 {"status":"bad","msg":"添加失败！号码【1703672(黑龙江-哈尔滨|黑龙江-哈尔滨)】已存在！"}
2021-06-30 17:21:30 下次操作: 2021-06-30 17:21:36

2021-06-30 17:21:36 开始第 24 次操作

2021-06-30 17:21:36 开始操作号码 【1703673】
2021-06-30 17:21:55 GSD getOne 第 1 次 等待 1 秒
2021-06-30 17:21:56 查询号码 【1703673】，返回信息 {"status":"ok","msg":"-","time_insert":"2021-06-27 16:59"}
2021-06-30 17:21:56 查询号码 【1703673】，GSD为【"-"】
2021-06-30 17:21:56 ok && -
2021-06-30 17:22:01 CHB 1703673?1625044916 第 1 次 等待 1 秒
2021-06-30 17:22:02 CHB 1703673?1625044916 第 1 次 获取到号码【1703673】GSD
2021-06-30 17:22:03 获取到号码【1703673】的GSD为【黑龙江-哈尔滨】
2021-06-30 17:22:22 GSD insert 第 1 次 等待 1 秒
2021-06-30 17:22:23 {"status":"ok","msg":"添加号码已存在，但为‘-’，修改成功！"}
2021-06-30 17:22:23 下次操作: 2021-06-30 17:22:36

2021-06-30 17:22:36 开始第 25 次操作

2021-06-30 17:22:37 开始操作号码 【1703674】
2021-06-30 17:22:48 GSD getOne 第 1 次 等待 1 秒
2021-06-30 17:22:49 查询号码 【1703674】，返回信息 {"status":"ok","msg":"-","time_insert":"2021-06-27 17:00"}
2021-06-30 17:22:49 查询号码 【1703674】，GSD为【"-"】
2021-06-30 17:22:49 ok && -
2021-06-30 17:22:50 CHB 1703674?1625044969 第 1 次 等待 1 秒
2021-06-30 17:22:51 CHB 1703674?1625044969 第 1 次 获取到号码【1703674】GSD
2021-06-30 17:22:51 获取到号码【1703674】的GSD为【黑龙江-哈尔滨】
2021-06-30 17:23:13 GSD insert 第 1 次 等待 1 秒
2021-06-30 17:23:14 {"status":"ok","msg":"添加号码已存在，但为‘-’，修改成功！"}
2021-06-30 17:23:14 下次操作: 2021-06-30 17:23:24

2021-06-30 17:23:24 开始第 26 次操作

2021-06-30 17:23:24 开始操作号码 【1703675】
2021-06-30 17:23:35 GSD getOne 第 1 次 等待 1 秒
2021-06-30 17:23:36 查询号码 【1703675】，返回信息 {"status":"ok","msg":"-","time_insert":"2021-06-27 17:00"}
2021-06-30 17:23:36 查询号码 【1703675】，GSD为【"-"】
2021-06-30 17:23:36 ok && -
2021-06-30 17:23:37 CHB 1703675?1625045016 第 1 次 等待 1 秒
2021-06-30 17:23:38 CHB 1703675?1625045016 第 1 次 获取到号码【1703675】GSD
2021-06-30 17:23:39 获取到号码【1703675】的GSD为【黑龙江-哈尔滨】
2021-06-30 17:23:58 GSD insert 第 1 次 等待 1 秒
2021-06-30 17:23:59 {"status":"ok","msg":"添加号码已存在，但为‘-’，修改成功！"}
2021-06-30 17:23:59 下次操作: 2021-06-30 17:24:10

2021-06-30 17:24:10 开始第 27 次操作

2021-06-30 17:24:10 开始操作号码 【1703676】
2021-06-30 17:24:22 GSD getOne 第 1 次 等待 1 秒
2021-06-30 17:24:23 查询号码 【1703676】，返回信息 {"status":"ok","msg":"-","time_insert":"2021-06-27 17:01"}
2021-06-30 17:24:23 查询号码 【1703676】，GSD为【"-"】
2021-06-30 17:24:23 ok && -
2021-06-30 17:24:24 CHB 1703676?1625045063 第 1 次 等待 1 秒
2021-06-30 17:24:25 CHB 1703676?1625045063 第 1 次 获取到号码【1703676】GSD
2021-06-30 17:24:25 获取到号码【1703676】的GSD为【黑龙江-大庆】
2021-06-30 17:24:46 GSD insert 第 1 次 等待 1 秒
2021-06-30 17:24:47 {"status":"ok","msg":"添加号码已存在，但为‘-’，修改成功！"}
2021-06-30 17:24:47 下次操作: 2021-06-30 17:25:04

2021-06-30 17:25:04 开始第 28 次操作

2021-06-30 17:25:04 开始操作号码 【1703677】
2021-06-30 17:25:08 GSD getOne 第 1 次 等待 1 秒
2021-06-30 17:25:09 查询号码 【1703677】，返回信息 {"status":"ok","msg":"-","time_insert":"2021-06-27 17:02"}
2021-06-30 17:25:09 查询号码 【1703677】，GSD为【"-"】
2021-06-30 17:25:09 ok && -
2021-06-30 17:25:10 CHB 1703677?1625045109 第 1 次 等待 1 秒
2021-06-30 17:25:11 CHB 1703677?1625045109 第 1 次 获取到号码【1703677】GSD
2021-06-30 17:25:11 获取到号码【1703677】的GSD为【黑龙江-大庆】
2021-06-30 17:25:31 GSD insert 第 1 次 等待 1 秒
2021-06-30 17:25:32 {"status":"ok","msg":"添加号码已存在，但为‘-’，修改成功！"}
2021-06-30 17:25:32 下次操作: 2021-06-30 17:25:47

2021-06-30 17:25:47 开始第 29 次操作

2021-06-30 17:25:47 开始操作号码 【1703678】
2021-06-30 17:25:55 GSD getOne 第 1 次 等待 1 秒
2021-06-30 17:25:56 查询号码 【1703678】，返回信息 {"status":"ok","msg":"-","time_insert":"2021-06-27 17:03"}
2021-06-30 17:25:56 查询号码 【1703678】，GSD为【"-"】
2021-06-30 17:25:56 ok && -
2021-06-30 17:25:58 CHB 1703678?1625045156 第 1 次 等待 1 秒
2021-06-30 17:25:59 CHB 1703678?1625045156 第 1 次 获取到号码【1703678】GSD
2021-06-30 17:25:59 获取到号码【1703678】的GSD为【黑龙江-大庆】
2021-06-30 17:26:19 GSD insert 第 1 次 等待 1 秒
2021-06-30 17:26:20 {"status":"ok","msg":"添加号码已存在，但为‘-’，修改成功！"}
2021-06-30 17:26:20 下次操作: 2021-06-30 17:26:31

2021-06-30 17:26:31 开始第 30 次操作

2021-06-30 17:26:31 开始操作号码 【1703679】
2021-06-30 17:26:42 GSD getOne 第 1 次 等待 1 秒
2021-06-30 17:26:43 查询号码 【1703679】，返回信息 {"status":"ok","msg":"-","time_insert":"2021-06-27 17:03"}
2021-06-30 17:26:43 查询号码 【1703679】，GSD为【"-"】
2021-06-30 17:26:43 ok && -
2021-06-30 17:26:45 CHB 1703679?1625045203 第 1 次 等待 1 秒
2021-06-30 17:26:46 CHB 1703679?1625045203 第 1 次 获取到号码【1703679】GSD
2021-06-30 17:26:46 获取到号码【1703679】的GSD为【黑龙江-大庆】
2021-06-30 17:27:06 GSD insert 第 1 次 等待 1 秒
2021-06-30 17:27:07 {"status":"ok","msg":"添加号码已存在，但为‘-’，修改成功！"}

2021-06-30 17:48:47 开始第 1 次操作

2021-06-30 17:48:47 开始操作号码 【1703680】
2021-06-30 17:48:51 GSD getOne 第 1 次 等待 1 秒
2021-06-30 17:48:52 查询号码 【1703680】，返回信息 {"status":"ok","msg":"黑龙江-大庆","time_insert":"2021-06-27 17:04","time_update":"2021-06-30 17:34"}
2021-06-30 17:48:52 查询号码 【1703680】，GSD为【"黑龙江-大庆"】

2021-06-30 17:48:52 开始第 1 次操作

2021-06-30 17:48:52 开始操作号码 【1703681】
2021-06-30 17:49:27 GSD getOne 第 1 次 等待 1 秒
2021-06-30 17:49:28 查询号码 【1703681】，返回信息 {"status":"ok","msg":"黑龙江-齐齐哈尔","time_insert":"2021-06-27 17:05","time_update":"2021-06-30 17:44"}
2021-06-30 17:49:28 查询号码 【1703681】，GSD为【"黑龙江-齐齐哈尔"】

2021-06-30 17:49:28 开始第 1 次操作

2021-06-30 17:49:28 开始操作号码 【1703682】
2021-06-30 17:50:05 GSD getOne 第 1 次 等待 1 秒
2021-06-30 17:50:06 查询号码 【1703682】，返回信息 {"status":"ok","msg":"-","time_insert":"2021-06-27 17:06"}
2021-06-30 17:50:06 查询号码 【1703682】，GSD为【"-"】
2021-06-30 17:50:06 ok && -
2021-06-30 17:50:16 CHB 1703682?1625046606 第 1 次 等待 1 秒
2021-06-30 17:50:17 CHB 1703682?1625046606 第 1 次 获取到号码【1703682】GSD
2021-06-30 17:50:17 获取到号码【1703682】的GSD为【黑龙江-齐齐哈尔】
2021-06-30 17:50:29 GSD insert 第 1 次 等待 1 秒
2021-06-30 17:50:30 {"status":"ok","msg":"添加号码已存在，但为‘-’，修改成功！"}
2021-06-30 17:50:30 下次操作: 2021-06-30 17:50:44

2021-06-30 17:50:44 开始第 2 次操作

2021-06-30 17:50:44 开始操作号码 【1703683】
2021-06-30 17:50:56 GSD getOne 第 1 次 等待 1 秒
2021-06-30 17:50:57 查询号码 【1703683】，返回信息 {"status":"ok","msg":"-","time_insert":"2021-06-27 17:47"}
2021-06-30 17:50:57 查询号码 【1703683】，GSD为【"-"】
2021-06-30 17:50:57 ok && -
2021-06-30 17:50:58 CHB 1703683?1625046657 第 1 次 等待 1 秒
2021-06-30 17:50:59 CHB 1703683?1625046657 第 1 次 获取到号码【1703683】GSD
2021-06-30 17:50:59 未获取到号码【1703683】GSD，查号吧 521 错误
2021-06-30 17:50:59 获取到号码【1703683】的GSD为【-】
2021-06-30 17:51:18 GSD insert 第 1 次 等待 1 秒
2021-06-30 17:51:19 {"status":"bad","msg":"添加失败！号码【1703683(-|-)】已存在！"}
2021-06-30 17:51:19 下次操作: 2021-06-30 17:51:32

2021-06-30 17:51:32 开始第 3 次操作

2021-06-30 17:51:32 开始操作号码 【1703684】
2021-06-30 17:51:44 GSD getOne 第 1 次 等待 1 秒
2021-06-30 17:51:45 查询号码 【1703684】，返回信息 {"status":"ok","msg":"-","time_insert":"2021-06-27 17:48"}
2021-06-30 17:51:45 查询号码 【1703684】，GSD为【"-"】
2021-06-30 17:51:45 ok && -
2021-06-30 17:51:46 CHB 1703684?1625046705 第 1 次 等待 1 秒
2021-06-30 17:51:47 CHB 1703684?1625046705 第 1 次 获取到号码【1703684】GSD
2021-06-30 17:51:47 获取到号码【1703684】的GSD为【黑龙江-齐齐哈尔】
2021-06-30 17:52:09 GSD insert 第 1 次 等待 1 秒
2021-06-30 17:52:10 {"status":"ok","msg":"添加号码已存在，但为‘-’，修改成功！"}
2021-06-30 17:52:10 下次操作: 2021-06-30 17:52:16

2021-06-30 17:52:16 开始第 4 次操作

2021-06-30 17:52:16 开始操作号码 【1703685】
2021-06-30 17:52:37 GSD getOne 第 1 次 等待 1 秒
2021-06-30 17:52:38 查询号码 【1703685】，返回信息 {"status":"ok","msg":"-","time_insert":"2021-06-27 17:49"}
2021-06-30 17:52:38 查询号码 【1703685】，GSD为【"-"】
2021-06-30 17:52:38 ok && -
2021-06-30 17:52:39 CHB 1703685?1625046758 第 1 次 等待 1 秒
2021-06-30 17:52:40 CHB 1703685?1625046758 第 1 次 获取到号码【1703685】GSD
2021-06-30 17:52:40 获取到号码【1703685】的GSD为【黑龙江-齐齐哈尔】
2021-06-30 17:53:16 GSD insert 第 1 次 等待 1 秒
2021-06-30 17:53:17 {"status":"ok","msg":"添加号码已存在，但为‘-’，修改成功！"}
2021-06-30 17:53:17 下次操作: 2021-06-30 17:53:27

2021-06-30 17:53:27 开始第 5 次操作

2021-06-30 17:53:27 开始操作号码 【1703686】
2021-06-30 17:53:38 GSD getOne 第 1 次 等待 1 秒
2021-06-30 17:53:39 查询号码 【1703686】，返回信息 {"status":"ok","msg":"-","time_insert":"2021-06-27 17:50"}
2021-06-30 17:53:40 查询号码 【1703686】，GSD为【"-"】
2021-06-30 17:53:40 ok && -
2021-06-30 17:53:42 CHB 1703686?1625046820 第 1 次 等待 1 秒
2021-06-30 17:53:43 CHB 1703686?1625046820 第 1 次 获取到号码【1703686】GSD
2021-06-30 17:53:43 获取到号码【1703686】的GSD为【黑龙江-牡丹江】
2021-06-30 17:54:04 GSD insert 第 1 次 等待 1 秒
2021-06-30 17:54:05 {"status":"ok","msg":"添加号码已存在，但为‘-’，修改成功！"}
2021-06-30 17:54:05 下次操作: 2021-06-30 17:54:21

2021-06-30 17:54:21 开始第 6 次操作

2021-06-30 17:54:21 开始操作号码 【1703687】
2021-06-30 17:54:26 GSD getOne 第 1 次 等待 1 秒
2021-06-30 17:54:27 查询号码 【1703687】，返回信息 {"status":"ok","msg":"-","time_insert":"2021-06-27 17:50"}
2021-06-30 17:54:27 查询号码 【1703687】，GSD为【"-"】
2021-06-30 17:54:27 ok && -
2021-06-30 17:54:30 CHB 1703687?1625046867 第 1 次 等待 1 秒
2021-06-30 17:54:31 CHB 1703687?1625046867 第 1 次 获取到号码【1703687】GSD
2021-06-30 17:54:31 获取到号码【1703687】的GSD为【黑龙江-牡丹江】
2021-06-30 17:54:51 GSD insert 第 1 次 等待 1 秒
2021-06-30 17:54:52 {"status":"ok","msg":"添加号码已存在，但为‘-’，修改成功！"}
2021-06-30 17:54:52 下次操作: 2021-06-30 17:55:10

2021-06-30 17:55:10 开始第 7 次操作

2021-06-30 17:55:10 开始操作号码 【1703688】
2021-06-30 17:55:14 GSD getOne 第 1 次 等待 1 秒
2021-06-30 17:55:15 查询号码 【1703688】，返回信息 {"status":"ok","msg":"-","time_insert":"2021-06-27 17:51"}
2021-06-30 17:55:15 查询号码 【1703688】，GSD为【"-"】
2021-06-30 17:55:15 ok && -
2021-06-30 17:55:17 CHB 1703688?1625046915 第 1 次 等待 1 秒
2021-06-30 17:55:18 CHB 1703688?1625046915 第 1 次 获取到号码【1703688】GSD
2021-06-30 17:55:18 获取到号码【1703688】的GSD为【黑龙江-牡丹江】
2021-06-30 17:55:38 GSD insert 第 1 次 等待 1 秒
2021-06-30 17:55:39 {"status":"ok","msg":"添加号码已存在，但为‘-’，修改成功！"}
2021-06-30 17:55:39 下次操作: 2021-06-30 17:55:48

2021-06-30 17:55:48 开始第 8 次操作

2021-06-30 17:55:48 开始操作号码 【1703689】
2021-06-30 17:56:08 GSD getOne 第 1 次 等待 1 秒
2021-06-30 17:56:09 查询号码 【1703689】，返回信息 {"status":"ok","msg":"-","time_insert":"2021-06-27 17:52"}
2021-06-30 17:56:09 查询号码 【1703689】，GSD为【"-"】
2021-06-30 17:56:09 ok && -
2021-06-30 17:56:10 CHB 1703689?1625046969 第 1 次 等待 1 秒
2021-06-30 17:56:11 CHB 1703689?1625046969 第 1 次 获取到号码【1703689】GSD
2021-06-30 17:56:11 获取到号码【1703689】的GSD为【黑龙江-牡丹江】
2021-06-30 17:56:32 GSD insert 第 1 次 等待 1 秒
2021-06-30 17:56:33 {"status":"ok","msg":"添加号码已存在，但为‘-’，修改成功！"}
2021-06-30 17:56:33 下次操作: 2021-06-30 17:56:43

2021-06-30 17:56:43 开始第 9 次操作

2021-06-30 17:56:43 开始操作号码 【1703690】
2021-06-30 17:57:02 GSD getOne 第 1 次 等待 1 秒
2021-06-30 17:57:03 查询号码 【1703690】，返回信息 {"status":"ok","msg":"-","time_insert":"2021-06-27 17:53"}
2021-06-30 17:57:03 查询号码 【1703690】，GSD为【"-"】
2021-06-30 17:57:03 ok && -
2021-06-30 17:57:06 CHB 1703690?1625047023 第 1 次 等待 1 秒
2021-06-30 17:57:07 CHB 1703690?1625047023 第 1 次 获取到号码【1703690】GSD
2021-06-30 17:57:07 获取到号码【1703690】的GSD为【黑龙江-牡丹江】
2021-06-30 17:57:28 GSD insert 第 1 次 等待 1 秒
2021-06-30 17:57:29 {"status":"ok","msg":"添加号码已存在，但为‘-’，修改成功！"}
2021-06-30 17:57:29 下次操作: 2021-06-30 17:57:40

2021-06-30 17:57:40 开始第 10 次操作

2021-06-30 17:57:40 开始操作号码 【1703691】
2021-06-30 17:57:51 GSD getOne 第 1 次 等待 1 秒
2021-06-30 17:57:52 查询号码 【1703691】，返回信息 {"status":"ok","msg":"-","time_insert":"2021-06-27 17:53"}
2021-06-30 17:57:52 查询号码 【1703691】，GSD为【"-"】
2021-06-30 17:57:52 ok && -
2021-06-30 17:57:56 CHB 1703691?1625047072 第 1 次 等待 1 秒
2021-06-30 17:57:57 CHB 1703691?1625047072 第 1 次 获取到号码【1703691】GSD
2021-06-30 17:57:57 获取到号码【1703691】的GSD为【黑龙江-佳木斯】
2021-06-30 17:58:17 GSD insert 第 1 次 等待 1 秒
2021-06-30 17:58:18 {"status":"ok","msg":"添加号码已存在，但为‘-’，修改成功！"}
2021-06-30 17:58:18 下次操作: 2021-06-30 17:58:26

2021-06-30 17:58:26 开始第 11 次操作

2021-06-30 17:58:26 开始操作号码 【1703692】
2021-06-30 17:58:46 GSD getOne 第 1 次 等待 1 秒
2021-06-30 17:58:47 查询号码 【1703692】，返回信息 {"status":"ok","msg":"-","time_insert":"2021-06-27 17:54"}
2021-06-30 17:58:47 查询号码 【1703692】，GSD为【"-"】
2021-06-30 17:58:47 ok && -
2021-06-30 17:58:49 CHB 1703692?1625047127 第 1 次 等待 1 秒
2021-06-30 17:58:50 CHB 1703692?1625047127 第 1 次 获取到号码【1703692】GSD
2021-06-30 17:58:50 获取到号码【1703692】的GSD为【黑龙江-佳木斯】
2021-06-30 17:59:10 GSD insert 第 1 次 等待 1 秒
2021-06-30 17:59:11 {"status":"ok","msg":"添加号码已存在，但为‘-’，修改成功！"}
2021-06-30 17:59:11 下次操作: 2021-06-30 17:59:17

2021-06-30 17:59:17 开始第 12 次操作

2021-06-30 17:59:17 开始操作号码 【1703693】
2021-06-30 17:59:37 GSD getOne 第 1 次 等待 1 秒
2021-06-30 17:59:38 查询号码 【1703693】，返回信息 {"status":"ok","msg":"-","time_insert":"2021-06-27 17:55"}
2021-06-30 17:59:38 查询号码 【1703693】，GSD为【"-"】
2021-06-30 17:59:38 ok && -
2021-06-30 17:59:40 CHB 1703693?1625047178 第 1 次 等待 1 秒
2021-06-30 17:59:41 CHB 1703693?1625047178 第 1 次 获取到号码【1703693】GSD
2021-06-30 17:59:41 获取到号码【1703693】的GSD为【黑龙江-佳木斯】
2021-06-30 18:00:04 GSD insert 第 1 次 等待 1 秒
2021-06-30 18:00:05 {"status":"ok","msg":"添加号码已存在，但为‘-’，修改成功！"}
2021-06-30 18:00:05 下次操作: 2021-06-30 18:00:20

2021-06-30 18:00:20 开始第 13 次操作

2021-06-30 18:00:20 开始操作号码 【1703694】
2021-06-30 18:00:27 GSD getOne 第 1 次 等待 1 秒
2021-06-30 18:00:28 查询号码 【1703694】，返回信息 {"status":"ok","msg":"-","time_insert":"2021-06-27 17:55"}
2021-06-30 18:00:28 查询号码 【1703694】，GSD为【"-"】
2021-06-30 18:00:28 ok && -
2021-06-30 18:00:29 CHB 1703694?1625047228 第 1 次 等待 1 秒
2021-06-30 18:00:30 CHB 1703694?1625047228 第 1 次 获取到号码【1703694】GSD
2021-06-30 18:00:30 获取到号码【1703694】的GSD为【黑龙江-佳木斯】
2021-06-30 18:00:50 GSD insert 第 1 次 等待 1 秒
2021-06-30 18:00:51 {"status":"ok","msg":"添加号码已存在，但为‘-’，修改成功！"}
2021-06-30 18:00:51 下次操作: 2021-06-30 18:01:07

2021-06-30 18:01:07 开始第 14 次操作

2021-06-30 18:01:07 开始操作号码 【1703695】
2021-06-30 18:01:14 GSD getOne 第 1 次 等待 1 秒
2021-06-30 18:01:15 查询号码 【1703695】，返回信息 {"status":"ok","msg":"-","time_insert":"2021-06-27 17:56"}
2021-06-30 18:01:15 查询号码 【1703695】，GSD为【"-"】
2021-06-30 18:01:15 ok && -
2021-06-30 18:01:17 CHB 1703695?1625047275 第 1 次 等待 1 秒
2021-06-30 18:01:18 CHB 1703695?1625047275 第 1 次 获取到号码【1703695】GSD
2021-06-30 18:01:18 获取到号码【1703695】的GSD为【黑龙江-佳木斯】
2021-06-30 18:01:39 GSD insert 第 1 次 等待 1 秒
2021-06-30 18:01:40 {"status":"ok","msg":"添加号码已存在，但为‘-’，修改成功！"}
2021-06-30 18:01:40 下次操作: 2021-06-30 18:01:47

2021-06-30 18:01:47 开始第 15 次操作

2021-06-30 18:01:47 开始操作号码 【1703696】
2021-06-30 18:02:07 GSD getOne 第 1 次 等待 1 秒
2021-06-30 18:02:08 查询号码 【1703696】，返回信息 {"status":"ok","msg":"-","time_insert":"2021-06-27 17:57"}
2021-06-30 18:02:08 查询号码 【1703696】，GSD为【"-"】
2021-06-30 18:02:08 ok && -
2021-06-30 18:02:10 CHB 1703696?1625047328 第 1 次 等待 1 秒
2021-06-30 18:02:11 CHB 1703696?1625047328 第 1 次 获取到号码【1703696】GSD
2021-06-30 18:02:11 获取到号码【1703696】的GSD为【湖北-武汉】
2021-06-30 18:02:31 GSD insert 第 1 次 等待 1 秒
2021-06-30 18:02:32 {"status":"ok","msg":"添加号码已存在，但为‘-’，修改成功！"}
2021-06-30 18:02:32 下次操作: 2021-06-30 18:02:42

2021-06-30 18:02:42 开始第 16 次操作

2021-06-30 18:02:42 开始操作号码 【1703697】
2021-06-30 18:02:53 GSD getOne 第 1 次 等待 1 秒
2021-06-30 18:02:54 查询号码 【1703697】，返回信息 {"status":"ok","msg":"-","time_insert":"2021-06-27 17:57"}
2021-06-30 18:02:54 查询号码 【1703697】，GSD为【"-"】
2021-06-30 18:02:54 ok && -
2021-06-30 18:02:56 CHB 1703697?1625047374 第 1 次 等待 1 秒
2021-06-30 18:02:57 CHB 1703697?1625047374 第 1 次 获取到号码【1703697】GSD
2021-06-30 18:02:57 获取到号码【1703697】的GSD为【湖北-武汉】
2021-06-30 18:03:18 GSD insert 第 1 次 等待 1 秒
2021-06-30 18:03:19 {"status":"ok","msg":"添加号码已存在，但为‘-’，修改成功！"}
2021-06-30 18:03:19 下次操作: 2021-06-30 18:03:33

2021-06-30 18:03:33 开始第 17 次操作

2021-06-30 18:03:33 开始操作号码 【1703698】
2021-06-30 18:03:44 GSD getOne 第 1 次 等待 1 秒
2021-06-30 18:03:45 查询号码 【1703698】，返回信息 {"status":"ok","msg":"-","time_insert":"2021-06-27 17:58"}
2021-06-30 18:03:45 查询号码 【1703698】，GSD为【"-"】
2021-06-30 18:03:45 ok && -
2021-06-30 18:03:47 CHB 1703698?1625047425 第 1 次 等待 1 秒
2021-06-30 18:03:48 CHB 1703698?1625047425 第 1 次 获取到号码【1703698】GSD
2021-06-30 18:03:48 获取到号码【1703698】的GSD为【湖北-武汉】
2021-06-30 18:04:08 GSD insert 第 1 次 等待 1 秒
2021-06-30 18:04:09 {"status":"ok","msg":"添加号码已存在，但为‘-’，修改成功！"}
2021-06-30 18:04:09 下次操作: 2021-06-30 18:04:19

2021-06-30 18:04:19 开始第 18 次操作

2021-06-30 18:04:19 开始操作号码 【1703699】
2021-06-30 18:04:30 GSD getOne 第 1 次 等待 1 秒
2021-06-30 18:04:32 查询号码 【1703699】，返回信息 {"status":"ok","msg":"-","time_insert":"2021-06-27 17:59"}
2021-06-30 18:04:32 查询号码 【1703699】，GSD为【"-"】
2021-06-30 18:04:32 ok && -
2021-06-30 18:04:33 CHB 1703699?1625047472 第 1 次 等待 1 秒
2021-06-30 18:04:34 CHB 1703699?1625047472 第 1 次 获取到号码【1703699】GSD
2021-06-30 18:04:34 获取到号码【1703699】的GSD为【湖北-武汉】
2021-06-30 18:04:54 GSD insert 第 1 次 等待 1 秒
2021-06-30 18:04:55 {"status":"ok","msg":"添加号码已存在，但为‘-’，修改成功！"}
2021-06-30 18:04:55 下次操作: 2021-06-30 18:05:09

2021-06-30 18:05:09 开始第 19 次操作

2021-06-30 18:05:09 开始操作号码 【1703700】
2021-06-30 18:05:20 GSD getOne 第 1 次 等待 1 秒
2021-06-30 18:05:21 查询号码 【1703700】，返回信息 {"status":"ok","msg":"-","time_insert":"2021-06-27 17:59"}
2021-06-30 18:05:21 查询号码 【1703700】，GSD为【"-"】
2021-06-30 18:05:21 ok && -
2021-06-30 18:05:23 CHB 1703700?1625047521 第 1 次 等待 1 秒
2021-06-30 18:05:24 CHB 1703700?1625047521 第 1 次 获取到号码【1703700】GSD
2021-06-30 18:05:24 获取到号码【1703700】的GSD为【湖北-武汉】
2021-06-30 18:05:46 GSD insert 第 1 次 等待 1 秒
2021-06-30 18:05:47 {"status":"ok","msg":"添加号码已存在，但为‘-’，修改成功！"}
2021-06-30 18:05:47 下次操作: 2021-06-30 18:06:01

2021-06-30 18:06:01 开始第 20 次操作

2021-06-30 18:06:01 开始操作号码 【1703701】
2021-06-30 18:06:14 GSD getOne 第 1 次 等待 1 秒
2021-06-30 18:06:15 查询号码 【1703701】，返回信息 {"status":"ok","msg":"-","time_insert":"2021-06-27 18:00"}
2021-06-30 18:06:16 查询号码 【1703701】，GSD为【"-"】
2021-06-30 18:06:16 ok && -
2021-06-30 18:06:18 CHB 1703701?1625047576 第 1 次 等待 1 秒
2021-06-30 18:06:19 CHB 1703701?1625047576 第 1 次 获取到号码【1703701】GSD
2021-06-30 18:06:19 获取到号码【1703701】的GSD为【湖北-武汉】
2021-06-30 18:06:41 GSD insert 第 1 次 等待 1 秒
2021-06-30 18:06:42 {"status":"ok","msg":"添加号码已存在，但为‘-’，修改成功！"}
2021-06-30 18:06:42 下次操作: 2021-06-30 18:06:52

2021-06-30 18:06:52 开始第 21 次操作

2021-06-30 18:06:52 开始操作号码 【1703702】
2021-06-30 18:07:03 GSD getOne 第 1 次 等待 1 秒
2021-06-30 18:07:04 查询号码 【1703702】，返回信息 {"status":"ok","msg":"-","time_insert":"2021-06-27 18:01"}
2021-06-30 18:07:04 查询号码 【1703702】，GSD为【"-"】
2021-06-30 18:07:04 ok && -
2021-06-30 18:07:05 CHB 1703702?1625047624 第 1 次 等待 1 秒
2021-06-30 18:07:06 CHB 1703702?1625047624 第 1 次 获取到号码【1703702】GSD
2021-06-30 18:07:06 获取到号码【1703702】的GSD为【湖北-武汉】
2021-06-30 18:07:28 GSD insert 第 1 次 等待 1 秒
2021-06-30 18:07:29 {"status":"ok","msg":"添加号码已存在，但为‘-’，修改成功！"}
2021-06-30 18:07:29 下次操作: 2021-06-30 18:07:47

2021-06-30 18:07:47 开始第 22 次操作

2021-06-30 18:07:47 开始操作号码 【1703703】
2021-06-30 18:07:51 GSD getOne 第 1 次 等待 1 秒
2021-06-30 18:07:52 查询号码 【1703703】，返回信息 {"status":"ok","msg":"-","time_insert":"2021-06-27 18:01"}
2021-06-30 18:07:52 查询号码 【1703703】，GSD为【"-"】
2021-06-30 18:07:52 ok && -
2021-06-30 18:07:54 CHB 1703703?1625047672 第 1 次 等待 1 秒
2021-06-30 18:07:55 CHB 1703703?1625047672 第 1 次 获取到号码【1703703】GSD
2021-06-30 18:07:55 获取到号码【1703703】的GSD为【湖北-武汉】
2021-06-30 18:08:34 GSD insert 第 1 次 等待 1 秒
2021-06-30 18:08:35 {"status":"ok","msg":"添加号码已存在，但为‘-’，修改成功！"}
2021-06-30 18:08:35 下次操作: 2021-06-30 18:08:46

2021-06-30 18:08:46 开始第 23 次操作

2021-06-30 18:08:46 开始操作号码 【1703704】
2021-06-30 18:08:57 GSD getOne 第 1 次 等待 1 秒
2021-06-30 18:08:58 查询号码 【1703704】，返回信息 {"status":"ok","msg":"-","time_insert":"2021-06-27 18:02"}
2021-06-30 18:08:58 查询号码 【1703704】，GSD为【"-"】
2021-06-30 18:08:58 ok && -
2021-06-30 18:09:00 CHB 1703704?1625047738 第 1 次 等待 1 秒
2021-06-30 18:09:01 CHB 1703704?1625047738 第 1 次 获取到号码【1703704】GSD
2021-06-30 18:09:01 获取到号码【1703704】的GSD为【湖北-武汉】
2021-06-30 18:09:21 GSD insert 第 1 次 等待 1 秒
2021-06-30 18:09:22 {"status":"ok","msg":"添加号码已存在，但为‘-’，修改成功！"}
2021-06-30 18:09:22 下次操作: 2021-06-30 18:09:30

2021-06-30 18:09:30 开始第 24 次操作

2021-06-30 18:09:30 开始操作号码 【1703705】
2021-06-30 18:09:53 GSD getOne 第 1 次 等待 1 秒
2021-06-30 18:09:54 查询号码 【1703705】，返回信息 {"status":"ok","msg":"-","time_insert":"2021-06-27 18:03"}
2021-06-30 18:09:54 查询号码 【1703705】，GSD为【"-"】
2021-06-30 18:09:54 ok && -
2021-06-30 18:09:55 CHB 1703705?1625047794 第 1 次 等待 1 秒
2021-06-30 18:09:56 CHB 1703705?1625047794 第 1 次 获取到号码【1703705】GSD
2021-06-30 18:09:56 获取到号码【1703705】的GSD为【湖北-武汉】
2021-06-30 18:10:16 GSD insert 第 1 次 等待 1 秒
2021-06-30 18:10:17 {"status":"ok","msg":"添加号码已存在，但为‘-’，修改成功！"}
2021-06-30 18:10:17 下次操作: 2021-06-30 18:10:34

2021-06-30 18:10:34 开始第 25 次操作

2021-06-30 18:10:34 开始操作号码 【1703706】
2021-06-30 18:10:39 GSD getOne 第 1 次 等待 1 秒
2021-06-30 18:10:40 查询号码 【1703706】，返回信息 {"status":"ok","msg":"-","time_insert":"2021-06-27 18:04"}
2021-06-30 18:10:40 查询号码 【1703706】，GSD为【"-"】
2021-06-30 18:10:40 ok && -
2021-06-30 18:10:42 CHB 1703706?1625047840 第 1 次 等待 1 秒
2021-06-30 18:10:43 CHB 1703706?1625047840 第 1 次 获取到号码【1703706】GSD
2021-06-30 18:10:43 获取到号码【1703706】的GSD为【湖北-武汉】
2021-06-30 18:11:03 GSD insert 第 1 次 等待 1 秒
2021-06-30 18:11:04 {"status":"ok","msg":"添加号码已存在，但为‘-’，修改成功！"}
2021-06-30 18:11:04 下次操作: 2021-06-30 18:11:12

2021-06-30 18:11:12 开始第 26 次操作

2021-06-30 18:11:12 开始操作号码 【1703707】
2021-06-30 18:11:31 GSD getOne 第 1 次 等待 1 秒
2021-06-30 18:11:32 查询号码 【1703707】，返回信息 {"status":"ok","msg":"-","time_insert":"2021-06-27 18:04"}
2021-06-30 18:11:32 查询号码 【1703707】，GSD为【"-"】
2021-06-30 18:11:32 ok && -
2021-06-30 18:11:34 CHB 1703707?1625047892 第 1 次 等待 1 秒
2021-06-30 18:11:35 CHB 1703707?1625047892 第 1 次 获取到号码【1703707】GSD
2021-06-30 18:11:35 获取到号码【1703707】的GSD为【湖北-武汉】
2021-06-30 18:11:55 GSD insert 第 1 次 等待 1 秒
2021-06-30 18:11:56 {"status":"ok","msg":"添加号码已存在，但为‘-’，修改成功！"}
2021-06-30 18:11:56 下次操作: 2021-06-30 18:12:11

2021-06-30 18:12:11 开始第 27 次操作

2021-06-30 18:12:11 开始操作号码 【1703708】
2021-06-30 18:12:20 GSD getOne 第 1 次 等待 1 秒
2021-06-30 18:12:21 查询号码 【1703708】，返回信息 {"status":"ok","msg":"-","time_insert":"2021-06-27 18:05"}
2021-06-30 18:12:21 查询号码 【1703708】，GSD为【"-"】
2021-06-30 18:12:21 ok && -
2021-06-30 18:12:23 CHB 1703708?1625047941 第 1 次 等待 1 秒
2021-06-30 18:12:24 CHB 1703708?1625047941 第 1 次 获取到号码【1703708】GSD
2021-06-30 18:12:24 获取到号码【1703708】的GSD为【湖北-武汉】
2021-06-30 18:12:44 GSD insert 第 1 次 等待 1 秒
2021-06-30 18:12:45 {"status":"ok","msg":"添加号码已存在，但为‘-’，修改成功！"}
2021-06-30 18:12:45 下次操作: 2021-06-30 18:13:00

2021-06-30 18:13:00 开始第 28 次操作

2021-06-30 18:13:00 开始操作号码 【1703709】
2021-06-30 18:13:06 GSD getOne 第 1 次 等待 1 秒
2021-06-30 18:13:07 查询号码 【1703709】，返回信息 {"status":"ok","msg":"-","time_insert":"2021-06-27 18:06"}
2021-06-30 18:13:08 查询号码 【1703709】，GSD为【"-"】
2021-06-30 18:13:08 ok && -
2021-06-30 18:13:09 CHB 1703709?1625047988 第 1 次 等待 1 秒
2021-06-30 18:13:10 CHB 1703709?1625047988 第 1 次 获取到号码【1703709】GSD
2021-06-30 18:13:10 获取到号码【1703709】的GSD为【湖北-武汉】
2021-06-30 18:13:31 GSD insert 第 1 次 等待 1 秒
2021-06-30 18:13:32 {"status":"ok","msg":"添加号码已存在，但为‘-’，修改成功！"}
2021-06-30 18:13:32 下次操作: 2021-06-30 18:13:47

2021-06-30 18:13:47 开始第 29 次操作

2021-06-30 18:13:47 开始操作号码 【1703710】
2021-06-30 18:13:54 GSD getOne 第 1 次 等待 1 秒
2021-06-30 18:13:55 查询号码 【1703710】，返回信息 {"status":"ok","msg":"-","time_insert":"2021-06-27 18:06"}
2021-06-30 18:13:55 查询号码 【1703710】，GSD为【"-"】
2021-06-30 18:13:55 ok && -
2021-06-30 18:13:57 CHB 1703710?1625048035 第 1 次 等待 1 秒
2021-06-30 18:13:58 CHB 1703710?1625048035 第 1 次 获取到号码【1703710】GSD
2021-06-30 18:13:58 获取到号码【1703710】的GSD为【湖北-武汉】
2021-06-30 18:14:18 GSD insert 第 1 次 等待 1 秒
2021-06-30 18:14:19 {"status":"ok","msg":"添加号码已存在，但为‘-’，修改成功！"}
2021-06-30 18:14:19 下次操作: 2021-06-30 18:14:26

2021-06-30 18:14:26 开始第 30 次操作

2021-06-30 18:14:26 开始操作号码 【1703711】
2021-06-30 18:14:45 GSD getOne 第 1 次 等待 1 秒
2021-06-30 18:14:46 查询号码 【1703711】，返回信息 {"status":"ok","msg":"-","time_insert":"2021-06-27 18:07"}
2021-06-30 18:14:46 查询号码 【1703711】，GSD为【"-"】
2021-06-30 18:14:46 ok && -
2021-06-30 18:14:48 CHB 1703711?1625048086 第 1 次 等待 1 秒
2021-06-30 18:14:49 CHB 1703711?1625048086 第 1 次 获取到号码【1703711】GSD
2021-06-30 18:14:49 获取到号码【1703711】的GSD为【湖北-武汉】
2021-06-30 18:15:09 GSD insert 第 1 次 等待 1 秒
2021-06-30 18:15:10 {"status":"ok","msg":"添加号码已存在，但为‘-’，修改成功！"}

