2024-11-08 00:12:39 开始第 3773 次操作

2024-11-08 00:12:39 开始操作号码 【1303772】
2024-11-08 00:12:41 GSD getOne 第 1 次 等待 3 秒
2024-11-08 00:12:44 查询号码 【1303772】，返回信息 {"status":"ok","msg":"四川-攀枝花","gid":"328","time_insert":"2017-02-23 16:06","time_update":"2020-10-06 14:51"}
2024-11-08 00:12:44 查询号码 【1303772】，GSD为【"四川-攀枝花"】

2024-11-08 00:12:45 开始第 3774 次操作

2024-11-08 00:12:45 开始操作号码 【1303773】
2024-11-08 00:12:47 GSD getOne 第 1 次 等待 3 秒
2024-11-08 00:12:50 查询号码 【1303773】，返回信息 {"status":"ok","msg":"四川-攀枝花","gid":"329","time_insert":"2018-09-24 23:03","time_update":"2020-10-06 14:55"}
2024-11-08 00:12:50 查询号码 【1303773】，GSD为【"四川-攀枝花"】

2024-11-08 00:12:51 开始第 3775 次操作

2024-11-08 00:12:51 开始操作号码 【1303774】
2024-11-08 00:12:53 GSD getOne 第 1 次 等待 3 秒
2024-11-08 00:12:56 查询号码 【1303774】，返回信息 {"status":"ok","msg":"四川-凉山","gid":"330","time_insert":"2014-01-09 13:21","time_update":"2020-10-06 14:58"}
2024-11-08 00:12:56 查询号码 【1303774】，GSD为【"四川-凉山"】

2024-11-08 00:12:57 开始第 3776 次操作

2024-11-08 00:12:57 开始操作号码 【1303775】
2024-11-08 00:12:58 GSD getOne 第 1 次 等待 3 秒
2024-11-08 00:13:01 查询号码 【1303775】，返回信息 {"status":"ok","msg":"四川-凉山","gid":"73396","time_insert":"2021-05-30 12:45"}
2024-11-08 00:13:01 查询号码 【1303775】，GSD为【"四川-凉山"】

