2024-10-26 00:12:33 开始第 1481 次操作

2024-10-26 00:12:33 开始操作号码 【1301480】
2024-10-26 00:12:35 GSD getOne 第 1 次 等待 3 秒
2024-10-26 00:12:38 查询号码 【1301480】，返回信息 {"status":"ok","msg":"广西-防城港","gid":"48248","time_insert":"2021-03-24 10:11"}
2024-10-26 00:12:38 查询号码 【1301480】，GSD为【"广西-防城港"】

2024-10-26 00:12:39 开始第 1482 次操作

2024-10-26 00:12:39 开始操作号码 【1301481】
2024-10-26 00:12:40 GSD getOne 第 1 次 等待 3 秒
2024-10-26 00:12:43 查询号码 【1301481】，返回信息 {"status":"ok","msg":"广西-贵港","gid":"48249","time_insert":"2021-03-24 10:49"}
2024-10-26 00:12:43 查询号码 【1301481】，GSD为【"广西-贵港"】

2024-10-26 00:12:44 开始第 1483 次操作

2024-10-26 00:12:44 开始操作号码 【1301482】
2024-10-26 00:12:45 GSD getOne 第 1 次 等待 3 秒
2024-10-26 00:12:48 查询号码 【1301482】，返回信息 {"status":"ok","msg":"广西-贵港","gid":"48250","time_insert":"2021-03-24 11:28"}
2024-10-26 00:12:48 查询号码 【1301482】，GSD为【"广西-贵港"】

2024-10-26 00:12:49 开始第 1484 次操作

2024-10-26 00:12:49 开始操作号码 【1301483】
2024-10-26 00:12:50 GSD getOne 第 1 次 等待 3 秒
2024-10-26 00:12:53 查询号码 【1301483】，返回信息 {"status":"ok","msg":"广西-北海","gid":"48251","time_insert":"2021-03-24 12:05"}
2024-10-26 00:12:53 查询号码 【1301483】，GSD为【"广西-北海"】

