2023-10-14 00:20:44 开始第 2921 次操作

2023-10-14 00:20:44 开始操作号码 【1922887】
2023-10-14 00:20:49 GSD getOne 第 1 次 等待 3 秒
2023-10-14 00:20:52 查询号码 【1922887】，返回信息 {"status":"ok","msg":"-","gid":"609929","time_insert":"2023-03-23 18:58"}
2023-10-14 00:20:52 查询号码 【1922887】，GSD为【"-"】
2023-10-14 00:20:52 ok && -
2023-10-14 00:20:54 CHB 1922887?1697214052 第 1 次 等待 3 秒
2023-10-14 00:20:57 CHB 1922887?1697214052 第 1 次 获取到号码【1922887】GSD
2023-10-14 00:20:57 未获取到号码【1922887】GSD，可能号码格式错误
2023-10-14 00:20:57 获取到号码【1922887】的GSD为【-】
2023-10-14 00:21:01 GSD insert 第 1 次 等待 3 秒
2023-10-14 00:21:04 {"status":"bad","gid":"609929","msg":"添加失败！号码【1922887(-|-)】已存在！"}
2023-10-14 00:21:04 随机等待 163 秒，约 2 分钟
2023-10-14 00:21:04 下次操作: 2023-10-14 00:23:47

2023-10-14 00:23:47 开始第 2922 次操作

2023-10-14 00:23:47 开始操作号码 【1922888】
2023-10-14 00:24:12 GSD getOne 第 1 次 等待 3 秒
2023-10-14 00:24:15 查询号码 【1922888】，返回信息 {"status":"ok","msg":"-","gid":"609952","time_insert":"2023-03-23 19:13"}
2023-10-14 00:24:15 查询号码 【1922888】，GSD为【"-"】
2023-10-14 00:24:15 ok && -
2023-10-14 00:24:17 CHB 1922888?1697214255 第 1 次 等待 3 秒
2023-10-14 00:24:20 CHB 1922888?1697214255 第 1 次 获取到号码【1922888】GSD
2023-10-14 00:24:20 未获取到号码【1922888】GSD，可能号码格式错误
2023-10-14 00:24:20 获取到号码【1922888】的GSD为【-】
2023-10-14 00:24:28 GSD insert 第 1 次 等待 3 秒
2023-10-14 00:24:31 {"status":"bad","gid":"609952","msg":"添加失败！号码【1922888(-|-)】已存在！"}
2023-10-14 00:24:31 随机等待 209 秒，约 3 分钟
2023-10-14 00:24:31 下次操作: 2023-10-14 00:28:00

2023-10-14 00:28:00 开始第 2923 次操作

2023-10-14 00:28:00 开始操作号码 【1922889】
2023-10-14 00:28:03 GSD getOne 第 1 次 等待 3 秒
2023-10-14 00:28:06 查询号码 【1922889】，返回信息 {"status":"ok","msg":"-","gid":"609984","time_insert":"2023-03-23 19:32"}
2023-10-14 00:28:06 查询号码 【1922889】，GSD为【"-"】
2023-10-14 00:28:06 ok && -
2023-10-14 00:28:12 CHB 1922889?1697214486 第 1 次 等待 3 秒
2023-10-14 00:28:15 CHB 1922889?1697214486 第 1 次 获取到号码【1922889】GSD
2023-10-14 00:28:15 未获取到号码【1922889】GSD，可能号码格式错误
2023-10-14 00:28:15 获取到号码【1922889】的GSD为【-】
2023-10-14 00:28:21 GSD insert 第 1 次 等待 3 秒
2023-10-14 00:28:24 {"status":"bad","gid":"609984","msg":"添加失败！号码【1922889(-|-)】已存在！"}
2023-10-14 00:28:24 随机等待 172 秒，约 2 分钟
2023-10-14 00:28:24 下次操作: 2023-10-14 00:31:16

2023-10-14 00:31:16 开始第 2924 次操作

2023-10-14 00:31:16 开始操作号码 【1922890】
2023-10-14 00:31:20 GSD getOne 第 1 次 等待 3 秒
2023-10-14 00:31:23 查询号码 【1922890】，返回信息 {"status":"ok","msg":"-","gid":"610011","time_insert":"2023-03-23 19:49"}
2023-10-14 00:31:23 查询号码 【1922890】，GSD为【"-"】
2023-10-14 00:31:23 ok && -
2023-10-14 00:31:25 CHB 1922890?1697214683 第 1 次 等待 3 秒
2023-10-14 00:31:28 CHB 1922890?1697214683 第 1 次 获取到号码【1922890】GSD
2023-10-14 00:31:28 未获取到号码【1922890】GSD，可能号码格式错误
2023-10-14 00:31:28 获取到号码【1922890】的GSD为【-】
2023-10-14 00:31:32 GSD insert 第 1 次 等待 3 秒
2023-10-14 00:31:35 {"status":"bad","gid":"610011","msg":"添加失败！号码【1922890(-|-)】已存在！"}

