2024-12-09 00:11:42 开始第 9201 次操作

2024-12-09 00:11:42 开始操作号码 【1309200】
2024-12-09 00:11:43 GSD getOne 第 1 次 等待 3 秒
2024-12-09 00:11:46 查询号码 【1309200】，返回信息 {"status":"ok","msg":"江苏-扬州","gid":"172495","time_insert":"2021-07-02 07:48"}
2024-12-09 00:11:46 查询号码 【1309200】，GSD为【"江苏-扬州"】

2024-12-09 00:11:47 开始第 9202 次操作

2024-12-09 00:11:47 开始操作号码 【1309201】
2024-12-09 00:11:49 GSD getOne 第 1 次 等待 3 秒
2024-12-09 00:11:52 查询号码 【1309201】，返回信息 {"status":"ok","msg":"江苏-扬州","gid":"172487","time_insert":"2021-07-02 07:47"}
2024-12-09 00:11:52 查询号码 【1309201】，GSD为【"江苏-扬州"】

2024-12-09 00:11:53 开始第 9203 次操作

2024-12-09 00:11:53 开始操作号码 【1309202】
2024-12-09 00:11:54 GSD getOne 第 1 次 等待 3 秒
2024-12-09 00:11:57 查询号码 【1309202】，返回信息 {"status":"ok","msg":"江苏-扬州","gid":"172484","time_insert":"2021-07-02 07:47"}
2024-12-09 00:11:57 查询号码 【1309202】，GSD为【"江苏-扬州"】

2024-12-09 00:11:58 开始第 9204 次操作

2024-12-09 00:11:58 开始操作号码 【1309203】
2024-12-09 00:11:59 GSD getOne 第 1 次 等待 3 秒
2024-12-09 00:12:02 查询号码 【1309203】，返回信息 {"status":"ok","msg":"江苏-扬州","gid":"172477","time_insert":"2021-07-02 07:47"}
2024-12-09 00:12:02 查询号码 【1309203】，GSD为【"江苏-扬州"】

2024-12-09 00:40:44 开始第 9205 次操作

2024-12-09 00:40:44 开始操作号码 【1309204】
2024-12-09 00:40:45 GSD getOne 第 1 次 等待 3 秒
2024-12-09 00:40:48 查询号码 【1309204】，返回信息 {"status":"ok","msg":"江苏-扬州","gid":"172471","time_insert":"2021-07-02 07:46"}
2024-12-09 00:40:49 查询号码 【1309204】，GSD为【"江苏-扬州"】

2024-12-09 00:40:50 开始第 9206 次操作

2024-12-09 00:40:50 开始操作号码 【1309205】
2024-12-09 00:40:50 GSD getOne 第 1 次 等待 3 秒
2024-12-09 00:40:53 查询号码 【1309205】，返回信息 {"status":"ok","msg":"江苏-扬州","gid":"172463","time_insert":"2021-07-02 07:46"}
2024-12-09 00:40:53 查询号码 【1309205】，GSD为【"江苏-扬州"】

2024-12-09 00:40:54 开始第 9207 次操作

2024-12-09 00:40:54 开始操作号码 【1309206】
2024-12-09 00:40:55 GSD getOne 第 1 次 等待 3 秒
2024-12-09 00:40:58 查询号码 【1309206】，返回信息 {"status":"ok","msg":"江苏-扬州","gid":"172458","time_insert":"2021-07-02 07:45"}
2024-12-09 00:40:58 查询号码 【1309206】，GSD为【"江苏-扬州"】

2024-12-09 00:40:59 开始第 9208 次操作

2024-12-09 00:40:59 开始操作号码 【1309207】
2024-12-09 00:41:00 GSD getOne 第 1 次 等待 3 秒
2024-12-09 00:41:03 查询号码 【1309207】，返回信息 {"status":"ok","msg":"江苏-扬州","gid":"172449","time_insert":"2021-07-02 07:45"}
2024-12-09 00:41:03 查询号码 【1309207】，GSD为【"江苏-扬州"】

2024-12-09 01:08:15 开始第 9209 次操作

2024-12-09 01:08:15 开始操作号码 【1309208】
2024-12-09 01:08:16 GSD getOne 第 1 次 等待 3 秒
2024-12-09 01:08:19 查询号码 【1309208】，返回信息 {"status":"ok","msg":"江苏-扬州","gid":"172444","time_insert":"2021-07-02 07:45"}
2024-12-09 01:08:19 查询号码 【1309208】，GSD为【"江苏-扬州"】

2024-12-09 01:08:20 开始第 9210 次操作

2024-12-09 01:08:20 开始操作号码 【1309209】
2024-12-09 01:08:21 GSD getOne 第 1 次 等待 3 秒
2024-12-09 01:08:24 查询号码 【1309209】，返回信息 {"status":"ok","msg":"江苏-扬州","gid":"172436","time_insert":"2021-07-02 07:44"}
2024-12-09 01:08:24 查询号码 【1309209】，GSD为【"江苏-扬州"】

2024-12-09 01:08:25 开始第 9211 次操作

2024-12-09 01:08:25 开始操作号码 【1309210】
2024-12-09 01:08:26 GSD getOne 第 1 次 等待 3 秒
2024-12-09 01:08:29 查询号码 【1309210】，返回信息 {"status":"ok","msg":"江苏-盐城","gid":"172429","time_insert":"2021-07-02 07:44"}
2024-12-09 01:08:29 查询号码 【1309210】，GSD为【"江苏-盐城"】

2024-12-09 01:08:30 开始第 9212 次操作

2024-12-09 01:08:30 开始操作号码 【1309211】
2024-12-09 01:08:31 GSD getOne 第 1 次 等待 3 秒
2024-12-09 01:08:34 查询号码 【1309211】，返回信息 {"status":"ok","msg":"江苏-盐城","gid":"172424","time_insert":"2021-07-02 07:43"}
2024-12-09 01:08:34 查询号码 【1309211】，GSD为【"江苏-盐城"】

2024-12-09 01:35:19 开始第 9213 次操作

2024-12-09 01:35:19 开始操作号码 【1309212】
2024-12-09 01:35:21 GSD getOne 第 1 次 等待 3 秒
2024-12-09 01:35:24 查询号码 【1309212】，返回信息 {"status":"ok","msg":"江苏-盐城","gid":"172416","time_insert":"2021-07-02 07:43"}
2024-12-09 01:35:24 查询号码 【1309212】，GSD为【"江苏-盐城"】

2024-12-09 01:35:25 开始第 9214 次操作

2024-12-09 01:35:25 开始操作号码 【1309213】
2024-12-09 01:35:26 GSD getOne 第 1 次 等待 3 秒
2024-12-09 01:35:29 查询号码 【1309213】，返回信息 {"status":"ok","msg":"江苏-盐城","gid":"172411","time_insert":"2021-07-02 07:42"}
2024-12-09 01:35:29 查询号码 【1309213】，GSD为【"江苏-盐城"】

2024-12-09 01:35:30 开始第 9215 次操作

2024-12-09 01:35:30 开始操作号码 【1309214】
2024-12-09 01:35:31 GSD getOne 第 1 次 等待 3 秒
2024-12-09 01:35:34 查询号码 【1309214】，返回信息 {"status":"ok","msg":"江苏-盐城","gid":"172408","time_insert":"2021-07-02 07:42"}
2024-12-09 01:35:34 查询号码 【1309214】，GSD为【"江苏-盐城"】

2024-12-09 01:35:35 开始第 9216 次操作

2024-12-09 01:35:35 开始操作号码 【1309215】
2024-12-09 01:35:36 GSD getOne 第 1 次 等待 3 秒
2024-12-09 01:35:39 查询号码 【1309215】，返回信息 {"status":"ok","msg":"江苏-盐城","gid":"172407","time_insert":"2021-07-02 07:42"}
2024-12-09 01:35:39 查询号码 【1309215】，GSD为【"江苏-盐城"】

