2024-02-21 00:20:16 开始第 4833 次操作

2024-02-21 00:20:16 开始操作号码 【1714735】
2024-02-21 00:20:21 GSD getOne 第 1 次 等待 3 秒
2024-02-21 00:20:24 查询号码 【1714735】，返回信息 {"status":"ok","msg":"湖南-郴州","gid":"184583","time_insert":"2021-07-03 21:24"}
2024-02-21 00:20:24 查询号码 【1714735】，GSD为【"湖南-郴州"】

2024-02-21 00:20:25 开始第 4834 次操作

2024-02-21 00:20:25 开始操作号码 【1714736】
2024-02-21 00:20:31 GSD getOne 第 1 次 等待 3 秒
2024-02-21 00:20:34 查询号码 【1714736】，返回信息 {"status":"ok","msg":"湖南-常德","gid":"184592","time_insert":"2021-07-03 21:25"}
2024-02-21 00:20:34 查询号码 【1714736】，GSD为【"湖南-常德"】

2024-02-21 00:20:35 开始第 4835 次操作

2024-02-21 00:20:35 开始操作号码 【1714737】
2024-02-21 00:20:44 GSD getOne 第 1 次 等待 3 秒
2024-02-21 00:20:47 查询号码 【1714737】，返回信息 {"status":"ok","msg":"湖南-益阳","gid":"184597","time_insert":"2021-07-03 21:25"}
2024-02-21 00:20:47 查询号码 【1714737】，GSD为【"湖南-益阳"】

2024-02-21 00:20:48 开始第 4836 次操作

2024-02-21 00:20:48 开始操作号码 【1714738】
2024-02-21 00:20:53 GSD getOne 第 1 次 等待 3 秒
2024-02-21 00:20:56 查询号码 【1714738】，返回信息 {"status":"ok","msg":"湖南-娄底","gid":"184601","time_insert":"2021-07-03 21:26"}
2024-02-21 00:20:56 查询号码 【1714738】，GSD为【"湖南-娄底"】

