2024-08-02 00:23:40 开始第 9153 次操作

2024-08-02 00:23:40 开始操作号码 【1499042】
2024-08-02 00:23:49 GSD getOne 第 1 次 等待 3 秒
2024-08-02 00:23:52 查询号码 【1499042】，返回信息 {"status":"ok","msg":"江苏-南京","gid":"365824","time_insert":"2021-07-23 12:57"}
2024-08-02 00:23:52 查询号码 【1499042】，GSD为【"江苏-南京"】

2024-08-02 00:23:54 开始第 9154 次操作

2024-08-02 00:23:54 开始操作号码 【1499043】
2024-08-02 00:24:02 GSD getOne 第 1 次 等待 3 秒
2024-08-02 00:24:05 查询号码 【1499043】，返回信息 {"status":"ok","msg":"江苏-南京","gid":"365833","time_insert":"2021-07-23 12:58"}
2024-08-02 00:24:05 查询号码 【1499043】，GSD为【"江苏-南京"】

2024-08-02 00:24:06 开始第 9155 次操作

2024-08-02 00:24:06 开始操作号码 【1499044】
2024-08-02 00:24:21 GSD getOne 第 1 次 等待 3 秒
2024-08-02 00:24:24 查询号码 【1499044】，返回信息 {"status":"ok","msg":"江苏-南京","gid":"365841","time_insert":"2021-07-23 12:59"}
2024-08-02 00:24:24 查询号码 【1499044】，GSD为【"江苏-南京"】

2024-08-02 00:24:25 开始第 9156 次操作

2024-08-02 00:24:25 开始操作号码 【1499045】
2024-08-02 00:24:47 GSD getOne 第 1 次 等待 3 秒
2024-08-02 00:24:50 查询号码 【1499045】，返回信息 {"status":"ok","msg":"江苏-南京","gid":"365848","time_insert":"2021-07-23 12:59"}
2024-08-02 00:24:50 查询号码 【1499045】，GSD为【"江苏-南京"】

2024-08-02 00:41:48 开始第 9157 次操作

2024-08-02 00:41:48 开始操作号码 【1499046】
2024-08-02 00:41:59 GSD getOne 第 1 次 等待 3 秒
2024-08-02 00:42:02 查询号码 【1499046】，返回信息 {"status":"ok","msg":"江苏-南京","gid":"365854","time_insert":"2021-07-23 13:00"}
2024-08-02 00:42:02 查询号码 【1499046】，GSD为【"江苏-南京"】

2024-08-02 00:42:03 开始第 9158 次操作

2024-08-02 00:42:03 开始操作号码 【1499047】
2024-08-02 00:42:12 GSD getOne 第 1 次 等待 3 秒
2024-08-02 00:42:15 查询号码 【1499047】，返回信息 {"status":"ok","msg":"江苏-南京","gid":"365863","time_insert":"2021-07-23 13:00"}
2024-08-02 00:42:15 查询号码 【1499047】，GSD为【"江苏-南京"】

2024-08-02 00:42:16 开始第 9159 次操作

2024-08-02 00:42:16 开始操作号码 【1499048】
2024-08-02 00:42:24 GSD getOne 第 1 次 等待 3 秒
2024-08-02 00:42:27 查询号码 【1499048】，返回信息 {"status":"ok","msg":"江苏-南京","gid":"365871","time_insert":"2021-07-23 13:01"}
2024-08-02 00:42:27 查询号码 【1499048】，GSD为【"江苏-南京"】

2024-08-02 00:42:28 开始第 9160 次操作

2024-08-02 00:42:28 开始操作号码 【1499049】
2024-08-02 00:42:50 GSD getOne 第 1 次 等待 3 秒
2024-08-02 00:42:54 查询号码 【1499049】，返回信息 {"status":"ok","msg":"江苏-南京","gid":"365880","time_insert":"2021-07-23 13:02"}
2024-08-02 00:42:54 查询号码 【1499049】，GSD为【"江苏-南京"】

2024-08-02 01:17:37 开始第 9161 次操作

2024-08-02 01:17:37 开始操作号码 【1499050】
2024-08-02 01:17:45 GSD getOne 第 1 次 等待 3 秒
2024-08-02 01:17:48 查询号码 【1499050】，返回信息 {"status":"ok","msg":"江苏-南京","gid":"365886","time_insert":"2021-07-23 13:02"}
2024-08-02 01:17:48 查询号码 【1499050】，GSD为【"江苏-南京"】

2024-08-02 01:17:49 开始第 9162 次操作

2024-08-02 01:17:49 开始操作号码 【1499051】
2024-08-02 01:17:57 GSD getOne 第 1 次 等待 3 秒
2024-08-02 01:18:00 查询号码 【1499051】，返回信息 {"status":"ok","msg":"江苏-南京","gid":"365895","time_insert":"2021-07-23 13:03"}
2024-08-02 01:18:00 查询号码 【1499051】，GSD为【"江苏-南京"】

2024-08-02 01:18:01 开始第 9163 次操作

2024-08-02 01:18:01 开始操作号码 【1499052】
2024-08-02 01:18:10 GSD getOne 第 1 次 等待 3 秒
2024-08-02 01:18:13 查询号码 【1499052】，返回信息 {"status":"ok","msg":"江苏-南京","gid":"365902","time_insert":"2021-07-23 13:03"}
2024-08-02 01:18:13 查询号码 【1499052】，GSD为【"江苏-南京"】

2024-08-02 01:18:14 开始第 9164 次操作

2024-08-02 01:18:14 开始操作号码 【1499053】
2024-08-02 01:18:22 GSD getOne 第 1 次 等待 3 秒
2024-08-02 01:18:25 查询号码 【1499053】，返回信息 {"status":"ok","msg":"江苏-南京","gid":"365910","time_insert":"2021-07-23 13:04"}
2024-08-02 01:18:25 查询号码 【1499053】，GSD为【"江苏-南京"】

2024-08-02 01:37:20 开始第 9165 次操作

2024-08-02 01:37:20 开始操作号码 【1499054】
2024-08-02 01:37:31 GSD getOne 第 1 次 等待 3 秒
2024-08-02 01:37:34 查询号码 【1499054】，返回信息 {"status":"ok","msg":"江苏-南京","gid":"365918","time_insert":"2021-07-23 13:04"}
2024-08-02 01:37:34 查询号码 【1499054】，GSD为【"江苏-南京"】

2024-08-02 01:37:35 开始第 9166 次操作

2024-08-02 01:37:35 开始操作号码 【1499055】
2024-08-02 01:37:43 GSD getOne 第 1 次 等待 3 秒
2024-08-02 01:37:46 查询号码 【1499055】，返回信息 {"status":"ok","msg":"江苏-南京","gid":"365926","time_insert":"2021-07-23 13:05"}
2024-08-02 01:37:46 查询号码 【1499055】，GSD为【"江苏-南京"】

2024-08-02 01:37:47 开始第 9167 次操作

2024-08-02 01:37:47 开始操作号码 【1499056】
2024-08-02 01:37:58 GSD getOne 第 1 次 等待 3 秒
2024-08-02 01:38:01 查询号码 【1499056】，返回信息 {"status":"ok","msg":"江苏-南京","gid":"365930","time_insert":"2021-07-23 13:05"}
2024-08-02 01:38:01 查询号码 【1499056】，GSD为【"江苏-南京"】

2024-08-02 01:38:02 开始第 9168 次操作

2024-08-02 01:38:02 开始操作号码 【1499057】
2024-08-02 01:38:10 GSD getOne 第 1 次 等待 3 秒
2024-08-02 01:38:13 查询号码 【1499057】，返回信息 {"status":"ok","msg":"江苏-南京","gid":"365940","time_insert":"2021-07-23 13:06"}
2024-08-02 01:38:13 查询号码 【1499057】，GSD为【"江苏-南京"】

2024-08-02 02:24:39 开始第 9169 次操作

2024-08-02 02:24:39 开始操作号码 【1499058】
2024-08-02 02:24:48 GSD getOne 第 1 次 等待 3 秒
2024-08-02 02:24:51 查询号码 【1499058】，返回信息 {"status":"ok","msg":"江苏-南京","gid":"365949","time_insert":"2021-07-23 13:07"}
2024-08-02 02:24:51 查询号码 【1499058】，GSD为【"江苏-南京"】

2024-08-02 02:24:52 开始第 9170 次操作

2024-08-02 02:24:52 开始操作号码 【1499059】
2024-08-02 02:25:00 GSD getOne 第 1 次 等待 3 秒
2024-08-02 02:25:03 查询号码 【1499059】，返回信息 {"status":"ok","msg":"江苏-南京","gid":"365955","time_insert":"2021-07-23 13:07"}
2024-08-02 02:25:03 查询号码 【1499059】，GSD为【"江苏-南京"】

2024-08-02 02:25:04 开始第 9171 次操作

2024-08-02 02:25:04 开始操作号码 【1499060】
2024-08-02 02:25:12 GSD getOne 第 1 次 等待 3 秒
2024-08-02 02:25:15 查询号码 【1499060】，返回信息 {"status":"ok","msg":"江苏-南京","gid":"365961","time_insert":"2021-07-23 13:08"}
2024-08-02 02:25:15 查询号码 【1499060】，GSD为【"江苏-南京"】

2024-08-02 02:25:16 开始第 9172 次操作

2024-08-02 02:25:16 开始操作号码 【1499061】
2024-08-02 02:25:25 GSD getOne 第 1 次 等待 3 秒
2024-08-02 02:25:28 查询号码 【1499061】，返回信息 {"status":"ok","msg":"江苏-南京","gid":"365972","time_insert":"2021-07-23 13:09"}
2024-08-02 02:25:28 查询号码 【1499061】，GSD为【"江苏-南京"】

2024-08-02 02:40:57 开始第 9173 次操作

2024-08-02 02:40:57 开始操作号码 【1499062】
2024-08-02 02:41:06 GSD getOne 第 1 次 等待 3 秒
2024-08-02 02:41:09 查询号码 【1499062】，返回信息 {"status":"ok","msg":"江苏-南京","gid":"365981","time_insert":"2021-07-23 13:09"}
2024-08-02 02:41:09 查询号码 【1499062】，GSD为【"江苏-南京"】

2024-08-02 02:41:10 开始第 9174 次操作

2024-08-02 02:41:10 开始操作号码 【1499063】
2024-08-02 02:41:18 GSD getOne 第 1 次 等待 3 秒
2024-08-02 02:41:21 查询号码 【1499063】，返回信息 {"status":"ok","msg":"江苏-南京","gid":"365990","time_insert":"2021-07-23 13:10"}
2024-08-02 02:41:21 查询号码 【1499063】，GSD为【"江苏-南京"】

2024-08-02 02:41:22 开始第 9175 次操作

2024-08-02 02:41:22 开始操作号码 【1499064】
2024-08-02 02:41:31 GSD getOne 第 1 次 等待 3 秒
2024-08-02 02:41:34 查询号码 【1499064】，返回信息 {"status":"ok","msg":"江苏-南京","gid":"365997","time_insert":"2021-07-23 13:10"}
2024-08-02 02:41:34 查询号码 【1499064】，GSD为【"江苏-南京"】

2024-08-02 02:41:35 开始第 9176 次操作

2024-08-02 02:41:35 开始操作号码 【1499065】
2024-08-02 02:41:43 GSD getOne 第 1 次 等待 3 秒
2024-08-02 02:41:46 查询号码 【1499065】，返回信息 {"status":"ok","msg":"江苏-南京","gid":"366003","time_insert":"2021-07-23 13:11"}
2024-08-02 02:41:46 查询号码 【1499065】，GSD为【"江苏-南京"】

2024-08-02 03:14:10 开始第 9177 次操作

2024-08-02 03:14:10 开始操作号码 【1499066】
2024-08-02 03:14:18 GSD getOne 第 1 次 等待 3 秒
2024-08-02 03:14:21 查询号码 【1499066】，返回信息 {"status":"ok","msg":"江苏-南京","gid":"366012","time_insert":"2021-07-23 13:11"}
2024-08-02 03:14:22 查询号码 【1499066】，GSD为【"江苏-南京"】

2024-08-02 03:14:23 开始第 9178 次操作

2024-08-02 03:14:23 开始操作号码 【1499067】
2024-08-02 03:14:30 GSD getOne 第 1 次 等待 3 秒
2024-08-02 03:14:33 查询号码 【1499067】，返回信息 {"status":"ok","msg":"江苏-南京","gid":"366018","time_insert":"2021-07-23 13:12"}
2024-08-02 03:14:33 查询号码 【1499067】，GSD为【"江苏-南京"】

2024-08-02 03:14:34 开始第 9179 次操作

2024-08-02 03:14:34 开始操作号码 【1499068】
2024-08-02 03:14:42 GSD getOne 第 1 次 等待 3 秒
2024-08-02 03:14:45 查询号码 【1499068】，返回信息 {"status":"ok","msg":"江苏-南京","gid":"366025","time_insert":"2021-07-23 13:13"}
2024-08-02 03:14:45 查询号码 【1499068】，GSD为【"江苏-南京"】

2024-08-02 03:14:46 开始第 9180 次操作

2024-08-02 03:14:46 开始操作号码 【1499069】
2024-08-02 03:14:54 GSD getOne 第 1 次 等待 3 秒
2024-08-02 03:14:57 查询号码 【1499069】，返回信息 {"status":"ok","msg":"江苏-南京","gid":"366035","time_insert":"2021-07-23 13:13"}
2024-08-02 03:14:57 查询号码 【1499069】，GSD为【"江苏-南京"】

2024-08-02 03:38:03 开始第 9181 次操作

2024-08-02 03:38:03 开始操作号码 【1499070】
2024-08-02 03:38:11 GSD getOne 第 1 次 等待 3 秒
2024-08-02 03:38:14 查询号码 【1499070】，返回信息 {"status":"ok","msg":"江苏-南京","gid":"366135","time_insert":"2021-07-23 13:36"}
2024-08-02 03:38:14 查询号码 【1499070】，GSD为【"江苏-南京"】

2024-08-02 03:38:15 开始第 9182 次操作

2024-08-02 03:38:15 开始操作号码 【1499071】
2024-08-02 03:38:23 GSD getOne 第 1 次 等待 3 秒
2024-08-02 03:38:26 查询号码 【1499071】，返回信息 {"status":"ok","msg":"江苏-南京","gid":"366138","time_insert":"2021-07-23 13:36"}
2024-08-02 03:38:26 查询号码 【1499071】，GSD为【"江苏-南京"】

2024-08-02 03:38:27 开始第 9183 次操作

2024-08-02 03:38:27 开始操作号码 【1499072】
2024-08-02 03:38:34 GSD getOne 第 1 次 等待 3 秒
2024-08-02 03:38:37 查询号码 【1499072】，返回信息 {"status":"ok","msg":"江苏-南京","gid":"366147","time_insert":"2021-07-23 13:37"}
2024-08-02 03:38:37 查询号码 【1499072】，GSD为【"江苏-南京"】

2024-08-02 03:38:38 开始第 9184 次操作

2024-08-02 03:38:38 开始操作号码 【1499073】
2024-08-02 03:38:47 GSD getOne 第 1 次 等待 3 秒
2024-08-02 03:38:50 查询号码 【1499073】，返回信息 {"status":"ok","msg":"江苏-南京","gid":"366154","time_insert":"2021-07-23 13:37"}
2024-08-02 03:38:50 查询号码 【1499073】，GSD为【"江苏-南京"】

2024-08-02 04:19:54 开始第 9185 次操作

2024-08-02 04:19:54 开始操作号码 【1499074】
2024-08-02 04:20:02 GSD getOne 第 1 次 等待 3 秒
2024-08-02 04:20:05 查询号码 【1499074】，返回信息 {"status":"ok","msg":"江苏-南京","gid":"366165","time_insert":"2021-07-23 13:38"}
2024-08-02 04:20:05 查询号码 【1499074】，GSD为【"江苏-南京"】

2024-08-02 04:20:06 开始第 9186 次操作

2024-08-02 04:20:06 开始操作号码 【1499075】
2024-08-02 04:20:14 GSD getOne 第 1 次 等待 3 秒
2024-08-02 04:20:17 查询号码 【1499075】，返回信息 {"status":"ok","msg":"江苏-南京","gid":"366170","time_insert":"2021-07-23 13:39"}
2024-08-02 04:20:17 查询号码 【1499075】，GSD为【"江苏-南京"】

2024-08-02 04:20:18 开始第 9187 次操作

2024-08-02 04:20:18 开始操作号码 【1499076】
2024-08-02 04:20:26 GSD getOne 第 1 次 等待 3 秒
2024-08-02 04:20:29 查询号码 【1499076】，返回信息 {"status":"ok","msg":"江苏-南京","gid":"366178","time_insert":"2021-07-23 13:39"}
2024-08-02 04:20:29 查询号码 【1499076】，GSD为【"江苏-南京"】

2024-08-02 04:20:30 开始第 9188 次操作

2024-08-02 04:20:30 开始操作号码 【1499077】
2024-08-02 04:20:38 GSD getOne 第 1 次 等待 3 秒
2024-08-02 04:20:41 查询号码 【1499077】，返回信息 {"status":"ok","msg":"江苏-南京","gid":"366187","time_insert":"2021-07-23 13:40"}
2024-08-02 04:20:41 查询号码 【1499077】，GSD为【"江苏-南京"】

2024-08-02 04:38:53 开始第 9189 次操作

2024-08-02 04:38:53 开始操作号码 【1499078】
2024-08-02 04:39:02 GSD getOne 第 1 次 等待 3 秒
2024-08-02 04:39:05 查询号码 【1499078】，返回信息 {"status":"ok","msg":"江苏-南京","gid":"366193","time_insert":"2021-07-23 13:41"}
2024-08-02 04:39:05 查询号码 【1499078】，GSD为【"江苏-南京"】

2024-08-02 04:39:06 开始第 9190 次操作

2024-08-02 04:39:06 开始操作号码 【1499079】
2024-08-02 04:39:13 GSD getOne 第 1 次 等待 3 秒
2024-08-02 04:39:16 查询号码 【1499079】，返回信息 {"status":"ok","msg":"江苏-南京","gid":"366200","time_insert":"2021-07-23 13:41"}
2024-08-02 04:39:17 查询号码 【1499079】，GSD为【"江苏-南京"】

2024-08-02 04:39:18 开始第 9191 次操作

2024-08-02 04:39:18 开始操作号码 【1499080】
2024-08-02 04:39:25 GSD getOne 第 1 次 等待 3 秒
2024-08-02 04:39:28 查询号码 【1499080】，返回信息 {"status":"ok","msg":"江苏-南京","gid":"366210","time_insert":"2021-07-23 13:42"}
2024-08-02 04:39:28 查询号码 【1499080】，GSD为【"江苏-南京"】

2024-08-02 04:39:29 开始第 9192 次操作

2024-08-02 04:39:29 开始操作号码 【1499081】
2024-08-02 04:39:38 GSD getOne 第 1 次 等待 3 秒
2024-08-02 04:39:41 查询号码 【1499081】，返回信息 {"status":"ok","msg":"江苏-南京","gid":"366218","time_insert":"2021-07-23 13:42"}
2024-08-02 04:39:41 查询号码 【1499081】，GSD为【"江苏-南京"】

2024-08-02 05:19:33 开始第 9193 次操作

2024-08-02 05:19:33 开始操作号码 【1499082】
2024-08-02 05:19:41 GSD getOne 第 1 次 等待 3 秒
2024-08-02 05:19:44 查询号码 【1499082】，返回信息 {"status":"ok","msg":"江苏-南京","gid":"366230","time_insert":"2021-07-23 13:43"}
2024-08-02 05:19:44 查询号码 【1499082】，GSD为【"江苏-南京"】

2024-08-02 05:19:45 开始第 9194 次操作

2024-08-02 05:19:45 开始操作号码 【1499083】
2024-08-02 05:19:53 GSD getOne 第 1 次 等待 3 秒
2024-08-02 05:19:56 查询号码 【1499083】，返回信息 {"status":"ok","msg":"江苏-南京","gid":"366238","time_insert":"2021-07-23 13:44"}
2024-08-02 05:19:56 查询号码 【1499083】，GSD为【"江苏-南京"】

2024-08-02 05:19:57 开始第 9195 次操作

2024-08-02 05:19:57 开始操作号码 【1499084】
2024-08-02 05:20:05 GSD getOne 第 1 次 等待 3 秒
2024-08-02 05:20:08 查询号码 【1499084】，返回信息 {"status":"ok","msg":"江苏-南京","gid":"366245","time_insert":"2021-07-23 13:44"}
2024-08-02 05:20:08 查询号码 【1499084】，GSD为【"江苏-南京"】

2024-08-02 05:20:09 开始第 9196 次操作

2024-08-02 05:20:09 开始操作号码 【1499085】
2024-08-02 05:20:19 GSD getOne 第 1 次 等待 3 秒
2024-08-02 05:20:22 查询号码 【1499085】，返回信息 {"status":"ok","msg":"江苏-南京","gid":"366254","time_insert":"2021-07-23 13:45"}
2024-08-02 05:20:22 查询号码 【1499085】，GSD为【"江苏-南京"】

2024-08-02 05:38:04 开始第 9197 次操作

2024-08-02 05:38:04 开始操作号码 【1499086】
2024-08-02 05:38:12 GSD getOne 第 1 次 等待 3 秒
2024-08-02 05:38:15 查询号码 【1499086】，返回信息 {"status":"ok","msg":"江苏-南京","gid":"366261","time_insert":"2021-07-23 13:45"}
2024-08-02 05:38:15 查询号码 【1499086】，GSD为【"江苏-南京"】

2024-08-02 05:38:16 开始第 9198 次操作

2024-08-02 05:38:16 开始操作号码 【1499087】
2024-08-02 05:38:24 GSD getOne 第 1 次 等待 3 秒
2024-08-02 05:38:27 查询号码 【1499087】，返回信息 {"status":"ok","msg":"江苏-南京","gid":"366267","time_insert":"2021-07-23 13:46"}
2024-08-02 05:38:27 查询号码 【1499087】，GSD为【"江苏-南京"】

2024-08-02 05:38:28 开始第 9199 次操作

2024-08-02 05:38:28 开始操作号码 【1499088】
2024-08-02 05:38:36 GSD getOne 第 1 次 等待 3 秒
2024-08-02 05:38:39 查询号码 【1499088】，返回信息 {"status":"ok","msg":"江苏-南京","gid":"366279","time_insert":"2021-07-23 13:46"}
2024-08-02 05:38:39 查询号码 【1499088】，GSD为【"江苏-南京"】

2024-08-02 05:38:40 开始第 9200 次操作

2024-08-02 05:38:40 开始操作号码 【1499089】
2024-08-02 05:38:48 GSD getOne 第 1 次 等待 3 秒
2024-08-02 05:38:51 查询号码 【1499089】，返回信息 {"status":"ok","msg":"江苏-南京","gid":"366287","time_insert":"2021-07-23 13:47"}
2024-08-02 05:38:51 查询号码 【1499089】，GSD为【"江苏-南京"】

