2021-07-11 01:01:01 开始第 1 次操作

2021-07-11 01:01:01 开始操作号码 【1652362】
2021-07-11 01:01:03 GSD getOne 第 1 次 等待 1 秒
2021-07-11 01:01:04 查询号码 【1652362】，返回信息 {"status":"bad","msg":""}
2021-07-11 01:01:05 查询号码 【1652362】，GSD为【""】
2021-07-11 01:01:05 bad
2021-07-11 01:01:07 CHB 1652362?1625936465 第 1 次 等待 1 秒
2021-07-11 01:01:08 CHB 1652362?1625936465 第 1 次 获取到号码【1652362】GSD
2021-07-11 01:01:08 获取到号码【1652362】的GSD为【山东-临沂】
2021-07-11 01:01:17 GSD insert 第 1 次 等待 1 秒
2021-07-11 01:01:18 {"status":"ok","msg":"添加成功！243842"}
2021-07-11 01:01:18 下次操作: 2021-07-11 01:01:24

2021-07-11 01:01:24 开始第 2 次操作

2021-07-11 01:01:24 开始操作号码 【1652363】
2021-07-11 01:01:26 GSD getOne 第 1 次 等待 1 秒
2021-07-11 01:01:27 查询号码 【1652363】，返回信息 {"status":"bad","msg":""}
2021-07-11 01:01:28 查询号码 【1652363】，GSD为【""】
2021-07-11 01:01:28 bad
2021-07-11 01:01:30 CHB 1652363?1625936488 第 1 次 等待 1 秒
2021-07-11 01:01:31 CHB 1652363?1625936488 第 1 次 获取到号码【1652363】GSD
2021-07-11 01:01:31 获取到号码【1652363】的GSD为【山东-临沂】
2021-07-11 01:01:36 GSD insert 第 1 次 等待 1 秒
2021-07-11 01:01:37 {"status":"ok","msg":"添加成功！243847"}
2021-07-11 01:01:37 下次操作: 2021-07-11 01:01:47

2021-07-11 01:01:47 开始第 3 次操作

2021-07-11 01:01:47 开始操作号码 【1652364】
2021-07-11 01:01:49 GSD getOne 第 1 次 等待 1 秒
2021-07-11 01:01:50 查询号码 【1652364】，返回信息 {"status":"bad","msg":""}
2021-07-11 01:01:50 查询号码 【1652364】，GSD为【""】
2021-07-11 01:01:50 bad
2021-07-11 01:01:53 CHB 1652364?1625936510 第 1 次 等待 1 秒
2021-07-11 01:01:54 CHB 1652364?1625936510 第 1 次 获取到号码【1652364】GSD
2021-07-11 01:01:54 获取到号码【1652364】的GSD为【山东-临沂】
2021-07-11 01:01:56 GSD insert 第 1 次 等待 1 秒
2021-07-11 01:01:57 {"status":"ok","msg":"添加成功！243850"}
2021-07-11 01:01:57 下次操作: 2021-07-11 01:02:09

2021-07-11 01:02:09 开始第 4 次操作

2021-07-11 01:02:09 开始操作号码 【1652365】
2021-07-11 01:02:50 GSD getOne 第 1 次 等待 1 秒
2021-07-11 01:02:51 查询号码 【1652365】，返回信息 {"status":"bad","msg":""}
2021-07-11 01:02:51 查询号码 【1652365】，GSD为【""】
2021-07-11 01:02:51 bad
2021-07-11 01:02:54 CHB 1652365?1625936571 第 1 次 等待 1 秒
2021-07-11 01:02:55 CHB 1652365?1625936571 第 1 次 获取到号码【1652365】GSD
2021-07-11 01:02:55 获取到号码【1652365】的GSD为【山东-临沂】
2021-07-11 01:02:57 GSD insert 第 1 次 等待 1 秒
2021-07-11 01:02:58 {"status":"ok","msg":"添加成功！243860"}
2021-07-11 01:02:58 下次操作: 2021-07-11 01:03:16

2021-07-11 01:03:16 开始第 5 次操作

2021-07-11 01:03:16 开始操作号码 【1652366】
2021-07-11 01:03:19 GSD getOne 第 1 次 等待 1 秒
2021-07-11 01:03:20 查询号码 【1652366】，返回信息 {"status":"bad","msg":""}
2021-07-11 01:03:20 查询号码 【1652366】，GSD为【""】
2021-07-11 01:03:20 bad
2021-07-11 01:03:21 CHB 1652366?1625936600 第 1 次 等待 1 秒
2021-07-11 01:03:22 CHB 1652366?1625936600 第 1 次 获取到号码【1652366】GSD
2021-07-11 01:03:23 获取到号码【1652366】的GSD为【山东-临沂】
2021-07-11 01:03:25 GSD insert 第 1 次 等待 1 秒
2021-07-11 01:03:26 {"status":"ok","msg":"添加成功！243867"}
2021-07-11 01:03:26 下次操作: 2021-07-11 01:03:32

2021-07-11 01:03:32 开始第 6 次操作

2021-07-11 01:03:32 开始操作号码 【1652367】
2021-07-11 01:03:35 GSD getOne 第 1 次 等待 1 秒
2021-07-11 01:03:36 查询号码 【1652367】，返回信息 {"status":"bad","msg":""}
2021-07-11 01:03:36 查询号码 【1652367】，GSD为【""】
2021-07-11 01:03:36 bad
2021-07-11 01:03:42 CHB 1652367?1625936616 第 1 次 等待 1 秒
2021-07-11 01:03:43 CHB 1652367?1625936616 第 1 次 获取到号码【1652367】GSD
2021-07-11 01:03:43 获取到号码【1652367】的GSD为【山东-滨州】
2021-07-11 01:03:46 GSD insert 第 1 次 等待 1 秒
2021-07-11 01:03:47 {"status":"ok","msg":"添加成功！243873"}
2021-07-11 01:03:47 下次操作: 2021-07-11 01:04:02

2021-07-11 01:04:02 开始第 7 次操作

2021-07-11 01:04:02 开始操作号码 【1652368】
2021-07-11 01:04:05 GSD getOne 第 1 次 等待 1 秒
2021-07-11 01:04:06 查询号码 【1652368】，返回信息 {"status":"bad","msg":""}
2021-07-11 01:04:06 查询号码 【1652368】，GSD为【""】
2021-07-11 01:04:06 bad
2021-07-11 01:04:10 CHB 1652368?1625936646 第 1 次 等待 1 秒
2021-07-11 01:04:11 CHB 1652368?1625936646 第 1 次 获取到号码【1652368】GSD
2021-07-11 01:04:11 获取到号码【1652368】的GSD为【青海-西宁】
2021-07-11 01:04:14 GSD insert 第 1 次 等待 1 秒
2021-07-11 01:04:15 {"status":"ok","msg":"添加成功！243880"}
2021-07-11 01:04:15 下次操作: 2021-07-11 01:04:28

2021-07-11 01:04:28 开始第 8 次操作

2021-07-11 01:04:28 开始操作号码 【1652369】
2021-07-11 01:04:33 GSD getOne 第 1 次 等待 1 秒
2021-07-11 01:04:34 查询号码 【1652369】，返回信息 {"status":"bad","msg":""}
2021-07-11 01:04:34 查询号码 【1652369】，GSD为【""】
2021-07-11 01:04:34 bad
2021-07-11 01:04:36 CHB 1652369?1625936674 第 1 次 等待 1 秒
2021-07-11 01:04:37 CHB 1652369?1625936674 第 1 次 获取到号码【1652369】GSD
2021-07-11 01:04:38 获取到号码【1652369】的GSD为【山东-德州】
2021-07-11 01:04:42 GSD insert 第 1 次 等待 1 秒
2021-07-11 01:04:43 {"status":"ok","msg":"添加成功！243883"}
2021-07-11 01:04:43 下次操作: 2021-07-11 01:04:56

2021-07-11 01:04:56 开始第 9 次操作

2021-07-11 01:04:56 开始操作号码 【1652370】
2021-07-11 01:04:58 GSD getOne 第 1 次 等待 1 秒
2021-07-11 01:04:59 查询号码 【1652370】，返回信息 {"status":"bad","msg":""}
2021-07-11 01:04:59 查询号码 【1652370】，GSD为【""】
2021-07-11 01:04:59 bad
2021-07-11 01:05:01 CHB 1652370?1625936699 第 1 次 等待 1 秒
2021-07-11 01:05:02 CHB 1652370?1625936699 第 1 次 获取到号码【1652370】GSD
2021-07-11 01:05:02 获取到号码【1652370】的GSD为【山东-淄博】
2021-07-11 01:05:07 GSD insert 第 1 次 等待 1 秒
2021-07-11 01:05:08 {"status":"ok","msg":"添加成功！243889"}
2021-07-11 01:05:08 下次操作: 2021-07-11 01:05:22

2021-07-11 01:05:22 开始第 10 次操作

2021-07-11 01:05:22 开始操作号码 【1652371】
2021-07-11 01:05:25 GSD getOne 第 1 次 等待 1 秒
2021-07-11 01:05:26 查询号码 【1652371】，返回信息 {"status":"bad","msg":""}
2021-07-11 01:05:26 查询号码 【1652371】，GSD为【""】
2021-07-11 01:05:26 bad
2021-07-11 01:05:29 CHB 1652371?1625936726 第 1 次 等待 1 秒
2021-07-11 01:05:30 CHB 1652371?1625936726 第 1 次 获取到号码【1652371】GSD
2021-07-11 01:05:30 获取到号码【1652371】的GSD为【河南-郑州】
2021-07-11 01:05:32 GSD insert 第 1 次 等待 1 秒
2021-07-11 01:05:33 {"status":"ok","msg":"添加成功！243897"}
2021-07-11 01:05:33 下次操作: 2021-07-11 01:05:45

2021-07-11 01:05:45 开始第 11 次操作

2021-07-11 01:05:45 开始操作号码 【1652372】
2021-07-11 01:05:52 GSD getOne 第 1 次 等待 1 秒
2021-07-11 01:05:53 查询号码 【1652372】，返回信息 {"status":"bad","msg":""}
2021-07-11 01:05:53 查询号码 【1652372】，GSD为【""】
2021-07-11 01:05:53 bad
2021-07-11 01:05:56 CHB 1652372?1625936753 第 1 次 等待 1 秒
2021-07-11 01:05:57 CHB 1652372?1625936753 第 1 次 获取到号码【1652372】GSD
2021-07-11 01:05:57 获取到号码【1652372】的GSD为【山东-临沂】
2021-07-11 01:06:02 GSD insert 第 1 次 等待 1 秒
2021-07-11 01:06:03 {"status":"ok","msg":"添加成功！243907"}
2021-07-11 01:06:03 下次操作: 2021-07-11 01:06:21

2021-07-11 01:06:21 开始第 12 次操作

2021-07-11 01:06:21 开始操作号码 【1652373】
2021-07-11 01:06:26 GSD getOne 第 1 次 等待 1 秒
2021-07-11 01:06:27 查询号码 【1652373】，返回信息 {"status":"bad","msg":""}
2021-07-11 01:06:27 查询号码 【1652373】，GSD为【""】
2021-07-11 01:06:27 bad
2021-07-11 01:06:30 CHB 1652373?1625936787 第 1 次 等待 1 秒
2021-07-11 01:06:31 CHB 1652373?1625936787 第 1 次 获取到号码【1652373】GSD
2021-07-11 01:06:31 获取到号码【1652373】的GSD为【山东-临沂】
2021-07-11 01:06:34 GSD insert 第 1 次 等待 1 秒
2021-07-11 01:06:35 {"status":"ok","msg":"添加成功！243915"}
2021-07-11 01:06:35 下次操作: 2021-07-11 01:06:50

2021-07-11 01:06:50 开始第 13 次操作

2021-07-11 01:06:50 开始操作号码 【1652374】
2021-07-11 01:06:55 GSD getOne 第 1 次 等待 1 秒
2021-07-11 01:06:56 查询号码 【1652374】，返回信息 {"status":"bad","msg":""}
2021-07-11 01:06:57 查询号码 【1652374】，GSD为【""】
2021-07-11 01:06:57 bad
2021-07-11 01:06:58 CHB 1652374?1625936817 第 1 次 等待 1 秒
2021-07-11 01:06:59 CHB 1652374?1625936817 第 1 次 获取到号码【1652374】GSD
2021-07-11 01:06:59 获取到号码【1652374】的GSD为【吉林-松原】
2021-07-11 01:07:01 GSD insert 第 1 次 等待 1 秒
2021-07-11 01:07:02 {"status":"ok","msg":"添加成功！243921"}
2021-07-11 01:07:02 下次操作: 2021-07-11 01:07:20

2021-07-11 01:07:20 开始第 14 次操作

2021-07-11 01:07:20 开始操作号码 【1652375】
2021-07-11 01:07:35 GSD getOne 第 1 次 等待 1 秒
2021-07-11 01:07:36 查询号码 【1652375】，返回信息 {"status":"bad","msg":""}
2021-07-11 01:07:36 查询号码 【1652375】，GSD为【""】
2021-07-11 01:07:36 bad
2021-07-11 01:07:37 CHB 1652375?1625936856 第 1 次 等待 1 秒
2021-07-11 01:07:38 CHB 1652375?1625936856 第 1 次 获取到号码【1652375】GSD
2021-07-11 01:07:38 获取到号码【1652375】的GSD为【山东-临沂】
2021-07-11 01:07:41 GSD insert 第 1 次 等待 1 秒
2021-07-11 01:07:42 {"status":"ok","msg":"添加成功！243934"}
2021-07-11 01:07:42 下次操作: 2021-07-11 01:08:00

2021-07-11 01:08:00 开始第 15 次操作

2021-07-11 01:08:00 开始操作号码 【1652376】
2021-07-11 01:08:03 GSD getOne 第 1 次 等待 1 秒
2021-07-11 01:08:04 查询号码 【1652376】，返回信息 {"status":"bad","msg":""}
2021-07-11 01:08:04 查询号码 【1652376】，GSD为【""】
2021-07-11 01:08:04 bad
2021-07-11 01:08:07 CHB 1652376?1625936884 第 1 次 等待 1 秒
2021-07-11 01:08:08 CHB 1652376?1625936884 第 1 次 获取到号码【1652376】GSD
2021-07-11 01:08:08 获取到号码【1652376】的GSD为【山东-潍坊】
2021-07-11 01:08:12 GSD insert 第 1 次 等待 1 秒
2021-07-11 01:08:13 {"status":"ok","msg":"添加成功！243943"}
2021-07-11 01:08:13 下次操作: 2021-07-11 01:08:21

2021-07-11 01:08:21 开始第 16 次操作

2021-07-11 01:08:21 开始操作号码 【1652377】
2021-07-11 01:08:25 GSD getOne 第 1 次 等待 1 秒
2021-07-11 01:08:26 查询号码 【1652377】，返回信息 {"status":"bad","msg":""}
2021-07-11 01:08:26 查询号码 【1652377】，GSD为【""】
2021-07-11 01:08:26 bad
2021-07-11 01:08:30 CHB 1652377?1625936906 第 1 次 等待 1 秒
2021-07-11 01:08:31 CHB 1652377?1625936906 第 1 次 获取到号码【1652377】GSD
2021-07-11 01:08:31 获取到号码【1652377】的GSD为【山东-济南】
2021-07-11 01:08:33 GSD insert 第 1 次 等待 1 秒
2021-07-11 01:08:34 {"status":"ok","msg":"添加成功！243950"}
2021-07-11 01:08:34 下次操作: 2021-07-11 01:08:52

2021-07-11 01:08:52 开始第 17 次操作

2021-07-11 01:08:52 开始操作号码 【1652378】
2021-07-11 01:08:55 GSD getOne 第 1 次 等待 1 秒
2021-07-11 01:08:56 查询号码 【1652378】，返回信息 {"status":"bad","msg":""}
2021-07-11 01:08:56 查询号码 【1652378】，GSD为【""】
2021-07-11 01:08:56 bad
2021-07-11 01:08:57 CHB 1652378?1625936936 第 1 次 等待 1 秒
2021-07-11 01:08:58 CHB 1652378?1625936936 第 1 次 获取到号码【1652378】GSD
2021-07-11 01:08:58 获取到号码【1652378】的GSD为【山东-济宁】
2021-07-11 01:09:02 GSD insert 第 1 次 等待 1 秒
2021-07-11 01:09:03 {"status":"ok","msg":"添加成功！243959"}
2021-07-11 01:09:03 下次操作: 2021-07-11 01:09:21

2021-07-11 01:09:21 开始第 18 次操作

2021-07-11 01:09:21 开始操作号码 【1652379】
2021-07-11 01:09:23 GSD getOne 第 1 次 等待 1 秒
2021-07-11 01:09:24 查询号码 【1652379】，返回信息 {"status":"bad","msg":""}
2021-07-11 01:09:24 查询号码 【1652379】，GSD为【""】
2021-07-11 01:09:24 bad
2021-07-11 01:09:26 CHB 1652379?1625936964 第 1 次 等待 1 秒
2021-07-11 01:09:27 CHB 1652379?1625936964 第 1 次 获取到号码【1652379】GSD
2021-07-11 01:09:27 获取到号码【1652379】的GSD为【山东-临沂】
2021-07-11 01:09:32 GSD insert 第 1 次 等待 1 秒
2021-07-11 01:09:33 {"status":"ok","msg":"添加成功！243966"}
2021-07-11 01:09:33 下次操作: 2021-07-11 01:09:42

2021-07-11 01:09:42 开始第 19 次操作

2021-07-11 01:09:42 开始操作号码 【1652380】
2021-07-11 01:09:45 GSD getOne 第 1 次 等待 1 秒
2021-07-11 01:09:46 查询号码 【1652380】，返回信息 {"status":"bad","msg":""}
2021-07-11 01:09:46 查询号码 【1652380】，GSD为【""】
2021-07-11 01:09:46 bad
2021-07-11 01:09:47 CHB 1652380?1625936986 第 1 次 等待 1 秒
2021-07-11 01:09:48 CHB 1652380?1625936986 第 1 次 获取到号码【1652380】GSD
2021-07-11 01:09:48 获取到号码【1652380】的GSD为【山东-临沂】
2021-07-11 01:09:50 GSD insert 第 1 次 等待 1 秒
2021-07-11 01:09:51 {"status":"ok","msg":"添加成功！243974"}
2021-07-11 01:09:51 下次操作: 2021-07-11 01:10:04

2021-07-11 01:10:04 开始第 20 次操作

2021-07-11 01:10:04 开始操作号码 【1652381】
2021-07-11 01:10:06 GSD getOne 第 1 次 等待 1 秒
2021-07-11 01:10:07 查询号码 【1652381】，返回信息 {"status":"bad","msg":""}
2021-07-11 01:10:08 查询号码 【1652381】，GSD为【""】
2021-07-11 01:10:08 bad
2021-07-11 01:10:11 CHB 1652381?1625937008 第 1 次 等待 1 秒
2021-07-11 01:10:12 CHB 1652381?1625937008 第 1 次 获取到号码【1652381】GSD
2021-07-11 01:10:12 获取到号码【1652381】的GSD为【吉林-通化】
2021-07-11 01:10:14 GSD insert 第 1 次 等待 1 秒
2021-07-11 01:10:15 {"status":"ok","msg":"添加成功！243979"}
2021-07-11 01:10:15 下次操作: 2021-07-11 01:10:26

2021-07-11 01:10:26 开始第 21 次操作

2021-07-11 01:10:26 开始操作号码 【1652382】
2021-07-11 01:10:28 GSD getOne 第 1 次 等待 1 秒
2021-07-11 01:10:29 查询号码 【1652382】，返回信息 {"status":"bad","msg":""}
2021-07-11 01:10:29 查询号码 【1652382】，GSD为【""】
2021-07-11 01:10:29 bad
2021-07-11 01:10:31 CHB 1652382?1625937029 第 1 次 等待 1 秒
2021-07-11 01:10:32 CHB 1652382?1625937029 第 1 次 获取到号码【1652382】GSD
2021-07-11 01:10:32 获取到号码【1652382】的GSD为【吉林-通化】
2021-07-11 01:10:43 GSD insert 第 1 次 等待 1 秒
2021-07-11 01:10:44 {"status":"ok","msg":"添加成功！243987"}
2021-07-11 01:10:44 下次操作: 2021-07-11 01:11:02

2021-07-11 01:11:02 开始第 22 次操作

2021-07-11 01:11:02 开始操作号码 【1652383】
2021-07-11 01:11:05 GSD getOne 第 1 次 等待 1 秒
2021-07-11 01:11:06 查询号码 【1652383】，返回信息 {"status":"bad","msg":""}
2021-07-11 01:11:06 查询号码 【1652383】，GSD为【""】
2021-07-11 01:11:06 bad
2021-07-11 01:11:09 CHB 1652383?1625937066 第 1 次 等待 1 秒
2021-07-11 01:11:10 CHB 1652383?1625937066 第 1 次 获取到号码【1652383】GSD
2021-07-11 01:11:10 获取到号码【1652383】的GSD为【陕西-榆林】
2021-07-11 01:11:14 GSD insert 第 1 次 等待 1 秒
2021-07-11 01:11:15 {"status":"ok","msg":"添加成功！243994"}
2021-07-11 01:11:15 下次操作: 2021-07-11 01:11:23

2021-07-11 01:11:23 开始第 23 次操作

2021-07-11 01:11:23 开始操作号码 【1652384】
2021-07-11 01:11:46 GSD getOne 第 1 次 等待 1 秒
2021-07-11 01:11:47 查询号码 【1652384】，返回信息 {"status":"bad","msg":""}
2021-07-11 01:11:47 查询号码 【1652384】，GSD为【""】
2021-07-11 01:11:47 bad
2021-07-11 01:11:48 CHB 1652384?1625937107 第 1 次 等待 1 秒
2021-07-11 01:11:49 CHB 1652384?1625937107 第 1 次 获取到号码【1652384】GSD
2021-07-11 01:11:49 获取到号码【1652384】的GSD为【黑龙江-七台河】
2021-07-11 01:11:55 GSD insert 第 1 次 等待 1 秒
2021-07-11 01:11:56 {"status":"ok","msg":"添加成功！244006"}
2021-07-11 01:11:56 下次操作: 2021-07-11 01:12:03

2021-07-11 01:12:03 开始第 24 次操作

2021-07-11 01:12:03 开始操作号码 【1652385】
2021-07-11 01:12:18 GSD getOne 第 1 次 等待 1 秒
2021-07-11 01:12:19 查询号码 【1652385】，返回信息 {"status":"bad","msg":""}
2021-07-11 01:12:19 查询号码 【1652385】，GSD为【""】
2021-07-11 01:12:19 bad
2021-07-11 01:12:21 CHB 1652385?1625937139 第 1 次 等待 1 秒
2021-07-11 01:12:22 CHB 1652385?1625937139 第 1 次 获取到号码【1652385】GSD
2021-07-11 01:12:22 获取到号码【1652385】的GSD为【山东-菏泽】
2021-07-11 01:12:26 GSD insert 第 1 次 等待 1 秒
2021-07-11 01:12:27 {"status":"ok","msg":"添加成功！244014"}
2021-07-11 01:12:27 下次操作: 2021-07-11 01:12:35

2021-07-11 01:12:35 开始第 25 次操作

2021-07-11 01:12:35 开始操作号码 【1652386】
2021-07-11 01:12:37 GSD getOne 第 1 次 等待 1 秒
2021-07-11 01:12:38 查询号码 【1652386】，返回信息 {"status":"bad","msg":""}
2021-07-11 01:12:38 查询号码 【1652386】，GSD为【""】
2021-07-11 01:12:38 bad
2021-07-11 01:12:39 CHB 1652386?1625937158 第 1 次 等待 1 秒
2021-07-11 01:12:40 CHB 1652386?1625937158 第 1 次 获取到号码【1652386】GSD
2021-07-11 01:12:41 获取到号码【1652386】的GSD为【山东-菏泽】
2021-07-11 01:12:45 GSD insert 第 1 次 等待 1 秒
2021-07-11 01:12:46 {"status":"ok","msg":"添加成功！244020"}
2021-07-11 01:12:46 下次操作: 2021-07-11 01:12:57

2021-07-11 01:12:57 开始第 26 次操作

2021-07-11 01:12:57 开始操作号码 【1652387】
2021-07-11 01:13:04 GSD getOne 第 1 次 等待 1 秒
2021-07-11 01:13:05 查询号码 【1652387】，返回信息 {"status":"bad","msg":""}
2021-07-11 01:13:05 查询号码 【1652387】，GSD为【""】
2021-07-11 01:13:05 bad
2021-07-11 01:13:07 CHB 1652387?1625937185 第 1 次 等待 1 秒
2021-07-11 01:13:08 CHB 1652387?1625937185 第 1 次 获取到号码【1652387】GSD
2021-07-11 01:13:08 获取到号码【1652387】的GSD为【陕西-榆林】
2021-07-11 01:13:10 GSD insert 第 1 次 等待 1 秒
2021-07-11 01:13:11 {"status":"ok","msg":"添加成功！244024"}
2021-07-11 01:13:11 下次操作: 2021-07-11 01:13:18

2021-07-11 01:13:18 开始第 27 次操作

2021-07-11 01:13:18 开始操作号码 【1652388】
2021-07-11 01:13:20 GSD getOne 第 1 次 等待 1 秒
2021-07-11 01:13:21 查询号码 【1652388】，返回信息 {"status":"bad","msg":""}
2021-07-11 01:13:22 查询号码 【1652388】，GSD为【""】
2021-07-11 01:13:22 bad
2021-07-11 01:13:23 CHB 1652388?1625937202 第 1 次 等待 1 秒
2021-07-11 01:13:24 CHB 1652388?1625937202 第 1 次 获取到号码【1652388】GSD
2021-07-11 01:13:24 获取到号码【1652388】的GSD为【黑龙江-哈尔滨】
2021-07-11 01:13:26 GSD insert 第 1 次 等待 1 秒
2021-07-11 01:13:27 {"status":"ok","msg":"添加成功！244032"}
2021-07-11 01:13:27 下次操作: 2021-07-11 01:13:37

2021-07-11 01:13:37 开始第 28 次操作

2021-07-11 01:13:37 开始操作号码 【1652389】
2021-07-11 01:13:44 GSD getOne 第 1 次 等待 1 秒
2021-07-11 01:13:45 查询号码 【1652389】，返回信息 {"status":"bad","msg":""}
2021-07-11 01:13:45 查询号码 【1652389】，GSD为【""】
2021-07-11 01:13:45 bad
2021-07-11 01:13:46 CHB 1652389?1625937225 第 1 次 等待 1 秒
2021-07-11 01:13:47 CHB 1652389?1625937225 第 1 次 获取到号码【1652389】GSD
2021-07-11 01:13:48 获取到号码【1652389】的GSD为【辽宁-葫芦岛】
2021-07-11 01:13:50 GSD insert 第 1 次 等待 1 秒
2021-07-11 01:13:51 {"status":"ok","msg":"添加成功！244038"}
2021-07-11 01:13:51 下次操作: 2021-07-11 01:14:01

2021-07-11 01:14:01 开始第 29 次操作

2021-07-11 01:14:01 开始操作号码 【1652390】
2021-07-11 01:14:03 GSD getOne 第 1 次 等待 1 秒
2021-07-11 01:14:04 查询号码 【1652390】，返回信息 {"status":"bad","msg":""}
2021-07-11 01:14:05 查询号码 【1652390】，GSD为【""】
2021-07-11 01:14:05 bad
2021-07-11 01:14:06 CHB 1652390?1625937245 第 1 次 等待 1 秒
2021-07-11 01:14:07 CHB 1652390?1625937245 第 1 次 获取到号码【1652390】GSD
2021-07-11 01:14:07 获取到号码【1652390】的GSD为【陕西-榆林】
2021-07-11 01:14:09 GSD insert 第 1 次 等待 1 秒
2021-07-11 01:14:10 {"status":"ok","msg":"添加成功！244043"}
2021-07-11 01:14:10 下次操作: 2021-07-11 01:14:27

2021-07-11 01:14:27 开始第 30 次操作

2021-07-11 01:14:27 开始操作号码 【1652391】
2021-07-11 01:14:29 GSD getOne 第 1 次 等待 1 秒
2021-07-11 01:14:30 查询号码 【1652391】，返回信息 {"status":"bad","msg":""}
2021-07-11 01:14:31 查询号码 【1652391】，GSD为【""】
2021-07-11 01:14:31 bad
2021-07-11 01:14:32 CHB 1652391?1625937271 第 1 次 等待 1 秒
2021-07-11 01:14:33 CHB 1652391?1625937271 第 1 次 获取到号码【1652391】GSD
2021-07-11 01:14:33 获取到号码【1652391】的GSD为【陕西-榆林】
2021-07-11 01:14:37 GSD insert 第 1 次 等待 1 秒
2021-07-11 01:14:38 {"status":"ok","msg":"添加成功！244051"}

2021-07-11 01:42:41 开始第 1 次操作

2021-07-11 01:42:41 开始操作号码 【1652392】
2021-07-11 01:42:46 GSD getOne 第 1 次 等待 1 秒
2021-07-11 01:42:47 查询号码 【1652392】，返回信息 {"status":"bad","msg":""}
2021-07-11 01:42:47 查询号码 【1652392】，GSD为【""】
2021-07-11 01:42:47 bad
2021-07-11 01:42:49 CHB 1652392?1625938967 第 1 次 等待 1 秒
2021-07-11 01:42:50 CHB 1652392?1625938967 第 1 次 获取到号码【1652392】GSD
2021-07-11 01:42:50 获取到号码【1652392】的GSD为【山西-运城】
2021-07-11 01:42:52 GSD insert 第 1 次 等待 1 秒
2021-07-11 01:42:53 {"status":"ok","msg":"添加成功！244167"}
2021-07-11 01:42:53 下次操作: 2021-07-11 01:43:07

2021-07-11 01:43:07 开始第 2 次操作

2021-07-11 01:43:07 开始操作号码 【1652393】
2021-07-11 01:43:10 GSD getOne 第 1 次 等待 1 秒
2021-07-11 01:43:11 查询号码 【1652393】，返回信息 {"status":"bad","msg":""}
2021-07-11 01:43:11 查询号码 【1652393】，GSD为【""】
2021-07-11 01:43:11 bad
2021-07-11 01:43:12 CHB 1652393?1625938991 第 1 次 等待 1 秒
2021-07-11 01:43:13 CHB 1652393?1625938991 第 1 次 获取到号码【1652393】GSD
2021-07-11 01:43:13 获取到号码【1652393】的GSD为【山东-济南】
2021-07-11 01:43:20 GSD insert 第 1 次 等待 1 秒
2021-07-11 01:43:21 {"status":"ok","msg":"添加成功！244172"}
2021-07-11 01:43:21 下次操作: 2021-07-11 01:43:30

2021-07-11 01:43:30 开始第 3 次操作

2021-07-11 01:43:30 开始操作号码 【1652394】
2021-07-11 01:43:34 GSD getOne 第 1 次 等待 1 秒
2021-07-11 01:43:35 查询号码 【1652394】，返回信息 {"status":"bad","msg":""}
2021-07-11 01:43:36 查询号码 【1652394】，GSD为【""】
2021-07-11 01:43:36 bad
2021-07-11 01:43:38 CHB 1652394?1625939016 第 1 次 等待 1 秒
2021-07-11 01:43:39 CHB 1652394?1625939016 第 1 次 获取到号码【1652394】GSD
2021-07-11 01:43:39 获取到号码【1652394】的GSD为【黑龙江-大兴安岭】
2021-07-11 01:43:43 GSD insert 第 1 次 等待 1 秒
2021-07-11 01:43:44 {"status":"ok","msg":"添加成功！244177"}
2021-07-11 01:43:44 下次操作: 2021-07-11 01:43:51

2021-07-11 01:43:51 开始第 4 次操作

2021-07-11 01:43:51 开始操作号码 【1652395】
2021-07-11 01:43:55 GSD getOne 第 1 次 等待 1 秒
2021-07-11 01:43:56 查询号码 【1652395】，返回信息 {"status":"bad","msg":""}
2021-07-11 01:43:56 查询号码 【1652395】，GSD为【""】
2021-07-11 01:43:56 bad
2021-07-11 01:43:57 CHB 1652395?1625939036 第 1 次 等待 1 秒
2021-07-11 01:43:58 CHB 1652395?1625939036 第 1 次 获取到号码【1652395】GSD
2021-07-11 01:43:58 获取到号码【1652395】的GSD为【山东-滨州】
2021-07-11 01:44:02 GSD insert 第 1 次 等待 1 秒
2021-07-11 01:44:03 {"status":"ok","msg":"添加成功！244185"}
2021-07-11 01:44:03 下次操作: 2021-07-11 01:44:18

2021-07-11 01:44:18 开始第 5 次操作

2021-07-11 01:44:18 开始操作号码 【1652396】
2021-07-11 01:44:20 GSD getOne 第 1 次 等待 1 秒
2021-07-11 01:44:21 查询号码 【1652396】，返回信息 {"status":"bad","msg":""}
2021-07-11 01:44:21 查询号码 【1652396】，GSD为【""】
2021-07-11 01:44:21 bad
2021-07-11 01:44:24 CHB 1652396?1625939061 第 1 次 等待 1 秒
2021-07-11 01:44:25 CHB 1652396?1625939061 第 1 次 获取到号码【1652396】GSD
2021-07-11 01:44:25 获取到号码【1652396】的GSD为【山东-菏泽】
2021-07-11 01:44:28 GSD insert 第 1 次 等待 1 秒
2021-07-11 01:44:29 {"status":"ok","msg":"添加成功！244193"}
2021-07-11 01:44:29 下次操作: 2021-07-11 01:44:41

2021-07-11 01:44:41 开始第 6 次操作

2021-07-11 01:44:41 开始操作号码 【1652397】
2021-07-11 01:44:45 GSD getOne 第 1 次 等待 1 秒
2021-07-11 01:44:46 查询号码 【1652397】，返回信息 {"status":"bad","msg":""}
2021-07-11 01:44:46 查询号码 【1652397】，GSD为【""】
2021-07-11 01:44:46 bad
2021-07-11 01:44:48 CHB 1652397?1625939086 第 1 次 等待 1 秒
2021-07-11 01:44:49 CHB 1652397?1625939086 第 1 次 获取到号码【1652397】GSD
2021-07-11 01:44:49 获取到号码【1652397】的GSD为【山东-东营】
2021-07-11 01:44:51 GSD insert 第 1 次 等待 1 秒
2021-07-11 01:44:52 {"status":"ok","msg":"添加成功！244202"}
2021-07-11 01:44:52 下次操作: 2021-07-11 01:44:59

2021-07-11 01:44:59 开始第 7 次操作

2021-07-11 01:44:59 开始操作号码 【1652398】
2021-07-11 01:45:03 GSD getOne 第 1 次 等待 1 秒
2021-07-11 01:45:04 查询号码 【1652398】，返回信息 {"status":"bad","msg":""}
2021-07-11 01:45:04 查询号码 【1652398】，GSD为【""】
2021-07-11 01:45:04 bad
2021-07-11 01:45:06 CHB 1652398?1625939104 第 1 次 等待 1 秒
2021-07-11 01:45:07 CHB 1652398?1625939104 第 1 次 获取到号码【1652398】GSD
2021-07-11 01:45:07 获取到号码【1652398】的GSD为【山东-泰安】
2021-07-11 01:45:14 GSD insert 第 1 次 等待 1 秒
2021-07-11 01:45:15 {"status":"ok","msg":"添加成功！244206"}
2021-07-11 01:45:15 下次操作: 2021-07-11 01:45:24

2021-07-11 01:45:24 开始第 8 次操作

2021-07-11 01:45:24 开始操作号码 【1652399】
2021-07-11 01:45:28 GSD getOne 第 1 次 等待 1 秒
2021-07-11 01:45:29 查询号码 【1652399】，返回信息 {"status":"bad","msg":""}
2021-07-11 01:45:29 查询号码 【1652399】，GSD为【""】
2021-07-11 01:45:29 bad
2021-07-11 01:45:30 CHB 1652399?1625939129 第 1 次 等待 1 秒
2021-07-11 01:45:31 CHB 1652399?1625939129 第 1 次 获取到号码【1652399】GSD
2021-07-11 01:45:31 获取到号码【1652399】的GSD为【河北-秦皇岛】
2021-07-11 01:45:35 GSD insert 第 1 次 等待 1 秒
2021-07-11 01:45:36 {"status":"ok","msg":"添加成功！244215"}
2021-07-11 01:45:36 下次操作: 2021-07-11 01:45:49

2021-07-11 01:45:49 开始第 9 次操作

2021-07-11 01:45:49 开始操作号码 【1652400】
2021-07-11 01:45:53 GSD getOne 第 1 次 等待 1 秒
2021-07-11 01:45:54 查询号码 【1652400】，返回信息 {"status":"bad","msg":""}
2021-07-11 01:45:54 查询号码 【1652400】，GSD为【""】
2021-07-11 01:45:54 bad
2021-07-11 01:45:56 CHB 1652400?1625939154 第 1 次 等待 1 秒
2021-07-11 01:45:57 CHB 1652400?1625939154 第 1 次 获取到号码【1652400】GSD
2021-07-11 01:45:57 获取到号码【1652400】的GSD为【辽宁-沈阳】
2021-07-11 01:46:01 GSD insert 第 1 次 等待 1 秒
2021-07-11 01:46:02 {"status":"ok","msg":"添加成功！244223"}
2021-07-11 01:46:02 下次操作: 2021-07-11 01:46:18

2021-07-11 01:46:18 开始第 10 次操作

2021-07-11 01:46:18 开始操作号码 【1652401】
2021-07-11 01:46:20 GSD getOne 第 1 次 等待 1 秒
2021-07-11 01:46:21 查询号码 【1652401】，返回信息 {"status":"bad","msg":""}
2021-07-11 01:46:21 查询号码 【1652401】，GSD为【""】
2021-07-11 01:46:21 bad
2021-07-11 01:46:22 CHB 1652401?1625939181 第 1 次 等待 1 秒
2021-07-11 01:46:23 CHB 1652401?1625939181 第 1 次 获取到号码【1652401】GSD
2021-07-11 01:46:23 获取到号码【1652401】的GSD为【山东-临沂】
2021-07-11 01:46:26 GSD insert 第 1 次 等待 1 秒
2021-07-11 01:46:27 {"status":"ok","msg":"添加成功！244231"}
2021-07-11 01:46:27 下次操作: 2021-07-11 01:46:33

2021-07-11 01:46:33 开始第 11 次操作

2021-07-11 01:46:33 开始操作号码 【1652402】
2021-07-11 01:46:35 GSD getOne 第 1 次 等待 1 秒
2021-07-11 01:46:36 查询号码 【1652402】，返回信息 {"status":"bad","msg":""}
2021-07-11 01:46:36 查询号码 【1652402】，GSD为【""】
2021-07-11 01:46:36 bad
2021-07-11 01:46:37 CHB 1652402?1625939196 第 1 次 等待 1 秒
2021-07-11 01:46:38 CHB 1652402?1625939196 第 1 次 获取到号码【1652402】GSD
2021-07-11 01:46:39 获取到号码【1652402】的GSD为【黑龙江-齐齐哈尔】
2021-07-11 01:46:42 GSD insert 第 1 次 等待 1 秒
2021-07-11 01:46:43 {"status":"ok","msg":"添加成功！244236"}
2021-07-11 01:46:43 下次操作: 2021-07-11 01:46:50

2021-07-11 01:46:50 开始第 12 次操作

2021-07-11 01:46:50 开始操作号码 【1652403】
2021-07-11 01:46:54 GSD getOne 第 1 次 等待 1 秒
2021-07-11 01:46:55 查询号码 【1652403】，返回信息 {"status":"bad","msg":""}
2021-07-11 01:46:55 查询号码 【1652403】，GSD为【""】
2021-07-11 01:46:55 bad
2021-07-11 01:46:56 CHB 1652403?1625939215 第 1 次 等待 1 秒
2021-07-11 01:46:57 CHB 1652403?1625939215 第 1 次 获取到号码【1652403】GSD
2021-07-11 01:46:57 获取到号码【1652403】的GSD为【黑龙江-牡丹江】
2021-07-11 01:47:00 GSD insert 第 1 次 等待 1 秒
2021-07-11 01:47:01 {"status":"ok","msg":"添加成功！244241"}
2021-07-11 01:47:01 下次操作: 2021-07-11 01:47:12

2021-07-11 01:47:12 开始第 13 次操作

2021-07-11 01:47:12 开始操作号码 【1652404】
2021-07-11 01:47:14 GSD getOne 第 1 次 等待 1 秒
2021-07-11 01:47:15 查询号码 【1652404】，返回信息 {"status":"bad","msg":""}
2021-07-11 01:47:15 查询号码 【1652404】，GSD为【""】
2021-07-11 01:47:15 bad
2021-07-11 01:47:16 CHB 1652404?1625939235 第 1 次 等待 1 秒
2021-07-11 01:47:17 CHB 1652404?1625939235 第 1 次 获取到号码【1652404】GSD
2021-07-11 01:47:17 获取到号码【1652404】的GSD为【西藏-拉萨】
2021-07-11 01:47:21 GSD insert 第 1 次 等待 1 秒
2021-07-11 01:47:22 {"status":"ok","msg":"添加成功！244247"}
2021-07-11 01:47:22 下次操作: 2021-07-11 01:47:35

2021-07-11 01:47:35 开始第 14 次操作

2021-07-11 01:47:35 开始操作号码 【1652405】
2021-07-11 01:47:37 GSD getOne 第 1 次 等待 1 秒
2021-07-11 01:47:38 查询号码 【1652405】，返回信息 {"status":"bad","msg":""}
2021-07-11 01:47:39 查询号码 【1652405】，GSD为【""】
2021-07-11 01:47:39 bad
2021-07-11 01:47:41 CHB 1652405?1625939259 第 1 次 等待 1 秒
2021-07-11 01:47:42 CHB 1652405?1625939259 第 1 次 获取到号码【1652405】GSD
2021-07-11 01:47:42 获取到号码【1652405】的GSD为【内蒙古-通辽】
2021-07-11 01:47:47 GSD insert 第 1 次 等待 1 秒
2021-07-11 01:47:48 {"status":"ok","msg":"添加成功！244256"}
2021-07-11 01:47:48 下次操作: 2021-07-11 01:48:01

2021-07-11 01:48:01 开始第 15 次操作

2021-07-11 01:48:01 开始操作号码 【1652406】
2021-07-11 01:48:05 GSD getOne 第 1 次 等待 1 秒
2021-07-11 01:48:06 查询号码 【1652406】，返回信息 {"status":"bad","msg":""}
2021-07-11 01:48:06 查询号码 【1652406】，GSD为【""】
2021-07-11 01:48:06 bad
2021-07-11 01:48:07 CHB 1652406?1625939286 第 1 次 等待 1 秒
2021-07-11 01:48:08 CHB 1652406?1625939286 第 1 次 获取到号码【1652406】GSD
2021-07-11 01:48:08 获取到号码【1652406】的GSD为【山东-枣庄】
2021-07-11 01:48:11 GSD insert 第 1 次 等待 1 秒
2021-07-11 01:48:12 {"status":"ok","msg":"添加成功！244262"}
2021-07-11 01:48:12 下次操作: 2021-07-11 01:48:27

2021-07-11 01:48:27 开始第 16 次操作

2021-07-11 01:48:27 开始操作号码 【1652407】
2021-07-11 01:48:30 GSD getOne 第 1 次 等待 1 秒
2021-07-11 01:48:31 查询号码 【1652407】，返回信息 {"status":"bad","msg":""}
2021-07-11 01:48:31 查询号码 【1652407】，GSD为【""】
2021-07-11 01:48:31 bad
2021-07-11 01:48:33 CHB 1652407?1625939311 第 1 次 等待 1 秒
2021-07-11 01:48:34 CHB 1652407?1625939311 第 1 次 获取到号码【1652407】GSD
2021-07-11 01:48:34 获取到号码【1652407】的GSD为【辽宁-营口】
2021-07-11 01:48:37 GSD insert 第 1 次 等待 1 秒
2021-07-11 01:48:38 {"status":"ok","msg":"添加成功！244273"}
2021-07-11 01:48:38 下次操作: 2021-07-11 01:48:55

2021-07-11 01:48:55 开始第 17 次操作

2021-07-11 01:48:55 开始操作号码 【1652408】
2021-07-11 01:49:01 GSD getOne 第 1 次 等待 1 秒
2021-07-11 01:49:02 查询号码 【1652408】，返回信息 {"status":"bad","msg":""}
2021-07-11 01:49:02 查询号码 【1652408】，GSD为【""】
2021-07-11 01:49:02 bad
2021-07-11 01:49:03 CHB 1652408?1625939342 第 1 次 等待 1 秒
2021-07-11 01:49:04 CHB 1652408?1625939342 第 1 次 获取到号码【1652408】GSD
2021-07-11 01:49:05 获取到号码【1652408】的GSD为【吉林-延吉】
2021-07-11 01:49:08 GSD insert 第 1 次 等待 1 秒
2021-07-11 01:49:09 {"status":"ok","msg":"添加成功！244281"}
2021-07-11 01:49:09 下次操作: 2021-07-11 01:49:19

2021-07-11 01:49:19 开始第 18 次操作

2021-07-11 01:49:19 开始操作号码 【1652409】
2021-07-11 01:49:22 GSD getOne 第 1 次 等待 1 秒
2021-07-11 01:49:23 查询号码 【1652409】，返回信息 {"status":"bad","msg":""}
2021-07-11 01:49:23 查询号码 【1652409】，GSD为【""】
2021-07-11 01:49:23 bad
2021-07-11 01:49:25 CHB 1652409?1625939363 第 1 次 等待 1 秒
2021-07-11 01:49:26 CHB 1652409?1625939363 第 1 次 获取到号码【1652409】GSD
2021-07-11 01:49:26 获取到号码【1652409】的GSD为【黑龙江-双鸭山】
2021-07-11 01:49:31 GSD insert 第 1 次 等待 1 秒
2021-07-11 01:49:32 {"status":"ok","msg":"添加成功！244290"}
2021-07-11 01:49:32 下次操作: 2021-07-11 01:49:38

2021-07-11 01:49:38 开始第 19 次操作

2021-07-11 01:49:38 开始操作号码 【1652410】
2021-07-11 01:49:40 GSD getOne 第 1 次 等待 1 秒
2021-07-11 01:49:41 查询号码 【1652410】，返回信息 {"status":"bad","msg":""}
2021-07-11 01:49:41 查询号码 【1652410】，GSD为【""】
2021-07-11 01:49:41 bad
2021-07-11 01:49:43 CHB 1652410?1625939381 第 1 次 等待 1 秒
2021-07-11 01:49:44 CHB 1652410?1625939381 第 1 次 获取到号码【1652410】GSD
2021-07-11 01:49:44 获取到号码【1652410】的GSD为【辽宁-铁岭】
2021-07-11 01:49:47 GSD insert 第 1 次 等待 1 秒
2021-07-11 01:49:48 {"status":"ok","msg":"添加成功！244295"}
2021-07-11 01:49:48 下次操作: 2021-07-11 01:50:00

2021-07-11 01:50:00 开始第 20 次操作

2021-07-11 01:50:00 开始操作号码 【1652411】
2021-07-11 01:50:03 GSD getOne 第 1 次 等待 1 秒
2021-07-11 01:50:04 查询号码 【1652411】，返回信息 {"status":"bad","msg":""}
2021-07-11 01:50:04 查询号码 【1652411】，GSD为【""】
2021-07-11 01:50:04 bad
2021-07-11 01:50:06 CHB 1652411?1625939404 第 1 次 等待 1 秒
2021-07-11 01:50:07 CHB 1652411?1625939404 第 1 次 获取到号码【1652411】GSD
2021-07-11 01:50:07 获取到号码【1652411】的GSD为【辽宁-大连】
2021-07-11 01:50:09 GSD insert 第 1 次 等待 1 秒
2021-07-11 01:50:10 {"status":"ok","msg":"添加成功！244299"}
2021-07-11 01:50:10 下次操作: 2021-07-11 01:50:25

2021-07-11 01:50:25 开始第 21 次操作

2021-07-11 01:50:25 开始操作号码 【1652412】
2021-07-11 01:50:28 GSD getOne 第 1 次 等待 1 秒
2021-07-11 01:50:29 查询号码 【1652412】，返回信息 {"status":"bad","msg":""}
2021-07-11 01:50:29 查询号码 【1652412】，GSD为【""】
2021-07-11 01:50:29 bad
2021-07-11 01:50:30 CHB 1652412?1625939429 第 1 次 等待 1 秒
2021-07-11 01:50:31 CHB 1652412?1625939429 第 1 次 获取到号码【1652412】GSD
2021-07-11 01:50:31 获取到号码【1652412】的GSD为【辽宁-鞍山】
2021-07-11 01:50:34 GSD insert 第 1 次 等待 1 秒
2021-07-11 01:50:35 {"status":"ok","msg":"添加成功！244307"}
2021-07-11 01:50:35 下次操作: 2021-07-11 01:50:51

2021-07-11 01:50:51 开始第 22 次操作

2021-07-11 01:50:51 开始操作号码 【1652413】
2021-07-11 01:50:54 GSD getOne 第 1 次 等待 1 秒
2021-07-11 01:50:55 查询号码 【1652413】，返回信息 {"status":"bad","msg":""}
2021-07-11 01:50:55 查询号码 【1652413】，GSD为【""】
2021-07-11 01:50:55 bad
2021-07-11 01:50:57 CHB 1652413?1625939455 第 1 次 等待 1 秒
2021-07-11 01:50:58 CHB 1652413?1625939455 第 1 次 获取到号码【1652413】GSD
2021-07-11 01:50:58 获取到号码【1652413】的GSD为【辽宁-抚顺】
2021-07-11 01:51:00 GSD insert 第 1 次 等待 1 秒
2021-07-11 01:51:01 {"status":"ok","msg":"添加成功！244316"}
2021-07-11 01:51:01 下次操作: 2021-07-11 01:51:13

2021-07-11 01:51:13 开始第 23 次操作

2021-07-11 01:51:13 开始操作号码 【1652414】
2021-07-11 01:51:15 GSD getOne 第 1 次 等待 1 秒
2021-07-11 01:51:17 查询号码 【1652414】，返回信息 {"status":"bad","msg":""}
2021-07-11 01:51:17 查询号码 【1652414】，GSD为【""】
2021-07-11 01:51:17 bad
2021-07-11 01:51:19 CHB 1652414?1625939477 第 1 次 等待 1 秒
2021-07-11 01:51:20 CHB 1652414?1625939477 第 1 次 获取到号码【1652414】GSD
2021-07-11 01:51:20 获取到号码【1652414】的GSD为【辽宁-本溪】
2021-07-11 01:51:22 GSD insert 第 1 次 等待 1 秒
2021-07-11 01:51:23 {"status":"ok","msg":"添加成功！244322"}
2021-07-11 01:51:23 下次操作: 2021-07-11 01:51:36

2021-07-11 01:51:36 开始第 24 次操作

2021-07-11 01:51:36 开始操作号码 【1652415】
2021-07-11 01:51:43 GSD getOne 第 1 次 等待 1 秒
2021-07-11 01:51:44 查询号码 【1652415】，返回信息 {"status":"bad","msg":""}
2021-07-11 01:51:44 查询号码 【1652415】，GSD为【""】
2021-07-11 01:51:44 bad
2021-07-11 01:51:45 CHB 1652415?1625939504 第 1 次 等待 1 秒
2021-07-11 01:51:46 CHB 1652415?1625939504 第 1 次 获取到号码【1652415】GSD
2021-07-11 01:51:46 获取到号码【1652415】的GSD为【辽宁-丹东】
2021-07-11 01:51:50 GSD insert 第 1 次 等待 1 秒
2021-07-11 01:51:51 {"status":"ok","msg":"添加成功！244334"}
2021-07-11 01:51:51 下次操作: 2021-07-11 01:52:08

2021-07-11 01:52:08 开始第 25 次操作

2021-07-11 01:52:08 开始操作号码 【1652416】
2021-07-11 01:52:13 GSD getOne 第 1 次 等待 1 秒
2021-07-11 01:52:14 查询号码 【1652416】，返回信息 {"status":"bad","msg":""}
2021-07-11 01:52:14 查询号码 【1652416】，GSD为【""】
2021-07-11 01:52:14 bad
2021-07-11 01:52:16 CHB 1652416?1625939534 第 1 次 等待 1 秒
2021-07-11 01:52:17 CHB 1652416?1625939534 第 1 次 获取到号码【1652416】GSD
2021-07-11 01:52:17 获取到号码【1652416】的GSD为【辽宁-锦州】
2021-07-11 01:52:21 GSD insert 第 1 次 等待 1 秒
2021-07-11 01:52:22 {"status":"ok","msg":"添加成功！244340"}
2021-07-11 01:52:22 下次操作: 2021-07-11 01:52:32

2021-07-11 01:52:32 开始第 26 次操作

2021-07-11 01:52:32 开始操作号码 【1652417】
2021-07-11 01:52:35 GSD getOne 第 1 次 等待 1 秒
2021-07-11 01:52:36 查询号码 【1652417】，返回信息 {"status":"bad","msg":""}
2021-07-11 01:52:36 查询号码 【1652417】，GSD为【""】
2021-07-11 01:52:36 bad
2021-07-11 01:52:38 CHB 1652417?1625939556 第 1 次 等待 1 秒
2021-07-11 01:52:39 CHB 1652417?1625939556 第 1 次 获取到号码【1652417】GSD
2021-07-11 01:52:39 获取到号码【1652417】的GSD为【辽宁-营口】
2021-07-11 01:52:43 GSD insert 第 1 次 等待 1 秒
2021-07-11 01:52:44 {"status":"ok","msg":"添加成功！244348"}
2021-07-11 01:52:44 下次操作: 2021-07-11 01:52:53

2021-07-11 01:52:53 开始第 27 次操作

2021-07-11 01:52:53 开始操作号码 【1652418】
2021-07-11 01:52:57 GSD getOne 第 1 次 等待 1 秒
2021-07-11 01:52:58 查询号码 【1652418】，返回信息 {"status":"bad","msg":""}
2021-07-11 01:52:58 查询号码 【1652418】，GSD为【""】
2021-07-11 01:52:58 bad
2021-07-11 01:52:59 CHB 1652418?1625939578 第 1 次 等待 1 秒
2021-07-11 01:53:00 CHB 1652418?1625939578 第 1 次 获取到号码【1652418】GSD
2021-07-11 01:53:00 获取到号码【1652418】的GSD为【辽宁-阜新】
2021-07-11 01:53:04 GSD insert 第 1 次 等待 1 秒
2021-07-11 01:53:05 {"status":"ok","msg":"添加成功！244354"}
2021-07-11 01:53:05 下次操作: 2021-07-11 01:53:21

2021-07-11 01:53:21 开始第 28 次操作

2021-07-11 01:53:21 开始操作号码 【1652419】
2021-07-11 01:53:23 GSD getOne 第 1 次 等待 1 秒
2021-07-11 01:53:24 查询号码 【1652419】，返回信息 {"status":"bad","msg":""}
2021-07-11 01:53:24 查询号码 【1652419】，GSD为【""】
2021-07-11 01:53:24 bad
2021-07-11 01:53:27 CHB 1652419?1625939604 第 1 次 等待 1 秒
2021-07-11 01:53:28 CHB 1652419?1625939604 第 1 次 获取到号码【1652419】GSD
2021-07-11 01:53:28 获取到号码【1652419】的GSD为【黑龙江-牡丹江】
2021-07-11 01:53:31 GSD insert 第 1 次 等待 1 秒
2021-07-11 01:53:32 {"status":"ok","msg":"添加成功！244360"}
2021-07-11 01:53:32 下次操作: 2021-07-11 01:53:50

2021-07-11 01:53:50 开始第 29 次操作

2021-07-11 01:53:50 开始操作号码 【1652420】
2021-07-11 01:53:55 GSD getOne 第 1 次 等待 1 秒
2021-07-11 01:53:56 查询号码 【1652420】，返回信息 {"status":"bad","msg":""}
2021-07-11 01:53:56 查询号码 【1652420】，GSD为【""】
2021-07-11 01:53:56 bad
2021-07-11 01:53:58 CHB 1652420?1625939636 第 1 次 等待 1 秒
2021-07-11 01:53:59 CHB 1652420?1625939636 第 1 次 获取到号码【1652420】GSD
2021-07-11 01:53:59 获取到号码【1652420】的GSD为【辽宁-营口】
2021-07-11 01:54:03 GSD insert 第 1 次 等待 1 秒
2021-07-11 01:54:04 {"status":"ok","msg":"添加成功！244368"}
2021-07-11 01:54:04 下次操作: 2021-07-11 01:54:14

2021-07-11 01:54:14 开始第 30 次操作

2021-07-11 01:54:14 开始操作号码 【1652421】
2021-07-11 01:54:18 GSD getOne 第 1 次 等待 1 秒
2021-07-11 01:54:19 查询号码 【1652421】，返回信息 {"status":"bad","msg":""}
2021-07-11 01:54:19 查询号码 【1652421】，GSD为【""】
2021-07-11 01:54:19 bad
2021-07-11 01:54:21 CHB 1652421?1625939659 第 1 次 等待 1 秒
2021-07-11 01:54:22 CHB 1652421?1625939659 第 1 次 获取到号码【1652421】GSD
2021-07-11 01:54:22 获取到号码【1652421】的GSD为【辽宁-朝阳】
2021-07-11 01:54:28 GSD insert 第 1 次 等待 1 秒
2021-07-11 01:54:29 {"status":"ok","msg":"添加成功！244372"}

2021-07-11 02:48:04 开始第 1 次操作

2021-07-11 02:48:04 开始操作号码 【1652422】
2021-07-11 02:48:06 GSD getOne 第 1 次 等待 1 秒
2021-07-11 02:48:07 查询号码 【1652422】，返回信息 {"status":"bad","msg":""}
2021-07-11 02:48:07 查询号码 【1652422】，GSD为【""】
2021-07-11 02:48:07 bad
2021-07-11 02:48:08 CHB 1652422?1625942887 第 1 次 等待 1 秒
2021-07-11 02:48:09 CHB 1652422?1625942887 第 1 次 获取到号码【1652422】GSD
2021-07-11 02:48:09 获取到号码【1652422】的GSD为【辽宁-鞍山】
2021-07-11 02:48:28 GSD insert 第 1 次 等待 1 秒
2021-07-11 02:48:29 {"status":"ok","msg":"添加成功！244556"}
2021-07-11 02:48:29 下次操作: 2021-07-11 02:48:41

2021-07-11 02:48:41 开始第 2 次操作

2021-07-11 02:48:41 开始操作号码 【1652423】
2021-07-11 02:48:47 GSD getOne 第 1 次 等待 1 秒
2021-07-11 02:48:48 查询号码 【1652423】，返回信息 {"status":"bad","msg":""}
2021-07-11 02:48:48 查询号码 【1652423】，GSD为【""】
2021-07-11 02:48:48 bad
2021-07-11 02:48:49 CHB 1652423?1625942928 第 1 次 等待 1 秒
2021-07-11 02:48:50 CHB 1652423?1625942928 第 1 次 获取到号码【1652423】GSD
2021-07-11 02:48:50 获取到号码【1652423】的GSD为【山东-临沂】
2021-07-11 02:49:09 GSD insert 第 1 次 等待 1 秒
2021-07-11 02:49:10 {"status":"ok","msg":"添加成功！244570"}
2021-07-11 02:49:10 下次操作: 2021-07-11 02:49:28

2021-07-11 02:49:28 开始第 3 次操作

2021-07-11 02:49:28 开始操作号码 【1652424】
2021-07-11 02:49:32 GSD getOne 第 1 次 等待 1 秒
2021-07-11 02:49:33 查询号码 【1652424】，返回信息 {"status":"bad","msg":""}
2021-07-11 02:49:33 查询号码 【1652424】，GSD为【""】
2021-07-11 02:49:33 bad
2021-07-11 02:49:34 CHB 1652424?1625942973 第 1 次 等待 1 秒
2021-07-11 02:49:35 CHB 1652424?1625942973 第 1 次 获取到号码【1652424】GSD
2021-07-11 02:49:36 获取到号码【1652424】的GSD为【辽宁-营口】
2021-07-11 02:49:55 GSD insert 第 1 次 等待 1 秒
2021-07-11 02:49:56 {"status":"ok","msg":"添加成功！244585"}
2021-07-11 02:49:56 下次操作: 2021-07-11 02:50:03

2021-07-11 02:50:03 开始第 4 次操作

2021-07-11 02:50:03 开始操作号码 【1652425】
2021-07-11 02:50:22 GSD getOne 第 1 次 等待 1 秒
2021-07-11 02:50:23 查询号码 【1652425】，返回信息 {"status":"bad","msg":""}
2021-07-11 02:50:23 查询号码 【1652425】，GSD为【""】
2021-07-11 02:50:23 bad
2021-07-11 02:50:24 CHB 1652425?1625943023 第 1 次 等待 1 秒
2021-07-11 02:50:25 CHB 1652425?1625943023 第 1 次 获取到号码【1652425】GSD
2021-07-11 02:50:25 获取到号码【1652425】的GSD为【新疆-乌鲁木齐】
2021-07-11 02:50:44 GSD insert 第 1 次 等待 1 秒
2021-07-11 02:50:45 {"status":"ok","msg":"添加成功！244597"}
2021-07-11 02:50:45 下次操作: 2021-07-11 02:51:01

2021-07-11 02:51:01 开始第 5 次操作

2021-07-11 02:51:01 开始操作号码 【1652426】
2021-07-11 02:51:05 GSD getOne 第 1 次 等待 1 秒
2021-07-11 02:51:06 查询号码 【1652426】，返回信息 {"status":"bad","msg":""}
2021-07-11 02:51:06 查询号码 【1652426】，GSD为【""】
2021-07-11 02:51:06 bad
2021-07-11 02:51:07 CHB 1652426?1625943066 第 1 次 等待 1 秒
2021-07-11 02:51:08 CHB 1652426?1625943066 第 1 次 获取到号码【1652426】GSD
2021-07-11 02:51:08 获取到号码【1652426】的GSD为【黑龙江-大兴安岭】
2021-07-11 02:51:26 GSD insert 第 1 次 等待 1 秒
2021-07-11 02:51:27 {"status":"ok","msg":"添加成功！244608"}
2021-07-11 02:51:27 下次操作: 2021-07-11 02:51:42

2021-07-11 02:51:42 开始第 6 次操作

2021-07-11 02:51:42 开始操作号码 【1652427】
2021-07-11 02:51:46 GSD getOne 第 1 次 等待 1 秒
2021-07-11 02:51:47 查询号码 【1652427】，返回信息 {"status":"bad","msg":""}
2021-07-11 02:51:47 查询号码 【1652427】，GSD为【""】
2021-07-11 02:51:47 bad
2021-07-11 02:51:48 CHB 1652427?1625943107 第 1 次 等待 1 秒
2021-07-11 02:51:49 CHB 1652427?1625943107 第 1 次 获取到号码【1652427】GSD
2021-07-11 02:51:49 获取到号码【1652427】的GSD为【辽宁-盘锦】
2021-07-11 02:52:07 GSD insert 第 1 次 等待 1 秒
2021-07-11 02:52:08 {"status":"ok","msg":"添加成功！244619"}
2021-07-11 02:52:08 下次操作: 2021-07-11 02:52:23

2021-07-11 02:52:23 开始第 7 次操作

2021-07-11 02:52:23 开始操作号码 【1652428】
2021-07-11 02:52:26 GSD getOne 第 1 次 等待 1 秒
2021-07-11 02:52:27 查询号码 【1652428】，返回信息 {"status":"bad","msg":""}
2021-07-11 02:52:27 查询号码 【1652428】，GSD为【""】
2021-07-11 02:52:27 bad
2021-07-11 02:52:28 CHB 1652428?1625943147 第 1 次 等待 1 秒
2021-07-11 02:52:29 CHB 1652428?1625943147 第 1 次 获取到号码【1652428】GSD
2021-07-11 02:52:29 获取到号码【1652428】的GSD为【青海-西宁】
2021-07-11 02:52:48 GSD insert 第 1 次 等待 1 秒
2021-07-11 02:52:49 {"status":"ok","msg":"添加成功！244633"}
2021-07-11 02:52:49 下次操作: 2021-07-11 02:53:00

2021-07-11 02:53:00 开始第 8 次操作

2021-07-11 02:53:00 开始操作号码 【1652429】
2021-07-11 02:53:11 GSD getOne 第 1 次 等待 1 秒
2021-07-11 02:53:12 查询号码 【1652429】，返回信息 {"status":"bad","msg":""}
2021-07-11 02:53:12 查询号码 【1652429】，GSD为【""】
2021-07-11 02:53:12 bad
2021-07-11 02:53:14 CHB 1652429?1625943192 第 1 次 等待 1 秒
2021-07-11 02:53:15 CHB 1652429?1625943192 第 1 次 获取到号码【1652429】GSD
2021-07-11 02:53:15 获取到号码【1652429】的GSD为【辽宁-葫芦岛】
2021-07-11 02:53:32 GSD insert 第 1 次 等待 1 秒
2021-07-11 02:53:33 {"status":"ok","msg":"添加成功！244645"}
2021-07-11 02:53:33 下次操作: 2021-07-11 02:53:51

2021-07-11 02:53:51 开始第 9 次操作

2021-07-11 02:53:51 开始操作号码 【1652430】
2021-07-11 02:53:55 GSD getOne 第 1 次 等待 1 秒
2021-07-11 02:53:56 查询号码 【1652430】，返回信息 {"status":"bad","msg":""}
2021-07-11 02:53:56 查询号码 【1652430】，GSD为【""】
2021-07-11 02:53:56 bad
2021-07-11 02:53:57 CHB 1652430?1625943236 第 1 次 等待 1 秒
2021-07-11 02:53:58 CHB 1652430?1625943236 第 1 次 获取到号码【1652430】GSD
2021-07-11 02:53:59 获取到号码【1652430】的GSD为【吉林-长春】
2021-07-11 02:54:02 GSD insert 第 1 次 等待 1 秒
2021-07-11 02:54:03 {"status":"ok","msg":"添加成功！244654"}
2021-07-11 02:54:03 下次操作: 2021-07-11 02:54:12

2021-07-11 02:54:13 开始第 10 次操作

2021-07-11 02:54:13 开始操作号码 【1652431】
2021-07-11 02:54:15 GSD getOne 第 1 次 等待 1 秒
2021-07-11 02:54:16 查询号码 【1652431】，返回信息 {"status":"bad","msg":""}
2021-07-11 02:54:16 查询号码 【1652431】，GSD为【""】
2021-07-11 02:54:16 bad
2021-07-11 02:54:17 CHB 1652431?1625943256 第 1 次 等待 1 秒
2021-07-11 02:54:18 CHB 1652431?1625943256 第 1 次 获取到号码【1652431】GSD
2021-07-11 02:54:18 获取到号码【1652431】的GSD为【吉林-长春】
2021-07-11 02:54:20 GSD insert 第 1 次 等待 1 秒
2021-07-11 02:54:21 {"status":"ok","msg":"添加成功！244658"}
2021-07-11 02:54:21 下次操作: 2021-07-11 02:54:34

2021-07-11 02:54:34 开始第 11 次操作

2021-07-11 02:54:34 开始操作号码 【1652432】
2021-07-11 02:54:38 GSD getOne 第 1 次 等待 1 秒
2021-07-11 02:54:39 查询号码 【1652432】，返回信息 {"status":"bad","msg":""}
2021-07-11 02:54:39 查询号码 【1652432】，GSD为【""】
2021-07-11 02:54:39 bad
2021-07-11 02:54:41 CHB 1652432?1625943279 第 1 次 等待 1 秒
2021-07-11 02:54:42 CHB 1652432?1625943279 第 1 次 获取到号码【1652432】GSD
2021-07-11 02:54:42 获取到号码【1652432】的GSD为【吉林-吉林】
2021-07-11 02:54:47 GSD insert 第 1 次 等待 1 秒
2021-07-11 02:54:48 {"status":"ok","msg":"添加成功！244667"}
2021-07-11 02:54:48 下次操作: 2021-07-11 02:55:04

2021-07-11 02:55:04 开始第 12 次操作

2021-07-11 02:55:04 开始操作号码 【1652433】
2021-07-11 02:55:06 GSD getOne 第 1 次 等待 1 秒
2021-07-11 02:55:07 查询号码 【1652433】，返回信息 {"status":"bad","msg":""}
2021-07-11 02:55:08 查询号码 【1652433】，GSD为【""】
2021-07-11 02:55:08 bad
2021-07-11 02:55:09 CHB 1652433?1625943308 第 1 次 等待 1 秒
2021-07-11 02:55:10 CHB 1652433?1625943308 第 1 次 获取到号码【1652433】GSD
2021-07-11 02:55:10 获取到号码【1652433】的GSD为【吉林-延吉】
2021-07-11 02:55:15 GSD insert 第 1 次 等待 1 秒
2021-07-11 02:55:16 {"status":"ok","msg":"添加成功！244674"}
2021-07-11 02:55:16 下次操作: 2021-07-11 02:55:28

2021-07-11 02:55:28 开始第 13 次操作

2021-07-11 02:55:28 开始操作号码 【1652434】
2021-07-11 02:55:33 GSD getOne 第 1 次 等待 1 秒
2021-07-11 02:55:34 查询号码 【1652434】，返回信息 {"status":"bad","msg":""}
2021-07-11 02:55:35 查询号码 【1652434】，GSD为【""】
2021-07-11 02:55:35 bad
2021-07-11 02:55:36 CHB 1652434?1625943335 第 1 次 等待 1 秒
2021-07-11 02:55:37 CHB 1652434?1625943335 第 1 次 获取到号码【1652434】GSD
2021-07-11 02:55:37 获取到号码【1652434】的GSD为【吉林-四平】
2021-07-11 02:55:40 GSD insert 第 1 次 等待 1 秒
2021-07-11 02:55:41 {"status":"ok","msg":"添加成功！244682"}
2021-07-11 02:55:41 下次操作: 2021-07-11 02:55:49

2021-07-11 02:55:49 开始第 14 次操作

2021-07-11 02:55:49 开始操作号码 【1652435】
2021-07-11 02:55:51 GSD getOne 第 1 次 等待 1 秒
2021-07-11 02:55:52 查询号码 【1652435】，返回信息 {"status":"bad","msg":""}
2021-07-11 02:55:52 查询号码 【1652435】，GSD为【""】
2021-07-11 02:55:52 bad
2021-07-11 02:55:53 CHB 1652435?1625943352 第 1 次 等待 1 秒
2021-07-11 02:55:54 CHB 1652435?1625943352 第 1 次 获取到号码【1652435】GSD
2021-07-11 02:55:54 获取到号码【1652435】的GSD为【吉林-通化】
2021-07-11 02:55:56 GSD insert 第 1 次 等待 1 秒
2021-07-11 02:55:57 {"status":"ok","msg":"添加成功！244689"}
2021-07-11 02:55:57 下次操作: 2021-07-11 02:56:07

2021-07-11 02:56:07 开始第 15 次操作

2021-07-11 02:56:07 开始操作号码 【1652436】
2021-07-11 02:56:09 GSD getOne 第 1 次 等待 1 秒
2021-07-11 02:56:10 查询号码 【1652436】，返回信息 {"status":"bad","msg":""}
2021-07-11 02:56:11 查询号码 【1652436】，GSD为【""】
2021-07-11 02:56:11 bad
2021-07-11 02:56:12 CHB 1652436?1625943371 第 1 次 等待 1 秒
2021-07-11 02:56:13 CHB 1652436?1625943371 第 1 次 获取到号码【1652436】GSD
2021-07-11 02:56:13 获取到号码【1652436】的GSD为【吉林-白城】
2021-07-11 02:56:17 GSD insert 第 1 次 等待 1 秒
2021-07-11 02:56:18 {"status":"ok","msg":"添加成功！244694"}
2021-07-11 02:56:18 下次操作: 2021-07-11 02:56:32

2021-07-11 02:56:32 开始第 16 次操作

2021-07-11 02:56:32 开始操作号码 【1652437】
2021-07-11 02:56:38 GSD getOne 第 1 次 等待 1 秒
2021-07-11 02:56:39 查询号码 【1652437】，返回信息 {"status":"bad","msg":""}
2021-07-11 02:56:39 查询号码 【1652437】，GSD为【""】
2021-07-11 02:56:39 bad
2021-07-11 02:56:40 CHB 1652437?1625943399 第 1 次 等待 1 秒
2021-07-11 02:56:41 CHB 1652437?1625943399 第 1 次 获取到号码【1652437】GSD
2021-07-11 02:56:41 获取到号码【1652437】的GSD为【吉林-辽源】
2021-07-11 02:56:45 GSD insert 第 1 次 等待 1 秒
2021-07-11 02:56:46 {"status":"ok","msg":"添加成功！244701"}
2021-07-11 02:56:46 下次操作: 2021-07-11 02:57:01

2021-07-11 02:57:01 开始第 17 次操作

2021-07-11 02:57:01 开始操作号码 【1652438】
2021-07-11 02:57:03 GSD getOne 第 1 次 等待 1 秒
2021-07-11 02:57:04 查询号码 【1652438】，返回信息 {"status":"bad","msg":""}
2021-07-11 02:57:04 查询号码 【1652438】，GSD为【""】
2021-07-11 02:57:04 bad
2021-07-11 02:57:05 CHB 1652438?1625943424 第 1 次 等待 1 秒
2021-07-11 02:57:06 CHB 1652438?1625943424 第 1 次 获取到号码【1652438】GSD
2021-07-11 02:57:06 获取到号码【1652438】的GSD为【吉林-松原】
2021-07-11 02:57:26 GSD insert 第 1 次 等待 1 秒
2021-07-11 02:57:27 {"status":"ok","msg":"添加成功！244710"}
2021-07-11 02:57:27 下次操作: 2021-07-11 02:57:35

2021-07-11 02:57:35 开始第 18 次操作

2021-07-11 02:57:35 开始操作号码 【1652439】
2021-07-11 02:57:47 GSD getOne 第 1 次 等待 1 秒
2021-07-11 02:57:48 查询号码 【1652439】，返回信息 {"status":"bad","msg":""}
2021-07-11 02:57:48 查询号码 【1652439】，GSD为【""】
2021-07-11 02:57:48 bad
2021-07-11 02:57:49 CHB 1652439?1625943468 第 1 次 等待 1 秒
2021-07-11 02:57:50 CHB 1652439?1625943468 第 1 次 获取到号码【1652439】GSD
2021-07-11 02:57:50 获取到号码【1652439】的GSD为【吉林-白山】
2021-07-11 02:58:08 GSD insert 第 1 次 等待 1 秒
2021-07-11 02:58:09 {"status":"ok","msg":"添加成功！244719"}
2021-07-11 02:58:09 下次操作: 2021-07-11 02:58:27

2021-07-11 02:58:27 开始第 19 次操作

2021-07-11 02:58:27 开始操作号码 【1652440】
2021-07-11 02:58:31 GSD getOne 第 1 次 等待 1 秒
2021-07-11 02:58:32 查询号码 【1652440】，返回信息 {"status":"bad","msg":""}
2021-07-11 02:58:32 查询号码 【1652440】，GSD为【""】
2021-07-11 02:58:32 bad
2021-07-11 02:58:33 CHB 1652440?1625943512 第 1 次 等待 1 秒
2021-07-11 02:58:34 CHB 1652440?1625943512 第 1 次 获取到号码【1652440】GSD
2021-07-11 02:58:34 获取到号码【1652440】的GSD为【黑龙江-黑河】
2021-07-11 02:58:52 GSD insert 第 1 次 等待 1 秒
2021-07-11 02:58:53 {"status":"ok","msg":"添加成功！244727"}
2021-07-11 02:58:53 下次操作: 2021-07-11 02:59:11

2021-07-11 02:59:11 开始第 20 次操作

2021-07-11 02:59:11 开始操作号码 【1652441】
2021-07-11 02:59:13 GSD getOne 第 1 次 等待 1 秒
2021-07-11 02:59:14 查询号码 【1652441】，返回信息 {"status":"bad","msg":""}
2021-07-11 02:59:14 查询号码 【1652441】，GSD为【""】
2021-07-11 02:59:14 bad
2021-07-11 02:59:15 CHB 1652441?1625943554 第 1 次 等待 1 秒
2021-07-11 02:59:16 CHB 1652441?1625943554 第 1 次 获取到号码【1652441】GSD
2021-07-11 02:59:17 获取到号码【1652441】的GSD为【黑龙江-绥化】
2021-07-11 02:59:34 GSD insert 第 1 次 等待 1 秒
2021-07-11 02:59:35 {"status":"ok","msg":"添加成功！244738"}
2021-07-11 02:59:35 下次操作: 2021-07-11 02:59:46

2021-07-11 02:59:46 开始第 21 次操作

2021-07-11 02:59:46 开始操作号码 【1652442】
2021-07-11 03:00:00 GSD getOne 第 1 次 等待 1 秒
2021-07-11 03:00:01 查询号码 【1652442】，返回信息 {"status":"bad","msg":""}
2021-07-11 03:00:01 查询号码 【1652442】，GSD为【""】
2021-07-11 03:00:01 bad
2021-07-11 03:00:03 CHB 1652442?1625943601 第 1 次 等待 1 秒
2021-07-11 03:00:04 CHB 1652442?1625943601 第 1 次 获取到号码【1652442】GSD
2021-07-11 03:00:04 获取到号码【1652442】的GSD为【黑龙江-黑河】
2021-07-11 03:00:23 GSD insert 第 1 次 等待 1 秒
2021-07-11 03:00:24 {"status":"ok","msg":"添加成功！244745"}
2021-07-11 03:00:24 下次操作: 2021-07-11 03:00:30

2021-07-11 03:00:30 开始第 22 次操作

2021-07-11 03:00:30 开始操作号码 【1652443】
2021-07-11 03:00:48 GSD getOne 第 1 次 等待 1 秒
2021-07-11 03:00:49 查询号码 【1652443】，返回信息 {"status":"bad","msg":""}
2021-07-11 03:00:49 查询号码 【1652443】，GSD为【""】
2021-07-11 03:00:49 bad
2021-07-11 03:00:50 CHB 1652443?1625943649 第 1 次 等待 1 秒
2021-07-11 03:00:51 CHB 1652443?1625943649 第 1 次 获取到号码【1652443】GSD
2021-07-11 03:00:51 获取到号码【1652443】的GSD为【吉林-延吉】
2021-07-11 03:01:09 GSD insert 第 1 次 等待 1 秒
2021-07-11 03:01:10 {"status":"ok","msg":"添加成功！244754"}
2021-07-11 03:01:10 下次操作: 2021-07-11 03:01:23

2021-07-11 03:01:23 开始第 23 次操作

2021-07-11 03:01:23 开始操作号码 【1652444】
2021-07-11 03:01:29 GSD getOne 第 1 次 等待 1 秒
2021-07-11 03:01:30 查询号码 【1652444】，返回信息 {"status":"bad","msg":""}
2021-07-11 03:01:31 查询号码 【1652444】，GSD为【""】
2021-07-11 03:01:31 bad
2021-07-11 03:01:32 CHB 1652444?1625943691 第 1 次 等待 1 秒
2021-07-11 03:01:33 CHB 1652444?1625943691 第 1 次 获取到号码【1652444】GSD
2021-07-11 03:01:33 获取到号码【1652444】的GSD为【黑龙江-齐齐哈尔】
2021-07-11 03:01:53 GSD insert 第 1 次 等待 1 秒
2021-07-11 03:01:54 {"status":"ok","msg":"添加成功！244761"}
2021-07-11 03:01:54 下次操作: 2021-07-11 03:02:01

2021-07-11 03:02:01 开始第 24 次操作

2021-07-11 03:02:01 开始操作号码 【1652445】
2021-07-11 03:02:20 GSD getOne 第 1 次 等待 1 秒
2021-07-11 03:02:21 查询号码 【1652445】，返回信息 {"status":"bad","msg":""}
2021-07-11 03:02:21 查询号码 【1652445】，GSD为【""】
2021-07-11 03:02:21 bad
2021-07-11 03:02:22 CHB 1652445?1625943741 第 1 次 等待 1 秒
2021-07-11 03:02:23 CHB 1652445?1625943741 第 1 次 获取到号码【1652445】GSD
2021-07-11 03:02:23 获取到号码【1652445】的GSD为【黑龙江-绥化】
2021-07-11 03:02:43 GSD insert 第 1 次 等待 1 秒
2021-07-11 03:02:44 {"status":"ok","msg":"添加成功！244768"}
2021-07-11 03:02:44 下次操作: 2021-07-11 03:02:56

2021-07-11 03:02:56 开始第 25 次操作

2021-07-11 03:02:56 开始操作号码 【1652446】
2021-07-11 03:03:01 GSD getOne 第 1 次 等待 1 秒
2021-07-11 03:03:02 查询号码 【1652446】，返回信息 {"status":"bad","msg":""}
2021-07-11 03:03:02 查询号码 【1652446】，GSD为【""】
2021-07-11 03:03:02 bad
2021-07-11 03:03:04 CHB 1652446?1625943782 第 1 次 等待 1 秒
2021-07-11 03:03:05 CHB 1652446?1625943782 第 1 次 获取到号码【1652446】GSD
2021-07-11 03:03:05 获取到号码【1652446】的GSD为【黑龙江-绥化】
2021-07-11 03:03:22 GSD insert 第 1 次 等待 1 秒
2021-07-11 03:03:23 {"status":"ok","msg":"添加成功！244774"}
2021-07-11 03:03:23 下次操作: 2021-07-11 03:03:38

2021-07-11 03:03:38 开始第 26 次操作

2021-07-11 03:03:38 开始操作号码 【1652447】
2021-07-11 03:03:43 GSD getOne 第 1 次 等待 1 秒
2021-07-11 03:03:44 查询号码 【1652447】，返回信息 {"status":"bad","msg":""}
2021-07-11 03:03:45 查询号码 【1652447】，GSD为【""】
2021-07-11 03:03:45 bad
2021-07-11 03:03:46 CHB 1652447?1625943825 第 1 次 等待 1 秒
2021-07-11 03:03:47 CHB 1652447?1625943825 第 1 次 获取到号码【1652447】GSD
2021-07-11 03:03:47 获取到号码【1652447】的GSD为【辽宁-营口】
2021-07-11 03:04:04 GSD insert 第 1 次 等待 1 秒
2021-07-11 03:04:05 {"status":"ok","msg":"添加成功！244779"}
2021-07-11 03:04:05 下次操作: 2021-07-11 03:04:14

2021-07-11 03:04:14 开始第 27 次操作

2021-07-11 03:04:14 开始操作号码 【1652448】
2021-07-11 03:04:24 GSD getOne 第 1 次 等待 1 秒
2021-07-11 03:04:25 查询号码 【1652448】，返回信息 {"status":"bad","msg":""}
2021-07-11 03:04:25 查询号码 【1652448】，GSD为【""】
2021-07-11 03:04:25 bad
2021-07-11 03:04:26 CHB 1652448?1625943865 第 1 次 等待 1 秒
2021-07-11 03:04:27 CHB 1652448?1625943865 第 1 次 获取到号码【1652448】GSD
2021-07-11 03:04:27 获取到号码【1652448】的GSD为【黑龙江-黑河】
2021-07-11 03:04:46 GSD insert 第 1 次 等待 1 秒
2021-07-11 03:04:47 {"status":"ok","msg":"添加成功！244784"}
2021-07-11 03:04:47 下次操作: 2021-07-11 03:04:53

2021-07-11 03:04:53 开始第 28 次操作

2021-07-11 03:04:53 开始操作号码 【1652449】
2021-07-11 03:05:11 GSD getOne 第 1 次 等待 1 秒
2021-07-11 03:05:12 查询号码 【1652449】，返回信息 {"status":"bad","msg":""}
2021-07-11 03:05:12 查询号码 【1652449】，GSD为【""】
2021-07-11 03:05:12 bad
2021-07-11 03:05:13 CHB 1652449?1625943912 第 1 次 等待 1 秒
2021-07-11 03:05:14 CHB 1652449?1625943912 第 1 次 获取到号码【1652449】GSD
2021-07-11 03:05:14 获取到号码【1652449】的GSD为【黑龙江-双鸭山】
2021-07-11 03:05:33 GSD insert 第 1 次 等待 1 秒
2021-07-11 03:05:34 {"status":"ok","msg":"添加成功！244787"}
2021-07-11 03:05:34 下次操作: 2021-07-11 03:05:41

2021-07-11 03:05:41 开始第 29 次操作

2021-07-11 03:05:41 开始操作号码 【1652450】
2021-07-11 03:06:00 GSD getOne 第 1 次 等待 1 秒
2021-07-11 03:06:01 查询号码 【1652450】，返回信息 {"status":"bad","msg":""}
2021-07-11 03:06:01 查询号码 【1652450】，GSD为【""】
2021-07-11 03:06:01 bad
2021-07-11 03:06:02 CHB 1652450?1625943961 第 1 次 等待 1 秒
2021-07-11 03:06:03 CHB 1652450?1625943961 第 1 次 获取到号码【1652450】GSD
2021-07-11 03:06:03 获取到号码【1652450】的GSD为【黑龙江-哈尔滨】
2021-07-11 03:06:07 GSD insert 第 1 次 等待 1 秒
2021-07-11 03:06:08 {"status":"ok","msg":"添加成功！244791"}
2021-07-11 03:06:08 下次操作: 2021-07-11 03:06:24

2021-07-11 03:06:24 开始第 30 次操作

2021-07-11 03:06:24 开始操作号码 【1652451】
2021-07-11 03:06:26 GSD getOne 第 1 次 等待 1 秒
2021-07-11 03:06:27 查询号码 【1652451】，返回信息 {"status":"bad","msg":""}
2021-07-11 03:06:27 查询号码 【1652451】，GSD为【""】
2021-07-11 03:06:27 bad
2021-07-11 03:06:29 CHB 1652451?1625943987 第 1 次 等待 1 秒
2021-07-11 03:06:30 CHB 1652451?1625943987 第 1 次 获取到号码【1652451】GSD
2021-07-11 03:06:30 获取到号码【1652451】的GSD为【黑龙江-哈尔滨】
2021-07-11 03:06:35 GSD insert 第 1 次 等待 1 秒
2021-07-11 03:06:36 {"status":"ok","msg":"添加成功！244792"}

2021-07-11 03:37:19 开始第 1 次操作

2021-07-11 03:37:19 开始操作号码 【1652452】
2021-07-11 03:37:23 GSD getOne 第 1 次 等待 1 秒
2021-07-11 03:37:24 查询号码 【1652452】，返回信息 {"status":"bad","msg":""}
2021-07-11 03:37:24 查询号码 【1652452】，GSD为【""】
2021-07-11 03:37:24 bad
2021-07-11 03:37:25 CHB 1652452?1625945844 第 1 次 等待 1 秒
2021-07-11 03:37:26 CHB 1652452?1625945844 第 1 次 获取到号码【1652452】GSD
2021-07-11 03:37:26 获取到号码【1652452】的GSD为【黑龙江-齐齐哈尔】
2021-07-11 03:37:28 GSD insert 第 1 次 等待 1 秒
2021-07-11 03:37:29 {"status":"ok","msg":"添加成功！244901"}
2021-07-11 03:37:29 下次操作: 2021-07-11 03:37:44

2021-07-11 03:37:44 开始第 2 次操作

2021-07-11 03:37:44 开始操作号码 【1652453】
2021-07-11 03:37:48 GSD getOne 第 1 次 等待 1 秒
2021-07-11 03:37:49 查询号码 【1652453】，返回信息 {"status":"bad","msg":""}
2021-07-11 03:37:49 查询号码 【1652453】，GSD为【""】
2021-07-11 03:37:49 bad
2021-07-11 03:37:50 CHB 1652453?1625945869 第 1 次 等待 1 秒
2021-07-11 03:37:51 CHB 1652453?1625945869 第 1 次 获取到号码【1652453】GSD
2021-07-11 03:37:51 获取到号码【1652453】的GSD为【黑龙江-牡丹江】
2021-07-11 03:37:55 GSD insert 第 1 次 等待 1 秒
2021-07-11 03:37:56 {"status":"ok","msg":"添加成功！244909"}
2021-07-11 03:37:56 下次操作: 2021-07-11 03:38:05

2021-07-11 03:38:05 开始第 3 次操作

2021-07-11 03:38:05 开始操作号码 【1652454】
2021-07-11 03:38:07 GSD getOne 第 1 次 等待 1 秒
2021-07-11 03:38:08 查询号码 【1652454】，返回信息 {"status":"bad","msg":""}
2021-07-11 03:38:08 查询号码 【1652454】，GSD为【""】
2021-07-11 03:38:08 bad
2021-07-11 03:38:09 CHB 1652454?1625945888 第 1 次 等待 1 秒
2021-07-11 03:38:10 CHB 1652454?1625945888 第 1 次 获取到号码【1652454】GSD
2021-07-11 03:38:10 获取到号码【1652454】的GSD为【黑龙江-佳木斯】
2021-07-11 03:38:14 GSD insert 第 1 次 等待 1 秒
2021-07-11 03:38:15 {"status":"ok","msg":"添加成功！244915"}
2021-07-11 03:38:15 下次操作: 2021-07-11 03:38:33

2021-07-11 03:38:33 开始第 4 次操作

2021-07-11 03:38:33 开始操作号码 【1652455】
2021-07-11 03:38:41 GSD getOne 第 1 次 等待 1 秒
2021-07-11 03:38:42 查询号码 【1652455】，返回信息 {"status":"bad","msg":""}
2021-07-11 03:38:42 查询号码 【1652455】，GSD为【""】
2021-07-11 03:38:42 bad
2021-07-11 03:38:43 CHB 1652455?1625945922 第 1 次 等待 1 秒
2021-07-11 03:38:44 CHB 1652455?1625945922 第 1 次 获取到号码【1652455】GSD
2021-07-11 03:38:44 获取到号码【1652455】的GSD为【黑龙江-绥化】
2021-07-11 03:38:47 GSD insert 第 1 次 等待 1 秒
2021-07-11 03:38:48 {"status":"ok","msg":"添加成功！244929"}
2021-07-11 03:38:48 下次操作: 2021-07-11 03:39:03

2021-07-11 03:39:03 开始第 5 次操作

2021-07-11 03:39:03 开始操作号码 【1652456】
2021-07-11 03:39:05 GSD getOne 第 1 次 等待 1 秒
2021-07-11 03:39:06 查询号码 【1652456】，返回信息 {"status":"bad","msg":""}
2021-07-11 03:39:06 查询号码 【1652456】，GSD为【""】
2021-07-11 03:39:06 bad
2021-07-11 03:39:07 CHB 1652456?1625945946 第 1 次 等待 1 秒
2021-07-11 03:39:08 CHB 1652456?1625945946 第 1 次 获取到号码【1652456】GSD
2021-07-11 03:39:09 获取到号码【1652456】的GSD为【黑龙江-黑河】
2021-07-11 03:39:11 GSD insert 第 1 次 等待 1 秒
2021-07-11 03:39:12 {"status":"ok","msg":"添加成功！244938"}
2021-07-11 03:39:12 下次操作: 2021-07-11 03:39:30

2021-07-11 03:39:30 开始第 6 次操作

2021-07-11 03:39:30 开始操作号码 【1652457】
2021-07-11 03:39:33 GSD getOne 第 1 次 等待 1 秒
2021-07-11 03:39:34 查询号码 【1652457】，返回信息 {"status":"bad","msg":""}
2021-07-11 03:39:35 查询号码 【1652457】，GSD为【""】
2021-07-11 03:39:35 bad
2021-07-11 03:39:36 CHB 1652457?1625945975 第 1 次 等待 1 秒
2021-07-11 03:39:37 CHB 1652457?1625945975 第 1 次 获取到号码【1652457】GSD
2021-07-11 03:39:37 获取到号码【1652457】的GSD为【黑龙江-大兴安岭】
2021-07-11 03:39:39 GSD insert 第 1 次 等待 1 秒
2021-07-11 03:39:40 {"status":"ok","msg":"添加成功！244946"}
2021-07-11 03:39:40 下次操作: 2021-07-11 03:39:49

2021-07-11 03:39:49 开始第 7 次操作

2021-07-11 03:39:49 开始操作号码 【1652458】
2021-07-11 03:39:51 GSD getOne 第 1 次 等待 1 秒
2021-07-11 03:39:52 查询号码 【1652458】，返回信息 {"status":"bad","msg":""}
2021-07-11 03:39:52 查询号码 【1652458】，GSD为【""】
2021-07-11 03:39:52 bad
2021-07-11 03:39:53 CHB 1652458?1625945992 第 1 次 等待 1 秒
2021-07-11 03:39:54 CHB 1652458?1625945992 第 1 次 获取到号码【1652458】GSD
2021-07-11 03:39:54 获取到号码【1652458】的GSD为【黑龙江-伊春】
2021-07-11 03:39:58 GSD insert 第 1 次 等待 1 秒
2021-07-11 03:39:59 {"status":"ok","msg":"添加成功！244955"}
2021-07-11 03:39:59 下次操作: 2021-07-11 03:40:09

2021-07-11 03:40:09 开始第 8 次操作

2021-07-11 03:40:09 开始操作号码 【1652459】
2021-07-11 03:40:11 GSD getOne 第 1 次 等待 1 秒
2021-07-11 03:40:12 查询号码 【1652459】，返回信息 {"status":"bad","msg":""}
2021-07-11 03:40:12 查询号码 【1652459】，GSD为【""】
2021-07-11 03:40:12 bad
2021-07-11 03:40:14 CHB 1652459?1625946012 第 1 次 等待 1 秒
2021-07-11 03:40:15 CHB 1652459?1625946012 第 1 次 获取到号码【1652459】GSD
2021-07-11 03:40:15 获取到号码【1652459】的GSD为【黑龙江-黑河】
2021-07-11 03:40:18 GSD insert 第 1 次 等待 1 秒
2021-07-11 03:40:19 {"status":"ok","msg":"添加成功！244962"}
2021-07-11 03:40:19 下次操作: 2021-07-11 03:40:28

2021-07-11 03:40:28 开始第 9 次操作

2021-07-11 03:40:28 开始操作号码 【1652460】
2021-07-11 03:40:30 GSD getOne 第 1 次 等待 1 秒
2021-07-11 03:40:31 查询号码 【1652460】，返回信息 {"status":"bad","msg":""}
2021-07-11 03:40:31 查询号码 【1652460】，GSD为【""】
2021-07-11 03:40:31 bad
2021-07-11 03:40:33 CHB 1652460?1625946031 第 1 次 等待 1 秒
2021-07-11 03:40:34 CHB 1652460?1625946031 第 1 次 获取到号码【1652460】GSD
2021-07-11 03:40:34 获取到号码【1652460】的GSD为【黑龙江-哈尔滨】
2021-07-11 03:40:36 GSD insert 第 1 次 等待 1 秒
2021-07-11 03:40:37 {"status":"ok","msg":"添加成功！244968"}
2021-07-11 03:40:37 下次操作: 2021-07-11 03:40:49

2021-07-11 03:40:49 开始第 10 次操作

2021-07-11 03:40:49 开始操作号码 【1652461】
2021-07-11 03:40:51 GSD getOne 第 1 次 等待 1 秒
2021-07-11 03:40:52 查询号码 【1652461】，返回信息 {"status":"bad","msg":""}
2021-07-11 03:40:52 查询号码 【1652461】，GSD为【""】
2021-07-11 03:40:52 bad
2021-07-11 03:40:53 CHB 1652461?1625946052 第 1 次 等待 1 秒
2021-07-11 03:40:54 CHB 1652461?1625946052 第 1 次 获取到号码【1652461】GSD
2021-07-11 03:40:54 获取到号码【1652461】的GSD为【黑龙江-双鸭山】
2021-07-11 03:40:57 GSD insert 第 1 次 等待 1 秒
2021-07-11 03:40:58 {"status":"ok","msg":"添加成功！244974"}
2021-07-11 03:40:58 下次操作: 2021-07-11 03:41:11

2021-07-11 03:41:11 开始第 11 次操作

2021-07-11 03:41:11 开始操作号码 【1652462】
2021-07-11 03:41:13 GSD getOne 第 1 次 等待 1 秒
2021-07-11 03:41:14 查询号码 【1652462】，返回信息 {"status":"bad","msg":""}
2021-07-11 03:41:14 查询号码 【1652462】，GSD为【""】
2021-07-11 03:41:14 bad
2021-07-11 03:41:15 CHB 1652462?1625946074 第 1 次 等待 1 秒
2021-07-11 03:41:16 CHB 1652462?1625946074 第 1 次 获取到号码【1652462】GSD
2021-07-11 03:41:16 获取到号码【1652462】的GSD为【黑龙江-齐齐哈尔】
2021-07-11 03:41:19 GSD insert 第 1 次 等待 1 秒
2021-07-11 03:41:20 {"status":"ok","msg":"添加成功！244981"}
2021-07-11 03:41:20 下次操作: 2021-07-11 03:41:38

2021-07-11 03:41:38 开始第 12 次操作

2021-07-11 03:41:38 开始操作号码 【1652463】
2021-07-11 03:41:40 GSD getOne 第 1 次 等待 1 秒
2021-07-11 03:41:41 查询号码 【1652463】，返回信息 {"status":"bad","msg":""}
2021-07-11 03:41:41 查询号码 【1652463】，GSD为【""】
2021-07-11 03:41:41 bad
2021-07-11 03:41:42 CHB 1652463?1625946101 第 1 次 等待 1 秒
2021-07-11 03:41:43 CHB 1652463?1625946101 第 1 次 获取到号码【1652463】GSD
2021-07-11 03:41:43 获取到号码【1652463】的GSD为【山东-滨州】
2021-07-11 03:41:48 GSD insert 第 1 次 等待 1 秒
2021-07-11 03:41:49 {"status":"ok","msg":"添加成功！244990"}
2021-07-11 03:41:49 下次操作: 2021-07-11 03:42:07

2021-07-11 03:42:07 开始第 13 次操作

2021-07-11 03:42:07 开始操作号码 【1652464】
2021-07-11 03:42:10 GSD getOne 第 1 次 等待 1 秒
2021-07-11 03:42:11 查询号码 【1652464】，返回信息 {"status":"bad","msg":""}
2021-07-11 03:42:11 查询号码 【1652464】，GSD为【""】
2021-07-11 03:42:11 bad
2021-07-11 03:42:13 CHB 1652464?1625946131 第 1 次 等待 1 秒
2021-07-11 03:42:14 CHB 1652464?1625946131 第 1 次 获取到号码【1652464】GSD
2021-07-11 03:42:14 获取到号码【1652464】的GSD为【黑龙江-七台河】
2021-07-11 03:42:16 GSD insert 第 1 次 等待 1 秒
2021-07-11 03:42:17 {"status":"ok","msg":"添加成功！245003"}
2021-07-11 03:42:17 下次操作: 2021-07-11 03:42:25

2021-07-11 03:42:25 开始第 14 次操作

2021-07-11 03:42:25 开始操作号码 【1652465】
2021-07-11 03:42:28 GSD getOne 第 1 次 等待 1 秒
2021-07-11 03:42:29 查询号码 【1652465】，返回信息 {"status":"bad","msg":""}
2021-07-11 03:42:29 查询号码 【1652465】，GSD为【""】
2021-07-11 03:42:29 bad
2021-07-11 03:42:30 CHB 1652465?1625946149 第 1 次 等待 1 秒
2021-07-11 03:42:31 CHB 1652465?1625946149 第 1 次 获取到号码【1652465】GSD
2021-07-11 03:42:31 获取到号码【1652465】的GSD为【黑龙江-绥化】
2021-07-11 03:42:35 GSD insert 第 1 次 等待 1 秒
2021-07-11 03:42:36 {"status":"ok","msg":"添加成功！245007"}
2021-07-11 03:42:36 下次操作: 2021-07-11 03:42:47

2021-07-11 03:42:47 开始第 15 次操作

2021-07-11 03:42:47 开始操作号码 【1652466】
2021-07-11 03:42:49 GSD getOne 第 1 次 等待 1 秒
2021-07-11 03:42:50 查询号码 【1652466】，返回信息 {"status":"bad","msg":""}
2021-07-11 03:42:50 查询号码 【1652466】，GSD为【""】
2021-07-11 03:42:50 bad
2021-07-11 03:42:52 CHB 1652466?1625946170 第 1 次 等待 1 秒
2021-07-11 03:42:53 CHB 1652466?1625946170 第 1 次 获取到号码【1652466】GSD
2021-07-11 03:42:53 获取到号码【1652466】的GSD为【黑龙江-绥化】
2021-07-11 03:42:56 GSD insert 第 1 次 等待 1 秒
2021-07-11 03:42:57 {"status":"ok","msg":"添加成功！245016"}
2021-07-11 03:42:57 下次操作: 2021-07-11 03:43:15

2021-07-11 03:43:15 开始第 16 次操作

2021-07-11 03:43:15 开始操作号码 【1652467】
2021-07-11 03:43:17 GSD getOne 第 1 次 等待 1 秒
2021-07-11 03:43:18 查询号码 【1652467】，返回信息 {"status":"bad","msg":""}
2021-07-11 03:43:18 查询号码 【1652467】，GSD为【""】
2021-07-11 03:43:18 bad
2021-07-11 03:43:20 CHB 1652467?1625946198 第 1 次 等待 1 秒
2021-07-11 03:43:21 CHB 1652467?1625946198 第 1 次 获取到号码【1652467】GSD
2021-07-11 03:43:21 获取到号码【1652467】的GSD为【黑龙江-鸡西】
2021-07-11 03:43:23 GSD insert 第 1 次 等待 1 秒
2021-07-11 03:43:24 {"status":"ok","msg":"添加成功！245025"}
2021-07-11 03:43:24 下次操作: 2021-07-11 03:43:30

2021-07-11 03:43:30 开始第 17 次操作

2021-07-11 03:43:30 开始操作号码 【1652468】
2021-07-11 03:43:34 GSD getOne 第 1 次 等待 1 秒
2021-07-11 03:43:35 查询号码 【1652468】，返回信息 {"status":"bad","msg":""}
2021-07-11 03:43:35 查询号码 【1652468】，GSD为【""】
2021-07-11 03:43:35 bad
2021-07-11 03:43:36 CHB 1652468?1625946215 第 1 次 等待 1 秒
2021-07-11 03:43:37 CHB 1652468?1625946215 第 1 次 获取到号码【1652468】GSD
2021-07-11 03:43:37 获取到号码【1652468】的GSD为【黑龙江-鹤岗】
2021-07-11 03:43:51 GSD insert 第 1 次 等待 1 秒
2021-07-11 03:43:52 {"status":"ok","msg":"添加成功！245034"}
2021-07-11 03:43:52 下次操作: 2021-07-11 03:44:06

2021-07-11 03:44:06 开始第 18 次操作

2021-07-11 03:44:06 开始操作号码 【1652469】
2021-07-11 03:44:09 GSD getOne 第 1 次 等待 1 秒
2021-07-11 03:44:10 查询号码 【1652469】，返回信息 {"status":"bad","msg":""}
2021-07-11 03:44:10 查询号码 【1652469】，GSD为【""】
2021-07-11 03:44:10 bad
2021-07-11 03:44:11 CHB 1652469?1625946250 第 1 次 等待 1 秒
2021-07-11 03:44:12 CHB 1652469?1625946250 第 1 次 获取到号码【1652469】GSD
2021-07-11 03:44:12 获取到号码【1652469】的GSD为【黑龙江-双鸭山】
2021-07-11 03:44:17 GSD insert 第 1 次 等待 1 秒
2021-07-11 03:44:18 {"status":"ok","msg":"添加成功！245041"}
2021-07-11 03:44:18 下次操作: 2021-07-11 03:44:26

2021-07-11 03:44:26 开始第 19 次操作

2021-07-11 03:44:26 开始操作号码 【1652470】
2021-07-11 03:44:28 GSD getOne 第 1 次 等待 1 秒
2021-07-11 03:44:29 查询号码 【1652470】，返回信息 {"status":"bad","msg":""}
2021-07-11 03:44:29 查询号码 【1652470】，GSD为【""】
2021-07-11 03:44:29 bad
2021-07-11 03:44:30 CHB 1652470?1625946269 第 1 次 等待 1 秒
2021-07-11 03:44:31 CHB 1652470?1625946269 第 1 次 获取到号码【1652470】GSD
2021-07-11 03:44:31 获取到号码【1652470】的GSD为【内蒙古-海拉尔】
2021-07-11 03:44:34 GSD insert 第 1 次 等待 1 秒
2021-07-11 03:44:35 {"status":"ok","msg":"添加成功！245049"}
2021-07-11 03:44:35 下次操作: 2021-07-11 03:44:49

2021-07-11 03:44:49 开始第 20 次操作

2021-07-11 03:44:49 开始操作号码 【1652471】
2021-07-11 03:44:52 GSD getOne 第 1 次 等待 1 秒
2021-07-11 03:44:53 查询号码 【1652471】，返回信息 {"status":"bad","msg":""}
2021-07-11 03:44:53 查询号码 【1652471】，GSD为【""】
2021-07-11 03:44:53 bad
2021-07-11 03:44:54 CHB 1652471?1625946293 第 1 次 等待 1 秒
2021-07-11 03:44:55 CHB 1652471?1625946293 第 1 次 获取到号码【1652471】GSD
2021-07-11 03:44:55 获取到号码【1652471】的GSD为【内蒙古-呼和浩特】
2021-07-11 03:44:58 GSD insert 第 1 次 等待 1 秒
2021-07-11 03:44:59 {"status":"ok","msg":"添加成功！245056"}
2021-07-11 03:44:59 下次操作: 2021-07-11 03:45:13

2021-07-11 03:45:13 开始第 21 次操作

2021-07-11 03:45:13 开始操作号码 【1652472】
2021-07-11 03:45:15 GSD getOne 第 1 次 等待 1 秒
2021-07-11 03:45:16 查询号码 【1652472】，返回信息 {"status":"bad","msg":""}
2021-07-11 03:45:16 查询号码 【1652472】，GSD为【""】
2021-07-11 03:45:16 bad
2021-07-11 03:45:17 CHB 1652472?1625946316 第 1 次 等待 1 秒
2021-07-11 03:45:18 CHB 1652472?1625946316 第 1 次 获取到号码【1652472】GSD
2021-07-11 03:45:18 获取到号码【1652472】的GSD为【内蒙古-包头】
2021-07-11 03:45:20 GSD insert 第 1 次 等待 1 秒
2021-07-11 03:45:21 {"status":"ok","msg":"添加成功！245065"}
2021-07-11 03:45:21 下次操作: 2021-07-11 03:45:36

2021-07-11 03:45:36 开始第 22 次操作

2021-07-11 03:45:36 开始操作号码 【1652473】
2021-07-11 03:45:39 GSD getOne 第 1 次 等待 1 秒
2021-07-11 03:45:40 查询号码 【1652473】，返回信息 {"status":"bad","msg":""}
2021-07-11 03:45:40 查询号码 【1652473】，GSD为【""】
2021-07-11 03:45:40 bad
2021-07-11 03:45:41 CHB 1652473?1625946340 第 1 次 等待 1 秒
2021-07-11 03:45:42 CHB 1652473?1625946340 第 1 次 获取到号码【1652473】GSD
2021-07-11 03:45:42 获取到号码【1652473】的GSD为【内蒙古-乌海】
2021-07-11 03:45:45 GSD insert 第 1 次 等待 1 秒
2021-07-11 03:45:46 {"status":"ok","msg":"添加成功！245072"}
2021-07-11 03:45:46 下次操作: 2021-07-11 03:45:52

2021-07-11 03:45:52 开始第 23 次操作

2021-07-11 03:45:52 开始操作号码 【1652474】
2021-07-11 03:45:56 GSD getOne 第 1 次 等待 1 秒
2021-07-11 03:45:57 查询号码 【1652474】，返回信息 {"status":"bad","msg":""}
2021-07-11 03:45:57 查询号码 【1652474】，GSD为【""】
2021-07-11 03:45:57 bad
2021-07-11 03:45:58 CHB 1652474?1625946357 第 1 次 等待 1 秒
2021-07-11 03:45:59 CHB 1652474?1625946357 第 1 次 获取到号码【1652474】GSD
2021-07-11 03:45:59 获取到号码【1652474】的GSD为【内蒙古-通辽】
2021-07-11 03:46:01 GSD insert 第 1 次 等待 1 秒
2021-07-11 03:46:02 {"status":"ok","msg":"添加成功！245080"}
2021-07-11 03:46:02 下次操作: 2021-07-11 03:46:12

2021-07-11 03:46:12 开始第 24 次操作

2021-07-11 03:46:12 开始操作号码 【1652475】
2021-07-11 03:46:15 GSD getOne 第 1 次 等待 1 秒
2021-07-11 03:46:16 查询号码 【1652475】，返回信息 {"status":"bad","msg":""}
2021-07-11 03:46:16 查询号码 【1652475】，GSD为【""】
2021-07-11 03:46:16 bad
2021-07-11 03:46:17 CHB 1652475?1625946376 第 1 次 等待 1 秒
2021-07-11 03:46:18 CHB 1652475?1625946376 第 1 次 获取到号码【1652475】GSD
2021-07-11 03:46:18 获取到号码【1652475】的GSD为【内蒙古-通辽】
2021-07-11 03:46:31 GSD insert 第 1 次 等待 1 秒
2021-07-11 03:46:32 {"status":"ok","msg":"添加成功！245087"}
2021-07-11 03:46:32 下次操作: 2021-07-11 03:46:38

2021-07-11 03:46:38 开始第 25 次操作

2021-07-11 03:46:38 开始操作号码 【1652476】
2021-07-11 03:46:41 GSD getOne 第 1 次 等待 1 秒
2021-07-11 03:46:42 查询号码 【1652476】，返回信息 {"status":"bad","msg":""}
2021-07-11 03:46:42 查询号码 【1652476】，GSD为【""】
2021-07-11 03:46:42 bad
2021-07-11 03:46:43 CHB 1652476?1625946402 第 1 次 等待 1 秒
2021-07-11 03:46:44 CHB 1652476?1625946402 第 1 次 获取到号码【1652476】GSD
2021-07-11 03:46:44 获取到号码【1652476】的GSD为【内蒙古-通辽】
2021-07-11 03:46:49 GSD insert 第 1 次 等待 1 秒
2021-07-11 03:46:50 {"status":"ok","msg":"添加成功！245095"}
2021-07-11 03:46:50 下次操作: 2021-07-11 03:47:00

2021-07-11 03:47:00 开始第 26 次操作

2021-07-11 03:47:00 开始操作号码 【1652477】
2021-07-11 03:47:02 GSD getOne 第 1 次 等待 1 秒
2021-07-11 03:47:03 查询号码 【1652477】，返回信息 {"status":"bad","msg":""}
2021-07-11 03:47:03 查询号码 【1652477】，GSD为【""】
2021-07-11 03:47:03 bad
2021-07-11 03:47:04 CHB 1652477?1625946423 第 1 次 等待 1 秒
2021-07-11 03:47:05 CHB 1652477?1625946423 第 1 次 获取到号码【1652477】GSD
2021-07-11 03:47:05 获取到号码【1652477】的GSD为【辽宁-鞍山】
2021-07-11 03:47:09 GSD insert 第 1 次 等待 1 秒
2021-07-11 03:47:10 {"status":"ok","msg":"添加成功！245100"}
2021-07-11 03:47:10 下次操作: 2021-07-11 03:47:28

2021-07-11 03:47:28 开始第 27 次操作

2021-07-11 03:47:28 开始操作号码 【1652478】
2021-07-11 03:47:30 GSD getOne 第 1 次 等待 1 秒
2021-07-11 03:47:31 查询号码 【1652478】，返回信息 {"status":"bad","msg":""}
2021-07-11 03:47:31 查询号码 【1652478】，GSD为【""】
2021-07-11 03:47:31 bad
2021-07-11 03:47:32 CHB 1652478?1625946451 第 1 次 等待 1 秒
2021-07-11 03:47:33 CHB 1652478?1625946451 第 1 次 获取到号码【1652478】GSD
2021-07-11 03:47:33 获取到号码【1652478】的GSD为【内蒙古-通辽】
2021-07-11 03:47:36 GSD insert 第 1 次 等待 1 秒
2021-07-11 03:47:37 {"status":"ok","msg":"添加成功！245108"}
2021-07-11 03:47:37 下次操作: 2021-07-11 03:47:48

2021-07-11 03:47:48 开始第 28 次操作

2021-07-11 03:47:48 开始操作号码 【1652479】
2021-07-11 03:47:51 GSD getOne 第 1 次 等待 1 秒
2021-07-11 03:47:52 查询号码 【1652479】，返回信息 {"status":"bad","msg":""}
2021-07-11 03:47:52 查询号码 【1652479】，GSD为【""】
2021-07-11 03:47:52 bad
2021-07-11 03:47:54 CHB 1652479?1625946472 第 1 次 等待 1 秒
2021-07-11 03:47:55 CHB 1652479?1625946472 第 1 次 获取到号码【1652479】GSD
2021-07-11 03:47:55 获取到号码【1652479】的GSD为【内蒙古-通辽】
2021-07-11 03:47:58 GSD insert 第 1 次 等待 1 秒
2021-07-11 03:47:59 {"status":"ok","msg":"添加成功！245111"}
2021-07-11 03:47:59 下次操作: 2021-07-11 03:48:16

2021-07-11 03:48:16 开始第 29 次操作

2021-07-11 03:48:16 开始操作号码 【1652480】
2021-07-11 03:48:19 GSD getOne 第 1 次 等待 1 秒
2021-07-11 03:48:20 查询号码 【1652480】，返回信息 {"status":"bad","msg":""}
2021-07-11 03:48:20 查询号码 【1652480】，GSD为【""】
2021-07-11 03:48:20 bad
2021-07-11 03:48:21 CHB 1652480?1625946500 第 1 次 等待 1 秒
2021-07-11 03:48:22 CHB 1652480?1625946500 第 1 次 获取到号码【1652480】GSD
2021-07-11 03:48:22 获取到号码【1652480】的GSD为【内蒙古-乌兰浩特】
2021-07-11 03:48:25 GSD insert 第 1 次 等待 1 秒
2021-07-11 03:48:26 {"status":"ok","msg":"添加成功！245117"}
2021-07-11 03:48:26 下次操作: 2021-07-11 03:48:37

2021-07-11 03:48:37 开始第 30 次操作

2021-07-11 03:48:37 开始操作号码 【1652481】
2021-07-11 03:48:43 GSD getOne 第 1 次 等待 1 秒
2021-07-11 03:48:44 查询号码 【1652481】，返回信息 {"status":"bad","msg":""}
2021-07-11 03:48:44 查询号码 【1652481】，GSD为【""】
2021-07-11 03:48:44 bad
2021-07-11 03:48:45 CHB 1652481?1625946524 第 1 次 等待 1 秒
2021-07-11 03:48:46 CHB 1652481?1625946524 第 1 次 获取到号码【1652481】GSD
2021-07-11 03:48:46 获取到号码【1652481】的GSD为【内蒙古-乌兰浩特】
2021-07-11 03:48:54 GSD insert 第 1 次 等待 1 秒
2021-07-11 03:48:55 {"status":"ok","msg":"添加成功！245123"}

2021-07-11 04:38:23 开始第 1 次操作

2021-07-11 04:38:23 开始操作号码 【1652482】
2021-07-11 04:38:23 GSD getOne 第 1 次 等待 1 秒
2021-07-11 04:38:25 GSD getOne 第 2 次 等待 1 秒
2021-07-11 04:38:28 GSD getOne 第 3 次 等待 1 秒
2021-07-11 04:38:29 查询号码 【1652482】，返回信息 {"status":"bad","msg":""}
2021-07-11 04:38:29 查询号码 【1652482】，GSD为【""】
2021-07-11 04:38:29 bad
2021-07-11 04:38:31 CHB 1652482?1625949509 第 1 次 等待 1 秒
2021-07-11 04:38:32 CHB 1652482?1625949509 第 1 次 获取到号码【1652482】GSD
2021-07-11 04:38:32 获取到号码【1652482】的GSD为【黑龙江-齐齐哈尔】
2021-07-11 04:38:37 GSD insert 第 1 次 等待 1 秒
2021-07-11 04:38:38 {"status":"ok","msg":"添加成功！245289"}
2021-07-11 04:38:38 下次操作: 2021-07-11 04:38:49

2021-07-11 04:38:49 开始第 2 次操作

2021-07-11 04:38:49 开始操作号码 【1652483】
2021-07-11 04:38:50 GSD getOne 第 1 次 等待 1 秒
2021-07-11 04:38:53 GSD getOne 第 2 次 等待 1 秒
2021-07-11 04:38:54 查询号码 【1652483】，返回信息 {"status":"bad","msg":""}
2021-07-11 04:38:54 查询号码 【1652483】，GSD为【""】
2021-07-11 04:38:54 bad
2021-07-11 04:38:56 CHB 1652483?1625949534 第 1 次 等待 1 秒
2021-07-11 04:38:57 CHB 1652483?1625949534 第 1 次 获取到号码【1652483】GSD
2021-07-11 04:38:57 获取到号码【1652483】的GSD为【黑龙江-哈尔滨】
2021-07-11 04:39:01 GSD insert 第 1 次 等待 1 秒
2021-07-11 04:39:02 {"status":"ok","msg":"添加成功！245295"}
2021-07-11 04:39:02 下次操作: 2021-07-11 04:39:19

2021-07-11 04:39:19 开始第 3 次操作

2021-07-11 04:39:19 开始操作号码 【1652484】
2021-07-11 04:39:19 GSD getOne 第 1 次 等待 1 秒
2021-07-11 04:39:22 GSD getOne 第 2 次 等待 1 秒
2021-07-11 04:39:23 查询号码 【1652484】，返回信息 {"status":"bad","msg":""}
2021-07-11 04:39:24 查询号码 【1652484】，GSD为【""】
2021-07-11 04:39:24 bad
2021-07-11 04:39:25 CHB 1652484?1625949564 第 1 次 等待 1 秒
2021-07-11 04:39:26 CHB 1652484?1625949564 第 1 次 获取到号码【1652484】GSD
2021-07-11 04:39:26 获取到号码【1652484】的GSD为【内蒙古-乌兰浩特】
2021-07-11 04:39:28 GSD insert 第 1 次 等待 1 秒
2021-07-11 04:39:29 {"status":"ok","msg":"添加成功！245306"}
2021-07-11 04:39:29 下次操作: 2021-07-11 04:39:41

2021-07-11 04:39:41 开始第 4 次操作

2021-07-11 04:39:41 开始操作号码 【1652485】
2021-07-11 04:39:42 GSD getOne 第 1 次 等待 1 秒
2021-07-11 04:39:46 GSD getOne 第 2 次 等待 1 秒
2021-07-11 04:39:47 查询号码 【1652485】，返回信息 {"status":"bad","msg":""}
2021-07-11 04:39:47 查询号码 【1652485】，GSD为【""】
2021-07-11 04:39:47 bad
2021-07-11 04:39:48 CHB 1652485?1625949587 第 1 次 等待 1 秒
2021-07-11 04:39:49 CHB 1652485?1625949587 第 1 次 获取到号码【1652485】GSD
2021-07-11 04:39:49 获取到号码【1652485】的GSD为【内蒙古-通辽】
2021-07-11 04:39:51 GSD insert 第 1 次 等待 1 秒
2021-07-11 04:39:52 {"status":"ok","msg":"添加成功！245316"}
2021-07-11 04:39:52 下次操作: 2021-07-11 04:40:05

2021-07-11 04:40:06 开始第 5 次操作

2021-07-11 04:40:06 开始操作号码 【1652486】
2021-07-11 04:40:06 GSD getOne 第 1 次 等待 1 秒
2021-07-11 04:40:11 GSD getOne 第 2 次 等待 1 秒
2021-07-11 04:40:12 查询号码 【1652486】，返回信息 {"status":"bad","msg":""}
2021-07-11 04:40:12 查询号码 【1652486】，GSD为【""】
2021-07-11 04:40:12 bad
2021-07-11 04:40:13 CHB 1652486?1625949612 第 1 次 等待 1 秒
2021-07-11 04:40:14 CHB 1652486?1625949612 第 1 次 获取到号码【1652486】GSD
2021-07-11 04:40:14 获取到号码【1652486】的GSD为【内蒙古-乌兰浩特】
2021-07-11 04:40:18 GSD insert 第 1 次 等待 1 秒
2021-07-11 04:40:19 {"status":"ok","msg":"添加成功！245326"}
2021-07-11 04:40:19 下次操作: 2021-07-11 04:40:29

2021-07-11 04:40:29 开始第 6 次操作

2021-07-11 04:40:29 开始操作号码 【1652487】
2021-07-11 04:40:30 GSD getOne 第 1 次 等待 1 秒
2021-07-11 04:40:35 GSD getOne 第 2 次 等待 1 秒
2021-07-11 04:40:36 查询号码 【1652487】，返回信息 {"status":"bad","msg":""}
2021-07-11 04:40:36 查询号码 【1652487】，GSD为【""】
2021-07-11 04:40:36 bad
2021-07-11 04:40:37 CHB 1652487?1625949636 第 1 次 等待 1 秒
2021-07-11 04:40:38 CHB 1652487?1625949636 第 1 次 获取到号码【1652487】GSD
2021-07-11 04:40:38 获取到号码【1652487】的GSD为【内蒙古-乌兰浩特】
2021-07-11 04:40:42 GSD insert 第 1 次 等待 1 秒
2021-07-11 04:40:43 {"status":"ok","msg":"添加成功！245334"}
2021-07-11 04:40:43 下次操作: 2021-07-11 04:40:50

2021-07-11 04:40:50 开始第 7 次操作

2021-07-11 04:40:50 开始操作号码 【1652488】
2021-07-11 04:40:51 GSD getOne 第 1 次 等待 1 秒
2021-07-11 04:40:55 GSD getOne 第 2 次 等待 1 秒
2021-07-11 04:40:56 查询号码 【1652488】，返回信息 {"status":"bad","msg":""}
2021-07-11 04:40:56 查询号码 【1652488】，GSD为【""】
2021-07-11 04:40:56 bad
2021-07-11 04:40:58 CHB 1652488?1625949656 第 1 次 等待 1 秒
2021-07-11 04:40:59 CHB 1652488?1625949656 第 1 次 获取到号码【1652488】GSD
2021-07-11 04:40:59 获取到号码【1652488】的GSD为【辽宁-鞍山】
2021-07-11 04:41:01 GSD insert 第 1 次 等待 1 秒
2021-07-11 04:41:02 {"status":"ok","msg":"添加成功！245343"}
2021-07-11 04:41:02 下次操作: 2021-07-11 04:41:12

2021-07-11 04:41:12 开始第 8 次操作

2021-07-11 04:41:12 开始操作号码 【1652489】
2021-07-11 04:41:13 GSD getOne 第 1 次 等待 1 秒
2021-07-11 04:41:18 GSD getOne 第 2 次 等待 1 秒
2021-07-11 04:41:19 查询号码 【1652489】，返回信息 {"status":"bad","msg":""}
2021-07-11 04:41:19 查询号码 【1652489】，GSD为【""】
2021-07-11 04:41:19 bad
2021-07-11 04:41:20 CHB 1652489?1625949679 第 1 次 等待 1 秒
2021-07-11 04:41:21 CHB 1652489?1625949679 第 1 次 获取到号码【1652489】GSD
2021-07-11 04:41:21 获取到号码【1652489】的GSD为【内蒙古-乌兰浩特】
2021-07-11 04:41:25 GSD insert 第 1 次 等待 1 秒
2021-07-11 04:41:26 {"status":"ok","msg":"添加成功！245350"}
2021-07-11 04:41:26 下次操作: 2021-07-11 04:41:34

2021-07-11 04:41:34 开始第 9 次操作

2021-07-11 04:41:34 开始操作号码 【1652490】
2021-07-11 04:41:35 GSD getOne 第 1 次 等待 1 秒
2021-07-11 04:41:38 GSD getOne 第 2 次 等待 1 秒
2021-07-11 04:41:39 查询号码 【1652490】，返回信息 {"status":"bad","msg":""}
2021-07-11 04:41:39 查询号码 【1652490】，GSD为【""】
2021-07-11 04:41:39 bad
2021-07-11 04:41:41 CHB 1652490?1625949699 第 1 次 等待 1 秒
2021-07-11 04:41:42 CHB 1652490?1625949699 第 1 次 获取到号码【1652490】GSD
2021-07-11 04:41:42 获取到号码【1652490】的GSD为【辽宁-葫芦岛】
2021-07-11 04:41:46 GSD insert 第 1 次 等待 1 秒
2021-07-11 04:41:47 {"status":"ok","msg":"添加成功！245358"}
2021-07-11 04:41:47 下次操作: 2021-07-11 04:42:02

2021-07-11 04:42:02 开始第 10 次操作

2021-07-11 04:42:02 开始操作号码 【1652491】
2021-07-11 04:42:02 GSD getOne 第 1 次 等待 1 秒
2021-07-11 04:42:06 GSD getOne 第 2 次 等待 1 秒
2021-07-11 04:42:07 查询号码 【1652491】，返回信息 {"status":"bad","msg":""}
2021-07-11 04:42:07 查询号码 【1652491】，GSD为【""】
2021-07-11 04:42:07 bad
2021-07-11 04:42:08 CHB 1652491?1625949727 第 1 次 等待 1 秒
2021-07-11 04:42:09 CHB 1652491?1625949727 第 1 次 获取到号码【1652491】GSD
2021-07-11 04:42:09 获取到号码【1652491】的GSD为【吉林-松原】
2021-07-11 04:42:13 GSD insert 第 1 次 等待 1 秒
2021-07-11 04:42:14 {"status":"ok","msg":"添加成功！245366"}
2021-07-11 04:42:14 下次操作: 2021-07-11 04:42:23

2021-07-11 04:42:23 开始第 11 次操作

2021-07-11 04:42:23 开始操作号码 【1652492】
2021-07-11 04:42:24 GSD getOne 第 1 次 等待 1 秒
2021-07-11 04:42:28 GSD getOne 第 2 次 等待 1 秒
2021-07-11 04:42:29 查询号码 【1652492】，返回信息 {"status":"bad","msg":""}
2021-07-11 04:42:30 查询号码 【1652492】，GSD为【""】
2021-07-11 04:42:30 bad
2021-07-11 04:42:31 CHB 1652492?1625949750 第 1 次 等待 1 秒
2021-07-11 04:42:32 CHB 1652492?1625949750 第 1 次 获取到号码【1652492】GSD
2021-07-11 04:42:32 获取到号码【1652492】的GSD为【吉林-松原】
2021-07-11 04:42:32 GSD insert 第 1 次 等待 1 秒
2021-07-11 04:42:37 GSD insert 第 2 次 等待 1 秒
2021-07-11 04:42:38 {"status":"ok","msg":"添加成功！245375"}
2021-07-11 04:42:38 下次操作: 2021-07-11 04:42:50

2021-07-11 04:42:50 开始第 12 次操作

2021-07-11 04:42:50 开始操作号码 【1652493】
2021-07-11 04:42:51 GSD getOne 第 1 次 等待 1 秒
2021-07-11 04:42:55 GSD getOne 第 2 次 等待 1 秒
2021-07-11 04:42:56 查询号码 【1652493】，返回信息 {"status":"bad","msg":""}
2021-07-11 04:42:56 查询号码 【1652493】，GSD为【""】
2021-07-11 04:42:56 bad
2021-07-11 04:42:58 CHB 1652493?1625949776 第 1 次 等待 1 秒
2021-07-11 04:42:59 CHB 1652493?1625949776 第 1 次 获取到号码【1652493】GSD
2021-07-11 04:42:59 获取到号码【1652493】的GSD为【吉林-松原】
2021-07-11 04:43:01 GSD insert 第 1 次 等待 1 秒
2021-07-11 04:43:02 {"status":"ok","msg":"添加成功！245381"}
2021-07-11 04:43:02 下次操作: 2021-07-11 04:43:08

2021-07-11 04:43:08 开始第 13 次操作

2021-07-11 04:43:08 开始操作号码 【1652494】
2021-07-11 04:43:09 GSD getOne 第 1 次 等待 1 秒
2021-07-11 04:43:10 GSD getOne 第 2 次 等待 1 秒
2021-07-11 04:43:15 GSD getOne 第 3 次 等待 1 秒
2021-07-11 04:43:16 查询号码 【1652494】，返回信息 {"status":"bad","msg":""}
2021-07-11 04:43:16 查询号码 【1652494】，GSD为【""】
2021-07-11 04:43:16 bad
2021-07-11 04:43:17 CHB 1652494?1625949796 第 1 次 等待 1 秒
2021-07-11 04:43:18 CHB 1652494?1625949796 第 1 次 获取到号码【1652494】GSD
2021-07-11 04:43:18 获取到号码【1652494】的GSD为【河南-商丘】
2021-07-11 04:43:22 GSD insert 第 1 次 等待 1 秒
2021-07-11 04:43:23 {"status":"ok","msg":"添加成功！245390"}
2021-07-11 04:43:23 下次操作: 2021-07-11 04:43:34

2021-07-11 04:43:34 开始第 14 次操作

2021-07-11 04:43:34 开始操作号码 【1652495】
2021-07-11 04:43:35 GSD getOne 第 1 次 等待 1 秒
2021-07-11 04:43:38 GSD getOne 第 2 次 等待 1 秒
2021-07-11 04:43:39 查询号码 【1652495】，返回信息 {"status":"bad","msg":""}
2021-07-11 04:43:40 查询号码 【1652495】，GSD为【""】
2021-07-11 04:43:40 bad
2021-07-11 04:43:41 CHB 1652495?1625949820 第 1 次 等待 1 秒
2021-07-11 04:43:42 CHB 1652495?1625949820 第 1 次 获取到号码【1652495】GSD
2021-07-11 04:43:42 获取到号码【1652495】的GSD为【黑龙江-绥化】
2021-07-11 04:43:44 GSD insert 第 1 次 等待 1 秒
2021-07-11 04:43:45 {"status":"ok","msg":"添加成功！245398"}
2021-07-11 04:43:45 下次操作: 2021-07-11 04:43:52

2021-07-11 04:43:52 开始第 15 次操作

2021-07-11 04:43:52 开始操作号码 【1652496】
2021-07-11 04:43:53 GSD getOne 第 1 次 等待 1 秒
2021-07-11 04:43:54 GSD getOne 第 2 次 等待 1 秒
2021-07-11 04:43:59 GSD getOne 第 3 次 等待 1 秒
2021-07-11 04:44:00 查询号码 【1652496】，返回信息 {"status":"bad","msg":""}
2021-07-11 04:44:00 查询号码 【1652496】，GSD为【""】
2021-07-11 04:44:00 bad
2021-07-11 04:44:01 CHB 1652496?1625949840 第 1 次 等待 1 秒
2021-07-11 04:44:02 CHB 1652496?1625949840 第 1 次 获取到号码【1652496】GSD
2021-07-11 04:44:02 获取到号码【1652496】的GSD为【内蒙古-通辽】
2021-07-11 04:44:05 GSD insert 第 1 次 等待 1 秒
2021-07-11 04:44:06 {"status":"ok","msg":"添加成功！245405"}
2021-07-11 04:44:06 下次操作: 2021-07-11 04:44:13

2021-07-11 04:44:13 开始第 16 次操作

2021-07-11 04:44:13 开始操作号码 【1652497】
2021-07-11 04:44:13 GSD getOne 第 1 次 等待 1 秒
2021-07-11 04:44:17 GSD getOne 第 2 次 等待 1 秒
2021-07-11 04:44:18 查询号码 【1652497】，返回信息 {"status":"bad","msg":""}
2021-07-11 04:44:18 查询号码 【1652497】，GSD为【""】
2021-07-11 04:44:18 bad
2021-07-11 04:44:19 CHB 1652497?1625949858 第 1 次 等待 1 秒
2021-07-11 04:44:20 CHB 1652497?1625949858 第 1 次 获取到号码【1652497】GSD
2021-07-11 04:44:20 获取到号码【1652497】的GSD为【黑龙江-哈尔滨】
2021-07-11 04:44:24 GSD insert 第 1 次 等待 1 秒
2021-07-11 04:44:25 {"status":"ok","msg":"添加成功！245410"}
2021-07-11 04:44:25 下次操作: 2021-07-11 04:44:37

2021-07-11 04:44:37 开始第 17 次操作

2021-07-11 04:44:37 开始操作号码 【1652498】
2021-07-11 04:44:37 GSD getOne 第 1 次 等待 1 秒
2021-07-11 04:44:41 GSD getOne 第 2 次 等待 1 秒
2021-07-11 04:44:42 查询号码 【1652498】，返回信息 {"status":"bad","msg":""}
2021-07-11 04:44:42 查询号码 【1652498】，GSD为【""】
2021-07-11 04:44:42 bad
2021-07-11 04:44:43 CHB 1652498?1625949882 第 1 次 等待 1 秒
2021-07-11 04:44:44 CHB 1652498?1625949882 第 1 次 获取到号码【1652498】GSD
2021-07-11 04:44:44 获取到号码【1652498】的GSD为【吉林-松原】
2021-07-11 04:44:48 GSD insert 第 1 次 等待 1 秒
2021-07-11 04:44:49 {"status":"ok","msg":"添加成功！245418"}
2021-07-11 04:44:49 下次操作: 2021-07-11 04:45:00

2021-07-11 04:45:00 开始第 18 次操作

2021-07-11 04:45:00 开始操作号码 【1652499】
2021-07-11 04:45:00 GSD getOne 第 1 次 等待 1 秒
2021-07-11 04:45:05 GSD getOne 第 2 次 等待 1 秒
2021-07-11 04:45:06 查询号码 【1652499】，返回信息 {"status":"bad","msg":""}
2021-07-11 04:45:06 查询号码 【1652499】，GSD为【""】
2021-07-11 04:45:06 bad
2021-07-11 04:45:07 CHB 1652499?1625949906 第 1 次 等待 1 秒
2021-07-11 04:45:08 CHB 1652499?1625949906 第 1 次 获取到号码【1652499】GSD
2021-07-11 04:45:08 获取到号码【1652499】的GSD为【辽宁-鞍山】
2021-07-11 04:45:12 GSD insert 第 1 次 等待 1 秒
2021-07-11 04:45:13 {"status":"ok","msg":"添加成功！245425"}
2021-07-11 04:45:13 下次操作: 2021-07-11 04:45:21

2021-07-11 04:45:21 开始第 19 次操作

2021-07-11 04:45:21 开始操作号码 【1652500】
2021-07-11 04:45:22 GSD getOne 第 1 次 等待 1 秒
2021-07-11 04:45:25 GSD getOne 第 2 次 等待 1 秒
2021-07-11 04:45:26 查询号码 【1652500】，返回信息 {"status":"bad","msg":""}
2021-07-11 04:45:26 查询号码 【1652500】，GSD为【""】
2021-07-11 04:45:26 bad
2021-07-11 04:45:27 CHB 1652500?1625949926 第 1 次 等待 1 秒
2021-07-11 04:45:28 CHB 1652500?1625949926 第 1 次 获取到号码【1652500】GSD
2021-07-11 04:45:28 获取到号码【1652500】的GSD为【辽宁-葫芦岛】
2021-07-11 04:45:31 GSD insert 第 1 次 等待 1 秒
2021-07-11 04:45:32 {"status":"ok","msg":"添加成功！245432"}
2021-07-11 04:45:32 下次操作: 2021-07-11 04:45:42

2021-07-11 04:45:42 开始第 20 次操作

2021-07-11 04:45:42 开始操作号码 【1652501】
2021-07-11 04:45:42 GSD getOne 第 1 次 等待 1 秒
2021-07-11 04:45:47 GSD getOne 第 2 次 等待 1 秒
2021-07-11 04:45:48 查询号码 【1652501】，返回信息 {"status":"bad","msg":""}
2021-07-11 04:45:48 查询号码 【1652501】，GSD为【""】
2021-07-11 04:45:48 bad
2021-07-11 04:45:50 CHB 1652501?1625949948 第 1 次 等待 1 秒
2021-07-11 04:45:51 CHB 1652501?1625949948 第 1 次 获取到号码【1652501】GSD
2021-07-11 04:45:51 获取到号码【1652501】的GSD为【辽宁-朝阳】
2021-07-11 04:45:55 GSD insert 第 1 次 等待 1 秒
2021-07-11 04:45:56 {"status":"ok","msg":"添加成功！245439"}
2021-07-11 04:45:56 下次操作: 2021-07-11 04:46:09

2021-07-11 04:46:09 开始第 21 次操作

2021-07-11 04:46:09 开始操作号码 【1652502】
2021-07-11 04:46:09 GSD getOne 第 1 次 等待 1 秒
2021-07-11 04:46:14 GSD getOne 第 2 次 等待 1 秒
2021-07-11 04:46:15 查询号码 【1652502】，返回信息 {"status":"bad","msg":""}
2021-07-11 04:46:15 查询号码 【1652502】，GSD为【""】
2021-07-11 04:46:15 bad
2021-07-11 04:46:16 CHB 1652502?1625949975 第 1 次 等待 1 秒
2021-07-11 04:46:17 CHB 1652502?1625949975 第 1 次 获取到号码【1652502】GSD
2021-07-11 04:46:17 获取到号码【1652502】的GSD为【福建-泉州】
2021-07-11 04:46:21 GSD insert 第 1 次 等待 1 秒
2021-07-11 04:46:22 {"status":"ok","msg":"添加成功！245450"}
2021-07-11 04:46:22 下次操作: 2021-07-11 04:46:29

2021-07-11 04:46:29 开始第 22 次操作

2021-07-11 04:46:29 开始操作号码 【1652503】
2021-07-11 04:46:30 GSD getOne 第 1 次 等待 1 秒
2021-07-11 04:46:35 GSD getOne 第 2 次 等待 1 秒
2021-07-11 04:46:36 查询号码 【1652503】，返回信息 {"status":"bad","msg":""}
2021-07-11 04:46:36 查询号码 【1652503】，GSD为【""】
2021-07-11 04:46:36 bad
2021-07-11 04:46:38 CHB 1652503?1625949996 第 1 次 等待 1 秒
2021-07-11 04:46:39 CHB 1652503?1625949996 第 1 次 获取到号码【1652503】GSD
2021-07-11 04:46:39 获取到号码【1652503】的GSD为【山东-潍坊】
2021-07-11 04:46:39 GSD insert 第 1 次 等待 1 秒
2021-07-11 04:46:42 GSD insert 第 2 次 等待 1 秒
2021-07-11 04:46:43 {"status":"ok","msg":"添加成功！245457"}
2021-07-11 04:46:44 下次操作: 2021-07-11 04:46:55

2021-07-11 04:46:55 开始第 23 次操作

2021-07-11 04:46:55 开始操作号码 【1652504】
2021-07-11 04:46:55 GSD getOne 第 1 次 等待 1 秒
2021-07-11 04:46:59 GSD getOne 第 2 次 等待 1 秒
2021-07-11 04:47:00 查询号码 【1652504】，返回信息 {"status":"bad","msg":""}
2021-07-11 04:47:00 查询号码 【1652504】，GSD为【""】
2021-07-11 04:47:00 bad
2021-07-11 04:47:01 CHB 1652504?1625950020 第 1 次 等待 1 秒
2021-07-11 04:47:02 CHB 1652504?1625950020 第 1 次 获取到号码【1652504】GSD
2021-07-11 04:47:02 获取到号码【1652504】的GSD为【河南-郑州】
2021-07-11 04:47:05 GSD insert 第 1 次 等待 1 秒
2021-07-11 04:47:06 {"status":"ok","msg":"添加成功！245465"}
2021-07-11 04:47:06 下次操作: 2021-07-11 04:47:23

2021-07-11 04:47:23 开始第 24 次操作

2021-07-11 04:47:23 开始操作号码 【1652505】
2021-07-11 04:47:24 GSD getOne 第 1 次 等待 1 秒
2021-07-11 04:47:27 GSD getOne 第 2 次 等待 1 秒
2021-07-11 04:47:28 查询号码 【1652505】，返回信息 {"status":"bad","msg":""}
2021-07-11 04:47:28 查询号码 【1652505】，GSD为【""】
2021-07-11 04:47:28 bad
2021-07-11 04:47:30 CHB 1652505?1625950048 第 1 次 等待 1 秒
2021-07-11 04:47:31 CHB 1652505?1625950048 第 1 次 获取到号码【1652505】GSD
2021-07-11 04:47:31 获取到号码【1652505】的GSD为【黑龙江-绥化】
2021-07-11 04:47:33 GSD insert 第 1 次 等待 1 秒
2021-07-11 04:47:34 {"status":"ok","msg":"添加成功！245471"}
2021-07-11 04:47:34 下次操作: 2021-07-11 04:47:47

2021-07-11 04:47:47 开始第 25 次操作

2021-07-11 04:47:47 开始操作号码 【1652506】
2021-07-11 04:47:48 GSD getOne 第 1 次 等待 1 秒
2021-07-11 04:47:52 GSD getOne 第 2 次 等待 1 秒
2021-07-11 04:47:53 查询号码 【1652506】，返回信息 {"status":"bad","msg":""}
2021-07-11 04:47:53 查询号码 【1652506】，GSD为【""】
2021-07-11 04:47:53 bad
2021-07-11 04:47:55 CHB 1652506?1625950073 第 1 次 等待 1 秒
2021-07-11 04:47:56 CHB 1652506?1625950073 第 1 次 获取到号码【1652506】GSD
2021-07-11 04:47:56 获取到号码【1652506】的GSD为【山东-临沂】
2021-07-11 04:47:58 GSD insert 第 1 次 等待 1 秒
2021-07-11 04:47:59 {"status":"ok","msg":"添加成功！245476"}
2021-07-11 04:47:59 下次操作: 2021-07-11 04:48:14

2021-07-11 04:48:14 开始第 26 次操作

2021-07-11 04:48:14 开始操作号码 【1652507】
2021-07-11 04:48:15 GSD getOne 第 1 次 等待 1 秒
2021-07-11 04:48:19 GSD getOne 第 2 次 等待 1 秒
2021-07-11 04:48:20 查询号码 【1652507】，返回信息 {"status":"bad","msg":""}
2021-07-11 04:48:21 查询号码 【1652507】，GSD为【""】
2021-07-11 04:48:21 bad
2021-07-11 04:48:22 CHB 1652507?1625950101 第 1 次 等待 1 秒
2021-07-11 04:48:23 CHB 1652507?1625950101 第 1 次 获取到号码【1652507】GSD
2021-07-11 04:48:23 获取到号码【1652507】的GSD为【山东-临沂】
2021-07-11 04:48:26 GSD insert 第 1 次 等待 1 秒
2021-07-11 04:48:27 {"status":"ok","msg":"添加成功！245481"}
2021-07-11 04:48:27 下次操作: 2021-07-11 04:48:36

2021-07-11 04:48:36 开始第 27 次操作

2021-07-11 04:48:36 开始操作号码 【1652508】
2021-07-11 04:48:36 GSD getOne 第 1 次 等待 1 秒
2021-07-11 04:48:38 GSD getOne 第 2 次 等待 1 秒
2021-07-11 04:48:42 GSD getOne 第 3 次 等待 1 秒
2021-07-11 04:48:43 查询号码 【1652508】，返回信息 {"status":"bad","msg":""}
2021-07-11 04:48:43 查询号码 【1652508】，GSD为【""】
2021-07-11 04:48:43 bad
2021-07-11 04:48:45 CHB 1652508?1625950123 第 1 次 等待 1 秒
2021-07-11 04:48:46 CHB 1652508?1625950123 第 1 次 获取到号码【1652508】GSD
2021-07-11 04:48:46 获取到号码【1652508】的GSD为【山东-潍坊】
2021-07-11 04:48:48 GSD insert 第 1 次 等待 1 秒
2021-07-11 04:48:49 {"status":"ok","msg":"添加成功！245485"}
2021-07-11 04:48:49 下次操作: 2021-07-11 04:49:02

2021-07-11 04:49:02 开始第 28 次操作

2021-07-11 04:49:02 开始操作号码 【1652509】
2021-07-11 04:49:03 GSD getOne 第 1 次 等待 1 秒
2021-07-11 04:49:06 GSD getOne 第 2 次 等待 1 秒
2021-07-11 04:49:07 查询号码 【1652509】，返回信息 {"status":"bad","msg":""}
2021-07-11 04:49:07 查询号码 【1652509】，GSD为【""】
2021-07-11 04:49:07 bad
2021-07-11 04:49:09 CHB 1652509?1625950147 第 1 次 等待 1 秒
2021-07-11 04:49:10 CHB 1652509?1625950147 第 1 次 获取到号码【1652509】GSD
2021-07-11 04:49:10 获取到号码【1652509】的GSD为【山东-枣庄】
2021-07-11 04:49:12 GSD insert 第 1 次 等待 1 秒
2021-07-11 04:49:13 {"status":"ok","msg":"添加成功！245491"}
2021-07-11 04:49:13 下次操作: 2021-07-11 04:49:26

2021-07-11 04:49:26 开始第 29 次操作

2021-07-11 04:49:26 开始操作号码 【1652510】
2021-07-11 04:49:27 GSD getOne 第 1 次 等待 1 秒
2021-07-11 04:49:31 GSD getOne 第 2 次 等待 1 秒
2021-07-11 04:49:32 查询号码 【1652510】，返回信息 {"status":"bad","msg":""}
2021-07-11 04:49:32 查询号码 【1652510】，GSD为【""】
2021-07-11 04:49:32 bad
2021-07-11 04:49:34 CHB 1652510?1625950173 第 1 次 等待 1 秒
2021-07-11 04:49:35 CHB 1652510?1625950173 第 1 次 获取到号码【1652510】GSD
2021-07-11 04:49:35 获取到号码【1652510】的GSD为【宁夏-银川】
2021-07-11 04:49:39 GSD insert 第 1 次 等待 1 秒
2021-07-11 04:49:40 {"status":"ok","msg":"添加成功！245494"}
2021-07-11 04:49:40 下次操作: 2021-07-11 04:49:52

2021-07-11 04:49:52 开始第 30 次操作

2021-07-11 04:49:52 开始操作号码 【1652511】
2021-07-11 04:49:52 GSD getOne 第 1 次 等待 1 秒
2021-07-11 04:49:57 GSD getOne 第 2 次 等待 1 秒
2021-07-11 04:49:58 查询号码 【1652511】，返回信息 {"status":"bad","msg":""}
2021-07-11 04:49:58 查询号码 【1652511】，GSD为【""】
2021-07-11 04:49:58 bad
2021-07-11 04:49:59 CHB 1652511?1625950198 第 1 次 等待 1 秒
2021-07-11 04:50:00 CHB 1652511?1625950198 第 1 次 获取到号码【1652511】GSD
2021-07-11 04:50:00 获取到号码【1652511】的GSD为【吉林-松原】
2021-07-11 04:50:04 GSD insert 第 1 次 等待 1 秒
2021-07-11 04:50:05 {"status":"ok","msg":"添加成功！245497"}

