2024-12-05 00:13:52 开始第 8505 次操作

2024-12-05 00:13:52 开始操作号码 【1308504】
2024-12-05 00:13:54 GSD getOne 第 1 次 等待 3 秒
2024-12-05 00:13:57 查询号码 【1308504】，返回信息 {"status":"ok","msg":"安徽-六安","gid":"178669","time_insert":"2021-07-03 03:49"}
2024-12-05 00:13:57 查询号码 【1308504】，GSD为【"安徽-六安"】

2024-12-05 00:13:58 开始第 8506 次操作

2024-12-05 00:13:58 开始操作号码 【1308505】
2024-12-05 00:13:59 GSD getOne 第 1 次 等待 3 秒
2024-12-05 00:14:02 查询号码 【1308505】，返回信息 {"status":"ok","msg":"安徽-合肥","gid":"178663","time_insert":"2021-07-03 03:49"}
2024-12-05 00:14:02 查询号码 【1308505】，GSD为【"安徽-合肥"】

2024-12-05 00:14:03 开始第 8507 次操作

2024-12-05 00:14:03 开始操作号码 【1308506】
2024-12-05 00:14:03 GSD getOne 第 1 次 等待 3 秒
2024-12-05 00:14:06 查询号码 【1308506】，返回信息 {"status":"ok","msg":"安徽-合肥","gid":"178656","time_insert":"2021-07-03 03:48"}
2024-12-05 00:14:07 查询号码 【1308506】，GSD为【"安徽-合肥"】

2024-12-05 00:14:08 开始第 8508 次操作

2024-12-05 00:14:08 开始操作号码 【1308507】
2024-12-05 00:14:10 GSD getOne 第 1 次 等待 3 秒
2024-12-05 00:14:13 查询号码 【1308507】，返回信息 {"status":"ok","msg":"安徽-淮北","gid":"178647","time_insert":"2021-07-03 03:47"}
2024-12-05 00:14:13 查询号码 【1308507】，GSD为【"安徽-淮北"】

