2024-11-02 00:12:03 开始第 2709 次操作

2024-11-02 00:12:03 开始操作号码 【1302708】
2024-11-02 00:12:05 GSD getOne 第 1 次 等待 3 秒
2024-11-02 00:12:08 查询号码 【1302708】，返回信息 {"status":"ok","msg":"山西-太原","gid":"59137","time_insert":"2021-05-15 09:43"}
2024-11-02 00:12:08 查询号码 【1302708】，GSD为【"山西-太原"】

2024-11-02 00:12:09 开始第 2710 次操作

2024-11-02 00:12:09 开始操作号码 【1302709】
2024-11-02 00:12:10 GSD getOne 第 1 次 等待 3 秒
2024-11-02 00:12:13 查询号码 【1302709】，返回信息 {"status":"ok","msg":"山西-太原","gid":"59147","time_insert":"2021-05-15 10:09"}
2024-11-02 00:12:13 查询号码 【1302709】，GSD为【"山西-太原"】

2024-11-02 00:12:14 开始第 2711 次操作

2024-11-02 00:12:14 开始操作号码 【1302710】
2024-11-02 00:12:15 GSD getOne 第 1 次 等待 3 秒
2024-11-02 00:12:18 查询号码 【1302710】，返回信息 {"status":"ok","msg":"湖北-武汉","gid":"59156","time_insert":"2021-05-15 10:29","time_update":"2021-05-15 11:18"}
2024-11-02 00:12:18 查询号码 【1302710】，GSD为【"湖北-武汉"】

2024-11-02 00:12:19 开始第 2712 次操作

2024-11-02 00:12:19 开始操作号码 【1302711】
2024-11-02 00:12:20 GSD getOne 第 1 次 等待 3 秒
2024-11-02 00:12:23 查询号码 【1302711】，返回信息 {"status":"ok","msg":"湖北-武汉","gid":"59167","time_insert":"2021-05-15 10:55"}
2024-11-02 00:12:23 查询号码 【1302711】，GSD为【"湖北-武汉"】

2024-11-02 00:40:55 开始第 2713 次操作

2024-11-02 00:40:55 开始操作号码 【1302712】
2024-11-02 00:40:57 GSD getOne 第 1 次 等待 3 秒
2024-11-02 00:41:00 查询号码 【1302712】，返回信息 {"status":"ok","msg":"湖北-武汉","gid":"59180","time_insert":"2021-05-15 11:27"}
2024-11-02 00:41:00 查询号码 【1302712】，GSD为【"湖北-武汉"】

2024-11-02 00:41:01 开始第 2714 次操作

2024-11-02 00:41:01 开始操作号码 【1302713】
2024-11-02 00:41:02 GSD getOne 第 1 次 等待 3 秒
2024-11-02 00:41:05 查询号码 【1302713】，返回信息 {"status":"ok","msg":"湖北-武汉","gid":"59190","time_insert":"2021-05-15 11:48"}
2024-11-02 00:41:05 查询号码 【1302713】，GSD为【"湖北-武汉"】

2024-11-02 00:41:06 开始第 2715 次操作

2024-11-02 00:41:06 开始操作号码 【1302714】
2024-11-02 00:41:07 GSD getOne 第 1 次 等待 3 秒
2024-11-02 00:41:10 查询号码 【1302714】，返回信息 {"status":"ok","msg":"湖北-武汉","gid":"59199","time_insert":"2021-05-15 12:07"}
2024-11-02 00:41:10 查询号码 【1302714】，GSD为【"湖北-武汉"】

2024-11-02 00:41:11 开始第 2716 次操作

2024-11-02 00:41:11 开始操作号码 【1302715】
2024-11-02 00:41:12 GSD getOne 第 1 次 等待 3 秒
2024-11-02 00:41:15 查询号码 【1302715】，返回信息 {"status":"ok","msg":"湖北-武汉","gid":"59215","time_insert":"2021-05-15 12:33"}
2024-11-02 00:41:15 查询号码 【1302715】，GSD为【"湖北-武汉"】

2024-11-02 01:09:23 开始第 2717 次操作

2024-11-02 01:09:23 开始操作号码 【1302716】
2024-11-02 01:09:24 GSD getOne 第 1 次 等待 3 秒
2024-11-02 01:09:27 查询号码 【1302716】，返回信息 {"status":"ok","msg":"湖北-武汉","gid":"59226","time_insert":"2021-05-15 12:57"}
2024-11-02 01:09:27 查询号码 【1302716】，GSD为【"湖北-武汉"】

2024-11-02 01:09:28 开始第 2718 次操作

2024-11-02 01:09:28 开始操作号码 【1302717】
2024-11-02 01:09:29 GSD getOne 第 1 次 等待 3 秒
2024-11-02 01:09:32 查询号码 【1302717】，返回信息 {"status":"ok","msg":"湖北-武汉","gid":"59234","time_insert":"2021-05-15 13:17"}
2024-11-02 01:09:32 查询号码 【1302717】，GSD为【"湖北-武汉"】

2024-11-02 01:09:33 开始第 2719 次操作

2024-11-02 01:09:33 开始操作号码 【1302718】
2024-11-02 01:09:34 GSD getOne 第 1 次 等待 3 秒
2024-11-02 01:09:37 查询号码 【1302718】，返回信息 {"status":"ok","msg":"湖北-武汉","gid":"59244","time_insert":"2021-05-15 13:34"}
2024-11-02 01:09:38 查询号码 【1302718】，GSD为【"湖北-武汉"】

2024-11-02 01:09:39 开始第 2720 次操作

2024-11-02 01:09:39 开始操作号码 【1302719】
2024-11-02 01:09:40 GSD getOne 第 1 次 等待 3 秒
2024-11-02 01:09:43 查询号码 【1302719】，返回信息 {"status":"ok","msg":"湖北-武汉","gid":"59255","time_insert":"2021-05-15 13:55"}
2024-11-02 01:09:43 查询号码 【1302719】，GSD为【"湖北-武汉"】

