2024-12-10 00:14:04 开始第 9373 次操作

2024-12-10 00:14:04 开始操作号码 【1309372】
2024-12-10 00:14:05 GSD getOne 第 1 次 等待 3 秒
2024-12-10 00:14:08 查询号码 【1309372】，返回信息 {"status":"ok","msg":"浙江-杭州","gid":"170824","time_insert":"2021-07-02 02:58"}
2024-12-10 00:14:08 查询号码 【1309372】，GSD为【"浙江-杭州"】

2024-12-10 00:14:09 开始第 9374 次操作

2024-12-10 00:14:09 开始操作号码 【1309373】
2024-12-10 00:14:10 GSD getOne 第 1 次 等待 3 秒
2024-12-10 00:14:13 查询号码 【1309373】，返回信息 {"status":"ok","msg":"浙江-杭州","gid":"49692","time_insert":"2021-04-21 13:52"}
2024-12-10 00:14:13 查询号码 【1309373】，GSD为【"浙江-杭州"】

2024-12-10 00:14:14 开始第 9375 次操作

2024-12-10 00:14:14 开始操作号码 【1309374】
2024-12-10 00:14:15 GSD getOne 第 1 次 等待 3 秒
2024-12-10 00:14:18 查询号码 【1309374】，返回信息 {"status":"ok","msg":"浙江-杭州","gid":"170816","time_insert":"2021-07-02 02:58"}
2024-12-10 00:14:18 查询号码 【1309374】，GSD为【"浙江-杭州"】

2024-12-10 00:14:19 开始第 9376 次操作

2024-12-10 00:14:19 开始操作号码 【1309375】
2024-12-10 00:14:20 GSD getOne 第 1 次 等待 3 秒
2024-12-10 00:14:23 查询号码 【1309375】，返回信息 {"status":"ok","msg":"浙江-杭州","gid":"170807","time_insert":"2021-07-02 02:57"}
2024-12-10 00:14:23 查询号码 【1309375】，GSD为【"浙江-杭州"】

2024-12-10 00:45:25 开始第 9377 次操作

2024-12-10 00:45:25 开始操作号码 【1309376】
2024-12-10 00:45:27 GSD getOne 第 1 次 等待 3 秒
2024-12-10 00:45:30 查询号码 【1309376】，返回信息 {"status":"ok","msg":"浙江-杭州","gid":"170802","time_insert":"2021-07-02 02:57"}
2024-12-10 00:45:30 查询号码 【1309376】，GSD为【"浙江-杭州"】

2024-12-10 00:45:31 开始第 9378 次操作

2024-12-10 00:45:31 开始操作号码 【1309377】
2024-12-10 00:45:32 GSD getOne 第 1 次 等待 3 秒
2024-12-10 00:45:35 查询号码 【1309377】，返回信息 {"status":"ok","msg":"浙江-杭州","gid":"170801","time_insert":"2021-07-02 02:57"}
2024-12-10 00:45:35 查询号码 【1309377】，GSD为【"浙江-杭州"】

2024-12-10 00:45:36 开始第 9379 次操作

2024-12-10 00:45:36 开始操作号码 【1309378】
2024-12-10 00:45:37 GSD getOne 第 1 次 等待 3 秒
2024-12-10 00:45:40 查询号码 【1309378】，返回信息 {"status":"ok","msg":"浙江-杭州","gid":"170798","time_insert":"2021-07-02 02:56"}
2024-12-10 00:45:40 查询号码 【1309378】，GSD为【"浙江-杭州"】

2024-12-10 00:45:41 开始第 9380 次操作

2024-12-10 00:45:41 开始操作号码 【1309379】
2024-12-10 00:45:42 GSD getOne 第 1 次 等待 3 秒
2024-12-10 00:45:45 查询号码 【1309379】，返回信息 {"status":"ok","msg":"浙江-杭州","gid":"170797","time_insert":"2021-07-02 02:56"}
2024-12-10 00:45:45 查询号码 【1309379】，GSD为【"浙江-杭州"】

2024-12-10 01:10:05 开始第 9381 次操作

2024-12-10 01:10:05 开始操作号码 【1309380】
2024-12-10 01:10:07 GSD getOne 第 1 次 等待 3 秒
2024-12-10 01:10:10 查询号码 【1309380】，返回信息 {"status":"ok","msg":"浙江-台州","gid":"170796","time_insert":"2021-07-02 02:55"}
2024-12-10 01:10:10 查询号码 【1309380】，GSD为【"浙江-台州"】

2024-12-10 01:10:11 开始第 9382 次操作

2024-12-10 01:10:11 开始操作号码 【1309381】
2024-12-10 01:10:12 GSD getOne 第 1 次 等待 3 秒
2024-12-10 01:10:15 查询号码 【1309381】，返回信息 {"status":"ok","msg":"浙江-台州","gid":"170795","time_insert":"2021-07-02 02:55"}
2024-12-10 01:10:15 查询号码 【1309381】，GSD为【"浙江-台州"】

2024-12-10 01:10:16 开始第 9383 次操作

2024-12-10 01:10:16 开始操作号码 【1309382】
2024-12-10 01:10:16 GSD getOne 第 1 次 等待 3 秒
2024-12-10 01:10:19 查询号码 【1309382】，返回信息 {"status":"ok","msg":"浙江-台州","gid":"170794","time_insert":"2021-07-02 02:55"}
2024-12-10 01:10:19 查询号码 【1309382】，GSD为【"浙江-台州"】

2024-12-10 01:10:20 开始第 9384 次操作

2024-12-10 01:10:21 开始操作号码 【1309383】
2024-12-10 01:10:21 GSD getOne 第 1 次 等待 3 秒
2024-12-10 01:10:24 查询号码 【1309383】，返回信息 {"status":"ok","msg":"浙江-台州","gid":"170792","time_insert":"2021-07-02 02:54"}
2024-12-10 01:10:24 查询号码 【1309383】，GSD为【"浙江-台州"】

2024-12-10 01:38:16 开始第 9385 次操作

2024-12-10 01:38:16 开始操作号码 【1309384】
2024-12-10 01:38:17 GSD getOne 第 1 次 等待 3 秒
2024-12-10 01:38:20 查询号码 【1309384】，返回信息 {"status":"ok","msg":"浙江-台州","gid":"170791","time_insert":"2021-07-02 02:54"}
2024-12-10 01:38:20 查询号码 【1309384】，GSD为【"浙江-台州"】

2024-12-10 01:38:21 开始第 9386 次操作

2024-12-10 01:38:21 开始操作号码 【1309385】
2024-12-10 01:38:22 GSD getOne 第 1 次 等待 3 秒
2024-12-10 01:38:25 查询号码 【1309385】，返回信息 {"status":"ok","msg":"浙江-台州","gid":"170790","time_insert":"2021-07-02 02:53"}
2024-12-10 01:38:25 查询号码 【1309385】，GSD为【"浙江-台州"】

2024-12-10 01:38:26 开始第 9387 次操作

2024-12-10 01:38:26 开始操作号码 【1309386】
2024-12-10 01:38:27 GSD getOne 第 1 次 等待 3 秒
2024-12-10 01:38:30 查询号码 【1309386】，返回信息 {"status":"ok","msg":"浙江-台州","gid":"170789","time_insert":"2021-07-02 02:53"}
2024-12-10 01:38:30 查询号码 【1309386】，GSD为【"浙江-台州"】

2024-12-10 01:38:31 开始第 9388 次操作

2024-12-10 01:38:31 开始操作号码 【1309387】
2024-12-10 01:38:32 GSD getOne 第 1 次 等待 3 秒
2024-12-10 01:38:35 查询号码 【1309387】，返回信息 {"status":"ok","msg":"浙江-台州","gid":"170787","time_insert":"2021-07-02 02:53"}
2024-12-10 01:38:35 查询号码 【1309387】，GSD为【"浙江-台州"】

2024-12-10 02:15:31 开始第 9389 次操作

2024-12-10 02:15:31 开始操作号码 【1309388】
2024-12-10 02:15:32 GSD getOne 第 1 次 等待 3 秒
2024-12-10 02:15:35 查询号码 【1309388】，返回信息 {"status":"ok","msg":"浙江-台州","gid":"170786","time_insert":"2021-07-02 02:52"}
2024-12-10 02:15:35 查询号码 【1309388】，GSD为【"浙江-台州"】

2024-12-10 02:15:36 开始第 9390 次操作

2024-12-10 02:15:36 开始操作号码 【1309389】
2024-12-10 02:15:37 GSD getOne 第 1 次 等待 3 秒
2024-12-10 02:15:40 查询号码 【1309389】，返回信息 {"status":"ok","msg":"浙江-台州","gid":"170783","time_insert":"2021-07-02 02:52"}
2024-12-10 02:15:40 查询号码 【1309389】，GSD为【"浙江-台州"】

2024-12-10 02:15:41 开始第 9391 次操作

2024-12-10 02:15:41 开始操作号码 【1309390】
2024-12-10 02:15:42 GSD getOne 第 1 次 等待 3 秒
2024-12-10 02:15:45 查询号码 【1309390】，返回信息 {"status":"ok","msg":"陕西-汉中","gid":"51488","time_insert":"2021-04-22 09:51"}
2024-12-10 02:15:45 查询号码 【1309390】，GSD为【"陕西-汉中"】

2024-12-10 02:15:46 开始第 9392 次操作

2024-12-10 02:15:46 开始操作号码 【1309391】
2024-12-10 02:15:47 GSD getOne 第 1 次 等待 3 秒
2024-12-10 02:15:50 查询号码 【1309391】，返回信息 {"status":"ok","msg":"陕西-汉中","gid":"170782","time_insert":"2021-07-02 02:51"}
2024-12-10 02:15:50 查询号码 【1309391】，GSD为【"陕西-汉中"】

