2024-03-10 00:20:06 开始第 8021 次操作

2024-03-10 00:20:06 开始操作号码 【1717923】
2024-03-10 00:20:16 GSD getOne 第 1 次 等待 3 秒
2024-03-10 00:20:19 查询号码 【1717923】，返回信息 {"status":"ok","msg":"贵州-铜仁","gid":"224248","time_insert":"2021-07-08 17:48"}
2024-03-10 00:20:19 查询号码 【1717923】，GSD为【"贵州-铜仁"】

2024-03-10 00:20:20 开始第 8022 次操作

2024-03-10 00:20:20 开始操作号码 【1717924】
2024-03-10 00:20:27 GSD getOne 第 1 次 等待 3 秒
2024-03-10 00:20:30 查询号码 【1717924】，返回信息 {"status":"ok","msg":"贵州-贵阳","gid":"224261","time_insert":"2021-07-08 17:49"}
2024-03-10 00:20:30 查询号码 【1717924】，GSD为【"贵州-贵阳"】

2024-03-10 00:20:31 开始第 8023 次操作

2024-03-10 00:20:31 开始操作号码 【1717925】
2024-03-10 00:20:35 GSD getOne 第 1 次 等待 3 秒
2024-03-10 00:20:38 查询号码 【1717925】，返回信息 {"status":"ok","msg":"贵州-遵义","gid":"224274","time_insert":"2021-07-08 17:50"}
2024-03-10 00:20:38 查询号码 【1717925】，GSD为【"贵州-遵义"】

2024-03-10 00:20:39 开始第 8024 次操作

2024-03-10 00:20:39 开始操作号码 【1717926】
2024-03-10 00:20:43 GSD getOne 第 1 次 等待 3 秒
2024-03-10 00:20:46 查询号码 【1717926】，返回信息 {"status":"ok","msg":"贵州-贵阳","gid":"224289","time_insert":"2021-07-08 17:50"}
2024-03-10 00:20:46 查询号码 【1717926】，GSD为【"贵州-贵阳"】

