2024-10-02 00:18:56 开始第 7717 次操作

2024-10-02 00:18:56 开始操作号码 【1387716】
2024-10-02 00:18:58 GSD getOne 第 1 次 等待 3 秒
2024-10-02 00:19:01 查询号码 【1387716】，返回信息 {"status":"ok","msg":"广西-南宁","gid":"352204","time_insert":"2021-07-22 04:51","time_update":"2021-07-26 05:31"}
2024-10-02 00:19:01 查询号码 【1387716】，GSD为【"广西-南宁"】

2024-10-02 00:19:02 开始第 7718 次操作

2024-10-02 00:19:02 开始操作号码 【1387717】
2024-10-02 00:19:04 GSD getOne 第 1 次 等待 3 秒
2024-10-02 00:19:07 查询号码 【1387717】，返回信息 {"status":"ok","msg":"广西-南宁","gid":"352183","time_insert":"2021-07-22 04:49","time_update":"2021-07-26 05:42"}
2024-10-02 00:19:07 查询号码 【1387717】，GSD为【"广西-南宁"】

2024-10-02 00:19:08 开始第 7719 次操作

2024-10-02 00:19:08 开始操作号码 【1387718】
2024-10-02 00:19:10 GSD getOne 第 1 次 等待 3 秒
2024-10-02 00:19:13 查询号码 【1387718】，返回信息 {"status":"ok","msg":"广西-南宁","gid":"352169","time_insert":"2021-07-22 04:48","time_update":"2021-07-26 05:52"}
2024-10-02 00:19:13 查询号码 【1387718】，GSD为【"广西-南宁"】

2024-10-02 00:19:14 开始第 7720 次操作

2024-10-02 00:19:14 开始操作号码 【1387719】
2024-10-02 00:19:16 GSD getOne 第 1 次 等待 3 秒
2024-10-02 00:19:19 查询号码 【1387719】，返回信息 {"status":"ok","msg":"广西-南宁","gid":"11653","time_insert":"2016-06-05 17:51","time_update":"2020-12-18 06:28"}
2024-10-02 00:19:19 查询号码 【1387719】，GSD为【"广西-南宁"】

