2021-07-03 00:00:25 开始第 7 次操作

2021-07-03 00:00:25 开始操作号码 【1707060】
2021-07-03 00:00:34 GSD getOne 第 1 次 等待 1 秒
2021-07-03 00:00:35 查询号码 【1707060】，返回信息 {"status":"bad","msg":""}
2021-07-03 00:00:35 查询号码 【1707060】，GSD为【""】
2021-07-03 00:00:35 bad
2021-07-03 00:00:39 CHB 1707060?1625241635 第 1 次 等待 1 秒
2021-07-03 00:00:40 CHB 1707060?1625241635 第 1 次 获取到号码【1707060】GSD
2021-07-03 00:00:40 获取到号码【1707060】的GSD为【辽宁-鞍山】
2021-07-03 00:00:59 GSD insert 第 1 次 等待 1 秒
2021-07-03 00:01:00 {"status":"ok","msg":"添加成功！177496"}
2021-07-03 00:01:00 下次操作: 2021-07-03 00:01:09

2021-07-03 00:01:09 开始第 8 次操作

2021-07-03 00:01:09 开始操作号码 【1707061】
2021-07-03 00:01:20 GSD getOne 第 1 次 等待 1 秒
2021-07-03 00:01:21 查询号码 【1707061】，返回信息 {"status":"bad","msg":""}
2021-07-03 00:01:21 查询号码 【1707061】，GSD为【""】
2021-07-03 00:01:21 bad
2021-07-03 00:01:23 CHB 1707061?1625241681 第 1 次 等待 1 秒
2021-07-03 00:01:24 CHB 1707061?1625241681 第 1 次 获取到号码【1707061】GSD
2021-07-03 00:01:24 获取到号码【1707061】的GSD为【辽宁-鞍山】
2021-07-03 00:01:45 GSD insert 第 1 次 等待 1 秒
2021-07-03 00:01:46 {"status":"ok","msg":"添加成功！177507"}
2021-07-03 00:01:46 下次操作: 2021-07-03 00:01:58

2021-07-03 00:01:58 开始第 9 次操作

2021-07-03 00:01:58 开始操作号码 【1707062】
2021-07-03 00:02:10 GSD getOne 第 1 次 等待 1 秒
2021-07-03 00:02:11 查询号码 【1707062】，返回信息 {"status":"bad","msg":""}
2021-07-03 00:02:11 查询号码 【1707062】，GSD为【""】
2021-07-03 00:02:11 bad
2021-07-03 00:02:14 CHB 1707062?1625241731 第 1 次 等待 1 秒
2021-07-03 00:02:15 CHB 1707062?1625241731 第 1 次 获取到号码【1707062】GSD
2021-07-03 00:02:15 获取到号码【1707062】的GSD为【辽宁-鞍山】
2021-07-03 00:02:35 GSD insert 第 1 次 等待 1 秒
2021-07-03 00:02:36 {"status":"ok","msg":"添加成功！177516"}
2021-07-03 00:02:36 下次操作: 2021-07-03 00:02:50

2021-07-03 00:02:50 开始第 10 次操作

2021-07-03 00:02:50 开始操作号码 【1707063】
2021-07-03 00:03:01 GSD getOne 第 1 次 等待 1 秒
2021-07-03 00:03:02 查询号码 【1707063】，返回信息 {"status":"bad","msg":""}
2021-07-03 00:03:02 查询号码 【1707063】，GSD为【""】
2021-07-03 00:03:02 bad
2021-07-03 00:03:04 CHB 1707063?1625241782 第 1 次 等待 1 秒
2021-07-03 00:03:05 CHB 1707063?1625241782 第 1 次 获取到号码【1707063】GSD
2021-07-03 00:03:05 获取到号码【1707063】的GSD为【辽宁-鞍山】
2021-07-03 00:03:28 GSD insert 第 1 次 等待 1 秒
2021-07-03 00:03:29 {"status":"ok","msg":"添加成功！177527"}
2021-07-03 00:03:29 下次操作: 2021-07-03 00:03:37

2021-07-03 00:03:37 开始第 11 次操作

2021-07-03 00:03:37 开始操作号码 【1707064】
2021-07-03 00:04:14 GSD getOne 第 1 次 等待 1 秒
2021-07-03 00:04:15 查询号码 【1707064】，返回信息 {"status":"bad","msg":""}
2021-07-03 00:04:15 查询号码 【1707064】，GSD为【""】
2021-07-03 00:04:15 bad
2021-07-03 00:04:18 CHB 1707064?1625241855 第 1 次 等待 1 秒
2021-07-03 00:04:19 CHB 1707064?1625241855 第 1 次 获取到号码【1707064】GSD
2021-07-03 00:04:19 获取到号码【1707064】的GSD为【辽宁-鞍山】
2021-07-03 00:04:40 GSD insert 第 1 次 等待 1 秒
2021-07-03 00:04:41 {"status":"ok","msg":"添加成功！177546"}
2021-07-03 00:04:41 下次操作: 2021-07-03 00:04:50

2021-07-03 00:04:50 开始第 12 次操作

2021-07-03 00:04:50 开始操作号码 【1707065】
2021-07-03 00:05:04 GSD getOne 第 1 次 等待 1 秒
2021-07-03 00:05:05 查询号码 【1707065】，返回信息 {"status":"bad","msg":""}
2021-07-03 00:05:05 查询号码 【1707065】，GSD为【""】
2021-07-03 00:05:05 bad
2021-07-03 00:05:09 CHB 1707065?1625241905 第 1 次 等待 1 秒
2021-07-03 00:05:10 CHB 1707065?1625241905 第 1 次 获取到号码【1707065】GSD
2021-07-03 00:05:10 获取到号码【1707065】的GSD为【辽宁-鞍山】
2021-07-03 00:05:30 GSD insert 第 1 次 等待 1 秒
2021-07-03 00:05:31 {"status":"ok","msg":"添加成功！177558"}
2021-07-03 00:05:31 下次操作: 2021-07-03 00:05:42

2021-07-03 00:05:43 开始第 13 次操作

2021-07-03 00:05:43 开始操作号码 【1707066】
2021-07-03 00:05:54 GSD getOne 第 1 次 等待 1 秒
2021-07-03 00:05:55 查询号码 【1707066】，返回信息 {"status":"bad","msg":""}
2021-07-03 00:05:55 查询号码 【1707066】，GSD为【""】
2021-07-03 00:05:55 bad
2021-07-03 00:05:57 CHB 1707066?1625241955 第 1 次 等待 1 秒
2021-07-03 00:05:58 CHB 1707066?1625241955 第 1 次 获取到号码【1707066】GSD
2021-07-03 00:05:58 获取到号码【1707066】的GSD为【辽宁-鞍山】
2021-07-03 00:06:17 GSD insert 第 1 次 等待 1 秒
2021-07-03 00:06:18 {"status":"ok","msg":"添加成功！177568"}
2021-07-03 00:06:18 下次操作: 2021-07-03 00:06:34

2021-07-03 00:06:34 开始第 14 次操作

2021-07-03 00:06:34 开始操作号码 【1707067】
2021-07-03 00:06:40 GSD getOne 第 1 次 等待 1 秒
2021-07-03 00:06:41 查询号码 【1707067】，返回信息 {"status":"bad","msg":""}
2021-07-03 00:06:41 查询号码 【1707067】，GSD为【""】
2021-07-03 00:06:41 bad
2021-07-03 00:06:42 CHB 1707067?1625242001 第 1 次 等待 1 秒
2021-07-03 00:06:43 CHB 1707067?1625242001 第 1 次 获取到号码【1707067】GSD
2021-07-03 00:06:43 获取到号码【1707067】的GSD为【辽宁-鞍山】
2021-07-03 00:07:54 GSD insert 第 1 次 等待 1 秒
2021-07-03 00:07:55 {"status":"ok","msg":"添加成功！177586"}
2021-07-03 00:07:55 下次操作: 2021-07-03 00:08:05

2021-07-03 00:08:05 开始第 15 次操作

2021-07-03 00:08:05 开始操作号码 【1707068】
2021-07-03 00:08:17 GSD getOne 第 1 次 等待 1 秒
2021-07-03 00:08:18 查询号码 【1707068】，返回信息 {"status":"bad","msg":""}
2021-07-03 00:08:18 查询号码 【1707068】，GSD为【""】
2021-07-03 00:08:18 bad
2021-07-03 00:08:21 CHB 1707068?1625242098 第 1 次 等待 1 秒
2021-07-03 00:08:22 CHB 1707068?1625242098 第 1 次 获取到号码【1707068】GSD
2021-07-03 00:08:22 获取到号码【1707068】的GSD为【辽宁-沈阳】
2021-07-03 00:08:41 GSD insert 第 1 次 等待 1 秒
2021-07-03 00:08:42 {"status":"ok","msg":"添加成功！177596"}
2021-07-03 00:08:42 下次操作: 2021-07-03 00:08:58

2021-07-03 00:08:58 开始第 16 次操作

2021-07-03 00:08:58 开始操作号码 【1707069】
2021-07-03 00:09:02 GSD getOne 第 1 次 等待 1 秒
2021-07-03 00:09:03 查询号码 【1707069】，返回信息 {"status":"bad","msg":""}
2021-07-03 00:09:03 查询号码 【1707069】，GSD为【""】
2021-07-03 00:09:04 bad
2021-07-03 00:09:05 CHB 1707069?1625242144 第 1 次 等待 1 秒
2021-07-03 00:09:06 CHB 1707069?1625242144 第 1 次 获取到号码【1707069】GSD
2021-07-03 00:09:06 获取到号码【1707069】的GSD为【辽宁-沈阳】
2021-07-03 00:09:44 GSD insert 第 1 次 等待 1 秒
2021-07-03 00:09:45 {"status":"ok","msg":"添加成功！177606"}
2021-07-03 00:09:45 下次操作: 2021-07-03 00:09:59

2021-07-03 00:09:59 开始第 17 次操作

2021-07-03 00:09:59 开始操作号码 【1707070】
2021-07-03 00:10:12 GSD getOne 第 1 次 等待 1 秒
2021-07-03 00:10:13 查询号码 【1707070】，返回信息 {"status":"bad","msg":""}
2021-07-03 00:10:13 查询号码 【1707070】，GSD为【""】
2021-07-03 00:10:13 bad
2021-07-03 00:10:14 CHB 1707070?1625242213 第 1 次 等待 1 秒
2021-07-03 00:10:15 CHB 1707070?1625242213 第 1 次 获取到号码【1707070】GSD
2021-07-03 00:10:15 获取到号码【1707070】的GSD为【广西-南宁】
2021-07-03 00:10:35 GSD insert 第 1 次 等待 1 秒
2021-07-03 00:10:36 {"status":"ok","msg":"添加成功！177613"}
2021-07-03 00:10:36 下次操作: 2021-07-03 00:10:43

2021-07-03 00:10:43 开始第 18 次操作

2021-07-03 00:10:43 开始操作号码 【1707071】
2021-07-03 00:11:20 GSD getOne 第 1 次 等待 1 秒
2021-07-03 00:11:21 查询号码 【1707071】，返回信息 {"status":"bad","msg":""}
2021-07-03 00:11:21 查询号码 【1707071】，GSD为【""】
2021-07-03 00:11:21 bad
2021-07-03 00:11:23 CHB 1707071?1625242281 第 1 次 等待 1 秒
2021-07-03 00:11:24 CHB 1707071?1625242281 第 1 次 获取到号码【1707071】GSD
2021-07-03 00:11:24 获取到号码【1707071】的GSD为【广西-南宁】
2021-07-03 00:12:03 GSD insert 第 1 次 等待 1 秒
2021-07-03 00:12:04 {"status":"ok","msg":"添加成功！177626"}
2021-07-03 00:12:04 下次操作: 2021-07-03 00:12:22

2021-07-03 00:12:22 开始第 19 次操作

2021-07-03 00:12:22 开始操作号码 【1707072】
2021-07-03 00:12:26 GSD getOne 第 1 次 等待 1 秒
2021-07-03 00:12:27 查询号码 【1707072】，返回信息 {"status":"bad","msg":""}
2021-07-03 00:12:27 查询号码 【1707072】，GSD为【""】
2021-07-03 00:12:27 bad
2021-07-03 00:12:29 CHB 1707072?1625242347 第 1 次 等待 1 秒
2021-07-03 00:12:30 CHB 1707072?1625242347 第 1 次 获取到号码【1707072】GSD
2021-07-03 00:12:30 获取到号码【1707072】的GSD为【广西-南宁】
2021-07-03 00:12:51 GSD insert 第 1 次 等待 1 秒
2021-07-03 00:12:52 {"status":"ok","msg":"添加成功！177630"}
2021-07-03 00:12:52 下次操作: 2021-07-03 00:13:02

2021-07-03 00:13:02 开始第 20 次操作

2021-07-03 00:13:02 开始操作号码 【1707073】
2021-07-03 00:13:15 GSD getOne 第 1 次 等待 1 秒
2021-07-03 00:13:16 查询号码 【1707073】，返回信息 {"status":"bad","msg":""}
2021-07-03 00:13:17 查询号码 【1707073】，GSD为【""】
2021-07-03 00:13:17 bad
2021-07-03 00:13:18 CHB 1707073?1625242397 第 1 次 等待 1 秒
2021-07-03 00:13:19 CHB 1707073?1625242397 第 1 次 获取到号码【1707073】GSD
2021-07-03 00:13:19 获取到号码【1707073】的GSD为【广西-南宁】
2021-07-03 00:13:41 GSD insert 第 1 次 等待 1 秒
2021-07-03 00:13:42 {"status":"ok","msg":"添加成功！177635"}
2021-07-03 00:13:42 下次操作: 2021-07-03 00:13:58

2021-07-03 00:13:58 开始第 21 次操作

2021-07-03 00:13:58 开始操作号码 【1707074】
2021-07-03 00:14:04 GSD getOne 第 1 次 等待 1 秒
2021-07-03 00:14:05 查询号码 【1707074】，返回信息 {"status":"bad","msg":""}
2021-07-03 00:14:05 查询号码 【1707074】，GSD为【""】
2021-07-03 00:14:05 bad
2021-07-03 00:14:11 CHB 1707074?1625242445 第 1 次 等待 1 秒
2021-07-03 00:14:12 CHB 1707074?1625242445 第 1 次 获取到号码【1707074】GSD
2021-07-03 00:14:12 获取到号码【1707074】的GSD为【广西-南宁】
2021-07-03 00:14:26 GSD insert 第 1 次 等待 1 秒
2021-07-03 00:14:27 {"status":"ok","msg":"添加成功！177641"}
2021-07-03 00:14:27 下次操作: 2021-07-03 00:14:33

2021-07-03 00:14:33 开始第 22 次操作

2021-07-03 00:14:33 开始操作号码 【1707075】
2021-07-03 00:14:53 GSD getOne 第 1 次 等待 1 秒
2021-07-03 00:14:54 查询号码 【1707075】，返回信息 {"status":"bad","msg":""}
2021-07-03 00:14:54 查询号码 【1707075】，GSD为【""】
2021-07-03 00:14:54 bad
2021-07-03 00:14:56 CHB 1707075?1625242494 第 1 次 等待 1 秒
2021-07-03 00:14:57 CHB 1707075?1625242494 第 1 次 获取到号码【1707075】GSD
2021-07-03 00:14:57 获取到号码【1707075】的GSD为【广西-南宁】
2021-07-03 00:15:21 GSD insert 第 1 次 等待 1 秒
2021-07-03 00:15:22 {"status":"ok","msg":"添加成功！177647"}
2021-07-03 00:15:22 下次操作: 2021-07-03 00:15:36

2021-07-03 00:15:36 开始第 23 次操作

2021-07-03 00:15:36 开始操作号码 【1707076】
2021-07-03 00:15:41 GSD getOne 第 1 次 等待 1 秒
2021-07-03 00:15:42 查询号码 【1707076】，返回信息 {"status":"ok","msg":"广西-南宁","time_insert":"2021-04-21 16:28"}
2021-07-03 00:15:42 查询号码 【1707076】，GSD为【"广西-南宁"】

2021-07-03 00:15:42 开始第 23 次操作

2021-07-03 00:15:42 开始操作号码 【1707077】
2021-07-03 00:16:02 GSD getOne 第 1 次 等待 1 秒
2021-07-03 00:16:03 查询号码 【1707077】，返回信息 {"status":"bad","msg":""}
2021-07-03 00:16:03 查询号码 【1707077】，GSD为【""】
2021-07-03 00:16:03 bad
2021-07-03 00:16:05 CHB 1707077?1625242563 第 1 次 等待 1 秒
2021-07-03 00:16:06 CHB 1707077?1625242563 第 1 次 获取到号码【1707077】GSD
2021-07-03 00:16:06 获取到号码【1707077】的GSD为【广西-南宁】
2021-07-03 00:16:25 GSD insert 第 1 次 等待 1 秒
2021-07-03 00:16:26 {"status":"ok","msg":"添加成功！177651"}
2021-07-03 00:16:26 下次操作: 2021-07-03 00:16:42

2021-07-03 00:16:42 开始第 24 次操作

2021-07-03 00:16:42 开始操作号码 【1707078】
2021-07-03 00:16:50 GSD getOne 第 1 次 等待 1 秒
2021-07-03 00:16:51 查询号码 【1707078】，返回信息 {"status":"bad","msg":""}
2021-07-03 00:16:51 查询号码 【1707078】，GSD为【""】
2021-07-03 00:16:51 bad
2021-07-03 00:16:54 CHB 1707078?1625242611 第 1 次 等待 1 秒
2021-07-03 00:16:55 CHB 1707078?1625242611 第 1 次 获取到号码【1707078】GSD
2021-07-03 00:16:56 获取到号码【1707078】的GSD为【广西-南宁】
2021-07-03 00:17:15 GSD insert 第 1 次 等待 1 秒
2021-07-03 00:17:16 {"status":"ok","msg":"添加成功！177659"}
2021-07-03 00:17:16 下次操作: 2021-07-03 00:17:34

2021-07-03 00:17:34 开始第 25 次操作

2021-07-03 00:17:34 开始操作号码 【1707079】
2021-07-03 00:17:40 GSD getOne 第 1 次 等待 1 秒
2021-07-03 00:17:41 查询号码 【1707079】，返回信息 {"status":"bad","msg":""}
2021-07-03 00:17:41 查询号码 【1707079】，GSD为【""】
2021-07-03 00:17:41 bad
2021-07-03 00:17:50 CHB 1707079?1625242661 第 1 次 等待 1 秒
2021-07-03 00:17:51 CHB 1707079?1625242661 第 1 次 获取到号码【1707079】GSD
2021-07-03 00:17:51 获取到号码【1707079】的GSD为【广西-南宁】
2021-07-03 00:18:02 GSD insert 第 1 次 等待 1 秒
2021-07-03 00:18:03 {"status":"ok","msg":"添加成功！177663"}
2021-07-03 00:18:03 下次操作: 2021-07-03 00:18:12

2021-07-03 00:18:12 开始第 26 次操作

2021-07-03 00:18:12 开始操作号码 【1707080】
2021-07-03 00:18:27 GSD getOne 第 1 次 等待 1 秒
2021-07-03 00:18:28 查询号码 【1707080】，返回信息 {"status":"bad","msg":""}
2021-07-03 00:18:28 查询号码 【1707080】，GSD为【""】
2021-07-03 00:18:28 bad
2021-07-03 00:18:30 CHB 1707080?1625242708 第 1 次 等待 1 秒
2021-07-03 00:18:31 CHB 1707080?1625242708 第 1 次 获取到号码【1707080】GSD
2021-07-03 00:18:31 获取到号码【1707080】的GSD为【广东-广州】
2021-07-03 00:19:10 GSD insert 第 1 次 等待 1 秒
2021-07-03 00:19:11 {"status":"ok","msg":"添加成功！177668"}
2021-07-03 00:19:11 下次操作: 2021-07-03 00:19:21

2021-07-03 00:19:21 开始第 27 次操作

2021-07-03 00:19:21 开始操作号码 【1707081】
2021-07-03 00:19:40 GSD getOne 第 1 次 等待 1 秒
2021-07-03 00:19:41 查询号码 【1707081】，返回信息 {"status":"bad","msg":""}
2021-07-03 00:19:41 查询号码 【1707081】，GSD为【""】
2021-07-03 00:19:41 bad
2021-07-03 00:19:43 CHB 1707081?1625242781 第 1 次 等待 1 秒
2021-07-03 00:19:44 CHB 1707081?1625242781 第 1 次 获取到号码【1707081】GSD
2021-07-03 00:19:44 获取到号码【1707081】的GSD为【广东-广州】
2021-07-03 00:20:06 GSD insert 第 1 次 等待 1 秒
2021-07-03 00:20:07 {"status":"ok","msg":"添加成功！177676"}
2021-07-03 00:20:07 下次操作: 2021-07-03 00:20:22

2021-07-03 00:20:22 开始第 28 次操作

2021-07-03 00:20:22 开始操作号码 【1707082】
2021-07-03 00:20:42 GSD getOne 第 1 次 等待 1 秒
2021-07-03 00:20:43 查询号码 【1707082】，返回信息 {"status":"bad","msg":""}
2021-07-03 00:20:43 查询号码 【1707082】，GSD为【""】
2021-07-03 00:20:43 bad
2021-07-03 00:20:44 CHB 1707082?1625242843 第 1 次 等待 1 秒
2021-07-03 00:20:45 CHB 1707082?1625242843 第 1 次 获取到号码【1707082】GSD
2021-07-03 00:20:45 获取到号码【1707082】的GSD为【广东-广州】
2021-07-03 00:21:05 GSD insert 第 1 次 等待 1 秒
2021-07-03 00:21:06 {"status":"ok","msg":"添加成功！177680"}
2021-07-03 00:21:06 下次操作: 2021-07-03 00:21:17

2021-07-03 00:21:17 开始第 29 次操作

2021-07-03 00:21:17 开始操作号码 【1707083】
2021-07-03 00:21:29 GSD getOne 第 1 次 等待 1 秒
2021-07-03 00:21:30 查询号码 【1707083】，返回信息 {"status":"bad","msg":""}
2021-07-03 00:21:30 查询号码 【1707083】，GSD为【""】
2021-07-03 00:21:30 bad
2021-07-03 00:21:32 CHB 1707083?1625242890 第 1 次 等待 1 秒
2021-07-03 00:21:33 CHB 1707083?1625242890 第 1 次 获取到号码【1707083】GSD
2021-07-03 00:21:33 获取到号码【1707083】的GSD为【广东-广州】
2021-07-03 00:21:55 GSD insert 第 1 次 等待 1 秒
2021-07-03 00:21:56 {"status":"ok","msg":"添加成功！177683"}
2021-07-03 00:21:56 下次操作: 2021-07-03 00:22:05

2021-07-03 00:22:05 开始第 30 次操作

2021-07-03 00:22:05 开始操作号码 【1707084】
2021-07-03 00:22:22 GSD getOne 第 1 次 等待 1 秒
2021-07-03 00:22:23 查询号码 【1707084】，返回信息 {"status":"bad","msg":""}
2021-07-03 00:22:23 查询号码 【1707084】，GSD为【""】
2021-07-03 00:22:23 bad
2021-07-03 00:22:26 CHB 1707084?1625242943 第 1 次 等待 1 秒
2021-07-03 00:22:27 CHB 1707084?1625242943 第 1 次 获取到号码【1707084】GSD
2021-07-03 00:22:27 获取到号码【1707084】的GSD为【广东-广州】
2021-07-03 00:22:54 GSD insert 第 1 次 等待 1 秒
2021-07-03 00:22:55 {"status":"ok","msg":"添加成功！177686"}

