2024-05-06 00:20:51 开始第 7273 次操作

2024-05-06 00:20:51 开始操作号码 【1607174】
2024-05-06 00:20:58 GSD getOne 第 1 次 等待 3 秒
2024-05-06 00:21:01 查询号码 【1607174】，返回信息 {"status":"ok","msg":"-","gid":"672136","time_insert":"2023-04-23 05:03"}
2024-05-06 00:21:01 查询号码 【1607174】，GSD为【"-"】
2024-05-06 00:21:01 ok && -
2024-05-06 00:21:04 CHB 1607174?1714926061 第 1 次 等待 3 秒
2024-05-06 00:21:07 CHB 1607174?1714926061 第 1 次 获取到号码【1607174】GSD
2024-05-06 00:21:07 未获取到号码【1607174】GSD，可能号码格式错误
2024-05-06 00:21:07 获取到号码【1607174】的GSD为【-】
2024-05-06 00:21:13 GSD insert 第 1 次 等待 3 秒
2024-05-06 00:21:16 {"status":"bad","gid":"672136","msg":"添加失败！号码【1607174(-|-)】已存在！"}
2024-05-06 00:21:16 随机等待 225 秒，约 3 分钟
2024-05-06 00:21:16 下次操作: 2024-05-06 00:25:01

2024-05-06 00:25:01 开始第 7274 次操作

2024-05-06 00:25:01 开始操作号码 【1607175】
2024-05-06 00:25:08 GSD getOne 第 1 次 等待 3 秒
2024-05-06 00:25:11 查询号码 【1607175】，返回信息 {"status":"ok","msg":"-","gid":"672154","time_insert":"2023-04-23 05:17"}
2024-05-06 00:25:11 查询号码 【1607175】，GSD为【"-"】
2024-05-06 00:25:11 ok && -
2024-05-06 00:25:14 CHB 1607175?1714926311 第 1 次 等待 3 秒
2024-05-06 00:25:17 CHB 1607175?1714926311 第 1 次 获取到号码【1607175】GSD
2024-05-06 00:25:17 未获取到号码【1607175】GSD，可能号码格式错误
2024-05-06 00:25:17 获取到号码【1607175】的GSD为【-】
2024-05-06 00:25:22 GSD insert 第 1 次 等待 3 秒
2024-05-06 00:25:25 {"status":"bad","gid":"672154","msg":"添加失败！号码【1607175(-|-)】已存在！"}
2024-05-06 00:25:25 随机等待 218 秒，约 3 分钟
2024-05-06 00:25:25 下次操作: 2024-05-06 00:29:03

2024-05-06 00:29:03 开始第 7275 次操作

2024-05-06 00:29:03 开始操作号码 【1607176】
2024-05-06 00:29:10 GSD getOne 第 1 次 等待 3 秒
2024-05-06 00:29:13 查询号码 【1607176】，返回信息 {"status":"ok","msg":"-","gid":"672177","time_insert":"2023-04-23 05:33"}
2024-05-06 00:29:13 查询号码 【1607176】，GSD为【"-"】
2024-05-06 00:29:13 ok && -
2024-05-06 00:29:15 CHB 1607176?1714926553 第 1 次 等待 3 秒
2024-05-06 00:29:18 CHB 1607176?1714926553 第 1 次 获取到号码【1607176】GSD
2024-05-06 00:29:18 未获取到号码【1607176】GSD，可能号码格式错误
2024-05-06 00:29:18 获取到号码【1607176】的GSD为【-】
2024-05-06 00:29:35 GSD insert 第 1 次 等待 3 秒
2024-05-06 00:29:38 {"status":"bad","gid":"672177","msg":"添加失败！号码【1607176(-|-)】已存在！"}
2024-05-06 00:29:38 随机等待 203 秒，约 3 分钟
2024-05-06 00:29:38 下次操作: 2024-05-06 00:33:01

2024-05-06 00:33:01 开始第 7276 次操作

2024-05-06 00:33:01 开始操作号码 【1607177】
2024-05-06 00:33:06 GSD getOne 第 1 次 等待 3 秒
2024-05-06 00:33:09 查询号码 【1607177】，返回信息 {"status":"ok","msg":"-","gid":"672213","time_insert":"2023-04-23 05:55"}
2024-05-06 00:33:10 查询号码 【1607177】，GSD为【"-"】
2024-05-06 00:33:10 ok && -
2024-05-06 00:33:17 CHB 1607177?1714926790 第 1 次 等待 3 秒
2024-05-06 00:33:20 CHB 1607177?1714926790 第 1 次 获取到号码【1607177】GSD
2024-05-06 00:33:20 未获取到号码【1607177】GSD，可能号码格式错误
2024-05-06 00:33:20 获取到号码【1607177】的GSD为【-】
2024-05-06 00:33:29 GSD insert 第 1 次 等待 3 秒
2024-05-06 00:33:32 {"status":"bad","gid":"672213","msg":"添加失败！号码【1607177(-|-)】已存在！"}

2024-05-06 00:38:16 开始第 7277 次操作

2024-05-06 00:38:16 开始操作号码 【1607178】
2024-05-06 00:38:26 GSD getOne 第 1 次 等待 3 秒
2024-05-06 00:38:29 查询号码 【1607178】，返回信息 {"status":"ok","msg":"-","gid":"672221","time_insert":"2023-04-23 06:04"}
2024-05-06 00:38:29 查询号码 【1607178】，GSD为【"-"】
2024-05-06 00:38:29 ok && -
2024-05-06 00:38:31 CHB 1607178?1714927109 第 1 次 等待 3 秒
2024-05-06 00:38:34 CHB 1607178?1714927109 第 1 次 获取到号码【1607178】GSD
2024-05-06 00:38:34 未获取到号码【1607178】GSD，可能号码格式错误
2024-05-06 00:38:34 获取到号码【1607178】的GSD为【-】
2024-05-06 00:38:46 GSD insert 第 1 次 等待 3 秒
2024-05-06 00:38:49 {"status":"bad","gid":"672221","msg":"添加失败！号码【1607178(-|-)】已存在！"}
2024-05-06 00:38:49 随机等待 217 秒，约 3 分钟
2024-05-06 00:38:49 下次操作: 2024-05-06 00:42:26

2024-05-06 00:42:26 开始第 7278 次操作

2024-05-06 00:42:26 开始操作号码 【1607179】
2024-05-06 00:42:34 GSD getOne 第 1 次 等待 3 秒
2024-05-06 00:42:37 查询号码 【1607179】，返回信息 {"status":"ok","msg":"-","gid":"672242","time_insert":"2023-04-23 06:18"}
2024-05-06 00:42:37 查询号码 【1607179】，GSD为【"-"】
2024-05-06 00:42:37 ok && -
2024-05-06 00:42:39 CHB 1607179?1714927357 第 1 次 等待 3 秒
2024-05-06 00:42:42 CHB 1607179?1714927357 第 1 次 获取到号码【1607179】GSD
2024-05-06 00:42:42 未获取到号码【1607179】GSD，可能号码格式错误
2024-05-06 00:42:42 获取到号码【1607179】的GSD为【-】
2024-05-06 00:42:50 GSD insert 第 1 次 等待 3 秒
2024-05-06 00:42:53 {"status":"bad","gid":"672242","msg":"添加失败！号码【1607179(-|-)】已存在！"}
2024-05-06 00:42:53 随机等待 115 秒，约 1 分钟
2024-05-06 00:42:53 下次操作: 2024-05-06 00:44:48

2024-05-06 00:44:48 开始第 7279 次操作

2024-05-06 00:44:48 开始操作号码 【1607180】
2024-05-06 00:44:55 GSD getOne 第 1 次 等待 3 秒
2024-05-06 00:44:58 查询号码 【1607180】，返回信息 {"status":"ok","msg":"-","gid":"672252","time_insert":"2023-04-23 06:27"}
2024-05-06 00:44:58 查询号码 【1607180】，GSD为【"-"】
2024-05-06 00:44:58 ok && -
2024-05-06 00:45:01 CHB 1607180?1714927498 第 1 次 等待 3 秒
2024-05-06 00:45:04 CHB 1607180?1714927498 第 1 次 获取到号码【1607180】GSD
2024-05-06 00:45:04 未获取到号码【1607180】GSD，可能号码格式错误
2024-05-06 00:45:04 获取到号码【1607180】的GSD为【-】
2024-05-06 00:45:15 GSD insert 第 1 次 等待 3 秒
2024-05-06 00:45:18 {"status":"bad","gid":"672252","msg":"添加失败！号码【1607180(-|-)】已存在！"}
2024-05-06 00:45:18 随机等待 107 秒，约 1 分钟
2024-05-06 00:45:18 下次操作: 2024-05-06 00:47:05

2024-05-06 00:47:05 开始第 7280 次操作

2024-05-06 00:47:05 开始操作号码 【1607181】
2024-05-06 00:47:13 GSD getOne 第 1 次 等待 3 秒
2024-05-06 00:47:16 查询号码 【1607181】，返回信息 {"status":"ok","msg":"-","gid":"672273","time_insert":"2023-04-23 06:41"}
2024-05-06 00:47:16 查询号码 【1607181】，GSD为【"-"】
2024-05-06 00:47:16 ok && -
2024-05-06 00:47:19 CHB 1607181?1714927636 第 1 次 等待 3 秒
2024-05-06 00:47:22 CHB 1607181?1714927636 第 1 次 获取到号码【1607181】GSD
2024-05-06 00:47:22 未获取到号码【1607181】GSD，可能号码格式错误
2024-05-06 00:47:22 获取到号码【1607181】的GSD为【-】
2024-05-06 00:47:27 GSD insert 第 1 次 等待 3 秒
2024-05-06 00:47:30 {"status":"bad","gid":"672273","msg":"添加失败！号码【1607181(-|-)】已存在！"}

