2023-10-31 00:20:59 开始第 5909 次操作

2023-10-31 00:20:59 开始操作号码 【1925818】
2023-10-31 00:21:03 GSD getOne 第 1 次 等待 3 秒
2023-10-31 00:21:06 查询号码 【1925818】，返回信息 {"status":"ok","msg":"-","gid":"619229","time_insert":"2023-03-28 04:18"}
2023-10-31 00:21:06 查询号码 【1925818】，GSD为【"-"】
2023-10-31 00:21:06 ok && -
2023-10-31 00:21:13 CHB 1925818?1698682866 第 1 次 等待 3 秒
2023-10-31 00:21:16 CHB 1925818?1698682866 第 1 次 获取到号码【1925818】GSD
2023-10-31 00:21:16 未获取到号码【1925818】GSD，可能号码格式错误
2023-10-31 00:21:16 获取到号码【1925818】的GSD为【-】
2023-10-31 00:21:19 GSD insert 第 1 次 等待 3 秒
2023-10-31 00:21:22 {"status":"bad","gid":"619229","msg":"添加失败！号码【1925818(-|-)】已存在！"}
2023-10-31 00:21:22 随机等待 83 秒，约 1 分钟
2023-10-31 00:21:22 下次操作: 2023-10-31 00:22:45

2023-10-31 00:22:46 开始第 5910 次操作

2023-10-31 00:22:46 开始操作号码 【1925819】
2023-10-31 00:22:52 GSD getOne 第 1 次 等待 3 秒
2023-10-31 00:22:55 查询号码 【1925819】，返回信息 {"status":"ok","msg":"-","gid":"619225","time_insert":"2023-03-28 04:16"}
2023-10-31 00:22:55 查询号码 【1925819】，GSD为【"-"】
2023-10-31 00:22:55 ok && -
2023-10-31 00:22:57 CHB 1925819?1698682975 第 1 次 等待 3 秒
2023-10-31 00:23:00 CHB 1925819?1698682975 第 1 次 获取到号码【1925819】GSD
2023-10-31 00:23:00 未获取到号码【1925819】GSD，可能号码格式错误
2023-10-31 00:23:00 获取到号码【1925819】的GSD为【-】
2023-10-31 00:23:04 GSD insert 第 1 次 等待 3 秒
2023-10-31 00:23:07 {"status":"bad","gid":"619225","msg":"添加失败！号码【1925819(-|-)】已存在！"}
2023-10-31 00:23:07 随机等待 156 秒，约 2 分钟
2023-10-31 00:23:07 下次操作: 2023-10-31 00:25:43

2023-10-31 00:25:43 开始第 5911 次操作

2023-10-31 00:25:43 开始操作号码 【1925820】
2023-10-31 00:26:24 GSD getOne 第 1 次 等待 3 秒
2023-10-31 00:36:50 GSD getOne 第 2 次 等待 3 秒
2023-10-31 00:36:57 GSD getOne 第 3 次 等待 3 秒
2023-10-31 00:37:00 查询号码 【1925820】，返回信息 {"status":"ok","msg":"-","gid":"619223","time_insert":"2023-03-28 04:14"}
2023-10-31 00:37:01 查询号码 【1925820】，GSD为【"-"】
2023-10-31 00:37:01 ok && -
2023-10-31 00:37:07 CHB 1925820?1698683821 第 1 次 等待 3 秒
2023-10-31 00:37:10 CHB 1925820?1698683821 第 1 次 获取到号码【1925820】GSD
2023-10-31 00:37:10 未获取到号码【1925820】GSD，可能号码格式错误
2023-10-31 00:37:10 获取到号码【1925820】的GSD为【-】
2023-10-31 00:37:18 GSD insert 第 1 次 等待 3 秒
2023-10-31 00:37:21 {"status":"bad","gid":"619223","msg":"添加失败！号码【1925820(-|-)】已存在！"}
2023-10-31 00:37:21 随机等待 86 秒，约 1 分钟
2023-10-31 00:37:21 下次操作: 2023-10-31 00:38:47

2023-10-31 00:38:47 开始第 5912 次操作

2023-10-31 00:38:47 开始操作号码 【1925821】
2023-10-31 00:38:50 GSD getOne 第 1 次 等待 3 秒
2023-10-31 00:38:53 查询号码 【1925821】，返回信息 {"status":"ok","msg":"-","gid":"619207","time_insert":"2023-03-28 04:01"}
2023-10-31 00:38:53 查询号码 【1925821】，GSD为【"-"】
2023-10-31 00:38:53 ok && -
2023-10-31 00:38:55 CHB 1925821?1698683933 第 1 次 等待 3 秒
2023-10-31 00:38:58 CHB 1925821?1698683933 第 1 次 获取到号码【1925821】GSD
2023-10-31 00:38:58 未获取到号码【1925821】GSD，可能号码格式错误
2023-10-31 00:38:58 获取到号码【1925821】的GSD为【-】
2023-10-31 00:39:11 GSD insert 第 1 次 等待 3 秒
2023-10-31 00:39:14 {"status":"bad","gid":"619207","msg":"添加失败！号码【1925821(-|-)】已存在！"}

