2024-03-06 00:19:12 开始第 7297 次操作

2024-03-06 00:19:12 开始操作号码 【1717199】
2024-03-06 00:19:17 GSD getOne 第 1 次 等待 3 秒
2024-03-06 00:19:20 查询号码 【1717199】，返回信息 {"status":"ok","msg":"辽宁-大连","gid":"214768","time_insert":"2021-07-07 14:58"}
2024-03-06 00:19:20 查询号码 【1717199】，GSD为【"辽宁-大连"】

2024-03-06 00:19:21 开始第 7298 次操作

2024-03-06 00:19:21 开始操作号码 【1717200】
2024-03-06 00:19:25 GSD getOne 第 1 次 等待 3 秒
2024-03-06 00:19:28 查询号码 【1717200】，返回信息 {"status":"ok","msg":"天津-天津","gid":"214774","time_insert":"2021-07-07 14:59"}
2024-03-06 00:19:28 查询号码 【1717200】，GSD为【"天津-天津"】

2024-03-06 00:19:29 开始第 7299 次操作

2024-03-06 00:19:29 开始操作号码 【1717201】
2024-03-06 00:19:35 GSD getOne 第 1 次 等待 3 秒
2024-03-06 00:19:38 查询号码 【1717201】，返回信息 {"status":"ok","msg":"天津-天津","gid":"214780","time_insert":"2021-07-07 14:59"}
2024-03-06 00:19:38 查询号码 【1717201】，GSD为【"天津-天津"】

2024-03-06 00:19:39 开始第 7300 次操作

2024-03-06 00:19:39 开始操作号码 【1717202】
2024-03-06 00:19:43 GSD getOne 第 1 次 等待 3 秒
2024-03-06 00:19:46 查询号码 【1717202】，返回信息 {"status":"ok","msg":"天津-天津","gid":"214782","time_insert":"2021-07-07 14:59"}
2024-03-06 00:19:46 查询号码 【1717202】，GSD为【"天津-天津"】

2024-03-06 00:37:44 开始第 7301 次操作

2024-03-06 00:37:44 开始操作号码 【1717203】
2024-03-06 00:37:49 GSD getOne 第 1 次 等待 3 秒
2024-03-06 00:37:52 查询号码 【1717203】，返回信息 {"status":"ok","msg":"天津-天津","gid":"214788","time_insert":"2021-07-07 15:00","time_update":"2021-08-06 13:40"}
2024-03-06 00:37:52 查询号码 【1717203】，GSD为【"天津-天津"】

2024-03-06 00:37:53 开始第 7302 次操作

2024-03-06 00:37:53 开始操作号码 【1717204】
2024-03-06 00:37:58 GSD getOne 第 1 次 等待 3 秒
2024-03-06 00:38:01 查询号码 【1717204】，返回信息 {"status":"ok","msg":"天津-天津","gid":"214791","time_insert":"2021-07-07 15:00"}
2024-03-06 00:38:01 查询号码 【1717204】，GSD为【"天津-天津"】

2024-03-06 00:38:02 开始第 7303 次操作

2024-03-06 00:38:02 开始操作号码 【1717205】
2024-03-06 00:38:07 GSD getOne 第 1 次 等待 3 秒
2024-03-06 00:38:10 查询号码 【1717205】，返回信息 {"status":"ok","msg":"天津-天津","gid":"214799","time_insert":"2021-07-07 15:01"}
2024-03-06 00:38:10 查询号码 【1717205】，GSD为【"天津-天津"】

2024-03-06 00:38:11 开始第 7304 次操作

2024-03-06 00:38:11 开始操作号码 【1717206】
2024-03-06 00:38:18 GSD getOne 第 1 次 等待 3 秒
2024-03-06 00:38:21 查询号码 【1717206】，返回信息 {"status":"ok","msg":"天津-天津","gid":"214804","time_insert":"2021-07-07 15:01"}
2024-03-06 00:38:21 查询号码 【1717206】，GSD为【"天津-天津"】

2024-03-06 01:16:47 开始第 7305 次操作

2024-03-06 01:16:47 开始操作号码 【1717207】
2024-03-06 01:16:53 GSD getOne 第 1 次 等待 3 秒
2024-03-06 01:16:56 查询号码 【1717207】，返回信息 {"status":"ok","msg":"天津-天津","gid":"214806","time_insert":"2021-07-07 15:02"}
2024-03-06 01:16:56 查询号码 【1717207】，GSD为【"天津-天津"】

2024-03-06 01:16:57 开始第 7306 次操作

2024-03-06 01:16:57 开始操作号码 【1717208】
2024-03-06 01:17:01 GSD getOne 第 1 次 等待 3 秒
2024-03-06 01:17:04 查询号码 【1717208】，返回信息 {"status":"ok","msg":"天津-天津","gid":"214808","time_insert":"2021-07-07 15:02"}
2024-03-06 01:17:04 查询号码 【1717208】，GSD为【"天津-天津"】

2024-03-06 01:17:05 开始第 7307 次操作

2024-03-06 01:17:05 开始操作号码 【1717209】
2024-03-06 01:17:09 GSD getOne 第 1 次 等待 3 秒
2024-03-06 01:17:12 查询号码 【1717209】，返回信息 {"status":"ok","msg":"天津-天津","gid":"214813","time_insert":"2021-07-07 15:02"}
2024-03-06 01:17:12 查询号码 【1717209】，GSD为【"天津-天津"】

2024-03-06 01:17:13 开始第 7308 次操作

2024-03-06 01:17:13 开始操作号码 【1717210】
2024-03-06 01:17:17 GSD getOne 第 1 次 等待 3 秒
2024-03-06 01:17:20 查询号码 【1717210】，返回信息 {"status":"ok","msg":"上海-上海","gid":"214817","time_insert":"2021-07-07 15:03"}
2024-03-06 01:17:20 查询号码 【1717210】，GSD为【"上海-上海"】

