2024-07-26 00:23:37 开始第 7925 次操作

2024-07-26 00:23:37 开始操作号码 【1497814】
2024-07-26 00:23:46 GSD getOne 第 1 次 等待 3 秒
2024-07-26 00:23:49 查询号码 【1497814】，返回信息 {"status":"ok","msg":"-","gid":"347695","time_insert":"2021-07-21 17:11"}
2024-07-26 00:23:49 查询号码 【1497814】，GSD为【"-"】
2024-07-26 00:23:49 ok && -
2024-07-26 00:23:52 CHB 1497814?1721924629 第 1 次 等待 3 秒
2024-07-26 00:23:55 CHB 1497814?1721924629 第 1 次 获取到号码【1497814】GSD
2024-07-26 00:23:55 未获取到号码【1497814】GSD，可能号码格式错误
2024-07-26 00:23:55 获取到号码【1497814】的GSD为【-】
2024-07-26 00:24:03 GSD insert 第 1 次 等待 3 秒
2024-07-26 00:24:06 {"status":"bad","gid":"347695","msg":"添加失败！号码【1497814(-|-)】已存在！"}
2024-07-26 00:24:06 随机等待 232 秒，约 3 分钟
2024-07-26 00:24:06 下次操作: 2024-07-26 00:27:58

2024-07-26 00:27:58 开始第 7926 次操作

2024-07-26 00:27:58 开始操作号码 【1497815】
2024-07-26 00:28:06 GSD getOne 第 1 次 等待 3 秒
2024-07-26 00:28:09 查询号码 【1497815】，返回信息 {"status":"ok","msg":"-","gid":"347815","time_insert":"2021-07-21 17:43"}
2024-07-26 00:28:09 查询号码 【1497815】，GSD为【"-"】
2024-07-26 00:28:09 ok && -
2024-07-26 00:28:11 CHB 1497815?1721924889 第 1 次 等待 3 秒
2024-07-26 00:28:14 CHB 1497815?1721924889 第 1 次 获取到号码【1497815】GSD
2024-07-26 00:28:14 未获取到号码【1497815】GSD，可能号码格式错误
2024-07-26 00:28:14 获取到号码【1497815】的GSD为【-】
2024-07-26 00:28:28 GSD insert 第 1 次 等待 3 秒
2024-07-26 00:28:31 {"status":"bad","gid":"347815","msg":"添加失败！号码【1497815(-|-)】已存在！"}
2024-07-26 00:28:31 随机等待 143 秒，约 2 分钟
2024-07-26 00:28:31 下次操作: 2024-07-26 00:30:54

2024-07-26 00:30:54 开始第 7927 次操作

2024-07-26 00:30:54 开始操作号码 【1497816】
2024-07-26 00:31:03 GSD getOne 第 1 次 等待 3 秒
2024-07-26 00:31:06 查询号码 【1497816】，返回信息 {"status":"ok","msg":"-","gid":"347825","time_insert":"2021-07-21 17:44"}
2024-07-26 00:31:06 查询号码 【1497816】，GSD为【"-"】
2024-07-26 00:31:06 ok && -
2024-07-26 00:31:08 CHB 1497816?1721925066 第 1 次 等待 3 秒
2024-07-26 00:31:11 CHB 1497816?1721925066 第 1 次 获取到号码【1497816】GSD
2024-07-26 00:31:11 未获取到号码【1497816】GSD，可能号码格式错误
2024-07-26 00:31:11 获取到号码【1497816】的GSD为【-】
2024-07-26 00:31:19 GSD insert 第 1 次 等待 3 秒
2024-07-26 00:31:22 {"status":"bad","gid":"347825","msg":"添加失败！号码【1497816(-|-)】已存在！"}
2024-07-26 00:31:22 随机等待 202 秒，约 3 分钟
2024-07-26 00:31:22 下次操作: 2024-07-26 00:34:44

2024-07-26 00:34:44 开始第 7928 次操作

2024-07-26 00:34:44 开始操作号码 【1497817】
2024-07-26 00:34:52 GSD getOne 第 1 次 等待 3 秒
2024-07-26 00:34:55 查询号码 【1497817】，返回信息 {"status":"ok","msg":"-","gid":"347835","time_insert":"2021-07-21 17:46"}
2024-07-26 00:34:55 查询号码 【1497817】，GSD为【"-"】
2024-07-26 00:34:55 ok && -
2024-07-26 00:34:57 CHB 1497817?1721925295 第 1 次 等待 3 秒
2024-07-26 00:35:00 CHB 1497817?1721925295 第 1 次 获取到号码【1497817】GSD
2024-07-26 00:35:00 未获取到号码【1497817】GSD，可能号码格式错误
2024-07-26 00:35:00 获取到号码【1497817】的GSD为【-】
2024-07-26 00:35:08 GSD insert 第 1 次 等待 3 秒
2024-07-26 00:35:11 {"status":"bad","gid":"347835","msg":"添加失败！号码【1497817(-|-)】已存在！"}

