2023-11-17 00:23:01 开始第 8901 次操作

2023-11-17 00:23:01 开始操作号码 【1928803】
2023-11-17 00:23:05 GSD getOne 第 1 次 等待 3 秒
2023-11-17 00:23:08 查询号码 【1928803】，返回信息 {"status":"ok","msg":"-","gid":"602977","time_insert":"2023-03-20 15:03"}
2023-11-17 00:23:08 查询号码 【1928803】，GSD为【"-"】
2023-11-17 00:23:08 ok && -
2023-11-17 00:23:10 CHB 1928803?1700151788 第 1 次 等待 3 秒
2023-11-17 00:23:13 CHB 1928803?1700151788 第 1 次 获取到号码【1928803】GSD
2023-11-17 00:23:14 未获取到号码【1928803】GSD，可能号码格式错误
2023-11-17 00:23:14 获取到号码【1928803】的GSD为【-】
2023-11-17 00:23:17 GSD insert 第 1 次 等待 3 秒
2023-11-17 00:23:20 {"status":"bad","gid":"602977","msg":"添加失败！号码【1928803(-|-)】已存在！"}
2023-11-17 00:23:20 随机等待 197 秒，约 3 分钟
2023-11-17 00:23:20 下次操作: 2023-11-17 00:26:37

2023-11-17 00:26:37 开始第 8902 次操作

2023-11-17 00:26:37 开始操作号码 【1928804】
2023-11-17 00:26:41 GSD getOne 第 1 次 等待 3 秒
2023-11-17 00:26:44 查询号码 【1928804】，返回信息 {"status":"ok","msg":"-","gid":"602975","time_insert":"2023-03-20 15:01"}
2023-11-17 00:26:44 查询号码 【1928804】，GSD为【"-"】
2023-11-17 00:26:44 ok && -
2023-11-17 00:26:46 CHB 1928804?1700152004 第 1 次 等待 3 秒
2023-11-17 00:26:49 CHB 1928804?1700152004 第 1 次 获取到号码【1928804】GSD
2023-11-17 00:26:49 未获取到号码【1928804】GSD，可能号码格式错误
2023-11-17 00:26:49 获取到号码【1928804】的GSD为【-】
2023-11-17 00:26:53 GSD insert 第 1 次 等待 3 秒
2023-11-17 00:26:56 {"status":"bad","gid":"602975","msg":"添加失败！号码【1928804(-|-)】已存在！"}
2023-11-17 00:26:56 随机等待 82 秒，约 1 分钟
2023-11-17 00:26:56 下次操作: 2023-11-17 00:28:18

2023-11-17 00:28:18 开始第 8903 次操作

2023-11-17 00:28:18 开始操作号码 【1928805】
2023-11-17 00:28:24 GSD getOne 第 1 次 等待 3 秒
2023-11-17 00:28:27 查询号码 【1928805】，返回信息 {"status":"ok","msg":"-","gid":"602968","time_insert":"2023-03-20 14:59"}
2023-11-17 00:28:27 查询号码 【1928805】，GSD为【"-"】
2023-11-17 00:28:27 ok && -
2023-11-17 00:28:30 CHB 1928805?1700152107 第 1 次 等待 3 秒
2023-11-17 00:28:33 CHB 1928805?1700152107 第 1 次 获取到号码【1928805】GSD
2023-11-17 00:28:33 未获取到号码【1928805】GSD，可能号码格式错误
2023-11-17 00:28:33 获取到号码【1928805】的GSD为【-】
2023-11-17 00:28:36 GSD insert 第 1 次 等待 3 秒
2023-11-17 00:28:39 {"status":"bad","gid":"602968","msg":"添加失败！号码【1928805(-|-)】已存在！"}
2023-11-17 00:28:39 随机等待 130 秒，约 2 分钟
2023-11-17 00:28:39 下次操作: 2023-11-17 00:30:49

2023-11-17 00:30:49 开始第 8904 次操作

2023-11-17 00:30:49 开始操作号码 【1928806】
2023-11-17 00:30:57 GSD getOne 第 1 次 等待 3 秒
2023-11-17 00:31:00 查询号码 【1928806】，返回信息 {"status":"ok","msg":"-","gid":"602965","time_insert":"2023-03-20 14:58"}
2023-11-17 00:31:00 查询号码 【1928806】，GSD为【"-"】
2023-11-17 00:31:00 ok && -
2023-11-17 00:31:03 CHB 1928806?1700152260 第 1 次 等待 3 秒
2023-11-17 00:31:06 CHB 1928806?1700152260 第 1 次 获取到号码【1928806】GSD
2023-11-17 00:31:06 未获取到号码【1928806】GSD，可能号码格式错误
2023-11-17 00:31:06 获取到号码【1928806】的GSD为【-】
2023-11-17 00:31:09 GSD insert 第 1 次 等待 3 秒
2023-11-17 00:31:12 {"status":"bad","gid":"602965","msg":"添加失败！号码【1928806(-|-)】已存在！"}

2023-11-17 00:42:05 开始第 8905 次操作

2023-11-17 00:42:05 开始操作号码 【1928807】
2023-11-17 00:42:14 GSD getOne 第 1 次 等待 3 秒
2023-11-17 00:42:17 查询号码 【1928807】，返回信息 {"status":"ok","msg":"-","gid":"602963","time_insert":"2023-03-20 14:56"}
2023-11-17 00:42:17 查询号码 【1928807】，GSD为【"-"】
2023-11-17 00:42:17 ok && -
2023-11-17 00:42:20 CHB 1928807?1700152937 第 1 次 等待 3 秒
2023-11-17 00:42:23 CHB 1928807?1700152937 第 1 次 获取到号码【1928807】GSD
2023-11-17 00:42:23 未获取到号码【1928807】GSD，可能号码格式错误
2023-11-17 00:42:23 获取到号码【1928807】的GSD为【-】
2023-11-17 00:42:28 GSD insert 第 1 次 等待 3 秒
2023-11-17 00:42:31 {"status":"bad","gid":"602963","msg":"添加失败！号码【1928807(-|-)】已存在！"}
2023-11-17 00:42:31 随机等待 76 秒，约 1 分钟
2023-11-17 00:42:31 下次操作: 2023-11-17 00:43:47

2023-11-17 00:43:47 开始第 8906 次操作

2023-11-17 00:43:47 开始操作号码 【1928808】
2023-11-17 00:43:54 GSD getOne 第 1 次 等待 3 秒
2023-11-17 00:43:57 查询号码 【1928808】，返回信息 {"status":"ok","msg":"-","gid":"602959","time_insert":"2023-03-20 14:54"}
2023-11-17 00:43:57 查询号码 【1928808】，GSD为【"-"】
2023-11-17 00:43:57 ok && -
2023-11-17 00:44:01 CHB 1928808?1700153037 第 1 次 等待 3 秒
2023-11-17 00:44:04 CHB 1928808?1700153037 第 1 次 获取到号码【1928808】GSD
2023-11-17 00:44:04 未获取到号码【1928808】GSD，可能号码格式错误
2023-11-17 00:44:04 获取到号码【1928808】的GSD为【-】
2023-11-17 00:44:07 GSD insert 第 1 次 等待 3 秒
2023-11-17 00:44:10 {"status":"bad","gid":"602959","msg":"添加失败！号码【1928808(-|-)】已存在！"}
2023-11-17 00:44:10 随机等待 117 秒，约 1 分钟
2023-11-17 00:44:10 下次操作: 2023-11-17 00:46:07

2023-11-17 00:46:07 开始第 8907 次操作

2023-11-17 00:46:07 开始操作号码 【1928809】
2023-11-17 00:46:11 GSD getOne 第 1 次 等待 3 秒
2023-11-17 00:46:14 查询号码 【1928809】，返回信息 {"status":"ok","msg":"-","gid":"602955","time_insert":"2023-03-20 14:52"}
2023-11-17 00:46:14 查询号码 【1928809】，GSD为【"-"】
2023-11-17 00:46:14 ok && -
2023-11-17 00:46:16 CHB 1928809?1700153174 第 1 次 等待 3 秒
2023-11-17 00:46:19 CHB 1928809?1700153174 第 1 次 获取到号码【1928809】GSD
2023-11-17 00:46:19 未获取到号码【1928809】GSD，可能号码格式错误
2023-11-17 00:46:19 获取到号码【1928809】的GSD为【-】
2023-11-17 00:46:23 GSD insert 第 1 次 等待 3 秒
2023-11-17 00:46:26 {"status":"bad","gid":"602955","msg":"添加失败！号码【1928809(-|-)】已存在！"}
2023-11-17 00:46:26 随机等待 165 秒，约 2 分钟
2023-11-17 00:46:26 下次操作: 2023-11-17 00:49:11

2023-11-17 00:49:11 开始第 8908 次操作

2023-11-17 00:49:11 开始操作号码 【1928810】
2023-11-17 00:49:15 GSD getOne 第 1 次 等待 3 秒
2023-11-17 00:49:18 查询号码 【1928810】，返回信息 {"status":"ok","msg":"-","gid":"602949","time_insert":"2023-03-20 14:49"}
2023-11-17 00:49:18 查询号码 【1928810】，GSD为【"-"】
2023-11-17 00:49:18 ok && -
2023-11-17 00:49:21 CHB 1928810?1700153358 第 1 次 等待 3 秒
2023-11-17 00:49:24 CHB 1928810?1700153358 第 1 次 获取到号码【1928810】GSD
2023-11-17 00:49:24 未获取到号码【1928810】GSD，可能号码格式错误
2023-11-17 00:49:24 获取到号码【1928810】的GSD为【-】
2023-11-17 00:49:27 GSD insert 第 1 次 等待 3 秒
2023-11-17 00:49:30 {"status":"bad","gid":"602949","msg":"添加失败！号码【1928810(-|-)】已存在！"}

2023-11-17 01:14:14 开始第 8909 次操作

2023-11-17 01:14:14 开始操作号码 【1928811】
2023-11-17 01:14:19 GSD getOne 第 1 次 等待 3 秒
2023-11-17 01:14:22 查询号码 【1928811】，返回信息 {"status":"ok","msg":"-","gid":"602947","time_insert":"2023-03-20 14:47"}
2023-11-17 01:14:22 查询号码 【1928811】，GSD为【"-"】
2023-11-17 01:14:22 ok && -
2023-11-17 01:14:25 CHB 1928811?1700154862 第 1 次 等待 3 秒
2023-11-17 01:14:28 CHB 1928811?1700154862 第 1 次 获取到号码【1928811】GSD
2023-11-17 01:14:28 未获取到号码【1928811】GSD，可能号码格式错误
2023-11-17 01:14:28 获取到号码【1928811】的GSD为【-】
2023-11-17 01:14:32 GSD insert 第 1 次 等待 3 秒
2023-11-17 01:14:35 {"status":"bad","gid":"602947","msg":"添加失败！号码【1928811(-|-)】已存在！"}
2023-11-17 01:14:35 随机等待 136 秒，约 2 分钟
2023-11-17 01:14:35 下次操作: 2023-11-17 01:16:51

2023-11-17 01:16:51 开始第 8910 次操作

2023-11-17 01:16:51 开始操作号码 【1928812】
2023-11-17 01:16:54 GSD getOne 第 1 次 等待 3 秒
2023-11-17 01:16:57 查询号码 【1928812】，返回信息 {"status":"ok","msg":"-","gid":"602942","time_insert":"2023-03-20 14:44"}
2023-11-17 01:16:57 查询号码 【1928812】，GSD为【"-"】
2023-11-17 01:16:57 ok && -
2023-11-17 01:17:05 CHB 1928812?1700155017 第 1 次 等待 3 秒
2023-11-17 01:17:08 CHB 1928812?1700155017 第 1 次 获取到号码【1928812】GSD
2023-11-17 01:17:08 未获取到号码【1928812】GSD，可能号码格式错误
2023-11-17 01:17:08 获取到号码【1928812】的GSD为【-】
2023-11-17 01:17:11 GSD insert 第 1 次 等待 3 秒
2023-11-17 01:17:14 {"status":"bad","gid":"602942","msg":"添加失败！号码【1928812(-|-)】已存在！"}
2023-11-17 01:17:14 随机等待 119 秒，约 1 分钟
2023-11-17 01:17:14 下次操作: 2023-11-17 01:19:13

2023-11-17 01:19:13 开始第 8911 次操作

2023-11-17 01:19:13 开始操作号码 【1928813】
2023-11-17 01:19:17 GSD getOne 第 1 次 等待 3 秒
2023-11-17 01:19:20 查询号码 【1928813】，返回信息 {"status":"ok","msg":"-","gid":"602935","time_insert":"2023-03-20 14:41"}
2023-11-17 01:19:20 查询号码 【1928813】，GSD为【"-"】
2023-11-17 01:19:20 ok && -
2023-11-17 01:19:23 CHB 1928813?1700155160 第 1 次 等待 3 秒
2023-11-17 01:19:26 CHB 1928813?1700155160 第 1 次 获取到号码【1928813】GSD
2023-11-17 01:19:26 未获取到号码【1928813】GSD，可能号码格式错误
2023-11-17 01:19:26 获取到号码【1928813】的GSD为【-】
2023-11-17 01:19:27 GSD insert 第 1 次 等待 3 秒
2023-11-17 01:19:31 GSD insert 第 2 次 等待 3 秒
2023-11-17 01:19:35 GSD insert 第 3 次 等待 3 秒
2023-11-17 01:19:42 GSD insert 第 4 次 等待 3 秒
2023-11-17 01:19:45 {"status":"bad","gid":"602935","msg":"添加失败！号码【1928813(-|-)】已存在！"}
2023-11-17 01:19:45 随机等待 103 秒，约 1 分钟
2023-11-17 01:19:45 下次操作: 2023-11-17 01:21:28

2023-11-17 01:21:28 开始第 8912 次操作

2023-11-17 01:21:28 开始操作号码 【1928814】
2023-11-17 01:21:32 GSD getOne 第 1 次 等待 3 秒
2023-11-17 01:21:35 查询号码 【1928814】，返回信息 {"status":"ok","msg":"-","gid":"602932","time_insert":"2023-03-20 14:39"}
2023-11-17 01:21:35 查询号码 【1928814】，GSD为【"-"】
2023-11-17 01:21:35 ok && -
2023-11-17 01:21:37 CHB 1928814?1700155295 第 1 次 等待 3 秒
2023-11-17 01:21:40 CHB 1928814?1700155295 第 1 次 获取到号码【1928814】GSD
2023-11-17 01:21:40 未获取到号码【1928814】GSD，可能号码格式错误
2023-11-17 01:21:40 获取到号码【1928814】的GSD为【-】
2023-11-17 01:21:44 GSD insert 第 1 次 等待 3 秒
2023-11-17 01:21:47 {"status":"bad","gid":"602932","msg":"添加失败！号码【1928814(-|-)】已存在！"}

