2021-08-01 00:00:44 开始第 11 次操作

2021-08-01 00:00:44 开始操作号码 【1864854】
2021-08-01 00:00:49 GSD getOne 第 1 次 等待 3 秒
2021-08-01 00:00:52 查询号码 【1864854】，返回信息 {"status":"bad","msg":""}
2021-08-01 00:00:52 查询号码 【1864854】，GSD为【""】
2021-08-01 00:00:52 bad
2021-08-01 00:00:54 CHB 1864854?1627747252 第 1 次 等待 3 秒
2021-08-01 00:00:57 CHB 1864854?1627747252 第 1 次 获取到号码【1864854】GSD
2021-08-01 00:00:57 获取到号码【1864854】的GSD为【内蒙古-通辽】
2021-08-01 00:01:34 GSD insert 第 1 次 等待 3 秒
2021-08-01 00:01:37 {"status":"ok","gid":461576,"msg":"添加成功！"}
2021-08-01 00:01:37 下次操作: 2021-08-01 00:01:59

2021-08-01 00:01:59 开始第 12 次操作

2021-08-01 00:01:59 开始操作号码 【1864853】
2021-08-01 00:02:04 GSD getOne 第 1 次 等待 3 秒
2021-08-01 00:02:07 查询号码 【1864853】，返回信息 {"status":"bad","msg":""}
2021-08-01 00:02:07 查询号码 【1864853】，GSD为【""】
2021-08-01 00:02:07 bad
2021-08-01 00:02:09 CHB 1864853?1627747327 第 1 次 等待 3 秒
2021-08-01 00:02:12 CHB 1864853?1627747327 第 1 次 获取到号码【1864853】GSD
2021-08-01 00:02:12 获取到号码【1864853】的GSD为【内蒙古-通辽】
2021-08-01 00:02:31 GSD insert 第 1 次 等待 3 秒
2021-08-01 00:02:34 {"status":"ok","gid":461588,"msg":"添加成功！"}
2021-08-01 00:02:34 下次操作: 2021-08-01 00:02:56

2021-08-01 00:02:56 开始第 13 次操作

2021-08-01 00:02:56 开始操作号码 【1864852】
2021-08-01 00:03:05 GSD getOne 第 1 次 等待 3 秒
2021-08-01 00:03:08 查询号码 【1864852】，返回信息 {"status":"bad","msg":""}
2021-08-01 00:03:08 查询号码 【1864852】，GSD为【""】
2021-08-01 00:03:08 bad
2021-08-01 00:03:09 CHB 1864852?1627747388 第 1 次 等待 3 秒
2021-08-01 00:03:12 CHB 1864852?1627747388 第 1 次 获取到号码【1864852】GSD
2021-08-01 00:03:12 获取到号码【1864852】的GSD为【内蒙古-通辽】
2021-08-01 00:03:40 GSD insert 第 1 次 等待 3 秒
2021-08-01 00:03:43 {"status":"ok","gid":461601,"msg":"添加成功！"}
2021-08-01 00:03:43 下次操作: 2021-08-01 00:03:58

2021-08-01 00:03:58 开始第 14 次操作

2021-08-01 00:03:58 开始操作号码 【1864851】
2021-08-01 00:04:14 GSD getOne 第 1 次 等待 3 秒
2021-08-01 00:04:17 查询号码 【1864851】，返回信息 {"status":"bad","msg":""}
2021-08-01 00:04:17 查询号码 【1864851】，GSD为【""】
2021-08-01 00:04:17 bad
2021-08-01 00:04:22 CHB 1864851?1627747457 第 1 次 等待 3 秒
2021-08-01 00:04:25 CHB 1864851?1627747457 第 1 次 获取到号码【1864851】GSD
2021-08-01 00:04:25 获取到号码【1864851】的GSD为【内蒙古-通辽】
2021-08-01 00:04:36 GSD insert 第 1 次 等待 3 秒
2021-08-01 00:04:39 {"status":"ok","gid":461611,"msg":"添加成功！"}
2021-08-01 00:04:39 下次操作: 2021-08-01 00:05:00

2021-08-01 00:05:00 开始第 15 次操作

2021-08-01 00:05:00 开始操作号码 【1864850】
2021-08-01 00:05:07 GSD getOne 第 1 次 等待 3 秒
2021-08-01 00:05:10 查询号码 【1864850】，返回信息 {"status":"bad","msg":""}
2021-08-01 00:05:10 查询号码 【1864850】，GSD为【""】
2021-08-01 00:05:10 bad
2021-08-01 00:05:11 CHB 1864850?1627747510 第 1 次 等待 3 秒
2021-08-01 00:05:14 CHB 1864850?1627747510 第 1 次 获取到号码【1864850】GSD
2021-08-01 00:05:14 获取到号码【1864850】的GSD为【内蒙古-通辽】
2021-08-01 00:05:33 GSD insert 第 1 次 等待 3 秒
2021-08-01 00:05:36 {"status":"ok","gid":461625,"msg":"添加成功！"}
2021-08-01 00:05:36 下次操作: 2021-08-01 00:06:00

2021-08-01 00:06:00 开始第 16 次操作

2021-08-01 00:06:00 开始操作号码 【1864849】
2021-08-01 00:06:13 GSD getOne 第 1 次 等待 3 秒
2021-08-01 00:06:16 查询号码 【1864849】，返回信息 {"status":"bad","msg":""}
2021-08-01 00:06:16 查询号码 【1864849】，GSD为【""】
2021-08-01 00:06:16 bad
2021-08-01 00:06:17 CHB 1864849?1627747576 第 1 次 等待 3 秒
2021-08-01 00:06:20 CHB 1864849?1627747576 第 1 次 获取到号码【1864849】GSD
2021-08-01 00:06:20 获取到号码【1864849】的GSD为【内蒙古-包头】
2021-08-01 00:06:44 GSD insert 第 1 次 等待 3 秒
2021-08-01 00:06:47 {"status":"ok","gid":461641,"msg":"添加成功！"}
2021-08-01 00:06:47 下次操作: 2021-08-01 00:07:01

2021-08-01 00:07:01 开始第 17 次操作

2021-08-01 00:07:01 开始操作号码 【1864848】
2021-08-01 00:07:06 GSD getOne 第 1 次 等待 3 秒
2021-08-01 00:07:09 查询号码 【1864848】，返回信息 {"status":"bad","msg":""}
2021-08-01 00:07:09 查询号码 【1864848】，GSD为【""】
2021-08-01 00:07:09 bad
2021-08-01 00:07:11 CHB 1864848?1627747629 第 1 次 等待 3 秒
2021-08-01 00:07:14 CHB 1864848?1627747629 第 1 次 获取到号码【1864848】GSD
2021-08-01 00:07:14 获取到号码【1864848】的GSD为【内蒙古-包头】
2021-08-01 00:07:35 GSD insert 第 1 次 等待 3 秒
2021-08-01 00:07:38 {"status":"ok","gid":461649,"msg":"添加成功！"}
2021-08-01 00:07:38 下次操作: 2021-08-01 00:07:53

2021-08-01 00:07:53 开始第 18 次操作

2021-08-01 00:07:53 开始操作号码 【1864847】
2021-08-01 00:07:57 GSD getOne 第 1 次 等待 3 秒
2021-08-01 00:08:00 查询号码 【1864847】，返回信息 {"status":"bad","msg":""}
2021-08-01 00:08:00 查询号码 【1864847】，GSD为【""】
2021-08-01 00:08:00 bad
2021-08-01 00:08:06 CHB 1864847?1627747680 第 1 次 等待 3 秒
2021-08-01 00:08:09 CHB 1864847?1627747680 第 1 次 获取到号码【1864847】GSD
2021-08-01 00:08:09 获取到号码【1864847】的GSD为【内蒙古-包头】
2021-08-01 00:08:19 GSD insert 第 1 次 等待 3 秒
2021-08-01 00:08:22 {"status":"ok","gid":461659,"msg":"添加成功！"}
2021-08-01 00:08:22 下次操作: 2021-08-01 00:08:34

2021-08-01 00:08:34 开始第 19 次操作

2021-08-01 00:08:34 开始操作号码 【1864846】
2021-08-01 00:08:40 GSD getOne 第 1 次 等待 3 秒
2021-08-01 00:08:43 查询号码 【1864846】，返回信息 {"status":"bad","msg":""}
2021-08-01 00:08:43 查询号码 【1864846】，GSD为【""】
2021-08-01 00:08:43 bad
2021-08-01 00:08:44 CHB 1864846?1627747723 第 1 次 等待 3 秒
2021-08-01 00:08:47 CHB 1864846?1627747723 第 1 次 获取到号码【1864846】GSD
2021-08-01 00:08:48 获取到号码【1864846】的GSD为【内蒙古-包头】
2021-08-01 00:09:08 GSD insert 第 1 次 等待 3 秒
2021-08-01 00:09:11 {"status":"ok","gid":461669,"msg":"添加成功！"}
2021-08-01 00:09:11 下次操作: 2021-08-01 00:09:23

2021-08-01 00:09:23 开始第 20 次操作

2021-08-01 00:09:23 开始操作号码 【1864845】
2021-08-01 00:09:33 GSD getOne 第 1 次 等待 3 秒
2021-08-01 00:09:36 查询号码 【1864845】，返回信息 {"status":"bad","msg":""}
2021-08-01 00:09:36 查询号码 【1864845】，GSD为【""】
2021-08-01 00:09:36 bad
2021-08-01 00:09:37 CHB 1864845?1627747776 第 1 次 等待 3 秒
2021-08-01 00:09:40 CHB 1864845?1627747776 第 1 次 获取到号码【1864845】GSD
2021-08-01 00:09:40 获取到号码【1864845】的GSD为【内蒙古-兴安盟】
2021-08-01 00:10:09 GSD insert 第 1 次 等待 3 秒
2021-08-01 00:10:12 {"status":"ok","gid":461685,"msg":"添加成功！"}
2021-08-01 00:10:12 下次操作: 2021-08-01 00:10:24

2021-08-01 00:10:24 开始第 21 次操作

2021-08-01 00:10:24 开始操作号码 【1864844】
2021-08-01 00:10:37 GSD getOne 第 1 次 等待 3 秒
2021-08-01 00:10:40 查询号码 【1864844】，返回信息 {"status":"bad","msg":""}
2021-08-01 00:10:40 查询号码 【1864844】，GSD为【""】
2021-08-01 00:10:40 bad
2021-08-01 00:10:41 CHB 1864844?1627747840 第 1 次 等待 3 秒
2021-08-01 00:10:44 CHB 1864844?1627747840 第 1 次 获取到号码【1864844】GSD
2021-08-01 00:10:44 获取到号码【1864844】的GSD为【内蒙古-兴安盟】
2021-08-01 00:11:05 GSD insert 第 1 次 等待 3 秒
2021-08-01 00:11:08 {"status":"ok","gid":461696,"msg":"添加成功！"}
2021-08-01 00:11:08 下次操作: 2021-08-01 00:11:22

2021-08-01 00:11:22 开始第 22 次操作

2021-08-01 00:11:22 开始操作号码 【1864843】
2021-08-01 00:11:28 GSD getOne 第 1 次 等待 3 秒
2021-08-01 00:11:31 查询号码 【1864843】，返回信息 {"status":"bad","msg":""}
2021-08-01 00:11:31 查询号码 【1864843】，GSD为【""】
2021-08-01 00:11:31 bad
2021-08-01 00:11:32 CHB 1864843?1627747891 第 1 次 等待 3 秒
2021-08-01 00:11:35 CHB 1864843?1627747891 第 1 次 获取到号码【1864843】GSD
2021-08-01 00:11:35 获取到号码【1864843】的GSD为【内蒙古-巴彦淖尔】
2021-08-01 00:11:55 GSD insert 第 1 次 等待 3 秒
2021-08-01 00:11:58 {"status":"ok","gid":461710,"msg":"添加成功！"}
2021-08-01 00:11:58 下次操作: 2021-08-01 00:12:19

2021-08-01 00:12:19 开始第 23 次操作

2021-08-01 00:12:19 开始操作号码 【1864842】
2021-08-01 00:12:23 GSD getOne 第 1 次 等待 3 秒
2021-08-01 00:12:26 查询号码 【1864842】，返回信息 {"status":"bad","msg":""}
2021-08-01 00:12:26 查询号码 【1864842】，GSD为【""】
2021-08-01 00:12:26 bad
2021-08-01 00:12:27 CHB 1864842?1627747946 第 1 次 等待 3 秒
2021-08-01 00:12:30 CHB 1864842?1627747946 第 1 次 获取到号码【1864842】GSD
2021-08-01 00:12:30 获取到号码【1864842】的GSD为【内蒙古-巴彦淖尔】
2021-08-01 00:13:08 GSD insert 第 1 次 等待 3 秒
2021-08-01 00:13:11 {"status":"ok","gid":461724,"msg":"添加成功！"}
2021-08-01 00:13:11 下次操作: 2021-08-01 00:13:29

2021-08-01 00:13:29 开始第 24 次操作

2021-08-01 00:13:29 开始操作号码 【1864841】
2021-08-01 00:13:43 GSD getOne 第 1 次 等待 3 秒
2021-08-01 00:13:46 查询号码 【1864841】，返回信息 {"status":"bad","msg":""}
2021-08-01 00:13:46 查询号码 【1864841】，GSD为【""】
2021-08-01 00:13:46 bad
2021-08-01 00:13:48 CHB 1864841?1627748026 第 1 次 等待 3 秒
2021-08-01 00:13:51 CHB 1864841?1627748026 第 1 次 获取到号码【1864841】GSD
2021-08-01 00:13:51 获取到号码【1864841】的GSD为【内蒙古-巴彦淖尔】
2021-08-01 00:14:26 GSD insert 第 1 次 等待 3 秒
2021-08-01 00:14:29 {"status":"ok","gid":461738,"msg":"添加成功！"}
2021-08-01 00:14:29 下次操作: 2021-08-01 00:14:45

2021-08-01 00:14:45 开始第 25 次操作

2021-08-01 00:14:45 开始操作号码 【1864840】
2021-08-01 00:14:52 GSD getOne 第 1 次 等待 3 秒
2021-08-01 00:14:55 查询号码 【1864840】，返回信息 {"status":"bad","msg":""}
2021-08-01 00:14:55 查询号码 【1864840】，GSD为【""】
2021-08-01 00:14:55 bad
2021-08-01 00:14:57 CHB 1864840?1627748095 第 1 次 等待 3 秒
2021-08-01 00:15:00 CHB 1864840?1627748095 第 1 次 获取到号码【1864840】GSD
2021-08-01 00:15:00 获取到号码【1864840】的GSD为【内蒙古-巴彦淖尔】
2021-08-01 00:16:06 GSD insert 第 1 次 等待 3 秒
2021-08-01 00:16:09 {"status":"ok","gid":461749,"msg":"添加成功！"}
2021-08-01 00:16:09 下次操作: 2021-08-01 00:16:30

2021-08-01 00:16:30 开始第 26 次操作

2021-08-01 00:16:30 开始操作号码 【1864839】
2021-08-01 00:16:34 GSD getOne 第 1 次 等待 3 秒
2021-08-01 00:16:37 查询号码 【1864839】，返回信息 {"status":"bad","msg":""}
2021-08-01 00:16:37 查询号码 【1864839】，GSD为【""】
2021-08-01 00:16:37 bad
2021-08-01 00:16:39 CHB 1864839?1627748197 第 1 次 等待 3 秒
2021-08-01 00:16:42 CHB 1864839?1627748197 第 1 次 获取到号码【1864839】GSD
2021-08-01 00:16:42 获取到号码【1864839】的GSD为【内蒙古-鄂尔多斯】
2021-08-01 00:17:01 GSD insert 第 1 次 等待 3 秒
2021-08-01 00:17:04 {"status":"ok","gid":461759,"msg":"添加成功！"}
2021-08-01 00:17:04 下次操作: 2021-08-01 00:17:24

2021-08-01 00:17:24 开始第 27 次操作

2021-08-01 00:17:24 开始操作号码 【1864838】
2021-08-01 00:17:29 GSD getOne 第 1 次 等待 3 秒
2021-08-01 00:17:32 查询号码 【1864838】，返回信息 {"status":"bad","msg":""}
2021-08-01 00:17:33 查询号码 【1864838】，GSD为【""】
2021-08-01 00:17:33 bad
2021-08-01 00:17:34 CHB 1864838?1627748253 第 1 次 等待 3 秒
2021-08-01 00:17:37 CHB 1864838?1627748253 第 1 次 获取到号码【1864838】GSD
2021-08-01 00:17:37 获取到号码【1864838】的GSD为【内蒙古-鄂尔多斯】
2021-08-01 00:18:13 GSD insert 第 1 次 等待 3 秒
2021-08-01 00:18:16 {"status":"ok","gid":461769,"msg":"添加成功！"}
2021-08-01 00:18:16 下次操作: 2021-08-01 00:18:38

2021-08-01 00:18:38 开始第 28 次操作

2021-08-01 00:18:38 开始操作号码 【1864837】
2021-08-01 00:18:41 GSD getOne 第 1 次 等待 3 秒
2021-08-01 00:18:44 查询号码 【1864837】，返回信息 {"status":"bad","msg":""}
2021-08-01 00:18:44 查询号码 【1864837】，GSD为【""】
2021-08-01 00:18:44 bad
2021-08-01 00:18:45 CHB 1864837?1627748324 第 1 次 等待 3 秒
2021-08-01 00:18:48 CHB 1864837?1627748324 第 1 次 获取到号码【1864837】GSD
2021-08-01 00:18:48 获取到号码【1864837】的GSD为【内蒙古-鄂尔多斯】
2021-08-01 00:19:10 GSD insert 第 1 次 等待 3 秒
2021-08-01 00:19:13 {"status":"ok","gid":461775,"msg":"添加成功！"}
2021-08-01 00:19:13 下次操作: 2021-08-01 00:19:29

2021-08-01 00:19:29 开始第 29 次操作

2021-08-01 00:19:29 开始操作号码 【1864836】
2021-08-01 00:19:35 GSD getOne 第 1 次 等待 3 秒
2021-08-01 00:19:38 查询号码 【1864836】，返回信息 {"status":"bad","msg":""}
2021-08-01 00:19:38 查询号码 【1864836】，GSD为【""】
2021-08-01 00:19:38 bad
2021-08-01 00:19:39 CHB 1864836?1627748378 第 1 次 等待 3 秒
2021-08-01 00:19:42 CHB 1864836?1627748378 第 1 次 获取到号码【1864836】GSD
2021-08-01 00:19:42 获取到号码【1864836】的GSD为【内蒙古-鄂尔多斯】
2021-08-01 00:20:03 GSD insert 第 1 次 等待 3 秒
2021-08-01 00:20:06 {"status":"ok","gid":461784,"msg":"添加成功！"}
2021-08-01 00:20:06 下次操作: 2021-08-01 00:20:29

2021-08-01 00:20:29 开始第 30 次操作

2021-08-01 00:20:29 开始操作号码 【1864835】
2021-08-01 00:20:35 GSD getOne 第 1 次 等待 3 秒
2021-08-01 00:20:38 查询号码 【1864835】，返回信息 {"status":"bad","msg":""}
2021-08-01 00:20:38 查询号码 【1864835】，GSD为【""】
2021-08-01 00:20:38 bad
2021-08-01 00:20:40 CHB 1864835?1627748438 第 1 次 等待 3 秒
2021-08-01 00:20:43 CHB 1864835?1627748438 第 1 次 获取到号码【1864835】GSD
2021-08-01 00:20:43 获取到号码【1864835】的GSD为【内蒙古-赤峰】
2021-08-01 00:21:25 GSD insert 第 1 次 等待 3 秒
2021-08-01 00:21:28 {"status":"ok","gid":461793,"msg":"添加成功！"}
2021-08-01 00:21:28 下次操作: 2021-08-01 00:21:43

2021-08-01 00:21:43 开始第 31 次操作

2021-08-01 00:21:43 开始操作号码 【1864834】
2021-08-01 00:21:52 GSD getOne 第 1 次 等待 3 秒
2021-08-01 00:21:55 查询号码 【1864834】，返回信息 {"status":"bad","msg":""}
2021-08-01 00:21:55 查询号码 【1864834】，GSD为【""】
2021-08-01 00:21:55 bad
2021-08-01 00:21:56 CHB 1864834?1627748515 第 1 次 等待 3 秒
2021-08-01 00:21:59 CHB 1864834?1627748515 第 1 次 获取到号码【1864834】GSD
2021-08-01 00:21:59 获取到号码【1864834】的GSD为【内蒙古-阿拉善盟】
2021-08-01 00:22:20 GSD insert 第 1 次 等待 3 秒
2021-08-01 00:22:23 {"status":"ok","gid":461799,"msg":"添加成功！"}
2021-08-01 00:22:23 下次操作: 2021-08-01 00:22:38

2021-08-01 00:22:38 开始第 32 次操作

2021-08-01 00:22:38 开始操作号码 【1864833】
2021-08-01 00:22:42 GSD getOne 第 1 次 等待 3 秒
2021-08-01 00:22:45 查询号码 【1864833】，返回信息 {"status":"bad","msg":""}
2021-08-01 00:22:45 查询号码 【1864833】，GSD为【""】
2021-08-01 00:22:45 bad
2021-08-01 00:22:46 CHB 1864833?1627748565 第 1 次 等待 3 秒
2021-08-01 00:22:49 CHB 1864833?1627748565 第 1 次 获取到号码【1864833】GSD
2021-08-01 00:22:49 获取到号码【1864833】的GSD为【内蒙古-阿拉善盟】
2021-08-01 00:23:09 GSD insert 第 1 次 等待 3 秒
2021-08-01 00:23:12 {"status":"ok","gid":461806,"msg":"添加成功！"}
2021-08-01 00:23:12 下次操作: 2021-08-01 00:23:27

2021-08-01 00:23:27 开始第 33 次操作

2021-08-01 00:23:27 开始操作号码 【1864832】
2021-08-01 00:23:31 GSD getOne 第 1 次 等待 3 秒
2021-08-01 00:23:34 查询号码 【1864832】，返回信息 {"status":"bad","msg":""}
2021-08-01 00:23:34 查询号码 【1864832】，GSD为【""】
2021-08-01 00:23:34 bad
2021-08-01 00:23:35 CHB 1864832?1627748614 第 1 次 等待 3 秒
2021-08-01 00:23:38 CHB 1864832?1627748614 第 1 次 获取到号码【1864832】GSD
2021-08-01 00:23:38 获取到号码【1864832】的GSD为【内蒙古-赤峰】
2021-08-01 00:24:48 GSD insert 第 1 次 等待 3 秒
2021-08-01 00:24:51 {"status":"ok","gid":461818,"msg":"添加成功！"}
2021-08-01 00:24:51 下次操作: 2021-08-01 00:25:04

2021-08-01 00:25:04 开始第 34 次操作

2021-08-01 00:25:04 开始操作号码 【1864831】
2021-08-01 00:25:09 GSD getOne 第 1 次 等待 3 秒
2021-08-01 00:25:12 查询号码 【1864831】，返回信息 {"status":"bad","msg":""}
2021-08-01 00:25:12 查询号码 【1864831】，GSD为【""】
2021-08-01 00:25:12 bad
2021-08-01 00:25:13 CHB 1864831?1627748712 第 1 次 等待 3 秒
2021-08-01 00:25:16 CHB 1864831?1627748712 第 1 次 获取到号码【1864831】GSD
2021-08-01 00:25:16 获取到号码【1864831】的GSD为【内蒙古-阿拉善盟】
2021-08-01 00:25:36 GSD insert 第 1 次 等待 3 秒
2021-08-01 00:25:39 {"status":"ok","gid":461824,"msg":"添加成功！"}
2021-08-01 00:25:39 下次操作: 2021-08-01 00:26:02

2021-08-01 00:26:02 开始第 35 次操作

2021-08-01 00:26:02 开始操作号码 【1864830】
2021-08-01 00:26:11 GSD getOne 第 1 次 等待 3 秒
2021-08-01 00:26:14 查询号码 【1864830】，返回信息 {"status":"bad","msg":""}
2021-08-01 00:26:14 查询号码 【1864830】，GSD为【""】
2021-08-01 00:26:14 bad
2021-08-01 00:26:16 CHB 1864830?1627748774 第 1 次 等待 3 秒
2021-08-01 00:26:19 CHB 1864830?1627748774 第 1 次 获取到号码【1864830】GSD
2021-08-01 00:26:19 获取到号码【1864830】的GSD为【内蒙古-阿拉善盟】
2021-08-01 00:26:37 GSD insert 第 1 次 等待 3 秒
2021-08-01 00:26:41 {"status":"ok","gid":461831,"msg":"添加成功！"}
2021-08-01 00:26:41 下次操作: 2021-08-01 00:27:04

2021-08-01 00:27:04 开始第 36 次操作

2021-08-01 00:27:04 开始操作号码 【1864829】
2021-08-01 00:27:07 GSD getOne 第 1 次 等待 3 秒
2021-08-01 00:27:10 查询号码 【1864829】，返回信息 {"status":"bad","msg":""}
2021-08-01 00:27:11 查询号码 【1864829】，GSD为【""】
2021-08-01 00:27:11 bad
2021-08-01 00:27:12 CHB 1864829?1627748831 第 1 次 等待 3 秒
2021-08-01 00:27:15 CHB 1864829?1627748831 第 1 次 获取到号码【1864829】GSD
2021-08-01 00:27:15 获取到号码【1864829】的GSD为【内蒙古-赤峰】
2021-08-01 00:27:34 GSD insert 第 1 次 等待 3 秒
2021-08-01 00:27:37 {"status":"ok","gid":461835,"msg":"添加成功！"}
2021-08-01 00:27:37 下次操作: 2021-08-01 00:27:59

2021-08-01 00:27:59 开始第 37 次操作

2021-08-01 00:27:59 开始操作号码 【1864828】
2021-08-01 00:28:06 GSD getOne 第 1 次 等待 3 秒
2021-08-01 00:28:09 查询号码 【1864828】，返回信息 {"status":"bad","msg":""}
2021-08-01 00:28:09 查询号码 【1864828】，GSD为【""】
2021-08-01 00:28:09 bad
2021-08-01 00:28:10 CHB 1864828?1627748889 第 1 次 等待 3 秒
2021-08-01 00:28:13 CHB 1864828?1627748889 第 1 次 获取到号码【1864828】GSD
2021-08-01 00:28:13 获取到号码【1864828】的GSD为【内蒙古-通辽】
2021-08-01 00:28:33 GSD insert 第 1 次 等待 3 秒
2021-08-01 00:28:36 {"status":"ok","gid":461839,"msg":"添加成功！"}
2021-08-01 00:28:36 下次操作: 2021-08-01 00:28:51

2021-08-01 00:28:51 开始第 38 次操作

2021-08-01 00:28:51 开始操作号码 【1864827】
2021-08-01 00:28:59 GSD getOne 第 1 次 等待 3 秒
2021-08-01 00:29:02 查询号码 【1864827】，返回信息 {"status":"bad","msg":""}
2021-08-01 00:29:02 查询号码 【1864827】，GSD为【""】
2021-08-01 00:29:02 bad
2021-08-01 00:29:03 CHB 1864827?1627748942 第 1 次 等待 3 秒
2021-08-01 00:29:06 CHB 1864827?1627748942 第 1 次 获取到号码【1864827】GSD
2021-08-01 00:29:06 获取到号码【1864827】的GSD为【内蒙古-包头】
2021-08-01 00:29:26 GSD insert 第 1 次 等待 3 秒
2021-08-01 00:29:29 {"status":"ok","gid":461842,"msg":"添加成功！"}
2021-08-01 00:29:29 下次操作: 2021-08-01 00:29:52

2021-08-01 00:29:52 开始第 39 次操作

2021-08-01 00:29:52 开始操作号码 【1864826】
2021-08-01 00:29:57 GSD getOne 第 1 次 等待 3 秒
2021-08-01 00:30:00 查询号码 【1864826】，返回信息 {"status":"bad","msg":""}
2021-08-01 00:30:00 查询号码 【1864826】，GSD为【""】
2021-08-01 00:30:00 bad
2021-08-01 00:30:01 CHB 1864826?1627749000 第 1 次 等待 3 秒
2021-08-01 00:30:04 CHB 1864826?1627749000 第 1 次 获取到号码【1864826】GSD
2021-08-01 00:30:04 获取到号码【1864826】的GSD为【内蒙古-包头】
2021-08-01 00:30:26 GSD insert 第 1 次 等待 3 秒
2021-08-01 00:30:29 {"status":"ok","gid":461847,"msg":"添加成功！"}
2021-08-01 00:30:29 下次操作: 2021-08-01 00:30:48

2021-08-01 00:30:48 开始第 40 次操作

2021-08-01 00:30:48 开始操作号码 【1864825】
2021-08-01 00:30:51 GSD getOne 第 1 次 等待 3 秒
2021-08-01 00:30:54 查询号码 【1864825】，返回信息 {"status":"bad","msg":""}
2021-08-01 00:30:54 查询号码 【1864825】，GSD为【""】
2021-08-01 00:30:54 bad
2021-08-01 00:30:55 CHB 1864825?1627749054 第 1 次 等待 3 秒
2021-08-01 00:30:58 CHB 1864825?1627749054 第 1 次 获取到号码【1864825】GSD
2021-08-01 00:30:58 获取到号码【1864825】的GSD为【内蒙古-包头】
2021-08-01 00:31:35 GSD insert 第 1 次 等待 3 秒
2021-08-01 00:31:38 {"status":"ok","gid":461853,"msg":"添加成功！"}

