2024-08-03 00:23:39 开始第 9329 次操作

2024-08-03 00:23:39 开始操作号码 【1499218】
2024-08-03 00:23:50 GSD getOne 第 1 次 等待 3 秒
2024-08-03 00:23:53 查询号码 【1499218】，返回信息 {"status":"ok","msg":"-","gid":"365458","time_insert":"2021-07-23 12:03"}
2024-08-03 00:23:53 查询号码 【1499218】，GSD为【"-"】
2024-08-03 00:23:53 ok && -
2024-08-03 00:23:56 CHB 1499218?1722615833 第 1 次 等待 3 秒
2024-08-03 00:23:59 CHB 1499218?1722615833 第 1 次 获取到号码【1499218】GSD
2024-08-03 00:23:59 未获取到号码【1499218】GSD，可能号码格式错误
2024-08-03 00:23:59 获取到号码【1499218】的GSD为【-】
2024-08-03 00:24:07 GSD insert 第 1 次 等待 3 秒
2024-08-03 00:24:10 {"status":"bad","gid":"365458","msg":"添加失败！号码【1499218(-|-)】已存在！"}
2024-08-03 00:24:10 随机等待 88 秒，约 1 分钟
2024-08-03 00:24:10 下次操作: 2024-08-03 00:25:38

2024-08-03 00:25:38 开始第 9330 次操作

2024-08-03 00:25:38 开始操作号码 【1499219】
2024-08-03 00:25:46 GSD getOne 第 1 次 等待 3 秒
2024-08-03 00:25:49 查询号码 【1499219】，返回信息 {"status":"ok","msg":"-","gid":"365445","time_insert":"2021-07-23 12:03"}
2024-08-03 00:25:49 查询号码 【1499219】，GSD为【"-"】
2024-08-03 00:25:49 ok && -
2024-08-03 00:27:05 CHB 1499219?1722615949 第 1 次 等待 3 秒
2024-08-03 00:27:08 CHB 1499219?1722615949 第 1 次 获取到号码【1499219】GSD
2024-08-03 00:27:08 未获取到号码【1499219】GSD，可能号码格式错误
2024-08-03 00:27:08 获取到号码【1499219】的GSD为【-】
2024-08-03 00:27:16 GSD insert 第 1 次 等待 3 秒
2024-08-03 00:27:19 {"status":"bad","gid":"365445","msg":"添加失败！号码【1499219(-|-)】已存在！"}
2024-08-03 00:27:19 随机等待 169 秒，约 2 分钟
2024-08-03 00:27:19 下次操作: 2024-08-03 00:30:08

2024-08-03 00:30:08 开始第 9331 次操作

2024-08-03 00:30:08 开始操作号码 【1499220】
2024-08-03 00:30:16 GSD getOne 第 1 次 等待 3 秒
2024-08-03 00:30:19 查询号码 【1499220】，返回信息 {"status":"ok","msg":"-","gid":"365433","time_insert":"2021-07-23 12:02"}
2024-08-03 00:30:19 查询号码 【1499220】，GSD为【"-"】
2024-08-03 00:30:19 ok && -
2024-08-03 00:30:21 CHB 1499220?1722616219 第 1 次 等待 3 秒
2024-08-03 00:30:24 CHB 1499220?1722616219 第 1 次 获取到号码【1499220】GSD
2024-08-03 00:30:24 未获取到号码【1499220】GSD，可能号码格式错误
2024-08-03 00:30:24 获取到号码【1499220】的GSD为【-】
2024-08-03 00:30:32 GSD insert 第 1 次 等待 3 秒
2024-08-03 00:30:35 {"status":"bad","gid":"365433","msg":"添加失败！号码【1499220(-|-)】已存在！"}
2024-08-03 00:30:35 随机等待 184 秒，约 3 分钟
2024-08-03 00:30:35 下次操作: 2024-08-03 00:33:39

2024-08-03 00:33:39 开始第 9332 次操作

2024-08-03 00:33:39 开始操作号码 【1499221】
2024-08-03 00:33:48 GSD getOne 第 1 次 等待 3 秒
2024-08-03 00:33:51 查询号码 【1499221】，返回信息 {"status":"ok","msg":"-","gid":"365421","time_insert":"2021-07-23 12:01"}
2024-08-03 00:33:51 查询号码 【1499221】，GSD为【"-"】
2024-08-03 00:33:51 ok && -
2024-08-03 00:33:53 CHB 1499221?1722616431 第 1 次 等待 3 秒
2024-08-03 00:33:56 CHB 1499221?1722616431 第 1 次 获取到号码【1499221】GSD
2024-08-03 00:33:56 未获取到号码【1499221】GSD，可能号码格式错误
2024-08-03 00:33:56 获取到号码【1499221】的GSD为【-】
2024-08-03 00:34:06 GSD insert 第 1 次 等待 3 秒
2024-08-03 00:34:09 {"status":"bad","gid":"365421","msg":"添加失败！号码【1499221(-|-)】已存在！"}

