2023-12-02 00:21:25 开始第 909 次操作

2023-12-02 00:21:25 开始操作号码 【1820811】
2023-12-02 00:21:29 GSD getOne 第 1 次 等待 3 秒
2023-12-02 00:21:32 查询号码 【1820811】，返回信息 {"status":"ok","msg":"四川-成都","gid":"34718","time_insert":"2017-05-02 22:22","time_update":"2020-11-05 23:50"}
2023-12-02 00:21:32 查询号码 【1820811】，GSD为【"四川-成都"】

2023-12-02 00:21:33 开始第 910 次操作

2023-12-02 00:21:34 开始操作号码 【1820812】
2023-12-02 00:21:37 GSD getOne 第 1 次 等待 3 秒
2023-12-02 00:21:40 查询号码 【1820812】，返回信息 {"status":"ok","msg":"四川-成都","gid":"34719","time_insert":"2020-01-08 08:56","time_update":"2020-11-05 23:54"}
2023-12-02 00:21:40 查询号码 【1820812】，GSD为【"四川-成都"】

2023-12-02 00:21:41 开始第 911 次操作

2023-12-02 00:21:41 开始操作号码 【1820813】
2023-12-02 00:21:45 GSD getOne 第 1 次 等待 3 秒
2023-12-02 00:21:48 查询号码 【1820813】，返回信息 {"status":"ok","msg":"四川-成都","gid":"34720","time_insert":"2019-01-12 15:27","time_update":"2020-11-05 23:57"}
2023-12-02 00:21:48 查询号码 【1820813】，GSD为【"四川-成都"】

2023-12-02 00:21:49 开始第 912 次操作

2023-12-02 00:21:49 开始操作号码 【1820814】
2023-12-02 00:21:53 GSD getOne 第 1 次 等待 3 秒
2023-12-02 00:21:56 查询号码 【1820814】，返回信息 {"status":"ok","msg":"四川-成都","gid":"34721","time_insert":"2019-05-22 21:15","time_update":"2020-11-06 00:01"}
2023-12-02 00:21:56 查询号码 【1820814】，GSD为【"四川-成都"】

2023-12-02 00:40:38 开始第 913 次操作

2023-12-02 00:40:38 开始操作号码 【1820815】
2023-12-02 00:40:42 GSD getOne 第 1 次 等待 3 秒
2023-12-02 00:40:45 查询号码 【1820815】，返回信息 {"status":"ok","msg":"四川-成都","gid":"34722","time_insert":"2014-05-30 13:53","time_update":"2020-11-06 00:05"}
2023-12-02 00:40:45 查询号码 【1820815】，GSD为【"四川-成都"】

2023-12-02 00:40:46 开始第 914 次操作

2023-12-02 00:40:46 开始操作号码 【1820816】
2023-12-02 00:40:51 GSD getOne 第 1 次 等待 3 秒
2023-12-02 00:40:54 查询号码 【1820816】，返回信息 {"status":"ok","msg":"四川-成都","gid":"34723","time_insert":"2018-07-02 09:00","time_update":"2020-11-06 00:09"}
2023-12-02 00:40:54 查询号码 【1820816】，GSD为【"四川-成都"】

2023-12-02 00:40:55 开始第 915 次操作

2023-12-02 00:40:55 开始操作号码 【1820817】
2023-12-02 00:40:59 GSD getOne 第 1 次 等待 3 秒
2023-12-02 00:41:02 查询号码 【1820817】，返回信息 {"status":"ok","msg":"四川-成都","gid":"34724","time_insert":"2018-03-08 06:35","time_update":"2020-11-06 00:13"}
2023-12-02 00:41:02 查询号码 【1820817】，GSD为【"四川-成都"】

2023-12-02 00:41:03 开始第 916 次操作

2023-12-02 00:41:03 开始操作号码 【1820818】
2023-12-02 00:41:07 GSD getOne 第 1 次 等待 3 秒
2023-12-02 00:41:10 查询号码 【1820818】，返回信息 {"status":"ok","msg":"四川-成都","gid":"34725","time_insert":"2014-10-08 11:32","time_update":"2020-11-06 00:16"}
2023-12-02 00:41:10 查询号码 【1820818】，GSD为【"四川-成都"】

