2024-03-26 00:20:33 开始第 181 次操作

2024-03-26 00:20:33 开始操作号码 【1600084】
2024-03-26 00:20:39 GSD getOne 第 1 次 等待 3 秒
2024-03-26 00:20:42 查询号码 【1600084】，返回信息 {"status":"ok","msg":"-","gid":"521238","time_insert":"2023-02-08 06:53"}
2024-03-26 00:20:42 查询号码 【1600084】，GSD为【"-"】
2024-03-26 00:20:42 ok && -
2024-03-26 00:20:45 CHB 1600084?1711383642 第 1 次 等待 3 秒
2024-03-26 00:20:48 CHB 1600084?1711383642 第 1 次 获取到号码【1600084】GSD
2024-03-26 00:20:48 未获取到号码【1600084】GSD，可能号码格式错误
2024-03-26 00:20:48 获取到号码【1600084】的GSD为【-】
2024-03-26 00:20:54 GSD insert 第 1 次 等待 3 秒
2024-03-26 00:20:57 {"status":"bad","gid":"521238","msg":"添加失败！号码【1600084(-|-)】已存在！"}
2024-03-26 00:20:57 随机等待 121 秒，约 2 分钟
2024-03-26 00:20:57 下次操作: 2024-03-26 00:22:58

2024-03-26 00:22:58 开始第 182 次操作

2024-03-26 00:22:58 开始操作号码 【1600085】
2024-03-26 00:23:04 GSD getOne 第 1 次 等待 3 秒
2024-03-26 00:23:07 查询号码 【1600085】，返回信息 {"status":"ok","msg":"-","gid":"521245","time_insert":"2023-02-08 07:02"}
2024-03-26 00:23:07 查询号码 【1600085】，GSD为【"-"】
2024-03-26 00:23:07 ok && -
2024-03-26 00:23:10 CHB 1600085?1711383787 第 1 次 等待 3 秒
2024-03-26 00:23:13 CHB 1600085?1711383787 第 1 次 获取到号码【1600085】GSD
2024-03-26 00:23:13 未获取到号码【1600085】GSD，可能号码格式错误
2024-03-26 00:23:13 获取到号码【1600085】的GSD为【-】
2024-03-26 00:23:18 GSD insert 第 1 次 等待 3 秒
2024-03-26 00:23:21 {"status":"bad","gid":"521245","msg":"添加失败！号码【1600085(-|-)】已存在！"}
2024-03-26 00:23:21 随机等待 145 秒，约 2 分钟
2024-03-26 00:23:21 下次操作: 2024-03-26 00:25:46

2024-03-26 00:25:46 开始第 183 次操作

2024-03-26 00:25:46 开始操作号码 【1600086】
2024-03-26 00:25:52 GSD getOne 第 1 次 等待 3 秒
2024-03-26 00:25:55 查询号码 【1600086】，返回信息 {"status":"ok","msg":"-","gid":"521250","time_insert":"2023-02-08 07:12"}
2024-03-26 00:25:55 查询号码 【1600086】，GSD为【"-"】
2024-03-26 00:25:55 ok && -
2024-03-26 00:25:57 CHB 1600086?1711383955 第 1 次 等待 3 秒
2024-03-26 00:26:00 CHB 1600086?1711383955 第 1 次 获取到号码【1600086】GSD
2024-03-26 00:26:00 未获取到号码【1600086】GSD，可能号码格式错误
2024-03-26 00:26:00 获取到号码【1600086】的GSD为【-】
2024-03-26 00:26:05 GSD insert 第 1 次 等待 3 秒
2024-03-26 00:26:08 {"status":"bad","gid":"521250","msg":"添加失败！号码【1600086(-|-)】已存在！"}
2024-03-26 00:26:08 随机等待 117 秒，约 1 分钟
2024-03-26 00:26:08 下次操作: 2024-03-26 00:28:05

2024-03-26 00:28:05 开始第 184 次操作

2024-03-26 00:28:05 开始操作号码 【1600087】
2024-03-26 00:28:10 GSD getOne 第 1 次 等待 3 秒
2024-03-26 00:28:13 查询号码 【1600087】，返回信息 {"status":"ok","msg":"-","gid":"521256","time_insert":"2023-02-08 07:22"}
2024-03-26 00:28:13 查询号码 【1600087】，GSD为【"-"】
2024-03-26 00:28:13 ok && -
2024-03-26 00:28:15 CHB 1600087?1711384093 第 1 次 等待 3 秒
2024-03-26 00:28:18 CHB 1600087?1711384093 第 1 次 获取到号码【1600087】GSD
2024-03-26 00:28:18 未获取到号码【1600087】GSD，可能号码格式错误
2024-03-26 00:28:18 获取到号码【1600087】的GSD为【-】
2024-03-26 00:28:23 GSD insert 第 1 次 等待 3 秒
2024-03-26 00:28:26 {"status":"bad","gid":"521256","msg":"添加失败！号码【1600087(-|-)】已存在！"}

2024-03-26 00:38:21 开始第 185 次操作

2024-03-26 00:38:21 开始操作号码 【1600088】
2024-03-26 00:38:28 GSD getOne 第 1 次 等待 3 秒
2024-03-26 00:38:31 查询号码 【1600088】，返回信息 {"status":"ok","msg":"-","gid":"521262","time_insert":"2023-02-08 07:32"}
2024-03-26 00:38:31 查询号码 【1600088】，GSD为【"-"】
2024-03-26 00:38:31 ok && -
2024-03-26 00:38:33 CHB 1600088?1711384711 第 1 次 等待 3 秒
2024-03-26 00:38:36 CHB 1600088?1711384711 第 1 次 获取到号码【1600088】GSD
2024-03-26 00:38:36 未获取到号码【1600088】GSD，可能号码格式错误
2024-03-26 00:38:36 获取到号码【1600088】的GSD为【-】
2024-03-26 00:38:42 GSD insert 第 1 次 等待 3 秒
2024-03-26 00:38:45 {"status":"bad","gid":"521262","msg":"添加失败！号码【1600088(-|-)】已存在！"}
2024-03-26 00:38:45 随机等待 132 秒，约 2 分钟
2024-03-26 00:38:45 下次操作: 2024-03-26 00:40:57

2024-03-26 00:40:57 开始第 186 次操作

2024-03-26 00:40:57 开始操作号码 【1600089】
2024-03-26 00:41:02 GSD getOne 第 1 次 等待 3 秒
2024-03-26 00:41:05 查询号码 【1600089】，返回信息 {"status":"ok","msg":"-","gid":"521269","time_insert":"2023-02-08 07:42"}
2024-03-26 00:41:06 查询号码 【1600089】，GSD为【"-"】
2024-03-26 00:41:06 ok && -
2024-03-26 00:41:08 CHB 1600089?1711384866 第 1 次 等待 3 秒
2024-03-26 00:41:11 CHB 1600089?1711384866 第 1 次 获取到号码【1600089】GSD
2024-03-26 00:41:11 未获取到号码【1600089】GSD，可能号码格式错误
2024-03-26 00:41:11 获取到号码【1600089】的GSD为【-】
2024-03-26 00:41:16 GSD insert 第 1 次 等待 3 秒
2024-03-26 00:41:19 {"status":"bad","gid":"521269","msg":"添加失败！号码【1600089(-|-)】已存在！"}
2024-03-26 00:41:19 随机等待 174 秒，约 2 分钟
2024-03-26 00:41:19 下次操作: 2024-03-26 00:44:13

2024-03-26 00:44:13 开始第 187 次操作

2024-03-26 00:44:13 开始操作号码 【1600090】
2024-03-26 00:44:17 GSD getOne 第 1 次 等待 3 秒
2024-03-26 00:44:20 查询号码 【1600090】，返回信息 {"status":"ok","msg":"-","gid":"521275","time_insert":"2023-02-08 07:53"}
2024-03-26 00:44:21 查询号码 【1600090】，GSD为【"-"】
2024-03-26 00:44:21 ok && -
2024-03-26 00:44:23 CHB 1600090?1711385061 第 1 次 等待 3 秒
2024-03-26 00:44:26 CHB 1600090?1711385061 第 1 次 获取到号码【1600090】GSD
2024-03-26 00:44:26 未获取到号码【1600090】GSD，可能号码格式错误
2024-03-26 00:44:26 获取到号码【1600090】的GSD为【-】
2024-03-26 00:44:31 GSD insert 第 1 次 等待 3 秒
2024-03-26 00:44:34 {"status":"bad","gid":"521275","msg":"添加失败！号码【1600090(-|-)】已存在！"}
2024-03-26 00:44:34 随机等待 130 秒，约 2 分钟
2024-03-26 00:44:34 下次操作: 2024-03-26 00:46:44

2024-03-26 00:46:44 开始第 188 次操作

2024-03-26 00:46:44 开始操作号码 【1600091】
2024-03-26 00:46:49 GSD getOne 第 1 次 等待 3 秒
2024-03-26 00:46:52 查询号码 【1600091】，返回信息 {"status":"ok","msg":"-","gid":"521280","time_insert":"2023-02-08 08:02"}
2024-03-26 00:46:52 查询号码 【1600091】，GSD为【"-"】
2024-03-26 00:46:52 ok && -
2024-03-26 00:46:54 CHB 1600091?1711385212 第 1 次 等待 3 秒
2024-03-26 00:46:57 CHB 1600091?1711385212 第 1 次 获取到号码【1600091】GSD
2024-03-26 00:46:57 未获取到号码【1600091】GSD，可能号码格式错误
2024-03-26 00:46:57 获取到号码【1600091】的GSD为【-】
2024-03-26 00:47:01 GSD insert 第 1 次 等待 3 秒
2024-03-26 00:47:04 {"status":"bad","gid":"521280","msg":"添加失败！号码【1600091(-|-)】已存在！"}

2024-03-26 01:14:55 开始第 189 次操作

2024-03-26 01:14:55 开始操作号码 【1600092】
2024-03-26 01:15:00 GSD getOne 第 1 次 等待 3 秒
2024-03-26 01:15:03 查询号码 【1600092】，返回信息 {"status":"ok","msg":"-","gid":"521287","time_insert":"2023-02-08 08:12"}
2024-03-26 01:15:03 查询号码 【1600092】，GSD为【"-"】
2024-03-26 01:15:03 ok && -
2024-03-26 01:15:05 CHB 1600092?1711386903 第 1 次 等待 3 秒
2024-03-26 01:15:08 CHB 1600092?1711386903 第 1 次 获取到号码【1600092】GSD
2024-03-26 01:15:08 未获取到号码【1600092】GSD，可能号码格式错误
2024-03-26 01:15:08 获取到号码【1600092】的GSD为【-】
2024-03-26 01:15:12 GSD insert 第 1 次 等待 3 秒
2024-03-26 01:15:15 {"status":"bad","gid":"521287","msg":"添加失败！号码【1600092(-|-)】已存在！"}
2024-03-26 01:15:15 随机等待 213 秒，约 3 分钟
2024-03-26 01:15:15 下次操作: 2024-03-26 01:18:48

2024-03-26 01:18:48 开始第 190 次操作

2024-03-26 01:18:48 开始操作号码 【1600093】
2024-03-26 01:18:53 GSD getOne 第 1 次 等待 3 秒
2024-03-26 01:18:56 查询号码 【1600093】，返回信息 {"status":"ok","msg":"-","gid":"521294","time_insert":"2023-02-08 08:22"}
2024-03-26 01:18:56 查询号码 【1600093】，GSD为【"-"】
2024-03-26 01:18:56 ok && -
2024-03-26 01:18:58 CHB 1600093?1711387136 第 1 次 等待 3 秒
2024-03-26 01:19:01 CHB 1600093?1711387136 第 1 次 获取到号码【1600093】GSD
2024-03-26 01:19:01 未获取到号码【1600093】GSD，可能号码格式错误
2024-03-26 01:19:01 获取到号码【1600093】的GSD为【-】
2024-03-26 01:19:05 GSD insert 第 1 次 等待 3 秒
2024-03-26 01:19:08 {"status":"bad","gid":"521294","msg":"添加失败！号码【1600093(-|-)】已存在！"}
2024-03-26 01:19:08 随机等待 113 秒，约 1 分钟
2024-03-26 01:19:08 下次操作: 2024-03-26 01:21:01

2024-03-26 01:21:01 开始第 191 次操作

2024-03-26 01:21:01 开始操作号码 【1600094】
2024-03-26 01:21:06 GSD getOne 第 1 次 等待 3 秒
2024-03-26 01:21:09 查询号码 【1600094】，返回信息 {"status":"ok","msg":"-","gid":"521299","time_insert":"2023-02-08 08:31"}
2024-03-26 01:21:09 查询号码 【1600094】，GSD为【"-"】
2024-03-26 01:21:09 ok && -
2024-03-26 01:21:10 CHB 1600094?1711387269 第 1 次 等待 3 秒
2024-03-26 01:21:13 CHB 1600094?1711387269 第 1 次 获取到号码【1600094】GSD
2024-03-26 01:21:13 未获取到号码【1600094】GSD，可能号码格式错误
2024-03-26 01:21:13 获取到号码【1600094】的GSD为【-】
2024-03-26 01:21:18 GSD insert 第 1 次 等待 3 秒
2024-03-26 01:21:21 {"status":"bad","gid":"521299","msg":"添加失败！号码【1600094(-|-)】已存在！"}
2024-03-26 01:21:21 随机等待 127 秒，约 2 分钟
2024-03-26 01:21:21 下次操作: 2024-03-26 01:23:28

2024-03-26 01:23:28 开始第 192 次操作

2024-03-26 01:23:28 开始操作号码 【1600095】
2024-03-26 01:23:32 GSD getOne 第 1 次 等待 3 秒
2024-03-26 01:23:36 查询号码 【1600095】，返回信息 {"status":"ok","msg":"-","gid":"521304","time_insert":"2023-02-08 08:39"}
2024-03-26 01:23:36 查询号码 【1600095】，GSD为【"-"】
2024-03-26 01:23:36 ok && -
2024-03-26 01:23:38 CHB 1600095?1711387416 第 1 次 等待 3 秒
2024-03-26 01:23:41 CHB 1600095?1711387416 第 1 次 获取到号码【1600095】GSD
2024-03-26 01:23:41 未获取到号码【1600095】GSD，可能号码格式错误
2024-03-26 01:23:41 获取到号码【1600095】的GSD为【-】
2024-03-26 01:23:45 GSD insert 第 1 次 等待 3 秒
2024-03-26 01:23:48 {"status":"bad","gid":"521304","msg":"添加失败！号码【1600095(-|-)】已存在！"}

2024-03-26 01:37:11 开始第 193 次操作

2024-03-26 01:37:11 开始操作号码 【1600096】
2024-03-26 01:37:15 GSD getOne 第 1 次 等待 3 秒
2024-03-26 01:37:18 查询号码 【1600096】，返回信息 {"status":"ok","msg":"-","gid":"521312","time_insert":"2023-02-08 08:50"}
2024-03-26 01:37:18 查询号码 【1600096】，GSD为【"-"】
2024-03-26 01:37:18 ok && -
2024-03-26 01:37:21 CHB 1600096?1711388238 第 1 次 等待 3 秒
2024-03-26 01:37:24 CHB 1600096?1711388238 第 1 次 获取到号码【1600096】GSD
2024-03-26 01:37:24 未获取到号码【1600096】GSD，可能号码格式错误
2024-03-26 01:37:24 获取到号码【1600096】的GSD为【-】
2024-03-26 01:37:28 GSD insert 第 1 次 等待 3 秒
2024-03-26 01:37:31 {"status":"bad","gid":"521312","msg":"添加失败！号码【1600096(-|-)】已存在！"}
2024-03-26 01:37:31 随机等待 87 秒，约 1 分钟
2024-03-26 01:37:31 下次操作: 2024-03-26 01:38:58

2024-03-26 01:38:58 开始第 194 次操作

2024-03-26 01:38:58 开始操作号码 【1600097】
2024-03-26 01:39:03 GSD getOne 第 1 次 等待 3 秒
2024-03-26 01:39:06 查询号码 【1600097】，返回信息 {"status":"ok","msg":"-","gid":"521316","time_insert":"2023-02-08 08:59"}
2024-03-26 01:39:06 查询号码 【1600097】，GSD为【"-"】
2024-03-26 01:39:06 ok && -
2024-03-26 01:39:08 CHB 1600097?1711388346 第 1 次 等待 3 秒
2024-03-26 01:39:11 CHB 1600097?1711388346 第 1 次 获取到号码【1600097】GSD
2024-03-26 01:39:11 未获取到号码【1600097】GSD，可能号码格式错误
2024-03-26 01:39:11 获取到号码【1600097】的GSD为【-】
2024-03-26 01:39:15 GSD insert 第 1 次 等待 3 秒
2024-03-26 01:39:18 {"status":"bad","gid":"521316","msg":"添加失败！号码【1600097(-|-)】已存在！"}
2024-03-26 01:39:18 随机等待 209 秒，约 3 分钟
2024-03-26 01:39:18 下次操作: 2024-03-26 01:42:47

2024-03-26 01:42:47 开始第 195 次操作

2024-03-26 01:42:47 开始操作号码 【1600098】
2024-03-26 01:42:51 GSD getOne 第 1 次 等待 3 秒
2024-03-26 01:42:54 查询号码 【1600098】，返回信息 {"status":"ok","msg":"-","gid":"521323","time_insert":"2023-02-08 09:09"}
2024-03-26 01:42:54 查询号码 【1600098】，GSD为【"-"】
2024-03-26 01:42:54 ok && -
2024-03-26 01:42:56 CHB 1600098?1711388574 第 1 次 等待 3 秒
2024-03-26 01:42:59 CHB 1600098?1711388574 第 1 次 获取到号码【1600098】GSD
2024-03-26 01:42:59 未获取到号码【1600098】GSD，可能号码格式错误
2024-03-26 01:42:59 获取到号码【1600098】的GSD为【-】
2024-03-26 01:43:03 GSD insert 第 1 次 等待 3 秒
2024-03-26 01:43:06 {"status":"bad","gid":"521323","msg":"添加失败！号码【1600098(-|-)】已存在！"}
2024-03-26 01:43:06 随机等待 183 秒，约 3 分钟
2024-03-26 01:43:06 下次操作: 2024-03-26 01:46:09

2024-03-26 01:46:09 开始第 196 次操作

2024-03-26 01:46:09 开始操作号码 【1600099】
2024-03-26 01:46:14 GSD getOne 第 1 次 等待 3 秒
2024-03-26 01:46:17 查询号码 【1600099】，返回信息 {"status":"ok","msg":"-","gid":"521331","time_insert":"2023-02-08 09:18"}
2024-03-26 01:46:17 查询号码 【1600099】，GSD为【"-"】
2024-03-26 01:46:17 ok && -
2024-03-26 01:46:18 CHB 1600099?1711388777 第 1 次 等待 3 秒
2024-03-26 01:46:21 CHB 1600099?1711388777 第 1 次 获取到号码【1600099】GSD
2024-03-26 01:46:21 未获取到号码【1600099】GSD，可能号码格式错误
2024-03-26 01:46:21 获取到号码【1600099】的GSD为【-】
2024-03-26 01:46:26 GSD insert 第 1 次 等待 3 秒
2024-03-26 01:46:29 {"status":"bad","gid":"521331","msg":"添加失败！号码【1600099(-|-)】已存在！"}

2024-03-26 02:21:03 开始第 197 次操作

2024-03-26 02:21:03 开始操作号码 【1600100】
2024-03-26 02:21:10 GSD getOne 第 1 次 等待 3 秒
2024-03-26 02:21:13 查询号码 【1600100】，返回信息 {"status":"ok","msg":"-","gid":"521338","time_insert":"2023-02-08 09:28"}
2024-03-26 02:21:13 查询号码 【1600100】，GSD为【"-"】
2024-03-26 02:21:13 ok && -
2024-03-26 02:21:15 CHB 1600100?1711390873 第 1 次 等待 3 秒
2024-03-26 02:21:18 CHB 1600100?1711390873 第 1 次 获取到号码【1600100】GSD
2024-03-26 02:21:18 未获取到号码【1600100】GSD，可能号码格式错误
2024-03-26 02:21:18 获取到号码【1600100】的GSD为【-】
2024-03-26 02:21:22 GSD insert 第 1 次 等待 3 秒
2024-03-26 02:21:25 {"status":"bad","gid":"521338","msg":"添加失败！号码【1600100(-|-)】已存在！"}
2024-03-26 02:21:25 随机等待 77 秒，约 1 分钟
2024-03-26 02:21:25 下次操作: 2024-03-26 02:22:42

2024-03-26 02:22:42 开始第 198 次操作

2024-03-26 02:22:42 开始操作号码 【1600101】
2024-03-26 02:22:47 GSD getOne 第 1 次 等待 3 秒
2024-03-26 02:22:50 查询号码 【1600101】，返回信息 {"status":"ok","msg":"-","gid":"521345","time_insert":"2023-02-08 09:38"}
2024-03-26 02:22:50 查询号码 【1600101】，GSD为【"-"】
2024-03-26 02:22:50 ok && -
2024-03-26 02:22:52 CHB 1600101?1711390970 第 1 次 等待 3 秒
2024-03-26 02:22:55 CHB 1600101?1711390970 第 1 次 获取到号码【1600101】GSD
2024-03-26 02:22:55 未获取到号码【1600101】GSD，可能号码格式错误
2024-03-26 02:22:55 获取到号码【1600101】的GSD为【-】
2024-03-26 02:22:59 GSD insert 第 1 次 等待 3 秒
2024-03-26 02:23:02 {"status":"bad","gid":"521345","msg":"添加失败！号码【1600101(-|-)】已存在！"}
2024-03-26 02:23:02 随机等待 121 秒，约 2 分钟
2024-03-26 02:23:02 下次操作: 2024-03-26 02:25:03

2024-03-26 02:25:03 开始第 199 次操作

2024-03-26 02:25:03 开始操作号码 【1600102】
2024-03-26 02:25:10 GSD getOne 第 1 次 等待 3 秒
2024-03-26 02:25:13 查询号码 【1600102】，返回信息 {"status":"ok","msg":"-","gid":"521354","time_insert":"2023-02-08 09:48"}
2024-03-26 02:25:13 查询号码 【1600102】，GSD为【"-"】
2024-03-26 02:25:13 ok && -
2024-03-26 02:25:15 CHB 1600102?1711391113 第 1 次 等待 3 秒
2024-03-26 02:25:18 CHB 1600102?1711391113 第 1 次 获取到号码【1600102】GSD
2024-03-26 02:25:18 未获取到号码【1600102】GSD，可能号码格式错误
2024-03-26 02:25:18 获取到号码【1600102】的GSD为【-】
2024-03-26 02:25:24 GSD insert 第 1 次 等待 3 秒
2024-03-26 02:25:27 {"status":"bad","gid":"521354","msg":"添加失败！号码【1600102(-|-)】已存在！"}
2024-03-26 02:25:27 随机等待 210 秒，约 3 分钟
2024-03-26 02:25:27 下次操作: 2024-03-26 02:28:57

2024-03-26 02:28:57 开始第 200 次操作

2024-03-26 02:28:57 开始操作号码 【1600103】
2024-03-26 02:29:01 GSD getOne 第 1 次 等待 3 秒
2024-03-26 02:29:04 查询号码 【1600103】，返回信息 {"status":"ok","msg":"-","gid":"521363","time_insert":"2023-02-08 09:57"}
2024-03-26 02:29:04 查询号码 【1600103】，GSD为【"-"】
2024-03-26 02:29:04 ok && -
2024-03-26 02:29:06 CHB 1600103?1711391344 第 1 次 等待 3 秒
2024-03-26 02:29:09 CHB 1600103?1711391344 第 1 次 获取到号码【1600103】GSD
2024-03-26 02:29:09 未获取到号码【1600103】GSD，可能号码格式错误
2024-03-26 02:29:09 获取到号码【1600103】的GSD为【-】
2024-03-26 02:29:14 GSD insert 第 1 次 等待 3 秒
2024-03-26 02:29:17 {"status":"bad","gid":"521363","msg":"添加失败！号码【1600103(-|-)】已存在！"}

2024-03-26 02:37:36 开始第 201 次操作

2024-03-26 02:37:36 开始操作号码 【1600104】
2024-03-26 02:37:42 GSD getOne 第 1 次 等待 3 秒
2024-03-26 02:37:45 查询号码 【1600104】，返回信息 {"status":"ok","msg":"-","gid":"521369","time_insert":"2023-02-08 10:06"}
2024-03-26 02:37:45 查询号码 【1600104】，GSD为【"-"】
2024-03-26 02:37:45 ok && -
2024-03-26 02:39:17 CHB 1600104?1711391865 第 1 次 等待 3 秒
2024-03-26 02:39:20 CHB 1600104?1711391865 第 1 次 获取到号码【1600104】GSD
2024-03-26 02:39:20 未获取到号码【1600104】GSD，可能号码格式错误
2024-03-26 02:39:20 获取到号码【1600104】的GSD为【-】
2024-03-26 02:39:27 GSD insert 第 1 次 等待 3 秒
2024-03-26 02:39:30 {"status":"bad","gid":"521369","msg":"添加失败！号码【1600104(-|-)】已存在！"}
2024-03-26 02:39:30 随机等待 84 秒，约 1 分钟
2024-03-26 02:39:30 下次操作: 2024-03-26 02:40:54

2024-03-26 02:40:54 开始第 202 次操作

2024-03-26 02:40:54 开始操作号码 【1600105】
2024-03-26 02:40:59 GSD getOne 第 1 次 等待 3 秒
2024-03-26 02:41:02 查询号码 【1600105】，返回信息 {"status":"ok","msg":"-","gid":"521375","time_insert":"2023-02-08 10:16"}
2024-03-26 02:41:02 查询号码 【1600105】，GSD为【"-"】
2024-03-26 02:41:02 ok && -
2024-03-26 02:41:04 CHB 1600105?1711392062 第 1 次 等待 3 秒
2024-03-26 02:41:07 CHB 1600105?1711392062 第 1 次 获取到号码【1600105】GSD
2024-03-26 02:41:07 未获取到号码【1600105】GSD，可能号码格式错误
2024-03-26 02:41:07 获取到号码【1600105】的GSD为【-】
2024-03-26 02:41:12 GSD insert 第 1 次 等待 3 秒
2024-03-26 02:41:15 {"status":"bad","gid":"521375","msg":"添加失败！号码【1600105(-|-)】已存在！"}
2024-03-26 02:41:15 随机等待 111 秒，约 1 分钟
2024-03-26 02:41:15 下次操作: 2024-03-26 02:43:06

2024-03-26 02:43:06 开始第 203 次操作

2024-03-26 02:43:06 开始操作号码 【1600106】
2024-03-26 02:43:10 GSD getOne 第 1 次 等待 3 秒
2024-03-26 02:43:13 查询号码 【1600106】，返回信息 {"status":"ok","msg":"-","gid":"521384","time_insert":"2023-02-08 10:25"}
2024-03-26 02:43:13 查询号码 【1600106】，GSD为【"-"】
2024-03-26 02:43:13 ok && -
2024-03-26 02:43:15 CHB 1600106?1711392193 第 1 次 等待 3 秒
2024-03-26 02:43:18 CHB 1600106?1711392193 第 1 次 获取到号码【1600106】GSD
2024-03-26 02:43:18 未获取到号码【1600106】GSD，可能号码格式错误
2024-03-26 02:43:18 获取到号码【1600106】的GSD为【-】
2024-03-26 02:43:23 GSD insert 第 1 次 等待 3 秒
2024-03-26 02:43:26 {"status":"bad","gid":"521384","msg":"添加失败！号码【1600106(-|-)】已存在！"}
2024-03-26 02:43:26 随机等待 228 秒，约 3 分钟
2024-03-26 02:43:26 下次操作: 2024-03-26 02:47:14

2024-03-26 02:47:14 开始第 204 次操作

2024-03-26 02:47:14 开始操作号码 【1600107】
2024-03-26 02:47:18 GSD getOne 第 1 次 等待 3 秒
2024-03-26 02:47:21 查询号码 【1600107】，返回信息 {"status":"ok","msg":"-","gid":"521391","time_insert":"2023-02-08 10:33"}
2024-03-26 02:47:22 查询号码 【1600107】，GSD为【"-"】
2024-03-26 02:47:22 ok && -
2024-03-26 02:47:23 CHB 1600107?1711392442 第 1 次 等待 3 秒
2024-03-26 02:47:26 CHB 1600107?1711392442 第 1 次 获取到号码【1600107】GSD
2024-03-26 02:47:26 未获取到号码【1600107】GSD，可能号码格式错误
2024-03-26 02:47:26 获取到号码【1600107】的GSD为【-】
2024-03-26 02:47:31 GSD insert 第 1 次 等待 3 秒
2024-03-26 02:47:34 {"status":"bad","gid":"521391","msg":"添加失败！号码【1600107(-|-)】已存在！"}

2024-03-26 03:13:13 开始第 205 次操作

2024-03-26 03:13:13 开始操作号码 【1600108】
2024-03-26 03:13:19 GSD getOne 第 1 次 等待 3 秒
2024-03-26 03:13:22 查询号码 【1600108】，返回信息 {"status":"ok","msg":"-","gid":"521397","time_insert":"2023-02-08 10:43"}
2024-03-26 03:13:22 查询号码 【1600108】，GSD为【"-"】
2024-03-26 03:13:22 ok && -
2024-03-26 03:13:25 CHB 1600108?1711394002 第 1 次 等待 3 秒
2024-03-26 03:13:28 CHB 1600108?1711394002 第 1 次 获取到号码【1600108】GSD
2024-03-26 03:13:28 未获取到号码【1600108】GSD，可能号码格式错误
2024-03-26 03:13:28 获取到号码【1600108】的GSD为【-】
2024-03-26 03:13:33 GSD insert 第 1 次 等待 3 秒
2024-03-26 03:13:36 {"status":"bad","gid":"521397","msg":"添加失败！号码【1600108(-|-)】已存在！"}
2024-03-26 03:13:36 随机等待 229 秒，约 3 分钟
2024-03-26 03:13:36 下次操作: 2024-03-26 03:17:25

2024-03-26 03:17:25 开始第 206 次操作

2024-03-26 03:17:25 开始操作号码 【1600109】
2024-03-26 03:17:29 GSD getOne 第 1 次 等待 3 秒
2024-03-26 03:17:32 查询号码 【1600109】，返回信息 {"status":"ok","msg":"-","gid":"521406","time_insert":"2023-02-08 10:53"}
2024-03-26 03:17:32 查询号码 【1600109】，GSD为【"-"】
2024-03-26 03:17:32 ok && -
2024-03-26 03:17:34 CHB 1600109?1711394252 第 1 次 等待 3 秒
2024-03-26 03:17:37 CHB 1600109?1711394252 第 1 次 获取到号码【1600109】GSD
2024-03-26 03:17:37 未获取到号码【1600109】GSD，可能号码格式错误
2024-03-26 03:17:37 获取到号码【1600109】的GSD为【-】
2024-03-26 03:17:42 GSD insert 第 1 次 等待 3 秒
2024-03-26 03:17:45 {"status":"bad","gid":"521406","msg":"添加失败！号码【1600109(-|-)】已存在！"}
2024-03-26 03:17:45 随机等待 83 秒，约 1 分钟
2024-03-26 03:17:45 下次操作: 2024-03-26 03:19:08

2024-03-26 03:19:08 开始第 207 次操作

2024-03-26 03:19:08 开始操作号码 【1600110】
2024-03-26 03:19:13 GSD getOne 第 1 次 等待 3 秒
2024-03-26 03:19:16 查询号码 【1600110】，返回信息 {"status":"ok","msg":"-","gid":"521416","time_insert":"2023-02-08 11:04"}
2024-03-26 03:19:16 查询号码 【1600110】，GSD为【"-"】
2024-03-26 03:19:16 ok && -
2024-03-26 03:19:18 CHB 1600110?1711394356 第 1 次 等待 3 秒
2024-03-26 03:19:21 CHB 1600110?1711394356 第 1 次 获取到号码【1600110】GSD
2024-03-26 03:19:21 未获取到号码【1600110】GSD，可能号码格式错误
2024-03-26 03:19:21 获取到号码【1600110】的GSD为【-】
2024-03-26 03:19:26 GSD insert 第 1 次 等待 3 秒
2024-03-26 03:19:29 {"status":"bad","gid":"521416","msg":"添加失败！号码【1600110(-|-)】已存在！"}
2024-03-26 03:19:29 随机等待 120 秒，约 2 分钟
2024-03-26 03:19:29 下次操作: 2024-03-26 03:21:29

2024-03-26 03:21:29 开始第 208 次操作

2024-03-26 03:21:29 开始操作号码 【1600111】
2024-03-26 03:21:34 GSD getOne 第 1 次 等待 3 秒
2024-03-26 03:21:37 查询号码 【1600111】，返回信息 {"status":"ok","msg":"-","gid":"521424","time_insert":"2023-02-08 11:14"}
2024-03-26 03:21:37 查询号码 【1600111】，GSD为【"-"】
2024-03-26 03:21:37 ok && -
2024-03-26 03:21:39 CHB 1600111?1711394497 第 1 次 等待 3 秒
2024-03-26 03:21:42 CHB 1600111?1711394497 第 1 次 获取到号码【1600111】GSD
2024-03-26 03:21:42 未获取到号码【1600111】GSD，可能号码格式错误
2024-03-26 03:21:42 获取到号码【1600111】的GSD为【-】
2024-03-26 03:21:46 GSD insert 第 1 次 等待 3 秒
2024-03-26 03:21:49 {"status":"bad","gid":"521424","msg":"添加失败！号码【1600111(-|-)】已存在！"}

2024-03-26 03:37:15 开始第 209 次操作

2024-03-26 03:37:15 开始操作号码 【1600112】
2024-03-26 03:37:20 GSD getOne 第 1 次 等待 3 秒
2024-03-26 03:37:23 查询号码 【1600112】，返回信息 {"status":"ok","msg":"-","gid":"521433","time_insert":"2023-02-08 11:23"}
2024-03-26 03:37:23 查询号码 【1600112】，GSD为【"-"】
2024-03-26 03:37:23 ok && -
2024-03-26 03:37:25 CHB 1600112?1711395443 第 1 次 等待 3 秒
2024-03-26 03:37:28 CHB 1600112?1711395443 第 1 次 获取到号码【1600112】GSD
2024-03-26 03:37:28 未获取到号码【1600112】GSD，可能号码格式错误
2024-03-26 03:37:28 获取到号码【1600112】的GSD为【-】
2024-03-26 03:37:32 GSD insert 第 1 次 等待 3 秒
2024-03-26 03:37:35 {"status":"bad","gid":"521433","msg":"添加失败！号码【1600112(-|-)】已存在！"}
2024-03-26 03:37:35 随机等待 130 秒，约 2 分钟
2024-03-26 03:37:35 下次操作: 2024-03-26 03:39:45

2024-03-26 03:39:45 开始第 210 次操作

2024-03-26 03:39:45 开始操作号码 【1600113】
2024-03-26 03:39:50 GSD getOne 第 1 次 等待 3 秒
2024-03-26 03:39:53 查询号码 【1600113】，返回信息 {"status":"ok","msg":"-","gid":"521446","time_insert":"2023-02-08 11:34"}
2024-03-26 03:39:53 查询号码 【1600113】，GSD为【"-"】
2024-03-26 03:39:53 ok && -
2024-03-26 03:39:55 CHB 1600113?1711395593 第 1 次 等待 3 秒
2024-03-26 03:39:58 CHB 1600113?1711395593 第 1 次 获取到号码【1600113】GSD
2024-03-26 03:39:58 未获取到号码【1600113】GSD，可能号码格式错误
2024-03-26 03:39:58 获取到号码【1600113】的GSD为【-】
2024-03-26 03:40:03 GSD insert 第 1 次 等待 3 秒
2024-03-26 03:40:06 {"status":"bad","gid":"521446","msg":"添加失败！号码【1600113(-|-)】已存在！"}
2024-03-26 03:40:06 随机等待 67 秒，约 1 分钟
2024-03-26 03:40:06 下次操作: 2024-03-26 03:41:13

2024-03-26 03:41:13 开始第 211 次操作

2024-03-26 03:41:13 开始操作号码 【1600114】
2024-03-26 03:41:19 GSD getOne 第 1 次 等待 3 秒
2024-03-26 03:41:22 查询号码 【1600114】，返回信息 {"status":"ok","msg":"-","gid":"521455","time_insert":"2023-02-08 11:44"}
2024-03-26 03:41:22 查询号码 【1600114】，GSD为【"-"】
2024-03-26 03:41:22 ok && -
2024-03-26 03:41:23 CHB 1600114?1711395682 第 1 次 等待 3 秒
2024-03-26 03:41:26 CHB 1600114?1711395682 第 1 次 获取到号码【1600114】GSD
2024-03-26 03:41:26 未获取到号码【1600114】GSD，可能号码格式错误
2024-03-26 03:41:26 获取到号码【1600114】的GSD为【-】
2024-03-26 03:41:31 GSD insert 第 1 次 等待 3 秒
2024-03-26 03:41:34 {"status":"bad","gid":"521455","msg":"添加失败！号码【1600114(-|-)】已存在！"}
2024-03-26 03:41:34 随机等待 151 秒，约 2 分钟
2024-03-26 03:41:34 下次操作: 2024-03-26 03:44:05

2024-03-26 03:44:05 开始第 212 次操作

2024-03-26 03:44:05 开始操作号码 【1600115】
2024-03-26 03:44:09 GSD getOne 第 1 次 等待 3 秒
2024-03-26 03:44:12 查询号码 【1600115】，返回信息 {"status":"ok","msg":"-","gid":"521466","time_insert":"2023-02-08 11:53"}
2024-03-26 03:44:12 查询号码 【1600115】，GSD为【"-"】
2024-03-26 03:44:12 ok && -
2024-03-26 03:44:14 CHB 1600115?1711395852 第 1 次 等待 3 秒
2024-03-26 03:44:17 CHB 1600115?1711395852 第 1 次 获取到号码【1600115】GSD
2024-03-26 03:44:17 未获取到号码【1600115】GSD，可能号码格式错误
2024-03-26 03:44:17 获取到号码【1600115】的GSD为【-】
2024-03-26 03:44:22 GSD insert 第 1 次 等待 3 秒
2024-03-26 03:44:25 {"status":"bad","gid":"521466","msg":"添加失败！号码【1600115(-|-)】已存在！"}

2024-03-26 04:16:42 开始第 213 次操作

2024-03-26 04:16:42 开始操作号码 【1600116】
2024-03-26 04:16:47 GSD getOne 第 1 次 等待 3 秒
2024-03-26 04:16:50 查询号码 【1600116】，返回信息 {"status":"ok","msg":"-","gid":"521478","time_insert":"2023-02-08 12:03"}
2024-03-26 04:16:50 查询号码 【1600116】，GSD为【"-"】
2024-03-26 04:16:50 ok && -
2024-03-26 04:16:53 CHB 1600116?1711397810 第 1 次 等待 3 秒
2024-03-26 04:16:56 CHB 1600116?1711397810 第 1 次 获取到号码【1600116】GSD
2024-03-26 04:16:56 未获取到号码【1600116】GSD，可能号码格式错误
2024-03-26 04:16:56 获取到号码【1600116】的GSD为【-】
2024-03-26 04:17:01 GSD insert 第 1 次 等待 3 秒
2024-03-26 04:17:04 {"status":"bad","gid":"521478","msg":"添加失败！号码【1600116(-|-)】已存在！"}
2024-03-26 04:17:04 随机等待 204 秒，约 3 分钟
2024-03-26 04:17:04 下次操作: 2024-03-26 04:20:28

2024-03-26 04:20:28 开始第 214 次操作

2024-03-26 04:20:28 开始操作号码 【1600117】
2024-03-26 04:20:32 GSD getOne 第 1 次 等待 3 秒
2024-03-26 04:20:35 查询号码 【1600117】，返回信息 {"status":"ok","msg":"-","gid":"521489","time_insert":"2023-02-08 12:13"}
2024-03-26 04:20:35 查询号码 【1600117】，GSD为【"-"】
2024-03-26 04:20:35 ok && -
2024-03-26 04:20:38 CHB 1600117?1711398035 第 1 次 等待 3 秒
2024-03-26 04:20:41 CHB 1600117?1711398035 第 1 次 获取到号码【1600117】GSD
2024-03-26 04:20:41 未获取到号码【1600117】GSD，可能号码格式错误
2024-03-26 04:20:41 获取到号码【1600117】的GSD为【-】
2024-03-26 04:20:46 GSD insert 第 1 次 等待 3 秒
2024-03-26 04:20:49 {"status":"bad","gid":"521489","msg":"添加失败！号码【1600117(-|-)】已存在！"}
2024-03-26 04:20:49 随机等待 157 秒，约 2 分钟
2024-03-26 04:20:49 下次操作: 2024-03-26 04:23:26

2024-03-26 04:23:26 开始第 215 次操作

2024-03-26 04:23:26 开始操作号码 【1600118】
2024-03-26 04:23:33 GSD getOne 第 1 次 等待 3 秒
2024-03-26 04:23:36 查询号码 【1600118】，返回信息 {"status":"ok","msg":"-","gid":"521498","time_insert":"2023-02-08 12:22"}
2024-03-26 04:23:36 查询号码 【1600118】，GSD为【"-"】
2024-03-26 04:23:36 ok && -
2024-03-26 04:23:39 CHB 1600118?1711398216 第 1 次 等待 3 秒
2024-03-26 04:23:42 CHB 1600118?1711398216 第 1 次 获取到号码【1600118】GSD
2024-03-26 04:23:42 未获取到号码【1600118】GSD，可能号码格式错误
2024-03-26 04:23:42 获取到号码【1600118】的GSD为【-】
2024-03-26 04:23:46 GSD insert 第 1 次 等待 3 秒
2024-03-26 04:23:49 {"status":"bad","gid":"521498","msg":"添加失败！号码【1600118(-|-)】已存在！"}
2024-03-26 04:23:49 随机等待 124 秒，约 2 分钟
2024-03-26 04:23:49 下次操作: 2024-03-26 04:25:53

2024-03-26 04:25:53 开始第 216 次操作

2024-03-26 04:25:53 开始操作号码 【1600119】
2024-03-26 04:25:59 GSD getOne 第 1 次 等待 3 秒
2024-03-26 04:26:02 查询号码 【1600119】，返回信息 {"status":"ok","msg":"-","gid":"521519","time_insert":"2023-02-08 12:43"}
2024-03-26 04:26:02 查询号码 【1600119】，GSD为【"-"】
2024-03-26 04:26:02 ok && -
2024-03-26 04:26:04 CHB 1600119?1711398362 第 1 次 等待 3 秒
2024-03-26 04:26:07 CHB 1600119?1711398362 第 1 次 获取到号码【1600119】GSD
2024-03-26 04:26:07 未获取到号码【1600119】GSD，可能号码格式错误
2024-03-26 04:26:07 获取到号码【1600119】的GSD为【-】
2024-03-26 04:26:13 GSD insert 第 1 次 等待 3 秒
2024-03-26 04:26:16 {"status":"bad","gid":"521519","msg":"添加失败！号码【1600119(-|-)】已存在！"}

2024-03-26 04:37:40 开始第 217 次操作

2024-03-26 04:37:40 开始操作号码 【1600120】
2024-03-26 04:37:46 GSD getOne 第 1 次 等待 3 秒
2024-03-26 04:37:49 查询号码 【1600120】，返回信息 {"status":"ok","msg":"-","gid":"521529","time_insert":"2023-02-08 12:51"}
2024-03-26 04:37:49 查询号码 【1600120】，GSD为【"-"】
2024-03-26 04:37:49 ok && -
2024-03-26 04:37:51 CHB 1600120?1711399069 第 1 次 等待 3 秒
2024-03-26 04:37:54 CHB 1600120?1711399069 第 1 次 获取到号码【1600120】GSD
2024-03-26 04:37:54 未获取到号码【1600120】GSD，可能号码格式错误
2024-03-26 04:37:54 获取到号码【1600120】的GSD为【-】
2024-03-26 04:38:00 GSD insert 第 1 次 等待 3 秒
2024-03-26 04:38:03 {"status":"bad","gid":"521529","msg":"添加失败！号码【1600120(-|-)】已存在！"}
2024-03-26 04:38:03 随机等待 175 秒，约 2 分钟
2024-03-26 04:38:03 下次操作: 2024-03-26 04:40:58

2024-03-26 04:40:58 开始第 218 次操作

2024-03-26 04:40:58 开始操作号码 【1600121】
2024-03-26 04:41:02 GSD getOne 第 1 次 等待 3 秒
2024-03-26 04:41:05 查询号码 【1600121】，返回信息 {"status":"ok","msg":"-","gid":"521539","time_insert":"2023-02-08 13:02"}
2024-03-26 04:41:05 查询号码 【1600121】，GSD为【"-"】
2024-03-26 04:41:05 ok && -
2024-03-26 04:41:07 CHB 1600121?1711399265 第 1 次 等待 3 秒
2024-03-26 04:41:10 CHB 1600121?1711399265 第 1 次 获取到号码【1600121】GSD
2024-03-26 04:41:10 未获取到号码【1600121】GSD，可能号码格式错误
2024-03-26 04:41:10 获取到号码【1600121】的GSD为【-】
2024-03-26 04:41:15 GSD insert 第 1 次 等待 3 秒
2024-03-26 04:41:18 {"status":"bad","gid":"521539","msg":"添加失败！号码【1600121(-|-)】已存在！"}
2024-03-26 04:41:18 随机等待 228 秒，约 3 分钟
2024-03-26 04:41:18 下次操作: 2024-03-26 04:45:06

2024-03-26 04:45:06 开始第 219 次操作

2024-03-26 04:45:06 开始操作号码 【1600122】
2024-03-26 04:45:10 GSD getOne 第 1 次 等待 3 秒
2024-03-26 04:45:13 查询号码 【1600122】，返回信息 {"status":"ok","msg":"-","gid":"521549","time_insert":"2023-02-08 13:11"}
2024-03-26 04:45:14 查询号码 【1600122】，GSD为【"-"】
2024-03-26 04:45:14 ok && -
2024-03-26 04:50:14 CHB 1600122?1711399514 第 1 次 等待 3 秒
2024-03-26 04:50:17 CHB 1600122?1711399514 第 1 次 未获取到 等待 186 秒 下次操作: 2024-03-26 04:53:23
2024-03-26 04:53:25 CHB 1600122?1711400003 第 2 次 等待 3 秒
2024-03-26 04:53:28 CHB 1600122?1711400003 第 2 次 获取到号码【1600122】GSD
2024-03-26 04:53:28 未获取到号码【1600122】GSD，可能号码格式错误
2024-03-26 04:53:28 获取到号码【1600122】的GSD为【-】
2024-03-26 04:53:33 GSD insert 第 1 次 等待 3 秒
2024-03-26 04:53:36 {"status":"bad","gid":"521549","msg":"添加失败！号码【1600122(-|-)】已存在！"}
2024-03-26 04:53:36 随机等待 117 秒，约 1 分钟
2024-03-26 04:53:36 下次操作: 2024-03-26 04:55:33

2024-03-26 04:55:33 开始第 220 次操作

2024-03-26 04:55:33 开始操作号码 【1600123】
2024-03-26 04:55:38 GSD getOne 第 1 次 等待 3 秒
2024-03-26 04:55:41 查询号码 【1600123】，返回信息 {"status":"ok","msg":"-","gid":"521561","time_insert":"2023-02-08 13:20"}
2024-03-26 04:55:41 查询号码 【1600123】，GSD为【"-"】
2024-03-26 04:55:41 ok && -
2024-03-26 04:55:43 CHB 1600123?1711400141 第 1 次 等待 3 秒
2024-03-26 04:55:46 CHB 1600123?1711400141 第 1 次 获取到号码【1600123】GSD
2024-03-26 04:55:46 未获取到号码【1600123】GSD，可能号码格式错误
2024-03-26 04:55:46 获取到号码【1600123】的GSD为【-】
2024-03-26 04:55:51 GSD insert 第 1 次 等待 3 秒
2024-03-26 04:55:54 {"status":"bad","gid":"521561","msg":"添加失败！号码【1600123(-|-)】已存在！"}

2024-03-26 05:14:45 开始第 221 次操作

2024-03-26 05:14:45 开始操作号码 【1600124】
2024-03-26 05:14:51 GSD getOne 第 1 次 等待 3 秒
2024-03-26 05:14:54 查询号码 【1600124】，返回信息 {"status":"ok","msg":"-","gid":"521568","time_insert":"2023-02-08 13:28"}
2024-03-26 05:14:54 查询号码 【1600124】，GSD为【"-"】
2024-03-26 05:14:54 ok && -
2024-03-26 05:14:56 CHB 1600124?1711401294 第 1 次 等待 3 秒
2024-03-26 05:14:59 CHB 1600124?1711401294 第 1 次 获取到号码【1600124】GSD
2024-03-26 05:14:59 未获取到号码【1600124】GSD，可能号码格式错误
2024-03-26 05:14:59 获取到号码【1600124】的GSD为【-】
2024-03-26 05:15:05 GSD insert 第 1 次 等待 3 秒
2024-03-26 05:15:08 {"status":"bad","gid":"521568","msg":"添加失败！号码【1600124(-|-)】已存在！"}
2024-03-26 05:15:08 随机等待 142 秒，约 2 分钟
2024-03-26 05:15:08 下次操作: 2024-03-26 05:17:30

2024-03-26 05:17:30 开始第 222 次操作

2024-03-26 05:17:30 开始操作号码 【1600125】
2024-03-26 05:17:35 GSD getOne 第 1 次 等待 3 秒
2024-03-26 05:17:38 查询号码 【1600125】，返回信息 {"status":"ok","msg":"-","gid":"521580","time_insert":"2023-02-08 13:39"}
2024-03-26 05:17:38 查询号码 【1600125】，GSD为【"-"】
2024-03-26 05:17:38 ok && -
2024-03-26 05:17:40 CHB 1600125?1711401458 第 1 次 等待 3 秒
2024-03-26 05:17:43 CHB 1600125?1711401458 第 1 次 获取到号码【1600125】GSD
2024-03-26 05:17:43 未获取到号码【1600125】GSD，可能号码格式错误
2024-03-26 05:17:43 获取到号码【1600125】的GSD为【-】
2024-03-26 05:17:49 GSD insert 第 1 次 等待 3 秒
2024-03-26 05:17:52 {"status":"bad","gid":"521580","msg":"添加失败！号码【1600125(-|-)】已存在！"}
2024-03-26 05:17:52 随机等待 90 秒，约 1 分钟
2024-03-26 05:17:52 下次操作: 2024-03-26 05:19:22

2024-03-26 05:19:22 开始第 223 次操作

2024-03-26 05:19:22 开始操作号码 【1600126】
2024-03-26 05:19:26 GSD getOne 第 1 次 等待 3 秒
2024-03-26 05:19:29 查询号码 【1600126】，返回信息 {"status":"ok","msg":"-","gid":"521592","time_insert":"2023-02-08 13:49"}
2024-03-26 05:19:29 查询号码 【1600126】，GSD为【"-"】
2024-03-26 05:19:29 ok && -
2024-03-26 05:19:32 CHB 1600126?1711401569 第 1 次 等待 3 秒
2024-03-26 05:19:35 CHB 1600126?1711401569 第 1 次 获取到号码【1600126】GSD
2024-03-26 05:19:35 未获取到号码【1600126】GSD，可能号码格式错误
2024-03-26 05:19:35 获取到号码【1600126】的GSD为【-】
2024-03-26 05:19:41 GSD insert 第 1 次 等待 3 秒
2024-03-26 05:19:44 {"status":"bad","gid":"521592","msg":"添加失败！号码【1600126(-|-)】已存在！"}
2024-03-26 05:19:44 随机等待 208 秒，约 3 分钟
2024-03-26 05:19:44 下次操作: 2024-03-26 05:23:12

2024-03-26 05:23:12 开始第 224 次操作

2024-03-26 05:23:12 开始操作号码 【1600127】
2024-03-26 05:23:17 GSD getOne 第 1 次 等待 3 秒
2024-03-26 05:23:20 查询号码 【1600127】，返回信息 {"status":"ok","msg":"-","gid":"521603","time_insert":"2023-02-08 13:59"}
2024-03-26 05:23:20 查询号码 【1600127】，GSD为【"-"】
2024-03-26 05:23:20 ok && -
2024-03-26 05:23:22 CHB 1600127?1711401800 第 1 次 等待 3 秒
2024-03-26 05:23:25 CHB 1600127?1711401800 第 1 次 获取到号码【1600127】GSD
2024-03-26 05:23:25 未获取到号码【1600127】GSD，可能号码格式错误
2024-03-26 05:23:25 获取到号码【1600127】的GSD为【-】
2024-03-26 05:23:30 GSD insert 第 1 次 等待 3 秒
2024-03-26 05:23:33 {"status":"bad","gid":"521603","msg":"添加失败！号码【1600127(-|-)】已存在！"}

2024-03-26 05:37:15 开始第 225 次操作

2024-03-26 05:37:15 开始操作号码 【1600128】
2024-03-26 05:37:22 GSD getOne 第 1 次 等待 3 秒
2024-03-26 05:37:25 查询号码 【1600128】，返回信息 {"status":"ok","msg":"-","gid":"521612","time_insert":"2023-02-08 14:08"}
2024-03-26 05:37:25 查询号码 【1600128】，GSD为【"-"】
2024-03-26 05:37:25 ok && -
2024-03-26 05:37:27 CHB 1600128?1711402645 第 1 次 等待 3 秒
2024-03-26 05:37:30 CHB 1600128?1711402645 第 1 次 获取到号码【1600128】GSD
2024-03-26 05:37:30 未获取到号码【1600128】GSD，可能号码格式错误
2024-03-26 05:37:30 获取到号码【1600128】的GSD为【-】
2024-03-26 05:37:38 GSD insert 第 1 次 等待 3 秒
2024-03-26 05:37:41 {"status":"bad","gid":"521612","msg":"添加失败！号码【1600128(-|-)】已存在！"}
2024-03-26 05:37:41 随机等待 231 秒，约 3 分钟
2024-03-26 05:37:41 下次操作: 2024-03-26 05:41:32

2024-03-26 05:41:32 开始第 226 次操作

2024-03-26 05:41:32 开始操作号码 【1600129】
2024-03-26 05:41:36 GSD getOne 第 1 次 等待 3 秒
2024-03-26 05:41:39 查询号码 【1600129】，返回信息 {"status":"ok","msg":"-","gid":"521623","time_insert":"2023-02-08 14:18"}
2024-03-26 05:41:39 查询号码 【1600129】，GSD为【"-"】
2024-03-26 05:41:39 ok && -
2024-03-26 05:41:41 CHB 1600129?1711402899 第 1 次 等待 3 秒
2024-03-26 05:41:44 CHB 1600129?1711402899 第 1 次 获取到号码【1600129】GSD
2024-03-26 05:41:44 未获取到号码【1600129】GSD，可能号码格式错误
2024-03-26 05:41:44 获取到号码【1600129】的GSD为【-】
2024-03-26 05:41:50 GSD insert 第 1 次 等待 3 秒
2024-03-26 05:41:53 {"status":"bad","gid":"521623","msg":"添加失败！号码【1600129(-|-)】已存在！"}
2024-03-26 05:41:53 随机等待 150 秒，约 2 分钟
2024-03-26 05:41:53 下次操作: 2024-03-26 05:44:23

2024-03-26 05:44:23 开始第 227 次操作

2024-03-26 05:44:23 开始操作号码 【1600130】
2024-03-26 05:44:28 GSD getOne 第 1 次 等待 3 秒
2024-03-26 05:44:31 查询号码 【1600130】，返回信息 {"status":"ok","msg":"-","gid":"521635","time_insert":"2023-02-08 14:28"}
2024-03-26 05:44:31 查询号码 【1600130】，GSD为【"-"】
2024-03-26 05:44:31 ok && -
2024-03-26 05:44:33 CHB 1600130?1711403071 第 1 次 等待 3 秒
2024-03-26 05:44:36 CHB 1600130?1711403071 第 1 次 获取到号码【1600130】GSD
2024-03-26 05:44:36 未获取到号码【1600130】GSD，可能号码格式错误
2024-03-26 05:44:36 获取到号码【1600130】的GSD为【-】
2024-03-26 05:44:40 GSD insert 第 1 次 等待 3 秒
2024-03-26 05:44:43 {"status":"bad","gid":"521635","msg":"添加失败！号码【1600130(-|-)】已存在！"}
2024-03-26 05:44:43 随机等待 198 秒，约 3 分钟
2024-03-26 05:44:43 下次操作: 2024-03-26 05:48:01

2024-03-26 05:48:01 开始第 228 次操作

2024-03-26 05:48:01 开始操作号码 【1600131】
2024-03-26 05:48:06 GSD getOne 第 1 次 等待 3 秒
2024-03-26 05:48:09 查询号码 【1600131】，返回信息 {"status":"ok","msg":"-","gid":"521647","time_insert":"2023-02-08 14:38"}
2024-03-26 05:48:09 查询号码 【1600131】，GSD为【"-"】
2024-03-26 05:48:09 ok && -
2024-03-26 05:48:11 CHB 1600131?1711403289 第 1 次 等待 3 秒
2024-03-26 05:48:14 CHB 1600131?1711403289 第 1 次 获取到号码【1600131】GSD
2024-03-26 05:48:14 未获取到号码【1600131】GSD，可能号码格式错误
2024-03-26 05:48:14 获取到号码【1600131】的GSD为【-】
2024-03-26 05:48:19 GSD insert 第 1 次 等待 3 秒
2024-03-26 05:48:22 {"status":"bad","gid":"521647","msg":"添加失败！号码【1600131(-|-)】已存在！"}

