2024-02-01 00:19:02 开始第 1233 次操作

2024-02-01 00:19:02 开始操作号码 【1711135】
2024-02-01 00:19:07 GSD getOne 第 1 次 等待 3 秒
2024-02-01 00:19:10 查询号码 【1711135】，返回信息 {"status":"ok","msg":"辽宁-沈阳","gid":"144569","time_insert":"2021-06-28 05:55"}
2024-02-01 00:19:11 查询号码 【1711135】，GSD为【"辽宁-沈阳"】

2024-02-01 00:19:12 开始第 1234 次操作

2024-02-01 00:19:12 开始操作号码 【1711136】
2024-02-01 00:19:16 GSD getOne 第 1 次 等待 3 秒
2024-02-01 00:19:19 查询号码 【1711136】，返回信息 {"status":"ok","msg":"辽宁-沈阳","gid":"144582","time_insert":"2021-06-28 05:56"}
2024-02-01 00:19:20 查询号码 【1711136】，GSD为【"辽宁-沈阳"】

2024-02-01 00:19:21 开始第 1235 次操作

2024-02-01 00:19:21 开始操作号码 【1711137】
2024-02-01 00:19:26 GSD getOne 第 1 次 等待 3 秒
2024-02-01 00:19:29 查询号码 【1711137】，返回信息 {"status":"ok","msg":"辽宁-沈阳","gid":"144591","time_insert":"2021-06-28 05:56"}
2024-02-01 00:19:29 查询号码 【1711137】，GSD为【"辽宁-沈阳"】

2024-02-01 00:19:30 开始第 1236 次操作

2024-02-01 00:19:30 开始操作号码 【1711138】
2024-02-01 00:19:37 GSD getOne 第 1 次 等待 3 秒
2024-02-01 00:19:40 查询号码 【1711138】，返回信息 {"status":"ok","msg":"辽宁-沈阳","gid":"144599","time_insert":"2021-06-28 05:57"}
2024-02-01 00:19:40 查询号码 【1711138】，GSD为【"辽宁-沈阳"】

