2024-09-15 00:16:12 开始第 4761 次操作

2024-09-15 00:16:12 开始操作号码 【1384760】
2024-09-15 00:16:20 GSD getOne 第 1 次 等待 3 秒
2024-09-15 00:16:23 查询号码 【1384760】，返回信息 {"status":"ok","msg":"内蒙古-赤峰","gid":"188064","time_insert":"2021-07-04 06:52"}
2024-09-15 00:16:23 查询号码 【1384760】，GSD为【"内蒙古-赤峰"】

2024-09-15 00:16:24 开始第 4762 次操作

2024-09-15 00:16:24 开始操作号码 【1384761】
2024-09-15 00:16:32 GSD getOne 第 1 次 等待 3 秒
2024-09-15 00:16:35 查询号码 【1384761】，返回信息 {"status":"ok","msg":"内蒙古-赤峰","gid":"188208","time_insert":"2021-07-04 07:03"}
2024-09-15 00:16:35 查询号码 【1384761】，GSD为【"内蒙古-赤峰"】

2024-09-15 00:16:36 开始第 4763 次操作

2024-09-15 00:16:36 开始操作号码 【1384762】
2024-09-15 00:16:44 GSD getOne 第 1 次 等待 3 秒
2024-09-15 00:16:47 查询号码 【1384762】，返回信息 {"status":"ok","msg":"内蒙古-赤峰","gid":"188237","time_insert":"2021-07-04 07:14"}
2024-09-15 00:16:48 查询号码 【1384762】，GSD为【"内蒙古-赤峰"】

2024-09-15 00:16:49 开始第 4764 次操作

2024-09-15 00:16:49 开始操作号码 【1384763】
2024-09-15 00:16:56 GSD getOne 第 1 次 等待 3 秒
2024-09-15 00:16:59 查询号码 【1384763】，返回信息 {"status":"ok","msg":"内蒙古-赤峰","gid":"11337","time_insert":"2019-04-03 13:41","time_update":"2020-12-16 21:59"}
2024-09-15 00:16:59 查询号码 【1384763】，GSD为【"内蒙古-赤峰"】

