2024-02-22 00:20:26 开始第 5013 次操作

2024-02-22 00:20:26 开始操作号码 【1714915】
2024-02-22 00:20:31 GSD getOne 第 1 次 等待 3 秒
2024-02-22 00:20:34 查询号码 【1714915】，返回信息 {"status":"ok","msg":"陕西-安康","gid":"186929","time_insert":"2021-07-04 03:49"}
2024-02-22 00:20:34 查询号码 【1714915】，GSD为【"陕西-安康"】

2024-02-22 00:20:35 开始第 5014 次操作

2024-02-22 00:20:35 开始操作号码 【1714916】
2024-02-22 00:20:42 GSD getOne 第 1 次 等待 3 秒
2024-02-22 00:20:45 查询号码 【1714916】，返回信息 {"status":"ok","msg":"陕西-汉中","gid":"186943","time_insert":"2021-07-04 03:49"}
2024-02-22 00:20:45 查询号码 【1714916】，GSD为【"陕西-汉中"】

2024-02-22 00:20:46 开始第 5015 次操作

2024-02-22 00:20:46 开始操作号码 【1714917】
2024-02-22 00:20:51 GSD getOne 第 1 次 等待 3 秒
2024-02-22 00:20:54 查询号码 【1714917】，返回信息 {"status":"ok","msg":"陕西-宝鸡","gid":"186951","time_insert":"2021-07-04 03:50"}
2024-02-22 00:20:54 查询号码 【1714917】，GSD为【"陕西-宝鸡"】

2024-02-22 00:20:55 开始第 5016 次操作

2024-02-22 00:20:55 开始操作号码 【1714918】
2024-02-22 00:21:00 GSD getOne 第 1 次 等待 3 秒
2024-02-22 00:21:03 查询号码 【1714918】，返回信息 {"status":"ok","msg":"四川-成都","gid":"186960","time_insert":"2021-07-04 03:51"}
2024-02-22 00:21:03 查询号码 【1714918】，GSD为【"四川-成都"】

