2024-02-10 00:19:27 开始第 2853 次操作

2024-02-10 00:19:27 开始操作号码 【1712755】
2024-02-10 00:19:32 GSD getOne 第 1 次 等待 3 秒
2024-02-10 00:19:35 查询号码 【1712755】，返回信息 {"status":"ok","msg":"辽宁-沈阳","gid":"163353","time_insert":"2021-07-01 01:39"}
2024-02-10 00:19:35 查询号码 【1712755】，GSD为【"辽宁-沈阳"】

2024-02-10 00:19:36 开始第 2854 次操作

2024-02-10 00:19:36 开始操作号码 【1712756】
2024-02-10 00:19:40 GSD getOne 第 1 次 等待 3 秒
2024-02-10 00:19:43 查询号码 【1712756】，返回信息 {"status":"ok","msg":"辽宁-沈阳","gid":"163357","time_insert":"2021-07-01 01:39"}
2024-02-10 00:19:43 查询号码 【1712756】，GSD为【"辽宁-沈阳"】

2024-02-10 00:19:44 开始第 2855 次操作

2024-02-10 00:19:44 开始操作号码 【1712757】
2024-02-10 00:19:48 GSD getOne 第 1 次 等待 3 秒
2024-02-10 00:19:51 查询号码 【1712757】，返回信息 {"status":"ok","msg":"辽宁-沈阳","gid":"163363","time_insert":"2021-07-01 01:40"}
2024-02-10 00:19:51 查询号码 【1712757】，GSD为【"辽宁-沈阳"】

2024-02-10 00:19:52 开始第 2856 次操作

2024-02-10 00:19:52 开始操作号码 【1712758】
2024-02-10 00:19:56 GSD getOne 第 1 次 等待 3 秒
2024-02-10 00:19:59 查询号码 【1712758】，返回信息 {"status":"ok","msg":"辽宁-沈阳","gid":"163367","time_insert":"2021-07-01 01:41"}
2024-02-10 00:19:59 查询号码 【1712758】，GSD为【"辽宁-沈阳"】

