2024-12-01 00:11:34 开始第 7817 次操作

2024-12-01 00:11:34 开始操作号码 【1307816】
2024-12-01 00:11:35 GSD getOne 第 1 次 等待 3 秒
2024-12-01 00:11:38 查询号码 【1307816】，返回信息 {"status":"ok","msg":"广东-佛山","gid":"186146","time_insert":"2021-07-04 01:43"}
2024-12-01 00:11:38 查询号码 【1307816】，GSD为【"广东-佛山"】

2024-12-01 00:11:39 开始第 7818 次操作

2024-12-01 00:11:39 开始操作号码 【1307817】
2024-12-01 00:11:40 GSD getOne 第 1 次 等待 3 秒
2024-12-01 00:11:43 查询号码 【1307817】，返回信息 {"status":"ok","msg":"广东-佛山","gid":"186140","time_insert":"2021-07-04 01:43"}
2024-12-01 00:11:43 查询号码 【1307817】，GSD为【"广东-佛山"】

2024-12-01 00:11:44 开始第 7819 次操作

2024-12-01 00:11:44 开始操作号码 【1307818】
2024-12-01 00:11:46 GSD getOne 第 1 次 等待 3 秒
2024-12-01 00:11:49 查询号码 【1307818】，返回信息 {"status":"ok","msg":"广东-佛山","gid":"186133","time_insert":"2021-07-04 01:43"}
2024-12-01 00:11:49 查询号码 【1307818】，GSD为【"广东-佛山"】

2024-12-01 00:11:50 开始第 7820 次操作

2024-12-01 00:11:50 开始操作号码 【1307819】
2024-12-01 00:11:51 GSD getOne 第 1 次 等待 3 秒
2024-12-01 00:11:54 查询号码 【1307819】，返回信息 {"status":"ok","msg":"广东-佛山","gid":"186125","time_insert":"2021-07-04 01:42"}
2024-12-01 00:11:54 查询号码 【1307819】，GSD为【"广东-佛山"】

