2023-10-13 00:40:41 开始第 2805 次操作

2023-10-13 00:40:41 开始操作号码 【1922779】
2023-10-13 00:42:51 GSD getOne 第 1 次 等待 3 秒
2023-10-13 00:45:04 GSD getOne 第 2 次 等待 3 秒
2023-10-13 00:47:17 GSD getOne 第 3 次 等待 3 秒
2023-10-13 00:49:30 GSD getOne 第 4 次 等待 3 秒
2023-10-13 00:51:43 GSD getOne 第 5 次 等待 3 秒
2023-10-13 00:53:56 GSD getOne 第 6 次 等待 3 秒
2023-10-13 00:56:09 GSD getOne 第 7 次 等待 3 秒
2023-10-13 00:58:23 GSD getOne 第 8 次 等待 3 秒
2023-10-13 01:00:36 GSD getOne 第 9 次 等待 3 秒
2023-10-13 01:02:49 GSD getOne 第 10 次 等待 3 秒
2023-10-13 01:02:52 查询号码 【1922779】，返回信息 
2023-10-13 01:02:52 查询失败，3 秒后重新查询
2023-10-13 01:05:06 GSD getOne 第 1 次 等待 3 秒
2023-10-13 01:07:19 GSD getOne 第 2 次 等待 3 秒
2023-10-13 01:09:32 GSD getOne 第 3 次 等待 3 秒
2023-10-13 01:11:45 GSD getOne 第 4 次 等待 3 秒
2023-10-13 01:13:59 GSD getOne 第 5 次 等待 3 秒
2023-10-13 01:16:12 GSD getOne 第 6 次 等待 3 秒
2023-10-13 01:18:25 GSD getOne 第 7 次 等待 3 秒
2023-10-13 01:20:38 GSD getOne 第 8 次 等待 3 秒
2023-10-13 01:22:51 GSD getOne 第 9 次 等待 3 秒
2023-10-13 01:25:04 GSD getOne 第 10 次 等待 3 秒
2023-10-13 01:25:07 查询号码 【1922779】，返回信息 
2023-10-13 01:25:07 查询失败，结束本次操作，期待下次成功~
2023-10-13 01:25:07 随机等待 218 秒，约 3 分钟
2023-10-13 01:25:07 下次操作: 2023-10-13 01:28:45

2023-10-13 01:28:45 开始第 2806 次操作

2023-10-13 01:28:45 开始操作号码 【1922779】
2023-10-13 01:30:56 GSD getOne 第 1 次 等待 3 秒
2023-10-13 01:33:10 GSD getOne 第 2 次 等待 3 秒
2023-10-13 01:35:23 GSD getOne 第 3 次 等待 3 秒
2023-10-13 01:37:36 GSD getOne 第 4 次 等待 3 秒
2023-10-13 01:39:49 GSD getOne 第 5 次 等待 3 秒
2023-10-13 01:42:02 GSD getOne 第 6 次 等待 3 秒
2023-10-13 01:44:15 GSD getOne 第 7 次 等待 3 秒
2023-10-13 01:46:28 GSD getOne 第 8 次 等待 3 秒
2023-10-13 01:48:41 GSD getOne 第 9 次 等待 3 秒
2023-10-13 01:50:54 GSD getOne 第 10 次 等待 3 秒
2023-10-13 01:50:57 查询号码 【1922779】，返回信息 
2023-10-13 01:50:57 查询失败，3 秒后重新查询
2023-10-13 01:53:12 GSD getOne 第 1 次 等待 3 秒
2023-10-13 01:55:25 GSD getOne 第 2 次 等待 3 秒
2023-10-13 01:57:38 GSD getOne 第 3 次 等待 3 秒
2023-10-13 01:59:51 GSD getOne 第 4 次 等待 3 秒
2023-10-13 02:02:04 GSD getOne 第 5 次 等待 3 秒
2023-10-13 02:04:17 GSD getOne 第 6 次 等待 3 秒
2023-10-13 02:06:30 GSD getOne 第 7 次 等待 3 秒
2023-10-13 02:08:44 GSD getOne 第 8 次 等待 3 秒
2023-10-13 02:10:57 GSD getOne 第 9 次 等待 3 秒
2023-10-13 02:13:10 GSD getOne 第 10 次 等待 3 秒
2023-10-13 02:13:13 查询号码 【1922779】，返回信息 
2023-10-13 02:13:13 查询失败，结束本次操作，期待下次成功~
2023-10-13 02:13:13 随机等待 95 秒，约 1 分钟
2023-10-13 02:13:13 下次操作: 2023-10-13 02:14:48

2023-10-13 02:14:48 开始第 2807 次操作

2023-10-13 02:14:48 开始操作号码 【1922779】
2023-10-13 02:16:57 GSD getOne 第 1 次 等待 3 秒
2023-10-13 02:19:10 GSD getOne 第 2 次 等待 3 秒
2023-10-13 02:21:23 GSD getOne 第 3 次 等待 3 秒
2023-10-13 02:23:36 GSD getOne 第 4 次 等待 3 秒
2023-10-13 02:25:50 GSD getOne 第 5 次 等待 3 秒
2023-10-13 02:28:03 GSD getOne 第 6 次 等待 3 秒
2023-10-13 02:30:16 GSD getOne 第 7 次 等待 3 秒
2023-10-13 02:32:29 GSD getOne 第 8 次 等待 3 秒
2023-10-13 02:34:42 GSD getOne 第 9 次 等待 3 秒
2023-10-13 02:36:55 GSD getOne 第 10 次 等待 3 秒
2023-10-13 02:36:58 查询号码 【1922779】，返回信息 
2023-10-13 02:36:58 查询失败，3 秒后重新查询
2023-10-13 02:39:12 GSD getOne 第 1 次 等待 3 秒
2023-10-13 02:41:26 GSD getOne 第 2 次 等待 3 秒
2023-10-13 02:43:39 GSD getOne 第 3 次 等待 3 秒
2023-10-13 02:45:52 GSD getOne 第 4 次 等待 3 秒
2023-10-13 02:48:05 GSD getOne 第 5 次 等待 3 秒
2023-10-13 02:50:18 GSD getOne 第 6 次 等待 3 秒
2023-10-13 02:52:31 GSD getOne 第 7 次 等待 3 秒
2023-10-13 02:54:44 GSD getOne 第 8 次 等待 3 秒
2023-10-13 02:56:57 GSD getOne 第 9 次 等待 3 秒
2023-10-13 02:59:10 GSD getOne 第 10 次 等待 3 秒
2023-10-13 02:59:13 查询号码 【1922779】，返回信息 
2023-10-13 02:59:13 查询失败，结束本次操作，期待下次成功~
2023-10-13 02:59:13 随机等待 89 秒，约 1 分钟
2023-10-13 02:59:13 下次操作: 2023-10-13 03:00:42

2023-10-13 03:00:43 开始第 2808 次操作

2023-10-13 03:00:43 开始操作号码 【1922779】
2023-10-13 03:02:54 GSD getOne 第 1 次 等待 3 秒
2023-10-13 03:05:07 GSD getOne 第 2 次 等待 3 秒
2023-10-13 03:07:20 GSD getOne 第 3 次 等待 3 秒
2023-10-13 03:09:33 GSD getOne 第 4 次 等待 3 秒
2023-10-13 03:11:46 GSD getOne 第 5 次 等待 3 秒
2023-10-13 03:13:59 GSD getOne 第 6 次 等待 3 秒
2023-10-13 03:16:12 GSD getOne 第 7 次 等待 3 秒
2023-10-13 03:18:26 GSD getOne 第 8 次 等待 3 秒
2023-10-13 03:20:39 GSD getOne 第 9 次 等待 3 秒
2023-10-13 03:22:52 GSD getOne 第 10 次 等待 3 秒
2023-10-13 03:22:55 查询号码 【1922779】，返回信息 
2023-10-13 03:22:55 查询失败，3 秒后重新查询
2023-10-13 03:25:09 GSD getOne 第 1 次 等待 3 秒
2023-10-13 03:27:22 GSD getOne 第 2 次 等待 3 秒
2023-10-13 03:29:35 GSD getOne 第 3 次 等待 3 秒
2023-10-13 03:31:48 GSD getOne 第 4 次 等待 3 秒
2023-10-13 03:34:01 GSD getOne 第 5 次 等待 3 秒
2023-10-13 03:36:15 GSD getOne 第 6 次 等待 3 秒
2023-10-13 03:38:28 GSD getOne 第 7 次 等待 3 秒
2023-10-13 03:40:41 GSD getOne 第 8 次 等待 3 秒
2023-10-13 03:42:54 GSD getOne 第 9 次 等待 3 秒
2023-10-13 03:45:07 GSD getOne 第 10 次 等待 3 秒
2023-10-13 03:45:10 查询号码 【1922779】，返回信息 
2023-10-13 03:45:10 查询失败，结束本次操作，期待下次成功~

