2024-03-13 00:20:50 开始第 8557 次操作

2024-03-13 00:20:50 开始操作号码 【1718459】
2024-03-13 00:20:55 GSD getOne 第 1 次 等待 3 秒
2024-03-13 00:20:58 查询号码 【1718459】，返回信息 {"status":"ok","msg":"黑龙江-大庆","gid":"231270","time_insert":"2021-07-09 13:44"}
2024-03-13 00:20:58 查询号码 【1718459】，GSD为【"黑龙江-大庆"】

2024-03-13 00:20:59 开始第 8558 次操作

2024-03-13 00:20:59 开始操作号码 【1718460】
2024-03-13 00:21:07 GSD getOne 第 1 次 等待 3 秒
2024-03-13 00:21:10 查询号码 【1718460】，返回信息 {"status":"ok","msg":"河南-洛阳","gid":"231275","time_insert":"2021-07-09 13:44"}
2024-03-13 00:21:10 查询号码 【1718460】，GSD为【"河南-洛阳"】

2024-03-13 00:21:11 开始第 8559 次操作

2024-03-13 00:21:11 开始操作号码 【1718461】
2024-03-13 00:21:16 GSD getOne 第 1 次 等待 3 秒
2024-03-13 00:21:19 查询号码 【1718461】，返回信息 {"status":"ok","msg":"河南-洛阳","gid":"231283","time_insert":"2021-07-09 13:44"}
2024-03-13 00:21:19 查询号码 【1718461】，GSD为【"河南-洛阳"】

2024-03-13 00:21:20 开始第 8560 次操作

2024-03-13 00:21:20 开始操作号码 【1718462】
2024-03-13 00:21:24 GSD getOne 第 1 次 等待 3 秒
2024-03-13 00:21:27 查询号码 【1718462】，返回信息 {"status":"ok","msg":"河南-洛阳","gid":"231296","time_insert":"2021-07-09 13:45"}
2024-03-13 00:21:27 查询号码 【1718462】，GSD为【"河南-洛阳"】

2024-03-13 00:38:34 开始第 8561 次操作

2024-03-13 00:38:34 开始操作号码 【1718463】
2024-03-13 00:38:39 GSD getOne 第 1 次 等待 3 秒
2024-03-13 00:38:42 查询号码 【1718463】，返回信息 {"status":"ok","msg":"河南-漯河","gid":"231302","time_insert":"2021-07-09 13:45"}
2024-03-13 00:38:42 查询号码 【1718463】，GSD为【"河南-漯河"】

2024-03-13 00:38:43 开始第 8562 次操作

2024-03-13 00:38:43 开始操作号码 【1718464】
2024-03-13 00:38:48 GSD getOne 第 1 次 等待 3 秒
2024-03-13 00:38:51 查询号码 【1718464】，返回信息 {"status":"ok","msg":"河南-漯河","gid":"231307","time_insert":"2021-07-09 13:46"}
2024-03-13 00:38:51 查询号码 【1718464】，GSD为【"河南-漯河"】

2024-03-13 00:38:52 开始第 8563 次操作

2024-03-13 00:38:52 开始操作号码 【1718465】
2024-03-13 00:38:58 GSD getOne 第 1 次 等待 3 秒
2024-03-13 00:39:01 查询号码 【1718465】，返回信息 {"status":"ok","msg":"河南-南阳","gid":"231318","time_insert":"2021-07-09 13:46"}
2024-03-13 00:39:01 查询号码 【1718465】，GSD为【"河南-南阳"】

2024-03-13 00:39:02 开始第 8564 次操作

2024-03-13 00:39:02 开始操作号码 【1718466】
2024-03-13 00:39:11 GSD getOne 第 1 次 等待 3 秒
2024-03-13 00:39:14 查询号码 【1718466】，返回信息 {"status":"ok","msg":"河南-南阳","gid":"231325","time_insert":"2021-07-09 13:46"}
2024-03-13 00:39:14 查询号码 【1718466】，GSD为【"河南-南阳"】

2024-03-13 01:14:50 开始第 8565 次操作

2024-03-13 01:14:50 开始操作号码 【1718467】
2024-03-13 01:14:55 GSD getOne 第 1 次 等待 3 秒
2024-03-13 01:14:58 查询号码 【1718467】，返回信息 {"status":"ok","msg":"河南-南阳","gid":"231332","time_insert":"2021-07-09 13:47"}
2024-03-13 01:14:58 查询号码 【1718467】，GSD为【"河南-南阳"】

2024-03-13 01:14:59 开始第 8566 次操作

2024-03-13 01:14:59 开始操作号码 【1718468】
2024-03-13 01:15:05 GSD getOne 第 1 次 等待 3 秒
2024-03-13 01:15:08 查询号码 【1718468】，返回信息 {"status":"ok","msg":"河南-平顶山","gid":"231340","time_insert":"2021-07-09 13:47"}
2024-03-13 01:15:08 查询号码 【1718468】，GSD为【"河南-平顶山"】

2024-03-13 01:15:09 开始第 8567 次操作

2024-03-13 01:15:09 开始操作号码 【1718469】
2024-03-13 01:15:13 GSD getOne 第 1 次 等待 3 秒
2024-03-13 01:15:16 查询号码 【1718469】，返回信息 {"status":"ok","msg":"河南-平顶山","gid":"231345","time_insert":"2021-07-09 13:48"}
2024-03-13 01:15:16 查询号码 【1718469】，GSD为【"河南-平顶山"】

2024-03-13 01:15:17 开始第 8568 次操作

2024-03-13 01:15:17 开始操作号码 【1718470】
2024-03-13 01:15:22 GSD getOne 第 1 次 等待 3 秒
2024-03-13 01:15:25 查询号码 【1718470】，返回信息 {"status":"ok","msg":"云南-西双版纳","gid":"231605","time_insert":"2021-07-09 14:57"}
2024-03-13 01:15:25 查询号码 【1718470】，GSD为【"云南-西双版纳"】

