2023-12-29 00:20:59 开始第 5701 次操作

2023-12-29 00:20:59 开始操作号码 【1825603】
2023-12-29 00:21:03 GSD getOne 第 1 次 等待 3 秒
2023-12-29 00:21:06 查询号码 【1825603】，返回信息 {"status":"ok","msg":"安徽-合肥","gid":"427987","time_insert":"2021-07-28 22:48"}
2023-12-29 00:21:06 查询号码 【1825603】，GSD为【"安徽-合肥"】

2023-12-29 00:21:07 开始第 5702 次操作

2023-12-29 00:21:07 开始操作号码 【1825604】
2023-12-29 00:21:11 GSD getOne 第 1 次 等待 3 秒
2023-12-29 00:21:14 查询号码 【1825604】，返回信息 {"status":"ok","msg":"安徽-合肥","gid":"427979","time_insert":"2021-07-28 22:47"}
2023-12-29 00:21:14 查询号码 【1825604】，GSD为【"安徽-合肥"】

2023-12-29 00:21:15 开始第 5703 次操作

2023-12-29 00:21:15 开始操作号码 【1825605】
2023-12-29 00:21:19 GSD getOne 第 1 次 等待 3 秒
2023-12-29 00:21:22 查询号码 【1825605】，返回信息 {"status":"ok","msg":"安徽-合肥","gid":"427968","time_insert":"2021-07-28 22:47"}
2023-12-29 00:21:22 查询号码 【1825605】，GSD为【"安徽-合肥"】

2023-12-29 00:21:23 开始第 5704 次操作

2023-12-29 00:21:23 开始操作号码 【1825606】
2023-12-29 00:21:27 GSD getOne 第 1 次 等待 3 秒
2023-12-29 00:21:30 查询号码 【1825606】，返回信息 {"status":"ok","msg":"安徽-合肥","gid":"427961","time_insert":"2021-07-28 22:46"}
2023-12-29 00:21:30 查询号码 【1825606】，GSD为【"安徽-合肥"】

