2024-05-08 00:19:37 开始第 7621 次操作

2024-05-08 00:19:37 开始操作号码 【1607522】
2024-05-08 00:19:43 GSD getOne 第 1 次 等待 3 秒
2024-05-08 00:19:46 查询号码 【1607522】，返回信息 {"status":"ok","msg":"-","gid":"679483","time_insert":"2023-04-27 00:32"}
2024-05-08 00:19:46 查询号码 【1607522】，GSD为【"-"】
2024-05-08 00:19:46 ok && -
2024-05-08 00:19:54 CHB 1607522?1715098786 第 1 次 等待 3 秒
2024-05-08 00:19:57 CHB 1607522?1715098786 第 1 次 获取到号码【1607522】GSD
2024-05-08 00:19:57 未获取到号码【1607522】GSD，可能号码格式错误
2024-05-08 00:19:57 获取到号码【1607522】的GSD为【-】
2024-05-08 00:20:03 GSD insert 第 1 次 等待 3 秒
2024-05-08 00:20:06 {"status":"bad","gid":"679483","msg":"添加失败！号码【1607522(-|-)】已存在！"}
2024-05-08 00:20:06 随机等待 100 秒，约 1 分钟
2024-05-08 00:20:06 下次操作: 2024-05-08 00:21:46

2024-05-08 00:21:46 开始第 7622 次操作

2024-05-08 00:21:46 开始操作号码 【1607523】
2024-05-08 00:21:55 GSD getOne 第 1 次 等待 3 秒
2024-05-08 00:21:58 查询号码 【1607523】，返回信息 {"status":"ok","msg":"-","gid":"679504","time_insert":"2023-04-27 00:46"}
2024-05-08 00:21:59 查询号码 【1607523】，GSD为【"-"】
2024-05-08 00:21:59 ok && -
2024-05-08 00:22:01 CHB 1607523?1715098919 第 1 次 等待 3 秒
2024-05-08 00:22:04 CHB 1607523?1715098919 第 1 次 获取到号码【1607523】GSD
2024-05-08 00:22:04 未获取到号码【1607523】GSD，可能号码格式错误
2024-05-08 00:22:04 获取到号码【1607523】的GSD为【-】
2024-05-08 00:22:09 GSD insert 第 1 次 等待 3 秒
2024-05-08 00:22:12 {"status":"bad","gid":"679504","msg":"添加失败！号码【1607523(-|-)】已存在！"}
2024-05-08 00:22:12 随机等待 177 秒，约 2 分钟
2024-05-08 00:22:12 下次操作: 2024-05-08 00:25:09

2024-05-08 00:25:09 开始第 7623 次操作

2024-05-08 00:25:09 开始操作号码 【1607524】
2024-05-08 00:25:15 GSD getOne 第 1 次 等待 3 秒
2024-05-08 00:25:18 查询号码 【1607524】，返回信息 {"status":"ok","msg":"-","gid":"679524","time_insert":"2023-04-27 00:56"}
2024-05-08 00:25:18 查询号码 【1607524】，GSD为【"-"】
2024-05-08 00:25:18 ok && -
2024-05-08 00:25:21 CHB 1607524?1715099118 第 1 次 等待 3 秒
2024-05-08 00:25:24 CHB 1607524?1715099118 第 1 次 获取到号码【1607524】GSD
2024-05-08 00:25:24 未获取到号码【1607524】GSD，可能号码格式错误
2024-05-08 00:25:24 获取到号码【1607524】的GSD为【-】
2024-05-08 00:25:36 GSD insert 第 1 次 等待 3 秒
2024-05-08 00:25:39 {"status":"bad","gid":"679524","msg":"添加失败！号码【1607524(-|-)】已存在！"}
2024-05-08 00:25:39 随机等待 121 秒，约 2 分钟
2024-05-08 00:25:39 下次操作: 2024-05-08 00:27:40

2024-05-08 00:27:40 开始第 7624 次操作

2024-05-08 00:27:40 开始操作号码 【1607525】
2024-05-08 00:27:45 GSD getOne 第 1 次 等待 3 秒
2024-05-08 00:27:48 查询号码 【1607525】，返回信息 {"status":"ok","msg":"-","gid":"679545","time_insert":"2023-04-27 01:13"}
2024-05-08 00:27:48 查询号码 【1607525】，GSD为【"-"】
2024-05-08 00:27:48 ok && -
2024-05-08 00:27:50 CHB 1607525?1715099268 第 1 次 等待 3 秒
2024-05-08 00:27:53 CHB 1607525?1715099268 第 1 次 获取到号码【1607525】GSD
2024-05-08 00:27:53 未获取到号码【1607525】GSD，可能号码格式错误
2024-05-08 00:27:53 获取到号码【1607525】的GSD为【-】
2024-05-08 00:27:58 GSD insert 第 1 次 等待 3 秒
2024-05-08 00:28:01 {"status":"bad","gid":"679545","msg":"添加失败！号码【1607525(-|-)】已存在！"}

