2024-07-14 00:20:42 开始第 5829 次操作

2024-07-14 00:20:42 开始操作号码 【1495718】
2024-07-14 00:20:51 GSD getOne 第 1 次 等待 3 秒
2024-07-14 00:20:54 查询号码 【1495718】，返回信息 {"status":"ok","msg":"-","gid":"320549","time_insert":"2021-07-19 00:08"}
2024-07-14 00:20:54 查询号码 【1495718】，GSD为【"-"】
2024-07-14 00:20:54 ok && -
2024-07-14 00:20:57 CHB 1495718?1720887654 第 1 次 等待 3 秒
2024-07-14 00:21:00 CHB 1495718?1720887654 第 1 次 获取到号码【1495718】GSD
2024-07-14 00:21:00 未获取到号码【1495718】GSD，可能号码格式错误
2024-07-14 00:21:00 获取到号码【1495718】的GSD为【-】
2024-07-14 00:21:10 GSD insert 第 1 次 等待 3 秒
2024-07-14 00:21:13 {"status":"bad","gid":"320549","msg":"添加失败！号码【1495718(-|-)】已存在！"}
2024-07-14 00:21:13 随机等待 111 秒，约 1 分钟
2024-07-14 00:21:13 下次操作: 2024-07-14 00:23:04

2024-07-14 00:23:04 开始第 5830 次操作

2024-07-14 00:23:04 开始操作号码 【1495719】
2024-07-14 00:23:13 GSD getOne 第 1 次 等待 3 秒
2024-07-14 00:23:16 查询号码 【1495719】，返回信息 {"status":"ok","msg":"-","gid":"320558","time_insert":"2021-07-19 00:09"}
2024-07-14 00:23:16 查询号码 【1495719】，GSD为【"-"】
2024-07-14 00:23:16 ok && -
2024-07-14 00:23:18 CHB 1495719?1720887796 第 1 次 等待 3 秒
2024-07-14 00:23:21 CHB 1495719?1720887796 第 1 次 获取到号码【1495719】GSD
2024-07-14 00:23:21 未获取到号码【1495719】GSD，可能号码格式错误
2024-07-14 00:23:21 获取到号码【1495719】的GSD为【-】
2024-07-14 00:23:29 GSD insert 第 1 次 等待 3 秒
2024-07-14 00:23:32 {"status":"bad","gid":"320558","msg":"添加失败！号码【1495719(-|-)】已存在！"}
2024-07-14 00:23:32 随机等待 212 秒，约 3 分钟
2024-07-14 00:23:32 下次操作: 2024-07-14 00:27:04

2024-07-14 00:27:04 开始第 5831 次操作

2024-07-14 00:27:04 开始操作号码 【1495720】
2024-07-14 00:27:12 GSD getOne 第 1 次 等待 3 秒
2024-07-14 00:27:15 查询号码 【1495720】，返回信息 {"status":"ok","msg":"-","gid":"320577","time_insert":"2021-07-19 00:10"}
2024-07-14 00:27:15 查询号码 【1495720】，GSD为【"-"】
2024-07-14 00:27:15 ok && -
2024-07-14 00:27:18 CHB 1495720?1720888035 第 1 次 等待 3 秒
2024-07-14 00:27:21 CHB 1495720?1720888035 第 1 次 获取到号码【1495720】GSD
2024-07-14 00:27:21 未获取到号码【1495720】GSD，可能号码格式错误
2024-07-14 00:27:21 获取到号码【1495720】的GSD为【-】
2024-07-14 00:27:29 GSD insert 第 1 次 等待 3 秒
2024-07-14 00:27:32 {"status":"bad","gid":"320577","msg":"添加失败！号码【1495720(-|-)】已存在！"}
2024-07-14 00:27:32 随机等待 119 秒，约 1 分钟
2024-07-14 00:27:32 下次操作: 2024-07-14 00:29:31

2024-07-14 00:29:31 开始第 5832 次操作

2024-07-14 00:29:31 开始操作号码 【1495721】
2024-07-14 00:29:40 GSD getOne 第 1 次 等待 3 秒
2024-07-14 00:29:43 查询号码 【1495721】，返回信息 {"status":"ok","msg":"-","gid":"320587","time_insert":"2021-07-19 00:11"}
2024-07-14 00:29:43 查询号码 【1495721】，GSD为【"-"】
2024-07-14 00:29:43 ok && -
2024-07-14 00:29:45 CHB 1495721?1720888183 第 1 次 等待 3 秒
2024-07-14 00:29:48 CHB 1495721?1720888183 第 1 次 获取到号码【1495721】GSD
2024-07-14 00:29:48 未获取到号码【1495721】GSD，可能号码格式错误
2024-07-14 00:29:48 获取到号码【1495721】的GSD为【-】
2024-07-14 00:29:57 GSD insert 第 1 次 等待 3 秒
2024-07-14 00:30:00 {"status":"bad","gid":"320587","msg":"添加失败！号码【1495721(-|-)】已存在！"}

