2023-11-08 00:21:44 开始第 7317 次操作

2023-11-08 00:21:44 开始操作号码 【1927219】
2023-11-08 00:22:07 GSD getOne 第 1 次 等待 3 秒
2023-11-08 00:22:10 查询号码 【1927219】，返回信息 {"status":"ok","msg":"上海-上海","gid":"611803","time_insert":"2023-03-24 15:41","time_update":"2023-07-16 19:41"}
2023-11-08 00:22:10 查询号码 【1927219】，GSD为【"上海-上海"】

2023-11-08 00:22:11 开始第 7318 次操作

2023-11-08 00:22:11 开始操作号码 【1927220】
2023-11-08 00:22:18 GSD getOne 第 1 次 等待 3 秒
2023-11-08 00:22:21 查询号码 【1927220】，返回信息 {"status":"ok","msg":"天津-天津","gid":"611798","time_insert":"2023-03-24 15:39","time_update":"2023-07-16 20:06"}
2023-11-08 00:22:21 查询号码 【1927220】，GSD为【"天津-天津"】

2023-11-08 00:22:22 开始第 7319 次操作

2023-11-08 00:22:22 开始操作号码 【1927221】
2023-11-08 00:22:26 GSD getOne 第 1 次 等待 3 秒
2023-11-08 00:22:29 查询号码 【1927221】，返回信息 {"status":"ok","msg":"天津-天津","gid":"611793","time_insert":"2023-03-24 15:36","time_update":"2023-07-16 20:30"}
2023-11-08 00:22:29 查询号码 【1927221】，GSD为【"天津-天津"】

2023-11-08 00:22:30 开始第 7320 次操作

2023-11-08 00:22:30 开始操作号码 【1927222】
2023-11-08 00:22:34 GSD getOne 第 1 次 等待 3 秒
2023-11-08 00:22:37 查询号码 【1927222】，返回信息 {"status":"ok","msg":"天津-天津","gid":"611791","time_insert":"2023-03-24 15:34","time_update":"2023-07-16 20:53"}
2023-11-08 00:22:37 查询号码 【1927222】，GSD为【"天津-天津"】

2023-11-08 00:41:10 开始第 7321 次操作

2023-11-08 00:41:10 开始操作号码 【1927223】
2023-11-08 00:41:15 GSD getOne 第 1 次 等待 3 秒
2023-11-08 00:41:18 查询号码 【1927223】，返回信息 {"status":"ok","msg":"天津-天津","gid":"611789","time_insert":"2023-03-24 15:31","time_update":"2023-07-16 21:15"}
2023-11-08 00:41:18 查询号码 【1927223】，GSD为【"天津-天津"】

2023-11-08 00:41:19 开始第 7322 次操作

2023-11-08 00:41:19 开始操作号码 【1927224】
2023-11-08 00:41:22 GSD getOne 第 1 次 等待 3 秒
2023-11-08 00:41:25 查询号码 【1927224】，返回信息 {"status":"ok","msg":"天津-天津","gid":"611787","time_insert":"2023-03-24 15:29","time_update":"2023-07-16 21:38"}
2023-11-08 00:41:25 查询号码 【1927224】，GSD为【"天津-天津"】

2023-11-08 00:41:26 开始第 7323 次操作

2023-11-08 00:41:26 开始操作号码 【1927225】
2023-11-08 00:41:29 GSD getOne 第 1 次 等待 3 秒
2023-11-08 00:41:32 查询号码 【1927225】，返回信息 {"status":"ok","msg":"天津-天津","gid":"611780","time_insert":"2023-03-24 15:27","time_update":"2023-07-16 22:00"}
2023-11-08 00:41:32 查询号码 【1927225】，GSD为【"天津-天津"】

2023-11-08 00:41:33 开始第 7324 次操作

2023-11-08 00:41:33 开始操作号码 【1927226】
2023-11-08 00:41:36 GSD getOne 第 1 次 等待 3 秒
2023-11-08 00:41:39 查询号码 【1927226】，返回信息 {"status":"ok","msg":"天津-天津","gid":"611777","time_insert":"2023-03-24 15:24","time_update":"2023-07-16 22:21"}
2023-11-08 00:41:40 查询号码 【1927226】，GSD为【"天津-天津"】

