2024-07-21 00:22:25 开始第 7045 次操作

2024-07-21 00:22:25 开始操作号码 【1496934】
2024-07-21 00:22:35 GSD getOne 第 1 次 等待 3 秒
2024-07-21 00:22:38 查询号码 【1496934】，返回信息 {"status":"ok","msg":"-","gid":"336464","time_insert":"2021-07-20 12:17"}
2024-07-21 00:22:38 查询号码 【1496934】，GSD为【"-"】
2024-07-21 00:22:38 ok && -
2024-07-21 00:22:39 CHB 1496934?1721492558 第 1 次 等待 3 秒
2024-07-21 00:22:42 CHB 1496934?1721492558 第 1 次 获取到号码【1496934】GSD
2024-07-21 00:22:42 未获取到号码【1496934】GSD，可能号码格式错误
2024-07-21 00:22:43 获取到号码【1496934】的GSD为【-】
2024-07-21 00:22:55 GSD insert 第 1 次 等待 3 秒
2024-07-21 00:22:58 {"status":"bad","gid":"336464","msg":"添加失败！号码【1496934(-|-)】已存在！"}
2024-07-21 00:22:58 随机等待 164 秒，约 2 分钟
2024-07-21 00:22:58 下次操作: 2024-07-21 00:25:42

2024-07-21 00:25:42 开始第 7046 次操作

2024-07-21 00:25:42 开始操作号码 【1496935】
2024-07-21 00:25:51 GSD getOne 第 1 次 等待 3 秒
2024-07-21 00:25:54 查询号码 【1496935】，返回信息 {"status":"ok","msg":"-","gid":"336540","time_insert":"2021-07-20 12:50"}
2024-07-21 00:25:54 查询号码 【1496935】，GSD为【"-"】
2024-07-21 00:25:54 ok && -
2024-07-21 00:25:56 CHB 1496935?1721492754 第 1 次 等待 3 秒
2024-07-21 00:25:59 CHB 1496935?1721492754 第 1 次 获取到号码【1496935】GSD
2024-07-21 00:25:59 未获取到号码【1496935】GSD，可能号码格式错误
2024-07-21 00:25:59 获取到号码【1496935】的GSD为【-】
2024-07-21 00:26:07 GSD insert 第 1 次 等待 3 秒
2024-07-21 00:26:10 {"status":"bad","gid":"336540","msg":"添加失败！号码【1496935(-|-)】已存在！"}
2024-07-21 00:26:10 随机等待 177 秒，约 2 分钟
2024-07-21 00:26:10 下次操作: 2024-07-21 00:29:07

2024-07-21 00:29:07 开始第 7047 次操作

2024-07-21 00:29:07 开始操作号码 【1496936】
2024-07-21 00:29:15 GSD getOne 第 1 次 等待 3 秒
2024-07-21 00:29:18 查询号码 【1496936】，返回信息 {"status":"ok","msg":"-","gid":"336544","time_insert":"2021-07-20 12:50"}
2024-07-21 00:29:18 查询号码 【1496936】，GSD为【"-"】
2024-07-21 00:29:18 ok && -
2024-07-21 00:29:20 CHB 1496936?1721492958 第 1 次 等待 3 秒
2024-07-21 00:29:23 CHB 1496936?1721492958 第 1 次 获取到号码【1496936】GSD
2024-07-21 00:29:23 未获取到号码【1496936】GSD，可能号码格式错误
2024-07-21 00:29:23 获取到号码【1496936】的GSD为【-】
2024-07-21 00:29:31 GSD insert 第 1 次 等待 3 秒
2024-07-21 00:29:34 {"status":"bad","gid":"336544","msg":"添加失败！号码【1496936(-|-)】已存在！"}
2024-07-21 00:29:34 随机等待 205 秒，约 3 分钟
2024-07-21 00:29:34 下次操作: 2024-07-21 00:32:59

2024-07-21 00:32:59 开始第 7048 次操作

2024-07-21 00:32:59 开始操作号码 【1496937】
2024-07-21 00:33:09 GSD getOne 第 1 次 等待 3 秒
2024-07-21 00:33:12 查询号码 【1496937】，返回信息 {"status":"ok","msg":"-","gid":"336550","time_insert":"2021-07-20 12:51"}
2024-07-21 00:33:12 查询号码 【1496937】，GSD为【"-"】
2024-07-21 00:33:12 ok && -
2024-07-21 00:33:14 CHB 1496937?1721493192 第 1 次 等待 3 秒
2024-07-21 00:33:17 CHB 1496937?1721493192 第 1 次 获取到号码【1496937】GSD
2024-07-21 00:33:17 未获取到号码【1496937】GSD，可能号码格式错误
2024-07-21 00:33:17 获取到号码【1496937】的GSD为【-】
2024-07-21 00:33:25 GSD insert 第 1 次 等待 3 秒
2024-07-21 00:33:28 {"status":"bad","gid":"336550","msg":"添加失败！号码【1496937(-|-)】已存在！"}

