2024-09-06 00:18:39 开始第 3161 次操作

2024-09-06 00:18:39 开始操作号码 【1383160】
2024-09-06 00:18:47 GSD getOne 第 1 次 等待 3 秒
2024-09-06 00:18:50 查询号码 【1383160】，返回信息 {"status":"ok","msg":"河北-廊坊","gid":"88213","time_insert":"2021-06-09 16:25"}
2024-09-06 00:18:50 查询号码 【1383160】，GSD为【"河北-廊坊"】

2024-09-06 00:18:51 开始第 3162 次操作

2024-09-06 00:18:51 开始操作号码 【1383161】
2024-09-06 00:18:59 GSD getOne 第 1 次 等待 3 秒
2024-09-06 00:19:02 查询号码 【1383161】，返回信息 {"status":"ok","msg":"河北-廊坊","gid":"53714","time_insert":"2021-04-21 08:11"}
2024-09-06 00:19:02 查询号码 【1383161】，GSD为【"河北-廊坊"】

2024-09-06 00:19:03 开始第 3163 次操作

2024-09-06 00:19:03 开始操作号码 【1383162】
2024-09-06 00:19:12 GSD getOne 第 1 次 等待 3 秒
2024-09-06 00:19:15 查询号码 【1383162】，返回信息 {"status":"ok","msg":"河北-廊坊","gid":"88222","time_insert":"2021-06-09 16:28"}
2024-09-06 00:19:15 查询号码 【1383162】，GSD为【"河北-廊坊"】

2024-09-06 00:19:16 开始第 3164 次操作

2024-09-06 00:19:16 开始操作号码 【1383163】
2024-09-06 00:19:23 GSD getOne 第 1 次 等待 3 秒
2024-09-06 00:19:26 查询号码 【1383163】，返回信息 {"status":"ok","msg":"河北-廊坊","gid":"88223","time_insert":"2021-06-09 16:29"}
2024-09-06 00:19:26 查询号码 【1383163】，GSD为【"河北-廊坊"】

