2023-11-30 00:22:30 开始第 561 次操作

2023-11-30 00:22:30 开始操作号码 【1820463】
2023-11-30 00:22:34 GSD getOne 第 1 次 等待 3 秒
2023-11-30 00:22:37 查询号码 【1820463】，返回信息 {"status":"ok","msg":"黑龙江-牡丹江","gid":"291751","time_insert":"2021-07-16 09:03"}
2023-11-30 00:22:38 查询号码 【1820463】，GSD为【"黑龙江-牡丹江"】

2023-11-30 00:22:39 开始第 562 次操作

2023-11-30 00:22:39 开始操作号码 【1820464】
2023-11-30 00:22:42 GSD getOne 第 1 次 等待 3 秒
2023-11-30 00:22:45 查询号码 【1820464】，返回信息 {"status":"ok","msg":"黑龙江-七台河","gid":"291772","time_insert":"2021-07-16 09:17"}
2023-11-30 00:22:45 查询号码 【1820464】，GSD为【"黑龙江-七台河"】

2023-11-30 00:22:46 开始第 563 次操作

2023-11-30 00:22:46 开始操作号码 【1820465】
2023-11-30 00:22:52 GSD getOne 第 1 次 等待 3 秒
2023-11-30 00:22:55 查询号码 【1820465】，返回信息 {"status":"ok","msg":"黑龙江-齐齐哈尔","gid":"291792","time_insert":"2021-07-16 09:27"}
2023-11-30 00:22:55 查询号码 【1820465】，GSD为【"黑龙江-齐齐哈尔"】

2023-11-30 00:22:56 开始第 564 次操作

2023-11-30 00:22:56 开始操作号码 【1820466】
2023-11-30 00:22:59 GSD getOne 第 1 次 等待 3 秒
2023-11-30 00:23:02 查询号码 【1820466】，返回信息 {"status":"ok","msg":"黑龙江-齐齐哈尔","gid":"291826","time_insert":"2021-07-16 09:41"}
2023-11-30 00:23:02 查询号码 【1820466】，GSD为【"黑龙江-齐齐哈尔"】

2023-11-30 00:42:26 开始第 565 次操作

2023-11-30 00:42:26 开始操作号码 【1820467】
2023-11-30 00:42:30 GSD getOne 第 1 次 等待 3 秒
2023-11-30 00:42:33 查询号码 【1820467】，返回信息 {"status":"ok","msg":"黑龙江-鸡西","gid":"291952","time_insert":"2021-07-16 09:56"}
2023-11-30 00:42:33 查询号码 【1820467】，GSD为【"黑龙江-鸡西"】

2023-11-30 00:42:34 开始第 566 次操作

2023-11-30 00:42:34 开始操作号码 【1820468】
2023-11-30 00:42:37 GSD getOne 第 1 次 等待 3 秒
2023-11-30 00:42:40 查询号码 【1820468】，返回信息 {"status":"ok","msg":"黑龙江-鹤岗","gid":"292062","time_insert":"2021-07-16 10:10"}
2023-11-30 00:42:41 查询号码 【1820468】，GSD为【"黑龙江-鹤岗"】

2023-11-30 00:42:42 开始第 567 次操作

2023-11-30 00:42:42 开始操作号码 【1820469】
2023-11-30 00:42:46 GSD getOne 第 1 次 等待 3 秒
2023-11-30 00:42:49 查询号码 【1820469】，返回信息 {"status":"ok","msg":"黑龙江-双鸭山","gid":"292147","time_insert":"2021-07-16 10:21"}
2023-11-30 00:42:49 查询号码 【1820469】，GSD为【"黑龙江-双鸭山"】

2023-11-30 00:42:50 开始第 568 次操作

2023-11-30 00:42:50 开始操作号码 【1820470】
2023-11-30 00:42:55 GSD getOne 第 1 次 等待 3 秒
2023-11-30 00:42:58 查询号码 【1820470】，返回信息 {"status":"ok","msg":"内蒙古-海拉尔","gid":"292204","time_insert":"2021-07-16 10:36"}
2023-11-30 00:42:58 查询号码 【1820470】，GSD为【"内蒙古-海拉尔"】

