2024-06-14 00:23:54 开始第 561 次操作

2024-06-14 00:23:54 开始操作号码 【1490455】
2024-06-14 00:24:00 GSD getOne 第 1 次 等待 3 秒
2024-06-14 00:24:03 查询号码 【1490455】，返回信息 {"status":"ok","msg":"-","gid":"256694","time_insert":"2021-07-12 13:38"}
2024-06-14 00:24:03 查询号码 【1490455】，GSD为【"-"】
2024-06-14 00:24:03 ok && -
2024-06-14 00:24:05 CHB 1490455?1718295843 第 1 次 等待 3 秒
2024-06-14 00:24:08 CHB 1490455?1718295843 第 1 次 获取到号码【1490455】GSD
2024-06-14 00:24:08 未获取到号码【1490455】GSD，可能号码格式错误
2024-06-14 00:24:08 获取到号码【1490455】的GSD为【-】
2024-06-14 00:24:14 GSD insert 第 1 次 等待 3 秒
2024-06-14 00:24:17 {"status":"bad","gid":"256694","msg":"添加失败！号码【1490455(-|-)】已存在！"}
2024-06-14 00:24:17 随机等待 115 秒，约 1 分钟
2024-06-14 00:24:17 下次操作: 2024-06-14 00:26:12

2024-06-14 00:26:12 开始第 562 次操作

2024-06-14 00:26:12 开始操作号码 【1490456】
2024-06-14 00:26:20 GSD getOne 第 1 次 等待 3 秒
2024-06-14 00:26:23 查询号码 【1490456】，返回信息 {"status":"ok","msg":"-","gid":"256701","time_insert":"2021-07-12 13:38"}
2024-06-14 00:26:23 查询号码 【1490456】，GSD为【"-"】
2024-06-14 00:26:23 ok && -
2024-06-14 00:26:25 CHB 1490456?1718295983 第 1 次 等待 3 秒
2024-06-14 00:26:28 CHB 1490456?1718295983 第 1 次 获取到号码【1490456】GSD
2024-06-14 00:26:28 未获取到号码【1490456】GSD，可能号码格式错误
2024-06-14 00:26:28 获取到号码【1490456】的GSD为【-】
2024-06-14 00:26:34 GSD insert 第 1 次 等待 3 秒
2024-06-14 00:26:37 {"status":"bad","gid":"256701","msg":"添加失败！号码【1490456(-|-)】已存在！"}
2024-06-14 00:26:37 随机等待 67 秒，约 1 分钟
2024-06-14 00:26:37 下次操作: 2024-06-14 00:27:44

2024-06-14 00:27:44 开始第 563 次操作

2024-06-14 00:27:44 开始操作号码 【1490457】
2024-06-14 00:27:51 GSD getOne 第 1 次 等待 3 秒
2024-06-14 00:27:54 查询号码 【1490457】，返回信息 {"status":"ok","msg":"-","gid":"256710","time_insert":"2021-07-12 13:38"}
2024-06-14 00:27:54 查询号码 【1490457】，GSD为【"-"】
2024-06-14 00:27:54 ok && -
2024-06-14 00:27:56 CHB 1490457?1718296074 第 1 次 等待 3 秒
2024-06-14 00:27:59 CHB 1490457?1718296074 第 1 次 获取到号码【1490457】GSD
2024-06-14 00:27:59 未获取到号码【1490457】GSD，可能号码格式错误
2024-06-14 00:27:59 获取到号码【1490457】的GSD为【-】
2024-06-14 00:28:05 GSD insert 第 1 次 等待 3 秒
2024-06-14 00:28:08 {"status":"bad","gid":"256710","msg":"添加失败！号码【1490457(-|-)】已存在！"}
2024-06-14 00:28:08 随机等待 172 秒，约 2 分钟
2024-06-14 00:28:08 下次操作: 2024-06-14 00:31:00

2024-06-14 00:31:00 开始第 564 次操作

2024-06-14 00:31:00 开始操作号码 【1490458】
2024-06-14 00:31:05 GSD getOne 第 1 次 等待 3 秒
2024-06-14 00:31:08 查询号码 【1490458】，返回信息 {"status":"ok","msg":"-","gid":"256715","time_insert":"2021-07-12 13:39"}
2024-06-14 00:31:08 查询号码 【1490458】，GSD为【"-"】
2024-06-14 00:31:08 ok && -
2024-06-14 00:31:11 CHB 1490458?1718296268 第 1 次 等待 3 秒
2024-06-14 00:31:14 CHB 1490458?1718296268 第 1 次 获取到号码【1490458】GSD
2024-06-14 00:31:14 未获取到号码【1490458】GSD，可能号码格式错误
2024-06-14 00:31:14 获取到号码【1490458】的GSD为【-】
2024-06-14 00:31:23 GSD insert 第 1 次 等待 3 秒
2024-06-14 00:31:26 {"status":"bad","gid":"256715","msg":"添加失败！号码【1490458(-|-)】已存在！"}

