2024-10-28 00:11:34 开始第 1837 次操作

2024-10-28 00:11:34 开始操作号码 【1301836】
2024-10-28 00:11:36 GSD getOne 第 1 次 等待 3 秒
2024-10-28 00:11:39 查询号码 【1301836】，返回信息 {"status":"ok","msg":"重庆-重庆","gid":"156","time_insert":"2016-12-10 21:33","time_update":"2021-01-02 17:50"}
2024-10-28 00:11:39 查询号码 【1301836】，GSD为【"重庆-重庆"】

2024-10-28 00:11:40 开始第 1838 次操作

2024-10-28 00:11:40 开始操作号码 【1301837】
2024-10-28 00:11:42 GSD getOne 第 1 次 等待 3 秒
2024-10-28 00:11:45 查询号码 【1301837】，返回信息 {"status":"ok","msg":"重庆-重庆","gid":"157","time_insert":"2015-06-09 17:52","time_update":"2021-01-02 17:56"}
2024-10-28 00:11:45 查询号码 【1301837】，GSD为【"重庆-重庆"】

2024-10-28 00:11:46 开始第 1839 次操作

2024-10-28 00:11:46 开始操作号码 【1301838】
2024-10-28 00:11:47 GSD getOne 第 1 次 等待 3 秒
2024-10-28 00:11:50 查询号码 【1301838】，返回信息 {"status":"ok","msg":"重庆-重庆","gid":"48552","time_insert":"2021-04-02 02:37"}
2024-10-28 00:11:50 查询号码 【1301838】，GSD为【"重庆-重庆"】

2024-10-28 00:11:51 开始第 1840 次操作

2024-10-28 00:11:51 开始操作号码 【1301839】
2024-10-28 00:11:52 GSD getOne 第 1 次 等待 3 秒
2024-10-28 00:11:55 查询号码 【1301839】，返回信息 {"status":"ok","msg":"重庆-重庆","gid":"48553","time_insert":"2021-04-02 03:10"}
2024-10-28 00:11:55 查询号码 【1301839】，GSD为【"重庆-重庆"】

2024-10-28 00:40:33 开始第 1841 次操作

2024-10-28 00:40:33 开始操作号码 【1301840】
2024-10-28 00:40:35 GSD getOne 第 1 次 等待 3 秒
2024-10-28 00:40:38 查询号码 【1301840】，返回信息 {"status":"ok","msg":"广东-惠州","gid":"48554","time_insert":"2021-04-02 03:44"}
2024-10-28 00:40:38 查询号码 【1301840】，GSD为【"广东-惠州"】

2024-10-28 00:40:39 开始第 1842 次操作

2024-10-28 00:40:39 开始操作号码 【1301841】
2024-10-28 00:40:40 GSD getOne 第 1 次 等待 3 秒
2024-10-28 00:40:43 查询号码 【1301841】，返回信息 {"status":"ok","msg":"广东-惠州","gid":"48555","time_insert":"2021-04-02 04:16"}
2024-10-28 00:40:43 查询号码 【1301841】，GSD为【"广东-惠州"】

2024-10-28 00:40:44 开始第 1843 次操作

2024-10-28 00:40:44 开始操作号码 【1301842】
2024-10-28 00:40:45 GSD getOne 第 1 次 等待 3 秒
2024-10-28 00:40:48 查询号码 【1301842】，返回信息 {"status":"ok","msg":"广东-惠州","gid":"48556","time_insert":"2021-04-02 04:55"}
2024-10-28 00:40:48 查询号码 【1301842】，GSD为【"广东-惠州"】

2024-10-28 00:40:49 开始第 1844 次操作

2024-10-28 00:40:49 开始操作号码 【1301843】
2024-10-28 00:40:50 GSD getOne 第 1 次 等待 3 秒
2024-10-28 00:40:53 查询号码 【1301843】，返回信息 {"status":"ok","msg":"广东-惠州","gid":"48557","time_insert":"2021-04-02 05:31"}
2024-10-28 00:40:53 查询号码 【1301843】，GSD为【"广东-惠州"】

2024-10-28 01:08:41 开始第 1845 次操作

2024-10-28 01:08:41 开始操作号码 【1301844】
2024-10-28 01:08:42 GSD getOne 第 1 次 等待 3 秒
2024-10-28 01:08:45 查询号码 【1301844】，返回信息 {"status":"ok","msg":"广东-惠州","gid":"48558","time_insert":"2021-04-02 06:01"}
2024-10-28 01:08:45 查询号码 【1301844】，GSD为【"广东-惠州"】

2024-10-28 01:08:46 开始第 1846 次操作

2024-10-28 01:08:46 开始操作号码 【1301845】
2024-10-28 01:08:47 GSD getOne 第 1 次 等待 3 秒
2024-10-28 01:08:50 查询号码 【1301845】，返回信息 {"status":"ok","msg":"广东-惠州","gid":"48559","time_insert":"2021-04-02 06:35"}
2024-10-28 01:08:50 查询号码 【1301845】，GSD为【"广东-惠州"】

2024-10-28 01:08:51 开始第 1847 次操作

2024-10-28 01:08:51 开始操作号码 【1301846】
2024-10-28 01:08:53 GSD getOne 第 1 次 等待 3 秒
2024-10-28 01:08:56 查询号码 【1301846】，返回信息 {"status":"ok","msg":"广东-惠州","gid":"48560","time_insert":"2021-04-02 07:07"}
2024-10-28 01:08:56 查询号码 【1301846】，GSD为【"广东-惠州"】

2024-10-28 01:08:57 开始第 1848 次操作

2024-10-28 01:08:57 开始操作号码 【1301847】
2024-10-28 01:08:58 GSD getOne 第 1 次 等待 3 秒
2024-10-28 01:09:01 查询号码 【1301847】，返回信息 {"status":"ok","msg":"广东-珠海","gid":"48561","time_insert":"2021-04-02 07:40"}
2024-10-28 01:09:01 查询号码 【1301847】，GSD为【"广东-珠海"】

