2021-07-21 00:00:39 开始第 15 次操作

2021-07-21 00:00:39 开始操作号码 【1379492】
2021-07-21 00:00:45 GSD getOne 第 1 次 等待 3 秒
2021-07-21 00:00:48 查询号码 【1379492】，返回信息 {"status":"bad","msg":""}
2021-07-21 00:00:48 查询号码 【1379492】，GSD为【""】
2021-07-21 00:00:48 bad
2021-07-21 00:00:51 CHB 1379492?1626796848 第 1 次 等待 3 秒
2021-07-21 00:00:54 CHB 1379492?1626796848 第 1 次 获取到号码【1379492】GSD
2021-07-21 00:00:54 获取到号码【1379492】的GSD为【广东-东莞】
2021-07-21 00:01:04 GSD insert 第 1 次 等待 3 秒
2021-07-21 00:01:07 {"status":"ok","gid":341260,"msg":"添加成功！"}
2021-07-21 00:01:07 下次操作: 2021-07-21 00:01:30

2021-07-21 00:01:30 开始第 16 次操作

2021-07-21 00:01:30 开始操作号码 【1379491】
2021-07-21 00:01:32 GSD getOne 第 1 次 等待 3 秒
2021-07-21 00:01:35 查询号码 【1379491】，返回信息 {"status":"bad","msg":""}
2021-07-21 00:01:35 查询号码 【1379491】，GSD为【""】
2021-07-21 00:01:35 bad
2021-07-21 00:01:37 CHB 1379491?1626796895 第 1 次 等待 3 秒
2021-07-21 00:01:40 CHB 1379491?1626796895 第 1 次 获取到号码【1379491】GSD
2021-07-21 00:01:40 获取到号码【1379491】的GSD为【广东-东莞】
2021-07-21 00:01:58 GSD insert 第 1 次 等待 3 秒
2021-07-21 00:02:01 {"status":"ok","gid":341269,"msg":"添加成功！"}
2021-07-21 00:02:01 下次操作: 2021-07-21 00:02:19

2021-07-21 00:02:19 开始第 17 次操作

2021-07-21 00:02:19 开始操作号码 【1379490】
2021-07-21 00:02:21 GSD getOne 第 1 次 等待 3 秒
2021-07-21 00:02:24 查询号码 【1379490】，返回信息 {"status":"ok","msg":"广东-东莞","gid":"10770","time_insert":"2016-01-03 21:22","time_update":"2020-09-28 09:44"}
2021-07-21 00:02:24 查询号码 【1379490】，GSD为【"广东-东莞"】

2021-07-21 00:02:24 开始第 17 次操作

2021-07-21 00:02:24 开始操作号码 【1379489】
2021-07-21 00:02:42 GSD getOne 第 1 次 等待 3 秒
2021-07-21 00:02:45 查询号码 【1379489】，返回信息 {"status":"ok","msg":"广东-东莞","gid":"10769","time_insert":"2017-02-12 07:34","time_update":"2020-09-28 09:40"}
2021-07-21 00:02:45 查询号码 【1379489】，GSD为【"广东-东莞"】

2021-07-21 00:02:45 开始第 17 次操作

2021-07-21 00:02:45 开始操作号码 【1379488】
2021-07-21 00:03:03 GSD getOne 第 1 次 等待 3 秒
2021-07-21 00:03:06 查询号码 【1379488】，返回信息 {"status":"bad","msg":""}
2021-07-21 00:03:06 查询号码 【1379488】，GSD为【""】
2021-07-21 00:03:06 bad
2021-07-21 00:03:08 CHB 1379488?1626796986 第 1 次 等待 3 秒
2021-07-21 00:03:11 CHB 1379488?1626796986 第 1 次 获取到号码【1379488】GSD
2021-07-21 00:03:11 获取到号码【1379488】的GSD为【广东-东莞】
2021-07-21 00:03:30 GSD insert 第 1 次 等待 3 秒
2021-07-21 00:03:33 {"status":"ok","gid":341283,"msg":"添加成功！"}
2021-07-21 00:03:33 下次操作: 2021-07-21 00:03:57

2021-07-21 00:03:57 开始第 18 次操作

2021-07-21 00:03:57 开始操作号码 【1379487】
2021-07-21 00:04:01 GSD getOne 第 1 次 等待 3 秒
2021-07-21 00:04:04 查询号码 【1379487】，返回信息 {"status":"bad","msg":""}
2021-07-21 00:04:04 查询号码 【1379487】，GSD为【""】
2021-07-21 00:04:04 bad
2021-07-21 00:04:06 CHB 1379487?1626797044 第 1 次 等待 3 秒
2021-07-21 00:04:09 CHB 1379487?1626797044 第 1 次 获取到号码【1379487】GSD
2021-07-21 00:04:09 获取到号码【1379487】的GSD为【广东-东莞】
2021-07-21 00:04:32 GSD insert 第 1 次 等待 3 秒
2021-07-21 00:04:35 {"status":"ok","gid":341294,"msg":"添加成功！"}
2021-07-21 00:04:35 下次操作: 2021-07-21 00:04:47

2021-07-21 00:04:47 开始第 19 次操作

2021-07-21 00:04:47 开始操作号码 【1379486】
2021-07-21 00:04:54 GSD getOne 第 1 次 等待 3 秒
2021-07-21 00:04:57 查询号码 【1379486】，返回信息 {"status":"ok","msg":"广东-东莞","gid":"10768","time_insert":"2018-03-28 14:54","time_update":"2020-09-28 09:37"}
2021-07-21 00:04:57 查询号码 【1379486】，GSD为【"广东-东莞"】

2021-07-21 00:04:57 开始第 19 次操作

2021-07-21 00:04:57 开始操作号码 【1379485】
2021-07-21 00:05:15 GSD getOne 第 1 次 等待 3 秒
2021-07-21 00:05:18 查询号码 【1379485】，返回信息 {"status":"bad","msg":""}
2021-07-21 00:05:19 查询号码 【1379485】，GSD为【""】
2021-07-21 00:05:19 bad
2021-07-21 00:05:20 CHB 1379485?1626797119 第 1 次 等待 3 秒
2021-07-21 00:05:23 CHB 1379485?1626797119 第 1 次 获取到号码【1379485】GSD
2021-07-21 00:05:23 获取到号码【1379485】的GSD为【广东-东莞】
2021-07-21 00:05:41 GSD insert 第 1 次 等待 3 秒
2021-07-21 00:05:44 {"status":"ok","gid":341305,"msg":"添加成功！"}
2021-07-21 00:05:44 下次操作: 2021-07-21 00:06:02

2021-07-21 00:06:02 开始第 20 次操作

2021-07-21 00:06:02 开始操作号码 【1379484】
2021-07-21 00:06:06 GSD getOne 第 1 次 等待 3 秒
2021-07-21 00:06:09 查询号码 【1379484】，返回信息 {"status":"bad","msg":""}
2021-07-21 00:06:09 查询号码 【1379484】，GSD为【""】
2021-07-21 00:06:09 bad
2021-07-21 00:06:12 CHB 1379484?1626797169 第 1 次 等待 3 秒
2021-07-21 00:06:15 CHB 1379484?1626797169 第 1 次 获取到号码【1379484】GSD
2021-07-21 00:06:15 获取到号码【1379484】的GSD为【广东-东莞】
2021-07-21 00:06:25 GSD insert 第 1 次 等待 3 秒
2021-07-21 00:06:28 {"status":"ok","gid":341312,"msg":"添加成功！"}
2021-07-21 00:06:28 下次操作: 2021-07-21 00:06:49

2021-07-21 00:06:49 开始第 21 次操作

2021-07-21 00:06:49 开始操作号码 【1379483】
2021-07-21 00:06:51 GSD getOne 第 1 次 等待 3 秒
2021-07-21 00:06:54 查询号码 【1379483】，返回信息 {"status":"bad","msg":""}
2021-07-21 00:06:54 查询号码 【1379483】，GSD为【""】
2021-07-21 00:06:54 bad
2021-07-21 00:06:57 CHB 1379483?1626797214 第 1 次 等待 3 秒
2021-07-21 00:07:00 CHB 1379483?1626797214 第 1 次 获取到号码【1379483】GSD
2021-07-21 00:07:00 获取到号码【1379483】的GSD为【广东-东莞】
2021-07-21 00:07:13 GSD insert 第 1 次 等待 3 秒
2021-07-21 00:07:16 {"status":"ok","gid":341323,"msg":"添加成功！"}
2021-07-21 00:07:16 下次操作: 2021-07-21 00:07:32

2021-07-21 00:07:32 开始第 22 次操作

2021-07-21 00:07:32 开始操作号码 【1379482】
2021-07-21 00:07:35 GSD getOne 第 1 次 等待 3 秒
2021-07-21 00:07:38 查询号码 【1379482】，返回信息 {"status":"bad","msg":""}
2021-07-21 00:07:38 查询号码 【1379482】，GSD为【""】
2021-07-21 00:07:38 bad
2021-07-21 00:07:41 CHB 1379482?1626797258 第 1 次 等待 3 秒
2021-07-21 00:07:44 CHB 1379482?1626797258 第 1 次 获取到号码【1379482】GSD
2021-07-21 00:07:44 获取到号码【1379482】的GSD为【广东-东莞】
2021-07-21 00:07:55 GSD insert 第 1 次 等待 3 秒
2021-07-21 00:07:58 {"status":"ok","gid":341326,"msg":"添加成功！"}
2021-07-21 00:07:58 下次操作: 2021-07-21 00:08:21

2021-07-21 00:08:21 开始第 23 次操作

2021-07-21 00:08:21 开始操作号码 【1379481】
2021-07-21 00:08:25 GSD getOne 第 1 次 等待 3 秒
2021-07-21 00:08:28 查询号码 【1379481】，返回信息 {"status":"bad","msg":""}
2021-07-21 00:08:28 查询号码 【1379481】，GSD为【""】
2021-07-21 00:08:28 bad
2021-07-21 00:08:31 CHB 1379481?1626797308 第 1 次 等待 3 秒
2021-07-21 00:08:34 CHB 1379481?1626797308 第 1 次 获取到号码【1379481】GSD
2021-07-21 00:08:34 获取到号码【1379481】的GSD为【广东-东莞】
2021-07-21 00:08:44 GSD insert 第 1 次 等待 3 秒
2021-07-21 00:08:47 {"status":"ok","gid":341335,"msg":"添加成功！"}
2021-07-21 00:08:47 下次操作: 2021-07-21 00:09:00

2021-07-21 00:09:00 开始第 24 次操作

2021-07-21 00:09:00 开始操作号码 【1379480】
2021-07-21 00:09:02 GSD getOne 第 1 次 等待 3 秒
2021-07-21 00:09:05 查询号码 【1379480】，返回信息 {"status":"bad","msg":""}
2021-07-21 00:09:05 查询号码 【1379480】，GSD为【""】
2021-07-21 00:09:05 bad
2021-07-21 00:09:08 CHB 1379480?1626797345 第 1 次 等待 3 秒
2021-07-21 00:09:11 CHB 1379480?1626797345 第 1 次 获取到号码【1379480】GSD
2021-07-21 00:09:11 获取到号码【1379480】的GSD为【广东-东莞】
2021-07-21 00:09:21 GSD insert 第 1 次 等待 3 秒
2021-07-21 00:09:24 {"status":"ok","gid":341342,"msg":"添加成功！"}
2021-07-21 00:09:24 下次操作: 2021-07-21 00:09:37

2021-07-21 00:09:37 开始第 25 次操作

2021-07-21 00:09:37 开始操作号码 【1379479】
2021-07-21 00:09:40 GSD getOne 第 1 次 等待 3 秒
2021-07-21 00:09:43 查询号码 【1379479】，返回信息 {"status":"bad","msg":""}
2021-07-21 00:09:43 查询号码 【1379479】，GSD为【""】
2021-07-21 00:09:43 bad
2021-07-21 00:09:44 CHB 1379479?1626797383 第 1 次 等待 3 秒
2021-07-21 00:09:47 CHB 1379479?1626797383 第 1 次 获取到号码【1379479】GSD
2021-07-21 00:09:47 获取到号码【1379479】的GSD为【广东-阳江】
2021-07-21 00:10:05 GSD insert 第 1 次 等待 3 秒
2021-07-21 00:10:08 {"status":"ok","gid":341351,"msg":"添加成功！"}
2021-07-21 00:10:08 下次操作: 2021-07-21 00:10:30

2021-07-21 00:10:30 开始第 26 次操作

2021-07-21 00:10:30 开始操作号码 【1379478】
2021-07-21 00:10:33 GSD getOne 第 1 次 等待 3 秒
2021-07-21 00:10:36 查询号码 【1379478】，返回信息 {"status":"bad","msg":""}
2021-07-21 00:10:36 查询号码 【1379478】，GSD为【""】
2021-07-21 00:10:36 bad
2021-07-21 00:10:38 CHB 1379478?1626797436 第 1 次 等待 3 秒
2021-07-21 00:10:41 CHB 1379478?1626797436 第 1 次 获取到号码【1379478】GSD
2021-07-21 00:10:41 获取到号码【1379478】的GSD为【广东-阳江】
2021-07-21 00:11:03 GSD insert 第 1 次 等待 3 秒
2021-07-21 00:11:06 {"status":"ok","gid":341357,"msg":"添加成功！"}
2021-07-21 00:11:06 下次操作: 2021-07-21 00:11:26

2021-07-21 00:11:26 开始第 27 次操作

2021-07-21 00:11:26 开始操作号码 【1379477】
2021-07-21 00:11:32 GSD getOne 第 1 次 等待 3 秒
2021-07-21 00:11:35 查询号码 【1379477】，返回信息 {"status":"ok","msg":"广东-阳江","gid":"10767","time_insert":"2017-04-26 15:02","time_update":"2020-09-28 09:32"}
2021-07-21 00:11:35 查询号码 【1379477】，GSD为【"广东-阳江"】

2021-07-21 00:11:35 开始第 27 次操作

2021-07-21 00:11:35 开始操作号码 【1379476】
2021-07-21 00:11:52 GSD getOne 第 1 次 等待 3 秒
2021-07-21 00:11:55 查询号码 【1379476】，返回信息 {"status":"bad","msg":""}
2021-07-21 00:11:56 查询号码 【1379476】，GSD为【""】
2021-07-21 00:11:56 bad
2021-07-21 00:11:58 CHB 1379476?1626797516 第 1 次 等待 3 秒
2021-07-21 00:12:01 CHB 1379476?1626797516 第 1 次 获取到号码【1379476】GSD
2021-07-21 00:12:01 获取到号码【1379476】的GSD为【广东-阳江】
2021-07-21 00:12:11 GSD insert 第 1 次 等待 3 秒
2021-07-21 00:12:14 {"status":"ok","gid":341368,"msg":"添加成功！"}
2021-07-21 00:12:14 下次操作: 2021-07-21 00:12:32

2021-07-21 00:12:32 开始第 28 次操作

2021-07-21 00:12:32 开始操作号码 【1379475】
2021-07-21 00:12:38 GSD getOne 第 1 次 等待 3 秒
2021-07-21 00:12:41 查询号码 【1379475】，返回信息 {"status":"ok","msg":"广东-阳江","gid":"10766","time_insert":"2019-10-22 16:49","time_update":"2020-09-28 09:28"}
2021-07-21 00:12:41 查询号码 【1379475】，GSD为【"广东-阳江"】

2021-07-21 00:12:41 开始第 28 次操作

2021-07-21 00:12:41 开始操作号码 【1379474】
2021-07-21 00:13:02 GSD getOne 第 1 次 等待 3 秒
2021-07-21 00:13:05 查询号码 【1379474】，返回信息 {"status":"bad","msg":""}
2021-07-21 00:13:06 查询号码 【1379474】，GSD为【""】
2021-07-21 00:13:06 bad
2021-07-21 00:13:07 CHB 1379474?1626797586 第 1 次 等待 3 秒
2021-07-21 00:13:10 CHB 1379474?1626797586 第 1 次 获取到号码【1379474】GSD
2021-07-21 00:13:11 获取到号码【1379474】的GSD为【广东-河源】
2021-07-21 00:13:28 GSD insert 第 1 次 等待 3 秒
2021-07-21 00:13:31 {"status":"ok","gid":341384,"msg":"添加成功！"}
2021-07-21 00:13:31 下次操作: 2021-07-21 00:13:44

2021-07-21 00:13:44 开始第 29 次操作

2021-07-21 00:13:44 开始操作号码 【1379473】
2021-07-21 00:13:47 GSD getOne 第 1 次 等待 3 秒
2021-07-21 00:13:50 查询号码 【1379473】，返回信息 {"status":"bad","msg":""}
2021-07-21 00:13:50 查询号码 【1379473】，GSD为【""】
2021-07-21 00:13:50 bad
2021-07-21 00:13:55 CHB 1379473?1626797630 第 1 次 等待 3 秒
2021-07-21 00:13:58 CHB 1379473?1626797630 第 1 次 获取到号码【1379473】GSD
2021-07-21 00:13:58 获取到号码【1379473】的GSD为【广东-河源】
2021-07-21 00:14:09 GSD insert 第 1 次 等待 3 秒
2021-07-21 00:14:12 {"status":"ok","gid":341391,"msg":"添加成功！"}
2021-07-21 00:14:12 下次操作: 2021-07-21 00:14:36

2021-07-21 00:14:37 开始第 30 次操作

2021-07-21 00:14:37 开始操作号码 【1379472】
2021-07-21 00:14:42 GSD getOne 第 1 次 等待 3 秒
2021-07-21 00:14:45 查询号码 【1379472】，返回信息 {"status":"bad","msg":""}
2021-07-21 00:14:45 查询号码 【1379472】，GSD为【""】
2021-07-21 00:14:45 bad
2021-07-21 00:14:46 CHB 1379472?1626797685 第 1 次 等待 3 秒
2021-07-21 00:14:49 CHB 1379472?1626797685 第 1 次 获取到号码【1379472】GSD
2021-07-21 00:14:49 获取到号码【1379472】的GSD为【广东-河源】
2021-07-21 00:15:07 GSD insert 第 1 次 等待 3 秒
2021-07-21 00:15:10 {"status":"ok","gid":341398,"msg":"添加成功！"}
2021-07-21 00:15:10 下次操作: 2021-07-21 00:15:25

2021-07-21 00:15:25 开始第 31 次操作

2021-07-21 00:15:25 开始操作号码 【1379471】
2021-07-21 00:15:29 GSD getOne 第 1 次 等待 3 秒
2021-07-21 00:15:32 查询号码 【1379471】，返回信息 {"status":"bad","msg":""}
2021-07-21 00:15:32 查询号码 【1379471】，GSD为【""】
2021-07-21 00:15:32 bad
2021-07-21 00:15:35 CHB 1379471?1626797732 第 1 次 等待 3 秒
2021-07-21 00:15:38 CHB 1379471?1626797732 第 1 次 获取到号码【1379471】GSD
2021-07-21 00:15:38 获取到号码【1379471】的GSD为【广东-河源】
2021-07-21 00:15:47 GSD insert 第 1 次 等待 3 秒
2021-07-21 00:15:50 {"status":"ok","gid":341403,"msg":"添加成功！"}
2021-07-21 00:15:50 下次操作: 2021-07-21 00:16:14

2021-07-21 00:16:14 开始第 32 次操作

2021-07-21 00:16:14 开始操作号码 【1379470】
2021-07-21 00:16:17 GSD getOne 第 1 次 等待 3 秒
2021-07-21 00:16:20 查询号码 【1379470】，返回信息 {"status":"bad","msg":""}
2021-07-21 00:16:20 查询号码 【1379470】，GSD为【""】
2021-07-21 00:16:20 bad
2021-07-21 00:16:23 CHB 1379470?1626797780 第 1 次 等待 3 秒
2021-07-21 00:16:26 CHB 1379470?1626797780 第 1 次 获取到号码【1379470】GSD
2021-07-21 00:16:26 获取到号码【1379470】的GSD为【广东-河源】
2021-07-21 00:16:36 GSD insert 第 1 次 等待 3 秒
2021-07-21 00:16:39 {"status":"ok","gid":341412,"msg":"添加成功！"}
2021-07-21 00:16:39 下次操作: 2021-07-21 00:16:56

2021-07-21 00:16:56 开始第 33 次操作

2021-07-21 00:16:56 开始操作号码 【1379469】
2021-07-21 00:16:59 GSD getOne 第 1 次 等待 3 秒
2021-07-21 00:17:02 查询号码 【1379469】，返回信息 {"status":"bad","msg":""}
2021-07-21 00:17:02 查询号码 【1379469】，GSD为【""】
2021-07-21 00:17:02 bad
2021-07-21 00:17:05 CHB 1379469?1626797822 第 1 次 等待 3 秒
2021-07-21 00:17:08 CHB 1379469?1626797822 第 1 次 获取到号码【1379469】GSD
2021-07-21 00:17:08 获取到号码【1379469】的GSD为【广东-韶关】
2021-07-21 00:17:18 GSD insert 第 1 次 等待 3 秒
2021-07-21 00:17:21 {"status":"ok","gid":341419,"msg":"添加成功！"}
2021-07-21 00:17:21 下次操作: 2021-07-21 00:17:45

2021-07-21 00:17:45 开始第 34 次操作

2021-07-21 00:17:45 开始操作号码 【1379468】
2021-07-21 00:17:49 GSD getOne 第 1 次 等待 3 秒
2021-07-21 00:17:52 查询号码 【1379468】，返回信息 {"status":"bad","msg":""}
2021-07-21 00:17:52 查询号码 【1379468】，GSD为【""】
2021-07-21 00:17:52 bad
2021-07-21 00:17:54 CHB 1379468?1626797872 第 1 次 等待 3 秒
2021-07-21 00:17:57 CHB 1379468?1626797872 第 1 次 获取到号码【1379468】GSD
2021-07-21 00:17:57 获取到号码【1379468】的GSD为【广东-韶关】
2021-07-21 00:18:15 GSD insert 第 1 次 等待 3 秒
2021-07-21 00:18:18 {"status":"ok","gid":341428,"msg":"添加成功！"}
2021-07-21 00:18:18 下次操作: 2021-07-21 00:18:37

2021-07-21 00:18:37 开始第 35 次操作

2021-07-21 00:18:37 开始操作号码 【1379467】
2021-07-21 00:18:40 GSD getOne 第 1 次 等待 3 秒
2021-07-21 00:18:43 查询号码 【1379467】，返回信息 {"status":"bad","msg":""}
2021-07-21 00:18:43 查询号码 【1379467】，GSD为【""】
2021-07-21 00:18:43 bad
2021-07-21 00:18:44 CHB 1379467?1626797923 第 1 次 等待 3 秒
2021-07-21 00:18:47 CHB 1379467?1626797923 第 1 次 获取到号码【1379467】GSD
2021-07-21 00:18:47 获取到号码【1379467】的GSD为【广东-韶关】
2021-07-21 00:19:05 GSD insert 第 1 次 等待 3 秒
2021-07-21 00:19:08 {"status":"ok","gid":341435,"msg":"添加成功！"}
2021-07-21 00:19:08 下次操作: 2021-07-21 00:19:31

2021-07-21 00:19:31 开始第 36 次操作

2021-07-21 00:19:31 开始操作号码 【1379466】
2021-07-21 00:19:35 GSD getOne 第 1 次 等待 3 秒
2021-07-21 00:19:38 查询号码 【1379466】，返回信息 {"status":"bad","msg":""}
2021-07-21 00:19:38 查询号码 【1379466】，GSD为【""】
2021-07-21 00:19:38 bad
2021-07-21 00:19:40 CHB 1379466?1626797978 第 1 次 等待 3 秒
2021-07-21 00:19:43 CHB 1379466?1626797978 第 1 次 获取到号码【1379466】GSD
2021-07-21 00:19:43 获取到号码【1379466】的GSD为【广东-韶关】
2021-07-21 00:20:02 GSD insert 第 1 次 等待 3 秒
2021-07-21 00:20:05 {"status":"ok","gid":341443,"msg":"添加成功！"}
2021-07-21 00:20:05 下次操作: 2021-07-21 00:20:23

2021-07-21 00:20:23 开始第 37 次操作

2021-07-21 00:20:23 开始操作号码 【1379465】
2021-07-21 00:20:26 GSD getOne 第 1 次 等待 3 秒
2021-07-21 00:20:29 查询号码 【1379465】，返回信息 {"status":"bad","msg":""}
2021-07-21 00:20:29 查询号码 【1379465】，GSD为【""】
2021-07-21 00:20:29 bad
2021-07-21 00:20:31 CHB 1379465?1626798029 第 1 次 等待 3 秒
2021-07-21 00:20:34 CHB 1379465?1626798029 第 1 次 获取到号码【1379465】GSD
2021-07-21 00:20:34 获取到号码【1379465】的GSD为【广东-韶关】
2021-07-21 00:20:52 GSD insert 第 1 次 等待 3 秒
2021-07-21 00:20:55 {"status":"ok","gid":341451,"msg":"添加成功！"}
2021-07-21 00:20:55 下次操作: 2021-07-21 00:21:07

2021-07-21 00:21:07 开始第 38 次操作

2021-07-21 00:21:07 开始操作号码 【1379464】
2021-07-21 00:21:13 GSD getOne 第 1 次 等待 3 秒
2021-07-21 00:21:16 查询号码 【1379464】，返回信息 {"status":"bad","msg":""}
2021-07-21 00:21:16 查询号码 【1379464】，GSD为【""】
2021-07-21 00:21:16 bad
2021-07-21 00:21:18 CHB 1379464?1626798076 第 1 次 等待 3 秒
2021-07-21 00:21:21 CHB 1379464?1626798076 第 1 次 获取到号码【1379464】GSD
2021-07-21 00:21:21 获取到号码【1379464】的GSD为【广东-佛山】
2021-07-21 00:21:58 GSD insert 第 1 次 等待 3 秒
2021-07-21 00:22:01 {"status":"ok","gid":341457,"msg":"添加成功！"}
2021-07-21 00:22:01 下次操作: 2021-07-21 00:22:17

2021-07-21 00:22:17 开始第 39 次操作

2021-07-21 00:22:17 开始操作号码 【1379463】
2021-07-21 00:22:21 GSD getOne 第 1 次 等待 3 秒
2021-07-21 00:22:24 查询号码 【1379463】，返回信息 {"status":"ok","msg":"广东-佛山","gid":"10765","time_insert":"2017-11-02 15:31","time_update":"2020-09-28 09:24"}
2021-07-21 00:22:24 查询号码 【1379463】，GSD为【"广东-佛山"】

2021-07-21 00:22:24 开始第 39 次操作

2021-07-21 00:22:24 开始操作号码 【1379462】
2021-07-21 00:22:42 GSD getOne 第 1 次 等待 3 秒
2021-07-21 00:22:45 查询号码 【1379462】，返回信息 {"status":"bad","msg":""}
2021-07-21 00:22:45 查询号码 【1379462】，GSD为【""】
2021-07-21 00:22:45 bad
2021-07-21 00:22:48 CHB 1379462?1626798165 第 1 次 等待 3 秒
2021-07-21 00:22:51 CHB 1379462?1626798165 第 1 次 获取到号码【1379462】GSD
2021-07-21 00:22:51 获取到号码【1379462】的GSD为【广东-佛山】
2021-07-21 00:23:04 GSD insert 第 1 次 等待 3 秒
2021-07-21 00:23:07 {"status":"ok","gid":341463,"msg":"添加成功！"}
2021-07-21 00:23:07 下次操作: 2021-07-21 00:23:26

2021-07-21 00:23:26 开始第 40 次操作

2021-07-21 00:23:26 开始操作号码 【1379461】
2021-07-21 00:23:28 GSD getOne 第 1 次 等待 3 秒
2021-07-21 00:23:31 查询号码 【1379461】，返回信息 {"status":"bad","msg":""}
2021-07-21 00:23:31 查询号码 【1379461】，GSD为【""】
2021-07-21 00:23:31 bad
2021-07-21 00:23:33 CHB 1379461?1626798211 第 1 次 等待 3 秒
2021-07-21 00:23:36 CHB 1379461?1626798211 第 1 次 获取到号码【1379461】GSD
2021-07-21 00:23:36 获取到号码【1379461】的GSD为【广东-佛山】
2021-07-21 00:23:56 GSD insert 第 1 次 等待 3 秒
2021-07-21 00:23:59 {"status":"ok","gid":341470,"msg":"添加成功！"}

2021-07-21 01:03:06 开始第 1 次操作

2021-07-21 01:03:06 开始操作号码 【1379460】
2021-07-21 01:03:07 GSD getOne 第 1 次 等待 3 秒
2021-07-21 01:03:13 GSD getOne 第 2 次 等待 3 秒
2021-07-21 01:03:16 查询号码 【1379460】，返回信息 {"status":"bad","msg":""}
2021-07-21 01:03:16 查询号码 【1379460】，GSD为【""】
2021-07-21 01:03:16 bad
2021-07-21 01:03:17 CHB 1379460?1626800596 第 1 次 等待 3 秒
2021-07-21 01:03:20 CHB 1379460?1626800596 第 1 次 获取到号码【1379460】GSD
2021-07-21 01:03:20 获取到号码【1379460】的GSD为【广东-佛山】
2021-07-21 01:03:21 GSD insert 第 1 次 等待 3 秒
2021-07-21 01:03:26 GSD insert 第 2 次 等待 3 秒
2021-07-21 01:03:29 {"status":"ok","gid":341598,"msg":"添加成功！"}
2021-07-21 01:03:29 下次操作: 2021-07-21 01:03:53

2021-07-21 01:03:53 开始第 2 次操作

2021-07-21 01:03:53 开始操作号码 【1379459】
2021-07-21 01:03:57 GSD getOne 第 1 次 等待 3 秒
2021-07-21 01:04:00 查询号码 【1379459】，返回信息 {"status":"bad","msg":""}
2021-07-21 01:04:00 查询号码 【1379459】，GSD为【""】
2021-07-21 01:04:00 bad
2021-07-21 01:04:01 CHB 1379459?1626800640 第 1 次 等待 3 秒
2021-07-21 01:04:04 CHB 1379459?1626800640 第 1 次 获取到号码【1379459】GSD
2021-07-21 01:04:04 获取到号码【1379459】的GSD为【广东-惠州】
2021-07-21 01:04:07 GSD insert 第 1 次 等待 3 秒
2021-07-21 01:04:10 {"status":"ok","gid":341603,"msg":"添加成功！"}
2021-07-21 01:04:10 下次操作: 2021-07-21 01:04:32

2021-07-21 01:04:32 开始第 3 次操作

2021-07-21 01:04:32 开始操作号码 【1379458】
2021-07-21 01:04:34 GSD getOne 第 1 次 等待 3 秒
2021-07-21 01:04:37 查询号码 【1379458】，返回信息 {"status":"bad","msg":""}
2021-07-21 01:04:38 查询号码 【1379458】，GSD为【""】
2021-07-21 01:04:38 bad
2021-07-21 01:04:46 CHB 1379458?1626800678 第 1 次 等待 3 秒
2021-07-21 01:04:49 CHB 1379458?1626800678 第 1 次 获取到号码【1379458】GSD
2021-07-21 01:04:49 获取到号码【1379458】的GSD为【广东-惠州】
2021-07-21 01:04:52 GSD insert 第 1 次 等待 3 秒
2021-07-21 01:04:55 {"status":"ok","gid":341612,"msg":"添加成功！"}
2021-07-21 01:04:55 下次操作: 2021-07-21 01:05:09

2021-07-21 01:05:09 开始第 4 次操作

2021-07-21 01:05:09 开始操作号码 【1379457】
2021-07-21 01:05:11 GSD getOne 第 1 次 等待 3 秒
2021-07-21 01:05:14 查询号码 【1379457】，返回信息 {"status":"bad","msg":""}
2021-07-21 01:05:15 查询号码 【1379457】，GSD为【""】
2021-07-21 01:05:15 bad
2021-07-21 01:05:17 CHB 1379457?1626800715 第 1 次 等待 3 秒
2021-07-21 01:05:20 CHB 1379457?1626800715 第 1 次 获取到号码【1379457】GSD
2021-07-21 01:05:20 获取到号码【1379457】的GSD为【广东-惠州】
2021-07-21 01:05:22 GSD insert 第 1 次 等待 3 秒
2021-07-21 01:05:25 {"status":"ok","gid":341616,"msg":"添加成功！"}
2021-07-21 01:05:25 下次操作: 2021-07-21 01:05:47

2021-07-21 01:05:47 开始第 5 次操作

2021-07-21 01:05:48 开始操作号码 【1379456】
2021-07-21 01:05:50 GSD getOne 第 1 次 等待 3 秒
2021-07-21 01:05:53 查询号码 【1379456】，返回信息 {"status":"ok","msg":"广东-惠州","gid":"10764","time_insert":"2019-10-10 10:16","time_update":"2020-09-28 09:19"}
2021-07-21 01:05:53 查询号码 【1379456】，GSD为【"广东-惠州"】

2021-07-21 01:05:53 开始第 5 次操作

2021-07-21 01:05:53 开始操作号码 【1379455】
2021-07-21 01:05:59 GSD getOne 第 1 次 等待 3 秒
2021-07-21 01:06:02 查询号码 【1379455】，返回信息 {"status":"bad","msg":""}
2021-07-21 01:06:02 查询号码 【1379455】，GSD为【""】
2021-07-21 01:06:02 bad
2021-07-21 01:06:04 CHB 1379455?1626800763 第 1 次 等待 3 秒
2021-07-21 01:06:07 CHB 1379455?1626800763 第 1 次 获取到号码【1379455】GSD
2021-07-21 01:06:08 获取到号码【1379455】的GSD为【广东-惠州】
2021-07-21 01:06:10 GSD insert 第 1 次 等待 3 秒
2021-07-21 01:06:13 {"status":"ok","gid":341625,"msg":"添加成功！"}
2021-07-21 01:06:13 下次操作: 2021-07-21 01:06:30

2021-07-21 01:06:30 开始第 6 次操作

2021-07-21 01:06:30 开始操作号码 【1379454】
2021-07-21 01:06:36 GSD getOne 第 1 次 等待 3 秒
2021-07-21 01:06:39 查询号码 【1379454】，返回信息 {"status":"bad","msg":""}
2021-07-21 01:06:39 查询号码 【1379454】，GSD为【""】
2021-07-21 01:06:39 bad
2021-07-21 01:06:41 CHB 1379454?1626800799 第 1 次 等待 3 秒
2021-07-21 01:06:44 CHB 1379454?1626800799 第 1 次 获取到号码【1379454】GSD
2021-07-21 01:06:44 获取到号码【1379454】的GSD为【广东-惠州】
2021-07-21 01:06:49 GSD insert 第 1 次 等待 3 秒
2021-07-21 01:06:52 {"status":"ok","gid":341630,"msg":"添加成功！"}
2021-07-21 01:06:52 下次操作: 2021-07-21 01:07:11

2021-07-21 01:07:11 开始第 7 次操作

2021-07-21 01:07:11 开始操作号码 【1379453】
2021-07-21 01:07:11 GSD getOne 第 1 次 等待 3 秒
2021-07-21 01:07:17 GSD getOne 第 2 次 等待 3 秒
2021-07-21 01:07:20 查询号码 【1379453】，返回信息 {"status":"ok","msg":"广东-惠州","gid":"55734","time_insert":"2021-04-30 09:27"}
2021-07-21 01:07:20 查询号码 【1379453】，GSD为【"广东-惠州"】

2021-07-21 01:07:20 开始第 7 次操作

2021-07-21 01:07:20 开始操作号码 【1379452】
2021-07-21 01:07:22 GSD getOne 第 1 次 等待 3 秒
2021-07-21 01:07:25 查询号码 【1379452】，返回信息 {"status":"bad","msg":""}
2021-07-21 01:07:26 查询号码 【1379452】，GSD为【""】
2021-07-21 01:07:26 bad
2021-07-21 01:07:27 CHB 1379452?1626800846 第 1 次 等待 3 秒
2021-07-21 01:07:30 CHB 1379452?1626800846 第 1 次 获取到号码【1379452】GSD
2021-07-21 01:07:30 获取到号码【1379452】的GSD为【广东-惠州】
2021-07-21 01:07:30 GSD insert 第 1 次 等待 3 秒
2021-07-21 01:07:36 GSD insert 第 2 次 等待 3 秒
2021-07-21 01:07:39 {"status":"ok","gid":341638,"msg":"添加成功！"}
2021-07-21 01:07:39 下次操作: 2021-07-21 01:07:56

2021-07-21 01:07:56 开始第 8 次操作

2021-07-21 01:07:56 开始操作号码 【1379451】
2021-07-21 01:07:59 GSD getOne 第 1 次 等待 3 秒
2021-07-21 01:08:02 查询号码 【1379451】，返回信息 {"status":"bad","msg":""}
2021-07-21 01:08:02 查询号码 【1379451】，GSD为【""】
2021-07-21 01:08:02 bad
2021-07-21 01:08:04 CHB 1379451?1626800882 第 1 次 等待 3 秒
2021-07-21 01:08:07 CHB 1379451?1626800882 第 1 次 获取到号码【1379451】GSD
2021-07-21 01:08:07 获取到号码【1379451】的GSD为【广东-惠州】
2021-07-21 01:08:09 GSD insert 第 1 次 等待 3 秒
2021-07-21 01:08:12 {"status":"ok","gid":341643,"msg":"添加成功！"}
2021-07-21 01:08:12 下次操作: 2021-07-21 01:08:36

2021-07-21 01:08:36 开始第 9 次操作

2021-07-21 01:08:36 开始操作号码 【1379450】
2021-07-21 01:08:39 GSD getOne 第 1 次 等待 3 秒
2021-07-21 01:08:42 查询号码 【1379450】，返回信息 {"status":"bad","msg":""}
2021-07-21 01:08:42 查询号码 【1379450】，GSD为【""】
2021-07-21 01:08:42 bad
2021-07-21 01:08:45 CHB 1379450?1626800922 第 1 次 等待 3 秒
2021-07-21 01:08:48 CHB 1379450?1626800922 第 1 次 获取到号码【1379450】GSD
2021-07-21 01:08:48 获取到号码【1379450】的GSD为【广东-惠州】
2021-07-21 01:08:51 GSD insert 第 1 次 等待 3 秒
2021-07-21 01:08:54 {"status":"ok","gid":341652,"msg":"添加成功！"}
2021-07-21 01:08:54 下次操作: 2021-07-21 01:09:15

2021-07-21 01:09:15 开始第 10 次操作

2021-07-21 01:09:15 开始操作号码 【1379449】
2021-07-21 01:09:19 GSD getOne 第 1 次 等待 3 秒
2021-07-21 01:09:22 查询号码 【1379449】，返回信息 {"status":"ok","msg":"广东-深圳","gid":"10763","time_insert":"2017-05-09 11:41","time_update":"2020-09-28 09:15"}
2021-07-21 01:09:22 查询号码 【1379449】，GSD为【"广东-深圳"】

2021-07-21 01:09:22 开始第 10 次操作

2021-07-21 01:09:22 开始操作号码 【1379448】
2021-07-21 01:09:25 GSD getOne 第 1 次 等待 3 秒
2021-07-21 01:09:28 查询号码 【1379448】，返回信息 {"status":"bad","msg":""}
2021-07-21 01:09:28 查询号码 【1379448】，GSD为【""】
2021-07-21 01:09:28 bad
2021-07-21 01:09:30 CHB 1379448?1626800968 第 1 次 等待 3 秒
2021-07-21 01:09:33 CHB 1379448?1626800968 第 1 次 获取到号码【1379448】GSD
2021-07-21 01:09:33 获取到号码【1379448】的GSD为【广东-深圳】
2021-07-21 01:09:38 GSD insert 第 1 次 等待 3 秒
2021-07-21 01:09:41 {"status":"ok","gid":341657,"msg":"添加成功！"}
2021-07-21 01:09:41 下次操作: 2021-07-21 01:09:57

2021-07-21 01:09:57 开始第 11 次操作

2021-07-21 01:09:57 开始操作号码 【1379447】
2021-07-21 01:10:00 GSD getOne 第 1 次 等待 3 秒
2021-07-21 01:10:03 查询号码 【1379447】，返回信息 {"status":"bad","msg":""}
2021-07-21 01:10:03 查询号码 【1379447】，GSD为【""】
2021-07-21 01:10:03 bad
2021-07-21 01:10:05 CHB 1379447?1626801003 第 1 次 等待 3 秒
2021-07-21 01:10:08 CHB 1379447?1626801003 第 1 次 获取到号码【1379447】GSD
2021-07-21 01:10:08 获取到号码【1379447】的GSD为【广东-深圳】
2021-07-21 01:10:10 GSD insert 第 1 次 等待 3 秒
2021-07-21 01:10:13 {"status":"ok","gid":341665,"msg":"添加成功！"}
2021-07-21 01:10:13 下次操作: 2021-07-21 01:10:33

2021-07-21 01:10:33 开始第 12 次操作

2021-07-21 01:10:33 开始操作号码 【1379446】
2021-07-21 01:10:36 GSD getOne 第 1 次 等待 3 秒
2021-07-21 01:10:39 查询号码 【1379446】，返回信息 {"status":"bad","msg":""}
2021-07-21 01:10:39 查询号码 【1379446】，GSD为【""】
2021-07-21 01:10:39 bad
2021-07-21 01:10:41 CHB 1379446?1626801039 第 1 次 等待 3 秒
2021-07-21 01:10:44 CHB 1379446?1626801039 第 1 次 获取到号码【1379446】GSD
2021-07-21 01:10:44 获取到号码【1379446】的GSD为【广东-深圳】
2021-07-21 01:10:46 GSD insert 第 1 次 等待 3 秒
2021-07-21 01:10:49 {"status":"ok","gid":341671,"msg":"添加成功！"}
2021-07-21 01:10:49 下次操作: 2021-07-21 01:11:06

2021-07-21 01:11:06 开始第 13 次操作

2021-07-21 01:11:06 开始操作号码 【1379445】
2021-07-21 01:11:11 GSD getOne 第 1 次 等待 3 秒
2021-07-21 01:11:14 查询号码 【1379445】，返回信息 {"status":"ok","msg":"广东-深圳","gid":"10762","time_insert":"2020-03-26 14:30","time_update":"2020-09-28 09:15"}
2021-07-21 01:11:15 查询号码 【1379445】，GSD为【"广东-深圳"】

2021-07-21 01:11:15 开始第 13 次操作

2021-07-21 01:11:15 开始操作号码 【1379444】
2021-07-21 01:11:15 GSD getOne 第 1 次 等待 3 秒
2021-07-21 01:11:21 GSD getOne 第 2 次 等待 3 秒
2021-07-21 01:11:24 查询号码 【1379444】，返回信息 {"status":"bad","msg":""}
2021-07-21 01:11:24 查询号码 【1379444】，GSD为【""】
2021-07-21 01:11:24 bad
2021-07-21 01:11:25 CHB 1379444?1626801084 第 1 次 等待 3 秒
2021-07-21 01:11:28 CHB 1379444?1626801084 第 1 次 获取到号码【1379444】GSD
2021-07-21 01:11:28 获取到号码【1379444】的GSD为【广东-广州】
2021-07-21 01:11:31 GSD insert 第 1 次 等待 3 秒
2021-07-21 01:11:34 {"status":"ok","gid":341680,"msg":"添加成功！"}
2021-07-21 01:11:34 下次操作: 2021-07-21 01:11:54

2021-07-21 01:11:54 开始第 14 次操作

2021-07-21 01:11:54 开始操作号码 【1379443】
2021-07-21 01:11:56 GSD getOne 第 1 次 等待 3 秒
2021-07-21 01:11:59 查询号码 【1379443】，返回信息 {"status":"bad","msg":""}
2021-07-21 01:11:59 查询号码 【1379443】，GSD为【""】
2021-07-21 01:11:59 bad
2021-07-21 01:12:01 CHB 1379443?1626801119 第 1 次 等待 3 秒
2021-07-21 01:12:04 CHB 1379443?1626801119 第 1 次 获取到号码【1379443】GSD
2021-07-21 01:12:04 获取到号码【1379443】的GSD为【广东-广州】
2021-07-21 01:12:08 GSD insert 第 1 次 等待 3 秒
2021-07-21 01:12:11 {"status":"ok","gid":341685,"msg":"添加成功！"}
2021-07-21 01:12:11 下次操作: 2021-07-21 01:12:29

2021-07-21 01:12:29 开始第 15 次操作

2021-07-21 01:12:29 开始操作号码 【1379442】
2021-07-21 01:12:31 GSD getOne 第 1 次 等待 3 秒
2021-07-21 01:12:34 查询号码 【1379442】，返回信息 {"status":"bad","msg":""}
2021-07-21 01:12:34 查询号码 【1379442】，GSD为【""】
2021-07-21 01:12:34 bad
2021-07-21 01:12:36 CHB 1379442?1626801154 第 1 次 等待 3 秒
2021-07-21 01:12:39 CHB 1379442?1626801154 第 1 次 获取到号码【1379442】GSD
2021-07-21 01:12:39 获取到号码【1379442】的GSD为【广东-广州】
2021-07-21 01:12:42 GSD insert 第 1 次 等待 3 秒
2021-07-21 01:12:45 {"status":"ok","gid":341692,"msg":"添加成功！"}
2021-07-21 01:12:45 下次操作: 2021-07-21 01:13:05

2021-07-21 01:13:05 开始第 16 次操作

2021-07-21 01:13:05 开始操作号码 【1379441】
2021-07-21 01:13:07 GSD getOne 第 1 次 等待 3 秒
2021-07-21 01:13:10 查询号码 【1379441】，返回信息 {"status":"bad","msg":""}
2021-07-21 01:13:10 查询号码 【1379441】，GSD为【""】
2021-07-21 01:13:10 bad
2021-07-21 01:13:16 CHB 1379441?1626801190 第 1 次 等待 3 秒
2021-07-21 01:13:19 CHB 1379441?1626801190 第 1 次 获取到号码【1379441】GSD
2021-07-21 01:13:19 获取到号码【1379441】的GSD为【广东-广州】
2021-07-21 01:13:19 GSD insert 第 1 次 等待 3 秒
2021-07-21 01:13:25 GSD insert 第 2 次 等待 3 秒
2021-07-21 01:13:28 {"status":"ok","gid":341703,"msg":"添加成功！"}
2021-07-21 01:13:28 下次操作: 2021-07-21 01:13:51

2021-07-21 01:13:51 开始第 17 次操作

2021-07-21 01:13:51 开始操作号码 【1379440】
2021-07-21 01:13:53 GSD getOne 第 1 次 等待 3 秒
2021-07-21 01:13:56 查询号码 【1379440】，返回信息 {"status":"bad","msg":""}
2021-07-21 01:13:57 查询号码 【1379440】，GSD为【""】
2021-07-21 01:13:57 bad
2021-07-21 01:13:58 CHB 1379440?1626801237 第 1 次 等待 3 秒
2021-07-21 01:14:01 CHB 1379440?1626801237 第 1 次 获取到号码【1379440】GSD
2021-07-21 01:14:01 获取到号码【1379440】的GSD为【广东-广州】
2021-07-21 01:14:04 GSD insert 第 1 次 等待 3 秒
2021-07-21 01:14:07 {"status":"ok","gid":341708,"msg":"添加成功！"}
2021-07-21 01:14:07 下次操作: 2021-07-21 01:14:21

2021-07-21 01:14:21 开始第 18 次操作

2021-07-21 01:14:21 开始操作号码 【1379439】
2021-07-21 01:14:23 GSD getOne 第 1 次 等待 3 秒
2021-07-21 01:14:26 查询号码 【1379439】，返回信息 {"status":"bad","msg":""}
2021-07-21 01:14:26 查询号码 【1379439】，GSD为【""】
2021-07-21 01:14:26 bad
2021-07-21 01:14:29 CHB 1379439?1626801266 第 1 次 等待 3 秒
2021-07-21 01:14:32 CHB 1379439?1626801266 第 1 次 获取到号码【1379439】GSD
2021-07-21 01:14:32 获取到号码【1379439】的GSD为【广东-广州】
2021-07-21 01:14:34 GSD insert 第 1 次 等待 3 秒
2021-07-21 01:14:37 {"status":"ok","gid":341716,"msg":"添加成功！"}
2021-07-21 01:14:37 下次操作: 2021-07-21 01:14:56

2021-07-21 01:14:56 开始第 19 次操作

2021-07-21 01:14:56 开始操作号码 【1379438】
2021-07-21 01:15:02 GSD getOne 第 1 次 等待 3 秒
2021-07-21 01:15:05 查询号码 【1379438】，返回信息 {"status":"bad","msg":""}
2021-07-21 01:15:05 查询号码 【1379438】，GSD为【""】
2021-07-21 01:15:05 bad
2021-07-21 01:15:06 CHB 1379438?1626801305 第 1 次 等待 3 秒
2021-07-21 01:15:09 CHB 1379438?1626801305 第 1 次 获取到号码【1379438】GSD
2021-07-21 01:15:09 获取到号码【1379438】的GSD为【广东-广州】
2021-07-21 01:15:12 GSD insert 第 1 次 等待 3 秒
2021-07-21 01:15:15 {"status":"ok","gid":341722,"msg":"添加成功！"}
2021-07-21 01:15:15 下次操作: 2021-07-21 01:15:34

2021-07-21 01:15:34 开始第 20 次操作

2021-07-21 01:15:34 开始操作号码 【1379437】
2021-07-21 01:15:34 GSD getOne 第 1 次 等待 3 秒
2021-07-21 01:15:40 GSD getOne 第 2 次 等待 3 秒
2021-07-21 01:15:43 查询号码 【1379437】，返回信息 {"status":"bad","msg":""}
2021-07-21 01:15:43 查询号码 【1379437】，GSD为【""】
2021-07-21 01:15:43 bad
2021-07-21 01:15:45 CHB 1379437?1626801343 第 1 次 等待 3 秒
2021-07-21 01:15:48 CHB 1379437?1626801343 第 1 次 获取到号码【1379437】GSD
2021-07-21 01:15:48 获取到号码【1379437】的GSD为【广东-广州】
2021-07-21 01:15:50 GSD insert 第 1 次 等待 3 秒
2021-07-21 01:15:53 {"status":"ok","gid":341731,"msg":"添加成功！"}
2021-07-21 01:15:53 下次操作: 2021-07-21 01:16:15

2021-07-21 01:16:15 开始第 21 次操作

2021-07-21 01:16:15 开始操作号码 【1379436】
2021-07-21 01:16:19 GSD getOne 第 1 次 等待 3 秒
2021-07-21 01:16:22 查询号码 【1379436】，返回信息 {"status":"bad","msg":""}
2021-07-21 01:16:22 查询号码 【1379436】，GSD为【""】
2021-07-21 01:16:22 bad
2021-07-21 01:16:24 CHB 1379436?1626801382 第 1 次 等待 3 秒
2021-07-21 01:16:27 CHB 1379436?1626801382 第 1 次 获取到号码【1379436】GSD
2021-07-21 01:16:27 获取到号码【1379436】的GSD为【广东-广州】
2021-07-21 01:16:31 GSD insert 第 1 次 等待 3 秒
2021-07-21 01:16:34 {"status":"ok","gid":341735,"msg":"添加成功！"}
2021-07-21 01:16:34 下次操作: 2021-07-21 01:16:56

2021-07-21 01:16:56 开始第 22 次操作

2021-07-21 01:16:56 开始操作号码 【1379435】
2021-07-21 01:17:02 GSD getOne 第 1 次 等待 3 秒
2021-07-21 01:17:05 查询号码 【1379435】，返回信息 {"status":"bad","msg":""}
2021-07-21 01:17:05 查询号码 【1379435】，GSD为【""】
2021-07-21 01:17:05 bad
2021-07-21 01:17:07 CHB 1379435?1626801425 第 1 次 等待 3 秒
2021-07-21 01:17:10 CHB 1379435?1626801425 第 1 次 获取到号码【1379435】GSD
2021-07-21 01:17:10 获取到号码【1379435】的GSD为【广东-广州】
2021-07-21 01:17:12 GSD insert 第 1 次 等待 3 秒
2021-07-21 01:17:15 {"status":"ok","gid":341744,"msg":"添加成功！"}
2021-07-21 01:17:15 下次操作: 2021-07-21 01:17:37

2021-07-21 01:17:37 开始第 23 次操作

2021-07-21 01:17:37 开始操作号码 【1379434】
2021-07-21 01:17:40 GSD getOne 第 1 次 等待 3 秒
2021-07-21 01:17:43 查询号码 【1379434】，返回信息 {"status":"ok","msg":"广东-广州","gid":"10761","time_insert":"2014-06-16 15:38","time_update":"2020-09-28 09:12"}
2021-07-21 01:17:43 查询号码 【1379434】，GSD为【"广东-广州"】

2021-07-21 01:17:43 开始第 23 次操作

2021-07-21 01:17:43 开始操作号码 【1379433】
2021-07-21 01:17:43 GSD getOne 第 1 次 等待 3 秒
2021-07-21 01:17:49 GSD getOne 第 2 次 等待 3 秒
2021-07-21 01:17:52 查询号码 【1379433】，返回信息 {"status":"bad","msg":""}
2021-07-21 01:17:52 查询号码 【1379433】，GSD为【""】
2021-07-21 01:17:52 bad
2021-07-21 01:17:54 CHB 1379433?1626801472 第 1 次 等待 3 秒
2021-07-21 01:17:57 CHB 1379433?1626801472 第 1 次 获取到号码【1379433】GSD
2021-07-21 01:17:57 获取到号码【1379433】的GSD为【广东-广州】
2021-07-21 01:17:59 GSD insert 第 1 次 等待 3 秒
2021-07-21 01:18:02 {"status":"ok","gid":341749,"msg":"添加成功！"}
2021-07-21 01:18:02 下次操作: 2021-07-21 01:18:24

2021-07-21 01:18:24 开始第 24 次操作

2021-07-21 01:18:24 开始操作号码 【1379432】
2021-07-21 01:18:29 GSD getOne 第 1 次 等待 3 秒
2021-07-21 01:18:32 查询号码 【1379432】，返回信息 {"status":"ok","msg":"广东-广州","gid":"10760","time_insert":"2018-12-16 10:24","time_update":"2020-09-28 09:08"}
2021-07-21 01:18:32 查询号码 【1379432】，GSD为【"广东-广州"】

2021-07-21 01:18:32 开始第 24 次操作

2021-07-21 01:18:32 开始操作号码 【1379431】
2021-07-21 01:18:35 GSD getOne 第 1 次 等待 3 秒
2021-07-21 01:18:38 查询号码 【1379431】，返回信息 {"status":"bad","msg":""}
2021-07-21 01:18:38 查询号码 【1379431】，GSD为【""】
2021-07-21 01:18:38 bad
2021-07-21 01:18:39 CHB 1379431?1626801518 第 1 次 等待 3 秒
2021-07-21 01:18:42 CHB 1379431?1626801518 第 1 次 获取到号码【1379431】GSD
2021-07-21 01:18:42 获取到号码【1379431】的GSD为【广东-广州】
2021-07-21 01:18:43 GSD insert 第 1 次 等待 3 秒
2021-07-21 01:18:48 GSD insert 第 2 次 等待 3 秒
2021-07-21 01:18:51 {"status":"ok","gid":341760,"msg":"添加成功！"}
2021-07-21 01:18:51 下次操作: 2021-07-21 01:19:09

2021-07-21 01:19:09 开始第 25 次操作

2021-07-21 01:19:09 开始操作号码 【1379430】
2021-07-21 01:19:12 GSD getOne 第 1 次 等待 3 秒
2021-07-21 01:19:15 查询号码 【1379430】，返回信息 {"status":"bad","msg":""}
2021-07-21 01:19:15 查询号码 【1379430】，GSD为【""】
2021-07-21 01:19:15 bad
2021-07-21 01:19:17 CHB 1379430?1626801555 第 1 次 等待 3 秒
2021-07-21 01:19:20 CHB 1379430?1626801555 第 1 次 获取到号码【1379430】GSD
2021-07-21 01:19:20 获取到号码【1379430】的GSD为【广东-广州】
2021-07-21 01:19:22 GSD insert 第 1 次 等待 3 秒
2021-07-21 01:19:25 {"status":"ok","gid":341766,"msg":"添加成功！"}
2021-07-21 01:19:25 下次操作: 2021-07-21 01:19:40

2021-07-21 01:19:40 开始第 26 次操作

2021-07-21 01:19:40 开始操作号码 【1379429】
2021-07-21 01:19:41 GSD getOne 第 1 次 等待 3 秒
2021-07-21 01:19:48 GSD getOne 第 2 次 等待 3 秒
2021-07-21 01:19:51 查询号码 【1379429】，返回信息 {"status":"bad","msg":""}
2021-07-21 01:19:51 查询号码 【1379429】，GSD为【""】
2021-07-21 01:19:51 bad
2021-07-21 01:19:53 CHB 1379429?1626801591 第 1 次 等待 3 秒
2021-07-21 01:19:56 CHB 1379429?1626801591 第 1 次 获取到号码【1379429】GSD
2021-07-21 01:19:56 获取到号码【1379429】的GSD为【广东-江门】
2021-07-21 01:19:59 GSD insert 第 1 次 等待 3 秒
2021-07-21 01:20:02 {"status":"ok","gid":341773,"msg":"添加成功！"}
2021-07-21 01:20:02 下次操作: 2021-07-21 01:20:16

2021-07-21 01:20:16 开始第 27 次操作

2021-07-21 01:20:16 开始操作号码 【1379428】
2021-07-21 01:20:19 GSD getOne 第 1 次 等待 3 秒
2021-07-21 01:20:22 查询号码 【1379428】，返回信息 {"status":"bad","msg":""}
2021-07-21 01:20:22 查询号码 【1379428】，GSD为【""】
2021-07-21 01:20:22 bad
2021-07-21 01:20:23 CHB 1379428?1626801622 第 1 次 等待 3 秒
2021-07-21 01:20:26 CHB 1379428?1626801622 第 1 次 获取到号码【1379428】GSD
2021-07-21 01:20:26 获取到号码【1379428】的GSD为【广东-江门】
2021-07-21 01:20:29 GSD insert 第 1 次 等待 3 秒
2021-07-21 01:20:32 {"status":"ok","gid":341776,"msg":"添加成功！"}
2021-07-21 01:20:32 下次操作: 2021-07-21 01:20:52

2021-07-21 01:20:52 开始第 28 次操作

2021-07-21 01:20:52 开始操作号码 【1379427】
2021-07-21 01:20:54 GSD getOne 第 1 次 等待 3 秒
2021-07-21 01:20:57 查询号码 【1379427】，返回信息 {"status":"bad","msg":""}
2021-07-21 01:20:57 查询号码 【1379427】，GSD为【""】
2021-07-21 01:20:57 bad
2021-07-21 01:21:00 CHB 1379427?1626801657 第 1 次 等待 3 秒
2021-07-21 01:21:03 CHB 1379427?1626801657 第 1 次 获取到号码【1379427】GSD
2021-07-21 01:21:03 获取到号码【1379427】的GSD为【广东-江门】
2021-07-21 01:21:06 GSD insert 第 1 次 等待 3 秒
2021-07-21 01:21:09 {"status":"ok","gid":341782,"msg":"添加成功！"}
2021-07-21 01:21:09 下次操作: 2021-07-21 01:21:32

2021-07-21 01:21:32 开始第 29 次操作

2021-07-21 01:21:32 开始操作号码 【1379426】
2021-07-21 01:21:34 GSD getOne 第 1 次 等待 3 秒
2021-07-21 01:21:37 查询号码 【1379426】，返回信息 {"status":"bad","msg":""}
2021-07-21 01:21:37 查询号码 【1379426】，GSD为【""】
2021-07-21 01:21:37 bad
2021-07-21 01:21:39 CHB 1379426?1626801697 第 1 次 等待 3 秒
2021-07-21 01:21:42 CHB 1379426?1626801697 第 1 次 获取到号码【1379426】GSD
2021-07-21 01:21:43 获取到号码【1379426】的GSD为【广东-江门】
2021-07-21 01:21:45 GSD insert 第 1 次 等待 3 秒
2021-07-21 01:21:48 {"status":"ok","gid":341788,"msg":"添加成功！"}
2021-07-21 01:21:48 下次操作: 2021-07-21 01:22:00

2021-07-21 01:22:00 开始第 30 次操作

2021-07-21 01:22:00 开始操作号码 【1379425】
2021-07-21 01:22:03 GSD getOne 第 1 次 等待 3 秒
2021-07-21 01:22:06 查询号码 【1379425】，返回信息 {"status":"bad","msg":""}
2021-07-21 01:22:06 查询号码 【1379425】，GSD为【""】
2021-07-21 01:22:06 bad
2021-07-21 01:22:07 CHB 1379425?1626801726 第 1 次 等待 3 秒
2021-07-21 01:22:10 CHB 1379425?1626801726 第 1 次 获取到号码【1379425】GSD
2021-07-21 01:22:10 获取到号码【1379425】的GSD为【广东-江门】
2021-07-21 01:22:11 GSD insert 第 1 次 等待 3 秒
2021-07-21 01:22:16 GSD insert 第 2 次 等待 3 秒
2021-07-21 01:22:19 {"status":"ok","gid":341793,"msg":"添加成功！"}
2021-07-21 01:22:19 下次操作: 2021-07-21 01:22:32

2021-07-21 01:22:32 开始第 31 次操作

2021-07-21 01:22:32 开始操作号码 【1379424】
2021-07-21 01:22:36 GSD getOne 第 1 次 等待 3 秒
2021-07-21 01:22:39 查询号码 【1379424】，返回信息 {"status":"ok","msg":"广东-江门","gid":"10759","time_insert":"2018-09-09 10:09","time_update":"2020-09-28 09:04"}
2021-07-21 01:22:39 查询号码 【1379424】，GSD为【"广东-江门"】

2021-07-21 01:22:39 开始第 31 次操作

2021-07-21 01:22:39 开始操作号码 【1379423】
2021-07-21 01:22:43 GSD getOne 第 1 次 等待 3 秒
2021-07-21 01:22:46 查询号码 【1379423】，返回信息 {"status":"bad","msg":""}
2021-07-21 01:22:46 查询号码 【1379423】，GSD为【""】
2021-07-21 01:22:46 bad
2021-07-21 01:22:47 CHB 1379423?1626801766 第 1 次 等待 3 秒
2021-07-21 01:22:50 CHB 1379423?1626801766 第 1 次 获取到号码【1379423】GSD
2021-07-21 01:22:50 获取到号码【1379423】的GSD为【广东-江门】
2021-07-21 01:22:50 GSD insert 第 1 次 等待 3 秒
2021-07-21 01:22:56 GSD insert 第 2 次 等待 3 秒
2021-07-21 01:22:59 {"status":"ok","gid":341804,"msg":"添加成功！"}
2021-07-21 01:22:59 下次操作: 2021-07-21 01:23:22

2021-07-21 01:23:22 开始第 32 次操作

2021-07-21 01:23:22 开始操作号码 【1379422】
2021-07-21 01:23:25 GSD getOne 第 1 次 等待 3 秒
2021-07-21 01:23:28 查询号码 【1379422】，返回信息 {"status":"bad","msg":""}
2021-07-21 01:23:28 查询号码 【1379422】，GSD为【""】
2021-07-21 01:23:28 bad
2021-07-21 01:23:29 CHB 1379422?1626801808 第 1 次 等待 3 秒
2021-07-21 01:23:32 CHB 1379422?1626801808 第 1 次 获取到号码【1379422】GSD
2021-07-21 01:23:32 获取到号码【1379422】的GSD为【广东-江门】
2021-07-21 01:23:38 GSD insert 第 1 次 等待 3 秒
2021-07-21 01:23:41 {"status":"ok","gid":341811,"msg":"添加成功！"}
2021-07-21 01:23:41 下次操作: 2021-07-21 01:24:03

2021-07-21 01:24:03 开始第 33 次操作

2021-07-21 01:24:03 开始操作号码 【1379421】
2021-07-21 01:24:05 GSD getOne 第 1 次 等待 3 秒
2021-07-21 01:24:08 查询号码 【1379421】，返回信息 {"status":"bad","msg":""}
2021-07-21 01:24:08 查询号码 【1379421】，GSD为【""】
2021-07-21 01:24:08 bad
2021-07-21 01:24:10 CHB 1379421?1626801848 第 1 次 等待 3 秒
2021-07-21 01:24:13 CHB 1379421?1626801848 第 1 次 获取到号码【1379421】GSD
2021-07-21 01:24:13 获取到号码【1379421】的GSD为【广东-江门】
2021-07-21 01:24:16 GSD insert 第 1 次 等待 3 秒
2021-07-21 01:24:19 {"status":"ok","gid":341819,"msg":"添加成功！"}
2021-07-21 01:24:19 下次操作: 2021-07-21 01:24:37

2021-07-21 01:24:37 开始第 34 次操作

2021-07-21 01:24:37 开始操作号码 【1379420】
2021-07-21 01:24:40 GSD getOne 第 1 次 等待 3 秒
2021-07-21 01:24:43 查询号码 【1379420】，返回信息 {"status":"bad","msg":""}
2021-07-21 01:24:43 查询号码 【1379420】，GSD为【""】
2021-07-21 01:24:43 bad
2021-07-21 01:24:44 CHB 1379420?1626801883 第 1 次 等待 3 秒
2021-07-21 01:24:47 CHB 1379420?1626801883 第 1 次 获取到号码【1379420】GSD
2021-07-21 01:24:48 获取到号码【1379420】的GSD为【广东-江门】
2021-07-21 01:24:50 GSD insert 第 1 次 等待 3 秒
2021-07-21 01:24:53 {"status":"ok","gid":341825,"msg":"添加成功！"}
2021-07-21 01:24:53 下次操作: 2021-07-21 01:25:14

2021-07-21 01:25:14 开始第 35 次操作

2021-07-21 01:25:14 开始操作号码 【1379419】
2021-07-21 01:25:20 GSD getOne 第 1 次 等待 3 秒
2021-07-21 01:25:23 查询号码 【1379419】，返回信息 {"status":"ok","msg":"广东-中山","gid":"10758","time_insert":"2020-06-20 16:11","time_update":"2020-09-28 09:00"}
2021-07-21 01:25:23 查询号码 【1379419】，GSD为【"广东-中山"】

2021-07-21 01:25:23 开始第 35 次操作

2021-07-21 01:25:23 开始操作号码 【1379418】
2021-07-21 01:25:25 GSD getOne 第 1 次 等待 3 秒
2021-07-21 01:25:28 查询号码 【1379418】，返回信息 {"status":"bad","msg":""}
2021-07-21 01:25:28 查询号码 【1379418】，GSD为【""】
2021-07-21 01:25:28 bad
2021-07-21 01:25:30 CHB 1379418?1626801928 第 1 次 等待 3 秒
2021-07-21 01:25:33 CHB 1379418?1626801928 第 1 次 获取到号码【1379418】GSD
2021-07-21 01:25:33 获取到号码【1379418】的GSD为【广东-中山】
2021-07-21 01:25:40 GSD insert 第 1 次 等待 3 秒
2021-07-21 01:25:43 {"status":"ok","gid":341832,"msg":"添加成功！"}
2021-07-21 01:25:43 下次操作: 2021-07-21 01:25:55

2021-07-21 01:25:55 开始第 36 次操作

2021-07-21 01:25:55 开始操作号码 【1379417】
2021-07-21 01:25:58 GSD getOne 第 1 次 等待 3 秒
2021-07-21 01:26:01 查询号码 【1379417】，返回信息 {"status":"ok","msg":"广东-中山","gid":"10757","time_insert":"2017-04-05 19:51","time_update":"2020-09-28 08:57"}
2021-07-21 01:26:01 查询号码 【1379417】，GSD为【"广东-中山"】

2021-07-21 01:26:01 开始第 36 次操作

2021-07-21 01:26:01 开始操作号码 【1379416】
2021-07-21 01:26:04 GSD getOne 第 1 次 等待 3 秒
2021-07-21 01:26:07 查询号码 【1379416】，返回信息 {"status":"bad","msg":""}
2021-07-21 01:26:07 查询号码 【1379416】，GSD为【""】
2021-07-21 01:26:07 bad
2021-07-21 01:26:09 CHB 1379416?1626801967 第 1 次 等待 3 秒
2021-07-21 01:26:12 CHB 1379416?1626801967 第 1 次 获取到号码【1379416】GSD
2021-07-21 01:26:12 获取到号码【1379416】的GSD为【广东-中山】
2021-07-21 01:26:15 GSD insert 第 1 次 等待 3 秒
2021-07-21 01:26:18 {"status":"ok","gid":341837,"msg":"添加成功！"}
2021-07-21 01:26:18 下次操作: 2021-07-21 01:26:41

2021-07-21 01:26:41 开始第 37 次操作

2021-07-21 01:26:41 开始操作号码 【1379415】
2021-07-21 01:26:44 GSD getOne 第 1 次 等待 3 秒
2021-07-21 01:26:47 查询号码 【1379415】，返回信息 {"status":"bad","msg":""}
2021-07-21 01:26:47 查询号码 【1379415】，GSD为【""】
2021-07-21 01:26:47 bad
2021-07-21 01:26:48 CHB 1379415?1626802007 第 1 次 等待 3 秒
2021-07-21 01:26:51 CHB 1379415?1626802007 第 1 次 获取到号码【1379415】GSD
2021-07-21 01:26:51 获取到号码【1379415】的GSD为【广东-中山】
2021-07-21 01:26:52 GSD insert 第 1 次 等待 3 秒
2021-07-21 01:26:57 GSD insert 第 2 次 等待 3 秒
2021-07-21 01:27:00 {"status":"ok","gid":341842,"msg":"添加成功！"}
2021-07-21 01:27:00 下次操作: 2021-07-21 01:27:21

2021-07-21 01:27:21 开始第 38 次操作

2021-07-21 01:27:21 开始操作号码 【1379414】
2021-07-21 01:27:24 GSD getOne 第 1 次 等待 3 秒
2021-07-21 01:27:27 查询号码 【1379414】，返回信息 {"status":"bad","msg":""}
2021-07-21 01:27:27 查询号码 【1379414】，GSD为【""】
2021-07-21 01:27:27 bad
2021-07-21 01:27:28 CHB 1379414?1626802047 第 1 次 等待 3 秒
2021-07-21 01:27:31 CHB 1379414?1626802047 第 1 次 获取到号码【1379414】GSD
2021-07-21 01:27:31 获取到号码【1379414】的GSD为【广东-汕头】
2021-07-21 01:27:34 GSD insert 第 1 次 等待 3 秒
2021-07-21 01:27:37 {"status":"ok","gid":341847,"msg":"添加成功！"}
2021-07-21 01:27:37 下次操作: 2021-07-21 01:27:55

2021-07-21 01:27:55 开始第 39 次操作

2021-07-21 01:27:55 开始操作号码 【1379413】
2021-07-21 01:27:58 GSD getOne 第 1 次 等待 3 秒
2021-07-21 01:28:01 查询号码 【1379413】，返回信息 {"status":"bad","msg":""}
2021-07-21 01:28:01 查询号码 【1379413】，GSD为【""】
2021-07-21 01:28:01 bad
2021-07-21 01:28:02 CHB 1379413?1626802081 第 1 次 等待 3 秒
2021-07-21 01:28:05 CHB 1379413?1626802081 第 1 次 获取到号码【1379413】GSD
2021-07-21 01:28:05 获取到号码【1379413】的GSD为【广东-汕头】
2021-07-21 01:28:08 GSD insert 第 1 次 等待 3 秒
2021-07-21 01:28:11 {"status":"ok","gid":341849,"msg":"添加成功！"}
2021-07-21 01:28:11 下次操作: 2021-07-21 01:28:30

2021-07-21 01:28:30 开始第 40 次操作

2021-07-21 01:28:30 开始操作号码 【1379412】
2021-07-21 01:28:34 GSD getOne 第 1 次 等待 3 秒
2021-07-21 01:28:37 查询号码 【1379412】，返回信息 {"status":"bad","msg":""}
2021-07-21 01:28:37 查询号码 【1379412】，GSD为【""】
2021-07-21 01:28:37 bad
2021-07-21 01:28:39 CHB 1379412?1626802117 第 1 次 等待 3 秒
2021-07-21 01:28:42 CHB 1379412?1626802117 第 1 次 获取到号码【1379412】GSD
2021-07-21 01:28:42 获取到号码【1379412】的GSD为【广东-汕头】
2021-07-21 01:28:44 GSD insert 第 1 次 等待 3 秒
2021-07-21 01:28:47 {"status":"ok","gid":341854,"msg":"添加成功！"}

2021-07-21 01:44:13 开始第 1 次操作

2021-07-21 01:44:13 开始操作号码 【1379411】
2021-07-21 01:44:17 GSD getOne 第 1 次 等待 3 秒
2021-07-21 01:44:20 查询号码 【1379411】，返回信息 {"status":"bad","msg":""}
2021-07-21 01:44:20 查询号码 【1379411】，GSD为【""】
2021-07-21 01:44:20 bad
2021-07-21 01:44:21 CHB 1379411?1626803060 第 1 次 等待 3 秒
2021-07-21 01:44:24 CHB 1379411?1626803060 第 1 次 获取到号码【1379411】GSD
2021-07-21 01:44:24 获取到号码【1379411】的GSD为【广东-汕头】
2021-07-21 01:44:28 GSD insert 第 1 次 等待 3 秒
2021-07-21 01:44:31 {"status":"ok","gid":341933,"msg":"添加成功！"}
2021-07-21 01:44:31 下次操作: 2021-07-21 01:44:47

2021-07-21 01:44:47 开始第 2 次操作

2021-07-21 01:44:47 开始操作号码 【1379410】
2021-07-21 01:44:50 GSD getOne 第 1 次 等待 3 秒
2021-07-21 01:44:53 查询号码 【1379410】，返回信息 {"status":"bad","msg":""}
2021-07-21 01:44:53 查询号码 【1379410】，GSD为【""】
2021-07-21 01:44:53 bad
2021-07-21 01:44:54 CHB 1379410?1626803093 第 1 次 等待 3 秒
2021-07-21 01:44:57 CHB 1379410?1626803093 第 1 次 获取到号码【1379410】GSD
2021-07-21 01:44:58 获取到号码【1379410】的GSD为【广东-汕头】
2021-07-21 01:45:00 GSD insert 第 1 次 等待 3 秒
2021-07-21 01:45:03 {"status":"ok","gid":341938,"msg":"添加成功！"}
2021-07-21 01:45:03 下次操作: 2021-07-21 01:45:25

2021-07-21 01:45:25 开始第 3 次操作

2021-07-21 01:45:25 开始操作号码 【1379409】
2021-07-21 01:45:28 GSD getOne 第 1 次 等待 3 秒
2021-07-21 01:45:31 查询号码 【1379409】，返回信息 {"status":"bad","msg":""}
2021-07-21 01:45:31 查询号码 【1379409】，GSD为【""】
2021-07-21 01:45:31 bad
2021-07-21 01:45:32 CHB 1379409?1626803131 第 1 次 等待 3 秒
2021-07-21 01:45:35 CHB 1379409?1626803131 第 1 次 获取到号码【1379409】GSD
2021-07-21 01:45:35 获取到号码【1379409】的GSD为【广东-佛山】
2021-07-21 01:45:38 GSD insert 第 1 次 等待 3 秒
2021-07-21 01:45:41 {"status":"ok","gid":341947,"msg":"添加成功！"}
2021-07-21 01:45:41 下次操作: 2021-07-21 01:45:55

2021-07-21 01:45:55 开始第 4 次操作

2021-07-21 01:45:55 开始操作号码 【1379408】
2021-07-21 01:45:57 GSD getOne 第 1 次 等待 3 秒
2021-07-21 01:46:00 查询号码 【1379408】，返回信息 {"status":"bad","msg":""}
2021-07-21 01:46:01 查询号码 【1379408】，GSD为【""】
2021-07-21 01:46:01 bad
2021-07-21 01:46:02 CHB 1379408?1626803161 第 1 次 等待 3 秒
2021-07-21 01:46:05 CHB 1379408?1626803161 第 1 次 获取到号码【1379408】GSD
2021-07-21 01:46:05 获取到号码【1379408】的GSD为【广东-佛山】
2021-07-21 01:46:09 GSD insert 第 1 次 等待 3 秒
2021-07-21 01:46:12 {"status":"ok","gid":341951,"msg":"添加成功！"}
2021-07-21 01:46:12 下次操作: 2021-07-21 01:46:30

2021-07-21 01:46:30 开始第 5 次操作

2021-07-21 01:46:30 开始操作号码 【1379407】
2021-07-21 01:46:32 GSD getOne 第 1 次 等待 3 秒
2021-07-21 01:46:35 查询号码 【1379407】，返回信息 {"status":"bad","msg":""}
2021-07-21 01:46:35 查询号码 【1379407】，GSD为【""】
2021-07-21 01:46:35 bad
2021-07-21 01:46:37 CHB 1379407?1626803195 第 1 次 等待 3 秒
2021-07-21 01:46:40 CHB 1379407?1626803195 第 1 次 获取到号码【1379407】GSD
2021-07-21 01:46:40 获取到号码【1379407】的GSD为【广东-佛山】
2021-07-21 01:46:41 GSD insert 第 1 次 等待 3 秒
2021-07-21 01:46:44 {"status":"ok","gid":341957,"msg":"添加成功！"}
2021-07-21 01:46:44 下次操作: 2021-07-21 01:46:58

2021-07-21 01:46:59 开始第 6 次操作

2021-07-21 01:46:59 开始操作号码 【1379406】
2021-07-21 01:47:00 GSD getOne 第 1 次 等待 3 秒
2021-07-21 01:47:03 查询号码 【1379406】，返回信息 {"status":"bad","msg":""}
2021-07-21 01:47:03 查询号码 【1379406】，GSD为【""】
2021-07-21 01:47:03 bad
2021-07-21 01:47:04 CHB 1379406?1626803223 第 1 次 等待 3 秒
2021-07-21 01:47:07 CHB 1379406?1626803223 第 1 次 获取到号码【1379406】GSD
2021-07-21 01:47:07 获取到号码【1379406】的GSD为【广东-佛山】
2021-07-21 01:47:10 GSD insert 第 1 次 等待 3 秒
2021-07-21 01:47:13 {"status":"ok","gid":341962,"msg":"添加成功！"}
2021-07-21 01:47:13 下次操作: 2021-07-21 01:47:29

2021-07-21 01:47:29 开始第 7 次操作

2021-07-21 01:47:29 开始操作号码 【1379405】
2021-07-21 01:47:32 GSD getOne 第 1 次 等待 3 秒
2021-07-21 01:47:35 查询号码 【1379405】，返回信息 {"status":"bad","msg":""}
2021-07-21 01:47:35 查询号码 【1379405】，GSD为【""】
2021-07-21 01:47:35 bad
2021-07-21 01:47:36 CHB 1379405?1626803255 第 1 次 等待 3 秒
2021-07-21 01:47:39 CHB 1379405?1626803255 第 1 次 获取到号码【1379405】GSD
2021-07-21 01:47:39 获取到号码【1379405】的GSD为【广东-佛山】
2021-07-21 01:47:42 GSD insert 第 1 次 等待 3 秒
2021-07-21 01:47:45 {"status":"ok","gid":341968,"msg":"添加成功！"}
2021-07-21 01:47:45 下次操作: 2021-07-21 01:47:58

2021-07-21 01:47:58 开始第 8 次操作

2021-07-21 01:47:58 开始操作号码 【1379404】
2021-07-21 01:48:00 GSD getOne 第 1 次 等待 3 秒
2021-07-21 01:48:03 查询号码 【1379404】，返回信息 {"status":"ok","msg":"广东-佛山","gid":"10756","time_insert":"2020-01-28 12:15","time_update":"2020-09-28 08:53"}
2021-07-21 01:48:03 查询号码 【1379404】，GSD为【"广东-佛山"】

2021-07-21 01:48:03 开始第 8 次操作

2021-07-21 01:48:03 开始操作号码 【1379403】
2021-07-21 01:48:06 GSD getOne 第 1 次 等待 3 秒
2021-07-21 01:48:09 查询号码 【1379403】，返回信息 {"status":"bad","msg":""}
2021-07-21 01:48:09 查询号码 【1379403】，GSD为【""】
2021-07-21 01:48:09 bad
2021-07-21 01:48:10 CHB 1379403?1626803289 第 1 次 等待 3 秒
2021-07-21 01:48:13 CHB 1379403?1626803289 第 1 次 获取到号码【1379403】GSD
2021-07-21 01:48:14 获取到号码【1379403】的GSD为【广东-佛山】
2021-07-21 01:48:17 GSD insert 第 1 次 等待 3 秒
2021-07-21 01:48:20 {"status":"ok","gid":341973,"msg":"添加成功！"}
2021-07-21 01:48:20 下次操作: 2021-07-21 01:48:40

2021-07-21 01:48:40 开始第 9 次操作

2021-07-21 01:48:40 开始操作号码 【1379402】
2021-07-21 01:48:43 GSD getOne 第 1 次 等待 3 秒
2021-07-21 01:48:46 查询号码 【1379402】，返回信息 {"status":"ok","msg":"广东-佛山","gid":"10755","time_insert":"2018-12-15 18:55","time_update":"2020-09-28 08:49"}
2021-07-21 01:48:46 查询号码 【1379402】，GSD为【"广东-佛山"】

2021-07-21 01:48:46 开始第 9 次操作

2021-07-21 01:48:46 开始操作号码 【1379401】
2021-07-21 01:48:48 GSD getOne 第 1 次 等待 3 秒
2021-07-21 01:48:51 查询号码 【1379401】，返回信息 {"status":"bad","msg":""}
2021-07-21 01:48:51 查询号码 【1379401】，GSD为【""】
2021-07-21 01:48:51 bad
2021-07-21 01:48:53 CHB 1379401?1626803331 第 1 次 等待 3 秒
2021-07-21 01:48:56 CHB 1379401?1626803331 第 1 次 获取到号码【1379401】GSD
2021-07-21 01:48:56 获取到号码【1379401】的GSD为【广东-佛山】
2021-07-21 01:48:58 GSD insert 第 1 次 等待 3 秒
2021-07-21 01:49:01 {"status":"ok","gid":341982,"msg":"添加成功！"}
2021-07-21 01:49:01 下次操作: 2021-07-21 01:49:15

2021-07-21 01:49:15 开始第 10 次操作

2021-07-21 01:49:15 开始操作号码 【1379400】
2021-07-21 01:49:18 GSD getOne 第 1 次 等待 3 秒
2021-07-21 01:49:21 查询号码 【1379400】，返回信息 {"status":"bad","msg":""}
2021-07-21 01:49:21 查询号码 【1379400】，GSD为【""】
2021-07-21 01:49:21 bad
2021-07-21 01:49:22 CHB 1379400?1626803361 第 1 次 等待 3 秒
2021-07-21 01:49:25 CHB 1379400?1626803361 第 1 次 获取到号码【1379400】GSD
2021-07-21 01:49:25 获取到号码【1379400】的GSD为【广东-佛山】
2021-07-21 01:49:28 GSD insert 第 1 次 等待 3 秒
2021-07-21 01:49:31 {"status":"ok","gid":341988,"msg":"添加成功！"}
2021-07-21 01:49:31 下次操作: 2021-07-21 01:49:53

2021-07-21 01:49:53 开始第 11 次操作

2021-07-21 01:49:53 开始操作号码 【1379399】
2021-07-21 01:49:57 GSD getOne 第 1 次 等待 3 秒
2021-07-21 01:50:00 查询号码 【1379399】，返回信息 {"status":"bad","msg":""}
2021-07-21 01:50:00 查询号码 【1379399】，GSD为【""】
2021-07-21 01:50:00 bad
2021-07-21 01:50:01 CHB 1379399?1626803400 第 1 次 等待 3 秒
2021-07-21 01:50:04 CHB 1379399?1626803400 第 1 次 获取到号码【1379399】GSD
2021-07-21 01:50:04 获取到号码【1379399】的GSD为【山东-东营】
2021-07-21 01:50:09 GSD insert 第 1 次 等待 3 秒
2021-07-21 01:50:12 {"status":"ok","gid":341995,"msg":"添加成功！"}
2021-07-21 01:50:12 下次操作: 2021-07-21 01:50:27

2021-07-21 01:50:27 开始第 12 次操作

2021-07-21 01:50:27 开始操作号码 【1379398】
2021-07-21 01:50:29 GSD getOne 第 1 次 等待 3 秒
2021-07-21 01:50:32 查询号码 【1379398】，返回信息 {"status":"bad","msg":""}
2021-07-21 01:50:32 查询号码 【1379398】，GSD为【""】
2021-07-21 01:50:32 bad
2021-07-21 01:50:34 CHB 1379398?1626803432 第 1 次 等待 3 秒
2021-07-21 01:50:37 CHB 1379398?1626803432 第 1 次 获取到号码【1379398】GSD
2021-07-21 01:50:37 获取到号码【1379398】的GSD为【山东-东营】
2021-07-21 01:50:39 GSD insert 第 1 次 等待 3 秒
2021-07-21 01:50:42 {"status":"ok","gid":341999,"msg":"添加成功！"}
2021-07-21 01:50:43 下次操作: 2021-07-21 01:51:02

2021-07-21 01:51:02 开始第 13 次操作

2021-07-21 01:51:02 开始操作号码 【1379397】
2021-07-21 01:51:05 GSD getOne 第 1 次 等待 3 秒
2021-07-21 01:51:08 查询号码 【1379397】，返回信息 {"status":"bad","msg":""}
2021-07-21 01:51:08 查询号码 【1379397】，GSD为【""】
2021-07-21 01:51:08 bad
2021-07-21 01:51:09 CHB 1379397?1626803468 第 1 次 等待 3 秒
2021-07-21 01:51:12 CHB 1379397?1626803468 第 1 次 获取到号码【1379397】GSD
2021-07-21 01:51:12 获取到号码【1379397】的GSD为【山东-东营】
2021-07-21 01:51:15 GSD insert 第 1 次 等待 3 秒
2021-07-21 01:51:18 {"status":"ok","gid":342004,"msg":"添加成功！"}
2021-07-21 01:51:18 下次操作: 2021-07-21 01:51:34

2021-07-21 01:51:34 开始第 14 次操作

2021-07-21 01:51:34 开始操作号码 【1379396】
2021-07-21 01:51:36 GSD getOne 第 1 次 等待 3 秒
2021-07-21 01:51:39 查询号码 【1379396】，返回信息 {"status":"bad","msg":""}
2021-07-21 01:51:39 查询号码 【1379396】，GSD为【""】
2021-07-21 01:51:39 bad
2021-07-21 01:51:41 CHB 1379396?1626803499 第 1 次 等待 3 秒
2021-07-21 01:51:44 CHB 1379396?1626803499 第 1 次 获取到号码【1379396】GSD
2021-07-21 01:51:44 获取到号码【1379396】的GSD为【山东-东营】
2021-07-21 01:51:46 GSD insert 第 1 次 等待 3 秒
2021-07-21 01:51:49 {"status":"ok","gid":342009,"msg":"添加成功！"}
2021-07-21 01:51:49 下次操作: 2021-07-21 01:52:12

2021-07-21 01:52:12 开始第 15 次操作

2021-07-21 01:52:12 开始操作号码 【1379395】
2021-07-21 01:52:15 GSD getOne 第 1 次 等待 3 秒
2021-07-21 01:52:18 查询号码 【1379395】，返回信息 {"status":"bad","msg":""}
2021-07-21 01:52:18 查询号码 【1379395】，GSD为【""】
2021-07-21 01:52:18 bad
2021-07-21 01:52:19 CHB 1379395?1626803538 第 1 次 等待 3 秒
2021-07-21 01:52:22 CHB 1379395?1626803538 第 1 次 获取到号码【1379395】GSD
2021-07-21 01:52:22 获取到号码【1379395】的GSD为【山东-东营】
2021-07-21 01:52:25 GSD insert 第 1 次 等待 3 秒
2021-07-21 01:52:28 {"status":"ok","gid":342019,"msg":"添加成功！"}
2021-07-21 01:52:28 下次操作: 2021-07-21 01:52:47

2021-07-21 01:52:47 开始第 16 次操作

2021-07-21 01:52:47 开始操作号码 【1379394】
2021-07-21 01:52:49 GSD getOne 第 1 次 等待 3 秒
2021-07-21 01:52:52 查询号码 【1379394】，返回信息 {"status":"bad","msg":""}
2021-07-21 01:52:53 查询号码 【1379394】，GSD为【""】
2021-07-21 01:52:53 bad
2021-07-21 01:52:54 CHB 1379394?1626803573 第 1 次 等待 3 秒
2021-07-21 01:52:57 CHB 1379394?1626803573 第 1 次 获取到号码【1379394】GSD
2021-07-21 01:52:57 获取到号码【1379394】的GSD为【山东-临沂】
2021-07-21 01:53:00 GSD insert 第 1 次 等待 3 秒
2021-07-21 01:53:03 {"status":"ok","gid":342025,"msg":"添加成功！"}
2021-07-21 01:53:03 下次操作: 2021-07-21 01:53:16

2021-07-21 01:53:16 开始第 17 次操作

2021-07-21 01:53:16 开始操作号码 【1379393】
2021-07-21 01:53:18 GSD getOne 第 1 次 等待 3 秒
2021-07-21 01:53:21 查询号码 【1379393】，返回信息 {"status":"bad","msg":""}
2021-07-21 01:53:21 查询号码 【1379393】，GSD为【""】
2021-07-21 01:53:21 bad
2021-07-21 01:53:23 CHB 1379393?1626803601 第 1 次 等待 3 秒
2021-07-21 01:53:26 CHB 1379393?1626803601 第 1 次 获取到号码【1379393】GSD
2021-07-21 01:53:26 获取到号码【1379393】的GSD为【山东-临沂】
2021-07-21 01:53:28 GSD insert 第 1 次 等待 3 秒
2021-07-21 01:53:31 {"status":"ok","gid":342029,"msg":"添加成功！"}
2021-07-21 01:53:31 下次操作: 2021-07-21 01:53:46

2021-07-21 01:53:46 开始第 18 次操作

2021-07-21 01:53:46 开始操作号码 【1379392】
2021-07-21 01:53:49 GSD getOne 第 1 次 等待 3 秒
2021-07-21 01:53:52 查询号码 【1379392】，返回信息 {"status":"bad","msg":""}
2021-07-21 01:53:52 查询号码 【1379392】，GSD为【""】
2021-07-21 01:53:52 bad
2021-07-21 01:53:53 CHB 1379392?1626803632 第 1 次 等待 3 秒
2021-07-21 01:53:56 CHB 1379392?1626803632 第 1 次 获取到号码【1379392】GSD
2021-07-21 01:53:56 获取到号码【1379392】的GSD为【山东-临沂】
2021-07-21 01:53:59 GSD insert 第 1 次 等待 3 秒
2021-07-21 01:54:02 {"status":"ok","gid":342036,"msg":"添加成功！"}
2021-07-21 01:54:02 下次操作: 2021-07-21 01:54:21

2021-07-21 01:54:21 开始第 19 次操作

2021-07-21 01:54:21 开始操作号码 【1379391】
2021-07-21 01:54:24 GSD getOne 第 1 次 等待 3 秒
2021-07-21 01:54:27 查询号码 【1379391】，返回信息 {"status":"bad","msg":""}
2021-07-21 01:54:27 查询号码 【1379391】，GSD为【""】
2021-07-21 01:54:27 bad
2021-07-21 01:54:28 CHB 1379391?1626803667 第 1 次 等待 3 秒
2021-07-21 01:54:31 CHB 1379391?1626803667 第 1 次 获取到号码【1379391】GSD
2021-07-21 01:54:31 获取到号码【1379391】的GSD为【山东-临沂】
2021-07-21 01:54:35 GSD insert 第 1 次 等待 3 秒
2021-07-21 01:54:38 {"status":"ok","gid":342042,"msg":"添加成功！"}
2021-07-21 01:54:38 下次操作: 2021-07-21 01:55:00

2021-07-21 01:55:00 开始第 20 次操作

2021-07-21 01:55:00 开始操作号码 【1379390】
2021-07-21 01:55:02 GSD getOne 第 1 次 等待 3 秒
2021-07-21 01:55:05 查询号码 【1379390】，返回信息 {"status":"bad","msg":""}
2021-07-21 01:55:05 查询号码 【1379390】，GSD为【""】
2021-07-21 01:55:05 bad
2021-07-21 01:55:07 CHB 1379390?1626803705 第 1 次 等待 3 秒
2021-07-21 01:55:10 CHB 1379390?1626803705 第 1 次 获取到号码【1379390】GSD
2021-07-21 01:55:10 获取到号码【1379390】的GSD为【山东-临沂】
2021-07-21 01:55:12 GSD insert 第 1 次 等待 3 秒
2021-07-21 01:55:15 {"status":"ok","gid":342047,"msg":"添加成功！"}
2021-07-21 01:55:15 下次操作: 2021-07-21 01:55:30

2021-07-21 01:55:30 开始第 21 次操作

2021-07-21 01:55:30 开始操作号码 【1379389】
2021-07-21 01:55:33 GSD getOne 第 1 次 等待 3 秒
2021-07-21 01:55:36 查询号码 【1379389】，返回信息 {"status":"bad","msg":""}
2021-07-21 01:55:36 查询号码 【1379389】，GSD为【""】
2021-07-21 01:55:36 bad
2021-07-21 01:55:38 CHB 1379389?1626803736 第 1 次 等待 3 秒
2021-07-21 01:55:41 CHB 1379389?1626803736 第 1 次 获取到号码【1379389】GSD
2021-07-21 01:55:41 获取到号码【1379389】的GSD为【山东-滨州】
2021-07-21 01:55:43 GSD insert 第 1 次 等待 3 秒
2021-07-21 01:55:46 {"status":"ok","gid":342054,"msg":"添加成功！"}
2021-07-21 01:55:46 下次操作: 2021-07-21 01:56:06

2021-07-21 01:56:06 开始第 22 次操作

2021-07-21 01:56:06 开始操作号码 【1379388】
2021-07-21 01:56:09 GSD getOne 第 1 次 等待 3 秒
2021-07-21 01:56:12 查询号码 【1379388】，返回信息 {"status":"bad","msg":""}
2021-07-21 01:56:12 查询号码 【1379388】，GSD为【""】
2021-07-21 01:56:12 bad
2021-07-21 01:56:13 CHB 1379388?1626803772 第 1 次 等待 3 秒
2021-07-21 01:56:16 CHB 1379388?1626803772 第 1 次 获取到号码【1379388】GSD
2021-07-21 01:56:16 获取到号码【1379388】的GSD为【山东-滨州】
2021-07-21 01:56:19 GSD insert 第 1 次 等待 3 秒
2021-07-21 01:56:22 {"status":"ok","gid":342059,"msg":"添加成功！"}
2021-07-21 01:56:22 下次操作: 2021-07-21 01:56:39

2021-07-21 01:56:39 开始第 23 次操作

2021-07-21 01:56:39 开始操作号码 【1379387】
2021-07-21 01:56:43 GSD getOne 第 1 次 等待 3 秒
2021-07-21 01:56:46 查询号码 【1379387】，返回信息 {"status":"bad","msg":""}
2021-07-21 01:56:46 查询号码 【1379387】，GSD为【""】
2021-07-21 01:56:46 bad
2021-07-21 01:56:47 CHB 1379387?1626803806 第 1 次 等待 3 秒
2021-07-21 01:56:50 CHB 1379387?1626803806 第 1 次 获取到号码【1379387】GSD
2021-07-21 01:56:50 获取到号码【1379387】的GSD为【山东-滨州】
2021-07-21 01:56:53 GSD insert 第 1 次 等待 3 秒
2021-07-21 01:56:56 {"status":"ok","gid":342064,"msg":"添加成功！"}
2021-07-21 01:56:56 下次操作: 2021-07-21 01:57:09

2021-07-21 01:57:09 开始第 24 次操作

2021-07-21 01:57:09 开始操作号码 【1379386】
2021-07-21 01:57:11 GSD getOne 第 1 次 等待 3 秒
2021-07-21 01:57:14 查询号码 【1379386】，返回信息 {"status":"bad","msg":""}
2021-07-21 01:57:14 查询号码 【1379386】，GSD为【""】
2021-07-21 01:57:14 bad
2021-07-21 01:57:16 CHB 1379386?1626803834 第 1 次 等待 3 秒
2021-07-21 01:57:19 CHB 1379386?1626803834 第 1 次 获取到号码【1379386】GSD
2021-07-21 01:57:19 获取到号码【1379386】的GSD为【山东-滨州】
2021-07-21 01:57:21 GSD insert 第 1 次 等待 3 秒
2021-07-21 01:57:24 {"status":"ok","gid":342069,"msg":"添加成功！"}
2021-07-21 01:57:24 下次操作: 2021-07-21 01:57:41

2021-07-21 01:57:41 开始第 25 次操作

2021-07-21 01:57:41 开始操作号码 【1379385】
2021-07-21 01:57:44 GSD getOne 第 1 次 等待 3 秒
2021-07-21 01:57:48 查询号码 【1379385】，返回信息 {"status":"bad","msg":""}
2021-07-21 01:57:48 查询号码 【1379385】，GSD为【""】
2021-07-21 01:57:48 bad
2021-07-21 01:57:49 CHB 1379385?1626803868 第 1 次 等待 3 秒
2021-07-21 01:57:52 CHB 1379385?1626803868 第 1 次 获取到号码【1379385】GSD
2021-07-21 01:57:52 获取到号码【1379385】的GSD为【山东-滨州】
2021-07-21 01:57:55 GSD insert 第 1 次 等待 3 秒
2021-07-21 01:57:58 {"status":"ok","gid":342075,"msg":"添加成功！"}
2021-07-21 01:57:58 下次操作: 2021-07-21 01:58:16

2021-07-21 01:58:16 开始第 26 次操作

2021-07-21 01:58:16 开始操作号码 【1379384】
2021-07-21 01:58:18 GSD getOne 第 1 次 等待 3 秒
2021-07-21 01:58:21 查询号码 【1379384】，返回信息 {"status":"bad","msg":""}
2021-07-21 01:58:21 查询号码 【1379384】，GSD为【""】
2021-07-21 01:58:21 bad
2021-07-21 01:58:23 CHB 1379384?1626803901 第 1 次 等待 3 秒
2021-07-21 01:58:26 CHB 1379384?1626803901 第 1 次 获取到号码【1379384】GSD
2021-07-21 01:58:26 获取到号码【1379384】的GSD为【山东-泰安】
2021-07-21 01:58:28 GSD insert 第 1 次 等待 3 秒
2021-07-21 01:58:31 {"status":"ok","gid":342081,"msg":"添加成功！"}
2021-07-21 01:58:31 下次操作: 2021-07-21 01:58:43

2021-07-21 01:58:43 开始第 27 次操作

2021-07-21 01:58:43 开始操作号码 【1379383】
2021-07-21 01:58:46 GSD getOne 第 1 次 等待 3 秒
2021-07-21 01:58:49 查询号码 【1379383】，返回信息 {"status":"bad","msg":""}
2021-07-21 01:58:49 查询号码 【1379383】，GSD为【""】
2021-07-21 01:58:49 bad
2021-07-21 01:58:50 CHB 1379383?1626803929 第 1 次 等待 3 秒
2021-07-21 01:58:53 CHB 1379383?1626803929 第 1 次 获取到号码【1379383】GSD
2021-07-21 01:58:53 获取到号码【1379383】的GSD为【山东-泰安】
2021-07-21 01:58:56 GSD insert 第 1 次 等待 3 秒
2021-07-21 01:58:59 {"status":"ok","gid":342084,"msg":"添加成功！"}
2021-07-21 01:58:59 下次操作: 2021-07-21 01:59:16

2021-07-21 01:59:16 开始第 28 次操作

2021-07-21 01:59:16 开始操作号码 【1379382】
2021-07-21 01:59:18 GSD getOne 第 1 次 等待 3 秒
2021-07-21 01:59:21 查询号码 【1379382】，返回信息 {"status":"bad","msg":""}
2021-07-21 01:59:22 查询号码 【1379382】，GSD为【""】
2021-07-21 01:59:22 bad
2021-07-21 01:59:23 CHB 1379382?1626803962 第 1 次 等待 3 秒
2021-07-21 01:59:26 CHB 1379382?1626803962 第 1 次 获取到号码【1379382】GSD
2021-07-21 01:59:26 获取到号码【1379382】的GSD为【山东-泰安】
2021-07-21 01:59:29 GSD insert 第 1 次 等待 3 秒
2021-07-21 01:59:32 {"status":"ok","gid":342090,"msg":"添加成功！"}
2021-07-21 01:59:32 下次操作: 2021-07-21 01:59:46

2021-07-21 01:59:46 开始第 29 次操作

2021-07-21 01:59:46 开始操作号码 【1379381】
2021-07-21 01:59:48 GSD getOne 第 1 次 等待 3 秒
2021-07-21 01:59:51 查询号码 【1379381】，返回信息 {"status":"bad","msg":""}
2021-07-21 01:59:51 查询号码 【1379381】，GSD为【""】
2021-07-21 01:59:51 bad
2021-07-21 01:59:53 CHB 1379381?1626803991 第 1 次 等待 3 秒
2021-07-21 01:59:56 CHB 1379381?1626803991 第 1 次 获取到号码【1379381】GSD
2021-07-21 01:59:56 获取到号码【1379381】的GSD为【山东-泰安】
2021-07-21 02:00:03 GSD insert 第 1 次 等待 3 秒
2021-07-21 02:00:06 {"status":"ok","gid":342095,"msg":"添加成功！"}
2021-07-21 02:00:06 下次操作: 2021-07-21 02:00:28

2021-07-21 02:00:28 开始第 30 次操作

2021-07-21 02:00:28 开始操作号码 【1379380】
2021-07-21 02:00:31 GSD getOne 第 1 次 等待 3 秒
2021-07-21 02:00:34 查询号码 【1379380】，返回信息 {"status":"bad","msg":""}
2021-07-21 02:00:34 查询号码 【1379380】，GSD为【""】
2021-07-21 02:00:34 bad
2021-07-21 02:00:35 CHB 1379380?1626804034 第 1 次 等待 3 秒
2021-07-21 02:00:38 CHB 1379380?1626804034 第 1 次 获取到号码【1379380】GSD
2021-07-21 02:00:38 获取到号码【1379380】的GSD为【山东-泰安】
2021-07-21 02:00:43 GSD insert 第 1 次 等待 3 秒
2021-07-21 02:00:46 {"status":"ok","gid":342102,"msg":"添加成功！"}
2021-07-21 02:00:46 下次操作: 2021-07-21 02:01:00

2021-07-21 02:01:00 开始第 31 次操作

2021-07-21 02:01:00 开始操作号码 【1379379】
2021-07-21 02:01:03 GSD getOne 第 1 次 等待 3 秒
2021-07-21 02:01:06 查询号码 【1379379】，返回信息 {"status":"bad","msg":""}
2021-07-21 02:01:06 查询号码 【1379379】，GSD为【""】
2021-07-21 02:01:06 bad
2021-07-21 02:01:07 CHB 1379379?1626804066 第 1 次 等待 3 秒
2021-07-21 02:01:10 CHB 1379379?1626804066 第 1 次 获取到号码【1379379】GSD
2021-07-21 02:01:10 获取到号码【1379379】的GSD为【山东-济宁】
2021-07-21 02:01:13 GSD insert 第 1 次 等待 3 秒
2021-07-21 02:01:16 {"status":"ok","gid":342109,"msg":"添加成功！"}
2021-07-21 02:01:16 下次操作: 2021-07-21 02:01:29

2021-07-21 02:01:29 开始第 32 次操作

2021-07-21 02:01:29 开始操作号码 【1379378】
2021-07-21 02:01:31 GSD getOne 第 1 次 等待 3 秒
2021-07-21 02:01:34 查询号码 【1379378】，返回信息 {"status":"bad","msg":""}
2021-07-21 02:01:34 查询号码 【1379378】，GSD为【""】
2021-07-21 02:01:34 bad
2021-07-21 02:01:35 CHB 1379378?1626804094 第 1 次 等待 3 秒
2021-07-21 02:01:38 CHB 1379378?1626804094 第 1 次 获取到号码【1379378】GSD
2021-07-21 02:01:39 获取到号码【1379378】的GSD为【山东-济宁】
2021-07-21 02:01:41 GSD insert 第 1 次 等待 3 秒
2021-07-21 02:01:44 {"status":"ok","gid":342114,"msg":"添加成功！"}
2021-07-21 02:01:44 下次操作: 2021-07-21 02:02:04

2021-07-21 02:02:04 开始第 33 次操作

2021-07-21 02:02:04 开始操作号码 【1379377】
2021-07-21 02:02:07 GSD getOne 第 1 次 等待 3 秒
2021-07-21 02:02:10 查询号码 【1379377】，返回信息 {"status":"bad","msg":""}
2021-07-21 02:02:10 查询号码 【1379377】，GSD为【""】
2021-07-21 02:02:10 bad
2021-07-21 02:02:11 CHB 1379377?1626804130 第 1 次 等待 3 秒
2021-07-21 02:02:14 CHB 1379377?1626804130 第 1 次 获取到号码【1379377】GSD
2021-07-21 02:02:14 获取到号码【1379377】的GSD为【山东-济宁】
2021-07-21 02:02:17 GSD insert 第 1 次 等待 3 秒
2021-07-21 02:02:20 {"status":"ok","gid":342122,"msg":"添加成功！"}
2021-07-21 02:02:20 下次操作: 2021-07-21 02:02:41

2021-07-21 02:02:41 开始第 34 次操作

2021-07-21 02:02:41 开始操作号码 【1379376】
2021-07-21 02:02:43 GSD getOne 第 1 次 等待 3 秒
2021-07-21 02:02:46 查询号码 【1379376】，返回信息 {"status":"bad","msg":""}
2021-07-21 02:02:47 查询号码 【1379376】，GSD为【""】
2021-07-21 02:02:47 bad
2021-07-21 02:02:48 CHB 1379376?1626804167 第 1 次 等待 3 秒
2021-07-21 02:02:51 CHB 1379376?1626804167 第 1 次 获取到号码【1379376】GSD
2021-07-21 02:02:51 获取到号码【1379376】的GSD为【山东-济宁】
2021-07-21 02:02:54 GSD insert 第 1 次 等待 3 秒
2021-07-21 02:02:57 {"status":"ok","gid":342129,"msg":"添加成功！"}
2021-07-21 02:02:57 下次操作: 2021-07-21 02:03:20

2021-07-21 02:03:20 开始第 35 次操作

2021-07-21 02:03:20 开始操作号码 【1379375】
2021-07-21 02:03:22 GSD getOne 第 1 次 等待 3 秒
2021-07-21 02:03:25 查询号码 【1379375】，返回信息 {"status":"bad","msg":""}
2021-07-21 02:03:25 查询号码 【1379375】，GSD为【""】
2021-07-21 02:03:25 bad
2021-07-21 02:03:27 CHB 1379375?1626804205 第 1 次 等待 3 秒
2021-07-21 02:03:30 CHB 1379375?1626804205 第 1 次 获取到号码【1379375】GSD
2021-07-21 02:03:30 获取到号码【1379375】的GSD为【山东-济宁】
2021-07-21 02:03:32 GSD insert 第 1 次 等待 3 秒
2021-07-21 02:03:35 {"status":"ok","gid":342135,"msg":"添加成功！"}
2021-07-21 02:03:35 下次操作: 2021-07-21 02:03:48

2021-07-21 02:03:48 开始第 36 次操作

2021-07-21 02:03:48 开始操作号码 【1379374】
2021-07-21 02:03:51 GSD getOne 第 1 次 等待 3 秒
2021-07-21 02:03:54 查询号码 【1379374】，返回信息 {"status":"bad","msg":""}
2021-07-21 02:03:54 查询号码 【1379374】，GSD为【""】
2021-07-21 02:03:54 bad
2021-07-21 02:03:56 CHB 1379374?1626804234 第 1 次 等待 3 秒
2021-07-21 02:03:59 CHB 1379374?1626804234 第 1 次 获取到号码【1379374】GSD
2021-07-21 02:03:59 获取到号码【1379374】的GSD为【山东-枣庄】
2021-07-21 02:04:01 GSD insert 第 1 次 等待 3 秒
2021-07-21 02:04:04 {"status":"ok","gid":342142,"msg":"添加成功！"}
2021-07-21 02:04:04 下次操作: 2021-07-21 02:04:21

2021-07-21 02:04:21 开始第 37 次操作

2021-07-21 02:04:21 开始操作号码 【1379373】
2021-07-21 02:04:24 GSD getOne 第 1 次 等待 3 秒
2021-07-21 02:04:27 查询号码 【1379373】，返回信息 {"status":"bad","msg":""}
2021-07-21 02:04:27 查询号码 【1379373】，GSD为【""】
2021-07-21 02:04:27 bad
2021-07-21 02:04:28 CHB 1379373?1626804267 第 1 次 等待 3 秒
2021-07-21 02:04:31 CHB 1379373?1626804267 第 1 次 获取到号码【1379373】GSD
2021-07-21 02:04:31 获取到号码【1379373】的GSD为【山东-枣庄】
2021-07-21 02:04:37 GSD insert 第 1 次 等待 3 秒
2021-07-21 02:04:40 {"status":"ok","gid":342146,"msg":"添加成功！"}
2021-07-21 02:04:40 下次操作: 2021-07-21 02:04:53

2021-07-21 02:04:53 开始第 38 次操作

2021-07-21 02:04:53 开始操作号码 【1379372】
2021-07-21 02:04:56 GSD getOne 第 1 次 等待 3 秒
2021-07-21 02:04:59 查询号码 【1379372】，返回信息 {"status":"bad","msg":""}
2021-07-21 02:04:59 查询号码 【1379372】，GSD为【""】
2021-07-21 02:04:59 bad
2021-07-21 02:05:00 CHB 1379372?1626804299 第 1 次 等待 3 秒
2021-07-21 02:05:03 CHB 1379372?1626804299 第 1 次 获取到号码【1379372】GSD
2021-07-21 02:05:03 获取到号码【1379372】的GSD为【山东-枣庄】
2021-07-21 02:05:06 GSD insert 第 1 次 等待 3 秒
2021-07-21 02:05:09 {"status":"ok","gid":342152,"msg":"添加成功！"}
2021-07-21 02:05:09 下次操作: 2021-07-21 02:05:21

2021-07-21 02:05:21 开始第 39 次操作

2021-07-21 02:05:21 开始操作号码 【1379371】
2021-07-21 02:05:23 GSD getOne 第 1 次 等待 3 秒
2021-07-21 02:05:26 查询号码 【1379371】，返回信息 {"status":"bad","msg":""}
2021-07-21 02:05:27 查询号码 【1379371】，GSD为【""】
2021-07-21 02:05:27 bad
2021-07-21 02:05:28 CHB 1379371?1626804327 第 1 次 等待 3 秒
2021-07-21 02:05:31 CHB 1379371?1626804327 第 1 次 获取到号码【1379371】GSD
2021-07-21 02:05:31 获取到号码【1379371】的GSD为【山东-枣庄】
2021-07-21 02:05:33 GSD insert 第 1 次 等待 3 秒
2021-07-21 02:05:36 {"status":"ok","gid":342157,"msg":"添加成功！"}
2021-07-21 02:05:36 下次操作: 2021-07-21 02:05:48

2021-07-21 02:05:48 开始第 40 次操作

2021-07-21 02:05:48 开始操作号码 【1379370】
2021-07-21 02:05:51 GSD getOne 第 1 次 等待 3 秒
2021-07-21 02:05:54 查询号码 【1379370】，返回信息 {"status":"bad","msg":""}
2021-07-21 02:05:54 查询号码 【1379370】，GSD为【""】
2021-07-21 02:05:54 bad
2021-07-21 02:05:55 CHB 1379370?1626804354 第 1 次 等待 3 秒
2021-07-21 02:05:58 CHB 1379370?1626804354 第 1 次 获取到号码【1379370】GSD
2021-07-21 02:05:58 获取到号码【1379370】的GSD为【山东-枣庄】
2021-07-21 02:06:01 GSD insert 第 1 次 等待 3 秒
2021-07-21 02:06:04 {"status":"ok","gid":342161,"msg":"添加成功！"}

