2024-07-02 00:22:02 开始第 3721 次操作

2024-07-02 00:22:02 开始操作号码 【1493612】
2024-07-02 00:22:23 GSD getOne 第 1 次 等待 3 秒
2024-07-02 00:22:26 查询号码 【1493612】，返回信息 {"status":"ok","msg":"-","gid":"294973","time_insert":"2021-07-16 17:04"}
2024-07-02 00:22:26 查询号码 【1493612】，GSD为【"-"】
2024-07-02 00:22:26 ok && -
2024-07-02 00:22:28 CHB 1493612?1719850946 第 1 次 等待 3 秒
2024-07-02 00:22:31 CHB 1493612?1719850946 第 1 次 获取到号码【1493612】GSD
2024-07-02 00:22:31 未获取到号码【1493612】GSD，可能号码格式错误
2024-07-02 00:22:31 获取到号码【1493612】的GSD为【-】
2024-07-02 00:22:51 GSD insert 第 1 次 等待 3 秒
2024-07-02 00:22:54 {"status":"bad","gid":"294973","msg":"添加失败！号码【1493612(-|-)】已存在！"}
2024-07-02 00:22:54 随机等待 201 秒，约 3 分钟
2024-07-02 00:22:54 下次操作: 2024-07-02 00:26:15

2024-07-02 00:26:15 开始第 3722 次操作

2024-07-02 00:26:15 开始操作号码 【1493613】
2024-07-02 00:26:31 GSD getOne 第 1 次 等待 3 秒
2024-07-02 00:26:34 查询号码 【1493613】，返回信息 {"status":"ok","msg":"-","gid":"294984","time_insert":"2021-07-16 17:05"}
2024-07-02 00:26:35 查询号码 【1493613】，GSD为【"-"】
2024-07-02 00:26:35 ok && -
2024-07-02 00:26:36 CHB 1493613?1719851195 第 1 次 等待 3 秒
2024-07-02 00:26:39 CHB 1493613?1719851195 第 1 次 获取到号码【1493613】GSD
2024-07-02 00:26:39 未获取到号码【1493613】GSD，可能号码格式错误
2024-07-02 00:26:39 获取到号码【1493613】的GSD为【-】
2024-07-02 00:26:54 GSD insert 第 1 次 等待 3 秒
2024-07-02 00:26:57 {"status":"bad","gid":"294984","msg":"添加失败！号码【1493613(-|-)】已存在！"}
2024-07-02 00:26:57 随机等待 225 秒，约 3 分钟
2024-07-02 00:26:57 下次操作: 2024-07-02 00:30:42

2024-07-02 00:30:42 开始第 3723 次操作

2024-07-02 00:30:42 开始操作号码 【1493614】
2024-07-02 00:30:59 GSD getOne 第 1 次 等待 3 秒
2024-07-02 00:31:02 查询号码 【1493614】，返回信息 {"status":"ok","msg":"-","gid":"294991","time_insert":"2021-07-16 17:05"}
2024-07-02 00:31:02 查询号码 【1493614】，GSD为【"-"】
2024-07-02 00:31:02 ok && -
2024-07-02 00:31:03 CHB 1493614?1719851462 第 1 次 等待 3 秒
2024-07-02 00:31:06 CHB 1493614?1719851462 第 1 次 获取到号码【1493614】GSD
2024-07-02 00:31:06 未获取到号码【1493614】GSD，可能号码格式错误
2024-07-02 00:31:06 获取到号码【1493614】的GSD为【-】
2024-07-02 00:31:21 GSD insert 第 1 次 等待 3 秒
2024-07-02 00:31:24 {"status":"bad","gid":"294991","msg":"添加失败！号码【1493614(-|-)】已存在！"}
2024-07-02 00:31:24 随机等待 198 秒，约 3 分钟
2024-07-02 00:31:24 下次操作: 2024-07-02 00:34:42

2024-07-02 00:34:42 开始第 3724 次操作

2024-07-02 00:34:42 开始操作号码 【1493615】
2024-07-02 00:34:56 GSD getOne 第 1 次 等待 3 秒
2024-07-02 00:34:59 查询号码 【1493615】，返回信息 {"status":"ok","msg":"-","gid":"295000","time_insert":"2021-07-16 17:06"}
2024-07-02 00:34:59 查询号码 【1493615】，GSD为【"-"】
2024-07-02 00:34:59 ok && -
2024-07-02 00:35:01 CHB 1493615?1719851699 第 1 次 等待 3 秒
2024-07-02 00:35:04 CHB 1493615?1719851699 第 1 次 获取到号码【1493615】GSD
2024-07-02 00:35:04 未获取到号码【1493615】GSD，可能号码格式错误
2024-07-02 00:35:04 获取到号码【1493615】的GSD为【-】
2024-07-02 00:35:18 GSD insert 第 1 次 等待 3 秒
2024-07-02 00:35:21 {"status":"bad","gid":"295000","msg":"添加失败！号码【1493615(-|-)】已存在！"}

