2024-10-01 00:18:34 开始第 7549 次操作

2024-10-01 00:18:34 开始操作号码 【1387548】
2024-10-01 00:18:36 GSD getOne 第 1 次 等待 3 秒
2024-10-01 00:18:39 查询号码 【1387548】，返回信息 {"status":"ok","msg":"湖南-娄底","gid":"353618","time_insert":"2021-07-22 08:08"}
2024-10-01 00:18:39 查询号码 【1387548】，GSD为【"湖南-娄底"】

2024-10-01 00:18:40 开始第 7550 次操作

2024-10-01 00:18:40 开始操作号码 【1387549】
2024-10-01 00:18:42 GSD getOne 第 1 次 等待 3 秒
2024-10-01 00:18:45 查询号码 【1387549】，返回信息 {"status":"ok","msg":"湖南-娄底","gid":"11631","time_insert":"2020-06-23 09:28","time_update":"2020-09-22 07:29"}
2024-10-01 00:18:45 查询号码 【1387549】，GSD为【"湖南-娄底"】

2024-10-01 00:18:46 开始第 7551 次操作

2024-10-01 00:18:46 开始操作号码 【1387550】
2024-10-01 00:18:48 GSD getOne 第 1 次 等待 3 秒
2024-10-01 00:18:51 查询号码 【1387550】，返回信息 {"status":"ok","msg":"湖南-郴州","gid":"353608","time_insert":"2021-07-22 08:07"}
2024-10-01 00:18:51 查询号码 【1387550】，GSD为【"湖南-郴州"】

2024-10-01 00:18:52 开始第 7552 次操作

2024-10-01 00:18:52 开始操作号码 【1387551】
2024-10-01 00:18:54 GSD getOne 第 1 次 等待 3 秒
2024-10-01 00:18:57 查询号码 【1387551】，返回信息 {"status":"ok","msg":"湖南-郴州","gid":"353602","time_insert":"2021-07-22 08:06"}
2024-10-01 00:18:57 查询号码 【1387551】，GSD为【"湖南-郴州"】

2024-10-01 00:45:04 开始第 7553 次操作

2024-10-01 00:45:04 开始操作号码 【1387552】
2024-10-01 00:45:06 GSD getOne 第 1 次 等待 3 秒
2024-10-01 00:45:09 查询号码 【1387552】，返回信息 {"status":"ok","msg":"湖南-郴州","gid":"353595","time_insert":"2021-07-22 08:05"}
2024-10-01 00:45:09 查询号码 【1387552】，GSD为【"湖南-郴州"】

2024-10-01 00:45:10 开始第 7554 次操作

2024-10-01 00:45:10 开始操作号码 【1387553】
2024-10-01 00:45:12 GSD getOne 第 1 次 等待 3 秒
2024-10-01 00:45:15 查询号码 【1387553】，返回信息 {"status":"ok","msg":"湖南-郴州","gid":"353589","time_insert":"2021-07-22 08:04"}
2024-10-01 00:45:15 查询号码 【1387553】，GSD为【"湖南-郴州"】

2024-10-01 00:45:16 开始第 7555 次操作

2024-10-01 00:45:16 开始操作号码 【1387554】
2024-10-01 00:45:18 GSD getOne 第 1 次 等待 3 秒
2024-10-01 00:45:21 查询号码 【1387554】，返回信息 {"status":"ok","msg":"湖南-郴州","gid":"353583","time_insert":"2021-07-22 08:03"}
2024-10-01 00:45:21 查询号码 【1387554】，GSD为【"湖南-郴州"】

2024-10-01 00:45:22 开始第 7556 次操作

2024-10-01 00:45:22 开始操作号码 【1387555】
2024-10-01 00:45:24 GSD getOne 第 1 次 等待 3 秒
2024-10-01 00:45:27 查询号码 【1387555】，返回信息 {"status":"ok","msg":"湖南-郴州","gid":"353576","time_insert":"2021-07-22 08:02"}
2024-10-01 00:45:27 查询号码 【1387555】，GSD为【"湖南-郴州"】

2024-10-01 01:13:15 开始第 7557 次操作

2024-10-01 01:13:15 开始操作号码 【1387556】
2024-10-01 01:13:17 GSD getOne 第 1 次 等待 3 秒
2024-10-01 01:13:20 查询号码 【1387556】，返回信息 {"status":"ok","msg":"湖南-郴州","gid":"353570","time_insert":"2021-07-22 08:02"}
2024-10-01 01:13:20 查询号码 【1387556】，GSD为【"湖南-郴州"】

2024-10-01 01:13:21 开始第 7558 次操作

2024-10-01 01:13:21 开始操作号码 【1387557】
2024-10-01 01:13:23 GSD getOne 第 1 次 等待 3 秒
2024-10-01 01:13:26 查询号码 【1387557】，返回信息 {"status":"ok","msg":"湖南-郴州","gid":"353561","time_insert":"2021-07-22 08:01"}
2024-10-01 01:13:26 查询号码 【1387557】，GSD为【"湖南-郴州"】

2024-10-01 01:13:27 开始第 7559 次操作

2024-10-01 01:13:27 开始操作号码 【1387558】
2024-10-01 01:13:29 GSD getOne 第 1 次 等待 3 秒
2024-10-01 01:13:32 查询号码 【1387558】，返回信息 {"status":"ok","msg":"湖南-郴州","gid":"353556","time_insert":"2021-07-22 08:00"}
2024-10-01 01:13:32 查询号码 【1387558】，GSD为【"湖南-郴州"】

2024-10-01 01:13:33 开始第 7560 次操作

2024-10-01 01:13:33 开始操作号码 【1387559】
2024-10-01 01:13:35 GSD getOne 第 1 次 等待 3 秒
2024-10-01 01:13:38 查询号码 【1387559】，返回信息 {"status":"ok","msg":"湖南-郴州","gid":"353546","time_insert":"2021-07-22 07:59"}
2024-10-01 01:13:38 查询号码 【1387559】，GSD为【"湖南-郴州"】

2024-10-01 01:37:28 开始第 7561 次操作

2024-10-01 01:37:28 开始操作号码 【1387560】
2024-10-01 01:37:30 GSD getOne 第 1 次 等待 3 秒
2024-10-01 01:37:33 查询号码 【1387560】，返回信息 {"status":"ok","msg":"湖南-衡阳","gid":"353538","time_insert":"2021-07-22 07:58"}
2024-10-01 01:37:33 查询号码 【1387560】，GSD为【"湖南-衡阳"】

2024-10-01 01:37:34 开始第 7562 次操作

2024-10-01 01:37:34 开始操作号码 【1387561】
2024-10-01 01:37:39 GSD getOne 第 1 次 等待 3 秒
2024-10-01 01:37:42 查询号码 【1387561】，返回信息 {"status":"ok","msg":"湖南-衡阳","gid":"353527","time_insert":"2021-07-22 07:58"}
2024-10-01 01:37:42 查询号码 【1387561】，GSD为【"湖南-衡阳"】

2024-10-01 01:37:43 开始第 7563 次操作

2024-10-01 01:37:43 开始操作号码 【1387562】
2024-10-01 01:37:45 GSD getOne 第 1 次 等待 3 秒
2024-10-01 01:37:48 查询号码 【1387562】，返回信息 {"status":"ok","msg":"湖南-衡阳","gid":"353518","time_insert":"2021-07-22 07:57"}
2024-10-01 01:37:48 查询号码 【1387562】，GSD为【"湖南-衡阳"】

2024-10-01 01:37:49 开始第 7564 次操作

2024-10-01 01:37:49 开始操作号码 【1387563】
2024-10-01 01:37:51 GSD getOne 第 1 次 等待 3 秒
2024-10-01 01:37:54 查询号码 【1387563】，返回信息 {"status":"ok","msg":"湖南-衡阳","gid":"353507","time_insert":"2021-07-22 07:56"}
2024-10-01 01:37:54 查询号码 【1387563】，GSD为【"湖南-衡阳"】

2024-10-01 02:19:31 开始第 7565 次操作

2024-10-01 02:19:31 开始操作号码 【1387564】
2024-10-01 02:19:34 GSD getOne 第 1 次 等待 3 秒
2024-10-01 02:19:37 查询号码 【1387564】，返回信息 {"status":"ok","msg":"湖南-衡阳","gid":"11632","time_insert":"2017-05-22 21:27","time_update":"2020-09-22 07:29"}
2024-10-01 02:19:37 查询号码 【1387564】，GSD为【"湖南-衡阳"】

2024-10-01 02:19:38 开始第 7566 次操作

2024-10-01 02:19:38 开始操作号码 【1387565】
2024-10-01 02:19:40 GSD getOne 第 1 次 等待 3 秒
2024-10-01 02:19:43 查询号码 【1387565】，返回信息 {"status":"ok","msg":"湖南-衡阳","gid":"11633","time_insert":"2017-05-30 14:16","time_update":"2020-09-22 07:32"}
2024-10-01 02:19:43 查询号码 【1387565】，GSD为【"湖南-衡阳"】

2024-10-01 02:19:44 开始第 7567 次操作

2024-10-01 02:19:44 开始操作号码 【1387566】
2024-10-01 02:19:46 GSD getOne 第 1 次 等待 3 秒
2024-10-01 02:19:49 查询号码 【1387566】，返回信息 {"status":"ok","msg":"湖南-衡阳","gid":"11634","time_insert":"2020-05-29 13:55","time_update":"2020-09-22 07:36"}
2024-10-01 02:19:49 查询号码 【1387566】，GSD为【"湖南-衡阳"】

2024-10-01 02:19:50 开始第 7568 次操作

2024-10-01 02:19:50 开始操作号码 【1387567】
2024-10-01 02:19:53 GSD getOne 第 1 次 等待 3 秒
2024-10-01 02:19:56 查询号码 【1387567】，返回信息 {"status":"ok","msg":"湖南-衡阳","gid":"353487","time_insert":"2021-07-22 07:54"}
2024-10-01 02:19:56 查询号码 【1387567】，GSD为【"湖南-衡阳"】

