2023-11-19 00:19:33 开始第 9257 次操作

2023-11-19 00:19:33 开始操作号码 【1929159】
2023-11-19 00:19:37 GSD getOne 第 1 次 等待 3 秒
2023-11-19 00:19:40 查询号码 【1929159】，返回信息 {"status":"ok","msg":"-","gid":"601056","time_insert":"2023-03-19 17:31"}
2023-11-19 00:19:41 查询号码 【1929159】，GSD为【"-"】
2023-11-19 00:19:41 ok && -
2023-11-19 00:19:48 CHB 1929159?1700324381 第 1 次 等待 3 秒
2023-11-19 00:19:51 CHB 1929159?1700324381 第 1 次 获取到号码【1929159】GSD
2023-11-19 00:19:51 0: 江苏-南通
2023-11-19 00:19:51 获取到号码【1929159】的GSD为【江苏-南通】
2023-11-19 00:20:42 GSD insert 第 1 次 等待 3 秒
2023-11-19 00:20:45 {"status":"ok","gid":"601056","msg":"添加号码已存在，但为‘-’，修改为【江苏-南通】成功！"}
2023-11-19 00:20:45 随机等待 189 秒，约 3 分钟
2023-11-19 00:20:45 下次操作: 2023-11-19 00:23:54

2023-11-19 00:23:54 开始第 9258 次操作

2023-11-19 00:23:54 开始操作号码 【1929160】
2023-11-19 00:24:12 GSD getOne 第 1 次 等待 3 秒
2023-11-19 00:24:15 查询号码 【1929160】，返回信息 {"status":"ok","msg":"-","gid":"601052","time_insert":"2023-03-19 17:29"}
2023-11-19 00:24:15 查询号码 【1929160】，GSD为【"-"】
2023-11-19 00:24:15 ok && -
2023-11-19 00:24:22 CHB 1929160?1700324655 第 1 次 等待 3 秒
2023-11-19 00:24:25 CHB 1929160?1700324655 第 1 次 获取到号码【1929160】GSD
2023-11-19 00:24:25 0: 江苏-镇江
2023-11-19 00:24:25 获取到号码【1929160】的GSD为【江苏-镇江】
2023-11-19 00:24:32 GSD insert 第 1 次 等待 3 秒
2023-11-19 00:24:35 {"status":"ok","gid":"601052","msg":"添加号码已存在，但为‘-’，修改为【江苏-镇江】成功！"}
2023-11-19 00:24:35 随机等待 73 秒，约 1 分钟
2023-11-19 00:24:35 下次操作: 2023-11-19 00:25:48

2023-11-19 00:25:48 开始第 9259 次操作

2023-11-19 00:25:48 开始操作号码 【1929161】
2023-11-19 00:25:52 GSD getOne 第 1 次 等待 3 秒
2023-11-19 00:25:55 查询号码 【1929161】，返回信息 {"status":"ok","msg":"-","gid":"601049","time_insert":"2023-03-19 17:27"}
2023-11-19 00:25:55 查询号码 【1929161】，GSD为【"-"】
2023-11-19 00:25:55 ok && -
2023-11-19 00:25:59 CHB 1929161?1700324755 第 1 次 等待 3 秒
2023-11-19 00:26:02 CHB 1929161?1700324755 第 1 次 获取到号码【1929161】GSD
2023-11-19 00:26:02 0: 江苏-镇江
2023-11-19 00:26:02 获取到号码【1929161】的GSD为【江苏-镇江】
2023-11-19 00:26:08 GSD insert 第 1 次 等待 3 秒
2023-11-19 00:26:11 {"status":"ok","gid":"601049","msg":"添加号码已存在，但为‘-’，修改为【江苏-镇江】成功！"}
2023-11-19 00:26:11 随机等待 209 秒，约 3 分钟
2023-11-19 00:26:11 下次操作: 2023-11-19 00:29:40

2023-11-19 00:29:40 开始第 9260 次操作

2023-11-19 00:29:40 开始操作号码 【1929162】
2023-11-19 00:29:44 GSD getOne 第 1 次 等待 3 秒
2023-11-19 00:29:47 查询号码 【1929162】，返回信息 {"status":"ok","msg":"-","gid":"601045","time_insert":"2023-03-19 17:25"}
2023-11-19 00:29:47 查询号码 【1929162】，GSD为【"-"】
2023-11-19 00:29:47 ok && -
2023-11-19 00:29:49 CHB 1929162?1700324987 第 1 次 等待 3 秒
2023-11-19 00:29:52 CHB 1929162?1700324987 第 1 次 获取到号码【1929162】GSD
2023-11-19 00:29:52 0: 江苏-镇江
2023-11-19 00:29:52 获取到号码【1929162】的GSD为【江苏-镇江】
2023-11-19 00:29:58 GSD insert 第 1 次 等待 3 秒
2023-11-19 00:30:01 {"status":"ok","gid":"601045","msg":"添加号码已存在，但为‘-’，修改为【江苏-镇江】成功！"}

2023-11-19 00:38:44 开始第 9261 次操作

2023-11-19 00:38:44 开始操作号码 【1929163】
2023-11-19 00:38:54 GSD getOne 第 1 次 等待 3 秒
2023-11-19 00:38:57 查询号码 【1929163】，返回信息 {"status":"ok","msg":"-","gid":"601037","time_insert":"2023-03-19 17:19"}
2023-11-19 00:38:57 查询号码 【1929163】，GSD为【"-"】
2023-11-19 00:38:57 ok && -
2023-11-19 00:39:00 CHB 1929163?1700325537 第 1 次 等待 3 秒
2023-11-19 00:39:03 CHB 1929163?1700325537 第 1 次 获取到号码【1929163】GSD
2023-11-19 00:39:03 0: 江苏-镇江
2023-11-19 00:39:03 获取到号码【1929163】的GSD为【江苏-镇江】
2023-11-19 00:39:10 GSD insert 第 1 次 等待 3 秒
2023-11-19 00:39:13 {"status":"ok","gid":"601037","msg":"添加号码已存在，但为‘-’，修改为【江苏-镇江】成功！"}
2023-11-19 00:39:13 随机等待 114 秒，约 1 分钟
2023-11-19 00:39:13 下次操作: 2023-11-19 00:41:07

2023-11-19 00:41:07 开始第 9262 次操作

2023-11-19 00:41:07 开始操作号码 【1929164】
2023-11-19 00:41:10 GSD getOne 第 1 次 等待 3 秒
2023-11-19 00:41:13 查询号码 【1929164】，返回信息 {"status":"ok","msg":"-","gid":"601032","time_insert":"2023-03-19 17:16"}
2023-11-19 00:41:13 查询号码 【1929164】，GSD为【"-"】
2023-11-19 00:41:13 ok && -
2023-11-19 00:41:19 CHB 1929164?1700325673 第 1 次 等待 3 秒
2023-11-19 00:41:22 CHB 1929164?1700325673 第 1 次 获取到号码【1929164】GSD
2023-11-19 00:41:22 0: 广东-东莞
2023-11-19 00:41:22 获取到号码【1929164】的GSD为【广东-东莞】
2023-11-19 00:41:30 GSD insert 第 1 次 等待 3 秒
2023-11-19 00:41:33 {"status":"ok","gid":"601032","msg":"添加号码已存在，但为‘-’，修改为【广东-东莞】成功！"}
2023-11-19 00:41:33 随机等待 233 秒，约 3 分钟
2023-11-19 00:41:33 下次操作: 2023-11-19 00:45:26

2023-11-19 00:45:26 开始第 9263 次操作

2023-11-19 00:45:26 开始操作号码 【1929165】
2023-11-19 00:45:30 GSD getOne 第 1 次 等待 3 秒
2023-11-19 00:45:33 查询号码 【1929165】，返回信息 {"status":"ok","msg":"-","gid":"601026","time_insert":"2023-03-19 17:13"}
2023-11-19 00:45:33 查询号码 【1929165】，GSD为【"-"】
2023-11-19 00:45:33 ok && -
2023-11-19 00:45:35 CHB 1929165?1700325933 第 1 次 等待 3 秒
2023-11-19 00:45:38 CHB 1929165?1700325933 第 1 次 获取到号码【1929165】GSD
2023-11-19 00:45:38 0: 江苏-镇江
2023-11-19 00:45:38 获取到号码【1929165】的GSD为【江苏-镇江】
2023-11-19 00:45:46 GSD insert 第 1 次 等待 3 秒
2023-11-19 00:45:49 {"status":"ok","gid":"601026","msg":"添加号码已存在，但为‘-’，修改为【江苏-镇江】成功！"}
2023-11-19 00:45:49 随机等待 134 秒，约 2 分钟
2023-11-19 00:45:49 下次操作: 2023-11-19 00:48:03

2023-11-19 00:48:03 开始第 9264 次操作

2023-11-19 00:48:03 开始操作号码 【1929166】
2023-11-19 00:48:06 GSD getOne 第 1 次 等待 3 秒
2023-11-19 00:48:09 查询号码 【1929166】，返回信息 {"status":"ok","msg":"-","gid":"601021","time_insert":"2023-03-19 17:12"}
2023-11-19 00:48:09 查询号码 【1929166】，GSD为【"-"】
2023-11-19 00:48:09 ok && -
2023-11-19 00:48:13 CHB 1929166?1700326089 第 1 次 等待 3 秒
2023-11-19 00:48:16 CHB 1929166?1700326089 第 1 次 获取到号码【1929166】GSD
2023-11-19 00:48:16 0: 江苏-镇江
2023-11-19 00:48:16 获取到号码【1929166】的GSD为【江苏-镇江】
2023-11-19 00:48:21 GSD insert 第 1 次 等待 3 秒
2023-11-19 00:48:24 {"status":"ok","gid":"601021","msg":"添加号码已存在，但为‘-’，修改为【江苏-镇江】成功！"}

2023-11-19 01:13:24 开始第 9265 次操作

2023-11-19 01:13:24 开始操作号码 【1929167】
2023-11-19 01:13:28 GSD getOne 第 1 次 等待 3 秒
2023-11-19 01:13:31 查询号码 【1929167】，返回信息 {"status":"ok","msg":"-","gid":"601011","time_insert":"2023-03-19 17:00"}
2023-11-19 01:13:31 查询号码 【1929167】，GSD为【"-"】
2023-11-19 01:13:31 ok && -
2023-11-19 01:13:34 CHB 1929167?1700327611 第 1 次 等待 3 秒
2023-11-19 01:13:37 CHB 1929167?1700327611 第 1 次 获取到号码【1929167】GSD
2023-11-19 01:13:37 0: 江苏-镇江
2023-11-19 01:13:37 获取到号码【1929167】的GSD为【江苏-镇江】
2023-11-19 01:13:42 GSD insert 第 1 次 等待 3 秒
2023-11-19 01:13:45 {"status":"ok","gid":"601011","msg":"添加号码已存在，但为‘-’，修改为【江苏-镇江】成功！"}
2023-11-19 01:13:45 随机等待 126 秒，约 2 分钟
2023-11-19 01:13:45 下次操作: 2023-11-19 01:15:51

2023-11-19 01:15:51 开始第 9266 次操作

2023-11-19 01:15:51 开始操作号码 【1929168】
2023-11-19 01:16:00 GSD getOne 第 1 次 等待 3 秒
2023-11-19 01:16:03 查询号码 【1929168】，返回信息 {"status":"ok","msg":"-","gid":"601009","time_insert":"2023-03-19 16:58"}
2023-11-19 01:16:03 查询号码 【1929168】，GSD为【"-"】
2023-11-19 01:16:03 ok && -
2023-11-19 01:16:06 CHB 1929168?1700327763 第 1 次 等待 3 秒
2023-11-19 01:16:09 CHB 1929168?1700327763 第 1 次 获取到号码【1929168】GSD
2023-11-19 01:16:09 0: 江苏-镇江
2023-11-19 01:16:09 获取到号码【1929168】的GSD为【江苏-镇江】
2023-11-19 01:16:14 GSD insert 第 1 次 等待 3 秒
2023-11-19 01:16:17 {"status":"ok","gid":"601009","msg":"添加号码已存在，但为‘-’，修改为【江苏-镇江】成功！"}
2023-11-19 01:16:17 随机等待 139 秒，约 2 分钟
2023-11-19 01:16:17 下次操作: 2023-11-19 01:18:36

2023-11-19 01:18:36 开始第 9267 次操作

2023-11-19 01:18:36 开始操作号码 【1929169】
2023-11-19 01:18:40 GSD getOne 第 1 次 等待 3 秒
2023-11-19 01:18:43 查询号码 【1929169】，返回信息 {"status":"ok","msg":"-","gid":"601005","time_insert":"2023-03-19 16:57"}
2023-11-19 01:18:43 查询号码 【1929169】，GSD为【"-"】
2023-11-19 01:18:43 ok && -
2023-11-19 01:18:45 CHB 1929169?1700327923 第 1 次 等待 3 秒
2023-11-19 01:18:48 CHB 1929169?1700327923 第 1 次 获取到号码【1929169】GSD
2023-11-19 01:18:48 0: 江苏-镇江
2023-11-19 01:18:48 获取到号码【1929169】的GSD为【江苏-镇江】
2023-11-19 01:18:52 GSD insert 第 1 次 等待 3 秒
2023-11-19 01:18:55 {"status":"ok","gid":"601005","msg":"添加号码已存在，但为‘-’，修改为【江苏-镇江】成功！"}
2023-11-19 01:18:55 随机等待 133 秒，约 2 分钟
2023-11-19 01:18:55 下次操作: 2023-11-19 01:21:08

2023-11-19 01:21:08 开始第 9268 次操作

2023-11-19 01:21:08 开始操作号码 【1929170】
2023-11-19 01:21:13 GSD getOne 第 1 次 等待 3 秒
2023-11-19 01:21:16 查询号码 【1929170】，返回信息 {"status":"ok","msg":"-","gid":"600999","time_insert":"2023-03-19 16:54"}
2023-11-19 01:21:16 查询号码 【1929170】，GSD为【"-"】
2023-11-19 01:21:16 ok && -
2023-11-19 01:21:18 CHB 1929170?1700328076 第 1 次 等待 3 秒
2023-11-19 01:21:21 CHB 1929170?1700328076 第 1 次 获取到号码【1929170】GSD
2023-11-19 01:21:21 0: 江苏-南京
2023-11-19 01:21:21 获取到号码【1929170】的GSD为【江苏-南京】
2023-11-19 01:21:27 GSD insert 第 1 次 等待 3 秒
2023-11-19 01:21:30 {"status":"ok","gid":"600999","msg":"添加号码已存在，但为‘-’，修改为【江苏-南京】成功！"}

