2024-07-03 00:24:10 开始第 3897 次操作

2024-07-03 00:24:10 开始操作号码 【1493788】
2024-07-03 00:24:18 GSD getOne 第 1 次 等待 3 秒
2024-07-03 00:24:21 查询号码 【1493788】，返回信息 {"status":"ok","msg":"-","gid":"297116","time_insert":"2021-07-16 21:46"}
2024-07-03 00:24:21 查询号码 【1493788】，GSD为【"-"】
2024-07-03 00:24:21 ok && -
2024-07-03 00:24:23 CHB 1493788?1719937461 第 1 次 等待 3 秒
2024-07-03 00:24:26 CHB 1493788?1719937461 第 1 次 获取到号码【1493788】GSD
2024-07-03 00:24:26 未获取到号码【1493788】GSD，可能号码格式错误
2024-07-03 00:24:26 获取到号码【1493788】的GSD为【-】
2024-07-03 00:24:34 GSD insert 第 1 次 等待 3 秒
2024-07-03 00:24:37 {"status":"bad","gid":"297116","msg":"添加失败！号码【1493788(-|-)】已存在！"}
2024-07-03 00:24:37 随机等待 139 秒，约 2 分钟
2024-07-03 00:24:37 下次操作: 2024-07-03 00:26:56

2024-07-03 00:26:56 开始第 3898 次操作

2024-07-03 00:26:56 开始操作号码 【1493789】
2024-07-03 00:27:05 GSD getOne 第 1 次 等待 3 秒
2024-07-03 00:27:08 查询号码 【1493789】，返回信息 {"status":"ok","msg":"-","gid":"297130","time_insert":"2021-07-16 21:48"}
2024-07-03 00:27:08 查询号码 【1493789】，GSD为【"-"】
2024-07-03 00:27:08 ok && -
2024-07-03 00:27:11 CHB 1493789?1719937628 第 1 次 等待 3 秒
2024-07-03 00:27:14 CHB 1493789?1719937628 第 1 次 获取到号码【1493789】GSD
2024-07-03 00:27:14 未获取到号码【1493789】GSD，可能号码格式错误
2024-07-03 00:27:14 获取到号码【1493789】的GSD为【-】
2024-07-03 00:27:26 GSD insert 第 1 次 等待 3 秒
2024-07-03 00:27:29 {"status":"bad","gid":"297130","msg":"添加失败！号码【1493789(-|-)】已存在！"}
2024-07-03 00:27:29 随机等待 78 秒，约 1 分钟
2024-07-03 00:27:29 下次操作: 2024-07-03 00:28:47

2024-07-03 00:28:47 开始第 3899 次操作

2024-07-03 00:28:47 开始操作号码 【1493790】
2024-07-03 00:28:57 GSD getOne 第 1 次 等待 3 秒
2024-07-03 00:29:00 查询号码 【1493790】，返回信息 {"status":"ok","msg":"-","gid":"297141","time_insert":"2021-07-16 21:49"}
2024-07-03 00:29:00 查询号码 【1493790】，GSD为【"-"】
2024-07-03 00:29:00 ok && -
2024-07-03 00:29:02 CHB 1493790?1719937740 第 1 次 等待 3 秒
2024-07-03 00:29:05 CHB 1493790?1719937740 第 1 次 获取到号码【1493790】GSD
2024-07-03 00:29:05 未获取到号码【1493790】GSD，可能号码格式错误
2024-07-03 00:29:05 获取到号码【1493790】的GSD为【-】
2024-07-03 00:29:13 GSD insert 第 1 次 等待 3 秒
2024-07-03 00:29:16 {"status":"bad","gid":"297141","msg":"添加失败！号码【1493790(-|-)】已存在！"}
2024-07-03 00:29:16 随机等待 202 秒，约 3 分钟
2024-07-03 00:29:16 下次操作: 2024-07-03 00:32:38

2024-07-03 00:32:38 开始第 3900 次操作

2024-07-03 00:32:38 开始操作号码 【1493791】
2024-07-03 00:32:46 GSD getOne 第 1 次 等待 3 秒
2024-07-03 00:32:49 查询号码 【1493791】，返回信息 {"status":"ok","msg":"-","gid":"297150","time_insert":"2021-07-16 21:50"}
2024-07-03 00:32:49 查询号码 【1493791】，GSD为【"-"】
2024-07-03 00:32:49 ok && -
2024-07-03 00:32:51 CHB 1493791?1719937969 第 1 次 等待 3 秒
2024-07-03 00:32:54 CHB 1493791?1719937969 第 1 次 获取到号码【1493791】GSD
2024-07-03 00:32:54 未获取到号码【1493791】GSD，可能号码格式错误
2024-07-03 00:32:54 获取到号码【1493791】的GSD为【-】
2024-07-03 00:33:05 GSD insert 第 1 次 等待 3 秒
2024-07-03 00:33:08 {"status":"bad","gid":"297150","msg":"添加失败！号码【1493791(-|-)】已存在！"}

2024-07-03 00:41:52 开始第 3901 次操作

2024-07-03 00:41:52 开始操作号码 【1493792】
2024-07-03 00:42:00 GSD getOne 第 1 次 等待 3 秒
2024-07-03 00:42:03 查询号码 【1493792】，返回信息 {"status":"ok","msg":"-","gid":"297159","time_insert":"2021-07-16 21:50"}
2024-07-03 00:42:03 查询号码 【1493792】，GSD为【"-"】
2024-07-03 00:42:03 ok && -
2024-07-03 00:42:05 CHB 1493792?1719938523 第 1 次 等待 3 秒
2024-07-03 00:42:08 CHB 1493792?1719938523 第 1 次 获取到号码【1493792】GSD
2024-07-03 00:42:08 未获取到号码【1493792】GSD，可能号码格式错误
2024-07-03 00:42:08 获取到号码【1493792】的GSD为【-】
2024-07-03 00:42:16 GSD insert 第 1 次 等待 3 秒
2024-07-03 00:42:19 {"status":"bad","gid":"297159","msg":"添加失败！号码【1493792(-|-)】已存在！"}
2024-07-03 00:42:19 随机等待 120 秒，约 2 分钟
2024-07-03 00:42:19 下次操作: 2024-07-03 00:44:19

2024-07-03 00:44:19 开始第 3902 次操作

2024-07-03 00:44:19 开始操作号码 【1493793】
2024-07-03 00:44:27 GSD getOne 第 1 次 等待 3 秒
2024-07-03 00:44:30 查询号码 【1493793】，返回信息 {"status":"ok","msg":"-","gid":"297170","time_insert":"2021-07-16 21:51"}
2024-07-03 00:44:30 查询号码 【1493793】，GSD为【"-"】
2024-07-03 00:44:30 ok && -
2024-07-03 00:44:33 CHB 1493793?1719938670 第 1 次 等待 3 秒
2024-07-03 00:44:36 CHB 1493793?1719938670 第 1 次 获取到号码【1493793】GSD
2024-07-03 00:44:36 未获取到号码【1493793】GSD，可能号码格式错误
2024-07-03 00:44:36 获取到号码【1493793】的GSD为【-】
2024-07-03 00:44:44 GSD insert 第 1 次 等待 3 秒
2024-07-03 00:44:47 {"status":"bad","gid":"297170","msg":"添加失败！号码【1493793(-|-)】已存在！"}
2024-07-03 00:44:47 随机等待 70 秒，约 1 分钟
2024-07-03 00:44:47 下次操作: 2024-07-03 00:45:57

2024-07-03 00:45:57 开始第 3903 次操作

2024-07-03 00:45:57 开始操作号码 【1493794】
2024-07-03 00:46:08 GSD getOne 第 1 次 等待 3 秒
2024-07-03 00:46:11 查询号码 【1493794】，返回信息 {"status":"ok","msg":"-","gid":"297178","time_insert":"2021-07-16 21:52"}
2024-07-03 00:46:11 查询号码 【1493794】，GSD为【"-"】
2024-07-03 00:46:11 ok && -
2024-07-03 00:46:13 CHB 1493794?1719938771 第 1 次 等待 3 秒
2024-07-03 00:46:16 CHB 1493794?1719938771 第 1 次 获取到号码【1493794】GSD
2024-07-03 00:46:16 未获取到号码【1493794】GSD，可能号码格式错误
2024-07-03 00:46:16 获取到号码【1493794】的GSD为【-】
2024-07-03 00:46:26 GSD insert 第 1 次 等待 3 秒
2024-07-03 00:46:29 {"status":"bad","gid":"297178","msg":"添加失败！号码【1493794(-|-)】已存在！"}
2024-07-03 00:46:29 随机等待 155 秒，约 2 分钟
2024-07-03 00:46:29 下次操作: 2024-07-03 00:49:04

2024-07-03 00:49:04 开始第 3904 次操作

2024-07-03 00:49:04 开始操作号码 【1493795】
2024-07-03 00:49:12 GSD getOne 第 1 次 等待 3 秒
2024-07-03 00:49:15 查询号码 【1493795】，返回信息 {"status":"ok","msg":"-","gid":"297189","time_insert":"2021-07-16 21:53"}
2024-07-03 00:49:15 查询号码 【1493795】，GSD为【"-"】
2024-07-03 00:49:15 ok && -
2024-07-03 00:49:17 CHB 1493795?1719938955 第 1 次 等待 3 秒
2024-07-03 00:49:20 CHB 1493795?1719938955 第 1 次 获取到号码【1493795】GSD
2024-07-03 00:49:20 未获取到号码【1493795】GSD，可能号码格式错误
2024-07-03 00:49:20 获取到号码【1493795】的GSD为【-】
2024-07-03 00:49:28 GSD insert 第 1 次 等待 3 秒
2024-07-03 00:49:31 {"status":"bad","gid":"297189","msg":"添加失败！号码【1493795(-|-)】已存在！"}

2024-07-03 01:16:35 开始第 3905 次操作

2024-07-03 01:16:35 开始操作号码 【1493796】
2024-07-03 01:16:43 GSD getOne 第 1 次 等待 3 秒
2024-07-03 01:16:46 查询号码 【1493796】，返回信息 {"status":"ok","msg":"-","gid":"297196","time_insert":"2021-07-16 21:54"}
2024-07-03 01:16:46 查询号码 【1493796】，GSD为【"-"】
2024-07-03 01:16:46 ok && -
2024-07-03 01:16:49 CHB 1493796?1719940606 第 1 次 等待 3 秒
2024-07-03 01:16:52 CHB 1493796?1719940606 第 1 次 获取到号码【1493796】GSD
2024-07-03 01:16:52 未获取到号码【1493796】GSD，可能号码格式错误
2024-07-03 01:16:52 获取到号码【1493796】的GSD为【-】
2024-07-03 01:17:04 GSD insert 第 1 次 等待 3 秒
2024-07-03 01:17:07 {"status":"bad","gid":"297196","msg":"添加失败！号码【1493796(-|-)】已存在！"}
2024-07-03 01:17:07 随机等待 117 秒，约 1 分钟
2024-07-03 01:17:07 下次操作: 2024-07-03 01:19:04

2024-07-03 01:19:04 开始第 3906 次操作

2024-07-03 01:19:04 开始操作号码 【1493797】
2024-07-03 01:19:12 GSD getOne 第 1 次 等待 3 秒
2024-07-03 01:19:15 查询号码 【1493797】，返回信息 {"status":"ok","msg":"-","gid":"297201","time_insert":"2021-07-16 21:54"}
2024-07-03 01:19:15 查询号码 【1493797】，GSD为【"-"】
2024-07-03 01:19:15 ok && -
2024-07-03 01:19:17 CHB 1493797?1719940755 第 1 次 等待 3 秒
2024-07-03 01:19:20 CHB 1493797?1719940755 第 1 次 获取到号码【1493797】GSD
2024-07-03 01:19:20 未获取到号码【1493797】GSD，可能号码格式错误
2024-07-03 01:19:20 获取到号码【1493797】的GSD为【-】
2024-07-03 01:19:28 GSD insert 第 1 次 等待 3 秒
2024-07-03 01:19:31 {"status":"bad","gid":"297201","msg":"添加失败！号码【1493797(-|-)】已存在！"}
2024-07-03 01:19:31 随机等待 171 秒，约 2 分钟
2024-07-03 01:19:31 下次操作: 2024-07-03 01:22:22

2024-07-03 01:22:22 开始第 3907 次操作

2024-07-03 01:22:22 开始操作号码 【1493798】
2024-07-03 01:22:30 GSD getOne 第 1 次 等待 3 秒
2024-07-03 01:22:33 查询号码 【1493798】，返回信息 {"status":"ok","msg":"-","gid":"297209","time_insert":"2021-07-16 21:55"}
2024-07-03 01:22:33 查询号码 【1493798】，GSD为【"-"】
2024-07-03 01:22:33 ok && -
2024-07-03 01:22:34 CHB 1493798?1719940953 第 1 次 等待 3 秒
2024-07-03 01:22:37 CHB 1493798?1719940953 第 1 次 获取到号码【1493798】GSD
2024-07-03 01:22:37 未获取到号码【1493798】GSD，可能号码格式错误
2024-07-03 01:22:37 获取到号码【1493798】的GSD为【-】
2024-07-03 01:22:45 GSD insert 第 1 次 等待 3 秒
2024-07-03 01:22:48 {"status":"bad","gid":"297209","msg":"添加失败！号码【1493798(-|-)】已存在！"}
2024-07-03 01:22:48 随机等待 221 秒，约 3 分钟
2024-07-03 01:22:48 下次操作: 2024-07-03 01:26:29

2024-07-03 01:26:29 开始第 3908 次操作

2024-07-03 01:26:29 开始操作号码 【1493799】
2024-07-03 01:26:40 GSD getOne 第 1 次 等待 3 秒
2024-07-03 01:26:43 查询号码 【1493799】，返回信息 {"status":"ok","msg":"-","gid":"297214","time_insert":"2021-07-16 21:56"}
2024-07-03 01:26:43 查询号码 【1493799】，GSD为【"-"】
2024-07-03 01:26:43 ok && -
2024-07-03 01:26:45 CHB 1493799?1719941203 第 1 次 等待 3 秒
2024-07-03 01:26:48 CHB 1493799?1719941203 第 1 次 获取到号码【1493799】GSD
2024-07-03 01:26:48 未获取到号码【1493799】GSD，可能号码格式错误
2024-07-03 01:26:48 获取到号码【1493799】的GSD为【-】
2024-07-03 01:26:58 GSD insert 第 1 次 等待 3 秒
2024-07-03 01:27:01 {"status":"bad","gid":"297214","msg":"添加失败！号码【1493799(-|-)】已存在！"}

2024-07-03 01:37:05 开始第 3909 次操作

2024-07-03 01:37:05 开始操作号码 【1493800】
2024-07-03 01:37:14 GSD getOne 第 1 次 等待 3 秒
2024-07-03 01:37:17 查询号码 【1493800】，返回信息 {"status":"ok","msg":"-","gid":"297229","time_insert":"2021-07-16 21:57"}
2024-07-03 01:37:17 查询号码 【1493800】，GSD为【"-"】
2024-07-03 01:37:17 ok && -
2024-07-03 01:37:19 CHB 1493800?1719941837 第 1 次 等待 3 秒
2024-07-03 01:37:22 CHB 1493800?1719941837 第 1 次 获取到号码【1493800】GSD
2024-07-03 01:37:22 未获取到号码【1493800】GSD，可能号码格式错误
2024-07-03 01:37:22 获取到号码【1493800】的GSD为【-】
2024-07-03 01:37:32 GSD insert 第 1 次 等待 3 秒
2024-07-03 01:37:35 {"status":"bad","gid":"297229","msg":"添加失败！号码【1493800(-|-)】已存在！"}
2024-07-03 01:37:35 随机等待 172 秒，约 2 分钟
2024-07-03 01:37:35 下次操作: 2024-07-03 01:40:27

2024-07-03 01:40:27 开始第 3910 次操作

2024-07-03 01:40:27 开始操作号码 【1493801】
2024-07-03 01:40:36 GSD getOne 第 1 次 等待 3 秒
2024-07-03 01:40:39 查询号码 【1493801】，返回信息 {"status":"ok","msg":"-","gid":"297239","time_insert":"2021-07-16 21:58"}
2024-07-03 01:40:39 查询号码 【1493801】，GSD为【"-"】
2024-07-03 01:40:39 ok && -
2024-07-03 01:40:42 CHB 1493801?1719942039 第 1 次 等待 3 秒
2024-07-03 01:40:45 CHB 1493801?1719942039 第 1 次 获取到号码【1493801】GSD
2024-07-03 01:40:45 未获取到号码【1493801】GSD，可能号码格式错误
2024-07-03 01:40:45 获取到号码【1493801】的GSD为【-】
2024-07-03 01:40:53 GSD insert 第 1 次 等待 3 秒
2024-07-03 01:40:56 {"status":"bad","gid":"297239","msg":"添加失败！号码【1493801(-|-)】已存在！"}
2024-07-03 01:40:56 随机等待 128 秒，约 2 分钟
2024-07-03 01:40:56 下次操作: 2024-07-03 01:43:04

2024-07-03 01:43:04 开始第 3911 次操作

2024-07-03 01:43:04 开始操作号码 【1493802】
2024-07-03 01:43:13 GSD getOne 第 1 次 等待 3 秒
2024-07-03 01:43:16 查询号码 【1493802】，返回信息 {"status":"ok","msg":"-","gid":"297246","time_insert":"2021-07-16 21:58"}
2024-07-03 01:43:16 查询号码 【1493802】，GSD为【"-"】
2024-07-03 01:43:16 ok && -
2024-07-03 01:43:18 CHB 1493802?1719942196 第 1 次 等待 3 秒
2024-07-03 01:43:21 CHB 1493802?1719942196 第 1 次 获取到号码【1493802】GSD
2024-07-03 01:43:21 未获取到号码【1493802】GSD，可能号码格式错误
2024-07-03 01:43:21 获取到号码【1493802】的GSD为【-】
2024-07-03 01:43:30 GSD insert 第 1 次 等待 3 秒
2024-07-03 01:43:33 {"status":"bad","gid":"297246","msg":"添加失败！号码【1493802(-|-)】已存在！"}
2024-07-03 01:43:33 随机等待 226 秒，约 3 分钟
2024-07-03 01:43:33 下次操作: 2024-07-03 01:47:19

2024-07-03 01:47:19 开始第 3912 次操作

2024-07-03 01:47:19 开始操作号码 【1493803】
2024-07-03 01:47:27 GSD getOne 第 1 次 等待 3 秒
2024-07-03 01:47:30 查询号码 【1493803】，返回信息 {"status":"ok","msg":"-","gid":"297261","time_insert":"2021-07-16 22:00"}
2024-07-03 01:47:30 查询号码 【1493803】，GSD为【"-"】
2024-07-03 01:47:30 ok && -
2024-07-03 01:47:32 CHB 1493803?1719942450 第 1 次 等待 3 秒
2024-07-03 01:47:35 CHB 1493803?1719942450 第 1 次 获取到号码【1493803】GSD
2024-07-03 01:47:35 未获取到号码【1493803】GSD，可能号码格式错误
2024-07-03 01:47:35 获取到号码【1493803】的GSD为【-】
2024-07-03 01:47:46 GSD insert 第 1 次 等待 3 秒
2024-07-03 01:47:49 {"status":"bad","gid":"297261","msg":"添加失败！号码【1493803(-|-)】已存在！"}

2024-07-03 02:24:20 开始第 3913 次操作

2024-07-03 02:24:20 开始操作号码 【1493804】
2024-07-03 02:24:29 GSD getOne 第 1 次 等待 3 秒
2024-07-03 02:24:32 查询号码 【1493804】，返回信息 {"status":"ok","msg":"-","gid":"297270","time_insert":"2021-07-16 22:01"}
2024-07-03 02:24:32 查询号码 【1493804】，GSD为【"-"】
2024-07-03 02:24:32 ok && -
2024-07-03 02:24:34 CHB 1493804?1719944672 第 1 次 等待 3 秒
2024-07-03 02:24:37 CHB 1493804?1719944672 第 1 次 获取到号码【1493804】GSD
2024-07-03 02:24:37 未获取到号码【1493804】GSD，可能号码格式错误
2024-07-03 02:24:37 获取到号码【1493804】的GSD为【-】
2024-07-03 02:24:55 GSD insert 第 1 次 等待 3 秒
2024-07-03 02:24:58 {"status":"bad","gid":"297270","msg":"添加失败！号码【1493804(-|-)】已存在！"}
2024-07-03 02:24:58 随机等待 145 秒，约 2 分钟
2024-07-03 02:24:58 下次操作: 2024-07-03 02:27:23

2024-07-03 02:27:23 开始第 3914 次操作

2024-07-03 02:27:23 开始操作号码 【1493805】
2024-07-03 02:27:31 GSD getOne 第 1 次 等待 3 秒
2024-07-03 02:27:34 查询号码 【1493805】，返回信息 {"status":"ok","msg":"-","gid":"297278","time_insert":"2021-07-16 22:01"}
2024-07-03 02:27:34 查询号码 【1493805】，GSD为【"-"】
2024-07-03 02:27:34 ok && -
2024-07-03 02:27:37 CHB 1493805?1719944854 第 1 次 等待 3 秒
2024-07-03 02:27:40 CHB 1493805?1719944854 第 1 次 获取到号码【1493805】GSD
2024-07-03 02:27:40 未获取到号码【1493805】GSD，可能号码格式错误
2024-07-03 02:27:40 获取到号码【1493805】的GSD为【-】
2024-07-03 02:27:48 GSD insert 第 1 次 等待 3 秒
2024-07-03 02:27:51 {"status":"bad","gid":"297278","msg":"添加失败！号码【1493805(-|-)】已存在！"}
2024-07-03 02:27:51 随机等待 91 秒，约 1 分钟
2024-07-03 02:27:51 下次操作: 2024-07-03 02:29:22

2024-07-03 02:29:22 开始第 3915 次操作

2024-07-03 02:29:22 开始操作号码 【1493806】
2024-07-03 02:29:31 GSD getOne 第 1 次 等待 3 秒
2024-07-03 02:29:34 查询号码 【1493806】，返回信息 {"status":"ok","msg":"-","gid":"297287","time_insert":"2021-07-16 22:02"}
2024-07-03 02:29:34 查询号码 【1493806】，GSD为【"-"】
2024-07-03 02:29:34 ok && -
2024-07-03 02:29:35 CHB 1493806?1719944974 第 1 次 等待 3 秒
2024-07-03 02:29:38 CHB 1493806?1719944974 第 1 次 获取到号码【1493806】GSD
2024-07-03 02:29:38 未获取到号码【1493806】GSD，可能号码格式错误
2024-07-03 02:29:38 获取到号码【1493806】的GSD为【-】
2024-07-03 02:29:46 GSD insert 第 1 次 等待 3 秒
2024-07-03 02:29:49 {"status":"bad","gid":"297287","msg":"添加失败！号码【1493806(-|-)】已存在！"}
2024-07-03 02:29:49 随机等待 76 秒，约 1 分钟
2024-07-03 02:29:49 下次操作: 2024-07-03 02:31:05

2024-07-03 02:31:05 开始第 3916 次操作

2024-07-03 02:31:05 开始操作号码 【1493807】
2024-07-03 02:31:17 GSD getOne 第 1 次 等待 3 秒
2024-07-03 02:31:20 查询号码 【1493807】，返回信息 {"status":"ok","msg":"-","gid":"297298","time_insert":"2021-07-16 22:02"}
2024-07-03 02:31:20 查询号码 【1493807】，GSD为【"-"】
2024-07-03 02:31:20 ok && -
2024-07-03 02:31:22 CHB 1493807?1719945080 第 1 次 等待 3 秒
2024-07-03 02:31:25 CHB 1493807?1719945080 第 1 次 获取到号码【1493807】GSD
2024-07-03 02:31:25 未获取到号码【1493807】GSD，可能号码格式错误
2024-07-03 02:31:25 获取到号码【1493807】的GSD为【-】
2024-07-03 02:31:35 GSD insert 第 1 次 等待 3 秒
2024-07-03 02:31:38 {"status":"bad","gid":"297298","msg":"添加失败！号码【1493807(-|-)】已存在！"}

2024-07-03 02:40:08 开始第 3917 次操作

2024-07-03 02:40:08 开始操作号码 【1493808】
2024-07-03 02:40:21 GSD getOne 第 1 次 等待 3 秒
2024-07-03 02:40:24 查询号码 【1493808】，返回信息 {"status":"ok","msg":"-","gid":"297307","time_insert":"2021-07-16 22:03"}
2024-07-03 02:40:24 查询号码 【1493808】，GSD为【"-"】
2024-07-03 02:40:24 ok && -
2024-07-03 02:40:26 CHB 1493808?1719945624 第 1 次 等待 3 秒
2024-07-03 02:40:29 CHB 1493808?1719945624 第 1 次 获取到号码【1493808】GSD
2024-07-03 02:40:29 未获取到号码【1493808】GSD，可能号码格式错误
2024-07-03 02:40:29 获取到号码【1493808】的GSD为【-】
2024-07-03 02:40:37 GSD insert 第 1 次 等待 3 秒
2024-07-03 02:40:40 {"status":"bad","gid":"297307","msg":"添加失败！号码【1493808(-|-)】已存在！"}
2024-07-03 02:40:40 随机等待 174 秒，约 2 分钟
2024-07-03 02:40:40 下次操作: 2024-07-03 02:43:34

2024-07-03 02:43:34 开始第 3918 次操作

2024-07-03 02:43:34 开始操作号码 【1493809】
2024-07-03 02:43:44 GSD getOne 第 1 次 等待 3 秒
2024-07-03 02:43:47 查询号码 【1493809】，返回信息 {"status":"ok","msg":"-","gid":"297313","time_insert":"2021-07-16 22:04"}
2024-07-03 02:43:47 查询号码 【1493809】，GSD为【"-"】
2024-07-03 02:43:47 ok && -
2024-07-03 02:43:48 CHB 1493809?1719945827 第 1 次 等待 3 秒
2024-07-03 02:43:51 CHB 1493809?1719945827 第 1 次 获取到号码【1493809】GSD
2024-07-03 02:43:51 未获取到号码【1493809】GSD，可能号码格式错误
2024-07-03 02:43:51 获取到号码【1493809】的GSD为【-】
2024-07-03 02:43:59 GSD insert 第 1 次 等待 3 秒
2024-07-03 02:44:02 {"status":"bad","gid":"297313","msg":"添加失败！号码【1493809(-|-)】已存在！"}
2024-07-03 02:44:02 随机等待 129 秒，约 2 分钟
2024-07-03 02:44:02 下次操作: 2024-07-03 02:46:11

2024-07-03 02:46:11 开始第 3919 次操作

2024-07-03 02:46:11 开始操作号码 【1493810】
2024-07-03 02:46:20 GSD getOne 第 1 次 等待 3 秒
2024-07-03 02:46:23 查询号码 【1493810】，返回信息 {"status":"ok","msg":"-","gid":"297322","time_insert":"2021-07-16 22:05"}
2024-07-03 02:46:23 查询号码 【1493810】，GSD为【"-"】
2024-07-03 02:46:23 ok && -
2024-07-03 02:46:25 CHB 1493810?1719945983 第 1 次 等待 3 秒
2024-07-03 02:46:28 CHB 1493810?1719945983 第 1 次 获取到号码【1493810】GSD
2024-07-03 02:46:28 未获取到号码【1493810】GSD，可能号码格式错误
2024-07-03 02:46:28 获取到号码【1493810】的GSD为【-】
2024-07-03 02:46:37 GSD insert 第 1 次 等待 3 秒
2024-07-03 02:46:40 {"status":"bad","gid":"297322","msg":"添加失败！号码【1493810(-|-)】已存在！"}
2024-07-03 02:46:40 随机等待 214 秒，约 3 分钟
2024-07-03 02:46:40 下次操作: 2024-07-03 02:50:14

2024-07-03 02:50:14 开始第 3920 次操作

2024-07-03 02:50:14 开始操作号码 【1493811】
2024-07-03 02:50:22 GSD getOne 第 1 次 等待 3 秒
2024-07-03 02:50:25 查询号码 【1493811】，返回信息 {"status":"ok","msg":"-","gid":"297334","time_insert":"2021-07-16 22:06"}
2024-07-03 02:50:25 查询号码 【1493811】，GSD为【"-"】
2024-07-03 02:50:25 ok && -
2024-07-03 02:50:27 CHB 1493811?1719946225 第 1 次 等待 3 秒
2024-07-03 02:50:30 CHB 1493811?1719946225 第 1 次 获取到号码【1493811】GSD
2024-07-03 02:50:30 未获取到号码【1493811】GSD，可能号码格式错误
2024-07-03 02:50:30 获取到号码【1493811】的GSD为【-】
2024-07-03 02:50:38 GSD insert 第 1 次 等待 3 秒
2024-07-03 02:50:41 {"status":"bad","gid":"297334","msg":"添加失败！号码【1493811(-|-)】已存在！"}

