2024-01-10 00:22:07 开始第 7833 次操作

2024-01-10 00:22:07 开始操作号码 【1827735】
2024-01-10 00:22:26 GSD getOne 第 1 次 等待 3 秒
2024-01-10 00:22:29 查询号码 【1827735】，返回信息 {"status":"ok","msg":"广西-桂林","gid":"404415","time_insert":"2021-07-26 19:06"}
2024-01-10 00:22:29 查询号码 【1827735】，GSD为【"广西-桂林"】

2024-01-10 00:22:30 开始第 7834 次操作

2024-01-10 00:22:30 开始操作号码 【1827736】
2024-01-10 00:22:34 GSD getOne 第 1 次 等待 3 秒
2024-01-10 00:22:37 查询号码 【1827736】，返回信息 {"status":"ok","msg":"广西-桂林","gid":"404397","time_insert":"2021-07-26 19:06"}
2024-01-10 00:22:37 查询号码 【1827736】，GSD为【"广西-桂林"】

2024-01-10 00:22:38 开始第 7835 次操作

2024-01-10 00:22:38 开始操作号码 【1827737】
2024-01-10 00:22:43 GSD getOne 第 1 次 等待 3 秒
2024-01-10 00:22:46 查询号码 【1827737】，返回信息 {"status":"ok","msg":"广西-桂林","gid":"404380","time_insert":"2021-07-26 19:05"}
2024-01-10 00:22:46 查询号码 【1827737】，GSD为【"广西-桂林"】

2024-01-10 00:22:47 开始第 7836 次操作

2024-01-10 00:22:47 开始操作号码 【1827738】
2024-01-10 00:22:50 GSD getOne 第 1 次 等待 3 秒
2024-01-10 00:22:53 查询号码 【1827738】，返回信息 {"status":"ok","msg":"广西-桂林","gid":"50892","time_insert":"2021-04-21 17:27"}
2024-01-10 00:22:53 查询号码 【1827738】，GSD为【"广西-桂林"】

