2024-06-11 00:22:54 开始第 107 次操作
2024-06-11 00:22:54 号码【160（0000 ---> 9999）】处理完毕
2024-06-11 00:41:17 开始第 107 次操作
2024-06-11 00:41:17 号码【160（0000 ---> 9999）】处理完毕
2024-06-11 01:16:07 开始第 107 次操作
2024-06-11 01:16:07 号码【160（0000 ---> 9999）】处理完毕
2024-06-11 01:37:22 开始第 107 次操作
2024-06-11 01:37:22 号码【160（0000 ---> 9999）】处理完毕
2024-06-11 02:23:56 开始第 107 次操作
2024-06-11 02:23:56 号码【160（0000 ---> 9999）】处理完毕
2024-06-11 02:39:54 开始第 107 次操作
2024-06-11 02:39:54 号码【160（0000 ---> 9999）】处理完毕
2024-06-11 03:14:37 开始第 107 次操作
2024-06-11 03:14:37 号码【160（0000 ---> 9999）】处理完毕
2024-06-11 03:37:16 开始第 107 次操作
2024-06-11 03:37:16 号码【160（0000 ---> 9999）】处理完毕
2024-06-11 04:18:26 开始第 107 次操作
2024-06-11 04:18:26 号码【160（0000 ---> 9999）】处理完毕
2024-06-11 04:37:29 开始第 107 次操作
2024-06-11 04:37:29 号码【160（0000 ---> 9999）】处理完毕
2024-06-11 05:17:48 开始第 107 次操作
2024-06-11 05:17:48 号码【160（0000 ---> 9999）】处理完毕
2024-06-11 05:38:15 开始第 107 次操作
2024-06-11 05:38:15 号码【160（0000 ---> 9999）】处理完毕
2024-06-11 06:17:54 开始第 107 次操作
2024-06-11 06:17:54 号码【160（0000 ---> 9999）】处理完毕
2024-06-11 06:38:13 开始第 107 次操作
2024-06-11 06:38:13 号码【160（0000 ---> 9999）】处理完毕
2024-06-11 07:17:44 开始第 107 次操作
2024-06-11 07:17:44 号码【160（0000 ---> 9999）】处理完毕
2024-06-11 07:37:46 开始第 107 次操作
2024-06-11 07:37:46 号码【160（0000 ---> 9999）】处理完毕
2024-06-11 08:51:33 开始第 107 次操作

2024-06-11 08:51:33 开始操作号码 【1490001】
2024-06-11 08:51:41 GSD getOne 第 1 次 等待 3 秒
2024-06-11 08:51:44 查询号码 【1490001】，返回信息 {"status":"ok","msg":"-","gid":"66519","time_insert":"2021-05-24 10:20"}
2024-06-11 08:51:44 查询号码 【1490001】，GSD为【"-"】
2024-06-11 08:51:44 ok && -
2024-06-11 08:51:46 CHB 1490001?1718067104 第 1 次 等待 3 秒
2024-06-11 08:51:49 CHB 1490001?1718067104 第 1 次 获取到号码【1490001】GSD
2024-06-11 08:51:49 未获取到号码【1490001】GSD，可能号码格式错误
2024-06-11 08:51:49 获取到号码【1490001】的GSD为【-】
2024-06-11 08:51:59 GSD insert 第 1 次 等待 3 秒
2024-06-11 08:52:02 {"status":"bad","gid":"66519","msg":"添加失败！号码【1490001(-|-)】已存在！"}
2024-06-11 08:52:02 随机等待 195 秒，约 3 分钟
2024-06-11 08:52:02 下次操作: 2024-06-11 08:55:17

2024-06-11 08:55:17 开始第 108 次操作

2024-06-11 08:55:17 开始操作号码 【1490002】
2024-06-11 08:55:21 GSD getOne 第 1 次 等待 3 秒
2024-06-11 08:55:24 查询号码 【1490002】，返回信息 {"status":"ok","msg":"-","gid":"251106","time_insert":"2021-07-11 21:44"}
2024-06-11 08:55:24 查询号码 【1490002】，GSD为【"-"】
2024-06-11 08:55:24 ok && -
2024-06-11 08:55:26 CHB 1490002?1718067324 第 1 次 等待 3 秒
2024-06-11 08:55:29 CHB 1490002?1718067324 第 1 次 获取到号码【1490002】GSD
2024-06-11 08:55:29 未获取到号码【1490002】GSD，可能号码格式错误
2024-06-11 08:55:29 获取到号码【1490002】的GSD为【-】
2024-06-11 08:55:33 GSD insert 第 1 次 等待 3 秒
2024-06-11 08:55:36 {"status":"bad","gid":"251106","msg":"添加失败！号码【1490002(-|-)】已存在！"}

