2024-02-17 00:19:57 开始第 4113 次操作

2024-02-17 00:19:57 开始操作号码 【1714015】
2024-02-17 00:20:03 GSD getOne 第 1 次 等待 3 秒
2024-02-17 00:20:06 查询号码 【1714015】，返回信息 {"status":"ok","msg":"上海-上海","gid":"175977","time_insert":"2021-07-02 19:10"}
2024-02-17 00:20:06 查询号码 【1714015】，GSD为【"上海-上海"】

2024-02-17 00:20:07 开始第 4114 次操作

2024-02-17 00:20:07 开始操作号码 【1714016】
2024-02-17 00:20:12 GSD getOne 第 1 次 等待 3 秒
2024-02-17 00:20:15 查询号码 【1714016】，返回信息 {"status":"ok","msg":"上海-上海","gid":"175982","time_insert":"2021-07-02 19:11"}
2024-02-17 00:20:15 查询号码 【1714016】，GSD为【"上海-上海"】

2024-02-17 00:20:16 开始第 4115 次操作

2024-02-17 00:20:16 开始操作号码 【1714017】
2024-02-17 00:20:24 GSD getOne 第 1 次 等待 3 秒
2024-02-17 00:20:27 查询号码 【1714017】，返回信息 {"status":"ok","msg":"上海-上海","gid":"175988","time_insert":"2021-07-02 19:12"}
2024-02-17 00:20:27 查询号码 【1714017】，GSD为【"上海-上海"】

2024-02-17 00:20:28 开始第 4116 次操作

2024-02-17 00:20:28 开始操作号码 【1714018】
2024-02-17 00:20:32 GSD getOne 第 1 次 等待 3 秒
2024-02-17 00:20:35 查询号码 【1714018】，返回信息 {"status":"ok","msg":"上海-上海","gid":"175992","time_insert":"2021-07-02 19:13"}
2024-02-17 00:20:35 查询号码 【1714018】，GSD为【"上海-上海"】

2024-02-17 00:38:50 开始第 4117 次操作

2024-02-17 00:38:50 开始操作号码 【1714019】
2024-02-17 00:38:58 GSD getOne 第 1 次 等待 3 秒
2024-02-17 00:39:01 查询号码 【1714019】，返回信息 {"status":"ok","msg":"上海-上海","gid":"175996","time_insert":"2021-07-02 19:13"}
2024-02-17 00:39:01 查询号码 【1714019】，GSD为【"上海-上海"】

2024-02-17 00:39:02 开始第 4118 次操作

2024-02-17 00:39:02 开始操作号码 【1714020】
2024-02-17 00:39:07 GSD getOne 第 1 次 等待 3 秒
2024-02-17 00:39:10 查询号码 【1714020】，返回信息 {"status":"ok","msg":"广东-广州","gid":"176001","time_insert":"2021-07-02 19:14"}
2024-02-17 00:39:10 查询号码 【1714020】，GSD为【"广东-广州"】

2024-02-17 00:39:11 开始第 4119 次操作

2024-02-17 00:39:11 开始操作号码 【1714021】
2024-02-17 00:39:16 GSD getOne 第 1 次 等待 3 秒
2024-02-17 00:39:19 查询号码 【1714021】，返回信息 {"status":"ok","msg":"上海-上海","gid":"176008","time_insert":"2021-07-02 19:15"}
2024-02-17 00:39:19 查询号码 【1714021】，GSD为【"上海-上海"】

2024-02-17 00:39:20 开始第 4120 次操作

2024-02-17 00:39:20 开始操作号码 【1714022】
2024-02-17 00:39:25 GSD getOne 第 1 次 等待 3 秒
2024-02-17 00:39:28 查询号码 【1714022】，返回信息 {"status":"ok","msg":"天津-天津","gid":"176012","time_insert":"2021-07-02 19:16"}
2024-02-17 00:39:28 查询号码 【1714022】，GSD为【"天津-天津"】

