2024-11-05 00:12:45 开始第 3237 次操作

2024-11-05 00:12:45 开始操作号码 【1303236】
2024-11-05 00:12:46 GSD getOne 第 1 次 等待 3 秒
2024-11-05 00:12:49 查询号码 【1303236】，返回信息 {"status":"ok","msg":"重庆-重庆","gid":"233","time_insert":"2017-07-18 11:48","time_update":"2021-01-02 19:43"}
2024-11-05 00:12:49 查询号码 【1303236】，GSD为【"重庆-重庆"】

2024-11-05 00:12:50 开始第 3238 次操作

2024-11-05 00:12:50 开始操作号码 【1303237】
2024-11-05 00:12:51 GSD getOne 第 1 次 等待 3 秒
2024-11-05 00:12:54 查询号码 【1303237】，返回信息 {"status":"ok","msg":"重庆-重庆","gid":"234","time_insert":"2018-01-12 08:37","time_update":"2021-01-02 19:50"}
2024-11-05 00:12:54 查询号码 【1303237】，GSD为【"重庆-重庆"】

2024-11-05 00:12:55 开始第 3239 次操作

2024-11-05 00:12:55 开始操作号码 【1303238】
2024-11-05 00:12:56 GSD getOne 第 1 次 等待 3 秒
2024-11-05 00:12:59 查询号码 【1303238】，返回信息 {"status":"ok","msg":"重庆-重庆","gid":"235","time_insert":"2018-01-14 12:07","time_update":"2021-01-02 19:56"}
2024-11-05 00:12:59 查询号码 【1303238】，GSD为【"重庆-重庆"】

2024-11-05 00:13:00 开始第 3240 次操作

2024-11-05 00:13:00 开始操作号码 【1303239】
2024-11-05 00:13:01 GSD getOne 第 1 次 等待 3 秒
2024-11-05 00:13:04 查询号码 【1303239】，返回信息 {"status":"ok","msg":"重庆-重庆","gid":"64950","time_insert":"2021-05-22 19:14"}
2024-11-05 00:13:04 查询号码 【1303239】，GSD为【"重庆-重庆"】

2024-11-05 00:41:11 开始第 3241 次操作

2024-11-05 00:41:11 开始操作号码 【1303240】
2024-11-05 00:41:13 GSD getOne 第 1 次 等待 3 秒
2024-11-05 00:41:16 查询号码 【1303240】，返回信息 {"status":"ok","msg":"辽宁-沈阳","gid":"64960","time_insert":"2021-05-22 19:36"}
2024-11-05 00:41:16 查询号码 【1303240】，GSD为【"辽宁-沈阳"】

2024-11-05 00:41:17 开始第 3242 次操作

2024-11-05 00:41:17 开始操作号码 【1303241】
2024-11-05 00:41:18 GSD getOne 第 1 次 等待 3 秒
2024-11-05 00:41:21 查询号码 【1303241】，返回信息 {"status":"ok","msg":"辽宁-沈阳","gid":"64975","time_insert":"2021-05-22 19:57"}
2024-11-05 00:41:21 查询号码 【1303241】，GSD为【"辽宁-沈阳"】

2024-11-05 00:41:22 开始第 3243 次操作

2024-11-05 00:41:22 开始操作号码 【1303242】
2024-11-05 00:41:23 GSD getOne 第 1 次 等待 3 秒
2024-11-05 00:41:26 查询号码 【1303242】，返回信息 {"status":"ok","msg":"辽宁-沈阳","gid":"64994","time_insert":"2021-05-22 20:26"}
2024-11-05 00:41:26 查询号码 【1303242】，GSD为【"辽宁-沈阳"】

2024-11-05 00:41:27 开始第 3244 次操作

2024-11-05 00:41:27 开始操作号码 【1303243】
2024-11-05 00:41:28 GSD getOne 第 1 次 等待 3 秒
2024-11-05 00:41:31 查询号码 【1303243】，返回信息 {"status":"ok","msg":"辽宁-沈阳","gid":"65002","time_insert":"2021-05-22 20:46"}
2024-11-05 00:41:31 查询号码 【1303243】，GSD为【"辽宁-沈阳"】

2024-11-05 01:09:13 开始第 3245 次操作

2024-11-05 01:09:13 开始操作号码 【1303244】
2024-11-05 01:09:14 GSD getOne 第 1 次 等待 3 秒
2024-11-05 01:09:17 查询号码 【1303244】，返回信息 {"status":"ok","msg":"辽宁-沈阳","gid":"65012","time_insert":"2021-05-22 21:02"}
2024-11-05 01:09:17 查询号码 【1303244】，GSD为【"辽宁-沈阳"】

2024-11-05 01:09:18 开始第 3246 次操作

2024-11-05 01:09:18 开始操作号码 【1303245】
2024-11-05 01:09:19 GSD getOne 第 1 次 等待 3 秒
2024-11-05 01:09:22 查询号码 【1303245】，返回信息 {"status":"ok","msg":"辽宁-沈阳","gid":"65022","time_insert":"2021-05-22 21:17"}
2024-11-05 01:09:23 查询号码 【1303245】，GSD为【"辽宁-沈阳"】

2024-11-05 01:09:24 开始第 3247 次操作

2024-11-05 01:09:24 开始操作号码 【1303246】
2024-11-05 01:09:25 GSD getOne 第 1 次 等待 3 秒
2024-11-05 01:09:28 查询号码 【1303246】，返回信息 {"status":"ok","msg":"辽宁-沈阳","gid":"65038","time_insert":"2021-05-22 21:38"}
2024-11-05 01:09:28 查询号码 【1303246】，GSD为【"辽宁-沈阳"】

2024-11-05 01:09:29 开始第 3248 次操作

2024-11-05 01:09:29 开始操作号码 【1303247】
2024-11-05 01:09:30 GSD getOne 第 1 次 等待 3 秒
2024-11-05 01:09:33 查询号码 【1303247】，返回信息 {"status":"ok","msg":"辽宁-沈阳","gid":"65052","time_insert":"2021-05-22 21:59"}
2024-11-05 01:09:33 查询号码 【1303247】，GSD为【"辽宁-沈阳"】

2024-11-05 01:35:35 开始第 3249 次操作

2024-11-05 01:35:35 开始操作号码 【1303248】
2024-11-05 01:35:36 GSD getOne 第 1 次 等待 3 秒
2024-11-05 01:35:39 查询号码 【1303248】，返回信息 {"status":"ok","msg":"辽宁-沈阳","gid":"65060","time_insert":"2021-05-22 22:11"}
2024-11-05 01:35:39 查询号码 【1303248】，GSD为【"辽宁-沈阳"】

2024-11-05 01:35:40 开始第 3250 次操作

2024-11-05 01:35:40 开始操作号码 【1303249】
2024-11-05 01:35:41 GSD getOne 第 1 次 等待 3 秒
2024-11-05 01:35:44 查询号码 【1303249】，返回信息 {"status":"ok","msg":"辽宁-沈阳","gid":"65078","time_insert":"2021-05-22 22:38"}
2024-11-05 01:35:44 查询号码 【1303249】，GSD为【"辽宁-沈阳"】

2024-11-05 01:35:45 开始第 3251 次操作

2024-11-05 01:35:45 开始操作号码 【1303250】
2024-11-05 01:35:46 GSD getOne 第 1 次 等待 3 秒
2024-11-05 01:35:49 查询号码 【1303250】，返回信息 {"status":"ok","msg":"江苏-常州","gid":"236","time_insert":"2014-07-03 16:29","time_update":"2020-08-23 18:30"}
2024-11-05 01:35:49 查询号码 【1303250】，GSD为【"江苏-常州"】

2024-11-05 01:35:50 开始第 3252 次操作

2024-11-05 01:35:50 开始操作号码 【1303251】
2024-11-05 01:35:50 GSD getOne 第 1 次 等待 3 秒
2024-11-05 01:35:53 查询号码 【1303251】，返回信息 {"status":"ok","msg":"江苏-常州","gid":"65088","time_insert":"2021-05-22 22:56"}
2024-11-05 01:35:53 查询号码 【1303251】，GSD为【"江苏-常州"】

2024-11-05 02:13:25 开始第 3253 次操作

2024-11-05 02:13:25 开始操作号码 【1303252】
2024-11-05 02:13:26 GSD getOne 第 1 次 等待 3 秒
2024-11-05 02:13:29 查询号码 【1303252】，返回信息 {"status":"ok","msg":"江苏-苏州","gid":"65103","time_insert":"2021-05-22 23:20"}
2024-11-05 02:13:29 查询号码 【1303252】，GSD为【"江苏-苏州"】

2024-11-05 02:13:30 开始第 3254 次操作

2024-11-05 02:13:30 开始操作号码 【1303253】
2024-11-05 02:13:31 GSD getOne 第 1 次 等待 3 秒
2024-11-05 02:13:34 查询号码 【1303253】，返回信息 {"status":"ok","msg":"江苏-苏州","gid":"65118","time_insert":"2021-05-22 23:48"}
2024-11-05 02:13:34 查询号码 【1303253】，GSD为【"江苏-苏州"】

2024-11-05 02:13:35 开始第 3255 次操作

2024-11-05 02:13:35 开始操作号码 【1303254】
2024-11-05 02:13:36 GSD getOne 第 1 次 等待 3 秒
2024-11-05 02:13:39 查询号码 【1303254】，返回信息 {"status":"ok","msg":"江苏-南京","gid":"65134","time_insert":"2021-05-23 00:17"}
2024-11-05 02:13:39 查询号码 【1303254】，GSD为【"江苏-南京"】

2024-11-05 02:13:40 开始第 3256 次操作

2024-11-05 02:13:40 开始操作号码 【1303255】
2024-11-05 02:13:41 GSD getOne 第 1 次 等待 3 秒
2024-11-05 02:13:44 查询号码 【1303255】，返回信息 {"status":"ok","msg":"江苏-南京","gid":"237","time_insert":"2017-05-11 09:33","time_update":"2020-08-23 18:34"}
2024-11-05 02:13:44 查询号码 【1303255】，GSD为【"江苏-南京"】

