2024-02-02 00:20:04 开始第 1413 次操作

2024-02-02 00:20:04 开始操作号码 【1711315】
2024-02-02 00:20:08 GSD getOne 第 1 次 等待 3 秒
2024-02-02 00:20:11 查询号码 【1711315】，返回信息 {"status":"ok","msg":"辽宁-锦州","gid":"146478","time_insert":"2021-06-28 13:08"}
2024-02-02 00:20:11 查询号码 【1711315】，GSD为【"辽宁-锦州"】

2024-02-02 00:20:12 开始第 1414 次操作

2024-02-02 00:20:12 开始操作号码 【1711316】
2024-02-02 00:20:16 GSD getOne 第 1 次 等待 3 秒
2024-02-02 00:20:19 查询号码 【1711316】，返回信息 {"status":"ok","msg":"辽宁-锦州","gid":"146487","time_insert":"2021-06-28 13:08"}
2024-02-02 00:20:19 查询号码 【1711316】，GSD为【"辽宁-锦州"】

2024-02-02 00:20:20 开始第 1415 次操作

2024-02-02 00:20:20 开始操作号码 【1711317】
2024-02-02 00:20:23 GSD getOne 第 1 次 等待 3 秒
2024-02-02 00:20:26 查询号码 【1711317】，返回信息 {"status":"ok","msg":"辽宁-锦州","gid":"146497","time_insert":"2021-06-28 13:09"}
2024-02-02 00:20:26 查询号码 【1711317】，GSD为【"辽宁-锦州"】

2024-02-02 00:20:27 开始第 1416 次操作

2024-02-02 00:20:27 开始操作号码 【1711318】
2024-02-02 00:20:31 GSD getOne 第 1 次 等待 3 秒
2024-02-02 00:20:34 查询号码 【1711318】，返回信息 {"status":"ok","msg":"辽宁-营口","gid":"146504","time_insert":"2021-06-28 13:10"}
2024-02-02 00:20:34 查询号码 【1711318】，GSD为【"辽宁-营口"】

