2024-08-30 00:17:05 开始第 1909 次操作

2024-08-30 00:17:05 开始操作号码 【1381908】
2024-08-30 00:17:13 GSD getOne 第 1 次 等待 3 秒
2024-08-30 00:17:16 查询号码 【1381908】，返回信息 {"status":"ok","msg":"浙江-嘉兴","gid":"76952","time_insert":"2021-06-02 11:20"}
2024-08-30 00:17:16 查询号码 【1381908】，GSD为【"浙江-嘉兴"】

2024-08-30 00:17:17 开始第 1910 次操作

2024-08-30 00:17:17 开始操作号码 【1381909】
2024-08-30 00:17:26 GSD getOne 第 1 次 等待 3 秒
2024-08-30 00:17:29 查询号码 【1381909】，返回信息 {"status":"ok","msg":"浙江-嘉兴","gid":"76953","time_insert":"2021-06-02 11:21"}
2024-08-30 00:17:29 查询号码 【1381909】，GSD为【"浙江-嘉兴"】

2024-08-30 00:17:30 开始第 1911 次操作

2024-08-30 00:17:30 开始操作号码 【1381910】
2024-08-30 00:17:38 GSD getOne 第 1 次 等待 3 秒
2024-08-30 00:17:41 查询号码 【1381910】，返回信息 {"status":"ok","msg":"浙江-杭州","gid":"76955","time_insert":"2021-06-02 11:23"}
2024-08-30 00:17:41 查询号码 【1381910】，GSD为【"浙江-杭州"】

2024-08-30 00:17:42 开始第 1912 次操作

2024-08-30 00:17:42 开始操作号码 【1381911】
2024-08-30 00:17:50 GSD getOne 第 1 次 等待 3 秒
2024-08-30 00:17:53 查询号码 【1381911】，返回信息 {"status":"ok","msg":"浙江-杭州","gid":"76956","time_insert":"2021-06-02 11:24"}
2024-08-30 00:17:53 查询号码 【1381911】，GSD为【"浙江-杭州"】

2024-08-30 00:41:18 开始第 1913 次操作

2024-08-30 00:41:18 开始操作号码 【1381912】
2024-08-30 00:41:31 GSD getOne 第 1 次 等待 3 秒
2024-08-30 00:41:34 查询号码 【1381912】，返回信息 {"status":"ok","msg":"浙江-杭州","gid":"76959","time_insert":"2021-06-02 11:25"}
2024-08-30 00:41:34 查询号码 【1381912】，GSD为【"浙江-杭州"】

2024-08-30 00:41:35 开始第 1914 次操作

2024-08-30 00:41:35 开始操作号码 【1381913】
2024-08-30 00:41:43 GSD getOne 第 1 次 等待 3 秒
2024-08-30 00:41:46 查询号码 【1381913】，返回信息 {"status":"ok","msg":"浙江-杭州","gid":"76961","time_insert":"2021-06-02 11:26"}
2024-08-30 00:41:46 查询号码 【1381913】，GSD为【"浙江-杭州"】

2024-08-30 00:41:47 开始第 1915 次操作

2024-08-30 00:41:47 开始操作号码 【1381914】
2024-08-30 00:41:55 GSD getOne 第 1 次 等待 3 秒
2024-08-30 00:41:58 查询号码 【1381914】，返回信息 {"status":"ok","msg":"浙江-杭州","gid":"76964","time_insert":"2021-06-02 11:27"}
2024-08-30 00:41:58 查询号码 【1381914】，GSD为【"浙江-杭州"】

2024-08-30 00:41:59 开始第 1916 次操作

2024-08-30 00:41:59 开始操作号码 【1381915】
2024-08-30 00:42:07 GSD getOne 第 1 次 等待 3 秒
2024-08-30 00:42:10 查询号码 【1381915】，返回信息 {"status":"ok","msg":"浙江-杭州","gid":"76976","time_insert":"2021-06-02 11:44"}
2024-08-30 00:42:10 查询号码 【1381915】，GSD为【"浙江-杭州"】

