2024-07-10 00:23:26 开始第 5129 次操作

2024-07-10 00:23:26 开始操作号码 【1495018】
2024-07-10 00:23:36 GSD getOne 第 1 次 等待 3 秒
2024-07-10 00:23:39 查询号码 【1495018】，返回信息 {"status":"ok","msg":"-","gid":"311213","time_insert":"2021-07-18 05:40"}
2024-07-10 00:23:39 查询号码 【1495018】，GSD为【"-"】
2024-07-10 00:23:39 ok && -
2024-07-10 00:23:41 CHB 1495018?1720542219 第 1 次 等待 3 秒
2024-07-10 00:23:44 CHB 1495018?1720542219 第 1 次 获取到号码【1495018】GSD
2024-07-10 00:23:44 未获取到号码【1495018】GSD，可能号码格式错误
2024-07-10 00:23:44 获取到号码【1495018】的GSD为【-】
2024-07-10 00:23:52 GSD insert 第 1 次 等待 3 秒
2024-07-10 00:23:55 {"status":"bad","gid":"311213","msg":"添加失败！号码【1495018(-|-)】已存在！"}
2024-07-10 00:23:55 随机等待 205 秒，约 3 分钟
2024-07-10 00:23:55 下次操作: 2024-07-10 00:27:20

2024-07-10 00:27:20 开始第 5130 次操作

2024-07-10 00:27:20 开始操作号码 【1495019】
2024-07-10 00:27:34 GSD getOne 第 1 次 等待 3 秒
2024-07-10 00:27:37 查询号码 【1495019】，返回信息 {"status":"ok","msg":"-","gid":"311220","time_insert":"2021-07-18 05:40"}
2024-07-10 00:27:37 查询号码 【1495019】，GSD为【"-"】
2024-07-10 00:27:37 ok && -
2024-07-10 00:27:40 CHB 1495019?1720542457 第 1 次 等待 3 秒
2024-07-10 00:27:43 CHB 1495019?1720542457 第 1 次 获取到号码【1495019】GSD
2024-07-10 00:27:43 未获取到号码【1495019】GSD，可能号码格式错误
2024-07-10 00:27:43 获取到号码【1495019】的GSD为【-】
2024-07-10 00:27:57 GSD insert 第 1 次 等待 3 秒
2024-07-10 00:28:00 {"status":"bad","gid":"311220","msg":"添加失败！号码【1495019(-|-)】已存在！"}
2024-07-10 00:28:00 随机等待 93 秒，约 1 分钟
2024-07-10 00:28:00 下次操作: 2024-07-10 00:29:33

2024-07-10 00:29:33 开始第 5131 次操作

2024-07-10 00:29:33 开始操作号码 【1495020】
2024-07-10 00:29:41 GSD getOne 第 1 次 等待 3 秒
2024-07-10 00:29:44 查询号码 【1495020】，返回信息 {"status":"ok","msg":"-","gid":"311225","time_insert":"2021-07-18 05:41"}
2024-07-10 00:29:44 查询号码 【1495020】，GSD为【"-"】
2024-07-10 00:29:44 ok && -
2024-07-10 00:29:46 CHB 1495020?1720542584 第 1 次 等待 3 秒
2024-07-10 00:29:49 CHB 1495020?1720542584 第 1 次 获取到号码【1495020】GSD
2024-07-10 00:29:49 未获取到号码【1495020】GSD，可能号码格式错误
2024-07-10 00:29:49 获取到号码【1495020】的GSD为【-】
2024-07-10 00:30:01 GSD insert 第 1 次 等待 3 秒
2024-07-10 00:30:04 {"status":"bad","gid":"311225","msg":"添加失败！号码【1495020(-|-)】已存在！"}
2024-07-10 00:30:04 随机等待 221 秒，约 3 分钟
2024-07-10 00:30:04 下次操作: 2024-07-10 00:33:45

2024-07-10 00:33:45 开始第 5132 次操作

2024-07-10 00:33:45 开始操作号码 【1495021】
2024-07-10 00:33:53 GSD getOne 第 1 次 等待 3 秒
2024-07-10 00:33:56 查询号码 【1495021】，返回信息 {"status":"ok","msg":"-","gid":"311235","time_insert":"2021-07-18 05:42"}
2024-07-10 00:33:56 查询号码 【1495021】，GSD为【"-"】
2024-07-10 00:33:56 ok && -
2024-07-10 00:33:58 CHB 1495021?1720542836 第 1 次 等待 3 秒
2024-07-10 00:34:01 CHB 1495021?1720542836 第 1 次 获取到号码【1495021】GSD
2024-07-10 00:34:01 未获取到号码【1495021】GSD，可能号码格式错误
2024-07-10 00:34:01 获取到号码【1495021】的GSD为【-】
2024-07-10 00:34:09 GSD insert 第 1 次 等待 3 秒
2024-07-10 00:34:12 {"status":"bad","gid":"311235","msg":"添加失败！号码【1495021(-|-)】已存在！"}

2024-07-10 00:42:01 开始第 5133 次操作

2024-07-10 00:42:01 开始操作号码 【1495022】
2024-07-10 00:42:14 GSD getOne 第 1 次 等待 3 秒
2024-07-10 00:42:17 查询号码 【1495022】，返回信息 {"status":"ok","msg":"-","gid":"311246","time_insert":"2021-07-18 05:42"}
2024-07-10 00:42:17 查询号码 【1495022】，GSD为【"-"】
2024-07-10 00:42:17 ok && -
2024-07-10 00:42:19 CHB 1495022?1720543337 第 1 次 等待 3 秒
2024-07-10 00:42:22 CHB 1495022?1720543337 第 1 次 获取到号码【1495022】GSD
2024-07-10 00:42:22 未获取到号码【1495022】GSD，可能号码格式错误
2024-07-10 00:42:22 获取到号码【1495022】的GSD为【-】
2024-07-10 00:42:30 GSD insert 第 1 次 等待 3 秒
2024-07-10 00:42:33 {"status":"bad","gid":"311246","msg":"添加失败！号码【1495022(-|-)】已存在！"}
2024-07-10 00:42:33 随机等待 85 秒，约 1 分钟
2024-07-10 00:42:33 下次操作: 2024-07-10 00:43:58

2024-07-10 00:43:58 开始第 5134 次操作

2024-07-10 00:43:58 开始操作号码 【1495023】
2024-07-10 00:44:06 GSD getOne 第 1 次 等待 3 秒
2024-07-10 00:44:09 查询号码 【1495023】，返回信息 {"status":"ok","msg":"-","gid":"311256","time_insert":"2021-07-18 05:43"}
2024-07-10 00:44:09 查询号码 【1495023】，GSD为【"-"】
2024-07-10 00:44:09 ok && -
2024-07-10 00:44:11 CHB 1495023?1720543449 第 1 次 等待 3 秒
2024-07-10 00:44:14 CHB 1495023?1720543449 第 1 次 获取到号码【1495023】GSD
2024-07-10 00:44:14 未获取到号码【1495023】GSD，可能号码格式错误
2024-07-10 00:44:14 获取到号码【1495023】的GSD为【-】
2024-07-10 00:44:22 GSD insert 第 1 次 等待 3 秒
2024-07-10 00:44:25 {"status":"bad","gid":"311256","msg":"添加失败！号码【1495023(-|-)】已存在！"}
2024-07-10 00:44:25 随机等待 117 秒，约 1 分钟
2024-07-10 00:44:25 下次操作: 2024-07-10 00:46:22

2024-07-10 00:46:22 开始第 5135 次操作

2024-07-10 00:46:22 开始操作号码 【1495024】
2024-07-10 00:46:31 GSD getOne 第 1 次 等待 3 秒
2024-07-10 00:46:34 查询号码 【1495024】，返回信息 {"status":"ok","msg":"-","gid":"311263","time_insert":"2021-07-18 05:43"}
2024-07-10 00:46:34 查询号码 【1495024】，GSD为【"-"】
2024-07-10 00:46:34 ok && -
2024-07-10 00:46:36 CHB 1495024?1720543594 第 1 次 等待 3 秒
2024-07-10 00:46:39 CHB 1495024?1720543594 第 1 次 获取到号码【1495024】GSD
2024-07-10 00:46:39 未获取到号码【1495024】GSD，可能号码格式错误
2024-07-10 00:46:39 获取到号码【1495024】的GSD为【-】
2024-07-10 00:46:47 GSD insert 第 1 次 等待 3 秒
2024-07-10 00:46:50 {"status":"bad","gid":"311263","msg":"添加失败！号码【1495024(-|-)】已存在！"}
2024-07-10 00:46:50 随机等待 105 秒，约 1 分钟
2024-07-10 00:46:50 下次操作: 2024-07-10 00:48:35

2024-07-10 00:48:35 开始第 5136 次操作

2024-07-10 00:48:35 开始操作号码 【1495025】
2024-07-10 00:48:44 GSD getOne 第 1 次 等待 3 秒
2024-07-10 00:48:47 查询号码 【1495025】，返回信息 {"status":"ok","msg":"-","gid":"311273","time_insert":"2021-07-18 05:44"}
2024-07-10 00:48:47 查询号码 【1495025】，GSD为【"-"】
2024-07-10 00:48:47 ok && -
2024-07-10 00:48:49 CHB 1495025?1720543727 第 1 次 等待 3 秒
2024-07-10 00:48:52 CHB 1495025?1720543727 第 1 次 获取到号码【1495025】GSD
2024-07-10 00:48:52 未获取到号码【1495025】GSD，可能号码格式错误
2024-07-10 00:48:52 获取到号码【1495025】的GSD为【-】
2024-07-10 00:49:04 GSD insert 第 1 次 等待 3 秒
2024-07-10 00:49:07 {"status":"bad","gid":"311273","msg":"添加失败！号码【1495025(-|-)】已存在！"}

2024-07-10 01:17:19 开始第 5137 次操作

2024-07-10 01:17:19 开始操作号码 【1495026】
2024-07-10 01:17:30 GSD getOne 第 1 次 等待 3 秒
2024-07-10 01:17:33 查询号码 【1495026】，返回信息 {"status":"ok","msg":"-","gid":"311284","time_insert":"2021-07-18 05:45"}
2024-07-10 01:17:33 查询号码 【1495026】，GSD为【"-"】
2024-07-10 01:17:33 ok && -
2024-07-10 01:17:35 CHB 1495026?1720545453 第 1 次 等待 3 秒
2024-07-10 01:17:38 CHB 1495026?1720545453 第 1 次 获取到号码【1495026】GSD
2024-07-10 01:17:38 未获取到号码【1495026】GSD，可能号码格式错误
2024-07-10 01:17:38 获取到号码【1495026】的GSD为【-】
2024-07-10 01:17:46 GSD insert 第 1 次 等待 3 秒
2024-07-10 01:17:49 {"status":"bad","gid":"311284","msg":"添加失败！号码【1495026(-|-)】已存在！"}
2024-07-10 01:17:49 随机等待 170 秒，约 2 分钟
2024-07-10 01:17:49 下次操作: 2024-07-10 01:20:39

2024-07-10 01:20:39 开始第 5138 次操作

2024-07-10 01:20:39 开始操作号码 【1495027】
2024-07-10 01:20:49 GSD getOne 第 1 次 等待 3 秒
2024-07-10 01:20:52 查询号码 【1495027】，返回信息 {"status":"ok","msg":"-","gid":"311291","time_insert":"2021-07-18 05:45"}
2024-07-10 01:20:52 查询号码 【1495027】，GSD为【"-"】
2024-07-10 01:20:52 ok && -
2024-07-10 01:20:54 CHB 1495027?1720545652 第 1 次 等待 3 秒
2024-07-10 01:20:57 CHB 1495027?1720545652 第 1 次 获取到号码【1495027】GSD
2024-07-10 01:20:57 未获取到号码【1495027】GSD，可能号码格式错误
2024-07-10 01:20:57 获取到号码【1495027】的GSD为【-】
2024-07-10 01:21:06 GSD insert 第 1 次 等待 3 秒
2024-07-10 01:21:09 {"status":"bad","gid":"311291","msg":"添加失败！号码【1495027(-|-)】已存在！"}
2024-07-10 01:21:09 随机等待 178 秒，约 2 分钟
2024-07-10 01:21:09 下次操作: 2024-07-10 01:24:07

2024-07-10 01:24:07 开始第 5139 次操作

2024-07-10 01:24:07 开始操作号码 【1495028】
2024-07-10 01:24:15 GSD getOne 第 1 次 等待 3 秒
2024-07-10 01:24:18 查询号码 【1495028】，返回信息 {"status":"ok","msg":"-","gid":"311302","time_insert":"2021-07-18 05:46"}
2024-07-10 01:24:18 查询号码 【1495028】，GSD为【"-"】
2024-07-10 01:24:18 ok && -
2024-07-10 01:24:20 CHB 1495028?1720545858 第 1 次 等待 3 秒
2024-07-10 01:24:23 CHB 1495028?1720545858 第 1 次 获取到号码【1495028】GSD
2024-07-10 01:24:23 未获取到号码【1495028】GSD，可能号码格式错误
2024-07-10 01:24:23 获取到号码【1495028】的GSD为【-】
2024-07-10 01:24:31 GSD insert 第 1 次 等待 3 秒
2024-07-10 01:24:34 {"status":"bad","gid":"311302","msg":"添加失败！号码【1495028(-|-)】已存在！"}
2024-07-10 01:24:34 随机等待 156 秒，约 2 分钟
2024-07-10 01:24:34 下次操作: 2024-07-10 01:27:10

2024-07-10 01:27:10 开始第 5140 次操作

2024-07-10 01:27:10 开始操作号码 【1495029】
2024-07-10 01:27:18 GSD getOne 第 1 次 等待 3 秒
2024-07-10 01:27:21 查询号码 【1495029】，返回信息 {"status":"ok","msg":"-","gid":"311312","time_insert":"2021-07-18 05:46"}
2024-07-10 01:27:21 查询号码 【1495029】，GSD为【"-"】
2024-07-10 01:27:21 ok && -
2024-07-10 01:27:23 CHB 1495029?1720546041 第 1 次 等待 3 秒
2024-07-10 01:27:26 CHB 1495029?1720546041 第 1 次 获取到号码【1495029】GSD
2024-07-10 01:27:26 未获取到号码【1495029】GSD，可能号码格式错误
2024-07-10 01:27:26 获取到号码【1495029】的GSD为【-】
2024-07-10 01:27:35 GSD insert 第 1 次 等待 3 秒
2024-07-10 01:27:38 {"status":"bad","gid":"311312","msg":"添加失败！号码【1495029(-|-)】已存在！"}

2024-07-10 01:37:36 开始第 5141 次操作

2024-07-10 01:37:36 开始操作号码 【1495030】
2024-07-10 01:37:45 GSD getOne 第 1 次 等待 3 秒
2024-07-10 01:37:48 查询号码 【1495030】，返回信息 {"status":"ok","msg":"-","gid":"311323","time_insert":"2021-07-18 05:47"}
2024-07-10 01:37:48 查询号码 【1495030】，GSD为【"-"】
2024-07-10 01:37:48 ok && -
2024-07-10 01:37:50 CHB 1495030?1720546668 第 1 次 等待 3 秒
2024-07-10 01:37:53 CHB 1495030?1720546668 第 1 次 获取到号码【1495030】GSD
2024-07-10 01:37:53 未获取到号码【1495030】GSD，可能号码格式错误
2024-07-10 01:37:53 获取到号码【1495030】的GSD为【-】
2024-07-10 01:38:01 GSD insert 第 1 次 等待 3 秒
2024-07-10 01:38:04 {"status":"bad","gid":"311323","msg":"添加失败！号码【1495030(-|-)】已存在！"}
2024-07-10 01:38:04 随机等待 233 秒，约 3 分钟
2024-07-10 01:38:04 下次操作: 2024-07-10 01:41:57

2024-07-10 01:41:57 开始第 5142 次操作

2024-07-10 01:41:57 开始操作号码 【1495031】
2024-07-10 01:42:05 GSD getOne 第 1 次 等待 3 秒
2024-07-10 01:42:08 查询号码 【1495031】，返回信息 {"status":"ok","msg":"-","gid":"311332","time_insert":"2021-07-18 05:48"}
2024-07-10 01:42:08 查询号码 【1495031】，GSD为【"-"】
2024-07-10 01:42:08 ok && -
2024-07-10 01:42:10 CHB 1495031?1720546928 第 1 次 等待 3 秒
2024-07-10 01:42:13 CHB 1495031?1720546928 第 1 次 获取到号码【1495031】GSD
2024-07-10 01:42:13 未获取到号码【1495031】GSD，可能号码格式错误
2024-07-10 01:42:13 获取到号码【1495031】的GSD为【-】
2024-07-10 01:42:21 GSD insert 第 1 次 等待 3 秒
2024-07-10 01:42:24 {"status":"bad","gid":"311332","msg":"添加失败！号码【1495031(-|-)】已存在！"}
2024-07-10 01:42:24 随机等待 164 秒，约 2 分钟
2024-07-10 01:42:24 下次操作: 2024-07-10 01:45:08

2024-07-10 01:45:08 开始第 5143 次操作

2024-07-10 01:45:08 开始操作号码 【1495032】
2024-07-10 01:45:16 GSD getOne 第 1 次 等待 3 秒
2024-07-10 01:45:19 查询号码 【1495032】，返回信息 {"status":"ok","msg":"-","gid":"311342","time_insert":"2021-07-18 05:48"}
2024-07-10 01:45:19 查询号码 【1495032】，GSD为【"-"】
2024-07-10 01:45:19 ok && -
2024-07-10 01:45:21 CHB 1495032?1720547119 第 1 次 等待 3 秒
2024-07-10 01:45:24 CHB 1495032?1720547119 第 1 次 获取到号码【1495032】GSD
2024-07-10 01:45:24 未获取到号码【1495032】GSD，可能号码格式错误
2024-07-10 01:45:24 获取到号码【1495032】的GSD为【-】
2024-07-10 01:45:32 GSD insert 第 1 次 等待 3 秒
2024-07-10 01:45:35 {"status":"bad","gid":"311342","msg":"添加失败！号码【1495032(-|-)】已存在！"}
2024-07-10 01:45:35 随机等待 73 秒，约 1 分钟
2024-07-10 01:45:35 下次操作: 2024-07-10 01:46:48

2024-07-10 01:46:48 开始第 5144 次操作

2024-07-10 01:46:48 开始操作号码 【1495033】
2024-07-10 01:46:56 GSD getOne 第 1 次 等待 3 秒
2024-07-10 01:46:59 查询号码 【1495033】，返回信息 {"status":"ok","msg":"-","gid":"311355","time_insert":"2021-07-18 05:49"}
2024-07-10 01:46:59 查询号码 【1495033】，GSD为【"-"】
2024-07-10 01:46:59 ok && -
2024-07-10 01:47:00 CHB 1495033?1720547219 第 1 次 等待 3 秒
2024-07-10 01:47:03 CHB 1495033?1720547219 第 1 次 获取到号码【1495033】GSD
2024-07-10 01:47:03 未获取到号码【1495033】GSD，可能号码格式错误
2024-07-10 01:47:03 获取到号码【1495033】的GSD为【-】
2024-07-10 01:47:11 GSD insert 第 1 次 等待 3 秒
2024-07-10 01:47:14 {"status":"bad","gid":"311355","msg":"添加失败！号码【1495033(-|-)】已存在！"}

