2024-04-08 00:18:32 开始第 2477 次操作

2024-04-08 00:18:32 开始操作号码 【1602379】
2024-04-08 00:18:38 GSD getOne 第 1 次 等待 3 秒
2024-04-08 00:18:41 查询号码 【1602379】，返回信息 {"status":"ok","msg":"-","gid":"560199","time_insert":"2023-02-28 05:30"}
2024-04-08 00:18:41 查询号码 【1602379】，GSD为【"-"】
2024-04-08 00:18:41 ok && -
2024-04-08 00:18:44 CHB 1602379?1712506721 第 1 次 等待 3 秒
2024-04-08 00:18:47 CHB 1602379?1712506721 第 1 次 获取到号码【1602379】GSD
2024-04-08 00:18:47 未获取到号码【1602379】GSD，可能号码格式错误
2024-04-08 00:18:47 获取到号码【1602379】的GSD为【-】
2024-04-08 00:18:56 GSD insert 第 1 次 等待 3 秒
2024-04-08 00:18:59 {"status":"bad","gid":"560199","msg":"添加失败！号码【1602379(-|-)】已存在！"}
2024-04-08 00:18:59 随机等待 146 秒，约 2 分钟
2024-04-08 00:18:59 下次操作: 2024-04-08 00:21:25

2024-04-08 00:21:25 开始第 2478 次操作

2024-04-08 00:21:25 开始操作号码 【1602380】
2024-04-08 00:21:30 GSD getOne 第 1 次 等待 3 秒
2024-04-08 00:21:33 查询号码 【1602380】，返回信息 {"status":"ok","msg":"-","gid":"560215","time_insert":"2023-02-28 05:40"}
2024-04-08 00:21:33 查询号码 【1602380】，GSD为【"-"】
2024-04-08 00:21:33 ok && -
2024-04-08 00:21:39 CHB 1602380?1712506893 第 1 次 等待 3 秒
2024-04-08 00:21:42 CHB 1602380?1712506893 第 1 次 获取到号码【1602380】GSD
2024-04-08 00:21:42 未获取到号码【1602380】GSD，可能号码格式错误
2024-04-08 00:21:42 获取到号码【1602380】的GSD为【-】
2024-04-08 00:21:47 GSD insert 第 1 次 等待 3 秒
2024-04-08 00:21:50 {"status":"bad","gid":"560215","msg":"添加失败！号码【1602380(-|-)】已存在！"}
2024-04-08 00:21:50 随机等待 121 秒，约 2 分钟
2024-04-08 00:21:50 下次操作: 2024-04-08 00:23:51

2024-04-08 00:23:51 开始第 2479 次操作

2024-04-08 00:23:51 开始操作号码 【1602381】
2024-04-08 00:23:56 GSD getOne 第 1 次 等待 3 秒
2024-04-08 00:23:59 查询号码 【1602381】，返回信息 {"status":"ok","msg":"-","gid":"560240","time_insert":"2023-02-28 05:55"}
2024-04-08 00:23:59 查询号码 【1602381】，GSD为【"-"】
2024-04-08 00:23:59 ok && -
2024-04-08 00:24:02 CHB 1602381?1712507039 第 1 次 等待 3 秒
2024-04-08 00:24:05 CHB 1602381?1712507039 第 1 次 获取到号码【1602381】GSD
2024-04-08 00:24:05 未获取到号码【1602381】GSD，可能号码格式错误
2024-04-08 00:24:05 获取到号码【1602381】的GSD为【-】
2024-04-08 00:24:10 GSD insert 第 1 次 等待 3 秒
2024-04-08 00:24:13 {"status":"bad","gid":"560240","msg":"添加失败！号码【1602381(-|-)】已存在！"}
2024-04-08 00:24:13 随机等待 91 秒，约 1 分钟
2024-04-08 00:24:13 下次操作: 2024-04-08 00:25:44

2024-04-08 00:25:44 开始第 2480 次操作

2024-04-08 00:25:44 开始操作号码 【1602382】
2024-04-08 00:25:49 GSD getOne 第 1 次 等待 3 秒
2024-04-08 00:25:52 查询号码 【1602382】，返回信息 {"status":"ok","msg":"-","gid":"560273","time_insert":"2023-02-28 06:14"}
2024-04-08 00:25:52 查询号码 【1602382】，GSD为【"-"】
2024-04-08 00:25:52 ok && -
2024-04-08 00:25:54 CHB 1602382?1712507152 第 1 次 等待 3 秒
2024-04-08 00:25:57 CHB 1602382?1712507152 第 1 次 获取到号码【1602382】GSD
2024-04-08 00:25:57 未获取到号码【1602382】GSD，可能号码格式错误
2024-04-08 00:25:57 获取到号码【1602382】的GSD为【-】
2024-04-08 00:26:02 GSD insert 第 1 次 等待 3 秒
2024-04-08 00:26:05 {"status":"bad","gid":"560273","msg":"添加失败！号码【1602382(-|-)】已存在！"}

2024-04-08 00:37:25 开始第 2481 次操作

2024-04-08 00:37:25 开始操作号码 【1602383】
2024-04-08 00:37:30 GSD getOne 第 1 次 等待 3 秒
2024-04-08 00:37:33 查询号码 【1602383】，返回信息 {"status":"ok","msg":"-","gid":"560291","time_insert":"2023-02-28 06:24"}
2024-04-08 00:37:33 查询号码 【1602383】，GSD为【"-"】
2024-04-08 00:37:33 ok && -
2024-04-08 00:37:35 CHB 1602383?1712507853 第 1 次 等待 3 秒
2024-04-08 00:37:38 CHB 1602383?1712507853 第 1 次 获取到号码【1602383】GSD
2024-04-08 00:37:38 未获取到号码【1602383】GSD，可能号码格式错误
2024-04-08 00:37:38 获取到号码【1602383】的GSD为【-】
2024-04-08 00:37:44 GSD insert 第 1 次 等待 3 秒
2024-04-08 00:37:47 {"status":"bad","gid":"560291","msg":"添加失败！号码【1602383(-|-)】已存在！"}
2024-04-08 00:37:47 随机等待 138 秒，约 2 分钟
2024-04-08 00:37:47 下次操作: 2024-04-08 00:40:05

2024-04-08 00:40:05 开始第 2482 次操作

2024-04-08 00:40:05 开始操作号码 【1602384】
2024-04-08 00:40:12 GSD getOne 第 1 次 等待 3 秒
2024-04-08 00:40:15 查询号码 【1602384】，返回信息 {"status":"ok","msg":"-","gid":"560313","time_insert":"2023-02-28 06:37"}
2024-04-08 00:40:15 查询号码 【1602384】，GSD为【"-"】
2024-04-08 00:40:15 ok && -
2024-04-08 00:40:17 CHB 1602384?1712508015 第 1 次 等待 3 秒
2024-04-08 00:40:20 CHB 1602384?1712508015 第 1 次 获取到号码【1602384】GSD
2024-04-08 00:40:20 未获取到号码【1602384】GSD，可能号码格式错误
2024-04-08 00:40:20 获取到号码【1602384】的GSD为【-】
2024-04-08 00:40:25 GSD insert 第 1 次 等待 3 秒
2024-04-08 00:40:28 {"status":"bad","gid":"560313","msg":"添加失败！号码【1602384(-|-)】已存在！"}
2024-04-08 00:40:28 随机等待 77 秒，约 1 分钟
2024-04-08 00:40:28 下次操作: 2024-04-08 00:41:45

2024-04-08 00:41:45 开始第 2483 次操作

2024-04-08 00:41:45 开始操作号码 【1602385】
2024-04-08 00:41:55 GSD getOne 第 1 次 等待 3 秒
2024-04-08 00:41:58 查询号码 【1602385】，返回信息 {"status":"ok","msg":"-","gid":"560343","time_insert":"2023-02-28 06:55"}
2024-04-08 00:41:59 查询号码 【1602385】，GSD为【"-"】
2024-04-08 00:41:59 ok && -
2024-04-08 00:42:00 CHB 1602385?1712508119 第 1 次 等待 3 秒
2024-04-08 00:42:03 CHB 1602385?1712508119 第 1 次 获取到号码【1602385】GSD
2024-04-08 00:42:03 未获取到号码【1602385】GSD，可能号码格式错误
2024-04-08 00:42:03 获取到号码【1602385】的GSD为【-】
2024-04-08 00:42:08 GSD insert 第 1 次 等待 3 秒
2024-04-08 00:42:11 {"status":"bad","gid":"560343","msg":"添加失败！号码【1602385(-|-)】已存在！"}
2024-04-08 00:42:11 随机等待 105 秒，约 1 分钟
2024-04-08 00:42:11 下次操作: 2024-04-08 00:43:56

2024-04-08 00:43:56 开始第 2484 次操作

2024-04-08 00:43:56 开始操作号码 【1602386】
2024-04-08 00:44:02 GSD getOne 第 1 次 等待 3 秒
2024-04-08 00:44:05 查询号码 【1602386】，返回信息 {"status":"ok","msg":"-","gid":"560363","time_insert":"2023-02-28 07:09"}
2024-04-08 00:44:05 查询号码 【1602386】，GSD为【"-"】
2024-04-08 00:44:05 ok && -
2024-04-08 00:44:08 CHB 1602386?1712508245 第 1 次 等待 3 秒
2024-04-08 00:44:11 CHB 1602386?1712508245 第 1 次 获取到号码【1602386】GSD
2024-04-08 00:44:11 未获取到号码【1602386】GSD，可能号码格式错误
2024-04-08 00:44:11 获取到号码【1602386】的GSD为【-】
2024-04-08 00:44:16 GSD insert 第 1 次 等待 3 秒
2024-04-08 00:44:19 {"status":"bad","gid":"560363","msg":"添加失败！号码【1602386(-|-)】已存在！"}

2024-04-08 01:14:02 开始第 2485 次操作

2024-04-08 01:14:02 开始操作号码 【1602387】
2024-04-08 01:14:09 GSD getOne 第 1 次 等待 3 秒
2024-04-08 01:14:12 查询号码 【1602387】，返回信息 {"status":"ok","msg":"-","gid":"560386","time_insert":"2023-02-28 07:23"}
2024-04-08 01:14:12 查询号码 【1602387】，GSD为【"-"】
2024-04-08 01:14:12 ok && -
2024-04-08 01:14:15 CHB 1602387?1712510052 第 1 次 等待 3 秒
2024-04-08 01:14:18 CHB 1602387?1712510052 第 1 次 获取到号码【1602387】GSD
2024-04-08 01:14:18 未获取到号码【1602387】GSD，可能号码格式错误
2024-04-08 01:14:18 获取到号码【1602387】的GSD为【-】
2024-04-08 01:14:24 GSD insert 第 1 次 等待 3 秒
2024-04-08 01:14:27 {"status":"bad","gid":"560386","msg":"添加失败！号码【1602387(-|-)】已存在！"}
2024-04-08 01:14:27 随机等待 199 秒，约 3 分钟
2024-04-08 01:14:27 下次操作: 2024-04-08 01:17:46

2024-04-08 01:17:46 开始第 2486 次操作

2024-04-08 01:17:46 开始操作号码 【1602388】
2024-04-08 01:17:51 GSD getOne 第 1 次 等待 3 秒
2024-04-08 01:17:54 查询号码 【1602388】，返回信息 {"status":"ok","msg":"-","gid":"560420","time_insert":"2023-02-28 07:41"}
2024-04-08 01:17:54 查询号码 【1602388】，GSD为【"-"】
2024-04-08 01:17:54 ok && -
2024-04-08 01:17:56 CHB 1602388?1712510274 第 1 次 等待 3 秒
2024-04-08 01:17:59 CHB 1602388?1712510274 第 1 次 获取到号码【1602388】GSD
2024-04-08 01:17:59 未获取到号码【1602388】GSD，可能号码格式错误
2024-04-08 01:17:59 获取到号码【1602388】的GSD为【-】
2024-04-08 01:18:04 GSD insert 第 1 次 等待 3 秒
2024-04-08 01:18:07 {"status":"bad","gid":"560420","msg":"添加失败！号码【1602388(-|-)】已存在！"}
2024-04-08 01:18:07 随机等待 76 秒，约 1 分钟
2024-04-08 01:18:07 下次操作: 2024-04-08 01:19:23

2024-04-08 01:19:23 开始第 2487 次操作

2024-04-08 01:19:23 开始操作号码 【1602389】
2024-04-08 01:19:28 GSD getOne 第 1 次 等待 3 秒
2024-04-08 01:19:31 查询号码 【1602389】，返回信息 {"status":"ok","msg":"-","gid":"560436","time_insert":"2023-02-28 07:50"}
2024-04-08 01:19:31 查询号码 【1602389】，GSD为【"-"】
2024-04-08 01:19:31 ok && -
2024-04-08 01:19:33 CHB 1602389?1712510371 第 1 次 等待 3 秒
2024-04-08 01:19:36 CHB 1602389?1712510371 第 1 次 获取到号码【1602389】GSD
2024-04-08 01:19:36 未获取到号码【1602389】GSD，可能号码格式错误
2024-04-08 01:19:36 获取到号码【1602389】的GSD为【-】
2024-04-08 01:19:41 GSD insert 第 1 次 等待 3 秒
2024-04-08 01:19:44 {"status":"bad","gid":"560436","msg":"添加失败！号码【1602389(-|-)】已存在！"}
2024-04-08 01:19:44 随机等待 99 秒，约 1 分钟
2024-04-08 01:19:44 下次操作: 2024-04-08 01:21:23

2024-04-08 01:21:23 开始第 2488 次操作

2024-04-08 01:21:23 开始操作号码 【1602390】
2024-04-08 01:21:28 GSD getOne 第 1 次 等待 3 秒
2024-04-08 01:21:31 查询号码 【1602390】，返回信息 {"status":"ok","msg":"-","gid":"560462","time_insert":"2023-02-28 08:05"}
2024-04-08 01:21:32 查询号码 【1602390】，GSD为【"-"】
2024-04-08 01:21:32 ok && -
2024-04-08 01:21:34 CHB 1602390?1712510492 第 1 次 等待 3 秒
2024-04-08 01:21:37 CHB 1602390?1712510492 第 1 次 获取到号码【1602390】GSD
2024-04-08 01:21:37 未获取到号码【1602390】GSD，可能号码格式错误
2024-04-08 01:21:37 获取到号码【1602390】的GSD为【-】
2024-04-08 01:21:42 GSD insert 第 1 次 等待 3 秒
2024-04-08 01:21:45 {"status":"bad","gid":"560462","msg":"添加失败！号码【1602390(-|-)】已存在！"}

