2024-01-31 00:19:53 开始第 1053 次操作

2024-01-31 00:19:53 开始操作号码 【1710955】
2024-01-31 00:19:58 GSD getOne 第 1 次 等待 3 秒
2024-01-31 00:20:01 查询号码 【1710955】，返回信息 {"status":"ok","msg":"江苏-苏州","gid":"142721","time_insert":"2021-06-28 00:00"}
2024-01-31 00:20:01 查询号码 【1710955】，GSD为【"江苏-苏州"】

2024-01-31 00:20:02 开始第 1054 次操作

2024-01-31 00:20:02 开始操作号码 【1710956】
2024-01-31 00:20:06 GSD getOne 第 1 次 等待 3 秒
2024-01-31 00:20:09 查询号码 【1710956】，返回信息 {"status":"ok","msg":"江苏-苏州","gid":"142730","time_insert":"2021-06-28 00:00"}
2024-01-31 00:20:09 查询号码 【1710956】，GSD为【"江苏-苏州"】

2024-01-31 00:20:10 开始第 1055 次操作

2024-01-31 00:20:10 开始操作号码 【1710957】
2024-01-31 00:20:16 GSD getOne 第 1 次 等待 3 秒
2024-01-31 00:20:19 查询号码 【1710957】，返回信息 {"status":"ok","msg":"江苏-苏州","gid":"142732","time_insert":"2021-06-28 00:01"}
2024-01-31 00:20:19 查询号码 【1710957】，GSD为【"江苏-苏州"】

2024-01-31 00:20:20 开始第 1056 次操作

2024-01-31 00:20:20 开始操作号码 【1710958】
2024-01-31 00:20:24 GSD getOne 第 1 次 等待 3 秒
2024-01-31 00:20:27 查询号码 【1710958】，返回信息 {"status":"ok","msg":"江苏-苏州","gid":"142740","time_insert":"2021-06-28 00:01"}
2024-01-31 00:20:27 查询号码 【1710958】，GSD为【"江苏-苏州"】

