2024-07-13 00:23:05 开始第 5653 次操作

2024-07-13 00:23:05 开始操作号码 【1495542】
2024-07-13 00:23:18 GSD getOne 第 1 次 等待 3 秒
2024-07-13 00:23:21 查询号码 【1495542】，返回信息 {"status":"ok","msg":"-","gid":"318212","time_insert":"2021-07-18 19:41"}
2024-07-13 00:23:21 查询号码 【1495542】，GSD为【"-"】
2024-07-13 00:23:21 ok && -
2024-07-13 00:23:23 CHB 1495542?1720801401 第 1 次 等待 3 秒
2024-07-13 00:23:26 CHB 1495542?1720801401 第 1 次 获取到号码【1495542】GSD
2024-07-13 00:23:26 未获取到号码【1495542】GSD，可能号码格式错误
2024-07-13 00:23:26 获取到号码【1495542】的GSD为【-】
2024-07-13 00:23:40 GSD insert 第 1 次 等待 3 秒
2024-07-13 00:23:43 {"status":"bad","gid":"318212","msg":"添加失败！号码【1495542(-|-)】已存在！"}
2024-07-13 00:23:43 随机等待 134 秒，约 2 分钟
2024-07-13 00:23:43 下次操作: 2024-07-13 00:25:57

2024-07-13 00:25:57 开始第 5654 次操作

2024-07-13 00:25:58 开始操作号码 【1495543】
2024-07-13 00:26:07 GSD getOne 第 1 次 等待 3 秒
2024-07-13 00:26:10 查询号码 【1495543】，返回信息 {"status":"ok","msg":"-","gid":"318225","time_insert":"2021-07-18 19:41"}
2024-07-13 00:26:10 查询号码 【1495543】，GSD为【"-"】
2024-07-13 00:26:10 ok && -
2024-07-13 00:26:12 CHB 1495543?1720801570 第 1 次 等待 3 秒
2024-07-13 00:26:15 CHB 1495543?1720801570 第 1 次 获取到号码【1495543】GSD
2024-07-13 00:26:15 未获取到号码【1495543】GSD，可能号码格式错误
2024-07-13 00:26:15 获取到号码【1495543】的GSD为【-】
2024-07-13 00:26:31 GSD insert 第 1 次 等待 3 秒
2024-07-13 00:26:34 {"status":"bad","gid":"318225","msg":"添加失败！号码【1495543(-|-)】已存在！"}
2024-07-13 00:26:34 随机等待 186 秒，约 3 分钟
2024-07-13 00:26:34 下次操作: 2024-07-13 00:29:40

2024-07-13 00:29:40 开始第 5655 次操作

2024-07-13 00:29:40 开始操作号码 【1495544】
2024-07-13 00:29:50 GSD getOne 第 1 次 等待 3 秒
2024-07-13 00:29:53 查询号码 【1495544】，返回信息 {"status":"ok","msg":"-","gid":"318239","time_insert":"2021-07-18 19:42"}
2024-07-13 00:29:53 查询号码 【1495544】，GSD为【"-"】
2024-07-13 00:29:53 ok && -
2024-07-13 00:29:55 CHB 1495544?1720801793 第 1 次 等待 3 秒
2024-07-13 00:29:58 CHB 1495544?1720801793 第 1 次 获取到号码【1495544】GSD
2024-07-13 00:29:58 未获取到号码【1495544】GSD，可能号码格式错误
2024-07-13 00:29:58 获取到号码【1495544】的GSD为【-】
2024-07-13 00:30:06 GSD insert 第 1 次 等待 3 秒
2024-07-13 00:30:09 {"status":"bad","gid":"318239","msg":"添加失败！号码【1495544(-|-)】已存在！"}
2024-07-13 00:30:09 随机等待 195 秒，约 3 分钟
2024-07-13 00:30:09 下次操作: 2024-07-13 00:33:24

2024-07-13 00:33:24 开始第 5656 次操作

2024-07-13 00:33:24 开始操作号码 【1495545】
2024-07-13 00:33:31 GSD getOne 第 1 次 等待 3 秒
2024-07-13 00:33:34 查询号码 【1495545】，返回信息 {"status":"ok","msg":"-","gid":"318253","time_insert":"2021-07-18 19:43"}
2024-07-13 00:33:34 查询号码 【1495545】，GSD为【"-"】
2024-07-13 00:33:34 ok && -
2024-07-13 00:33:36 CHB 1495545?1720802014 第 1 次 等待 3 秒
2024-07-13 00:33:39 CHB 1495545?1720802014 第 1 次 获取到号码【1495545】GSD
2024-07-13 00:33:39 未获取到号码【1495545】GSD，可能号码格式错误
2024-07-13 00:33:39 获取到号码【1495545】的GSD为【-】
2024-07-13 00:33:47 GSD insert 第 1 次 等待 3 秒
2024-07-13 00:33:50 {"status":"bad","gid":"318253","msg":"添加失败！号码【1495545(-|-)】已存在！"}

2024-07-13 00:40:58 开始第 5657 次操作

2024-07-13 00:40:58 开始操作号码 【1495546】
2024-07-13 00:41:08 GSD getOne 第 1 次 等待 3 秒
2024-07-13 00:41:11 查询号码 【1495546】，返回信息 {"status":"ok","msg":"-","gid":"318263","time_insert":"2021-07-18 19:44"}
2024-07-13 00:41:11 查询号码 【1495546】，GSD为【"-"】
2024-07-13 00:41:11 ok && -
2024-07-13 00:41:14 CHB 1495546?1720802471 第 1 次 等待 3 秒
2024-07-13 00:41:17 CHB 1495546?1720802471 第 1 次 获取到号码【1495546】GSD
2024-07-13 00:41:17 未获取到号码【1495546】GSD，可能号码格式错误
2024-07-13 00:41:17 获取到号码【1495546】的GSD为【-】
2024-07-13 00:41:25 GSD insert 第 1 次 等待 3 秒
2024-07-13 00:41:28 {"status":"bad","gid":"318263","msg":"添加失败！号码【1495546(-|-)】已存在！"}
2024-07-13 00:41:28 随机等待 228 秒，约 3 分钟
2024-07-13 00:41:28 下次操作: 2024-07-13 00:45:16

2024-07-13 00:45:16 开始第 5658 次操作

2024-07-13 00:45:16 开始操作号码 【1495547】
2024-07-13 00:45:25 GSD getOne 第 1 次 等待 3 秒
2024-07-13 00:45:28 查询号码 【1495547】，返回信息 {"status":"ok","msg":"-","gid":"318277","time_insert":"2021-07-18 19:45"}
2024-07-13 00:45:28 查询号码 【1495547】，GSD为【"-"】
2024-07-13 00:45:28 ok && -
2024-07-13 00:45:30 CHB 1495547?1720802728 第 1 次 等待 3 秒
2024-07-13 00:45:33 CHB 1495547?1720802728 第 1 次 获取到号码【1495547】GSD
2024-07-13 00:45:33 未获取到号码【1495547】GSD，可能号码格式错误
2024-07-13 00:45:33 获取到号码【1495547】的GSD为【-】
2024-07-13 00:45:40 GSD insert 第 1 次 等待 3 秒
2024-07-13 00:45:44 {"status":"bad","gid":"318277","msg":"添加失败！号码【1495547(-|-)】已存在！"}
2024-07-13 00:45:44 随机等待 144 秒，约 2 分钟
2024-07-13 00:45:44 下次操作: 2024-07-13 00:48:08

2024-07-13 00:48:08 开始第 5659 次操作

2024-07-13 00:48:08 开始操作号码 【1495548】
2024-07-13 00:48:15 GSD getOne 第 1 次 等待 3 秒
2024-07-13 00:48:18 查询号码 【1495548】，返回信息 {"status":"ok","msg":"-","gid":"318290","time_insert":"2021-07-18 19:46"}
2024-07-13 00:48:18 查询号码 【1495548】，GSD为【"-"】
2024-07-13 00:48:18 ok && -
2024-07-13 00:48:20 CHB 1495548?1720802898 第 1 次 等待 3 秒
2024-07-13 00:48:23 CHB 1495548?1720802898 第 1 次 获取到号码【1495548】GSD
2024-07-13 00:48:23 未获取到号码【1495548】GSD，可能号码格式错误
2024-07-13 00:48:23 获取到号码【1495548】的GSD为【-】
2024-07-13 00:48:34 GSD insert 第 1 次 等待 3 秒
2024-07-13 00:48:37 {"status":"bad","gid":"318290","msg":"添加失败！号码【1495548(-|-)】已存在！"}
2024-07-13 00:48:37 随机等待 193 秒，约 3 分钟
2024-07-13 00:48:37 下次操作: 2024-07-13 00:51:50

2024-07-13 00:51:50 开始第 5660 次操作

2024-07-13 00:51:50 开始操作号码 【1495549】
2024-07-13 00:51:58 GSD getOne 第 1 次 等待 3 秒
2024-07-13 00:52:01 查询号码 【1495549】，返回信息 {"status":"ok","msg":"-","gid":"318305","time_insert":"2021-07-18 19:47"}
2024-07-13 00:52:01 查询号码 【1495549】，GSD为【"-"】
2024-07-13 00:52:01 ok && -
2024-07-13 00:52:05 CHB 1495549?1720803121 第 1 次 等待 3 秒
2024-07-13 00:52:08 CHB 1495549?1720803121 第 1 次 获取到号码【1495549】GSD
2024-07-13 00:52:08 未获取到号码【1495549】GSD，可能号码格式错误
2024-07-13 00:52:08 获取到号码【1495549】的GSD为【-】
2024-07-13 00:52:18 GSD insert 第 1 次 等待 3 秒
2024-07-13 00:52:21 {"status":"bad","gid":"318305","msg":"添加失败！号码【1495549(-|-)】已存在！"}

