2024-09-26 00:06:51 开始第 6678 次操作

2024-09-26 00:06:51 开始操作号码 【1386677】
2024-09-26 00:06:54 GSD getOne 第 1 次 等待 3 秒
2024-09-26 00:06:57 查询号码 【1386677】，返回信息 {"status":"ok","msg":"安徽-合肥","gid":"363034","time_insert":"2021-07-23 05:59"}
2024-09-26 00:06:57 查询号码 【1386677】，GSD为【"安徽-合肥"】

2024-09-26 00:06:58 开始第 6679 次操作

2024-09-26 00:06:58 开始操作号码 【1386678】
2024-09-26 00:06:59 GSD getOne 第 1 次 等待 3 秒
2024-09-26 00:07:02 查询号码 【1386678】，返回信息 {"status":"ok","msg":"安徽-合肥","gid":"363023","time_insert":"2021-07-23 05:58"}
2024-09-26 00:07:02 查询号码 【1386678】，GSD为【"安徽-合肥"】

2024-09-26 00:07:03 开始第 6680 次操作

2024-09-26 00:07:03 开始操作号码 【1386679】
2024-09-26 00:07:05 GSD getOne 第 1 次 等待 3 秒
2024-09-26 00:07:08 查询号码 【1386679】，返回信息 {"status":"ok","msg":"安徽-合肥","gid":"363012","time_insert":"2021-07-23 05:57"}
2024-09-26 00:07:08 查询号码 【1386679】，GSD为【"安徽-合肥"】

2024-09-26 00:20:22 开始第 6681 次操作

2024-09-26 00:20:22 开始操作号码 【1386680】
2024-09-26 00:20:25 GSD getOne 第 1 次 等待 3 秒
2024-09-26 00:20:28 查询号码 【1386680】，返回信息 {"status":"ok","msg":"安徽-池州","gid":"362998","time_insert":"2021-07-23 05:57"}
2024-09-26 00:20:28 查询号码 【1386680】，GSD为【"安徽-池州"】

2024-09-26 00:20:29 开始第 6682 次操作

2024-09-26 00:20:29 开始操作号码 【1386681】
2024-09-26 00:20:31 GSD getOne 第 1 次 等待 3 秒
2024-09-26 00:20:34 查询号码 【1386681】，返回信息 {"status":"ok","msg":"安徽-池州","gid":"362988","time_insert":"2021-07-23 05:56"}
2024-09-26 00:20:34 查询号码 【1386681】，GSD为【"安徽-池州"】

2024-09-26 00:20:35 开始第 6683 次操作

2024-09-26 00:20:35 开始操作号码 【1386682】
2024-09-26 00:20:40 GSD getOne 第 1 次 等待 3 秒
2024-09-26 00:20:43 查询号码 【1386682】，返回信息 {"status":"ok","msg":"安徽-池州","gid":"11492","time_insert":"2018-03-19 13:59","time_update":"2020-08-15 08:42"}
2024-09-26 00:20:43 查询号码 【1386682】，GSD为【"安徽-池州"】

2024-09-26 00:20:44 开始第 6684 次操作

2024-09-26 00:20:44 开始操作号码 【1386683】
2024-09-26 00:21:14 GSD getOne 第 1 次 等待 3 秒
2024-09-26 00:21:17 查询号码 【1386683】，返回信息 {"status":"ok","msg":"安徽-马鞍山","gid":"362969","time_insert":"2021-07-23 05:54"}
2024-09-26 00:21:17 查询号码 【1386683】，GSD为【"安徽-马鞍山"】

2024-09-26 00:46:14 开始第 6685 次操作

2024-09-26 00:46:14 开始操作号码 【1386684】
2024-09-26 00:46:16 GSD getOne 第 1 次 等待 3 秒
2024-09-26 00:46:19 查询号码 【1386684】，返回信息 {"status":"ok","msg":"安徽-铜陵","gid":"362955","time_insert":"2021-07-23 05:54"}
2024-09-26 00:46:20 查询号码 【1386684】，GSD为【"安徽-铜陵"】

2024-09-26 00:46:21 开始第 6686 次操作

2024-09-26 00:46:21 开始操作号码 【1386685】
2024-09-26 00:46:23 GSD getOne 第 1 次 等待 3 秒
2024-09-26 00:46:26 查询号码 【1386685】，返回信息 {"status":"ok","msg":"安徽-铜陵","gid":"362941","time_insert":"2021-07-23 05:53"}
2024-09-26 00:46:26 查询号码 【1386685】，GSD为【"安徽-铜陵"】

2024-09-26 00:46:27 开始第 6687 次操作

2024-09-26 00:46:27 开始操作号码 【1386686】
2024-09-26 00:46:30 GSD getOne 第 1 次 等待 3 秒
2024-09-26 00:46:33 查询号码 【1386686】，返回信息 {"status":"ok","msg":"安徽-宿州","gid":"362929","time_insert":"2021-07-23 05:52"}
2024-09-26 00:46:34 查询号码 【1386686】，GSD为【"安徽-宿州"】

2024-09-26 00:46:35 开始第 6688 次操作

2024-09-26 00:46:35 开始操作号码 【1386687】
2024-09-26 00:46:36 GSD getOne 第 1 次 等待 3 秒
2024-09-26 00:46:39 查询号码 【1386687】，返回信息 {"status":"ok","msg":"安徽-宿州","gid":"362917","time_insert":"2021-07-23 05:51"}
2024-09-26 00:46:39 查询号码 【1386687】，GSD为【"安徽-宿州"】

2024-09-26 01:13:11 开始第 6689 次操作

2024-09-26 01:13:11 开始操作号码 【1386688】
2024-09-26 01:13:14 GSD getOne 第 1 次 等待 3 秒
2024-09-26 01:13:17 查询号码 【1386688】，返回信息 {"status":"ok","msg":"安徽-淮北","gid":"362902","time_insert":"2021-07-23 05:50"}
2024-09-26 01:13:17 查询号码 【1386688】，GSD为【"安徽-淮北"】

2024-09-26 01:13:18 开始第 6690 次操作

2024-09-26 01:13:18 开始操作号码 【1386689】
2024-09-26 01:13:20 GSD getOne 第 1 次 等待 3 秒
2024-09-26 01:13:23 查询号码 【1386689】，返回信息 {"status":"ok","msg":"安徽-淮北","gid":"362892","time_insert":"2021-07-23 05:49"}
2024-09-26 01:13:23 查询号码 【1386689】，GSD为【"安徽-淮北"】

2024-09-26 01:13:24 开始第 6691 次操作

2024-09-26 01:13:24 开始操作号码 【1386690】
2024-09-26 01:13:26 GSD getOne 第 1 次 等待 3 秒
2024-09-26 01:13:29 查询号码 【1386690】，返回信息 {"status":"ok","msg":"安徽-滁州","gid":"11493","time_insert":"2017-12-02 19:53","time_update":"2020-08-15 08:46"}
2024-09-26 01:13:29 查询号码 【1386690】，GSD为【"安徽-滁州"】

2024-09-26 01:13:30 开始第 6692 次操作

2024-09-26 01:13:30 开始操作号码 【1386691】
2024-09-26 01:13:32 GSD getOne 第 1 次 等待 3 秒
2024-09-26 01:13:35 查询号码 【1386691】，返回信息 {"status":"ok","msg":"安徽-滁州","gid":"362876","time_insert":"2021-07-23 05:48"}
2024-09-26 01:13:35 查询号码 【1386691】，GSD为【"安徽-滁州"】

2024-09-26 01:37:24 开始第 6693 次操作

2024-09-26 01:37:24 开始操作号码 【1386692】
2024-09-26 01:37:27 GSD getOne 第 1 次 等待 3 秒
2024-09-26 01:37:30 查询号码 【1386692】，返回信息 {"status":"ok","msg":"安徽-滁州","gid":"362862","time_insert":"2021-07-23 05:47"}
2024-09-26 01:37:30 查询号码 【1386692】，GSD为【"安徽-滁州"】

2024-09-26 01:37:31 开始第 6694 次操作

2024-09-26 01:37:31 开始操作号码 【1386693】
2024-09-26 01:37:33 GSD getOne 第 1 次 等待 3 秒
2024-09-26 01:37:36 查询号码 【1386693】，返回信息 {"status":"ok","msg":"安徽-滁州","gid":"362849","time_insert":"2021-07-23 05:47"}
2024-09-26 01:37:37 查询号码 【1386693】，GSD为【"安徽-滁州"】

2024-09-26 01:37:38 开始第 6695 次操作

2024-09-26 01:37:38 开始操作号码 【1386694】
2024-09-26 01:37:40 GSD getOne 第 1 次 等待 3 秒
2024-09-26 01:37:43 查询号码 【1386694】，返回信息 {"status":"ok","msg":"安徽-滁州","gid":"362838","time_insert":"2021-07-23 05:46"}
2024-09-26 01:37:43 查询号码 【1386694】，GSD为【"安徽-滁州"】

2024-09-26 01:37:44 开始第 6696 次操作

2024-09-26 01:37:44 开始操作号码 【1386695】
2024-09-26 01:37:46 GSD getOne 第 1 次 等待 3 秒
2024-09-26 01:37:49 查询号码 【1386695】，返回信息 {"status":"ok","msg":"安徽-宣城","gid":"362825","time_insert":"2021-07-23 05:45"}
2024-09-26 01:37:49 查询号码 【1386695】，GSD为【"安徽-宣城"】

2024-09-26 02:19:31 开始第 6697 次操作

2024-09-26 02:19:31 开始操作号码 【1386696】
2024-09-26 02:19:33 GSD getOne 第 1 次 等待 3 秒
2024-09-26 02:19:36 查询号码 【1386696】，返回信息 {"status":"ok","msg":"安徽-宣城","gid":"362810","time_insert":"2021-07-23 05:44"}
2024-09-26 02:19:36 查询号码 【1386696】，GSD为【"安徽-宣城"】

2024-09-26 02:19:37 开始第 6698 次操作

2024-09-26 02:19:37 开始操作号码 【1386697】
2024-09-26 02:19:40 GSD getOne 第 1 次 等待 3 秒
2024-09-26 02:19:43 查询号码 【1386697】，返回信息 {"status":"ok","msg":"安徽-马鞍山","gid":"362800","time_insert":"2021-07-23 05:43"}
2024-09-26 02:19:43 查询号码 【1386697】，GSD为【"安徽-马鞍山"】

2024-09-26 02:19:44 开始第 6699 次操作

2024-09-26 02:19:44 开始操作号码 【1386698】
2024-09-26 02:19:46 GSD getOne 第 1 次 等待 3 秒
2024-09-26 02:19:49 查询号码 【1386698】，返回信息 {"status":"ok","msg":"安徽-合肥","gid":"362788","time_insert":"2021-07-23 05:43"}
2024-09-26 02:19:49 查询号码 【1386698】，GSD为【"安徽-合肥"】

2024-09-26 02:19:50 开始第 6700 次操作

2024-09-26 02:19:50 开始操作号码 【1386699】
2024-09-26 02:19:52 GSD getOne 第 1 次 等待 3 秒
2024-09-26 02:19:55 查询号码 【1386699】，返回信息 {"status":"ok","msg":"安徽-芜湖","gid":"362778","time_insert":"2021-07-23 05:42"}
2024-09-26 02:19:55 查询号码 【1386699】，GSD为【"安徽-芜湖"】

2024-09-26 02:42:48 开始第 6701 次操作

2024-09-26 02:42:48 开始操作号码 【1386700】
2024-09-26 02:42:50 GSD getOne 第 1 次 等待 3 秒
2024-09-26 02:42:53 查询号码 【1386700】，返回信息 {"status":"ok","msg":"浙江-衢州","gid":"362769","time_insert":"2021-07-23 05:41"}
2024-09-26 02:42:53 查询号码 【1386700】，GSD为【"浙江-衢州"】

2024-09-26 02:42:54 开始第 6702 次操作

2024-09-26 02:42:54 开始操作号码 【1386701】
2024-09-26 02:42:56 GSD getOne 第 1 次 等待 3 秒
2024-09-26 02:42:59 查询号码 【1386701】，返回信息 {"status":"ok","msg":"浙江-衢州","gid":"11494","time_insert":"2018-07-31 15:33","time_update":"2021-05-18 20:41"}
2024-09-26 02:42:59 查询号码 【1386701】，GSD为【"浙江-衢州"】

2024-09-26 02:43:00 开始第 6703 次操作

2024-09-26 02:43:00 开始操作号码 【1386702】
2024-09-26 02:43:03 GSD getOne 第 1 次 等待 3 秒
2024-09-26 02:43:06 查询号码 【1386702】，返回信息 {"status":"ok","msg":"浙江-衢州","gid":"362642","time_insert":"2021-07-23 05:00"}
2024-09-26 02:43:06 查询号码 【1386702】，GSD为【"浙江-衢州"】

2024-09-26 02:43:07 开始第 6704 次操作

2024-09-26 02:43:07 开始操作号码 【1386703】
2024-09-26 02:43:09 GSD getOne 第 1 次 等待 3 秒
2024-09-26 02:43:12 查询号码 【1386703】，返回信息 {"status":"ok","msg":"浙江-衢州","gid":"362635","time_insert":"2021-07-23 05:00"}
2024-09-26 02:43:12 查询号码 【1386703】，GSD为【"浙江-衢州"】

2024-09-26 03:10:20 开始第 6705 次操作

2024-09-26 03:10:20 开始操作号码 【1386704】
2024-09-26 03:10:23 GSD getOne 第 1 次 等待 3 秒
2024-09-26 03:10:26 查询号码 【1386704】，返回信息 {"status":"ok","msg":"浙江-丽水","gid":"362627","time_insert":"2021-07-23 04:59"}
2024-09-26 03:10:26 查询号码 【1386704】，GSD为【"浙江-丽水"】

2024-09-26 03:10:27 开始第 6706 次操作

2024-09-26 03:10:27 开始操作号码 【1386705】
2024-09-26 03:10:29 GSD getOne 第 1 次 等待 3 秒
2024-09-26 03:10:32 查询号码 【1386705】，返回信息 {"status":"ok","msg":"浙江-丽水","gid":"362618","time_insert":"2021-07-23 04:59"}
2024-09-26 03:10:32 查询号码 【1386705】，GSD为【"浙江-丽水"】

2024-09-26 03:10:33 开始第 6707 次操作

2024-09-26 03:10:33 开始操作号码 【1386706】
2024-09-26 03:10:35 GSD getOne 第 1 次 等待 3 秒
2024-09-26 03:10:38 查询号码 【1386706】，返回信息 {"status":"ok","msg":"浙江-丽水","gid":"362610","time_insert":"2021-07-23 04:58"}
2024-09-26 03:10:38 查询号码 【1386706】，GSD为【"浙江-丽水"】

2024-09-26 03:10:39 开始第 6708 次操作

2024-09-26 03:10:39 开始操作号码 【1386707】
2024-09-26 03:10:41 GSD getOne 第 1 次 等待 3 秒
2024-09-26 03:10:44 查询号码 【1386707】，返回信息 {"status":"ok","msg":"浙江-丽水","gid":"362601","time_insert":"2021-07-23 04:58"}
2024-09-26 03:10:44 查询号码 【1386707】，GSD为【"浙江-丽水"】

2024-09-26 03:35:42 开始第 6709 次操作

2024-09-26 03:35:42 开始操作号码 【1386708】
2024-09-26 03:35:44 GSD getOne 第 1 次 等待 3 秒
2024-09-26 03:35:47 查询号码 【1386708】，返回信息 {"status":"ok","msg":"浙江-丽水","gid":"362593","time_insert":"2021-07-23 04:57"}
2024-09-26 03:35:47 查询号码 【1386708】，GSD为【"浙江-丽水"】

2024-09-26 03:35:48 开始第 6710 次操作

2024-09-26 03:35:48 开始操作号码 【1386709】
2024-09-26 03:35:50 GSD getOne 第 1 次 等待 3 秒
2024-09-26 03:35:53 查询号码 【1386709】，返回信息 {"status":"ok","msg":"浙江-丽水","gid":"362587","time_insert":"2021-07-23 04:57"}
2024-09-26 03:35:53 查询号码 【1386709】，GSD为【"浙江-丽水"】

2024-09-26 03:35:54 开始第 6711 次操作

2024-09-26 03:35:54 开始操作号码 【1386710】
2024-09-26 03:35:56 GSD getOne 第 1 次 等待 3 秒
2024-09-26 03:35:59 查询号码 【1386710】，返回信息 {"status":"ok","msg":"浙江-杭州","gid":"362579","time_insert":"2021-07-23 04:56"}
2024-09-26 03:35:59 查询号码 【1386710】，GSD为【"浙江-杭州"】

2024-09-26 03:36:00 开始第 6712 次操作

2024-09-26 03:36:00 开始操作号码 【1386711】
2024-09-26 03:36:02 GSD getOne 第 1 次 等待 3 秒
2024-09-26 03:36:05 查询号码 【1386711】，返回信息 {"status":"ok","msg":"浙江-杭州","gid":"362570","time_insert":"2021-07-23 04:56"}
2024-09-26 03:36:05 查询号码 【1386711】，GSD为【"浙江-杭州"】

2024-09-26 04:16:11 开始第 6713 次操作

2024-09-26 04:16:11 开始操作号码 【1386712】
2024-09-26 04:16:13 GSD getOne 第 1 次 等待 3 秒
2024-09-26 04:16:16 查询号码 【1386712】，返回信息 {"status":"ok","msg":"浙江-杭州","gid":"362563","time_insert":"2021-07-23 04:55"}
2024-09-26 04:16:16 查询号码 【1386712】，GSD为【"浙江-杭州"】

2024-09-26 04:16:17 开始第 6714 次操作

2024-09-26 04:16:17 开始操作号码 【1386713】
2024-09-26 04:16:19 GSD getOne 第 1 次 等待 3 秒
2024-09-26 04:16:22 查询号码 【1386713】，返回信息 {"status":"ok","msg":"浙江-杭州","gid":"11495","time_insert":"2017-01-23 17:33","time_update":"2021-05-18 21:08"}
2024-09-26 04:16:22 查询号码 【1386713】，GSD为【"浙江-杭州"】

2024-09-26 04:16:23 开始第 6715 次操作

2024-09-26 04:16:23 开始操作号码 【1386714】
2024-09-26 04:16:25 GSD getOne 第 1 次 等待 3 秒
2024-09-26 04:16:28 查询号码 【1386714】，返回信息 {"status":"ok","msg":"浙江-杭州","gid":"362551","time_insert":"2021-07-23 04:54"}
2024-09-26 04:16:28 查询号码 【1386714】，GSD为【"浙江-杭州"】

2024-09-26 04:16:29 开始第 6716 次操作

2024-09-26 04:16:29 开始操作号码 【1386715】
2024-09-26 04:16:31 GSD getOne 第 1 次 等待 3 秒
2024-09-26 04:16:34 查询号码 【1386715】，返回信息 {"status":"ok","msg":"浙江-杭州","gid":"362544","time_insert":"2021-07-23 04:54"}
2024-09-26 04:16:34 查询号码 【1386715】，GSD为【"浙江-杭州"】

