2024-11-24 00:11:29 开始第 6597 次操作

2024-11-24 00:11:29 开始操作号码 【1306596】
2024-11-24 00:11:31 GSD getOne 第 1 次 等待 3 秒
2024-11-24 00:11:34 查询号码 【1306596】，返回信息 {"status":"ok","msg":"浙江-金华","gid":"199052","time_insert":"2021-07-05 16:42"}
2024-11-24 00:11:34 查询号码 【1306596】，GSD为【"浙江-金华"】

2024-11-24 00:11:35 开始第 6598 次操作

2024-11-24 00:11:35 开始操作号码 【1306597】
2024-11-24 00:11:36 GSD getOne 第 1 次 等待 3 秒
2024-11-24 00:11:39 查询号码 【1306597】，返回信息 {"status":"ok","msg":"浙江-金华","gid":"199050","time_insert":"2021-07-05 16:42"}
2024-11-24 00:11:39 查询号码 【1306597】，GSD为【"浙江-金华"】

2024-11-24 00:11:40 开始第 6599 次操作

2024-11-24 00:11:40 开始操作号码 【1306598】
2024-11-24 00:11:41 GSD getOne 第 1 次 等待 3 秒
2024-11-24 00:11:44 查询号码 【1306598】，返回信息 {"status":"ok","msg":"浙江-金华","gid":"199048","time_insert":"2021-07-05 16:41"}
2024-11-24 00:11:44 查询号码 【1306598】，GSD为【"浙江-金华"】

2024-11-24 00:11:45 开始第 6600 次操作

2024-11-24 00:11:45 开始操作号码 【1306599】
2024-11-24 00:11:46 GSD getOne 第 1 次 等待 3 秒
2024-11-24 00:11:49 查询号码 【1306599】，返回信息 {"status":"ok","msg":"浙江-金华","gid":"198858","time_insert":"2021-07-05 15:49"}
2024-11-24 00:11:49 查询号码 【1306599】，GSD为【"浙江-金华"】

2024-11-24 00:41:10 开始第 6601 次操作

2024-11-24 00:41:10 开始操作号码 【1306600】
2024-11-24 00:41:11 GSD getOne 第 1 次 等待 3 秒
2024-11-24 00:41:14 查询号码 【1306600】，返回信息 {"status":"ok","msg":"山东-济南","gid":"198850","time_insert":"2021-07-05 15:48"}
2024-11-24 00:41:14 查询号码 【1306600】，GSD为【"山东-济南"】

2024-11-24 00:41:15 开始第 6602 次操作

2024-11-24 00:41:15 开始操作号码 【1306601】
2024-11-24 00:41:16 GSD getOne 第 1 次 等待 3 秒
2024-11-24 00:41:19 查询号码 【1306601】，返回信息 {"status":"ok","msg":"山东-济南","gid":"198843","time_insert":"2021-07-05 15:48"}
2024-11-24 00:41:19 查询号码 【1306601】，GSD为【"山东-济南"】

2024-11-24 00:41:20 开始第 6603 次操作

2024-11-24 00:41:20 开始操作号码 【1306602】
2024-11-24 00:41:21 GSD getOne 第 1 次 等待 3 秒
2024-11-24 00:41:24 查询号码 【1306602】，返回信息 {"status":"ok","msg":"山东-济南","gid":"198837","time_insert":"2021-07-05 15:47"}
2024-11-24 00:41:24 查询号码 【1306602】，GSD为【"山东-济南"】

2024-11-24 00:41:25 开始第 6604 次操作

2024-11-24 00:41:25 开始操作号码 【1306603】
2024-11-24 00:41:26 GSD getOne 第 1 次 等待 3 秒
2024-11-24 00:41:29 查询号码 【1306603】，返回信息 {"status":"ok","msg":"山东-济南","gid":"198828","time_insert":"2021-07-05 15:47"}
2024-11-24 00:41:29 查询号码 【1306603】，GSD为【"山东-济南"】

2024-11-24 01:08:21 开始第 6605 次操作

2024-11-24 01:08:21 开始操作号码 【1306604】
2024-11-24 01:08:22 GSD getOne 第 1 次 等待 3 秒
2024-11-24 01:08:25 查询号码 【1306604】，返回信息 {"status":"ok","msg":"山东-日照","gid":"198820","time_insert":"2021-07-05 15:46"}
2024-11-24 01:08:25 查询号码 【1306604】，GSD为【"山东-日照"】

2024-11-24 01:08:26 开始第 6606 次操作

2024-11-24 01:08:26 开始操作号码 【1306605】
2024-11-24 01:08:27 GSD getOne 第 1 次 等待 3 秒
2024-11-24 01:08:30 查询号码 【1306605】，返回信息 {"status":"ok","msg":"山东-日照","gid":"198815","time_insert":"2021-07-05 15:46"}
2024-11-24 01:08:30 查询号码 【1306605】，GSD为【"山东-日照"】

2024-11-24 01:08:31 开始第 6607 次操作

2024-11-24 01:08:31 开始操作号码 【1306606】
2024-11-24 01:08:32 GSD getOne 第 1 次 等待 3 秒
2024-11-24 01:08:35 查询号码 【1306606】，返回信息 {"status":"ok","msg":"山东-日照","gid":"198810","time_insert":"2021-07-05 15:46"}
2024-11-24 01:08:35 查询号码 【1306606】，GSD为【"山东-日照"】

2024-11-24 01:08:36 开始第 6608 次操作

2024-11-24 01:08:36 开始操作号码 【1306607】
2024-11-24 01:08:37 GSD getOne 第 1 次 等待 3 秒
2024-11-24 01:08:40 查询号码 【1306607】，返回信息 {"status":"ok","msg":"山东-日照","gid":"198802","time_insert":"2021-07-05 15:45"}
2024-11-24 01:08:40 查询号码 【1306607】，GSD为【"山东-日照"】

2024-11-24 01:35:09 开始第 6609 次操作

2024-11-24 01:35:09 开始操作号码 【1306608】
2024-11-24 01:35:10 GSD getOne 第 1 次 等待 3 秒
2024-11-24 01:35:13 查询号码 【1306608】，返回信息 {"status":"ok","msg":"山东-日照","gid":"198795","time_insert":"2021-07-05 15:45"}
2024-11-24 01:35:13 查询号码 【1306608】，GSD为【"山东-日照"】

2024-11-24 01:35:14 开始第 6610 次操作

2024-11-24 01:35:14 开始操作号码 【1306609】
2024-11-24 01:35:16 GSD getOne 第 1 次 等待 3 秒
2024-11-24 01:35:19 查询号码 【1306609】，返回信息 {"status":"ok","msg":"山东-日照","gid":"198791","time_insert":"2021-07-05 15:44"}
2024-11-24 01:35:19 查询号码 【1306609】，GSD为【"山东-日照"】

2024-11-24 01:35:20 开始第 6611 次操作

2024-11-24 01:35:20 开始操作号码 【1306610】
2024-11-24 01:35:21 GSD getOne 第 1 次 等待 3 秒
2024-11-24 01:35:24 查询号码 【1306610】，返回信息 {"status":"ok","msg":"广东-东莞","gid":"198786","time_insert":"2021-07-05 15:44"}
2024-11-24 01:35:24 查询号码 【1306610】，GSD为【"广东-东莞"】

2024-11-24 01:35:25 开始第 6612 次操作

2024-11-24 01:35:25 开始操作号码 【1306611】
2024-11-24 01:35:27 GSD getOne 第 1 次 等待 3 秒
2024-11-24 01:35:30 查询号码 【1306611】，返回信息 {"status":"ok","msg":"广东-东莞","gid":"198779","time_insert":"2021-07-05 15:43"}
2024-11-24 01:35:30 查询号码 【1306611】，GSD为【"广东-东莞"】

