2024-01-03 00:19:58 开始第 6593 次操作

2024-01-03 00:19:58 开始操作号码 【1826495】
2024-01-03 00:20:02 GSD getOne 第 1 次 等待 3 秒
2024-01-03 00:20:05 查询号码 【1826495】，返回信息 {"status":"ok","msg":"山东-临沂","gid":"418888","time_insert":"2021-07-28 00:23"}
2024-01-03 00:20:05 查询号码 【1826495】，GSD为【"山东-临沂"】

2024-01-03 00:20:06 开始第 6594 次操作

2024-01-03 00:20:06 开始操作号码 【1826496】
2024-01-03 00:20:31 GSD getOne 第 1 次 等待 3 秒
2024-01-03 00:20:34 查询号码 【1826496】，返回信息 {"status":"ok","msg":"山东-临沂","gid":"418878","time_insert":"2021-07-28 00:22"}
2024-01-03 00:20:34 查询号码 【1826496】，GSD为【"山东-临沂"】

2024-01-03 00:20:35 开始第 6595 次操作

2024-01-03 00:20:35 开始操作号码 【1826497】
2024-01-03 00:20:42 GSD getOne 第 1 次 等待 3 秒
2024-01-03 00:20:45 查询号码 【1826497】，返回信息 {"status":"ok","msg":"山东-临沂","gid":"418869","time_insert":"2021-07-28 00:21"}
2024-01-03 00:20:45 查询号码 【1826497】，GSD为【"山东-临沂"】

2024-01-03 00:20:46 开始第 6596 次操作

2024-01-03 00:20:46 开始操作号码 【1826498】
2024-01-03 00:20:49 GSD getOne 第 1 次 等待 3 秒
2024-01-03 00:20:52 查询号码 【1826498】，返回信息 {"status":"ok","msg":"山东-临沂","gid":"418861","time_insert":"2021-07-28 00:20"}
2024-01-03 00:20:52 查询号码 【1826498】，GSD为【"山东-临沂"】

