2024-09-14 00:16:34 开始第 4581 次操作

2024-09-14 00:16:34 开始操作号码 【1384580】
2024-09-14 00:16:42 GSD getOne 第 1 次 等待 3 秒
2024-09-14 00:16:45 查询号码 【1384580】，返回信息 {"status":"ok","msg":"黑龙江-伊春","gid":"166581","time_insert":"2021-07-01 13:05"}
2024-09-14 00:16:45 查询号码 【1384580】，GSD为【"黑龙江-伊春"】

2024-09-14 00:16:46 开始第 4582 次操作

2024-09-14 00:16:46 开始操作号码 【1384581】
2024-09-14 00:16:54 GSD getOne 第 1 次 等待 3 秒
2024-09-14 00:16:57 查询号码 【1384581】，返回信息 {"status":"ok","msg":"黑龙江-伊春","gid":"166727","time_insert":"2021-07-01 13:20"}
2024-09-14 00:16:58 查询号码 【1384581】，GSD为【"黑龙江-伊春"】

2024-09-14 00:16:59 开始第 4583 次操作

2024-09-14 00:16:59 开始操作号码 【1384582】
2024-09-14 00:17:06 GSD getOne 第 1 次 等待 3 秒
2024-09-14 00:17:09 查询号码 【1384582】，返回信息 {"status":"ok","msg":"黑龙江-伊春","gid":"166744","time_insert":"2021-07-01 13:30"}
2024-09-14 00:17:10 查询号码 【1384582】，GSD为【"黑龙江-伊春"】

2024-09-14 00:17:11 开始第 4584 次操作

2024-09-14 00:17:11 开始操作号码 【1384583】
2024-09-14 00:17:18 GSD getOne 第 1 次 等待 3 秒
2024-09-14 00:17:21 查询号码 【1384583】，返回信息 {"status":"ok","msg":"黑龙江-伊春","gid":"168340","time_insert":"2021-07-01 18:15"}
2024-09-14 00:17:21 查询号码 【1384583】，GSD为【"黑龙江-伊春"】

