2023-10-27 00:20:28 开始第 5213 次操作

2023-10-27 00:20:28 开始操作号码 【1925123】
2023-10-27 00:20:38 GSD getOne 第 1 次 等待 3 秒
2023-10-27 00:20:41 查询号码 【1925123】，返回信息 {"status":"ok","msg":"-","gid":"623543","time_insert":"2023-03-30 11:39"}
2023-10-27 00:20:41 查询号码 【1925123】，GSD为【"-"】
2023-10-27 00:20:41 ok && -
2023-10-27 00:20:47 CHB 1925123?1698337241 第 1 次 等待 3 秒
2023-10-27 00:20:50 CHB 1925123?1698337241 第 1 次 获取到号码【1925123】GSD
2023-10-27 00:20:50 未获取到号码【1925123】GSD，可能号码格式错误
2023-10-27 00:20:50 获取到号码【1925123】的GSD为【-】
2023-10-27 00:21:05 GSD insert 第 1 次 等待 3 秒
2023-10-27 00:21:08 {"status":"bad","gid":"623543","msg":"添加失败！号码【1925123(-|-)】已存在！"}
2023-10-27 00:21:08 随机等待 67 秒，约 1 分钟
2023-10-27 00:21:08 下次操作: 2023-10-27 00:22:15

2023-10-27 00:22:15 开始第 5214 次操作

2023-10-27 00:22:15 开始操作号码 【1925124】
2023-10-27 00:22:19 GSD getOne 第 1 次 等待 3 秒
2023-10-27 00:22:22 查询号码 【1925124】，返回信息 {"status":"ok","msg":"-","gid":"623541","time_insert":"2023-03-30 11:37"}
2023-10-27 00:22:22 查询号码 【1925124】，GSD为【"-"】
2023-10-27 00:22:22 ok && -
2023-10-27 00:22:32 CHB 1925124?1698337342 第 1 次 等待 3 秒
2023-10-27 00:22:35 CHB 1925124?1698337342 第 1 次 获取到号码【1925124】GSD
2023-10-27 00:22:35 未获取到号码【1925124】GSD，可能号码格式错误
2023-10-27 00:22:35 获取到号码【1925124】的GSD为【-】
2023-10-27 00:22:41 GSD insert 第 1 次 等待 3 秒
2023-10-27 00:22:44 {"status":"bad","gid":"623541","msg":"添加失败！号码【1925124(-|-)】已存在！"}
2023-10-27 00:22:44 随机等待 217 秒，约 3 分钟
2023-10-27 00:22:44 下次操作: 2023-10-27 00:26:21

2023-10-27 00:26:21 开始第 5215 次操作

2023-10-27 00:26:21 开始操作号码 【1925125】
2023-10-27 00:26:31 GSD getOne 第 1 次 等待 3 秒
2023-10-27 00:26:34 查询号码 【1925125】，返回信息 {"status":"ok","msg":"-","gid":"623536","time_insert":"2023-03-30 11:34"}
2023-10-27 00:26:34 查询号码 【1925125】，GSD为【"-"】
2023-10-27 00:26:34 ok && -
2023-10-27 00:26:41 CHB 1925125?1698337594 第 1 次 等待 3 秒
2023-10-27 00:26:44 CHB 1925125?1698337594 第 1 次 获取到号码【1925125】GSD
2023-10-27 00:26:44 未获取到号码【1925125】GSD，可能号码格式错误
2023-10-27 00:26:44 获取到号码【1925125】的GSD为【-】
2023-10-27 00:26:57 GSD insert 第 1 次 等待 3 秒
2023-10-27 00:27:00 {"status":"bad","gid":"623536","msg":"添加失败！号码【1925125(-|-)】已存在！"}
2023-10-27 00:27:00 随机等待 107 秒，约 1 分钟
2023-10-27 00:27:00 下次操作: 2023-10-27 00:28:47

2023-10-27 00:28:47 开始第 5216 次操作

2023-10-27 00:28:47 开始操作号码 【1925126】
2023-10-27 00:28:54 GSD getOne 第 1 次 等待 3 秒
2023-10-27 00:28:57 查询号码 【1925126】，返回信息 {"status":"ok","msg":"-","gid":"623532","time_insert":"2023-03-30 11:32"}
2023-10-27 00:28:57 查询号码 【1925126】，GSD为【"-"】
2023-10-27 00:28:57 ok && -
2023-10-27 00:29:00 CHB 1925126?1698337737 第 1 次 等待 3 秒
2023-10-27 00:29:03 CHB 1925126?1698337737 第 1 次 获取到号码【1925126】GSD
2023-10-27 00:29:03 未获取到号码【1925126】GSD，可能号码格式错误
2023-10-27 00:29:03 获取到号码【1925126】的GSD为【-】
2023-10-27 00:29:06 GSD insert 第 1 次 等待 3 秒
2023-10-27 00:29:09 {"status":"bad","gid":"623532","msg":"添加失败！号码【1925126(-|-)】已存在！"}

2023-10-27 00:38:38 开始第 5217 次操作

2023-10-27 00:38:38 开始操作号码 【1925127】
2023-10-27 00:38:41 GSD getOne 第 1 次 等待 3 秒
2023-10-27 00:38:44 查询号码 【1925127】，返回信息 {"status":"ok","msg":"-","gid":"623529","time_insert":"2023-03-30 11:30"}
2023-10-27 00:38:44 查询号码 【1925127】，GSD为【"-"】
2023-10-27 00:38:44 ok && -
2023-10-27 00:38:50 CHB 1925127?1698338324 第 1 次 等待 3 秒
2023-10-27 00:38:53 CHB 1925127?1698338324 第 1 次 获取到号码【1925127】GSD
2023-10-27 00:38:53 未获取到号码【1925127】GSD，可能号码格式错误
2023-10-27 00:38:53 获取到号码【1925127】的GSD为【-】
2023-10-27 00:38:58 GSD insert 第 1 次 等待 3 秒
2023-10-27 00:39:01 {"status":"bad","gid":"623529","msg":"添加失败！号码【1925127(-|-)】已存在！"}
2023-10-27 00:39:01 随机等待 156 秒，约 2 分钟
2023-10-27 00:39:01 下次操作: 2023-10-27 00:41:37

2023-10-27 00:41:37 开始第 5218 次操作

2023-10-27 00:41:37 开始操作号码 【1925128】
2023-10-27 00:41:44 GSD getOne 第 1 次 等待 3 秒
2023-10-27 00:41:47 查询号码 【1925128】，返回信息 {"status":"ok","msg":"-","gid":"623524","time_insert":"2023-03-30 11:27"}
2023-10-27 00:41:47 查询号码 【1925128】，GSD为【"-"】
2023-10-27 00:41:47 ok && -
2023-10-27 00:41:53 CHB 1925128?1698338507 第 1 次 等待 3 秒
2023-10-27 00:41:56 CHB 1925128?1698338507 第 1 次 获取到号码【1925128】GSD
2023-10-27 00:41:56 未获取到号码【1925128】GSD，可能号码格式错误
2023-10-27 00:41:56 获取到号码【1925128】的GSD为【-】
2023-10-27 00:41:59 GSD insert 第 1 次 等待 3 秒
2023-10-27 00:42:02 {"status":"bad","gid":"623524","msg":"添加失败！号码【1925128(-|-)】已存在！"}
2023-10-27 00:42:02 随机等待 108 秒，约 1 分钟
2023-10-27 00:42:02 下次操作: 2023-10-27 00:43:50

2023-10-27 00:43:50 开始第 5219 次操作

2023-10-27 00:43:50 开始操作号码 【1925129】
2023-10-27 00:43:53 GSD getOne 第 1 次 等待 3 秒
2023-10-27 00:43:56 查询号码 【1925129】，返回信息 {"status":"ok","msg":"-","gid":"623513","time_insert":"2023-03-30 11:19"}
2023-10-27 00:43:56 查询号码 【1925129】，GSD为【"-"】
2023-10-27 00:43:56 ok && -
2023-10-27 00:44:02 CHB 1925129?1698338636 第 1 次 等待 3 秒
2023-10-27 00:44:05 CHB 1925129?1698338636 第 1 次 获取到号码【1925129】GSD
2023-10-27 00:44:05 未获取到号码【1925129】GSD，可能号码格式错误
2023-10-27 00:44:05 获取到号码【1925129】的GSD为【-】
2023-10-27 00:44:10 GSD insert 第 1 次 等待 3 秒
2023-10-27 00:44:13 {"status":"bad","gid":"623513","msg":"添加失败！号码【1925129(-|-)】已存在！"}
2023-10-27 00:44:13 随机等待 207 秒，约 3 分钟
2023-10-27 00:44:13 下次操作: 2023-10-27 00:47:40

2023-10-27 00:47:40 开始第 5220 次操作

2023-10-27 00:47:40 开始操作号码 【1925130】
2023-10-27 00:47:45 GSD getOne 第 1 次 等待 3 秒
2023-10-27 00:47:48 查询号码 【1925130】，返回信息 {"status":"ok","msg":"-","gid":"623511","time_insert":"2023-03-30 11:18"}
2023-10-27 00:47:48 查询号码 【1925130】，GSD为【"-"】
2023-10-27 00:47:48 ok && -
2023-10-27 00:47:50 CHB 1925130?1698338868 第 1 次 等待 3 秒
2023-10-27 00:47:53 CHB 1925130?1698338868 第 1 次 获取到号码【1925130】GSD
2023-10-27 00:47:53 未获取到号码【1925130】GSD，可能号码格式错误
2023-10-27 00:47:53 获取到号码【1925130】的GSD为【-】
2023-10-27 00:47:56 GSD insert 第 1 次 等待 3 秒
2023-10-27 00:47:59 {"status":"bad","gid":"623511","msg":"添加失败！号码【1925130(-|-)】已存在！"}

