2024-04-20 00:22:01 开始第 4461 次操作

2024-04-20 00:22:01 开始操作号码 【1604362】
2024-04-20 00:22:07 GSD getOne 第 1 次 等待 3 秒
2024-04-20 00:22:10 查询号码 【1604362】，返回信息 {"status":"ok","msg":"-","gid":"606506","time_insert":"2023-03-22 05:20"}
2024-04-20 00:22:10 查询号码 【1604362】，GSD为【"-"】
2024-04-20 00:22:10 ok && -
2024-04-20 00:22:13 CHB 1604362?1713543730 第 1 次 等待 3 秒
2024-04-20 00:22:16 CHB 1604362?1713543730 第 1 次 获取到号码【1604362】GSD
2024-04-20 00:22:16 未获取到号码【1604362】GSD，可能号码格式错误
2024-04-20 00:22:16 获取到号码【1604362】的GSD为【-】
2024-04-20 00:22:21 GSD insert 第 1 次 等待 3 秒
2024-04-20 00:22:24 {"status":"bad","gid":"606506","msg":"添加失败！号码【1604362(-|-)】已存在！"}
2024-04-20 00:22:24 随机等待 230 秒，约 3 分钟
2024-04-20 00:22:24 下次操作: 2024-04-20 00:26:14

2024-04-20 00:26:14 开始第 4462 次操作

2024-04-20 00:26:14 开始操作号码 【1604363】
2024-04-20 00:26:19 GSD getOne 第 1 次 等待 3 秒
2024-04-20 00:26:22 查询号码 【1604363】，返回信息 {"status":"ok","msg":"-","gid":"606523","time_insert":"2023-03-22 05:31"}
2024-04-20 00:26:22 查询号码 【1604363】，GSD为【"-"】
2024-04-20 00:26:22 ok && -
2024-04-20 00:26:24 CHB 1604363?1713543982 第 1 次 等待 3 秒
2024-04-20 00:26:27 CHB 1604363?1713543982 第 1 次 获取到号码【1604363】GSD
2024-04-20 00:26:27 未获取到号码【1604363】GSD，可能号码格式错误
2024-04-20 00:26:27 获取到号码【1604363】的GSD为【-】
2024-04-20 00:26:33 GSD insert 第 1 次 等待 3 秒
2024-04-20 00:26:36 {"status":"bad","gid":"606523","msg":"添加失败！号码【1604363(-|-)】已存在！"}
2024-04-20 00:26:36 随机等待 117 秒，约 1 分钟
2024-04-20 00:26:36 下次操作: 2024-04-20 00:28:33

2024-04-20 00:28:33 开始第 4463 次操作

2024-04-20 00:28:33 开始操作号码 【1604364】
2024-04-20 00:28:38 GSD getOne 第 1 次 等待 3 秒
2024-04-20 00:28:41 查询号码 【1604364】，返回信息 {"status":"ok","msg":"-","gid":"606540","time_insert":"2023-03-22 05:44"}
2024-04-20 00:28:41 查询号码 【1604364】，GSD为【"-"】
2024-04-20 00:28:41 ok && -
2024-04-20 00:28:44 CHB 1604364?1713544121 第 1 次 等待 3 秒
2024-04-20 00:28:47 CHB 1604364?1713544121 第 1 次 获取到号码【1604364】GSD
2024-04-20 00:28:47 未获取到号码【1604364】GSD，可能号码格式错误
2024-04-20 00:28:47 获取到号码【1604364】的GSD为【-】
2024-04-20 00:28:53 GSD insert 第 1 次 等待 3 秒
2024-04-20 00:28:56 {"status":"bad","gid":"606540","msg":"添加失败！号码【1604364(-|-)】已存在！"}
2024-04-20 00:28:56 随机等待 225 秒，约 3 分钟
2024-04-20 00:28:56 下次操作: 2024-04-20 00:32:41

2024-04-20 00:32:41 开始第 4464 次操作

2024-04-20 00:32:41 开始操作号码 【1604365】
2024-04-20 00:32:48 GSD getOne 第 1 次 等待 3 秒
2024-04-20 00:32:51 查询号码 【1604365】，返回信息 {"status":"ok","msg":"-","gid":"606572","time_insert":"2023-03-22 06:05"}
2024-04-20 00:32:51 查询号码 【1604365】，GSD为【"-"】
2024-04-20 00:32:51 ok && -
2024-04-20 00:32:53 CHB 1604365?1713544371 第 1 次 等待 3 秒
2024-04-20 00:32:56 CHB 1604365?1713544371 第 1 次 获取到号码【1604365】GSD
2024-04-20 00:32:56 未获取到号码【1604365】GSD，可能号码格式错误
2024-04-20 00:32:56 获取到号码【1604365】的GSD为【-】
2024-04-20 00:33:05 GSD insert 第 1 次 等待 3 秒
2024-04-20 00:33:08 {"status":"bad","gid":"606572","msg":"添加失败！号码【1604365(-|-)】已存在！"}

