2024-01-13 00:21:54 开始第 8361 次操作

2024-01-13 00:21:54 开始操作号码 【1828263】
2024-01-13 00:21:57 GSD getOne 第 1 次 等待 3 秒
2024-01-13 00:22:00 查询号码 【1828263】，返回信息 {"status":"ok","msg":"四川-广安","gid":"36230","time_insert":"2016-11-26 16:33","time_update":"2020-11-07 15:57"}
2024-01-13 00:22:00 查询号码 【1828263】，GSD为【"四川-广安"】

2024-01-13 00:22:02 开始第 8362 次操作

2024-01-13 00:22:02 开始操作号码 【1828264】
2024-01-13 00:22:06 GSD getOne 第 1 次 等待 3 秒
2024-01-13 00:22:09 查询号码 【1828264】，返回信息 {"status":"ok","msg":"四川-广安","gid":"36231","time_insert":"2017-04-15 08:52","time_update":"2020-11-07 16:01"}
2024-01-13 00:22:09 查询号码 【1828264】，GSD为【"四川-广安"】

2024-01-13 00:22:10 开始第 8363 次操作

2024-01-13 00:22:10 开始操作号码 【1828265】
2024-01-13 00:22:13 GSD getOne 第 1 次 等待 3 秒
2024-01-13 00:22:16 查询号码 【1828265】，返回信息 {"status":"ok","msg":"四川-广安","gid":"36232","time_insert":"2020-04-01 20:11","time_update":"2020-11-07 16:05"}
2024-01-13 00:22:16 查询号码 【1828265】，GSD为【"四川-广安"】

2024-01-13 00:22:17 开始第 8364 次操作

2024-01-13 00:22:17 开始操作号码 【1828266】
2024-01-13 00:22:21 GSD getOne 第 1 次 等待 3 秒
2024-01-13 00:22:24 查询号码 【1828266】，返回信息 {"status":"ok","msg":"四川-广安","gid":"36233","time_insert":"2017-05-01 09:04","time_update":"2020-11-07 16:09"}
2024-01-13 00:22:24 查询号码 【1828266】，GSD为【"四川-广安"】

