2021-07-27 00:00:31 开始第 20 次操作

2021-07-27 00:00:31 开始操作号码 【1585979】
2021-07-27 00:00:37 GSD getOne 第 1 次 等待 3 秒
2021-07-27 00:00:40 查询号码 【1585979】，返回信息 {"status":"bad","msg":""}
2021-07-27 00:00:40 查询号码 【1585979】，GSD为【""】
2021-07-27 00:00:40 bad
2021-07-27 00:00:49 CHB 1585979?1627315240 第 1 次 等待 3 秒
2021-07-27 00:00:52 CHB 1585979?1627315240 第 1 次 获取到号码【1585979】GSD
2021-07-27 00:00:52 获取到号码【1585979】的GSD为【福建-泉州】
2021-07-27 00:00:58 GSD insert 第 1 次 等待 3 秒
2021-07-27 00:01:01 {"status":"ok","gid":407056,"msg":"添加成功！"}
2021-07-27 00:01:01 下次操作: 2021-07-27 00:01:21

2021-07-27 00:01:21 开始第 21 次操作

2021-07-27 00:01:21 开始操作号码 【1585978】
2021-07-27 00:01:24 GSD getOne 第 1 次 等待 3 秒
2021-07-27 00:01:27 查询号码 【1585978】，返回信息 {"status":"bad","msg":""}
2021-07-27 00:01:27 查询号码 【1585978】，GSD为【""】
2021-07-27 00:01:27 bad
2021-07-27 00:01:29 CHB 1585978?1627315287 第 1 次 等待 3 秒
2021-07-27 00:01:32 CHB 1585978?1627315287 第 1 次 获取到号码【1585978】GSD
2021-07-27 00:01:32 获取到号码【1585978】的GSD为【福建-泉州】
2021-07-27 00:01:36 GSD insert 第 1 次 等待 3 秒
2021-07-27 00:01:39 {"status":"ok","gid":407068,"msg":"添加成功！"}
2021-07-27 00:01:39 下次操作: 2021-07-27 00:01:58

2021-07-27 00:01:58 开始第 22 次操作

2021-07-27 00:01:58 开始操作号码 【1585977】
2021-07-27 00:02:02 GSD getOne 第 1 次 等待 3 秒
2021-07-27 00:02:05 查询号码 【1585977】，返回信息 {"status":"bad","msg":""}
2021-07-27 00:02:05 查询号码 【1585977】，GSD为【""】
2021-07-27 00:02:05 bad
2021-07-27 00:02:10 CHB 1585977?1627315325 第 1 次 等待 3 秒
2021-07-27 00:02:13 CHB 1585977?1627315325 第 1 次 获取到号码【1585977】GSD
2021-07-27 00:02:13 获取到号码【1585977】的GSD为【福建-泉州】
2021-07-27 00:02:16 GSD insert 第 1 次 等待 3 秒
2021-07-27 00:02:19 {"status":"ok","gid":407076,"msg":"添加成功！"}
2021-07-27 00:02:19 下次操作: 2021-07-27 00:02:37

2021-07-27 00:02:37 开始第 23 次操作

2021-07-27 00:02:37 开始操作号码 【1585976】
2021-07-27 00:02:40 GSD getOne 第 1 次 等待 3 秒
2021-07-27 00:02:43 查询号码 【1585976】，返回信息 {"status":"bad","msg":""}
2021-07-27 00:02:43 查询号码 【1585976】，GSD为【""】
2021-07-27 00:02:43 bad
2021-07-27 00:02:45 CHB 1585976?1627315363 第 1 次 等待 3 秒
2021-07-27 00:02:48 CHB 1585976?1627315363 第 1 次 获取到号码【1585976】GSD
2021-07-27 00:02:48 获取到号码【1585976】的GSD为【福建-泉州】
2021-07-27 00:02:52 GSD insert 第 1 次 等待 3 秒
2021-07-27 00:02:55 {"status":"ok","gid":407089,"msg":"添加成功！"}
2021-07-27 00:02:55 下次操作: 2021-07-27 00:03:10

2021-07-27 00:03:10 开始第 24 次操作

2021-07-27 00:03:10 开始操作号码 【1585975】
2021-07-27 00:03:13 GSD getOne 第 1 次 等待 3 秒
2021-07-27 00:03:16 查询号码 【1585975】，返回信息 {"status":"bad","msg":""}
2021-07-27 00:03:16 查询号码 【1585975】，GSD为【""】
2021-07-27 00:03:16 bad
2021-07-27 00:03:22 CHB 1585975?1627315396 第 1 次 等待 3 秒
2021-07-27 00:03:25 CHB 1585975?1627315396 第 1 次 获取到号码【1585975】GSD
2021-07-27 00:03:25 获取到号码【1585975】的GSD为【福建-泉州】
2021-07-27 00:03:28 GSD insert 第 1 次 等待 3 秒
2021-07-27 00:03:31 {"status":"ok","gid":407100,"msg":"添加成功！"}
2021-07-27 00:03:31 下次操作: 2021-07-27 00:03:54

2021-07-27 00:03:54 开始第 25 次操作

2021-07-27 00:03:54 开始操作号码 【1585974】
2021-07-27 00:04:00 GSD getOne 第 1 次 等待 3 秒
2021-07-27 00:04:03 查询号码 【1585974】，返回信息 {"status":"bad","msg":""}
2021-07-27 00:04:03 查询号码 【1585974】，GSD为【""】
2021-07-27 00:04:03 bad
2021-07-27 00:04:05 CHB 1585974?1627315443 第 1 次 等待 3 秒
2021-07-27 00:04:08 CHB 1585974?1627315443 第 1 次 获取到号码【1585974】GSD
2021-07-27 00:04:08 获取到号码【1585974】的GSD为【福建-泉州】
2021-07-27 00:04:10 GSD insert 第 1 次 等待 3 秒
2021-07-27 00:04:13 {"status":"ok","gid":407116,"msg":"添加成功！"}
2021-07-27 00:04:13 下次操作: 2021-07-27 00:04:30

2021-07-27 00:04:30 开始第 26 次操作

2021-07-27 00:04:30 开始操作号码 【1585973】
2021-07-27 00:04:34 GSD getOne 第 1 次 等待 3 秒
2021-07-27 00:04:37 查询号码 【1585973】，返回信息 {"status":"ok","msg":"福建-泉州","gid":"25120","time_insert":"2014-06-23 12:26","time_update":"2021-06-07 23:49"}
2021-07-27 00:04:37 查询号码 【1585973】，GSD为【"福建-泉州"】

2021-07-27 00:04:37 开始第 26 次操作

2021-07-27 00:04:37 开始操作号码 【1585972】
2021-07-27 00:04:39 GSD getOne 第 1 次 等待 3 秒
2021-07-27 00:04:42 查询号码 【1585972】，返回信息 {"status":"bad","msg":""}
2021-07-27 00:04:43 查询号码 【1585972】，GSD为【""】
2021-07-27 00:04:43 bad
2021-07-27 00:04:44 CHB 1585972?1627315483 第 1 次 等待 3 秒
2021-07-27 00:04:47 CHB 1585972?1627315483 第 1 次 获取到号码【1585972】GSD
2021-07-27 00:04:47 获取到号码【1585972】的GSD为【福建-泉州】
2021-07-27 00:04:53 GSD insert 第 1 次 等待 3 秒
2021-07-27 00:04:56 {"status":"ok","gid":407126,"msg":"添加成功！"}
2021-07-27 00:04:56 下次操作: 2021-07-27 00:05:10

2021-07-27 00:05:10 开始第 27 次操作

2021-07-27 00:05:10 开始操作号码 【1585971】
2021-07-27 00:05:16 GSD getOne 第 1 次 等待 3 秒
2021-07-27 00:05:19 查询号码 【1585971】，返回信息 {"status":"bad","msg":""}
2021-07-27 00:05:19 查询号码 【1585971】，GSD为【""】
2021-07-27 00:05:19 bad
2021-07-27 00:05:22 CHB 1585971?1627315519 第 1 次 等待 3 秒
2021-07-27 00:05:25 CHB 1585971?1627315519 第 1 次 获取到号码【1585971】GSD
2021-07-27 00:05:25 获取到号码【1585971】的GSD为【福建-泉州】
2021-07-27 00:05:28 GSD insert 第 1 次 等待 3 秒
2021-07-27 00:05:31 {"status":"ok","gid":407138,"msg":"添加成功！"}
2021-07-27 00:05:31 下次操作: 2021-07-27 00:05:48

2021-07-27 00:05:48 开始第 28 次操作

2021-07-27 00:05:48 开始操作号码 【1585970】
2021-07-27 00:05:55 GSD getOne 第 1 次 等待 3 秒
2021-07-27 00:05:58 查询号码 【1585970】，返回信息 {"status":"bad","msg":""}
2021-07-27 00:05:59 查询号码 【1585970】，GSD为【""】
2021-07-27 00:05:59 bad
2021-07-27 00:06:03 CHB 1585970?1627315559 第 1 次 等待 3 秒
2021-07-27 00:06:06 CHB 1585970?1627315559 第 1 次 获取到号码【1585970】GSD
2021-07-27 00:06:06 获取到号码【1585970】的GSD为【福建-泉州】
2021-07-27 00:06:09 GSD insert 第 1 次 等待 3 秒
2021-07-27 00:06:12 {"status":"ok","gid":407149,"msg":"添加成功！"}
2021-07-27 00:06:12 下次操作: 2021-07-27 00:06:36

2021-07-27 00:06:36 开始第 29 次操作

2021-07-27 00:06:36 开始操作号码 【1585969】
2021-07-27 00:06:42 GSD getOne 第 1 次 等待 3 秒
2021-07-27 00:06:45 查询号码 【1585969】，返回信息 {"status":"bad","msg":""}
2021-07-27 00:06:45 查询号码 【1585969】，GSD为【""】
2021-07-27 00:06:45 bad
2021-07-27 00:06:47 CHB 1585969?1627315605 第 1 次 等待 3 秒
2021-07-27 00:06:50 CHB 1585969?1627315605 第 1 次 获取到号码【1585969】GSD
2021-07-27 00:06:50 获取到号码【1585969】的GSD为【福建-漳州】
2021-07-27 00:06:53 GSD insert 第 1 次 等待 3 秒
2021-07-27 00:06:56 {"status":"ok","gid":407160,"msg":"添加成功！"}
2021-07-27 00:06:56 下次操作: 2021-07-27 00:07:15

2021-07-27 00:07:15 开始第 30 次操作

2021-07-27 00:07:15 开始操作号码 【1585968】
2021-07-27 00:07:18 GSD getOne 第 1 次 等待 3 秒
2021-07-27 00:07:22 查询号码 【1585968】，返回信息 {"status":"bad","msg":""}
2021-07-27 00:07:22 查询号码 【1585968】，GSD为【""】
2021-07-27 00:07:22 bad
2021-07-27 00:07:24 CHB 1585968?1627315642 第 1 次 等待 3 秒
2021-07-27 00:07:27 CHB 1585968?1627315642 第 1 次 获取到号码【1585968】GSD
2021-07-27 00:07:27 获取到号码【1585968】的GSD为【福建-漳州】
2021-07-27 00:07:32 GSD insert 第 1 次 等待 3 秒
2021-07-27 00:07:35 {"status":"ok","gid":407169,"msg":"添加成功！"}
2021-07-27 00:07:35 下次操作: 2021-07-27 00:07:51

2021-07-27 00:07:51 开始第 31 次操作

2021-07-27 00:07:51 开始操作号码 【1585967】
2021-07-27 00:07:55 GSD getOne 第 1 次 等待 3 秒
2021-07-27 00:07:58 查询号码 【1585967】，返回信息 {"status":"bad","msg":""}
2021-07-27 00:07:58 查询号码 【1585967】，GSD为【""】
2021-07-27 00:07:58 bad
2021-07-27 00:08:00 CHB 1585967?1627315678 第 1 次 等待 3 秒
2021-07-27 00:08:03 CHB 1585967?1627315678 第 1 次 获取到号码【1585967】GSD
2021-07-27 00:08:03 获取到号码【1585967】的GSD为【福建-漳州】
2021-07-27 00:08:08 GSD insert 第 1 次 等待 3 秒
2021-07-27 00:08:11 {"status":"ok","gid":407180,"msg":"添加成功！"}
2021-07-27 00:08:11 下次操作: 2021-07-27 00:08:24

2021-07-27 00:08:24 开始第 32 次操作

2021-07-27 00:08:24 开始操作号码 【1585966】
2021-07-27 00:08:26 GSD getOne 第 1 次 等待 3 秒
2021-07-27 00:08:29 查询号码 【1585966】，返回信息 {"status":"bad","msg":""}
2021-07-27 00:08:29 查询号码 【1585966】，GSD为【""】
2021-07-27 00:08:29 bad
2021-07-27 00:08:31 CHB 1585966?1627315709 第 1 次 等待 3 秒
2021-07-27 00:08:34 CHB 1585966?1627315709 第 1 次 获取到号码【1585966】GSD
2021-07-27 00:08:34 获取到号码【1585966】的GSD为【福建-漳州】
2021-07-27 00:08:41 GSD insert 第 1 次 等待 3 秒
2021-07-27 00:08:44 {"status":"ok","gid":407186,"msg":"添加成功！"}
2021-07-27 00:08:44 下次操作: 2021-07-27 00:08:58

2021-07-27 00:08:58 开始第 33 次操作

2021-07-27 00:08:58 开始操作号码 【1585965】
2021-07-27 00:09:03 GSD getOne 第 1 次 等待 3 秒
2021-07-27 00:09:06 查询号码 【1585965】，返回信息 {"status":"bad","msg":""}
2021-07-27 00:09:06 查询号码 【1585965】，GSD为【""】
2021-07-27 00:09:06 bad
2021-07-27 00:09:08 CHB 1585965?1627315746 第 1 次 等待 3 秒
2021-07-27 00:09:11 CHB 1585965?1627315746 第 1 次 获取到号码【1585965】GSD
2021-07-27 00:09:11 获取到号码【1585965】的GSD为【福建-漳州】
2021-07-27 00:09:15 GSD insert 第 1 次 等待 3 秒
2021-07-27 00:09:18 {"status":"ok","gid":407195,"msg":"添加成功！"}
2021-07-27 00:09:18 下次操作: 2021-07-27 00:09:41

2021-07-27 00:09:41 开始第 34 次操作

2021-07-27 00:09:41 开始操作号码 【1585964】
2021-07-27 00:09:45 GSD getOne 第 1 次 等待 3 秒
2021-07-27 00:09:48 查询号码 【1585964】，返回信息 {"status":"bad","msg":""}
2021-07-27 00:09:48 查询号码 【1585964】，GSD为【""】
2021-07-27 00:09:48 bad
2021-07-27 00:09:51 CHB 1585964?1627315788 第 1 次 等待 3 秒
2021-07-27 00:09:54 CHB 1585964?1627315788 第 1 次 获取到号码【1585964】GSD
2021-07-27 00:09:54 获取到号码【1585964】的GSD为【福建-漳州】
2021-07-27 00:09:57 GSD insert 第 1 次 等待 3 秒
2021-07-27 00:10:00 {"status":"ok","gid":407207,"msg":"添加成功！"}
2021-07-27 00:10:00 下次操作: 2021-07-27 00:10:13

2021-07-27 00:10:13 开始第 35 次操作

2021-07-27 00:10:13 开始操作号码 【1585963】
2021-07-27 00:10:17 GSD getOne 第 1 次 等待 3 秒
2021-07-27 00:10:20 查询号码 【1585963】，返回信息 {"status":"bad","msg":""}
2021-07-27 00:10:20 查询号码 【1585963】，GSD为【""】
2021-07-27 00:10:20 bad
2021-07-27 00:10:22 CHB 1585963?1627315820 第 1 次 等待 3 秒
2021-07-27 00:10:25 CHB 1585963?1627315820 第 1 次 获取到号码【1585963】GSD
2021-07-27 00:10:25 获取到号码【1585963】的GSD为【福建-漳州】
2021-07-27 00:10:28 GSD insert 第 1 次 等待 3 秒
2021-07-27 00:10:31 {"status":"ok","gid":407215,"msg":"添加成功！"}
2021-07-27 00:10:31 下次操作: 2021-07-27 00:10:49

2021-07-27 00:10:49 开始第 36 次操作

2021-07-27 00:10:49 开始操作号码 【1585962】
2021-07-27 00:10:53 GSD getOne 第 1 次 等待 3 秒
2021-07-27 00:10:56 查询号码 【1585962】，返回信息 {"status":"bad","msg":""}
2021-07-27 00:10:56 查询号码 【1585962】，GSD为【""】
2021-07-27 00:10:56 bad
2021-07-27 00:10:58 CHB 1585962?1627315856 第 1 次 等待 3 秒
2021-07-27 00:11:01 CHB 1585962?1627315856 第 1 次 获取到号码【1585962】GSD
2021-07-27 00:11:01 获取到号码【1585962】的GSD为【福建-漳州】
2021-07-27 00:11:10 GSD insert 第 1 次 等待 3 秒
2021-07-27 00:11:13 {"status":"ok","gid":407223,"msg":"添加成功！"}
2021-07-27 00:11:13 下次操作: 2021-07-27 00:11:36

2021-07-27 00:11:36 开始第 37 次操作

2021-07-27 00:11:36 开始操作号码 【1585961】
2021-07-27 00:11:38 GSD getOne 第 1 次 等待 3 秒
2021-07-27 00:11:41 查询号码 【1585961】，返回信息 {"status":"bad","msg":""}
2021-07-27 00:11:41 查询号码 【1585961】，GSD为【""】
2021-07-27 00:11:41 bad
2021-07-27 00:11:44 CHB 1585961?1627315901 第 1 次 等待 3 秒
2021-07-27 00:11:47 CHB 1585961?1627315901 第 1 次 获取到号码【1585961】GSD
2021-07-27 00:11:47 获取到号码【1585961】的GSD为【福建-漳州】
2021-07-27 00:11:52 GSD insert 第 1 次 等待 3 秒
2021-07-27 00:11:55 {"status":"ok","gid":407231,"msg":"添加成功！"}
2021-07-27 00:11:55 下次操作: 2021-07-27 00:12:09

2021-07-27 00:12:09 开始第 38 次操作

2021-07-27 00:12:09 开始操作号码 【1585960】
2021-07-27 00:12:13 GSD getOne 第 1 次 等待 3 秒
2021-07-27 00:12:16 查询号码 【1585960】，返回信息 {"status":"bad","msg":""}
2021-07-27 00:12:16 查询号码 【1585960】，GSD为【""】
2021-07-27 00:12:16 bad
2021-07-27 00:12:20 CHB 1585960?1627315936 第 1 次 等待 3 秒
2021-07-27 00:12:23 CHB 1585960?1627315936 第 1 次 获取到号码【1585960】GSD
2021-07-27 00:12:23 获取到号码【1585960】的GSD为【福建-漳州】
2021-07-27 00:12:27 GSD insert 第 1 次 等待 3 秒
2021-07-27 00:12:30 {"status":"ok","gid":407238,"msg":"添加成功！"}
2021-07-27 00:12:30 下次操作: 2021-07-27 00:12:46

2021-07-27 00:12:46 开始第 39 次操作

2021-07-27 00:12:46 开始操作号码 【1585959】
2021-07-27 00:12:53 GSD getOne 第 1 次 等待 3 秒
2021-07-27 00:12:56 查询号码 【1585959】，返回信息 {"status":"ok","msg":"福建-泉州","gid":"51094","time_insert":"2021-04-22 09:09"}
2021-07-27 00:12:56 查询号码 【1585959】，GSD为【"福建-泉州"】

2021-07-27 00:12:56 开始第 39 次操作

2021-07-27 00:12:56 开始操作号码 【1585958】
2021-07-27 00:12:58 GSD getOne 第 1 次 等待 3 秒
2021-07-27 00:13:01 查询号码 【1585958】，返回信息 {"status":"bad","msg":""}
2021-07-27 00:13:01 查询号码 【1585958】，GSD为【""】
2021-07-27 00:13:01 bad
2021-07-27 00:13:03 CHB 1585958?1627315982 第 1 次 等待 3 秒
2021-07-27 00:13:06 CHB 1585958?1627315982 第 1 次 获取到号码【1585958】GSD
2021-07-27 00:13:06 获取到号码【1585958】的GSD为【福建-泉州】
2021-07-27 00:13:12 GSD insert 第 1 次 等待 3 秒
2021-07-27 00:13:15 {"status":"ok","gid":407247,"msg":"添加成功！"}
2021-07-27 00:13:15 下次操作: 2021-07-27 00:13:32

2021-07-27 00:13:32 开始第 40 次操作

2021-07-27 00:13:32 开始操作号码 【1585957】
2021-07-27 00:13:36 GSD getOne 第 1 次 等待 3 秒
2021-07-27 00:13:39 查询号码 【1585957】，返回信息 {"status":"bad","msg":""}
2021-07-27 00:13:39 查询号码 【1585957】，GSD为【""】
2021-07-27 00:13:39 bad
2021-07-27 00:13:40 CHB 1585957?1627316019 第 1 次 等待 3 秒
2021-07-27 00:13:43 CHB 1585957?1627316019 第 1 次 获取到号码【1585957】GSD
2021-07-27 00:13:43 获取到号码【1585957】的GSD为【福建-泉州】
2021-07-27 00:13:46 GSD insert 第 1 次 等待 3 秒
2021-07-27 00:13:49 {"status":"ok","gid":407251,"msg":"添加成功！"}

