2024-08-22 00:17:32 开始第 469 次操作

2024-08-22 00:17:32 开始操作号码 【1380468】
2024-08-22 00:17:40 GSD getOne 第 1 次 等待 3 秒
2024-08-22 00:17:43 查询号码 【1380468】，返回信息 {"status":"ok","msg":"黑龙江-大庆","gid":"60724","time_insert":"2021-05-17 15:20"}
2024-08-22 00:17:43 查询号码 【1380468】，GSD为【"黑龙江-大庆"】

2024-08-22 00:17:44 开始第 470 次操作

2024-08-22 00:17:44 开始操作号码 【1380469】
2024-08-22 00:17:52 GSD getOne 第 1 次 等待 3 秒
2024-08-22 00:17:55 查询号码 【1380469】，返回信息 {"status":"ok","msg":"黑龙江-大庆","gid":"60725","time_insert":"2021-05-17 15:21"}
2024-08-22 00:17:55 查询号码 【1380469】，GSD为【"黑龙江-大庆"】

2024-08-22 00:17:56 开始第 471 次操作

2024-08-22 00:17:56 开始操作号码 【1380470】
2024-08-22 00:18:04 GSD getOne 第 1 次 等待 3 秒
2024-08-22 00:18:07 查询号码 【1380470】，返回信息 {"status":"ok","msg":"内蒙古-海拉尔","gid":"10898","time_insert":"2019-01-26 22:55","time_update":"2020-12-16 20:48"}
2024-08-22 00:18:07 查询号码 【1380470】，GSD为【"内蒙古-海拉尔"】

2024-08-22 00:18:08 开始第 472 次操作

2024-08-22 00:18:08 开始操作号码 【1380471】
2024-08-22 00:18:19 GSD getOne 第 1 次 等待 3 秒
2024-08-22 00:18:22 查询号码 【1380471】，返回信息 {"status":"ok","msg":"内蒙古-呼和浩特","gid":"60728","time_insert":"2021-05-17 15:23","time_update":"2021-05-17 15:27"}
2024-08-22 00:18:22 查询号码 【1380471】，GSD为【"内蒙古-呼和浩特"】

2024-08-22 00:41:00 开始第 473 次操作

2024-08-22 00:41:00 开始操作号码 【1380472】
2024-08-22 00:41:09 GSD getOne 第 1 次 等待 3 秒
2024-08-22 00:41:12 查询号码 【1380472】，返回信息 {"status":"ok","msg":"内蒙古-包头","gid":"60729","time_insert":"2021-05-17 15:24"}
2024-08-22 00:41:12 查询号码 【1380472】，GSD为【"内蒙古-包头"】

2024-08-22 00:41:13 开始第 474 次操作

2024-08-22 00:41:13 开始操作号码 【1380473】
2024-08-22 00:41:23 GSD getOne 第 1 次 等待 3 秒
2024-08-22 00:41:26 查询号码 【1380473】，返回信息 {"status":"ok","msg":"内蒙古-阿拉善","gid":"60730","time_insert":"2021-05-17 15:25"}
2024-08-22 00:41:26 查询号码 【1380473】，GSD为【"内蒙古-阿拉善"】

2024-08-22 00:41:27 开始第 475 次操作

2024-08-22 00:41:27 开始操作号码 【1380474】
2024-08-22 00:41:35 GSD getOne 第 1 次 等待 3 秒
2024-08-22 00:41:38 查询号码 【1380474】，返回信息 {"status":"ok","msg":"内蒙古-呼和浩特","gid":"60731","time_insert":"2021-05-17 15:26"}
2024-08-22 00:41:38 查询号码 【1380474】，GSD为【"内蒙古-呼和浩特"】

2024-08-22 00:41:39 开始第 476 次操作

2024-08-22 00:41:39 开始操作号码 【1380475】
2024-08-22 00:41:47 GSD getOne 第 1 次 等待 3 秒
2024-08-22 00:41:50 查询号码 【1380475】，返回信息 {"status":"ok","msg":"内蒙古-通辽","gid":"60747","time_insert":"2021-05-17 16:17"}
2024-08-22 00:41:50 查询号码 【1380475】，GSD为【"内蒙古-通辽"】

2024-08-22 01:12:17 开始第 477 次操作

2024-08-22 01:12:17 开始操作号码 【1380476】
2024-08-22 01:12:26 GSD getOne 第 1 次 等待 3 秒
2024-08-22 01:12:29 查询号码 【1380476】，返回信息 {"status":"ok","msg":"内蒙古-赤峰","gid":"10899","time_insert":"2018-09-05 09:47","time_update":"2020-12-16 21:38"}
2024-08-22 01:12:29 查询号码 【1380476】，GSD为【"内蒙古-赤峰"】

2024-08-22 01:12:30 开始第 478 次操作

2024-08-22 01:12:30 开始操作号码 【1380477】
2024-08-22 01:12:38 GSD getOne 第 1 次 等待 3 秒
2024-08-22 01:12:41 查询号码 【1380477】，返回信息 {"status":"ok","msg":"内蒙古-包头","gid":"60748","time_insert":"2021-05-17 16:19"}
2024-08-22 01:12:41 查询号码 【1380477】，GSD为【"内蒙古-包头"】

2024-08-22 01:12:42 开始第 479 次操作

2024-08-22 01:12:42 开始操作号码 【1380478】
2024-08-22 01:12:50 GSD getOne 第 1 次 等待 3 秒
2024-08-22 01:12:53 查询号码 【1380478】，返回信息 {"status":"ok","msg":"内蒙古-巴彦淖尔","gid":"60749","time_insert":"2021-05-17 16:20"}
2024-08-22 01:12:53 查询号码 【1380478】，GSD为【"内蒙古-巴彦淖尔"】

2024-08-22 01:12:54 开始第 480 次操作

2024-08-22 01:12:54 开始操作号码 【1380479】
2024-08-22 01:13:02 GSD getOne 第 1 次 等待 3 秒
2024-08-22 01:13:05 查询号码 【1380479】，返回信息 {"status":"ok","msg":"内蒙古-乌兰浩特","gid":"60750","time_insert":"2021-05-17 16:21"}
2024-08-22 01:13:05 查询号码 【1380479】，GSD为【"内蒙古-乌兰浩特"】

