2024-09-02 00:16:39 开始第 2445 次操作

2024-09-02 00:16:39 开始操作号码 【1382444】
2024-09-02 00:16:47 GSD getOne 第 1 次 等待 3 秒
2024-09-02 00:16:50 查询号码 【1382444】，返回信息 {"status":"ok","msg":"广东-广州","gid":"81334","time_insert":"2021-06-05 14:25"}
2024-09-02 00:16:50 查询号码 【1382444】，GSD为【"广东-广州"】

2024-09-02 00:16:51 开始第 2446 次操作

2024-09-02 00:16:51 开始操作号码 【1382445】
2024-09-02 00:17:02 GSD getOne 第 1 次 等待 3 秒
2024-09-02 00:17:05 查询号码 【1382445】，返回信息 {"status":"ok","msg":"广东-广州","gid":"81335","time_insert":"2021-06-05 14:26"}
2024-09-02 00:17:05 查询号码 【1382445】，GSD为【"广东-广州"】

2024-09-02 00:17:06 开始第 2447 次操作

2024-09-02 00:17:06 开始操作号码 【1382446】
2024-09-02 00:17:14 GSD getOne 第 1 次 等待 3 秒
2024-09-02 00:17:17 查询号码 【1382446】，返回信息 {"status":"ok","msg":"广东-广州","gid":"81337","time_insert":"2021-06-05 14:27"}
2024-09-02 00:17:17 查询号码 【1382446】，GSD为【"广东-广州"】

2024-09-02 00:17:18 开始第 2448 次操作

2024-09-02 00:17:18 开始操作号码 【1382447】
2024-09-02 00:17:26 GSD getOne 第 1 次 等待 3 秒
2024-09-02 00:17:29 查询号码 【1382447】，返回信息 {"status":"ok","msg":"广东-广州","gid":"11132","time_insert":"2017-06-08 20:02","time_update":"2020-09-28 13:58"}
2024-09-02 00:17:29 查询号码 【1382447】，GSD为【"广东-广州"】

2024-09-02 00:40:19 开始第 2449 次操作

2024-09-02 00:40:19 开始操作号码 【1382448】
2024-09-02 00:40:27 GSD getOne 第 1 次 等待 3 秒
2024-09-02 00:40:30 查询号码 【1382448】，返回信息 {"status":"ok","msg":"广东-广州","gid":"81339","time_insert":"2021-06-05 14:30"}
2024-09-02 00:40:30 查询号码 【1382448】，GSD为【"广东-广州"】

2024-09-02 00:40:31 开始第 2450 次操作

2024-09-02 00:40:31 开始操作号码 【1382449】
2024-09-02 00:40:39 GSD getOne 第 1 次 等待 3 秒
2024-09-02 00:40:42 查询号码 【1382449】，返回信息 {"status":"ok","msg":"广东-广州","gid":"81344","time_insert":"2021-06-05 14:31"}
2024-09-02 00:40:42 查询号码 【1382449】，GSD为【"广东-广州"】

2024-09-02 00:40:43 开始第 2451 次操作

2024-09-02 00:40:43 开始操作号码 【1382450】
2024-09-02 00:40:52 GSD getOne 第 1 次 等待 3 秒
2024-09-02 00:40:55 查询号码 【1382450】，返回信息 {"status":"ok","msg":"广东-佛山","gid":"81345","time_insert":"2021-06-05 14:32"}
2024-09-02 00:40:55 查询号码 【1382450】，GSD为【"广东-佛山"】

2024-09-02 00:40:56 开始第 2452 次操作

2024-09-02 00:40:56 开始操作号码 【1382451】
2024-09-02 00:41:04 GSD getOne 第 1 次 等待 3 秒
2024-09-02 00:41:07 查询号码 【1382451】，返回信息 {"status":"ok","msg":"广东-佛山","gid":"81346","time_insert":"2021-06-05 14:33"}
2024-09-02 00:41:07 查询号码 【1382451】，GSD为【"广东-佛山"】

2024-09-02 01:11:15 开始第 2453 次操作

2024-09-02 01:11:15 开始操作号码 【1382452】
2024-09-02 01:11:26 GSD getOne 第 1 次 等待 3 秒
2024-09-02 01:11:29 查询号码 【1382452】，返回信息 {"status":"ok","msg":"广东-佛山","gid":"81348","time_insert":"2021-06-05 14:34"}
2024-09-02 01:11:29 查询号码 【1382452】，GSD为【"广东-佛山"】

2024-09-02 01:11:30 开始第 2454 次操作

2024-09-02 01:11:30 开始操作号码 【1382453】
2024-09-02 01:11:37 GSD getOne 第 1 次 等待 3 秒
2024-09-02 01:11:40 查询号码 【1382453】，返回信息 {"status":"ok","msg":"广东-佛山","gid":"81349","time_insert":"2021-06-05 14:36"}
2024-09-02 01:11:40 查询号码 【1382453】，GSD为【"广东-佛山"】

2024-09-02 01:11:41 开始第 2455 次操作

2024-09-02 01:11:41 开始操作号码 【1382454】
2024-09-02 01:11:49 GSD getOne 第 1 次 等待 3 秒
2024-09-02 01:11:52 查询号码 【1382454】，返回信息 {"status":"ok","msg":"广东-佛山","gid":"81350","time_insert":"2021-06-05 14:37"}
2024-09-02 01:11:52 查询号码 【1382454】，GSD为【"广东-佛山"】

2024-09-02 01:11:53 开始第 2456 次操作

2024-09-02 01:11:53 开始操作号码 【1382455】
2024-09-02 01:12:00 GSD getOne 第 1 次 等待 3 秒
2024-09-02 01:12:03 查询号码 【1382455】，返回信息 {"status":"ok","msg":"广东-梅州","gid":"81352","time_insert":"2021-06-05 14:38"}
2024-09-02 01:12:03 查询号码 【1382455】，GSD为【"广东-梅州"】

2024-09-02 01:34:53 开始第 2457 次操作

2024-09-02 01:34:53 开始操作号码 【1382456】
2024-09-02 01:35:01 GSD getOne 第 1 次 等待 3 秒
2024-09-02 01:35:04 查询号码 【1382456】，返回信息 {"status":"ok","msg":"广东-梅州","gid":"81353","time_insert":"2021-06-05 14:39"}
2024-09-02 01:35:04 查询号码 【1382456】，GSD为【"广东-梅州"】

2024-09-02 01:35:05 开始第 2458 次操作

2024-09-02 01:35:05 开始操作号码 【1382457】
2024-09-02 01:35:13 GSD getOne 第 1 次 等待 3 秒
2024-09-02 01:35:16 查询号码 【1382457】，返回信息 {"status":"ok","msg":"广东-梅州","gid":"81355","time_insert":"2021-06-05 14:41"}
2024-09-02 01:35:16 查询号码 【1382457】，GSD为【"广东-梅州"】

2024-09-02 01:35:17 开始第 2459 次操作

2024-09-02 01:35:17 开始操作号码 【1382458】
2024-09-02 01:35:31 GSD getOne 第 1 次 等待 3 秒
2024-09-02 01:35:34 查询号码 【1382458】，返回信息 {"status":"ok","msg":"广东-梅州","gid":"81357","time_insert":"2021-06-05 14:42"}
2024-09-02 01:35:34 查询号码 【1382458】，GSD为【"广东-梅州"】

2024-09-02 01:35:35 开始第 2460 次操作

2024-09-02 01:35:35 开始操作号码 【1382459】
2024-09-02 01:35:43 GSD getOne 第 1 次 等待 3 秒
2024-09-02 01:35:46 查询号码 【1382459】，返回信息 {"status":"ok","msg":"广东-梅州","gid":"81360","time_insert":"2021-06-05 14:43"}
2024-09-02 01:35:46 查询号码 【1382459】，GSD为【"广东-梅州"】

2024-09-02 02:17:00 开始第 2461 次操作

2024-09-02 02:17:00 开始操作号码 【1382460】
2024-09-02 02:17:08 GSD getOne 第 1 次 等待 3 秒
2024-09-02 02:17:11 查询号码 【1382460】，返回信息 {"status":"ok","msg":"广东-肇庆","gid":"81361","time_insert":"2021-06-05 14:44"}
2024-09-02 02:17:12 查询号码 【1382460】，GSD为【"广东-肇庆"】

2024-09-02 02:17:13 开始第 2462 次操作

2024-09-02 02:17:13 开始操作号码 【1382461】
2024-09-02 02:17:20 GSD getOne 第 1 次 等待 3 秒
2024-09-02 02:17:23 查询号码 【1382461】，返回信息 {"status":"ok","msg":"广东-肇庆","gid":"81364","time_insert":"2021-06-05 14:45"}
2024-09-02 02:17:23 查询号码 【1382461】，GSD为【"广东-肇庆"】

2024-09-02 02:17:24 开始第 2463 次操作

2024-09-02 02:17:24 开始操作号码 【1382462】
2024-09-02 02:17:32 GSD getOne 第 1 次 等待 3 秒
2024-09-02 02:17:35 查询号码 【1382462】，返回信息 {"status":"ok","msg":"广东-肇庆","gid":"81366","time_insert":"2021-06-05 14:47"}
2024-09-02 02:17:35 查询号码 【1382462】，GSD为【"广东-肇庆"】

2024-09-02 02:17:36 开始第 2464 次操作

2024-09-02 02:17:36 开始操作号码 【1382463】
2024-09-02 02:17:44 GSD getOne 第 1 次 等待 3 秒
2024-09-02 02:17:47 查询号码 【1382463】，返回信息 {"status":"ok","msg":"广东-肇庆","gid":"81369","time_insert":"2021-06-05 14:48"}
2024-09-02 02:17:47 查询号码 【1382463】，GSD为【"广东-肇庆"】

2024-09-02 02:39:03 开始第 2465 次操作

2024-09-02 02:39:03 开始操作号码 【1382464】
2024-09-02 02:39:11 GSD getOne 第 1 次 等待 3 秒
2024-09-02 02:39:14 查询号码 【1382464】，返回信息 {"status":"ok","msg":"广东-肇庆","gid":"81371","time_insert":"2021-06-05 14:49"}
2024-09-02 02:39:14 查询号码 【1382464】，GSD为【"广东-肇庆"】

2024-09-02 02:39:15 开始第 2466 次操作

2024-09-02 02:39:15 开始操作号码 【1382465】
2024-09-02 02:39:23 GSD getOne 第 1 次 等待 3 秒
2024-09-02 02:39:26 查询号码 【1382465】，返回信息 {"status":"ok","msg":"广东-云浮","gid":"81373","time_insert":"2021-06-05 14:50"}
2024-09-02 02:39:26 查询号码 【1382465】，GSD为【"广东-云浮"】

2024-09-02 02:39:27 开始第 2467 次操作

2024-09-02 02:39:27 开始操作号码 【1382466】
2024-09-02 02:39:35 GSD getOne 第 1 次 等待 3 秒
2024-09-02 02:39:38 查询号码 【1382466】，返回信息 {"status":"ok","msg":"广东-云浮","gid":"81374","time_insert":"2021-06-05 14:52"}
2024-09-02 02:39:38 查询号码 【1382466】，GSD为【"广东-云浮"】

2024-09-02 02:39:39 开始第 2468 次操作

2024-09-02 02:39:39 开始操作号码 【1382467】
2024-09-02 02:39:47 GSD getOne 第 1 次 等待 3 秒
2024-09-02 02:39:50 查询号码 【1382467】，返回信息 {"status":"ok","msg":"广东-云浮","gid":"81377","time_insert":"2021-06-05 14:53"}
2024-09-02 02:39:50 查询号码 【1382467】，GSD为【"广东-云浮"】

