2024-05-14 00:23:19 开始第 8677 次操作

2024-05-14 00:23:19 开始操作号码 【1608574】
2024-05-14 00:23:28 GSD getOne 第 1 次 等待 3 秒
2024-05-14 00:23:31 查询号码 【1608574】，返回信息 {"status":"ok","msg":"-","gid":"671066","time_insert":"2023-04-22 16:14"}
2024-05-14 00:23:31 查询号码 【1608574】，GSD为【"-"】
2024-05-14 00:23:31 ok && -
2024-05-14 00:23:33 CHB 1608574?1715617411 第 1 次 等待 3 秒
2024-05-14 00:23:36 CHB 1608574?1715617411 第 1 次 获取到号码【1608574】GSD
2024-05-14 00:23:36 未获取到号码【1608574】GSD，可能号码格式错误
2024-05-14 00:23:36 获取到号码【1608574】的GSD为【-】
2024-05-14 00:23:58 GSD insert 第 1 次 等待 3 秒
2024-05-14 00:24:01 {"status":"bad","gid":"671066","msg":"添加失败！号码【1608574(-|-)】已存在！"}
2024-05-14 00:24:01 随机等待 122 秒，约 2 分钟
2024-05-14 00:24:01 下次操作: 2024-05-14 00:26:03

2024-05-14 00:26:03 开始第 8678 次操作

2024-05-14 00:26:03 开始操作号码 【1608575】
2024-05-14 00:26:08 GSD getOne 第 1 次 等待 3 秒
2024-05-14 00:26:11 查询号码 【1608575】，返回信息 {"status":"ok","msg":"-","gid":"671090","time_insert":"2023-04-22 16:30"}
2024-05-14 00:26:11 查询号码 【1608575】，GSD为【"-"】
2024-05-14 00:26:11 ok && -
2024-05-14 00:26:13 CHB 1608575?1715617571 第 1 次 等待 3 秒
2024-05-14 00:26:16 CHB 1608575?1715617571 第 1 次 获取到号码【1608575】GSD
2024-05-14 00:26:16 未获取到号码【1608575】GSD，可能号码格式错误
2024-05-14 00:26:16 获取到号码【1608575】的GSD为【-】
2024-05-14 00:26:21 GSD insert 第 1 次 等待 3 秒
2024-05-14 00:26:24 {"status":"bad","gid":"671090","msg":"添加失败！号码【1608575(-|-)】已存在！"}
2024-05-14 00:26:24 随机等待 191 秒，约 3 分钟
2024-05-14 00:26:24 下次操作: 2024-05-14 00:29:35

2024-05-14 00:29:35 开始第 8679 次操作

2024-05-14 00:29:35 开始操作号码 【1608576】
2024-05-14 00:29:41 GSD getOne 第 1 次 等待 3 秒
2024-05-14 00:29:44 查询号码 【1608576】，返回信息 {"status":"ok","msg":"-","gid":"671115","time_insert":"2023-04-22 16:49"}
2024-05-14 00:29:44 查询号码 【1608576】，GSD为【"-"】
2024-05-14 00:29:44 ok && -
2024-05-14 00:29:46 CHB 1608576?1715617784 第 1 次 等待 3 秒
2024-05-14 00:29:49 CHB 1608576?1715617784 第 1 次 获取到号码【1608576】GSD
2024-05-14 00:29:49 未获取到号码【1608576】GSD，可能号码格式错误
2024-05-14 00:29:49 获取到号码【1608576】的GSD为【-】
2024-05-14 00:29:55 GSD insert 第 1 次 等待 3 秒
2024-05-14 00:29:58 {"status":"bad","gid":"671115","msg":"添加失败！号码【1608576(-|-)】已存在！"}
2024-05-14 00:29:58 随机等待 146 秒，约 2 分钟
2024-05-14 00:29:58 下次操作: 2024-05-14 00:32:24

2024-05-14 00:32:24 开始第 8680 次操作

2024-05-14 00:32:24 开始操作号码 【1608577】
2024-05-14 00:32:31 GSD getOne 第 1 次 等待 3 秒
2024-05-14 00:32:34 查询号码 【1608577】，返回信息 {"status":"ok","msg":"-","gid":"671141","time_insert":"2023-04-22 17:07"}
2024-05-14 00:32:34 查询号码 【1608577】，GSD为【"-"】
2024-05-14 00:32:34 ok && -
2024-05-14 00:32:36 CHB 1608577?1715617954 第 1 次 等待 3 秒
2024-05-14 00:32:39 CHB 1608577?1715617954 第 1 次 获取到号码【1608577】GSD
2024-05-14 00:32:39 未获取到号码【1608577】GSD，可能号码格式错误
2024-05-14 00:32:39 获取到号码【1608577】的GSD为【-】
2024-05-14 00:32:48 GSD insert 第 1 次 等待 3 秒
2024-05-14 00:32:51 {"status":"bad","gid":"671141","msg":"添加失败！号码【1608577(-|-)】已存在！"}

2024-05-14 00:40:32 开始第 8681 次操作

2024-05-14 00:40:32 开始操作号码 【1608578】
2024-05-14 00:40:48 GSD getOne 第 1 次 等待 3 秒
2024-05-14 00:40:51 查询号码 【1608578】，返回信息 {"status":"ok","msg":"-","gid":"671167","time_insert":"2023-04-22 17:24"}
2024-05-14 00:40:51 查询号码 【1608578】，GSD为【"-"】
2024-05-14 00:40:51 ok && -
2024-05-14 00:40:54 CHB 1608578?1715618451 第 1 次 等待 3 秒
2024-05-14 00:40:57 CHB 1608578?1715618451 第 1 次 获取到号码【1608578】GSD
2024-05-14 00:40:57 未获取到号码【1608578】GSD，可能号码格式错误
2024-05-14 00:40:57 获取到号码【1608578】的GSD为【-】
2024-05-14 00:41:20 GSD insert 第 1 次 等待 3 秒
2024-05-14 00:41:23 {"status":"bad","gid":"671167","msg":"添加失败！号码【1608578(-|-)】已存在！"}
2024-05-14 00:41:23 随机等待 226 秒，约 3 分钟
2024-05-14 00:41:23 下次操作: 2024-05-14 00:45:09

2024-05-14 00:45:09 开始第 8682 次操作

2024-05-14 00:45:09 开始操作号码 【1608579】
2024-05-14 00:45:14 GSD getOne 第 1 次 等待 3 秒
2024-05-14 00:45:17 查询号码 【1608579】，返回信息 {"status":"ok","msg":"-","gid":"671191","time_insert":"2023-04-22 17:42"}
2024-05-14 00:45:17 查询号码 【1608579】，GSD为【"-"】
2024-05-14 00:45:17 ok && -
2024-05-14 00:45:19 CHB 1608579?1715618717 第 1 次 等待 3 秒
2024-05-14 00:45:22 CHB 1608579?1715618717 第 1 次 获取到号码【1608579】GSD
2024-05-14 00:45:22 未获取到号码【1608579】GSD，可能号码格式错误
2024-05-14 00:45:22 获取到号码【1608579】的GSD为【-】
2024-05-14 00:45:29 GSD insert 第 1 次 等待 3 秒
2024-05-14 00:45:32 {"status":"bad","gid":"671191","msg":"添加失败！号码【1608579(-|-)】已存在！"}
2024-05-14 00:45:32 随机等待 218 秒，约 3 分钟
2024-05-14 00:45:32 下次操作: 2024-05-14 00:49:10

2024-05-14 00:49:10 开始第 8683 次操作

2024-05-14 00:49:10 开始操作号码 【1608580】
2024-05-14 00:49:18 GSD getOne 第 1 次 等待 3 秒
2024-05-14 00:49:21 查询号码 【1608580】，返回信息 {"status":"ok","msg":"-","gid":"671221","time_insert":"2023-04-22 18:00"}
2024-05-14 00:49:21 查询号码 【1608580】，GSD为【"-"】
2024-05-14 00:49:21 ok && -
2024-05-14 00:49:23 CHB 1608580?1715618961 第 1 次 等待 3 秒
2024-05-14 00:49:26 CHB 1608580?1715618961 第 1 次 获取到号码【1608580】GSD
2024-05-14 00:49:26 未获取到号码【1608580】GSD，可能号码格式错误
2024-05-14 00:49:26 获取到号码【1608580】的GSD为【-】
2024-05-14 00:49:33 GSD insert 第 1 次 等待 3 秒
2024-05-14 00:49:36 {"status":"bad","gid":"671221","msg":"添加失败！号码【1608580(-|-)】已存在！"}
2024-05-14 00:49:36 随机等待 114 秒，约 1 分钟
2024-05-14 00:49:36 下次操作: 2024-05-14 00:51:30

2024-05-14 00:51:30 开始第 8684 次操作

2024-05-14 00:51:30 开始操作号码 【1608581】
2024-05-14 00:51:42 GSD getOne 第 1 次 等待 3 秒
2024-05-14 00:51:45 查询号码 【1608581】，返回信息 {"status":"ok","msg":"-","gid":"671240","time_insert":"2023-04-22 18:15"}
2024-05-14 00:51:45 查询号码 【1608581】，GSD为【"-"】
2024-05-14 00:51:45 ok && -
2024-05-14 00:51:47 CHB 1608581?1715619105 第 1 次 等待 3 秒
2024-05-14 00:51:50 CHB 1608581?1715619105 第 1 次 获取到号码【1608581】GSD
2024-05-14 00:51:50 未获取到号码【1608581】GSD，可能号码格式错误
2024-05-14 00:51:50 获取到号码【1608581】的GSD为【-】
2024-05-14 00:51:56 GSD insert 第 1 次 等待 3 秒
2024-05-14 00:51:59 {"status":"bad","gid":"671240","msg":"添加失败！号码【1608581(-|-)】已存在！"}

