2023-10-09 00:18:50 开始第 2241 次操作

2023-10-09 00:18:50 开始操作号码 【1922240】
2023-10-09 00:18:55 GSD getOne 第 1 次 等待 3 秒
2023-10-09 00:18:58 查询号码 【1922240】，返回信息 {"status":"ok","msg":"-","gid":"593082","time_insert":"2023-03-15 21:49"}
2023-10-09 00:18:58 查询号码 【1922240】，GSD为【"-"】
2023-10-09 00:18:58 ok && -
2023-10-09 00:19:00 CHB 1922240?1696781938 第 1 次 等待 3 秒
2023-10-09 00:19:03 CHB 1922240?1696781938 第 1 次 获取到号码【1922240】GSD
2023-10-09 00:19:03 未获取到号码【1922240】GSD，可能号码格式错误
2023-10-09 00:19:03 获取到号码【1922240】的GSD为【-】
2023-10-09 00:19:10 GSD insert 第 1 次 等待 3 秒
2023-10-09 00:19:13 {"status":"bad","gid":"593082","msg":"添加失败！号码【1922240(-|-)】已存在！"}
2023-10-09 00:19:13 随机等待 165 秒，约 2 分钟
2023-10-09 00:19:13 下次操作: 2023-10-09 00:21:58

2023-10-09 00:21:58 开始第 2242 次操作

2023-10-09 00:21:58 开始操作号码 【1922241】
2023-10-09 00:22:01 GSD getOne 第 1 次 等待 3 秒
2023-10-09 00:22:04 查询号码 【1922241】，返回信息 {"status":"ok","msg":"-","gid":"593112","time_insert":"2023-03-15 22:08"}
2023-10-09 00:22:05 查询号码 【1922241】，GSD为【"-"】
2023-10-09 00:22:05 ok && -
2023-10-09 00:22:06 CHB 1922241?1696782125 第 1 次 等待 3 秒
2023-10-09 00:22:09 CHB 1922241?1696782125 第 1 次 获取到号码【1922241】GSD
2023-10-09 00:22:09 未获取到号码【1922241】GSD，可能号码格式错误
2023-10-09 00:22:09 获取到号码【1922241】的GSD为【-】
2023-10-09 00:22:17 GSD insert 第 1 次 等待 3 秒
2023-10-09 00:22:20 {"status":"bad","gid":"593112","msg":"添加失败！号码【1922241(-|-)】已存在！"}
2023-10-09 00:22:20 随机等待 70 秒，约 1 分钟
2023-10-09 00:22:20 下次操作: 2023-10-09 00:23:30

2023-10-09 00:23:30 开始第 2243 次操作

2023-10-09 00:23:30 开始操作号码 【1922242】
2023-10-09 00:23:35 GSD getOne 第 1 次 等待 3 秒
2023-10-09 00:23:38 查询号码 【1922242】，返回信息 {"status":"ok","msg":"-","gid":"593141","time_insert":"2023-03-15 22:27"}
2023-10-09 00:23:38 查询号码 【1922242】，GSD为【"-"】
2023-10-09 00:23:38 ok && -
2023-10-09 00:23:40 CHB 1922242?1696782218 第 1 次 等待 3 秒
2023-10-09 00:23:43 CHB 1922242?1696782218 第 1 次 获取到号码【1922242】GSD
2023-10-09 00:23:43 未获取到号码【1922242】GSD，可能号码格式错误
2023-10-09 00:23:43 获取到号码【1922242】的GSD为【-】
2023-10-09 00:23:47 GSD insert 第 1 次 等待 3 秒
2023-10-09 00:23:50 {"status":"bad","gid":"593141","msg":"添加失败！号码【1922242(-|-)】已存在！"}
2023-10-09 00:23:50 随机等待 179 秒，约 2 分钟
2023-10-09 00:23:50 下次操作: 2023-10-09 00:26:49

2023-10-09 00:26:49 开始第 2244 次操作

2023-10-09 00:26:49 开始操作号码 【1922243】
2023-10-09 00:27:06 GSD getOne 第 1 次 等待 3 秒
2023-10-09 00:27:09 查询号码 【1922243】，返回信息 {"status":"ok","msg":"-","gid":"593174","time_insert":"2023-03-15 22:46"}
2023-10-09 00:27:09 查询号码 【1922243】，GSD为【"-"】
2023-10-09 00:27:09 ok && -
2023-10-09 00:27:11 CHB 1922243?1696782429 第 1 次 等待 3 秒
2023-10-09 00:27:14 CHB 1922243?1696782429 第 1 次 获取到号码【1922243】GSD
2023-10-09 00:27:14 未获取到号码【1922243】GSD，可能号码格式错误
2023-10-09 00:27:14 获取到号码【1922243】的GSD为【-】
2023-10-09 00:27:22 GSD insert 第 1 次 等待 3 秒
2023-10-09 00:27:25 {"status":"bad","gid":"593174","msg":"添加失败！号码【1922243(-|-)】已存在！"}

2023-10-09 00:37:42 开始第 2245 次操作

2023-10-09 00:37:42 开始操作号码 【1922244】
2023-10-09 00:37:44 GSD getOne 第 1 次 等待 3 秒
2023-10-09 00:37:47 查询号码 【1922244】，返回信息 {"status":"ok","msg":"-","gid":"593206","time_insert":"2023-03-15 23:05"}
2023-10-09 00:37:47 查询号码 【1922244】，GSD为【"-"】
2023-10-09 00:37:47 ok && -
2023-10-09 00:37:49 CHB 1922244?1696783067 第 1 次 等待 3 秒
2023-10-09 00:37:52 CHB 1922244?1696783067 第 1 次 获取到号码【1922244】GSD
2023-10-09 00:37:52 未获取到号码【1922244】GSD，可能号码格式错误
2023-10-09 00:37:52 获取到号码【1922244】的GSD为【-】
2023-10-09 00:38:04 GSD insert 第 1 次 等待 3 秒
2023-10-09 00:38:07 {"status":"bad","gid":"593206","msg":"添加失败！号码【1922244(-|-)】已存在！"}
2023-10-09 00:38:07 随机等待 82 秒，约 1 分钟
2023-10-09 00:38:07 下次操作: 2023-10-09 00:39:29

2023-10-09 00:39:29 开始第 2246 次操作

2023-10-09 00:39:29 开始操作号码 【1922245】
2023-10-09 00:39:35 GSD getOne 第 1 次 等待 3 秒
2023-10-09 00:39:38 查询号码 【1922245】，返回信息 {"status":"ok","msg":"-","gid":"593229","time_insert":"2023-03-15 23:20"}
2023-10-09 00:39:38 查询号码 【1922245】，GSD为【"-"】
2023-10-09 00:39:38 ok && -
2023-10-09 00:39:40 CHB 1922245?1696783178 第 1 次 等待 3 秒
2023-10-09 00:39:43 CHB 1922245?1696783178 第 1 次 获取到号码【1922245】GSD
2023-10-09 00:39:43 未获取到号码【1922245】GSD，可能号码格式错误
2023-10-09 00:39:43 获取到号码【1922245】的GSD为【-】
2023-10-09 00:39:51 GSD insert 第 1 次 等待 3 秒
2023-10-09 00:39:54 {"status":"bad","gid":"593229","msg":"添加失败！号码【1922245(-|-)】已存在！"}
2023-10-09 00:39:54 随机等待 100 秒，约 1 分钟
2023-10-09 00:39:54 下次操作: 2023-10-09 00:41:34

2023-10-09 00:41:34 开始第 2247 次操作

2023-10-09 00:41:34 开始操作号码 【1922246】
2023-10-09 00:41:39 GSD getOne 第 1 次 等待 3 秒
2023-10-09 00:41:42 查询号码 【1922246】，返回信息 {"status":"ok","msg":"-","gid":"593259","time_insert":"2023-03-15 23:40"}
2023-10-09 00:41:42 查询号码 【1922246】，GSD为【"-"】
2023-10-09 00:41:42 ok && -
2023-10-09 00:41:44 CHB 1922246?1696783302 第 1 次 等待 3 秒
2023-10-09 00:41:47 CHB 1922246?1696783302 第 1 次 获取到号码【1922246】GSD
2023-10-09 00:41:47 未获取到号码【1922246】GSD，可能号码格式错误
2023-10-09 00:41:47 获取到号码【1922246】的GSD为【-】
2023-10-09 00:41:50 GSD insert 第 1 次 等待 3 秒
2023-10-09 00:41:53 {"status":"bad","gid":"593259","msg":"添加失败！号码【1922246(-|-)】已存在！"}
2023-10-09 00:41:53 随机等待 115 秒，约 1 分钟
2023-10-09 00:41:53 下次操作: 2023-10-09 00:43:48

2023-10-09 00:43:48 开始第 2248 次操作

2023-10-09 00:43:48 开始操作号码 【1922247】
2023-10-09 00:43:56 GSD getOne 第 1 次 等待 3 秒
2023-10-09 00:43:59 查询号码 【1922247】，返回信息 {"status":"ok","msg":"-","gid":"593291","time_insert":"2023-03-15 23:59"}
2023-10-09 00:43:59 查询号码 【1922247】，GSD为【"-"】
2023-10-09 00:43:59 ok && -
2023-10-09 00:44:01 CHB 1922247?1696783439 第 1 次 等待 3 秒
2023-10-09 00:44:04 CHB 1922247?1696783439 第 1 次 获取到号码【1922247】GSD
2023-10-09 00:44:04 未获取到号码【1922247】GSD，可能号码格式错误
2023-10-09 00:44:04 获取到号码【1922247】的GSD为【-】
2023-10-09 00:44:10 GSD insert 第 1 次 等待 3 秒
2023-10-09 00:44:13 {"status":"bad","gid":"593291","msg":"添加失败！号码【1922247(-|-)】已存在！"}

2023-10-09 01:12:35 开始第 2249 次操作

2023-10-09 01:12:35 开始操作号码 【1922248】
2023-10-09 01:12:38 GSD getOne 第 1 次 等待 3 秒
2023-10-09 01:12:41 查询号码 【1922248】，返回信息 {"status":"ok","msg":"-","gid":"593314","time_insert":"2023-03-16 00:17"}
2023-10-09 01:12:41 查询号码 【1922248】，GSD为【"-"】
2023-10-09 01:12:41 ok && -
2023-10-09 01:12:43 CHB 1922248?1696785161 第 1 次 等待 3 秒
2023-10-09 01:12:46 CHB 1922248?1696785161 第 1 次 获取到号码【1922248】GSD
2023-10-09 01:12:46 未获取到号码【1922248】GSD，可能号码格式错误
2023-10-09 01:12:46 获取到号码【1922248】的GSD为【-】
2023-10-09 01:12:52 GSD insert 第 1 次 等待 3 秒
2023-10-09 01:12:56 {"status":"bad","gid":"593314","msg":"添加失败！号码【1922248(-|-)】已存在！"}
2023-10-09 01:12:56 随机等待 137 秒，约 2 分钟
2023-10-09 01:12:56 下次操作: 2023-10-09 01:15:13

2023-10-09 01:15:13 开始第 2250 次操作

2023-10-09 01:15:13 开始操作号码 【1922249】
2023-10-09 01:15:27 GSD getOne 第 1 次 等待 3 秒
2023-10-09 01:15:30 查询号码 【1922249】，返回信息 {"status":"ok","msg":"-","gid":"593335","time_insert":"2023-03-16 00:34"}
2023-10-09 01:15:30 查询号码 【1922249】，GSD为【"-"】
2023-10-09 01:15:30 ok && -
2023-10-09 01:15:32 CHB 1922249?1696785330 第 1 次 等待 3 秒
2023-10-09 01:15:35 CHB 1922249?1696785330 第 1 次 获取到号码【1922249】GSD
2023-10-09 01:15:35 未获取到号码【1922249】GSD，可能号码格式错误
2023-10-09 01:15:35 获取到号码【1922249】的GSD为【-】
2023-10-09 01:16:30 GSD insert 第 1 次 等待 3 秒
2023-10-09 01:16:33 {"status":"bad","gid":"593335","msg":"添加失败！号码【1922249(-|-)】已存在！"}
2023-10-09 01:16:33 随机等待 76 秒，约 1 分钟
2023-10-09 01:16:33 下次操作: 2023-10-09 01:17:49

2023-10-09 01:17:49 开始第 2251 次操作

2023-10-09 01:17:49 开始操作号码 【1922250】
2023-10-09 01:17:52 GSD getOne 第 1 次 等待 3 秒
2023-10-09 01:17:55 查询号码 【1922250】，返回信息 {"status":"ok","msg":"-","gid":"593359","time_insert":"2023-03-16 00:51"}
2023-10-09 01:17:55 查询号码 【1922250】，GSD为【"-"】
2023-10-09 01:17:55 ok && -
2023-10-09 01:17:57 CHB 1922250?1696785475 第 1 次 等待 3 秒
2023-10-09 01:18:00 CHB 1922250?1696785475 第 1 次 获取到号码【1922250】GSD
2023-10-09 01:18:00 未获取到号码【1922250】GSD，可能号码格式错误
2023-10-09 01:18:00 获取到号码【1922250】的GSD为【-】
2023-10-09 01:18:03 GSD insert 第 1 次 等待 3 秒
2023-10-09 01:18:06 {"status":"bad","gid":"593359","msg":"添加失败！号码【1922250(-|-)】已存在！"}
2023-10-09 01:18:06 随机等待 186 秒，约 3 分钟
2023-10-09 01:18:06 下次操作: 2023-10-09 01:21:12

2023-10-09 01:21:12 开始第 2252 次操作

2023-10-09 01:21:12 开始操作号码 【1922251】
2023-10-09 01:21:15 GSD getOne 第 1 次 等待 3 秒
2023-10-09 01:21:18 查询号码 【1922251】，返回信息 {"status":"ok","msg":"-","gid":"593386","time_insert":"2023-03-16 01:09"}
2023-10-09 01:21:18 查询号码 【1922251】，GSD为【"-"】
2023-10-09 01:21:18 ok && -
2023-10-09 01:21:20 CHB 1922251?1696785678 第 1 次 等待 3 秒
2023-10-09 01:21:23 CHB 1922251?1696785678 第 1 次 获取到号码【1922251】GSD
2023-10-09 01:21:24 未获取到号码【1922251】GSD，可能号码格式错误
2023-10-09 01:21:24 获取到号码【1922251】的GSD为【-】
2023-10-09 01:21:27 GSD insert 第 1 次 等待 3 秒
2023-10-09 01:21:30 {"status":"bad","gid":"593386","msg":"添加失败！号码【1922251(-|-)】已存在！"}

2023-10-09 01:37:25 开始第 2253 次操作

2023-10-09 01:37:25 开始操作号码 【1922252】
2023-10-09 01:37:31 GSD getOne 第 1 次 等待 3 秒
2023-10-09 01:37:34 查询号码 【1922252】，返回信息 {"status":"ok","msg":"-","gid":"593409","time_insert":"2023-03-16 01:26"}
2023-10-09 01:37:34 查询号码 【1922252】，GSD为【"-"】
2023-10-09 01:37:34 ok && -
2023-10-09 01:37:36 CHB 1922252?1696786654 第 1 次 等待 3 秒
2023-10-09 01:37:39 CHB 1922252?1696786654 第 1 次 获取到号码【1922252】GSD
2023-10-09 01:37:39 未获取到号码【1922252】GSD，可能号码格式错误
2023-10-09 01:37:39 获取到号码【1922252】的GSD为【-】
2023-10-09 01:37:46 GSD insert 第 1 次 等待 3 秒
2023-10-09 01:37:49 {"status":"bad","gid":"593409","msg":"添加失败！号码【1922252(-|-)】已存在！"}
2023-10-09 01:37:49 随机等待 195 秒，约 3 分钟
2023-10-09 01:37:49 下次操作: 2023-10-09 01:41:04

2023-10-09 01:41:04 开始第 2254 次操作

2023-10-09 01:41:04 开始操作号码 【1922253】
2023-10-09 01:41:10 GSD getOne 第 1 次 等待 3 秒
2023-10-09 01:41:13 查询号码 【1922253】，返回信息 {"status":"ok","msg":"-","gid":"593439","time_insert":"2023-03-16 01:43"}
2023-10-09 01:41:13 查询号码 【1922253】，GSD为【"-"】
2023-10-09 01:41:13 ok && -
2023-10-09 01:41:15 CHB 1922253?1696786873 第 1 次 等待 3 秒
2023-10-09 01:41:18 CHB 1922253?1696786873 第 1 次 获取到号码【1922253】GSD
2023-10-09 01:41:18 未获取到号码【1922253】GSD，可能号码格式错误
2023-10-09 01:41:18 获取到号码【1922253】的GSD为【-】
2023-10-09 01:41:24 GSD insert 第 1 次 等待 3 秒
2023-10-09 01:41:27 {"status":"bad","gid":"593439","msg":"添加失败！号码【1922253(-|-)】已存在！"}
2023-10-09 01:41:27 随机等待 91 秒，约 1 分钟
2023-10-09 01:41:27 下次操作: 2023-10-09 01:42:58

2023-10-09 01:42:58 开始第 2255 次操作

2023-10-09 01:42:58 开始操作号码 【1922254】
2023-10-09 01:43:01 GSD getOne 第 1 次 等待 3 秒
2023-10-09 01:43:04 查询号码 【1922254】，返回信息 {"status":"ok","msg":"-","gid":"593465","time_insert":"2023-03-16 01:58"}
2023-10-09 01:43:04 查询号码 【1922254】，GSD为【"-"】
2023-10-09 01:43:04 ok && -
2023-10-09 01:43:06 CHB 1922254?1696786984 第 1 次 等待 3 秒
2023-10-09 01:43:09 CHB 1922254?1696786984 第 1 次 获取到号码【1922254】GSD
2023-10-09 01:43:09 未获取到号码【1922254】GSD，可能号码格式错误
2023-10-09 01:43:09 获取到号码【1922254】的GSD为【-】
2023-10-09 01:43:12 GSD insert 第 1 次 等待 3 秒
2023-10-09 01:43:15 {"status":"bad","gid":"593465","msg":"添加失败！号码【1922254(-|-)】已存在！"}
2023-10-09 01:43:15 随机等待 108 秒，约 1 分钟
2023-10-09 01:43:15 下次操作: 2023-10-09 01:45:03

2023-10-09 01:45:03 开始第 2256 次操作

2023-10-09 01:45:03 开始操作号码 【1922255】
2023-10-09 01:45:07 GSD getOne 第 1 次 等待 3 秒
2023-10-09 01:45:10 查询号码 【1922255】，返回信息 {"status":"ok","msg":"-","gid":"593488","time_insert":"2023-03-16 02:15"}
2023-10-09 01:45:10 查询号码 【1922255】，GSD为【"-"】
2023-10-09 01:45:10 ok && -
2023-10-09 01:45:12 CHB 1922255?1696787110 第 1 次 等待 3 秒
2023-10-09 01:45:15 CHB 1922255?1696787110 第 1 次 获取到号码【1922255】GSD
2023-10-09 01:45:15 未获取到号码【1922255】GSD，可能号码格式错误
2023-10-09 01:45:15 获取到号码【1922255】的GSD为【-】
2023-10-09 01:45:24 GSD insert 第 1 次 等待 3 秒
2023-10-09 01:45:27 {"status":"bad","gid":"593488","msg":"添加失败！号码【1922255(-|-)】已存在！"}

2023-10-09 02:19:25 开始第 2257 次操作

2023-10-09 02:19:25 开始操作号码 【1922256】
2023-10-09 02:19:30 GSD getOne 第 1 次 等待 3 秒
2023-10-09 02:19:33 查询号码 【1922256】，返回信息 {"status":"ok","msg":"-","gid":"593513","time_insert":"2023-03-16 02:35"}
2023-10-09 02:19:33 查询号码 【1922256】，GSD为【"-"】
2023-10-09 02:19:33 ok && -
2023-10-09 02:19:35 CHB 1922256?1696789173 第 1 次 等待 3 秒
2023-10-09 02:19:38 CHB 1922256?1696789173 第 1 次 获取到号码【1922256】GSD
2023-10-09 02:19:38 未获取到号码【1922256】GSD，可能号码格式错误
2023-10-09 02:19:38 获取到号码【1922256】的GSD为【-】
2023-10-09 02:19:40 GSD insert 第 1 次 等待 3 秒
2023-10-09 02:19:43 {"status":"bad","gid":"593513","msg":"添加失败！号码【1922256(-|-)】已存在！"}
2023-10-09 02:19:43 随机等待 122 秒，约 2 分钟
2023-10-09 02:19:43 下次操作: 2023-10-09 02:21:45

2023-10-09 02:21:45 开始第 2258 次操作

2023-10-09 02:21:45 开始操作号码 【1922257】
2023-10-09 02:21:51 GSD getOne 第 1 次 等待 3 秒
2023-10-09 02:21:54 查询号码 【1922257】，返回信息 {"status":"ok","msg":"-","gid":"593547","time_insert":"2023-03-16 02:54"}
2023-10-09 02:21:54 查询号码 【1922257】，GSD为【"-"】
2023-10-09 02:21:54 ok && -
2023-10-09 02:21:59 CHB 1922257?1696789314 第 1 次 等待 3 秒
2023-10-09 02:22:02 CHB 1922257?1696789314 第 1 次 获取到号码【1922257】GSD
2023-10-09 02:22:02 未获取到号码【1922257】GSD，可能号码格式错误
2023-10-09 02:22:02 获取到号码【1922257】的GSD为【-】
2023-10-09 02:22:07 GSD insert 第 1 次 等待 3 秒
2023-10-09 02:22:10 {"status":"bad","gid":"593547","msg":"添加失败！号码【1922257(-|-)】已存在！"}
2023-10-09 02:22:10 随机等待 142 秒，约 2 分钟
2023-10-09 02:22:10 下次操作: 2023-10-09 02:24:32

2023-10-09 02:24:32 开始第 2259 次操作

2023-10-09 02:24:32 开始操作号码 【1922258】
2023-10-09 02:24:44 GSD getOne 第 1 次 等待 3 秒
2023-10-09 02:24:47 查询号码 【1922258】，返回信息 {"status":"ok","msg":"-","gid":"593572","time_insert":"2023-03-16 03:11"}
2023-10-09 02:24:47 查询号码 【1922258】，GSD为【"-"】
2023-10-09 02:24:47 ok && -
2023-10-09 02:24:49 CHB 1922258?1696789487 第 1 次 等待 3 秒
2023-10-09 02:24:52 CHB 1922258?1696789487 第 1 次 获取到号码【1922258】GSD
2023-10-09 02:24:52 未获取到号码【1922258】GSD，可能号码格式错误
2023-10-09 02:24:52 获取到号码【1922258】的GSD为【-】
2023-10-09 02:24:54 GSD insert 第 1 次 等待 3 秒
2023-10-09 02:24:57 {"status":"bad","gid":"593572","msg":"添加失败！号码【1922258(-|-)】已存在！"}
2023-10-09 02:24:57 随机等待 189 秒，约 3 分钟
2023-10-09 02:24:57 下次操作: 2023-10-09 02:28:06

2023-10-09 02:28:06 开始第 2260 次操作

2023-10-09 02:28:06 开始操作号码 【1922259】
2023-10-09 02:28:10 GSD getOne 第 1 次 等待 3 秒
2023-10-09 02:28:13 查询号码 【1922259】，返回信息 {"status":"ok","msg":"-","gid":"593602","time_insert":"2023-03-16 03:29"}
2023-10-09 02:28:13 查询号码 【1922259】，GSD为【"-"】
2023-10-09 02:28:13 ok && -
2023-10-09 02:28:15 CHB 1922259?1696789693 第 1 次 等待 3 秒
2023-10-09 02:28:18 CHB 1922259?1696789693 第 1 次 获取到号码【1922259】GSD
2023-10-09 02:28:18 未获取到号码【1922259】GSD，可能号码格式错误
2023-10-09 02:28:18 获取到号码【1922259】的GSD为【-】
2023-10-09 02:28:20 GSD insert 第 1 次 等待 3 秒
2023-10-09 02:28:23 {"status":"bad","gid":"593602","msg":"添加失败！号码【1922259(-|-)】已存在！"}

