2024-06-26 00:23:02 开始第 2669 次操作

2024-06-26 00:23:02 开始操作号码 【1492562】
2024-06-26 00:23:39 GSD getOne 第 1 次 等待 3 秒
2024-06-26 00:23:42 查询号码 【1492562】，返回信息 {"status":"ok","msg":"江苏-南京","gid":"282717","time_insert":"2021-07-15 11:09"}
2024-06-26 00:23:43 查询号码 【1492562】，GSD为【"江苏-南京"】

2024-06-26 00:23:44 开始第 2670 次操作

2024-06-26 00:23:44 开始操作号码 【1492563】
2024-06-26 00:24:00 GSD getOne 第 1 次 等待 3 秒
2024-06-26 00:24:03 查询号码 【1492563】，返回信息 {"status":"ok","msg":"江苏-南京","gid":"282722","time_insert":"2021-07-15 11:09"}
2024-06-26 00:24:03 查询号码 【1492563】，GSD为【"江苏-南京"】

2024-06-26 00:24:04 开始第 2671 次操作

2024-06-26 00:24:04 开始操作号码 【1492564】
2024-06-26 00:24:25 GSD getOne 第 1 次 等待 3 秒
2024-06-26 00:24:28 查询号码 【1492564】，返回信息 {"status":"ok","msg":"江苏-南京","gid":"282731","time_insert":"2021-07-15 11:09"}
2024-06-26 00:24:28 查询号码 【1492564】，GSD为【"江苏-南京"】

2024-06-26 00:24:29 开始第 2672 次操作

2024-06-26 00:24:29 开始操作号码 【1492565】
2024-06-26 00:24:52 GSD getOne 第 1 次 等待 3 秒
2024-06-26 00:24:55 查询号码 【1492565】，返回信息 {"status":"ok","msg":"江苏-南京","gid":"282741","time_insert":"2021-07-15 11:10"}
2024-06-26 00:24:55 查询号码 【1492565】，GSD为【"江苏-南京"】

2024-06-26 00:41:24 开始第 2673 次操作

2024-06-26 00:41:24 开始操作号码 【1492566】
2024-06-26 00:41:49 GSD getOne 第 1 次 等待 3 秒
2024-06-26 00:41:52 查询号码 【1492566】，返回信息 {"status":"ok","msg":"江苏-南京","gid":"282752","time_insert":"2021-07-15 11:10"}
2024-06-26 00:41:52 查询号码 【1492566】，GSD为【"江苏-南京"】

2024-06-26 00:41:53 开始第 2674 次操作

2024-06-26 00:41:53 开始操作号码 【1492567】
2024-06-26 00:42:19 GSD getOne 第 1 次 等待 3 秒
2024-06-26 00:42:22 查询号码 【1492567】，返回信息 {"status":"ok","msg":"江苏-南京","gid":"282759","time_insert":"2021-07-15 11:11"}
2024-06-26 00:42:22 查询号码 【1492567】，GSD为【"江苏-南京"】

2024-06-26 00:42:23 开始第 2675 次操作

2024-06-26 00:42:23 开始操作号码 【1492568】
2024-06-26 00:42:46 GSD getOne 第 1 次 等待 3 秒
2024-06-26 00:42:49 查询号码 【1492568】，返回信息 {"status":"ok","msg":"江苏-南京","gid":"282772","time_insert":"2021-07-15 11:11"}
2024-06-26 00:42:49 查询号码 【1492568】，GSD为【"江苏-南京"】

2024-06-26 00:42:50 开始第 2676 次操作

2024-06-26 00:42:50 开始操作号码 【1492569】
2024-06-26 00:43:18 GSD getOne 第 1 次 等待 3 秒
2024-06-26 00:43:21 查询号码 【1492569】，返回信息 {"status":"ok","msg":"江苏-南京","gid":"282782","time_insert":"2021-07-15 11:12"}
2024-06-26 00:43:21 查询号码 【1492569】，GSD为【"江苏-南京"】

2024-06-26 01:16:47 开始第 2677 次操作

2024-06-26 01:16:47 开始操作号码 【1492570】
2024-06-26 01:17:04 GSD getOne 第 1 次 等待 3 秒
2024-06-26 01:17:07 查询号码 【1492570】，返回信息 {"status":"ok","msg":"江苏-南京","gid":"282793","time_insert":"2021-07-15 11:12"}
2024-06-26 01:17:07 查询号码 【1492570】，GSD为【"江苏-南京"】

2024-06-26 01:17:08 开始第 2678 次操作

2024-06-26 01:17:08 开始操作号码 【1492571】
2024-06-26 01:17:25 GSD getOne 第 1 次 等待 3 秒
2024-06-26 01:17:28 查询号码 【1492571】，返回信息 {"status":"ok","msg":"江苏-南京","gid":"282799","time_insert":"2021-07-15 11:13"}
2024-06-26 01:17:29 查询号码 【1492571】，GSD为【"江苏-南京"】

2024-06-26 01:17:30 开始第 2679 次操作

2024-06-26 01:17:30 开始操作号码 【1492572】
2024-06-26 01:17:49 GSD getOne 第 1 次 等待 3 秒
2024-06-26 01:17:52 查询号码 【1492572】，返回信息 {"status":"ok","msg":"江苏-南京","gid":"282808","time_insert":"2021-07-15 11:13"}
2024-06-26 01:17:52 查询号码 【1492572】，GSD为【"江苏-南京"】

2024-06-26 01:17:53 开始第 2680 次操作

2024-06-26 01:17:53 开始操作号码 【1492573】
2024-06-26 01:18:19 GSD getOne 第 1 次 等待 3 秒
2024-06-26 01:18:22 查询号码 【1492573】，返回信息 {"status":"ok","msg":"江苏-南京","gid":"282814","time_insert":"2021-07-15 11:13"}
2024-06-26 01:18:22 查询号码 【1492573】，GSD为【"江苏-南京"】

2024-06-26 01:37:28 开始第 2681 次操作

2024-06-26 01:37:28 开始操作号码 【1492574】
2024-06-26 01:37:46 GSD getOne 第 1 次 等待 3 秒
2024-06-26 01:37:49 查询号码 【1492574】，返回信息 {"status":"ok","msg":"江苏-南京","gid":"282823","time_insert":"2021-07-15 11:14"}
2024-06-26 01:37:49 查询号码 【1492574】，GSD为【"江苏-南京"】

2024-06-26 01:37:50 开始第 2682 次操作

2024-06-26 01:37:50 开始操作号码 【1492575】
2024-06-26 01:38:21 GSD getOne 第 1 次 等待 3 秒
2024-06-26 01:38:24 查询号码 【1492575】，返回信息 {"status":"ok","msg":"江苏-南京","gid":"282830","time_insert":"2021-07-15 11:14"}
2024-06-26 01:38:24 查询号码 【1492575】，GSD为【"江苏-南京"】

2024-06-26 01:38:25 开始第 2683 次操作

2024-06-26 01:38:25 开始操作号码 【1492576】
2024-06-26 01:39:19 GSD getOne 第 1 次 等待 3 秒
2024-06-26 01:39:22 查询号码 【1492576】，返回信息 {"status":"ok","msg":"江苏-南京","gid":"282839","time_insert":"2021-07-15 11:15"}
2024-06-26 01:39:22 查询号码 【1492576】，GSD为【"江苏-南京"】

2024-06-26 01:39:23 开始第 2684 次操作

2024-06-26 01:39:23 开始操作号码 【1492577】
2024-06-26 01:40:06 GSD getOne 第 1 次 等待 3 秒
2024-06-26 01:40:09 查询号码 【1492577】，返回信息 {"status":"ok","msg":"江苏-南京","gid":"282847","time_insert":"2021-07-15 11:15"}
2024-06-26 01:40:09 查询号码 【1492577】，GSD为【"江苏-南京"】

2024-06-26 02:24:50 开始第 2685 次操作

2024-06-26 02:24:50 开始操作号码 【1492578】
2024-06-26 02:25:05 GSD getOne 第 1 次 等待 3 秒
2024-06-26 02:25:08 查询号码 【1492578】，返回信息 {"status":"ok","msg":"江苏-南京","gid":"282857","time_insert":"2021-07-15 11:15"}
2024-06-26 02:25:08 查询号码 【1492578】，GSD为【"江苏-南京"】

2024-06-26 02:25:09 开始第 2686 次操作

2024-06-26 02:25:09 开始操作号码 【1492579】
2024-06-26 02:25:23 GSD getOne 第 1 次 等待 3 秒
2024-06-26 02:25:26 查询号码 【1492579】，返回信息 {"status":"ok","msg":"江苏-南京","gid":"282864","time_insert":"2021-07-15 11:16"}
2024-06-26 02:25:26 查询号码 【1492579】，GSD为【"江苏-南京"】

2024-06-26 02:25:27 开始第 2687 次操作

2024-06-26 02:25:27 开始操作号码 【1492580】
2024-06-26 02:25:46 GSD getOne 第 1 次 等待 3 秒
2024-06-26 02:25:49 查询号码 【1492580】，返回信息 {"status":"ok","msg":"江苏-南京","gid":"282875","time_insert":"2021-07-15 11:16"}
2024-06-26 02:25:49 查询号码 【1492580】，GSD为【"江苏-南京"】

2024-06-26 02:25:50 开始第 2688 次操作

2024-06-26 02:25:50 开始操作号码 【1492581】
2024-06-26 02:26:04 GSD getOne 第 1 次 等待 3 秒
2024-06-26 02:26:07 查询号码 【1492581】，返回信息 {"status":"ok","msg":"江苏-南京","gid":"282880","time_insert":"2021-07-15 11:16"}
2024-06-26 02:26:07 查询号码 【1492581】，GSD为【"江苏-南京"】

