2024-09-25 00:18:21 开始第 6509 次操作

2024-09-25 00:18:21 开始操作号码 【1386508】
2024-09-25 00:18:24 GSD getOne 第 1 次 等待 3 秒
2024-09-25 00:18:27 查询号码 【1386508】，返回信息 {"status":"ok","msg":"安徽-蚌埠","gid":"364871","time_insert":"2021-07-23 10:57"}
2024-09-25 00:18:27 查询号码 【1386508】，GSD为【"安徽-蚌埠"】

2024-09-25 00:18:28 开始第 6510 次操作

2024-09-25 00:18:28 开始操作号码 【1386509】
2024-09-25 00:18:30 GSD getOne 第 1 次 等待 3 秒
2024-09-25 00:18:33 查询号码 【1386509】，返回信息 {"status":"ok","msg":"安徽-蚌埠","gid":"364862","time_insert":"2021-07-23 10:56"}
2024-09-25 00:18:33 查询号码 【1386509】，GSD为【"安徽-蚌埠"】

2024-09-25 00:18:34 开始第 6511 次操作

2024-09-25 00:18:34 开始操作号码 【1386510】
2024-09-25 00:18:36 GSD getOne 第 1 次 等待 3 秒
2024-09-25 00:18:39 查询号码 【1386510】，返回信息 {"status":"ok","msg":"安徽-安庆","gid":"364854","time_insert":"2021-07-23 10:56"}
2024-09-25 00:18:39 查询号码 【1386510】，GSD为【"安徽-安庆"】

2024-09-25 00:18:40 开始第 6512 次操作

2024-09-25 00:18:40 开始操作号码 【1386511】
2024-09-25 00:18:42 GSD getOne 第 1 次 等待 3 秒
2024-09-25 00:18:45 查询号码 【1386511】，返回信息 {"status":"ok","msg":"安徽-安庆","gid":"364842","time_insert":"2021-07-23 10:55"}
2024-09-25 00:18:45 查询号码 【1386511】，GSD为【"安徽-安庆"】

2024-09-25 00:44:00 开始第 6513 次操作

2024-09-25 00:44:00 开始操作号码 【1386512】
2024-09-25 00:44:02 GSD getOne 第 1 次 等待 3 秒
2024-09-25 00:44:05 查询号码 【1386512】，返回信息 {"status":"ok","msg":"安徽-安庆","gid":"364829","time_insert":"2021-07-23 10:55"}
2024-09-25 00:44:06 查询号码 【1386512】，GSD为【"安徽-安庆"】

2024-09-25 00:44:07 开始第 6514 次操作

2024-09-25 00:44:07 开始操作号码 【1386513】
2024-09-25 00:44:09 GSD getOne 第 1 次 等待 3 秒
2024-09-25 00:44:12 查询号码 【1386513】，返回信息 {"status":"ok","msg":"安徽-安庆","gid":"364822","time_insert":"2021-07-23 10:54"}
2024-09-25 00:44:12 查询号码 【1386513】，GSD为【"安徽-安庆"】

2024-09-25 00:44:13 开始第 6515 次操作

2024-09-25 00:44:13 开始操作号码 【1386514】
2024-09-25 00:44:15 GSD getOne 第 1 次 等待 3 秒
2024-09-25 00:44:18 查询号码 【1386514】，返回信息 {"status":"ok","msg":"安徽-安庆","gid":"364812","time_insert":"2021-07-23 10:54"}
2024-09-25 00:44:18 查询号码 【1386514】，GSD为【"安徽-安庆"】

2024-09-25 00:44:19 开始第 6516 次操作

2024-09-25 00:44:19 开始操作号码 【1386515】
2024-09-25 00:44:22 GSD getOne 第 1 次 等待 3 秒
2024-09-25 00:44:25 查询号码 【1386515】，返回信息 {"status":"ok","msg":"安徽-安庆","gid":"364803","time_insert":"2021-07-23 10:53"}
2024-09-25 00:44:25 查询号码 【1386515】，GSD为【"安徽-安庆"】

2024-09-25 01:13:18 开始第 6517 次操作

2024-09-25 01:13:18 开始操作号码 【1386516】
2024-09-25 01:13:21 GSD getOne 第 1 次 等待 3 秒
2024-09-25 01:13:24 查询号码 【1386516】，返回信息 {"status":"ok","msg":"安徽-安庆","gid":"364796","time_insert":"2021-07-23 10:53"}
2024-09-25 01:13:24 查询号码 【1386516】，GSD为【"安徽-安庆"】

2024-09-25 01:13:25 开始第 6518 次操作

2024-09-25 01:13:25 开始操作号码 【1386517】
2024-09-25 01:13:29 GSD getOne 第 1 次 等待 3 秒
2024-09-25 01:13:32 查询号码 【1386517】，返回信息 {"status":"ok","msg":"安徽-安庆","gid":"364786","time_insert":"2021-07-23 10:52"}
2024-09-25 01:13:32 查询号码 【1386517】，GSD为【"安徽-安庆"】

2024-09-25 01:13:33 开始第 6519 次操作

2024-09-25 01:13:33 开始操作号码 【1386518】
2024-09-25 01:13:35 GSD getOne 第 1 次 等待 3 秒
2024-09-25 01:13:38 查询号码 【1386518】，返回信息 {"status":"ok","msg":"安徽-安庆","gid":"364778","time_insert":"2021-07-23 10:51"}
2024-09-25 01:13:38 查询号码 【1386518】，GSD为【"安徽-安庆"】

2024-09-25 01:13:39 开始第 6520 次操作

2024-09-25 01:13:39 开始操作号码 【1386519】
2024-09-25 01:13:45 GSD getOne 第 1 次 等待 3 秒
2024-09-25 01:13:48 查询号码 【1386519】，返回信息 {"status":"ok","msg":"安徽-安庆","gid":"364771","time_insert":"2021-07-23 10:51"}
2024-09-25 01:13:48 查询号码 【1386519】，GSD为【"安徽-安庆"】

2024-09-25 01:38:28 开始第 6521 次操作

2024-09-25 01:38:28 开始操作号码 【1386520】
2024-09-25 01:38:31 GSD getOne 第 1 次 等待 3 秒
2024-09-25 01:38:34 查询号码 【1386520】，返回信息 {"status":"ok","msg":"安徽-合肥","gid":"364760","time_insert":"2021-07-23 10:50"}
2024-09-25 01:38:34 查询号码 【1386520】，GSD为【"安徽-合肥"】

2024-09-25 01:38:35 开始第 6522 次操作

2024-09-25 01:38:35 开始操作号码 【1386521】
2024-09-25 01:38:37 GSD getOne 第 1 次 等待 3 秒
2024-09-25 01:38:40 查询号码 【1386521】，返回信息 {"status":"ok","msg":"安徽-合肥","gid":"364752","time_insert":"2021-07-23 10:50"}
2024-09-25 01:38:40 查询号码 【1386521】，GSD为【"安徽-合肥"】

2024-09-25 01:38:41 开始第 6523 次操作

2024-09-25 01:38:41 开始操作号码 【1386522】
2024-09-25 01:38:43 GSD getOne 第 1 次 等待 3 秒
2024-09-25 01:38:46 查询号码 【1386522】，返回信息 {"status":"ok","msg":"安徽-合肥","gid":"364743","time_insert":"2021-07-23 10:49"}
2024-09-25 01:38:46 查询号码 【1386522】，GSD为【"安徽-合肥"】

2024-09-25 01:38:47 开始第 6524 次操作

2024-09-25 01:38:47 开始操作号码 【1386523】
2024-09-25 01:38:49 GSD getOne 第 1 次 等待 3 秒
2024-09-25 01:38:52 查询号码 【1386523】，返回信息 {"status":"ok","msg":"安徽-合肥","gid":"364735","time_insert":"2021-07-23 10:48"}
2024-09-25 01:38:52 查询号码 【1386523】，GSD为【"安徽-合肥"】

