2024-11-16 00:13:06 开始第 5197 次操作

2024-11-16 00:13:06 开始操作号码 【1305196】
2024-11-16 00:13:08 GSD getOne 第 1 次 等待 3 秒
2024-11-16 00:13:11 查询号码 【1305196】，返回信息 {"status":"ok","msg":"北京-北京","gid":"115260","time_insert":"2021-06-22 22:45"}
2024-11-16 00:13:11 查询号码 【1305196】，GSD为【"北京-北京"】

2024-11-16 00:13:12 开始第 5198 次操作

2024-11-16 00:13:12 开始操作号码 【1305197】
2024-11-16 00:13:13 GSD getOne 第 1 次 等待 3 秒
2024-11-16 00:13:16 查询号码 【1305197】，返回信息 {"status":"ok","msg":"北京-北京","gid":"431","time_insert":"2018-02-24 07:12","time_update":"2020-12-27 10:44"}
2024-11-16 00:13:16 查询号码 【1305197】，GSD为【"北京-北京"】

2024-11-16 00:13:17 开始第 5199 次操作

2024-11-16 00:13:17 开始操作号码 【1305198】
2024-11-16 00:13:18 GSD getOne 第 1 次 等待 3 秒
2024-11-16 00:13:21 查询号码 【1305198】，返回信息 {"status":"ok","msg":"北京-北京","gid":"115398","time_insert":"2021-06-22 23:10"}
2024-11-16 00:13:21 查询号码 【1305198】，GSD为【"北京-北京"】

2024-11-16 00:13:22 开始第 5200 次操作

2024-11-16 00:13:22 开始操作号码 【1305199】
2024-11-16 00:13:23 GSD getOne 第 1 次 等待 3 秒
2024-11-16 00:13:26 查询号码 【1305199】，返回信息 {"status":"ok","msg":"北京-北京","gid":"115442","time_insert":"2021-06-22 23:28"}
2024-11-16 00:13:26 查询号码 【1305199】，GSD为【"北京-北京"】

