2024-11-27 00:13:52 开始第 7121 次操作

2024-11-27 00:13:52 开始操作号码 【1307120】
2024-11-27 00:13:53 GSD getOne 第 1 次 等待 3 秒
2024-11-27 00:13:56 查询号码 【1307120】，返回信息 {"status":"ok","msg":"湖北-武汉","gid":"193863","time_insert":"2021-07-04 23:45"}
2024-11-27 00:13:56 查询号码 【1307120】，GSD为【"湖北-武汉"】

2024-11-27 00:13:57 开始第 7122 次操作

2024-11-27 00:13:57 开始操作号码 【1307121】
2024-11-27 00:13:58 GSD getOne 第 1 次 等待 3 秒
2024-11-27 00:14:01 查询号码 【1307121】，返回信息 {"status":"ok","msg":"湖北-武汉","gid":"193706","time_insert":"2021-07-04 22:54"}
2024-11-27 00:14:01 查询号码 【1307121】，GSD为【"湖北-武汉"】

2024-11-27 00:14:02 开始第 7123 次操作

2024-11-27 00:14:02 开始操作号码 【1307122】
2024-11-27 00:14:05 GSD getOne 第 1 次 等待 3 秒
2024-11-27 00:14:08 查询号码 【1307122】，返回信息 {"status":"ok","msg":"湖北-武汉","gid":"193702","time_insert":"2021-07-04 22:54"}
2024-11-27 00:14:08 查询号码 【1307122】，GSD为【"湖北-武汉"】

2024-11-27 00:14:09 开始第 7124 次操作

2024-11-27 00:14:09 开始操作号码 【1307123】
2024-11-27 00:14:10 GSD getOne 第 1 次 等待 3 秒
2024-11-27 00:14:13 查询号码 【1307123】，返回信息 {"status":"ok","msg":"湖北-武汉","gid":"193695","time_insert":"2021-07-04 22:53"}
2024-11-27 00:14:13 查询号码 【1307123】，GSD为【"湖北-武汉"】

