2024-02-28 00:21:02 开始第 6089 次操作

2024-02-28 00:21:02 开始操作号码 【1715991】
2024-02-28 00:21:08 GSD getOne 第 1 次 等待 3 秒
2024-02-28 00:21:11 查询号码 【1715991】，返回信息 {"status":"ok","msg":"广东-佛山","gid":"199833","time_insert":"2021-07-05 18:45"}
2024-02-28 00:21:11 查询号码 【1715991】，GSD为【"广东-佛山"】

2024-02-28 00:21:12 开始第 6090 次操作

2024-02-28 00:21:12 开始操作号码 【1715992】
2024-02-28 00:21:16 GSD getOne 第 1 次 等待 3 秒
2024-02-28 00:21:19 查询号码 【1715992】，返回信息 {"status":"ok","msg":"广东-佛山","gid":"199847","time_insert":"2021-07-05 18:46"}
2024-02-28 00:21:19 查询号码 【1715992】，GSD为【"广东-佛山"】

2024-02-28 00:21:20 开始第 6091 次操作

2024-02-28 00:21:20 开始操作号码 【1715993】
2024-02-28 00:21:26 GSD getOne 第 1 次 等待 3 秒
2024-02-28 00:21:29 查询号码 【1715993】，返回信息 {"status":"ok","msg":"广东-佛山","gid":"199861","time_insert":"2021-07-05 18:47"}
2024-02-28 00:21:29 查询号码 【1715993】，GSD为【"广东-佛山"】

2024-02-28 00:21:30 开始第 6092 次操作

2024-02-28 00:21:30 开始操作号码 【1715994】
2024-02-28 00:21:34 GSD getOne 第 1 次 等待 3 秒
2024-02-28 00:21:37 查询号码 【1715994】，返回信息 {"status":"ok","msg":"广东-深圳","gid":"199874","time_insert":"2021-07-05 18:48","time_update":"2021-08-06 12:13"}
2024-02-28 00:21:37 查询号码 【1715994】，GSD为【"广东-深圳"】

2024-02-28 00:38:54 开始第 6093 次操作

2024-02-28 00:38:54 开始操作号码 【1715995】
2024-02-28 00:39:01 GSD getOne 第 1 次 等待 3 秒
2024-02-28 00:39:04 查询号码 【1715995】，返回信息 {"status":"ok","msg":"广东-深圳","gid":"199887","time_insert":"2021-07-05 18:48"}
2024-02-28 00:39:04 查询号码 【1715995】，GSD为【"广东-深圳"】

2024-02-28 00:39:05 开始第 6094 次操作

2024-02-28 00:39:05 开始操作号码 【1715996】
2024-02-28 00:39:10 GSD getOne 第 1 次 等待 3 秒
2024-02-28 00:39:13 查询号码 【1715996】，返回信息 {"status":"ok","msg":"广东-佛山","gid":"199898","time_insert":"2021-07-05 18:49"}
2024-02-28 00:39:13 查询号码 【1715996】，GSD为【"广东-佛山"】

2024-02-28 00:39:14 开始第 6095 次操作

2024-02-28 00:39:14 开始操作号码 【1715997】
2024-02-28 00:39:21 GSD getOne 第 1 次 等待 3 秒
2024-02-28 00:39:24 查询号码 【1715997】，返回信息 {"status":"ok","msg":"广东-东莞","gid":"200016","time_insert":"2021-07-05 19:01"}
2024-02-28 00:39:24 查询号码 【1715997】，GSD为【"广东-东莞"】

2024-02-28 00:39:25 开始第 6096 次操作

2024-02-28 00:39:25 开始操作号码 【1715998】
2024-02-28 00:39:30 GSD getOne 第 1 次 等待 3 秒
2024-02-28 00:39:33 查询号码 【1715998】，返回信息 {"status":"ok","msg":"广东-东莞","gid":"28766","time_insert":"2020-04-16 09:29","time_update":"2020-10-01 00:10"}
2024-02-28 00:39:33 查询号码 【1715998】，GSD为【"广东-东莞"】

