2024-04-30 00:20:43 开始第 6217 次操作

2024-04-30 00:20:43 开始操作号码 【1606118】
2024-04-30 00:20:54 GSD getOne 第 1 次 等待 3 秒
2024-04-30 00:20:57 查询号码 【1606118】，返回信息 {"status":"ok","msg":"-","gid":"646804","time_insert":"2023-04-11 08:19"}
2024-04-30 00:20:57 查询号码 【1606118】，GSD为【"-"】
2024-04-30 00:20:57 ok && -
2024-04-30 00:20:59 CHB 1606118?1714407657 第 1 次 等待 3 秒
2024-04-30 00:21:02 CHB 1606118?1714407657 第 1 次 获取到号码【1606118】GSD
2024-04-30 00:21:02 未获取到号码【1606118】GSD，可能号码格式错误
2024-04-30 00:21:02 获取到号码【1606118】的GSD为【-】
2024-04-30 00:21:11 GSD insert 第 1 次 等待 3 秒
2024-04-30 00:21:14 {"status":"bad","gid":"646804","msg":"添加失败！号码【1606118(-|-)】已存在！"}
2024-04-30 00:21:14 随机等待 104 秒，约 1 分钟
2024-04-30 00:21:14 下次操作: 2024-04-30 00:22:58

2024-04-30 00:22:58 开始第 6218 次操作

2024-04-30 00:22:58 开始操作号码 【1606119】
2024-04-30 00:23:06 GSD getOne 第 1 次 等待 3 秒
2024-04-30 00:23:09 查询号码 【1606119】，返回信息 {"status":"ok","msg":"-","gid":"646819","time_insert":"2023-04-11 08:36"}
2024-04-30 00:23:09 查询号码 【1606119】，GSD为【"-"】
2024-04-30 00:23:09 ok && -
2024-04-30 00:23:12 CHB 1606119?1714407789 第 1 次 等待 3 秒
2024-04-30 00:23:15 CHB 1606119?1714407789 第 1 次 获取到号码【1606119】GSD
2024-04-30 00:23:15 未获取到号码【1606119】GSD，可能号码格式错误
2024-04-30 00:23:15 获取到号码【1606119】的GSD为【-】
2024-04-30 00:23:20 GSD insert 第 1 次 等待 3 秒
2024-04-30 00:23:23 {"status":"bad","gid":"646819","msg":"添加失败！号码【1606119(-|-)】已存在！"}
2024-04-30 00:23:23 随机等待 173 秒，约 2 分钟
2024-04-30 00:23:23 下次操作: 2024-04-30 00:26:16

2024-04-30 00:26:16 开始第 6219 次操作

2024-04-30 00:26:16 开始操作号码 【1606120】
2024-04-30 00:26:22 GSD getOne 第 1 次 等待 3 秒
2024-04-30 00:26:25 查询号码 【1606120】，返回信息 {"status":"ok","msg":"-","gid":"646841","time_insert":"2023-04-11 08:54"}
2024-04-30 00:26:26 查询号码 【1606120】，GSD为【"-"】
2024-04-30 00:26:26 ok && -
2024-04-30 00:26:27 CHB 1606120?1714407986 第 1 次 等待 3 秒
2024-04-30 00:26:30 CHB 1606120?1714407986 第 1 次 获取到号码【1606120】GSD
2024-04-30 00:26:30 未获取到号码【1606120】GSD，可能号码格式错误
2024-04-30 00:26:30 获取到号码【1606120】的GSD为【-】
2024-04-30 00:26:38 GSD insert 第 1 次 等待 3 秒
2024-04-30 00:26:41 {"status":"bad","gid":"646841","msg":"添加失败！号码【1606120(-|-)】已存在！"}
2024-04-30 00:26:41 随机等待 127 秒，约 2 分钟
2024-04-30 00:26:41 下次操作: 2024-04-30 00:28:48

2024-04-30 00:28:48 开始第 6220 次操作

2024-04-30 00:28:48 开始操作号码 【1606121】
2024-04-30 00:28:54 GSD getOne 第 1 次 等待 3 秒
2024-04-30 00:28:57 查询号码 【1606121】，返回信息 {"status":"ok","msg":"-","gid":"646865","time_insert":"2023-04-11 09:16"}
2024-04-30 00:28:57 查询号码 【1606121】，GSD为【"-"】
2024-04-30 00:28:57 ok && -
2024-04-30 00:28:59 CHB 1606121?1714408137 第 1 次 等待 3 秒
2024-04-30 00:29:02 CHB 1606121?1714408137 第 1 次 获取到号码【1606121】GSD
2024-04-30 00:29:02 未获取到号码【1606121】GSD，可能号码格式错误
2024-04-30 00:29:02 获取到号码【1606121】的GSD为【-】
2024-04-30 00:29:09 GSD insert 第 1 次 等待 3 秒
2024-04-30 00:29:12 {"status":"bad","gid":"646865","msg":"添加失败！号码【1606121(-|-)】已存在！"}

2024-04-30 00:38:43 开始第 6221 次操作

2024-04-30 00:38:43 开始操作号码 【1606122】
2024-04-30 00:38:50 GSD getOne 第 1 次 等待 3 秒
2024-04-30 00:38:53 查询号码 【1606122】，返回信息 {"status":"ok","msg":"-","gid":"646878","time_insert":"2023-04-11 09:28"}
2024-04-30 00:38:53 查询号码 【1606122】，GSD为【"-"】
2024-04-30 00:38:53 ok && -
2024-04-30 00:38:55 CHB 1606122?1714408733 第 1 次 等待 3 秒
2024-04-30 00:38:58 CHB 1606122?1714408733 第 1 次 获取到号码【1606122】GSD
2024-04-30 00:38:58 未获取到号码【1606122】GSD，可能号码格式错误
2024-04-30 00:38:58 获取到号码【1606122】的GSD为【-】
2024-04-30 00:39:07 GSD insert 第 1 次 等待 3 秒
2024-04-30 00:39:10 {"status":"bad","gid":"646878","msg":"添加失败！号码【1606122(-|-)】已存在！"}
2024-04-30 00:39:10 随机等待 167 秒，约 2 分钟
2024-04-30 00:39:10 下次操作: 2024-04-30 00:41:57

2024-04-30 00:41:57 开始第 6222 次操作

2024-04-30 00:41:57 开始操作号码 【1606123】
2024-04-30 00:42:03 GSD getOne 第 1 次 等待 3 秒
2024-04-30 00:42:06 查询号码 【1606123】，返回信息 {"status":"ok","msg":"-","gid":"646895","time_insert":"2023-04-11 09:45"}
2024-04-30 00:42:06 查询号码 【1606123】，GSD为【"-"】
2024-04-30 00:42:06 ok && -
2024-04-30 00:42:08 CHB 1606123?1714408926 第 1 次 等待 3 秒
2024-04-30 00:42:11 CHB 1606123?1714408926 第 1 次 获取到号码【1606123】GSD
2024-04-30 00:42:11 未获取到号码【1606123】GSD，可能号码格式错误
2024-04-30 00:42:11 获取到号码【1606123】的GSD为【-】
2024-04-30 00:42:17 GSD insert 第 1 次 等待 3 秒
2024-04-30 00:42:20 {"status":"bad","gid":"646895","msg":"添加失败！号码【1606123(-|-)】已存在！"}
2024-04-30 00:42:20 随机等待 117 秒，约 1 分钟
2024-04-30 00:42:20 下次操作: 2024-04-30 00:44:17

2024-04-30 00:44:17 开始第 6223 次操作

2024-04-30 00:44:17 开始操作号码 【1606124】
2024-04-30 00:44:23 GSD getOne 第 1 次 等待 3 秒
2024-04-30 00:44:26 查询号码 【1606124】，返回信息 {"status":"ok","msg":"-","gid":"646915","time_insert":"2023-04-11 10:02"}
2024-04-30 00:44:26 查询号码 【1606124】，GSD为【"-"】
2024-04-30 00:44:26 ok && -
2024-04-30 00:44:28 CHB 1606124?1714409066 第 1 次 等待 3 秒
2024-04-30 00:44:31 CHB 1606124?1714409066 第 1 次 获取到号码【1606124】GSD
2024-04-30 00:44:31 未获取到号码【1606124】GSD，可能号码格式错误
2024-04-30 00:44:31 获取到号码【1606124】的GSD为【-】
2024-04-30 00:44:36 GSD insert 第 1 次 等待 3 秒
2024-04-30 00:44:39 {"status":"bad","gid":"646915","msg":"添加失败！号码【1606124(-|-)】已存在！"}
2024-04-30 00:44:39 随机等待 113 秒，约 1 分钟
2024-04-30 00:44:39 下次操作: 2024-04-30 00:46:32

2024-04-30 00:46:32 开始第 6224 次操作

2024-04-30 00:46:32 开始操作号码 【1606125】
2024-04-30 00:46:37 GSD getOne 第 1 次 等待 3 秒
2024-04-30 00:46:40 查询号码 【1606125】，返回信息 {"status":"ok","msg":"-","gid":"646935","time_insert":"2023-04-11 10:19"}
2024-04-30 00:46:40 查询号码 【1606125】，GSD为【"-"】
2024-04-30 00:46:40 ok && -
2024-04-30 00:46:42 CHB 1606125?1714409200 第 1 次 等待 3 秒
2024-04-30 00:46:45 CHB 1606125?1714409200 第 1 次 获取到号码【1606125】GSD
2024-04-30 00:46:45 未获取到号码【1606125】GSD，可能号码格式错误
2024-04-30 00:46:45 获取到号码【1606125】的GSD为【-】
2024-04-30 00:46:50 GSD insert 第 1 次 等待 3 秒
2024-04-30 00:46:53 {"status":"bad","gid":"646935","msg":"添加失败！号码【1606125(-|-)】已存在！"}

