2024-05-17 00:21:15 开始第 9201 次操作

2024-05-17 00:21:15 开始操作号码 【1609094】
2024-05-17 00:21:26 GSD getOne 第 1 次 等待 3 秒
2024-05-17 00:21:29 查询号码 【1609094】，返回信息 {"status":"ok","msg":"-","gid":"685771","time_insert":"2023-04-30 01:19"}
2024-05-17 00:21:29 查询号码 【1609094】，GSD为【"-"】
2024-05-17 00:21:29 ok && -
2024-05-17 00:21:31 CHB 1609094?1715876489 第 1 次 等待 3 秒
2024-05-17 00:21:34 CHB 1609094?1715876489 第 1 次 获取到号码【1609094】GSD
2024-05-17 00:21:35 未获取到号码【1609094】GSD，可能号码格式错误
2024-05-17 00:21:35 获取到号码【1609094】的GSD为【-】
2024-05-17 00:21:41 GSD insert 第 1 次 等待 3 秒
2024-05-17 00:21:44 {"status":"bad","gid":"685771","msg":"添加失败！号码【1609094(-|-)】已存在！"}
2024-05-17 00:21:44 随机等待 133 秒，约 2 分钟
2024-05-17 00:21:44 下次操作: 2024-05-17 00:23:57

2024-05-17 00:23:57 开始第 9202 次操作

2024-05-17 00:23:57 开始操作号码 【1609095】
2024-05-17 00:24:02 GSD getOne 第 1 次 等待 3 秒
2024-05-17 00:24:05 查询号码 【1609095】，返回信息 {"status":"ok","msg":"-","gid":"685802","time_insert":"2023-04-30 01:36"}
2024-05-17 00:24:05 查询号码 【1609095】，GSD为【"-"】
2024-05-17 00:24:05 ok && -
2024-05-17 00:24:07 CHB 1609095?1715876645 第 1 次 等待 3 秒
2024-05-17 00:24:10 CHB 1609095?1715876645 第 1 次 获取到号码【1609095】GSD
2024-05-17 00:24:10 未获取到号码【1609095】GSD，可能号码格式错误
2024-05-17 00:24:10 获取到号码【1609095】的GSD为【-】
2024-05-17 00:24:15 GSD insert 第 1 次 等待 3 秒
2024-05-17 00:24:18 {"status":"bad","gid":"685802","msg":"添加失败！号码【1609095(-|-)】已存在！"}
2024-05-17 00:24:18 随机等待 83 秒，约 1 分钟
2024-05-17 00:24:18 下次操作: 2024-05-17 00:25:41

2024-05-17 00:25:41 开始第 9203 次操作

2024-05-17 00:25:41 开始操作号码 【1609096】
2024-05-17 00:25:47 GSD getOne 第 1 次 等待 3 秒
2024-05-17 00:25:50 查询号码 【1609096】，返回信息 {"status":"ok","msg":"-","gid":"685828","time_insert":"2023-04-30 01:55"}
2024-05-17 00:25:50 查询号码 【1609096】，GSD为【"-"】
2024-05-17 00:25:50 ok && -
2024-05-17 00:25:51 CHB 1609096?1715876750 第 1 次 等待 3 秒
2024-05-17 00:25:54 CHB 1609096?1715876750 第 1 次 获取到号码【1609096】GSD
2024-05-17 00:25:54 未获取到号码【1609096】GSD，可能号码格式错误
2024-05-17 00:25:54 获取到号码【1609096】的GSD为【-】
2024-05-17 00:26:02 GSD insert 第 1 次 等待 3 秒
2024-05-17 00:26:05 {"status":"bad","gid":"685828","msg":"添加失败！号码【1609096(-|-)】已存在！"}
2024-05-17 00:26:05 随机等待 138 秒，约 2 分钟
2024-05-17 00:26:05 下次操作: 2024-05-17 00:28:23

2024-05-17 00:28:23 开始第 9204 次操作

2024-05-17 00:28:23 开始操作号码 【1609097】
2024-05-17 00:28:31 GSD getOne 第 1 次 等待 3 秒
2024-05-17 00:28:34 查询号码 【1609097】，返回信息 {"status":"ok","msg":"-","gid":"685855","time_insert":"2023-04-30 02:13"}
2024-05-17 00:28:34 查询号码 【1609097】，GSD为【"-"】
2024-05-17 00:28:34 ok && -
2024-05-17 00:28:36 CHB 1609097?1715876914 第 1 次 等待 3 秒
2024-05-17 00:28:39 CHB 1609097?1715876914 第 1 次 获取到号码【1609097】GSD
2024-05-17 00:28:39 未获取到号码【1609097】GSD，可能号码格式错误
2024-05-17 00:28:39 获取到号码【1609097】的GSD为【-】
2024-05-17 00:28:46 GSD insert 第 1 次 等待 3 秒
2024-05-17 00:28:49 {"status":"bad","gid":"685855","msg":"添加失败！号码【1609097(-|-)】已存在！"}

