2024-01-27 00:20:00 开始第 333 次操作

2024-01-27 00:20:00 开始操作号码 【1710235】
2024-01-27 00:20:24 GSD getOne 第 1 次 等待 3 秒
2024-01-27 00:20:27 查询号码 【1710235】，返回信息 {"status":"ok","msg":"贵州-贵阳","gid":"134778","time_insert":"2021-06-26 21:55"}
2024-01-27 00:20:27 查询号码 【1710235】，GSD为【"贵州-贵阳"】

2024-01-27 00:20:28 开始第 334 次操作

2024-01-27 00:20:28 开始操作号码 【1710236】
2024-01-27 00:20:51 GSD getOne 第 1 次 等待 3 秒
2024-01-27 00:20:54 查询号码 【1710236】，返回信息 {"status":"ok","msg":"贵州-贵阳","gid":"134785","time_insert":"2021-06-26 21:56"}
2024-01-27 00:20:54 查询号码 【1710236】，GSD为【"贵州-贵阳"】

2024-01-27 00:20:55 开始第 335 次操作

2024-01-27 00:20:55 开始操作号码 【1710237】
2024-01-27 00:21:20 GSD getOne 第 1 次 等待 3 秒
2024-01-27 00:21:23 查询号码 【1710237】，返回信息 {"status":"ok","msg":"贵州-贵阳","gid":"134793","time_insert":"2021-06-26 21:57"}
2024-01-27 00:21:23 查询号码 【1710237】，GSD为【"贵州-贵阳"】

2024-01-27 00:21:24 开始第 336 次操作

2024-01-27 00:21:24 开始操作号码 【1710238】
2024-01-27 00:21:48 GSD getOne 第 1 次 等待 3 秒
2024-01-27 00:21:51 查询号码 【1710238】，返回信息 {"status":"ok","msg":"贵州-毕节","gid":"134800","time_insert":"2021-06-26 21:58"}
2024-01-27 00:21:51 查询号码 【1710238】，GSD为【"贵州-毕节"】

2024-01-27 00:38:14 开始第 337 次操作

2024-01-27 00:38:14 开始操作号码 【1710239】
2024-01-27 00:38:38 GSD getOne 第 1 次 等待 3 秒
2024-01-27 00:38:41 查询号码 【1710239】，返回信息 {"status":"ok","msg":"贵州-毕节","gid":"134808","time_insert":"2021-06-26 21:58"}
2024-01-27 00:38:41 查询号码 【1710239】，GSD为【"贵州-毕节"】

2024-01-27 00:38:42 开始第 338 次操作

2024-01-27 00:38:42 开始操作号码 【1710240】
2024-01-27 00:39:08 GSD getOne 第 1 次 等待 3 秒
2024-01-27 00:39:11 查询号码 【1710240】，返回信息 {"status":"ok","msg":"海南-海口","gid":"134814","time_insert":"2021-06-26 21:59"}
2024-01-27 00:39:11 查询号码 【1710240】，GSD为【"海南-海口"】

2024-01-27 00:39:12 开始第 339 次操作

2024-01-27 00:39:12 开始操作号码 【1710241】
2024-01-27 00:39:38 GSD getOne 第 1 次 等待 3 秒
2024-01-27 00:39:41 查询号码 【1710241】，返回信息 {"status":"ok","msg":"海南-海口","gid":"134820","time_insert":"2021-06-26 22:00"}
2024-01-27 00:39:41 查询号码 【1710241】，GSD为【"海南-海口"】

2024-01-27 00:39:42 开始第 340 次操作

2024-01-27 00:39:42 开始操作号码 【1710242】
2024-01-27 00:40:10 GSD getOne 第 1 次 等待 3 秒
2024-01-27 00:40:13 查询号码 【1710242】，返回信息 {"status":"ok","msg":"海南-海口","gid":"134826","time_insert":"2021-06-26 22:01"}
2024-01-27 00:40:13 查询号码 【1710242】，GSD为【"海南-海口"】

2024-01-27 01:13:51 开始第 341 次操作

2024-01-27 01:13:51 开始操作号码 【1710243】
2024-01-27 01:14:15 GSD getOne 第 1 次 等待 3 秒
2024-01-27 01:14:18 查询号码 【1710243】，返回信息 {"status":"ok","msg":"海南-海口","gid":"134833","time_insert":"2021-06-26 22:02"}
2024-01-27 01:14:18 查询号码 【1710243】，GSD为【"海南-海口"】

2024-01-27 01:14:19 开始第 342 次操作

2024-01-27 01:14:19 开始操作号码 【1710244】
2024-01-27 01:14:42 GSD getOne 第 1 次 等待 3 秒
2024-01-27 01:14:45 查询号码 【1710244】，返回信息 {"status":"ok","msg":"海南-海口","gid":"134843","time_insert":"2021-06-26 22:02"}
2024-01-27 01:14:45 查询号码 【1710244】，GSD为【"海南-海口"】

2024-01-27 01:14:46 开始第 343 次操作

2024-01-27 01:14:46 开始操作号码 【1710245】
2024-01-27 01:15:10 GSD getOne 第 1 次 等待 3 秒
2024-01-27 01:15:13 查询号码 【1710245】，返回信息 {"status":"ok","msg":"海南-海口","gid":"134850","time_insert":"2021-06-26 22:03"}
2024-01-27 01:15:13 查询号码 【1710245】，GSD为【"海南-海口"】

2024-01-27 01:15:14 开始第 344 次操作

2024-01-27 01:15:14 开始操作号码 【1710246】
2024-01-27 01:15:38 GSD getOne 第 1 次 等待 3 秒
2024-01-27 01:15:41 查询号码 【1710246】，返回信息 {"status":"ok","msg":"海南-海口","gid":"134855","time_insert":"2021-06-26 22:04"}
2024-01-27 01:15:41 查询号码 【1710246】，GSD为【"海南-海口"】

2024-01-27 01:37:14 开始第 345 次操作

2024-01-27 01:37:14 开始操作号码 【1710247】
2024-01-27 01:37:39 GSD getOne 第 1 次 等待 3 秒
2024-01-27 01:37:42 查询号码 【1710247】，返回信息 {"status":"ok","msg":"海南-海口","gid":"134860","time_insert":"2021-06-26 22:05"}
2024-01-27 01:37:42 查询号码 【1710247】，GSD为【"海南-海口"】

2024-01-27 01:37:43 开始第 346 次操作

2024-01-27 01:37:43 开始操作号码 【1710248】
2024-01-27 01:38:07 GSD getOne 第 1 次 等待 3 秒
2024-01-27 01:38:10 查询号码 【1710248】，返回信息 {"status":"ok","msg":"海南-海口","gid":"134867","time_insert":"2021-06-26 22:06"}
2024-01-27 01:38:10 查询号码 【1710248】，GSD为【"海南-海口"】

2024-01-27 01:38:11 开始第 347 次操作

2024-01-27 01:38:11 开始操作号码 【1710249】
2024-01-27 01:38:34 GSD getOne 第 1 次 等待 3 秒
2024-01-27 01:38:37 查询号码 【1710249】，返回信息 {"status":"ok","msg":"海南-海口","gid":"134874","time_insert":"2021-06-26 22:06"}
2024-01-27 01:38:37 查询号码 【1710249】，GSD为【"海南-海口"】

2024-01-27 01:38:38 开始第 348 次操作

2024-01-27 01:38:38 开始操作号码 【1710250】
2024-01-27 01:39:02 GSD getOne 第 1 次 等待 3 秒
2024-01-27 01:39:05 查询号码 【1710250】，返回信息 {"status":"ok","msg":"河北-唐山","gid":"134961","time_insert":"2021-06-26 22:33"}
2024-01-27 01:39:05 查询号码 【1710250】，GSD为【"河北-唐山"】

