2023-10-07 00:21:22 开始第 1881 次操作

2023-10-07 00:21:22 开始操作号码 【1921880】
2023-10-07 00:21:26 GSD getOne 第 1 次 等待 3 秒
2023-10-07 00:21:29 查询号码 【1921880】，返回信息 {"status":"ok","msg":"云南-昭通","gid":"582387","time_insert":"2023-03-10 20:27","time_update":"2023-06-15 17:51"}
2023-10-07 00:21:29 查询号码 【1921880】，GSD为【"云南-昭通"】

2023-10-07 00:21:30 开始第 1882 次操作

2023-10-07 00:21:30 开始操作号码 【1921881】
2023-10-07 00:21:36 GSD getOne 第 1 次 等待 3 秒
2023-10-07 00:21:39 查询号码 【1921881】，返回信息 {"status":"ok","msg":"云南-楚雄","gid":"582407","time_insert":"2023-03-10 20:44","time_update":"2023-06-15 18:08"}
2023-10-07 00:21:39 查询号码 【1921881】，GSD为【"云南-楚雄"】

2023-10-07 00:21:40 开始第 1883 次操作

2023-10-07 00:21:40 开始操作号码 【1921882】
2023-10-07 00:21:47 GSD getOne 第 1 次 等待 3 秒
2023-10-07 00:21:50 查询号码 【1921882】，返回信息 {"status":"ok","msg":"云南-大理","gid":"582430","time_insert":"2023-03-10 21:02","time_update":"2023-06-15 18:24"}
2023-10-07 00:21:50 查询号码 【1921882】，GSD为【"云南-大理"】

2023-10-07 00:21:51 开始第 1884 次操作

2023-10-07 00:21:51 开始操作号码 【1921883】
2023-10-07 00:21:54 GSD getOne 第 1 次 等待 3 秒
2023-10-07 00:21:57 查询号码 【1921883】，返回信息 {"status":"ok","msg":"云南-临沧","gid":"582455","time_insert":"2023-03-10 21:22","time_update":"2023-06-15 18:44"}
2023-10-07 00:21:57 查询号码 【1921883】，GSD为【"云南-临沧"】

