2024-07-23 00:23:42 开始第 7397 次操作

2024-07-23 00:23:42 开始操作号码 【1497286】
2024-07-23 00:23:50 GSD getOne 第 1 次 等待 3 秒
2024-07-23 00:23:53 查询号码 【1497286】，返回信息 {"status":"ok","msg":"-","gid":"340887","time_insert":"2021-07-20 22:56"}
2024-07-23 00:23:53 查询号码 【1497286】，GSD为【"-"】
2024-07-23 00:23:53 ok && -
2024-07-23 00:23:54 CHB 1497286?1721665433 第 1 次 等待 3 秒
2024-07-23 00:23:57 CHB 1497286?1721665433 第 1 次 获取到号码【1497286】GSD
2024-07-23 00:23:57 未获取到号码【1497286】GSD，可能号码格式错误
2024-07-23 00:23:57 获取到号码【1497286】的GSD为【-】
2024-07-23 00:24:14 GSD insert 第 1 次 等待 3 秒
2024-07-23 00:24:17 {"status":"bad","gid":"340887","msg":"添加失败！号码【1497286(-|-)】已存在！"}
2024-07-23 00:24:17 随机等待 221 秒，约 3 分钟
2024-07-23 00:24:17 下次操作: 2024-07-23 00:27:58

2024-07-23 00:27:58 开始第 7398 次操作

2024-07-23 00:27:58 开始操作号码 【1497287】
2024-07-23 00:28:06 GSD getOne 第 1 次 等待 3 秒
2024-07-23 00:28:09 查询号码 【1497287】，返回信息 {"status":"ok","msg":"-","gid":"340890","time_insert":"2021-07-20 22:57"}
2024-07-23 00:28:09 查询号码 【1497287】，GSD为【"-"】
2024-07-23 00:28:09 ok && -
2024-07-23 00:28:10 CHB 1497287?1721665689 第 1 次 等待 3 秒
2024-07-23 00:28:13 CHB 1497287?1721665689 第 1 次 获取到号码【1497287】GSD
2024-07-23 00:28:13 未获取到号码【1497287】GSD，可能号码格式错误
2024-07-23 00:28:13 获取到号码【1497287】的GSD为【-】
2024-07-23 00:28:21 GSD insert 第 1 次 等待 3 秒
2024-07-23 00:28:24 {"status":"bad","gid":"340890","msg":"添加失败！号码【1497287(-|-)】已存在！"}
2024-07-23 00:28:24 随机等待 180 秒，约 3 分钟
2024-07-23 00:28:24 下次操作: 2024-07-23 00:31:24

2024-07-23 00:31:24 开始第 7399 次操作

2024-07-23 00:31:24 开始操作号码 【1497288】
2024-07-23 00:31:32 GSD getOne 第 1 次 等待 3 秒
2024-07-23 00:31:35 查询号码 【1497288】，返回信息 {"status":"ok","msg":"-","gid":"340899","time_insert":"2021-07-20 22:57"}
2024-07-23 00:31:35 查询号码 【1497288】，GSD为【"-"】
2024-07-23 00:31:35 ok && -
2024-07-23 00:31:37 CHB 1497288?1721665895 第 1 次 等待 3 秒
2024-07-23 00:31:40 CHB 1497288?1721665895 第 1 次 获取到号码【1497288】GSD
2024-07-23 00:31:40 未获取到号码【1497288】GSD，可能号码格式错误
2024-07-23 00:31:40 获取到号码【1497288】的GSD为【-】
2024-07-23 00:31:47 GSD insert 第 1 次 等待 3 秒
2024-07-23 00:31:50 {"status":"bad","gid":"340899","msg":"添加失败！号码【1497288(-|-)】已存在！"}
2024-07-23 00:31:50 随机等待 119 秒，约 1 分钟
2024-07-23 00:31:50 下次操作: 2024-07-23 00:33:49

2024-07-23 00:33:49 开始第 7400 次操作

2024-07-23 00:33:49 开始操作号码 【1497289】
2024-07-23 00:33:57 GSD getOne 第 1 次 等待 3 秒
2024-07-23 00:34:00 查询号码 【1497289】，返回信息 {"status":"ok","msg":"-","gid":"340908","time_insert":"2021-07-20 22:58"}
2024-07-23 00:34:00 查询号码 【1497289】，GSD为【"-"】
2024-07-23 00:34:00 ok && -
2024-07-23 00:34:05 CHB 1497289?1721666040 第 1 次 等待 3 秒
2024-07-23 00:34:08 CHB 1497289?1721666040 第 1 次 获取到号码【1497289】GSD
2024-07-23 00:34:08 未获取到号码【1497289】GSD，可能号码格式错误
2024-07-23 00:34:08 获取到号码【1497289】的GSD为【-】
2024-07-23 00:34:16 GSD insert 第 1 次 等待 3 秒
2024-07-23 00:34:19 {"status":"bad","gid":"340908","msg":"添加失败！号码【1497289(-|-)】已存在！"}

2024-07-23 00:42:07 开始第 7401 次操作

2024-07-23 00:42:07 开始操作号码 【1497290】
2024-07-23 00:42:16 GSD getOne 第 1 次 等待 3 秒
2024-07-23 00:42:19 查询号码 【1497290】，返回信息 {"status":"ok","msg":"-","gid":"340916","time_insert":"2021-07-20 22:58"}
2024-07-23 00:42:19 查询号码 【1497290】，GSD为【"-"】
2024-07-23 00:42:19 ok && -
2024-07-23 00:42:21 CHB 1497290?1721666539 第 1 次 等待 3 秒
2024-07-23 00:42:24 CHB 1497290?1721666539 第 1 次 获取到号码【1497290】GSD
2024-07-23 00:42:24 未获取到号码【1497290】GSD，可能号码格式错误
2024-07-23 00:42:24 获取到号码【1497290】的GSD为【-】
2024-07-23 00:42:32 GSD insert 第 1 次 等待 3 秒
2024-07-23 00:42:35 {"status":"bad","gid":"340916","msg":"添加失败！号码【1497290(-|-)】已存在！"}
2024-07-23 00:42:35 随机等待 221 秒，约 3 分钟
2024-07-23 00:42:35 下次操作: 2024-07-23 00:46:16

2024-07-23 00:46:16 开始第 7402 次操作

2024-07-23 00:46:16 开始操作号码 【1497291】
2024-07-23 00:46:26 GSD getOne 第 1 次 等待 3 秒
2024-07-23 00:46:29 查询号码 【1497291】，返回信息 {"status":"ok","msg":"-","gid":"340923","time_insert":"2021-07-20 22:59"}
2024-07-23 00:46:29 查询号码 【1497291】，GSD为【"-"】
2024-07-23 00:46:29 ok && -
2024-07-23 00:46:39 CHB 1497291?1721666789 第 1 次 等待 3 秒
2024-07-23 00:46:42 CHB 1497291?1721666789 第 1 次 获取到号码【1497291】GSD
2024-07-23 00:46:42 未获取到号码【1497291】GSD，可能号码格式错误
2024-07-23 00:46:42 获取到号码【1497291】的GSD为【-】
2024-07-23 00:46:50 GSD insert 第 1 次 等待 3 秒
2024-07-23 00:46:53 {"status":"bad","gid":"340923","msg":"添加失败！号码【1497291(-|-)】已存在！"}
2024-07-23 00:46:53 随机等待 153 秒，约 2 分钟
2024-07-23 00:46:53 下次操作: 2024-07-23 00:49:26

2024-07-23 00:49:26 开始第 7403 次操作

2024-07-23 00:49:26 开始操作号码 【1497292】
2024-07-23 00:49:35 GSD getOne 第 1 次 等待 3 秒
2024-07-23 00:49:38 查询号码 【1497292】，返回信息 {"status":"ok","msg":"-","gid":"340931","time_insert":"2021-07-20 23:00"}
2024-07-23 00:49:38 查询号码 【1497292】，GSD为【"-"】
2024-07-23 00:49:38 ok && -
2024-07-23 00:49:40 CHB 1497292?1721666978 第 1 次 等待 3 秒
2024-07-23 00:49:43 CHB 1497292?1721666978 第 1 次 获取到号码【1497292】GSD
2024-07-23 00:49:43 未获取到号码【1497292】GSD，可能号码格式错误
2024-07-23 00:49:43 获取到号码【1497292】的GSD为【-】
2024-07-23 00:49:51 GSD insert 第 1 次 等待 3 秒
2024-07-23 00:49:54 {"status":"bad","gid":"340931","msg":"添加失败！号码【1497292(-|-)】已存在！"}
2024-07-23 00:49:54 随机等待 195 秒，约 3 分钟
2024-07-23 00:49:54 下次操作: 2024-07-23 00:53:09

2024-07-23 00:53:09 开始第 7404 次操作

2024-07-23 00:53:09 开始操作号码 【1497293】
2024-07-23 00:53:17 GSD getOne 第 1 次 等待 3 秒
2024-07-23 00:53:20 查询号码 【1497293】，返回信息 {"status":"ok","msg":"-","gid":"340938","time_insert":"2021-07-20 23:00"}
2024-07-23 00:53:20 查询号码 【1497293】，GSD为【"-"】
2024-07-23 00:53:20 ok && -
2024-07-23 00:53:23 CHB 1497293?1721667200 第 1 次 等待 3 秒
2024-07-23 00:53:26 CHB 1497293?1721667200 第 1 次 获取到号码【1497293】GSD
2024-07-23 00:53:26 未获取到号码【1497293】GSD，可能号码格式错误
2024-07-23 00:53:26 获取到号码【1497293】的GSD为【-】
2024-07-23 00:53:34 GSD insert 第 1 次 等待 3 秒
2024-07-23 00:53:37 {"status":"bad","gid":"340938","msg":"添加失败！号码【1497293(-|-)】已存在！"}

2024-07-23 01:17:15 开始第 7405 次操作

2024-07-23 01:17:15 开始操作号码 【1497294】
2024-07-23 01:17:24 GSD getOne 第 1 次 等待 3 秒
2024-07-23 01:17:27 查询号码 【1497294】，返回信息 {"status":"ok","msg":"-","gid":"340945","time_insert":"2021-07-20 23:01"}
2024-07-23 01:17:27 查询号码 【1497294】，GSD为【"-"】
2024-07-23 01:17:27 ok && -
2024-07-23 01:17:29 CHB 1497294?1721668647 第 1 次 等待 3 秒
2024-07-23 01:17:32 CHB 1497294?1721668647 第 1 次 获取到号码【1497294】GSD
2024-07-23 01:17:32 未获取到号码【1497294】GSD，可能号码格式错误
2024-07-23 01:17:32 获取到号码【1497294】的GSD为【-】
2024-07-23 01:17:40 GSD insert 第 1 次 等待 3 秒
2024-07-23 01:17:43 {"status":"bad","gid":"340945","msg":"添加失败！号码【1497294(-|-)】已存在！"}
2024-07-23 01:17:43 随机等待 115 秒，约 1 分钟
2024-07-23 01:17:43 下次操作: 2024-07-23 01:19:38

2024-07-23 01:19:38 开始第 7406 次操作

2024-07-23 01:19:38 开始操作号码 【1497295】
2024-07-23 01:19:46 GSD getOne 第 1 次 等待 3 秒
2024-07-23 01:19:49 查询号码 【1497295】，返回信息 {"status":"ok","msg":"-","gid":"341139","time_insert":"2021-07-20 23:47"}
2024-07-23 01:19:49 查询号码 【1497295】，GSD为【"-"】
2024-07-23 01:19:49 ok && -
2024-07-23 01:19:51 CHB 1497295?1721668789 第 1 次 等待 3 秒
2024-07-23 01:19:54 CHB 1497295?1721668789 第 1 次 获取到号码【1497295】GSD
2024-07-23 01:19:54 未获取到号码【1497295】GSD，可能号码格式错误
2024-07-23 01:19:54 获取到号码【1497295】的GSD为【-】
2024-07-23 01:20:02 GSD insert 第 1 次 等待 3 秒
2024-07-23 01:20:05 {"status":"bad","gid":"341139","msg":"添加失败！号码【1497295(-|-)】已存在！"}
2024-07-23 01:20:05 随机等待 227 秒，约 3 分钟
2024-07-23 01:20:05 下次操作: 2024-07-23 01:23:52

2024-07-23 01:23:52 开始第 7407 次操作

2024-07-23 01:23:52 开始操作号码 【1497296】
2024-07-23 01:24:00 GSD getOne 第 1 次 等待 3 秒
2024-07-23 01:24:03 查询号码 【1497296】，返回信息 {"status":"ok","msg":"-","gid":"341149","time_insert":"2021-07-20 23:48"}
2024-07-23 01:24:03 查询号码 【1497296】，GSD为【"-"】
2024-07-23 01:24:03 ok && -
2024-07-23 01:24:05 CHB 1497296?1721669043 第 1 次 等待 3 秒
2024-07-23 01:24:08 CHB 1497296?1721669043 第 1 次 获取到号码【1497296】GSD
2024-07-23 01:24:08 未获取到号码【1497296】GSD，可能号码格式错误
2024-07-23 01:24:08 获取到号码【1497296】的GSD为【-】
2024-07-23 01:24:15 GSD insert 第 1 次 等待 3 秒
2024-07-23 01:24:18 {"status":"bad","gid":"341149","msg":"添加失败！号码【1497296(-|-)】已存在！"}
2024-07-23 01:24:18 随机等待 221 秒，约 3 分钟
2024-07-23 01:24:18 下次操作: 2024-07-23 01:27:59

2024-07-23 01:27:59 开始第 7408 次操作

2024-07-23 01:27:59 开始操作号码 【1497297】
2024-07-23 01:28:09 GSD getOne 第 1 次 等待 3 秒
2024-07-23 01:28:12 查询号码 【1497297】，返回信息 {"status":"ok","msg":"-","gid":"341162","time_insert":"2021-07-20 23:50"}
2024-07-23 01:28:12 查询号码 【1497297】，GSD为【"-"】
2024-07-23 01:28:12 ok && -
2024-07-23 01:28:14 CHB 1497297?1721669292 第 1 次 等待 3 秒
2024-07-23 01:28:17 CHB 1497297?1721669292 第 1 次 获取到号码【1497297】GSD
2024-07-23 01:28:17 未获取到号码【1497297】GSD，可能号码格式错误
2024-07-23 01:28:17 获取到号码【1497297】的GSD为【-】
2024-07-23 01:28:24 GSD insert 第 1 次 等待 3 秒
2024-07-23 01:28:27 {"status":"bad","gid":"341162","msg":"添加失败！号码【1497297(-|-)】已存在！"}

