2024-01-04 00:20:14 开始第 6769 次操作

2024-01-04 00:20:14 开始操作号码 【1826671】
2024-01-04 00:20:19 GSD getOne 第 1 次 等待 3 秒
2024-01-04 00:20:22 查询号码 【1826671】，返回信息 {"status":"ok","msg":"山东-临沂","gid":"416563","time_insert":"2021-07-27 19:50"}
2024-01-04 00:20:22 查询号码 【1826671】，GSD为【"山东-临沂"】

2024-01-04 00:20:23 开始第 6770 次操作

2024-01-04 00:20:23 开始操作号码 【1826672】
2024-01-04 00:20:26 GSD getOne 第 1 次 等待 3 秒
2024-01-04 00:20:29 查询号码 【1826672】，返回信息 {"status":"ok","msg":"山东-临沂","gid":"416549","time_insert":"2021-07-27 19:47"}
2024-01-04 00:20:29 查询号码 【1826672】，GSD为【"山东-临沂"】

2024-01-04 00:20:30 开始第 6771 次操作

2024-01-04 00:20:30 开始操作号码 【1826673】
2024-01-04 00:20:33 GSD getOne 第 1 次 等待 3 秒
2024-01-04 00:20:36 查询号码 【1826673】，返回信息 {"status":"ok","msg":"山东-临沂","gid":"416537","time_insert":"2021-07-27 19:46"}
2024-01-04 00:20:36 查询号码 【1826673】，GSD为【"山东-临沂"】

2024-01-04 00:20:37 开始第 6772 次操作

2024-01-04 00:20:37 开始操作号码 【1826674】
2024-01-04 00:20:40 GSD getOne 第 1 次 等待 3 秒
2024-01-04 00:20:43 查询号码 【1826674】，返回信息 {"status":"ok","msg":"山东-临沂","gid":"416515","time_insert":"2021-07-27 19:45"}
2024-01-04 00:20:43 查询号码 【1826674】，GSD为【"山东-临沂"】

2024-01-04 00:39:43 开始第 6773 次操作

2024-01-04 00:39:43 开始操作号码 【1826675】
2024-01-04 00:39:46 GSD getOne 第 1 次 等待 3 秒
2024-01-04 00:39:49 查询号码 【1826675】，返回信息 {"status":"ok","msg":"山东-临沂","gid":"416502","time_insert":"2021-07-27 19:44"}
2024-01-04 00:39:49 查询号码 【1826675】，GSD为【"山东-临沂"】

2024-01-04 00:39:50 开始第 6774 次操作

2024-01-04 00:39:50 开始操作号码 【1826676】
2024-01-04 00:39:53 GSD getOne 第 1 次 等待 3 秒
2024-01-04 00:39:56 查询号码 【1826676】，返回信息 {"status":"ok","msg":"山东-济宁","gid":"416483","time_insert":"2021-07-27 19:43"}
2024-01-04 00:39:56 查询号码 【1826676】，GSD为【"山东-济宁"】

2024-01-04 00:39:57 开始第 6775 次操作

2024-01-04 00:39:57 开始操作号码 【1826677】
2024-01-04 00:40:00 GSD getOne 第 1 次 等待 3 秒
2024-01-04 00:40:03 查询号码 【1826677】，返回信息 {"status":"ok","msg":"山东-济宁","gid":"416469","time_insert":"2021-07-27 19:43"}
2024-01-04 00:40:03 查询号码 【1826677】，GSD为【"山东-济宁"】

2024-01-04 00:40:04 开始第 6776 次操作

2024-01-04 00:40:04 开始操作号码 【1826678】
2024-01-04 00:40:07 GSD getOne 第 1 次 等待 3 秒
2024-01-04 00:40:10 查询号码 【1826678】，返回信息 {"status":"ok","msg":"山东-济宁","gid":"416455","time_insert":"2021-07-27 19:42"}
2024-01-04 00:40:10 查询号码 【1826678】，GSD为【"山东-济宁"】

