2024-02-03 00:18:25 开始第 1593 次操作

2024-02-03 00:18:25 开始操作号码 【1711495】
2024-02-03 00:18:30 GSD getOne 第 1 次 等待 3 秒
2024-02-03 00:18:33 查询号码 【1711495】，返回信息 {"status":"ok","msg":"山东-潍坊","gid":"148376","time_insert":"2021-06-28 18:55"}
2024-02-03 00:18:33 查询号码 【1711495】，GSD为【"山东-潍坊"】

2024-02-03 00:18:34 开始第 1594 次操作

2024-02-03 00:18:34 开始操作号码 【1711496】
2024-02-03 00:18:39 GSD getOne 第 1 次 等待 3 秒
2024-02-03 00:18:42 查询号码 【1711496】，返回信息 {"status":"ok","msg":"山东-潍坊","gid":"148386","time_insert":"2021-06-28 18:56"}
2024-02-03 00:18:42 查询号码 【1711496】，GSD为【"山东-潍坊"】

2024-02-03 00:18:43 开始第 1595 次操作

2024-02-03 00:18:43 开始操作号码 【1711497】
2024-02-03 00:18:47 GSD getOne 第 1 次 等待 3 秒
2024-02-03 00:18:50 查询号码 【1711497】，返回信息 {"status":"ok","msg":"山东-潍坊","gid":"148399","time_insert":"2021-06-28 18:57"}
2024-02-03 00:18:50 查询号码 【1711497】，GSD为【"山东-潍坊"】

2024-02-03 00:18:51 开始第 1596 次操作

2024-02-03 00:18:51 开始操作号码 【1711498】
2024-02-03 00:18:56 GSD getOne 第 1 次 等待 3 秒
2024-02-03 00:18:59 查询号码 【1711498】，返回信息 {"status":"ok","msg":"山东-潍坊","gid":"148409","time_insert":"2021-06-28 18:58"}
2024-02-03 00:18:59 查询号码 【1711498】，GSD为【"山东-潍坊"】

2024-02-03 00:37:16 开始第 1597 次操作

2024-02-03 00:37:16 开始操作号码 【1711499】
2024-02-03 00:37:21 GSD getOne 第 1 次 等待 3 秒
2024-02-03 00:37:24 查询号码 【1711499】，返回信息 {"status":"ok","msg":"山东-潍坊","gid":"148417","time_insert":"2021-06-28 18:59"}
2024-02-03 00:37:24 查询号码 【1711499】，GSD为【"山东-潍坊"】

2024-02-03 00:37:25 开始第 1598 次操作

2024-02-03 00:37:25 开始操作号码 【1711500】
2024-02-03 00:37:30 GSD getOne 第 1 次 等待 3 秒
2024-02-03 00:37:33 查询号码 【1711500】，返回信息 {"status":"ok","msg":"山东-临沂","gid":"148425","time_insert":"2021-06-28 19:00"}
2024-02-03 00:37:33 查询号码 【1711500】，GSD为【"山东-临沂"】

2024-02-03 00:37:34 开始第 1599 次操作

2024-02-03 00:37:34 开始操作号码 【1711501】
2024-02-03 00:37:39 GSD getOne 第 1 次 等待 3 秒
2024-02-03 00:37:42 查询号码 【1711501】，返回信息 {"status":"ok","msg":"山东-临沂","gid":"148434","time_insert":"2021-06-28 19:00"}
2024-02-03 00:37:42 查询号码 【1711501】，GSD为【"山东-临沂"】

2024-02-03 00:37:43 开始第 1600 次操作

2024-02-03 00:37:43 开始操作号码 【1711502】
2024-02-03 00:37:51 GSD getOne 第 1 次 等待 3 秒
2024-02-03 00:37:54 查询号码 【1711502】，返回信息 {"status":"ok","msg":"山东-临沂","gid":"148441","time_insert":"2021-06-28 19:01"}
2024-02-03 00:37:54 查询号码 【1711502】，GSD为【"山东-临沂"】

2024-02-03 01:16:19 开始第 1601 次操作

2024-02-03 01:16:19 开始操作号码 【1711503】
2024-02-03 01:16:25 GSD getOne 第 1 次 等待 3 秒
2024-02-03 01:16:28 查询号码 【1711503】，返回信息 {"status":"ok","msg":"山东-临沂","gid":"148448","time_insert":"2021-06-28 19:02"}
2024-02-03 01:16:29 查询号码 【1711503】，GSD为【"山东-临沂"】

2024-02-03 01:16:30 开始第 1602 次操作

2024-02-03 01:16:30 开始操作号码 【1711504】
2024-02-03 01:16:36 GSD getOne 第 1 次 等待 3 秒
2024-02-03 01:16:39 查询号码 【1711504】，返回信息 {"status":"ok","msg":"山东-临沂","gid":"148457","time_insert":"2021-06-28 19:03"}
2024-02-03 01:16:39 查询号码 【1711504】，GSD为【"山东-临沂"】

2024-02-03 01:16:40 开始第 1603 次操作

2024-02-03 01:16:40 开始操作号码 【1711505】
2024-02-03 01:16:44 GSD getOne 第 1 次 等待 3 秒
2024-02-03 01:16:47 查询号码 【1711505】，返回信息 {"status":"ok","msg":"山东-临沂","gid":"148466","time_insert":"2021-06-28 19:04"}
2024-02-03 01:16:47 查询号码 【1711505】，GSD为【"山东-临沂"】

2024-02-03 01:16:48 开始第 1604 次操作

2024-02-03 01:16:48 开始操作号码 【1711506】
2024-02-03 01:16:52 GSD getOne 第 1 次 等待 3 秒
2024-02-03 01:16:55 查询号码 【1711506】，返回信息 {"status":"ok","msg":"山东-临沂","gid":"148473","time_insert":"2021-06-28 19:05"}
2024-02-03 01:16:55 查询号码 【1711506】，GSD为【"山东-临沂"】

2024-02-03 01:37:16 开始第 1605 次操作

2024-02-03 01:37:16 开始操作号码 【1711507】
2024-02-03 01:37:21 GSD getOne 第 1 次 等待 3 秒
2024-02-03 01:37:24 查询号码 【1711507】，返回信息 {"status":"ok","msg":"山东-临沂","gid":"148480","time_insert":"2021-06-28 19:05"}
2024-02-03 01:37:24 查询号码 【1711507】，GSD为【"山东-临沂"】

2024-02-03 01:37:25 开始第 1606 次操作

2024-02-03 01:37:25 开始操作号码 【1711508】
2024-02-03 01:37:30 GSD getOne 第 1 次 等待 3 秒
2024-02-03 01:37:33 查询号码 【1711508】，返回信息 {"status":"ok","msg":"山东-临沂","gid":"148487","time_insert":"2021-06-28 19:06"}
2024-02-03 01:37:33 查询号码 【1711508】，GSD为【"山东-临沂"】

2024-02-03 01:37:34 开始第 1607 次操作

2024-02-03 01:37:34 开始操作号码 【1711509】
2024-02-03 01:37:38 GSD getOne 第 1 次 等待 3 秒
2024-02-03 01:37:41 查询号码 【1711509】，返回信息 {"status":"ok","msg":"山东-临沂","gid":"148493","time_insert":"2021-06-28 19:07"}
2024-02-03 01:37:42 查询号码 【1711509】，GSD为【"山东-临沂"】

2024-02-03 01:37:43 开始第 1608 次操作

2024-02-03 01:37:43 开始操作号码 【1711510】
2024-02-03 01:37:52 GSD getOne 第 1 次 等待 3 秒
2024-02-03 01:37:55 查询号码 【1711510】，返回信息 {"status":"ok","msg":"山东-临沂","gid":"148499","time_insert":"2021-06-28 19:08"}
2024-02-03 01:37:55 查询号码 【1711510】，GSD为【"山东-临沂"】

