2024-03-20 00:20:38 开始第 9805 次操作

2024-03-20 00:20:38 开始操作号码 【1719707】
2024-03-20 00:20:44 GSD getOne 第 1 次 等待 3 秒
2024-03-20 00:20:47 查询号码 【1719707】，返回信息 {"status":"ok","msg":"云南-临沧","gid":"246985","time_insert":"2021-07-11 09:49"}
2024-03-20 00:20:47 查询号码 【1719707】，GSD为【"云南-临沧"】

2024-03-20 00:20:48 开始第 9806 次操作

2024-03-20 00:20:48 开始操作号码 【1719708】
2024-03-20 00:20:54 GSD getOne 第 1 次 等待 3 秒
2024-03-20 00:20:57 查询号码 【1719708】，返回信息 {"status":"ok","msg":"云南-怒江","gid":"246994","time_insert":"2021-07-11 09:50"}
2024-03-20 00:20:57 查询号码 【1719708】，GSD为【"云南-怒江"】

2024-03-20 00:20:58 开始第 9807 次操作

2024-03-20 00:20:58 开始操作号码 【1719709】
2024-03-20 00:21:03 GSD getOne 第 1 次 等待 3 秒
2024-03-20 00:21:06 查询号码 【1719709】，返回信息 {"status":"ok","msg":"云南-怒江","gid":"247000","time_insert":"2021-07-11 09:50"}
2024-03-20 00:21:06 查询号码 【1719709】，GSD为【"云南-怒江"】

2024-03-20 00:21:07 开始第 9808 次操作

2024-03-20 00:21:07 开始操作号码 【1719710】
2024-03-20 00:21:13 GSD getOne 第 1 次 等待 3 秒
2024-03-20 00:21:16 查询号码 【1719710】，返回信息 {"status":"ok","msg":"湖北-荆门","gid":"247005","time_insert":"2021-07-11 09:50"}
2024-03-20 00:21:16 查询号码 【1719710】，GSD为【"湖北-荆门"】

