2024-03-16 00:20:43 开始第 9085 次操作

2024-03-16 00:20:43 开始操作号码 【1718987】
2024-03-16 00:21:08 GSD getOne 第 1 次 等待 3 秒
2024-03-16 00:21:11 查询号码 【1718987】，返回信息 {"status":"ok","msg":"浙江-杭州","gid":"237821","time_insert":"2021-07-10 08:01"}
2024-03-16 00:21:11 查询号码 【1718987】，GSD为【"浙江-杭州"】

2024-03-16 00:21:12 开始第 9086 次操作

2024-03-16 00:21:12 开始操作号码 【1718988】
2024-03-16 00:21:36 GSD getOne 第 1 次 等待 3 秒
2024-03-16 00:21:39 查询号码 【1718988】，返回信息 {"status":"ok","msg":"浙江-杭州","gid":"237825","time_insert":"2021-07-10 08:02"}
2024-03-16 00:21:39 查询号码 【1718988】，GSD为【"浙江-杭州"】

2024-03-16 00:21:40 开始第 9087 次操作

2024-03-16 00:21:40 开始操作号码 【1718989】
2024-03-16 00:22:44 GSD getOne 第 1 次 等待 3 秒
2024-03-16 00:22:47 查询号码 【1718989】，返回信息 {"status":"ok","msg":"浙江-杭州","gid":"237829","time_insert":"2021-07-10 08:02"}
2024-03-16 00:22:47 查询号码 【1718989】，GSD为【"浙江-杭州"】

2024-03-16 00:22:48 开始第 9088 次操作

2024-03-16 00:22:48 开始操作号码 【1718990】
2024-03-16 00:23:15 GSD getOne 第 1 次 等待 3 秒
2024-03-16 00:23:18 查询号码 【1718990】，返回信息 {"status":"ok","msg":"广东-汕头","gid":"28797","time_insert":"2017-08-25 14:37","time_update":"2020-10-01 00:16"}
2024-03-16 00:23:18 查询号码 【1718990】，GSD为【"广东-汕头"】

2024-03-16 00:38:22 开始第 9089 次操作

2024-03-16 00:38:22 开始操作号码 【1718991】
2024-03-16 00:38:28 GSD getOne 第 1 次 等待 3 秒
2024-03-16 00:38:31 查询号码 【1718991】，返回信息 {"status":"ok","msg":"广东-汕头","gid":"237833","time_insert":"2021-07-10 08:04"}
2024-03-16 00:38:31 查询号码 【1718991】，GSD为【"广东-汕头"】

2024-03-16 00:38:32 开始第 9090 次操作

2024-03-16 00:38:32 开始操作号码 【1718992】
2024-03-16 00:38:38 GSD getOne 第 1 次 等待 3 秒
2024-03-16 00:38:41 查询号码 【1718992】，返回信息 {"status":"ok","msg":"广东-韶关","gid":"237981","time_insert":"2021-07-10 09:24"}
2024-03-16 00:38:41 查询号码 【1718992】，GSD为【"广东-韶关"】

2024-03-16 00:38:42 开始第 9091 次操作

2024-03-16 00:38:42 开始操作号码 【1718993】
2024-03-16 00:38:48 GSD getOne 第 1 次 等待 3 秒
2024-03-16 00:38:51 查询号码 【1718993】，返回信息 {"status":"ok","msg":"广东-韶关","gid":"237995","time_insert":"2021-07-10 09:25"}
2024-03-16 00:38:51 查询号码 【1718993】，GSD为【"广东-韶关"】

2024-03-16 00:38:52 开始第 9092 次操作

2024-03-16 00:38:52 开始操作号码 【1718994】
2024-03-16 00:38:56 GSD getOne 第 1 次 等待 3 秒
2024-03-16 00:38:59 查询号码 【1718994】，返回信息 {"status":"ok","msg":"广东-江门","gid":"238011","time_insert":"2021-07-10 09:25"}
2024-03-16 00:39:00 查询号码 【1718994】，GSD为【"广东-江门"】

2024-03-16 01:14:50 开始第 9093 次操作

2024-03-16 01:14:50 开始操作号码 【1718995】
2024-03-16 01:15:01 GSD getOne 第 1 次 等待 3 秒
2024-03-16 01:15:04 查询号码 【1718995】，返回信息 {"status":"ok","msg":"广东-深圳","gid":"238027","time_insert":"2021-07-10 09:26"}
2024-03-16 01:15:04 查询号码 【1718995】，GSD为【"广东-深圳"】

2024-03-16 01:15:05 开始第 9094 次操作

2024-03-16 01:15:05 开始操作号码 【1718996】
2024-03-16 01:15:10 GSD getOne 第 1 次 等待 3 秒
2024-03-16 01:15:13 查询号码 【1718996】，返回信息 {"status":"ok","msg":"广东-深圳","gid":"238040","time_insert":"2021-07-10 09:27"}
2024-03-16 01:15:13 查询号码 【1718996】，GSD为【"广东-深圳"】

2024-03-16 01:15:14 开始第 9095 次操作

2024-03-16 01:15:14 开始操作号码 【1718997】
2024-03-16 01:15:21 GSD getOne 第 1 次 等待 3 秒
2024-03-16 01:15:24 查询号码 【1718997】，返回信息 {"status":"ok","msg":"广东-深圳","gid":"238051","time_insert":"2021-07-10 09:28"}
2024-03-16 01:15:24 查询号码 【1718997】，GSD为【"广东-深圳"】

2024-03-16 01:15:25 开始第 9096 次操作

2024-03-16 01:15:25 开始操作号码 【1718998】
2024-03-16 01:15:30 GSD getOne 第 1 次 等待 3 秒
2024-03-16 01:15:33 查询号码 【1718998】，返回信息 {"status":"ok","msg":"广东-深圳","gid":"238064","time_insert":"2021-07-10 09:28"}
2024-03-16 01:15:33 查询号码 【1718998】，GSD为【"广东-深圳"】

2024-03-16 01:37:25 开始第 9097 次操作

2024-03-16 01:37:25 开始操作号码 【1718999】
2024-03-16 01:37:31 GSD getOne 第 1 次 等待 3 秒
2024-03-16 01:37:34 查询号码 【1718999】，返回信息 {"status":"ok","msg":"广东-广州","gid":"238076","time_insert":"2021-07-10 09:29"}
2024-03-16 01:37:34 查询号码 【1718999】，GSD为【"广东-广州"】

2024-03-16 01:37:35 开始第 9098 次操作

2024-03-16 01:37:35 开始操作号码 【1719000】
2024-03-16 01:37:40 GSD getOne 第 1 次 等待 3 秒
2024-03-16 01:37:43 查询号码 【1719000】，返回信息 {"status":"ok","msg":"北京-北京","gid":"238090","time_insert":"2021-07-10 09:30"}
2024-03-16 01:37:43 查询号码 【1719000】，GSD为【"北京-北京"】

2024-03-16 01:37:44 开始第 9099 次操作

2024-03-16 01:37:44 开始操作号码 【1719001】
2024-03-16 01:37:50 GSD getOne 第 1 次 等待 3 秒
2024-03-16 01:37:53 查询号码 【1719001】，返回信息 {"status":"ok","msg":"北京-北京","gid":"238105","time_insert":"2021-07-10 09:31"}
2024-03-16 01:37:53 查询号码 【1719001】，GSD为【"北京-北京"】

2024-03-16 01:37:54 开始第 9100 次操作

2024-03-16 01:37:54 开始操作号码 【1719002】
2024-03-16 01:38:00 GSD getOne 第 1 次 等待 3 秒
2024-03-16 01:38:03 查询号码 【1719002】，返回信息 {"status":"ok","msg":"北京-北京","gid":"238123","time_insert":"2021-07-10 09:32"}
2024-03-16 01:38:03 查询号码 【1719002】，GSD为【"北京-北京"】

