2024-09-16 00:17:10 开始第 4937 次操作

2024-09-16 00:17:10 开始操作号码 【1384936】
2024-09-16 00:17:19 GSD getOne 第 1 次 等待 3 秒
2024-09-16 00:17:22 查询号码 【1384936】，返回信息 {"status":"ok","msg":"河南-新乡","gid":"237501","time_insert":"2021-07-10 07:10"}
2024-09-16 00:17:23 查询号码 【1384936】，GSD为【"河南-新乡"】

2024-09-16 00:17:24 开始第 4938 次操作

2024-09-16 00:17:24 开始操作号码 【1384937】
2024-09-16 00:17:31 GSD getOne 第 1 次 等待 3 秒
2024-09-16 00:17:34 查询号码 【1384937】，返回信息 {"status":"ok","msg":"河南-新乡","gid":"53786","time_insert":"2020-05-13 16:48"}
2024-09-16 00:17:34 查询号码 【1384937】，GSD为【"河南-新乡"】

2024-09-16 00:17:35 开始第 4939 次操作

2024-09-16 00:17:35 开始操作号码 【1384938】
2024-09-16 00:17:43 GSD getOne 第 1 次 等待 3 秒
2024-09-16 00:17:46 查询号码 【1384938】，返回信息 {"status":"ok","msg":"河南-新乡","gid":"237531","time_insert":"2021-07-10 07:27"}
2024-09-16 00:17:46 查询号码 【1384938】，GSD为【"河南-新乡"】

2024-09-16 00:17:47 开始第 4940 次操作

2024-09-16 00:17:47 开始操作号码 【1384939】
2024-09-16 00:17:55 GSD getOne 第 1 次 等待 3 秒
2024-09-16 00:17:58 查询号码 【1384939】，返回信息 {"status":"ok","msg":"河南-新乡","gid":"53787","time_insert":"2020-04-03 23:52"}
2024-09-16 00:17:58 查询号码 【1384939】，GSD为【"河南-新乡"】

