2024-03-14 00:19:30 开始第 8729 次操作

2024-03-14 00:19:30 开始操作号码 【1718631】
2024-03-14 00:19:34 GSD getOne 第 1 次 等待 3 秒
2024-03-14 00:19:37 查询号码 【1718631】，返回信息 {"status":"ok","msg":"江苏-苏州","gid":"233466","time_insert":"2021-07-09 19:47"}
2024-03-14 00:19:37 查询号码 【1718631】，GSD为【"江苏-苏州"】

2024-03-14 00:19:38 开始第 8730 次操作

2024-03-14 00:19:38 开始操作号码 【1718632】
2024-03-14 00:19:44 GSD getOne 第 1 次 等待 3 秒
2024-03-14 00:19:47 查询号码 【1718632】，返回信息 {"status":"ok","msg":"江苏-苏州","gid":"233476","time_insert":"2021-07-09 19:48"}
2024-03-14 00:19:47 查询号码 【1718632】，GSD为【"江苏-苏州"】

2024-03-14 00:19:48 开始第 8731 次操作

2024-03-14 00:19:48 开始操作号码 【1718633】
2024-03-14 00:19:52 GSD getOne 第 1 次 等待 3 秒
2024-03-14 00:19:55 查询号码 【1718633】，返回信息 {"status":"ok","msg":"江苏-苏州","gid":"233493","time_insert":"2021-07-09 19:50"}
2024-03-14 00:19:55 查询号码 【1718633】，GSD为【"江苏-苏州"】

2024-03-14 00:19:56 开始第 8732 次操作

2024-03-14 00:19:56 开始操作号码 【1718634】
2024-03-14 00:20:03 GSD getOne 第 1 次 等待 3 秒
2024-03-14 00:20:06 查询号码 【1718634】，返回信息 {"status":"ok","msg":"江苏-苏州","gid":"233502","time_insert":"2021-07-09 19:51"}
2024-03-14 00:20:06 查询号码 【1718634】，GSD为【"江苏-苏州"】

2024-03-14 00:37:57 开始第 8733 次操作

2024-03-14 00:37:57 开始操作号码 【1718635】
2024-03-14 00:38:03 GSD getOne 第 1 次 等待 3 秒
2024-03-14 00:38:06 查询号码 【1718635】，返回信息 {"status":"ok","msg":"江苏-苏州","gid":"233518","time_insert":"2021-07-09 19:52"}
2024-03-14 00:38:06 查询号码 【1718635】，GSD为【"江苏-苏州"】

2024-03-14 00:38:07 开始第 8734 次操作

2024-03-14 00:38:07 开始操作号码 【1718636】
2024-03-14 00:38:15 GSD getOne 第 1 次 等待 3 秒
2024-03-14 00:38:18 查询号码 【1718636】，返回信息 {"status":"ok","msg":"江苏-苏州","gid":"233529","time_insert":"2021-07-09 19:53"}
2024-03-14 00:38:18 查询号码 【1718636】，GSD为【"江苏-苏州"】

2024-03-14 00:38:19 开始第 8735 次操作

2024-03-14 00:38:19 开始操作号码 【1718637】
2024-03-14 00:38:24 GSD getOne 第 1 次 等待 3 秒
2024-03-14 00:38:27 查询号码 【1718637】，返回信息 {"status":"ok","msg":"江苏-苏州","gid":"233546","time_insert":"2021-07-09 19:55"}
2024-03-14 00:38:27 查询号码 【1718637】，GSD为【"江苏-苏州"】

2024-03-14 00:38:29 开始第 8736 次操作

2024-03-14 00:38:29 开始操作号码 【1718638】
2024-03-14 00:38:35 GSD getOne 第 1 次 等待 3 秒
2024-03-14 00:38:38 查询号码 【1718638】，返回信息 {"status":"ok","msg":"江苏-苏州","gid":"233565","time_insert":"2021-07-09 19:57"}
2024-03-14 00:38:38 查询号码 【1718638】，GSD为【"江苏-苏州"】

