2024-01-12 00:22:28 开始第 8185 次操作

2024-01-12 00:22:28 开始操作号码 【1828087】
2024-01-12 00:22:32 GSD getOne 第 1 次 等待 3 秒
2024-01-12 00:22:35 查询号码 【1828087】，返回信息 {"status":"ok","msg":"四川-遂宁","gid":"36083","time_insert":"2019-07-16 06:44","time_update":"2020-11-07 04:11"}
2024-01-12 00:22:35 查询号码 【1828087】，GSD为【"四川-遂宁"】

2024-01-12 00:22:36 开始第 8186 次操作

2024-01-12 00:22:36 开始操作号码 【1828088】
2024-01-12 00:22:40 GSD getOne 第 1 次 等待 3 秒
2024-01-12 00:22:43 查询号码 【1828088】，返回信息 {"status":"ok","msg":"四川-遂宁","gid":"36084","time_insert":"2018-10-01 08:00","time_update":"2020-11-07 04:15"}
2024-01-12 00:22:43 查询号码 【1828088】，GSD为【"四川-遂宁"】

2024-01-12 00:22:44 开始第 8187 次操作

2024-01-12 00:22:44 开始操作号码 【1828089】
2024-01-12 00:22:47 GSD getOne 第 1 次 等待 3 秒
2024-01-12 00:22:50 查询号码 【1828089】，返回信息 {"status":"ok","msg":"四川-遂宁","gid":"36085","time_insert":"2018-10-19 10:54","time_update":"2020-11-07 04:20"}
2024-01-12 00:22:50 查询号码 【1828089】，GSD为【"四川-遂宁"】

2024-01-12 00:22:51 开始第 8188 次操作

2024-01-12 00:22:51 开始操作号码 【1828090】
2024-01-12 00:22:54 GSD getOne 第 1 次 等待 3 秒
2024-01-12 00:22:57 查询号码 【1828090】，返回信息 {"status":"ok","msg":"四川-内江","gid":"36086","time_insert":"2020-04-16 11:23","time_update":"2020-11-07 04:25"}
2024-01-12 00:22:57 查询号码 【1828090】，GSD为【"四川-内江"】

