2024-09-19 00:17:23 开始第 5457 次操作

2024-09-19 00:17:23 开始操作号码 【1385456】
2024-09-19 00:17:33 GSD getOne 第 1 次 等待 3 秒
2024-09-19 00:17:36 查询号码 【1385456】，返回信息 {"status":"ok","msg":"山东-烟台","gid":"11380","time_insert":"2018-05-26 16:57","time_update":"2020-09-10 15:27"}
2024-09-19 00:17:36 查询号码 【1385456】，GSD为【"山东-烟台"】

2024-09-19 00:17:37 开始第 5458 次操作

2024-09-19 00:17:37 开始操作号码 【1385457】
2024-09-19 00:17:54 GSD getOne 第 1 次 等待 3 秒
2024-09-19 00:17:57 查询号码 【1385457】，返回信息 {"status":"ok","msg":"山东-烟台","gid":"310326","time_insert":"2021-07-18 03:42"}
2024-09-19 00:17:57 查询号码 【1385457】，GSD为【"山东-烟台"】

2024-09-19 00:17:58 开始第 5459 次操作

2024-09-19 00:17:58 开始操作号码 【1385458】
2024-09-19 00:18:06 GSD getOne 第 1 次 等待 3 秒
2024-09-19 00:18:09 查询号码 【1385458】，返回信息 {"status":"ok","msg":"山东-烟台","gid":"310519","time_insert":"2021-07-18 03:54"}
2024-09-19 00:18:09 查询号码 【1385458】，GSD为【"山东-烟台"】

2024-09-19 00:18:10 开始第 5460 次操作

2024-09-19 00:18:10 开始操作号码 【1385459】
2024-09-19 00:18:19 GSD getOne 第 1 次 等待 3 秒
2024-09-19 00:18:22 查询号码 【1385459】，返回信息 {"status":"ok","msg":"山东-烟台","gid":"310621","time_insert":"2021-07-18 04:05"}
2024-09-19 00:18:22 查询号码 【1385459】，GSD为【"山东-烟台"】

