2024-05-22 00:21:15 开始第 77 次操作

2024-05-22 00:21:15 开始操作号码 【1609970】
2024-05-22 00:21:22 GSD getOne 第 1 次 等待 3 秒
2024-05-22 00:21:25 查询号码 【1609970】，返回信息 {"status":"ok","msg":"-","gid":"697673","time_insert":"2023-05-08 22:18"}
2024-05-22 00:21:25 查询号码 【1609970】，GSD为【"-"】
2024-05-22 00:21:25 ok && -
2024-05-22 00:21:27 CHB 1609970?1716308485 第 1 次 等待 3 秒
2024-05-22 00:21:30 CHB 1609970?1716308485 第 1 次 获取到号码【1609970】GSD
2024-05-22 00:21:30 未获取到号码【1609970】GSD，可能号码格式错误
2024-05-22 00:21:30 获取到号码【1609970】的GSD为【-】
2024-05-22 00:21:39 GSD insert 第 1 次 等待 3 秒
2024-05-22 00:21:42 {"status":"bad","gid":"697673","msg":"添加失败！号码【1609970(-|-)】已存在！"}
2024-05-22 00:21:42 随机等待 174 秒，约 2 分钟
2024-05-22 00:21:42 下次操作: 2024-05-22 00:24:36

2024-05-22 00:24:36 开始第 78 次操作

2024-05-22 00:24:36 开始操作号码 【1609971】
2024-05-22 00:24:45 GSD getOne 第 1 次 等待 3 秒
2024-05-22 00:24:48 查询号码 【1609971】，返回信息 {"status":"ok","msg":"-","gid":"697667","time_insert":"2023-05-08 22:01"}
2024-05-22 00:24:48 查询号码 【1609971】，GSD为【"-"】
2024-05-22 00:24:48 ok && -
2024-05-22 00:24:50 CHB 1609971?1716308688 第 1 次 等待 3 秒
2024-05-22 00:24:53 CHB 1609971?1716308688 第 1 次 获取到号码【1609971】GSD
2024-05-22 00:24:53 未获取到号码【1609971】GSD，可能号码格式错误
2024-05-22 00:24:53 获取到号码【1609971】的GSD为【-】
2024-05-22 00:24:59 GSD insert 第 1 次 等待 3 秒
2024-05-22 00:25:02 {"status":"bad","gid":"697667","msg":"添加失败！号码【1609971(-|-)】已存在！"}
2024-05-22 00:25:02 随机等待 138 秒，约 2 分钟
2024-05-22 00:25:02 下次操作: 2024-05-22 00:27:20

2024-05-22 00:27:20 开始第 79 次操作

2024-05-22 00:27:20 开始操作号码 【1609972】
2024-05-22 00:27:26 GSD getOne 第 1 次 等待 3 秒
2024-05-22 00:27:29 查询号码 【1609972】，返回信息 {"status":"ok","msg":"-","gid":"697654","time_insert":"2023-05-08 21:41"}
2024-05-22 00:27:29 查询号码 【1609972】，GSD为【"-"】
2024-05-22 00:27:29 ok && -
2024-05-22 00:27:32 CHB 1609972?1716308849 第 1 次 等待 3 秒
2024-05-22 00:27:35 CHB 1609972?1716308849 第 1 次 获取到号码【1609972】GSD
2024-05-22 00:27:35 未获取到号码【1609972】GSD，可能号码格式错误
2024-05-22 00:27:35 获取到号码【1609972】的GSD为【-】
2024-05-22 00:27:42 GSD insert 第 1 次 等待 3 秒
2024-05-22 00:27:45 {"status":"bad","gid":"697654","msg":"添加失败！号码【1609972(-|-)】已存在！"}
2024-05-22 00:27:45 随机等待 195 秒，约 3 分钟
2024-05-22 00:27:45 下次操作: 2024-05-22 00:31:00

2024-05-22 00:31:00 开始第 80 次操作

2024-05-22 00:31:00 开始操作号码 【1609973】
2024-05-22 00:31:06 GSD getOne 第 1 次 等待 3 秒
2024-05-22 00:31:09 查询号码 【1609973】，返回信息 {"status":"ok","msg":"-","gid":"697645","time_insert":"2023-05-08 21:28"}
2024-05-22 00:31:09 查询号码 【1609973】，GSD为【"-"】
2024-05-22 00:31:09 ok && -
2024-05-22 00:31:11 CHB 1609973?1716309069 第 1 次 等待 3 秒
2024-05-22 00:31:14 CHB 1609973?1716309069 第 1 次 获取到号码【1609973】GSD
2024-05-22 00:31:14 未获取到号码【1609973】GSD，可能号码格式错误
2024-05-22 00:31:14 获取到号码【1609973】的GSD为【-】
2024-05-22 00:31:19 GSD insert 第 1 次 等待 3 秒
2024-05-22 00:31:22 {"status":"bad","gid":"697645","msg":"添加失败！号码【1609973(-|-)】已存在！"}

