2024-07-12 00:22:16 开始第 5477 次操作

2024-07-12 00:22:16 开始操作号码 【1495366】
2024-07-12 00:22:26 GSD getOne 第 1 次 等待 3 秒
2024-07-12 00:22:29 查询号码 【1495366】，返回信息 {"status":"ok","msg":"-","gid":"315815","time_insert":"2021-07-18 15:12"}
2024-07-12 00:22:30 查询号码 【1495366】，GSD为【"-"】
2024-07-12 00:22:30 ok && -
2024-07-12 00:22:32 CHB 1495366?1720714950 第 1 次 等待 3 秒
2024-07-12 00:22:35 CHB 1495366?1720714950 第 1 次 获取到号码【1495366】GSD
2024-07-12 00:22:35 未获取到号码【1495366】GSD，可能号码格式错误
2024-07-12 00:22:35 获取到号码【1495366】的GSD为【-】
2024-07-12 00:22:44 GSD insert 第 1 次 等待 3 秒
2024-07-12 00:22:47 {"status":"bad","gid":"315815","msg":"添加失败！号码【1495366(-|-)】已存在！"}
2024-07-12 00:22:47 随机等待 77 秒，约 1 分钟
2024-07-12 00:22:47 下次操作: 2024-07-12 00:24:04

2024-07-12 00:24:04 开始第 5478 次操作

2024-07-12 00:24:04 开始操作号码 【1495367】
2024-07-12 00:24:12 GSD getOne 第 1 次 等待 3 秒
2024-07-12 00:24:15 查询号码 【1495367】，返回信息 {"status":"ok","msg":"-","gid":"315823","time_insert":"2021-07-18 15:13"}
2024-07-12 00:24:15 查询号码 【1495367】，GSD为【"-"】
2024-07-12 00:24:15 ok && -
2024-07-12 00:24:17 CHB 1495367?1720715055 第 1 次 等待 3 秒
2024-07-12 00:24:20 CHB 1495367?1720715055 第 1 次 获取到号码【1495367】GSD
2024-07-12 00:24:20 未获取到号码【1495367】GSD，可能号码格式错误
2024-07-12 00:24:20 获取到号码【1495367】的GSD为【-】
2024-07-12 00:24:29 GSD insert 第 1 次 等待 3 秒
2024-07-12 00:24:32 {"status":"bad","gid":"315823","msg":"添加失败！号码【1495367(-|-)】已存在！"}
2024-07-12 00:24:32 随机等待 94 秒，约 1 分钟
2024-07-12 00:24:32 下次操作: 2024-07-12 00:26:06

2024-07-12 00:26:06 开始第 5479 次操作

2024-07-12 00:26:06 开始操作号码 【1495368】
2024-07-12 00:26:14 GSD getOne 第 1 次 等待 3 秒
2024-07-12 00:26:17 查询号码 【1495368】，返回信息 {"status":"ok","msg":"-","gid":"315833","time_insert":"2021-07-18 15:14"}
2024-07-12 00:26:17 查询号码 【1495368】，GSD为【"-"】
2024-07-12 00:26:17 ok && -
2024-07-12 00:26:19 CHB 1495368?1720715177 第 1 次 等待 3 秒
2024-07-12 00:26:22 CHB 1495368?1720715177 第 1 次 获取到号码【1495368】GSD
2024-07-12 00:26:22 未获取到号码【1495368】GSD，可能号码格式错误
2024-07-12 00:26:22 获取到号码【1495368】的GSD为【-】
2024-07-12 00:26:30 GSD insert 第 1 次 等待 3 秒
2024-07-12 00:26:33 {"status":"bad","gid":"315833","msg":"添加失败！号码【1495368(-|-)】已存在！"}
2024-07-12 00:26:33 随机等待 231 秒，约 3 分钟
2024-07-12 00:26:33 下次操作: 2024-07-12 00:30:24

2024-07-12 00:30:24 开始第 5480 次操作

2024-07-12 00:30:24 开始操作号码 【1495369】
2024-07-12 00:30:32 GSD getOne 第 1 次 等待 3 秒
2024-07-12 00:30:35 查询号码 【1495369】，返回信息 {"status":"ok","msg":"-","gid":"315846","time_insert":"2021-07-18 15:14"}
2024-07-12 00:30:35 查询号码 【1495369】，GSD为【"-"】
2024-07-12 00:30:35 ok && -
2024-07-12 00:30:37 CHB 1495369?1720715435 第 1 次 等待 3 秒
2024-07-12 00:30:40 CHB 1495369?1720715435 第 1 次 获取到号码【1495369】GSD
2024-07-12 00:30:40 未获取到号码【1495369】GSD，可能号码格式错误
2024-07-12 00:30:40 获取到号码【1495369】的GSD为【-】
2024-07-12 00:30:48 GSD insert 第 1 次 等待 3 秒
2024-07-12 00:30:51 {"status":"bad","gid":"315846","msg":"添加失败！号码【1495369(-|-)】已存在！"}

2024-07-12 00:40:38 开始第 5481 次操作

2024-07-12 00:40:38 开始操作号码 【1495370】
2024-07-12 00:40:49 GSD getOne 第 1 次 等待 3 秒
2024-07-12 00:40:52 查询号码 【1495370】，返回信息 {"status":"ok","msg":"-","gid":"315859","time_insert":"2021-07-18 15:15"}
2024-07-12 00:40:52 查询号码 【1495370】，GSD为【"-"】
2024-07-12 00:40:52 ok && -
2024-07-12 00:40:54 CHB 1495370?1720716052 第 1 次 等待 3 秒
2024-07-12 00:40:57 CHB 1495370?1720716052 第 1 次 获取到号码【1495370】GSD
2024-07-12 00:40:57 未获取到号码【1495370】GSD，可能号码格式错误
2024-07-12 00:40:57 获取到号码【1495370】的GSD为【-】
2024-07-12 00:41:05 GSD insert 第 1 次 等待 3 秒
2024-07-12 00:41:08 {"status":"bad","gid":"315859","msg":"添加失败！号码【1495370(-|-)】已存在！"}
2024-07-12 00:41:08 随机等待 234 秒，约 3 分钟
2024-07-12 00:41:08 下次操作: 2024-07-12 00:45:02

2024-07-12 00:45:02 开始第 5482 次操作

2024-07-12 00:45:02 开始操作号码 【1495371】
2024-07-12 00:45:10 GSD getOne 第 1 次 等待 3 秒
2024-07-12 00:45:13 查询号码 【1495371】，返回信息 {"status":"ok","msg":"-","gid":"315866","time_insert":"2021-07-18 15:16"}
2024-07-12 00:45:13 查询号码 【1495371】，GSD为【"-"】
2024-07-12 00:45:13 ok && -
2024-07-12 00:45:14 CHB 1495371?1720716313 第 1 次 等待 3 秒
2024-07-12 00:45:17 CHB 1495371?1720716313 第 1 次 获取到号码【1495371】GSD
2024-07-12 00:45:17 未获取到号码【1495371】GSD，可能号码格式错误
2024-07-12 00:45:17 获取到号码【1495371】的GSD为【-】
2024-07-12 00:45:25 GSD insert 第 1 次 等待 3 秒
2024-07-12 00:45:28 {"status":"bad","gid":"315866","msg":"添加失败！号码【1495371(-|-)】已存在！"}
2024-07-12 00:45:28 随机等待 203 秒，约 3 分钟
2024-07-12 00:45:28 下次操作: 2024-07-12 00:48:51

2024-07-12 00:48:51 开始第 5483 次操作

2024-07-12 00:48:51 开始操作号码 【1495372】
2024-07-12 00:48:59 GSD getOne 第 1 次 等待 3 秒
2024-07-12 00:49:02 查询号码 【1495372】，返回信息 {"status":"ok","msg":"-","gid":"315874","time_insert":"2021-07-18 15:16"}
2024-07-12 00:49:02 查询号码 【1495372】，GSD为【"-"】
2024-07-12 00:49:02 ok && -
2024-07-12 00:49:05 CHB 1495372?1720716542 第 1 次 等待 3 秒
2024-07-12 00:49:08 CHB 1495372?1720716542 第 1 次 获取到号码【1495372】GSD
2024-07-12 00:49:08 未获取到号码【1495372】GSD，可能号码格式错误
2024-07-12 00:49:08 获取到号码【1495372】的GSD为【-】
2024-07-12 00:49:16 GSD insert 第 1 次 等待 3 秒
2024-07-12 00:49:19 {"status":"bad","gid":"315874","msg":"添加失败！号码【1495372(-|-)】已存在！"}
2024-07-12 00:49:19 随机等待 178 秒，约 2 分钟
2024-07-12 00:49:19 下次操作: 2024-07-12 00:52:17

2024-07-12 00:52:17 开始第 5484 次操作

2024-07-12 00:52:17 开始操作号码 【1495373】
2024-07-12 00:52:25 GSD getOne 第 1 次 等待 3 秒
2024-07-12 00:52:28 查询号码 【1495373】，返回信息 {"status":"ok","msg":"-","gid":"315886","time_insert":"2021-07-18 15:17"}
2024-07-12 00:52:28 查询号码 【1495373】，GSD为【"-"】
2024-07-12 00:52:28 ok && -
2024-07-12 00:52:30 CHB 1495373?1720716748 第 1 次 等待 3 秒
2024-07-12 00:52:33 CHB 1495373?1720716748 第 1 次 获取到号码【1495373】GSD
2024-07-12 00:52:33 未获取到号码【1495373】GSD，可能号码格式错误
2024-07-12 00:52:33 获取到号码【1495373】的GSD为【-】
2024-07-12 00:52:41 GSD insert 第 1 次 等待 3 秒
2024-07-12 00:52:44 {"status":"bad","gid":"315886","msg":"添加失败！号码【1495373(-|-)】已存在！"}

