2024-12-13 00:13:41 开始第 9889 次操作

2024-12-13 00:13:41 开始操作号码 【1309888】
2024-12-13 00:13:43 GSD getOne 第 1 次 等待 3 秒
2024-12-13 00:13:46 查询号码 【1309888】，返回信息 {"status":"ok","msg":"湖北-武汉","gid":"166774","time_insert":"2021-07-01 13:37"}
2024-12-13 00:13:46 查询号码 【1309888】，GSD为【"湖北-武汉"】

2024-12-13 00:13:47 开始第 9890 次操作

2024-12-13 00:13:47 开始操作号码 【1309889】
2024-12-13 00:13:48 GSD getOne 第 1 次 等待 3 秒
2024-12-13 00:13:51 查询号码 【1309889】，返回信息 {"status":"ok","msg":"湖北-武汉","gid":"166769","time_insert":"2021-07-01 13:37"}
2024-12-13 00:13:51 查询号码 【1309889】，GSD为【"湖北-武汉"】

2024-12-13 00:13:52 开始第 9891 次操作

2024-12-13 00:13:52 开始操作号码 【1309890】
2024-12-13 00:13:53 GSD getOne 第 1 次 等待 3 秒
2024-12-13 00:13:56 查询号码 【1309890】，返回信息 {"status":"ok","msg":"海南-海口","gid":"166765","time_insert":"2021-07-01 13:36"}
2024-12-13 00:13:56 查询号码 【1309890】，GSD为【"海南-海口"】

2024-12-13 00:13:57 开始第 9892 次操作

2024-12-13 00:13:57 开始操作号码 【1309891】
2024-12-13 00:13:58 GSD getOne 第 1 次 等待 3 秒
2024-12-13 00:14:01 查询号码 【1309891】，返回信息 {"status":"ok","msg":"海南-海口","gid":"49845","time_insert":"2021-04-21 14:22"}
2024-12-13 00:14:01 查询号码 【1309891】，GSD为【"海南-海口"】

2024-12-13 00:45:16 开始第 9893 次操作

2024-12-13 00:45:16 开始操作号码 【1309892】
2024-12-13 00:45:18 GSD getOne 第 1 次 等待 3 秒
2024-12-13 00:45:21 查询号码 【1309892】，返回信息 {"status":"ok","msg":"海南-海口","gid":"166762","time_insert":"2021-07-01 13:36"}
2024-12-13 00:45:21 查询号码 【1309892】，GSD为【"海南-海口"】

2024-12-13 00:45:22 开始第 9894 次操作

2024-12-13 00:45:22 开始操作号码 【1309893】
2024-12-13 00:45:23 GSD getOne 第 1 次 等待 3 秒
2024-12-13 00:45:26 查询号码 【1309893】，返回信息 {"status":"ok","msg":"海南-海口","gid":"166758","time_insert":"2021-07-01 13:36"}
2024-12-13 00:45:26 查询号码 【1309893】，GSD为【"海南-海口"】

2024-12-13 00:45:27 开始第 9895 次操作

2024-12-13 00:45:27 开始操作号码 【1309894】
2024-12-13 00:45:30 GSD getOne 第 1 次 等待 3 秒
2024-12-13 00:45:33 查询号码 【1309894】，返回信息 {"status":"ok","msg":"海南-海口","gid":"166551","time_insert":"2021-07-01 13:02"}
2024-12-13 00:45:33 查询号码 【1309894】，GSD为【"海南-海口"】

2024-12-13 00:45:34 开始第 9896 次操作

2024-12-13 00:45:34 开始操作号码 【1309895】
2024-12-13 00:45:34 GSD getOne 第 1 次 等待 3 秒
2024-12-13 00:45:38 查询号码 【1309895】，返回信息 {"status":"ok","msg":"海南-海口","gid":"166545","time_insert":"2021-07-01 13:02"}
2024-12-13 00:45:38 查询号码 【1309895】，GSD为【"海南-海口"】

