2024-06-24 00:20:33 开始第 2317 次操作

2024-06-24 00:20:33 开始操作号码 【1492211】
2024-06-24 00:20:57 GSD getOne 第 1 次 等待 3 秒
2024-06-24 00:21:00 查询号码 【1492211】，返回信息 {"status":"ok","msg":"江苏-南京","gid":"278892","time_insert":"2021-07-15 01:17"}
2024-06-24 00:21:01 查询号码 【1492211】，GSD为【"江苏-南京"】

2024-06-24 00:21:02 开始第 2318 次操作

2024-06-24 00:21:02 开始操作号码 【1492212】
2024-06-24 00:21:25 GSD getOne 第 1 次 等待 3 秒
2024-06-24 00:21:28 查询号码 【1492212】，返回信息 {"status":"ok","msg":"江苏-南京","gid":"278898","time_insert":"2021-07-15 01:18"}
2024-06-24 00:21:28 查询号码 【1492212】，GSD为【"江苏-南京"】

2024-06-24 00:21:29 开始第 2319 次操作

2024-06-24 00:21:29 开始操作号码 【1492213】
2024-06-24 00:22:19 GSD getOne 第 1 次 等待 3 秒
2024-06-24 00:22:22 查询号码 【1492213】，返回信息 {"status":"ok","msg":"江苏-南京","gid":"278906","time_insert":"2021-07-15 01:19"}
2024-06-24 00:22:22 查询号码 【1492213】，GSD为【"江苏-南京"】

2024-06-24 00:22:23 开始第 2320 次操作

2024-06-24 00:22:23 开始操作号码 【1492214】
2024-06-24 00:23:08 GSD getOne 第 1 次 等待 3 秒
2024-06-24 00:23:11 查询号码 【1492214】，返回信息 {"status":"ok","msg":"江苏-南京","gid":"278913","time_insert":"2021-07-15 01:20"}
2024-06-24 00:23:11 查询号码 【1492214】，GSD为【"江苏-南京"】

