2024-07-30 00:24:01 开始第 8625 次操作

2024-07-30 00:24:01 开始操作号码 【1498514】
2024-07-30 00:24:09 GSD getOne 第 1 次 等待 3 秒
2024-07-30 00:24:12 查询号码 【1498514】，返回信息 {"status":"ok","msg":"江苏-南京","gid":"357335","time_insert":"2021-07-22 17:52","time_update":"2023-05-25 16:45"}
2024-07-30 00:24:12 查询号码 【1498514】，GSD为【"江苏-南京"】

2024-07-30 00:24:13 开始第 8626 次操作

2024-07-30 00:24:13 开始操作号码 【1498515】
2024-07-30 00:24:21 GSD getOne 第 1 次 等待 3 秒
2024-07-30 00:24:24 查询号码 【1498515】，返回信息 {"status":"ok","msg":"江苏-南京","gid":"357344","time_insert":"2021-07-22 17:53","time_update":"2023-05-25 16:49"}
2024-07-30 00:24:24 查询号码 【1498515】，GSD为【"江苏-南京"】

2024-07-30 00:24:25 开始第 8627 次操作

2024-07-30 00:24:25 开始操作号码 【1498516】
2024-07-30 00:24:33 GSD getOne 第 1 次 等待 3 秒
2024-07-30 00:24:36 查询号码 【1498516】，返回信息 {"status":"ok","msg":"江苏-南京","gid":"357350","time_insert":"2021-07-22 17:53","time_update":"2023-05-25 16:50"}
2024-07-30 00:24:36 查询号码 【1498516】，GSD为【"江苏-南京"】

2024-07-30 00:24:37 开始第 8628 次操作

2024-07-30 00:24:37 开始操作号码 【1498517】
2024-07-30 00:24:45 GSD getOne 第 1 次 等待 3 秒
2024-07-30 00:24:48 查询号码 【1498517】，返回信息 {"status":"ok","msg":"江苏-南京","gid":"357357","time_insert":"2021-07-22 17:54","time_update":"2023-05-25 16:59"}
2024-07-30 00:24:48 查询号码 【1498517】，GSD为【"江苏-南京"】

