2023-10-02 00:18:53 开始第 1001 次操作

2023-10-02 00:18:53 开始操作号码 【1921000】
2023-10-02 00:18:57 GSD getOne 第 1 次 等待 3 秒
2023-10-02 00:19:00 查询号码 【1921000】，返回信息 {"status":"ok","msg":"广东-广州","gid":"556246","time_insert":"2023-02-26 11:58"}
2023-10-02 00:19:00 查询号码 【1921000】，GSD为【"广东-广州"】

2023-10-02 00:19:01 开始第 1002 次操作

2023-10-02 00:19:01 开始操作号码 【1921001】
2023-10-02 00:19:04 GSD getOne 第 1 次 等待 3 秒
2023-10-02 00:19:07 查询号码 【1921001】，返回信息 {"status":"ok","msg":"广东-广州","gid":"556276","time_insert":"2023-02-26 12:16"}
2023-10-02 00:19:07 查询号码 【1921001】，GSD为【"广东-广州"】

2023-10-02 00:19:08 开始第 1003 次操作

2023-10-02 00:19:08 开始操作号码 【1921002】
2023-10-02 00:19:13 GSD getOne 第 1 次 等待 3 秒
2023-10-02 00:19:16 查询号码 【1921002】，返回信息 {"status":"ok","msg":"广东-肇庆","gid":"556300","time_insert":"2023-02-26 12:32"}
2023-10-02 00:19:16 查询号码 【1921002】，GSD为【"广东-肇庆"】

2023-10-02 00:19:17 开始第 1004 次操作

2023-10-02 00:19:17 开始操作号码 【1921003】
2023-10-02 00:19:21 GSD getOne 第 1 次 等待 3 秒
2023-10-02 00:19:24 查询号码 【1921003】，返回信息 {"status":"ok","msg":"广东-肇庆","gid":"556331","time_insert":"2023-02-26 12:51"}
2023-10-02 00:19:24 查询号码 【1921003】，GSD为【"广东-肇庆"】

2023-10-02 00:37:39 开始第 1005 次操作

2023-10-02 00:37:39 开始操作号码 【1921004】
2023-10-02 00:37:42 GSD getOne 第 1 次 等待 3 秒
2023-10-02 00:37:45 查询号码 【1921004】，返回信息 {"status":"ok","msg":"广东-深圳","gid":"556363","time_insert":"2023-02-26 13:07"}
2023-10-02 00:37:45 查询号码 【1921004】，GSD为【"广东-深圳"】

2023-10-02 00:37:46 开始第 1006 次操作

2023-10-02 00:37:46 开始操作号码 【1921005】
2023-10-02 00:37:49 GSD getOne 第 1 次 等待 3 秒
2023-10-02 00:37:52 查询号码 【1921005】，返回信息 {"status":"ok","msg":"广东-深圳","gid":"556390","time_insert":"2023-02-26 13:27"}
2023-10-02 00:37:52 查询号码 【1921005】，GSD为【"广东-深圳"】

2023-10-02 00:37:53 开始第 1007 次操作

2023-10-02 00:37:53 开始操作号码 【1921006】
2023-10-02 00:37:56 GSD getOne 第 1 次 等待 3 秒
2023-10-02 00:37:59 查询号码 【1921006】，返回信息 {"status":"ok","msg":"广东-深圳","gid":"556421","time_insert":"2023-02-26 13:42"}
2023-10-02 00:37:59 查询号码 【1921006】，GSD为【"广东-深圳"】

2023-10-02 00:38:00 开始第 1008 次操作

2023-10-02 00:38:00 开始操作号码 【1921007】
2023-10-02 00:38:03 GSD getOne 第 1 次 等待 3 秒
2023-10-02 00:38:06 查询号码 【1921007】，返回信息 {"status":"ok","msg":"广东-广州","gid":"556455","time_insert":"2023-02-26 13:58"}
2023-10-02 00:38:06 查询号码 【1921007】，GSD为【"广东-广州"】

