2021-07-25 00:00:19 开始第 23 次操作

2021-07-25 00:00:19 开始操作号码 【1588643】
2021-07-25 00:00:23 GSD getOne 第 1 次 等待 3 秒
2021-07-25 00:00:26 查询号码 【1588643】，返回信息 {"status":"bad","msg":""}
2021-07-25 00:00:26 查询号码 【1588643】，GSD为【""】
2021-07-25 00:00:26 bad
2021-07-25 00:00:29 CHB 1588643?1627142426 第 1 次 等待 3 秒
2021-07-25 00:00:32 CHB 1588643?1627142426 第 1 次 获取到号码【1588643】GSD
2021-07-25 00:00:32 获取到号码【1588643】的GSD为【湖南-衡阳】
2021-07-25 00:00:37 GSD insert 第 1 次 等待 3 秒
2021-07-25 00:00:40 {"status":"ok","gid":382946,"msg":"添加成功！"}
2021-07-25 00:00:40 下次操作: 2021-07-25 00:01:01

2021-07-25 00:01:01 开始第 24 次操作

2021-07-25 00:01:01 开始操作号码 【1588642】
2021-07-25 00:01:06 GSD getOne 第 1 次 等待 3 秒
2021-07-25 00:01:09 查询号码 【1588642】，返回信息 {"status":"bad","msg":""}
2021-07-25 00:01:09 查询号码 【1588642】，GSD为【""】
2021-07-25 00:01:09 bad
2021-07-25 00:01:10 CHB 1588642?1627142469 第 1 次 等待 3 秒
2021-07-25 00:01:13 CHB 1588642?1627142469 第 1 次 获取到号码【1588642】GSD
2021-07-25 00:01:13 获取到号码【1588642】的GSD为【湖南-衡阳】
2021-07-25 00:01:16 GSD insert 第 1 次 等待 3 秒
2021-07-25 00:01:19 {"status":"ok","gid":382957,"msg":"添加成功！"}
2021-07-25 00:01:19 下次操作: 2021-07-25 00:01:37

2021-07-25 00:01:37 开始第 25 次操作

2021-07-25 00:01:37 开始操作号码 【1588641】
2021-07-25 00:01:40 GSD getOne 第 1 次 等待 3 秒
2021-07-25 00:01:43 查询号码 【1588641】，返回信息 {"status":"bad","msg":""}
2021-07-25 00:01:43 查询号码 【1588641】，GSD为【""】
2021-07-25 00:01:43 bad
2021-07-25 00:01:45 CHB 1588641?1627142503 第 1 次 等待 3 秒
2021-07-25 00:01:48 CHB 1588641?1627142503 第 1 次 获取到号码【1588641】GSD
2021-07-25 00:01:48 获取到号码【1588641】的GSD为【湖南-衡阳】
2021-07-25 00:01:54 GSD insert 第 1 次 等待 3 秒
2021-07-25 00:01:57 {"status":"ok","gid":382971,"msg":"添加成功！"}
2021-07-25 00:01:57 下次操作: 2021-07-25 00:02:13

2021-07-25 00:02:13 开始第 26 次操作

2021-07-25 00:02:13 开始操作号码 【1588640】
2021-07-25 00:02:15 GSD getOne 第 1 次 等待 3 秒
2021-07-25 00:02:18 查询号码 【1588640】，返回信息 {"status":"bad","msg":""}
2021-07-25 00:02:19 查询号码 【1588640】，GSD为【""】
2021-07-25 00:02:19 bad
2021-07-25 00:02:20 CHB 1588640?1627142539 第 1 次 等待 3 秒
2021-07-25 00:02:23 CHB 1588640?1627142539 第 1 次 获取到号码【1588640】GSD
2021-07-25 00:02:23 获取到号码【1588640】的GSD为【湖南-衡阳】
2021-07-25 00:02:28 GSD insert 第 1 次 等待 3 秒
2021-07-25 00:02:31 {"status":"ok","gid":382979,"msg":"添加成功！"}
2021-07-25 00:02:31 下次操作: 2021-07-25 00:02:46

2021-07-25 00:02:46 开始第 27 次操作

2021-07-25 00:02:46 开始操作号码 【1588639】
2021-07-25 00:02:49 GSD getOne 第 1 次 等待 3 秒
2021-07-25 00:02:52 查询号码 【1588639】，返回信息 {"status":"bad","msg":""}
2021-07-25 00:02:52 查询号码 【1588639】，GSD为【""】
2021-07-25 00:02:52 bad
2021-07-25 00:02:54 CHB 1588639?1627142572 第 1 次 等待 3 秒
2021-07-25 00:02:57 CHB 1588639?1627142572 第 1 次 获取到号码【1588639】GSD
2021-07-25 00:02:57 获取到号码【1588639】的GSD为【湖南-株洲】
2021-07-25 00:03:00 GSD insert 第 1 次 等待 3 秒
2021-07-25 00:03:03 {"status":"ok","gid":382989,"msg":"添加成功！"}
2021-07-25 00:03:03 下次操作: 2021-07-25 00:03:15

2021-07-25 00:03:15 开始第 28 次操作

2021-07-25 00:03:15 开始操作号码 【1588638】
2021-07-25 00:03:18 GSD getOne 第 1 次 等待 3 秒
2021-07-25 00:03:21 查询号码 【1588638】，返回信息 {"status":"bad","msg":""}
2021-07-25 00:03:21 查询号码 【1588638】，GSD为【""】
2021-07-25 00:03:21 bad
2021-07-25 00:03:23 CHB 1588638?1627142601 第 1 次 等待 3 秒
2021-07-25 00:03:26 CHB 1588638?1627142601 第 1 次 获取到号码【1588638】GSD
2021-07-25 00:03:27 获取到号码【1588638】的GSD为【湖南-株洲】
2021-07-25 00:03:30 GSD insert 第 1 次 等待 3 秒
2021-07-25 00:03:33 {"status":"ok","gid":382996,"msg":"添加成功！"}
2021-07-25 00:03:33 下次操作: 2021-07-25 00:03:47

2021-07-25 00:03:47 开始第 29 次操作

2021-07-25 00:03:47 开始操作号码 【1588637】
2021-07-25 00:03:54 GSD getOne 第 1 次 等待 3 秒
2021-07-25 00:03:57 查询号码 【1588637】，返回信息 {"status":"bad","msg":""}
2021-07-25 00:03:57 查询号码 【1588637】，GSD为【""】
2021-07-25 00:03:57 bad
2021-07-25 00:03:59 CHB 1588637?1627142637 第 1 次 等待 3 秒
2021-07-25 00:04:02 CHB 1588637?1627142637 第 1 次 获取到号码【1588637】GSD
2021-07-25 00:04:02 获取到号码【1588637】的GSD为【湖南-株洲】
2021-07-25 00:04:04 GSD insert 第 1 次 等待 3 秒
2021-07-25 00:04:07 {"status":"ok","gid":383004,"msg":"添加成功！"}
2021-07-25 00:04:08 下次操作: 2021-07-25 00:04:29

2021-07-25 00:04:30 开始第 30 次操作

2021-07-25 00:04:30 开始操作号码 【1588636】
2021-07-25 00:04:32 GSD getOne 第 1 次 等待 3 秒
2021-07-25 00:04:35 查询号码 【1588636】，返回信息 {"status":"bad","msg":""}
2021-07-25 00:04:35 查询号码 【1588636】，GSD为【""】
2021-07-25 00:04:35 bad
2021-07-25 00:04:37 CHB 1588636?1627142675 第 1 次 等待 3 秒
2021-07-25 00:04:40 CHB 1588636?1627142675 第 1 次 获取到号码【1588636】GSD
2021-07-25 00:04:40 获取到号码【1588636】的GSD为【湖南-株洲】
2021-07-25 00:04:42 GSD insert 第 1 次 等待 3 秒
2021-07-25 00:04:45 {"status":"ok","gid":383012,"msg":"添加成功！"}
2021-07-25 00:04:45 下次操作: 2021-07-25 00:05:06

2021-07-25 00:05:06 开始第 31 次操作

2021-07-25 00:05:06 开始操作号码 【1588635】
2021-07-25 00:05:10 GSD getOne 第 1 次 等待 3 秒
2021-07-25 00:05:13 查询号码 【1588635】，返回信息 {"status":"bad","msg":""}
2021-07-25 00:05:13 查询号码 【1588635】，GSD为【""】
2021-07-25 00:05:13 bad
2021-07-25 00:05:15 CHB 1588635?1627142713 第 1 次 等待 3 秒
2021-07-25 00:05:18 CHB 1588635?1627142713 第 1 次 获取到号码【1588635】GSD
2021-07-25 00:05:19 获取到号码【1588635】的GSD为【湖南-株洲】
2021-07-25 00:05:21 GSD insert 第 1 次 等待 3 秒
2021-07-25 00:05:24 {"status":"ok","gid":383022,"msg":"添加成功！"}
2021-07-25 00:05:24 下次操作: 2021-07-25 00:05:39

2021-07-25 00:05:39 开始第 32 次操作

2021-07-25 00:05:39 开始操作号码 【1588634】
2021-07-25 00:05:44 GSD getOne 第 1 次 等待 3 秒
2021-07-25 00:05:47 查询号码 【1588634】，返回信息 {"status":"bad","msg":""}
2021-07-25 00:05:47 查询号码 【1588634】，GSD为【""】
2021-07-25 00:05:47 bad
2021-07-25 00:05:49 CHB 1588634?1627142747 第 1 次 等待 3 秒
2021-07-25 00:05:52 CHB 1588634?1627142747 第 1 次 获取到号码【1588634】GSD
2021-07-25 00:05:52 获取到号码【1588634】的GSD为【湖南-株洲】
2021-07-25 00:05:58 GSD insert 第 1 次 等待 3 秒
2021-07-25 00:06:01 {"status":"ok","gid":383034,"msg":"添加成功！"}
2021-07-25 00:06:01 下次操作: 2021-07-25 00:06:15

2021-07-25 00:06:15 开始第 33 次操作

2021-07-25 00:06:15 开始操作号码 【1588633】
2021-07-25 00:06:18 GSD getOne 第 1 次 等待 3 秒
2021-07-25 00:06:21 查询号码 【1588633】，返回信息 {"status":"bad","msg":""}
2021-07-25 00:06:21 查询号码 【1588633】，GSD为【""】
2021-07-25 00:06:21 bad
2021-07-25 00:06:22 CHB 1588633?1627142781 第 1 次 等待 3 秒
2021-07-25 00:06:25 CHB 1588633?1627142781 第 1 次 获取到号码【1588633】GSD
2021-07-25 00:06:25 获取到号码【1588633】的GSD为【湖南-株洲】
2021-07-25 00:06:28 GSD insert 第 1 次 等待 3 秒
2021-07-25 00:06:31 {"status":"ok","gid":383042,"msg":"添加成功！"}
2021-07-25 00:06:31 下次操作: 2021-07-25 00:06:49

2021-07-25 00:06:49 开始第 34 次操作

2021-07-25 00:06:49 开始操作号码 【1588632】
2021-07-25 00:06:54 GSD getOne 第 1 次 等待 3 秒
2021-07-25 00:06:57 查询号码 【1588632】，返回信息 {"status":"bad","msg":""}
2021-07-25 00:06:57 查询号码 【1588632】，GSD为【""】
2021-07-25 00:06:57 bad
2021-07-25 00:06:58 CHB 1588632?1627142817 第 1 次 等待 3 秒
2021-07-25 00:07:01 CHB 1588632?1627142817 第 1 次 获取到号码【1588632】GSD
2021-07-25 00:07:01 获取到号码【1588632】的GSD为【湖南-株洲】
2021-07-25 00:07:05 GSD insert 第 1 次 等待 3 秒
2021-07-25 00:07:08 {"status":"ok","gid":383051,"msg":"添加成功！"}
2021-07-25 00:07:08 下次操作: 2021-07-25 00:07:31

2021-07-25 00:07:31 开始第 35 次操作

2021-07-25 00:07:31 开始操作号码 【1588631】
2021-07-25 00:07:37 GSD getOne 第 1 次 等待 3 秒
2021-07-25 00:07:40 查询号码 【1588631】，返回信息 {"status":"bad","msg":""}
2021-07-25 00:07:40 查询号码 【1588631】，GSD为【""】
2021-07-25 00:07:40 bad
2021-07-25 00:07:42 CHB 1588631?1627142860 第 1 次 等待 3 秒
2021-07-25 00:07:45 CHB 1588631?1627142860 第 1 次 获取到号码【1588631】GSD
2021-07-25 00:07:45 获取到号码【1588631】的GSD为【湖南-株洲】
2021-07-25 00:07:48 GSD insert 第 1 次 等待 3 秒
2021-07-25 00:07:51 {"status":"ok","gid":383065,"msg":"添加成功！"}
2021-07-25 00:07:51 下次操作: 2021-07-25 00:08:07

2021-07-25 00:08:07 开始第 36 次操作

2021-07-25 00:08:07 开始操作号码 【1588630】
2021-07-25 00:08:14 GSD getOne 第 1 次 等待 3 秒
2021-07-25 00:08:17 查询号码 【1588630】，返回信息 {"status":"bad","msg":""}
2021-07-25 00:08:17 查询号码 【1588630】，GSD为【""】
2021-07-25 00:08:17 bad
2021-07-25 00:08:18 CHB 1588630?1627142897 第 1 次 等待 3 秒
2021-07-25 00:08:21 CHB 1588630?1627142897 第 1 次 获取到号码【1588630】GSD
2021-07-25 00:08:21 获取到号码【1588630】的GSD为【湖南-株洲】
2021-07-25 00:08:24 GSD insert 第 1 次 等待 3 秒
2021-07-25 00:08:27 {"status":"ok","gid":383074,"msg":"添加成功！"}
2021-07-25 00:08:27 下次操作: 2021-07-25 00:08:46

2021-07-25 00:08:46 开始第 37 次操作

2021-07-25 00:08:46 开始操作号码 【1588629】
2021-07-25 00:08:50 GSD getOne 第 1 次 等待 3 秒
2021-07-25 00:08:53 查询号码 【1588629】，返回信息 {"status":"bad","msg":""}
2021-07-25 00:08:53 查询号码 【1588629】，GSD为【""】
2021-07-25 00:08:53 bad
2021-07-25 00:08:56 CHB 1588629?1627142933 第 1 次 等待 3 秒
2021-07-25 00:08:59 CHB 1588629?1627142933 第 1 次 获取到号码【1588629】GSD
2021-07-25 00:08:59 获取到号码【1588629】的GSD为【吉林-吉林】
2021-07-25 00:09:03 GSD insert 第 1 次 等待 3 秒
2021-07-25 00:09:06 {"status":"ok","gid":383082,"msg":"添加成功！"}
2021-07-25 00:09:06 下次操作: 2021-07-25 00:09:23

2021-07-25 00:09:23 开始第 38 次操作

2021-07-25 00:09:23 开始操作号码 【1588628】
2021-07-25 00:09:26 GSD getOne 第 1 次 等待 3 秒
2021-07-25 00:09:29 查询号码 【1588628】，返回信息 {"status":"bad","msg":""}
2021-07-25 00:09:29 查询号码 【1588628】，GSD为【""】
2021-07-25 00:09:29 bad
2021-07-25 00:09:30 CHB 1588628?1627142969 第 1 次 等待 3 秒
2021-07-25 00:09:33 CHB 1588628?1627142969 第 1 次 获取到号码【1588628】GSD
2021-07-25 00:09:33 获取到号码【1588628】的GSD为【吉林-吉林】
2021-07-25 00:09:39 GSD insert 第 1 次 等待 3 秒
2021-07-25 00:09:42 {"status":"ok","gid":383089,"msg":"添加成功！"}
2021-07-25 00:09:42 下次操作: 2021-07-25 00:09:55

2021-07-25 00:09:55 开始第 39 次操作

2021-07-25 00:09:55 开始操作号码 【1588627】
2021-07-25 00:09:57 GSD getOne 第 1 次 等待 3 秒
2021-07-25 00:10:00 查询号码 【1588627】，返回信息 {"status":"bad","msg":""}
2021-07-25 00:10:00 查询号码 【1588627】，GSD为【""】
2021-07-25 00:10:00 bad
2021-07-25 00:10:03 CHB 1588627?1627143000 第 1 次 等待 3 秒
2021-07-25 00:10:06 CHB 1588627?1627143000 第 1 次 获取到号码【1588627】GSD
2021-07-25 00:10:06 获取到号码【1588627】的GSD为【吉林-吉林】
2021-07-25 00:10:12 GSD insert 第 1 次 等待 3 秒
2021-07-25 00:10:15 {"status":"ok","gid":383095,"msg":"添加成功！"}
2021-07-25 00:10:15 下次操作: 2021-07-25 00:10:27

2021-07-25 00:10:27 开始第 40 次操作

2021-07-25 00:10:27 开始操作号码 【1588626】
2021-07-25 00:10:30 GSD getOne 第 1 次 等待 3 秒
2021-07-25 00:10:33 查询号码 【1588626】，返回信息 {"status":"bad","msg":""}
2021-07-25 00:10:33 查询号码 【1588626】，GSD为【""】
2021-07-25 00:10:33 bad
2021-07-25 00:10:35 CHB 1588626?1627143033 第 1 次 等待 3 秒
2021-07-25 00:10:38 CHB 1588626?1627143033 第 1 次 获取到号码【1588626】GSD
2021-07-25 00:10:38 获取到号码【1588626】的GSD为【吉林-吉林】
2021-07-25 00:10:41 GSD insert 第 1 次 等待 3 秒
2021-07-25 00:10:44 {"status":"ok","gid":383101,"msg":"添加成功！"}

