2023-10-01 00:18:32 开始第 821 次操作

2023-10-01 00:18:32 开始操作号码 【1920820】
2023-10-01 00:18:33 GSD getOne 第 1 次 等待 3 秒
2023-10-01 00:18:36 查询号码 【1920820】，返回信息 {"status":"ok","msg":"四川-达州","gid":"551142","time_insert":"2023-02-24 06:21"}
2023-10-01 00:18:36 查询号码 【1920820】，GSD为【"四川-达州"】

2023-10-01 00:18:37 开始第 822 次操作

2023-10-01 00:18:37 开始操作号码 【1920821】
2023-10-01 00:18:39 GSD getOne 第 1 次 等待 3 秒
2023-10-01 00:18:42 查询号码 【1920821】，返回信息 {"status":"ok","msg":"四川-绵阳","gid":"551172","time_insert":"2023-02-24 06:40"}
2023-10-01 00:18:42 查询号码 【1920821】，GSD为【"四川-绵阳"】

2023-10-01 00:18:43 开始第 823 次操作

2023-10-01 00:18:43 开始操作号码 【1920822】
2023-10-01 00:18:51 GSD getOne 第 1 次 等待 3 秒
2023-10-01 00:18:54 查询号码 【1920822】，返回信息 {"status":"ok","msg":"四川-乐山","gid":"551196","time_insert":"2023-02-24 06:56"}
2023-10-01 00:18:54 查询号码 【1920822】，GSD为【"四川-乐山"】

2023-10-01 00:18:55 开始第 824 次操作

2023-10-01 00:18:55 开始操作号码 【1920823】
2023-10-01 00:18:57 GSD getOne 第 1 次 等待 3 秒
2023-10-01 00:19:00 查询号码 【1920823】，返回信息 {"status":"ok","msg":"四川-泸州","gid":"551223","time_insert":"2023-02-24 07:13"}
2023-10-01 00:19:00 查询号码 【1920823】，GSD为【"四川-泸州"】

