2024-05-18 00:20:43 开始第 9377 次操作

2024-05-18 00:20:43 开始操作号码 【1609270】
2024-05-18 00:20:51 GSD getOne 第 1 次 等待 3 秒
2024-05-18 00:20:54 查询号码 【1609270】，返回信息 {"status":"ok","msg":"-","gid":"689084","time_insert":"2023-05-02 05:18"}
2024-05-18 00:20:54 查询号码 【1609270】，GSD为【"-"】
2024-05-18 00:20:54 ok && -
2024-05-18 00:20:57 CHB 1609270?1715962854 第 1 次 等待 3 秒
2024-05-18 00:21:00 CHB 1609270?1715962854 第 1 次 获取到号码【1609270】GSD
2024-05-18 00:21:00 未获取到号码【1609270】GSD，可能号码格式错误
2024-05-18 00:21:00 获取到号码【1609270】的GSD为【-】
2024-05-18 00:21:05 GSD insert 第 1 次 等待 3 秒
2024-05-18 00:21:08 {"status":"bad","gid":"689084","msg":"添加失败！号码【1609270(-|-)】已存在！"}
2024-05-18 00:21:08 随机等待 190 秒，约 3 分钟
2024-05-18 00:21:08 下次操作: 2024-05-18 00:24:18

2024-05-18 00:24:18 开始第 9378 次操作

2024-05-18 00:24:18 开始操作号码 【1609271】
2024-05-18 00:24:22 GSD getOne 第 1 次 等待 3 秒
2024-05-18 00:24:25 查询号码 【1609271】，返回信息 {"status":"ok","msg":"-","gid":"689095","time_insert":"2023-05-02 05:34"}
2024-05-18 00:24:25 查询号码 【1609271】，GSD为【"-"】
2024-05-18 00:24:25 ok && -
2024-05-18 00:24:28 CHB 1609271?1715963065 第 1 次 等待 3 秒
2024-05-18 00:24:31 CHB 1609271?1715963065 第 1 次 获取到号码【1609271】GSD
2024-05-18 00:24:31 未获取到号码【1609271】GSD，可能号码格式错误
2024-05-18 00:24:31 获取到号码【1609271】的GSD为【-】
2024-05-18 00:24:39 GSD insert 第 1 次 等待 3 秒
2024-05-18 00:24:42 {"status":"bad","gid":"689095","msg":"添加失败！号码【1609271(-|-)】已存在！"}
2024-05-18 00:24:42 随机等待 73 秒，约 1 分钟
2024-05-18 00:24:42 下次操作: 2024-05-18 00:25:55

2024-05-18 00:25:55 开始第 9379 次操作

2024-05-18 00:25:55 开始操作号码 【1609272】
2024-05-18 00:26:00 GSD getOne 第 1 次 等待 3 秒
2024-05-18 00:26:03 查询号码 【1609272】，返回信息 {"status":"ok","msg":"-","gid":"689106","time_insert":"2023-05-02 05:52"}
2024-05-18 00:26:03 查询号码 【1609272】，GSD为【"-"】
2024-05-18 00:26:03 ok && -
2024-05-18 00:26:06 CHB 1609272?1715963163 第 1 次 等待 3 秒
2024-05-18 00:26:09 CHB 1609272?1715963163 第 1 次 获取到号码【1609272】GSD
2024-05-18 00:26:10 未获取到号码【1609272】GSD，可能号码格式错误
2024-05-18 00:26:10 获取到号码【1609272】的GSD为【-】
2024-05-18 00:26:14 GSD insert 第 1 次 等待 3 秒
2024-05-18 00:26:17 {"status":"bad","gid":"689106","msg":"添加失败！号码【1609272(-|-)】已存在！"}
2024-05-18 00:26:17 随机等待 158 秒，约 2 分钟
2024-05-18 00:26:17 下次操作: 2024-05-18 00:28:55

2024-05-18 00:28:55 开始第 9380 次操作

2024-05-18 00:28:55 开始操作号码 【1609273】
2024-05-18 00:29:00 GSD getOne 第 1 次 等待 3 秒
2024-05-18 00:29:03 查询号码 【1609273】，返回信息 {"status":"ok","msg":"-","gid":"689118","time_insert":"2023-05-02 06:12"}
2024-05-18 00:29:03 查询号码 【1609273】，GSD为【"-"】
2024-05-18 00:29:03 ok && -
2024-05-18 00:29:06 CHB 1609273?1715963343 第 1 次 等待 3 秒
2024-05-18 00:29:09 CHB 1609273?1715963343 第 1 次 获取到号码【1609273】GSD
2024-05-18 00:29:09 未获取到号码【1609273】GSD，可能号码格式错误
2024-05-18 00:29:09 获取到号码【1609273】的GSD为【-】
2024-05-18 00:29:14 GSD insert 第 1 次 等待 3 秒
2024-05-18 00:29:17 {"status":"bad","gid":"689118","msg":"添加失败！号码【1609273(-|-)】已存在！"}

