2024-08-29 00:17:26 开始第 1729 次操作

2024-08-29 00:17:26 开始操作号码 【1381728】
2024-08-29 00:17:34 GSD getOne 第 1 次 等待 3 秒
2024-08-29 00:17:37 查询号码 【1381728】，返回信息 {"status":"ok","msg":"上海-上海","gid":"73917","time_insert":"2021-05-30 23:46"}
2024-08-29 00:17:37 查询号码 【1381728】，GSD为【"上海-上海"】

2024-08-29 00:17:38 开始第 1730 次操作

2024-08-29 00:17:38 开始操作号码 【1381729】
2024-08-29 00:17:46 GSD getOne 第 1 次 等待 3 秒
2024-08-29 00:17:49 查询号码 【1381729】，返回信息 {"status":"ok","msg":"上海-上海","gid":"73930","time_insert":"2021-05-31 00:02"}
2024-08-29 00:17:49 查询号码 【1381729】，GSD为【"上海-上海"】

2024-08-29 00:17:50 开始第 1731 次操作

2024-08-29 00:17:50 开始操作号码 【1381730】
2024-08-29 00:17:58 GSD getOne 第 1 次 等待 3 秒
2024-08-29 00:18:01 查询号码 【1381730】，返回信息 {"status":"ok","msg":"上海-上海","gid":"73955","time_insert":"2021-05-31 00:31"}
2024-08-29 00:18:01 查询号码 【1381730】，GSD为【"上海-上海"】

2024-08-29 00:18:02 开始第 1732 次操作

2024-08-29 00:18:02 开始操作号码 【1381731】
2024-08-29 00:18:09 GSD getOne 第 1 次 等待 3 秒
2024-08-29 00:18:12 查询号码 【1381731】，返回信息 {"status":"ok","msg":"上海-上海","gid":"73978","time_insert":"2021-05-31 01:00"}
2024-08-29 00:18:12 查询号码 【1381731】，GSD为【"上海-上海"】

2024-08-29 00:43:26 开始第 1733 次操作

2024-08-29 00:43:26 开始操作号码 【1381732】
2024-08-29 00:43:35 GSD getOne 第 1 次 等待 3 秒
2024-08-29 00:43:38 查询号码 【1381732】，返回信息 {"status":"ok","msg":"上海-上海","gid":"74002","time_insert":"2021-05-31 01:28"}
2024-08-29 00:43:38 查询号码 【1381732】，GSD为【"上海-上海"】

2024-08-29 00:43:39 开始第 1734 次操作

2024-08-29 00:43:39 开始操作号码 【1381733】
2024-08-29 00:43:48 GSD getOne 第 1 次 等待 3 秒
2024-08-29 00:43:51 查询号码 【1381733】，返回信息 {"status":"ok","msg":"上海-上海","gid":"11058","time_insert":"2019-11-15 11:24","time_update":"2020-12-30 12:09"}
2024-08-29 00:43:51 查询号码 【1381733】，GSD为【"上海-上海"】

2024-08-29 00:43:52 开始第 1735 次操作

2024-08-29 00:43:52 开始操作号码 【1381734】
2024-08-29 00:44:10 GSD getOne 第 1 次 等待 3 秒
2024-08-29 00:44:13 查询号码 【1381734】，返回信息 {"status":"ok","msg":"上海-上海","gid":"74028","time_insert":"2021-05-31 02:01"}
2024-08-29 00:44:13 查询号码 【1381734】，GSD为【"上海-上海"】

2024-08-29 00:44:14 开始第 1736 次操作

2024-08-29 00:44:14 开始操作号码 【1381735】
2024-08-29 00:44:26 GSD getOne 第 1 次 等待 3 秒
2024-08-29 00:44:29 查询号码 【1381735】，返回信息 {"status":"ok","msg":"上海-上海","gid":"74048","time_insert":"2021-05-31 02:27"}
2024-08-29 00:44:29 查询号码 【1381735】，GSD为【"上海-上海"】

