2024-08-26 00:15:31 开始第 1189 次操作

2024-08-26 00:15:31 开始操作号码 【1381188】
2024-08-26 00:15:40 GSD getOne 第 1 次 等待 3 秒
2024-08-26 00:15:43 查询号码 【1381188】，返回信息 {"status":"ok","msg":"北京-北京","gid":"64074","time_insert":"2021-05-21 16:23"}
2024-08-26 00:15:43 查询号码 【1381188】，GSD为【"北京-北京"】

2024-08-26 00:15:44 开始第 1190 次操作

2024-08-26 00:15:44 开始操作号码 【1381189】
2024-08-26 00:15:51 GSD getOne 第 1 次 等待 3 秒
2024-08-26 00:15:54 查询号码 【1381189】，返回信息 {"status":"ok","msg":"北京-北京","gid":"64077","time_insert":"2021-05-21 16:24"}
2024-08-26 00:15:54 查询号码 【1381189】，GSD为【"北京-北京"】

2024-08-26 00:15:55 开始第 1191 次操作

2024-08-26 00:15:55 开始操作号码 【1381190】
2024-08-26 00:16:03 GSD getOne 第 1 次 等待 3 秒
2024-08-26 00:16:06 查询号码 【1381190】，返回信息 {"status":"ok","msg":"北京-北京","gid":"64078","time_insert":"2021-05-21 16:25"}
2024-08-26 00:16:06 查询号码 【1381190】，GSD为【"北京-北京"】

2024-08-26 00:16:07 开始第 1192 次操作

2024-08-26 00:16:07 开始操作号码 【1381191】
2024-08-26 00:16:15 GSD getOne 第 1 次 等待 3 秒
2024-08-26 00:16:18 查询号码 【1381191】，返回信息 {"status":"ok","msg":"北京-北京","gid":"64079","time_insert":"2021-05-21 16:26"}
2024-08-26 00:16:18 查询号码 【1381191】，GSD为【"北京-北京"】

2024-08-26 00:38:40 开始第 1193 次操作

2024-08-26 00:38:40 开始操作号码 【1381192】
2024-08-26 00:38:49 GSD getOne 第 1 次 等待 3 秒
2024-08-26 00:38:52 查询号码 【1381192】，返回信息 {"status":"ok","msg":"北京-北京","gid":"64080","time_insert":"2021-05-21 16:27"}
2024-08-26 00:38:52 查询号码 【1381192】，GSD为【"北京-北京"】

2024-08-26 00:38:53 开始第 1194 次操作

2024-08-26 00:38:53 开始操作号码 【1381193】
2024-08-26 00:39:00 GSD getOne 第 1 次 等待 3 秒
2024-08-26 00:39:03 查询号码 【1381193】，返回信息 {"status":"ok","msg":"北京-北京","gid":"64081","time_insert":"2021-05-21 16:28"}
2024-08-26 00:39:03 查询号码 【1381193】，GSD为【"北京-北京"】

2024-08-26 00:39:05 开始第 1195 次操作

2024-08-26 00:39:05 开始操作号码 【1381194】
2024-08-26 00:39:12 GSD getOne 第 1 次 等待 3 秒
2024-08-26 00:39:15 查询号码 【1381194】，返回信息 {"status":"ok","msg":"北京-北京","gid":"64083","time_insert":"2021-05-21 16:30"}
2024-08-26 00:39:15 查询号码 【1381194】，GSD为【"北京-北京"】

2024-08-26 00:39:16 开始第 1196 次操作

2024-08-26 00:39:16 开始操作号码 【1381195】
2024-08-26 00:39:24 GSD getOne 第 1 次 等待 3 秒
2024-08-26 00:39:27 查询号码 【1381195】，返回信息 {"status":"ok","msg":"北京-北京","gid":"64084","time_insert":"2021-05-21 16:31"}
2024-08-26 00:39:27 查询号码 【1381195】，GSD为【"北京-北京"】

2024-08-26 01:13:39 开始第 1197 次操作

2024-08-26 01:13:39 开始操作号码 【1381196】
2024-08-26 01:13:47 GSD getOne 第 1 次 等待 3 秒
2024-08-26 01:13:50 查询号码 【1381196】，返回信息 {"status":"ok","msg":"北京-北京","gid":"64085","time_insert":"2021-05-21 16:32"}
2024-08-26 01:13:50 查询号码 【1381196】，GSD为【"北京-北京"】

2024-08-26 01:13:51 开始第 1198 次操作

2024-08-26 01:13:51 开始操作号码 【1381197】
2024-08-26 01:13:59 GSD getOne 第 1 次 等待 3 秒
2024-08-26 01:14:02 查询号码 【1381197】，返回信息 {"status":"ok","msg":"北京-北京","gid":"64086","time_insert":"2021-05-21 16:33"}
2024-08-26 01:14:03 查询号码 【1381197】，GSD为【"北京-北京"】

2024-08-26 01:14:04 开始第 1199 次操作

2024-08-26 01:14:04 开始操作号码 【1381198】
2024-08-26 01:14:12 GSD getOne 第 1 次 等待 3 秒
2024-08-26 01:14:15 查询号码 【1381198】，返回信息 {"status":"ok","msg":"北京-北京","gid":"64088","time_insert":"2021-05-21 16:34"}
2024-08-26 01:14:15 查询号码 【1381198】，GSD为【"北京-北京"】

2024-08-26 01:14:16 开始第 1200 次操作

2024-08-26 01:14:16 开始操作号码 【1381199】
2024-08-26 01:14:24 GSD getOne 第 1 次 等待 3 秒
2024-08-26 01:14:27 查询号码 【1381199】，返回信息 {"status":"ok","msg":"北京-北京","gid":"64090","time_insert":"2021-05-21 16:35"}
2024-08-26 01:14:27 查询号码 【1381199】，GSD为【"北京-北京"】

