2024-09-04 00:18:27 开始第 2801 次操作

2024-09-04 00:18:27 开始操作号码 【1382800】
2024-09-04 00:18:35 GSD getOne 第 1 次 等待 3 秒
2024-09-04 00:18:38 查询号码 【1382800】，返回信息 {"status":"ok","msg":"广东-江门","gid":"84836","time_insert":"2021-06-07 18:02"}
2024-09-04 00:18:38 查询号码 【1382800】，GSD为【"广东-江门"】

2024-09-04 00:18:39 开始第 2802 次操作

2024-09-04 00:18:39 开始操作号码 【1382801】
2024-09-04 00:18:47 GSD getOne 第 1 次 等待 3 秒
2024-09-04 00:18:50 查询号码 【1382801】，返回信息 {"status":"ok","msg":"广东-江门","gid":"11183","time_insert":"2017-06-21 13:38","time_update":"2020-09-28 16:55"}
2024-09-04 00:18:50 查询号码 【1382801】，GSD为【"广东-江门"】

2024-09-04 00:18:51 开始第 2803 次操作

2024-09-04 00:18:51 开始操作号码 【1382802】
2024-09-04 00:18:58 GSD getOne 第 1 次 等待 3 秒
2024-09-04 00:19:01 查询号码 【1382802】，返回信息 {"status":"ok","msg":"广东-江门","gid":"84863","time_insert":"2021-06-07 18:25"}
2024-09-04 00:19:01 查询号码 【1382802】，GSD为【"广东-江门"】

2024-09-04 00:19:02 开始第 2804 次操作

2024-09-04 00:19:02 开始操作号码 【1382803】
2024-09-04 00:19:10 GSD getOne 第 1 次 等待 3 秒
2024-09-04 00:19:13 查询号码 【1382803】，返回信息 {"status":"ok","msg":"广东-江门","gid":"84885","time_insert":"2021-06-07 18:45"}
2024-09-04 00:19:13 查询号码 【1382803】，GSD为【"广东-江门"】

