2024-12-08 00:11:53 开始第 9029 次操作

2024-12-08 00:11:53 开始操作号码 【1309028】
2024-12-08 00:11:57 GSD getOne 第 1 次 等待 3 秒
2024-12-08 00:12:00 查询号码 【1309028】，返回信息 {"status":"ok","msg":"江苏-无锡","gid":"174456","time_insert":"2021-07-02 14:54"}
2024-12-08 00:12:00 查询号码 【1309028】，GSD为【"江苏-无锡"】

2024-12-08 00:12:01 开始第 9030 次操作

2024-12-08 00:12:01 开始操作号码 【1309029】
2024-12-08 00:12:02 GSD getOne 第 1 次 等待 3 秒
2024-12-08 00:12:05 查询号码 【1309029】，返回信息 {"status":"ok","msg":"陕西-西安","gid":"174455","time_insert":"2021-07-02 14:53"}
2024-12-08 00:12:05 查询号码 【1309029】，GSD为【"陕西-西安"】

2024-12-08 00:12:06 开始第 9031 次操作

2024-12-08 00:12:06 开始操作号码 【1309030】
2024-12-08 00:12:08 GSD getOne 第 1 次 等待 3 秒
2024-12-08 00:12:11 查询号码 【1309030】，返回信息 {"status":"ok","msg":"江苏-常州","gid":"174452","time_insert":"2021-07-02 14:53"}
2024-12-08 00:12:11 查询号码 【1309030】，GSD为【"江苏-常州"】

2024-12-08 00:12:12 开始第 9032 次操作

2024-12-08 00:12:12 开始操作号码 【1309031】
2024-12-08 00:12:13 GSD getOne 第 1 次 等待 3 秒
2024-12-08 00:12:16 查询号码 【1309031】，返回信息 {"status":"ok","msg":"江苏-常州","gid":"174450","time_insert":"2021-07-02 14:52"}
2024-12-08 00:12:16 查询号码 【1309031】，GSD为【"江苏-常州"】

2024-12-08 00:41:45 开始第 9033 次操作

2024-12-08 00:41:45 开始操作号码 【1309032】
2024-12-08 00:41:46 GSD getOne 第 1 次 等待 3 秒
2024-12-08 00:41:49 查询号码 【1309032】，返回信息 {"status":"ok","msg":"江苏-常州","gid":"174449","time_insert":"2021-07-02 14:52"}
2024-12-08 00:41:50 查询号码 【1309032】，GSD为【"江苏-常州"】

2024-12-08 00:41:51 开始第 9034 次操作

2024-12-08 00:41:51 开始操作号码 【1309033】
2024-12-08 00:41:52 GSD getOne 第 1 次 等待 3 秒
2024-12-08 00:41:55 查询号码 【1309033】，返回信息 {"status":"ok","msg":"江苏-常州","gid":"174447","time_insert":"2021-07-02 14:51"}
2024-12-08 00:41:55 查询号码 【1309033】，GSD为【"江苏-常州"】

2024-12-08 00:41:56 开始第 9035 次操作

2024-12-08 00:41:56 开始操作号码 【1309034】
2024-12-08 00:41:57 GSD getOne 第 1 次 等待 3 秒
2024-12-08 00:42:00 查询号码 【1309034】，返回信息 {"status":"ok","msg":"江苏-常州","gid":"174443","time_insert":"2021-07-02 14:51"}
2024-12-08 00:42:00 查询号码 【1309034】，GSD为【"江苏-常州"】

2024-12-08 00:42:01 开始第 9036 次操作

2024-12-08 00:42:01 开始操作号码 【1309035】
2024-12-08 00:42:02 GSD getOne 第 1 次 等待 3 秒
2024-12-08 00:42:05 查询号码 【1309035】，返回信息 {"status":"ok","msg":"湖北-荆门","gid":"174442","time_insert":"2021-07-02 14:50"}
2024-12-08 00:42:05 查询号码 【1309035】，GSD为【"湖北-荆门"】

