2023-09-26 09:25:18 开始第 1 次操作

2023-09-26 09:25:18 开始操作号码 【1920000】
2023-09-26 09:25:20 GSD getOne 第 1 次 等待 3 秒
2023-09-26 09:25:23 查询号码 【1920000】，返回信息 {"status":"ok","msg":"广东-佛山","gid":"528735","time_insert":"2023-02-13 10:00"}
2023-09-26 09:25:23 查询号码 【1920000】，GSD为【"广东-佛山"】

2023-09-26 09:25:24 开始第 2 次操作

2023-09-26 09:25:24 开始操作号码 【1920001】
2023-09-26 09:25:29 GSD getOne 第 1 次 等待 3 秒
2023-09-26 09:25:32 查询号码 【1920001】，返回信息 {"status":"ok","msg":"广东-佛山","gid":"528744","time_insert":"2023-02-13 10:05"}
2023-09-26 09:25:32 查询号码 【1920001】，GSD为【"广东-佛山"】

2023-09-26 09:25:33 开始第 3 次操作

2023-09-26 09:25:33 开始操作号码 【1920002】
2023-09-26 09:25:35 GSD getOne 第 1 次 等待 3 秒
2023-09-26 09:25:38 查询号码 【1920002】，返回信息 {"status":"ok","msg":"广东-佛山","gid":"528766","time_insert":"2023-02-13 10:25"}
2023-09-26 09:25:38 查询号码 【1920002】，GSD为【"广东-佛山"】

2023-09-26 09:25:39 开始第 4 次操作

2023-09-26 09:25:39 开始操作号码 【1920003】
2023-09-26 09:25:41 GSD getOne 第 1 次 等待 3 秒
2023-09-26 09:25:44 查询号码 【1920003】，返回信息 {"status":"ok","msg":"广东-佛山","gid":"528787","time_insert":"2023-02-13 10:41"}
2023-09-26 09:25:44 查询号码 【1920003】，GSD为【"广东-佛山"】

2023-09-26 10:04:44 开始第 5 次操作

2023-09-26 10:04:44 开始操作号码 【1920004】
2023-09-26 10:04:46 GSD getOne 第 1 次 等待 3 秒
2023-09-26 10:04:49 查询号码 【1920004】，返回信息 {"status":"ok","msg":"广东-佛山","gid":"528802","time_insert":"2023-02-13 10:57"}
2023-09-26 10:04:49 查询号码 【1920004】，GSD为【"广东-佛山"】

2023-09-26 10:04:50 开始第 6 次操作

2023-09-26 10:04:50 开始操作号码 【1920005】
2023-09-26 10:04:52 GSD getOne 第 1 次 等待 3 秒
2023-09-26 10:04:55 查询号码 【1920005】，返回信息 {"status":"ok","msg":"广东-佛山","gid":"528821","time_insert":"2023-02-13 11:14"}
2023-09-26 10:04:55 查询号码 【1920005】，GSD为【"广东-佛山"】

2023-09-26 10:04:56 开始第 7 次操作

2023-09-26 10:04:56 开始操作号码 【1920006】
2023-09-26 10:04:58 GSD getOne 第 1 次 等待 3 秒
2023-09-26 10:05:01 查询号码 【1920006】，返回信息 {"status":"ok","msg":"广东-佛山","gid":"528843","time_insert":"2023-02-13 11:31"}
2023-09-26 10:05:01 查询号码 【1920006】，GSD为【"广东-佛山"】

2023-09-26 10:05:02 开始第 8 次操作

2023-09-26 10:05:02 开始操作号码 【1920007】
2023-09-26 10:05:08 GSD getOne 第 1 次 等待 3 秒
2023-09-26 10:05:11 查询号码 【1920007】，返回信息 {"status":"ok","msg":"广东-佛山","gid":"528861","time_insert":"2023-02-13 11:50"}
2023-09-26 10:05:11 查询号码 【1920007】，GSD为【"广东-佛山"】

