2024-02-07 00:19:58 开始第 2313 次操作

2024-02-07 00:19:58 开始操作号码 【1712215】
2024-02-07 00:20:03 GSD getOne 第 1 次 等待 3 秒
2024-02-07 00:20:06 查询号码 【1712215】，返回信息 {"status":"ok","msg":"河南-开封","gid":"156388","time_insert":"2021-06-29 21:54"}
2024-02-07 00:20:06 查询号码 【1712215】，GSD为【"河南-开封"】

2024-02-07 00:20:07 开始第 2314 次操作

2024-02-07 00:20:07 开始操作号码 【1712216】
2024-02-07 00:20:13 GSD getOne 第 1 次 等待 3 秒
2024-02-07 00:20:16 查询号码 【1712216】，返回信息 {"status":"ok","msg":"河南-开封","gid":"156395","time_insert":"2021-06-29 21:54"}
2024-02-07 00:20:16 查询号码 【1712216】，GSD为【"河南-开封"】

2024-02-07 00:20:17 开始第 2315 次操作

2024-02-07 00:20:17 开始操作号码 【1712217】
2024-02-07 00:20:24 GSD getOne 第 1 次 等待 3 秒
2024-02-07 00:20:27 查询号码 【1712217】，返回信息 {"status":"ok","msg":"河南-开封","gid":"156405","time_insert":"2021-06-29 21:55"}
2024-02-07 00:20:27 查询号码 【1712217】，GSD为【"河南-开封"】

2024-02-07 00:20:28 开始第 2316 次操作

2024-02-07 00:20:28 开始操作号码 【1712218】
2024-02-07 00:20:32 GSD getOne 第 1 次 等待 3 秒
2024-02-07 00:20:35 查询号码 【1712218】，返回信息 {"status":"ok","msg":"河南-开封","gid":"156410","time_insert":"2021-06-29 21:56"}
2024-02-07 00:20:35 查询号码 【1712218】，GSD为【"河南-开封"】

2024-02-07 00:37:59 开始第 2317 次操作

2024-02-07 00:37:59 开始操作号码 【1712219】
2024-02-07 00:38:05 GSD getOne 第 1 次 等待 3 秒
2024-02-07 00:38:08 查询号码 【1712219】，返回信息 {"status":"ok","msg":"河南-开封","gid":"156417","time_insert":"2021-06-29 21:57"}
2024-02-07 00:38:08 查询号码 【1712219】，GSD为【"河南-开封"】

2024-02-07 00:38:09 开始第 2318 次操作

2024-02-07 00:38:09 开始操作号码 【1712220】
2024-02-07 00:38:14 GSD getOne 第 1 次 等待 3 秒
2024-02-07 00:38:17 查询号码 【1712220】，返回信息 {"status":"ok","msg":"浙江-杭州","gid":"156424","time_insert":"2021-06-29 21:58"}
2024-02-07 00:38:17 查询号码 【1712220】，GSD为【"浙江-杭州"】

2024-02-07 00:38:18 开始第 2319 次操作

2024-02-07 00:38:18 开始操作号码 【1712221】
2024-02-07 00:38:25 GSD getOne 第 1 次 等待 3 秒
2024-02-07 00:38:28 查询号码 【1712221】，返回信息 {"status":"ok","msg":"浙江-杭州","gid":"156429","time_insert":"2021-06-29 21:58"}
2024-02-07 00:38:28 查询号码 【1712221】，GSD为【"浙江-杭州"】

2024-02-07 00:38:29 开始第 2320 次操作

2024-02-07 00:38:29 开始操作号码 【1712222】
2024-02-07 00:38:34 GSD getOne 第 1 次 等待 3 秒
2024-02-07 00:38:37 查询号码 【1712222】，返回信息 {"status":"ok","msg":"浙江-杭州","gid":"156435","time_insert":"2021-06-29 21:59"}
2024-02-07 00:38:37 查询号码 【1712222】，GSD为【"浙江-杭州"】

