2024-03-29 00:19:29 开始第 701 次操作

2024-03-29 00:19:29 开始操作号码 【1600604】
2024-03-29 00:19:36 GSD getOne 第 1 次 等待 3 秒
2024-03-29 00:19:39 查询号码 【1600604】，返回信息 {"status":"ok","msg":"-","gid":"526726","time_insert":"2023-02-12 00:52"}
2024-03-29 00:19:39 查询号码 【1600604】，GSD为【"-"】
2024-03-29 00:19:39 ok && -
2024-03-29 00:19:41 CHB 1600604?1711642779 第 1 次 等待 3 秒
2024-03-29 00:19:44 CHB 1600604?1711642779 第 1 次 获取到号码【1600604】GSD
2024-03-29 00:19:44 未获取到号码【1600604】GSD，可能号码格式错误
2024-03-29 00:19:44 获取到号码【1600604】的GSD为【-】
2024-03-29 00:19:50 GSD insert 第 1 次 等待 3 秒
2024-03-29 00:19:53 {"status":"bad","gid":"526726","msg":"添加失败！号码【1600604(-|-)】已存在！"}
2024-03-29 00:19:53 随机等待 101 秒，约 1 分钟
2024-03-29 00:19:53 下次操作: 2024-03-29 00:21:34

2024-03-29 00:21:34 开始第 702 次操作

2024-03-29 00:21:34 开始操作号码 【1600605】
2024-03-29 00:21:39 GSD getOne 第 1 次 等待 3 秒
2024-03-29 00:21:42 查询号码 【1600605】，返回信息 {"status":"ok","msg":"-","gid":"526739","time_insert":"2023-02-12 01:04"}
2024-03-29 00:21:42 查询号码 【1600605】，GSD为【"-"】
2024-03-29 00:21:42 ok && -
2024-03-29 00:21:49 CHB 1600605?1711642902 第 1 次 等待 3 秒
2024-03-29 00:21:52 CHB 1600605?1711642902 第 1 次 获取到号码【1600605】GSD
2024-03-29 00:21:52 未获取到号码【1600605】GSD，可能号码格式错误
2024-03-29 00:21:52 获取到号码【1600605】的GSD为【-】
2024-03-29 00:21:57 GSD insert 第 1 次 等待 3 秒
2024-03-29 00:22:00 {"status":"bad","gid":"526739","msg":"添加失败！号码【1600605(-|-)】已存在！"}
2024-03-29 00:22:00 随机等待 202 秒，约 3 分钟
2024-03-29 00:22:00 下次操作: 2024-03-29 00:25:22

2024-03-29 00:25:22 开始第 703 次操作

2024-03-29 00:25:22 开始操作号码 【1600606】
2024-03-29 00:25:27 GSD getOne 第 1 次 等待 3 秒
2024-03-29 00:25:30 查询号码 【1600606】，返回信息 {"status":"ok","msg":"-","gid":"526749","time_insert":"2023-02-12 01:17"}
2024-03-29 00:25:30 查询号码 【1600606】，GSD为【"-"】
2024-03-29 00:25:30 ok && -
2024-03-29 00:25:33 CHB 1600606?1711643130 第 1 次 等待 3 秒
2024-03-29 00:25:36 CHB 1600606?1711643130 第 1 次 获取到号码【1600606】GSD
2024-03-29 00:25:36 未获取到号码【1600606】GSD，可能号码格式错误
2024-03-29 00:25:36 获取到号码【1600606】的GSD为【-】
2024-03-29 00:25:41 GSD insert 第 1 次 等待 3 秒
2024-03-29 00:25:44 {"status":"bad","gid":"526749","msg":"添加失败！号码【1600606(-|-)】已存在！"}
2024-03-29 00:25:44 随机等待 193 秒，约 3 分钟
2024-03-29 00:25:44 下次操作: 2024-03-29 00:28:57

2024-03-29 00:28:57 开始第 704 次操作

2024-03-29 00:28:57 开始操作号码 【1600607】
2024-03-29 00:29:02 GSD getOne 第 1 次 等待 3 秒
2024-03-29 00:29:05 查询号码 【1600607】，返回信息 {"status":"ok","msg":"-","gid":"526762","time_insert":"2023-02-12 01:29"}
2024-03-29 00:29:05 查询号码 【1600607】，GSD为【"-"】
2024-03-29 00:29:05 ok && -
2024-03-29 00:29:07 CHB 1600607?1711643345 第 1 次 等待 3 秒
2024-03-29 00:29:10 CHB 1600607?1711643345 第 1 次 获取到号码【1600607】GSD
2024-03-29 00:29:10 未获取到号码【1600607】GSD，可能号码格式错误
2024-03-29 00:29:10 获取到号码【1600607】的GSD为【-】
2024-03-29 00:29:15 GSD insert 第 1 次 等待 3 秒
2024-03-29 00:29:18 {"status":"bad","gid":"526762","msg":"添加失败！号码【1600607(-|-)】已存在！"}

2024-03-29 00:38:13 开始第 705 次操作

2024-03-29 00:38:13 开始操作号码 【1600608】
2024-03-29 00:38:21 GSD getOne 第 1 次 等待 3 秒
2024-03-29 00:38:24 查询号码 【1600608】，返回信息 {"status":"ok","msg":"-","gid":"526774","time_insert":"2023-02-12 01:41"}
2024-03-29 00:38:25 查询号码 【1600608】，GSD为【"-"】
2024-03-29 00:38:25 ok && -
2024-03-29 00:38:28 CHB 1600608?1711643905 第 1 次 等待 3 秒
2024-03-29 00:38:31 CHB 1600608?1711643905 第 1 次 获取到号码【1600608】GSD
2024-03-29 00:38:31 未获取到号码【1600608】GSD，可能号码格式错误
2024-03-29 00:38:31 获取到号码【1600608】的GSD为【-】
2024-03-29 00:38:38 GSD insert 第 1 次 等待 3 秒
2024-03-29 00:38:41 {"status":"bad","gid":"526774","msg":"添加失败！号码【1600608(-|-)】已存在！"}
2024-03-29 00:38:41 随机等待 75 秒，约 1 分钟
2024-03-29 00:38:41 下次操作: 2024-03-29 00:39:56

2024-03-29 00:39:57 开始第 706 次操作

2024-03-29 00:39:57 开始操作号码 【1600609】
2024-03-29 00:40:01 GSD getOne 第 1 次 等待 3 秒
2024-03-29 00:40:04 查询号码 【1600609】，返回信息 {"status":"ok","msg":"-","gid":"526782","time_insert":"2023-02-12 01:51"}
2024-03-29 00:40:04 查询号码 【1600609】，GSD为【"-"】
2024-03-29 00:40:04 ok && -
2024-03-29 00:40:07 CHB 1600609?1711644004 第 1 次 等待 3 秒
2024-03-29 00:40:10 CHB 1600609?1711644004 第 1 次 获取到号码【1600609】GSD
2024-03-29 00:40:10 未获取到号码【1600609】GSD，可能号码格式错误
2024-03-29 00:40:10 获取到号码【1600609】的GSD为【-】
2024-03-29 00:40:15 GSD insert 第 1 次 等待 3 秒
2024-03-29 00:40:18 {"status":"bad","gid":"526782","msg":"添加失败！号码【1600609(-|-)】已存在！"}
2024-03-29 00:40:18 随机等待 77 秒，约 1 分钟
2024-03-29 00:40:18 下次操作: 2024-03-29 00:41:35

2024-03-29 00:41:35 开始第 707 次操作

2024-03-29 00:41:35 开始操作号码 【1600610】
2024-03-29 00:41:42 GSD getOne 第 1 次 等待 3 秒
2024-03-29 00:41:45 查询号码 【1600610】，返回信息 {"status":"ok","msg":"-","gid":"526793","time_insert":"2023-02-12 02:03"}
2024-03-29 00:41:45 查询号码 【1600610】，GSD为【"-"】
2024-03-29 00:41:45 ok && -
2024-03-29 00:41:47 CHB 1600610?1711644105 第 1 次 等待 3 秒
2024-03-29 00:41:50 CHB 1600610?1711644105 第 1 次 获取到号码【1600610】GSD
2024-03-29 00:41:50 未获取到号码【1600610】GSD，可能号码格式错误
2024-03-29 00:41:50 获取到号码【1600610】的GSD为【-】
2024-03-29 00:41:54 GSD insert 第 1 次 等待 3 秒
2024-03-29 00:41:57 {"status":"bad","gid":"526793","msg":"添加失败！号码【1600610(-|-)】已存在！"}
2024-03-29 00:41:57 随机等待 216 秒，约 3 分钟
2024-03-29 00:41:57 下次操作: 2024-03-29 00:45:33

2024-03-29 00:45:33 开始第 708 次操作

2024-03-29 00:45:34 开始操作号码 【1600611】
2024-03-29 00:45:38 GSD getOne 第 1 次 等待 3 秒
2024-03-29 00:45:41 查询号码 【1600611】，返回信息 {"status":"ok","msg":"-","gid":"526804","time_insert":"2023-02-12 02:14"}
2024-03-29 00:45:41 查询号码 【1600611】，GSD为【"-"】
2024-03-29 00:45:41 ok && -
2024-03-29 00:45:44 CHB 1600611?1711644341 第 1 次 等待 3 秒
2024-03-29 00:45:47 CHB 1600611?1711644341 第 1 次 获取到号码【1600611】GSD
2024-03-29 00:45:47 未获取到号码【1600611】GSD，可能号码格式错误
2024-03-29 00:45:47 获取到号码【1600611】的GSD为【-】
2024-03-29 00:45:51 GSD insert 第 1 次 等待 3 秒
2024-03-29 00:45:54 {"status":"bad","gid":"526804","msg":"添加失败！号码【1600611(-|-)】已存在！"}

