2024-10-27 00:11:05 开始第 1661 次操作

2024-10-27 00:11:05 开始操作号码 【1301660】
2024-10-27 00:11:06 GSD getOne 第 1 次 等待 3 秒
2024-10-27 00:11:09 查询号码 【1301660】，返回信息 {"status":"ok","msg":"广东-佛山","gid":"48410","time_insert":"2021-03-28 19:49"}
2024-10-27 00:11:10 查询号码 【1301660】，GSD为【"广东-佛山"】

2024-10-27 00:11:11 开始第 1662 次操作

2024-10-27 00:11:11 开始操作号码 【1301661】
2024-10-27 00:11:12 GSD getOne 第 1 次 等待 3 秒
2024-10-27 00:11:15 查询号码 【1301661】，返回信息 {"status":"ok","msg":"广东-佛山","gid":"48411","time_insert":"2021-03-28 20:19"}
2024-10-27 00:11:15 查询号码 【1301661】，GSD为【"广东-佛山"】

2024-10-27 00:11:16 开始第 1663 次操作

2024-10-27 00:11:16 开始操作号码 【1301662】
2024-10-27 00:11:17 GSD getOne 第 1 次 等待 3 秒
2024-10-27 00:11:20 查询号码 【1301662】，返回信息 {"status":"ok","msg":"广东-佛山","gid":"48412","time_insert":"2021-03-28 20:58"}
2024-10-27 00:11:20 查询号码 【1301662】，GSD为【"广东-佛山"】

2024-10-27 00:11:21 开始第 1664 次操作

2024-10-27 00:11:21 开始操作号码 【1301663】
2024-10-27 00:11:22 GSD getOne 第 1 次 等待 3 秒
2024-10-27 00:11:25 查询号码 【1301663】，返回信息 {"status":"ok","msg":"广东-东莞","gid":"48413","time_insert":"2021-03-28 21:35"}
2024-10-27 00:11:25 查询号码 【1301663】，GSD为【"广东-东莞"】

2024-10-27 00:39:23 开始第 1665 次操作

2024-10-27 00:39:23 开始操作号码 【1301664】
2024-10-27 00:39:24 GSD getOne 第 1 次 等待 3 秒
2024-10-27 00:39:27 查询号码 【1301664】，返回信息 {"status":"ok","msg":"广东-东莞","gid":"48414","time_insert":"2021-03-28 22:06"}
2024-10-27 00:39:27 查询号码 【1301664】，GSD为【"广东-东莞"】

2024-10-27 00:39:28 开始第 1666 次操作

2024-10-27 00:39:28 开始操作号码 【1301665】
2024-10-27 00:39:30 GSD getOne 第 1 次 等待 3 秒
2024-10-27 00:39:33 查询号码 【1301665】，返回信息 {"status":"ok","msg":"广东-汕头","gid":"48415","time_insert":"2021-03-28 22:42"}
2024-10-27 00:39:33 查询号码 【1301665】，GSD为【"广东-汕头"】

2024-10-27 00:39:34 开始第 1667 次操作

2024-10-27 00:39:34 开始操作号码 【1301666】
2024-10-27 00:39:35 GSD getOne 第 1 次 等待 3 秒
2024-10-27 00:39:38 查询号码 【1301666】，返回信息 {"status":"ok","msg":"广东-汕头","gid":"123","time_insert":"2016-11-01 15:46","time_update":"2020-09-24 14:30"}
2024-10-27 00:39:38 查询号码 【1301666】，GSD为【"广东-汕头"】

2024-10-27 00:39:39 开始第 1668 次操作

2024-10-27 00:39:39 开始操作号码 【1301667】
2024-10-27 00:39:40 GSD getOne 第 1 次 等待 3 秒
2024-10-27 00:39:43 查询号码 【1301667】，返回信息 {"status":"ok","msg":"广东-潮州","gid":"48416","time_insert":"2021-03-28 23:54"}
2024-10-27 00:39:43 查询号码 【1301667】，GSD为【"广东-潮州"】

2024-10-27 01:09:17 开始第 1669 次操作

2024-10-27 01:09:17 开始操作号码 【1301668】
2024-10-27 01:09:18 GSD getOne 第 1 次 等待 3 秒
2024-10-27 01:09:21 查询号码 【1301668】，返回信息 {"status":"ok","msg":"广东-汕头","gid":"48417","time_insert":"2021-03-29 00:28"}
2024-10-27 01:09:21 查询号码 【1301668】，GSD为【"广东-汕头"】

2024-10-27 01:09:22 开始第 1670 次操作

2024-10-27 01:09:22 开始操作号码 【1301669】
2024-10-27 01:09:23 GSD getOne 第 1 次 等待 3 秒
2024-10-27 01:09:26 查询号码 【1301669】，返回信息 {"status":"ok","msg":"广东-揭阳","gid":"48418","time_insert":"2021-03-29 01:04"}
2024-10-27 01:09:26 查询号码 【1301669】，GSD为【"广东-揭阳"】

2024-10-27 01:09:27 开始第 1671 次操作

2024-10-27 01:09:27 开始操作号码 【1301670】
2024-10-27 01:09:28 GSD getOne 第 1 次 等待 3 秒
2024-10-27 01:09:31 查询号码 【1301670】，返回信息 {"status":"ok","msg":"江苏-泰州","gid":"48419","time_insert":"2021-03-29 01:34"}
2024-10-27 01:09:31 查询号码 【1301670】，GSD为【"江苏-泰州"】

2024-10-27 01:09:32 开始第 1672 次操作

2024-10-27 01:09:32 开始操作号码 【1301671】
2024-10-27 01:09:33 GSD getOne 第 1 次 等待 3 秒
2024-10-27 01:09:36 查询号码 【1301671】，返回信息 {"status":"ok","msg":"江苏-泰州","gid":"48420","time_insert":"2021-03-29 02:13"}
2024-10-27 01:09:36 查询号码 【1301671】，GSD为【"江苏-泰州"】

