2023-10-29 00:18:40 开始第 5569 次操作

2023-10-29 00:18:40 开始操作号码 【1925479】
2023-10-29 00:18:44 GSD getOne 第 1 次 等待 3 秒
2023-10-29 00:18:47 查询号码 【1925479】，返回信息 {"status":"ok","msg":"-","gid":"621251","time_insert":"2023-03-29 07:20"}
2023-10-29 00:18:47 查询号码 【1925479】，GSD为【"-"】
2023-10-29 00:18:47 ok && -
2023-10-29 00:18:53 CHB 1925479?1698509927 第 1 次 等待 3 秒
2023-10-29 00:18:56 CHB 1925479?1698509927 第 1 次 获取到号码【1925479】GSD
2023-10-29 00:18:56 未获取到号码【1925479】GSD，可能号码格式错误
2023-10-29 00:18:56 获取到号码【1925479】的GSD为【-】
2023-10-29 00:19:01 GSD insert 第 1 次 等待 3 秒
2023-10-29 00:19:04 {"status":"bad","gid":"621251","msg":"添加失败！号码【1925479(-|-)】已存在！"}
2023-10-29 00:19:04 随机等待 205 秒，约 3 分钟
2023-10-29 00:19:04 下次操作: 2023-10-29 00:22:29

2023-10-29 00:22:29 开始第 5570 次操作

2023-10-29 00:22:29 开始操作号码 【1925480】
2023-10-29 00:22:32 GSD getOne 第 1 次 等待 3 秒
2023-10-29 00:22:35 查询号码 【1925480】，返回信息 {"status":"ok","msg":"-","gid":"621246","time_insert":"2023-03-29 07:15"}
2023-10-29 00:22:35 查询号码 【1925480】，GSD为【"-"】
2023-10-29 00:22:35 ok && -
2023-10-29 00:22:37 CHB 1925480?1698510155 第 1 次 等待 3 秒
2023-10-29 00:22:40 CHB 1925480?1698510155 第 1 次 获取到号码【1925480】GSD
2023-10-29 00:22:40 未获取到号码【1925480】GSD，可能号码格式错误
2023-10-29 00:22:40 获取到号码【1925480】的GSD为【-】
2023-10-29 00:22:46 GSD insert 第 1 次 等待 3 秒
2023-10-29 00:22:49 {"status":"bad","gid":"621246","msg":"添加失败！号码【1925480(-|-)】已存在！"}
2023-10-29 00:22:49 随机等待 225 秒，约 3 分钟
2023-10-29 00:22:49 下次操作: 2023-10-29 00:26:34

2023-10-29 00:26:34 开始第 5571 次操作

2023-10-29 00:26:34 开始操作号码 【1925481】
2023-10-29 00:26:36 GSD getOne 第 1 次 等待 3 秒
2023-10-29 00:26:39 查询号码 【1925481】，返回信息 {"status":"ok","msg":"-","gid":"621235","time_insert":"2023-03-29 07:00"}
2023-10-29 00:26:40 查询号码 【1925481】，GSD为【"-"】
2023-10-29 00:26:40 ok && -
2023-10-29 00:26:41 CHB 1925481?1698510400 第 1 次 等待 3 秒
2023-10-29 00:26:44 CHB 1925481?1698510400 第 1 次 获取到号码【1925481】GSD
2023-10-29 00:26:45 未获取到号码【1925481】GSD，可能号码格式错误
2023-10-29 00:26:45 获取到号码【1925481】的GSD为【-】
2023-10-29 00:26:51 GSD insert 第 1 次 等待 3 秒
2023-10-29 00:26:54 {"status":"bad","gid":"621235","msg":"添加失败！号码【1925481(-|-)】已存在！"}
2023-10-29 00:26:54 随机等待 105 秒，约 1 分钟
2023-10-29 00:26:54 下次操作: 2023-10-29 00:28:39

2023-10-29 00:28:39 开始第 5572 次操作

2023-10-29 00:28:39 开始操作号码 【1925482】
2023-10-29 00:28:49 GSD getOne 第 1 次 等待 3 秒
2023-10-29 00:28:52 查询号码 【1925482】，返回信息 {"status":"ok","msg":"-","gid":"621228","time_insert":"2023-03-29 06:52"}
2023-10-29 00:28:52 查询号码 【1925482】，GSD为【"-"】
2023-10-29 00:28:52 ok && -
2023-10-29 00:28:54 CHB 1925482?1698510532 第 1 次 等待 3 秒
2023-10-29 00:28:57 CHB 1925482?1698510532 第 1 次 获取到号码【1925482】GSD
2023-10-29 00:28:57 未获取到号码【1925482】GSD，可能号码格式错误
2023-10-29 00:28:57 获取到号码【1925482】的GSD为【-】
2023-10-29 00:29:01 GSD insert 第 1 次 等待 3 秒
2023-10-29 00:29:04 {"status":"bad","gid":"621228","msg":"添加失败！号码【1925482(-|-)】已存在！"}

