2024-06-18 00:22:55 开始第 1265 次操作

2024-06-18 00:22:55 开始操作号码 【1491159】
2024-06-18 00:23:05 GSD getOne 第 1 次 等待 3 秒
2024-06-18 00:23:08 查询号码 【1491159】，返回信息 {"status":"ok","msg":"上海-上海","gid":"265604","time_insert":"2021-07-13 13:44"}
2024-06-18 00:23:08 查询号码 【1491159】，GSD为【"上海-上海"】

2024-06-18 00:23:09 开始第 1266 次操作

2024-06-18 00:23:09 开始操作号码 【1491160】
2024-06-18 00:23:15 GSD getOne 第 1 次 等待 3 秒
2024-06-18 00:23:18 查询号码 【1491160】，返回信息 {"status":"ok","msg":"上海-上海","gid":"265613","time_insert":"2021-07-13 13:44"}
2024-06-18 00:23:18 查询号码 【1491160】，GSD为【"上海-上海"】

2024-06-18 00:23:20 开始第 1267 次操作

2024-06-18 00:23:20 开始操作号码 【1491161】
2024-06-18 00:23:28 GSD getOne 第 1 次 等待 3 秒
2024-06-18 00:23:31 查询号码 【1491161】，返回信息 {"status":"ok","msg":"上海-上海","gid":"265619","time_insert":"2021-07-13 13:45"}
2024-06-18 00:23:31 查询号码 【1491161】，GSD为【"上海-上海"】

2024-06-18 00:23:32 开始第 1268 次操作

2024-06-18 00:23:32 开始操作号码 【1491162】
2024-06-18 00:23:39 GSD getOne 第 1 次 等待 3 秒
2024-06-18 00:23:42 查询号码 【1491162】，返回信息 {"status":"ok","msg":"上海-上海","gid":"265626","time_insert":"2021-07-13 13:45"}
2024-06-18 00:23:42 查询号码 【1491162】，GSD为【"上海-上海"】

2024-06-18 00:41:07 开始第 1269 次操作

2024-06-18 00:41:07 开始操作号码 【1491163】
2024-06-18 00:41:14 GSD getOne 第 1 次 等待 3 秒
2024-06-18 00:41:17 查询号码 【1491163】，返回信息 {"status":"ok","msg":"上海-上海","gid":"265633","time_insert":"2021-07-13 13:45"}
2024-06-18 00:41:17 查询号码 【1491163】，GSD为【"上海-上海"】

2024-06-18 00:41:18 开始第 1270 次操作

2024-06-18 00:41:18 开始操作号码 【1491164】
2024-06-18 00:41:29 GSD getOne 第 1 次 等待 3 秒
2024-06-18 00:41:32 查询号码 【1491164】，返回信息 {"status":"ok","msg":"上海-上海","gid":"265640","time_insert":"2021-07-13 13:46"}
2024-06-18 00:41:32 查询号码 【1491164】，GSD为【"上海-上海"】

2024-06-18 00:41:33 开始第 1271 次操作

2024-06-18 00:41:33 开始操作号码 【1491165】
2024-06-18 00:41:43 GSD getOne 第 1 次 等待 3 秒
2024-06-18 00:41:46 查询号码 【1491165】，返回信息 {"status":"ok","msg":"上海-上海","gid":"265645","time_insert":"2021-07-13 13:46"}
2024-06-18 00:41:46 查询号码 【1491165】，GSD为【"上海-上海"】

2024-06-18 00:41:47 开始第 1272 次操作

2024-06-18 00:41:47 开始操作号码 【1491166】
2024-06-18 00:42:00 GSD getOne 第 1 次 等待 3 秒
2024-06-18 00:42:03 查询号码 【1491166】，返回信息 {"status":"ok","msg":"上海-上海","gid":"265652","time_insert":"2021-07-13 13:46"}
2024-06-18 00:42:03 查询号码 【1491166】，GSD为【"上海-上海"】

2024-06-18 01:16:29 开始第 1273 次操作

2024-06-18 01:16:29 开始操作号码 【1491167】
2024-06-18 01:16:42 GSD getOne 第 1 次 等待 3 秒
2024-06-18 01:16:45 查询号码 【1491167】，返回信息 {"status":"ok","msg":"上海-上海","gid":"265660","time_insert":"2021-07-13 13:47"}
2024-06-18 01:16:45 查询号码 【1491167】，GSD为【"上海-上海"】

2024-06-18 01:16:46 开始第 1274 次操作

2024-06-18 01:16:46 开始操作号码 【1491168】
2024-06-18 01:16:55 GSD getOne 第 1 次 等待 3 秒
2024-06-18 01:16:58 查询号码 【1491168】，返回信息 {"status":"ok","msg":"上海-上海","gid":"265665","time_insert":"2021-07-13 13:47"}
2024-06-18 01:16:58 查询号码 【1491168】，GSD为【"上海-上海"】

2024-06-18 01:16:59 开始第 1275 次操作

2024-06-18 01:16:59 开始操作号码 【1491169】
2024-06-18 01:17:11 GSD getOne 第 1 次 等待 3 秒
2024-06-18 01:17:14 查询号码 【1491169】，返回信息 {"status":"ok","msg":"上海-上海","gid":"265672","time_insert":"2021-07-13 13:48"}
2024-06-18 01:17:14 查询号码 【1491169】，GSD为【"上海-上海"】

2024-06-18 01:17:15 开始第 1276 次操作

2024-06-18 01:17:15 开始操作号码 【1491170】
2024-06-18 01:17:23 GSD getOne 第 1 次 等待 3 秒
2024-06-18 01:17:26 查询号码 【1491170】，返回信息 {"status":"ok","msg":"上海-上海","gid":"265856","time_insert":"2021-07-13 14:48"}
2024-06-18 01:17:26 查询号码 【1491170】，GSD为【"上海-上海"】

2024-06-18 01:37:13 开始第 1277 次操作

2024-06-18 01:37:13 开始操作号码 【1491171】
2024-06-18 01:37:20 GSD getOne 第 1 次 等待 3 秒
2024-06-18 01:37:23 查询号码 【1491171】，返回信息 {"status":"ok","msg":"上海-上海","gid":"265871","time_insert":"2021-07-13 14:48"}
2024-06-18 01:37:23 查询号码 【1491171】，GSD为【"上海-上海"】

2024-06-18 01:37:24 开始第 1278 次操作

2024-06-18 01:37:24 开始操作号码 【1491172】
2024-06-18 01:37:37 GSD getOne 第 1 次 等待 3 秒
2024-06-18 01:37:40 查询号码 【1491172】，返回信息 {"status":"ok","msg":"上海-上海","gid":"265887","time_insert":"2021-07-13 14:49"}
2024-06-18 01:37:40 查询号码 【1491172】，GSD为【"上海-上海"】

2024-06-18 01:37:41 开始第 1279 次操作

2024-06-18 01:37:41 开始操作号码 【1491173】
2024-06-18 01:38:00 GSD getOne 第 1 次 等待 3 秒
2024-06-18 01:38:03 查询号码 【1491173】，返回信息 {"status":"ok","msg":"上海-上海","gid":"265899","time_insert":"2021-07-13 14:50"}
2024-06-18 01:38:03 查询号码 【1491173】，GSD为【"上海-上海"】

2024-06-18 01:38:04 开始第 1280 次操作

2024-06-18 01:38:04 开始操作号码 【1491174】
2024-06-18 01:38:42 GSD getOne 第 1 次 等待 3 秒
2024-06-18 01:38:45 查询号码 【1491174】，返回信息 {"status":"ok","msg":"上海-上海","gid":"265904","time_insert":"2021-07-13 14:51"}
2024-06-18 01:38:45 查询号码 【1491174】，GSD为【"上海-上海"】

2024-06-18 02:23:50 开始第 1281 次操作

2024-06-18 02:23:50 开始操作号码 【1491175】
2024-06-18 02:23:58 GSD getOne 第 1 次 等待 3 秒
2024-06-18 02:24:01 查询号码 【1491175】，返回信息 {"status":"ok","msg":"上海-上海","gid":"265915","time_insert":"2021-07-13 14:52"}
2024-06-18 02:24:01 查询号码 【1491175】，GSD为【"上海-上海"】

2024-06-18 02:24:02 开始第 1282 次操作

2024-06-18 02:24:02 开始操作号码 【1491176】
2024-06-18 02:24:09 GSD getOne 第 1 次 等待 3 秒
2024-06-18 02:24:12 查询号码 【1491176】，返回信息 {"status":"ok","msg":"上海-上海","gid":"265933","time_insert":"2021-07-13 14:52"}
2024-06-18 02:24:12 查询号码 【1491176】，GSD为【"上海-上海"】

2024-06-18 02:24:13 开始第 1283 次操作

2024-06-18 02:24:13 开始操作号码 【1491177】
2024-06-18 02:24:21 GSD getOne 第 1 次 等待 3 秒
2024-06-18 02:24:24 查询号码 【1491177】，返回信息 {"status":"ok","msg":"上海-上海","gid":"265950","time_insert":"2021-07-13 14:53"}
2024-06-18 02:24:24 查询号码 【1491177】，GSD为【"上海-上海"】

2024-06-18 02:24:25 开始第 1284 次操作

2024-06-18 02:24:25 开始操作号码 【1491178】
2024-06-18 02:24:36 GSD getOne 第 1 次 等待 3 秒
2024-06-18 02:24:39 查询号码 【1491178】，返回信息 {"status":"ok","msg":"上海-上海","gid":"265966","time_insert":"2021-07-13 14:54"}
2024-06-18 02:24:39 查询号码 【1491178】，GSD为【"上海-上海"】

2024-06-18 02:38:59 开始第 1285 次操作

2024-06-18 02:38:59 开始操作号码 【1491179】
2024-06-18 02:39:05 GSD getOne 第 1 次 等待 3 秒
2024-06-18 02:39:08 查询号码 【1491179】，返回信息 {"status":"ok","msg":"上海-上海","gid":"265983","time_insert":"2021-07-13 14:55"}
2024-06-18 02:39:08 查询号码 【1491179】，GSD为【"上海-上海"】

2024-06-18 02:39:09 开始第 1286 次操作

2024-06-18 02:39:09 开始操作号码 【1491180】
2024-06-18 02:39:18 GSD getOne 第 1 次 等待 3 秒
2024-06-18 02:39:21 查询号码 【1491180】，返回信息 {"status":"ok","msg":"上海-上海","gid":"266003","time_insert":"2021-07-13 14:55"}
2024-06-18 02:39:21 查询号码 【1491180】，GSD为【"上海-上海"】

2024-06-18 02:39:22 开始第 1287 次操作

2024-06-18 02:39:22 开始操作号码 【1491181】
2024-06-18 02:39:35 GSD getOne 第 1 次 等待 3 秒
2024-06-18 02:39:38 查询号码 【1491181】，返回信息 {"status":"ok","msg":"上海-上海","gid":"266019","time_insert":"2021-07-13 14:56"}
2024-06-18 02:39:38 查询号码 【1491181】，GSD为【"上海-上海"】

2024-06-18 02:39:39 开始第 1288 次操作

2024-06-18 02:39:39 开始操作号码 【1491182】
2024-06-18 02:39:47 GSD getOne 第 1 次 等待 3 秒
2024-06-18 02:39:50 查询号码 【1491182】，返回信息 {"status":"ok","msg":"上海-上海","gid":"266036","time_insert":"2021-07-13 14:57"}
2024-06-18 02:39:50 查询号码 【1491182】，GSD为【"上海-上海"】

2024-06-18 03:13:54 开始第 1289 次操作

2024-06-18 03:13:54 开始操作号码 【1491183】
2024-06-18 03:14:01 GSD getOne 第 1 次 等待 3 秒
2024-06-18 03:14:04 查询号码 【1491183】，返回信息 {"status":"ok","msg":"上海-上海","gid":"266053","time_insert":"2021-07-13 14:57"}
2024-06-18 03:14:04 查询号码 【1491183】，GSD为【"上海-上海"】

2024-06-18 03:14:05 开始第 1290 次操作

2024-06-18 03:14:05 开始操作号码 【1491184】
2024-06-18 03:14:11 GSD getOne 第 1 次 等待 3 秒
2024-06-18 03:14:14 查询号码 【1491184】，返回信息 {"status":"ok","msg":"上海-上海","gid":"266074","time_insert":"2021-07-13 14:58"}
2024-06-18 03:14:14 查询号码 【1491184】，GSD为【"上海-上海"】

2024-06-18 03:14:15 开始第 1291 次操作

2024-06-18 03:14:15 开始操作号码 【1491185】
2024-06-18 03:14:24 GSD getOne 第 1 次 等待 3 秒
2024-06-18 03:14:27 查询号码 【1491185】，返回信息 {"status":"ok","msg":"上海-上海","gid":"266090","time_insert":"2021-07-13 14:59"}
2024-06-18 03:14:27 查询号码 【1491185】，GSD为【"上海-上海"】

2024-06-18 03:14:28 开始第 1292 次操作

2024-06-18 03:14:28 开始操作号码 【1491186】
2024-06-18 03:14:46 GSD getOne 第 1 次 等待 3 秒
2024-06-18 03:14:49 查询号码 【1491186】，返回信息 {"status":"ok","msg":"上海-上海","gid":"266100","time_insert":"2021-07-13 15:00"}
2024-06-18 03:14:49 查询号码 【1491186】，GSD为【"上海-上海"】

2024-06-18 03:37:36 开始第 1293 次操作

2024-06-18 03:37:36 开始操作号码 【1491187】
2024-06-18 03:37:44 GSD getOne 第 1 次 等待 3 秒
2024-06-18 03:37:47 查询号码 【1491187】，返回信息 {"status":"ok","msg":"上海-上海","gid":"266112","time_insert":"2021-07-13 15:01"}
2024-06-18 03:37:47 查询号码 【1491187】，GSD为【"上海-上海"】

2024-06-18 03:37:48 开始第 1294 次操作

2024-06-18 03:37:48 开始操作号码 【1491188】
2024-06-18 03:37:55 GSD getOne 第 1 次 等待 3 秒
2024-06-18 03:37:58 查询号码 【1491188】，返回信息 {"status":"ok","msg":"上海-上海","gid":"266129","time_insert":"2021-07-13 15:01"}
2024-06-18 03:37:58 查询号码 【1491188】，GSD为【"上海-上海"】

2024-06-18 03:37:59 开始第 1295 次操作

2024-06-18 03:37:59 开始操作号码 【1491189】
2024-06-18 03:38:07 GSD getOne 第 1 次 等待 3 秒
2024-06-18 03:38:10 查询号码 【1491189】，返回信息 {"status":"ok","msg":"上海-上海","gid":"266146","time_insert":"2021-07-13 15:02"}
2024-06-18 03:38:10 查询号码 【1491189】，GSD为【"上海-上海"】

2024-06-18 03:38:11 开始第 1296 次操作

2024-06-18 03:38:11 开始操作号码 【1491190】
2024-06-18 03:38:21 GSD getOne 第 1 次 等待 3 秒
2024-06-18 03:38:24 查询号码 【1491190】，返回信息 {"status":"ok","msg":"上海-上海","gid":"266158","time_insert":"2021-07-13 15:03"}
2024-06-18 03:38:24 查询号码 【1491190】，GSD为【"上海-上海"】

2024-06-18 04:16:17 开始第 1297 次操作

2024-06-18 04:16:17 开始操作号码 【1491191】
2024-06-18 04:16:31 GSD getOne 第 1 次 等待 3 秒
2024-06-18 04:16:34 查询号码 【1491191】，返回信息 {"status":"ok","msg":"上海-上海","gid":"266166","time_insert":"2021-07-13 15:04"}
2024-06-18 04:16:34 查询号码 【1491191】，GSD为【"上海-上海"】

2024-06-18 04:16:35 开始第 1298 次操作

2024-06-18 04:16:35 开始操作号码 【1491192】
2024-06-18 04:16:47 GSD getOne 第 1 次 等待 3 秒
2024-06-18 04:16:50 查询号码 【1491192】，返回信息 {"status":"ok","msg":"上海-上海","gid":"266177","time_insert":"2021-07-13 15:04"}
2024-06-18 04:16:50 查询号码 【1491192】，GSD为【"上海-上海"】

2024-06-18 04:16:51 开始第 1299 次操作

2024-06-18 04:16:51 开始操作号码 【1491193】
2024-06-18 04:17:05 GSD getOne 第 1 次 等待 3 秒
2024-06-18 04:17:08 查询号码 【1491193】，返回信息 {"status":"ok","msg":"上海-上海","gid":"266186","time_insert":"2021-07-13 15:05"}
2024-06-18 04:17:08 查询号码 【1491193】，GSD为【"上海-上海"】

2024-06-18 04:17:09 开始第 1300 次操作

2024-06-18 04:17:09 开始操作号码 【1491194】
2024-06-18 04:17:17 GSD getOne 第 1 次 等待 3 秒
2024-06-18 04:17:20 查询号码 【1491194】，返回信息 {"status":"ok","msg":"上海-上海","gid":"266190","time_insert":"2021-07-13 15:06"}
2024-06-18 04:17:20 查询号码 【1491194】，GSD为【"上海-上海"】

2024-06-18 04:37:43 开始第 1301 次操作

2024-06-18 04:37:43 开始操作号码 【1491195】
2024-06-18 04:37:50 GSD getOne 第 1 次 等待 3 秒
2024-06-18 04:37:53 查询号码 【1491195】，返回信息 {"status":"ok","msg":"上海-上海","gid":"266197","time_insert":"2021-07-13 15:07"}
2024-06-18 04:37:53 查询号码 【1491195】，GSD为【"上海-上海"】

2024-06-18 04:37:54 开始第 1302 次操作

2024-06-18 04:37:54 开始操作号码 【1491196】
2024-06-18 04:38:02 GSD getOne 第 1 次 等待 3 秒
2024-06-18 04:38:05 查询号码 【1491196】，返回信息 {"status":"ok","msg":"上海-上海","gid":"266201","time_insert":"2021-07-13 15:07"}
2024-06-18 04:38:05 查询号码 【1491196】，GSD为【"上海-上海"】

2024-06-18 04:38:06 开始第 1303 次操作

2024-06-18 04:38:06 开始操作号码 【1491197】
2024-06-18 04:38:14 GSD getOne 第 1 次 等待 3 秒
2024-06-18 04:38:17 查询号码 【1491197】，返回信息 {"status":"ok","msg":"上海-上海","gid":"266205","time_insert":"2021-07-13 15:08"}
2024-06-18 04:38:17 查询号码 【1491197】，GSD为【"上海-上海"】

2024-06-18 04:38:18 开始第 1304 次操作

2024-06-18 04:38:18 开始操作号码 【1491198】
2024-06-18 04:38:25 GSD getOne 第 1 次 等待 3 秒
2024-06-18 04:38:28 查询号码 【1491198】，返回信息 {"status":"ok","msg":"上海-上海","gid":"266210","time_insert":"2021-07-13 15:09"}
2024-06-18 04:38:28 查询号码 【1491198】，GSD为【"上海-上海"】

2024-06-18 05:17:12 开始第 1305 次操作

2024-06-18 05:17:12 开始操作号码 【1491199】
2024-06-18 05:17:18 GSD getOne 第 1 次 等待 3 秒
2024-06-18 05:17:21 查询号码 【1491199】，返回信息 {"status":"ok","msg":"上海-上海","gid":"266215","time_insert":"2021-07-13 15:09"}
2024-06-18 05:17:21 查询号码 【1491199】，GSD为【"上海-上海"】

2024-06-18 05:17:22 开始第 1306 次操作

2024-06-18 05:17:22 开始操作号码 【1491200】
2024-06-18 05:17:29 GSD getOne 第 1 次 等待 3 秒
2024-06-18 05:17:32 查询号码 【1491200】，返回信息 {"status":"ok","msg":"江苏-南京","gid":"266223","time_insert":"2021-07-13 15:10"}
2024-06-18 05:17:32 查询号码 【1491200】，GSD为【"江苏-南京"】

2024-06-18 05:17:33 开始第 1307 次操作

2024-06-18 05:17:33 开始操作号码 【1491201】
2024-06-18 05:17:41 GSD getOne 第 1 次 等待 3 秒
2024-06-18 05:17:44 查询号码 【1491201】，返回信息 {"status":"ok","msg":"江苏-南京","gid":"266233","time_insert":"2021-07-13 15:11"}
2024-06-18 05:17:44 查询号码 【1491201】，GSD为【"江苏-南京"】

2024-06-18 05:17:45 开始第 1308 次操作

2024-06-18 05:17:45 开始操作号码 【1491202】
2024-06-18 05:17:50 GSD getOne 第 1 次 等待 3 秒
2024-06-18 05:17:53 查询号码 【1491202】，返回信息 {"status":"ok","msg":"江苏-南京","gid":"266240","time_insert":"2021-07-13 15:12"}
2024-06-18 05:17:53 查询号码 【1491202】，GSD为【"江苏-南京"】

2024-06-18 05:38:22 开始第 1309 次操作

2024-06-18 05:38:22 开始操作号码 【1491203】
2024-06-18 05:38:29 GSD getOne 第 1 次 等待 3 秒
2024-06-18 05:38:32 查询号码 【1491203】，返回信息 {"status":"ok","msg":"江苏-南京","gid":"266242","time_insert":"2021-07-13 15:12"}
2024-06-18 05:38:32 查询号码 【1491203】，GSD为【"江苏-南京"】

2024-06-18 05:38:33 开始第 1310 次操作

2024-06-18 05:38:33 开始操作号码 【1491204】
2024-06-18 05:38:40 GSD getOne 第 1 次 等待 3 秒
2024-06-18 05:38:43 查询号码 【1491204】，返回信息 {"status":"ok","msg":"江苏-南京","gid":"266246","time_insert":"2021-07-13 15:13"}
2024-06-18 05:38:43 查询号码 【1491204】，GSD为【"江苏-南京"】

2024-06-18 05:38:44 开始第 1311 次操作

2024-06-18 05:38:44 开始操作号码 【1491205】
2024-06-18 05:38:55 GSD getOne 第 1 次 等待 3 秒
2024-06-18 05:38:58 查询号码 【1491205】，返回信息 {"status":"ok","msg":"江苏-南京","gid":"266251","time_insert":"2021-07-13 15:14"}
2024-06-18 05:38:58 查询号码 【1491205】，GSD为【"江苏-南京"】

2024-06-18 05:38:59 开始第 1312 次操作

2024-06-18 05:38:59 开始操作号码 【1491206】
2024-06-18 05:39:06 GSD getOne 第 1 次 等待 3 秒
2024-06-18 05:39:09 查询号码 【1491206】，返回信息 {"status":"ok","msg":"江苏-南京","gid":"266255","time_insert":"2021-07-13 15:15"}
2024-06-18 05:39:09 查询号码 【1491206】，GSD为【"江苏-南京"】

2024-06-18 06:16:14 开始第 1313 次操作

2024-06-18 06:16:14 开始操作号码 【1491207】
2024-06-18 06:16:24 GSD getOne 第 1 次 等待 3 秒
2024-06-18 06:16:27 查询号码 【1491207】，返回信息 {"status":"ok","msg":"江苏-南京","gid":"266329","time_insert":"2021-07-13 15:36"}
2024-06-18 06:16:27 查询号码 【1491207】，GSD为【"江苏-南京"】

2024-06-18 06:16:28 开始第 1314 次操作

2024-06-18 06:16:28 开始操作号码 【1491208】
2024-06-18 06:16:34 GSD getOne 第 1 次 等待 3 秒
2024-06-18 06:16:37 查询号码 【1491208】，返回信息 {"status":"ok","msg":"江苏-南京","gid":"266333","time_insert":"2021-07-13 15:37"}
2024-06-18 06:16:37 查询号码 【1491208】，GSD为【"江苏-南京"】

2024-06-18 06:16:38 开始第 1315 次操作

2024-06-18 06:16:38 开始操作号码 【1491209】
2024-06-18 06:16:46 GSD getOne 第 1 次 等待 3 秒
2024-06-18 06:16:49 查询号码 【1491209】，返回信息 {"status":"ok","msg":"江苏-南京","gid":"266337","time_insert":"2021-07-13 15:37"}
2024-06-18 06:16:49 查询号码 【1491209】，GSD为【"江苏-南京"】

2024-06-18 06:16:50 开始第 1316 次操作

2024-06-18 06:16:50 开始操作号码 【1491210】
2024-06-18 06:16:58 GSD getOne 第 1 次 等待 3 秒
2024-06-18 06:17:01 查询号码 【1491210】，返回信息 {"status":"ok","msg":"江苏-南京","gid":"266342","time_insert":"2021-07-13 15:37"}
2024-06-18 06:17:01 查询号码 【1491210】，GSD为【"江苏-南京"】

2024-06-18 06:37:30 开始第 1317 次操作

2024-06-18 06:37:30 开始操作号码 【1491211】
2024-06-18 06:37:37 GSD getOne 第 1 次 等待 3 秒
2024-06-18 06:37:40 查询号码 【1491211】，返回信息 {"status":"ok","msg":"江苏-南京","gid":"266346","time_insert":"2021-07-13 15:38"}
2024-06-18 06:37:40 查询号码 【1491211】，GSD为【"江苏-南京"】

2024-06-18 06:37:41 开始第 1318 次操作

2024-06-18 06:37:41 开始操作号码 【1491212】
2024-06-18 06:37:50 GSD getOne 第 1 次 等待 3 秒
2024-06-18 06:37:53 查询号码 【1491212】，返回信息 {"status":"ok","msg":"江苏-南京","gid":"266352","time_insert":"2021-07-13 15:38"}
2024-06-18 06:37:53 查询号码 【1491212】，GSD为【"江苏-南京"】

2024-06-18 06:37:54 开始第 1319 次操作

2024-06-18 06:37:54 开始操作号码 【1491213】
2024-06-18 06:38:03 GSD getOne 第 1 次 等待 3 秒
2024-06-18 06:38:06 查询号码 【1491213】，返回信息 {"status":"ok","msg":"江苏-南京","gid":"266359","time_insert":"2021-07-13 15:39"}
2024-06-18 06:38:06 查询号码 【1491213】，GSD为【"江苏-南京"】

2024-06-18 06:38:07 开始第 1320 次操作

2024-06-18 06:38:07 开始操作号码 【1491214】
2024-06-18 06:38:21 GSD getOne 第 1 次 等待 3 秒
2024-06-18 06:38:24 查询号码 【1491214】，返回信息 {"status":"ok","msg":"江苏-南京","gid":"266368","time_insert":"2021-07-13 15:39"}
2024-06-18 06:38:24 查询号码 【1491214】，GSD为【"江苏-南京"】

2024-06-18 07:18:50 开始第 1321 次操作

2024-06-18 07:18:50 开始操作号码 【1491215】
2024-06-18 07:19:07 GSD getOne 第 1 次 等待 3 秒
2024-06-18 07:19:10 查询号码 【1491215】，返回信息 {"status":"ok","msg":"江苏-南京","gid":"266373","time_insert":"2021-07-13 15:40"}
2024-06-18 07:19:10 查询号码 【1491215】，GSD为【"江苏-南京"】

2024-06-18 07:19:11 开始第 1322 次操作

2024-06-18 07:19:11 开始操作号码 【1491216】
2024-06-18 07:19:25 GSD getOne 第 1 次 等待 3 秒
2024-06-18 07:19:28 查询号码 【1491216】，返回信息 {"status":"ok","msg":"江苏-南京","gid":"266382","time_insert":"2021-07-13 15:40"}
2024-06-18 07:19:28 查询号码 【1491216】，GSD为【"江苏-南京"】

2024-06-18 07:19:29 开始第 1323 次操作

2024-06-18 07:19:29 开始操作号码 【1491217】
2024-06-18 07:19:45 GSD getOne 第 1 次 等待 3 秒
2024-06-18 07:19:48 查询号码 【1491217】，返回信息 {"status":"ok","msg":"江苏-南京","gid":"266388","time_insert":"2021-07-13 15:40"}
2024-06-18 07:19:48 查询号码 【1491217】，GSD为【"江苏-南京"】

2024-06-18 07:19:49 开始第 1324 次操作

2024-06-18 07:19:49 开始操作号码 【1491218】
2024-06-18 07:20:05 GSD getOne 第 1 次 等待 3 秒
2024-06-18 07:20:08 查询号码 【1491218】，返回信息 {"status":"ok","msg":"江苏-南京","gid":"266396","time_insert":"2021-07-13 15:41"}
2024-06-18 07:20:08 查询号码 【1491218】，GSD为【"江苏-南京"】

2024-06-18 07:38:48 开始第 1325 次操作

2024-06-18 07:38:48 开始操作号码 【1491219】
2024-06-18 07:38:54 GSD getOne 第 1 次 等待 3 秒
2024-06-18 07:38:57 查询号码 【1491219】，返回信息 {"status":"ok","msg":"江苏-南京","gid":"266405","time_insert":"2021-07-13 15:41"}
2024-06-18 07:38:57 查询号码 【1491219】，GSD为【"江苏-南京"】

2024-06-18 07:38:58 开始第 1326 次操作

2024-06-18 07:38:58 开始操作号码 【1491220】
2024-06-18 07:39:07 GSD getOne 第 1 次 等待 3 秒
2024-06-18 07:39:10 查询号码 【1491220】，返回信息 {"status":"ok","msg":"江苏-南京","gid":"266412","time_insert":"2021-07-13 15:42"}
2024-06-18 07:39:10 查询号码 【1491220】，GSD为【"江苏-南京"】

2024-06-18 07:39:11 开始第 1327 次操作

2024-06-18 07:39:11 开始操作号码 【1491221】
2024-06-18 07:39:24 GSD getOne 第 1 次 等待 3 秒
2024-06-18 07:39:27 查询号码 【1491221】，返回信息 {"status":"ok","msg":"江苏-南京","gid":"266421","time_insert":"2021-07-13 15:42"}
2024-06-18 07:39:27 查询号码 【1491221】，GSD为【"江苏-南京"】

2024-06-18 07:39:29 开始第 1328 次操作

2024-06-18 07:39:29 开始操作号码 【1491222】
2024-06-18 07:39:39 GSD getOne 第 1 次 等待 3 秒
2024-06-18 07:39:42 查询号码 【1491222】，返回信息 {"status":"ok","msg":"江苏-南京","gid":"266429","time_insert":"2021-07-13 15:42"}
2024-06-18 07:39:42 查询号码 【1491222】，GSD为【"江苏-南京"】

2024-06-18 09:19:01 开始第 1329 次操作

2024-06-18 09:19:01 开始操作号码 【1491223】
2024-06-18 09:19:07 GSD getOne 第 1 次 等待 3 秒
2024-06-18 09:19:10 查询号码 【1491223】，返回信息 {"status":"ok","msg":"江苏-南京","gid":"266439","time_insert":"2021-07-13 15:43"}
2024-06-18 09:19:10 查询号码 【1491223】，GSD为【"江苏-南京"】

2024-06-18 09:19:11 开始第 1330 次操作

2024-06-18 09:19:11 开始操作号码 【1491224】
2024-06-18 09:19:17 GSD getOne 第 1 次 等待 3 秒
2024-06-18 09:19:20 查询号码 【1491224】，返回信息 {"status":"ok","msg":"江苏-南京","gid":"266443","time_insert":"2021-07-13 15:43"}
2024-06-18 09:19:20 查询号码 【1491224】，GSD为【"江苏-南京"】

2024-06-18 09:19:21 开始第 1331 次操作

2024-06-18 09:19:21 开始操作号码 【1491225】
2024-06-18 09:19:27 GSD getOne 第 1 次 等待 3 秒
2024-06-18 09:19:30 查询号码 【1491225】，返回信息 {"status":"ok","msg":"江苏-南京","gid":"266454","time_insert":"2021-07-13 15:44"}
2024-06-18 09:19:30 查询号码 【1491225】，GSD为【"江苏-南京"】

2024-06-18 09:19:31 开始第 1332 次操作

2024-06-18 09:19:31 开始操作号码 【1491226】
2024-06-18 09:19:38 GSD getOne 第 1 次 等待 3 秒
2024-06-18 09:19:41 查询号码 【1491226】，返回信息 {"status":"ok","msg":"江苏-南京","gid":"266460","time_insert":"2021-07-13 15:44"}
2024-06-18 09:19:41 查询号码 【1491226】，GSD为【"江苏-南京"】

2024-06-18 10:20:07 开始第 1333 次操作

2024-06-18 10:20:07 开始操作号码 【1491227】
2024-06-18 10:20:15 GSD getOne 第 1 次 等待 3 秒
2024-06-18 10:20:18 查询号码 【1491227】，返回信息 {"status":"ok","msg":"江苏-南京","gid":"266469","time_insert":"2021-07-13 15:44"}
2024-06-18 10:20:18 查询号码 【1491227】，GSD为【"江苏-南京"】

2024-06-18 10:20:19 开始第 1334 次操作

2024-06-18 10:20:19 开始操作号码 【1491228】
2024-06-18 10:20:29 GSD getOne 第 1 次 等待 3 秒
2024-06-18 10:20:32 查询号码 【1491228】，返回信息 {"status":"ok","msg":"江苏-南京","gid":"266475","time_insert":"2021-07-13 15:45"}
2024-06-18 10:20:32 查询号码 【1491228】，GSD为【"江苏-南京"】

2024-06-18 10:20:33 开始第 1335 次操作

2024-06-18 10:20:33 开始操作号码 【1491229】
2024-06-18 10:20:44 GSD getOne 第 1 次 等待 3 秒
2024-06-18 10:20:47 查询号码 【1491229】，返回信息 {"status":"ok","msg":"江苏-南京","gid":"266483","time_insert":"2021-07-13 15:45"}
2024-06-18 10:20:47 查询号码 【1491229】，GSD为【"江苏-南京"】

2024-06-18 10:20:48 开始第 1336 次操作

2024-06-18 10:20:48 开始操作号码 【1491230】
2024-06-18 10:21:13 GSD getOne 第 1 次 等待 3 秒
2024-06-18 10:21:16 查询号码 【1491230】，返回信息 {"status":"ok","msg":"江苏-南京","gid":"266493","time_insert":"2021-07-13 15:46"}
2024-06-18 10:21:16 查询号码 【1491230】，GSD为【"江苏-南京"】

2024-06-18 10:46:45 开始第 1337 次操作

2024-06-18 10:46:45 开始操作号码 【1491231】
2024-06-18 10:46:53 GSD getOne 第 1 次 等待 3 秒
2024-06-18 10:46:56 查询号码 【1491231】，返回信息 {"status":"ok","msg":"江苏-南京","gid":"266501","time_insert":"2021-07-13 15:46"}
2024-06-18 10:46:56 查询号码 【1491231】，GSD为【"江苏-南京"】

2024-06-18 10:46:57 开始第 1338 次操作

2024-06-18 10:46:57 开始操作号码 【1491232】
2024-06-18 10:47:09 GSD getOne 第 1 次 等待 3 秒
2024-06-18 10:47:12 查询号码 【1491232】，返回信息 {"status":"ok","msg":"江苏-南京","gid":"266517","time_insert":"2021-07-13 15:47"}
2024-06-18 10:47:12 查询号码 【1491232】，GSD为【"江苏-南京"】

2024-06-18 10:47:13 开始第 1339 次操作

2024-06-18 10:47:13 开始操作号码 【1491233】
2024-06-18 10:47:27 GSD getOne 第 1 次 等待 3 秒
2024-06-18 10:47:30 查询号码 【1491233】，返回信息 {"status":"ok","msg":"江苏-南京","gid":"266522","time_insert":"2021-07-13 15:48"}
2024-06-18 10:47:30 查询号码 【1491233】，GSD为【"江苏-南京"】

2024-06-18 10:47:31 开始第 1340 次操作

2024-06-18 10:47:31 开始操作号码 【1491234】
2024-06-18 10:47:48 GSD getOne 第 1 次 等待 3 秒
2024-06-18 10:47:51 查询号码 【1491234】，返回信息 {"status":"ok","msg":"江苏-南京","gid":"266530","time_insert":"2021-07-13 15:48"}
2024-06-18 10:47:51 查询号码 【1491234】，GSD为【"江苏-南京"】

2024-06-18 11:20:53 开始第 1341 次操作

2024-06-18 11:20:53 开始操作号码 【1491235】
2024-06-18 11:21:01 GSD getOne 第 1 次 等待 3 秒
2024-06-18 11:21:04 查询号码 【1491235】，返回信息 {"status":"ok","msg":"江苏-南京","gid":"266538","time_insert":"2021-07-13 15:49"}
2024-06-18 11:21:04 查询号码 【1491235】，GSD为【"江苏-南京"】

2024-06-18 11:21:05 开始第 1342 次操作

2024-06-18 11:21:05 开始操作号码 【1491236】
2024-06-18 11:21:11 GSD getOne 第 1 次 等待 3 秒
2024-06-18 11:21:14 查询号码 【1491236】，返回信息 {"status":"ok","msg":"江苏-南京","gid":"266544","time_insert":"2021-07-13 15:49"}
2024-06-18 11:21:14 查询号码 【1491236】，GSD为【"江苏-南京"】

2024-06-18 11:21:16 开始第 1343 次操作

2024-06-18 11:21:16 开始操作号码 【1491237】
2024-06-18 11:21:22 GSD getOne 第 1 次 等待 3 秒
2024-06-18 11:21:25 查询号码 【1491237】，返回信息 {"status":"ok","msg":"江苏-南京","gid":"266715","time_insert":"2021-07-13 16:41"}
2024-06-18 11:21:25 查询号码 【1491237】，GSD为【"江苏-南京"】

2024-06-18 11:21:26 开始第 1344 次操作

2024-06-18 11:21:26 开始操作号码 【1491238】
2024-06-18 11:21:31 GSD getOne 第 1 次 等待 3 秒
2024-06-18 11:21:34 查询号码 【1491238】，返回信息 {"status":"ok","msg":"江苏-南京","gid":"266721","time_insert":"2021-07-13 16:41"}
2024-06-18 11:21:35 查询号码 【1491238】，GSD为【"江苏-南京"】

2024-06-18 11:38:58 开始第 1345 次操作

2024-06-18 11:38:58 开始操作号码 【1491239】
2024-06-18 11:39:04 GSD getOne 第 1 次 等待 3 秒
2024-06-18 11:39:07 查询号码 【1491239】，返回信息 {"status":"ok","msg":"江苏-南京","gid":"266728","time_insert":"2021-07-13 16:42"}
2024-06-18 11:39:07 查询号码 【1491239】，GSD为【"江苏-南京"】

2024-06-18 11:39:08 开始第 1346 次操作

2024-06-18 11:39:08 开始操作号码 【1491240】
2024-06-18 11:39:18 GSD getOne 第 1 次 等待 3 秒
2024-06-18 11:39:21 查询号码 【1491240】，返回信息 {"status":"ok","msg":"江苏-南京","gid":"266733","time_insert":"2021-07-13 16:42"}
2024-06-18 11:39:21 查询号码 【1491240】，GSD为【"江苏-南京"】

2024-06-18 11:39:22 开始第 1347 次操作

2024-06-18 11:39:22 开始操作号码 【1491241】
2024-06-18 11:39:32 GSD getOne 第 1 次 等待 3 秒
2024-06-18 11:39:35 查询号码 【1491241】，返回信息 {"status":"ok","msg":"江苏-南京","gid":"266739","time_insert":"2021-07-13 16:42"}
2024-06-18 11:39:35 查询号码 【1491241】，GSD为【"江苏-南京"】

2024-06-18 11:39:36 开始第 1348 次操作

2024-06-18 11:39:36 开始操作号码 【1491242】
2024-06-18 11:39:45 GSD getOne 第 1 次 等待 3 秒
2024-06-18 11:39:48 查询号码 【1491242】，返回信息 {"status":"ok","msg":"江苏-南京","gid":"266746","time_insert":"2021-07-13 16:43"}
2024-06-18 11:39:48 查询号码 【1491242】，GSD为【"江苏-南京"】

