2024-01-28 00:18:36 开始第 513 次操作

2024-01-28 00:18:36 开始操作号码 【1710415】
2024-01-28 00:18:43 GSD getOne 第 1 次 等待 3 秒
2024-01-28 00:18:46 查询号码 【1710415】，返回信息 {"status":"ok","msg":"河北-邢台","gid":"136948","time_insert":"2021-06-27 04:50"}
2024-01-28 00:18:46 查询号码 【1710415】，GSD为【"河北-邢台"】

2024-01-28 00:18:47 开始第 514 次操作

2024-01-28 00:18:47 开始操作号码 【1710416】
2024-01-28 00:18:51 GSD getOne 第 1 次 等待 3 秒
2024-01-28 00:18:54 查询号码 【1710416】，返回信息 {"status":"ok","msg":"河北-邢台","gid":"136959","time_insert":"2021-06-27 04:51"}
2024-01-28 00:18:54 查询号码 【1710416】，GSD为【"河北-邢台"】

2024-01-28 00:18:55 开始第 515 次操作

2024-01-28 00:18:55 开始操作号码 【1710417】
2024-01-28 00:19:00 GSD getOne 第 1 次 等待 3 秒
2024-01-28 00:19:03 查询号码 【1710417】，返回信息 {"status":"ok","msg":"河北-邢台","gid":"136968","time_insert":"2021-06-27 04:52"}
2024-01-28 00:19:03 查询号码 【1710417】，GSD为【"河北-邢台"】

2024-01-28 00:19:04 开始第 516 次操作

2024-01-28 00:19:04 开始操作号码 【1710418】
2024-01-28 00:19:09 GSD getOne 第 1 次 等待 3 秒
2024-01-28 00:19:12 查询号码 【1710418】，返回信息 {"status":"ok","msg":"河北-邢台","gid":"136976","time_insert":"2021-06-27 04:53"}
2024-01-28 00:19:12 查询号码 【1710418】，GSD为【"河北-邢台"】

2024-01-28 00:37:15 开始第 517 次操作

2024-01-28 00:37:15 开始操作号码 【1710419】
2024-01-28 00:37:19 GSD getOne 第 1 次 等待 3 秒
2024-01-28 00:37:22 查询号码 【1710419】，返回信息 {"status":"ok","msg":"河北-邢台","gid":"136983","time_insert":"2021-06-27 04:53"}
2024-01-28 00:37:22 查询号码 【1710419】，GSD为【"河北-邢台"】

2024-01-28 00:37:23 开始第 518 次操作

2024-01-28 00:37:23 开始操作号码 【1710420】
2024-01-28 00:37:28 GSD getOne 第 1 次 等待 3 秒
2024-01-28 00:37:31 查询号码 【1710420】，返回信息 {"status":"ok","msg":"河北-邢台","gid":"136988","time_insert":"2021-06-27 04:54"}
2024-01-28 00:37:31 查询号码 【1710420】，GSD为【"河北-邢台"】

2024-01-28 00:37:32 开始第 519 次操作

2024-01-28 00:37:32 开始操作号码 【1710421】
2024-01-28 00:37:36 GSD getOne 第 1 次 等待 3 秒
2024-01-28 00:37:39 查询号码 【1710421】，返回信息 {"status":"ok","msg":"河北-邢台","gid":"136992","time_insert":"2021-06-27 04:55"}
2024-01-28 00:37:39 查询号码 【1710421】，GSD为【"河北-邢台"】

2024-01-28 00:37:41 开始第 520 次操作

2024-01-28 00:37:41 开始操作号码 【1710422】
2024-01-28 00:37:44 GSD getOne 第 1 次 等待 3 秒
2024-01-28 00:37:47 查询号码 【1710422】，返回信息 {"status":"ok","msg":"河北-石家庄","gid":"136997","time_insert":"2021-06-27 04:56"}
2024-01-28 00:37:47 查询号码 【1710422】，GSD为【"河北-石家庄"】

2024-01-28 01:15:15 开始第 521 次操作

2024-01-28 01:15:15 开始操作号码 【1710423】
2024-01-28 01:15:20 GSD getOne 第 1 次 等待 3 秒
2024-01-28 01:15:23 查询号码 【1710423】，返回信息 {"status":"ok","msg":"河北-石家庄","gid":"137002","time_insert":"2021-06-27 04:56"}
2024-01-28 01:15:23 查询号码 【1710423】，GSD为【"河北-石家庄"】

2024-01-28 01:15:24 开始第 522 次操作

2024-01-28 01:15:24 开始操作号码 【1710424】
2024-01-28 01:15:32 GSD getOne 第 1 次 等待 3 秒
2024-01-28 01:15:35 查询号码 【1710424】，返回信息 {"status":"ok","msg":"河北-石家庄","gid":"137007","time_insert":"2021-06-27 04:57"}
2024-01-28 01:15:35 查询号码 【1710424】，GSD为【"河北-石家庄"】

2024-01-28 01:15:36 开始第 523 次操作

2024-01-28 01:15:36 开始操作号码 【1710425】
2024-01-28 01:15:41 GSD getOne 第 1 次 等待 3 秒
2024-01-28 01:15:44 查询号码 【1710425】，返回信息 {"status":"ok","msg":"河北-石家庄","gid":"28724","time_insert":"2017-04-19 11:23","time_update":"2020-08-18 22:19"}
2024-01-28 01:15:44 查询号码 【1710425】，GSD为【"河北-石家庄"】

2024-01-28 01:15:45 开始第 524 次操作

2024-01-28 01:15:45 开始操作号码 【1710426】
2024-01-28 01:15:49 GSD getOne 第 1 次 等待 3 秒
2024-01-28 01:15:52 查询号码 【1710426】，返回信息 {"status":"ok","msg":"河北-石家庄","gid":"137015","time_insert":"2021-06-27 04:58"}
2024-01-28 01:15:52 查询号码 【1710426】，GSD为【"河北-石家庄"】

