2024-01-20 00:21:58 开始第 9601 次操作

2024-01-20 00:21:58 开始操作号码 【1829503】
2024-01-20 00:22:09 GSD getOne 第 1 次 等待 3 秒
2024-01-20 00:22:12 查询号码 【1829503】，返回信息 {"status":"ok","msg":"宁夏-吴忠","gid":"392153","time_insert":"2021-07-25 18:09"}
2024-01-20 00:22:12 查询号码 【1829503】，GSD为【"宁夏-吴忠"】

2024-01-20 00:22:13 开始第 9602 次操作

2024-01-20 00:22:13 开始操作号码 【1829504】
2024-01-20 00:22:17 GSD getOne 第 1 次 等待 3 秒
2024-01-20 00:22:20 查询号码 【1829504】，返回信息 {"status":"ok","msg":"宁夏-固原","gid":"392148","time_insert":"2021-07-25 18:09"}
2024-01-20 00:22:20 查询号码 【1829504】，GSD为【"宁夏-固原"】

2024-01-20 00:22:21 开始第 9603 次操作

2024-01-20 00:22:21 开始操作号码 【1829505】
2024-01-20 00:22:25 GSD getOne 第 1 次 等待 3 秒
2024-01-20 00:22:28 查询号码 【1829505】，返回信息 {"status":"ok","msg":"宁夏-中卫","gid":"392142","time_insert":"2021-07-25 18:08"}
2024-01-20 00:22:28 查询号码 【1829505】，GSD为【"宁夏-中卫"】

2024-01-20 00:22:29 开始第 9604 次操作

2024-01-20 00:22:29 开始操作号码 【1829506】
2024-01-20 00:22:34 GSD getOne 第 1 次 等待 3 秒
2024-01-20 00:22:37 查询号码 【1829506】，返回信息 {"status":"ok","msg":"宁夏-中卫","gid":"392138","time_insert":"2021-07-25 18:07"}
2024-01-20 00:22:37 查询号码 【1829506】，GSD为【"宁夏-中卫"】

2024-01-20 00:41:49 开始第 9605 次操作

2024-01-20 00:41:49 开始操作号码 【1829507】
2024-01-20 00:41:54 GSD getOne 第 1 次 等待 3 秒
2024-01-20 00:41:57 查询号码 【1829507】，返回信息 {"status":"ok","msg":"宁夏-银川","gid":"392133","time_insert":"2021-07-25 18:07"}
2024-01-20 00:41:57 查询号码 【1829507】，GSD为【"宁夏-银川"】

2024-01-20 00:41:58 开始第 9606 次操作

2024-01-20 00:41:58 开始操作号码 【1829508】
2024-01-20 00:42:03 GSD getOne 第 1 次 等待 3 秒
2024-01-20 00:42:06 查询号码 【1829508】，返回信息 {"status":"ok","msg":"宁夏-银川","gid":"392126","time_insert":"2021-07-25 18:06"}
2024-01-20 00:42:06 查询号码 【1829508】，GSD为【"宁夏-银川"】

2024-01-20 00:42:07 开始第 9607 次操作

2024-01-20 00:42:07 开始操作号码 【1829509】
2024-01-20 00:42:13 GSD getOne 第 1 次 等待 3 秒
2024-01-20 00:42:16 查询号码 【1829509】，返回信息 {"status":"ok","msg":"宁夏-银川","gid":"392119","time_insert":"2021-07-25 18:05"}
2024-01-20 00:42:16 查询号码 【1829509】，GSD为【"宁夏-银川"】

2024-01-20 00:42:17 开始第 9608 次操作

2024-01-20 00:42:17 开始操作号码 【1829510】
2024-01-20 00:42:20 GSD getOne 第 1 次 等待 3 秒
2024-01-20 00:42:23 查询号码 【1829510】，返回信息 {"status":"ok","msg":"宁夏-银川","gid":"51916","time_insert":"2021-04-22 10:28"}
2024-01-20 00:42:23 查询号码 【1829510】，GSD为【"宁夏-银川"】

