2023-12-28 00:20:38 开始第 5525 次操作

2023-12-28 00:20:38 开始操作号码 【1825427】
2023-12-28 00:20:41 GSD getOne 第 1 次 等待 3 秒
2023-12-28 00:20:44 查询号码 【1825427】，返回信息 {"status":"ok","msg":"山东-青岛","gid":"429798","time_insert":"2021-07-29 03:48"}
2023-12-28 00:20:45 查询号码 【1825427】，GSD为【"山东-青岛"】

2023-12-28 00:20:46 开始第 5526 次操作

2023-12-28 00:20:46 开始操作号码 【1825428】
2023-12-28 00:20:50 GSD getOne 第 1 次 等待 3 秒
2023-12-28 00:20:53 查询号码 【1825428】，返回信息 {"status":"ok","msg":"山东-青岛","gid":"429788","time_insert":"2021-07-29 03:47"}
2023-12-28 00:20:53 查询号码 【1825428】，GSD为【"山东-青岛"】

2023-12-28 00:20:54 开始第 5527 次操作

2023-12-28 00:20:54 开始操作号码 【1825429】
2023-12-28 00:20:58 GSD getOne 第 1 次 等待 3 秒
2023-12-28 00:21:01 查询号码 【1825429】，返回信息 {"status":"ok","msg":"山东-青岛","gid":"429778","time_insert":"2021-07-29 03:46"}
2023-12-28 00:21:01 查询号码 【1825429】，GSD为【"山东-青岛"】

2023-12-28 00:21:02 开始第 5528 次操作

2023-12-28 00:21:02 开始操作号码 【1825430】
2023-12-28 00:21:05 GSD getOne 第 1 次 等待 3 秒
2023-12-28 00:21:08 查询号码 【1825430】，返回信息 {"status":"ok","msg":"山东-滨州","gid":"429770","time_insert":"2021-07-29 03:46"}
2023-12-28 00:21:08 查询号码 【1825430】，GSD为【"山东-滨州"】

