2024-08-01 00:23:06 开始第 8981 次操作

2024-08-01 00:23:06 开始操作号码 【1498870】
2024-08-01 00:23:15 GSD getOne 第 1 次 等待 3 秒
2024-08-01 00:23:18 查询号码 【1498870】，返回信息 {"status":"ok","msg":"江苏-南京","gid":"362066","time_insert":"2021-07-23 03:50","time_update":"2023-05-26 13:28"}
2024-08-01 00:23:18 查询号码 【1498870】，GSD为【"江苏-南京"】

2024-08-01 00:23:19 开始第 8982 次操作

2024-08-01 00:23:19 开始操作号码 【1498871】
2024-08-01 00:23:27 GSD getOne 第 1 次 等待 3 秒
2024-08-01 00:23:30 查询号码 【1498871】，返回信息 {"status":"ok","msg":"江苏-南京","gid":"362077","time_insert":"2021-07-23 03:50","time_update":"2023-05-26 13:33"}
2024-08-01 00:23:30 查询号码 【1498871】，GSD为【"江苏-南京"】

2024-08-01 00:23:31 开始第 8983 次操作

2024-08-01 00:23:31 开始操作号码 【1498872】
2024-08-01 00:23:40 GSD getOne 第 1 次 等待 3 秒
2024-08-01 00:23:43 查询号码 【1498872】，返回信息 {"status":"ok","msg":"江苏-南京","gid":"362090","time_insert":"2021-07-23 03:51","time_update":"2023-05-26 13:37"}
2024-08-01 00:23:43 查询号码 【1498872】，GSD为【"江苏-南京"】

2024-08-01 00:23:44 开始第 8984 次操作

2024-08-01 00:23:44 开始操作号码 【1498873】
2024-08-01 00:23:52 GSD getOne 第 1 次 等待 3 秒
2024-08-01 00:23:55 查询号码 【1498873】，返回信息 {"status":"ok","msg":"江苏-南京","gid":"362101","time_insert":"2021-07-23 03:52","time_update":"2023-05-26 13:42"}
2024-08-01 00:23:55 查询号码 【1498873】，GSD为【"江苏-南京"】

