2024-12-12 00:13:56 开始第 9717 次操作

2024-12-12 00:13:56 开始操作号码 【1309716】
2024-12-12 00:13:57 GSD getOne 第 1 次 等待 3 秒
2024-12-12 00:14:00 查询号码 【1309716】，返回信息 {"status":"ok","msg":"江西-赣州","gid":"168384","time_insert":"2021-07-01 18:42"}
2024-12-12 00:14:00 查询号码 【1309716】，GSD为【"江西-赣州"】

2024-12-12 00:14:01 开始第 9718 次操作

2024-12-12 00:14:01 开始操作号码 【1309717】
2024-12-12 00:14:03 GSD getOne 第 1 次 等待 3 秒
2024-12-12 00:14:06 查询号码 【1309717】，返回信息 {"status":"ok","msg":"江西-赣州","gid":"168382","time_insert":"2021-07-01 18:41"}
2024-12-12 00:14:06 查询号码 【1309717】，GSD为【"江西-赣州"】

2024-12-12 00:14:07 开始第 9719 次操作

2024-12-12 00:14:07 开始操作号码 【1309718】
2024-12-12 00:14:08 GSD getOne 第 1 次 等待 3 秒
2024-12-12 00:14:11 查询号码 【1309718】，返回信息 {"status":"ok","msg":"江西-景德镇","gid":"168380","time_insert":"2021-07-01 18:41"}
2024-12-12 00:14:11 查询号码 【1309718】，GSD为【"江西-景德镇"】

2024-12-12 00:14:12 开始第 9720 次操作

2024-12-12 00:14:12 开始操作号码 【1309719】
2024-12-12 00:14:13 GSD getOne 第 1 次 等待 3 秒
2024-12-12 00:14:16 查询号码 【1309719】，返回信息 {"status":"ok","msg":"江西-萍乡","gid":"168378","time_insert":"2021-07-01 18:41"}
2024-12-12 00:14:16 查询号码 【1309719】，GSD为【"江西-萍乡"】

2024-12-12 00:45:35 开始第 9721 次操作

2024-12-12 00:45:35 开始操作号码 【1309720】
2024-12-12 00:45:36 GSD getOne 第 1 次 等待 3 秒
2024-12-12 00:45:39 查询号码 【1309720】，返回信息 {"status":"ok","msg":"江西-南昌","gid":"168167","time_insert":"2021-07-01 17:55"}
2024-12-12 00:45:39 查询号码 【1309720】，GSD为【"江西-南昌"】

2024-12-12 00:45:40 开始第 9722 次操作

2024-12-12 00:45:40 开始操作号码 【1309721】
2024-12-12 00:45:40 GSD getOne 第 1 次 等待 3 秒
2024-12-12 00:45:43 查询号码 【1309721】，返回信息 {"status":"ok","msg":"江西-南昌","gid":"168162","time_insert":"2021-07-01 17:54"}
2024-12-12 00:45:43 查询号码 【1309721】，GSD为【"江西-南昌"】

2024-12-12 00:45:45 开始第 9723 次操作

2024-12-12 00:45:45 开始操作号码 【1309722】
2024-12-12 00:45:45 GSD getOne 第 1 次 等待 3 秒
2024-12-12 00:45:48 查询号码 【1309722】，返回信息 {"status":"ok","msg":"江西-吉安","gid":"168157","time_insert":"2021-07-01 17:54"}
2024-12-12 00:45:48 查询号码 【1309722】，GSD为【"江西-吉安"】

2024-12-12 00:45:49 开始第 9724 次操作

2024-12-12 00:45:49 开始操作号码 【1309723】
2024-12-12 00:45:50 GSD getOne 第 1 次 等待 3 秒
2024-12-12 00:45:53 查询号码 【1309723】，返回信息 {"status":"ok","msg":"江西-景德镇","gid":"168150","time_insert":"2021-07-01 17:53"}
2024-12-12 00:45:53 查询号码 【1309723】，GSD为【"江西-景德镇"】

