2024-05-09 00:21:46 开始第 7797 次操作

2024-05-09 00:21:46 开始操作号码 【1607698】
2024-05-09 00:21:53 GSD getOne 第 1 次 等待 3 秒
2024-05-09 00:21:56 查询号码 【1607698】，返回信息 {"status":"ok","msg":"-","gid":"683496","time_insert":"2023-04-29 00:18"}
2024-05-09 00:21:56 查询号码 【1607698】，GSD为【"-"】
2024-05-09 00:21:56 ok && -
2024-05-09 00:21:59 CHB 1607698?1715185316 第 1 次 等待 3 秒
2024-05-09 00:22:02 CHB 1607698?1715185316 第 1 次 获取到号码【1607698】GSD
2024-05-09 00:22:02 未获取到号码【1607698】GSD，可能号码格式错误
2024-05-09 00:22:02 获取到号码【1607698】的GSD为【-】
2024-05-09 00:22:12 GSD insert 第 1 次 等待 3 秒
2024-05-09 00:22:15 {"status":"bad","gid":"683496","msg":"添加失败！号码【1607698(-|-)】已存在！"}
2024-05-09 00:22:15 随机等待 130 秒，约 2 分钟
2024-05-09 00:22:15 下次操作: 2024-05-09 00:24:25

2024-05-09 00:24:25 开始第 7798 次操作

2024-05-09 00:24:25 开始操作号码 【1607699】
2024-05-09 00:24:31 GSD getOne 第 1 次 等待 3 秒
2024-05-09 00:24:34 查询号码 【1607699】，返回信息 {"status":"ok","msg":"-","gid":"683503","time_insert":"2023-04-29 00:29"}
2024-05-09 00:24:34 查询号码 【1607699】，GSD为【"-"】
2024-05-09 00:24:34 ok && -
2024-05-09 00:24:36 CHB 1607699?1715185474 第 1 次 等待 3 秒
2024-05-09 00:24:39 CHB 1607699?1715185474 第 1 次 获取到号码【1607699】GSD
2024-05-09 00:24:39 未获取到号码【1607699】GSD，可能号码格式错误
2024-05-09 00:24:39 获取到号码【1607699】的GSD为【-】
2024-05-09 00:24:44 GSD insert 第 1 次 等待 3 秒
2024-05-09 00:24:47 {"status":"bad","gid":"683503","msg":"添加失败！号码【1607699(-|-)】已存在！"}
2024-05-09 00:24:47 随机等待 181 秒，约 3 分钟
2024-05-09 00:24:47 下次操作: 2024-05-09 00:27:48

2024-05-09 00:27:48 开始第 7799 次操作

2024-05-09 00:27:48 开始操作号码 【1607700】
2024-05-09 00:27:56 GSD getOne 第 1 次 等待 3 秒
2024-05-09 00:27:59 查询号码 【1607700】，返回信息 {"status":"ok","msg":"-","gid":"683523","time_insert":"2023-04-29 00:42"}
2024-05-09 00:27:59 查询号码 【1607700】，GSD为【"-"】
2024-05-09 00:27:59 ok && -
2024-05-09 00:28:01 CHB 1607700?1715185679 第 1 次 等待 3 秒
2024-05-09 00:28:04 CHB 1607700?1715185679 第 1 次 获取到号码【1607700】GSD
2024-05-09 00:28:04 未获取到号码【1607700】GSD，可能号码格式错误
2024-05-09 00:28:04 获取到号码【1607700】的GSD为【-】
2024-05-09 00:28:10 GSD insert 第 1 次 等待 3 秒
2024-05-09 00:28:13 {"status":"bad","gid":"683523","msg":"添加失败！号码【1607700(-|-)】已存在！"}
2024-05-09 00:28:13 随机等待 188 秒，约 3 分钟
2024-05-09 00:28:13 下次操作: 2024-05-09 00:31:21

2024-05-09 00:31:21 开始第 7800 次操作

2024-05-09 00:31:21 开始操作号码 【1607701】
2024-05-09 00:31:26 GSD getOne 第 1 次 等待 3 秒
2024-05-09 00:31:29 查询号码 【1607701】，返回信息 {"status":"ok","msg":"-","gid":"683552","time_insert":"2023-04-29 00:59"}
2024-05-09 00:31:29 查询号码 【1607701】，GSD为【"-"】
2024-05-09 00:31:29 ok && -
2024-05-09 00:31:32 CHB 1607701?1715185889 第 1 次 等待 3 秒
2024-05-09 00:31:35 CHB 1607701?1715185889 第 1 次 获取到号码【1607701】GSD
2024-05-09 00:31:35 未获取到号码【1607701】GSD，可能号码格式错误
2024-05-09 00:31:35 获取到号码【1607701】的GSD为【-】
2024-05-09 00:31:39 GSD insert 第 1 次 等待 3 秒
2024-05-09 00:31:42 {"status":"bad","gid":"683552","msg":"添加失败！号码【1607701(-|-)】已存在！"}

2024-05-09 00:41:35 开始第 7801 次操作

2024-05-09 00:41:35 开始操作号码 【1607702】
2024-05-09 00:41:41 GSD getOne 第 1 次 等待 3 秒
2024-05-09 00:41:44 查询号码 【1607702】，返回信息 {"status":"ok","msg":"-","gid":"683578","time_insert":"2023-04-29 01:16"}
2024-05-09 00:41:44 查询号码 【1607702】，GSD为【"-"】
2024-05-09 00:41:44 ok && -
2024-05-09 00:41:46 CHB 1607702?1715186504 第 1 次 等待 3 秒
2024-05-09 00:41:49 CHB 1607702?1715186504 第 1 次 获取到号码【1607702】GSD
2024-05-09 00:41:49 未获取到号码【1607702】GSD，可能号码格式错误
2024-05-09 00:41:49 获取到号码【1607702】的GSD为【-】
2024-05-09 00:41:58 GSD insert 第 1 次 等待 3 秒
2024-05-09 00:42:01 {"status":"bad","gid":"683578","msg":"添加失败！号码【1607702(-|-)】已存在！"}
2024-05-09 00:42:01 随机等待 169 秒，约 2 分钟
2024-05-09 00:42:01 下次操作: 2024-05-09 00:44:50

2024-05-09 00:44:50 开始第 7802 次操作

2024-05-09 00:44:50 开始操作号码 【1607703】
2024-05-09 00:45:02 GSD getOne 第 1 次 等待 3 秒
2024-05-09 00:45:05 查询号码 【1607703】，返回信息 {"status":"ok","msg":"-","gid":"683596","time_insert":"2023-04-29 01:29"}
2024-05-09 00:45:05 查询号码 【1607703】，GSD为【"-"】
2024-05-09 00:45:05 ok && -
2024-05-09 00:45:07 CHB 1607703?1715186705 第 1 次 等待 3 秒
2024-05-09 00:45:10 CHB 1607703?1715186705 第 1 次 获取到号码【1607703】GSD
2024-05-09 00:45:10 未获取到号码【1607703】GSD，可能号码格式错误
2024-05-09 00:45:10 获取到号码【1607703】的GSD为【-】
2024-05-09 00:45:16 GSD insert 第 1 次 等待 3 秒
2024-05-09 00:45:19 {"status":"bad","gid":"683596","msg":"添加失败！号码【1607703(-|-)】已存在！"}
2024-05-09 00:45:19 随机等待 89 秒，约 1 分钟
2024-05-09 00:45:19 下次操作: 2024-05-09 00:46:48

2024-05-09 00:46:48 开始第 7803 次操作

2024-05-09 00:46:48 开始操作号码 【1607704】
2024-05-09 00:46:57 GSD getOne 第 1 次 等待 3 秒
2024-05-09 00:47:00 查询号码 【1607704】，返回信息 {"status":"ok","msg":"-","gid":"683613","time_insert":"2023-04-29 01:41"}
2024-05-09 00:47:00 查询号码 【1607704】，GSD为【"-"】
2024-05-09 00:47:00 ok && -
2024-05-09 00:47:01 CHB 1607704?1715186820 第 1 次 等待 3 秒
2024-05-09 00:47:04 CHB 1607704?1715186820 第 1 次 获取到号码【1607704】GSD
2024-05-09 00:47:04 未获取到号码【1607704】GSD，可能号码格式错误
2024-05-09 00:47:04 获取到号码【1607704】的GSD为【-】
2024-05-09 00:47:09 GSD insert 第 1 次 等待 3 秒
2024-05-09 00:47:12 {"status":"bad","gid":"683613","msg":"添加失败！号码【1607704(-|-)】已存在！"}
2024-05-09 00:47:12 随机等待 204 秒，约 3 分钟
2024-05-09 00:47:12 下次操作: 2024-05-09 00:50:36

2024-05-09 00:50:36 开始第 7804 次操作

2024-05-09 00:50:36 开始操作号码 【1607705】
2024-05-09 00:50:44 GSD getOne 第 1 次 等待 3 秒
2024-05-09 00:50:47 查询号码 【1607705】，返回信息 {"status":"ok","msg":"-","gid":"683636","time_insert":"2023-04-29 01:53"}
2024-05-09 00:50:47 查询号码 【1607705】，GSD为【"-"】
2024-05-09 00:50:47 ok && -
2024-05-09 00:50:49 CHB 1607705?1715187047 第 1 次 等待 3 秒
2024-05-09 00:50:52 CHB 1607705?1715187047 第 1 次 获取到号码【1607705】GSD
2024-05-09 00:50:52 未获取到号码【1607705】GSD，可能号码格式错误
2024-05-09 00:50:52 获取到号码【1607705】的GSD为【-】
2024-05-09 00:50:57 GSD insert 第 1 次 等待 3 秒
2024-05-09 00:51:00 {"status":"bad","gid":"683636","msg":"添加失败！号码【1607705(-|-)】已存在！"}

