2024-10-19 00:12:35 开始第 253 次操作

2024-10-19 00:12:35 开始操作号码 【1300252】
2024-10-19 00:12:36 GSD getOne 第 1 次 等待 3 秒
2024-10-19 00:12:39 查询号码 【1300252】，返回信息 {"status":"ok","msg":"江苏-南京","gid":"47113","time_insert":"2021-02-27 11:14"}
2024-10-19 00:12:39 查询号码 【1300252】，GSD为【"江苏-南京"】

2024-10-19 00:12:40 开始第 254 次操作

2024-10-19 00:12:40 开始操作号码 【1300253】
2024-10-19 00:12:42 GSD getOne 第 1 次 等待 3 秒
2024-10-19 00:12:45 查询号码 【1300253】，返回信息 {"status":"ok","msg":"江苏-南京","gid":"47114","time_insert":"2021-02-27 11:47"}
2024-10-19 00:12:45 查询号码 【1300253】，GSD为【"江苏-南京"】

2024-10-19 00:12:46 开始第 255 次操作

2024-10-19 00:12:46 开始操作号码 【1300254】
2024-10-19 00:12:47 GSD getOne 第 1 次 等待 3 秒
2024-10-19 00:12:50 查询号码 【1300254】，返回信息 {"status":"ok","msg":"江苏-南京","gid":"47115","time_insert":"2021-02-27 12:22"}
2024-10-19 00:12:50 查询号码 【1300254】，GSD为【"江苏-南京"】

2024-10-19 00:12:51 开始第 256 次操作

2024-10-19 00:12:51 开始操作号码 【1300255】
2024-10-19 00:12:52 GSD getOne 第 1 次 等待 3 秒
2024-10-19 00:12:55 查询号码 【1300255】，返回信息 {"status":"ok","msg":"江苏-南京","gid":"47116","time_insert":"2021-02-27 12:55"}
2024-10-19 00:12:55 查询号码 【1300255】，GSD为【"江苏-南京"】

