2024-10-25 00:12:17 开始第 1305 次操作

2024-10-25 00:12:17 开始操作号码 【1301304】
2024-10-25 00:12:19 GSD getOne 第 1 次 等待 3 秒
2024-10-25 00:12:22 查询号码 【1301304】，返回信息 {"status":"ok","msg":"安徽-池州","gid":"48086","time_insert":"2021-03-20 03:45"}
2024-10-25 00:12:22 查询号码 【1301304】，GSD为【"安徽-池州"】

2024-10-25 00:12:23 开始第 1306 次操作

2024-10-25 00:12:23 开始操作号码 【1301305】
2024-10-25 00:12:24 GSD getOne 第 1 次 等待 3 秒
2024-10-25 00:12:27 查询号码 【1301305】，返回信息 {"status":"ok","msg":"安徽-淮南","gid":"48087","time_insert":"2021-03-20 04:19"}
2024-10-25 00:12:27 查询号码 【1301305】，GSD为【"安徽-淮南"】

2024-10-25 00:12:28 开始第 1307 次操作

2024-10-25 00:12:28 开始操作号码 【1301306】
2024-10-25 00:12:29 GSD getOne 第 1 次 等待 3 秒
2024-10-25 00:12:32 查询号码 【1301306】，返回信息 {"status":"ok","msg":"安徽-合肥","gid":"48088","time_insert":"2021-03-20 04:53"}
2024-10-25 00:12:32 查询号码 【1301306】，GSD为【"安徽-合肥"】

2024-10-25 00:12:33 开始第 1308 次操作

2024-10-25 00:12:33 开始操作号码 【1301307】
2024-10-25 00:12:34 GSD getOne 第 1 次 等待 3 秒
2024-10-25 00:12:37 查询号码 【1301307】，返回信息 {"status":"ok","msg":"安徽-合肥","gid":"48089","time_insert":"2021-03-20 05:23"}
2024-10-25 00:12:37 查询号码 【1301307】，GSD为【"安徽-合肥"】

2024-10-25 00:43:02 开始第 1309 次操作

2024-10-25 00:43:02 开始操作号码 【1301308】
2024-10-25 00:43:04 GSD getOne 第 1 次 等待 3 秒
2024-10-25 00:43:07 查询号码 【1301308】，返回信息 {"status":"ok","msg":"安徽-合肥","gid":"48090","time_insert":"2021-03-20 05:57"}
2024-10-25 00:43:07 查询号码 【1301308】，GSD为【"安徽-合肥"】

2024-10-25 00:43:08 开始第 1310 次操作

2024-10-25 00:43:08 开始操作号码 【1301309】
2024-10-25 00:43:09 GSD getOne 第 1 次 等待 3 秒
2024-10-25 00:43:12 查询号码 【1301309】，返回信息 {"status":"ok","msg":"安徽-合肥","gid":"48091","time_insert":"2021-03-20 06:36"}
2024-10-25 00:43:12 查询号码 【1301309】，GSD为【"安徽-合肥"】

2024-10-25 00:43:13 开始第 1311 次操作

2024-10-25 00:43:13 开始操作号码 【1301310】
2024-10-25 00:43:14 GSD getOne 第 1 次 等待 3 秒
2024-10-25 00:43:17 查询号码 【1301310】，返回信息 {"status":"ok","msg":"安徽-马鞍山","gid":"48092","time_insert":"2021-03-20 07:14"}
2024-10-25 00:43:17 查询号码 【1301310】，GSD为【"安徽-马鞍山"】

2024-10-25 00:43:18 开始第 1312 次操作

2024-10-25 00:43:18 开始操作号码 【1301311】
2024-10-25 00:43:19 GSD getOne 第 1 次 等待 3 秒
2024-10-25 00:43:22 查询号码 【1301311】，返回信息 {"status":"ok","msg":"安徽-马鞍山","gid":"48093","time_insert":"2021-03-20 07:49"}
2024-10-25 00:43:22 查询号码 【1301311】，GSD为【"安徽-马鞍山"】

