2023-09-29 00:20:53 开始第 465 次操作

2023-09-29 00:20:53 开始操作号码 【1920464】
2023-09-29 00:21:01 GSD getOne 第 1 次 等待 3 秒
2023-09-29 00:21:04 查询号码 【1920464】，返回信息 {"status":"ok","msg":"黑龙江-七台河","gid":"541206","time_insert":"2023-02-19 22:18"}
2023-09-29 00:21:04 查询号码 【1920464】，GSD为【"黑龙江-七台河"】

2023-09-29 00:21:05 开始第 466 次操作

2023-09-29 00:21:05 开始操作号码 【1920465】
2023-09-29 00:21:07 GSD getOne 第 1 次 等待 3 秒
2023-09-29 00:21:10 查询号码 【1920465】，返回信息 {"status":"ok","msg":"黑龙江-哈尔滨","gid":"541233","time_insert":"2023-02-19 22:35"}
2023-09-29 00:21:11 查询号码 【1920465】，GSD为【"黑龙江-哈尔滨"】

2023-09-29 00:21:12 开始第 467 次操作

2023-09-29 00:21:12 开始操作号码 【1920466】
2023-09-29 00:21:13 GSD getOne 第 1 次 等待 3 秒
2023-09-29 00:21:16 查询号码 【1920466】，返回信息 {"status":"ok","msg":"黑龙江-哈尔滨","gid":"541271","time_insert":"2023-02-19 22:53"}
2023-09-29 00:21:16 查询号码 【1920466】，GSD为【"黑龙江-哈尔滨"】

2023-09-29 00:21:17 开始第 468 次操作

2023-09-29 00:21:17 开始操作号码 【1920467】
2023-09-29 00:21:29 GSD getOne 第 1 次 等待 3 秒
2023-09-29 00:21:32 查询号码 【1920467】，返回信息 {"status":"ok","msg":"黑龙江-鸡西","gid":"541297","time_insert":"2023-02-19 23:09"}
2023-09-29 00:21:32 查询号码 【1920467】，GSD为【"黑龙江-鸡西"】

