2024-07-05 00:21:41 开始第 4249 次操作

2024-07-05 00:21:41 开始操作号码 【1494140】
2024-07-05 00:21:49 GSD getOne 第 1 次 等待 3 秒
2024-07-05 00:21:52 查询号码 【1494140】，返回信息 {"status":"ok","msg":"-","gid":"300643","time_insert":"2021-07-17 06:41"}
2024-07-05 00:21:52 查询号码 【1494140】，GSD为【"-"】
2024-07-05 00:21:52 ok && -
2024-07-05 00:21:54 CHB 1494140?1720110112 第 1 次 等待 3 秒
2024-07-05 00:21:57 CHB 1494140?1720110112 第 1 次 获取到号码【1494140】GSD
2024-07-05 00:21:57 未获取到号码【1494140】GSD，可能号码格式错误
2024-07-05 00:21:57 获取到号码【1494140】的GSD为【-】
2024-07-05 00:22:05 GSD insert 第 1 次 等待 3 秒
2024-07-05 00:22:08 {"status":"bad","gid":"300643","msg":"添加失败！号码【1494140(-|-)】已存在！"}
2024-07-05 00:22:08 随机等待 148 秒，约 2 分钟
2024-07-05 00:22:08 下次操作: 2024-07-05 00:24:36

2024-07-05 00:24:36 开始第 4250 次操作

2024-07-05 00:24:36 开始操作号码 【1494141】
2024-07-05 00:24:44 GSD getOne 第 1 次 等待 3 秒
2024-07-05 00:24:47 查询号码 【1494141】，返回信息 {"status":"ok","msg":"-","gid":"300650","time_insert":"2021-07-17 06:41"}
2024-07-05 00:24:47 查询号码 【1494141】，GSD为【"-"】
2024-07-05 00:24:47 ok && -
2024-07-05 00:24:49 CHB 1494141?1720110287 第 1 次 等待 3 秒
2024-07-05 00:24:52 CHB 1494141?1720110287 第 1 次 获取到号码【1494141】GSD
2024-07-05 00:24:52 未获取到号码【1494141】GSD，可能号码格式错误
2024-07-05 00:24:52 获取到号码【1494141】的GSD为【-】
2024-07-05 00:25:00 GSD insert 第 1 次 等待 3 秒
2024-07-05 00:25:03 {"status":"bad","gid":"300650","msg":"添加失败！号码【1494141(-|-)】已存在！"}
2024-07-05 00:25:03 随机等待 161 秒，约 2 分钟
2024-07-05 00:25:03 下次操作: 2024-07-05 00:27:44

2024-07-05 00:27:44 开始第 4251 次操作

2024-07-05 00:27:44 开始操作号码 【1494142】
2024-07-05 00:27:52 GSD getOne 第 1 次 等待 3 秒
2024-07-05 00:27:55 查询号码 【1494142】，返回信息 {"status":"ok","msg":"-","gid":"300657","time_insert":"2021-07-17 06:42"}
2024-07-05 00:27:55 查询号码 【1494142】，GSD为【"-"】
2024-07-05 00:27:55 ok && -
2024-07-05 00:27:57 CHB 1494142?1720110475 第 1 次 等待 3 秒
2024-07-05 00:28:00 CHB 1494142?1720110475 第 1 次 获取到号码【1494142】GSD
2024-07-05 00:28:00 未获取到号码【1494142】GSD，可能号码格式错误
2024-07-05 00:28:00 获取到号码【1494142】的GSD为【-】
2024-07-05 00:28:07 GSD insert 第 1 次 等待 3 秒
2024-07-05 00:28:10 {"status":"bad","gid":"300657","msg":"添加失败！号码【1494142(-|-)】已存在！"}
2024-07-05 00:28:10 随机等待 222 秒，约 3 分钟
2024-07-05 00:28:10 下次操作: 2024-07-05 00:31:52

2024-07-05 00:31:52 开始第 4252 次操作

2024-07-05 00:31:52 开始操作号码 【1494143】
2024-07-05 00:32:01 GSD getOne 第 1 次 等待 3 秒
2024-07-05 00:32:04 查询号码 【1494143】，返回信息 {"status":"ok","msg":"-","gid":"300664","time_insert":"2021-07-17 06:43"}
2024-07-05 00:32:04 查询号码 【1494143】，GSD为【"-"】
2024-07-05 00:32:04 ok && -
2024-07-05 00:32:06 CHB 1494143?1720110724 第 1 次 等待 3 秒
2024-07-05 00:32:09 CHB 1494143?1720110724 第 1 次 获取到号码【1494143】GSD
2024-07-05 00:32:09 未获取到号码【1494143】GSD，可能号码格式错误
2024-07-05 00:32:09 获取到号码【1494143】的GSD为【-】
2024-07-05 00:32:17 GSD insert 第 1 次 等待 3 秒
2024-07-05 00:32:20 {"status":"bad","gid":"300664","msg":"添加失败！号码【1494143(-|-)】已存在！"}

2024-07-05 00:40:25 开始第 4253 次操作

2024-07-05 00:40:25 开始操作号码 【1494144】
2024-07-05 00:40:36 GSD getOne 第 1 次 等待 3 秒
2024-07-05 00:40:39 查询号码 【1494144】，返回信息 {"status":"ok","msg":"-","gid":"300671","time_insert":"2021-07-17 06:43"}
2024-07-05 00:40:39 查询号码 【1494144】，GSD为【"-"】
2024-07-05 00:40:39 ok && -
2024-07-05 00:40:41 CHB 1494144?1720111239 第 1 次 等待 3 秒
2024-07-05 00:40:44 CHB 1494144?1720111239 第 1 次 获取到号码【1494144】GSD
2024-07-05 00:40:44 未获取到号码【1494144】GSD，可能号码格式错误
2024-07-05 00:40:44 获取到号码【1494144】的GSD为【-】
2024-07-05 00:40:55 GSD insert 第 1 次 等待 3 秒
2024-07-05 00:40:58 {"status":"bad","gid":"300671","msg":"添加失败！号码【1494144(-|-)】已存在！"}
2024-07-05 00:40:58 随机等待 179 秒，约 2 分钟
2024-07-05 00:40:58 下次操作: 2024-07-05 00:43:57

2024-07-05 00:43:57 开始第 4254 次操作

2024-07-05 00:43:57 开始操作号码 【1494145】
2024-07-05 00:44:05 GSD getOne 第 1 次 等待 3 秒
2024-07-05 00:44:08 查询号码 【1494145】，返回信息 {"status":"ok","msg":"-","gid":"300679","time_insert":"2021-07-17 06:44"}
2024-07-05 00:44:08 查询号码 【1494145】，GSD为【"-"】
2024-07-05 00:44:08 ok && -
2024-07-05 00:44:10 CHB 1494145?1720111448 第 1 次 等待 3 秒
2024-07-05 00:44:13 CHB 1494145?1720111448 第 1 次 获取到号码【1494145】GSD
2024-07-05 00:44:13 未获取到号码【1494145】GSD，可能号码格式错误
2024-07-05 00:44:13 获取到号码【1494145】的GSD为【-】
2024-07-05 00:44:29 GSD insert 第 1 次 等待 3 秒
2024-07-05 00:44:33 {"status":"bad","gid":"300679","msg":"添加失败！号码【1494145(-|-)】已存在！"}
2024-07-05 00:44:33 随机等待 107 秒，约 1 分钟
2024-07-05 00:44:33 下次操作: 2024-07-05 00:46:20

2024-07-05 00:46:20 开始第 4255 次操作

2024-07-05 00:46:20 开始操作号码 【1494146】
2024-07-05 00:46:27 GSD getOne 第 1 次 等待 3 秒
2024-07-05 00:46:30 查询号码 【1494146】，返回信息 {"status":"ok","msg":"-","gid":"300684","time_insert":"2021-07-17 06:44"}
2024-07-05 00:46:30 查询号码 【1494146】，GSD为【"-"】
2024-07-05 00:46:30 ok && -
2024-07-05 00:46:32 CHB 1494146?1720111590 第 1 次 等待 3 秒
2024-07-05 00:46:35 CHB 1494146?1720111590 第 1 次 获取到号码【1494146】GSD
2024-07-05 00:46:35 未获取到号码【1494146】GSD，可能号码格式错误
2024-07-05 00:46:35 获取到号码【1494146】的GSD为【-】
2024-07-05 00:46:43 GSD insert 第 1 次 等待 3 秒
2024-07-05 00:46:47 {"status":"bad","gid":"300684","msg":"添加失败！号码【1494146(-|-)】已存在！"}
2024-07-05 00:46:47 随机等待 209 秒，约 3 分钟
2024-07-05 00:46:47 下次操作: 2024-07-05 00:50:16

2024-07-05 00:50:16 开始第 4256 次操作

2024-07-05 00:50:16 开始操作号码 【1494147】
2024-07-05 00:50:23 GSD getOne 第 1 次 等待 3 秒
2024-07-05 00:50:26 查询号码 【1494147】，返回信息 {"status":"ok","msg":"-","gid":"300692","time_insert":"2021-07-17 06:45"}
2024-07-05 00:50:26 查询号码 【1494147】，GSD为【"-"】
2024-07-05 00:50:26 ok && -
2024-07-05 00:50:28 CHB 1494147?1720111826 第 1 次 等待 3 秒
2024-07-05 00:50:31 CHB 1494147?1720111826 第 1 次 获取到号码【1494147】GSD
2024-07-05 00:50:31 未获取到号码【1494147】GSD，可能号码格式错误
2024-07-05 00:50:31 获取到号码【1494147】的GSD为【-】
2024-07-05 00:50:40 GSD insert 第 1 次 等待 3 秒
2024-07-05 00:50:43 {"status":"bad","gid":"300692","msg":"添加失败！号码【1494147(-|-)】已存在！"}

2024-07-05 01:16:35 开始第 4257 次操作

2024-07-05 01:16:35 开始操作号码 【1494148】
2024-07-05 01:16:43 GSD getOne 第 1 次 等待 3 秒
2024-07-05 01:16:46 查询号码 【1494148】，返回信息 {"status":"ok","msg":"-","gid":"300698","time_insert":"2021-07-17 06:46"}
2024-07-05 01:16:46 查询号码 【1494148】，GSD为【"-"】
2024-07-05 01:16:46 ok && -
2024-07-05 01:16:49 CHB 1494148?1720113406 第 1 次 等待 3 秒
2024-07-05 01:16:52 CHB 1494148?1720113406 第 1 次 获取到号码【1494148】GSD
2024-07-05 01:16:52 未获取到号码【1494148】GSD，可能号码格式错误
2024-07-05 01:16:52 获取到号码【1494148】的GSD为【-】
2024-07-05 01:17:01 GSD insert 第 1 次 等待 3 秒
2024-07-05 01:17:04 {"status":"bad","gid":"300698","msg":"添加失败！号码【1494148(-|-)】已存在！"}
2024-07-05 01:17:04 随机等待 92 秒，约 1 分钟
2024-07-05 01:17:04 下次操作: 2024-07-05 01:18:36

2024-07-05 01:18:36 开始第 4258 次操作

2024-07-05 01:18:36 开始操作号码 【1494149】
2024-07-05 01:18:44 GSD getOne 第 1 次 等待 3 秒
2024-07-05 01:18:47 查询号码 【1494149】，返回信息 {"status":"ok","msg":"-","gid":"300708","time_insert":"2021-07-17 06:46"}
2024-07-05 01:18:47 查询号码 【1494149】，GSD为【"-"】
2024-07-05 01:18:47 ok && -
2024-07-05 01:18:49 CHB 1494149?1720113527 第 1 次 等待 3 秒
2024-07-05 01:18:52 CHB 1494149?1720113527 第 1 次 获取到号码【1494149】GSD
2024-07-05 01:18:52 未获取到号码【1494149】GSD，可能号码格式错误
2024-07-05 01:18:52 获取到号码【1494149】的GSD为【-】
2024-07-05 01:19:00 GSD insert 第 1 次 等待 3 秒
2024-07-05 01:19:03 {"status":"bad","gid":"300708","msg":"添加失败！号码【1494149(-|-)】已存在！"}
2024-07-05 01:19:03 随机等待 170 秒，约 2 分钟
2024-07-05 01:19:03 下次操作: 2024-07-05 01:21:53

2024-07-05 01:21:53 开始第 4259 次操作

2024-07-05 01:21:53 开始操作号码 【1494150】
2024-07-05 01:22:01 GSD getOne 第 1 次 等待 3 秒
2024-07-05 01:22:04 查询号码 【1494150】，返回信息 {"status":"ok","msg":"-","gid":"300714","time_insert":"2021-07-17 06:47"}
2024-07-05 01:22:04 查询号码 【1494150】，GSD为【"-"】
2024-07-05 01:22:04 ok && -
2024-07-05 01:22:07 CHB 1494150?1720113724 第 1 次 等待 3 秒
2024-07-05 01:22:10 CHB 1494150?1720113724 第 1 次 获取到号码【1494150】GSD
2024-07-05 01:22:10 未获取到号码【1494150】GSD，可能号码格式错误
2024-07-05 01:22:10 获取到号码【1494150】的GSD为【-】
2024-07-05 01:22:19 GSD insert 第 1 次 等待 3 秒
2024-07-05 01:22:22 {"status":"bad","gid":"300714","msg":"添加失败！号码【1494150(-|-)】已存在！"}
2024-07-05 01:22:22 随机等待 200 秒，约 3 分钟
2024-07-05 01:22:22 下次操作: 2024-07-05 01:25:42

2024-07-05 01:25:42 开始第 4260 次操作

2024-07-05 01:25:42 开始操作号码 【1494151】
2024-07-05 01:25:50 GSD getOne 第 1 次 等待 3 秒
2024-07-05 01:25:53 查询号码 【1494151】，返回信息 {"status":"ok","msg":"-","gid":"300723","time_insert":"2021-07-17 06:47"}
2024-07-05 01:25:53 查询号码 【1494151】，GSD为【"-"】
2024-07-05 01:25:53 ok && -
2024-07-05 01:25:55 CHB 1494151?1720113953 第 1 次 等待 3 秒
2024-07-05 01:25:58 CHB 1494151?1720113953 第 1 次 获取到号码【1494151】GSD
2024-07-05 01:25:58 未获取到号码【1494151】GSD，可能号码格式错误
2024-07-05 01:25:58 获取到号码【1494151】的GSD为【-】
2024-07-05 01:26:06 GSD insert 第 1 次 等待 3 秒
2024-07-05 01:26:09 {"status":"bad","gid":"300723","msg":"添加失败！号码【1494151(-|-)】已存在！"}

2024-07-05 01:37:22 开始第 4261 次操作

2024-07-05 01:37:22 开始操作号码 【1494152】
2024-07-05 01:37:34 GSD getOne 第 1 次 等待 3 秒
2024-07-05 01:37:37 查询号码 【1494152】，返回信息 {"status":"ok","msg":"-","gid":"300728","time_insert":"2021-07-17 06:48"}
2024-07-05 01:37:37 查询号码 【1494152】，GSD为【"-"】
2024-07-05 01:37:37 ok && -
2024-07-05 01:37:39 CHB 1494152?1720114657 第 1 次 等待 3 秒
2024-07-05 01:37:42 CHB 1494152?1720114657 第 1 次 获取到号码【1494152】GSD
2024-07-05 01:37:42 未获取到号码【1494152】GSD，可能号码格式错误
2024-07-05 01:37:42 获取到号码【1494152】的GSD为【-】
2024-07-05 01:37:51 GSD insert 第 1 次 等待 3 秒
2024-07-05 01:37:54 {"status":"bad","gid":"300728","msg":"添加失败！号码【1494152(-|-)】已存在！"}
2024-07-05 01:37:54 随机等待 80 秒，约 1 分钟
2024-07-05 01:37:54 下次操作: 2024-07-05 01:39:14

2024-07-05 01:39:14 开始第 4262 次操作

2024-07-05 01:39:14 开始操作号码 【1494153】
2024-07-05 01:39:22 GSD getOne 第 1 次 等待 3 秒
2024-07-05 01:39:25 查询号码 【1494153】，返回信息 {"status":"ok","msg":"-","gid":"300734","time_insert":"2021-07-17 06:49"}
2024-07-05 01:39:25 查询号码 【1494153】，GSD为【"-"】
2024-07-05 01:39:25 ok && -
2024-07-05 01:39:28 CHB 1494153?1720114765 第 1 次 等待 3 秒
2024-07-05 01:39:31 CHB 1494153?1720114765 第 1 次 获取到号码【1494153】GSD
2024-07-05 01:39:31 未获取到号码【1494153】GSD，可能号码格式错误
2024-07-05 01:39:31 获取到号码【1494153】的GSD为【-】
2024-07-05 01:39:39 GSD insert 第 1 次 等待 3 秒
2024-07-05 01:39:42 {"status":"bad","gid":"300734","msg":"添加失败！号码【1494153(-|-)】已存在！"}
2024-07-05 01:39:42 随机等待 142 秒，约 2 分钟
2024-07-05 01:39:42 下次操作: 2024-07-05 01:42:04

2024-07-05 01:42:04 开始第 4263 次操作

2024-07-05 01:42:04 开始操作号码 【1494154】
2024-07-05 01:42:12 GSD getOne 第 1 次 等待 3 秒
2024-07-05 01:42:15 查询号码 【1494154】，返回信息 {"status":"ok","msg":"-","gid":"300741","time_insert":"2021-07-17 06:49"}
2024-07-05 01:42:15 查询号码 【1494154】，GSD为【"-"】
2024-07-05 01:42:15 ok && -
2024-07-05 01:42:18 CHB 1494154?1720114935 第 1 次 等待 3 秒
2024-07-05 01:42:21 CHB 1494154?1720114935 第 1 次 获取到号码【1494154】GSD
2024-07-05 01:42:21 未获取到号码【1494154】GSD，可能号码格式错误
2024-07-05 01:42:21 获取到号码【1494154】的GSD为【-】
2024-07-05 01:42:29 GSD insert 第 1 次 等待 3 秒
2024-07-05 01:42:32 {"status":"bad","gid":"300741","msg":"添加失败！号码【1494154(-|-)】已存在！"}
2024-07-05 01:42:32 随机等待 158 秒，约 2 分钟
2024-07-05 01:42:32 下次操作: 2024-07-05 01:45:10

2024-07-05 01:45:10 开始第 4264 次操作

2024-07-05 01:45:10 开始操作号码 【1494155】
2024-07-05 01:45:18 GSD getOne 第 1 次 等待 3 秒
2024-07-05 01:45:21 查询号码 【1494155】，返回信息 {"status":"ok","msg":"-","gid":"300747","time_insert":"2021-07-17 06:50"}
2024-07-05 01:45:21 查询号码 【1494155】，GSD为【"-"】
2024-07-05 01:45:21 ok && -
2024-07-05 01:45:23 CHB 1494155?1720115121 第 1 次 等待 3 秒
2024-07-05 01:45:26 CHB 1494155?1720115121 第 1 次 获取到号码【1494155】GSD
2024-07-05 01:45:27 未获取到号码【1494155】GSD，可能号码格式错误
2024-07-05 01:45:27 获取到号码【1494155】的GSD为【-】
2024-07-05 01:45:34 GSD insert 第 1 次 等待 3 秒
2024-07-05 01:45:37 {"status":"bad","gid":"300747","msg":"添加失败！号码【1494155(-|-)】已存在！"}

2024-07-05 02:23:52 开始第 4265 次操作

2024-07-05 02:23:52 开始操作号码 【1494156】
2024-07-05 02:24:00 GSD getOne 第 1 次 等待 3 秒
2024-07-05 02:24:03 查询号码 【1494156】，返回信息 {"status":"ok","msg":"-","gid":"300754","time_insert":"2021-07-17 06:50"}
2024-07-05 02:24:03 查询号码 【1494156】，GSD为【"-"】
2024-07-05 02:24:03 ok && -
2024-07-05 02:24:05 CHB 1494156?1720117443 第 1 次 等待 3 秒
2024-07-05 02:24:08 CHB 1494156?1720117443 第 1 次 获取到号码【1494156】GSD
2024-07-05 02:24:08 未获取到号码【1494156】GSD，可能号码格式错误
2024-07-05 02:24:08 获取到号码【1494156】的GSD为【-】
2024-07-05 02:24:16 GSD insert 第 1 次 等待 3 秒
2024-07-05 02:24:19 {"status":"bad","gid":"300754","msg":"添加失败！号码【1494156(-|-)】已存在！"}
2024-07-05 02:24:19 随机等待 105 秒，约 1 分钟
2024-07-05 02:24:19 下次操作: 2024-07-05 02:26:04

2024-07-05 02:26:04 开始第 4266 次操作

2024-07-05 02:26:04 开始操作号码 【1494157】
2024-07-05 02:26:12 GSD getOne 第 1 次 等待 3 秒
2024-07-05 02:26:15 查询号码 【1494157】，返回信息 {"status":"ok","msg":"-","gid":"300761","time_insert":"2021-07-17 06:51"}
2024-07-05 02:26:15 查询号码 【1494157】，GSD为【"-"】
2024-07-05 02:26:15 ok && -
2024-07-05 02:26:17 CHB 1494157?1720117575 第 1 次 等待 3 秒
2024-07-05 02:26:20 CHB 1494157?1720117575 第 1 次 获取到号码【1494157】GSD
2024-07-05 02:26:20 未获取到号码【1494157】GSD，可能号码格式错误
2024-07-05 02:26:20 获取到号码【1494157】的GSD为【-】
2024-07-05 02:26:28 GSD insert 第 1 次 等待 3 秒
2024-07-05 02:26:31 {"status":"bad","gid":"300761","msg":"添加失败！号码【1494157(-|-)】已存在！"}
2024-07-05 02:26:31 随机等待 181 秒，约 3 分钟
2024-07-05 02:26:31 下次操作: 2024-07-05 02:29:32

2024-07-05 02:29:32 开始第 4267 次操作

2024-07-05 02:29:32 开始操作号码 【1494158】
2024-07-05 02:29:40 GSD getOne 第 1 次 等待 3 秒
2024-07-05 02:29:43 查询号码 【1494158】，返回信息 {"status":"ok","msg":"-","gid":"300768","time_insert":"2021-07-17 06:52"}
2024-07-05 02:29:43 查询号码 【1494158】，GSD为【"-"】
2024-07-05 02:29:43 ok && -
2024-07-05 02:29:45 CHB 1494158?1720117783 第 1 次 等待 3 秒
2024-07-05 02:29:48 CHB 1494158?1720117783 第 1 次 获取到号码【1494158】GSD
2024-07-05 02:29:48 未获取到号码【1494158】GSD，可能号码格式错误
2024-07-05 02:29:48 获取到号码【1494158】的GSD为【-】
2024-07-05 02:29:56 GSD insert 第 1 次 等待 3 秒
2024-07-05 02:29:59 {"status":"bad","gid":"300768","msg":"添加失败！号码【1494158(-|-)】已存在！"}
2024-07-05 02:29:59 随机等待 106 秒，约 1 分钟
2024-07-05 02:29:59 下次操作: 2024-07-05 02:31:45

2024-07-05 02:31:45 开始第 4268 次操作

2024-07-05 02:31:45 开始操作号码 【1494159】
2024-07-05 02:31:53 GSD getOne 第 1 次 等待 3 秒
2024-07-05 02:31:56 查询号码 【1494159】，返回信息 {"status":"ok","msg":"-","gid":"300773","time_insert":"2021-07-17 06:52"}
2024-07-05 02:31:56 查询号码 【1494159】，GSD为【"-"】
2024-07-05 02:31:56 ok && -
2024-07-05 02:31:58 CHB 1494159?1720117916 第 1 次 等待 3 秒
2024-07-05 02:32:01 CHB 1494159?1720117916 第 1 次 获取到号码【1494159】GSD
2024-07-05 02:32:01 未获取到号码【1494159】GSD，可能号码格式错误
2024-07-05 02:32:01 获取到号码【1494159】的GSD为【-】
2024-07-05 02:32:09 GSD insert 第 1 次 等待 3 秒
2024-07-05 02:32:12 {"status":"bad","gid":"300773","msg":"添加失败！号码【1494159(-|-)】已存在！"}

2024-07-05 02:39:51 开始第 4269 次操作

2024-07-05 02:39:51 开始操作号码 【1494160】
2024-07-05 02:40:00 GSD getOne 第 1 次 等待 3 秒
2024-07-05 02:40:03 查询号码 【1494160】，返回信息 {"status":"ok","msg":"-","gid":"300781","time_insert":"2021-07-17 06:53"}
2024-07-05 02:40:03 查询号码 【1494160】，GSD为【"-"】
2024-07-05 02:40:03 ok && -
2024-07-05 02:40:04 CHB 1494160?1720118403 第 1 次 等待 3 秒
2024-07-05 02:40:07 CHB 1494160?1720118403 第 1 次 获取到号码【1494160】GSD
2024-07-05 02:40:07 未获取到号码【1494160】GSD，可能号码格式错误
2024-07-05 02:40:07 获取到号码【1494160】的GSD为【-】
2024-07-05 02:40:15 GSD insert 第 1 次 等待 3 秒
2024-07-05 02:40:18 {"status":"bad","gid":"300781","msg":"添加失败！号码【1494160(-|-)】已存在！"}
2024-07-05 02:40:18 随机等待 216 秒，约 3 分钟
2024-07-05 02:40:18 下次操作: 2024-07-05 02:43:54

2024-07-05 02:43:54 开始第 4270 次操作

2024-07-05 02:43:54 开始操作号码 【1494161】
2024-07-05 02:44:03 GSD getOne 第 1 次 等待 3 秒
2024-07-05 02:44:06 查询号码 【1494161】，返回信息 {"status":"ok","msg":"-","gid":"300786","time_insert":"2021-07-17 06:54"}
2024-07-05 02:44:06 查询号码 【1494161】，GSD为【"-"】
2024-07-05 02:44:06 ok && -
2024-07-05 02:44:07 CHB 1494161?1720118646 第 1 次 等待 3 秒
2024-07-05 02:44:10 CHB 1494161?1720118646 第 1 次 获取到号码【1494161】GSD
2024-07-05 02:44:10 未获取到号码【1494161】GSD，可能号码格式错误
2024-07-05 02:44:11 获取到号码【1494161】的GSD为【-】
2024-07-05 02:44:19 GSD insert 第 1 次 等待 3 秒
2024-07-05 02:44:22 {"status":"bad","gid":"300786","msg":"添加失败！号码【1494161(-|-)】已存在！"}
2024-07-05 02:44:22 随机等待 97 秒，约 1 分钟
2024-07-05 02:44:22 下次操作: 2024-07-05 02:45:59

2024-07-05 02:45:59 开始第 4271 次操作

2024-07-05 02:45:59 开始操作号码 【1494162】
2024-07-05 02:46:07 GSD getOne 第 1 次 等待 3 秒
2024-07-05 02:46:10 查询号码 【1494162】，返回信息 {"status":"ok","msg":"-","gid":"300792","time_insert":"2021-07-17 06:54"}
2024-07-05 02:46:10 查询号码 【1494162】，GSD为【"-"】
2024-07-05 02:46:10 ok && -
2024-07-05 02:46:12 CHB 1494162?1720118770 第 1 次 等待 3 秒
2024-07-05 02:46:15 CHB 1494162?1720118770 第 1 次 获取到号码【1494162】GSD
2024-07-05 02:46:15 未获取到号码【1494162】GSD，可能号码格式错误
2024-07-05 02:46:15 获取到号码【1494162】的GSD为【-】
2024-07-05 02:46:23 GSD insert 第 1 次 等待 3 秒
2024-07-05 02:46:26 {"status":"bad","gid":"300792","msg":"添加失败！号码【1494162(-|-)】已存在！"}
2024-07-05 02:46:26 随机等待 223 秒，约 3 分钟
2024-07-05 02:46:26 下次操作: 2024-07-05 02:50:09

2024-07-05 02:50:09 开始第 4272 次操作

2024-07-05 02:50:09 开始操作号码 【1494163】
2024-07-05 02:50:17 GSD getOne 第 1 次 等待 3 秒
2024-07-05 02:50:20 查询号码 【1494163】，返回信息 {"status":"ok","msg":"-","gid":"300802","time_insert":"2021-07-17 06:55"}
2024-07-05 02:50:20 查询号码 【1494163】，GSD为【"-"】
2024-07-05 02:50:20 ok && -
2024-07-05 02:50:22 CHB 1494163?1720119020 第 1 次 等待 3 秒
2024-07-05 02:50:25 CHB 1494163?1720119020 第 1 次 获取到号码【1494163】GSD
2024-07-05 02:50:25 未获取到号码【1494163】GSD，可能号码格式错误
2024-07-05 02:50:25 获取到号码【1494163】的GSD为【-】
2024-07-05 02:50:33 GSD insert 第 1 次 等待 3 秒
2024-07-05 02:50:36 {"status":"bad","gid":"300802","msg":"添加失败！号码【1494163(-|-)】已存在！"}

2024-07-05 03:15:34 开始第 4273 次操作

2024-07-05 03:15:34 开始操作号码 【1494164】
2024-07-05 03:15:42 GSD getOne 第 1 次 等待 3 秒
2024-07-05 03:15:45 查询号码 【1494164】，返回信息 {"status":"ok","msg":"-","gid":"300809","time_insert":"2021-07-17 06:55"}
2024-07-05 03:15:45 查询号码 【1494164】，GSD为【"-"】
2024-07-05 03:15:45 ok && -
2024-07-05 03:15:47 CHB 1494164?1720120545 第 1 次 等待 3 秒
2024-07-05 03:15:50 CHB 1494164?1720120545 第 1 次 获取到号码【1494164】GSD
2024-07-05 03:15:50 未获取到号码【1494164】GSD，可能号码格式错误
2024-07-05 03:15:50 获取到号码【1494164】的GSD为【-】
2024-07-05 03:15:58 GSD insert 第 1 次 等待 3 秒
2024-07-05 03:16:01 {"status":"bad","gid":"300809","msg":"添加失败！号码【1494164(-|-)】已存在！"}
2024-07-05 03:16:01 随机等待 137 秒，约 2 分钟
2024-07-05 03:16:01 下次操作: 2024-07-05 03:18:18

2024-07-05 03:18:18 开始第 4274 次操作

2024-07-05 03:18:18 开始操作号码 【1494165】
2024-07-05 03:18:25 GSD getOne 第 1 次 等待 3 秒
2024-07-05 03:18:28 查询号码 【1494165】，返回信息 {"status":"ok","msg":"-","gid":"300815","time_insert":"2021-07-17 06:56"}
2024-07-05 03:18:28 查询号码 【1494165】，GSD为【"-"】
2024-07-05 03:18:28 ok && -
2024-07-05 03:18:30 CHB 1494165?1720120708 第 1 次 等待 3 秒
2024-07-05 03:18:33 CHB 1494165?1720120708 第 1 次 获取到号码【1494165】GSD
2024-07-05 03:18:33 未获取到号码【1494165】GSD，可能号码格式错误
2024-07-05 03:18:33 获取到号码【1494165】的GSD为【-】
2024-07-05 03:18:41 GSD insert 第 1 次 等待 3 秒
2024-07-05 03:18:44 {"status":"bad","gid":"300815","msg":"添加失败！号码【1494165(-|-)】已存在！"}
2024-07-05 03:18:44 随机等待 228 秒，约 3 分钟
2024-07-05 03:18:44 下次操作: 2024-07-05 03:22:32

2024-07-05 03:22:32 开始第 4275 次操作

2024-07-05 03:22:32 开始操作号码 【1494166】
2024-07-05 03:22:39 GSD getOne 第 1 次 等待 3 秒
2024-07-05 03:22:42 查询号码 【1494166】，返回信息 {"status":"ok","msg":"-","gid":"300825","time_insert":"2021-07-17 06:57"}
2024-07-05 03:22:42 查询号码 【1494166】，GSD为【"-"】
2024-07-05 03:22:42 ok && -
2024-07-05 03:22:44 CHB 1494166?1720120962 第 1 次 等待 3 秒
2024-07-05 03:22:47 CHB 1494166?1720120962 第 1 次 获取到号码【1494166】GSD
2024-07-05 03:22:47 未获取到号码【1494166】GSD，可能号码格式错误
2024-07-05 03:22:47 获取到号码【1494166】的GSD为【-】
2024-07-05 03:22:55 GSD insert 第 1 次 等待 3 秒
2024-07-05 03:22:58 {"status":"bad","gid":"300825","msg":"添加失败！号码【1494166(-|-)】已存在！"}
2024-07-05 03:22:58 随机等待 167 秒，约 2 分钟
2024-07-05 03:22:58 下次操作: 2024-07-05 03:25:45

2024-07-05 03:25:45 开始第 4276 次操作

2024-07-05 03:25:45 开始操作号码 【1494167】
2024-07-05 03:25:53 GSD getOne 第 1 次 等待 3 秒
2024-07-05 03:25:56 查询号码 【1494167】，返回信息 {"status":"ok","msg":"-","gid":"300830","time_insert":"2021-07-17 06:57"}
2024-07-05 03:25:56 查询号码 【1494167】，GSD为【"-"】
2024-07-05 03:25:56 ok && -
2024-07-05 03:25:58 CHB 1494167?1720121156 第 1 次 等待 3 秒
2024-07-05 03:26:01 CHB 1494167?1720121156 第 1 次 获取到号码【1494167】GSD
2024-07-05 03:26:01 未获取到号码【1494167】GSD，可能号码格式错误
2024-07-05 03:26:01 获取到号码【1494167】的GSD为【-】
2024-07-05 03:26:09 GSD insert 第 1 次 等待 3 秒
2024-07-05 03:26:12 {"status":"bad","gid":"300830","msg":"添加失败！号码【1494167(-|-)】已存在！"}

2024-07-05 03:37:44 开始第 4277 次操作

2024-07-05 03:37:44 开始操作号码 【1494168】
2024-07-05 03:37:52 GSD getOne 第 1 次 等待 3 秒
2024-07-05 03:37:55 查询号码 【1494168】，返回信息 {"status":"ok","msg":"-","gid":"300841","time_insert":"2021-07-17 06:58"}
2024-07-05 03:37:55 查询号码 【1494168】，GSD为【"-"】
2024-07-05 03:37:55 ok && -
2024-07-05 03:37:57 CHB 1494168?1720121875 第 1 次 等待 3 秒
2024-07-05 03:38:00 CHB 1494168?1720121875 第 1 次 获取到号码【1494168】GSD
2024-07-05 03:38:00 未获取到号码【1494168】GSD，可能号码格式错误
2024-07-05 03:38:00 获取到号码【1494168】的GSD为【-】
2024-07-05 03:38:08 GSD insert 第 1 次 等待 3 秒
2024-07-05 03:38:11 {"status":"bad","gid":"300841","msg":"添加失败！号码【1494168(-|-)】已存在！"}
2024-07-05 03:38:11 随机等待 130 秒，约 2 分钟
2024-07-05 03:38:11 下次操作: 2024-07-05 03:40:21

2024-07-05 03:40:21 开始第 4278 次操作

2024-07-05 03:40:21 开始操作号码 【1494169】
2024-07-05 03:40:28 GSD getOne 第 1 次 等待 3 秒
2024-07-05 03:40:31 查询号码 【1494169】，返回信息 {"status":"ok","msg":"-","gid":"300847","time_insert":"2021-07-17 06:58"}
2024-07-05 03:40:31 查询号码 【1494169】，GSD为【"-"】
2024-07-05 03:40:31 ok && -
2024-07-05 03:40:33 CHB 1494169?1720122031 第 1 次 等待 3 秒
2024-07-05 03:40:36 CHB 1494169?1720122031 第 1 次 获取到号码【1494169】GSD
2024-07-05 03:40:36 未获取到号码【1494169】GSD，可能号码格式错误
2024-07-05 03:40:36 获取到号码【1494169】的GSD为【-】
2024-07-05 03:40:44 GSD insert 第 1 次 等待 3 秒
2024-07-05 03:40:47 {"status":"bad","gid":"300847","msg":"添加失败！号码【1494169(-|-)】已存在！"}
2024-07-05 03:40:47 随机等待 187 秒，约 3 分钟
2024-07-05 03:40:47 下次操作: 2024-07-05 03:43:54

2024-07-05 03:43:54 开始第 4279 次操作

2024-07-05 03:43:54 开始操作号码 【1494170】
2024-07-05 03:44:02 GSD getOne 第 1 次 等待 3 秒
2024-07-05 03:44:05 查询号码 【1494170】，返回信息 {"status":"ok","msg":"-","gid":"300855","time_insert":"2021-07-17 06:59"}
2024-07-05 03:44:05 查询号码 【1494170】，GSD为【"-"】
2024-07-05 03:44:05 ok && -
2024-07-05 03:44:06 CHB 1494170?1720122245 第 1 次 等待 3 秒
2024-07-05 03:44:09 CHB 1494170?1720122245 第 1 次 获取到号码【1494170】GSD
2024-07-05 03:44:09 未获取到号码【1494170】GSD，可能号码格式错误
2024-07-05 03:44:09 获取到号码【1494170】的GSD为【-】
2024-07-05 03:44:17 GSD insert 第 1 次 等待 3 秒
2024-07-05 03:44:20 {"status":"bad","gid":"300855","msg":"添加失败！号码【1494170(-|-)】已存在！"}
2024-07-05 03:44:20 随机等待 68 秒，约 1 分钟
2024-07-05 03:44:20 下次操作: 2024-07-05 03:45:28

2024-07-05 03:45:28 开始第 4280 次操作

2024-07-05 03:45:28 开始操作号码 【1494171】
2024-07-05 03:45:36 GSD getOne 第 1 次 等待 3 秒
2024-07-05 03:45:39 查询号码 【1494171】，返回信息 {"status":"ok","msg":"-","gid":"300864","time_insert":"2021-07-17 06:59"}
2024-07-05 03:45:39 查询号码 【1494171】，GSD为【"-"】
2024-07-05 03:45:39 ok && -
2024-07-05 03:45:40 CHB 1494171?1720122339 第 1 次 等待 3 秒
2024-07-05 03:45:43 CHB 1494171?1720122339 第 1 次 获取到号码【1494171】GSD
2024-07-05 03:45:43 未获取到号码【1494171】GSD，可能号码格式错误
2024-07-05 03:45:43 获取到号码【1494171】的GSD为【-】
2024-07-05 03:45:51 GSD insert 第 1 次 等待 3 秒
2024-07-05 03:45:54 {"status":"bad","gid":"300864","msg":"添加失败！号码【1494171(-|-)】已存在！"}

2024-07-05 04:18:05 开始第 4281 次操作

2024-07-05 04:18:05 开始操作号码 【1494172】
2024-07-05 04:18:13 GSD getOne 第 1 次 等待 3 秒
2024-07-05 04:18:16 查询号码 【1494172】，返回信息 {"status":"ok","msg":"-","gid":"300872","time_insert":"2021-07-17 07:00"}
2024-07-05 04:18:16 查询号码 【1494172】，GSD为【"-"】
2024-07-05 04:18:16 ok && -
2024-07-05 04:18:18 CHB 1494172?1720124296 第 1 次 等待 3 秒
2024-07-05 04:18:21 CHB 1494172?1720124296 第 1 次 获取到号码【1494172】GSD
2024-07-05 04:18:21 未获取到号码【1494172】GSD，可能号码格式错误
2024-07-05 04:18:21 获取到号码【1494172】的GSD为【-】
2024-07-05 04:18:29 GSD insert 第 1 次 等待 3 秒
2024-07-05 04:18:32 {"status":"bad","gid":"300872","msg":"添加失败！号码【1494172(-|-)】已存在！"}
2024-07-05 04:18:32 随机等待 93 秒，约 1 分钟
2024-07-05 04:18:32 下次操作: 2024-07-05 04:20:05

2024-07-05 04:20:05 开始第 4282 次操作

2024-07-05 04:20:05 开始操作号码 【1494173】
2024-07-05 04:20:13 GSD getOne 第 1 次 等待 3 秒
2024-07-05 04:20:16 查询号码 【1494173】，返回信息 {"status":"ok","msg":"-","gid":"300879","time_insert":"2021-07-17 07:01"}
2024-07-05 04:20:16 查询号码 【1494173】，GSD为【"-"】
2024-07-05 04:20:16 ok && -
2024-07-05 04:20:18 CHB 1494173?1720124416 第 1 次 等待 3 秒
2024-07-05 04:20:21 CHB 1494173?1720124416 第 1 次 获取到号码【1494173】GSD
2024-07-05 04:20:22 未获取到号码【1494173】GSD，可能号码格式错误
2024-07-05 04:20:22 获取到号码【1494173】的GSD为【-】
2024-07-05 04:20:29 GSD insert 第 1 次 等待 3 秒
2024-07-05 04:20:32 {"status":"bad","gid":"300879","msg":"添加失败！号码【1494173(-|-)】已存在！"}
2024-07-05 04:20:32 随机等待 111 秒，约 1 分钟
2024-07-05 04:20:32 下次操作: 2024-07-05 04:22:23

2024-07-05 04:22:23 开始第 4283 次操作

2024-07-05 04:22:23 开始操作号码 【1494174】
2024-07-05 04:22:31 GSD getOne 第 1 次 等待 3 秒
2024-07-05 04:22:34 查询号码 【1494174】，返回信息 {"status":"ok","msg":"-","gid":"300888","time_insert":"2021-07-17 07:01"}
2024-07-05 04:22:34 查询号码 【1494174】，GSD为【"-"】
2024-07-05 04:22:34 ok && -
2024-07-05 04:22:36 CHB 1494174?1720124554 第 1 次 等待 3 秒
2024-07-05 04:22:39 CHB 1494174?1720124554 第 1 次 获取到号码【1494174】GSD
2024-07-05 04:22:39 未获取到号码【1494174】GSD，可能号码格式错误
2024-07-05 04:22:39 获取到号码【1494174】的GSD为【-】
2024-07-05 04:22:52 GSD insert 第 1 次 等待 3 秒
2024-07-05 04:22:55 {"status":"bad","gid":"300888","msg":"添加失败！号码【1494174(-|-)】已存在！"}
2024-07-05 04:22:55 随机等待 188 秒，约 3 分钟
2024-07-05 04:22:55 下次操作: 2024-07-05 04:26:03

2024-07-05 04:26:03 开始第 4284 次操作

2024-07-05 04:26:03 开始操作号码 【1494175】
2024-07-05 04:26:11 GSD getOne 第 1 次 等待 3 秒
2024-07-05 04:26:14 查询号码 【1494175】，返回信息 {"status":"ok","msg":"-","gid":"300893","time_insert":"2021-07-17 07:02"}
2024-07-05 04:26:14 查询号码 【1494175】，GSD为【"-"】
2024-07-05 04:26:14 ok && -
2024-07-05 04:26:16 CHB 1494175?1720124774 第 1 次 等待 3 秒
2024-07-05 04:26:19 CHB 1494175?1720124774 第 1 次 获取到号码【1494175】GSD
2024-07-05 04:26:19 未获取到号码【1494175】GSD，可能号码格式错误
2024-07-05 04:26:19 获取到号码【1494175】的GSD为【-】
2024-07-05 04:26:27 GSD insert 第 1 次 等待 3 秒
2024-07-05 04:26:30 {"status":"bad","gid":"300893","msg":"添加失败！号码【1494175(-|-)】已存在！"}

2024-07-05 04:38:37 开始第 4285 次操作

2024-07-05 04:38:37 开始操作号码 【1494176】
2024-07-05 04:38:46 GSD getOne 第 1 次 等待 3 秒
2024-07-05 04:38:49 查询号码 【1494176】，返回信息 {"status":"ok","msg":"-","gid":"300898","time_insert":"2021-07-17 07:03"}
2024-07-05 04:38:49 查询号码 【1494176】，GSD为【"-"】
2024-07-05 04:38:49 ok && -
2024-07-05 04:38:50 CHB 1494176?1720125529 第 1 次 等待 3 秒
2024-07-05 04:38:53 CHB 1494176?1720125529 第 1 次 获取到号码【1494176】GSD
2024-07-05 04:38:53 未获取到号码【1494176】GSD，可能号码格式错误
2024-07-05 04:38:54 获取到号码【1494176】的GSD为【-】
2024-07-05 04:39:02 GSD insert 第 1 次 等待 3 秒
2024-07-05 04:39:05 {"status":"bad","gid":"300898","msg":"添加失败！号码【1494176(-|-)】已存在！"}
2024-07-05 04:39:05 随机等待 125 秒，约 2 分钟
2024-07-05 04:39:05 下次操作: 2024-07-05 04:41:10

2024-07-05 04:41:10 开始第 4286 次操作

2024-07-05 04:41:10 开始操作号码 【1494177】
2024-07-05 04:41:18 GSD getOne 第 1 次 等待 3 秒
2024-07-05 04:41:21 查询号码 【1494177】，返回信息 {"status":"ok","msg":"-","gid":"301014","time_insert":"2021-07-17 07:38"}
2024-07-05 04:41:21 查询号码 【1494177】，GSD为【"-"】
2024-07-05 04:41:21 ok && -
2024-07-05 04:41:23 CHB 1494177?1720125681 第 1 次 等待 3 秒
2024-07-05 04:41:26 CHB 1494177?1720125681 第 1 次 获取到号码【1494177】GSD
2024-07-05 04:41:26 未获取到号码【1494177】GSD，可能号码格式错误
2024-07-05 04:41:26 获取到号码【1494177】的GSD为【-】
2024-07-05 04:41:34 GSD insert 第 1 次 等待 3 秒
2024-07-05 04:41:37 {"status":"bad","gid":"301014","msg":"添加失败！号码【1494177(-|-)】已存在！"}
2024-07-05 04:41:37 随机等待 136 秒，约 2 分钟
2024-07-05 04:41:37 下次操作: 2024-07-05 04:43:53

2024-07-05 04:43:53 开始第 4287 次操作

2024-07-05 04:43:53 开始操作号码 【1494178】
2024-07-05 04:44:01 GSD getOne 第 1 次 等待 3 秒
2024-07-05 04:44:04 查询号码 【1494178】，返回信息 {"status":"ok","msg":"-","gid":"301020","time_insert":"2021-07-17 07:38"}
2024-07-05 04:44:04 查询号码 【1494178】，GSD为【"-"】
2024-07-05 04:44:04 ok && -
2024-07-05 04:44:06 CHB 1494178?1720125844 第 1 次 等待 3 秒
2024-07-05 04:44:09 CHB 1494178?1720125844 第 1 次 获取到号码【1494178】GSD
2024-07-05 04:44:09 未获取到号码【1494178】GSD，可能号码格式错误
2024-07-05 04:44:09 获取到号码【1494178】的GSD为【-】
2024-07-05 04:44:17 GSD insert 第 1 次 等待 3 秒
2024-07-05 04:44:20 {"status":"bad","gid":"301020","msg":"添加失败！号码【1494178(-|-)】已存在！"}
2024-07-05 04:44:20 随机等待 141 秒，约 2 分钟
2024-07-05 04:44:20 下次操作: 2024-07-05 04:46:41

2024-07-05 04:46:41 开始第 4288 次操作

2024-07-05 04:46:41 开始操作号码 【1494179】
2024-07-05 04:46:49 GSD getOne 第 1 次 等待 3 秒
2024-07-05 04:46:52 查询号码 【1494179】，返回信息 {"status":"ok","msg":"-","gid":"301030","time_insert":"2021-07-17 07:39"}
2024-07-05 04:46:52 查询号码 【1494179】，GSD为【"-"】
2024-07-05 04:46:52 ok && -
2024-07-05 04:46:53 CHB 1494179?1720126012 第 1 次 等待 3 秒
2024-07-05 04:46:56 CHB 1494179?1720126012 第 1 次 获取到号码【1494179】GSD
2024-07-05 04:46:56 未获取到号码【1494179】GSD，可能号码格式错误
2024-07-05 04:46:56 获取到号码【1494179】的GSD为【-】
2024-07-05 04:47:05 GSD insert 第 1 次 等待 3 秒
2024-07-05 04:47:08 {"status":"bad","gid":"301030","msg":"添加失败！号码【1494179(-|-)】已存在！"}

