2024-09-22 00:17:36 开始第 5989 次操作

2024-09-22 00:17:36 开始操作号码 【1385988】
2024-09-22 00:17:40 GSD getOne 第 1 次 等待 3 秒
2024-09-22 00:17:43 查询号码 【1385988】，返回信息 {"status":"ok","msg":"福建-莆田","gid":"370677","time_insert":"2021-07-23 22:45"}
2024-09-22 00:17:43 查询号码 【1385988】，GSD为【"福建-莆田"】

2024-09-22 00:17:44 开始第 5990 次操作

2024-09-22 00:17:44 开始操作号码 【1385989】
2024-09-22 00:17:46 GSD getOne 第 1 次 等待 3 秒
2024-09-22 00:17:49 查询号码 【1385989】，返回信息 {"status":"ok","msg":"福建-莆田","gid":"370669","time_insert":"2021-07-23 22:44"}
2024-09-22 00:17:49 查询号码 【1385989】，GSD为【"福建-莆田"】

2024-09-22 00:17:50 开始第 5991 次操作

2024-09-22 00:17:50 开始操作号码 【1385990】
2024-09-22 00:17:53 GSD getOne 第 1 次 等待 3 秒
2024-09-22 00:17:56 查询号码 【1385990】，返回信息 {"status":"ok","msg":"福建-厦门","gid":"370661","time_insert":"2021-07-23 22:43"}
2024-09-22 00:17:56 查询号码 【1385990】，GSD为【"福建-厦门"】

2024-09-22 00:17:57 开始第 5992 次操作

2024-09-22 00:17:57 开始操作号码 【1385991】
2024-09-22 00:17:59 GSD getOne 第 1 次 等待 3 秒
2024-09-22 00:18:02 查询号码 【1385991】，返回信息 {"status":"ok","msg":"福建-厦门","gid":"370655","time_insert":"2021-07-23 22:43"}
2024-09-22 00:18:02 查询号码 【1385991】，GSD为【"福建-厦门"】

2024-09-22 00:41:23 开始第 5993 次操作

2024-09-22 00:41:23 开始操作号码 【1385992】
2024-09-22 00:41:26 GSD getOne 第 1 次 等待 3 秒
2024-09-22 00:41:29 查询号码 【1385992】，返回信息 {"status":"ok","msg":"福建-厦门","gid":"370649","time_insert":"2021-07-23 22:42"}
2024-09-22 00:41:29 查询号码 【1385992】，GSD为【"福建-厦门"】

2024-09-22 00:41:30 开始第 5994 次操作

2024-09-22 00:41:30 开始操作号码 【1385993】
2024-09-22 00:41:33 GSD getOne 第 1 次 等待 3 秒
2024-09-22 00:41:36 查询号码 【1385993】，返回信息 {"status":"ok","msg":"福建-厦门","gid":"370644","time_insert":"2021-07-23 22:42"}
2024-09-22 00:41:36 查询号码 【1385993】，GSD为【"福建-厦门"】

2024-09-22 00:41:37 开始第 5995 次操作

2024-09-22 00:41:37 开始操作号码 【1385994】
2024-09-22 00:41:39 GSD getOne 第 1 次 等待 3 秒
2024-09-22 00:41:42 查询号码 【1385994】，返回信息 {"status":"ok","msg":"福建-厦门","gid":"370636","time_insert":"2021-07-23 22:41"}
2024-09-22 00:41:43 查询号码 【1385994】，GSD为【"福建-厦门"】

2024-09-22 00:41:44 开始第 5996 次操作

2024-09-22 00:41:44 开始操作号码 【1385995】
2024-09-22 00:41:46 GSD getOne 第 1 次 等待 3 秒
2024-09-22 00:41:49 查询号码 【1385995】，返回信息 {"status":"ok","msg":"福建-厦门","gid":"370478","time_insert":"2021-07-23 22:08"}
2024-09-22 00:41:49 查询号码 【1385995】，GSD为【"福建-厦门"】

2024-09-22 01:13:44 开始第 5997 次操作

2024-09-22 01:13:44 开始操作号码 【1385996】
2024-09-22 01:13:47 GSD getOne 第 1 次 等待 3 秒
2024-09-22 01:13:50 查询号码 【1385996】，返回信息 {"status":"ok","msg":"福建-厦门","gid":"370474","time_insert":"2021-07-23 22:08"}
2024-09-22 01:13:50 查询号码 【1385996】，GSD为【"福建-厦门"】

2024-09-22 01:13:51 开始第 5998 次操作

2024-09-22 01:13:51 开始操作号码 【1385997】
2024-09-22 01:13:53 GSD getOne 第 1 次 等待 3 秒
2024-09-22 01:13:56 查询号码 【1385997】，返回信息 {"status":"ok","msg":"福建-厦门","gid":"370467","time_insert":"2021-07-23 22:07"}
2024-09-22 01:13:56 查询号码 【1385997】，GSD为【"福建-厦门"】

2024-09-22 01:13:57 开始第 5999 次操作

2024-09-22 01:13:57 开始操作号码 【1385998】
2024-09-22 01:13:59 GSD getOne 第 1 次 等待 3 秒
2024-09-22 01:14:02 查询号码 【1385998】，返回信息 {"status":"ok","msg":"福建-厦门","gid":"370463","time_insert":"2021-07-23 22:07"}
2024-09-22 01:14:02 查询号码 【1385998】，GSD为【"福建-厦门"】

2024-09-22 01:14:03 开始第 6000 次操作

2024-09-22 01:14:03 开始操作号码 【1385999】
2024-09-22 01:14:05 GSD getOne 第 1 次 等待 3 秒
2024-09-22 01:14:08 查询号码 【1385999】，返回信息 {"status":"ok","msg":"福建-厦门","gid":"370458","time_insert":"2021-07-23 22:06"}
2024-09-22 01:14:08 查询号码 【1385999】，GSD为【"福建-厦门"】

