2024-10-10 00:17:53 开始第 9097 次操作

2024-10-10 00:17:53 开始操作号码 【1389096】
2024-10-10 00:17:59 GSD getOne 第 1 次 等待 3 秒
2024-10-10 00:18:02 查询号码 【1389096】，返回信息 {"status":"ok","msg":"四川-宜宾","gid":"12480","time_insert":"2016-10-19 22:48","time_update":"2020-10-16 04:59"}
2024-10-10 00:18:02 查询号码 【1389096】，GSD为【"四川-宜宾"】

2024-10-10 00:18:03 开始第 9098 次操作

2024-10-10 00:18:03 开始操作号码 【1389097】
2024-10-10 00:18:05 GSD getOne 第 1 次 等待 3 秒
2024-10-10 00:18:08 查询号码 【1389097】，返回信息 {"status":"ok","msg":"四川-宜宾","gid":"12481","time_insert":"2018-05-18 22:25","time_update":"2020-10-16 05:04"}
2024-10-10 00:18:08 查询号码 【1389097】，GSD为【"四川-宜宾"】

2024-10-10 00:18:09 开始第 9099 次操作

2024-10-10 00:18:09 开始操作号码 【1389098】
2024-10-10 00:18:25 GSD getOne 第 1 次 等待 3 秒
2024-10-10 00:18:28 查询号码 【1389098】，返回信息 {"status":"ok","msg":"四川-宜宾","gid":"12482","time_insert":"2018-06-12 08:00","time_update":"2020-10-16 05:05"}
2024-10-10 00:18:29 查询号码 【1389098】，GSD为【"四川-宜宾"】

2024-10-10 00:18:30 开始第 9100 次操作

2024-10-10 00:18:30 开始操作号码 【1389099】
2024-10-10 00:18:46 GSD getOne 第 1 次 等待 3 秒
2024-10-10 00:18:49 查询号码 【1389099】，返回信息 {"status":"ok","msg":"四川-宜宾","gid":"12483","time_insert":"2015-06-28 19:42","time_update":"2020-10-16 05:08"}
2024-10-10 00:18:50 查询号码 【1389099】，GSD为【"四川-宜宾"】

2024-10-10 00:42:34 开始第 9101 次操作

2024-10-10 00:42:34 开始操作号码 【1389100】
2024-10-10 00:42:36 GSD getOne 第 1 次 等待 3 秒
2024-10-10 00:42:39 查询号码 【1389100】，返回信息 {"status":"ok","msg":"陕西-咸阳","gid":"344551","time_insert":"2021-07-21 07:49","time_update":"2021-07-21 15:40"}
2024-10-10 00:42:39 查询号码 【1389100】，GSD为【"陕西-咸阳"】

2024-10-10 00:42:40 开始第 9102 次操作

2024-10-10 00:42:40 开始操作号码 【1389101】
2024-10-10 00:42:42 GSD getOne 第 1 次 等待 3 秒
2024-10-10 00:42:45 查询号码 【1389101】，返回信息 {"status":"ok","msg":"陕西-咸阳","gid":"344537","time_insert":"2021-07-21 07:48","time_update":"2021-07-21 15:39"}
2024-10-10 00:42:45 查询号码 【1389101】，GSD为【"陕西-咸阳"】

2024-10-10 00:42:46 开始第 9103 次操作

2024-10-10 00:42:46 开始操作号码 【1389102】
2024-10-10 00:42:51 GSD getOne 第 1 次 等待 3 秒
2024-10-10 00:42:54 查询号码 【1389102】，返回信息 {"status":"ok","msg":"陕西-咸阳","gid":"344526","time_insert":"2021-07-21 07:47","time_update":"2021-07-21 15:39"}
2024-10-10 00:42:54 查询号码 【1389102】，GSD为【"陕西-咸阳"】

2024-10-10 00:42:55 开始第 9104 次操作

2024-10-10 00:42:55 开始操作号码 【1389103】
2024-10-10 00:42:57 GSD getOne 第 1 次 等待 3 秒
2024-10-10 00:43:00 查询号码 【1389103】，返回信息 {"status":"ok","msg":"陕西-咸阳","gid":"12484","time_insert":"2017-04-02 01:02","time_update":"2020-12-10 04:29"}
2024-10-10 00:43:00 查询号码 【1389103】，GSD为【"陕西-咸阳"】

