2024-02-13 00:21:16 开始第 3393 次操作

2024-02-13 00:21:16 开始操作号码 【1713295】
2024-02-13 00:21:22 GSD getOne 第 1 次 等待 3 秒
2024-02-13 00:21:25 查询号码 【1713295】，返回信息 {"status":"ok","msg":"江西-南昌","gid":"168126","time_insert":"2021-07-01 17:51"}
2024-02-13 00:21:25 查询号码 【1713295】，GSD为【"江西-南昌"】

2024-02-13 00:21:26 开始第 3394 次操作

2024-02-13 00:21:26 开始操作号码 【1713296】
2024-02-13 00:21:31 GSD getOne 第 1 次 等待 3 秒
2024-02-13 00:21:34 查询号码 【1713296】，返回信息 {"status":"ok","msg":"江西-南昌","gid":"168136","time_insert":"2021-07-01 17:52"}
2024-02-13 00:21:34 查询号码 【1713296】，GSD为【"江西-南昌"】

2024-02-13 00:21:35 开始第 3395 次操作

2024-02-13 00:21:35 开始操作号码 【1713297】
2024-02-13 00:21:40 GSD getOne 第 1 次 等待 3 秒
2024-02-13 00:21:43 查询号码 【1713297】，返回信息 {"status":"ok","msg":"江西-南昌","gid":"168144","time_insert":"2021-07-01 17:53"}
2024-02-13 00:21:43 查询号码 【1713297】，GSD为【"江西-南昌"】

2024-02-13 00:21:44 开始第 3396 次操作

2024-02-13 00:21:44 开始操作号码 【1713298】
2024-02-13 00:21:48 GSD getOne 第 1 次 等待 3 秒
2024-02-13 00:21:51 查询号码 【1713298】，返回信息 {"status":"ok","msg":"江西-南昌","gid":"168154","time_insert":"2021-07-01 17:54"}
2024-02-13 00:21:51 查询号码 【1713298】，GSD为【"江西-南昌"】

