2024-09-24 00:17:31 开始第 6337 次操作

2024-09-24 00:17:31 开始操作号码 【1386336】
2024-09-24 00:17:49 GSD getOne 第 1 次 等待 3 秒
2024-09-24 00:17:52 查询号码 【1386336】，返回信息 {"status":"ok","msg":"山东-日照","gid":"366916","time_insert":"2021-07-23 15:06"}
2024-09-24 00:17:52 查询号码 【1386336】，GSD为【"山东-日照"】

2024-09-24 00:17:53 开始第 6338 次操作

2024-09-24 00:17:53 开始操作号码 【1386337】
2024-09-24 00:17:56 GSD getOne 第 1 次 等待 3 秒
2024-09-24 00:17:59 查询号码 【1386337】，返回信息 {"status":"ok","msg":"山东-日照","gid":"366904","time_insert":"2021-07-23 15:05"}
2024-09-24 00:17:59 查询号码 【1386337】，GSD为【"山东-日照"】

2024-09-24 00:18:00 开始第 6339 次操作

2024-09-24 00:18:00 开始操作号码 【1386338】
2024-09-24 00:18:02 GSD getOne 第 1 次 等待 3 秒
2024-09-24 00:18:05 查询号码 【1386338】，返回信息 {"status":"ok","msg":"山东-日照","gid":"366892","time_insert":"2021-07-23 15:04"}
2024-09-24 00:18:05 查询号码 【1386338】，GSD为【"山东-日照"】

2024-09-24 00:18:06 开始第 6340 次操作

2024-09-24 00:18:06 开始操作号码 【1386339】
2024-09-24 00:18:09 GSD getOne 第 1 次 等待 3 秒
2024-09-24 00:18:12 查询号码 【1386339】，返回信息 {"status":"ok","msg":"山东-日照","gid":"366881","time_insert":"2021-07-23 15:03"}
2024-09-24 00:18:12 查询号码 【1386339】，GSD为【"山东-日照"】

2024-09-24 00:42:56 开始第 6341 次操作

2024-09-24 00:42:56 开始操作号码 【1386340】
2024-09-24 00:42:59 GSD getOne 第 1 次 等待 3 秒
2024-09-24 00:43:02 查询号码 【1386340】，返回信息 {"status":"ok","msg":"山东-莱芜","gid":"366867","time_insert":"2021-07-23 15:03"}
2024-09-24 00:43:02 查询号码 【1386340】，GSD为【"山东-莱芜"】

2024-09-24 00:43:03 开始第 6342 次操作

2024-09-24 00:43:03 开始操作号码 【1386341】
2024-09-24 00:43:05 GSD getOne 第 1 次 等待 3 秒
2024-09-24 00:43:08 查询号码 【1386341】，返回信息 {"status":"ok","msg":"山东-莱芜","gid":"366856","time_insert":"2021-07-23 15:02"}
2024-09-24 00:43:08 查询号码 【1386341】，GSD为【"山东-莱芜"】

2024-09-24 00:43:09 开始第 6343 次操作

2024-09-24 00:43:09 开始操作号码 【1386342】
2024-09-24 00:43:12 GSD getOne 第 1 次 等待 3 秒
2024-09-24 00:43:15 查询号码 【1386342】，返回信息 {"status":"ok","msg":"山东-莱芜","gid":"366839","time_insert":"2021-07-23 15:01"}
2024-09-24 00:43:15 查询号码 【1386342】，GSD为【"山东-莱芜"】

2024-09-24 00:43:16 开始第 6344 次操作

2024-09-24 00:43:16 开始操作号码 【1386343】
2024-09-24 00:43:18 GSD getOne 第 1 次 等待 3 秒
2024-09-24 00:43:21 查询号码 【1386343】，返回信息 {"status":"ok","msg":"山东-莱芜","gid":"366828","time_insert":"2021-07-23 15:00"}
2024-09-24 00:43:21 查询号码 【1386343】，GSD为【"山东-莱芜"】

