2023-09-30 00:20:32 开始第 641 次操作

2023-09-30 00:20:32 开始操作号码 【1920640】
2023-09-30 00:20:38 GSD getOne 第 1 次 等待 3 秒
2023-09-30 00:20:41 查询号码 【1920640】，返回信息 {"status":"ok","msg":"安徽-滁州","gid":"546144","time_insert":"2023-02-22 01:51"}
2023-09-30 00:20:41 查询号码 【1920640】，GSD为【"安徽-滁州"】

2023-09-30 00:20:42 开始第 642 次操作

2023-09-30 00:20:42 开始操作号码 【1920641】
2023-09-30 00:20:45 GSD getOne 第 1 次 等待 3 秒
2023-09-30 00:20:48 查询号码 【1920641】，返回信息 {"status":"ok","msg":"安徽-阜阳","gid":"546172","time_insert":"2023-02-22 02:07"}
2023-09-30 00:20:48 查询号码 【1920641】，GSD为【"安徽-阜阳"】

2023-09-30 00:20:49 开始第 643 次操作

2023-09-30 00:20:49 开始操作号码 【1920642】
2023-09-30 00:20:50 GSD getOne 第 1 次 等待 3 秒
2023-09-30 00:20:53 查询号码 【1920642】，返回信息 {"status":"ok","msg":"安徽-蚌埠","gid":"546192","time_insert":"2023-02-22 02:23"}
2023-09-30 00:20:53 查询号码 【1920642】，GSD为【"安徽-蚌埠"】

2023-09-30 00:20:54 开始第 644 次操作

2023-09-30 00:20:54 开始操作号码 【1920643】
2023-09-30 00:20:56 GSD getOne 第 1 次 等待 3 秒
2023-09-30 00:20:59 查询号码 【1920643】，返回信息 {"status":"ok","msg":"安徽-芜湖","gid":"546222","time_insert":"2023-02-22 02:43"}
2023-09-30 00:20:59 查询号码 【1920643】，GSD为【"安徽-芜湖"】

2023-09-30 00:39:05 开始第 645 次操作

2023-09-30 00:39:05 开始操作号码 【1920644】
2023-09-30 00:39:07 GSD getOne 第 1 次 等待 3 秒
2023-09-30 00:39:10 查询号码 【1920644】，返回信息 {"status":"ok","msg":"安徽-合肥","gid":"546260","time_insert":"2023-02-22 03:01"}
2023-09-30 00:39:10 查询号码 【1920644】，GSD为【"安徽-合肥"】

2023-09-30 00:39:11 开始第 646 次操作

2023-09-30 00:39:11 开始操作号码 【1920645】
2023-09-30 00:39:14 GSD getOne 第 1 次 等待 3 秒
2023-09-30 00:39:17 查询号码 【1920645】，返回信息 {"status":"ok","msg":"安徽-马鞍山","gid":"546287","time_insert":"2023-02-22 03:19"}
2023-09-30 00:39:17 查询号码 【1920645】，GSD为【"安徽-马鞍山"】

2023-09-30 00:39:18 开始第 647 次操作

2023-09-30 00:39:18 开始操作号码 【1920646】
2023-09-30 00:39:21 GSD getOne 第 1 次 等待 3 秒
2023-09-30 00:39:24 查询号码 【1920646】，返回信息 {"status":"ok","msg":"安徽-安庆","gid":"546319","time_insert":"2023-02-22 03:36"}
2023-09-30 00:39:24 查询号码 【1920646】，GSD为【"安徽-安庆"】

2023-09-30 00:39:25 开始第 648 次操作

2023-09-30 00:39:25 开始操作号码 【1920647】
2023-09-30 00:39:26 GSD getOne 第 1 次 等待 3 秒
2023-09-30 00:39:29 查询号码 【1920647】，返回信息 {"status":"ok","msg":"安徽-宿州","gid":"546352","time_insert":"2023-02-22 03:54"}
2023-09-30 00:39:29 查询号码 【1920647】，GSD为【"安徽-宿州"】

2023-09-30 01:14:13 开始第 649 次操作

2023-09-30 01:14:13 开始操作号码 【1920648】
2023-09-30 01:15:18 GSD getOne 第 1 次 等待 3 秒
2023-09-30 01:15:21 查询号码 【1920648】，返回信息 {"status":"ok","msg":"安徽-阜阳","gid":"546377","time_insert":"2023-02-22 04:10"}
2023-09-30 01:15:21 查询号码 【1920648】，GSD为【"安徽-阜阳"】

2023-09-30 01:15:22 开始第 650 次操作

2023-09-30 01:15:22 开始操作号码 【1920649】
2023-09-30 01:15:30 GSD getOne 第 1 次 等待 3 秒
2023-09-30 01:15:33 查询号码 【1920649】，返回信息 {"status":"ok","msg":"安徽-阜阳","gid":"546400","time_insert":"2023-02-22 04:25"}
2023-09-30 01:15:33 查询号码 【1920649】，GSD为【"安徽-阜阳"】

2023-09-30 01:15:34 开始第 651 次操作

2023-09-30 01:15:34 开始操作号码 【1920650】
2023-09-30 01:16:44 GSD getOne 第 1 次 等待 3 秒
2023-09-30 01:16:47 查询号码 【1920650】，返回信息 {"status":"ok","msg":"安徽-滁州","gid":"546429","time_insert":"2023-02-22 04:43"}
2023-09-30 01:16:47 查询号码 【1920650】，GSD为【"安徽-滁州"】

2023-09-30 01:16:48 开始第 652 次操作

2023-09-30 01:16:48 开始操作号码 【1920651】
2023-09-30 01:17:11 GSD getOne 第 1 次 等待 3 秒
2023-09-30 01:17:14 查询号码 【1920651】，返回信息 {"status":"ok","msg":"安徽-合肥","gid":"546460","time_insert":"2023-02-22 05:02"}
2023-09-30 01:17:14 查询号码 【1920651】，GSD为【"安徽-合肥"】

