2024-02-08 00:21:30 开始第 2493 次操作

2024-02-08 00:21:30 开始操作号码 【1712395】
2024-02-08 00:21:35 GSD getOne 第 1 次 等待 3 秒
2024-02-08 00:21:38 查询号码 【1712395】，返回信息 {"status":"ok","msg":"河南-鹤壁","gid":"158315","time_insert":"2021-06-30 04:49"}
2024-02-08 00:21:38 查询号码 【1712395】，GSD为【"河南-鹤壁"】

2024-02-08 00:21:39 开始第 2494 次操作

2024-02-08 00:21:39 开始操作号码 【1712396】
2024-02-08 00:21:43 GSD getOne 第 1 次 等待 3 秒
2024-02-08 00:21:46 查询号码 【1712396】，返回信息 {"status":"ok","msg":"河南-鹤壁","gid":"158321","time_insert":"2021-06-30 04:50"}
2024-02-08 00:21:46 查询号码 【1712396】，GSD为【"河南-鹤壁"】

2024-02-08 00:21:47 开始第 2495 次操作

2024-02-08 00:21:47 开始操作号码 【1712397】
2024-02-08 00:21:52 GSD getOne 第 1 次 等待 3 秒
2024-02-08 00:21:55 查询号码 【1712397】，返回信息 {"status":"ok","msg":"河南-鹤壁","gid":"158329","time_insert":"2021-06-30 04:51"}
2024-02-08 00:21:55 查询号码 【1712397】，GSD为【"河南-鹤壁"】

2024-02-08 00:21:56 开始第 2496 次操作

2024-02-08 00:21:56 开始操作号码 【1712398】
2024-02-08 00:22:02 GSD getOne 第 1 次 等待 3 秒
2024-02-08 00:22:05 查询号码 【1712398】，返回信息 {"status":"ok","msg":"河南-鹤壁","gid":"158338","time_insert":"2021-06-30 04:52"}
2024-02-08 00:22:05 查询号码 【1712398】，GSD为【"河南-鹤壁"】

