2023-11-15 00:17:54 开始第 8553 次操作

2023-11-15 00:17:54 开始操作号码 【1928455】
2023-11-15 00:17:58 GSD getOne 第 1 次 等待 3 秒
2023-11-15 00:18:01 查询号码 【1928455】，返回信息 {"status":"ok","msg":"-","gid":"604946","time_insert":"2023-03-21 13:02"}
2023-11-15 00:18:01 查询号码 【1928455】，GSD为【"-"】
2023-11-15 00:18:01 ok && -
2023-11-15 00:18:03 CHB 1928455?1699978681 第 1 次 等待 3 秒
2023-11-15 00:18:06 CHB 1928455?1699978681 第 1 次 获取到号码【1928455】GSD
2023-11-15 00:18:06 未获取到号码【1928455】GSD，可能号码格式错误
2023-11-15 00:18:06 获取到号码【1928455】的GSD为【-】
2023-11-15 00:18:10 GSD insert 第 1 次 等待 3 秒
2023-11-15 00:18:13 {"status":"bad","gid":"604946","msg":"添加失败！号码【1928455(-|-)】已存在！"}
2023-11-15 00:18:13 随机等待 105 秒，约 1 分钟
2023-11-15 00:18:13 下次操作: 2023-11-15 00:19:58

2023-11-15 00:19:58 开始第 8554 次操作

2023-11-15 00:19:58 开始操作号码 【1928456】
2023-11-15 00:20:02 GSD getOne 第 1 次 等待 3 秒
2023-11-15 00:20:05 查询号码 【1928456】，返回信息 {"status":"ok","msg":"-","gid":"604942","time_insert":"2023-03-21 12:59"}
2023-11-15 00:20:05 查询号码 【1928456】，GSD为【"-"】
2023-11-15 00:20:05 ok && -
2023-11-15 00:20:08 CHB 1928456?1699978805 第 1 次 等待 3 秒
2023-11-15 00:20:11 CHB 1928456?1699978805 第 1 次 获取到号码【1928456】GSD
2023-11-15 00:20:11 未获取到号码【1928456】GSD，可能号码格式错误
2023-11-15 00:20:11 获取到号码【1928456】的GSD为【-】
2023-11-15 00:20:14 GSD insert 第 1 次 等待 3 秒
2023-11-15 00:20:17 {"status":"bad","gid":"604942","msg":"添加失败！号码【1928456(-|-)】已存在！"}
2023-11-15 00:20:17 随机等待 100 秒，约 1 分钟
2023-11-15 00:20:17 下次操作: 2023-11-15 00:21:57

2023-11-15 00:21:57 开始第 8555 次操作

2023-11-15 00:21:57 开始操作号码 【1928457】
2023-11-15 00:22:01 GSD getOne 第 1 次 等待 3 秒
2023-11-15 00:22:04 查询号码 【1928457】，返回信息 {"status":"ok","msg":"-","gid":"604941","time_insert":"2023-03-21 12:57"}
2023-11-15 00:22:04 查询号码 【1928457】，GSD为【"-"】
2023-11-15 00:22:04 ok && -
2023-11-15 00:22:07 CHB 1928457?1699978924 第 1 次 等待 3 秒
2023-11-15 00:22:10 CHB 1928457?1699978924 第 1 次 获取到号码【1928457】GSD
2023-11-15 00:22:10 未获取到号码【1928457】GSD，可能号码格式错误
2023-11-15 00:22:10 获取到号码【1928457】的GSD为【-】
2023-11-15 00:22:15 GSD insert 第 1 次 等待 3 秒
2023-11-15 00:22:18 {"status":"bad","gid":"604941","msg":"添加失败！号码【1928457(-|-)】已存在！"}
2023-11-15 00:22:18 随机等待 194 秒，约 3 分钟
2023-11-15 00:22:18 下次操作: 2023-11-15 00:25:32

2023-11-15 00:25:32 开始第 8556 次操作

2023-11-15 00:25:32 开始操作号码 【1928458】
2023-11-15 00:25:36 GSD getOne 第 1 次 等待 3 秒
2023-11-15 00:25:39 查询号码 【1928458】，返回信息 {"status":"ok","msg":"-","gid":"604937","time_insert":"2023-03-21 12:54"}
2023-11-15 00:25:39 查询号码 【1928458】，GSD为【"-"】
2023-11-15 00:25:39 ok && -
2023-11-15 00:25:42 CHB 1928458?1699979139 第 1 次 等待 3 秒
2023-11-15 00:25:45 CHB 1928458?1699979139 第 1 次 获取到号码【1928458】GSD
2023-11-15 00:25:45 未获取到号码【1928458】GSD，可能号码格式错误
2023-11-15 00:25:45 获取到号码【1928458】的GSD为【-】
2023-11-15 00:25:49 GSD insert 第 1 次 等待 3 秒
2023-11-15 00:25:52 {"status":"bad","gid":"604937","msg":"添加失败！号码【1928458(-|-)】已存在！"}

