2024-08-05 00:20:37 开始第 9673 次操作

2024-08-05 00:20:37 开始操作号码 【1499562】
2024-08-05 00:20:49 GSD getOne 第 1 次 等待 3 秒
2024-08-05 00:20:52 查询号码 【1499562】，返回信息 {"status":"ok","msg":"-","gid":"361339","time_insert":"2021-07-23 02:16"}
2024-08-05 00:20:52 查询号码 【1499562】，GSD为【"-"】
2024-08-05 00:20:52 ok && -
2024-08-05 00:20:54 CHB 1499562?1722788452 第 1 次 等待 3 秒
2024-08-05 00:20:57 CHB 1499562?1722788452 第 1 次 获取到号码【1499562】GSD
2024-08-05 00:20:57 未获取到号码【1499562】GSD，可能号码格式错误
2024-08-05 00:20:57 获取到号码【1499562】的GSD为【-】
2024-08-05 00:21:09 GSD insert 第 1 次 等待 3 秒
2024-08-05 00:21:12 {"status":"bad","gid":"361339","msg":"添加失败！号码【1499562(-|-)】已存在！"}
2024-08-05 00:21:12 随机等待 110 秒，约 1 分钟
2024-08-05 00:21:12 下次操作: 2024-08-05 00:23:02

2024-08-05 00:23:02 开始第 9674 次操作

2024-08-05 00:23:02 开始操作号码 【1499563】
2024-08-05 00:23:10 GSD getOne 第 1 次 等待 3 秒
2024-08-05 00:23:13 查询号码 【1499563】，返回信息 {"status":"ok","msg":"-","gid":"361338","time_insert":"2021-07-23 02:15"}
2024-08-05 00:23:13 查询号码 【1499563】，GSD为【"-"】
2024-08-05 00:23:13 ok && -
2024-08-05 00:23:15 CHB 1499563?1722788593 第 1 次 等待 3 秒
2024-08-05 00:23:18 CHB 1499563?1722788593 第 1 次 获取到号码【1499563】GSD
2024-08-05 00:23:18 未获取到号码【1499563】GSD，可能号码格式错误
2024-08-05 00:23:18 获取到号码【1499563】的GSD为【-】
2024-08-05 00:23:28 GSD insert 第 1 次 等待 3 秒
2024-08-05 00:23:31 {"status":"bad","gid":"361338","msg":"添加失败！号码【1499563(-|-)】已存在！"}
2024-08-05 00:23:31 随机等待 208 秒，约 3 分钟
2024-08-05 00:23:31 下次操作: 2024-08-05 00:26:59

2024-08-05 00:26:59 开始第 9675 次操作

2024-08-05 00:26:59 开始操作号码 【1499564】
2024-08-05 00:27:07 GSD getOne 第 1 次 等待 3 秒
2024-08-05 00:27:10 查询号码 【1499564】，返回信息 {"status":"ok","msg":"-","gid":"361337","time_insert":"2021-07-23 02:14"}
2024-08-05 00:27:10 查询号码 【1499564】，GSD为【"-"】
2024-08-05 00:27:10 ok && -
2024-08-05 00:27:12 CHB 1499564?1722788830 第 1 次 等待 3 秒
2024-08-05 00:27:15 CHB 1499564?1722788830 第 1 次 获取到号码【1499564】GSD
2024-08-05 00:27:15 未获取到号码【1499564】GSD，可能号码格式错误
2024-08-05 00:27:15 获取到号码【1499564】的GSD为【-】
2024-08-05 00:27:23 GSD insert 第 1 次 等待 3 秒
2024-08-05 00:27:26 {"status":"bad","gid":"361337","msg":"添加失败！号码【1499564(-|-)】已存在！"}
2024-08-05 00:27:26 随机等待 222 秒，约 3 分钟
2024-08-05 00:27:26 下次操作: 2024-08-05 00:31:08

2024-08-05 00:31:08 开始第 9676 次操作

2024-08-05 00:31:08 开始操作号码 【1499565】
2024-08-05 00:31:18 GSD getOne 第 1 次 等待 3 秒
2024-08-05 00:31:21 查询号码 【1499565】，返回信息 {"status":"ok","msg":"-","gid":"361335","time_insert":"2021-07-23 02:13"}
2024-08-05 00:31:21 查询号码 【1499565】，GSD为【"-"】
2024-08-05 00:31:21 ok && -
2024-08-05 00:31:23 CHB 1499565?1722789081 第 1 次 等待 3 秒
2024-08-05 00:31:26 CHB 1499565?1722789081 第 1 次 获取到号码【1499565】GSD
2024-08-05 00:31:26 未获取到号码【1499565】GSD，可能号码格式错误
2024-08-05 00:31:26 获取到号码【1499565】的GSD为【-】
2024-08-05 00:31:34 GSD insert 第 1 次 等待 3 秒
2024-08-05 00:31:37 {"status":"bad","gid":"361335","msg":"添加失败！号码【1499565(-|-)】已存在！"}

