2024-03-08 00:20:04 开始第 7657 次操作

2024-03-08 00:20:04 开始操作号码 【1717559】
2024-03-08 00:20:09 GSD getOne 第 1 次 等待 3 秒
2024-03-08 00:20:12 查询号码 【1717559】，返回信息 {"status":"ok","msg":"安徽-黄山","gid":"219558","time_insert":"2021-07-08 03:57"}
2024-03-08 00:20:12 查询号码 【1717559】，GSD为【"安徽-黄山"】

2024-03-08 00:20:13 开始第 7658 次操作

2024-03-08 00:20:13 开始操作号码 【1717560】
2024-03-08 00:20:20 GSD getOne 第 1 次 等待 3 秒
2024-03-08 00:20:23 查询号码 【1717560】，返回信息 {"status":"ok","msg":"安徽-黄山","gid":"219562","time_insert":"2021-07-08 03:58"}
2024-03-08 00:20:23 查询号码 【1717560】，GSD为【"安徽-黄山"】

2024-03-08 00:20:24 开始第 7659 次操作

2024-03-08 00:20:24 开始操作号码 【1717561】
2024-03-08 00:20:28 GSD getOne 第 1 次 等待 3 秒
2024-03-08 00:20:31 查询号码 【1717561】，返回信息 {"status":"ok","msg":"安徽-黄山","gid":"219667","time_insert":"2021-07-08 04:40"}
2024-03-08 00:20:31 查询号码 【1717561】，GSD为【"安徽-黄山"】

2024-03-08 00:20:32 开始第 7660 次操作

2024-03-08 00:20:32 开始操作号码 【1717562】
2024-03-08 00:20:36 GSD getOne 第 1 次 等待 3 秒
2024-03-08 00:20:39 查询号码 【1717562】，返回信息 {"status":"ok","msg":"安徽-铜陵","gid":"219673","time_insert":"2021-07-08 04:41"}
2024-03-08 00:20:39 查询号码 【1717562】，GSD为【"安徽-铜陵"】

