2023-11-05 00:19:02 开始第 6785 次操作

2023-11-05 00:19:02 开始操作号码 【1926687】
2023-11-05 00:19:11 GSD getOne 第 1 次 等待 3 秒
2023-11-05 00:19:14 查询号码 【1926687】，返回信息 {"status":"ok","msg":"-","gid":"614583","time_insert":"2023-03-25 22:49"}
2023-11-05 00:19:14 查询号码 【1926687】，GSD为【"-"】
2023-11-05 00:19:14 ok && -
2023-11-05 00:19:20 CHB 1926687?1699114754 第 1 次 等待 3 秒
2023-11-05 00:19:23 CHB 1926687?1699114754 第 1 次 获取到号码【1926687】GSD
2023-11-05 00:19:23 未获取到号码【1926687】GSD，可能号码格式错误
2023-11-05 00:19:23 获取到号码【1926687】的GSD为【-】
2023-11-05 00:19:26 GSD insert 第 1 次 等待 3 秒
2023-11-05 00:19:29 {"status":"bad","gid":"614583","msg":"添加失败！号码【1926687(-|-)】已存在！"}
2023-11-05 00:19:29 随机等待 92 秒，约 1 分钟
2023-11-05 00:19:29 下次操作: 2023-11-05 00:21:01

2023-11-05 00:21:01 开始第 6786 次操作

2023-11-05 00:21:01 开始操作号码 【1926688】
2023-11-05 00:21:07 GSD getOne 第 1 次 等待 3 秒
2023-11-05 00:21:10 查询号码 【1926688】，返回信息 {"status":"ok","msg":"-","gid":"614581","time_insert":"2023-03-25 22:48"}
2023-11-05 00:21:10 查询号码 【1926688】，GSD为【"-"】
2023-11-05 00:21:10 ok && -
2023-11-05 00:21:14 CHB 1926688?1699114870 第 1 次 等待 3 秒
2023-11-05 00:21:17 CHB 1926688?1699114870 第 1 次 获取到号码【1926688】GSD
2023-11-05 00:21:17 未获取到号码【1926688】GSD，可能号码格式错误
2023-11-05 00:21:17 获取到号码【1926688】的GSD为【-】
2023-11-05 00:21:23 GSD insert 第 1 次 等待 3 秒
2023-11-05 00:21:26 {"status":"bad","gid":"614581","msg":"添加失败！号码【1926688(-|-)】已存在！"}
2023-11-05 00:21:26 随机等待 119 秒，约 1 分钟
2023-11-05 00:21:26 下次操作: 2023-11-05 00:23:25

2023-11-05 00:23:25 开始第 6787 次操作

2023-11-05 00:23:25 开始操作号码 【1926689】
2023-11-05 00:23:33 GSD getOne 第 1 次 等待 3 秒
2023-11-05 00:23:36 查询号码 【1926689】，返回信息 {"status":"ok","msg":"-","gid":"614577","time_insert":"2023-03-25 22:46"}
2023-11-05 00:23:36 查询号码 【1926689】，GSD为【"-"】
2023-11-05 00:23:36 ok && -
2023-11-05 00:23:38 CHB 1926689?1699115016 第 1 次 等待 3 秒
2023-11-05 00:23:41 CHB 1926689?1699115016 第 1 次 获取到号码【1926689】GSD
2023-11-05 00:23:41 未获取到号码【1926689】GSD，可能号码格式错误
2023-11-05 00:23:41 获取到号码【1926689】的GSD为【-】
2023-11-05 00:23:43 GSD insert 第 1 次 等待 3 秒
2023-11-05 00:23:46 {"status":"bad","gid":"614577","msg":"添加失败！号码【1926689(-|-)】已存在！"}
2023-11-05 00:23:46 随机等待 132 秒，约 2 分钟
2023-11-05 00:23:46 下次操作: 2023-11-05 00:25:58

2023-11-05 00:25:58 开始第 6788 次操作

2023-11-05 00:25:58 开始操作号码 【1926690】
2023-11-05 00:26:05 GSD getOne 第 1 次 等待 3 秒
2023-11-05 00:26:08 查询号码 【1926690】，返回信息 {"status":"ok","msg":"-","gid":"614575","time_insert":"2023-03-25 22:44"}
2023-11-05 00:26:08 查询号码 【1926690】，GSD为【"-"】
2023-11-05 00:26:08 ok && -
2023-11-05 00:26:10 CHB 1926690?1699115168 第 1 次 等待 3 秒
2023-11-05 00:26:13 CHB 1926690?1699115168 第 1 次 获取到号码【1926690】GSD
2023-11-05 00:26:13 未获取到号码【1926690】GSD，可能号码格式错误
2023-11-05 00:26:13 获取到号码【1926690】的GSD为【-】
2023-11-05 00:26:20 GSD insert 第 1 次 等待 3 秒
2023-11-05 00:26:23 {"status":"bad","gid":"614575","msg":"添加失败！号码【1926690(-|-)】已存在！"}

