2024-12-03 00:13:32 开始第 8161 次操作

2024-12-03 00:13:32 开始操作号码 【1308160】
2024-12-03 00:13:33 GSD getOne 第 1 次 等待 3 秒
2024-12-03 00:13:36 查询号码 【1308160】，返回信息 {"status":"ok","msg":"山东-烟台","gid":"182418","time_insert":"2021-07-03 15:37"}
2024-12-03 00:13:36 查询号码 【1308160】，GSD为【"山东-烟台"】

2024-12-03 00:13:37 开始第 8162 次操作

2024-12-03 00:13:37 开始操作号码 【1308161】
2024-12-03 00:13:38 GSD getOne 第 1 次 等待 3 秒
2024-12-03 00:13:41 查询号码 【1308161】，返回信息 {"status":"ok","msg":"山东-烟台","gid":"182412","time_insert":"2021-07-03 15:37"}
2024-12-03 00:13:41 查询号码 【1308161】，GSD为【"山东-烟台"】

2024-12-03 00:13:42 开始第 8163 次操作

2024-12-03 00:13:42 开始操作号码 【1308162】
2024-12-03 00:13:43 GSD getOne 第 1 次 等待 3 秒
2024-12-03 00:13:46 查询号码 【1308162】，返回信息 {"status":"ok","msg":"山东-烟台","gid":"182407","time_insert":"2021-07-03 15:36"}
2024-12-03 00:13:46 查询号码 【1308162】，GSD为【"山东-烟台"】

2024-12-03 00:13:47 开始第 8164 次操作

2024-12-03 00:13:47 开始操作号码 【1308163】
2024-12-03 00:13:48 GSD getOne 第 1 次 等待 3 秒
2024-12-03 00:13:51 查询号码 【1308163】，返回信息 {"status":"ok","msg":"山东-烟台","gid":"182403","time_insert":"2021-07-03 15:36"}
2024-12-03 00:13:51 查询号码 【1308163】，GSD为【"山东-烟台"】

