2021-07-13 00:00:21 开始第 2 次操作

2021-07-13 00:00:21 开始操作号码 【1653683】
2021-07-13 00:00:25 GSD getOne 第 1 次 等待 1 秒
2021-07-13 00:00:26 查询号码 【1653683】，返回信息 {"status":"bad","msg":""}
2021-07-13 00:00:26 查询号码 【1653683】，GSD为【""】
2021-07-13 00:00:26 bad
2021-07-13 00:00:28 CHB 1653683?1626105626 第 1 次 等待 1 秒
2021-07-13 00:00:29 CHB 1653683?1626105626 第 1 次 获取到号码【1653683】GSD
2021-07-13 00:00:29 获取到号码【1653683】的GSD为【黑龙江-七台河】
2021-07-13 00:00:47 GSD insert 第 1 次 等待 1 秒
2021-07-13 00:00:48 {"status":"ok","id":260613,"msg":"添加成功！260613"}
2021-07-13 00:00:48 下次操作: 2021-07-13 00:01:00

2021-07-13 00:01:00 开始第 3 次操作

2021-07-13 00:01:00 开始操作号码 【1653684】
2021-07-13 00:01:06 GSD getOne 第 1 次 等待 1 秒
2021-07-13 00:01:07 查询号码 【1653684】，返回信息 {"status":"bad","msg":""}
2021-07-13 00:01:07 查询号码 【1653684】，GSD为【""】
2021-07-13 00:01:07 bad
2021-07-13 00:01:11 CHB 1653684?1626105667 第 1 次 等待 1 秒
2021-07-13 00:01:12 CHB 1653684?1626105667 第 1 次 获取到号码【1653684】GSD
2021-07-13 00:01:12 获取到号码【1653684】的GSD为【黑龙江-齐齐哈尔】
2021-07-13 00:01:30 GSD insert 第 1 次 等待 1 秒
2021-07-13 00:01:31 {"status":"ok","id":260628,"msg":"添加成功！260628"}
2021-07-13 00:01:31 下次操作: 2021-07-13 00:01:39

2021-07-13 00:01:39 开始第 4 次操作

2021-07-13 00:01:39 开始操作号码 【1653685】
2021-07-13 00:02:01 GSD getOne 第 1 次 等待 1 秒
2021-07-13 00:02:02 查询号码 【1653685】，返回信息 {"status":"bad","msg":""}
2021-07-13 00:02:02 查询号码 【1653685】，GSD为【""】
2021-07-13 00:02:02 bad
2021-07-13 00:02:07 CHB 1653685?1626105722 第 1 次 等待 1 秒
2021-07-13 00:02:08 CHB 1653685?1626105722 第 1 次 获取到号码【1653685】GSD
2021-07-13 00:02:08 获取到号码【1653685】的GSD为【黑龙江-齐齐哈尔】
2021-07-13 00:02:26 GSD insert 第 1 次 等待 1 秒
2021-07-13 00:02:27 {"status":"ok","id":260637,"msg":"添加成功！260637"}
2021-07-13 00:02:27 下次操作: 2021-07-13 00:02:36

2021-07-13 00:02:36 开始第 5 次操作

2021-07-13 00:02:36 开始操作号码 【1653686】
2021-07-13 00:02:51 GSD getOne 第 1 次 等待 1 秒
2021-07-13 00:02:52 查询号码 【1653686】，返回信息 {"status":"bad","msg":""}
2021-07-13 00:02:52 查询号码 【1653686】，GSD为【""】
2021-07-13 00:02:52 bad
2021-07-13 00:02:55 CHB 1653686?1626105772 第 1 次 等待 1 秒
2021-07-13 00:02:56 CHB 1653686?1626105772 第 1 次 获取到号码【1653686】GSD
2021-07-13 00:02:56 获取到号码【1653686】的GSD为【黑龙江-鸡西】
2021-07-13 00:03:19 GSD insert 第 1 次 等待 1 秒
2021-07-13 00:03:20 {"status":"ok","id":260644,"msg":"添加成功！260644"}
2021-07-13 00:03:20 下次操作: 2021-07-13 00:03:38

2021-07-13 00:03:38 开始第 6 次操作

2021-07-13 00:03:38 开始操作号码 【1653687】
2021-07-13 00:03:41 GSD getOne 第 1 次 等待 1 秒
2021-07-13 00:03:42 查询号码 【1653687】，返回信息 {"status":"bad","msg":""}
2021-07-13 00:03:42 查询号码 【1653687】，GSD为【""】
2021-07-13 00:03:42 bad
2021-07-13 00:03:47 CHB 1653687?1626105822 第 1 次 等待 1 秒
2021-07-13 00:03:48 CHB 1653687?1626105822 第 1 次 获取到号码【1653687】GSD
2021-07-13 00:03:48 获取到号码【1653687】的GSD为【黑龙江-牡丹江】
2021-07-13 00:04:06 GSD insert 第 1 次 等待 1 秒
2021-07-13 00:04:07 {"status":"ok","id":260651,"msg":"添加成功！260651"}
2021-07-13 00:04:07 下次操作: 2021-07-13 00:04:18

2021-07-13 00:04:18 开始第 7 次操作

2021-07-13 00:04:18 开始操作号码 【1653688】
2021-07-13 00:04:31 GSD getOne 第 1 次 等待 1 秒
2021-07-13 00:04:32 查询号码 【1653688】，返回信息 {"status":"bad","msg":""}
2021-07-13 00:04:32 查询号码 【1653688】，GSD为【""】
2021-07-13 00:04:32 bad
2021-07-13 00:04:39 CHB 1653688?1626105872 第 1 次 等待 1 秒
2021-07-13 00:04:40 CHB 1653688?1626105872 第 1 次 获取到号码【1653688】GSD
2021-07-13 00:04:40 获取到号码【1653688】的GSD为【山东-临沂】
2021-07-13 00:04:55 GSD insert 第 1 次 等待 1 秒
2021-07-13 00:04:56 {"status":"ok","id":260656,"msg":"添加成功！260656"}
2021-07-13 00:04:56 下次操作: 2021-07-13 00:05:14

2021-07-13 00:05:14 开始第 8 次操作

2021-07-13 00:05:14 开始操作号码 【1653689】
2021-07-13 00:05:18 GSD getOne 第 1 次 等待 1 秒
2021-07-13 00:05:19 查询号码 【1653689】，返回信息 {"status":"bad","msg":""}
2021-07-13 00:05:19 查询号码 【1653689】，GSD为【""】
2021-07-13 00:05:19 bad
2021-07-13 00:05:23 CHB 1653689?1626105919 第 1 次 等待 1 秒
2021-07-13 00:05:24 CHB 1653689?1626105919 第 1 次 获取到号码【1653689】GSD
2021-07-13 00:05:24 获取到号码【1653689】的GSD为【黑龙江-牡丹江】
2021-07-13 00:05:51 GSD insert 第 1 次 等待 1 秒
2021-07-13 00:05:52 {"status":"ok","id":260664,"msg":"添加成功！260664"}
2021-07-13 00:05:52 下次操作: 2021-07-13 00:06:05

2021-07-13 00:06:05 开始第 9 次操作

2021-07-13 00:06:05 开始操作号码 【1653690】
2021-07-13 00:06:13 GSD getOne 第 1 次 等待 1 秒
2021-07-13 00:06:14 查询号码 【1653690】，返回信息 {"status":"bad","msg":""}
2021-07-13 00:06:14 查询号码 【1653690】，GSD为【""】
2021-07-13 00:06:14 bad
2021-07-13 00:06:16 CHB 1653690?1626105974 第 1 次 等待 1 秒
2021-07-13 00:06:17 CHB 1653690?1626105974 第 1 次 获取到号码【1653690】GSD
2021-07-13 00:06:17 获取到号码【1653690】的GSD为【山东-临沂】
2021-07-13 00:06:35 GSD insert 第 1 次 等待 1 秒
2021-07-13 00:06:36 {"status":"ok","id":260670,"msg":"添加成功！260670"}
2021-07-13 00:06:36 下次操作: 2021-07-13 00:06:42

2021-07-13 00:06:42 开始第 10 次操作

2021-07-13 00:06:42 开始操作号码 【1653691】
2021-07-13 00:07:16 GSD getOne 第 1 次 等待 1 秒
2021-07-13 00:07:17 查询号码 【1653691】，返回信息 {"status":"bad","msg":""}
2021-07-13 00:07:17 查询号码 【1653691】，GSD为【""】
2021-07-13 00:07:17 bad
2021-07-13 00:07:19 CHB 1653691?1626106037 第 1 次 等待 1 秒
2021-07-13 00:07:20 CHB 1653691?1626106037 第 1 次 获取到号码【1653691】GSD
2021-07-13 00:07:20 获取到号码【1653691】的GSD为【山东-泰安】
2021-07-13 00:07:38 GSD insert 第 1 次 等待 1 秒
2021-07-13 00:07:39 {"status":"ok","id":260676,"msg":"添加成功！260676"}
2021-07-13 00:07:39 下次操作: 2021-07-13 00:07:56

2021-07-13 00:07:56 开始第 11 次操作

2021-07-13 00:07:56 开始操作号码 【1653692】
2021-07-13 00:07:59 GSD getOne 第 1 次 等待 1 秒
2021-07-13 00:08:00 查询号码 【1653692】，返回信息 {"status":"bad","msg":""}
2021-07-13 00:08:00 查询号码 【1653692】，GSD为【""】
2021-07-13 00:08:00 bad
2021-07-13 00:08:02 CHB 1653692?1626106080 第 1 次 等待 1 秒
2021-07-13 00:08:03 CHB 1653692?1626106080 第 1 次 获取到号码【1653692】GSD
2021-07-13 00:08:03 获取到号码【1653692】的GSD为【山东-临沂】
2021-07-13 00:08:22 GSD insert 第 1 次 等待 1 秒
2021-07-13 00:08:23 {"status":"ok","id":260680,"msg":"添加成功！260680"}
2021-07-13 00:08:23 下次操作: 2021-07-13 00:08:35

2021-07-13 00:08:35 开始第 12 次操作

2021-07-13 00:08:35 开始操作号码 【1653693】
2021-07-13 00:08:41 GSD getOne 第 1 次 等待 1 秒
2021-07-13 00:08:42 查询号码 【1653693】，返回信息 {"status":"bad","msg":""}
2021-07-13 00:08:42 查询号码 【1653693】，GSD为【""】
2021-07-13 00:08:42 bad
2021-07-13 00:08:45 CHB 1653693?1626106122 第 1 次 等待 1 秒
2021-07-13 00:08:46 CHB 1653693?1626106122 第 1 次 获取到号码【1653693】GSD
2021-07-13 00:08:46 获取到号码【1653693】的GSD为【山东-临沂】
2021-07-13 00:09:05 GSD insert 第 1 次 等待 1 秒
2021-07-13 00:09:06 {"status":"ok","id":260687,"msg":"添加成功！260687"}
2021-07-13 00:09:06 下次操作: 2021-07-13 00:09:20

2021-07-13 00:09:20 开始第 13 次操作

2021-07-13 00:09:20 开始操作号码 【1653694】
2021-07-13 00:09:25 GSD getOne 第 1 次 等待 1 秒
2021-07-13 00:09:26 查询号码 【1653694】，返回信息 {"status":"bad","msg":""}
2021-07-13 00:09:27 查询号码 【1653694】，GSD为【""】
2021-07-13 00:09:27 bad
2021-07-13 00:09:30 CHB 1653694?1626106167 第 1 次 等待 1 秒
2021-07-13 00:09:31 CHB 1653694?1626106167 第 1 次 获取到号码【1653694】GSD
2021-07-13 00:09:31 获取到号码【1653694】的GSD为【吉林-通化】
2021-07-13 00:09:53 GSD insert 第 1 次 等待 1 秒
2021-07-13 00:09:54 {"status":"ok","id":260691,"msg":"添加成功！260691"}
2021-07-13 00:09:54 下次操作: 2021-07-13 00:10:02

2021-07-13 00:10:02 开始第 14 次操作

2021-07-13 00:10:02 开始操作号码 【1653695】
2021-07-13 00:10:13 GSD getOne 第 1 次 等待 1 秒
2021-07-13 00:10:14 查询号码 【1653695】，返回信息 {"status":"bad","msg":""}
2021-07-13 00:10:14 查询号码 【1653695】，GSD为【""】
2021-07-13 00:10:14 bad
2021-07-13 00:10:15 CHB 1653695?1626106214 第 1 次 等待 1 秒
2021-07-13 00:10:16 CHB 1653695?1626106214 第 1 次 获取到号码【1653695】GSD
2021-07-13 00:10:16 获取到号码【1653695】的GSD为【山东-泰安】
2021-07-13 00:11:37 GSD insert 第 1 次 等待 1 秒
2021-07-13 00:11:38 {"status":"ok","id":260696,"msg":"添加成功！260696"}
2021-07-13 00:11:38 下次操作: 2021-07-13 00:11:44

2021-07-13 00:11:44 开始第 15 次操作

2021-07-13 00:11:44 开始操作号码 【1653696】
2021-07-13 00:12:04 GSD getOne 第 1 次 等待 1 秒
2021-07-13 00:12:05 查询号码 【1653696】，返回信息 {"status":"bad","msg":""}
2021-07-13 00:12:05 查询号码 【1653696】，GSD为【""】
2021-07-13 00:12:05 bad
2021-07-13 00:12:07 CHB 1653696?1626106325 第 1 次 等待 1 秒
2021-07-13 00:12:08 CHB 1653696?1626106325 第 1 次 获取到号码【1653696】GSD
2021-07-13 00:12:08 获取到号码【1653696】的GSD为【山东-临沂】
2021-07-13 00:13:25 GSD insert 第 1 次 等待 1 秒
2021-07-13 00:13:26 {"status":"ok","id":260701,"msg":"添加成功！260701"}
2021-07-13 00:13:26 下次操作: 2021-07-13 00:13:41

2021-07-13 00:13:41 开始第 16 次操作

2021-07-13 00:13:41 开始操作号码 【1653697】
2021-07-13 00:13:45 GSD getOne 第 1 次 等待 1 秒
2021-07-13 00:13:46 查询号码 【1653697】，返回信息 {"status":"bad","msg":""}
2021-07-13 00:13:46 查询号码 【1653697】，GSD为【""】
2021-07-13 00:13:46 bad
2021-07-13 00:13:51 CHB 1653697?1626106426 第 1 次 等待 1 秒
2021-07-13 00:13:52 CHB 1653697?1626106426 第 1 次 获取到号码【1653697】GSD
2021-07-13 00:13:52 获取到号码【1653697】的GSD为【山东-临沂】
2021-07-13 00:14:11 GSD insert 第 1 次 等待 1 秒
2021-07-13 00:14:12 {"status":"ok","id":260705,"msg":"添加成功！260705"}
2021-07-13 00:14:12 下次操作: 2021-07-13 00:14:26

2021-07-13 00:14:26 开始第 17 次操作

2021-07-13 00:14:26 开始操作号码 【1653698】
2021-07-13 00:15:41 GSD getOne 第 1 次 等待 1 秒
2021-07-13 00:15:42 查询号码 【1653698】，返回信息 {"status":"bad","msg":""}
2021-07-13 00:15:42 查询号码 【1653698】，GSD为【""】
2021-07-13 00:15:42 bad
2021-07-13 00:15:48 CHB 1653698?1626106542 第 1 次 等待 1 秒
2021-07-13 00:15:49 CHB 1653698?1626106542 第 1 次 获取到号码【1653698】GSD
2021-07-13 00:15:49 获取到号码【1653698】的GSD为【山东-临沂】
2021-07-13 00:16:00 GSD insert 第 1 次 等待 1 秒
2021-07-13 00:16:01 {"status":"ok","id":260712,"msg":"添加成功！260712"}
2021-07-13 00:16:01 下次操作: 2021-07-13 00:16:11

2021-07-13 00:16:11 开始第 18 次操作

2021-07-13 00:16:11 开始操作号码 【1653699】
2021-07-13 00:17:24 GSD getOne 第 1 次 等待 1 秒
2021-07-13 00:17:25 查询号码 【1653699】，返回信息 {"status":"bad","msg":""}
2021-07-13 00:17:25 查询号码 【1653699】，GSD为【""】
2021-07-13 00:17:25 bad
2021-07-13 00:17:27 CHB 1653699?1626106645 第 1 次 等待 1 秒
2021-07-13 00:17:28 CHB 1653699?1626106645 第 1 次 获取到号码【1653699】GSD
2021-07-13 00:17:28 获取到号码【1653699】的GSD为【山东-临沂】
2021-07-13 00:18:54 GSD insert 第 1 次 等待 1 秒
2021-07-13 00:18:55 {"status":"ok","id":260719,"msg":"添加成功！260719"}
2021-07-13 00:18:55 下次操作: 2021-07-13 00:19:07

2021-07-13 00:19:07 开始第 19 次操作

2021-07-13 00:19:07 开始操作号码 【1653700】
2021-07-13 00:19:44 GSD getOne 第 1 次 等待 1 秒
2021-07-13 00:19:45 查询号码 【1653700】，返回信息 {"status":"bad","msg":""}
2021-07-13 00:19:45 查询号码 【1653700】，GSD为【""】
2021-07-13 00:19:45 bad
2021-07-13 00:19:49 CHB 1653700?1626106785 第 1 次 等待 1 秒
2021-07-13 00:19:50 CHB 1653700?1626106785 第 1 次 获取到号码【1653700】GSD
2021-07-13 00:19:50 获取到号码【1653700】的GSD为【河南-商丘】
2021-07-13 00:20:09 GSD insert 第 1 次 等待 1 秒
2021-07-13 00:20:10 {"status":"ok","id":260725,"msg":"添加成功！260725"}
2021-07-13 00:20:10 下次操作: 2021-07-13 00:20:25

2021-07-13 00:20:25 开始第 20 次操作

2021-07-13 00:20:25 开始操作号码 【1653701】
2021-07-13 00:20:47 GSD getOne 第 1 次 等待 1 秒
2021-07-13 00:20:48 查询号码 【1653701】，返回信息 {"status":"bad","msg":""}
2021-07-13 00:20:48 查询号码 【1653701】，GSD为【""】
2021-07-13 00:20:48 bad
2021-07-13 00:20:51 CHB 1653701?1626106848 第 1 次 等待 1 秒
2021-07-13 00:20:52 CHB 1653701?1626106848 第 1 次 获取到号码【1653701】GSD
2021-07-13 00:20:52 获取到号码【1653701】的GSD为【河南-商丘】
2021-07-13 00:21:26 GSD insert 第 1 次 等待 1 秒
2021-07-13 00:21:27 {"status":"ok","id":260732,"msg":"添加成功！260732"}
2021-07-13 00:21:27 下次操作: 2021-07-13 00:21:36

2021-07-13 00:21:36 开始第 21 次操作

2021-07-13 00:21:36 开始操作号码 【1653702】
2021-07-13 00:22:48 GSD getOne 第 1 次 等待 1 秒
2021-07-13 00:22:49 查询号码 【1653702】，返回信息 {"status":"bad","msg":""}
2021-07-13 00:22:49 查询号码 【1653702】，GSD为【""】
2021-07-13 00:22:49 bad
2021-07-13 00:22:52 CHB 1653702?1626106969 第 1 次 等待 1 秒
2021-07-13 00:22:53 CHB 1653702?1626106969 第 1 次 获取到号码【1653702】GSD
2021-07-13 00:22:53 获取到号码【1653702】的GSD为【河南-商丘】
2021-07-13 00:23:11 GSD insert 第 1 次 等待 1 秒
2021-07-13 00:23:12 {"status":"ok","id":260735,"msg":"添加成功！260735"}
2021-07-13 00:23:12 下次操作: 2021-07-13 00:23:20

2021-07-13 00:23:21 开始第 22 次操作

2021-07-13 00:23:21 开始操作号码 【1653703】
2021-07-13 00:23:31 GSD getOne 第 1 次 等待 1 秒
2021-07-13 00:23:32 查询号码 【1653703】，返回信息 {"status":"bad","msg":""}
2021-07-13 00:23:33 查询号码 【1653703】，GSD为【""】
2021-07-13 00:23:33 bad
2021-07-13 00:23:35 CHB 1653703?1626107013 第 1 次 等待 1 秒
2021-07-13 00:23:36 CHB 1653703?1626107013 第 1 次 获取到号码【1653703】GSD
2021-07-13 00:23:36 获取到号码【1653703】的GSD为【河南-商丘】
2021-07-13 00:24:01 GSD insert 第 1 次 等待 1 秒
2021-07-13 00:24:02 {"status":"ok","id":260738,"msg":"添加成功！260738"}
2021-07-13 00:24:02 下次操作: 2021-07-13 00:24:17

2021-07-13 00:24:17 开始第 23 次操作

2021-07-13 00:24:17 开始操作号码 【1653704】
2021-07-13 00:25:18 GSD getOne 第 1 次 等待 1 秒
2021-07-13 00:25:19 查询号码 【1653704】，返回信息 {"status":"bad","msg":""}
2021-07-13 00:25:19 查询号码 【1653704】，GSD为【""】
2021-07-13 00:25:19 bad
2021-07-13 00:25:23 CHB 1653704?1626107119 第 1 次 等待 1 秒
2021-07-13 00:25:24 CHB 1653704?1626107119 第 1 次 获取到号码【1653704】GSD
2021-07-13 00:25:24 获取到号码【1653704】的GSD为【河南-商丘】
2021-07-13 00:25:43 GSD insert 第 1 次 等待 1 秒
2021-07-13 00:25:44 {"status":"ok","id":260744,"msg":"添加成功！260744"}
2021-07-13 00:25:44 下次操作: 2021-07-13 00:25:58

2021-07-13 00:25:58 开始第 24 次操作

2021-07-13 00:25:58 开始操作号码 【1653705】
2021-07-13 00:26:37 GSD getOne 第 1 次 等待 1 秒
2021-07-13 00:26:38 查询号码 【1653705】，返回信息 {"status":"bad","msg":""}
2021-07-13 00:26:38 查询号码 【1653705】，GSD为【""】
2021-07-13 00:26:38 bad
2021-07-13 00:26:40 CHB 1653705?1626107198 第 1 次 等待 1 秒
2021-07-13 00:26:41 CHB 1653705?1626107198 第 1 次 获取到号码【1653705】GSD
2021-07-13 00:26:41 获取到号码【1653705】的GSD为【河南-商丘】
2021-07-13 00:27:02 GSD insert 第 1 次 等待 1 秒
2021-07-13 00:27:03 {"status":"ok","id":260748,"msg":"添加成功！260748"}
2021-07-13 00:27:03 下次操作: 2021-07-13 00:27:09

2021-07-13 00:27:09 开始第 25 次操作

2021-07-13 00:27:09 开始操作号码 【1653706】
2021-07-13 00:27:41 GSD getOne 第 1 次 等待 1 秒
2021-07-13 00:27:42 查询号码 【1653706】，返回信息 {"status":"bad","msg":""}
2021-07-13 00:27:42 查询号码 【1653706】，GSD为【""】
2021-07-13 00:27:42 bad
2021-07-13 00:27:43 CHB 1653706?1626107262 第 1 次 等待 1 秒
2021-07-13 00:27:44 CHB 1653706?1626107262 第 1 次 获取到号码【1653706】GSD
2021-07-13 00:27:44 获取到号码【1653706】的GSD为【河南-商丘】
2021-07-13 00:28:03 GSD insert 第 1 次 等待 1 秒
2021-07-13 00:28:04 {"status":"ok","id":260751,"msg":"添加成功！260751"}
2021-07-13 00:28:04 下次操作: 2021-07-13 00:28:12

2021-07-13 00:28:12 开始第 26 次操作

2021-07-13 00:28:12 开始操作号码 【1653707】
2021-07-13 00:28:25 GSD getOne 第 1 次 等待 1 秒
2021-07-13 00:28:26 查询号码 【1653707】，返回信息 {"status":"bad","msg":""}
2021-07-13 00:28:26 查询号码 【1653707】，GSD为【""】
2021-07-13 00:28:26 bad
2021-07-13 00:28:28 CHB 1653707?1626107306 第 1 次 等待 1 秒
2021-07-13 00:28:29 CHB 1653707?1626107306 第 1 次 获取到号码【1653707】GSD
2021-07-13 00:28:29 获取到号码【1653707】的GSD为【河南-商丘】
2021-07-13 00:28:59 GSD insert 第 1 次 等待 1 秒
2021-07-13 00:29:00 {"status":"ok","id":260753,"msg":"添加成功！260753"}
2021-07-13 00:29:00 下次操作: 2021-07-13 00:29:12

2021-07-13 00:29:12 开始第 27 次操作

2021-07-13 00:29:12 开始操作号码 【1653708】
2021-07-13 00:29:18 GSD getOne 第 1 次 等待 1 秒
2021-07-13 00:29:19 查询号码 【1653708】，返回信息 {"status":"bad","msg":""}
2021-07-13 00:29:19 查询号码 【1653708】，GSD为【""】
2021-07-13 00:29:19 bad
2021-07-13 00:29:21 CHB 1653708?1626107359 第 1 次 等待 1 秒
2021-07-13 00:29:22 CHB 1653708?1626107359 第 1 次 获取到号码【1653708】GSD
2021-07-13 00:29:22 获取到号码【1653708】的GSD为【河南-商丘】
2021-07-13 00:29:40 GSD insert 第 1 次 等待 1 秒
2021-07-13 00:29:41 {"status":"ok","id":260754,"msg":"添加成功！260754"}
2021-07-13 00:29:41 下次操作: 2021-07-13 00:29:57

2021-07-13 00:29:57 开始第 28 次操作

2021-07-13 00:29:57 开始操作号码 【1653709】
2021-07-13 00:30:00 GSD getOne 第 1 次 等待 1 秒
2021-07-13 00:30:01 查询号码 【1653709】，返回信息 {"status":"bad","msg":""}
2021-07-13 00:30:01 查询号码 【1653709】，GSD为【""】
2021-07-13 00:30:01 bad
2021-07-13 00:30:03 CHB 1653709?1626107401 第 1 次 等待 1 秒
2021-07-13 00:30:04 CHB 1653709?1626107401 第 1 次 获取到号码【1653709】GSD
2021-07-13 00:30:04 获取到号码【1653709】的GSD为【河南-商丘】
2021-07-13 00:30:25 GSD insert 第 1 次 等待 1 秒
2021-07-13 00:30:26 {"status":"ok","id":260758,"msg":"添加成功！260758"}
2021-07-13 00:30:26 下次操作: 2021-07-13 00:30:33

2021-07-13 00:30:33 开始第 29 次操作

2021-07-13 00:30:33 开始操作号码 【1653710】
2021-07-13 00:30:52 GSD getOne 第 1 次 等待 1 秒
2021-07-13 00:30:53 查询号码 【1653710】，返回信息 {"status":"bad","msg":""}
2021-07-13 00:30:53 查询号码 【1653710】，GSD为【""】
2021-07-13 00:30:53 bad
2021-07-13 00:30:55 CHB 1653710?1626107453 第 1 次 等待 1 秒
2021-07-13 00:30:56 CHB 1653710?1626107453 第 1 次 获取到号码【1653710】GSD
2021-07-13 00:30:56 获取到号码【1653710】的GSD为【河南-郑州】
2021-07-13 00:31:14 GSD insert 第 1 次 等待 1 秒
2021-07-13 00:31:15 {"status":"ok","id":260761,"msg":"添加成功！260761"}
2021-07-13 00:31:15 下次操作: 2021-07-13 00:31:32

2021-07-13 00:31:32 开始第 30 次操作

2021-07-13 00:31:32 开始操作号码 【1653711】
2021-07-13 00:31:35 GSD getOne 第 1 次 等待 1 秒
2021-07-13 00:31:36 查询号码 【1653711】，返回信息 {"status":"bad","msg":""}
2021-07-13 00:31:36 查询号码 【1653711】，GSD为【""】
2021-07-13 00:31:36 bad
2021-07-13 00:31:39 CHB 1653711?1626107496 第 1 次 等待 1 秒
2021-07-13 00:31:40 CHB 1653711?1626107496 第 1 次 获取到号码【1653711】GSD
2021-07-13 00:31:40 获取到号码【1653711】的GSD为【河南-郑州】
2021-07-13 00:32:09 GSD insert 第 1 次 等待 1 秒
2021-07-13 00:32:10 {"status":"ok","id":260762,"msg":"添加成功！260762"}

2021-07-13 01:05:12 开始第 1 次操作

2021-07-13 01:05:12 开始操作号码 【1653712】
2021-07-13 01:05:19 GSD getOne 第 1 次 等待 1 秒
2021-07-13 01:05:20 查询号码 【1653712】，返回信息 {"status":"bad","msg":""}
2021-07-13 01:05:20 查询号码 【1653712】，GSD为【""】
2021-07-13 01:05:20 bad
2021-07-13 01:05:23 CHB 1653712?1626109520 第 1 次 等待 1 秒
2021-07-13 01:05:24 CHB 1653712?1626109520 第 1 次 获取到号码【1653712】GSD
2021-07-13 01:05:24 获取到号码【1653712】的GSD为【河南-郑州】
2021-07-13 01:05:27 GSD insert 第 1 次 等待 1 秒
2021-07-13 01:05:28 {"status":"ok","id":260844,"msg":"添加成功！260844"}
2021-07-13 01:05:28 下次操作: 2021-07-13 01:05:42

2021-07-13 01:05:42 开始第 2 次操作

2021-07-13 01:05:42 开始操作号码 【1653713】
2021-07-13 01:05:46 GSD getOne 第 1 次 等待 1 秒
2021-07-13 01:05:47 查询号码 【1653713】，返回信息 {"status":"bad","msg":""}
2021-07-13 01:05:47 查询号码 【1653713】，GSD为【""】
2021-07-13 01:05:47 bad
2021-07-13 01:05:49 CHB 1653713?1626109547 第 1 次 等待 1 秒
2021-07-13 01:05:50 CHB 1653713?1626109547 第 1 次 获取到号码【1653713】GSD
2021-07-13 01:05:50 获取到号码【1653713】的GSD为【河南-郑州】
2021-07-13 01:05:56 GSD insert 第 1 次 等待 1 秒
2021-07-13 01:05:57 {"status":"ok","id":260852,"msg":"添加成功！260852"}
2021-07-13 01:05:57 下次操作: 2021-07-13 01:06:07

2021-07-13 01:06:07 开始第 3 次操作

2021-07-13 01:06:07 开始操作号码 【1653714】
2021-07-13 01:06:10 GSD getOne 第 1 次 等待 1 秒
2021-07-13 01:06:11 查询号码 【1653714】，返回信息 {"status":"bad","msg":""}
2021-07-13 01:06:11 查询号码 【1653714】，GSD为【""】
2021-07-13 01:06:11 bad
2021-07-13 01:06:13 CHB 1653714?1626109571 第 1 次 等待 1 秒
2021-07-13 01:06:14 CHB 1653714?1626109571 第 1 次 获取到号码【1653714】GSD
2021-07-13 01:06:14 获取到号码【1653714】的GSD为【河南-郑州】
2021-07-13 01:06:24 GSD insert 第 1 次 等待 1 秒
2021-07-13 01:06:25 {"status":"ok","id":260863,"msg":"添加成功！260863"}
2021-07-13 01:06:25 下次操作: 2021-07-13 01:06:37

2021-07-13 01:06:37 开始第 4 次操作

2021-07-13 01:06:37 开始操作号码 【1653715】
2021-07-13 01:06:49 GSD getOne 第 1 次 等待 1 秒
2021-07-13 01:06:50 查询号码 【1653715】，返回信息 {"status":"bad","msg":""}
2021-07-13 01:06:50 查询号码 【1653715】，GSD为【""】
2021-07-13 01:06:50 bad
2021-07-13 01:06:52 CHB 1653715?1626109610 第 1 次 等待 1 秒
2021-07-13 01:06:53 CHB 1653715?1626109610 第 1 次 获取到号码【1653715】GSD
2021-07-13 01:06:53 获取到号码【1653715】的GSD为【河南-郑州】
2021-07-13 01:07:04 GSD insert 第 1 次 等待 1 秒
2021-07-13 01:07:05 {"status":"ok","id":260873,"msg":"添加成功！260873"}
2021-07-13 01:07:05 下次操作: 2021-07-13 01:07:22

2021-07-13 01:07:22 开始第 5 次操作

2021-07-13 01:07:22 开始操作号码 【1653716】
2021-07-13 01:07:25 GSD getOne 第 1 次 等待 1 秒
2021-07-13 01:07:26 查询号码 【1653716】，返回信息 {"status":"bad","msg":""}
2021-07-13 01:07:26 查询号码 【1653716】，GSD为【""】
2021-07-13 01:07:26 bad
2021-07-13 01:07:28 CHB 1653716?1626109646 第 1 次 等待 1 秒
2021-07-13 01:07:29 CHB 1653716?1626109646 第 1 次 获取到号码【1653716】GSD
2021-07-13 01:07:29 获取到号码【1653716】的GSD为【河南-郑州】
2021-07-13 01:07:32 GSD insert 第 1 次 等待 1 秒
2021-07-13 01:07:33 {"status":"ok","id":260880,"msg":"添加成功！260880"}
2021-07-13 01:07:33 下次操作: 2021-07-13 01:07:45

2021-07-13 01:07:45 开始第 6 次操作

2021-07-13 01:07:45 开始操作号码 【1653717】
2021-07-13 01:07:48 GSD getOne 第 1 次 等待 1 秒
2021-07-13 01:07:49 查询号码 【1653717】，返回信息 {"status":"bad","msg":""}
2021-07-13 01:07:49 查询号码 【1653717】，GSD为【""】
2021-07-13 01:07:49 bad
2021-07-13 01:07:50 CHB 1653717?1626109669 第 1 次 等待 1 秒
2021-07-13 01:07:51 CHB 1653717?1626109669 第 1 次 获取到号码【1653717】GSD
2021-07-13 01:07:52 获取到号码【1653717】的GSD为【河南-郑州】
2021-07-13 01:07:59 GSD insert 第 1 次 等待 1 秒
2021-07-13 01:08:00 {"status":"ok","id":260890,"msg":"添加成功！260890"}
2021-07-13 01:08:00 下次操作: 2021-07-13 01:08:09

2021-07-13 01:08:09 开始第 7 次操作

2021-07-13 01:08:09 开始操作号码 【1653718】
2021-07-13 01:08:12 GSD getOne 第 1 次 等待 1 秒
2021-07-13 01:08:13 查询号码 【1653718】，返回信息 {"status":"bad","msg":""}
2021-07-13 01:08:13 查询号码 【1653718】，GSD为【""】
2021-07-13 01:08:13 bad
2021-07-13 01:08:15 CHB 1653718?1626109693 第 1 次 等待 1 秒
2021-07-13 01:08:16 CHB 1653718?1626109693 第 1 次 获取到号码【1653718】GSD
2021-07-13 01:08:16 获取到号码【1653718】的GSD为【河南-郑州】
2021-07-13 01:08:19 GSD insert 第 1 次 等待 1 秒
2021-07-13 01:08:20 {"status":"ok","id":260897,"msg":"添加成功！260897"}
2021-07-13 01:08:20 下次操作: 2021-07-13 01:08:35

2021-07-13 01:08:35 开始第 8 次操作

2021-07-13 01:08:35 开始操作号码 【1653719】
2021-07-13 01:08:38 GSD getOne 第 1 次 等待 1 秒
2021-07-13 01:08:39 查询号码 【1653719】，返回信息 {"status":"bad","msg":""}
2021-07-13 01:08:39 查询号码 【1653719】，GSD为【""】
2021-07-13 01:08:39 bad
2021-07-13 01:08:40 CHB 1653719?1626109719 第 1 次 等待 1 秒
2021-07-13 01:08:41 CHB 1653719?1626109719 第 1 次 获取到号码【1653719】GSD
2021-07-13 01:08:41 获取到号码【1653719】的GSD为【河南-郑州】
2021-07-13 01:08:44 GSD insert 第 1 次 等待 1 秒
2021-07-13 01:08:45 {"status":"ok","id":260903,"msg":"添加成功！260903"}
2021-07-13 01:08:45 下次操作: 2021-07-13 01:08:57

2021-07-13 01:08:57 开始第 9 次操作

2021-07-13 01:08:57 开始操作号码 【1653720】
2021-07-13 01:09:03 GSD getOne 第 1 次 等待 1 秒
2021-07-13 01:09:04 查询号码 【1653720】，返回信息 {"status":"bad","msg":""}
2021-07-13 01:09:04 查询号码 【1653720】，GSD为【""】
2021-07-13 01:09:04 bad
2021-07-13 01:09:10 CHB 1653720?1626109744 第 1 次 等待 1 秒
2021-07-13 01:09:11 CHB 1653720?1626109744 第 1 次 获取到号码【1653720】GSD
2021-07-13 01:09:11 获取到号码【1653720】的GSD为【河南-安阳】
2021-07-13 01:09:14 GSD insert 第 1 次 等待 1 秒
2021-07-13 01:09:15 {"status":"ok","id":260910,"msg":"添加成功！260910"}
2021-07-13 01:09:15 下次操作: 2021-07-13 01:09:25

2021-07-13 01:09:25 开始第 10 次操作

2021-07-13 01:09:25 开始操作号码 【1653721】
2021-07-13 01:09:28 GSD getOne 第 1 次 等待 1 秒
2021-07-13 01:09:29 查询号码 【1653721】，返回信息 {"status":"bad","msg":""}
2021-07-13 01:09:29 查询号码 【1653721】，GSD为【""】
2021-07-13 01:09:29 bad
2021-07-13 01:09:31 CHB 1653721?1626109769 第 1 次 等待 1 秒
2021-07-13 01:09:32 CHB 1653721?1626109769 第 1 次 获取到号码【1653721】GSD
2021-07-13 01:09:32 获取到号码【1653721】的GSD为【河南-安阳】
2021-07-13 01:09:39 GSD insert 第 1 次 等待 1 秒
2021-07-13 01:09:40 {"status":"ok","id":260920,"msg":"添加成功！260920"}
2021-07-13 01:09:40 下次操作: 2021-07-13 01:09:49

2021-07-13 01:09:49 开始第 11 次操作

2021-07-13 01:09:49 开始操作号码 【1653722】
2021-07-13 01:09:57 GSD getOne 第 1 次 等待 1 秒
2021-07-13 01:09:58 查询号码 【1653722】，返回信息 {"status":"bad","msg":""}
2021-07-13 01:09:58 查询号码 【1653722】，GSD为【""】
2021-07-13 01:09:58 bad
2021-07-13 01:10:01 CHB 1653722?1626109798 第 1 次 等待 1 秒
2021-07-13 01:10:02 CHB 1653722?1626109798 第 1 次 获取到号码【1653722】GSD
2021-07-13 01:10:02 获取到号码【1653722】的GSD为【山东-东营】
2021-07-13 01:10:05 GSD insert 第 1 次 等待 1 秒
2021-07-13 01:10:06 {"status":"ok","id":260926,"msg":"添加成功！260926"}
2021-07-13 01:10:06 下次操作: 2021-07-13 01:10:24

2021-07-13 01:10:24 开始第 12 次操作

2021-07-13 01:10:24 开始操作号码 【1653723】
2021-07-13 01:10:26 GSD getOne 第 1 次 等待 1 秒
2021-07-13 01:10:27 查询号码 【1653723】，返回信息 {"status":"bad","msg":""}
2021-07-13 01:10:28 查询号码 【1653723】，GSD为【""】
2021-07-13 01:10:28 bad
2021-07-13 01:10:30 CHB 1653723?1626109828 第 1 次 等待 1 秒
2021-07-13 01:10:31 CHB 1653723?1626109828 第 1 次 获取到号码【1653723】GSD
2021-07-13 01:10:31 获取到号码【1653723】的GSD为【河南-安阳】
2021-07-13 01:10:36 GSD insert 第 1 次 等待 1 秒
2021-07-13 01:10:37 {"status":"ok","id":260934,"msg":"添加成功！260934"}
2021-07-13 01:10:37 下次操作: 2021-07-13 01:10:47

2021-07-13 01:10:47 开始第 13 次操作

2021-07-13 01:10:47 开始操作号码 【1653724】
2021-07-13 01:10:52 GSD getOne 第 1 次 等待 1 秒
2021-07-13 01:10:53 查询号码 【1653724】，返回信息 {"status":"bad","msg":""}
2021-07-13 01:10:53 查询号码 【1653724】，GSD为【""】
2021-07-13 01:10:53 bad
2021-07-13 01:10:55 CHB 1653724?1626109853 第 1 次 等待 1 秒
2021-07-13 01:10:56 CHB 1653724?1626109853 第 1 次 获取到号码【1653724】GSD
2021-07-13 01:10:57 获取到号码【1653724】的GSD为【河南-安阳】
2021-07-13 01:10:59 GSD insert 第 1 次 等待 1 秒
2021-07-13 01:11:00 {"status":"ok","id":260941,"msg":"添加成功！260941"}
2021-07-13 01:11:00 下次操作: 2021-07-13 01:11:11

2021-07-13 01:11:11 开始第 14 次操作

2021-07-13 01:11:11 开始操作号码 【1653725】
2021-07-13 01:11:19 GSD getOne 第 1 次 等待 1 秒
2021-07-13 01:11:20 查询号码 【1653725】，返回信息 {"status":"bad","msg":""}
2021-07-13 01:11:20 查询号码 【1653725】，GSD为【""】
2021-07-13 01:11:20 bad
2021-07-13 01:11:23 CHB 1653725?1626109880 第 1 次 等待 1 秒
2021-07-13 01:11:24 CHB 1653725?1626109880 第 1 次 获取到号码【1653725】GSD
2021-07-13 01:11:24 获取到号码【1653725】的GSD为【河南-安阳】
2021-07-13 01:11:27 GSD insert 第 1 次 等待 1 秒
2021-07-13 01:11:28 {"status":"ok","id":260947,"msg":"添加成功！260947"}
2021-07-13 01:11:28 下次操作: 2021-07-13 01:11:44

2021-07-13 01:11:44 开始第 15 次操作

2021-07-13 01:11:44 开始操作号码 【1653726】
2021-07-13 01:11:52 GSD getOne 第 1 次 等待 1 秒
2021-07-13 01:11:53 查询号码 【1653726】，返回信息 {"status":"bad","msg":""}
2021-07-13 01:11:53 查询号码 【1653726】，GSD为【""】
2021-07-13 01:11:53 bad
2021-07-13 01:12:01 CHB 1653726?1626109913 第 1 次 等待 1 秒
2021-07-13 01:12:02 CHB 1653726?1626109913 第 1 次 获取到号码【1653726】GSD
2021-07-13 01:12:02 获取到号码【1653726】的GSD为【河南-安阳】
2021-07-13 01:12:09 GSD insert 第 1 次 等待 1 秒
2021-07-13 01:12:10 {"status":"ok","id":260961,"msg":"添加成功！260961"}
2021-07-13 01:12:10 下次操作: 2021-07-13 01:12:26

2021-07-13 01:12:26 开始第 16 次操作

2021-07-13 01:12:26 开始操作号码 【1653727】
2021-07-13 01:12:29 GSD getOne 第 1 次 等待 1 秒
2021-07-13 01:12:30 查询号码 【1653727】，返回信息 {"status":"bad","msg":""}
2021-07-13 01:12:30 查询号码 【1653727】，GSD为【""】
2021-07-13 01:12:30 bad
2021-07-13 01:12:32 CHB 1653727?1626109950 第 1 次 等待 1 秒
2021-07-13 01:12:33 CHB 1653727?1626109950 第 1 次 获取到号码【1653727】GSD
2021-07-13 01:12:33 获取到号码【1653727】的GSD为【河南-安阳】
2021-07-13 01:12:38 GSD insert 第 1 次 等待 1 秒
2021-07-13 01:12:39 {"status":"ok","id":260969,"msg":"添加成功！260969"}
2021-07-13 01:12:39 下次操作: 2021-07-13 01:12:48

2021-07-13 01:12:48 开始第 17 次操作

2021-07-13 01:12:48 开始操作号码 【1653728】
2021-07-13 01:12:54 GSD getOne 第 1 次 等待 1 秒
2021-07-13 01:12:55 查询号码 【1653728】，返回信息 {"status":"bad","msg":""}
2021-07-13 01:12:55 查询号码 【1653728】，GSD为【""】
2021-07-13 01:12:55 bad
2021-07-13 01:12:57 CHB 1653728?1626109975 第 1 次 等待 1 秒
2021-07-13 01:12:58 CHB 1653728?1626109975 第 1 次 获取到号码【1653728】GSD
2021-07-13 01:12:58 获取到号码【1653728】的GSD为【河南-安阳】
2021-07-13 01:13:01 GSD insert 第 1 次 等待 1 秒
2021-07-13 01:13:02 {"status":"ok","id":260978,"msg":"添加成功！260978"}
2021-07-13 01:13:02 下次操作: 2021-07-13 01:13:19

2021-07-13 01:13:19 开始第 18 次操作

2021-07-13 01:13:19 开始操作号码 【1653729】
2021-07-13 01:13:24 GSD getOne 第 1 次 等待 1 秒
2021-07-13 01:13:25 查询号码 【1653729】，返回信息 {"status":"bad","msg":""}
2021-07-13 01:13:25 查询号码 【1653729】，GSD为【""】
2021-07-13 01:13:25 bad
2021-07-13 01:13:27 CHB 1653729?1626110005 第 1 次 等待 1 秒
2021-07-13 01:13:28 CHB 1653729?1626110005 第 1 次 获取到号码【1653729】GSD
2021-07-13 01:13:28 获取到号码【1653729】的GSD为【河南-安阳】
2021-07-13 01:13:31 GSD insert 第 1 次 等待 1 秒
2021-07-13 01:13:32 {"status":"ok","id":260986,"msg":"添加成功！260986"}
2021-07-13 01:13:32 下次操作: 2021-07-13 01:13:49

2021-07-13 01:13:49 开始第 19 次操作

2021-07-13 01:13:49 开始操作号码 【1653730】
2021-07-13 01:13:55 GSD getOne 第 1 次 等待 1 秒
2021-07-13 01:13:56 查询号码 【1653730】，返回信息 {"status":"bad","msg":""}
2021-07-13 01:13:56 查询号码 【1653730】，GSD为【""】
2021-07-13 01:13:56 bad
2021-07-13 01:13:58 CHB 1653730?1626110036 第 1 次 等待 1 秒
2021-07-13 01:13:59 CHB 1653730?1626110036 第 1 次 获取到号码【1653730】GSD
2021-07-13 01:13:59 获取到号码【1653730】的GSD为【山东-潍坊】
2021-07-13 01:14:02 GSD insert 第 1 次 等待 1 秒
2021-07-13 01:14:03 {"status":"ok","id":260997,"msg":"添加成功！260997"}
2021-07-13 01:14:03 下次操作: 2021-07-13 01:14:16

2021-07-13 01:14:16 开始第 20 次操作

2021-07-13 01:14:16 开始操作号码 【1653731】
2021-07-13 01:14:23 GSD getOne 第 1 次 等待 1 秒
2021-07-13 01:14:24 查询号码 【1653731】，返回信息 {"status":"bad","msg":""}
2021-07-13 01:14:24 查询号码 【1653731】，GSD为【""】
2021-07-13 01:14:24 bad
2021-07-13 01:14:27 CHB 1653731?1626110064 第 1 次 等待 1 秒
2021-07-13 01:14:28 CHB 1653731?1626110064 第 1 次 获取到号码【1653731】GSD
2021-07-13 01:14:28 获取到号码【1653731】的GSD为【山东-潍坊】
2021-07-13 01:14:49 GSD insert 第 1 次 等待 1 秒
2021-07-13 01:14:50 {"status":"ok","id":261007,"msg":"添加成功！261007"}
2021-07-13 01:14:50 下次操作: 2021-07-13 01:14:59

2021-07-13 01:14:59 开始第 21 次操作

2021-07-13 01:14:59 开始操作号码 【1653732】
2021-07-13 01:15:02 GSD getOne 第 1 次 等待 1 秒
2021-07-13 01:15:03 查询号码 【1653732】，返回信息 {"status":"bad","msg":""}
2021-07-13 01:15:03 查询号码 【1653732】，GSD为【""】
2021-07-13 01:15:03 bad
2021-07-13 01:15:06 CHB 1653732?1626110103 第 1 次 等待 1 秒
2021-07-13 01:15:07 CHB 1653732?1626110103 第 1 次 获取到号码【1653732】GSD
2021-07-13 01:15:07 获取到号码【1653732】的GSD为【山东-青岛】
2021-07-13 01:15:13 GSD insert 第 1 次 等待 1 秒
2021-07-13 01:15:14 {"status":"ok","id":261014,"msg":"添加成功！261014"}
2021-07-13 01:15:14 下次操作: 2021-07-13 01:15:32

2021-07-13 01:15:32 开始第 22 次操作

2021-07-13 01:15:32 开始操作号码 【1653733】
2021-07-13 01:15:41 GSD getOne 第 1 次 等待 1 秒
2021-07-13 01:15:42 查询号码 【1653733】，返回信息 {"status":"bad","msg":""}
2021-07-13 01:15:42 查询号码 【1653733】，GSD为【""】
2021-07-13 01:15:42 bad
2021-07-13 01:15:43 CHB 1653733?1626110142 第 1 次 等待 1 秒
2021-07-13 01:15:44 CHB 1653733?1626110142 第 1 次 获取到号码【1653733】GSD
2021-07-13 01:15:45 获取到号码【1653733】的GSD为【山东-淄博】
2021-07-13 01:15:47 GSD insert 第 1 次 等待 1 秒
2021-07-13 01:15:48 {"status":"ok","id":261023,"msg":"添加成功！261023"}
2021-07-13 01:15:48 下次操作: 2021-07-13 01:15:57

2021-07-13 01:15:57 开始第 23 次操作

2021-07-13 01:15:57 开始操作号码 【1653734】
2021-07-13 01:16:03 GSD getOne 第 1 次 等待 1 秒
2021-07-13 01:16:04 查询号码 【1653734】，返回信息 {"status":"bad","msg":""}
2021-07-13 01:16:04 查询号码 【1653734】，GSD为【""】
2021-07-13 01:16:04 bad
2021-07-13 01:16:06 CHB 1653734?1626110164 第 1 次 等待 1 秒
2021-07-13 01:16:07 CHB 1653734?1626110164 第 1 次 获取到号码【1653734】GSD
2021-07-13 01:16:07 获取到号码【1653734】的GSD为【山东-德州】
2021-07-13 01:16:11 GSD insert 第 1 次 等待 1 秒
2021-07-13 01:16:12 {"status":"ok","id":261032,"msg":"添加成功！261032"}
2021-07-13 01:16:12 下次操作: 2021-07-13 01:16:23

2021-07-13 01:16:23 开始第 24 次操作

2021-07-13 01:16:23 开始操作号码 【1653735】
2021-07-13 01:16:27 GSD getOne 第 1 次 等待 1 秒
2021-07-13 01:16:28 查询号码 【1653735】，返回信息 {"status":"bad","msg":""}
2021-07-13 01:16:28 查询号码 【1653735】，GSD为【""】
2021-07-13 01:16:28 bad
2021-07-13 01:16:30 CHB 1653735?1626110188 第 1 次 等待 1 秒
2021-07-13 01:16:31 CHB 1653735?1626110188 第 1 次 获取到号码【1653735】GSD
2021-07-13 01:16:31 获取到号码【1653735】的GSD为【山东-潍坊】
2021-07-13 01:16:37 GSD insert 第 1 次 等待 1 秒
2021-07-13 01:16:38 {"status":"ok","id":261039,"msg":"添加成功！261039"}
2021-07-13 01:16:38 下次操作: 2021-07-13 01:16:44

2021-07-13 01:16:44 开始第 25 次操作

2021-07-13 01:16:44 开始操作号码 【1653736】
2021-07-13 01:16:47 GSD getOne 第 1 次 等待 1 秒
2021-07-13 01:16:48 查询号码 【1653736】，返回信息 {"status":"bad","msg":""}
2021-07-13 01:16:48 查询号码 【1653736】，GSD为【""】
2021-07-13 01:16:48 bad
2021-07-13 01:16:50 CHB 1653736?1626110208 第 1 次 等待 1 秒
2021-07-13 01:16:51 CHB 1653736?1626110208 第 1 次 获取到号码【1653736】GSD
2021-07-13 01:16:51 获取到号码【1653736】的GSD为【山东-潍坊】
2021-07-13 01:17:08 GSD insert 第 1 次 等待 1 秒
2021-07-13 01:17:09 {"status":"ok","id":261045,"msg":"添加成功！261045"}
2021-07-13 01:17:09 下次操作: 2021-07-13 01:17:23

2021-07-13 01:17:23 开始第 26 次操作

2021-07-13 01:17:23 开始操作号码 【1653737】
2021-07-13 01:17:26 GSD getOne 第 1 次 等待 1 秒
2021-07-13 01:17:27 查询号码 【1653737】，返回信息 {"status":"bad","msg":""}
2021-07-13 01:17:27 查询号码 【1653737】，GSD为【""】
2021-07-13 01:17:27 bad
2021-07-13 01:17:30 CHB 1653737?1626110247 第 1 次 等待 1 秒
2021-07-13 01:17:31 CHB 1653737?1626110247 第 1 次 获取到号码【1653737】GSD
2021-07-13 01:17:31 获取到号码【1653737】的GSD为【山东-济宁】
2021-07-13 01:17:39 GSD insert 第 1 次 等待 1 秒
2021-07-13 01:17:40 {"status":"ok","id":261052,"msg":"添加成功！261052"}
2021-07-13 01:17:40 下次操作: 2021-07-13 01:17:55

2021-07-13 01:17:55 开始第 27 次操作

2021-07-13 01:17:55 开始操作号码 【1653738】
2021-07-13 01:17:58 GSD getOne 第 1 次 等待 1 秒
2021-07-13 01:17:59 查询号码 【1653738】，返回信息 {"status":"bad","msg":""}
2021-07-13 01:17:59 查询号码 【1653738】，GSD为【""】
2021-07-13 01:17:59 bad
2021-07-13 01:18:01 CHB 1653738?1626110279 第 1 次 等待 1 秒
2021-07-13 01:18:02 CHB 1653738?1626110279 第 1 次 获取到号码【1653738】GSD
2021-07-13 01:18:02 获取到号码【1653738】的GSD为【山东-潍坊】
2021-07-13 01:18:18 GSD insert 第 1 次 等待 1 秒
2021-07-13 01:18:19 {"status":"ok","id":261066,"msg":"添加成功！261066"}
2021-07-13 01:18:19 下次操作: 2021-07-13 01:18:32

2021-07-13 01:18:32 开始第 28 次操作

2021-07-13 01:18:32 开始操作号码 【1653739】
2021-07-13 01:18:35 GSD getOne 第 1 次 等待 1 秒
2021-07-13 01:18:36 查询号码 【1653739】，返回信息 {"status":"bad","msg":""}
2021-07-13 01:18:36 查询号码 【1653739】，GSD为【""】
2021-07-13 01:18:36 bad
2021-07-13 01:18:39 CHB 1653739?1626110316 第 1 次 等待 1 秒
2021-07-13 01:18:40 CHB 1653739?1626110316 第 1 次 获取到号码【1653739】GSD
2021-07-13 01:18:40 获取到号码【1653739】的GSD为【山东-临沂】
2021-07-13 01:21:23 GSD insert 第 1 次 等待 1 秒
2021-07-13 01:21:24 {"status":"ok","id":261097,"msg":"添加成功！261097"}
2021-07-13 01:21:24 下次操作: 2021-07-13 01:21:40

2021-07-13 01:21:40 开始第 29 次操作

2021-07-13 01:21:40 开始操作号码 【1653740】
2021-07-13 01:22:06 GSD getOne 第 1 次 等待 1 秒
2021-07-13 01:22:07 查询号码 【1653740】，返回信息 {"status":"bad","msg":""}
2021-07-13 01:22:07 查询号码 【1653740】，GSD为【""】
2021-07-13 01:22:07 bad
2021-07-13 01:22:09 CHB 1653740?1626110527 第 1 次 等待 1 秒
2021-07-13 01:22:10 CHB 1653740?1626110527 第 1 次 获取到号码【1653740】GSD
2021-07-13 01:22:10 获取到号码【1653740】的GSD为【黑龙江-齐齐哈尔】
2021-07-13 01:22:32 GSD insert 第 1 次 等待 1 秒
2021-07-13 01:22:33 {"status":"ok","id":261102,"msg":"添加成功！261102"}
2021-07-13 01:22:33 下次操作: 2021-07-13 01:22:45

2021-07-13 01:22:45 开始第 30 次操作

2021-07-13 01:22:45 开始操作号码 【1653741】
2021-07-13 01:22:51 GSD getOne 第 1 次 等待 1 秒
2021-07-13 01:22:52 查询号码 【1653741】，返回信息 {"status":"bad","msg":""}
2021-07-13 01:22:52 查询号码 【1653741】，GSD为【""】
2021-07-13 01:22:52 bad
2021-07-13 01:22:54 CHB 1653741?1626110572 第 1 次 等待 1 秒
2021-07-13 01:22:55 CHB 1653741?1626110572 第 1 次 获取到号码【1653741】GSD
2021-07-13 01:22:55 获取到号码【1653741】的GSD为【黑龙江-齐齐哈尔】
2021-07-13 01:23:09 GSD insert 第 1 次 等待 1 秒
2021-07-13 01:23:10 {"status":"ok","id":261105,"msg":"添加成功！261105"}

