2023-11-06 00:19:16 开始第 6965 次操作

2023-11-06 00:19:16 开始操作号码 【1926867】
2023-11-06 00:19:19 GSD getOne 第 1 次 等待 3 秒
2023-11-06 00:19:22 查询号码 【1926867】，返回信息 {"status":"ok","msg":"-","gid":"613664","time_insert":"2023-03-25 12:50"}
2023-11-06 00:19:22 查询号码 【1926867】，GSD为【"-"】
2023-11-06 00:19:22 ok && -
2023-11-06 00:19:25 CHB 1926867?1699201162 第 1 次 等待 3 秒
2023-11-06 00:19:28 CHB 1926867?1699201162 第 1 次 获取到号码【1926867】GSD
2023-11-06 00:19:28 未获取到号码【1926867】GSD，可能号码格式错误
2023-11-06 00:19:28 获取到号码【1926867】的GSD为【-】
2023-11-06 00:19:33 GSD insert 第 1 次 等待 3 秒
2023-11-06 00:19:36 {"status":"bad","gid":"613664","msg":"添加失败！号码【1926867(-|-)】已存在！"}
2023-11-06 00:19:36 随机等待 104 秒，约 1 分钟
2023-11-06 00:19:36 下次操作: 2023-11-06 00:21:20

2023-11-06 00:21:20 开始第 6966 次操作

2023-11-06 00:21:20 开始操作号码 【1926868】
2023-11-06 00:21:23 GSD getOne 第 1 次 等待 3 秒
2023-11-06 00:21:26 查询号码 【1926868】，返回信息 {"status":"ok","msg":"-","gid":"613662","time_insert":"2023-03-25 12:48"}
2023-11-06 00:21:26 查询号码 【1926868】，GSD为【"-"】
2023-11-06 00:21:26 ok && -
2023-11-06 00:21:29 CHB 1926868?1699201286 第 1 次 等待 3 秒
2023-11-06 00:21:32 CHB 1926868?1699201286 第 1 次 获取到号码【1926868】GSD
2023-11-06 00:21:32 未获取到号码【1926868】GSD，可能号码格式错误
2023-11-06 00:21:32 获取到号码【1926868】的GSD为【-】
2023-11-06 00:21:35 GSD insert 第 1 次 等待 3 秒
2023-11-06 00:21:38 {"status":"bad","gid":"613662","msg":"添加失败！号码【1926868(-|-)】已存在！"}
2023-11-06 00:21:38 随机等待 149 秒，约 2 分钟
2023-11-06 00:21:38 下次操作: 2023-11-06 00:24:07

2023-11-06 00:24:07 开始第 6967 次操作

2023-11-06 00:24:07 开始操作号码 【1926869】
2023-11-06 00:24:11 GSD getOne 第 1 次 等待 3 秒
2023-11-06 00:24:14 查询号码 【1926869】，返回信息 {"status":"ok","msg":"-","gid":"613658","time_insert":"2023-03-25 12:46"}
2023-11-06 00:24:14 查询号码 【1926869】，GSD为【"-"】
2023-11-06 00:24:14 ok && -
2023-11-06 00:24:18 CHB 1926869?1699201454 第 1 次 等待 3 秒
2023-11-06 00:24:21 CHB 1926869?1699201454 第 1 次 获取到号码【1926869】GSD
2023-11-06 00:24:21 未获取到号码【1926869】GSD，可能号码格式错误
2023-11-06 00:24:21 获取到号码【1926869】的GSD为【-】
2023-11-06 00:24:25 GSD insert 第 1 次 等待 3 秒
2023-11-06 00:24:28 {"status":"bad","gid":"613658","msg":"添加失败！号码【1926869(-|-)】已存在！"}
2023-11-06 00:24:28 随机等待 148 秒，约 2 分钟
2023-11-06 00:24:28 下次操作: 2023-11-06 00:26:56

2023-11-06 00:26:56 开始第 6968 次操作

2023-11-06 00:26:56 开始操作号码 【1926870】
2023-11-06 00:26:59 GSD getOne 第 1 次 等待 3 秒
2023-11-06 00:27:02 查询号码 【1926870】，返回信息 {"status":"ok","msg":"-","gid":"613657","time_insert":"2023-03-25 12:44"}
2023-11-06 00:27:02 查询号码 【1926870】，GSD为【"-"】
2023-11-06 00:27:02 ok && -
2023-11-06 00:27:05 CHB 1926870?1699201622 第 1 次 等待 3 秒
2023-11-06 00:27:08 CHB 1926870?1699201622 第 1 次 获取到号码【1926870】GSD
2023-11-06 00:27:08 未获取到号码【1926870】GSD，可能号码格式错误
2023-11-06 00:27:08 获取到号码【1926870】的GSD为【-】
2023-11-06 00:27:19 GSD insert 第 1 次 等待 3 秒
2023-11-06 00:27:22 {"status":"bad","gid":"613657","msg":"添加失败！号码【1926870(-|-)】已存在！"}

