2023-12-10 00:19:36 开始第 2329 次操作

2023-12-10 00:19:36 开始操作号码 【1822231】
2023-12-10 00:19:44 GSD getOne 第 1 次 等待 3 秒
2023-12-10 00:19:47 查询号码 【1822231】，返回信息 {"status":"ok","msg":"天津-天津","gid":"443043","time_insert":"2021-07-30 10:37"}
2023-12-10 00:19:47 查询号码 【1822231】，GSD为【"天津-天津"】

2023-12-10 00:19:49 开始第 2330 次操作

2023-12-10 00:19:49 开始操作号码 【1822232】
2023-12-10 00:19:52 GSD getOne 第 1 次 等待 3 秒
2023-12-10 00:19:55 查询号码 【1822232】，返回信息 {"status":"ok","msg":"天津-天津","gid":"443129","time_insert":"2021-07-30 10:51"}
2023-12-10 00:19:55 查询号码 【1822232】，GSD为【"天津-天津"】

2023-12-10 00:19:56 开始第 2331 次操作

2023-12-10 00:19:56 开始操作号码 【1822233】
2023-12-10 00:20:00 GSD getOne 第 1 次 等待 3 秒
2023-12-10 00:20:03 查询号码 【1822233】，返回信息 {"status":"ok","msg":"天津-天津","gid":"443320","time_insert":"2021-07-30 11:04"}
2023-12-10 00:20:03 查询号码 【1822233】，GSD为【"天津-天津"】

2023-12-10 00:20:04 开始第 2332 次操作

2023-12-10 00:20:04 开始操作号码 【1822234】
2023-12-10 00:20:11 GSD getOne 第 1 次 等待 3 秒
2023-12-10 00:20:14 查询号码 【1822234】，返回信息 {"status":"ok","msg":"天津-天津","gid":"443486","time_insert":"2021-07-30 11:18"}
2023-12-10 00:20:14 查询号码 【1822234】，GSD为【"天津-天津"】

