2023-10-06 00:22:05 开始第 1705 次操作

2023-10-06 00:22:05 开始操作号码 【1921704】
2023-10-06 00:22:11 GSD getOne 第 1 次 等待 3 秒
2023-10-06 00:22:14 查询号码 【1921704】，返回信息 {"status":"ok","msg":"北京-北京","gid":"575147","time_insert":"2023-03-07 06:39","time_update":"2023-06-13 09:16"}
2023-10-06 00:22:14 查询号码 【1921704】，GSD为【"北京-北京"】

2023-10-06 00:22:15 开始第 1706 次操作

2023-10-06 00:22:15 开始操作号码 【1921705】
2023-10-06 00:22:19 GSD getOne 第 1 次 等待 3 秒
2023-10-06 00:22:22 查询号码 【1921705】，返回信息 {"status":"ok","msg":"北京-北京","gid":"575173","time_insert":"2023-03-07 06:55","time_update":"2023-06-13 09:29"}
2023-10-06 00:22:22 查询号码 【1921705】，GSD为【"北京-北京"】

2023-10-06 00:22:23 开始第 1707 次操作

2023-10-06 00:22:23 开始操作号码 【1921706】
2023-10-06 00:22:27 GSD getOne 第 1 次 等待 3 秒
2023-10-06 00:22:30 查询号码 【1921706】，返回信息 {"status":"ok","msg":"北京-北京","gid":"575193","time_insert":"2023-03-07 07:10","time_update":"2023-06-13 09:41"}
2023-10-06 00:22:30 查询号码 【1921706】，GSD为【"北京-北京"】

2023-10-06 00:22:31 开始第 1708 次操作

2023-10-06 00:22:31 开始操作号码 【1921707】
2023-10-06 00:22:34 GSD getOne 第 1 次 等待 3 秒
2023-10-06 00:22:37 查询号码 【1921707】，返回信息 {"status":"ok","msg":"北京-北京","gid":"575221","time_insert":"2023-03-07 07:28","time_update":"2023-06-13 10:01"}
2023-10-06 00:22:37 查询号码 【1921707】，GSD为【"北京-北京"】

