2024-07-07 00:21:08 开始第 4601 次操作

2024-07-07 00:21:08 开始操作号码 【1494491】
2024-07-07 00:21:17 GSD getOne 第 1 次 等待 3 秒
2024-07-07 00:21:20 查询号码 【1494491】，返回信息 {"status":"ok","msg":"-","gid":"304732","time_insert":"2021-07-17 15:57"}
2024-07-07 00:21:20 查询号码 【1494491】，GSD为【"-"】
2024-07-07 00:21:20 ok && -
2024-07-07 00:21:22 CHB 1494491?1720282880 第 1 次 等待 3 秒
2024-07-07 00:21:25 CHB 1494491?1720282880 第 1 次 获取到号码【1494491】GSD
2024-07-07 00:21:25 未获取到号码【1494491】GSD，可能号码格式错误
2024-07-07 00:21:25 获取到号码【1494491】的GSD为【-】
2024-07-07 00:21:37 GSD insert 第 1 次 等待 3 秒
2024-07-07 00:21:40 {"status":"bad","gid":"304732","msg":"添加失败！号码【1494491(-|-)】已存在！"}
2024-07-07 00:21:40 随机等待 166 秒，约 2 分钟
2024-07-07 00:21:40 下次操作: 2024-07-07 00:24:26

2024-07-07 00:24:26 开始第 4602 次操作

2024-07-07 00:24:26 开始操作号码 【1494492】
2024-07-07 00:24:43 GSD getOne 第 1 次 等待 3 秒
2024-07-07 00:24:46 查询号码 【1494492】，返回信息 {"status":"ok","msg":"-","gid":"304739","time_insert":"2021-07-17 15:58"}
2024-07-07 00:24:46 查询号码 【1494492】，GSD为【"-"】
2024-07-07 00:24:46 ok && -
2024-07-07 00:24:49 CHB 1494492?1720283086 第 1 次 等待 3 秒
2024-07-07 00:24:52 CHB 1494492?1720283086 第 1 次 获取到号码【1494492】GSD
2024-07-07 00:24:52 未获取到号码【1494492】GSD，可能号码格式错误
2024-07-07 00:24:52 获取到号码【1494492】的GSD为【-】
2024-07-07 00:24:54 GSD insert 第 1 次 等待 3 秒
2024-07-07 00:24:57 {"status":"bad","gid":"304739","msg":"添加失败！号码【1494492(-|-)】已存在！"}
2024-07-07 00:24:57 随机等待 174 秒，约 2 分钟
2024-07-07 00:24:57 下次操作: 2024-07-07 00:27:51

2024-07-07 00:27:51 开始第 4603 次操作

2024-07-07 00:27:51 开始操作号码 【1494493】
2024-07-07 00:28:00 GSD getOne 第 1 次 等待 3 秒
2024-07-07 00:28:03 查询号码 【1494493】，返回信息 {"status":"ok","msg":"-","gid":"304749","time_insert":"2021-07-17 15:59"}
2024-07-07 00:28:03 查询号码 【1494493】，GSD为【"-"】
2024-07-07 00:28:03 ok && -
2024-07-07 00:28:06 CHB 1494493?1720283283 第 1 次 等待 3 秒
2024-07-07 00:28:09 CHB 1494493?1720283283 第 1 次 获取到号码【1494493】GSD
2024-07-07 00:28:09 未获取到号码【1494493】GSD，可能号码格式错误
2024-07-07 00:28:09 获取到号码【1494493】的GSD为【-】
2024-07-07 00:28:19 GSD insert 第 1 次 等待 3 秒
2024-07-07 00:28:22 {"status":"bad","gid":"304749","msg":"添加失败！号码【1494493(-|-)】已存在！"}
2024-07-07 00:28:22 随机等待 225 秒，约 3 分钟
2024-07-07 00:28:22 下次操作: 2024-07-07 00:32:07

2024-07-07 00:32:07 开始第 4604 次操作

2024-07-07 00:32:07 开始操作号码 【1494494】
2024-07-07 00:32:15 GSD getOne 第 1 次 等待 3 秒
2024-07-07 00:32:18 查询号码 【1494494】，返回信息 {"status":"ok","msg":"-","gid":"304763","time_insert":"2021-07-17 16:00"}
2024-07-07 00:32:18 查询号码 【1494494】，GSD为【"-"】
2024-07-07 00:32:18 ok && -
2024-07-07 00:32:21 CHB 1494494?1720283538 第 1 次 等待 3 秒
2024-07-07 00:32:24 CHB 1494494?1720283538 第 1 次 获取到号码【1494494】GSD
2024-07-07 00:32:24 未获取到号码【1494494】GSD，可能号码格式错误
2024-07-07 00:32:24 获取到号码【1494494】的GSD为【-】
2024-07-07 00:32:32 GSD insert 第 1 次 等待 3 秒
2024-07-07 00:32:35 {"status":"bad","gid":"304763","msg":"添加失败！号码【1494494(-|-)】已存在！"}

