2024-10-11 00:17:47 开始第 9269 次操作

2024-10-11 00:17:47 开始操作号码 【1389268】
2024-10-11 00:17:49 GSD getOne 第 1 次 等待 3 秒
2024-10-11 00:17:52 查询号码 【1389268】，返回信息 {"status":"ok","msg":"陕西-汉中","gid":"12517","time_insert":"2016-10-09 14:43","time_update":"2020-12-10 02:47"}
2024-10-11 00:17:52 查询号码 【1389268】，GSD为【"陕西-汉中"】

2024-10-11 00:17:53 开始第 9270 次操作

2024-10-11 00:17:53 开始操作号码 【1389269】
2024-10-11 00:17:56 GSD getOne 第 1 次 等待 3 秒
2024-10-11 00:17:59 查询号码 【1389269】，返回信息 {"status":"ok","msg":"陕西-汉中","gid":"62614","time_insert":"2021-05-19 16:47","time_update":"2021-05-20 01:02"}
2024-10-11 00:17:59 查询号码 【1389269】，GSD为【"陕西-汉中"】

2024-10-11 00:18:00 开始第 9271 次操作

2024-10-11 00:18:00 开始操作号码 【1389270】
2024-10-11 00:18:02 GSD getOne 第 1 次 等待 3 秒
2024-10-11 00:18:05 查询号码 【1389270】，返回信息 {"status":"ok","msg":"陕西-宝鸡","gid":"342893","time_insert":"2021-07-21 03:59"}
2024-10-11 00:18:05 查询号码 【1389270】，GSD为【"陕西-宝鸡"】

2024-10-11 00:18:06 开始第 9272 次操作

2024-10-11 00:18:06 开始操作号码 【1389271】
2024-10-11 00:18:08 GSD getOne 第 1 次 等待 3 秒
2024-10-11 00:18:11 查询号码 【1389271】，返回信息 {"status":"ok","msg":"陕西-宝鸡","gid":"12518","time_insert":"2018-03-16 19:19","time_update":"2020-12-10 02:51"}
2024-10-11 00:18:11 查询号码 【1389271】，GSD为【"陕西-宝鸡"】

