2023-10-23 00:19:18 开始第 4509 次操作

2023-10-23 00:19:18 开始操作号码 【1924419】
2023-10-23 00:19:23 GSD getOne 第 1 次 等待 3 秒
2023-10-23 00:19:26 查询号码 【1924419】，返回信息 {"status":"ok","msg":"-","gid":"627273","time_insert":"2023-04-01 05:40"}
2023-10-23 00:19:26 查询号码 【1924419】，GSD为【"-"】
2023-10-23 00:19:26 ok && -
2023-10-23 00:19:31 CHB 1924419?1697991566 第 1 次 等待 3 秒
2023-10-23 00:19:34 CHB 1924419?1697991566 第 1 次 获取到号码【1924419】GSD
2023-10-23 00:19:35 未获取到号码【1924419】GSD，可能号码格式错误
2023-10-23 00:19:35 获取到号码【1924419】的GSD为【-】
2023-10-23 00:19:47 GSD insert 第 1 次 等待 3 秒
2023-10-23 00:19:50 {"status":"bad","gid":"627273","msg":"添加失败！号码【1924419(-|-)】已存在！"}
2023-10-23 00:19:50 随机等待 222 秒，约 3 分钟
2023-10-23 00:19:50 下次操作: 2023-10-23 00:23:32

2023-10-23 00:23:32 开始第 4510 次操作

2023-10-23 00:23:32 开始操作号码 【1924420】
2023-10-23 00:23:35 GSD getOne 第 1 次 等待 3 秒
2023-10-23 00:23:38 查询号码 【1924420】，返回信息 {"status":"ok","msg":"-","gid":"627270","time_insert":"2023-04-01 05:37"}
2023-10-23 00:23:38 查询号码 【1924420】，GSD为【"-"】
2023-10-23 00:23:38 ok && -
2023-10-23 00:23:45 CHB 1924420?1697991818 第 1 次 等待 3 秒
2023-10-23 00:23:48 CHB 1924420?1697991818 第 1 次 获取到号码【1924420】GSD
2023-10-23 00:23:48 未获取到号码【1924420】GSD，可能号码格式错误
2023-10-23 00:23:48 获取到号码【1924420】的GSD为【-】
2023-10-23 00:23:51 GSD insert 第 1 次 等待 3 秒
2023-10-23 00:23:54 {"status":"bad","gid":"627270","msg":"添加失败！号码【1924420(-|-)】已存在！"}
2023-10-23 00:23:54 随机等待 223 秒，约 3 分钟
2023-10-23 00:23:54 下次操作: 2023-10-23 00:27:37

2023-10-23 00:27:37 开始第 4511 次操作

2023-10-23 00:27:37 开始操作号码 【1924421】
2023-10-23 00:27:40 GSD getOne 第 1 次 等待 3 秒
2023-10-23 00:27:43 查询号码 【1924421】，返回信息 {"status":"ok","msg":"-","gid":"627263","time_insert":"2023-04-01 05:34"}
2023-10-23 00:27:43 查询号码 【1924421】，GSD为【"-"】
2023-10-23 00:27:43 ok && -
2023-10-23 00:27:57 CHB 1924421?1697992063 第 1 次 等待 3 秒
2023-10-23 00:28:00 CHB 1924421?1697992063 第 1 次 获取到号码【1924421】GSD
2023-10-23 00:28:00 未获取到号码【1924421】GSD，可能号码格式错误
2023-10-23 00:28:00 获取到号码【1924421】的GSD为【-】
2023-10-23 00:29:02 GSD insert 第 1 次 等待 3 秒
2023-10-23 00:29:05 {"status":"bad","gid":"627263","msg":"添加失败！号码【1924421(-|-)】已存在！"}
2023-10-23 00:29:05 随机等待 194 秒，约 3 分钟
2023-10-23 00:29:05 下次操作: 2023-10-23 00:32:19

2023-10-23 00:32:19 开始第 4512 次操作

2023-10-23 00:32:19 开始操作号码 【1924422】
2023-10-23 00:32:23 GSD getOne 第 1 次 等待 3 秒
2023-10-23 00:32:26 查询号码 【1924422】，返回信息 {"status":"ok","msg":"-","gid":"627258","time_insert":"2023-04-01 05:32"}
2023-10-23 00:32:26 查询号码 【1924422】，GSD为【"-"】
2023-10-23 00:32:26 ok && -
2023-10-23 00:32:29 CHB 1924422?1697992346 第 1 次 等待 3 秒
2023-10-23 00:32:32 CHB 1924422?1697992346 第 1 次 获取到号码【1924422】GSD
2023-10-23 00:32:32 未获取到号码【1924422】GSD，可能号码格式错误
2023-10-23 00:32:32 获取到号码【1924422】的GSD为【-】
2023-10-23 00:32:36 GSD insert 第 1 次 等待 3 秒
2023-10-23 00:32:39 {"status":"bad","gid":"627258","msg":"添加失败！号码【1924422(-|-)】已存在！"}

2023-10-23 00:37:30 开始第 4513 次操作

2023-10-23 00:37:30 开始操作号码 【1924423】
2023-10-23 00:37:35 GSD getOne 第 1 次 等待 3 秒
2023-10-23 00:37:38 查询号码 【1924423】，返回信息 {"status":"ok","msg":"-","gid":"627255","time_insert":"2023-04-01 05:29"}
2023-10-23 00:37:38 查询号码 【1924423】，GSD为【"-"】
2023-10-23 00:37:38 ok && -
2023-10-23 00:37:45 CHB 1924423?1697992658 第 1 次 等待 3 秒
2023-10-23 00:37:48 CHB 1924423?1697992658 第 1 次 获取到号码【1924423】GSD
2023-10-23 00:37:48 未获取到号码【1924423】GSD，可能号码格式错误
2023-10-23 00:37:48 获取到号码【1924423】的GSD为【-】
2023-10-23 00:37:51 GSD insert 第 1 次 等待 3 秒
2023-10-23 00:37:54 {"status":"bad","gid":"627255","msg":"添加失败！号码【1924423(-|-)】已存在！"}
2023-10-23 00:37:54 随机等待 214 秒，约 3 分钟
2023-10-23 00:37:54 下次操作: 2023-10-23 00:41:28

2023-10-23 00:41:28 开始第 4514 次操作

2023-10-23 00:41:28 开始操作号码 【1924424】
2023-10-23 00:41:31 GSD getOne 第 1 次 等待 3 秒
2023-10-23 00:41:34 查询号码 【1924424】，返回信息 {"status":"ok","msg":"-","gid":"627253","time_insert":"2023-04-01 05:28"}
2023-10-23 00:41:35 查询号码 【1924424】，GSD为【"-"】
2023-10-23 00:41:35 ok && -
2023-10-23 00:41:44 CHB 1924424?1697992895 第 1 次 等待 3 秒
2023-10-23 00:41:47 CHB 1924424?1697992895 第 1 次 获取到号码【1924424】GSD
2023-10-23 00:41:47 未获取到号码【1924424】GSD，可能号码格式错误
2023-10-23 00:41:47 获取到号码【1924424】的GSD为【-】
2023-10-23 00:41:50 GSD insert 第 1 次 等待 3 秒
2023-10-23 00:41:53 {"status":"bad","gid":"627253","msg":"添加失败！号码【1924424(-|-)】已存在！"}
2023-10-23 00:41:53 随机等待 109 秒，约 1 分钟
2023-10-23 00:41:53 下次操作: 2023-10-23 00:43:42

2023-10-23 00:43:42 开始第 4515 次操作

2023-10-23 00:43:42 开始操作号码 【1924425】
2023-10-23 00:43:47 GSD getOne 第 1 次 等待 3 秒
2023-10-23 00:43:50 查询号码 【1924425】，返回信息 {"status":"ok","msg":"-","gid":"627249","time_insert":"2023-04-01 05:26"}
2023-10-23 00:43:50 查询号码 【1924425】，GSD为【"-"】
2023-10-23 00:43:50 ok && -
2023-10-23 00:43:52 CHB 1924425?1697993030 第 1 次 等待 3 秒
2023-10-23 00:43:55 CHB 1924425?1697993030 第 1 次 获取到号码【1924425】GSD
2023-10-23 00:43:55 未获取到号码【1924425】GSD，可能号码格式错误
2023-10-23 00:43:55 获取到号码【1924425】的GSD为【-】
2023-10-23 00:44:02 GSD insert 第 1 次 等待 3 秒
2023-10-23 00:44:05 {"status":"bad","gid":"627249","msg":"添加失败！号码【1924425(-|-)】已存在！"}
2023-10-23 00:44:05 随机等待 133 秒，约 2 分钟
2023-10-23 00:44:05 下次操作: 2023-10-23 00:46:18

2023-10-23 00:46:18 开始第 4516 次操作

2023-10-23 00:46:18 开始操作号码 【1924426】
2023-10-23 00:46:24 GSD getOne 第 1 次 等待 3 秒
2023-10-23 00:46:27 查询号码 【1924426】，返回信息 {"status":"ok","msg":"-","gid":"627245","time_insert":"2023-04-01 05:24"}
2023-10-23 00:46:27 查询号码 【1924426】，GSD为【"-"】
2023-10-23 00:46:27 ok && -
2023-10-23 00:46:29 CHB 1924426?1697993187 第 1 次 等待 3 秒
2023-10-23 00:46:32 CHB 1924426?1697993187 第 1 次 获取到号码【1924426】GSD
2023-10-23 00:46:32 未获取到号码【1924426】GSD，可能号码格式错误
2023-10-23 00:46:32 获取到号码【1924426】的GSD为【-】
2023-10-23 00:46:37 GSD insert 第 1 次 等待 3 秒
2023-10-23 00:46:40 {"status":"bad","gid":"627245","msg":"添加失败！号码【1924426(-|-)】已存在！"}

