2024-07-22 00:23:19 开始第 7221 次操作

2024-07-22 00:23:19 开始操作号码 【1497110】
2024-07-22 00:23:27 GSD getOne 第 1 次 等待 3 秒
2024-07-22 00:23:30 查询号码 【1497110】，返回信息 {"status":"ok","msg":"-","gid":"338562","time_insert":"2021-07-20 16:54"}
2024-07-22 00:23:31 查询号码 【1497110】，GSD为【"-"】
2024-07-22 00:23:31 ok && -
2024-07-22 00:23:34 CHB 1497110?1721579011 第 1 次 等待 3 秒
2024-07-22 00:23:37 CHB 1497110?1721579011 第 1 次 获取到号码【1497110】GSD
2024-07-22 00:23:37 未获取到号码【1497110】GSD，可能号码格式错误
2024-07-22 00:23:37 获取到号码【1497110】的GSD为【-】
2024-07-22 00:23:45 GSD insert 第 1 次 等待 3 秒
2024-07-22 00:23:48 {"status":"bad","gid":"338562","msg":"添加失败！号码【1497110(-|-)】已存在！"}
2024-07-22 00:23:48 随机等待 183 秒，约 3 分钟
2024-07-22 00:23:48 下次操作: 2024-07-22 00:26:51

2024-07-22 00:26:51 开始第 7222 次操作

2024-07-22 00:26:51 开始操作号码 【1497111】
2024-07-22 00:26:59 GSD getOne 第 1 次 等待 3 秒
2024-07-22 00:27:02 查询号码 【1497111】，返回信息 {"status":"ok","msg":"-","gid":"338572","time_insert":"2021-07-20 16:55"}
2024-07-22 00:27:02 查询号码 【1497111】，GSD为【"-"】
2024-07-22 00:27:02 ok && -
2024-07-22 00:27:04 CHB 1497111?1721579222 第 1 次 等待 3 秒
2024-07-22 00:27:07 CHB 1497111?1721579222 第 1 次 获取到号码【1497111】GSD
2024-07-22 00:27:07 未获取到号码【1497111】GSD，可能号码格式错误
2024-07-22 00:27:07 获取到号码【1497111】的GSD为【-】
2024-07-22 00:27:18 GSD insert 第 1 次 等待 3 秒
2024-07-22 00:27:21 {"status":"bad","gid":"338572","msg":"添加失败！号码【1497111(-|-)】已存在！"}
2024-07-22 00:27:21 随机等待 150 秒，约 2 分钟
2024-07-22 00:27:21 下次操作: 2024-07-22 00:29:51

2024-07-22 00:29:51 开始第 7223 次操作

2024-07-22 00:29:51 开始操作号码 【1497112】
2024-07-22 00:29:59 GSD getOne 第 1 次 等待 3 秒
2024-07-22 00:30:02 查询号码 【1497112】，返回信息 {"status":"ok","msg":"-","gid":"338584","time_insert":"2021-07-20 16:56"}
2024-07-22 00:30:02 查询号码 【1497112】，GSD为【"-"】
2024-07-22 00:30:02 ok && -
2024-07-22 00:30:04 CHB 1497112?1721579402 第 1 次 等待 3 秒
2024-07-22 00:30:07 CHB 1497112?1721579402 第 1 次 获取到号码【1497112】GSD
2024-07-22 00:30:07 未获取到号码【1497112】GSD，可能号码格式错误
2024-07-22 00:30:07 获取到号码【1497112】的GSD为【-】
2024-07-22 00:30:15 GSD insert 第 1 次 等待 3 秒
2024-07-22 00:30:18 {"status":"bad","gid":"338584","msg":"添加失败！号码【1497112(-|-)】已存在！"}
2024-07-22 00:30:18 随机等待 122 秒，约 2 分钟
2024-07-22 00:30:18 下次操作: 2024-07-22 00:32:20

2024-07-22 00:32:20 开始第 7224 次操作

2024-07-22 00:32:20 开始操作号码 【1497113】
2024-07-22 00:32:30 GSD getOne 第 1 次 等待 3 秒
2024-07-22 00:32:33 查询号码 【1497113】，返回信息 {"status":"ok","msg":"-","gid":"338597","time_insert":"2021-07-20 16:57"}
2024-07-22 00:32:33 查询号码 【1497113】，GSD为【"-"】
2024-07-22 00:32:33 ok && -
2024-07-22 00:32:36 CHB 1497113?1721579553 第 1 次 等待 3 秒
2024-07-22 00:32:39 CHB 1497113?1721579553 第 1 次 获取到号码【1497113】GSD
2024-07-22 00:32:39 未获取到号码【1497113】GSD，可能号码格式错误
2024-07-22 00:32:39 获取到号码【1497113】的GSD为【-】
2024-07-22 00:32:54 GSD insert 第 1 次 等待 3 秒
2024-07-22 00:32:57 {"status":"bad","gid":"338597","msg":"添加失败！号码【1497113(-|-)】已存在！"}

2024-07-22 00:42:17 开始第 7225 次操作

2024-07-22 00:42:17 开始操作号码 【1497114】
2024-07-22 00:42:25 GSD getOne 第 1 次 等待 3 秒
2024-07-22 00:42:28 查询号码 【1497114】，返回信息 {"status":"ok","msg":"-","gid":"338610","time_insert":"2021-07-20 16:57"}
2024-07-22 00:42:28 查询号码 【1497114】，GSD为【"-"】
2024-07-22 00:42:28 ok && -
2024-07-22 00:42:30 CHB 1497114?1721580148 第 1 次 等待 3 秒
2024-07-22 00:42:33 CHB 1497114?1721580148 第 1 次 获取到号码【1497114】GSD
2024-07-22 00:42:33 未获取到号码【1497114】GSD，可能号码格式错误
2024-07-22 00:42:33 获取到号码【1497114】的GSD为【-】
2024-07-22 00:42:42 GSD insert 第 1 次 等待 3 秒
2024-07-22 00:42:45 {"status":"bad","gid":"338610","msg":"添加失败！号码【1497114(-|-)】已存在！"}
2024-07-22 00:42:45 随机等待 222 秒，约 3 分钟
2024-07-22 00:42:45 下次操作: 2024-07-22 00:46:27

2024-07-22 00:46:27 开始第 7226 次操作

2024-07-22 00:46:27 开始操作号码 【1497115】
2024-07-22 00:46:35 GSD getOne 第 1 次 等待 3 秒
2024-07-22 00:46:38 查询号码 【1497115】，返回信息 {"status":"ok","msg":"-","gid":"338621","time_insert":"2021-07-20 16:58"}
2024-07-22 00:46:38 查询号码 【1497115】，GSD为【"-"】
2024-07-22 00:46:38 ok && -
2024-07-22 00:46:40 CHB 1497115?1721580398 第 1 次 等待 3 秒
2024-07-22 00:46:43 CHB 1497115?1721580398 第 1 次 获取到号码【1497115】GSD
2024-07-22 00:46:43 未获取到号码【1497115】GSD，可能号码格式错误
2024-07-22 00:46:43 获取到号码【1497115】的GSD为【-】
2024-07-22 00:46:52 GSD insert 第 1 次 等待 3 秒
2024-07-22 00:46:55 {"status":"bad","gid":"338621","msg":"添加失败！号码【1497115(-|-)】已存在！"}
2024-07-22 00:46:55 随机等待 139 秒，约 2 分钟
2024-07-22 00:46:55 下次操作: 2024-07-22 00:49:14

2024-07-22 00:49:14 开始第 7227 次操作

2024-07-22 00:49:14 开始操作号码 【1497116】
2024-07-22 00:49:22 GSD getOne 第 1 次 等待 3 秒
2024-07-22 00:49:25 查询号码 【1497116】，返回信息 {"status":"ok","msg":"-","gid":"338633","time_insert":"2021-07-20 16:59"}
2024-07-22 00:49:26 查询号码 【1497116】，GSD为【"-"】
2024-07-22 00:49:26 ok && -
2024-07-22 00:49:27 CHB 1497116?1721580566 第 1 次 等待 3 秒
2024-07-22 00:49:30 CHB 1497116?1721580566 第 1 次 获取到号码【1497116】GSD
2024-07-22 00:49:30 未获取到号码【1497116】GSD，可能号码格式错误
2024-07-22 00:49:30 获取到号码【1497116】的GSD为【-】
2024-07-22 00:49:38 GSD insert 第 1 次 等待 3 秒
2024-07-22 00:49:41 {"status":"bad","gid":"338633","msg":"添加失败！号码【1497116(-|-)】已存在！"}
2024-07-22 00:49:41 随机等待 109 秒，约 1 分钟
2024-07-22 00:49:41 下次操作: 2024-07-22 00:51:30

2024-07-22 00:51:30 开始第 7228 次操作

2024-07-22 00:51:30 开始操作号码 【1497117】
2024-07-22 00:51:38 GSD getOne 第 1 次 等待 3 秒
2024-07-22 00:51:41 查询号码 【1497117】，返回信息 {"status":"ok","msg":"-","gid":"338644","time_insert":"2021-07-20 17:00"}
2024-07-22 00:51:41 查询号码 【1497117】，GSD为【"-"】
2024-07-22 00:51:41 ok && -
2024-07-22 00:51:43 CHB 1497117?1721580701 第 1 次 等待 3 秒
2024-07-22 00:51:46 CHB 1497117?1721580701 第 1 次 获取到号码【1497117】GSD
2024-07-22 00:51:46 未获取到号码【1497117】GSD，可能号码格式错误
2024-07-22 00:51:46 获取到号码【1497117】的GSD为【-】
2024-07-22 00:51:53 GSD insert 第 1 次 等待 3 秒
2024-07-22 00:51:56 {"status":"bad","gid":"338644","msg":"添加失败！号码【1497117(-|-)】已存在！"}

