2023-12-20 00:18:45 开始第 4101 次操作

2023-12-20 00:18:45 开始操作号码 【1824003】
2023-12-20 00:18:49 GSD getOne 第 1 次 等待 3 秒
2023-12-20 00:18:52 查询号码 【1824003】，返回信息 {"status":"ok","msg":"辽宁-沈阳","gid":"56733","time_insert":"2021-05-03 19:30"}
2023-12-20 00:18:52 查询号码 【1824003】，GSD为【"辽宁-沈阳"】

2023-12-20 00:18:53 开始第 4102 次操作

2023-12-20 00:18:53 开始操作号码 【1824004】
2023-12-20 00:18:57 GSD getOne 第 1 次 等待 3 秒
2023-12-20 00:19:00 查询号码 【1824004】，返回信息 {"status":"ok","msg":"辽宁-沈阳","gid":"446577","time_insert":"2021-07-30 17:15"}
2023-12-20 00:19:00 查询号码 【1824004】，GSD为【"辽宁-沈阳"】

2023-12-20 00:19:01 开始第 4103 次操作

2023-12-20 00:19:01 开始操作号码 【1824005】
2023-12-20 00:19:07 GSD getOne 第 1 次 等待 3 秒
2023-12-20 00:19:10 查询号码 【1824005】，返回信息 {"status":"ok","msg":"辽宁-沈阳","gid":"446570","time_insert":"2021-07-30 17:14"}
2023-12-20 00:19:11 查询号码 【1824005】，GSD为【"辽宁-沈阳"】

2023-12-20 00:19:12 开始第 4104 次操作

2023-12-20 00:19:12 开始操作号码 【1824006】
2023-12-20 00:19:15 GSD getOne 第 1 次 等待 3 秒
2023-12-20 00:19:18 查询号码 【1824006】，返回信息 {"status":"ok","msg":"辽宁-沈阳","gid":"446565","time_insert":"2021-07-30 17:13"}
2023-12-20 00:19:18 查询号码 【1824006】，GSD为【"辽宁-沈阳"】

