2024-11-19 00:13:25 开始第 5721 次操作

2024-11-19 00:13:25 开始操作号码 【1305720】
2024-11-19 00:13:26 GSD getOne 第 1 次 等待 3 秒
2024-11-19 00:13:29 查询号码 【1305720】，返回信息 {"status":"ok","msg":"江苏-无锡","gid":"153924","time_insert":"2021-06-29 13:51"}
2024-11-19 00:13:29 查询号码 【1305720】，GSD为【"江苏-无锡"】

2024-11-19 00:13:30 开始第 5722 次操作

2024-11-19 00:13:30 开始操作号码 【1305721】
2024-11-19 00:13:31 GSD getOne 第 1 次 等待 3 秒
2024-11-19 00:13:34 查询号码 【1305721】，返回信息 {"status":"ok","msg":"江苏-无锡","gid":"153993","time_insert":"2021-06-29 14:06"}
2024-11-19 00:13:34 查询号码 【1305721】，GSD为【"江苏-无锡"】

2024-11-19 00:13:35 开始第 5723 次操作

2024-11-19 00:13:35 开始操作号码 【1305722】
2024-11-19 00:13:36 GSD getOne 第 1 次 等待 3 秒
2024-11-19 00:13:39 查询号码 【1305722】，返回信息 {"status":"ok","msg":"江苏-无锡","gid":"154025","time_insert":"2021-06-29 14:30"}
2024-11-19 00:13:39 查询号码 【1305722】，GSD为【"江苏-无锡"】

2024-11-19 00:13:40 开始第 5724 次操作

2024-11-19 00:13:40 开始操作号码 【1305723】
2024-11-19 00:13:41 GSD getOne 第 1 次 等待 3 秒
2024-11-19 00:13:44 查询号码 【1305723】，返回信息 {"status":"ok","msg":"江苏-无锡","gid":"492","time_insert":"2017-04-20 15:33","time_update":"2020-08-23 19:12"}
2024-11-19 00:13:44 查询号码 【1305723】，GSD为【"江苏-无锡"】

