2024-07-04 00:23:20 开始第 4073 次操作

2024-07-04 00:23:20 开始操作号码 【1493964】
2024-07-04 00:23:28 GSD getOne 第 1 次 等待 3 秒
2024-07-04 00:23:31 查询号码 【1493964】，返回信息 {"status":"ok","msg":"-","gid":"298903","time_insert":"2021-07-17 02:01"}
2024-07-04 00:23:31 查询号码 【1493964】，GSD为【"-"】
2024-07-04 00:23:31 ok && -
2024-07-04 00:23:33 CHB 1493964?1720023811 第 1 次 等待 3 秒
2024-07-04 00:23:36 CHB 1493964?1720023811 第 1 次 获取到号码【1493964】GSD
2024-07-04 00:23:36 未获取到号码【1493964】GSD，可能号码格式错误
2024-07-04 00:23:36 获取到号码【1493964】的GSD为【-】
2024-07-04 00:23:47 GSD insert 第 1 次 等待 3 秒
2024-07-04 00:23:50 {"status":"bad","gid":"298903","msg":"添加失败！号码【1493964(-|-)】已存在！"}
2024-07-04 00:23:50 随机等待 156 秒，约 2 分钟
2024-07-04 00:23:50 下次操作: 2024-07-04 00:26:26

2024-07-04 00:26:26 开始第 4074 次操作

2024-07-04 00:26:26 开始操作号码 【1493965】
2024-07-04 00:26:35 GSD getOne 第 1 次 等待 3 秒
2024-07-04 00:26:38 查询号码 【1493965】，返回信息 {"status":"ok","msg":"-","gid":"298910","time_insert":"2021-07-17 02:02"}
2024-07-04 00:26:38 查询号码 【1493965】，GSD为【"-"】
2024-07-04 00:26:38 ok && -
2024-07-04 00:26:41 CHB 1493965?1720023998 第 1 次 等待 3 秒
2024-07-04 00:26:44 CHB 1493965?1720023998 第 1 次 获取到号码【1493965】GSD
2024-07-04 00:26:44 未获取到号码【1493965】GSD，可能号码格式错误
2024-07-04 00:26:44 获取到号码【1493965】的GSD为【-】
2024-07-04 00:26:52 GSD insert 第 1 次 等待 3 秒
2024-07-04 00:26:55 {"status":"bad","gid":"298910","msg":"添加失败！号码【1493965(-|-)】已存在！"}
2024-07-04 00:26:55 随机等待 167 秒，约 2 分钟
2024-07-04 00:26:55 下次操作: 2024-07-04 00:29:42

2024-07-04 00:29:42 开始第 4075 次操作

2024-07-04 00:29:42 开始操作号码 【1493966】
2024-07-04 00:29:50 GSD getOne 第 1 次 等待 3 秒
2024-07-04 00:29:53 查询号码 【1493966】，返回信息 {"status":"ok","msg":"-","gid":"298914","time_insert":"2021-07-17 02:03"}
2024-07-04 00:29:53 查询号码 【1493966】，GSD为【"-"】
2024-07-04 00:29:53 ok && -
2024-07-04 00:29:55 CHB 1493966?1720024193 第 1 次 等待 3 秒
2024-07-04 00:29:58 CHB 1493966?1720024193 第 1 次 获取到号码【1493966】GSD
2024-07-04 00:29:58 未获取到号码【1493966】GSD，可能号码格式错误
2024-07-04 00:29:58 获取到号码【1493966】的GSD为【-】
2024-07-04 00:30:07 GSD insert 第 1 次 等待 3 秒
2024-07-04 00:30:10 {"status":"bad","gid":"298914","msg":"添加失败！号码【1493966(-|-)】已存在！"}
2024-07-04 00:30:10 随机等待 82 秒，约 1 分钟
2024-07-04 00:30:10 下次操作: 2024-07-04 00:31:32

2024-07-04 00:31:32 开始第 4076 次操作

2024-07-04 00:31:32 开始操作号码 【1493967】
2024-07-04 00:31:40 GSD getOne 第 1 次 等待 3 秒
2024-07-04 00:31:43 查询号码 【1493967】，返回信息 {"status":"ok","msg":"-","gid":"298921","time_insert":"2021-07-17 02:03"}
2024-07-04 00:31:43 查询号码 【1493967】，GSD为【"-"】
2024-07-04 00:31:43 ok && -
2024-07-04 00:31:45 CHB 1493967?1720024303 第 1 次 等待 3 秒
2024-07-04 00:31:48 CHB 1493967?1720024303 第 1 次 获取到号码【1493967】GSD
2024-07-04 00:31:48 未获取到号码【1493967】GSD，可能号码格式错误
2024-07-04 00:31:48 获取到号码【1493967】的GSD为【-】
2024-07-04 00:31:56 GSD insert 第 1 次 等待 3 秒
2024-07-04 00:31:59 {"status":"bad","gid":"298921","msg":"添加失败！号码【1493967(-|-)】已存在！"}

2024-07-04 00:42:31 开始第 4077 次操作

2024-07-04 00:42:31 开始操作号码 【1493968】
2024-07-04 00:42:39 GSD getOne 第 1 次 等待 3 秒
2024-07-04 00:42:42 查询号码 【1493968】，返回信息 {"status":"ok","msg":"-","gid":"298925","time_insert":"2021-07-17 02:04"}
2024-07-04 00:42:42 查询号码 【1493968】，GSD为【"-"】
2024-07-04 00:42:42 ok && -
2024-07-04 00:42:44 CHB 1493968?1720024962 第 1 次 等待 3 秒
2024-07-04 00:42:47 CHB 1493968?1720024962 第 1 次 获取到号码【1493968】GSD
2024-07-04 00:42:47 未获取到号码【1493968】GSD，可能号码格式错误
2024-07-04 00:42:47 获取到号码【1493968】的GSD为【-】
2024-07-04 00:42:59 GSD insert 第 1 次 等待 3 秒
2024-07-04 00:43:02 {"status":"bad","gid":"298925","msg":"添加失败！号码【1493968(-|-)】已存在！"}
2024-07-04 00:43:02 随机等待 157 秒，约 2 分钟
2024-07-04 00:43:02 下次操作: 2024-07-04 00:45:39

2024-07-04 00:45:39 开始第 4078 次操作

2024-07-04 00:45:39 开始操作号码 【1493969】
2024-07-04 00:45:48 GSD getOne 第 1 次 等待 3 秒
2024-07-04 00:45:51 查询号码 【1493969】，返回信息 {"status":"ok","msg":"-","gid":"298929","time_insert":"2021-07-17 02:04"}
2024-07-04 00:45:51 查询号码 【1493969】，GSD为【"-"】
2024-07-04 00:45:51 ok && -
2024-07-04 00:45:52 CHB 1493969?1720025151 第 1 次 等待 3 秒
2024-07-04 00:45:55 CHB 1493969?1720025151 第 1 次 获取到号码【1493969】GSD
2024-07-04 00:45:55 未获取到号码【1493969】GSD，可能号码格式错误
2024-07-04 00:45:55 获取到号码【1493969】的GSD为【-】
2024-07-04 00:46:06 GSD insert 第 1 次 等待 3 秒
2024-07-04 00:46:09 {"status":"bad","gid":"298929","msg":"添加失败！号码【1493969(-|-)】已存在！"}
2024-07-04 00:46:09 随机等待 67 秒，约 1 分钟
2024-07-04 00:46:09 下次操作: 2024-07-04 00:47:16

2024-07-04 00:47:16 开始第 4079 次操作

2024-07-04 00:47:16 开始操作号码 【1493970】
2024-07-04 00:47:25 GSD getOne 第 1 次 等待 3 秒
2024-07-04 00:47:28 查询号码 【1493970】，返回信息 {"status":"ok","msg":"-","gid":"298935","time_insert":"2021-07-17 02:05"}
2024-07-04 00:47:28 查询号码 【1493970】，GSD为【"-"】
2024-07-04 00:47:28 ok && -
2024-07-04 00:47:29 CHB 1493970?1720025248 第 1 次 等待 3 秒
2024-07-04 00:47:32 CHB 1493970?1720025248 第 1 次 获取到号码【1493970】GSD
2024-07-04 00:47:32 未获取到号码【1493970】GSD，可能号码格式错误
2024-07-04 00:47:32 获取到号码【1493970】的GSD为【-】
2024-07-04 00:47:42 GSD insert 第 1 次 等待 3 秒
2024-07-04 00:47:45 {"status":"bad","gid":"298935","msg":"添加失败！号码【1493970(-|-)】已存在！"}
2024-07-04 00:47:45 随机等待 166 秒，约 2 分钟
2024-07-04 00:47:45 下次操作: 2024-07-04 00:50:31

2024-07-04 00:50:31 开始第 4080 次操作

2024-07-04 00:50:31 开始操作号码 【1493971】
2024-07-04 00:50:39 GSD getOne 第 1 次 等待 3 秒
2024-07-04 00:50:42 查询号码 【1493971】，返回信息 {"status":"ok","msg":"-","gid":"298938","time_insert":"2021-07-17 02:05"}
2024-07-04 00:50:42 查询号码 【1493971】，GSD为【"-"】
2024-07-04 00:50:42 ok && -
2024-07-04 00:50:44 CHB 1493971?1720025442 第 1 次 等待 3 秒
2024-07-04 00:50:47 CHB 1493971?1720025442 第 1 次 获取到号码【1493971】GSD
2024-07-04 00:50:47 未获取到号码【1493971】GSD，可能号码格式错误
2024-07-04 00:50:47 获取到号码【1493971】的GSD为【-】
2024-07-04 00:50:55 GSD insert 第 1 次 等待 3 秒
2024-07-04 00:50:58 {"status":"bad","gid":"298938","msg":"添加失败！号码【1493971(-|-)】已存在！"}

2024-07-04 01:15:45 开始第 4081 次操作

2024-07-04 01:15:45 开始操作号码 【1493972】
2024-07-04 01:15:53 GSD getOne 第 1 次 等待 3 秒
2024-07-04 01:15:56 查询号码 【1493972】，返回信息 {"status":"ok","msg":"-","gid":"298947","time_insert":"2021-07-17 02:06"}
2024-07-04 01:15:56 查询号码 【1493972】，GSD为【"-"】
2024-07-04 01:15:56 ok && -
2024-07-04 01:15:58 CHB 1493972?1720026956 第 1 次 等待 3 秒
2024-07-04 01:16:01 CHB 1493972?1720026956 第 1 次 获取到号码【1493972】GSD
2024-07-04 01:16:01 未获取到号码【1493972】GSD，可能号码格式错误
2024-07-04 01:16:01 获取到号码【1493972】的GSD为【-】
2024-07-04 01:16:09 GSD insert 第 1 次 等待 3 秒
2024-07-04 01:16:12 {"status":"bad","gid":"298947","msg":"添加失败！号码【1493972(-|-)】已存在！"}
2024-07-04 01:16:12 随机等待 103 秒，约 1 分钟
2024-07-04 01:16:12 下次操作: 2024-07-04 01:17:55

2024-07-04 01:17:55 开始第 4082 次操作

2024-07-04 01:17:55 开始操作号码 【1493973】
2024-07-04 01:18:03 GSD getOne 第 1 次 等待 3 秒
2024-07-04 01:18:06 查询号码 【1493973】，返回信息 {"status":"ok","msg":"-","gid":"298952","time_insert":"2021-07-17 02:07"}
2024-07-04 01:18:06 查询号码 【1493973】，GSD为【"-"】
2024-07-04 01:18:06 ok && -
2024-07-04 01:18:08 CHB 1493973?1720027086 第 1 次 等待 3 秒
2024-07-04 01:18:11 CHB 1493973?1720027086 第 1 次 获取到号码【1493973】GSD
2024-07-04 01:18:11 未获取到号码【1493973】GSD，可能号码格式错误
2024-07-04 01:18:11 获取到号码【1493973】的GSD为【-】
2024-07-04 01:18:20 GSD insert 第 1 次 等待 3 秒
2024-07-04 01:18:23 {"status":"bad","gid":"298952","msg":"添加失败！号码【1493973(-|-)】已存在！"}
2024-07-04 01:18:23 随机等待 212 秒，约 3 分钟
2024-07-04 01:18:23 下次操作: 2024-07-04 01:21:55

2024-07-04 01:21:55 开始第 4083 次操作

2024-07-04 01:21:55 开始操作号码 【1493974】
2024-07-04 01:22:03 GSD getOne 第 1 次 等待 3 秒
2024-07-04 01:22:06 查询号码 【1493974】，返回信息 {"status":"ok","msg":"-","gid":"298958","time_insert":"2021-07-17 02:07"}
2024-07-04 01:22:06 查询号码 【1493974】，GSD为【"-"】
2024-07-04 01:22:06 ok && -
2024-07-04 01:22:08 CHB 1493974?1720027326 第 1 次 等待 3 秒
2024-07-04 01:22:11 CHB 1493974?1720027326 第 1 次 获取到号码【1493974】GSD
2024-07-04 01:22:11 未获取到号码【1493974】GSD，可能号码格式错误
2024-07-04 01:22:11 获取到号码【1493974】的GSD为【-】
2024-07-04 01:22:20 GSD insert 第 1 次 等待 3 秒
2024-07-04 01:22:23 {"status":"bad","gid":"298958","msg":"添加失败！号码【1493974(-|-)】已存在！"}
2024-07-04 01:22:23 随机等待 170 秒，约 2 分钟
2024-07-04 01:22:23 下次操作: 2024-07-04 01:25:13

2024-07-04 01:25:13 开始第 4084 次操作

2024-07-04 01:25:13 开始操作号码 【1493975】
2024-07-04 01:25:21 GSD getOne 第 1 次 等待 3 秒
2024-07-04 01:25:24 查询号码 【1493975】，返回信息 {"status":"ok","msg":"-","gid":"298965","time_insert":"2021-07-17 02:08"}
2024-07-04 01:25:24 查询号码 【1493975】，GSD为【"-"】
2024-07-04 01:25:24 ok && -
2024-07-04 01:25:26 CHB 1493975?1720027524 第 1 次 等待 3 秒
2024-07-04 01:25:29 CHB 1493975?1720027524 第 1 次 获取到号码【1493975】GSD
2024-07-04 01:25:29 未获取到号码【1493975】GSD，可能号码格式错误
2024-07-04 01:25:29 获取到号码【1493975】的GSD为【-】
2024-07-04 01:25:37 GSD insert 第 1 次 等待 3 秒
2024-07-04 01:25:40 {"status":"bad","gid":"298965","msg":"添加失败！号码【1493975(-|-)】已存在！"}

