2024-07-20 00:23:17 开始第 6869 次操作

2024-07-20 00:23:17 开始操作号码 【1496758】
2024-07-20 00:23:32 GSD getOne 第 1 次 等待 3 秒
2024-07-20 00:23:35 查询号码 【1496758】，返回信息 {"status":"ok","msg":"-","gid":"334374","time_insert":"2021-07-20 06:58"}
2024-07-20 00:23:35 查询号码 【1496758】，GSD为【"-"】
2024-07-20 00:23:35 ok && -
2024-07-20 00:23:36 CHB 1496758?1721406215 第 1 次 等待 3 秒
2024-07-20 00:23:39 CHB 1496758?1721406215 第 1 次 获取到号码【1496758】GSD
2024-07-20 00:23:39 未获取到号码【1496758】GSD，可能号码格式错误
2024-07-20 00:23:39 获取到号码【1496758】的GSD为【-】
2024-07-20 00:23:47 GSD insert 第 1 次 等待 3 秒
2024-07-20 00:23:50 {"status":"bad","gid":"334374","msg":"添加失败！号码【1496758(-|-)】已存在！"}
2024-07-20 00:23:50 随机等待 191 秒，约 3 分钟
2024-07-20 00:23:50 下次操作: 2024-07-20 00:27:01

2024-07-20 00:27:01 开始第 6870 次操作

2024-07-20 00:27:01 开始操作号码 【1496759】
2024-07-20 00:27:09 GSD getOne 第 1 次 等待 3 秒
2024-07-20 00:27:12 查询号码 【1496759】，返回信息 {"status":"ok","msg":"-","gid":"334384","time_insert":"2021-07-20 06:59"}
2024-07-20 00:27:12 查询号码 【1496759】，GSD为【"-"】
2024-07-20 00:27:12 ok && -
2024-07-20 00:27:14 CHB 1496759?1721406432 第 1 次 等待 3 秒
2024-07-20 00:27:17 CHB 1496759?1721406432 第 1 次 获取到号码【1496759】GSD
2024-07-20 00:27:17 未获取到号码【1496759】GSD，可能号码格式错误
2024-07-20 00:27:17 获取到号码【1496759】的GSD为【-】
2024-07-20 00:27:25 GSD insert 第 1 次 等待 3 秒
2024-07-20 00:27:28 {"status":"bad","gid":"334384","msg":"添加失败！号码【1496759(-|-)】已存在！"}
2024-07-20 00:27:28 随机等待 80 秒，约 1 分钟
2024-07-20 00:27:28 下次操作: 2024-07-20 00:28:48

2024-07-20 00:28:48 开始第 6871 次操作

2024-07-20 00:28:48 开始操作号码 【1496760】
2024-07-20 00:28:55 GSD getOne 第 1 次 等待 3 秒
2024-07-20 00:28:58 查询号码 【1496760】，返回信息 {"status":"ok","msg":"-","gid":"334396","time_insert":"2021-07-20 07:00"}
2024-07-20 00:28:58 查询号码 【1496760】，GSD为【"-"】
2024-07-20 00:28:58 ok && -
2024-07-20 00:29:01 CHB 1496760?1721406538 第 1 次 等待 3 秒
2024-07-20 00:29:04 CHB 1496760?1721406538 第 1 次 获取到号码【1496760】GSD
2024-07-20 00:29:04 未获取到号码【1496760】GSD，可能号码格式错误
2024-07-20 00:29:04 获取到号码【1496760】的GSD为【-】
2024-07-20 00:29:13 GSD insert 第 1 次 等待 3 秒
2024-07-20 00:29:16 {"status":"bad","gid":"334396","msg":"添加失败！号码【1496760(-|-)】已存在！"}
2024-07-20 00:29:16 随机等待 178 秒，约 2 分钟
2024-07-20 00:29:16 下次操作: 2024-07-20 00:32:14

2024-07-20 00:32:14 开始第 6872 次操作

2024-07-20 00:32:14 开始操作号码 【1496761】
2024-07-20 00:32:22 GSD getOne 第 1 次 等待 3 秒
2024-07-20 00:32:25 查询号码 【1496761】，返回信息 {"status":"ok","msg":"-","gid":"334405","time_insert":"2021-07-20 07:01"}
2024-07-20 00:32:25 查询号码 【1496761】，GSD为【"-"】
2024-07-20 00:32:25 ok && -
2024-07-20 00:32:27 CHB 1496761?1721406745 第 1 次 等待 3 秒
2024-07-20 00:32:30 CHB 1496761?1721406745 第 1 次 获取到号码【1496761】GSD
2024-07-20 00:32:30 未获取到号码【1496761】GSD，可能号码格式错误
2024-07-20 00:32:30 获取到号码【1496761】的GSD为【-】
2024-07-20 00:32:37 GSD insert 第 1 次 等待 3 秒
2024-07-20 00:32:40 {"status":"bad","gid":"334405","msg":"添加失败！号码【1496761(-|-)】已存在！"}

