2024-01-06 00:19:56 开始第 7121 次操作

2024-01-06 00:19:56 开始操作号码 【1827023】
2024-01-06 00:19:59 GSD getOne 第 1 次 等待 3 秒
2024-01-06 00:20:02 查询号码 【1827023】，返回信息 {"status":"ok","msg":"江西-九江","gid":"412764","time_insert":"2021-07-27 12:26"}
2024-01-06 00:20:02 查询号码 【1827023】，GSD为【"江西-九江"】

2024-01-06 00:20:03 开始第 7122 次操作

2024-01-06 00:20:03 开始操作号码 【1827024】
2024-01-06 00:20:06 GSD getOne 第 1 次 等待 3 秒
2024-01-06 00:20:09 查询号码 【1827024】，返回信息 {"status":"ok","msg":"江西-九江","gid":"412762","time_insert":"2021-07-27 12:25"}
2024-01-06 00:20:09 查询号码 【1827024】，GSD为【"江西-九江"】

2024-01-06 00:20:10 开始第 7123 次操作

2024-01-06 00:20:10 开始操作号码 【1827025】
2024-01-06 00:20:14 GSD getOne 第 1 次 等待 3 秒
2024-01-06 00:20:17 查询号码 【1827025】，返回信息 {"status":"ok","msg":"江西-九江","gid":"412760","time_insert":"2021-07-27 12:24"}
2024-01-06 00:20:17 查询号码 【1827025】，GSD为【"江西-九江"】

2024-01-06 00:20:18 开始第 7124 次操作

2024-01-06 00:20:19 开始操作号码 【1827026】
2024-01-06 00:20:22 GSD getOne 第 1 次 等待 3 秒
2024-01-06 00:20:25 查询号码 【1827026】，返回信息 {"status":"ok","msg":"江西-九江","gid":"412755","time_insert":"2021-07-27 12:23"}
2024-01-06 00:20:25 查询号码 【1827026】，GSD为【"江西-九江"】

