2024-02-14 00:20:50 开始第 3573 次操作

2024-02-14 00:20:50 开始操作号码 【1713475】
2024-02-14 00:20:54 GSD getOne 第 1 次 等待 3 秒
2024-02-14 00:20:57 查询号码 【1713475】，返回信息 {"status":"ok","msg":"内蒙古-呼和浩特","gid":"170084","time_insert":"2021-07-01 23:59"}
2024-02-14 00:20:57 查询号码 【1713475】，GSD为【"内蒙古-呼和浩特"】

2024-02-14 00:20:58 开始第 3574 次操作

2024-02-14 00:20:58 开始操作号码 【1713476】
2024-02-14 00:21:03 GSD getOne 第 1 次 等待 3 秒
2024-02-14 00:21:06 查询号码 【1713476】，返回信息 {"status":"ok","msg":"内蒙古-呼和浩特","gid":"170092","time_insert":"2021-07-02 00:00"}
2024-02-14 00:21:06 查询号码 【1713476】，GSD为【"内蒙古-呼和浩特"】

2024-02-14 00:21:07 开始第 3575 次操作

2024-02-14 00:21:07 开始操作号码 【1713477】
2024-02-14 00:21:12 GSD getOne 第 1 次 等待 3 秒
2024-02-14 00:21:15 查询号码 【1713477】，返回信息 {"status":"ok","msg":"内蒙古-呼和浩特","gid":"170101","time_insert":"2021-07-02 00:00"}
2024-02-14 00:21:15 查询号码 【1713477】，GSD为【"内蒙古-呼和浩特"】

2024-02-14 00:21:16 开始第 3576 次操作

2024-02-14 00:21:16 开始操作号码 【1713478】
2024-02-14 00:21:20 GSD getOne 第 1 次 等待 3 秒
2024-02-14 00:21:23 查询号码 【1713478】，返回信息 {"status":"ok","msg":"内蒙古-呼和浩特","gid":"170107","time_insert":"2021-07-02 00:01"}
2024-02-14 00:21:23 查询号码 【1713478】，GSD为【"内蒙古-呼和浩特"】

