2024-10-07 00:16:20 开始第 8577 次操作

2024-10-07 00:16:20 开始操作号码 【1388576】
2024-10-07 00:16:25 GSD getOne 第 1 次 等待 3 秒
2024-10-07 00:16:28 查询号码 【1388576】，返回信息 {"status":"ok","msg":"贵州-毕节","gid":"12134","time_insert":"2017-06-05 02:18","time_update":"2020-11-18 13:29"}
2024-10-07 00:16:28 查询号码 【1388576】，GSD为【"贵州-毕节"】

2024-10-07 00:16:29 开始第 8578 次操作

2024-10-07 00:16:29 开始操作号码 【1388577】
2024-10-07 00:16:31 GSD getOne 第 1 次 等待 3 秒
2024-10-07 00:16:34 查询号码 【1388577】，返回信息 {"status":"ok","msg":"贵州-毕节","gid":"12135","time_insert":"2015-06-01 17:08","time_update":"2021-05-20 00:02"}
2024-10-07 00:16:34 查询号码 【1388577】，GSD为【"贵州-毕节"】

2024-10-07 00:16:35 开始第 8579 次操作

2024-10-07 00:16:35 开始操作号码 【1388578】
2024-10-07 00:16:42 GSD getOne 第 1 次 等待 3 秒
2024-10-07 00:16:45 查询号码 【1388578】，返回信息 {"status":"ok","msg":"贵州-毕节","gid":"12136","time_insert":"2019-02-20 11:19","time_update":"2020-11-18 13:38"}
2024-10-07 00:16:45 查询号码 【1388578】，GSD为【"贵州-毕节"】

2024-10-07 00:16:46 开始第 8580 次操作

2024-10-07 00:16:46 开始操作号码 【1388579】
2024-10-07 00:16:49 GSD getOne 第 1 次 等待 3 秒
2024-10-07 00:16:52 查询号码 【1388579】，返回信息 {"status":"ok","msg":"贵州-毕节","gid":"12137","time_insert":"2018-01-27 10:50","time_update":"2020-11-18 13:43"}
2024-10-07 00:16:52 查询号码 【1388579】，GSD为【"贵州-毕节"】

2024-10-07 00:40:18 开始第 8581 次操作

2024-10-07 00:40:18 开始操作号码 【1388580】
2024-10-07 00:40:21 GSD getOne 第 1 次 等待 3 秒
2024-10-07 00:40:24 查询号码 【1388580】，返回信息 {"status":"ok","msg":"贵州-六盘水","gid":"347704","time_insert":"2021-07-21 17:12"}
2024-10-07 00:40:24 查询号码 【1388580】，GSD为【"贵州-六盘水"】

2024-10-07 00:40:25 开始第 8582 次操作

2024-10-07 00:40:25 开始操作号码 【1388581】
2024-10-07 00:40:29 GSD getOne 第 1 次 等待 3 秒
2024-10-07 00:40:32 查询号码 【1388581】，返回信息 {"status":"ok","msg":"贵州-六盘水","gid":"12138","time_insert":"2018-02-24 08:41","time_update":"2020-11-18 13:46"}
2024-10-07 00:40:32 查询号码 【1388581】，GSD为【"贵州-六盘水"】

2024-10-07 00:40:33 开始第 8583 次操作

2024-10-07 00:40:33 开始操作号码 【1388582】
2024-10-07 00:40:36 GSD getOne 第 1 次 等待 3 秒
2024-10-07 00:40:39 查询号码 【1388582】，返回信息 {"status":"ok","msg":"贵州-六盘水","gid":"12139","time_insert":"2017-03-15 17:22","time_update":"2020-11-18 13:51"}
2024-10-07 00:40:39 查询号码 【1388582】，GSD为【"贵州-六盘水"】

2024-10-07 00:40:40 开始第 8584 次操作

2024-10-07 00:40:40 开始操作号码 【1388583】
2024-10-07 00:40:42 GSD getOne 第 1 次 等待 3 秒
2024-10-07 00:40:45 查询号码 【1388583】，返回信息 {"status":"ok","msg":"贵州-六盘水","gid":"12140","time_insert":"2018-08-03 20:33","time_update":"2020-11-18 13:56"}
2024-10-07 00:40:45 查询号码 【1388583】，GSD为【"贵州-六盘水"】

2024-10-07 01:13:02 开始第 8585 次操作

2024-10-07 01:13:02 开始操作号码 【1388584】
2024-10-07 01:13:05 GSD getOne 第 1 次 等待 3 秒
2024-10-07 01:13:08 查询号码 【1388584】，返回信息 {"status":"ok","msg":"贵州-六盘水","gid":"347696","time_insert":"2021-07-21 17:11"}
2024-10-07 01:13:08 查询号码 【1388584】，GSD为【"贵州-六盘水"】

2024-10-07 01:13:09 开始第 8586 次操作

2024-10-07 01:13:09 开始操作号码 【1388585】
2024-10-07 01:13:11 GSD getOne 第 1 次 等待 3 秒
2024-10-07 01:13:14 查询号码 【1388585】，返回信息 {"status":"ok","msg":"贵州-六盘水","gid":"12141","time_insert":"2018-03-10 19:17","time_update":"2020-11-18 14:00"}
2024-10-07 01:13:14 查询号码 【1388585】，GSD为【"贵州-六盘水"】

2024-10-07 01:13:15 开始第 8587 次操作

2024-10-07 01:13:15 开始操作号码 【1388586】
2024-10-07 01:13:17 GSD getOne 第 1 次 等待 3 秒
2024-10-07 01:13:20 查询号码 【1388586】，返回信息 {"status":"ok","msg":"贵州-六盘水","gid":"12142","time_insert":"2017-05-11 16:02","time_update":"2020-11-18 14:04"}
2024-10-07 01:13:20 查询号码 【1388586】，GSD为【"贵州-六盘水"】

2024-10-07 01:13:21 开始第 8588 次操作

2024-10-07 01:13:21 开始操作号码 【1388587】
2024-10-07 01:13:26 GSD getOne 第 1 次 等待 3 秒
2024-10-07 01:13:29 查询号码 【1388587】，返回信息 {"status":"ok","msg":"贵州-六盘水","gid":"12143","time_insert":"2018-11-24 12:26","time_update":"2020-11-18 14:08"}
2024-10-07 01:13:29 查询号码 【1388587】，GSD为【"贵州-六盘水"】

