2023-10-22 00:19:21 开始第 4329 次操作

2023-10-22 00:19:21 开始操作号码 【1924239】
2023-10-22 00:19:29 GSD getOne 第 1 次 等待 3 秒
2023-10-22 00:19:32 查询号码 【1924239】，返回信息 {"status":"ok","msg":"-","gid":"628156","time_insert":"2023-04-01 16:50"}
2023-10-22 00:19:32 查询号码 【1924239】，GSD为【"-"】
2023-10-22 00:19:32 ok && -
2023-10-22 00:19:38 CHB 1924239?1697905172 第 1 次 等待 3 秒
2023-10-22 00:19:41 CHB 1924239?1697905172 第 1 次 获取到号码【1924239】GSD
2023-10-22 00:19:41 未获取到号码【1924239】GSD，可能号码格式错误
2023-10-22 00:19:41 获取到号码【1924239】的GSD为【-】
2023-10-22 00:19:58 GSD insert 第 1 次 等待 3 秒
2023-10-22 00:20:01 {"status":"bad","gid":"628156","msg":"添加失败！号码【1924239(-|-)】已存在！"}
2023-10-22 00:20:01 随机等待 92 秒，约 1 分钟
2023-10-22 00:20:01 下次操作: 2023-10-22 00:21:33

2023-10-22 00:21:33 开始第 4330 次操作

2023-10-22 00:21:33 开始操作号码 【1924240】
2023-10-22 00:21:47 GSD getOne 第 1 次 等待 3 秒
2023-10-22 00:21:50 查询号码 【1924240】，返回信息 {"status":"ok","msg":"-","gid":"628151","time_insert":"2023-04-01 16:48"}
2023-10-22 00:21:50 查询号码 【1924240】，GSD为【"-"】
2023-10-22 00:21:50 ok && -
2023-10-22 00:21:57 CHB 1924240?1697905310 第 1 次 等待 3 秒
2023-10-22 00:22:00 CHB 1924240?1697905310 第 1 次 获取到号码【1924240】GSD
2023-10-22 00:22:00 未获取到号码【1924240】GSD，可能号码格式错误
2023-10-22 00:22:00 获取到号码【1924240】的GSD为【-】
2023-10-22 00:22:06 GSD insert 第 1 次 等待 3 秒
2023-10-22 00:22:09 {"status":"bad","gid":"628151","msg":"添加失败！号码【1924240(-|-)】已存在！"}
2023-10-22 00:22:09 随机等待 126 秒，约 2 分钟
2023-10-22 00:22:09 下次操作: 2023-10-22 00:24:15

2023-10-22 00:24:15 开始第 4331 次操作

2023-10-22 00:24:15 开始操作号码 【1924241】
2023-10-22 00:24:18 GSD getOne 第 1 次 等待 3 秒
2023-10-22 00:24:21 查询号码 【1924241】，返回信息 {"status":"ok","msg":"-","gid":"628147","time_insert":"2023-04-01 16:44"}
2023-10-22 00:24:21 查询号码 【1924241】，GSD为【"-"】
2023-10-22 00:24:21 ok && -
2023-10-22 00:24:23 CHB 1924241?1697905461 第 1 次 等待 3 秒
2023-10-22 00:24:26 CHB 1924241?1697905461 第 1 次 获取到号码【1924241】GSD
2023-10-22 00:24:26 未获取到号码【1924241】GSD，可能号码格式错误
2023-10-22 00:24:26 获取到号码【1924241】的GSD为【-】
2023-10-22 00:24:32 GSD insert 第 1 次 等待 3 秒
2023-10-22 00:24:35 {"status":"bad","gid":"628147","msg":"添加失败！号码【1924241(-|-)】已存在！"}
2023-10-22 00:24:35 随机等待 108 秒，约 1 分钟
2023-10-22 00:24:35 下次操作: 2023-10-22 00:26:23

2023-10-22 00:26:23 开始第 4332 次操作

2023-10-22 00:26:23 开始操作号码 【1924242】
2023-10-22 00:26:26 GSD getOne 第 1 次 等待 3 秒
2023-10-22 00:26:29 查询号码 【1924242】，返回信息 {"status":"ok","msg":"-","gid":"628142","time_insert":"2023-04-01 16:41"}
2023-10-22 00:26:29 查询号码 【1924242】，GSD为【"-"】
2023-10-22 00:26:29 ok && -
2023-10-22 00:26:35 CHB 1924242?1697905589 第 1 次 等待 3 秒
2023-10-22 00:26:38 CHB 1924242?1697905589 第 1 次 获取到号码【1924242】GSD
2023-10-22 00:26:38 未获取到号码【1924242】GSD，可能号码格式错误
2023-10-22 00:26:38 获取到号码【1924242】的GSD为【-】
2023-10-22 00:27:03 GSD insert 第 1 次 等待 3 秒
2023-10-22 00:27:06 {"status":"bad","gid":"628142","msg":"添加失败！号码【1924242(-|-)】已存在！"}

