2024-03-11 00:18:42 开始第 8201 次操作

2024-03-11 00:18:42 开始操作号码 【1718103】
2024-03-11 00:18:48 GSD getOne 第 1 次 等待 3 秒
2024-03-11 00:18:51 查询号码 【1718103】，返回信息 {"status":"ok","msg":"北京-北京","gid":"226924","time_insert":"2021-07-09 01:42"}
2024-03-11 00:18:51 查询号码 【1718103】，GSD为【"北京-北京"】

2024-03-11 00:18:52 开始第 8202 次操作

2024-03-11 00:18:52 开始操作号码 【1718104】
2024-03-11 00:18:58 GSD getOne 第 1 次 等待 3 秒
2024-03-11 00:19:01 查询号码 【1718104】，返回信息 {"status":"ok","msg":"北京-北京","gid":"226932","time_insert":"2021-07-09 01:43"}
2024-03-11 00:19:01 查询号码 【1718104】，GSD为【"北京-北京"】

2024-03-11 00:19:02 开始第 8203 次操作

2024-03-11 00:19:02 开始操作号码 【1718105】
2024-03-11 00:19:07 GSD getOne 第 1 次 等待 3 秒
2024-03-11 00:19:10 查询号码 【1718105】，返回信息 {"status":"ok","msg":"北京-北京","gid":"226942","time_insert":"2021-07-09 01:44"}
2024-03-11 00:19:10 查询号码 【1718105】，GSD为【"北京-北京"】

2024-03-11 00:19:11 开始第 8204 次操作

2024-03-11 00:19:11 开始操作号码 【1718106】
2024-03-11 00:19:15 GSD getOne 第 1 次 等待 3 秒
2024-03-11 00:19:18 查询号码 【1718106】，返回信息 {"status":"ok","msg":"北京-北京","gid":"226948","time_insert":"2021-07-09 01:44"}
2024-03-11 00:19:18 查询号码 【1718106】，GSD为【"北京-北京"】

2024-03-11 00:38:05 开始第 8205 次操作

2024-03-11 00:38:05 开始操作号码 【1718107】
2024-03-11 00:38:11 GSD getOne 第 1 次 等待 3 秒
2024-03-11 00:38:14 查询号码 【1718107】，返回信息 {"status":"ok","msg":"北京-北京","gid":"226955","time_insert":"2021-07-09 01:46"}
2024-03-11 00:38:14 查询号码 【1718107】，GSD为【"北京-北京"】

2024-03-11 00:38:15 开始第 8206 次操作

2024-03-11 00:38:15 开始操作号码 【1718108】
2024-03-11 00:38:21 GSD getOne 第 1 次 等待 3 秒
2024-03-11 00:38:24 查询号码 【1718108】，返回信息 {"status":"ok","msg":"北京-北京","gid":"226964","time_insert":"2021-07-09 01:46"}
2024-03-11 00:38:24 查询号码 【1718108】，GSD为【"北京-北京"】

2024-03-11 00:38:25 开始第 8207 次操作

2024-03-11 00:38:25 开始操作号码 【1718109】
2024-03-11 00:38:29 GSD getOne 第 1 次 等待 3 秒
2024-03-11 00:38:32 查询号码 【1718109】，返回信息 {"status":"ok","msg":"北京-北京","gid":"226974","time_insert":"2021-07-09 01:47"}
2024-03-11 00:38:32 查询号码 【1718109】，GSD为【"北京-北京"】

2024-03-11 00:38:33 开始第 8208 次操作

2024-03-11 00:38:33 开始操作号码 【1718110】
2024-03-11 00:38:40 GSD getOne 第 1 次 等待 3 秒
2024-03-11 00:38:43 查询号码 【1718110】，返回信息 {"status":"ok","msg":"北京-北京","gid":"226990","time_insert":"2021-07-09 01:48"}
2024-03-11 00:38:43 查询号码 【1718110】，GSD为【"北京-北京"】

