2023-10-17 00:21:59 开始第 3445 次操作

2023-10-17 00:21:59 开始操作号码 【1923355】
2023-10-17 00:22:06 GSD getOne 第 1 次 等待 3 秒
2023-10-17 00:22:09 查询号码 【1923355】，返回信息 {"status":"ok","msg":"山西-吕梁","gid":"626464","time_insert":"2023-03-31 19:59","time_update":"2023-06-25 17:48"}
2023-10-17 00:22:09 查询号码 【1923355】，GSD为【"山西-吕梁"】

2023-10-17 00:22:10 开始第 3446 次操作

2023-10-17 00:22:10 开始操作号码 【1923356】
2023-10-17 00:22:12 GSD getOne 第 1 次 等待 3 秒
2023-10-17 00:22:15 查询号码 【1923356】，返回信息 {"status":"ok","msg":"山西-晋城","gid":"626477","time_insert":"2023-03-31 20:15","time_update":"2023-06-25 18:10"}
2023-10-17 00:22:15 查询号码 【1923356】，GSD为【"山西-晋城"】

2023-10-17 00:22:17 开始第 3447 次操作

2023-10-17 00:22:17 开始操作号码 【1923357】
2023-10-17 00:22:21 GSD getOne 第 1 次 等待 3 秒
2023-10-17 00:22:24 查询号码 【1923357】，返回信息 {"status":"ok","msg":"山西-临汾","gid":"626499","time_insert":"2023-03-31 20:33","time_update":"2023-06-25 18:33"}
2023-10-17 00:22:25 查询号码 【1923357】，GSD为【"山西-临汾"】

2023-10-17 00:22:26 开始第 3448 次操作

2023-10-17 00:22:26 开始操作号码 【1923358】
2023-10-17 00:22:28 GSD getOne 第 1 次 等待 3 秒
2023-10-17 00:22:31 查询号码 【1923358】，返回信息 {"status":"ok","msg":"山西-太原","gid":"626515","time_insert":"2023-03-31 20:51","time_update":"2023-06-25 19:00"}
2023-10-17 00:22:31 查询号码 【1923358】，GSD为【"山西-太原"】

