2024-09-20 00:17:50 开始第 5633 次操作

2024-09-20 00:17:50 开始操作号码 【1385632】
2024-09-20 00:17:53 GSD getOne 第 1 次 等待 3 秒
2024-09-20 00:17:56 查询号码 【1385632】，返回信息 {"status":"ok","msg":"安徽-宣城","gid":"339586","time_insert":"2021-07-20 19:31"}
2024-09-20 00:17:56 查询号码 【1385632】，GSD为【"安徽-宣城"】

2024-09-20 00:17:57 开始第 5634 次操作

2024-09-20 00:17:57 开始操作号码 【1385633】
2024-09-20 00:18:02 GSD getOne 第 1 次 等待 3 秒
2024-09-20 00:18:05 查询号码 【1385633】，返回信息 {"status":"ok","msg":"安徽-宣城","gid":"339659","time_insert":"2021-07-20 19:44"}
2024-09-20 00:18:05 查询号码 【1385633】，GSD为【"安徽-宣城"】

2024-09-20 00:18:06 开始第 5635 次操作

2024-09-20 00:18:06 开始操作号码 【1385634】
2024-09-20 00:18:08 GSD getOne 第 1 次 等待 3 秒
2024-09-20 00:18:11 查询号码 【1385634】，返回信息 {"status":"ok","msg":"安徽-宣城","gid":"339738","time_insert":"2021-07-20 19:55"}
2024-09-20 00:18:11 查询号码 【1385634】，GSD为【"安徽-宣城"】

2024-09-20 00:18:12 开始第 5636 次操作

2024-09-20 00:18:12 开始操作号码 【1385635】
2024-09-20 00:18:14 GSD getOne 第 1 次 等待 3 秒
2024-09-20 00:18:17 查询号码 【1385635】，返回信息 {"status":"ok","msg":"安徽-宣城","gid":"339824","time_insert":"2021-07-20 20:07"}
2024-09-20 00:18:17 查询号码 【1385635】，GSD为【"安徽-宣城"】

2024-09-20 00:43:04 开始第 5637 次操作

2024-09-20 00:43:04 开始操作号码 【1385636】
2024-09-20 00:43:07 GSD getOne 第 1 次 等待 3 秒
2024-09-20 00:43:10 查询号码 【1385636】，返回信息 {"status":"ok","msg":"安徽-宣城","gid":"339877","time_insert":"2021-07-20 20:21"}
2024-09-20 00:43:10 查询号码 【1385636】，GSD为【"安徽-宣城"】

2024-09-20 00:43:11 开始第 5638 次操作

2024-09-20 00:43:11 开始操作号码 【1385637】
2024-09-20 00:43:14 GSD getOne 第 1 次 等待 3 秒
2024-09-20 00:43:17 查询号码 【1385637】，返回信息 {"status":"ok","msg":"安徽-宣城","gid":"339903","time_insert":"2021-07-20 20:32"}
2024-09-20 00:43:17 查询号码 【1385637】，GSD为【"安徽-宣城"】

2024-09-20 00:43:18 开始第 5639 次操作

2024-09-20 00:43:18 开始操作号码 【1385638】
2024-09-20 00:43:20 GSD getOne 第 1 次 等待 3 秒
2024-09-20 00:43:23 查询号码 【1385638】，返回信息 {"status":"ok","msg":"安徽-宣城","gid":"339928","time_insert":"2021-07-20 20:45"}
2024-09-20 00:43:23 查询号码 【1385638】，GSD为【"安徽-宣城"】

2024-09-20 00:43:24 开始第 5640 次操作

2024-09-20 00:43:24 开始操作号码 【1385639】
2024-09-20 00:43:26 GSD getOne 第 1 次 等待 3 秒
2024-09-20 00:43:29 查询号码 【1385639】，返回信息 {"status":"ok","msg":"安徽-宣城","gid":"339963","time_insert":"2021-07-20 20:58"}
2024-09-20 00:43:29 查询号码 【1385639】，GSD为【"安徽-宣城"】

