2024-04-19 00:20:57 开始第 4281 次操作

2024-04-19 00:20:57 开始操作号码 【1604183】
2024-04-19 00:21:03 GSD getOne 第 1 次 等待 3 秒
2024-04-19 00:21:06 查询号码 【1604183】，返回信息 {"status":"ok","msg":"-","gid":"602112","time_insert":"2023-03-20 05:03"}
2024-04-19 00:21:06 查询号码 【1604183】，GSD为【"-"】
2024-04-19 00:21:06 ok && -
2024-04-19 00:21:09 CHB 1604183?1713457266 第 1 次 等待 3 秒
2024-04-19 00:21:12 CHB 1604183?1713457266 第 1 次 获取到号码【1604183】GSD
2024-04-19 00:21:12 未获取到号码【1604183】GSD，可能号码格式错误
2024-04-19 00:21:12 获取到号码【1604183】的GSD为【-】
2024-04-19 00:21:17 GSD insert 第 1 次 等待 3 秒
2024-04-19 00:21:20 {"status":"bad","gid":"602112","msg":"添加失败！号码【1604183(-|-)】已存在！"}
2024-04-19 00:21:20 随机等待 140 秒，约 2 分钟
2024-04-19 00:21:20 下次操作: 2024-04-19 00:23:40

2024-04-19 00:23:40 开始第 4282 次操作

2024-04-19 00:23:40 开始操作号码 【1604184】
2024-04-19 00:23:44 GSD getOne 第 1 次 等待 3 秒
2024-04-19 00:23:47 查询号码 【1604184】，返回信息 {"status":"ok","msg":"-","gid":"602124","time_insert":"2023-03-20 05:12"}
2024-04-19 00:23:47 查询号码 【1604184】，GSD为【"-"】
2024-04-19 00:23:47 ok && -
2024-04-19 00:23:50 CHB 1604184?1713457427 第 1 次 等待 3 秒
2024-04-19 00:23:53 CHB 1604184?1713457427 第 1 次 获取到号码【1604184】GSD
2024-04-19 00:23:53 未获取到号码【1604184】GSD，可能号码格式错误
2024-04-19 00:23:53 获取到号码【1604184】的GSD为【-】
2024-04-19 00:23:58 GSD insert 第 1 次 等待 3 秒
2024-04-19 00:24:01 {"status":"bad","gid":"602124","msg":"添加失败！号码【1604184(-|-)】已存在！"}
2024-04-19 00:24:01 随机等待 131 秒，约 2 分钟
2024-04-19 00:24:01 下次操作: 2024-04-19 00:26:12

2024-04-19 00:26:12 开始第 4283 次操作

2024-04-19 00:26:12 开始操作号码 【1604185】
2024-04-19 00:26:17 GSD getOne 第 1 次 等待 3 秒
2024-04-19 00:26:20 查询号码 【1604185】，返回信息 {"status":"ok","msg":"-","gid":"602156","time_insert":"2023-03-20 05:33"}
2024-04-19 00:26:20 查询号码 【1604185】，GSD为【"-"】
2024-04-19 00:26:20 ok && -
2024-04-19 00:26:23 CHB 1604185?1713457580 第 1 次 等待 3 秒
2024-04-19 00:26:26 CHB 1604185?1713457580 第 1 次 获取到号码【1604185】GSD
2024-04-19 00:26:26 未获取到号码【1604185】GSD，可能号码格式错误
2024-04-19 00:26:26 获取到号码【1604185】的GSD为【-】
2024-04-19 00:26:30 GSD insert 第 1 次 等待 3 秒
2024-04-19 00:26:33 {"status":"bad","gid":"602156","msg":"添加失败！号码【1604185(-|-)】已存在！"}
2024-04-19 00:26:33 随机等待 190 秒，约 3 分钟
2024-04-19 00:26:33 下次操作: 2024-04-19 00:29:43

2024-04-19 00:29:43 开始第 4284 次操作

2024-04-19 00:29:43 开始操作号码 【1604186】
2024-04-19 00:29:49 GSD getOne 第 1 次 等待 3 秒
2024-04-19 00:29:52 查询号码 【1604186】，返回信息 {"status":"ok","msg":"-","gid":"602185","time_insert":"2023-03-20 05:54"}
2024-04-19 00:29:52 查询号码 【1604186】，GSD为【"-"】
2024-04-19 00:29:52 ok && -
2024-04-19 00:29:55 CHB 1604186?1713457792 第 1 次 等待 3 秒
2024-04-19 00:29:58 CHB 1604186?1713457792 第 1 次 获取到号码【1604186】GSD
2024-04-19 00:29:58 未获取到号码【1604186】GSD，可能号码格式错误
2024-04-19 00:29:58 获取到号码【1604186】的GSD为【-】
2024-04-19 00:30:04 GSD insert 第 1 次 等待 3 秒
2024-04-19 00:30:07 {"status":"bad","gid":"602185","msg":"添加失败！号码【1604186(-|-)】已存在！"}

2024-04-19 00:38:49 开始第 4285 次操作

2024-04-19 00:38:49 开始操作号码 【1604187】
2024-04-19 00:38:54 GSD getOne 第 1 次 等待 3 秒
2024-04-19 00:38:57 查询号码 【1604187】，返回信息 {"status":"ok","msg":"-","gid":"602211","time_insert":"2023-03-20 06:10"}
2024-04-19 00:38:57 查询号码 【1604187】，GSD为【"-"】
2024-04-19 00:38:57 ok && -
2024-04-19 00:39:00 CHB 1604187?1713458337 第 1 次 等待 3 秒
2024-04-19 00:39:03 CHB 1604187?1713458337 第 1 次 获取到号码【1604187】GSD
2024-04-19 00:39:03 未获取到号码【1604187】GSD，可能号码格式错误
2024-04-19 00:39:03 获取到号码【1604187】的GSD为【-】
2024-04-19 00:39:08 GSD insert 第 1 次 等待 3 秒
2024-04-19 00:39:11 {"status":"bad","gid":"602211","msg":"添加失败！号码【1604187(-|-)】已存在！"}
2024-04-19 00:39:11 随机等待 151 秒，约 2 分钟
2024-04-19 00:39:11 下次操作: 2024-04-19 00:41:42

2024-04-19 00:41:42 开始第 4286 次操作

2024-04-19 00:41:42 开始操作号码 【1604188】
2024-04-19 00:41:47 GSD getOne 第 1 次 等待 3 秒
2024-04-19 00:41:50 查询号码 【1604188】，返回信息 {"status":"ok","msg":"-","gid":"602227","time_insert":"2023-03-20 06:21"}
2024-04-19 00:41:50 查询号码 【1604188】，GSD为【"-"】
2024-04-19 00:41:50 ok && -
2024-04-19 00:41:52 CHB 1604188?1713458510 第 1 次 等待 3 秒
2024-04-19 00:41:55 CHB 1604188?1713458510 第 1 次 获取到号码【1604188】GSD
2024-04-19 00:41:55 未获取到号码【1604188】GSD，可能号码格式错误
2024-04-19 00:41:55 获取到号码【1604188】的GSD为【-】
2024-04-19 00:42:01 GSD insert 第 1 次 等待 3 秒
2024-04-19 00:42:04 {"status":"bad","gid":"602227","msg":"添加失败！号码【1604188(-|-)】已存在！"}
2024-04-19 00:42:04 随机等待 135 秒，约 2 分钟
2024-04-19 00:42:04 下次操作: 2024-04-19 00:44:19

2024-04-19 00:44:19 开始第 4287 次操作

2024-04-19 00:44:19 开始操作号码 【1604189】
2024-04-19 00:44:24 GSD getOne 第 1 次 等待 3 秒
2024-04-19 00:44:27 查询号码 【1604189】，返回信息 {"status":"ok","msg":"-","gid":"602249","time_insert":"2023-03-20 06:33"}
2024-04-19 00:44:27 查询号码 【1604189】，GSD为【"-"】
2024-04-19 00:44:27 ok && -
2024-04-19 00:44:30 CHB 1604189?1713458667 第 1 次 等待 3 秒
2024-04-19 00:44:33 CHB 1604189?1713458667 第 1 次 获取到号码【1604189】GSD
2024-04-19 00:44:33 未获取到号码【1604189】GSD，可能号码格式错误
2024-04-19 00:44:33 获取到号码【1604189】的GSD为【-】
2024-04-19 00:44:39 GSD insert 第 1 次 等待 3 秒
2024-04-19 00:44:42 {"status":"bad","gid":"602249","msg":"添加失败！号码【1604189(-|-)】已存在！"}
2024-04-19 00:44:42 随机等待 180 秒，约 3 分钟
2024-04-19 00:44:42 下次操作: 2024-04-19 00:47:42

2024-04-19 00:47:42 开始第 4288 次操作

2024-04-19 00:47:42 开始操作号码 【1604190】
2024-04-19 00:47:48 GSD getOne 第 1 次 等待 3 秒
2024-04-19 00:47:51 查询号码 【1604190】，返回信息 {"status":"ok","msg":"-","gid":"602267","time_insert":"2023-03-20 06:44"}
2024-04-19 00:47:51 查询号码 【1604190】，GSD为【"-"】
2024-04-19 00:47:51 ok && -
2024-04-19 00:47:54 CHB 1604190?1713458871 第 1 次 等待 3 秒
2024-04-19 00:47:57 CHB 1604190?1713458871 第 1 次 获取到号码【1604190】GSD
2024-04-19 00:47:57 未获取到号码【1604190】GSD，可能号码格式错误
2024-04-19 00:47:57 获取到号码【1604190】的GSD为【-】
2024-04-19 00:48:01 GSD insert 第 1 次 等待 3 秒
2024-04-19 00:48:04 {"status":"bad","gid":"602267","msg":"添加失败！号码【1604190(-|-)】已存在！"}

2024-04-19 01:14:39 开始第 4289 次操作

2024-04-19 01:14:39 开始操作号码 【1604191】
2024-04-19 01:14:46 GSD getOne 第 1 次 等待 3 秒
2024-04-19 01:14:49 查询号码 【1604191】，返回信息 {"status":"ok","msg":"-","gid":"602282","time_insert":"2023-03-20 06:52"}
2024-04-19 01:14:49 查询号码 【1604191】，GSD为【"-"】
2024-04-19 01:14:49 ok && -
2024-04-19 01:14:52 CHB 1604191?1713460489 第 1 次 等待 3 秒
2024-04-19 01:14:55 CHB 1604191?1713460489 第 1 次 获取到号码【1604191】GSD
2024-04-19 01:14:55 未获取到号码【1604191】GSD，可能号码格式错误
2024-04-19 01:14:55 获取到号码【1604191】的GSD为【-】
2024-04-19 01:15:01 GSD insert 第 1 次 等待 3 秒
2024-04-19 01:15:04 {"status":"bad","gid":"602282","msg":"添加失败！号码【1604191(-|-)】已存在！"}
2024-04-19 01:15:04 随机等待 131 秒，约 2 分钟
2024-04-19 01:15:04 下次操作: 2024-04-19 01:17:15

2024-04-19 01:17:15 开始第 4290 次操作

2024-04-19 01:17:15 开始操作号码 【1604192】
2024-04-19 01:17:20 GSD getOne 第 1 次 等待 3 秒
2024-04-19 01:17:23 查询号码 【1604192】，返回信息 {"status":"ok","msg":"-","gid":"602301","time_insert":"2023-03-20 07:05"}
2024-04-19 01:17:23 查询号码 【1604192】，GSD为【"-"】
2024-04-19 01:17:23 ok && -
2024-04-19 01:17:25 CHB 1604192?1713460643 第 1 次 等待 3 秒
2024-04-19 01:17:28 CHB 1604192?1713460643 第 1 次 获取到号码【1604192】GSD
2024-04-19 01:17:28 未获取到号码【1604192】GSD，可能号码格式错误
2024-04-19 01:17:28 获取到号码【1604192】的GSD为【-】
2024-04-19 01:17:35 GSD insert 第 1 次 等待 3 秒
2024-04-19 01:17:38 {"status":"bad","gid":"602301","msg":"添加失败！号码【1604192(-|-)】已存在！"}
2024-04-19 01:17:38 随机等待 89 秒，约 1 分钟
2024-04-19 01:17:38 下次操作: 2024-04-19 01:19:07

2024-04-19 01:19:07 开始第 4291 次操作

2024-04-19 01:19:07 开始操作号码 【1604193】
2024-04-19 01:19:12 GSD getOne 第 1 次 等待 3 秒
2024-04-19 01:19:15 查询号码 【1604193】，返回信息 {"status":"ok","msg":"-","gid":"602316","time_insert":"2023-03-20 07:16"}
2024-04-19 01:19:15 查询号码 【1604193】，GSD为【"-"】
2024-04-19 01:19:15 ok && -
2024-04-19 01:19:17 CHB 1604193?1713460755 第 1 次 等待 3 秒
2024-04-19 01:19:20 CHB 1604193?1713460755 第 1 次 获取到号码【1604193】GSD
2024-04-19 01:19:20 未获取到号码【1604193】GSD，可能号码格式错误
2024-04-19 01:19:20 获取到号码【1604193】的GSD为【-】
2024-04-19 01:19:26 GSD insert 第 1 次 等待 3 秒
2024-04-19 01:19:29 {"status":"bad","gid":"602316","msg":"添加失败！号码【1604193(-|-)】已存在！"}
2024-04-19 01:19:29 随机等待 225 秒，约 3 分钟
2024-04-19 01:19:29 下次操作: 2024-04-19 01:23:14

2024-04-19 01:23:14 开始第 4292 次操作

2024-04-19 01:23:14 开始操作号码 【1604194】
2024-04-19 01:23:20 GSD getOne 第 1 次 等待 3 秒
2024-04-19 01:23:23 查询号码 【1604194】，返回信息 {"status":"ok","msg":"-","gid":"602332","time_insert":"2023-03-20 07:28"}
2024-04-19 01:23:23 查询号码 【1604194】，GSD为【"-"】
2024-04-19 01:23:23 ok && -
2024-04-19 01:23:25 CHB 1604194?1713461003 第 1 次 等待 3 秒
2024-04-19 01:23:28 CHB 1604194?1713461003 第 1 次 获取到号码【1604194】GSD
2024-04-19 01:23:28 未获取到号码【1604194】GSD，可能号码格式错误
2024-04-19 01:23:28 获取到号码【1604194】的GSD为【-】
2024-04-19 01:23:34 GSD insert 第 1 次 等待 3 秒
2024-04-19 01:23:37 {"status":"bad","gid":"602332","msg":"添加失败！号码【1604194(-|-)】已存在！"}

2024-04-19 01:37:08 开始第 4293 次操作

2024-04-19 01:37:08 开始操作号码 【1604195】
2024-04-19 01:37:13 GSD getOne 第 1 次 等待 3 秒
2024-04-19 01:37:16 查询号码 【1604195】，返回信息 {"status":"ok","msg":"-","gid":"602367","time_insert":"2023-03-20 07:49"}
2024-04-19 01:37:16 查询号码 【1604195】，GSD为【"-"】
2024-04-19 01:37:16 ok && -
2024-04-19 01:37:19 CHB 1604195?1713461836 第 1 次 等待 3 秒
2024-04-19 01:37:22 CHB 1604195?1713461836 第 1 次 获取到号码【1604195】GSD
2024-04-19 01:37:22 未获取到号码【1604195】GSD，可能号码格式错误
2024-04-19 01:37:22 获取到号码【1604195】的GSD为【-】
2024-04-19 01:37:27 GSD insert 第 1 次 等待 3 秒
2024-04-19 01:37:30 {"status":"bad","gid":"602367","msg":"添加失败！号码【1604195(-|-)】已存在！"}
2024-04-19 01:37:30 随机等待 79 秒，约 1 分钟
2024-04-19 01:37:30 下次操作: 2024-04-19 01:38:49

2024-04-19 01:38:49 开始第 4294 次操作

2024-04-19 01:38:49 开始操作号码 【1604196】
2024-04-19 01:38:55 GSD getOne 第 1 次 等待 3 秒
2024-04-19 01:38:58 查询号码 【1604196】，返回信息 {"status":"ok","msg":"-","gid":"602402","time_insert":"2023-03-20 08:13"}
2024-04-19 01:38:58 查询号码 【1604196】，GSD为【"-"】
2024-04-19 01:38:58 ok && -
2024-04-19 01:39:00 CHB 1604196?1713461938 第 1 次 等待 3 秒
2024-04-19 01:39:03 CHB 1604196?1713461938 第 1 次 获取到号码【1604196】GSD
2024-04-19 01:39:03 未获取到号码【1604196】GSD，可能号码格式错误
2024-04-19 01:39:03 获取到号码【1604196】的GSD为【-】
2024-04-19 01:39:09 GSD insert 第 1 次 等待 3 秒
2024-04-19 01:39:12 {"status":"bad","gid":"602402","msg":"添加失败！号码【1604196(-|-)】已存在！"}
2024-04-19 01:39:12 随机等待 106 秒，约 1 分钟
2024-04-19 01:39:12 下次操作: 2024-04-19 01:40:58

2024-04-19 01:40:58 开始第 4295 次操作

2024-04-19 01:40:58 开始操作号码 【1604197】
2024-04-19 01:41:04 GSD getOne 第 1 次 等待 3 秒
2024-04-19 01:41:07 查询号码 【1604197】，返回信息 {"status":"ok","msg":"-","gid":"602417","time_insert":"2023-03-20 08:30"}
2024-04-19 01:41:07 查询号码 【1604197】，GSD为【"-"】
2024-04-19 01:41:07 ok && -
2024-04-19 01:41:13 CHB 1604197?1713462067 第 1 次 等待 3 秒
2024-04-19 01:41:16 CHB 1604197?1713462067 第 1 次 获取到号码【1604197】GSD
2024-04-19 01:41:16 未获取到号码【1604197】GSD，可能号码格式错误
2024-04-19 01:41:16 获取到号码【1604197】的GSD为【-】
2024-04-19 01:41:21 GSD insert 第 1 次 等待 3 秒
2024-04-19 01:41:24 {"status":"bad","gid":"602417","msg":"添加失败！号码【1604197(-|-)】已存在！"}
2024-04-19 01:41:24 随机等待 171 秒，约 2 分钟
2024-04-19 01:41:24 下次操作: 2024-04-19 01:44:15

2024-04-19 01:44:15 开始第 4296 次操作

2024-04-19 01:44:15 开始操作号码 【1604198】
2024-04-19 01:44:24 GSD getOne 第 1 次 等待 3 秒
2024-04-19 01:44:27 查询号码 【1604198】，返回信息 {"status":"ok","msg":"-","gid":"602441","time_insert":"2023-03-20 08:54"}
2024-04-19 01:44:27 查询号码 【1604198】，GSD为【"-"】
2024-04-19 01:44:27 ok && -
2024-04-19 01:44:30 CHB 1604198?1713462267 第 1 次 等待 3 秒
2024-04-19 01:44:33 CHB 1604198?1713462267 第 1 次 获取到号码【1604198】GSD
2024-04-19 01:44:33 未获取到号码【1604198】GSD，可能号码格式错误
2024-04-19 01:44:33 获取到号码【1604198】的GSD为【-】
2024-04-19 01:44:38 GSD insert 第 1 次 等待 3 秒
2024-04-19 01:44:41 {"status":"bad","gid":"602441","msg":"添加失败！号码【1604198(-|-)】已存在！"}

2024-04-19 02:20:53 开始第 4297 次操作

2024-04-19 02:20:53 开始操作号码 【1604199】
2024-04-19 02:21:00 GSD getOne 第 1 次 等待 3 秒
2024-04-19 02:21:03 查询号码 【1604199】，返回信息 {"status":"ok","msg":"-","gid":"602459","time_insert":"2023-03-20 09:10"}
2024-04-19 02:21:03 查询号码 【1604199】，GSD为【"-"】
2024-04-19 02:21:03 ok && -
2024-04-19 02:21:05 CHB 1604199?1713464463 第 1 次 等待 3 秒
2024-04-19 02:21:08 CHB 1604199?1713464463 第 1 次 获取到号码【1604199】GSD
2024-04-19 02:21:08 未获取到号码【1604199】GSD，可能号码格式错误
2024-04-19 02:21:08 获取到号码【1604199】的GSD为【-】
2024-04-19 02:21:13 GSD insert 第 1 次 等待 3 秒
2024-04-19 02:21:16 {"status":"bad","gid":"602459","msg":"添加失败！号码【1604199(-|-)】已存在！"}
2024-04-19 02:21:16 随机等待 179 秒，约 2 分钟
2024-04-19 02:21:16 下次操作: 2024-04-19 02:24:15

2024-04-19 02:24:15 开始第 4298 次操作

2024-04-19 02:24:15 开始操作号码 【1604200】
2024-04-19 02:24:20 GSD getOne 第 1 次 等待 3 秒
2024-04-19 02:24:23 查询号码 【1604200】，返回信息 {"status":"ok","msg":"-","gid":"602485","time_insert":"2023-03-20 09:32"}
2024-04-19 02:24:23 查询号码 【1604200】，GSD为【"-"】
2024-04-19 02:24:23 ok && -
2024-04-19 02:24:26 CHB 1604200?1713464663 第 1 次 等待 3 秒
2024-04-19 02:24:29 CHB 1604200?1713464663 第 1 次 获取到号码【1604200】GSD
2024-04-19 02:24:29 未获取到号码【1604200】GSD，可能号码格式错误
2024-04-19 02:24:29 获取到号码【1604200】的GSD为【-】
2024-04-19 02:24:34 GSD insert 第 1 次 等待 3 秒
2024-04-19 02:24:37 {"status":"bad","gid":"602485","msg":"添加失败！号码【1604200(-|-)】已存在！"}
2024-04-19 02:24:37 随机等待 151 秒，约 2 分钟
2024-04-19 02:24:37 下次操作: 2024-04-19 02:27:08

2024-04-19 02:27:08 开始第 4299 次操作

2024-04-19 02:27:08 开始操作号码 【1604201】
2024-04-19 02:27:13 GSD getOne 第 1 次 等待 3 秒
2024-04-19 02:27:16 查询号码 【1604201】，返回信息 {"status":"ok","msg":"-","gid":"602495","time_insert":"2023-03-20 09:43"}
2024-04-19 02:27:16 查询号码 【1604201】，GSD为【"-"】
2024-04-19 02:27:16 ok && -
2024-04-19 02:27:18 CHB 1604201?1713464836 第 1 次 等待 3 秒
2024-04-19 02:27:21 CHB 1604201?1713464836 第 1 次 获取到号码【1604201】GSD
2024-04-19 02:27:21 未获取到号码【1604201】GSD，可能号码格式错误
2024-04-19 02:27:21 获取到号码【1604201】的GSD为【-】
2024-04-19 02:27:26 GSD insert 第 1 次 等待 3 秒
2024-04-19 02:27:29 {"status":"bad","gid":"602495","msg":"添加失败！号码【1604201(-|-)】已存在！"}
2024-04-19 02:27:29 随机等待 144 秒，约 2 分钟
2024-04-19 02:27:29 下次操作: 2024-04-19 02:29:53

2024-04-19 02:29:53 开始第 4300 次操作

2024-04-19 02:29:53 开始操作号码 【1604202】
2024-04-19 02:29:59 GSD getOne 第 1 次 等待 3 秒
2024-04-19 02:30:02 查询号码 【1604202】，返回信息 {"status":"ok","msg":"-","gid":"602505","time_insert":"2023-03-20 09:54"}
2024-04-19 02:30:02 查询号码 【1604202】，GSD为【"-"】
2024-04-19 02:30:02 ok && -
2024-04-19 02:30:05 CHB 1604202?1713465002 第 1 次 等待 3 秒
2024-04-19 02:30:08 CHB 1604202?1713465002 第 1 次 获取到号码【1604202】GSD
2024-04-19 02:30:08 未获取到号码【1604202】GSD，可能号码格式错误
2024-04-19 02:30:08 获取到号码【1604202】的GSD为【-】
2024-04-19 02:30:13 GSD insert 第 1 次 等待 3 秒
2024-04-19 02:30:16 {"status":"bad","gid":"602505","msg":"添加失败！号码【1604202(-|-)】已存在！"}

2024-04-19 02:37:18 开始第 4301 次操作

2024-04-19 02:37:18 开始操作号码 【1604203】
2024-04-19 02:37:23 GSD getOne 第 1 次 等待 3 秒
2024-04-19 02:37:26 查询号码 【1604203】，返回信息 {"status":"ok","msg":"-","gid":"602520","time_insert":"2023-03-20 10:05"}
2024-04-19 02:37:26 查询号码 【1604203】，GSD为【"-"】
2024-04-19 02:37:26 ok && -
2024-04-19 02:37:28 CHB 1604203?1713465446 第 1 次 等待 3 秒
2024-04-19 02:37:31 CHB 1604203?1713465446 第 1 次 获取到号码【1604203】GSD
2024-04-19 02:37:31 未获取到号码【1604203】GSD，可能号码格式错误
2024-04-19 02:37:31 获取到号码【1604203】的GSD为【-】
2024-04-19 02:37:38 GSD insert 第 1 次 等待 3 秒
2024-04-19 02:37:41 {"status":"bad","gid":"602520","msg":"添加失败！号码【1604203(-|-)】已存在！"}
2024-04-19 02:37:41 随机等待 165 秒，约 2 分钟
2024-04-19 02:37:41 下次操作: 2024-04-19 02:40:26

2024-04-19 02:40:26 开始第 4302 次操作

2024-04-19 02:40:26 开始操作号码 【1604204】
2024-04-19 02:40:33 GSD getOne 第 1 次 等待 3 秒
2024-04-19 02:40:36 查询号码 【1604204】，返回信息 {"status":"ok","msg":"-","gid":"602536","time_insert":"2023-03-20 10:18"}
2024-04-19 02:40:36 查询号码 【1604204】，GSD为【"-"】
2024-04-19 02:40:36 ok && -
2024-04-19 02:40:38 CHB 1604204?1713465636 第 1 次 等待 3 秒
2024-04-19 02:40:41 CHB 1604204?1713465636 第 1 次 获取到号码【1604204】GSD
2024-04-19 02:40:41 未获取到号码【1604204】GSD，可能号码格式错误
2024-04-19 02:40:41 获取到号码【1604204】的GSD为【-】
2024-04-19 02:40:47 GSD insert 第 1 次 等待 3 秒
2024-04-19 02:40:50 {"status":"bad","gid":"602536","msg":"添加失败！号码【1604204(-|-)】已存在！"}
2024-04-19 02:40:50 随机等待 111 秒，约 1 分钟
2024-04-19 02:40:50 下次操作: 2024-04-19 02:42:41

2024-04-19 02:42:41 开始第 4303 次操作

2024-04-19 02:42:41 开始操作号码 【1604205】
2024-04-19 02:42:46 GSD getOne 第 1 次 等待 3 秒
2024-04-19 02:42:49 查询号码 【1604205】，返回信息 {"status":"ok","msg":"-","gid":"602558","time_insert":"2023-03-20 10:36"}
2024-04-19 02:42:49 查询号码 【1604205】，GSD为【"-"】
2024-04-19 02:42:49 ok && -
2024-04-19 02:42:51 CHB 1604205?1713465769 第 1 次 等待 3 秒
2024-04-19 02:42:54 CHB 1604205?1713465769 第 1 次 获取到号码【1604205】GSD
2024-04-19 02:42:54 未获取到号码【1604205】GSD，可能号码格式错误
2024-04-19 02:42:54 获取到号码【1604205】的GSD为【-】
2024-04-19 02:42:59 GSD insert 第 1 次 等待 3 秒
2024-04-19 02:43:02 {"status":"bad","gid":"602558","msg":"添加失败！号码【1604205(-|-)】已存在！"}
2024-04-19 02:43:02 随机等待 77 秒，约 1 分钟
2024-04-19 02:43:02 下次操作: 2024-04-19 02:44:19

2024-04-19 02:44:19 开始第 4304 次操作

2024-04-19 02:44:19 开始操作号码 【1604206】
2024-04-19 02:44:23 GSD getOne 第 1 次 等待 3 秒
2024-04-19 02:44:26 查询号码 【1604206】，返回信息 {"status":"ok","msg":"-","gid":"602587","time_insert":"2023-03-20 10:58"}
2024-04-19 02:44:26 查询号码 【1604206】，GSD为【"-"】
2024-04-19 02:44:26 ok && -
2024-04-19 02:44:29 CHB 1604206?1713465866 第 1 次 等待 3 秒
2024-04-19 02:44:32 CHB 1604206?1713465866 第 1 次 获取到号码【1604206】GSD
2024-04-19 02:44:32 未获取到号码【1604206】GSD，可能号码格式错误
2024-04-19 02:44:32 获取到号码【1604206】的GSD为【-】
2024-04-19 02:44:36 GSD insert 第 1 次 等待 3 秒
2024-04-19 02:44:39 {"status":"bad","gid":"602587","msg":"添加失败！号码【1604206(-|-)】已存在！"}

2024-04-19 03:12:32 开始第 4305 次操作

2024-04-19 03:12:32 开始操作号码 【1604207】
2024-04-19 03:12:38 GSD getOne 第 1 次 等待 3 秒
2024-04-19 03:12:41 查询号码 【1604207】，返回信息 {"status":"ok","msg":"-","gid":"602620","time_insert":"2023-03-20 11:21"}
2024-04-19 03:12:41 查询号码 【1604207】，GSD为【"-"】
2024-04-19 03:12:41 ok && -
2024-04-19 03:12:43 CHB 1604207?1713467561 第 1 次 等待 3 秒
2024-04-19 03:12:46 CHB 1604207?1713467561 第 1 次 获取到号码【1604207】GSD
2024-04-19 03:12:46 未获取到号码【1604207】GSD，可能号码格式错误
2024-04-19 03:12:46 获取到号码【1604207】的GSD为【-】
2024-04-19 03:12:52 GSD insert 第 1 次 等待 3 秒
2024-04-19 03:12:55 {"status":"bad","gid":"602620","msg":"添加失败！号码【1604207(-|-)】已存在！"}
2024-04-19 03:12:55 随机等待 189 秒，约 3 分钟
2024-04-19 03:12:55 下次操作: 2024-04-19 03:16:04

2024-04-19 03:16:04 开始第 4306 次操作

2024-04-19 03:16:04 开始操作号码 【1604208】
2024-04-19 03:16:10 GSD getOne 第 1 次 等待 3 秒
2024-04-19 03:16:13 查询号码 【1604208】，返回信息 {"status":"ok","msg":"-","gid":"602664","time_insert":"2023-03-20 11:45"}
2024-04-19 03:16:13 查询号码 【1604208】，GSD为【"-"】
2024-04-19 03:16:13 ok && -
2024-04-19 03:16:15 CHB 1604208?1713467773 第 1 次 等待 3 秒
2024-04-19 03:16:18 CHB 1604208?1713467773 第 1 次 获取到号码【1604208】GSD
2024-04-19 03:16:18 未获取到号码【1604208】GSD，可能号码格式错误
2024-04-19 03:16:18 获取到号码【1604208】的GSD为【-】
2024-04-19 03:16:25 GSD insert 第 1 次 等待 3 秒
2024-04-19 03:16:28 {"status":"bad","gid":"602664","msg":"添加失败！号码【1604208(-|-)】已存在！"}
2024-04-19 03:16:28 随机等待 110 秒，约 1 分钟
2024-04-19 03:16:28 下次操作: 2024-04-19 03:18:18

2024-04-19 03:18:18 开始第 4307 次操作

2024-04-19 03:18:18 开始操作号码 【1604209】
2024-04-19 03:18:24 GSD getOne 第 1 次 等待 3 秒
2024-04-19 03:18:27 查询号码 【1604209】，返回信息 {"status":"ok","msg":"-","gid":"602686","time_insert":"2023-03-20 11:57"}
2024-04-19 03:18:27 查询号码 【1604209】，GSD为【"-"】
2024-04-19 03:18:27 ok && -
2024-04-19 03:18:29 CHB 1604209?1713467907 第 1 次 等待 3 秒
2024-04-19 03:18:32 CHB 1604209?1713467907 第 1 次 获取到号码【1604209】GSD
2024-04-19 03:18:32 未获取到号码【1604209】GSD，可能号码格式错误
2024-04-19 03:18:32 获取到号码【1604209】的GSD为【-】
2024-04-19 03:18:37 GSD insert 第 1 次 等待 3 秒
2024-04-19 03:18:40 {"status":"bad","gid":"602686","msg":"添加失败！号码【1604209(-|-)】已存在！"}
2024-04-19 03:18:40 随机等待 87 秒，约 1 分钟
2024-04-19 03:18:40 下次操作: 2024-04-19 03:20:07

2024-04-19 03:20:07 开始第 4308 次操作

2024-04-19 03:20:07 开始操作号码 【1604210】
2024-04-19 03:20:12 GSD getOne 第 1 次 等待 3 秒
2024-04-19 03:20:15 查询号码 【1604210】，返回信息 {"status":"ok","msg":"-","gid":"602711","time_insert":"2023-03-20 12:16"}
2024-04-19 03:20:15 查询号码 【1604210】，GSD为【"-"】
2024-04-19 03:20:15 ok && -
2024-04-19 03:20:17 CHB 1604210?1713468015 第 1 次 等待 3 秒
2024-04-19 03:20:20 CHB 1604210?1713468015 第 1 次 获取到号码【1604210】GSD
2024-04-19 03:20:20 未获取到号码【1604210】GSD，可能号码格式错误
2024-04-19 03:20:20 获取到号码【1604210】的GSD为【-】
2024-04-19 03:20:24 GSD insert 第 1 次 等待 3 秒
2024-04-19 03:20:27 {"status":"bad","gid":"602711","msg":"添加失败！号码【1604210(-|-)】已存在！"}

