2024-11-07 00:12:49 开始第 3597 次操作

2024-11-07 00:12:49 开始操作号码 【1303596】
2024-11-07 00:12:50 GSD getOne 第 1 次 等待 3 秒
2024-11-07 00:12:53 查询号码 【1303596】，返回信息 {"status":"ok","msg":"云南-德宏","gid":"279","time_insert":"2017-09-08 17:12","time_update":"2020-11-24 17:14"}
2024-11-07 00:12:53 查询号码 【1303596】，GSD为【"云南-德宏"】

2024-11-07 00:12:54 开始第 3598 次操作

2024-11-07 00:12:54 开始操作号码 【1303597】
2024-11-07 00:12:55 GSD getOne 第 1 次 等待 3 秒
2024-11-07 00:12:58 查询号码 【1303597】，返回信息 {"status":"ok","msg":"云南-西双版纳","gid":"70912","time_insert":"2021-05-28 10:18"}
2024-11-07 00:12:58 查询号码 【1303597】，GSD为【"云南-西双版纳"】

2024-11-07 00:12:59 开始第 3599 次操作

2024-11-07 00:12:59 开始操作号码 【1303598】
2024-11-07 00:13:01 GSD getOne 第 1 次 等待 3 秒
2024-11-07 00:13:04 查询号码 【1303598】，返回信息 {"status":"ok","msg":"云南-西双版纳","gid":"70933","time_insert":"2021-05-28 10:44"}
2024-11-07 00:13:04 查询号码 【1303598】，GSD为【"云南-西双版纳"】

2024-11-07 00:13:05 开始第 3600 次操作

2024-11-07 00:13:05 开始操作号码 【1303599】
2024-11-07 00:13:06 GSD getOne 第 1 次 等待 3 秒
2024-11-07 00:13:09 查询号码 【1303599】，返回信息 {"status":"ok","msg":"云南-西双版纳","gid":"70954","time_insert":"2021-05-28 11:11"}
2024-11-07 00:13:09 查询号码 【1303599】，GSD为【"云南-西双版纳"】

