2024-11-03 00:11:04 开始第 2889 次操作

2024-11-03 00:11:04 开始操作号码 【1302888】
2024-11-03 00:11:05 GSD getOne 第 1 次 等待 3 秒
2024-11-03 00:11:08 查询号码 【1302888】，返回信息 {"status":"ok","msg":"广东-深圳","gid":"60957","time_insert":"2021-05-17 21:54"}
2024-11-03 00:11:08 查询号码 【1302888】，GSD为【"广东-深圳"】

2024-11-03 00:11:09 开始第 2890 次操作

2024-11-03 00:11:09 开始操作号码 【1302889】
2024-11-03 00:11:10 GSD getOne 第 1 次 等待 3 秒
2024-11-03 00:11:13 查询号码 【1302889】，返回信息 {"status":"ok","msg":"广东-深圳","gid":"60968","time_insert":"2021-05-17 22:18"}
2024-11-03 00:11:13 查询号码 【1302889】，GSD为【"广东-深圳"】

2024-11-03 00:11:14 开始第 2891 次操作

2024-11-03 00:11:14 开始操作号码 【1302890】
2024-11-03 00:11:15 GSD getOne 第 1 次 等待 3 秒
2024-11-03 00:11:18 查询号码 【1302890】，返回信息 {"status":"ok","msg":"浙江-宁波","gid":"60974","time_insert":"2021-05-17 22:36"}
2024-11-03 00:11:18 查询号码 【1302890】，GSD为【"浙江-宁波"】

2024-11-03 00:11:19 开始第 2892 次操作

2024-11-03 00:11:19 开始操作号码 【1302891】
2024-11-03 00:11:20 GSD getOne 第 1 次 等待 3 秒
2024-11-03 00:11:23 查询号码 【1302891】，返回信息 {"status":"ok","msg":"浙江-宁波","gid":"60983","time_insert":"2021-05-17 22:55"}
2024-11-03 00:11:23 查询号码 【1302891】，GSD为【"浙江-宁波"】

2024-11-03 00:41:39 开始第 2893 次操作

2024-11-03 00:41:39 开始操作号码 【1302892】
2024-11-03 00:41:40 GSD getOne 第 1 次 等待 3 秒
2024-11-03 00:41:43 查询号码 【1302892】，返回信息 {"status":"ok","msg":"浙江-宁波","gid":"212","time_insert":"2016-02-15 23:06","time_update":"2020-08-27 09:14"}
2024-11-03 00:41:44 查询号码 【1302892】，GSD为【"浙江-宁波"】

2024-11-03 00:41:45 开始第 2894 次操作

2024-11-03 00:41:45 开始操作号码 【1302893】
2024-11-03 00:41:45 GSD getOne 第 1 次 等待 3 秒
2024-11-03 00:41:48 查询号码 【1302893】，返回信息 {"status":"ok","msg":"浙江-宁波","gid":"60991","time_insert":"2021-05-17 23:16"}
2024-11-03 00:41:49 查询号码 【1302893】，GSD为【"浙江-宁波"】

2024-11-03 00:41:50 开始第 2895 次操作

2024-11-03 00:41:50 开始操作号码 【1302894】
2024-11-03 00:41:51 GSD getOne 第 1 次 等待 3 秒
2024-11-03 00:41:54 查询号码 【1302894】，返回信息 {"status":"ok","msg":"浙江-宁波","gid":"60998","time_insert":"2021-05-17 23:33"}
2024-11-03 00:41:54 查询号码 【1302894】，GSD为【"浙江-宁波"】

2024-11-03 00:41:55 开始第 2896 次操作

2024-11-03 00:41:55 开始操作号码 【1302895】
2024-11-03 00:41:56 GSD getOne 第 1 次 等待 3 秒
2024-11-03 00:41:59 查询号码 【1302895】，返回信息 {"status":"ok","msg":"浙江-宁波","gid":"61010","time_insert":"2021-05-17 23:57"}
2024-11-03 00:41:59 查询号码 【1302895】，GSD为【"浙江-宁波"】

2024-11-03 01:08:10 开始第 2897 次操作

2024-11-03 01:08:10 开始操作号码 【1302896】
2024-11-03 01:08:11 GSD getOne 第 1 次 等待 3 秒
2024-11-03 01:08:14 查询号码 【1302896】，返回信息 {"status":"ok","msg":"浙江-宁波","gid":"61018","time_insert":"2021-05-18 00:14"}
2024-11-03 01:08:14 查询号码 【1302896】，GSD为【"浙江-宁波"】

2024-11-03 01:08:15 开始第 2898 次操作

2024-11-03 01:08:15 开始操作号码 【1302897】
2024-11-03 01:08:16 GSD getOne 第 1 次 等待 3 秒
2024-11-03 01:08:19 查询号码 【1302897】，返回信息 {"status":"ok","msg":"浙江-宁波","gid":"61027","time_insert":"2021-05-18 00:40"}
2024-11-03 01:08:19 查询号码 【1302897】，GSD为【"浙江-宁波"】

2024-11-03 01:08:20 开始第 2899 次操作

2024-11-03 01:08:20 开始操作号码 【1302898】
2024-11-03 01:08:21 GSD getOne 第 1 次 等待 3 秒
2024-11-03 01:08:24 查询号码 【1302898】，返回信息 {"status":"ok","msg":"浙江-宁波","gid":"61034","time_insert":"2021-05-18 00:56"}
2024-11-03 01:08:24 查询号码 【1302898】，GSD为【"浙江-宁波"】

2024-11-03 01:08:25 开始第 2900 次操作

2024-11-03 01:08:25 开始操作号码 【1302899】
2024-11-03 01:08:26 GSD getOne 第 1 次 等待 3 秒
2024-11-03 01:08:29 查询号码 【1302899】，返回信息 {"status":"ok","msg":"浙江-宁波","gid":"61045","time_insert":"2021-05-18 01:25"}
2024-11-03 01:08:29 查询号码 【1302899】，GSD为【"浙江-宁波"】

2024-11-03 01:33:25 开始第 2901 次操作

2024-11-03 01:33:25 开始操作号码 【1302900】
2024-11-03 01:33:26 GSD getOne 第 1 次 等待 3 秒
2024-11-03 01:33:29 查询号码 【1302900】，返回信息 {"status":"ok","msg":"吉林-长春","gid":"61053","time_insert":"2021-05-18 01:45"}
2024-11-03 01:33:29 查询号码 【1302900】，GSD为【"吉林-长春"】

2024-11-03 01:33:31 开始第 2902 次操作

2024-11-03 01:33:31 开始操作号码 【1302901】
2024-11-03 01:33:31 GSD getOne 第 1 次 等待 3 秒
2024-11-03 01:33:34 查询号码 【1302901】，返回信息 {"status":"ok","msg":"吉林-长春","gid":"61061","time_insert":"2021-05-18 02:03"}
2024-11-03 01:33:34 查询号码 【1302901】，GSD为【"吉林-长春"】

2024-11-03 01:33:35 开始第 2903 次操作

2024-11-03 01:33:35 开始操作号码 【1302902】
2024-11-03 01:33:36 GSD getOne 第 1 次 等待 3 秒
2024-11-03 01:33:39 查询号码 【1302902】，返回信息 {"status":"ok","msg":"吉林-四平","gid":"61072","time_insert":"2021-05-18 02:28"}
2024-11-03 01:33:39 查询号码 【1302902】，GSD为【"吉林-四平"】

2024-11-03 01:33:40 开始第 2904 次操作

2024-11-03 01:33:40 开始操作号码 【1302903】
2024-11-03 01:33:41 GSD getOne 第 1 次 等待 3 秒
2024-11-03 01:33:44 查询号码 【1302903】，返回信息 {"status":"ok","msg":"吉林-四平","gid":"61083","time_insert":"2021-05-18 02:53"}
2024-11-03 01:33:44 查询号码 【1302903】，GSD为【"吉林-四平"】

2024-11-03 02:12:24 开始第 2905 次操作

2024-11-03 02:12:24 开始操作号码 【1302904】
2024-11-03 02:12:25 GSD getOne 第 1 次 等待 3 秒
2024-11-03 02:12:28 查询号码 【1302904】，返回信息 {"status":"ok","msg":"吉林-辽源","gid":"61091","time_insert":"2021-05-18 03:14"}
2024-11-03 02:12:28 查询号码 【1302904】，GSD为【"吉林-辽源"】

2024-11-03 02:12:29 开始第 2906 次操作

2024-11-03 02:12:29 开始操作号码 【1302905】
2024-11-03 02:12:30 GSD getOne 第 1 次 等待 3 秒
2024-11-03 02:12:33 查询号码 【1302905】，返回信息 {"status":"ok","msg":"吉林-松原","gid":"61104","time_insert":"2021-05-18 03:41"}
2024-11-03 02:12:34 查询号码 【1302905】，GSD为【"吉林-松原"】

2024-11-03 02:12:35 开始第 2907 次操作

2024-11-03 02:12:35 开始操作号码 【1302906】
2024-11-03 02:12:36 GSD getOne 第 1 次 等待 3 秒
2024-11-03 02:12:39 查询号码 【1302906】，返回信息 {"status":"ok","msg":"吉林-白城","gid":"61114","time_insert":"2021-05-18 04:04"}
2024-11-03 02:12:39 查询号码 【1302906】，GSD为【"吉林-白城"】

2024-11-03 02:12:40 开始第 2908 次操作

2024-11-03 02:12:40 开始操作号码 【1302907】
2024-11-03 02:12:41 GSD getOne 第 1 次 等待 3 秒
2024-11-03 02:12:44 查询号码 【1302907】，返回信息 {"status":"ok","msg":"吉林-白山","gid":"61120","time_insert":"2021-05-18 04:19"}
2024-11-03 02:12:44 查询号码 【1302907】，GSD为【"吉林-白山"】

2024-11-03 02:38:57 开始第 2909 次操作

2024-11-03 02:38:57 开始操作号码 【1302908】
2024-11-03 02:38:58 GSD getOne 第 1 次 等待 3 秒
2024-11-03 02:39:01 查询号码 【1302908】，返回信息 {"status":"ok","msg":"吉林-延边","gid":"61128","time_insert":"2021-05-18 04:40"}
2024-11-03 02:39:02 查询号码 【1302908】，GSD为【"吉林-延边"】

2024-11-03 02:39:03 开始第 2910 次操作

2024-11-03 02:39:03 开始操作号码 【1302909】
2024-11-03 02:39:04 GSD getOne 第 1 次 等待 3 秒
2024-11-03 02:39:07 查询号码 【1302909】，返回信息 {"status":"ok","msg":"吉林-延边","gid":"61136","time_insert":"2021-05-18 04:58"}
2024-11-03 02:39:07 查询号码 【1302909】，GSD为【"吉林-延边"】

2024-11-03 02:39:08 开始第 2911 次操作

2024-11-03 02:39:08 开始操作号码 【1302910】
2024-11-03 02:39:09 GSD getOne 第 1 次 等待 3 秒
2024-11-03 02:39:12 查询号码 【1302910】，返回信息 {"status":"ok","msg":"吉林-长春","gid":"61148","time_insert":"2021-05-18 05:27"}
2024-11-03 02:39:12 查询号码 【1302910】，GSD为【"吉林-长春"】

2024-11-03 02:39:13 开始第 2912 次操作

2024-11-03 02:39:13 开始操作号码 【1302911】
2024-11-03 02:39:14 GSD getOne 第 1 次 等待 3 秒
2024-11-03 02:39:17 查询号码 【1302911】，返回信息 {"status":"ok","msg":"吉林-长春","gid":"61159","time_insert":"2021-05-18 05:49"}
2024-11-03 02:39:17 查询号码 【1302911】，GSD为【"吉林-长春"】

2024-11-03 03:07:55 开始第 2913 次操作

2024-11-03 03:07:55 开始操作号码 【1302912】
2024-11-03 03:07:56 GSD getOne 第 1 次 等待 3 秒
2024-11-03 03:07:59 查询号码 【1302912】，返回信息 {"status":"ok","msg":"吉林-长春","gid":"61165","time_insert":"2021-05-18 06:07"}
2024-11-03 03:07:59 查询号码 【1302912】，GSD为【"吉林-长春"】

2024-11-03 03:08:00 开始第 2914 次操作

2024-11-03 03:08:00 开始操作号码 【1302913】
2024-11-03 03:08:01 GSD getOne 第 1 次 等待 3 秒
2024-11-03 03:08:04 查询号码 【1302913】，返回信息 {"status":"ok","msg":"吉林-长春","gid":"61175","time_insert":"2021-05-18 06:32"}
2024-11-03 03:08:04 查询号码 【1302913】，GSD为【"吉林-长春"】

2024-11-03 03:08:05 开始第 2915 次操作

2024-11-03 03:08:05 开始操作号码 【1302914】
2024-11-03 03:08:06 GSD getOne 第 1 次 等待 3 秒
2024-11-03 03:08:09 查询号码 【1302914】，返回信息 {"status":"ok","msg":"吉林-长春","gid":"61186","time_insert":"2021-05-18 06:49"}
2024-11-03 03:08:09 查询号码 【1302914】，GSD为【"吉林-长春"】

2024-11-03 03:08:10 开始第 2916 次操作

2024-11-03 03:08:10 开始操作号码 【1302915】
2024-11-03 03:08:12 GSD getOne 第 1 次 等待 3 秒
2024-11-03 03:08:15 查询号码 【1302915】，返回信息 {"status":"ok","msg":"吉林-吉林","gid":"61196","time_insert":"2021-05-18 07:12"}
2024-11-03 03:08:15 查询号码 【1302915】，GSD为【"吉林-吉林"】

2024-11-03 03:32:57 开始第 2917 次操作

2024-11-03 03:32:57 开始操作号码 【1302916】
2024-11-03 03:32:59 GSD getOne 第 1 次 等待 3 秒
2024-11-03 03:33:02 查询号码 【1302916】，返回信息 {"status":"ok","msg":"吉林-吉林","gid":"61203","time_insert":"2021-05-18 07:30"}
2024-11-03 03:33:02 查询号码 【1302916】，GSD为【"吉林-吉林"】

2024-11-03 03:33:03 开始第 2918 次操作

2024-11-03 03:33:03 开始操作号码 【1302917】
2024-11-03 03:33:04 GSD getOne 第 1 次 等待 3 秒
2024-11-03 03:33:07 查询号码 【1302917】，返回信息 {"status":"ok","msg":"吉林-吉林","gid":"61213","time_insert":"2021-05-18 07:54"}
2024-11-03 03:33:07 查询号码 【1302917】，GSD为【"吉林-吉林"】

2024-11-03 03:33:08 开始第 2919 次操作

2024-11-03 03:33:08 开始操作号码 【1302918】
2024-11-03 03:33:09 GSD getOne 第 1 次 等待 3 秒
2024-11-03 03:33:12 查询号码 【1302918】，返回信息 {"status":"ok","msg":"吉林-吉林","gid":"61222","time_insert":"2021-05-18 08:10"}
2024-11-03 03:33:12 查询号码 【1302918】，GSD为【"吉林-吉林"】

2024-11-03 03:33:13 开始第 2920 次操作

2024-11-03 03:33:13 开始操作号码 【1302919】
2024-11-03 03:33:14 GSD getOne 第 1 次 等待 3 秒
2024-11-03 03:33:17 查询号码 【1302919】，返回信息 {"status":"ok","msg":"吉林-通化","gid":"61238","time_insert":"2021-05-18 08:33"}
2024-11-03 03:33:17 查询号码 【1302919】，GSD为【"吉林-通化"】

