2024-03-31 00:19:57 开始第 1057 次操作

2024-03-31 00:19:57 开始操作号码 【1600960】
2024-03-31 00:20:02 GSD getOne 第 1 次 等待 3 秒
2024-03-31 00:20:05 查询号码 【1600960】，返回信息 {"status":"ok","msg":"-","gid":"530861","time_insert":"2023-02-14 16:40"}
2024-03-31 00:20:05 查询号码 【1600960】，GSD为【"-"】
2024-03-31 00:20:05 ok && -
2024-03-31 00:20:07 CHB 1600960?1711815605 第 1 次 等待 3 秒
2024-03-31 00:20:10 CHB 1600960?1711815605 第 1 次 获取到号码【1600960】GSD
2024-03-31 00:20:10 未获取到号码【1600960】GSD，可能号码格式错误
2024-03-31 00:20:10 获取到号码【1600960】的GSD为【-】
2024-03-31 00:20:15 GSD insert 第 1 次 等待 3 秒
2024-03-31 00:20:18 {"status":"bad","gid":"530861","msg":"添加失败！号码【1600960(-|-)】已存在！"}
2024-03-31 00:20:18 随机等待 78 秒，约 1 分钟
2024-03-31 00:20:18 下次操作: 2024-03-31 00:21:36

2024-03-31 00:21:36 开始第 1058 次操作

2024-03-31 00:21:36 开始操作号码 【1600961】
2024-03-31 00:21:42 GSD getOne 第 1 次 等待 3 秒
2024-03-31 00:21:45 查询号码 【1600961】，返回信息 {"status":"ok","msg":"-","gid":"530875","time_insert":"2023-02-14 16:51"}
2024-03-31 00:21:46 查询号码 【1600961】，GSD为【"-"】
2024-03-31 00:21:46 ok && -
2024-03-31 00:21:48 CHB 1600961?1711815706 第 1 次 等待 3 秒
2024-03-31 00:21:51 CHB 1600961?1711815706 第 1 次 获取到号码【1600961】GSD
2024-03-31 00:21:51 未获取到号码【1600961】GSD，可能号码格式错误
2024-03-31 00:21:51 获取到号码【1600961】的GSD为【-】
2024-03-31 00:21:58 GSD insert 第 1 次 等待 3 秒
2024-03-31 00:22:01 {"status":"bad","gid":"530875","msg":"添加失败！号码【1600961(-|-)】已存在！"}
2024-03-31 00:22:01 随机等待 198 秒，约 3 分钟
2024-03-31 00:22:01 下次操作: 2024-03-31 00:25:19

2024-03-31 00:25:19 开始第 1059 次操作

2024-03-31 00:25:19 开始操作号码 【1600962】
2024-03-31 00:25:24 GSD getOne 第 1 次 等待 3 秒
2024-03-31 00:25:27 查询号码 【1600962】，返回信息 {"status":"ok","msg":"-","gid":"530885","time_insert":"2023-02-14 16:59"}
2024-03-31 00:25:27 查询号码 【1600962】，GSD为【"-"】
2024-03-31 00:25:27 ok && -
2024-03-31 00:25:29 CHB 1600962?1711815927 第 1 次 等待 3 秒
2024-03-31 00:25:32 CHB 1600962?1711815927 第 1 次 获取到号码【1600962】GSD
2024-03-31 00:25:32 未获取到号码【1600962】GSD，可能号码格式错误
2024-03-31 00:25:32 获取到号码【1600962】的GSD为【-】
2024-03-31 00:25:38 GSD insert 第 1 次 等待 3 秒
2024-03-31 00:25:41 {"status":"bad","gid":"530885","msg":"添加失败！号码【1600962(-|-)】已存在！"}
2024-03-31 00:25:41 随机等待 186 秒，约 3 分钟
2024-03-31 00:25:41 下次操作: 2024-03-31 00:28:47

2024-03-31 00:28:47 开始第 1060 次操作

2024-03-31 00:28:47 开始操作号码 【1600963】
2024-03-31 00:28:53 GSD getOne 第 1 次 等待 3 秒
2024-03-31 00:28:56 查询号码 【1600963】，返回信息 {"status":"ok","msg":"-","gid":"530899","time_insert":"2023-02-14 17:12"}
2024-03-31 00:28:56 查询号码 【1600963】，GSD为【"-"】
2024-03-31 00:28:56 ok && -
2024-03-31 00:28:58 CHB 1600963?1711816136 第 1 次 等待 3 秒
2024-03-31 00:29:01 CHB 1600963?1711816136 第 1 次 获取到号码【1600963】GSD
2024-03-31 00:29:01 未获取到号码【1600963】GSD，可能号码格式错误
2024-03-31 00:29:01 获取到号码【1600963】的GSD为【-】
2024-03-31 00:29:07 GSD insert 第 1 次 等待 3 秒
2024-03-31 00:29:10 {"status":"bad","gid":"530899","msg":"添加失败！号码【1600963(-|-)】已存在！"}

