2023-10-30 00:19:36 开始第 5745 次操作

2023-10-30 00:19:36 开始操作号码 【1925655】
2023-10-30 00:24:37 GSD getOne 第 1 次 等待 3 秒
2023-10-30 00:26:51 GSD getOne 第 2 次 等待 3 秒
2023-10-30 00:27:05 GSD getOne 第 3 次 等待 3 秒
2023-10-30 00:27:08 查询号码 【1925655】，返回信息 {"status":"ok","msg":"-","gid":"620135","time_insert":"2023-03-28 14:56"}
2023-10-30 00:27:08 查询号码 【1925655】，GSD为【"-"】
2023-10-30 00:27:08 ok && -
2023-10-30 00:27:10 CHB 1925655?1698596828 第 1 次 等待 3 秒
2023-10-30 00:27:13 CHB 1925655?1698596828 第 1 次 获取到号码【1925655】GSD
2023-10-30 00:27:13 未获取到号码【1925655】GSD，可能号码格式错误
2023-10-30 00:27:13 获取到号码【1925655】的GSD为【-】
2023-10-30 00:27:15 GSD insert 第 1 次 等待 3 秒
2023-10-30 00:27:18 {"status":"bad","gid":"620135","msg":"添加失败！号码【1925655(-|-)】已存在！"}
2023-10-30 00:27:18 随机等待 169 秒，约 2 分钟
2023-10-30 00:27:18 下次操作: 2023-10-30 00:30:07

2023-10-30 00:30:07 开始第 5746 次操作

2023-10-30 00:30:07 开始操作号码 【1925656】
2023-10-30 00:30:10 GSD getOne 第 1 次 等待 3 秒
2023-10-30 00:30:13 查询号码 【1925656】，返回信息 {"status":"ok","msg":"-","gid":"620132","time_insert":"2023-03-28 14:54"}
2023-10-30 00:30:13 查询号码 【1925656】，GSD为【"-"】
2023-10-30 00:30:13 ok && -
2023-10-30 00:30:15 CHB 1925656?1698597013 第 1 次 等待 3 秒
2023-10-30 00:30:18 CHB 1925656?1698597013 第 1 次 获取到号码【1925656】GSD
2023-10-30 00:30:18 未获取到号码【1925656】GSD，可能号码格式错误
2023-10-30 00:30:18 获取到号码【1925656】的GSD为【-】
2023-10-30 00:30:27 GSD insert 第 1 次 等待 3 秒
2023-10-30 00:30:30 {"status":"bad","gid":"620132","msg":"添加失败！号码【1925656(-|-)】已存在！"}
2023-10-30 00:30:30 随机等待 145 秒，约 2 分钟
2023-10-30 00:30:30 下次操作: 2023-10-30 00:32:55

2023-10-30 00:32:55 开始第 5747 次操作

2023-10-30 00:32:55 开始操作号码 【1925657】
2023-10-30 00:33:01 GSD getOne 第 1 次 等待 3 秒
2023-10-30 00:33:04 查询号码 【1925657】，返回信息 {"status":"ok","msg":"-","gid":"620128","time_insert":"2023-03-28 14:50"}
2023-10-30 00:33:04 查询号码 【1925657】，GSD为【"-"】
2023-10-30 00:33:04 ok && -
2023-10-30 00:33:13 CHB 1925657?1698597184 第 1 次 等待 3 秒
2023-10-30 00:33:16 CHB 1925657?1698597184 第 1 次 获取到号码【1925657】GSD
2023-10-30 00:33:16 未获取到号码【1925657】GSD，可能号码格式错误
2023-10-30 00:33:16 获取到号码【1925657】的GSD为【-】
2023-10-30 00:33:20 GSD insert 第 1 次 等待 3 秒
2023-10-30 00:33:23 {"status":"bad","gid":"620128","msg":"添加失败！号码【1925657(-|-)】已存在！"}
2023-10-30 00:33:23 随机等待 170 秒，约 2 分钟
2023-10-30 00:33:23 下次操作: 2023-10-30 00:36:13

2023-10-30 00:36:13 开始第 5748 次操作

2023-10-30 00:36:13 开始操作号码 【1925658】
2023-10-30 00:36:16 GSD getOne 第 1 次 等待 3 秒
2023-10-30 00:36:19 查询号码 【1925658】，返回信息 {"status":"ok","msg":"-","gid":"620125","time_insert":"2023-03-28 14:48"}
2023-10-30 00:36:19 查询号码 【1925658】，GSD为【"-"】
2023-10-30 00:36:19 ok && -
2023-10-30 00:36:21 CHB 1925658?1698597379 第 1 次 等待 3 秒
2023-10-30 00:36:24 CHB 1925658?1698597379 第 1 次 获取到号码【1925658】GSD
2023-10-30 00:36:24 未获取到号码【1925658】GSD，可能号码格式错误
2023-10-30 00:36:24 获取到号码【1925658】的GSD为【-】
2023-10-30 00:36:29 GSD insert 第 1 次 等待 3 秒
2023-10-30 00:36:32 {"status":"bad","gid":"620125","msg":"添加失败！号码【1925658(-|-)】已存在！"}

2023-10-30 00:38:12 开始第 5749 次操作

2023-10-30 00:38:12 开始操作号码 【1925659】
2023-10-30 00:38:15 GSD getOne 第 1 次 等待 3 秒
2023-10-30 00:38:18 查询号码 【1925659】，返回信息 {"status":"ok","msg":"-","gid":"620121","time_insert":"2023-03-28 14:47"}
2023-10-30 00:38:18 查询号码 【1925659】，GSD为【"-"】
2023-10-30 00:38:18 ok && -
2023-10-30 00:38:20 CHB 1925659?1698597498 第 1 次 等待 3 秒
2023-10-30 00:38:23 CHB 1925659?1698597498 第 1 次 获取到号码【1925659】GSD
2023-10-30 00:38:23 未获取到号码【1925659】GSD，可能号码格式错误
2023-10-30 00:38:23 获取到号码【1925659】的GSD为【-】
2023-10-30 00:38:28 GSD insert 第 1 次 等待 3 秒
2023-10-30 00:38:31 {"status":"bad","gid":"620121","msg":"添加失败！号码【1925659(-|-)】已存在！"}
2023-10-30 00:38:31 随机等待 104 秒，约 1 分钟
2023-10-30 00:38:31 下次操作: 2023-10-30 00:40:15

2023-10-30 00:40:15 开始第 5750 次操作

2023-10-30 00:40:15 开始操作号码 【1925660】
2023-10-30 00:40:21 GSD getOne 第 1 次 等待 3 秒
2023-10-30 00:40:24 查询号码 【1925660】，返回信息 {"status":"ok","msg":"-","gid":"620114","time_insert":"2023-03-28 14:44"}
2023-10-30 00:40:24 查询号码 【1925660】，GSD为【"-"】
2023-10-30 00:40:24 ok && -
2023-10-30 00:40:30 CHB 1925660?1698597624 第 1 次 等待 3 秒
2023-10-30 00:40:33 CHB 1925660?1698597624 第 1 次 获取到号码【1925660】GSD
2023-10-30 00:40:34 未获取到号码【1925660】GSD，可能号码格式错误
2023-10-30 00:40:34 获取到号码【1925660】的GSD为【-】
2023-10-30 00:40:36 GSD insert 第 1 次 等待 3 秒
2023-10-30 00:40:39 {"status":"bad","gid":"620114","msg":"添加失败！号码【1925660(-|-)】已存在！"}
2023-10-30 00:40:39 随机等待 151 秒，约 2 分钟
2023-10-30 00:40:39 下次操作: 2023-10-30 00:43:10

2023-10-30 00:43:10 开始第 5751 次操作

2023-10-30 00:43:10 开始操作号码 【1925661】
2023-10-30 00:43:13 GSD getOne 第 1 次 等待 3 秒
2023-10-30 00:43:16 查询号码 【1925661】，返回信息 {"status":"ok","msg":"-","gid":"620109","time_insert":"2023-03-28 14:41"}
2023-10-30 00:43:16 查询号码 【1925661】，GSD为【"-"】
2023-10-30 00:43:16 ok && -
2023-10-30 00:43:18 CHB 1925661?1698597796 第 1 次 等待 3 秒
2023-10-30 00:43:21 CHB 1925661?1698597796 第 1 次 获取到号码【1925661】GSD
2023-10-30 00:43:21 未获取到号码【1925661】GSD，可能号码格式错误
2023-10-30 00:43:21 获取到号码【1925661】的GSD为【-】
2023-10-30 00:43:31 GSD insert 第 1 次 等待 3 秒
2023-10-30 00:43:34 {"status":"bad","gid":"620109","msg":"添加失败！号码【1925661(-|-)】已存在！"}
2023-10-30 00:43:34 随机等待 199 秒，约 3 分钟
2023-10-30 00:43:34 下次操作: 2023-10-30 00:46:53

2023-10-30 00:46:53 开始第 5752 次操作

2023-10-30 00:46:53 开始操作号码 【1925662】
2023-10-30 00:47:04 GSD getOne 第 1 次 等待 3 秒
2023-10-30 00:47:07 查询号码 【1925662】，返回信息 {"status":"ok","msg":"-","gid":"620104","time_insert":"2023-03-28 14:37"}
2023-10-30 00:47:07 查询号码 【1925662】，GSD为【"-"】
2023-10-30 00:47:07 ok && -
2023-10-30 00:47:09 CHB 1925662?1698598027 第 1 次 等待 3 秒
2023-10-30 00:47:12 CHB 1925662?1698598027 第 1 次 获取到号码【1925662】GSD
2023-10-30 00:47:12 未获取到号码【1925662】GSD，可能号码格式错误
2023-10-30 00:47:12 获取到号码【1925662】的GSD为【-】
2023-10-30 00:47:15 GSD insert 第 1 次 等待 3 秒
2023-10-30 00:47:18 {"status":"bad","gid":"620104","msg":"添加失败！号码【1925662(-|-)】已存在！"}

