2024-06-12 00:23:04 开始第 221 次操作

2024-06-12 00:23:04 开始操作号码 【1490115】
2024-06-12 00:23:14 GSD getOne 第 1 次 等待 3 秒
2024-06-12 00:23:17 查询号码 【1490115】，返回信息 {"status":"ok","msg":"-","gid":"252372","time_insert":"2021-07-12 01:20"}
2024-06-12 00:23:17 查询号码 【1490115】，GSD为【"-"】
2024-06-12 00:23:17 ok && -
2024-06-12 00:23:19 CHB 1490115?1718122997 第 1 次 等待 3 秒
2024-06-12 00:23:22 CHB 1490115?1718122997 第 1 次 获取到号码【1490115】GSD
2024-06-12 00:23:22 未获取到号码【1490115】GSD，可能号码格式错误
2024-06-12 00:23:22 获取到号码【1490115】的GSD为【-】
2024-06-12 00:23:28 GSD insert 第 1 次 等待 3 秒
2024-06-12 00:23:31 {"status":"bad","gid":"252372","msg":"添加失败！号码【1490115(-|-)】已存在！"}
2024-06-12 00:23:31 随机等待 169 秒，约 2 分钟
2024-06-12 00:23:31 下次操作: 2024-06-12 00:26:20

2024-06-12 00:26:20 开始第 222 次操作

2024-06-12 00:26:20 开始操作号码 【1490116】
2024-06-12 00:26:26 GSD getOne 第 1 次 等待 3 秒
2024-06-12 00:26:29 查询号码 【1490116】，返回信息 {"status":"ok","msg":"-","gid":"252379","time_insert":"2021-07-12 01:21"}
2024-06-12 00:26:29 查询号码 【1490116】，GSD为【"-"】
2024-06-12 00:26:29 ok && -
2024-06-12 00:26:32 CHB 1490116?1718123189 第 1 次 等待 3 秒
2024-06-12 00:26:35 CHB 1490116?1718123189 第 1 次 获取到号码【1490116】GSD
2024-06-12 00:26:35 未获取到号码【1490116】GSD，可能号码格式错误
2024-06-12 00:26:35 获取到号码【1490116】的GSD为【-】
2024-06-12 00:26:41 GSD insert 第 1 次 等待 3 秒
2024-06-12 00:26:44 {"status":"bad","gid":"252379","msg":"添加失败！号码【1490116(-|-)】已存在！"}
2024-06-12 00:26:44 随机等待 230 秒，约 3 分钟
2024-06-12 00:26:44 下次操作: 2024-06-12 00:30:34

2024-06-12 00:30:34 开始第 223 次操作

2024-06-12 00:30:34 开始操作号码 【1490117】
2024-06-12 00:30:39 GSD getOne 第 1 次 等待 3 秒
2024-06-12 00:30:42 查询号码 【1490117】，返回信息 {"status":"ok","msg":"-","gid":"252385","time_insert":"2021-07-12 01:22"}
2024-06-12 00:30:42 查询号码 【1490117】，GSD为【"-"】
2024-06-12 00:30:42 ok && -
2024-06-12 00:30:44 CHB 1490117?1718123442 第 1 次 等待 3 秒
2024-06-12 00:30:47 CHB 1490117?1718123442 第 1 次 获取到号码【1490117】GSD
2024-06-12 00:30:47 未获取到号码【1490117】GSD，可能号码格式错误
2024-06-12 00:30:47 获取到号码【1490117】的GSD为【-】
2024-06-12 00:30:53 GSD insert 第 1 次 等待 3 秒
2024-06-12 00:30:56 {"status":"bad","gid":"252385","msg":"添加失败！号码【1490117(-|-)】已存在！"}
2024-06-12 00:30:56 随机等待 208 秒，约 3 分钟
2024-06-12 00:30:56 下次操作: 2024-06-12 00:34:24

2024-06-12 00:34:24 开始第 224 次操作

2024-06-12 00:34:24 开始操作号码 【1490118】
2024-06-12 00:34:31 GSD getOne 第 1 次 等待 3 秒
2024-06-12 00:34:34 查询号码 【1490118】，返回信息 {"status":"ok","msg":"-","gid":"252392","time_insert":"2021-07-12 01:22"}
2024-06-12 00:34:34 查询号码 【1490118】，GSD为【"-"】
2024-06-12 00:34:34 ok && -
2024-06-12 00:34:36 CHB 1490118?1718123674 第 1 次 等待 3 秒
2024-06-12 00:34:39 CHB 1490118?1718123674 第 1 次 获取到号码【1490118】GSD
2024-06-12 00:34:39 未获取到号码【1490118】GSD，可能号码格式错误
2024-06-12 00:34:39 获取到号码【1490118】的GSD为【-】
2024-06-12 00:34:43 GSD insert 第 1 次 等待 3 秒
2024-06-12 00:34:46 {"status":"bad","gid":"252392","msg":"添加失败！号码【1490118(-|-)】已存在！"}

