2024-07-15 00:34:01 开始第 5997 次操作

2024-07-15 00:34:01 开始操作号码 【1495886】
2024-07-15 00:34:22 GSD getOne 第 1 次 等待 3 秒
2024-07-15 00:34:25 查询号码 【1495886】，返回信息 {"status":"ok","msg":"-","gid":"322782","time_insert":"2021-07-19 05:02"}
2024-07-15 00:34:25 查询号码 【1495886】，GSD为【"-"】
2024-07-15 00:34:25 ok && -
2024-07-15 00:34:27 CHB 1495886?1720974865 第 1 次 等待 3 秒
2024-07-15 00:34:30 CHB 1495886?1720974865 第 1 次 获取到号码【1495886】GSD
2024-07-15 00:34:30 未获取到号码【1495886】GSD，可能号码格式错误
2024-07-15 00:34:30 获取到号码【1495886】的GSD为【-】
2024-07-15 00:34:38 GSD insert 第 1 次 等待 3 秒
2024-07-15 00:34:41 {"status":"bad","gid":"322782","msg":"添加失败！号码【1495886(-|-)】已存在！"}
2024-07-15 00:34:41 随机等待 78 秒，约 1 分钟
2024-07-15 00:34:41 下次操作: 2024-07-15 00:35:59

2024-07-15 00:35:59 开始第 5998 次操作

2024-07-15 00:35:59 开始操作号码 【1495887】
2024-07-15 00:36:07 GSD getOne 第 1 次 等待 3 秒
2024-07-15 00:36:10 查询号码 【1495887】，返回信息 {"status":"ok","msg":"-","gid":"322790","time_insert":"2021-07-19 05:03"}
2024-07-15 00:36:10 查询号码 【1495887】，GSD为【"-"】
2024-07-15 00:36:10 ok && -
2024-07-15 00:36:12 CHB 1495887?1720974970 第 1 次 等待 3 秒
2024-07-15 00:36:15 CHB 1495887?1720974970 第 1 次 获取到号码【1495887】GSD
2024-07-15 00:36:15 未获取到号码【1495887】GSD，可能号码格式错误
2024-07-15 00:36:15 获取到号码【1495887】的GSD为【-】
2024-07-15 00:36:22 GSD insert 第 1 次 等待 3 秒
2024-07-15 00:36:25 {"status":"bad","gid":"322790","msg":"添加失败！号码【1495887(-|-)】已存在！"}
2024-07-15 00:36:25 随机等待 166 秒，约 2 分钟
2024-07-15 00:36:25 下次操作: 2024-07-15 00:39:11

2024-07-15 00:39:11 开始第 5999 次操作

2024-07-15 00:39:11 开始操作号码 【1495888】
2024-07-15 00:39:19 GSD getOne 第 1 次 等待 3 秒
2024-07-15 00:39:22 查询号码 【1495888】，返回信息 {"status":"ok","msg":"-","gid":"322799","time_insert":"2021-07-19 05:04"}
2024-07-15 00:39:22 查询号码 【1495888】，GSD为【"-"】
2024-07-15 00:39:22 ok && -
2024-07-15 00:39:24 CHB 1495888?1720975162 第 1 次 等待 3 秒
2024-07-15 00:39:27 CHB 1495888?1720975162 第 1 次 获取到号码【1495888】GSD
2024-07-15 00:39:27 未获取到号码【1495888】GSD，可能号码格式错误
2024-07-15 00:39:27 获取到号码【1495888】的GSD为【-】
2024-07-15 00:39:35 GSD insert 第 1 次 等待 3 秒
2024-07-15 00:39:38 {"status":"bad","gid":"322799","msg":"添加失败！号码【1495888(-|-)】已存在！"}
2024-07-15 00:39:38 随机等待 125 秒，约 2 分钟
2024-07-15 00:39:38 下次操作: 2024-07-15 00:41:43

2024-07-15 00:41:43 开始第 6000 次操作

2024-07-15 00:41:43 开始操作号码 【1495889】
2024-07-15 00:41:51 GSD getOne 第 1 次 等待 3 秒
2024-07-15 00:41:54 查询号码 【1495889】，返回信息 {"status":"ok","msg":"-","gid":"322809","time_insert":"2021-07-19 05:05"}
2024-07-15 00:41:54 查询号码 【1495889】，GSD为【"-"】
2024-07-15 00:41:54 ok && -
2024-07-15 00:41:55 CHB 1495889?1720975314 第 1 次 等待 3 秒
2024-07-15 00:41:58 CHB 1495889?1720975314 第 1 次 获取到号码【1495889】GSD
2024-07-15 00:41:58 未获取到号码【1495889】GSD，可能号码格式错误
2024-07-15 00:41:58 获取到号码【1495889】的GSD为【-】
2024-07-15 00:42:06 GSD insert 第 1 次 等待 3 秒
2024-07-15 00:42:09 {"status":"bad","gid":"322809","msg":"添加失败！号码【1495889(-|-)】已存在！"}

