2024-11-25 00:12:10 开始第 6773 次操作

2024-11-25 00:12:10 开始操作号码 【1306772】
2024-11-25 00:12:11 GSD getOne 第 1 次 等待 3 秒
2024-11-25 00:12:14 查询号码 【1306772】，返回信息 {"status":"ok","msg":"浙江-杭州","gid":"197192","time_insert":"2021-07-05 10:59"}
2024-11-25 00:12:14 查询号码 【1306772】，GSD为【"浙江-杭州"】

2024-11-25 00:12:15 开始第 6774 次操作

2024-11-25 00:12:15 开始操作号码 【1306773】
2024-11-25 00:12:16 GSD getOne 第 1 次 等待 3 秒
2024-11-25 00:12:19 查询号码 【1306773】，返回信息 {"status":"ok","msg":"浙江-杭州","gid":"197182","time_insert":"2021-07-05 10:58"}
2024-11-25 00:12:19 查询号码 【1306773】，GSD为【"浙江-杭州"】

2024-11-25 00:12:20 开始第 6775 次操作

2024-11-25 00:12:20 开始操作号码 【1306774】
2024-11-25 00:12:21 GSD getOne 第 1 次 等待 3 秒
2024-11-25 00:12:24 查询号码 【1306774】，返回信息 {"status":"ok","msg":"浙江-杭州","gid":"197170","time_insert":"2021-07-05 10:57"}
2024-11-25 00:12:24 查询号码 【1306774】，GSD为【"浙江-杭州"】

2024-11-25 00:12:25 开始第 6776 次操作

2024-11-25 00:12:25 开始操作号码 【1306775】
2024-11-25 00:12:26 GSD getOne 第 1 次 等待 3 秒
2024-11-25 00:12:29 查询号码 【1306775】，返回信息 {"status":"ok","msg":"浙江-杭州","gid":"197156","time_insert":"2021-07-05 10:56"}
2024-11-25 00:12:29 查询号码 【1306775】，GSD为【"浙江-杭州"】

2024-11-25 00:40:37 开始第 6777 次操作

2024-11-25 00:40:37 开始操作号码 【1306776】
2024-11-25 00:40:38 GSD getOne 第 1 次 等待 3 秒
2024-11-25 00:40:41 查询号码 【1306776】，返回信息 {"status":"ok","msg":"浙江-杭州","gid":"197143","time_insert":"2021-07-05 10:55"}
2024-11-25 00:40:41 查询号码 【1306776】，GSD为【"浙江-杭州"】

2024-11-25 00:40:42 开始第 6778 次操作

2024-11-25 00:40:42 开始操作号码 【1306777】
2024-11-25 00:40:43 GSD getOne 第 1 次 等待 3 秒
2024-11-25 00:40:46 查询号码 【1306777】，返回信息 {"status":"ok","msg":"浙江-杭州","gid":"197134","time_insert":"2021-07-05 10:55"}
2024-11-25 00:40:46 查询号码 【1306777】，GSD为【"浙江-杭州"】

2024-11-25 00:40:47 开始第 6779 次操作

2024-11-25 00:40:47 开始操作号码 【1306778】
2024-11-25 00:40:48 GSD getOne 第 1 次 等待 3 秒
2024-11-25 00:40:51 查询号码 【1306778】，返回信息 {"status":"ok","msg":"浙江-杭州","gid":"58432","time_insert":"2021-05-14 08:01","time_update":"2021-05-14 08:43"}
2024-11-25 00:40:51 查询号码 【1306778】，GSD为【"浙江-杭州"】

2024-11-25 00:40:52 开始第 6780 次操作

2024-11-25 00:40:52 开始操作号码 【1306779】
2024-11-25 00:40:53 GSD getOne 第 1 次 等待 3 秒
2024-11-25 00:40:56 查询号码 【1306779】，返回信息 {"status":"ok","msg":"浙江-杭州","gid":"197115","time_insert":"2021-07-05 10:53"}
2024-11-25 00:40:56 查询号码 【1306779】，GSD为【"浙江-杭州"】

2024-11-25 01:08:20 开始第 6781 次操作

2024-11-25 01:08:20 开始操作号码 【1306780】
2024-11-25 01:08:21 GSD getOne 第 1 次 等待 3 秒
2024-11-25 01:08:24 查询号码 【1306780】，返回信息 {"status":"ok","msg":"浙江-杭州","gid":"197100","time_insert":"2021-07-05 10:52"}
2024-11-25 01:08:24 查询号码 【1306780】，GSD为【"浙江-杭州"】

2024-11-25 01:08:25 开始第 6782 次操作

2024-11-25 01:08:25 开始操作号码 【1306781】
2024-11-25 01:08:26 GSD getOne 第 1 次 等待 3 秒
2024-11-25 01:08:29 查询号码 【1306781】，返回信息 {"status":"ok","msg":"浙江-杭州","gid":"577","time_insert":"2017-04-04 22:42","time_update":"2020-08-27 10:17"}
2024-11-25 01:08:29 查询号码 【1306781】，GSD为【"浙江-杭州"】

2024-11-25 01:08:30 开始第 6783 次操作

2024-11-25 01:08:30 开始操作号码 【1306782】
2024-11-25 01:08:31 GSD getOne 第 1 次 等待 3 秒
2024-11-25 01:08:34 查询号码 【1306782】，返回信息 {"status":"ok","msg":"浙江-杭州","gid":"197079","time_insert":"2021-07-05 10:51"}
2024-11-25 01:08:34 查询号码 【1306782】，GSD为【"浙江-杭州"】

2024-11-25 01:08:35 开始第 6784 次操作

2024-11-25 01:08:35 开始操作号码 【1306783】
2024-11-25 01:08:36 GSD getOne 第 1 次 等待 3 秒
2024-11-25 01:08:39 查询号码 【1306783】，返回信息 {"status":"ok","msg":"浙江-杭州","gid":"197068","time_insert":"2021-07-05 10:50"}
2024-11-25 01:08:39 查询号码 【1306783】，GSD为【"浙江-杭州"】

2024-11-25 01:34:49 开始第 6785 次操作

2024-11-25 01:34:49 开始操作号码 【1306784】
2024-11-25 01:34:51 GSD getOne 第 1 次 等待 3 秒
2024-11-25 01:34:54 查询号码 【1306784】，返回信息 {"status":"ok","msg":"浙江-杭州","gid":"197056","time_insert":"2021-07-05 10:49"}
2024-11-25 01:34:54 查询号码 【1306784】，GSD为【"浙江-杭州"】

2024-11-25 01:34:55 开始第 6786 次操作

2024-11-25 01:34:55 开始操作号码 【1306785】
2024-11-25 01:34:56 GSD getOne 第 1 次 等待 3 秒
2024-11-25 01:34:59 查询号码 【1306785】，返回信息 {"status":"ok","msg":"浙江-杭州","gid":"197047","time_insert":"2021-07-05 10:49"}
2024-11-25 01:34:59 查询号码 【1306785】，GSD为【"浙江-杭州"】

2024-11-25 01:35:00 开始第 6787 次操作

2024-11-25 01:35:00 开始操作号码 【1306786】
2024-11-25 01:35:01 GSD getOne 第 1 次 等待 3 秒
2024-11-25 01:35:04 查询号码 【1306786】，返回信息 {"status":"ok","msg":"浙江-杭州","gid":"197042","time_insert":"2021-07-05 10:48"}
2024-11-25 01:35:04 查询号码 【1306786】，GSD为【"浙江-杭州"】

2024-11-25 01:35:05 开始第 6788 次操作

2024-11-25 01:35:05 开始操作号码 【1306787】
2024-11-25 01:35:06 GSD getOne 第 1 次 等待 3 秒
2024-11-25 01:35:09 查询号码 【1306787】，返回信息 {"status":"ok","msg":"浙江-杭州","gid":"578","time_insert":"2019-10-25 22:09","time_update":"2020-08-27 10:22"}
2024-11-25 01:35:09 查询号码 【1306787】，GSD为【"浙江-杭州"】

2024-11-25 02:12:50 开始第 6789 次操作

2024-11-25 02:12:50 开始操作号码 【1306788】
2024-11-25 02:12:51 GSD getOne 第 1 次 等待 3 秒
2024-11-25 02:12:54 查询号码 【1306788】，返回信息 {"status":"ok","msg":"浙江-杭州","gid":"197037","time_insert":"2021-07-05 10:46"}
2024-11-25 02:12:54 查询号码 【1306788】，GSD为【"浙江-杭州"】

2024-11-25 02:12:55 开始第 6790 次操作

2024-11-25 02:12:55 开始操作号码 【1306789】
2024-11-25 02:12:56 GSD getOne 第 1 次 等待 3 秒
2024-11-25 02:12:59 查询号码 【1306789】，返回信息 {"status":"ok","msg":"浙江-杭州","gid":"197035","time_insert":"2021-07-05 10:46"}
2024-11-25 02:13:00 查询号码 【1306789】，GSD为【"浙江-杭州"】

2024-11-25 02:13:01 开始第 6791 次操作

2024-11-25 02:13:01 开始操作号码 【1306790】
2024-11-25 02:13:02 GSD getOne 第 1 次 等待 3 秒
2024-11-25 02:13:05 查询号码 【1306790】，返回信息 {"status":"ok","msg":"浙江-杭州","gid":"197033","time_insert":"2021-07-05 10:45"}
2024-11-25 02:13:05 查询号码 【1306790】，GSD为【"浙江-杭州"】

2024-11-25 02:13:06 开始第 6792 次操作

2024-11-25 02:13:06 开始操作号码 【1306791】
2024-11-25 02:13:07 GSD getOne 第 1 次 等待 3 秒
2024-11-25 02:13:10 查询号码 【1306791】，返回信息 {"status":"ok","msg":"浙江-杭州","gid":"196756","time_insert":"2021-07-05 09:51"}
2024-11-25 02:13:10 查询号码 【1306791】，GSD为【"浙江-杭州"】

2024-11-25 02:40:21 开始第 6793 次操作

2024-11-25 02:40:21 开始操作号码 【1306792】
2024-11-25 02:40:23 GSD getOne 第 1 次 等待 3 秒
2024-11-25 02:40:26 查询号码 【1306792】，返回信息 {"status":"ok","msg":"浙江-杭州","gid":"196753","time_insert":"2021-07-05 09:50"}
2024-11-25 02:40:26 查询号码 【1306792】，GSD为【"浙江-杭州"】

2024-11-25 02:40:27 开始第 6794 次操作

2024-11-25 02:40:27 开始操作号码 【1306793】
2024-11-25 02:40:28 GSD getOne 第 1 次 等待 3 秒
2024-11-25 02:40:31 查询号码 【1306793】，返回信息 {"status":"ok","msg":"浙江-杭州","gid":"196751","time_insert":"2021-07-05 09:50"}
2024-11-25 02:40:31 查询号码 【1306793】，GSD为【"浙江-杭州"】

2024-11-25 02:40:32 开始第 6795 次操作

2024-11-25 02:40:32 开始操作号码 【1306794】
2024-11-25 02:40:33 GSD getOne 第 1 次 等待 3 秒
2024-11-25 02:40:36 查询号码 【1306794】，返回信息 {"status":"ok","msg":"浙江-杭州","gid":"196749","time_insert":"2021-07-05 09:49"}
2024-11-25 02:40:36 查询号码 【1306794】，GSD为【"浙江-杭州"】

2024-11-25 02:40:37 开始第 6796 次操作

2024-11-25 02:40:37 开始操作号码 【1306795】
2024-11-25 02:40:38 GSD getOne 第 1 次 等待 3 秒
2024-11-25 02:40:41 查询号码 【1306795】，返回信息 {"status":"ok","msg":"浙江-杭州","gid":"196748","time_insert":"2021-07-05 09:49"}
2024-11-25 02:40:41 查询号码 【1306795】，GSD为【"浙江-杭州"】

