2024-02-27 00:20:20 开始第 5909 次操作

2024-02-27 00:20:20 开始操作号码 【1715811】
2024-02-27 00:20:27 GSD getOne 第 1 次 等待 3 秒
2024-02-27 00:20:30 查询号码 【1715811】，返回信息 {"status":"ok","msg":"四川-成都","gid":"197737","time_insert":"2021-07-05 12:59"}
2024-02-27 00:20:30 查询号码 【1715811】，GSD为【"四川-成都"】

2024-02-27 00:20:31 开始第 5910 次操作

2024-02-27 00:20:31 开始操作号码 【1715812】
2024-02-27 00:20:35 GSD getOne 第 1 次 等待 3 秒
2024-02-27 00:20:38 查询号码 【1715812】，返回信息 {"status":"ok","msg":"四川-成都","gid":"197747","time_insert":"2021-07-05 13:00"}
2024-02-27 00:20:38 查询号码 【1715812】，GSD为【"四川-成都"】

2024-02-27 00:20:39 开始第 5911 次操作

2024-02-27 00:20:39 开始操作号码 【1715813】
2024-02-27 00:20:44 GSD getOne 第 1 次 等待 3 秒
2024-02-27 00:20:47 查询号码 【1715813】，返回信息 {"status":"ok","msg":"四川-成都","gid":"197755","time_insert":"2021-07-05 13:01"}
2024-02-27 00:20:47 查询号码 【1715813】，GSD为【"四川-成都"】

2024-02-27 00:20:48 开始第 5912 次操作

2024-02-27 00:20:48 开始操作号码 【1715814】
2024-02-27 00:20:52 GSD getOne 第 1 次 等待 3 秒
2024-02-27 00:20:55 查询号码 【1715814】，返回信息 {"status":"ok","msg":"四川-成都","gid":"197766","time_insert":"2021-07-05 13:02"}
2024-02-27 00:20:56 查询号码 【1715814】，GSD为【"四川-成都"】

2024-02-27 00:38:24 开始第 5913 次操作

2024-02-27 00:38:24 开始操作号码 【1715815】
2024-02-27 00:38:29 GSD getOne 第 1 次 等待 3 秒
2024-02-27 00:38:32 查询号码 【1715815】，返回信息 {"status":"ok","msg":"四川-成都","gid":"197775","time_insert":"2021-07-05 13:03"}
2024-02-27 00:38:32 查询号码 【1715815】，GSD为【"四川-成都"】

2024-02-27 00:38:33 开始第 5914 次操作

2024-02-27 00:38:33 开始操作号码 【1715816】
2024-02-27 00:38:37 GSD getOne 第 1 次 等待 3 秒
2024-02-27 00:38:40 查询号码 【1715816】，返回信息 {"status":"ok","msg":"四川-绵阳","gid":"197785","time_insert":"2021-07-05 13:03"}
2024-02-27 00:38:40 查询号码 【1715816】，GSD为【"四川-绵阳"】

2024-02-27 00:38:41 开始第 5915 次操作

2024-02-27 00:38:41 开始操作号码 【1715817】
2024-02-27 00:38:47 GSD getOne 第 1 次 等待 3 秒
2024-02-27 00:38:50 查询号码 【1715817】，返回信息 {"status":"ok","msg":"四川-南充","gid":"197793","time_insert":"2021-07-05 13:04"}
2024-02-27 00:38:50 查询号码 【1715817】，GSD为【"四川-南充"】

2024-02-27 00:38:51 开始第 5916 次操作

2024-02-27 00:38:51 开始操作号码 【1715818】
2024-02-27 00:38:57 GSD getOne 第 1 次 等待 3 秒
2024-02-27 00:39:00 查询号码 【1715818】，返回信息 {"status":"ok","msg":"四川-成都","gid":"197801","time_insert":"2021-07-05 13:05"}
2024-02-27 00:39:00 查询号码 【1715818】，GSD为【"四川-成都"】

2024-02-27 01:14:30 开始第 5917 次操作

2024-02-27 01:14:30 开始操作号码 【1715819】
2024-02-27 01:14:34 GSD getOne 第 1 次 等待 3 秒
2024-02-27 01:14:37 查询号码 【1715819】，返回信息 {"status":"ok","msg":"四川-成都","gid":"197810","time_insert":"2021-07-05 13:06"}
2024-02-27 01:14:37 查询号码 【1715819】，GSD为【"四川-成都"】

2024-02-27 01:14:38 开始第 5918 次操作

2024-02-27 01:14:38 开始操作号码 【1715820】
2024-02-27 01:14:42 GSD getOne 第 1 次 等待 3 秒
2024-02-27 01:14:45 查询号码 【1715820】，返回信息 {"status":"ok","msg":"四川-成都","gid":"197819","time_insert":"2021-07-05 13:06"}
2024-02-27 01:14:45 查询号码 【1715820】，GSD为【"四川-成都"】

2024-02-27 01:14:46 开始第 5919 次操作

2024-02-27 01:14:46 开始操作号码 【1715821】
2024-02-27 01:14:52 GSD getOne 第 1 次 等待 3 秒
2024-02-27 01:14:55 查询号码 【1715821】，返回信息 {"status":"ok","msg":"四川-成都","gid":"197830","time_insert":"2021-07-05 13:07"}
2024-02-27 01:14:55 查询号码 【1715821】，GSD为【"四川-成都"】

2024-02-27 01:14:56 开始第 5920 次操作

2024-02-27 01:14:56 开始操作号码 【1715822】
2024-02-27 01:15:01 GSD getOne 第 1 次 等待 3 秒
2024-02-27 01:15:04 查询号码 【1715822】，返回信息 {"status":"ok","msg":"四川-成都","gid":"197838","time_insert":"2021-07-05 13:08"}
2024-02-27 01:15:04 查询号码 【1715822】，GSD为【"四川-成都"】

2024-02-27 01:37:11 开始第 5921 次操作

2024-02-27 01:37:11 开始操作号码 【1715823】
2024-02-27 01:37:16 GSD getOne 第 1 次 等待 3 秒
2024-02-27 01:37:19 查询号码 【1715823】，返回信息 {"status":"ok","msg":"四川-成都","gid":"197844","time_insert":"2021-07-05 13:08"}
2024-02-27 01:37:19 查询号码 【1715823】，GSD为【"四川-成都"】

2024-02-27 01:37:20 开始第 5922 次操作

2024-02-27 01:37:20 开始操作号码 【1715824】
2024-02-27 01:37:25 GSD getOne 第 1 次 等待 3 秒
2024-02-27 01:37:28 查询号码 【1715824】，返回信息 {"status":"ok","msg":"四川-成都","gid":"197847","time_insert":"2021-07-05 13:08"}
2024-02-27 01:37:28 查询号码 【1715824】，GSD为【"四川-成都"】

2024-02-27 01:37:29 开始第 5923 次操作

2024-02-27 01:37:29 开始操作号码 【1715825】
2024-02-27 01:37:35 GSD getOne 第 1 次 等待 3 秒
2024-02-27 01:37:38 查询号码 【1715825】，返回信息 {"status":"ok","msg":"四川-成都","gid":"197852","time_insert":"2021-07-05 13:09"}
2024-02-27 01:37:39 查询号码 【1715825】，GSD为【"四川-成都"】

2024-02-27 01:37:40 开始第 5924 次操作

2024-02-27 01:37:40 开始操作号码 【1715826】
2024-02-27 01:37:49 GSD getOne 第 1 次 等待 3 秒
2024-02-27 01:37:52 查询号码 【1715826】，返回信息 {"status":"ok","msg":"四川-成都","gid":"197857","time_insert":"2021-07-05 13:09"}
2024-02-27 01:37:52 查询号码 【1715826】，GSD为【"四川-成都"】

