2021-07-05 00:00:29 开始第 5 次操作

2021-07-05 00:00:29 开始操作号码 【1708383】
2021-07-05 00:00:35 GSD getOne 第 1 次 等待 1 秒
2021-07-05 00:00:36 查询号码 【1708383】，返回信息 {"status":"ok","msg":"河南-焦作","time_insert":"2020-04-16 09:29","time_update":"2020-09-11 16:02"}
2021-07-05 00:00:36 查询号码 【1708383】，GSD为【"河南-焦作"】

2021-07-05 00:00:36 开始第 5 次操作

2021-07-05 00:00:36 开始操作号码 【1708384】
2021-07-05 00:01:14 GSD getOne 第 1 次 等待 1 秒
2021-07-05 00:01:15 查询号码 【1708384】，返回信息 {"status":"bad","msg":""}
2021-07-05 00:01:15 查询号码 【1708384】，GSD为【""】
2021-07-05 00:01:15 bad
2021-07-05 00:01:17 CHB 1708384?1625414475 第 1 次 等待 1 秒
2021-07-05 00:01:18 CHB 1708384?1625414475 第 1 次 获取到号码【1708384】GSD
2021-07-05 00:01:18 获取到号码【1708384】的GSD为【河南-焦作】
2021-07-05 00:01:40 GSD insert 第 1 次 等待 1 秒
2021-07-05 00:01:41 {"status":"ok","msg":"添加成功！193984"}
2021-07-05 00:01:41 下次操作: 2021-07-05 00:01:50

2021-07-05 00:01:50 开始第 6 次操作

2021-07-05 00:01:50 开始操作号码 【1708385】
2021-07-05 00:02:01 GSD getOne 第 1 次 等待 1 秒
2021-07-05 00:02:02 查询号码 【1708385】，返回信息 {"status":"bad","msg":""}
2021-07-05 00:02:02 查询号码 【1708385】，GSD为【""】
2021-07-05 00:02:02 bad
2021-07-05 00:02:04 CHB 1708385?1625414522 第 1 次 等待 1 秒
2021-07-05 00:02:05 CHB 1708385?1625414522 第 1 次 获取到号码【1708385】GSD
2021-07-05 00:02:05 获取到号码【1708385】的GSD为【河南-安阳】
2021-07-05 00:02:26 GSD insert 第 1 次 等待 1 秒
2021-07-05 00:02:27 {"status":"ok","msg":"添加成功！193992"}
2021-07-05 00:02:27 下次操作: 2021-07-05 00:02:44

2021-07-05 00:02:44 开始第 7 次操作

2021-07-05 00:02:44 开始操作号码 【1708386】
2021-07-05 00:02:49 GSD getOne 第 1 次 等待 1 秒
2021-07-05 00:02:50 查询号码 【1708386】，返回信息 {"status":"bad","msg":""}
2021-07-05 00:02:50 查询号码 【1708386】，GSD为【""】
2021-07-05 00:02:50 bad
2021-07-05 00:02:53 CHB 1708386?1625414570 第 1 次 等待 1 秒
2021-07-05 00:02:54 CHB 1708386?1625414570 第 1 次 获取到号码【1708386】GSD
2021-07-05 00:02:54 获取到号码【1708386】的GSD为【河南-郑州】
2021-07-05 00:03:13 GSD insert 第 1 次 等待 1 秒
2021-07-05 00:03:14 {"status":"ok","msg":"添加成功！194001"}
2021-07-05 00:03:14 下次操作: 2021-07-05 00:03:27

2021-07-05 00:03:27 开始第 8 次操作

2021-07-05 00:03:27 开始操作号码 【1708387】
2021-07-05 00:04:03 GSD getOne 第 1 次 等待 1 秒
2021-07-05 00:04:04 查询号码 【1708387】，返回信息 {"status":"bad","msg":""}
2021-07-05 00:04:04 查询号码 【1708387】，GSD为【""】
2021-07-05 00:04:04 bad
2021-07-05 00:04:05 CHB 1708387?1625414644 第 1 次 等待 1 秒
2021-07-05 00:04:06 CHB 1708387?1625414644 第 1 次 获取到号码【1708387】GSD
2021-07-05 00:04:06 获取到号码【1708387】的GSD为【河南-鹤壁】
2021-07-05 00:04:27 GSD insert 第 1 次 等待 1 秒
2021-07-05 00:04:28 {"status":"ok","msg":"添加成功！194013"}
2021-07-05 00:04:28 下次操作: 2021-07-05 00:04:38

2021-07-05 00:04:38 开始第 9 次操作

2021-07-05 00:04:38 开始操作号码 【1708388】
2021-07-05 00:04:51 GSD getOne 第 1 次 等待 1 秒
2021-07-05 00:04:52 查询号码 【1708388】，返回信息 {"status":"bad","msg":""}
2021-07-05 00:04:52 查询号码 【1708388】，GSD为【""】
2021-07-05 00:04:52 bad
2021-07-05 00:04:54 CHB 1708388?1625414692 第 1 次 等待 1 秒
2021-07-05 00:04:55 CHB 1708388?1625414692 第 1 次 获取到号码【1708388】GSD
2021-07-05 00:04:55 获取到号码【1708388】的GSD为【河南-郑州】
2021-07-05 00:05:15 GSD insert 第 1 次 等待 1 秒
2021-07-05 00:05:16 {"status":"ok","msg":"添加成功！194022"}
2021-07-05 00:05:16 下次操作: 2021-07-05 00:05:34

2021-07-05 00:05:34 开始第 10 次操作

2021-07-05 00:05:34 开始操作号码 【1708389】
2021-07-05 00:05:54 GSD getOne 第 1 次 等待 1 秒
2021-07-05 00:05:55 查询号码 【1708389】，返回信息 {"status":"bad","msg":""}
2021-07-05 00:05:55 查询号码 【1708389】，GSD为【""】
2021-07-05 00:05:55 bad
2021-07-05 00:05:58 CHB 1708389?1625414755 第 1 次 等待 1 秒
2021-07-05 00:05:59 CHB 1708389?1625414755 第 1 次 获取到号码【1708389】GSD
2021-07-05 00:05:59 获取到号码【1708389】的GSD为【河南-濮阳】
2021-07-05 00:06:19 GSD insert 第 1 次 等待 1 秒
2021-07-05 00:06:20 {"status":"ok","msg":"添加成功！194028"}
2021-07-05 00:06:20 下次操作: 2021-07-05 00:06:37

2021-07-05 00:06:37 开始第 11 次操作

2021-07-05 00:06:37 开始操作号码 【1708390】
2021-07-05 00:06:42 GSD getOne 第 1 次 等待 1 秒
2021-07-05 00:06:43 查询号码 【1708390】，返回信息 {"status":"bad","msg":""}
2021-07-05 00:06:43 查询号码 【1708390】，GSD为【""】
2021-07-05 00:06:43 bad
2021-07-05 00:06:44 CHB 1708390?1625414803 第 1 次 等待 1 秒
2021-07-05 00:06:45 CHB 1708390?1625414803 第 1 次 获取到号码【1708390】GSD
2021-07-05 00:06:46 获取到号码【1708390】的GSD为【河南-焦作】
2021-07-05 00:07:05 GSD insert 第 1 次 等待 1 秒
2021-07-05 00:07:06 {"status":"ok","msg":"添加成功！194036"}
2021-07-05 00:07:06 下次操作: 2021-07-05 00:07:12

2021-07-05 00:07:12 开始第 12 次操作

2021-07-05 00:07:12 开始操作号码 【1708391】
2021-07-05 00:07:32 GSD getOne 第 1 次 等待 1 秒
2021-07-05 00:07:33 查询号码 【1708391】，返回信息 {"status":"bad","msg":""}
2021-07-05 00:07:33 查询号码 【1708391】，GSD为【""】
2021-07-05 00:07:33 bad
2021-07-05 00:07:35 CHB 1708391?1625414853 第 1 次 等待 1 秒
2021-07-05 00:07:36 CHB 1708391?1625414853 第 1 次 获取到号码【1708391】GSD
2021-07-05 00:07:36 获取到号码【1708391】的GSD为【河南-焦作】
2021-07-05 00:07:58 GSD insert 第 1 次 等待 1 秒
2021-07-05 00:07:59 {"status":"ok","msg":"添加成功！194043"}
2021-07-05 00:07:59 下次操作: 2021-07-05 00:08:14

2021-07-05 00:08:14 开始第 13 次操作

2021-07-05 00:08:14 开始操作号码 【1708392】
2021-07-05 00:08:20 GSD getOne 第 1 次 等待 1 秒
2021-07-05 00:08:21 查询号码 【1708392】，返回信息 {"status":"bad","msg":""}
2021-07-05 00:08:21 查询号码 【1708392】，GSD为【""】
2021-07-05 00:08:21 bad
2021-07-05 00:08:23 CHB 1708392?1625414901 第 1 次 等待 1 秒
2021-07-05 00:08:24 CHB 1708392?1625414901 第 1 次 获取到号码【1708392】GSD
2021-07-05 00:08:24 获取到号码【1708392】的GSD为【河南-鹤壁】
2021-07-05 00:08:46 GSD insert 第 1 次 等待 1 秒
2021-07-05 00:08:47 {"status":"ok","msg":"添加成功！194049"}
2021-07-05 00:08:47 下次操作: 2021-07-05 00:09:02

2021-07-05 00:09:02 开始第 14 次操作

2021-07-05 00:09:02 开始操作号码 【1708393】
2021-07-05 00:09:09 GSD getOne 第 1 次 等待 1 秒
2021-07-05 00:09:10 查询号码 【1708393】，返回信息 {"status":"bad","msg":""}
2021-07-05 00:09:10 查询号码 【1708393】，GSD为【""】
2021-07-05 00:09:10 bad
2021-07-05 00:09:13 CHB 1708393?1625414950 第 1 次 等待 1 秒
2021-07-05 00:09:14 CHB 1708393?1625414950 第 1 次 获取到号码【1708393】GSD
2021-07-05 00:09:14 获取到号码【1708393】的GSD为【河南-濮阳】
2021-07-05 00:11:24 GSD insert 第 1 次 等待 1 秒
2021-07-05 00:11:29 GSD insert 第 2 次 等待 1 秒
2021-07-05 00:11:30 {"status":"ok","msg":"添加成功！194069"}
2021-07-05 00:11:30 下次操作: 2021-07-05 00:11:44

2021-07-05 00:11:44 开始第 15 次操作

2021-07-05 00:11:44 开始操作号码 【1708394】
2021-07-05 00:11:51 GSD getOne 第 1 次 等待 1 秒
2021-07-05 00:11:52 查询号码 【1708394】，返回信息 {"status":"bad","msg":""}
2021-07-05 00:11:52 查询号码 【1708394】，GSD为【""】
2021-07-05 00:11:52 bad
2021-07-05 00:11:56 CHB 1708394?1625415112 第 1 次 等待 1 秒
2021-07-05 00:11:57 CHB 1708394?1625415112 第 1 次 获取到号码【1708394】GSD
2021-07-05 00:11:57 获取到号码【1708394】的GSD为【河南-周口】
2021-07-05 00:12:18 GSD insert 第 1 次 等待 1 秒
2021-07-05 00:12:19 {"status":"ok","msg":"添加成功！194075"}
2021-07-05 00:12:19 下次操作: 2021-07-05 00:12:36

2021-07-05 00:12:36 开始第 16 次操作

2021-07-05 00:12:36 开始操作号码 【1708395】
2021-07-05 00:12:42 GSD getOne 第 1 次 等待 1 秒
2021-07-05 00:12:43 查询号码 【1708395】，返回信息 {"status":"ok","msg":"河南-漯河","time_insert":"2021-05-15 16:27","time_update":"2021-06-09 08:05"}
2021-07-05 00:12:43 查询号码 【1708395】，GSD为【"河南-漯河"】

2021-07-05 00:12:43 开始第 16 次操作

2021-07-05 00:12:43 开始操作号码 【1708396】
2021-07-05 00:13:51 GSD getOne 第 1 次 等待 1 秒
2021-07-05 00:13:52 查询号码 【1708396】，返回信息 {"status":"bad","msg":""}
2021-07-05 00:13:53 查询号码 【1708396】，GSD为【""】
2021-07-05 00:13:53 bad
2021-07-05 00:13:58 CHB 1708396?1625415233 第 1 次 等待 1 秒
2021-07-05 00:13:59 CHB 1708396?1625415233 第 1 次 获取到号码【1708396】GSD
2021-07-05 00:13:59 获取到号码【1708396】的GSD为【河南-驻马店】
2021-07-05 00:14:35 GSD insert 第 1 次 等待 1 秒
2021-07-05 00:14:36 {"status":"ok","msg":"添加成功！194085"}
2021-07-05 00:14:36 下次操作: 2021-07-05 00:14:46

2021-07-05 00:14:46 开始第 17 次操作

2021-07-05 00:14:46 开始操作号码 【1708397】
2021-07-05 00:15:06 GSD getOne 第 1 次 等待 1 秒
2021-07-05 00:15:07 查询号码 【1708397】，返回信息 {"status":"bad","msg":""}
2021-07-05 00:15:07 查询号码 【1708397】，GSD为【""】
2021-07-05 00:15:07 bad
2021-07-05 00:15:10 CHB 1708397?1625415307 第 1 次 等待 1 秒
2021-07-05 00:15:11 CHB 1708397?1625415307 第 1 次 获取到号码【1708397】GSD
2021-07-05 00:15:11 获取到号码【1708397】的GSD为【河南-信阳】
2021-07-05 00:15:47 GSD insert 第 1 次 等待 1 秒
2021-07-05 00:15:48 {"status":"ok","msg":"添加成功！194093"}
2021-07-05 00:15:48 下次操作: 2021-07-05 00:15:59

2021-07-05 00:15:59 开始第 18 次操作

2021-07-05 00:15:59 开始操作号码 【1708398】
2021-07-05 00:16:20 GSD getOne 第 1 次 等待 1 秒
2021-07-05 00:16:21 查询号码 【1708398】，返回信息 {"status":"bad","msg":""}
2021-07-05 00:16:21 查询号码 【1708398】，GSD为【""】
2021-07-05 00:16:21 bad
2021-07-05 00:16:23 CHB 1708398?1625415381 第 1 次 等待 1 秒
2021-07-05 00:16:24 CHB 1708398?1625415381 第 1 次 获取到号码【1708398】GSD
2021-07-05 00:16:24 获取到号码【1708398】的GSD为【河南-三门峡】
2021-07-05 00:16:48 GSD insert 第 1 次 等待 1 秒
2021-07-05 00:16:49 {"status":"ok","msg":"添加成功！194101"}
2021-07-05 00:16:49 下次操作: 2021-07-05 00:16:55

2021-07-05 00:16:55 开始第 19 次操作

2021-07-05 00:16:55 开始操作号码 【1708399】
2021-07-05 00:17:14 GSD getOne 第 1 次 等待 1 秒
2021-07-05 00:17:15 查询号码 【1708399】，返回信息 {"status":"bad","msg":""}
2021-07-05 00:17:15 查询号码 【1708399】，GSD为【""】
2021-07-05 00:17:15 bad
2021-07-05 00:17:17 CHB 1708399?1625415435 第 1 次 等待 1 秒
2021-07-05 00:17:18 CHB 1708399?1625415435 第 1 次 获取到号码【1708399】GSD
2021-07-05 00:17:18 获取到号码【1708399】的GSD为【河南-商丘】
2021-07-05 00:17:38 GSD insert 第 1 次 等待 1 秒
2021-07-05 00:17:39 {"status":"ok","msg":"添加成功！194105"}
2021-07-05 00:17:39 下次操作: 2021-07-05 00:17:54

2021-07-05 00:17:54 开始第 20 次操作

2021-07-05 00:17:54 开始操作号码 【1708400】
2021-07-05 00:18:02 GSD getOne 第 1 次 等待 1 秒
2021-07-05 00:18:03 查询号码 【1708400】，返回信息 {"status":"bad","msg":""}
2021-07-05 00:18:03 查询号码 【1708400】，GSD为【""】
2021-07-05 00:18:03 bad
2021-07-05 00:18:06 CHB 1708400?1625415483 第 1 次 等待 1 秒
2021-07-05 00:18:07 CHB 1708400?1625415483 第 1 次 获取到号码【1708400】GSD
2021-07-05 00:18:07 获取到号码【1708400】的GSD为【辽宁-大连】
2021-07-05 00:18:28 GSD insert 第 1 次 等待 1 秒
2021-07-05 00:18:29 {"status":"ok","msg":"添加成功！194109"}
2021-07-05 00:18:29 下次操作: 2021-07-05 00:18:37

2021-07-05 00:18:37 开始第 21 次操作

2021-07-05 00:18:37 开始操作号码 【1708401】
2021-07-05 00:18:48 GSD getOne 第 1 次 等待 1 秒
2021-07-05 00:18:49 查询号码 【1708401】，返回信息 {"status":"bad","msg":""}
2021-07-05 00:18:49 查询号码 【1708401】，GSD为【""】
2021-07-05 00:18:49 bad
2021-07-05 00:18:51 CHB 1708401?1625415529 第 1 次 等待 1 秒
2021-07-05 00:18:52 CHB 1708401?1625415529 第 1 次 获取到号码【1708401】GSD
2021-07-05 00:18:52 获取到号码【1708401】的GSD为【辽宁-大连】
2021-07-05 00:20:02 GSD insert 第 1 次 等待 1 秒
2021-07-05 00:20:03 {"status":"ok","msg":"添加成功！194118"}
2021-07-05 00:20:03 下次操作: 2021-07-05 00:20:14

2021-07-05 00:20:14 开始第 22 次操作

2021-07-05 00:20:14 开始操作号码 【1708402】
2021-07-05 00:20:28 GSD getOne 第 1 次 等待 1 秒
2021-07-05 00:20:29 查询号码 【1708402】，返回信息 {"status":"bad","msg":""}
2021-07-05 00:20:29 查询号码 【1708402】，GSD为【""】
2021-07-05 00:20:29 bad
2021-07-05 00:20:31 CHB 1708402?1625415629 第 1 次 等待 1 秒
2021-07-05 00:20:32 CHB 1708402?1625415629 第 1 次 获取到号码【1708402】GSD
2021-07-05 00:20:32 获取到号码【1708402】的GSD为【辽宁-大连】
2021-07-05 00:20:52 GSD insert 第 1 次 等待 1 秒
2021-07-05 00:20:53 {"status":"ok","msg":"添加成功！194122"}
2021-07-05 00:20:53 下次操作: 2021-07-05 00:21:09

2021-07-05 00:21:09 开始第 23 次操作

2021-07-05 00:21:09 开始操作号码 【1708403】
2021-07-05 00:21:21 GSD getOne 第 1 次 等待 1 秒
2021-07-05 00:21:22 查询号码 【1708403】，返回信息 {"status":"bad","msg":""}
2021-07-05 00:21:22 查询号码 【1708403】，GSD为【""】
2021-07-05 00:21:22 bad
2021-07-05 00:21:24 CHB 1708403?1625415682 第 1 次 等待 1 秒
2021-07-05 00:21:25 CHB 1708403?1625415682 第 1 次 获取到号码【1708403】GSD
2021-07-05 00:21:25 获取到号码【1708403】的GSD为【辽宁-大连】
2021-07-05 00:21:44 GSD insert 第 1 次 等待 1 秒
2021-07-05 00:21:45 {"status":"ok","msg":"添加成功！194125"}
2021-07-05 00:21:45 下次操作: 2021-07-05 00:21:54

2021-07-05 00:21:54 开始第 24 次操作

2021-07-05 00:21:54 开始操作号码 【1708404】
2021-07-05 00:22:10 GSD getOne 第 1 次 等待 1 秒
2021-07-05 00:22:11 查询号码 【1708404】，返回信息 {"status":"bad","msg":""}
2021-07-05 00:22:11 查询号码 【1708404】，GSD为【""】
2021-07-05 00:22:11 bad
2021-07-05 00:22:14 CHB 1708404?1625415731 第 1 次 等待 1 秒
2021-07-05 00:22:15 CHB 1708404?1625415731 第 1 次 获取到号码【1708404】GSD
2021-07-05 00:22:15 获取到号码【1708404】的GSD为【辽宁-大连】
2021-07-05 00:22:35 GSD insert 第 1 次 等待 1 秒
2021-07-05 00:22:36 {"status":"ok","msg":"添加成功！194129"}
2021-07-05 00:22:36 下次操作: 2021-07-05 00:22:46

2021-07-05 00:22:46 开始第 25 次操作

2021-07-05 00:22:46 开始操作号码 【1708405】
2021-07-05 00:22:57 GSD getOne 第 1 次 等待 1 秒
2021-07-05 00:22:58 查询号码 【1708405】，返回信息 {"status":"bad","msg":""}
2021-07-05 00:22:58 查询号码 【1708405】，GSD为【""】
2021-07-05 00:22:58 bad
2021-07-05 00:23:00 CHB 1708405?1625415778 第 1 次 等待 1 秒
2021-07-05 00:23:01 CHB 1708405?1625415778 第 1 次 获取到号码【1708405】GSD
2021-07-05 00:23:01 获取到号码【1708405】的GSD为【辽宁-大连】
2021-07-05 00:23:20 GSD insert 第 1 次 等待 1 秒
2021-07-05 00:23:21 {"status":"ok","msg":"添加成功！194132"}
2021-07-05 00:23:21 下次操作: 2021-07-05 00:23:28

2021-07-05 00:23:28 开始第 26 次操作

2021-07-05 00:23:28 开始操作号码 【1708406】
2021-07-05 00:23:47 GSD getOne 第 1 次 等待 1 秒
2021-07-05 00:23:48 查询号码 【1708406】，返回信息 {"status":"bad","msg":""}
2021-07-05 00:23:48 查询号码 【1708406】，GSD为【""】
2021-07-05 00:23:48 bad
2021-07-05 00:23:50 CHB 1708406?1625415828 第 1 次 等待 1 秒
2021-07-05 00:23:51 CHB 1708406?1625415828 第 1 次 获取到号码【1708406】GSD
2021-07-05 00:23:51 获取到号码【1708406】的GSD为【辽宁-大连】
2021-07-05 00:24:23 GSD insert 第 1 次 等待 1 秒
2021-07-05 00:24:24 {"status":"ok","msg":"添加成功！194134"}
2021-07-05 00:24:24 下次操作: 2021-07-05 00:24:38

2021-07-05 00:24:38 开始第 27 次操作

2021-07-05 00:24:38 开始操作号码 【1708407】
2021-07-05 00:24:48 GSD getOne 第 1 次 等待 1 秒
2021-07-05 00:24:49 查询号码 【1708407】，返回信息 {"status":"bad","msg":""}
2021-07-05 00:24:49 查询号码 【1708407】，GSD为【""】
2021-07-05 00:24:49 bad
2021-07-05 00:24:51 CHB 1708407?1625415889 第 1 次 等待 1 秒
2021-07-05 00:24:52 CHB 1708407?1625415889 第 1 次 获取到号码【1708407】GSD
2021-07-05 00:24:52 获取到号码【1708407】的GSD为【辽宁-大连】
2021-07-05 00:25:12 GSD insert 第 1 次 等待 1 秒
2021-07-05 00:25:13 {"status":"ok","msg":"添加成功！194138"}
2021-07-05 00:25:13 下次操作: 2021-07-05 00:25:20

2021-07-05 00:25:20 开始第 28 次操作

2021-07-05 00:25:20 开始操作号码 【1708408】
2021-07-05 00:25:41 GSD getOne 第 1 次 等待 1 秒
2021-07-05 00:25:42 查询号码 【1708408】，返回信息 {"status":"bad","msg":""}
2021-07-05 00:25:42 查询号码 【1708408】，GSD为【""】
2021-07-05 00:25:42 bad
2021-07-05 00:25:44 CHB 1708408?1625415942 第 1 次 等待 1 秒
2021-07-05 00:25:45 CHB 1708408?1625415942 第 1 次 获取到号码【1708408】GSD
2021-07-05 00:25:45 获取到号码【1708408】的GSD为【辽宁-大连】
2021-07-05 00:26:22 GSD insert 第 1 次 等待 1 秒
2021-07-05 00:26:23 {"status":"ok","msg":"添加成功！194141"}
2021-07-05 00:26:23 下次操作: 2021-07-05 00:26:40

2021-07-05 00:26:40 开始第 29 次操作

2021-07-05 00:26:40 开始操作号码 【1708409】
2021-07-05 00:26:48 GSD getOne 第 1 次 等待 1 秒
2021-07-05 00:26:49 查询号码 【1708409】，返回信息 {"status":"bad","msg":""}
2021-07-05 00:26:49 查询号码 【1708409】，GSD为【""】
2021-07-05 00:26:49 bad
2021-07-05 00:26:51 CHB 1708409?1625416009 第 1 次 等待 1 秒
2021-07-05 00:26:52 CHB 1708409?1625416009 第 1 次 获取到号码【1708409】GSD
2021-07-05 00:26:52 获取到号码【1708409】的GSD为【辽宁-大连】
2021-07-05 00:27:15 GSD insert 第 1 次 等待 1 秒
2021-07-05 00:27:16 {"status":"ok","msg":"添加成功！194145"}
2021-07-05 00:27:16 下次操作: 2021-07-05 00:27:23

2021-07-05 00:27:23 开始第 30 次操作

2021-07-05 00:27:23 开始操作号码 【1708410】
2021-07-05 00:27:45 GSD getOne 第 1 次 等待 1 秒
2021-07-05 00:27:46 查询号码 【1708410】，返回信息 {"status":"bad","msg":""}
2021-07-05 00:27:46 查询号码 【1708410】，GSD为【""】
2021-07-05 00:27:46 bad
2021-07-05 00:27:48 CHB 1708410?1625416066 第 1 次 等待 1 秒
2021-07-05 00:27:49 CHB 1708410?1625416066 第 1 次 获取到号码【1708410】GSD
2021-07-05 00:27:49 获取到号码【1708410】的GSD为【辽宁-大连】
2021-07-05 00:28:08 GSD insert 第 1 次 等待 1 秒
2021-07-05 00:28:09 {"status":"ok","msg":"添加成功！194147"}

2021-07-05 01:32:52 开始第 1 次操作

2021-07-05 01:32:52 开始操作号码 【1708411】
2021-07-05 01:33:02 GSD getOne 第 1 次 等待 1 秒
2021-07-05 01:33:03 查询号码 【1708411】，返回信息 {"status":"bad","msg":""}
2021-07-05 01:33:03 查询号码 【1708411】，GSD为【""】
2021-07-05 01:33:03 bad
2021-07-05 01:33:05 CHB 1708411?1625419983 第 1 次 等待 1 秒
2021-07-05 01:33:06 CHB 1708411?1625419983 第 1 次 获取到号码【1708411】GSD
2021-07-05 01:33:06 获取到号码【1708411】的GSD为【辽宁-大连】
2021-07-05 01:33:10 GSD insert 第 1 次 等待 1 秒
2021-07-05 01:33:11 {"status":"ok","msg":"添加成功！194351"}
2021-07-05 01:33:11 下次操作: 2021-07-05 01:33:19

2021-07-05 01:33:19 开始第 2 次操作

2021-07-05 01:33:19 开始操作号码 【1708412】
2021-07-05 01:33:23 GSD getOne 第 1 次 等待 1 秒
2021-07-05 01:33:24 查询号码 【1708412】，返回信息 {"status":"bad","msg":""}
2021-07-05 01:33:24 查询号码 【1708412】，GSD为【""】
2021-07-05 01:33:24 bad
2021-07-05 01:33:25 CHB 1708412?1625420004 第 1 次 等待 1 秒
2021-07-05 01:33:26 CHB 1708412?1625420004 第 1 次 获取到号码【1708412】GSD
2021-07-05 01:33:26 获取到号码【1708412】的GSD为【辽宁-大连】
2021-07-05 01:33:31 GSD insert 第 1 次 等待 1 秒
2021-07-05 01:33:32 {"status":"ok","msg":"添加成功！194355"}
2021-07-05 01:33:32 下次操作: 2021-07-05 01:33:41

2021-07-05 01:33:41 开始第 3 次操作

2021-07-05 01:33:41 开始操作号码 【1708413】
2021-07-05 01:33:44 GSD getOne 第 1 次 等待 1 秒
2021-07-05 01:33:45 查询号码 【1708413】，返回信息 {"status":"bad","msg":""}
2021-07-05 01:33:45 查询号码 【1708413】，GSD为【""】
2021-07-05 01:33:46 bad
2021-07-05 01:33:51 CHB 1708413?1625420026 第 1 次 等待 1 秒
2021-07-05 01:33:52 CHB 1708413?1625420026 第 1 次 获取到号码【1708413】GSD
2021-07-05 01:33:52 获取到号码【1708413】的GSD为【辽宁-大连】
2021-07-05 01:33:56 GSD insert 第 1 次 等待 1 秒
2021-07-05 01:33:57 {"status":"ok","msg":"添加成功！194357"}
2021-07-05 01:33:57 下次操作: 2021-07-05 01:34:12

2021-07-05 01:34:12 开始第 4 次操作

2021-07-05 01:34:12 开始操作号码 【1708414】
2021-07-05 01:34:17 GSD getOne 第 1 次 等待 1 秒
2021-07-05 01:34:18 查询号码 【1708414】，返回信息 {"status":"bad","msg":""}
2021-07-05 01:34:18 查询号码 【1708414】，GSD为【""】
2021-07-05 01:34:18 bad
2021-07-05 01:34:20 CHB 1708414?1625420058 第 1 次 等待 1 秒
2021-07-05 01:34:21 CHB 1708414?1625420058 第 1 次 获取到号码【1708414】GSD
2021-07-05 01:34:21 获取到号码【1708414】的GSD为【辽宁-大连】
2021-07-05 01:34:27 GSD insert 第 1 次 等待 1 秒
2021-07-05 01:34:28 {"status":"ok","msg":"添加成功！194361"}
2021-07-05 01:34:28 下次操作: 2021-07-05 01:34:34

2021-07-05 01:34:34 开始第 5 次操作

2021-07-05 01:34:34 开始操作号码 【1708415】
2021-07-05 01:34:38 GSD getOne 第 1 次 等待 1 秒
2021-07-05 01:34:39 查询号码 【1708415】，返回信息 {"status":"bad","msg":""}
2021-07-05 01:34:39 查询号码 【1708415】，GSD为【""】
2021-07-05 01:34:39 bad
2021-07-05 01:34:41 CHB 1708415?1625420079 第 1 次 等待 1 秒
2021-07-05 01:34:42 CHB 1708415?1625420079 第 1 次 获取到号码【1708415】GSD
2021-07-05 01:34:42 获取到号码【1708415】的GSD为【辽宁-大连】
2021-07-05 01:34:46 GSD insert 第 1 次 等待 1 秒
2021-07-05 01:34:47 {"status":"ok","msg":"添加成功！194367"}
2021-07-05 01:34:47 下次操作: 2021-07-05 01:35:04

2021-07-05 01:35:04 开始第 6 次操作

2021-07-05 01:35:04 开始操作号码 【1708416】
2021-07-05 01:35:08 GSD getOne 第 1 次 等待 1 秒
2021-07-05 01:35:09 查询号码 【1708416】，返回信息 {"status":"bad","msg":""}
2021-07-05 01:35:09 查询号码 【1708416】，GSD为【""】
2021-07-05 01:35:09 bad
2021-07-05 01:35:10 CHB 1708416?1625420109 第 1 次 等待 1 秒
2021-07-05 01:35:11 CHB 1708416?1625420109 第 1 次 获取到号码【1708416】GSD
2021-07-05 01:35:11 获取到号码【1708416】的GSD为【辽宁-大连】
2021-07-05 01:35:15 GSD insert 第 1 次 等待 1 秒
2021-07-05 01:35:16 {"status":"ok","msg":"添加成功！194371"}
2021-07-05 01:35:16 下次操作: 2021-07-05 01:35:26

2021-07-05 01:35:27 开始第 7 次操作

2021-07-05 01:35:27 开始操作号码 【1708417】
2021-07-05 01:35:31 GSD getOne 第 1 次 等待 1 秒
2021-07-05 01:35:32 查询号码 【1708417】，返回信息 {"status":"bad","msg":""}
2021-07-05 01:35:32 查询号码 【1708417】，GSD为【""】
2021-07-05 01:35:32 bad
2021-07-05 01:35:37 CHB 1708417?1625420132 第 1 次 等待 1 秒
2021-07-05 01:35:38 CHB 1708417?1625420132 第 1 次 获取到号码【1708417】GSD
2021-07-05 01:35:38 获取到号码【1708417】的GSD为【辽宁-大连】
2021-07-05 01:35:42 GSD insert 第 1 次 等待 1 秒
2021-07-05 01:35:43 {"status":"ok","msg":"添加成功！194374"}
2021-07-05 01:35:43 下次操作: 2021-07-05 01:35:54

2021-07-05 01:35:54 开始第 8 次操作

2021-07-05 01:35:54 开始操作号码 【1708418】
2021-07-05 01:35:58 GSD getOne 第 1 次 等待 1 秒
2021-07-05 01:35:59 查询号码 【1708418】，返回信息 {"status":"bad","msg":""}
2021-07-05 01:35:59 查询号码 【1708418】，GSD为【""】
2021-07-05 01:35:59 bad
2021-07-05 01:36:01 CHB 1708418?1625420159 第 1 次 等待 1 秒
2021-07-05 01:36:02 CHB 1708418?1625420159 第 1 次 获取到号码【1708418】GSD
2021-07-05 01:36:02 获取到号码【1708418】的GSD为【辽宁-大连】
2021-07-05 01:36:06 GSD insert 第 1 次 等待 1 秒
2021-07-05 01:36:07 {"status":"ok","msg":"添加成功！194378"}
2021-07-05 01:36:07 下次操作: 2021-07-05 01:36:13

2021-07-05 01:36:13 开始第 9 次操作

2021-07-05 01:36:13 开始操作号码 【1708419】
2021-07-05 01:36:18 GSD getOne 第 1 次 等待 1 秒
2021-07-05 01:36:19 查询号码 【1708419】，返回信息 {"status":"bad","msg":""}
2021-07-05 01:36:19 查询号码 【1708419】，GSD为【""】
2021-07-05 01:36:19 bad
2021-07-05 01:36:20 CHB 1708419?1625420179 第 1 次 等待 1 秒
2021-07-05 01:36:21 CHB 1708419?1625420179 第 1 次 获取到号码【1708419】GSD
2021-07-05 01:36:22 获取到号码【1708419】的GSD为【辽宁-大连】
2021-07-05 01:36:26 GSD insert 第 1 次 等待 1 秒
2021-07-05 01:36:27 {"status":"ok","msg":"添加成功！194382"}
2021-07-05 01:36:27 下次操作: 2021-07-05 01:36:35

2021-07-05 01:36:35 开始第 10 次操作

2021-07-05 01:36:35 开始操作号码 【1708420】
2021-07-05 01:36:39 GSD getOne 第 1 次 等待 1 秒
2021-07-05 01:36:40 查询号码 【1708420】，返回信息 {"status":"bad","msg":""}
2021-07-05 01:36:40 查询号码 【1708420】，GSD为【""】
2021-07-05 01:36:40 bad
2021-07-05 01:36:42 CHB 1708420?1625420200 第 1 次 等待 1 秒
2021-07-05 01:36:43 CHB 1708420?1625420200 第 1 次 获取到号码【1708420】GSD
2021-07-05 01:36:43 获取到号码【1708420】的GSD为【云南-临沧】
2021-07-05 01:36:47 GSD insert 第 1 次 等待 1 秒
2021-07-05 01:36:48 {"status":"ok","msg":"添加成功！194384"}
2021-07-05 01:36:48 下次操作: 2021-07-05 01:36:56

2021-07-05 01:36:56 开始第 11 次操作

2021-07-05 01:36:56 开始操作号码 【1708421】
2021-07-05 01:37:00 GSD getOne 第 1 次 等待 1 秒
2021-07-05 01:37:01 查询号码 【1708421】，返回信息 {"status":"bad","msg":""}
2021-07-05 01:37:01 查询号码 【1708421】，GSD为【""】
2021-07-05 01:37:01 bad
2021-07-05 01:37:02 CHB 1708421?1625420221 第 1 次 等待 1 秒
2021-07-05 01:37:04 CHB 1708421?1625420221 第 1 次 获取到号码【1708421】GSD
2021-07-05 01:37:04 获取到号码【1708421】的GSD为【云南-临沧】
2021-07-05 01:37:07 GSD insert 第 1 次 等待 1 秒
2021-07-05 01:37:08 {"status":"ok","msg":"添加成功！194387"}
2021-07-05 01:37:08 下次操作: 2021-07-05 01:37:15

2021-07-05 01:37:15 开始第 12 次操作

2021-07-05 01:37:15 开始操作号码 【1708422】
2021-07-05 01:37:19 GSD getOne 第 1 次 等待 1 秒
2021-07-05 01:37:20 查询号码 【1708422】，返回信息 {"status":"bad","msg":""}
2021-07-05 01:37:20 查询号码 【1708422】，GSD为【""】
2021-07-05 01:37:20 bad
2021-07-05 01:37:23 CHB 1708422?1625420240 第 1 次 等待 1 秒
2021-07-05 01:37:24 CHB 1708422?1625420240 第 1 次 获取到号码【1708422】GSD
2021-07-05 01:37:24 获取到号码【1708422】的GSD为【云南-临沧】
2021-07-05 01:37:28 GSD insert 第 1 次 等待 1 秒
2021-07-05 01:37:29 {"status":"ok","msg":"添加成功！194390"}
2021-07-05 01:37:29 下次操作: 2021-07-05 01:37:39

2021-07-05 01:37:39 开始第 13 次操作

2021-07-05 01:37:39 开始操作号码 【1708423】
2021-07-05 01:37:43 GSD getOne 第 1 次 等待 1 秒
2021-07-05 01:37:44 查询号码 【1708423】，返回信息 {"status":"bad","msg":""}
2021-07-05 01:37:44 查询号码 【1708423】，GSD为【""】
2021-07-05 01:37:44 bad
2021-07-05 01:37:45 CHB 1708423?1625420264 第 1 次 等待 1 秒
2021-07-05 01:37:46 CHB 1708423?1625420264 第 1 次 获取到号码【1708423】GSD
2021-07-05 01:37:46 获取到号码【1708423】的GSD为【云南-怒江】
2021-07-05 01:37:50 GSD insert 第 1 次 等待 1 秒
2021-07-05 01:37:51 {"status":"ok","msg":"添加成功！194394"}
2021-07-05 01:37:51 下次操作: 2021-07-05 01:38:05

2021-07-05 01:38:05 开始第 14 次操作

2021-07-05 01:38:05 开始操作号码 【1708424】
2021-07-05 01:38:09 GSD getOne 第 1 次 等待 1 秒
2021-07-05 01:38:10 查询号码 【1708424】，返回信息 {"status":"bad","msg":""}
2021-07-05 01:38:10 查询号码 【1708424】，GSD为【""】
2021-07-05 01:38:10 bad
2021-07-05 01:38:12 CHB 1708424?1625420290 第 1 次 等待 1 秒
2021-07-05 01:38:13 CHB 1708424?1625420290 第 1 次 获取到号码【1708424】GSD
2021-07-05 01:38:13 获取到号码【1708424】的GSD为【云南-怒江】
2021-07-05 01:38:18 GSD insert 第 1 次 等待 1 秒
2021-07-05 01:38:19 {"status":"ok","msg":"添加成功！194397"}
2021-07-05 01:38:19 下次操作: 2021-07-05 01:38:32

2021-07-05 01:38:32 开始第 15 次操作

2021-07-05 01:38:32 开始操作号码 【1708425】
2021-07-05 01:38:36 GSD getOne 第 1 次 等待 1 秒
2021-07-05 01:38:37 查询号码 【1708425】，返回信息 {"status":"bad","msg":""}
2021-07-05 01:38:37 查询号码 【1708425】，GSD为【""】
2021-07-05 01:38:37 bad
2021-07-05 01:38:40 CHB 1708425?1625420317 第 1 次 等待 1 秒
2021-07-05 01:38:41 CHB 1708425?1625420317 第 1 次 获取到号码【1708425】GSD
2021-07-05 01:38:41 获取到号码【1708425】的GSD为【云南-怒江】
2021-07-05 01:38:45 GSD insert 第 1 次 等待 1 秒
2021-07-05 01:38:46 {"status":"ok","msg":"添加成功！194402"}
2021-07-05 01:38:46 下次操作: 2021-07-05 01:38:54

2021-07-05 01:38:54 开始第 16 次操作

2021-07-05 01:38:54 开始操作号码 【1708426】
2021-07-05 01:38:58 GSD getOne 第 1 次 等待 1 秒
2021-07-05 01:38:59 查询号码 【1708426】，返回信息 {"status":"bad","msg":""}
2021-07-05 01:39:00 查询号码 【1708426】，GSD为【""】
2021-07-05 01:39:00 bad
2021-07-05 01:39:01 CHB 1708426?1625420340 第 1 次 等待 1 秒
2021-07-05 01:39:02 CHB 1708426?1625420340 第 1 次 获取到号码【1708426】GSD
2021-07-05 01:39:02 获取到号码【1708426】的GSD为【云南-普洱】
2021-07-05 01:39:06 GSD insert 第 1 次 等待 1 秒
2021-07-05 01:39:07 {"status":"ok","msg":"添加成功！194405"}
2021-07-05 01:39:07 下次操作: 2021-07-05 01:39:23

2021-07-05 01:39:23 开始第 17 次操作

2021-07-05 01:39:23 开始操作号码 【1708427】
2021-07-05 01:39:30 GSD getOne 第 1 次 等待 1 秒
2021-07-05 01:39:31 查询号码 【1708427】，返回信息 {"status":"bad","msg":""}
2021-07-05 01:39:31 查询号码 【1708427】，GSD为【""】
2021-07-05 01:39:31 bad
2021-07-05 01:39:38 CHB 1708427?1625420371 第 1 次 等待 1 秒
2021-07-05 01:39:39 CHB 1708427?1625420371 第 1 次 获取到号码【1708427】GSD
2021-07-05 01:39:39 获取到号码【1708427】的GSD为【云南-普洱】
2021-07-05 01:39:42 GSD insert 第 1 次 等待 1 秒
2021-07-05 01:39:43 {"status":"ok","msg":"添加成功！194411"}
2021-07-05 01:39:43 下次操作: 2021-07-05 01:39:53

2021-07-05 01:39:53 开始第 18 次操作

2021-07-05 01:39:53 开始操作号码 【1708428】
2021-07-05 01:39:58 GSD getOne 第 1 次 等待 1 秒
2021-07-05 01:39:59 查询号码 【1708428】，返回信息 {"status":"bad","msg":""}
2021-07-05 01:39:59 查询号码 【1708428】，GSD为【""】
2021-07-05 01:39:59 bad
2021-07-05 01:40:04 CHB 1708428?1625420399 第 1 次 等待 1 秒
2021-07-05 01:40:05 CHB 1708428?1625420399 第 1 次 获取到号码【1708428】GSD
2021-07-05 01:40:05 获取到号码【1708428】的GSD为【云南-普洱】
2021-07-05 01:40:09 GSD insert 第 1 次 等待 1 秒
2021-07-05 01:40:10 {"status":"ok","msg":"添加成功！194414"}
2021-07-05 01:40:10 下次操作: 2021-07-05 01:40:22

2021-07-05 01:40:22 开始第 19 次操作

2021-07-05 01:40:22 开始操作号码 【1708429】
2021-07-05 01:40:26 GSD getOne 第 1 次 等待 1 秒
2021-07-05 01:40:27 查询号码 【1708429】，返回信息 {"status":"bad","msg":""}
2021-07-05 01:40:27 查询号码 【1708429】，GSD为【""】
2021-07-05 01:40:27 bad
2021-07-05 01:40:29 CHB 1708429?1625420427 第 1 次 等待 1 秒
2021-07-05 01:40:30 CHB 1708429?1625420427 第 1 次 获取到号码【1708429】GSD
2021-07-05 01:40:30 获取到号码【1708429】的GSD为【云南-文山】
2021-07-05 01:40:34 GSD insert 第 1 次 等待 1 秒
2021-07-05 01:40:35 {"status":"ok","msg":"添加成功！194417"}
2021-07-05 01:40:35 下次操作: 2021-07-05 01:40:51

2021-07-05 01:40:51 开始第 20 次操作

2021-07-05 01:40:51 开始操作号码 【1708430】
2021-07-05 01:40:56 GSD getOne 第 1 次 等待 1 秒
2021-07-05 01:40:57 查询号码 【1708430】，返回信息 {"status":"bad","msg":""}
2021-07-05 01:40:57 查询号码 【1708430】，GSD为【""】
2021-07-05 01:40:57 bad
2021-07-05 01:41:00 CHB 1708430?1625420457 第 1 次 等待 1 秒
2021-07-05 01:41:01 CHB 1708430?1625420457 第 1 次 获取到号码【1708430】GSD
2021-07-05 01:41:01 获取到号码【1708430】的GSD为【吉林-长春】
2021-07-05 01:41:05 GSD insert 第 1 次 等待 1 秒
2021-07-05 01:41:06 {"status":"ok","msg":"添加成功！194420"}
2021-07-05 01:41:06 下次操作: 2021-07-05 01:41:14

2021-07-05 01:41:14 开始第 21 次操作

2021-07-05 01:41:14 开始操作号码 【1708431】
2021-07-05 01:41:17 GSD getOne 第 1 次 等待 1 秒
2021-07-05 01:41:18 查询号码 【1708431】，返回信息 {"status":"bad","msg":""}
2021-07-05 01:41:19 查询号码 【1708431】，GSD为【""】
2021-07-05 01:41:19 bad
2021-07-05 01:41:20 CHB 1708431?1625420479 第 1 次 等待 1 秒
2021-07-05 01:41:21 CHB 1708431?1625420479 第 1 次 获取到号码【1708431】GSD
2021-07-05 01:41:21 获取到号码【1708431】的GSD为【吉林-长春】
2021-07-05 01:41:25 GSD insert 第 1 次 等待 1 秒
2021-07-05 01:41:26 {"status":"ok","msg":"添加成功！194424"}
2021-07-05 01:41:26 下次操作: 2021-07-05 01:41:34

2021-07-05 01:41:34 开始第 22 次操作

2021-07-05 01:41:34 开始操作号码 【1708432】
2021-07-05 01:41:38 GSD getOne 第 1 次 等待 1 秒
2021-07-05 01:41:39 查询号码 【1708432】，返回信息 {"status":"ok","msg":"吉林-长春","time_insert":"2016-04-01 18:57","time_update":"2020-08-21 11:44"}
2021-07-05 01:41:39 查询号码 【1708432】，GSD为【"吉林-长春"】

2021-07-05 01:41:39 开始第 22 次操作

2021-07-05 01:41:39 开始操作号码 【1708433】
2021-07-05 01:41:43 GSD getOne 第 1 次 等待 1 秒
2021-07-05 01:41:44 查询号码 【1708433】，返回信息 {"status":"bad","msg":""}
2021-07-05 01:41:45 查询号码 【1708433】，GSD为【""】
2021-07-05 01:41:45 bad
2021-07-05 01:41:51 CHB 1708433?1625420505 第 1 次 等待 1 秒
2021-07-05 01:41:52 CHB 1708433?1625420505 第 1 次 获取到号码【1708433】GSD
2021-07-05 01:41:52 获取到号码【1708433】的GSD为【吉林-长春】
2021-07-05 01:41:56 GSD insert 第 1 次 等待 1 秒
2021-07-05 01:41:57 {"status":"ok","msg":"添加成功！194428"}
2021-07-05 01:41:57 下次操作: 2021-07-05 01:42:14

2021-07-05 01:42:14 开始第 23 次操作

2021-07-05 01:42:14 开始操作号码 【1708434】
2021-07-05 01:42:18 GSD getOne 第 1 次 等待 1 秒
2021-07-05 01:42:19 查询号码 【1708434】，返回信息 {"status":"bad","msg":""}
2021-07-05 01:42:19 查询号码 【1708434】，GSD为【""】
2021-07-05 01:42:19 bad
2021-07-05 01:42:22 CHB 1708434?1625420539 第 1 次 等待 1 秒
2021-07-05 01:42:23 CHB 1708434?1625420539 第 1 次 获取到号码【1708434】GSD
2021-07-05 01:42:23 获取到号码【1708434】的GSD为【吉林-长春】
2021-07-05 01:42:26 GSD insert 第 1 次 等待 1 秒
2021-07-05 01:42:27 {"status":"ok","msg":"添加成功！194434"}
2021-07-05 01:42:27 下次操作: 2021-07-05 01:42:37

2021-07-05 01:42:37 开始第 24 次操作

2021-07-05 01:42:37 开始操作号码 【1708435】
2021-07-05 01:42:41 GSD getOne 第 1 次 等待 1 秒
2021-07-05 01:42:42 查询号码 【1708435】，返回信息 {"status":"bad","msg":""}
2021-07-05 01:42:42 查询号码 【1708435】，GSD为【""】
2021-07-05 01:42:42 bad
2021-07-05 01:42:44 CHB 1708435?1625420562 第 1 次 等待 1 秒
2021-07-05 01:42:45 CHB 1708435?1625420562 第 1 次 获取到号码【1708435】GSD
2021-07-05 01:42:45 获取到号码【1708435】的GSD为【吉林-长春】
2021-07-05 01:42:49 GSD insert 第 1 次 等待 1 秒
2021-07-05 01:42:50 {"status":"ok","msg":"添加成功！194439"}
2021-07-05 01:42:50 下次操作: 2021-07-05 01:43:07

2021-07-05 01:43:07 开始第 25 次操作

2021-07-05 01:43:07 开始操作号码 【1708436】
2021-07-05 01:43:35 GSD getOne 第 1 次 等待 1 秒
2021-07-05 01:43:36 查询号码 【1708436】，返回信息 {"status":"bad","msg":""}
2021-07-05 01:43:36 查询号码 【1708436】，GSD为【""】
2021-07-05 01:43:36 bad
2021-07-05 01:43:37 CHB 1708436?1625420616 第 1 次 等待 1 秒
2021-07-05 01:43:38 CHB 1708436?1625420616 第 1 次 获取到号码【1708436】GSD
2021-07-05 01:43:38 获取到号码【1708436】的GSD为【吉林-长春】
2021-07-05 01:43:42 GSD insert 第 1 次 等待 1 秒
2021-07-05 01:43:43 {"status":"ok","msg":"添加成功！194450"}
2021-07-05 01:43:43 下次操作: 2021-07-05 01:44:00

2021-07-05 01:44:00 开始第 26 次操作

2021-07-05 01:44:00 开始操作号码 【1708437】
2021-07-05 01:44:05 GSD getOne 第 1 次 等待 1 秒
2021-07-05 01:44:06 查询号码 【1708437】，返回信息 {"status":"bad","msg":""}
2021-07-05 01:44:06 查询号码 【1708437】，GSD为【""】
2021-07-05 01:44:06 bad
2021-07-05 01:44:08 CHB 1708437?1625420646 第 1 次 等待 1 秒
2021-07-05 01:44:09 CHB 1708437?1625420646 第 1 次 获取到号码【1708437】GSD
2021-07-05 01:44:09 获取到号码【1708437】的GSD为【吉林-长春】
2021-07-05 01:44:14 GSD insert 第 1 次 等待 1 秒
2021-07-05 01:44:15 {"status":"ok","msg":"添加成功！194455"}
2021-07-05 01:44:15 下次操作: 2021-07-05 01:44:24

2021-07-05 01:44:24 开始第 27 次操作

2021-07-05 01:44:25 开始操作号码 【1708438】
2021-07-05 01:44:28 GSD getOne 第 1 次 等待 1 秒
2021-07-05 01:44:29 查询号码 【1708438】，返回信息 {"status":"bad","msg":""}
2021-07-05 01:44:29 查询号码 【1708438】，GSD为【""】
2021-07-05 01:44:29 bad
2021-07-05 01:44:32 CHB 1708438?1625420669 第 1 次 等待 1 秒
2021-07-05 01:44:33 CHB 1708438?1625420669 第 1 次 获取到号码【1708438】GSD
2021-07-05 01:44:33 获取到号码【1708438】的GSD为【吉林-长春】
2021-07-05 01:44:38 GSD insert 第 1 次 等待 1 秒
2021-07-05 01:44:39 {"status":"ok","msg":"添加成功！194461"}
2021-07-05 01:44:39 下次操作: 2021-07-05 01:44:56

2021-07-05 01:44:56 开始第 28 次操作

2021-07-05 01:44:56 开始操作号码 【1708439】
2021-07-05 01:45:00 GSD getOne 第 1 次 等待 1 秒
2021-07-05 01:45:01 查询号码 【1708439】，返回信息 {"status":"bad","msg":""}
2021-07-05 01:45:01 查询号码 【1708439】，GSD为【""】
2021-07-05 01:45:01 bad
2021-07-05 01:45:03 CHB 1708439?1625420701 第 1 次 等待 1 秒
2021-07-05 01:45:04 CHB 1708439?1625420701 第 1 次 获取到号码【1708439】GSD
2021-07-05 01:45:04 获取到号码【1708439】的GSD为【吉林-长春】
2021-07-05 01:45:08 GSD insert 第 1 次 等待 1 秒
2021-07-05 01:45:09 {"status":"ok","msg":"添加成功！194465"}
2021-07-05 01:45:09 下次操作: 2021-07-05 01:45:27

2021-07-05 01:45:27 开始第 29 次操作

2021-07-05 01:45:27 开始操作号码 【1708440】
2021-07-05 01:45:31 GSD getOne 第 1 次 等待 1 秒
2021-07-05 01:45:32 查询号码 【1708440】，返回信息 {"status":"bad","msg":""}
2021-07-05 01:45:32 查询号码 【1708440】，GSD为【""】
2021-07-05 01:45:32 bad
2021-07-05 01:45:34 CHB 1708440?1625420732 第 1 次 等待 1 秒
2021-07-05 01:45:35 CHB 1708440?1625420732 第 1 次 获取到号码【1708440】GSD
2021-07-05 01:45:35 获取到号码【1708440】的GSD为【广东-东莞】
2021-07-05 01:45:47 GSD insert 第 1 次 等待 1 秒
2021-07-05 01:45:48 {"status":"ok","msg":"添加成功！194472"}
2021-07-05 01:45:48 下次操作: 2021-07-05 01:45:57

2021-07-05 01:45:57 开始第 30 次操作

2021-07-05 01:45:57 开始操作号码 【1708441】
2021-07-05 01:46:01 GSD getOne 第 1 次 等待 1 秒
2021-07-05 01:46:02 查询号码 【1708441】，返回信息 {"status":"bad","msg":""}
2021-07-05 01:46:02 查询号码 【1708441】，GSD为【""】
2021-07-05 01:46:02 bad
2021-07-05 01:46:04 CHB 1708441?1625420762 第 1 次 等待 1 秒
2021-07-05 01:46:05 CHB 1708441?1625420762 第 1 次 获取到号码【1708441】GSD
2021-07-05 01:46:05 获取到号码【1708441】的GSD为【广东-东莞】
2021-07-05 01:46:08 GSD insert 第 1 次 等待 1 秒
2021-07-05 01:46:09 {"status":"ok","msg":"添加成功！194477"}

2021-07-05 02:53:15 开始第 1 次操作

2021-07-05 02:53:15 开始操作号码 【1708442】
2021-07-05 02:53:19 GSD getOne 第 1 次 等待 1 秒
2021-07-05 02:53:20 查询号码 【1708442】，返回信息 {"status":"bad","msg":""}
2021-07-05 02:53:20 查询号码 【1708442】，GSD为【""】
2021-07-05 02:53:20 bad
2021-07-05 02:53:22 CHB 1708442?1625424800 第 1 次 等待 1 秒
2021-07-05 02:53:23 CHB 1708442?1625424800 第 1 次 获取到号码【1708442】GSD
2021-07-05 02:53:23 获取到号码【1708442】的GSD为【广东-东莞】
2021-07-05 02:53:42 GSD insert 第 1 次 等待 1 秒
2021-07-05 02:53:43 {"status":"ok","msg":"添加成功！194727"}
2021-07-05 02:53:43 下次操作: 2021-07-05 02:53:51

2021-07-05 02:53:51 开始第 2 次操作

2021-07-05 02:53:51 开始操作号码 【1708443】
2021-07-05 02:54:02 GSD getOne 第 1 次 等待 1 秒
2021-07-05 02:54:03 查询号码 【1708443】，返回信息 {"status":"bad","msg":""}
2021-07-05 02:54:03 查询号码 【1708443】，GSD为【""】
2021-07-05 02:54:03 bad
2021-07-05 02:54:09 CHB 1708443?1625424843 第 1 次 等待 1 秒
2021-07-05 02:54:10 CHB 1708443?1625424843 第 1 次 获取到号码【1708443】GSD
2021-07-05 02:54:10 获取到号码【1708443】的GSD为【广东-东莞】
2021-07-05 02:54:29 GSD insert 第 1 次 等待 1 秒
2021-07-05 02:54:30 {"status":"ok","msg":"添加成功！194737"}
2021-07-05 02:54:30 下次操作: 2021-07-05 02:54:44

2021-07-05 02:54:44 开始第 3 次操作

2021-07-05 02:54:44 开始操作号码 【1708444】
2021-07-05 02:54:49 GSD getOne 第 1 次 等待 1 秒
2021-07-05 02:54:50 查询号码 【1708444】，返回信息 {"status":"bad","msg":""}
2021-07-05 02:54:50 查询号码 【1708444】，GSD为【""】
2021-07-05 02:54:50 bad
2021-07-05 02:54:55 CHB 1708444?1625424890 第 1 次 等待 1 秒
2021-07-05 02:54:56 CHB 1708444?1625424890 第 1 次 获取到号码【1708444】GSD
2021-07-05 02:54:56 获取到号码【1708444】的GSD为【广东-东莞】
2021-07-05 02:55:15 GSD insert 第 1 次 等待 1 秒
2021-07-05 02:55:16 {"status":"ok","msg":"添加成功！194747"}
2021-07-05 02:55:16 下次操作: 2021-07-05 02:55:27

2021-07-05 02:55:27 开始第 4 次操作

2021-07-05 02:55:27 开始操作号码 【1708445】
2021-07-05 02:55:38 GSD getOne 第 1 次 等待 1 秒
2021-07-05 02:55:39 查询号码 【1708445】，返回信息 {"status":"bad","msg":""}
2021-07-05 02:55:39 查询号码 【1708445】，GSD为【""】
2021-07-05 02:55:39 bad
2021-07-05 02:55:44 CHB 1708445?1625424939 第 1 次 等待 1 秒
2021-07-05 02:55:45 CHB 1708445?1625424939 第 1 次 获取到号码【1708445】GSD
2021-07-05 02:55:45 获取到号码【1708445】的GSD为【广东-东莞】
2021-07-05 02:56:04 GSD insert 第 1 次 等待 1 秒
2021-07-05 02:56:05 {"status":"ok","msg":"添加成功！194756"}
2021-07-05 02:56:05 下次操作: 2021-07-05 02:56:19

2021-07-05 02:56:19 开始第 5 次操作

2021-07-05 02:56:19 开始操作号码 【1708446】
2021-07-05 02:56:24 GSD getOne 第 1 次 等待 1 秒
2021-07-05 02:56:25 查询号码 【1708446】，返回信息 {"status":"bad","msg":""}
2021-07-05 02:56:25 查询号码 【1708446】，GSD为【""】
2021-07-05 02:56:25 bad
2021-07-05 02:56:31 CHB 1708446?1625424985 第 1 次 等待 1 秒
2021-07-05 02:56:32 CHB 1708446?1625424985 第 1 次 获取到号码【1708446】GSD
2021-07-05 02:56:32 获取到号码【1708446】的GSD为【广东-东莞】
2021-07-05 02:56:51 GSD insert 第 1 次 等待 1 秒
2021-07-05 02:56:52 {"status":"ok","msg":"添加成功！194767"}
2021-07-05 02:56:52 下次操作: 2021-07-05 02:57:00

2021-07-05 02:57:00 开始第 6 次操作

2021-07-05 02:57:00 开始操作号码 【1708447】
2021-07-05 02:57:11 GSD getOne 第 1 次 等待 1 秒
2021-07-05 02:57:12 查询号码 【1708447】，返回信息 {"status":"bad","msg":""}
2021-07-05 02:57:12 查询号码 【1708447】，GSD为【""】
2021-07-05 02:57:12 bad
2021-07-05 02:57:13 CHB 1708447?1625425032 第 1 次 等待 1 秒
2021-07-05 02:57:14 CHB 1708447?1625425032 第 1 次 获取到号码【1708447】GSD
2021-07-05 02:57:14 获取到号码【1708447】的GSD为【广东-东莞】
2021-07-05 02:57:33 GSD insert 第 1 次 等待 1 秒
2021-07-05 02:57:34 {"status":"ok","msg":"添加成功！194780"}
2021-07-05 02:57:34 下次操作: 2021-07-05 02:57:49

2021-07-05 02:57:49 开始第 7 次操作

2021-07-05 02:57:49 开始操作号码 【1708448】
2021-07-05 02:57:55 GSD getOne 第 1 次 等待 1 秒
2021-07-05 02:57:56 查询号码 【1708448】，返回信息 {"status":"bad","msg":""}
2021-07-05 02:57:56 查询号码 【1708448】，GSD为【""】
2021-07-05 02:57:56 bad
2021-07-05 02:57:58 CHB 1708448?1625425076 第 1 次 等待 1 秒
2021-07-05 02:57:59 CHB 1708448?1625425076 第 1 次 获取到号码【1708448】GSD
2021-07-05 02:57:59 获取到号码【1708448】的GSD为【广东-东莞】
2021-07-05 02:58:18 GSD insert 第 1 次 等待 1 秒
2021-07-05 02:58:19 {"status":"ok","msg":"添加成功！194789"}
2021-07-05 02:58:19 下次操作: 2021-07-05 02:58:36

2021-07-05 02:58:36 开始第 8 次操作

2021-07-05 02:58:36 开始操作号码 【1708449】
2021-07-05 02:58:40 GSD getOne 第 1 次 等待 1 秒
2021-07-05 02:58:41 查询号码 【1708449】，返回信息 {"status":"bad","msg":""}
2021-07-05 02:58:41 查询号码 【1708449】，GSD为【""】
2021-07-05 02:58:41 bad
2021-07-05 02:58:42 CHB 1708449?1625425121 第 1 次 等待 1 秒
2021-07-05 02:58:43 CHB 1708449?1625425121 第 1 次 获取到号码【1708449】GSD
2021-07-05 02:58:43 获取到号码【1708449】的GSD为【广东-东莞】
2021-07-05 02:59:02 GSD insert 第 1 次 等待 1 秒
2021-07-05 02:59:03 {"status":"ok","msg":"添加成功！194797"}
2021-07-05 02:59:03 下次操作: 2021-07-05 02:59:19

2021-07-05 02:59:19 开始第 9 次操作

2021-07-05 02:59:19 开始操作号码 【1708450】
2021-07-05 02:59:23 GSD getOne 第 1 次 等待 1 秒
2021-07-05 02:59:24 查询号码 【1708450】，返回信息 {"status":"bad","msg":""}
2021-07-05 02:59:24 查询号码 【1708450】，GSD为【""】
2021-07-05 02:59:24 bad
2021-07-05 02:59:26 CHB 1708450?1625425164 第 1 次 等待 1 秒
2021-07-05 02:59:27 CHB 1708450?1625425164 第 1 次 获取到号码【1708450】GSD
2021-07-05 02:59:27 获取到号码【1708450】的GSD为【黑龙江-哈尔滨】
2021-07-05 02:59:46 GSD insert 第 1 次 等待 1 秒
2021-07-05 02:59:47 {"status":"ok","msg":"添加成功！194805"}
2021-07-05 02:59:47 下次操作: 2021-07-05 03:00:04

2021-07-05 03:00:04 开始第 10 次操作

2021-07-05 03:00:04 开始操作号码 【1708451】
2021-07-05 03:00:08 GSD getOne 第 1 次 等待 1 秒
2021-07-05 03:00:09 查询号码 【1708451】，返回信息 {"status":"bad","msg":""}
2021-07-05 03:00:09 查询号码 【1708451】，GSD为【""】
2021-07-05 03:00:09 bad
2021-07-05 03:00:15 CHB 1708451?1625425209 第 1 次 等待 1 秒
2021-07-05 03:00:16 CHB 1708451?1625425209 第 1 次 获取到号码【1708451】GSD
2021-07-05 03:00:16 获取到号码【1708451】的GSD为【黑龙江-哈尔滨】
2021-07-05 03:00:35 GSD insert 第 1 次 等待 1 秒
2021-07-05 03:00:36 {"status":"ok","msg":"添加成功！194812"}
2021-07-05 03:00:36 下次操作: 2021-07-05 03:00:42

2021-07-05 03:00:42 开始第 11 次操作

2021-07-05 03:00:42 开始操作号码 【1708452】
2021-07-05 03:01:01 GSD getOne 第 1 次 等待 1 秒
2021-07-05 03:01:03 查询号码 【1708452】，返回信息 {"status":"bad","msg":""}
2021-07-05 03:01:03 查询号码 【1708452】，GSD为【""】
2021-07-05 03:01:03 bad
2021-07-05 03:01:04 CHB 1708452?1625425263 第 1 次 等待 1 秒
2021-07-05 03:01:05 CHB 1708452?1625425263 第 1 次 获取到号码【1708452】GSD
2021-07-05 03:01:05 获取到号码【1708452】的GSD为【黑龙江-大庆】
2021-07-05 03:01:25 GSD insert 第 1 次 等待 1 秒
2021-07-05 03:01:26 {"status":"ok","msg":"添加成功！194821"}
2021-07-05 03:01:26 下次操作: 2021-07-05 03:01:34

2021-07-05 03:01:34 开始第 12 次操作

2021-07-05 03:01:34 开始操作号码 【1708453】
2021-07-05 03:01:45 GSD getOne 第 1 次 等待 1 秒
2021-07-05 03:01:46 查询号码 【1708453】，返回信息 {"status":"bad","msg":""}
2021-07-05 03:01:46 查询号码 【1708453】，GSD为【""】
2021-07-05 03:01:46 bad
2021-07-05 03:01:48 CHB 1708453?1625425306 第 1 次 等待 1 秒
2021-07-05 03:01:49 CHB 1708453?1625425306 第 1 次 获取到号码【1708453】GSD
2021-07-05 03:01:49 获取到号码【1708453】的GSD为【黑龙江-大庆】
2021-07-05 03:02:08 GSD insert 第 1 次 等待 1 秒
2021-07-05 03:02:09 {"status":"ok","msg":"添加成功！194830"}
2021-07-05 03:02:09 下次操作: 2021-07-05 03:02:23

2021-07-05 03:02:23 开始第 13 次操作

2021-07-05 03:02:23 开始操作号码 【1708454】
2021-07-05 03:02:28 GSD getOne 第 1 次 等待 1 秒
2021-07-05 03:02:29 查询号码 【1708454】，返回信息 {"status":"bad","msg":""}
2021-07-05 03:02:29 查询号码 【1708454】，GSD为【""】
2021-07-05 03:02:29 bad
2021-07-05 03:02:31 CHB 1708454?1625425349 第 1 次 等待 1 秒
2021-07-05 03:02:32 CHB 1708454?1625425349 第 1 次 获取到号码【1708454】GSD
2021-07-05 03:02:32 获取到号码【1708454】的GSD为【黑龙江-大庆】
2021-07-05 03:02:51 GSD insert 第 1 次 等待 1 秒
2021-07-05 03:02:52 {"status":"ok","msg":"添加成功！194838"}
2021-07-05 03:02:52 下次操作: 2021-07-05 03:03:09

2021-07-05 03:03:09 开始第 14 次操作

2021-07-05 03:03:09 开始操作号码 【1708455】
2021-07-05 03:03:13 GSD getOne 第 1 次 等待 1 秒
2021-07-05 03:03:14 查询号码 【1708455】，返回信息 {"status":"bad","msg":""}
2021-07-05 03:03:14 查询号码 【1708455】，GSD为【""】
2021-07-05 03:03:14 bad
2021-07-05 03:03:15 CHB 1708455?1625425394 第 1 次 等待 1 秒
2021-07-05 03:03:16 CHB 1708455?1625425394 第 1 次 获取到号码【1708455】GSD
2021-07-05 03:03:16 获取到号码【1708455】的GSD为【黑龙江-大庆】
2021-07-05 03:03:36 GSD insert 第 1 次 等待 1 秒
2021-07-05 03:03:37 {"status":"ok","msg":"添加成功！194849"}
2021-07-05 03:03:37 下次操作: 2021-07-05 03:03:53

2021-07-05 03:03:53 开始第 15 次操作

2021-07-05 03:03:53 开始操作号码 【1708456】
2021-07-05 03:03:57 GSD getOne 第 1 次 等待 1 秒
2021-07-05 03:03:58 查询号码 【1708456】，返回信息 {"status":"ok","msg":"黑龙江-大庆","time_insert":"2018-10-10 20:34","time_update":"2020-08-22 18:23"}
2021-07-05 03:03:58 查询号码 【1708456】，GSD为【"黑龙江-大庆"】

2021-07-05 03:03:58 开始第 15 次操作

2021-07-05 03:03:58 开始操作号码 【1708457】
2021-07-05 03:04:17 GSD getOne 第 1 次 等待 1 秒
2021-07-05 03:04:18 查询号码 【1708457】，返回信息 {"status":"ok","msg":"黑龙江-大庆","time_insert":"2018-01-14 17:42","time_update":"2020-08-22 18:55"}
2021-07-05 03:04:18 查询号码 【1708457】，GSD为【"黑龙江-大庆"】

2021-07-05 03:04:18 开始第 15 次操作

2021-07-05 03:04:18 开始操作号码 【1708458】
2021-07-05 03:04:37 GSD getOne 第 1 次 等待 1 秒
2021-07-05 03:04:38 查询号码 【1708458】，返回信息 {"status":"bad","msg":""}
2021-07-05 03:04:38 查询号码 【1708458】，GSD为【""】
2021-07-05 03:04:38 bad
2021-07-05 03:04:40 CHB 1708458?1625425478 第 1 次 等待 1 秒
2021-07-05 03:04:41 CHB 1708458?1625425478 第 1 次 获取到号码【1708458】GSD
2021-07-05 03:04:41 获取到号码【1708458】的GSD为【黑龙江-大庆】
2021-07-05 03:05:00 GSD insert 第 1 次 等待 1 秒
2021-07-05 03:05:01 {"status":"ok","msg":"添加成功！194863"}
2021-07-05 03:05:01 下次操作: 2021-07-05 03:05:09

2021-07-05 03:05:09 开始第 16 次操作

2021-07-05 03:05:09 开始操作号码 【1708459】
2021-07-05 03:05:20 GSD getOne 第 1 次 等待 1 秒
2021-07-05 03:05:21 查询号码 【1708459】，返回信息 {"status":"bad","msg":""}
2021-07-05 03:05:21 查询号码 【1708459】，GSD为【""】
2021-07-05 03:05:21 bad
2021-07-05 03:05:23 CHB 1708459?1625425521 第 1 次 等待 1 秒
2021-07-05 03:05:24 CHB 1708459?1625425521 第 1 次 获取到号码【1708459】GSD
2021-07-05 03:05:24 获取到号码【1708459】的GSD为【黑龙江-大庆】
2021-07-05 03:05:43 GSD insert 第 1 次 等待 1 秒
2021-07-05 03:05:44 {"status":"ok","msg":"添加成功！194870"}
2021-07-05 03:05:44 下次操作: 2021-07-05 03:05:53

2021-07-05 03:05:53 开始第 17 次操作

2021-07-05 03:05:53 开始操作号码 【1708460】
2021-07-05 03:06:04 GSD getOne 第 1 次 等待 1 秒
2021-07-05 03:06:05 查询号码 【1708460】，返回信息 {"status":"bad","msg":""}
2021-07-05 03:06:05 查询号码 【1708460】，GSD为【""】
2021-07-05 03:06:05 bad
2021-07-05 03:06:07 CHB 1708460?1625425565 第 1 次 等待 1 秒
2021-07-05 03:06:08 CHB 1708460?1625425565 第 1 次 获取到号码【1708460】GSD
2021-07-05 03:06:08 获取到号码【1708460】的GSD为【广东-佛山】
2021-07-05 03:06:27 GSD insert 第 1 次 等待 1 秒
2021-07-05 03:06:28 {"status":"ok","msg":"添加成功！194876"}
2021-07-05 03:06:28 下次操作: 2021-07-05 03:06:36

2021-07-05 03:06:36 开始第 18 次操作

2021-07-05 03:06:36 开始操作号码 【1708461】
2021-07-05 03:06:48 GSD getOne 第 1 次 等待 1 秒
2021-07-05 03:06:49 查询号码 【1708461】，返回信息 {"status":"bad","msg":""}
2021-07-05 03:06:49 查询号码 【1708461】，GSD为【""】
2021-07-05 03:06:49 bad
2021-07-05 03:06:50 CHB 1708461?1625425609 第 1 次 等待 1 秒
2021-07-05 03:06:51 CHB 1708461?1625425609 第 1 次 获取到号码【1708461】GSD
2021-07-05 03:06:51 获取到号码【1708461】的GSD为【广东-佛山】
2021-07-05 03:07:11 GSD insert 第 1 次 等待 1 秒
2021-07-05 03:07:12 {"status":"ok","msg":"添加成功！194881"}
2021-07-05 03:07:12 下次操作: 2021-07-05 03:07:28

2021-07-05 03:07:28 开始第 19 次操作

2021-07-05 03:07:28 开始操作号码 【1708462】
2021-07-05 03:07:32 GSD getOne 第 1 次 等待 1 秒
2021-07-05 03:07:33 查询号码 【1708462】，返回信息 {"status":"bad","msg":""}
2021-07-05 03:07:33 查询号码 【1708462】，GSD为【""】
2021-07-05 03:07:33 bad
2021-07-05 03:07:34 CHB 1708462?1625425653 第 1 次 等待 1 秒
2021-07-05 03:07:35 CHB 1708462?1625425653 第 1 次 获取到号码【1708462】GSD
2021-07-05 03:07:35 获取到号码【1708462】的GSD为【广东-佛山】
2021-07-05 03:07:54 GSD insert 第 1 次 等待 1 秒
2021-07-05 03:07:55 {"status":"ok","msg":"添加成功！194887"}
2021-07-05 03:07:55 下次操作: 2021-07-05 03:08:01

2021-07-05 03:08:01 开始第 20 次操作

2021-07-05 03:08:01 开始操作号码 【1708463】
2021-07-05 03:08:21 GSD getOne 第 1 次 等待 1 秒
2021-07-05 03:08:22 查询号码 【1708463】，返回信息 {"status":"bad","msg":""}
2021-07-05 03:08:22 查询号码 【1708463】，GSD为【""】
2021-07-05 03:08:22 bad
2021-07-05 03:08:23 CHB 1708463?1625425702 第 1 次 等待 1 秒
2021-07-05 03:08:24 CHB 1708463?1625425702 第 1 次 获取到号码【1708463】GSD
2021-07-05 03:08:24 获取到号码【1708463】的GSD为【广东-佛山】
2021-07-05 03:08:44 GSD insert 第 1 次 等待 1 秒
2021-07-05 03:08:45 {"status":"ok","msg":"添加成功！194895"}
2021-07-05 03:08:45 下次操作: 2021-07-05 03:08:52

2021-07-05 03:08:52 开始第 21 次操作

2021-07-05 03:08:52 开始操作号码 【1708464】
2021-07-05 03:09:11 GSD getOne 第 1 次 等待 1 秒
2021-07-05 03:09:12 查询号码 【1708464】，返回信息 {"status":"bad","msg":""}
2021-07-05 03:09:12 查询号码 【1708464】，GSD为【""】
2021-07-05 03:09:12 bad
2021-07-05 03:09:13 CHB 1708464?1625425752 第 1 次 等待 1 秒
2021-07-05 03:09:14 CHB 1708464?1625425752 第 1 次 获取到号码【1708464】GSD
2021-07-05 03:09:14 获取到号码【1708464】的GSD为【广东-佛山】
2021-07-05 03:09:33 GSD insert 第 1 次 等待 1 秒
2021-07-05 03:09:34 {"status":"ok","msg":"添加成功！194902"}
2021-07-05 03:09:34 下次操作: 2021-07-05 03:09:43

2021-07-05 03:09:43 开始第 22 次操作

2021-07-05 03:09:43 开始操作号码 【1708465】
2021-07-05 03:09:54 GSD getOne 第 1 次 等待 1 秒
2021-07-05 03:09:55 查询号码 【1708465】，返回信息 {"status":"bad","msg":""}
2021-07-05 03:09:56 查询号码 【1708465】，GSD为【""】
2021-07-05 03:09:56 bad
2021-07-05 03:09:57 CHB 1708465?1625425796 第 1 次 等待 1 秒
2021-07-05 03:09:58 CHB 1708465?1625425796 第 1 次 获取到号码【1708465】GSD
2021-07-05 03:09:58 获取到号码【1708465】的GSD为【广东-佛山】
2021-07-05 03:10:17 GSD insert 第 1 次 等待 1 秒
2021-07-05 03:10:18 {"status":"ok","msg":"添加成功！194908"}
2021-07-05 03:10:18 下次操作: 2021-07-05 03:10:24

2021-07-05 03:10:24 开始第 23 次操作

2021-07-05 03:10:24 开始操作号码 【1708466】
2021-07-05 03:10:43 GSD getOne 第 1 次 等待 1 秒
2021-07-05 03:10:44 查询号码 【1708466】，返回信息 {"status":"bad","msg":""}
2021-07-05 03:10:45 查询号码 【1708466】，GSD为【""】
2021-07-05 03:10:45 bad
2021-07-05 03:10:46 CHB 1708466?1625425845 第 1 次 等待 1 秒
2021-07-05 03:10:47 CHB 1708466?1625425845 第 1 次 获取到号码【1708466】GSD
2021-07-05 03:10:47 获取到号码【1708466】的GSD为【广东-佛山】
2021-07-05 03:11:06 GSD insert 第 1 次 等待 1 秒
2021-07-05 03:11:07 {"status":"ok","msg":"添加成功！194913"}
2021-07-05 03:11:07 下次操作: 2021-07-05 03:11:14

2021-07-05 03:11:14 开始第 24 次操作

2021-07-05 03:11:14 开始操作号码 【1708467】
2021-07-05 03:11:33 GSD getOne 第 1 次 等待 1 秒
2021-07-05 03:11:34 查询号码 【1708467】，返回信息 {"status":"bad","msg":""}
2021-07-05 03:11:34 查询号码 【1708467】，GSD为【""】
2021-07-05 03:11:34 bad
2021-07-05 03:11:36 CHB 1708467?1625425894 第 1 次 等待 1 秒
2021-07-05 03:11:37 CHB 1708467?1625425894 第 1 次 获取到号码【1708467】GSD
2021-07-05 03:11:37 获取到号码【1708467】的GSD为【广东-佛山】
2021-07-05 03:11:56 GSD insert 第 1 次 等待 1 秒
2021-07-05 03:11:57 {"status":"ok","msg":"添加成功！194919"}
2021-07-05 03:11:57 下次操作: 2021-07-05 03:12:14

2021-07-05 03:12:14 开始第 25 次操作

2021-07-05 03:12:14 开始操作号码 【1708468】
2021-07-05 03:12:18 GSD getOne 第 1 次 等待 1 秒
2021-07-05 03:12:19 查询号码 【1708468】，返回信息 {"status":"bad","msg":""}
2021-07-05 03:12:19 查询号码 【1708468】，GSD为【""】
2021-07-05 03:12:19 bad
2021-07-05 03:12:20 CHB 1708468?1625425939 第 1 次 等待 1 秒
2021-07-05 03:12:21 CHB 1708468?1625425939 第 1 次 获取到号码【1708468】GSD
2021-07-05 03:12:21 获取到号码【1708468】的GSD为【广东-佛山】
2021-07-05 03:12:41 GSD insert 第 1 次 等待 1 秒
2021-07-05 03:12:42 {"status":"ok","msg":"添加成功！194927"}
2021-07-05 03:12:42 下次操作: 2021-07-05 03:12:51

2021-07-05 03:12:51 开始第 26 次操作

2021-07-05 03:12:51 开始操作号码 【1708469】
2021-07-05 03:13:02 GSD getOne 第 1 次 等待 1 秒
2021-07-05 03:13:03 查询号码 【1708469】，返回信息 {"status":"bad","msg":""}
2021-07-05 03:13:03 查询号码 【1708469】，GSD为【""】
2021-07-05 03:13:03 bad
2021-07-05 03:13:04 CHB 1708469?1625425983 第 1 次 等待 1 秒
2021-07-05 03:13:05 CHB 1708469?1625425983 第 1 次 获取到号码【1708469】GSD
2021-07-05 03:13:05 获取到号码【1708469】的GSD为【广东-佛山】
2021-07-05 03:13:24 GSD insert 第 1 次 等待 1 秒
2021-07-05 03:13:25 {"status":"ok","msg":"添加成功！194932"}
2021-07-05 03:13:25 下次操作: 2021-07-05 03:13:38

2021-07-05 03:13:38 开始第 27 次操作

2021-07-05 03:13:38 开始操作号码 【1708470】
2021-07-05 03:13:45 GSD getOne 第 1 次 等待 1 秒
2021-07-05 03:13:46 查询号码 【1708470】，返回信息 {"status":"bad","msg":""}
2021-07-05 03:13:46 查询号码 【1708470】，GSD为【""】
2021-07-05 03:13:46 bad
2021-07-05 03:13:48 CHB 1708470?1625426026 第 1 次 等待 1 秒
2021-07-05 03:13:49 CHB 1708470?1625426026 第 1 次 获取到号码【1708470】GSD
2021-07-05 03:13:49 获取到号码【1708470】的GSD为【内蒙古-呼和浩特】
2021-07-05 03:14:11 GSD insert 第 1 次 等待 1 秒
2021-07-05 03:14:12 {"status":"ok","msg":"添加成功！194938"}
2021-07-05 03:14:12 下次操作: 2021-07-05 03:14:28

2021-07-05 03:14:28 开始第 28 次操作

2021-07-05 03:14:28 开始操作号码 【1708471】
2021-07-05 03:14:32 GSD getOne 第 1 次 等待 1 秒
2021-07-05 03:14:33 查询号码 【1708471】，返回信息 {"status":"bad","msg":""}
2021-07-05 03:14:33 查询号码 【1708471】，GSD为【""】
2021-07-05 03:14:33 bad
2021-07-05 03:14:38 CHB 1708471?1625426073 第 1 次 等待 1 秒
2021-07-05 03:14:39 CHB 1708471?1625426073 第 1 次 获取到号码【1708471】GSD
2021-07-05 03:14:39 获取到号码【1708471】的GSD为【内蒙古-呼和浩特】
2021-07-05 03:14:58 GSD insert 第 1 次 等待 1 秒
2021-07-05 03:14:59 {"status":"ok","msg":"添加成功！194947"}
2021-07-05 03:14:59 下次操作: 2021-07-05 03:15:12

2021-07-05 03:15:12 开始第 29 次操作

2021-07-05 03:15:12 开始操作号码 【1708472】
2021-07-05 03:15:19 GSD getOne 第 1 次 等待 1 秒
2021-07-05 03:15:20 查询号码 【1708472】，返回信息 {"status":"bad","msg":""}
2021-07-05 03:15:20 查询号码 【1708472】，GSD为【""】
2021-07-05 03:15:20 bad
2021-07-05 03:15:21 CHB 1708472?1625426120 第 1 次 等待 1 秒
2021-07-05 03:15:22 CHB 1708472?1625426120 第 1 次 获取到号码【1708472】GSD
2021-07-05 03:15:22 获取到号码【1708472】的GSD为【内蒙古-呼和浩特】
2021-07-05 03:15:42 GSD insert 第 1 次 等待 1 秒
2021-07-05 03:15:43 {"status":"ok","msg":"添加成功！194953"}
2021-07-05 03:15:43 下次操作: 2021-07-05 03:15:50

2021-07-05 03:15:50 开始第 30 次操作

2021-07-05 03:15:50 开始操作号码 【1708473】
2021-07-05 03:16:09 GSD getOne 第 1 次 等待 1 秒
2021-07-05 03:16:10 查询号码 【1708473】，返回信息 {"status":"bad","msg":""}
2021-07-05 03:16:10 查询号码 【1708473】，GSD为【""】
2021-07-05 03:16:10 bad
2021-07-05 03:16:11 CHB 1708473?1625426170 第 1 次 等待 1 秒
2021-07-05 03:16:12 CHB 1708473?1625426170 第 1 次 获取到号码【1708473】GSD
2021-07-05 03:16:12 获取到号码【1708473】的GSD为【内蒙古-呼和浩特】
2021-07-05 03:16:32 GSD insert 第 1 次 等待 1 秒
2021-07-05 03:16:33 {"status":"ok","msg":"添加成功！194957"}

