2024-10-03 00:18:46 开始第 7889 次操作

2024-10-03 00:18:46 开始操作号码 【1387888】
2024-10-03 00:18:48 GSD getOne 第 1 次 等待 3 秒
2024-10-03 00:18:51 查询号码 【1387888】，返回信息 {"status":"ok","msg":"广西-南宁","gid":"350296","time_insert":"2021-07-22 00:11"}
2024-10-03 00:18:51 查询号码 【1387888】，GSD为【"广西-南宁"】

2024-10-03 00:18:52 开始第 7890 次操作

2024-10-03 00:18:52 开始操作号码 【1387889】
2024-10-03 00:18:54 GSD getOne 第 1 次 等待 3 秒
2024-10-03 00:18:57 查询号码 【1387889】，返回信息 {"status":"ok","msg":"广西-南宁","gid":"350290","time_insert":"2021-07-22 00:10"}
2024-10-03 00:18:57 查询号码 【1387889】，GSD为【"广西-南宁"】

2024-10-03 00:18:58 开始第 7891 次操作

2024-10-03 00:18:58 开始操作号码 【1387890】
2024-10-03 00:19:00 GSD getOne 第 1 次 等待 3 秒
2024-10-03 00:19:03 查询号码 【1387890】，返回信息 {"status":"ok","msg":"广西-北海","gid":"350282","time_insert":"2021-07-22 00:10"}
2024-10-03 00:19:03 查询号码 【1387890】，GSD为【"广西-北海"】

2024-10-03 00:19:04 开始第 7892 次操作

2024-10-03 00:19:04 开始操作号码 【1387891】
2024-10-03 00:19:06 GSD getOne 第 1 次 等待 3 秒
2024-10-03 00:19:09 查询号码 【1387891】，返回信息 {"status":"ok","msg":"广西-北海","gid":"350274","time_insert":"2021-07-22 00:09"}
2024-10-03 00:19:09 查询号码 【1387891】，GSD为【"广西-北海"】

2024-10-03 00:43:47 开始第 7893 次操作

2024-10-03 00:43:47 开始操作号码 【1387892】
2024-10-03 00:43:50 GSD getOne 第 1 次 等待 3 秒
2024-10-03 00:43:53 查询号码 【1387892】，返回信息 {"status":"ok","msg":"广西-北海","gid":"350270","time_insert":"2021-07-22 00:09"}
2024-10-03 00:43:54 查询号码 【1387892】，GSD为【"广西-北海"】

2024-10-03 00:43:55 开始第 7894 次操作

2024-10-03 00:43:55 开始操作号码 【1387893】
2024-10-03 00:43:56 GSD getOne 第 1 次 等待 3 秒
2024-10-03 00:43:59 查询号码 【1387893】，返回信息 {"status":"ok","msg":"广西-北海","gid":"350262","time_insert":"2021-07-22 00:08"}
2024-10-03 00:43:59 查询号码 【1387893】，GSD为【"广西-北海"】

2024-10-03 00:44:00 开始第 7895 次操作

2024-10-03 00:44:00 开始操作号码 【1387894】
2024-10-03 00:44:02 GSD getOne 第 1 次 等待 3 秒
2024-10-03 00:44:05 查询号码 【1387894】，返回信息 {"status":"ok","msg":"广西-北海","gid":"350255","time_insert":"2021-07-22 00:07"}
2024-10-03 00:44:05 查询号码 【1387894】，GSD为【"广西-北海"】

2024-10-03 00:44:06 开始第 7896 次操作

2024-10-03 00:44:06 开始操作号码 【1387895】
2024-10-03 00:44:11 GSD getOne 第 1 次 等待 3 秒
2024-10-03 00:44:14 查询号码 【1387895】，返回信息 {"status":"ok","msg":"广西-北海","gid":"350248","time_insert":"2021-07-22 00:07"}
2024-10-03 00:44:14 查询号码 【1387895】，GSD为【"广西-北海"】

2024-10-03 01:12:46 开始第 7897 次操作

2024-10-03 01:12:46 开始操作号码 【1387896】
2024-10-03 01:12:48 GSD getOne 第 1 次 等待 3 秒
2024-10-03 01:12:51 查询号码 【1387896】，返回信息 {"status":"ok","msg":"广西-北海","gid":"350237","time_insert":"2021-07-22 00:06"}
2024-10-03 01:12:51 查询号码 【1387896】，GSD为【"广西-北海"】

2024-10-03 01:12:52 开始第 7898 次操作

2024-10-03 01:12:52 开始操作号码 【1387897】
2024-10-03 01:12:54 GSD getOne 第 1 次 等待 3 秒
2024-10-03 01:12:57 查询号码 【1387897】，返回信息 {"status":"ok","msg":"广西-北海","gid":"350228","time_insert":"2021-07-22 00:05"}
2024-10-03 01:12:57 查询号码 【1387897】，GSD为【"广西-北海"】

2024-10-03 01:12:58 开始第 7899 次操作

2024-10-03 01:12:58 开始操作号码 【1387898】
2024-10-03 01:13:00 GSD getOne 第 1 次 等待 3 秒
2024-10-03 01:13:03 查询号码 【1387898】，返回信息 {"status":"ok","msg":"广西-北海","gid":"350223","time_insert":"2021-07-22 00:05"}
2024-10-03 01:13:03 查询号码 【1387898】，GSD为【"广西-北海"】

2024-10-03 01:13:04 开始第 7900 次操作

2024-10-03 01:13:04 开始操作号码 【1387899】
2024-10-03 01:13:08 GSD getOne 第 1 次 等待 3 秒
2024-10-03 01:13:11 查询号码 【1387899】，返回信息 {"status":"ok","msg":"广西-北海","gid":"350215","time_insert":"2021-07-22 00:04"}
2024-10-03 01:13:11 查询号码 【1387899】，GSD为【"广西-北海"】

2024-10-03 01:36:53 开始第 7901 次操作

2024-10-03 01:36:53 开始操作号码 【1387900】
2024-10-03 01:36:55 GSD getOne 第 1 次 等待 3 秒
2024-10-03 01:36:58 查询号码 【1387900】，返回信息 {"status":"ok","msg":"江西-新余","gid":"350209","time_insert":"2021-07-22 00:03"}
2024-10-03 01:36:58 查询号码 【1387900】，GSD为【"江西-新余"】

2024-10-03 01:36:59 开始第 7902 次操作

2024-10-03 01:36:59 开始操作号码 【1387901】
2024-10-03 01:37:01 GSD getOne 第 1 次 等待 3 秒
2024-10-03 01:37:04 查询号码 【1387901】，返回信息 {"status":"ok","msg":"江西-新余","gid":"350201","time_insert":"2021-07-22 00:03"}
2024-10-03 01:37:04 查询号码 【1387901】，GSD为【"江西-新余"】

2024-10-03 01:37:05 开始第 7903 次操作

2024-10-03 01:37:05 开始操作号码 【1387902】
2024-10-03 01:37:07 GSD getOne 第 1 次 等待 3 秒
2024-10-03 01:37:10 查询号码 【1387902】，返回信息 {"status":"ok","msg":"江西-新余","gid":"350183","time_insert":"2021-07-22 00:01"}
2024-10-03 01:37:10 查询号码 【1387902】，GSD为【"江西-新余"】

2024-10-03 01:37:11 开始第 7904 次操作

2024-10-03 01:37:11 开始操作号码 【1387903】
2024-10-03 01:37:13 GSD getOne 第 1 次 等待 3 秒
2024-10-03 01:37:16 查询号码 【1387903】，返回信息 {"status":"ok","msg":"江西-新余","gid":"350176","time_insert":"2021-07-22 00:00"}
2024-10-03 01:37:16 查询号码 【1387903】，GSD为【"江西-新余"】

2024-10-03 02:20:19 开始第 7905 次操作

2024-10-03 02:20:19 开始操作号码 【1387904】
2024-10-03 02:20:21 GSD getOne 第 1 次 等待 3 秒
2024-10-03 02:20:24 查询号码 【1387904】，返回信息 {"status":"ok","msg":"江西-新余","gid":"350169","time_insert":"2021-07-22 00:00"}
2024-10-03 02:20:25 查询号码 【1387904】，GSD为【"江西-新余"】

2024-10-03 02:20:26 开始第 7906 次操作

2024-10-03 02:20:26 开始操作号码 【1387905】
2024-10-03 02:20:28 GSD getOne 第 1 次 等待 3 秒
2024-10-03 02:20:31 查询号码 【1387905】，返回信息 {"status":"ok","msg":"江西-新余","gid":"350160","time_insert":"2021-07-21 23:59"}
2024-10-03 02:20:31 查询号码 【1387905】，GSD为【"江西-新余"】

2024-10-03 02:20:32 开始第 7907 次操作

2024-10-03 02:20:32 开始操作号码 【1387906】
2024-10-03 02:20:34 GSD getOne 第 1 次 等待 3 秒
2024-10-03 02:20:37 查询号码 【1387906】，返回信息 {"status":"ok","msg":"江西-新余","gid":"350153","time_insert":"2021-07-21 23:58"}
2024-10-03 02:20:37 查询号码 【1387906】，GSD为【"江西-新余"】

2024-10-03 02:20:38 开始第 7908 次操作

2024-10-03 02:20:38 开始操作号码 【1387907】
2024-10-03 02:20:41 GSD getOne 第 1 次 等待 3 秒
2024-10-03 02:20:44 查询号码 【1387907】，返回信息 {"status":"ok","msg":"江西-新余","gid":"350148","time_insert":"2021-07-21 23:58"}
2024-10-03 02:20:44 查询号码 【1387907】，GSD为【"江西-新余"】

2024-10-03 02:44:21 开始第 7909 次操作

2024-10-03 02:44:21 开始操作号码 【1387908】
2024-10-03 02:44:25 GSD getOne 第 1 次 等待 3 秒
2024-10-03 02:44:28 查询号码 【1387908】，返回信息 {"status":"ok","msg":"江西-新余","gid":"350140","time_insert":"2021-07-21 23:57"}
2024-10-03 02:44:28 查询号码 【1387908】，GSD为【"江西-新余"】

2024-10-03 02:44:29 开始第 7910 次操作

2024-10-03 02:44:29 开始操作号码 【1387909】
2024-10-03 02:44:31 GSD getOne 第 1 次 等待 3 秒
2024-10-03 02:44:34 查询号码 【1387909】，返回信息 {"status":"ok","msg":"江西-新余","gid":"350137","time_insert":"2021-07-21 23:56"}
2024-10-03 02:44:34 查询号码 【1387909】，GSD为【"江西-新余"】

2024-10-03 02:44:35 开始第 7911 次操作

2024-10-03 02:44:35 开始操作号码 【1387910】
2024-10-03 02:44:38 GSD getOne 第 1 次 等待 3 秒
2024-10-03 02:44:41 查询号码 【1387910】，返回信息 {"status":"ok","msg":"江西-南昌","gid":"350128","time_insert":"2021-07-21 23:56"}
2024-10-03 02:44:41 查询号码 【1387910】，GSD为【"江西-南昌"】

2024-10-03 02:44:42 开始第 7912 次操作

2024-10-03 02:44:42 开始操作号码 【1387911】
2024-10-03 02:44:44 GSD getOne 第 1 次 等待 3 秒
2024-10-03 02:44:47 查询号码 【1387911】，返回信息 {"status":"ok","msg":"江西-南昌","gid":"350121","time_insert":"2021-07-21 23:55"}
2024-10-03 02:44:47 查询号码 【1387911】，GSD为【"江西-南昌"】

2024-10-03 03:12:00 开始第 7913 次操作

2024-10-03 03:12:00 开始操作号码 【1387912】
2024-10-03 03:12:02 GSD getOne 第 1 次 等待 3 秒
2024-10-03 03:12:05 查询号码 【1387912】，返回信息 {"status":"ok","msg":"江西-南昌","gid":"350118","time_insert":"2021-07-21 23:55"}
2024-10-03 03:12:05 查询号码 【1387912】，GSD为【"江西-南昌"】

2024-10-03 03:12:06 开始第 7914 次操作

2024-10-03 03:12:06 开始操作号码 【1387913】
2024-10-03 03:12:08 GSD getOne 第 1 次 等待 3 秒
2024-10-03 03:12:11 查询号码 【1387913】，返回信息 {"status":"ok","msg":"江西-南昌","gid":"350112","time_insert":"2021-07-21 23:54"}
2024-10-03 03:12:11 查询号码 【1387913】，GSD为【"江西-南昌"】

2024-10-03 03:12:12 开始第 7915 次操作

2024-10-03 03:12:12 开始操作号码 【1387914】
2024-10-03 03:12:13 GSD getOne 第 1 次 等待 3 秒
2024-10-03 03:12:16 查询号码 【1387914】，返回信息 {"status":"ok","msg":"江西-南昌","gid":"350107","time_insert":"2021-07-21 23:53"}
2024-10-03 03:12:16 查询号码 【1387914】，GSD为【"江西-南昌"】

2024-10-03 03:12:17 开始第 7916 次操作

2024-10-03 03:12:17 开始操作号码 【1387915】
2024-10-03 03:12:19 GSD getOne 第 1 次 等待 3 秒
2024-10-03 03:12:22 查询号码 【1387915】，返回信息 {"status":"ok","msg":"江西-南昌","gid":"350093","time_insert":"2021-07-21 23:52"}
2024-10-03 03:12:22 查询号码 【1387915】，GSD为【"江西-南昌"】

2024-10-03 03:35:54 开始第 7917 次操作

2024-10-03 03:35:54 开始操作号码 【1387916】
2024-10-03 03:35:57 GSD getOne 第 1 次 等待 3 秒
2024-10-03 03:36:00 查询号码 【1387916】，返回信息 {"status":"ok","msg":"江西-南昌","gid":"350085","time_insert":"2021-07-21 23:52"}
2024-10-03 03:36:00 查询号码 【1387916】，GSD为【"江西-南昌"】

2024-10-03 03:36:01 开始第 7918 次操作

2024-10-03 03:36:01 开始操作号码 【1387917】
2024-10-03 03:36:04 GSD getOne 第 1 次 等待 3 秒
2024-10-03 03:36:07 查询号码 【1387917】，返回信息 {"status":"ok","msg":"江西-南昌","gid":"350078","time_insert":"2021-07-21 23:51"}
2024-10-03 03:36:07 查询号码 【1387917】，GSD为【"江西-南昌"】

2024-10-03 03:36:08 开始第 7919 次操作

2024-10-03 03:36:08 开始操作号码 【1387918】
2024-10-03 03:36:10 GSD getOne 第 1 次 等待 3 秒
2024-10-03 03:36:13 查询号码 【1387918】，返回信息 {"status":"ok","msg":"江西-南昌","gid":"350072","time_insert":"2021-07-21 23:50"}
2024-10-03 03:36:13 查询号码 【1387918】，GSD为【"江西-南昌"】

2024-10-03 03:36:14 开始第 7920 次操作

2024-10-03 03:36:14 开始操作号码 【1387919】
2024-10-03 03:36:17 GSD getOne 第 1 次 等待 3 秒
2024-10-03 03:36:20 查询号码 【1387919】，返回信息 {"status":"ok","msg":"江西-南昌","gid":"350065","time_insert":"2021-07-21 23:50"}
2024-10-03 03:36:20 查询号码 【1387919】，GSD为【"江西-南昌"】

