2024-11-01 00:14:24 开始第 2533 次操作

2024-11-01 00:14:24 开始操作号码 【1302532】
2024-11-01 00:14:26 GSD getOne 第 1 次 等待 3 秒
2024-11-01 00:14:29 查询号码 【1302532】，返回信息 {"status":"ok","msg":"广东-汕头","gid":"57440","time_insert":"2021-05-10 16:23"}
2024-11-01 00:14:29 查询号码 【1302532】，GSD为【"广东-汕头"】

2024-11-01 00:14:30 开始第 2534 次操作

2024-11-01 00:14:30 开始操作号码 【1302533】
2024-11-01 00:14:31 GSD getOne 第 1 次 等待 3 秒
2024-11-01 00:14:34 查询号码 【1302533】，返回信息 {"status":"ok","msg":"广东-汕头","gid":"57447","time_insert":"2021-05-10 18:04","time_update":"2021-05-10 19:06"}
2024-11-01 00:14:34 查询号码 【1302533】，GSD为【"广东-汕头"】

2024-11-01 00:14:35 开始第 2535 次操作

2024-11-01 00:14:35 开始操作号码 【1302534】
2024-11-01 00:14:36 GSD getOne 第 1 次 等待 3 秒
2024-11-01 00:14:39 查询号码 【1302534】，返回信息 {"status":"ok","msg":"广东-汕头","gid":"57461","time_insert":"2021-05-10 20:59"}
2024-11-01 00:14:39 查询号码 【1302534】，GSD为【"广东-汕头"】

2024-11-01 00:14:40 开始第 2536 次操作

2024-11-01 00:14:40 开始操作号码 【1302535】
2024-11-01 00:14:41 GSD getOne 第 1 次 等待 3 秒
2024-11-01 00:14:44 查询号码 【1302535】，返回信息 {"status":"ok","msg":"广东-清远","gid":"185","time_insert":"2018-11-24 20:03","time_update":"2020-09-24 14:47"}
2024-11-01 00:14:44 查询号码 【1302535】，GSD为【"广东-清远"】

2024-11-01 00:42:11 开始第 2537 次操作

2024-11-01 00:42:11 开始操作号码 【1302536】
2024-11-01 00:42:12 GSD getOne 第 1 次 等待 3 秒
2024-11-01 00:42:15 查询号码 【1302536】，返回信息 {"status":"ok","msg":"广东-韶关","gid":"57467","time_insert":"2021-05-10 22:59"}
2024-11-01 00:42:15 查询号码 【1302536】，GSD为【"广东-韶关"】

2024-11-01 00:42:16 开始第 2538 次操作

2024-11-01 00:42:16 开始操作号码 【1302537】
2024-11-01 00:42:17 GSD getOne 第 1 次 等待 3 秒
2024-11-01 00:42:20 查询号码 【1302537】，返回信息 {"status":"ok","msg":"广东-韶关","gid":"57479","time_insert":"2021-05-11 01:38"}
2024-11-01 00:42:20 查询号码 【1302537】，GSD为【"广东-韶关"】

2024-11-01 00:42:21 开始第 2539 次操作

2024-11-01 00:42:21 开始操作号码 【1302538】
2024-11-01 00:42:22 GSD getOne 第 1 次 等待 3 秒
2024-11-01 00:42:25 查询号码 【1302538】，返回信息 {"status":"ok","msg":"广东-云浮","gid":"57484","time_insert":"2021-05-11 03:23"}
2024-11-01 00:42:25 查询号码 【1302538】，GSD为【"广东-云浮"】

2024-11-01 00:42:26 开始第 2540 次操作

2024-11-01 00:42:26 开始操作号码 【1302539】
2024-11-01 00:42:27 GSD getOne 第 1 次 等待 3 秒
2024-11-01 00:42:30 查询号码 【1302539】，返回信息 {"status":"ok","msg":"广东-云浮","gid":"57488","time_insert":"2021-05-11 04:48"}
2024-11-01 00:42:30 查询号码 【1302539】，GSD为【"广东-云浮"】

