2021-07-17 00:00:06 开始第 13 次操作

2021-07-17 00:00:06 开始操作号码 【1656848】
2021-07-17 00:00:20 GSD getOne 第 1 次 等待 3 秒
2021-07-17 00:00:23 查询号码 【1656848】，返回信息 {"status":"bad","msg":""}
2021-07-17 00:00:23 查询号码 【1656848】，GSD为【""】
2021-07-17 00:00:23 bad
2021-07-17 00:00:28 CHB 1656848?1626451223 第 1 次 等待 3 秒
2021-07-17 00:00:31 CHB 1656848?1626451223 第 1 次 获取到号码【1656848】GSD
2021-07-17 00:00:32 获取到号码【1656848】的GSD为【黑龙江-大兴安岭】
2021-07-17 00:00:42 GSD insert 第 1 次 等待 3 秒
2021-07-17 00:00:45 {"status":"ok","gid":298069,"msg":"添加成功！"}
2021-07-17 00:00:45 下次操作: 2021-07-17 00:01:07

2021-07-17 00:01:07 开始第 14 次操作

2021-07-17 00:01:07 开始操作号码 【1656849】
2021-07-17 00:01:12 GSD getOne 第 1 次 等待 3 秒
2021-07-17 00:01:15 查询号码 【1656849】，返回信息 {"status":"bad","msg":""}
2021-07-17 00:01:15 查询号码 【1656849】，GSD为【""】
2021-07-17 00:01:15 bad
2021-07-17 00:01:23 CHB 1656849?1626451275 第 1 次 等待 3 秒
2021-07-17 00:01:26 CHB 1656849?1626451275 第 1 次 获取到号码【1656849】GSD
2021-07-17 00:01:27 获取到号码【1656849】的GSD为【黑龙江-大兴安岭】
2021-07-17 00:01:32 GSD insert 第 1 次 等待 3 秒
2021-07-17 00:01:35 {"status":"ok","gid":298077,"msg":"添加成功！"}
2021-07-17 00:01:35 下次操作: 2021-07-17 00:01:58

2021-07-17 00:01:58 开始第 15 次操作

2021-07-17 00:01:58 开始操作号码 【1656850】
2021-07-17 00:02:01 GSD getOne 第 1 次 等待 3 秒
2021-07-17 00:02:04 查询号码 【1656850】，返回信息 {"status":"bad","msg":""}
2021-07-17 00:02:04 查询号码 【1656850】，GSD为【""】
2021-07-17 00:02:04 bad
2021-07-17 00:02:11 CHB 1656850?1626451324 第 1 次 等待 3 秒
2021-07-17 00:02:14 CHB 1656850?1626451324 第 1 次 获取到号码【1656850】GSD
2021-07-17 00:02:14 获取到号码【1656850】的GSD为【山东-临沂】
2021-07-17 00:02:29 GSD insert 第 1 次 等待 3 秒
2021-07-17 00:02:32 {"status":"ok","gid":298082,"msg":"添加成功！"}
2021-07-17 00:02:32 下次操作: 2021-07-17 00:02:52

2021-07-17 00:02:52 开始第 16 次操作

2021-07-17 00:02:52 开始操作号码 【1656851】
2021-07-17 00:02:56 GSD getOne 第 1 次 等待 3 秒
2021-07-17 00:02:59 查询号码 【1656851】，返回信息 {"status":"bad","msg":""}
2021-07-17 00:02:59 查询号码 【1656851】，GSD为【""】
2021-07-17 00:02:59 bad
2021-07-17 00:03:02 CHB 1656851?1626451379 第 1 次 等待 3 秒
2021-07-17 00:03:05 CHB 1656851?1626451379 第 1 次 获取到号码【1656851】GSD
2021-07-17 00:03:05 获取到号码【1656851】的GSD为【吉林-长春】
2021-07-17 00:03:23 GSD insert 第 1 次 等待 3 秒
2021-07-17 00:03:26 {"status":"ok","gid":298097,"msg":"添加成功！"}
2021-07-17 00:03:26 下次操作: 2021-07-17 00:03:45

2021-07-17 00:03:45 开始第 17 次操作

2021-07-17 00:03:45 开始操作号码 【1656852】
2021-07-17 00:03:57 GSD getOne 第 1 次 等待 3 秒
2021-07-17 00:04:00 查询号码 【1656852】，返回信息 {"status":"bad","msg":""}
2021-07-17 00:04:00 查询号码 【1656852】，GSD为【""】
2021-07-17 00:04:00 bad
2021-07-17 00:04:03 CHB 1656852?1626451440 第 1 次 等待 3 秒
2021-07-17 00:04:06 CHB 1656852?1626451440 第 1 次 获取到号码【1656852】GSD
2021-07-17 00:04:06 获取到号码【1656852】的GSD为【山东-枣庄】
2021-07-17 00:04:16 GSD insert 第 1 次 等待 3 秒
2021-07-17 00:04:19 {"status":"ok","gid":298104,"msg":"添加成功！"}
2021-07-17 00:04:19 下次操作: 2021-07-17 00:04:36

2021-07-17 00:04:36 开始第 18 次操作

2021-07-17 00:04:36 开始操作号码 【1656853】
2021-07-17 00:04:47 GSD getOne 第 1 次 等待 3 秒
2021-07-17 00:04:50 查询号码 【1656853】，返回信息 {"status":"bad","msg":""}
2021-07-17 00:04:50 查询号码 【1656853】，GSD为【""】
2021-07-17 00:04:50 bad
2021-07-17 00:04:56 CHB 1656853?1626451490 第 1 次 等待 3 秒
2021-07-17 00:04:59 CHB 1656853?1626451490 第 1 次 获取到号码【1656853】GSD
2021-07-17 00:04:59 获取到号码【1656853】的GSD为【山东-菏泽】
2021-07-17 00:05:10 GSD insert 第 1 次 等待 3 秒
2021-07-17 00:05:13 {"status":"ok","gid":298111,"msg":"添加成功！"}
2021-07-17 00:05:13 下次操作: 2021-07-17 00:05:27

2021-07-17 00:05:27 开始第 19 次操作

2021-07-17 00:05:27 开始操作号码 【1656854】
2021-07-17 00:05:34 GSD getOne 第 1 次 等待 3 秒
2021-07-17 00:05:37 查询号码 【1656854】，返回信息 {"status":"bad","msg":""}
2021-07-17 00:05:37 查询号码 【1656854】，GSD为【""】
2021-07-17 00:05:37 bad
2021-07-17 00:05:41 CHB 1656854?1626451537 第 1 次 等待 3 秒
2021-07-17 00:05:44 CHB 1656854?1626451537 第 1 次 获取到号码【1656854】GSD
2021-07-17 00:05:44 获取到号码【1656854】的GSD为【黑龙江-牡丹江】
2021-07-17 00:05:55 GSD insert 第 1 次 等待 3 秒
2021-07-17 00:05:58 {"status":"ok","gid":298121,"msg":"添加成功！"}
2021-07-17 00:05:58 下次操作: 2021-07-17 00:06:14

2021-07-17 00:06:14 开始第 20 次操作

2021-07-17 00:06:14 开始操作号码 【1656855】
2021-07-17 00:06:25 GSD getOne 第 1 次 等待 3 秒
2021-07-17 00:06:28 查询号码 【1656855】，返回信息 {"status":"bad","msg":""}
2021-07-17 00:06:28 查询号码 【1656855】，GSD为【""】
2021-07-17 00:06:28 bad
2021-07-17 00:06:30 CHB 1656855?1626451588 第 1 次 等待 3 秒
2021-07-17 00:06:33 CHB 1656855?1626451588 第 1 次 获取到号码【1656855】GSD
2021-07-17 00:06:34 获取到号码【1656855】的GSD为【山东-菏泽】
2021-07-17 00:06:44 GSD insert 第 1 次 等待 3 秒
2021-07-17 00:06:47 {"status":"ok","gid":298124,"msg":"添加成功！"}
2021-07-17 00:06:47 下次操作: 2021-07-17 00:06:59

2021-07-17 00:06:59 开始第 21 次操作

2021-07-17 00:06:59 开始操作号码 【1656856】
2021-07-17 00:07:23 GSD getOne 第 1 次 等待 3 秒
2021-07-17 00:07:26 查询号码 【1656856】，返回信息 {"status":"bad","msg":""}
2021-07-17 00:07:26 查询号码 【1656856】，GSD为【""】
2021-07-17 00:07:26 bad
2021-07-17 00:07:32 CHB 1656856?1626451646 第 1 次 等待 3 秒
2021-07-17 00:07:35 CHB 1656856?1626451646 第 1 次 获取到号码【1656856】GSD
2021-07-17 00:07:35 获取到号码【1656856】的GSD为【山东-菏泽】
2021-07-17 00:08:08 GSD insert 第 1 次 等待 3 秒
2021-07-17 00:08:11 {"status":"ok","gid":298133,"msg":"添加成功！"}
2021-07-17 00:08:11 下次操作: 2021-07-17 00:08:34

2021-07-17 00:08:34 开始第 22 次操作

2021-07-17 00:08:34 开始操作号码 【1656857】
2021-07-17 00:08:39 GSD getOne 第 1 次 等待 3 秒
2021-07-17 00:08:42 查询号码 【1656857】，返回信息 {"status":"bad","msg":""}
2021-07-17 00:08:43 查询号码 【1656857】，GSD为【""】
2021-07-17 00:08:43 bad
2021-07-17 00:08:46 CHB 1656857?1626451723 第 1 次 等待 3 秒
2021-07-17 00:08:49 CHB 1656857?1626451723 第 1 次 获取到号码【1656857】GSD
2021-07-17 00:08:49 获取到号码【1656857】的GSD为【山东-菏泽】
2021-07-17 00:09:00 GSD insert 第 1 次 等待 3 秒
2021-07-17 00:09:03 {"status":"ok","gid":298142,"msg":"添加成功！"}
2021-07-17 00:09:03 下次操作: 2021-07-17 00:09:22

2021-07-17 00:09:22 开始第 23 次操作

2021-07-17 00:09:22 开始操作号码 【1656858】
2021-07-17 00:09:26 GSD getOne 第 1 次 等待 3 秒
2021-07-17 00:09:29 查询号码 【1656858】，返回信息 {"status":"bad","msg":""}
2021-07-17 00:09:29 查询号码 【1656858】，GSD为【""】
2021-07-17 00:09:29 bad
2021-07-17 00:09:36 CHB 1656858?1626451769 第 1 次 等待 3 秒
2021-07-17 00:09:39 CHB 1656858?1626451769 第 1 次 获取到号码【1656858】GSD
2021-07-17 00:09:39 获取到号码【1656858】的GSD为【山东-临沂】
2021-07-17 00:09:49 GSD insert 第 1 次 等待 3 秒
2021-07-17 00:09:52 {"status":"ok","gid":298152,"msg":"添加成功！"}
2021-07-17 00:09:52 下次操作: 2021-07-17 00:10:16

2021-07-17 00:10:16 开始第 24 次操作

2021-07-17 00:10:16 开始操作号码 【1656859】
2021-07-17 00:10:21 GSD getOne 第 1 次 等待 3 秒
2021-07-17 00:10:24 查询号码 【1656859】，返回信息 {"status":"bad","msg":""}
2021-07-17 00:10:24 查询号码 【1656859】，GSD为【""】
2021-07-17 00:10:24 bad
2021-07-17 00:10:27 CHB 1656859?1626451824 第 1 次 等待 3 秒
2021-07-17 00:10:30 CHB 1656859?1626451824 第 1 次 获取到号码【1656859】GSD
2021-07-17 00:10:30 获取到号码【1656859】的GSD为【青海-西宁】
2021-07-17 00:10:57 GSD insert 第 1 次 等待 3 秒
2021-07-17 00:11:00 {"status":"ok","gid":298164,"msg":"添加成功！"}
2021-07-17 00:11:00 下次操作: 2021-07-17 00:11:13

2021-07-17 00:11:13 开始第 25 次操作

2021-07-17 00:11:13 开始操作号码 【1656860】
2021-07-17 00:11:22 GSD getOne 第 1 次 等待 3 秒
2021-07-17 00:11:25 查询号码 【1656860】，返回信息 {"status":"bad","msg":""}
2021-07-17 00:11:25 查询号码 【1656860】，GSD为【""】
2021-07-17 00:11:25 bad
2021-07-17 00:11:28 CHB 1656860?1626451885 第 1 次 等待 3 秒
2021-07-17 00:11:31 CHB 1656860?1626451885 第 1 次 获取到号码【1656860】GSD
2021-07-17 00:11:31 获取到号码【1656860】的GSD为【浙江-台州】
2021-07-17 00:11:54 GSD insert 第 1 次 等待 3 秒
2021-07-17 00:11:57 {"status":"ok","gid":298173,"msg":"添加成功！"}
2021-07-17 00:11:57 下次操作: 2021-07-17 00:12:09

2021-07-17 00:12:09 开始第 26 次操作

2021-07-17 00:12:09 开始操作号码 【1656861】
2021-07-17 00:12:17 GSD getOne 第 1 次 等待 3 秒
2021-07-17 00:12:20 查询号码 【1656861】，返回信息 {"status":"bad","msg":""}
2021-07-17 00:12:20 查询号码 【1656861】，GSD为【""】
2021-07-17 00:12:20 bad
2021-07-17 00:14:30 CHB 1656861?1626451940 第 1 次 等待 3 秒
2021-07-17 00:14:33 CHB 1656861?1626451940 第 1 次 未获取到 等待 19 秒 下次操作: 2021-07-17 00:14:52
2021-07-17 00:14:54 CHB 1656861?1626452092 第 2 次 等待 3 秒
2021-07-17 00:14:57 CHB 1656861?1626452092 第 2 次 获取到号码【1656861】GSD
2021-07-17 00:14:57 获取到号码【1656861】的GSD为【浙江-台州】
2021-07-17 00:15:00 GSD insert 第 1 次 等待 3 秒
2021-07-17 00:15:03 {"status":"ok","gid":298194,"msg":"添加成功！"}
2021-07-17 00:15:03 下次操作: 2021-07-17 00:15:21

2021-07-17 00:15:21 开始第 27 次操作

2021-07-17 00:15:21 开始操作号码 【1656862】
2021-07-17 00:15:23 GSD getOne 第 1 次 等待 3 秒
2021-07-17 00:15:26 查询号码 【1656862】，返回信息 {"status":"bad","msg":""}
2021-07-17 00:15:27 查询号码 【1656862】，GSD为【""】
2021-07-17 00:15:27 bad
2021-07-17 00:15:30 CHB 1656862?1626452127 第 1 次 等待 3 秒
2021-07-17 00:15:33 CHB 1656862?1626452127 第 1 次 获取到号码【1656862】GSD
2021-07-17 00:15:33 获取到号码【1656862】的GSD为【浙江-台州】
2021-07-17 00:16:01 GSD insert 第 1 次 等待 3 秒
2021-07-17 00:16:04 {"status":"ok","gid":298200,"msg":"添加成功！"}
2021-07-17 00:16:04 下次操作: 2021-07-17 00:16:28

2021-07-17 00:16:28 开始第 28 次操作

2021-07-17 00:16:28 开始操作号码 【1656863】
2021-07-17 00:17:39 GSD getOne 第 1 次 等待 3 秒
2021-07-17 00:17:42 查询号码 【1656863】，返回信息 {"status":"bad","msg":""}
2021-07-17 00:17:42 查询号码 【1656863】，GSD为【""】
2021-07-17 00:17:42 bad
2021-07-17 00:17:50 CHB 1656863?1626452262 第 1 次 等待 3 秒
2021-07-17 00:17:53 CHB 1656863?1626452262 第 1 次 获取到号码【1656863】GSD
2021-07-17 00:17:53 获取到号码【1656863】的GSD为【浙江-台州】
2021-07-17 00:18:02 GSD insert 第 1 次 等待 3 秒
2021-07-17 00:18:05 {"status":"ok","gid":298214,"msg":"添加成功！"}
2021-07-17 00:18:05 下次操作: 2021-07-17 00:18:29

2021-07-17 00:18:29 开始第 29 次操作

2021-07-17 00:18:29 开始操作号码 【1656864】
2021-07-17 00:18:33 GSD getOne 第 1 次 等待 3 秒
2021-07-17 00:18:36 查询号码 【1656864】，返回信息 {"status":"bad","msg":""}
2021-07-17 00:18:36 查询号码 【1656864】，GSD为【""】
2021-07-17 00:18:36 bad
2021-07-17 00:18:41 CHB 1656864?1626452316 第 1 次 等待 3 秒
2021-07-17 00:18:44 CHB 1656864?1626452316 第 1 次 获取到号码【1656864】GSD
2021-07-17 00:18:44 获取到号码【1656864】的GSD为【陕西-榆林】
2021-07-17 00:18:55 GSD insert 第 1 次 等待 3 秒
2021-07-17 00:18:58 {"status":"ok","gid":298225,"msg":"添加成功！"}
2021-07-17 00:18:58 下次操作: 2021-07-17 00:19:11

2021-07-17 00:19:11 开始第 30 次操作

2021-07-17 00:19:11 开始操作号码 【1656865】
2021-07-17 00:19:15 GSD getOne 第 1 次 等待 3 秒
2021-07-17 00:19:18 查询号码 【1656865】，返回信息 {"status":"bad","msg":""}
2021-07-17 00:19:18 查询号码 【1656865】，GSD为【""】
2021-07-17 00:19:18 bad
2021-07-17 00:19:22 CHB 1656865?1626452358 第 1 次 等待 3 秒
2021-07-17 00:19:25 CHB 1656865?1626452358 第 1 次 获取到号码【1656865】GSD
2021-07-17 00:19:25 获取到号码【1656865】的GSD为【浙江-台州】
2021-07-17 00:20:35 GSD insert 第 1 次 等待 3 秒
2021-07-17 00:20:38 {"status":"ok","gid":298239,"msg":"添加成功！"}
2021-07-17 00:20:38 下次操作: 2021-07-17 00:21:00

2021-07-17 00:21:00 开始第 31 次操作

2021-07-17 00:21:00 开始操作号码 【1656866】
2021-07-17 00:21:04 GSD getOne 第 1 次 等待 3 秒
2021-07-17 00:21:07 查询号码 【1656866】，返回信息 {"status":"bad","msg":""}
2021-07-17 00:21:07 查询号码 【1656866】，GSD为【""】
2021-07-17 00:21:07 bad
2021-07-17 00:21:15 CHB 1656866?1626452467 第 1 次 等待 3 秒
2021-07-17 00:21:18 CHB 1656866?1626452467 第 1 次 获取到号码【1656866】GSD
2021-07-17 00:21:18 获取到号码【1656866】的GSD为【浙江-台州】
2021-07-17 00:22:45 GSD insert 第 1 次 等待 3 秒
2021-07-17 00:22:48 {"status":"ok","gid":298248,"msg":"添加成功！"}
2021-07-17 00:22:48 下次操作: 2021-07-17 00:23:06

2021-07-17 00:23:06 开始第 32 次操作

2021-07-17 00:23:06 开始操作号码 【1656867】
2021-07-17 00:23:15 GSD getOne 第 1 次 等待 3 秒
2021-07-17 00:23:18 查询号码 【1656867】，返回信息 {"status":"bad","msg":""}
2021-07-17 00:23:18 查询号码 【1656867】，GSD为【""】
2021-07-17 00:23:18 bad
2021-07-17 00:23:24 CHB 1656867?1626452598 第 1 次 等待 3 秒
2021-07-17 00:23:27 CHB 1656867?1626452598 第 1 次 获取到号码【1656867】GSD
2021-07-17 00:23:27 获取到号码【1656867】的GSD为【浙江-台州】
2021-07-17 00:23:42 GSD insert 第 1 次 等待 3 秒
2021-07-17 00:23:45 {"status":"ok","gid":298258,"msg":"添加成功！"}
2021-07-17 00:23:45 下次操作: 2021-07-17 00:23:58

2021-07-17 00:23:59 开始第 33 次操作

2021-07-17 00:23:59 开始操作号码 【1656868】
2021-07-17 00:24:02 GSD getOne 第 1 次 等待 3 秒
2021-07-17 00:24:05 查询号码 【1656868】，返回信息 {"status":"bad","msg":""}
2021-07-17 00:24:05 查询号码 【1656868】，GSD为【""】
2021-07-17 00:24:05 bad
2021-07-17 00:24:15 CHB 1656868?1626452645 第 1 次 等待 3 秒
2021-07-17 00:24:18 CHB 1656868?1626452645 第 1 次 获取到号码【1656868】GSD
2021-07-17 00:24:18 获取到号码【1656868】的GSD为【安徽-阜阳】
2021-07-17 00:24:21 GSD insert 第 1 次 等待 3 秒
2021-07-17 00:24:24 {"status":"ok","gid":298267,"msg":"添加成功！"}
2021-07-17 00:24:24 下次操作: 2021-07-17 00:24:43

2021-07-17 00:24:43 开始第 34 次操作

2021-07-17 00:24:43 开始操作号码 【1656869】
2021-07-17 00:24:47 GSD getOne 第 1 次 等待 3 秒
2021-07-17 00:24:50 查询号码 【1656869】，返回信息 {"status":"bad","msg":""}
2021-07-17 00:24:50 查询号码 【1656869】，GSD为【""】
2021-07-17 00:24:50 bad
2021-07-17 00:24:58 CHB 1656869?1626452690 第 1 次 等待 3 秒
2021-07-17 00:25:01 CHB 1656869?1626452690 第 1 次 获取到号码【1656869】GSD
2021-07-17 00:25:01 获取到号码【1656869】的GSD为【浙江-台州】
2021-07-17 00:25:07 GSD insert 第 1 次 等待 3 秒
2021-07-17 00:25:10 {"status":"ok","gid":298275,"msg":"添加成功！"}
2021-07-17 00:25:10 下次操作: 2021-07-17 00:25:29

2021-07-17 00:25:29 开始第 35 次操作

2021-07-17 00:25:29 开始操作号码 【1656870】
2021-07-17 00:25:33 GSD getOne 第 1 次 等待 3 秒
2021-07-17 00:25:36 查询号码 【1656870】，返回信息 {"status":"bad","msg":""}
2021-07-17 00:25:36 查询号码 【1656870】，GSD为【""】
2021-07-17 00:25:36 bad
2021-07-17 00:25:39 CHB 1656870?1626452736 第 1 次 等待 3 秒
2021-07-17 00:25:42 CHB 1656870?1626452736 第 1 次 获取到号码【1656870】GSD
2021-07-17 00:25:42 获取到号码【1656870】的GSD为【河北-衡水】
2021-07-17 00:25:56 GSD insert 第 1 次 等待 3 秒
2021-07-17 00:25:59 {"status":"ok","gid":298284,"msg":"添加成功！"}
2021-07-17 00:25:59 下次操作: 2021-07-17 00:26:16

2021-07-17 00:26:16 开始第 36 次操作

2021-07-17 00:26:16 开始操作号码 【1656871】
2021-07-17 00:26:19 GSD getOne 第 1 次 等待 3 秒
2021-07-17 00:26:22 查询号码 【1656871】，返回信息 {"status":"bad","msg":""}
2021-07-17 00:26:22 查询号码 【1656871】，GSD为【""】
2021-07-17 00:26:22 bad
2021-07-17 00:26:28 CHB 1656871?1626452782 第 1 次 等待 3 秒
2021-07-17 00:26:31 CHB 1656871?1626452782 第 1 次 获取到号码【1656871】GSD
2021-07-17 00:26:31 获取到号码【1656871】的GSD为【山东-菏泽】
2021-07-17 00:26:47 GSD insert 第 1 次 等待 3 秒
2021-07-17 00:26:50 {"status":"ok","gid":298289,"msg":"添加成功！"}
2021-07-17 00:26:50 下次操作: 2021-07-17 00:27:11

2021-07-17 00:27:11 开始第 37 次操作

2021-07-17 00:27:11 开始操作号码 【1656872】
2021-07-17 00:27:24 GSD getOne 第 1 次 等待 3 秒
2021-07-17 00:27:27 查询号码 【1656872】，返回信息 {"status":"bad","msg":""}
2021-07-17 00:27:27 查询号码 【1656872】，GSD为【""】
2021-07-17 00:27:27 bad
2021-07-17 00:27:28 CHB 1656872?1626452847 第 1 次 等待 3 秒
2021-07-17 00:27:31 CHB 1656872?1626452847 第 1 次 获取到号码【1656872】GSD
2021-07-17 00:27:31 获取到号码【1656872】的GSD为【山东-枣庄】
2021-07-17 00:27:53 GSD insert 第 1 次 等待 3 秒
2021-07-17 00:27:56 {"status":"ok","gid":298298,"msg":"添加成功！"}
2021-07-17 00:27:56 下次操作: 2021-07-17 00:28:10

2021-07-17 00:28:10 开始第 38 次操作

2021-07-17 00:28:10 开始操作号码 【1656873】
2021-07-17 00:28:13 GSD getOne 第 1 次 等待 3 秒
2021-07-17 00:28:16 查询号码 【1656873】，返回信息 {"status":"bad","msg":""}
2021-07-17 00:28:16 查询号码 【1656873】，GSD为【""】
2021-07-17 00:28:16 bad
2021-07-17 00:28:22 CHB 1656873?1626452896 第 1 次 等待 3 秒
2021-07-17 00:28:25 CHB 1656873?1626452896 第 1 次 获取到号码【1656873】GSD
2021-07-17 00:28:25 获取到号码【1656873】的GSD为【黑龙江-绥化】
2021-07-17 00:28:35 GSD insert 第 1 次 等待 3 秒
2021-07-17 00:28:38 {"status":"ok","gid":298306,"msg":"添加成功！"}
2021-07-17 00:28:38 下次操作: 2021-07-17 00:28:56

2021-07-17 00:28:56 开始第 39 次操作

2021-07-17 00:28:56 开始操作号码 【1656874】
2021-07-17 00:29:00 GSD getOne 第 1 次 等待 3 秒
2021-07-17 00:29:03 查询号码 【1656874】，返回信息 {"status":"bad","msg":""}
2021-07-17 00:29:03 查询号码 【1656874】，GSD为【""】
2021-07-17 00:29:03 bad
2021-07-17 00:29:09 CHB 1656874?1626452943 第 1 次 等待 3 秒
2021-07-17 00:29:12 CHB 1656874?1626452943 第 1 次 获取到号码【1656874】GSD
2021-07-17 00:29:12 获取到号码【1656874】的GSD为【河南-郑州】
2021-07-17 00:29:39 GSD insert 第 1 次 等待 3 秒
2021-07-17 00:29:42 {"status":"ok","gid":298312,"msg":"添加成功！"}
2021-07-17 00:29:42 下次操作: 2021-07-17 00:29:59

2021-07-17 00:29:59 开始第 40 次操作

2021-07-17 00:29:59 开始操作号码 【1656875】
2021-07-17 00:30:07 GSD getOne 第 1 次 等待 3 秒
2021-07-17 00:30:10 查询号码 【1656875】，返回信息 {"status":"bad","msg":""}
2021-07-17 00:30:10 查询号码 【1656875】，GSD为【""】
2021-07-17 00:30:10 bad
2021-07-17 00:30:14 CHB 1656875?1626453010 第 1 次 等待 3 秒
2021-07-17 00:30:17 CHB 1656875?1626453010 第 1 次 获取到号码【1656875】GSD
2021-07-17 00:30:17 获取到号码【1656875】的GSD为【山东-菏泽】
2021-07-17 00:30:27 GSD insert 第 1 次 等待 3 秒
2021-07-17 00:30:30 {"status":"ok","gid":298314,"msg":"添加成功！"}

2021-07-17 01:05:04 开始第 1 次操作

2021-07-17 01:05:04 开始操作号码 【1656876】
2021-07-17 01:05:07 GSD getOne 第 1 次 等待 3 秒
2021-07-17 01:05:10 查询号码 【1656876】，返回信息 {"status":"bad","msg":""}
2021-07-17 01:05:10 查询号码 【1656876】，GSD为【""】
2021-07-17 01:05:10 bad
2021-07-17 01:05:12 CHB 1656876?1626455110 第 1 次 等待 3 秒
2021-07-17 01:05:15 CHB 1656876?1626455110 第 1 次 获取到号码【1656876】GSD
2021-07-17 01:05:15 获取到号码【1656876】的GSD为【宁夏-银川】
2021-07-17 01:05:17 GSD insert 第 1 次 等待 3 秒
2021-07-17 01:05:20 {"status":"ok","gid":298402,"msg":"添加成功！"}
2021-07-17 01:05:20 下次操作: 2021-07-17 01:05:40

2021-07-17 01:05:40 开始第 2 次操作

2021-07-17 01:05:41 开始操作号码 【1656877】
2021-07-17 01:05:44 GSD getOne 第 1 次 等待 3 秒
2021-07-17 01:05:47 查询号码 【1656877】，返回信息 {"status":"bad","msg":""}
2021-07-17 01:05:47 查询号码 【1656877】，GSD为【""】
2021-07-17 01:05:47 bad
2021-07-17 01:05:53 CHB 1656877?1626455147 第 1 次 等待 3 秒
2021-07-17 01:05:56 CHB 1656877?1626455147 第 1 次 获取到号码【1656877】GSD
2021-07-17 01:05:56 获取到号码【1656877】的GSD为【山东-泰安】
2021-07-17 01:05:58 GSD insert 第 1 次 等待 3 秒
2021-07-17 01:06:01 {"status":"ok","gid":298410,"msg":"添加成功！"}
2021-07-17 01:06:01 下次操作: 2021-07-17 01:06:14

2021-07-17 01:06:14 开始第 3 次操作

2021-07-17 01:06:14 开始操作号码 【1656878】
2021-07-17 01:06:21 GSD getOne 第 1 次 等待 3 秒
2021-07-17 01:06:24 查询号码 【1656878】，返回信息 {"status":"bad","msg":""}
2021-07-17 01:06:24 查询号码 【1656878】，GSD为【""】
2021-07-17 01:06:24 bad
2021-07-17 01:06:25 CHB 1656878?1626455184 第 1 次 等待 3 秒
2021-07-17 01:06:28 CHB 1656878?1626455184 第 1 次 获取到号码【1656878】GSD
2021-07-17 01:06:28 获取到号码【1656878】的GSD为【山东-临沂】
2021-07-17 01:06:33 GSD insert 第 1 次 等待 3 秒
2021-07-17 01:06:36 {"status":"ok","gid":298416,"msg":"添加成功！"}
2021-07-17 01:06:36 下次操作: 2021-07-17 01:06:51

2021-07-17 01:06:51 开始第 4 次操作

2021-07-17 01:06:51 开始操作号码 【1656879】
2021-07-17 01:06:59 GSD getOne 第 1 次 等待 3 秒
2021-07-17 01:07:02 查询号码 【1656879】，返回信息 {"status":"bad","msg":""}
2021-07-17 01:07:02 查询号码 【1656879】，GSD为【""】
2021-07-17 01:07:02 bad
2021-07-17 01:07:03 CHB 1656879?1626455222 第 1 次 等待 3 秒
2021-07-17 01:07:06 CHB 1656879?1626455222 第 1 次 获取到号码【1656879】GSD
2021-07-17 01:07:06 获取到号码【1656879】的GSD为【山东-菏泽】
2021-07-17 01:07:09 GSD insert 第 1 次 等待 3 秒
2021-07-17 01:07:12 {"status":"ok","gid":298424,"msg":"添加成功！"}
2021-07-17 01:07:12 下次操作: 2021-07-17 01:07:34

2021-07-17 01:07:34 开始第 5 次操作

2021-07-17 01:07:34 开始操作号码 【1656880】
2021-07-17 01:07:36 GSD getOne 第 1 次 等待 3 秒
2021-07-17 01:07:40 查询号码 【1656880】，返回信息 {"status":"bad","msg":""}
2021-07-17 01:07:40 查询号码 【1656880】，GSD为【""】
2021-07-17 01:07:40 bad
2021-07-17 01:07:45 CHB 1656880?1626455260 第 1 次 等待 3 秒
2021-07-17 01:07:48 CHB 1656880?1626455260 第 1 次 获取到号码【1656880】GSD
2021-07-17 01:07:48 获取到号码【1656880】的GSD为【山东-临沂】
2021-07-17 01:07:51 GSD insert 第 1 次 等待 3 秒
2021-07-17 01:07:54 {"status":"ok","gid":298431,"msg":"添加成功！"}
2021-07-17 01:07:54 下次操作: 2021-07-17 01:08:17

2021-07-17 01:08:17 开始第 6 次操作

2021-07-17 01:08:17 开始操作号码 【1656881】
2021-07-17 01:08:21 GSD getOne 第 1 次 等待 3 秒
2021-07-17 01:08:24 查询号码 【1656881】，返回信息 {"status":"bad","msg":""}
2021-07-17 01:08:24 查询号码 【1656881】，GSD为【""】
2021-07-17 01:08:24 bad
2021-07-17 01:08:26 CHB 1656881?1626455304 第 1 次 等待 3 秒
2021-07-17 01:08:29 CHB 1656881?1626455304 第 1 次 获取到号码【1656881】GSD
2021-07-17 01:08:29 获取到号码【1656881】的GSD为【山东-临沂】
2021-07-17 01:08:32 GSD insert 第 1 次 等待 3 秒
2021-07-17 01:08:35 {"status":"ok","gid":298441,"msg":"添加成功！"}
2021-07-17 01:08:35 下次操作: 2021-07-17 01:08:48

2021-07-17 01:08:48 开始第 7 次操作

2021-07-17 01:08:48 开始操作号码 【1656882】
2021-07-17 01:08:52 GSD getOne 第 1 次 等待 3 秒
2021-07-17 01:08:55 查询号码 【1656882】，返回信息 {"status":"bad","msg":""}
2021-07-17 01:08:55 查询号码 【1656882】，GSD为【""】
2021-07-17 01:08:55 bad
2021-07-17 01:08:57 CHB 1656882?1626455335 第 1 次 等待 3 秒
2021-07-17 01:09:00 CHB 1656882?1626455335 第 1 次 获取到号码【1656882】GSD
2021-07-17 01:09:00 获取到号码【1656882】的GSD为【山东-临沂】
2021-07-17 01:09:03 GSD insert 第 1 次 等待 3 秒
2021-07-17 01:09:06 {"status":"ok","gid":298450,"msg":"添加成功！"}
2021-07-17 01:09:06 下次操作: 2021-07-17 01:09:27

2021-07-17 01:09:27 开始第 8 次操作

2021-07-17 01:09:27 开始操作号码 【1656883】
2021-07-17 01:09:30 GSD getOne 第 1 次 等待 3 秒
2021-07-17 01:09:33 查询号码 【1656883】，返回信息 {"status":"bad","msg":""}
2021-07-17 01:09:33 查询号码 【1656883】，GSD为【""】
2021-07-17 01:09:33 bad
2021-07-17 01:09:35 CHB 1656883?1626455373 第 1 次 等待 3 秒
2021-07-17 01:09:38 CHB 1656883?1626455373 第 1 次 获取到号码【1656883】GSD
2021-07-17 01:09:38 获取到号码【1656883】的GSD为【山东-临沂】
2021-07-17 01:09:40 GSD insert 第 1 次 等待 3 秒
2021-07-17 01:09:43 {"status":"ok","gid":298457,"msg":"添加成功！"}
2021-07-17 01:09:43 下次操作: 2021-07-17 01:10:04

2021-07-17 01:10:04 开始第 9 次操作

2021-07-17 01:10:04 开始操作号码 【1656884】
2021-07-17 01:10:08 GSD getOne 第 1 次 等待 3 秒
2021-07-17 01:10:11 查询号码 【1656884】，返回信息 {"status":"bad","msg":""}
2021-07-17 01:10:11 查询号码 【1656884】，GSD为【""】
2021-07-17 01:10:11 bad
2021-07-17 01:10:13 CHB 1656884?1626455411 第 1 次 等待 3 秒
2021-07-17 01:10:16 CHB 1656884?1626455411 第 1 次 获取到号码【1656884】GSD
2021-07-17 01:10:16 获取到号码【1656884】的GSD为【山东-临沂】
2021-07-17 01:10:21 GSD insert 第 1 次 等待 3 秒
2021-07-17 01:10:24 {"status":"ok","gid":298465,"msg":"添加成功！"}
2021-07-17 01:10:24 下次操作: 2021-07-17 01:10:45

2021-07-17 01:10:45 开始第 10 次操作

2021-07-17 01:10:45 开始操作号码 【1656885】
2021-07-17 01:10:49 GSD getOne 第 1 次 等待 3 秒
2021-07-17 01:10:52 查询号码 【1656885】，返回信息 {"status":"bad","msg":""}
2021-07-17 01:10:52 查询号码 【1656885】，GSD为【""】
2021-07-17 01:10:52 bad
2021-07-17 01:10:54 CHB 1656885?1626455452 第 1 次 等待 3 秒
2021-07-17 01:10:57 CHB 1656885?1626455452 第 1 次 获取到号码【1656885】GSD
2021-07-17 01:10:57 获取到号码【1656885】的GSD为【山东-临沂】
2021-07-17 01:11:00 GSD insert 第 1 次 等待 3 秒
2021-07-17 01:11:03 {"status":"ok","gid":298471,"msg":"添加成功！"}
2021-07-17 01:11:03 下次操作: 2021-07-17 01:11:26

2021-07-17 01:11:26 开始第 11 次操作

2021-07-17 01:11:26 开始操作号码 【1656886】
2021-07-17 01:11:28 GSD getOne 第 1 次 等待 3 秒
2021-07-17 01:11:31 查询号码 【1656886】，返回信息 {"status":"bad","msg":""}
2021-07-17 01:11:32 查询号码 【1656886】，GSD为【""】
2021-07-17 01:11:32 bad
2021-07-17 01:11:33 CHB 1656886?1626455492 第 1 次 等待 3 秒
2021-07-17 01:11:36 CHB 1656886?1626455492 第 1 次 获取到号码【1656886】GSD
2021-07-17 01:11:36 获取到号码【1656886】的GSD为【山东-临沂】
2021-07-17 01:11:39 GSD insert 第 1 次 等待 3 秒
2021-07-17 01:11:42 {"status":"ok","gid":298478,"msg":"添加成功！"}
2021-07-17 01:11:42 下次操作: 2021-07-17 01:12:00

2021-07-17 01:12:00 开始第 12 次操作

2021-07-17 01:12:00 开始操作号码 【1656887】
2021-07-17 01:12:02 GSD getOne 第 1 次 等待 3 秒
2021-07-17 01:12:05 查询号码 【1656887】，返回信息 {"status":"bad","msg":""}
2021-07-17 01:12:05 查询号码 【1656887】，GSD为【""】
2021-07-17 01:12:05 bad
2021-07-17 01:12:07 CHB 1656887?1626455525 第 1 次 等待 3 秒
2021-07-17 01:12:10 CHB 1656887?1626455525 第 1 次 获取到号码【1656887】GSD
2021-07-17 01:12:10 获取到号码【1656887】的GSD为【山东-临沂】
2021-07-17 01:12:14 GSD insert 第 1 次 等待 3 秒
2021-07-17 01:12:17 {"status":"ok","gid":298488,"msg":"添加成功！"}
2021-07-17 01:12:17 下次操作: 2021-07-17 01:12:29

2021-07-17 01:12:29 开始第 13 次操作

2021-07-17 01:12:29 开始操作号码 【1656888】
2021-07-17 01:12:35 GSD getOne 第 1 次 等待 3 秒
2021-07-17 01:12:38 查询号码 【1656888】，返回信息 {"status":"bad","msg":""}
2021-07-17 01:12:38 查询号码 【1656888】，GSD为【""】
2021-07-17 01:12:38 bad
2021-07-17 01:12:43 CHB 1656888?1626455558 第 1 次 等待 3 秒
2021-07-17 01:12:46 CHB 1656888?1626455558 第 1 次 获取到号码【1656888】GSD
2021-07-17 01:12:46 未获取到号码【1656888】GSD，可能号码格式错误
2021-07-17 01:12:46 获取到号码【1656888】的GSD为【-】
2021-07-17 01:12:49 GSD insert 第 1 次 等待 3 秒
2021-07-17 01:12:52 {"status":"ok","gid":298493,"msg":"添加成功！"}
2021-07-17 01:12:52 下次操作: 2021-07-17 01:13:10

2021-07-17 01:13:10 开始第 14 次操作

2021-07-17 01:13:10 开始操作号码 【1656889】
2021-07-17 01:13:13 GSD getOne 第 1 次 等待 3 秒
2021-07-17 01:13:16 查询号码 【1656889】，返回信息 {"status":"bad","msg":""}
2021-07-17 01:13:16 查询号码 【1656889】，GSD为【""】
2021-07-17 01:13:16 bad
2021-07-17 01:13:18 CHB 1656889?1626455596 第 1 次 等待 3 秒
2021-07-17 01:13:21 CHB 1656889?1626455596 第 1 次 获取到号码【1656889】GSD
2021-07-17 01:13:21 获取到号码【1656889】的GSD为【山东-临沂】
2021-07-17 01:13:24 GSD insert 第 1 次 等待 3 秒
2021-07-17 01:13:27 {"status":"ok","gid":298502,"msg":"添加成功！"}
2021-07-17 01:13:27 下次操作: 2021-07-17 01:13:45

2021-07-17 01:13:45 开始第 15 次操作

2021-07-17 01:13:45 开始操作号码 【1656890】
2021-07-17 01:13:48 GSD getOne 第 1 次 等待 3 秒
2021-07-17 01:13:51 查询号码 【1656890】，返回信息 {"status":"bad","msg":""}
2021-07-17 01:13:51 查询号码 【1656890】，GSD为【""】
2021-07-17 01:13:51 bad
2021-07-17 01:13:56 CHB 1656890?1626455631 第 1 次 等待 3 秒
2021-07-17 01:13:59 CHB 1656890?1626455631 第 1 次 获取到号码【1656890】GSD
2021-07-17 01:13:59 获取到号码【1656890】的GSD为【黑龙江-黑河】
2021-07-17 01:14:02 GSD insert 第 1 次 等待 3 秒
2021-07-17 01:14:05 {"status":"ok","gid":298512,"msg":"添加成功！"}
2021-07-17 01:14:05 下次操作: 2021-07-17 01:14:28

2021-07-17 01:14:28 开始第 16 次操作

2021-07-17 01:14:28 开始操作号码 【1656891】
2021-07-17 01:14:30 GSD getOne 第 1 次 等待 3 秒
2021-07-17 01:14:33 查询号码 【1656891】，返回信息 {"status":"bad","msg":""}
2021-07-17 01:14:33 查询号码 【1656891】，GSD为【""】
2021-07-17 01:14:33 bad
2021-07-17 01:14:39 CHB 1656891?1626455673 第 1 次 等待 3 秒
2021-07-17 01:14:42 CHB 1656891?1626455673 第 1 次 获取到号码【1656891】GSD
2021-07-17 01:14:42 获取到号码【1656891】的GSD为【黑龙江-绥化】
2021-07-17 01:14:45 GSD insert 第 1 次 等待 3 秒
2021-07-17 01:14:48 {"status":"ok","gid":298518,"msg":"添加成功！"}
2021-07-17 01:14:48 下次操作: 2021-07-17 01:15:09

2021-07-17 01:15:09 开始第 17 次操作

2021-07-17 01:15:09 开始操作号码 【1656892】
2021-07-17 01:15:12 GSD getOne 第 1 次 等待 3 秒
2021-07-17 01:15:15 查询号码 【1656892】，返回信息 {"status":"bad","msg":""}
2021-07-17 01:15:15 查询号码 【1656892】，GSD为【""】
2021-07-17 01:15:15 bad
2021-07-17 01:15:16 CHB 1656892?1626455715 第 1 次 等待 3 秒
2021-07-17 01:15:19 CHB 1656892?1626455715 第 1 次 获取到号码【1656892】GSD
2021-07-17 01:15:19 获取到号码【1656892】的GSD为【山东-枣庄】
2021-07-17 01:15:25 GSD insert 第 1 次 等待 3 秒
2021-07-17 01:15:28 {"status":"ok","gid":298525,"msg":"添加成功！"}
2021-07-17 01:15:28 下次操作: 2021-07-17 01:15:48

2021-07-17 01:15:48 开始第 18 次操作

2021-07-17 01:15:48 开始操作号码 【1656893】
2021-07-17 01:15:52 GSD getOne 第 1 次 等待 3 秒
2021-07-17 01:15:55 查询号码 【1656893】，返回信息 {"status":"bad","msg":""}
2021-07-17 01:15:55 查询号码 【1656893】，GSD为【""】
2021-07-17 01:15:55 bad
2021-07-17 01:15:57 CHB 1656893?1626455755 第 1 次 等待 3 秒
2021-07-17 01:16:00 CHB 1656893?1626455755 第 1 次 获取到号码【1656893】GSD
2021-07-17 01:16:00 获取到号码【1656893】的GSD为【山东-菏泽】
2021-07-17 01:16:02 GSD insert 第 1 次 等待 3 秒
2021-07-17 01:16:05 {"status":"ok","gid":298530,"msg":"添加成功！"}
2021-07-17 01:16:05 下次操作: 2021-07-17 01:16:27

2021-07-17 01:16:27 开始第 19 次操作

2021-07-17 01:16:27 开始操作号码 【1656894】
2021-07-17 01:16:30 GSD getOne 第 1 次 等待 3 秒
2021-07-17 01:16:33 查询号码 【1656894】，返回信息 {"status":"bad","msg":""}
2021-07-17 01:16:33 查询号码 【1656894】，GSD为【""】
2021-07-17 01:16:33 bad
2021-07-17 01:16:35 CHB 1656894?1626455793 第 1 次 等待 3 秒
2021-07-17 01:16:38 CHB 1656894?1626455793 第 1 次 获取到号码【1656894】GSD
2021-07-17 01:16:38 获取到号码【1656894】的GSD为【陕西-榆林】
2021-07-17 01:16:43 GSD insert 第 1 次 等待 3 秒
2021-07-17 01:16:46 {"status":"ok","gid":298540,"msg":"添加成功！"}
2021-07-17 01:16:46 下次操作: 2021-07-17 01:17:10

2021-07-17 01:17:11 开始第 20 次操作

2021-07-17 01:17:11 开始操作号码 【1656895】
2021-07-17 01:17:13 GSD getOne 第 1 次 等待 3 秒
2021-07-17 01:17:16 查询号码 【1656895】，返回信息 {"status":"bad","msg":""}
2021-07-17 01:17:16 查询号码 【1656895】，GSD为【""】
2021-07-17 01:17:16 bad
2021-07-17 01:17:18 CHB 1656895?1626455836 第 1 次 等待 3 秒
2021-07-17 01:17:21 CHB 1656895?1626455836 第 1 次 获取到号码【1656895】GSD
2021-07-17 01:17:21 获取到号码【1656895】的GSD为【山东-聊城】
2021-07-17 01:17:27 GSD insert 第 1 次 等待 3 秒
2021-07-17 01:17:30 {"status":"ok","gid":298549,"msg":"添加成功！"}
2021-07-17 01:17:30 下次操作: 2021-07-17 01:17:42

2021-07-17 01:17:42 开始第 21 次操作

2021-07-17 01:17:42 开始操作号码 【1656896】
2021-07-17 01:17:49 GSD getOne 第 1 次 等待 3 秒
2021-07-17 01:17:52 查询号码 【1656896】，返回信息 {"status":"bad","msg":""}
2021-07-17 01:17:52 查询号码 【1656896】，GSD为【""】
2021-07-17 01:17:52 bad
2021-07-17 01:17:58 CHB 1656896?1626455872 第 1 次 等待 3 秒
2021-07-17 01:18:01 CHB 1656896?1626455872 第 1 次 获取到号码【1656896】GSD
2021-07-17 01:18:01 获取到号码【1656896】的GSD为【陕西-榆林】
2021-07-17 01:18:04 GSD insert 第 1 次 等待 3 秒
2021-07-17 01:18:07 {"status":"ok","gid":298560,"msg":"添加成功！"}
2021-07-17 01:18:07 下次操作: 2021-07-17 01:18:25

2021-07-17 01:18:25 开始第 22 次操作

2021-07-17 01:18:25 开始操作号码 【1656897】
2021-07-17 01:18:30 GSD getOne 第 1 次 等待 3 秒
2021-07-17 01:18:33 查询号码 【1656897】，返回信息 {"status":"bad","msg":""}
2021-07-17 01:18:33 查询号码 【1656897】，GSD为【""】
2021-07-17 01:18:33 bad
2021-07-17 01:18:39 CHB 1656897?1626455913 第 1 次 等待 3 秒
2021-07-17 01:18:42 CHB 1656897?1626455913 第 1 次 获取到号码【1656897】GSD
2021-07-17 01:18:42 获取到号码【1656897】的GSD为【山东-菏泽】
2021-07-17 01:18:44 GSD insert 第 1 次 等待 3 秒
2021-07-17 01:18:47 {"status":"ok","gid":298569,"msg":"添加成功！"}
2021-07-17 01:18:47 下次操作: 2021-07-17 01:19:05

2021-07-17 01:19:05 开始第 23 次操作

2021-07-17 01:19:05 开始操作号码 【1656898】
2021-07-17 01:19:08 GSD getOne 第 1 次 等待 3 秒
2021-07-17 01:19:11 查询号码 【1656898】，返回信息 {"status":"bad","msg":""}
2021-07-17 01:19:11 查询号码 【1656898】，GSD为【""】
2021-07-17 01:19:11 bad
2021-07-17 01:19:13 CHB 1656898?1626455951 第 1 次 等待 3 秒
2021-07-17 01:19:16 CHB 1656898?1626455951 第 1 次 获取到号码【1656898】GSD
2021-07-17 01:19:16 获取到号码【1656898】的GSD为【山东-临沂】
2021-07-17 01:19:21 GSD insert 第 1 次 等待 3 秒
2021-07-17 01:19:24 {"status":"ok","gid":298575,"msg":"添加成功！"}
2021-07-17 01:19:24 下次操作: 2021-07-17 01:19:39

2021-07-17 01:19:39 开始第 24 次操作

2021-07-17 01:19:39 开始操作号码 【1656899】
2021-07-17 01:19:44 GSD getOne 第 1 次 等待 3 秒
2021-07-17 01:19:47 查询号码 【1656899】，返回信息 {"status":"bad","msg":""}
2021-07-17 01:19:47 查询号码 【1656899】，GSD为【""】
2021-07-17 01:19:47 bad
2021-07-17 01:19:49 CHB 1656899?1626455987 第 1 次 等待 3 秒
2021-07-17 01:19:52 CHB 1656899?1626455987 第 1 次 获取到号码【1656899】GSD
2021-07-17 01:19:52 获取到号码【1656899】的GSD为【辽宁-葫芦岛】
2021-07-17 01:19:54 GSD insert 第 1 次 等待 3 秒
2021-07-17 01:19:57 {"status":"ok","gid":298580,"msg":"添加成功！"}
2021-07-17 01:19:57 下次操作: 2021-07-17 01:20:19

2021-07-17 01:20:19 开始第 25 次操作

2021-07-17 01:20:19 开始操作号码 【1656900】
2021-07-17 01:20:22 GSD getOne 第 1 次 等待 3 秒
2021-07-17 01:20:25 查询号码 【1656900】，返回信息 {"status":"bad","msg":""}
2021-07-17 01:20:25 查询号码 【1656900】，GSD为【""】
2021-07-17 01:20:25 bad
2021-07-17 01:20:26 CHB 1656900?1626456025 第 1 次 等待 3 秒
2021-07-17 01:20:30 CHB 1656900?1626456025 第 1 次 获取到号码【1656900】GSD
2021-07-17 01:20:30 获取到号码【1656900】的GSD为【山东-滨州】
2021-07-17 01:20:42 GSD insert 第 1 次 等待 3 秒
2021-07-17 01:20:45 {"status":"ok","gid":298588,"msg":"添加成功！"}
2021-07-17 01:20:45 下次操作: 2021-07-17 01:21:00

2021-07-17 01:21:00 开始第 26 次操作

2021-07-17 01:21:00 开始操作号码 【1656901】
2021-07-17 01:21:05 GSD getOne 第 1 次 等待 3 秒
2021-07-17 01:21:08 查询号码 【1656901】，返回信息 {"status":"bad","msg":""}
2021-07-17 01:21:08 查询号码 【1656901】，GSD为【""】
2021-07-17 01:21:08 bad
2021-07-17 01:21:14 CHB 1656901?1626456068 第 1 次 等待 3 秒
2021-07-17 01:21:17 CHB 1656901?1626456068 第 1 次 获取到号码【1656901】GSD
2021-07-17 01:21:17 获取到号码【1656901】的GSD为【山东-临沂】
2021-07-17 01:21:19 GSD insert 第 1 次 等待 3 秒
2021-07-17 01:21:22 {"status":"ok","gid":298596,"msg":"添加成功！"}
2021-07-17 01:21:22 下次操作: 2021-07-17 01:21:34

2021-07-17 01:21:34 开始第 27 次操作

2021-07-17 01:21:34 开始操作号码 【1656902】
2021-07-17 01:21:37 GSD getOne 第 1 次 等待 3 秒
2021-07-17 01:21:40 查询号码 【1656902】，返回信息 {"status":"bad","msg":""}
2021-07-17 01:21:40 查询号码 【1656902】，GSD为【""】
2021-07-17 01:21:40 bad
2021-07-17 01:21:42 CHB 1656902?1626456100 第 1 次 等待 3 秒
2021-07-17 01:21:45 CHB 1656902?1626456100 第 1 次 获取到号码【1656902】GSD
2021-07-17 01:21:45 获取到号码【1656902】的GSD为【天津-天津】
2021-07-17 01:21:51 GSD insert 第 1 次 等待 3 秒
2021-07-17 01:21:54 {"status":"ok","gid":298599,"msg":"添加成功！"}
2021-07-17 01:21:54 下次操作: 2021-07-17 01:22:12

2021-07-17 01:22:12 开始第 28 次操作

2021-07-17 01:22:12 开始操作号码 【1656903】
2021-07-17 01:22:19 GSD getOne 第 1 次 等待 3 秒
2021-07-17 01:22:22 查询号码 【1656903】，返回信息 {"status":"bad","msg":""}
2021-07-17 01:22:22 查询号码 【1656903】，GSD为【""】
2021-07-17 01:22:22 bad
2021-07-17 01:22:24 CHB 1656903?1626456142 第 1 次 等待 3 秒
2021-07-17 01:22:27 CHB 1656903?1626456142 第 1 次 获取到号码【1656903】GSD
2021-07-17 01:22:27 获取到号码【1656903】的GSD为【山东-菏泽】
2021-07-17 01:22:31 GSD insert 第 1 次 等待 3 秒
2021-07-17 01:22:34 {"status":"ok","gid":298605,"msg":"添加成功！"}
2021-07-17 01:22:34 下次操作: 2021-07-17 01:22:51

2021-07-17 01:22:51 开始第 29 次操作

2021-07-17 01:22:51 开始操作号码 【1656904】
2021-07-17 01:23:04 GSD getOne 第 1 次 等待 3 秒
2021-07-17 01:23:07 查询号码 【1656904】，返回信息 {"status":"bad","msg":""}
2021-07-17 01:23:07 查询号码 【1656904】，GSD为【""】
2021-07-17 01:23:07 bad
2021-07-17 01:23:09 CHB 1656904?1626456187 第 1 次 等待 3 秒
2021-07-17 01:23:12 CHB 1656904?1626456187 第 1 次 获取到号码【1656904】GSD
2021-07-17 01:23:12 获取到号码【1656904】的GSD为【山东-聊城】
2021-07-17 01:23:14 GSD insert 第 1 次 等待 3 秒
2021-07-17 01:23:18 {"status":"ok","gid":298615,"msg":"添加成功！"}
2021-07-17 01:23:18 下次操作: 2021-07-17 01:23:31

2021-07-17 01:23:31 开始第 30 次操作

2021-07-17 01:23:31 开始操作号码 【1656905】
2021-07-17 01:23:33 GSD getOne 第 1 次 等待 3 秒
2021-07-17 01:23:36 查询号码 【1656905】，返回信息 {"status":"bad","msg":""}
2021-07-17 01:23:36 查询号码 【1656905】，GSD为【""】
2021-07-17 01:23:36 bad
2021-07-17 01:23:38 CHB 1656905?1626456216 第 1 次 等待 3 秒
2021-07-17 01:23:41 CHB 1656905?1626456216 第 1 次 获取到号码【1656905】GSD
2021-07-17 01:23:41 获取到号码【1656905】的GSD为【河南-漯河】
2021-07-17 01:23:45 GSD insert 第 1 次 等待 3 秒
2021-07-17 01:23:48 {"status":"ok","gid":298620,"msg":"添加成功！"}
2021-07-17 01:23:48 下次操作: 2021-07-17 01:24:05

2021-07-17 01:24:05 开始第 31 次操作

2021-07-17 01:24:05 开始操作号码 【1656906】
2021-07-17 01:24:08 GSD getOne 第 1 次 等待 3 秒
2021-07-17 01:24:11 查询号码 【1656906】，返回信息 {"status":"bad","msg":""}
2021-07-17 01:24:11 查询号码 【1656906】，GSD为【""】
2021-07-17 01:24:11 bad
2021-07-17 01:24:12 CHB 1656906?1626456251 第 1 次 等待 3 秒
2021-07-17 01:24:15 CHB 1656906?1626456251 第 1 次 获取到号码【1656906】GSD
2021-07-17 01:24:15 获取到号码【1656906】的GSD为【河南-漯河】
2021-07-17 01:24:21 GSD insert 第 1 次 等待 3 秒
2021-07-17 01:24:24 {"status":"ok","gid":298627,"msg":"添加成功！"}
2021-07-17 01:24:24 下次操作: 2021-07-17 01:24:48

2021-07-17 01:24:48 开始第 32 次操作

2021-07-17 01:24:48 开始操作号码 【1656907】
2021-07-17 01:24:51 GSD getOne 第 1 次 等待 3 秒
2021-07-17 01:24:54 查询号码 【1656907】，返回信息 {"status":"bad","msg":""}
2021-07-17 01:24:54 查询号码 【1656907】，GSD为【""】
2021-07-17 01:24:54 bad
2021-07-17 01:24:55 CHB 1656907?1626456294 第 1 次 等待 3 秒
2021-07-17 01:24:58 CHB 1656907?1626456294 第 1 次 获取到号码【1656907】GSD
2021-07-17 01:24:58 获取到号码【1656907】的GSD为【山东-青岛】
2021-07-17 01:25:07 GSD insert 第 1 次 等待 3 秒
2021-07-17 01:25:10 {"status":"ok","gid":298634,"msg":"添加成功！"}
2021-07-17 01:25:10 下次操作: 2021-07-17 01:25:26

2021-07-17 01:25:26 开始第 33 次操作

2021-07-17 01:25:26 开始操作号码 【1656908】
2021-07-17 01:25:31 GSD getOne 第 1 次 等待 3 秒
2021-07-17 01:25:34 查询号码 【1656908】，返回信息 {"status":"bad","msg":""}
2021-07-17 01:25:34 查询号码 【1656908】，GSD为【""】
2021-07-17 01:25:34 bad
2021-07-17 01:25:40 CHB 1656908?1626456334 第 1 次 等待 3 秒
2021-07-17 01:25:43 CHB 1656908?1626456334 第 1 次 获取到号码【1656908】GSD
2021-07-17 01:25:43 获取到号码【1656908】的GSD为【山东-菏泽】
2021-07-17 01:25:58 GSD insert 第 1 次 等待 3 秒
2021-07-17 01:26:01 {"status":"ok","gid":298642,"msg":"添加成功！"}
2021-07-17 01:26:01 下次操作: 2021-07-17 01:26:23

2021-07-17 01:26:24 开始第 34 次操作

2021-07-17 01:26:24 开始操作号码 【1656909】
2021-07-17 01:27:23 GSD getOne 第 1 次 等待 3 秒
2021-07-17 01:27:26 查询号码 【1656909】，返回信息 {"status":"bad","msg":""}
2021-07-17 01:27:26 查询号码 【1656909】，GSD为【""】
2021-07-17 01:27:26 bad
2021-07-17 01:27:32 CHB 1656909?1626456446 第 1 次 等待 3 秒
2021-07-17 01:27:35 CHB 1656909?1626456446 第 1 次 获取到号码【1656909】GSD
2021-07-17 01:27:35 获取到号码【1656909】的GSD为【山东-菏泽】
2021-07-17 01:27:38 GSD insert 第 1 次 等待 3 秒
2021-07-17 01:27:41 {"status":"ok","gid":298654,"msg":"添加成功！"}
2021-07-17 01:27:41 下次操作: 2021-07-17 01:28:00

2021-07-17 01:28:00 开始第 35 次操作

2021-07-17 01:28:00 开始操作号码 【1656910】
2021-07-17 01:28:02 GSD getOne 第 1 次 等待 3 秒
2021-07-17 01:28:05 查询号码 【1656910】，返回信息 {"status":"bad","msg":""}
2021-07-17 01:28:05 查询号码 【1656910】，GSD为【""】
2021-07-17 01:28:05 bad
2021-07-17 01:28:07 CHB 1656910?1626456485 第 1 次 等待 3 秒
2021-07-17 01:28:10 CHB 1656910?1626456485 第 1 次 获取到号码【1656910】GSD
2021-07-17 01:28:10 获取到号码【1656910】的GSD为【陕西-西安】
2021-07-17 01:28:13 GSD insert 第 1 次 等待 3 秒
2021-07-17 01:28:16 {"status":"ok","gid":298661,"msg":"添加成功！"}
2021-07-17 01:28:16 下次操作: 2021-07-17 01:28:35

2021-07-17 01:28:35 开始第 36 次操作

2021-07-17 01:28:35 开始操作号码 【1656911】
2021-07-17 01:28:37 GSD getOne 第 1 次 等待 3 秒
2021-07-17 01:28:40 查询号码 【1656911】，返回信息 {"status":"bad","msg":""}
2021-07-17 01:28:40 查询号码 【1656911】，GSD为【""】
2021-07-17 01:28:40 bad
2021-07-17 01:28:42 CHB 1656911?1626456520 第 1 次 等待 3 秒
2021-07-17 01:28:45 CHB 1656911?1626456520 第 1 次 获取到号码【1656911】GSD
2021-07-17 01:28:45 获取到号码【1656911】的GSD为【辽宁-盘锦】
2021-07-17 01:28:48 GSD insert 第 1 次 等待 3 秒
2021-07-17 01:28:51 {"status":"ok","gid":298667,"msg":"添加成功！"}
2021-07-17 01:28:51 下次操作: 2021-07-17 01:29:07

2021-07-17 01:29:07 开始第 37 次操作

2021-07-17 01:29:07 开始操作号码 【1656912】
2021-07-17 01:29:09 GSD getOne 第 1 次 等待 3 秒
2021-07-17 01:29:12 查询号码 【1656912】，返回信息 {"status":"bad","msg":""}
2021-07-17 01:29:12 查询号码 【1656912】，GSD为【""】
2021-07-17 01:29:12 bad
2021-07-17 01:29:13 CHB 1656912?1626456552 第 1 次 等待 3 秒
2021-07-17 01:29:16 CHB 1656912?1626456552 第 1 次 获取到号码【1656912】GSD
2021-07-17 01:29:16 未获取到号码【1656912】GSD，查号吧 400 错误
2021-07-17 01:29:16 获取到号码【1656912】的GSD为【-】
2021-07-17 01:29:21 GSD insert 第 1 次 等待 3 秒
2021-07-17 01:29:24 {"status":"ok","gid":298677,"msg":"添加成功！"}
2021-07-17 01:29:24 下次操作: 2021-07-17 01:29:39

2021-07-17 01:29:39 开始第 38 次操作

2021-07-17 01:29:39 开始操作号码 【1656913】
2021-07-17 01:29:42 GSD getOne 第 1 次 等待 3 秒
2021-07-17 01:29:45 查询号码 【1656913】，返回信息 {"status":"bad","msg":""}
2021-07-17 01:29:45 查询号码 【1656913】，GSD为【""】
2021-07-17 01:29:45 bad
2021-07-17 01:29:51 CHB 1656913?1626456585 第 1 次 等待 3 秒
2021-07-17 01:29:54 CHB 1656913?1626456585 第 1 次 获取到号码【1656913】GSD
2021-07-17 01:29:54 获取到号码【1656913】的GSD为【陕西-渭南】
2021-07-17 01:29:57 GSD insert 第 1 次 等待 3 秒
2021-07-17 01:30:00 {"status":"ok","gid":298682,"msg":"添加成功！"}
2021-07-17 01:30:00 下次操作: 2021-07-17 01:30:17

2021-07-17 01:30:17 开始第 39 次操作

2021-07-17 01:30:17 开始操作号码 【1656914】
2021-07-17 01:30:22 GSD getOne 第 1 次 等待 3 秒
2021-07-17 01:30:25 查询号码 【1656914】，返回信息 {"status":"bad","msg":""}
2021-07-17 01:30:25 查询号码 【1656914】，GSD为【""】
2021-07-17 01:30:25 bad
2021-07-17 01:30:31 CHB 1656914?1626456625 第 1 次 等待 3 秒
2021-07-17 01:30:34 CHB 1656914?1626456625 第 1 次 获取到号码【1656914】GSD
2021-07-17 01:30:34 获取到号码【1656914】的GSD为【黑龙江-黑河】
2021-07-17 01:30:39 GSD insert 第 1 次 等待 3 秒
2021-07-17 01:30:42 {"status":"ok","gid":298690,"msg":"添加成功！"}
2021-07-17 01:30:42 下次操作: 2021-07-17 01:31:01

2021-07-17 01:31:01 开始第 40 次操作

2021-07-17 01:31:01 开始操作号码 【1656915】
2021-07-17 01:31:06 GSD getOne 第 1 次 等待 3 秒
2021-07-17 01:31:09 查询号码 【1656915】，返回信息 {"status":"bad","msg":""}
2021-07-17 01:31:09 查询号码 【1656915】，GSD为【""】
2021-07-17 01:31:09 bad
2021-07-17 01:31:11 CHB 1656915?1626456669 第 1 次 等待 3 秒
2021-07-17 01:31:14 CHB 1656915?1626456669 第 1 次 获取到号码【1656915】GSD
2021-07-17 01:31:14 获取到号码【1656915】的GSD为【陕西-安康】
2021-07-17 01:31:17 GSD insert 第 1 次 等待 3 秒
2021-07-17 01:31:20 {"status":"ok","gid":298696,"msg":"添加成功！"}

