2024-06-16 00:22:16 开始第 913 次操作

2024-06-16 00:22:16 开始操作号码 【1490807】
2024-06-16 00:22:26 GSD getOne 第 1 次 等待 3 秒
2024-06-16 00:22:29 查询号码 【1490807】，返回信息 {"status":"ok","msg":"上海-上海","gid":"261134","time_insert":"2021-07-13 01:29"}
2024-06-16 00:22:29 查询号码 【1490807】，GSD为【"上海-上海"】

2024-06-16 00:22:30 开始第 914 次操作

2024-06-16 00:22:30 开始操作号码 【1490808】
2024-06-16 00:22:42 GSD getOne 第 1 次 等待 3 秒
2024-06-16 00:22:45 查询号码 【1490808】，返回信息 {"status":"ok","msg":"上海-上海","gid":"261136","time_insert":"2021-07-13 01:30"}
2024-06-16 00:22:45 查询号码 【1490808】，GSD为【"上海-上海"】

2024-06-16 00:22:46 开始第 915 次操作

2024-06-16 00:22:46 开始操作号码 【1490809】
2024-06-16 00:22:59 GSD getOne 第 1 次 等待 3 秒
2024-06-16 00:23:02 查询号码 【1490809】，返回信息 {"status":"ok","msg":"上海-上海","gid":"261138","time_insert":"2021-07-13 01:31"}
2024-06-16 00:23:02 查询号码 【1490809】，GSD为【"上海-上海"】

2024-06-16 00:23:03 开始第 916 次操作

2024-06-16 00:23:03 开始操作号码 【1490810】
2024-06-16 00:23:10 GSD getOne 第 1 次 等待 3 秒
2024-06-16 00:23:13 查询号码 【1490810】，返回信息 {"status":"ok","msg":"上海-上海","gid":"261173","time_insert":"2021-07-13 01:44"}
2024-06-16 00:23:13 查询号码 【1490810】，GSD为【"上海-上海"】

2024-06-16 00:39:39 开始第 917 次操作

2024-06-16 00:39:39 开始操作号码 【1490811】
2024-06-16 00:39:46 GSD getOne 第 1 次 等待 3 秒
2024-06-16 00:39:49 查询号码 【1490811】，返回信息 {"status":"ok","msg":"上海-上海","gid":"261178","time_insert":"2021-07-13 01:45"}
2024-06-16 00:39:49 查询号码 【1490811】，GSD为【"上海-上海"】

2024-06-16 00:39:50 开始第 918 次操作

2024-06-16 00:39:50 开始操作号码 【1490812】
2024-06-16 00:39:56 GSD getOne 第 1 次 等待 3 秒
2024-06-16 00:39:59 查询号码 【1490812】，返回信息 {"status":"ok","msg":"上海-上海","gid":"261182","time_insert":"2021-07-13 01:45"}
2024-06-16 00:40:00 查询号码 【1490812】，GSD为【"上海-上海"】

2024-06-16 00:40:01 开始第 919 次操作

2024-06-16 00:40:01 开始操作号码 【1490813】
2024-06-16 00:40:09 GSD getOne 第 1 次 等待 3 秒
2024-06-16 00:40:12 查询号码 【1490813】，返回信息 {"status":"ok","msg":"上海-上海","gid":"261189","time_insert":"2021-07-13 01:45"}
2024-06-16 00:40:12 查询号码 【1490813】，GSD为【"上海-上海"】

2024-06-16 00:40:13 开始第 920 次操作

2024-06-16 00:40:13 开始操作号码 【1490814】
2024-06-16 00:40:24 GSD getOne 第 1 次 等待 3 秒
2024-06-16 00:40:27 查询号码 【1490814】，返回信息 {"status":"ok","msg":"上海-上海","gid":"261193","time_insert":"2021-07-13 01:46"}
2024-06-16 00:40:27 查询号码 【1490814】，GSD为【"上海-上海"】

2024-06-16 01:15:27 开始第 921 次操作

2024-06-16 01:15:27 开始操作号码 【1490815】
2024-06-16 01:15:34 GSD getOne 第 1 次 等待 3 秒
2024-06-16 01:15:37 查询号码 【1490815】，返回信息 {"status":"ok","msg":"上海-上海","gid":"261203","time_insert":"2021-07-13 01:46"}
2024-06-16 01:15:37 查询号码 【1490815】，GSD为【"上海-上海"】

2024-06-16 01:15:38 开始第 922 次操作

2024-06-16 01:15:38 开始操作号码 【1490816】
2024-06-16 01:15:47 GSD getOne 第 1 次 等待 3 秒
2024-06-16 01:15:50 查询号码 【1490816】，返回信息 {"status":"ok","msg":"上海-上海","gid":"261210","time_insert":"2021-07-13 01:47"}
2024-06-16 01:15:50 查询号码 【1490816】，GSD为【"上海-上海"】

2024-06-16 01:15:51 开始第 923 次操作

2024-06-16 01:15:51 开始操作号码 【1490817】
2024-06-16 01:15:57 GSD getOne 第 1 次 等待 3 秒
2024-06-16 01:16:00 查询号码 【1490817】，返回信息 {"status":"ok","msg":"上海-上海","gid":"261218","time_insert":"2021-07-13 01:47"}
2024-06-16 01:16:00 查询号码 【1490817】，GSD为【"上海-上海"】

2024-06-16 01:16:01 开始第 924 次操作

2024-06-16 01:16:01 开始操作号码 【1490818】
2024-06-16 01:16:08 GSD getOne 第 1 次 等待 3 秒
2024-06-16 01:16:11 查询号码 【1490818】，返回信息 {"status":"ok","msg":"上海-上海","gid":"261227","time_insert":"2021-07-13 01:48"}
2024-06-16 01:16:11 查询号码 【1490818】，GSD为【"上海-上海"】

2024-06-16 01:37:16 开始第 925 次操作

2024-06-16 01:37:16 开始操作号码 【1490819】
2024-06-16 01:37:23 GSD getOne 第 1 次 等待 3 秒
2024-06-16 01:37:26 查询号码 【1490819】，返回信息 {"status":"ok","msg":"上海-上海","gid":"261234","time_insert":"2021-07-13 01:48"}
2024-06-16 01:37:26 查询号码 【1490819】，GSD为【"上海-上海"】

2024-06-16 01:37:27 开始第 926 次操作

2024-06-16 01:37:27 开始操作号码 【1490820】
2024-06-16 01:37:32 GSD getOne 第 1 次 等待 3 秒
2024-06-16 01:37:35 查询号码 【1490820】，返回信息 {"status":"ok","msg":"上海-上海","gid":"261244","time_insert":"2021-07-13 01:49"}
2024-06-16 01:37:35 查询号码 【1490820】，GSD为【"上海-上海"】

2024-06-16 01:37:36 开始第 927 次操作

2024-06-16 01:37:36 开始操作号码 【1490821】
2024-06-16 01:37:43 GSD getOne 第 1 次 等待 3 秒
2024-06-16 01:37:46 查询号码 【1490821】，返回信息 {"status":"ok","msg":"上海-上海","gid":"261252","time_insert":"2021-07-13 01:49"}
2024-06-16 01:37:46 查询号码 【1490821】，GSD为【"上海-上海"】

2024-06-16 01:37:47 开始第 928 次操作

2024-06-16 01:37:47 开始操作号码 【1490822】
2024-06-16 01:38:02 GSD getOne 第 1 次 等待 3 秒
2024-06-16 01:38:05 查询号码 【1490822】，返回信息 {"status":"ok","msg":"上海-上海","gid":"261259","time_insert":"2021-07-13 01:49"}
2024-06-16 01:38:05 查询号码 【1490822】，GSD为【"上海-上海"】

