2021-07-09 00:00:34 开始第 11 次操作

2021-07-09 00:00:34 开始操作号码 【1650950】
2021-07-09 00:00:41 GSD getOne 第 1 次 等待 1 秒
2021-07-09 00:00:42 查询号码 【1650950】，返回信息 {"status":"bad","msg":""}
2021-07-09 00:00:42 查询号码 【1650950】，GSD为【""】
2021-07-09 00:00:42 bad
2021-07-09 00:00:49 CHB 1650950?1625760042 第 1 次 等待 1 秒
2021-07-09 00:00:50 CHB 1650950?1625760042 第 1 次 获取到号码【1650950】GSD
2021-07-09 00:00:50 获取到号码【1650950】的GSD为【山东-菏泽】
2021-07-09 00:00:57 GSD insert 第 1 次 等待 1 秒
2021-07-09 00:00:58 {"status":"ok","msg":"添加成功！226424"}
2021-07-09 00:00:58 下次操作: 2021-07-09 00:01:16

2021-07-09 00:01:16 开始第 12 次操作

2021-07-09 00:01:16 开始操作号码 【1650951】
2021-07-09 00:01:23 GSD getOne 第 1 次 等待 1 秒
2021-07-09 00:01:24 查询号码 【1650951】，返回信息 {"status":"bad","msg":""}
2021-07-09 00:01:24 查询号码 【1650951】，GSD为【""】
2021-07-09 00:01:24 bad
2021-07-09 00:01:26 CHB 1650951?1625760084 第 1 次 等待 1 秒
2021-07-09 00:01:27 CHB 1650951?1625760084 第 1 次 获取到号码【1650951】GSD
2021-07-09 00:01:27 获取到号码【1650951】的GSD为【宁夏-银川】
2021-07-09 00:01:33 GSD insert 第 1 次 等待 1 秒
2021-07-09 00:01:34 {"status":"ok","msg":"添加成功！226429"}
2021-07-09 00:01:34 下次操作: 2021-07-09 00:01:42

2021-07-09 00:01:42 开始第 13 次操作

2021-07-09 00:01:42 开始操作号码 【1650952】
2021-07-09 00:01:54 GSD getOne 第 1 次 等待 1 秒
2021-07-09 00:01:55 查询号码 【1650952】，返回信息 {"status":"bad","msg":""}
2021-07-09 00:01:55 查询号码 【1650952】，GSD为【""】
2021-07-09 00:01:55 bad
2021-07-09 00:02:02 CHB 1650952?1625760115 第 1 次 等待 1 秒
2021-07-09 00:02:03 CHB 1650952?1625760115 第 1 次 获取到号码【1650952】GSD
2021-07-09 00:02:03 获取到号码【1650952】的GSD为【宁夏-石嘴山】
2021-07-09 00:02:08 GSD insert 第 1 次 等待 1 秒
2021-07-09 00:02:09 {"status":"ok","msg":"添加成功！226435"}
2021-07-09 00:02:09 下次操作: 2021-07-09 00:02:17

2021-07-09 00:02:17 开始第 14 次操作

2021-07-09 00:02:17 开始操作号码 【1650953】
2021-07-09 00:02:24 GSD getOne 第 1 次 等待 1 秒
2021-07-09 00:02:25 查询号码 【1650953】，返回信息 {"status":"bad","msg":""}
2021-07-09 00:02:25 查询号码 【1650953】，GSD为【""】
2021-07-09 00:02:25 bad
2021-07-09 00:02:27 CHB 1650953?1625760145 第 1 次 等待 1 秒
2021-07-09 00:02:28 CHB 1650953?1625760145 第 1 次 获取到号码【1650953】GSD
2021-07-09 00:02:28 获取到号码【1650953】的GSD为【宁夏-吴忠】
2021-07-09 00:02:35 GSD insert 第 1 次 等待 1 秒
2021-07-09 00:02:36 {"status":"ok","msg":"添加成功！226441"}
2021-07-09 00:02:36 下次操作: 2021-07-09 00:02:52

2021-07-09 00:02:52 开始第 15 次操作

2021-07-09 00:02:52 开始操作号码 【1650954】
2021-07-09 00:02:56 GSD getOne 第 1 次 等待 1 秒
2021-07-09 00:02:57 查询号码 【1650954】，返回信息 {"status":"bad","msg":""}
2021-07-09 00:02:57 查询号码 【1650954】，GSD为【""】
2021-07-09 00:02:57 bad
2021-07-09 00:03:04 CHB 1650954?1625760177 第 1 次 等待 1 秒
2021-07-09 00:03:05 CHB 1650954?1625760177 第 1 次 获取到号码【1650954】GSD
2021-07-09 00:03:05 获取到号码【1650954】的GSD为【宁夏-固原】
2021-07-09 00:03:17 GSD insert 第 1 次 等待 1 秒
2021-07-09 00:03:18 {"status":"ok","msg":"添加成功！226451"}
2021-07-09 00:03:18 下次操作: 2021-07-09 00:03:31

2021-07-09 00:03:31 开始第 16 次操作

2021-07-09 00:03:31 开始操作号码 【1650955】
2021-07-09 00:03:40 GSD getOne 第 1 次 等待 1 秒
2021-07-09 00:03:41 查询号码 【1650955】，返回信息 {"status":"bad","msg":""}
2021-07-09 00:03:41 查询号码 【1650955】，GSD为【""】
2021-07-09 00:03:41 bad
2021-07-09 00:03:43 CHB 1650955?1625760221 第 1 次 等待 1 秒
2021-07-09 00:03:44 CHB 1650955?1625760221 第 1 次 获取到号码【1650955】GSD
2021-07-09 00:03:44 获取到号码【1650955】的GSD为【宁夏-中卫】
2021-07-09 00:03:50 GSD insert 第 1 次 等待 1 秒
2021-07-09 00:03:51 {"status":"ok","msg":"添加成功！226463"}
2021-07-09 00:03:51 下次操作: 2021-07-09 00:04:08

2021-07-09 00:04:08 开始第 17 次操作

2021-07-09 00:04:08 开始操作号码 【1650956】
2021-07-09 00:04:19 GSD getOne 第 1 次 等待 1 秒
2021-07-09 00:04:20 查询号码 【1650956】，返回信息 {"status":"bad","msg":""}
2021-07-09 00:04:20 查询号码 【1650956】，GSD为【""】
2021-07-09 00:04:20 bad
2021-07-09 00:04:25 CHB 1650956?1625760260 第 1 次 等待 1 秒
2021-07-09 00:04:26 CHB 1650956?1625760260 第 1 次 获取到号码【1650956】GSD
2021-07-09 00:04:26 获取到号码【1650956】的GSD为【河南-商丘】
2021-07-09 00:04:34 GSD insert 第 1 次 等待 1 秒
2021-07-09 00:04:35 {"status":"ok","msg":"添加成功！226472"}
2021-07-09 00:04:35 下次操作: 2021-07-09 00:04:50

2021-07-09 00:04:50 开始第 18 次操作

2021-07-09 00:04:50 开始操作号码 【1650957】
2021-07-09 00:04:54 GSD getOne 第 1 次 等待 1 秒
2021-07-09 00:04:55 查询号码 【1650957】，返回信息 {"status":"bad","msg":""}
2021-07-09 00:04:55 查询号码 【1650957】，GSD为【""】
2021-07-09 00:04:55 bad
2021-07-09 00:04:59 CHB 1650957?1625760295 第 1 次 等待 1 秒
2021-07-09 00:05:00 CHB 1650957?1625760295 第 1 次 获取到号码【1650957】GSD
2021-07-09 00:05:00 获取到号码【1650957】的GSD为【山东-临沂】
2021-07-09 00:05:05 GSD insert 第 1 次 等待 1 秒
2021-07-09 00:05:06 {"status":"ok","msg":"添加成功！226483"}
2021-07-09 00:05:06 下次操作: 2021-07-09 00:05:21

2021-07-09 00:05:21 开始第 19 次操作

2021-07-09 00:05:21 开始操作号码 【1650958】
2021-07-09 00:05:26 GSD getOne 第 1 次 等待 1 秒
2021-07-09 00:05:27 查询号码 【1650958】，返回信息 {"status":"bad","msg":""}
2021-07-09 00:05:27 查询号码 【1650958】，GSD为【""】
2021-07-09 00:05:27 bad
2021-07-09 00:05:41 CHB 1650958?1625760327 第 1 次 等待 1 秒
2021-07-09 00:05:42 CHB 1650958?1625760327 第 1 次 获取到号码【1650958】GSD
2021-07-09 00:05:42 获取到号码【1650958】的GSD为【山东-聊城】
2021-07-09 00:05:47 GSD insert 第 1 次 等待 1 秒
2021-07-09 00:05:48 {"status":"ok","msg":"添加成功！226492"}
2021-07-09 00:05:48 下次操作: 2021-07-09 00:06:06

2021-07-09 00:06:06 开始第 20 次操作

2021-07-09 00:06:06 开始操作号码 【1650959】
2021-07-09 00:06:10 GSD getOne 第 1 次 等待 1 秒
2021-07-09 00:06:11 查询号码 【1650959】，返回信息 {"status":"bad","msg":""}
2021-07-09 00:06:11 查询号码 【1650959】，GSD为【""】
2021-07-09 00:06:11 bad
2021-07-09 00:06:14 CHB 1650959?1625760371 第 1 次 等待 1 秒
2021-07-09 00:06:15 CHB 1650959?1625760371 第 1 次 获取到号码【1650959】GSD
2021-07-09 00:06:15 获取到号码【1650959】的GSD为【山东-淄博】
2021-07-09 00:06:19 GSD insert 第 1 次 等待 1 秒
2021-07-09 00:06:20 {"status":"ok","msg":"添加成功！226500"}
2021-07-09 00:06:20 下次操作: 2021-07-09 00:06:26

2021-07-09 00:06:26 开始第 21 次操作

2021-07-09 00:06:26 开始操作号码 【1650960】
2021-07-09 00:06:32 GSD getOne 第 1 次 等待 1 秒
2021-07-09 00:06:33 查询号码 【1650960】，返回信息 {"status":"bad","msg":""}
2021-07-09 00:06:33 查询号码 【1650960】，GSD为【""】
2021-07-09 00:06:33 bad
2021-07-09 00:06:35 CHB 1650960?1625760393 第 1 次 等待 1 秒
2021-07-09 00:06:36 CHB 1650960?1625760393 第 1 次 获取到号码【1650960】GSD
2021-07-09 00:06:36 获取到号码【1650960】的GSD为【河北-邢台】
2021-07-09 00:06:40 GSD insert 第 1 次 等待 1 秒
2021-07-09 00:06:41 {"status":"ok","msg":"添加成功！226506"}
2021-07-09 00:06:41 下次操作: 2021-07-09 00:06:48

2021-07-09 00:06:48 开始第 22 次操作

2021-07-09 00:06:48 开始操作号码 【1650961】
2021-07-09 00:06:54 GSD getOne 第 1 次 等待 1 秒
2021-07-09 00:06:55 查询号码 【1650961】，返回信息 {"status":"bad","msg":""}
2021-07-09 00:06:55 查询号码 【1650961】，GSD为【""】
2021-07-09 00:06:55 bad
2021-07-09 00:06:57 CHB 1650961?1625760415 第 1 次 等待 1 秒
2021-07-09 00:06:58 CHB 1650961?1625760415 第 1 次 获取到号码【1650961】GSD
2021-07-09 00:06:58 获取到号码【1650961】的GSD为【辽宁-大连】
2021-07-09 00:07:03 GSD insert 第 1 次 等待 1 秒
2021-07-09 00:07:04 {"status":"ok","msg":"添加成功！226511"}
2021-07-09 00:07:04 下次操作: 2021-07-09 00:07:16

2021-07-09 00:07:16 开始第 23 次操作

2021-07-09 00:07:16 开始操作号码 【1650962】
2021-07-09 00:07:22 GSD getOne 第 1 次 等待 1 秒
2021-07-09 00:07:23 查询号码 【1650962】，返回信息 {"status":"bad","msg":""}
2021-07-09 00:07:23 查询号码 【1650962】，GSD为【""】
2021-07-09 00:07:23 bad
2021-07-09 00:07:27 CHB 1650962?1625760443 第 1 次 等待 1 秒
2021-07-09 00:07:28 CHB 1650962?1625760443 第 1 次 获取到号码【1650962】GSD
2021-07-09 00:07:28 获取到号码【1650962】的GSD为【四川-成都】
2021-07-09 00:07:33 GSD insert 第 1 次 等待 1 秒
2021-07-09 00:07:34 {"status":"ok","msg":"添加成功！226519"}
2021-07-09 00:07:34 下次操作: 2021-07-09 00:07:44

2021-07-09 00:07:44 开始第 24 次操作

2021-07-09 00:07:44 开始操作号码 【1650963】
2021-07-09 00:07:48 GSD getOne 第 1 次 等待 1 秒
2021-07-09 00:07:49 查询号码 【1650963】，返回信息 {"status":"bad","msg":""}
2021-07-09 00:07:49 查询号码 【1650963】，GSD为【""】
2021-07-09 00:07:49 bad
2021-07-09 00:07:58 CHB 1650963?1625760469 第 1 次 等待 1 秒
2021-07-09 00:07:59 CHB 1650963?1625760469 第 1 次 获取到号码【1650963】GSD
2021-07-09 00:07:59 获取到号码【1650963】的GSD为【四川-成都】
2021-07-09 00:08:03 GSD insert 第 1 次 等待 1 秒
2021-07-09 00:08:04 {"status":"ok","msg":"添加成功！226523"}
2021-07-09 00:08:04 下次操作: 2021-07-09 00:08:15

2021-07-09 00:08:15 开始第 25 次操作

2021-07-09 00:08:15 开始操作号码 【1650964】
2021-07-09 00:08:20 GSD getOne 第 1 次 等待 1 秒
2021-07-09 00:08:21 查询号码 【1650964】，返回信息 {"status":"bad","msg":""}
2021-07-09 00:08:21 查询号码 【1650964】，GSD为【""】
2021-07-09 00:08:21 bad
2021-07-09 00:08:28 CHB 1650964?1625760501 第 1 次 等待 1 秒
2021-07-09 00:08:29 CHB 1650964?1625760501 第 1 次 获取到号码【1650964】GSD
2021-07-09 00:08:29 获取到号码【1650964】的GSD为【黑龙江-鹤岗】
2021-07-09 00:08:38 GSD insert 第 1 次 等待 1 秒
2021-07-09 00:08:39 {"status":"ok","msg":"添加成功！226529"}
2021-07-09 00:08:39 下次操作: 2021-07-09 00:08:45

2021-07-09 00:08:45 开始第 26 次操作

2021-07-09 00:08:45 开始操作号码 【1650965】
2021-07-09 00:08:53 GSD getOne 第 1 次 等待 1 秒
2021-07-09 00:08:54 查询号码 【1650965】，返回信息 {"status":"bad","msg":""}
2021-07-09 00:08:54 查询号码 【1650965】，GSD为【""】
2021-07-09 00:08:54 bad
2021-07-09 00:08:58 CHB 1650965?1625760534 第 1 次 等待 1 秒
2021-07-09 00:08:59 CHB 1650965?1625760534 第 1 次 获取到号码【1650965】GSD
2021-07-09 00:08:59 获取到号码【1650965】的GSD为【宁夏-银川】
2021-07-09 00:09:12 GSD insert 第 1 次 等待 1 秒
2021-07-09 00:09:13 {"status":"ok","msg":"添加成功！226535"}
2021-07-09 00:09:13 下次操作: 2021-07-09 00:09:21

2021-07-09 00:09:21 开始第 27 次操作

2021-07-09 00:09:21 开始操作号码 【1650966】
2021-07-09 00:09:28 GSD getOne 第 1 次 等待 1 秒
2021-07-09 00:09:29 查询号码 【1650966】，返回信息 {"status":"bad","msg":""}
2021-07-09 00:09:29 查询号码 【1650966】，GSD为【""】
2021-07-09 00:09:29 bad
2021-07-09 00:09:32 CHB 1650966?1625760569 第 1 次 等待 1 秒
2021-07-09 00:09:33 CHB 1650966?1625760569 第 1 次 获取到号码【1650966】GSD
2021-07-09 00:09:33 获取到号码【1650966】的GSD为【山东-临沂】
2021-07-09 00:09:37 GSD insert 第 1 次 等待 1 秒
2021-07-09 00:09:38 {"status":"ok","msg":"添加成功！226541"}
2021-07-09 00:09:38 下次操作: 2021-07-09 00:09:56

2021-07-09 00:09:56 开始第 28 次操作

2021-07-09 00:09:56 开始操作号码 【1650967】
2021-07-09 00:10:04 GSD getOne 第 1 次 等待 1 秒
2021-07-09 00:10:05 查询号码 【1650967】，返回信息 {"status":"bad","msg":""}
2021-07-09 00:10:05 查询号码 【1650967】，GSD为【""】
2021-07-09 00:10:05 bad
2021-07-09 00:10:06 CHB 1650967?1625760605 第 1 次 等待 1 秒
2021-07-09 00:10:07 CHB 1650967?1625760605 第 1 次 获取到号码【1650967】GSD
2021-07-09 00:10:07 获取到号码【1650967】的GSD为【山东-枣庄】
2021-07-09 00:10:13 GSD insert 第 1 次 等待 1 秒
2021-07-09 00:10:14 {"status":"ok","msg":"添加成功！226546"}
2021-07-09 00:10:14 下次操作: 2021-07-09 00:10:25

2021-07-09 00:10:25 开始第 29 次操作

2021-07-09 00:10:25 开始操作号码 【1650968】
2021-07-09 00:10:38 GSD getOne 第 1 次 等待 1 秒
2021-07-09 00:10:39 查询号码 【1650968】，返回信息 {"status":"bad","msg":""}
2021-07-09 00:10:39 查询号码 【1650968】，GSD为【""】
2021-07-09 00:10:39 bad
2021-07-09 00:10:44 CHB 1650968?1625760639 第 1 次 等待 1 秒
2021-07-09 00:10:45 CHB 1650968?1625760639 第 1 次 获取到号码【1650968】GSD
2021-07-09 00:10:45 获取到号码【1650968】的GSD为【山东-临沂】
2021-07-09 00:10:50 GSD insert 第 1 次 等待 1 秒
2021-07-09 00:10:51 {"status":"ok","msg":"添加成功！226551"}
2021-07-09 00:10:51 下次操作: 2021-07-09 00:11:05

2021-07-09 00:11:05 开始第 30 次操作

2021-07-09 00:11:05 开始操作号码 【1650969】
2021-07-09 00:11:10 GSD getOne 第 1 次 等待 1 秒
2021-07-09 00:11:11 查询号码 【1650969】，返回信息 {"status":"bad","msg":""}
2021-07-09 00:11:11 查询号码 【1650969】，GSD为【""】
2021-07-09 00:11:11 bad
2021-07-09 00:11:16 CHB 1650969?1625760671 第 1 次 等待 1 秒
2021-07-09 00:11:17 CHB 1650969?1625760671 第 1 次 获取到号码【1650969】GSD
2021-07-09 00:11:17 获取到号码【1650969】的GSD为【山东-滨州】
2021-07-09 00:11:20 GSD insert 第 1 次 等待 1 秒
2021-07-09 00:11:21 {"status":"ok","msg":"添加成功！226556"}

