2024-01-25 00:22:00 开始第 98 次操作
2024-01-25 00:22:00 号码【182（0000 ---> 9999）】处理完毕
2024-01-25 00:42:08 开始第 98 次操作
2024-01-25 00:42:08 号码【182（0000 ---> 9999）】处理完毕
2024-01-25 01:15:32 开始第 98 次操作
2024-01-25 01:15:32 号码【182（0000 ---> 9999）】处理完毕
2024-01-25 01:37:13 开始第 98 次操作
2024-01-25 01:37:13 号码【182（0000 ---> 9999）】处理完毕
2024-01-25 02:19:55 开始第 98 次操作
2024-01-25 02:19:55 号码【182（0000 ---> 9999）】处理完毕
2024-01-25 02:38:19 开始第 98 次操作
2024-01-25 02:38:19 号码【182（0000 ---> 9999）】处理完毕
2024-01-25 03:14:19 开始第 98 次操作
2024-01-25 03:14:19 号码【182（0000 ---> 9999）】处理完毕
2024-01-25 03:37:27 开始第 98 次操作
2024-01-25 03:37:27 号码【182（0000 ---> 9999）】处理完毕
2024-01-25 04:18:22 开始第 98 次操作
2024-01-25 04:18:22 号码【182（0000 ---> 9999）】处理完毕
2024-01-25 04:37:20 开始第 98 次操作
2024-01-25 04:37:20 号码【182（0000 ---> 9999）】处理完毕
2024-01-25 05:14:56 开始第 98 次操作
2024-01-25 05:14:56 号码【182（0000 ---> 9999）】处理完毕
2024-01-25 05:37:17 开始第 98 次操作
2024-01-25 05:37:17 号码【182（0000 ---> 9999）】处理完毕
2024-01-25 06:16:05 开始第 98 次操作
2024-01-25 06:16:05 号码【182（0000 ---> 9999）】处理完毕
2024-01-25 06:37:50 开始第 98 次操作
2024-01-25 06:37:50 号码【182（0000 ---> 9999）】处理完毕
2024-01-25 07:16:38 开始第 98 次操作
2024-01-25 07:16:38 号码【182（0000 ---> 9999）】处理完毕
2024-01-25 07:37:25 开始第 98 次操作
2024-01-25 07:37:25 号码【182（0000 ---> 9999）】处理完毕
2024-01-25 09:17:01 开始第 98 次操作
2024-01-25 09:17:01 号码【182（0000 ---> 9999）】处理完毕
2024-01-25 10:18:57 开始第 98 次操作
2024-01-25 10:18:57 号码【182（0000 ---> 9999）】处理完毕
2024-01-25 10:45:24 开始第 98 次操作
2024-01-25 10:45:24 号码【182（0000 ---> 9999）】处理完毕
2024-01-25 11:17:35 开始第 98 次操作
2024-01-25 11:17:35 号码【182（0000 ---> 9999）】处理完毕
2024-01-25 11:37:34 开始第 98 次操作
2024-01-25 11:37:34 号码【182（0000 ---> 9999）】处理完毕
2024-01-25 12:21:06 开始第 98 次操作
2024-01-25 12:21:06 号码【182（0000 ---> 9999）】处理完毕
2024-01-25 12:39:33 开始第 98 次操作
2024-01-25 12:39:33 号码【182（0000 ---> 9999）】处理完毕
2024-01-25 13:16:28 开始第 98 次操作
2024-01-25 13:16:28 号码【182（0000 ---> 9999）】处理完毕
2024-01-25 13:37:19 开始第 98 次操作
2024-01-25 13:37:19 号码【182（0000 ---> 9999）】处理完毕
2024-01-25 14:22:23 开始第 98 次操作
2024-01-25 14:22:23 号码【182（0000 ---> 9999）】处理完毕
2024-01-25 14:39:45 开始第 98 次操作
2024-01-25 14:39:45 号码【182（0000 ---> 9999）】处理完毕
2024-01-25 15:16:06 开始第 98 次操作
2024-01-25 15:16:06 号码【182（0000 ---> 9999）】处理完毕
2024-01-25 15:37:20 开始第 98 次操作
2024-01-25 15:37:20 号码【182（0000 ---> 9999）】处理完毕
2024-01-25 16:21:47 开始第 98 次操作
2024-01-25 16:21:47 号码【182（0000 ---> 9999）】处理完毕
2024-01-25 16:39:19 开始第 98 次操作
2024-01-25 16:39:19 号码【182（0000 ---> 9999）】处理完毕
2024-01-25 16:47:55 开始第 98 次操作

2024-01-25 16:47:55 开始操作号码 【1710000】
2024-01-25 16:48:19 GSD getOne 第 1 次 等待 3 秒
2024-01-25 16:48:22 查询号码 【1710000】，返回信息 {"status":"ok","msg":"北京-北京","gid":"132469","time_insert":"2021-06-26 14:36"}
2024-01-25 16:48:22 查询号码 【1710000】，GSD为【"北京-北京"】

2024-01-25 16:48:23 开始第 99 次操作

2024-01-25 16:48:23 开始操作号码 【1710001】
2024-01-25 16:48:46 GSD getOne 第 1 次 等待 3 秒
2024-01-25 16:48:49 查询号码 【1710001】，返回信息 {"status":"ok","msg":"北京-北京","gid":"132470","time_insert":"2021-06-26 14:36"}
2024-01-25 16:48:49 查询号码 【1710001】，GSD为【"北京-北京"】

2024-01-25 16:48:50 开始第 100 次操作

2024-01-25 16:48:50 开始操作号码 【1710002】
2024-01-25 16:49:13 GSD getOne 第 1 次 等待 3 秒
2024-01-25 16:49:16 查询号码 【1710002】，返回信息 {"status":"ok","msg":"北京-北京","gid":"132471","time_insert":"2021-06-26 14:37"}
2024-01-25 16:49:17 查询号码 【1710002】，GSD为【"北京-北京"】

2024-01-25 17:17:04 开始第 101 次操作

2024-01-25 17:17:04 开始操作号码 【1710003】
2024-01-25 17:17:30 GSD getOne 第 1 次 等待 3 秒
2024-01-25 17:17:33 查询号码 【1710003】，返回信息 {"status":"ok","msg":"北京-北京","gid":"132473","time_insert":"2021-06-26 14:37"}
2024-01-25 17:17:33 查询号码 【1710003】，GSD为【"北京-北京"】

2024-01-25 17:17:34 开始第 102 次操作

2024-01-25 17:17:34 开始操作号码 【1710004】
2024-01-25 17:17:58 GSD getOne 第 1 次 等待 3 秒
2024-01-25 17:18:01 查询号码 【1710004】，返回信息 {"status":"ok","msg":"北京-北京","gid":"132475","time_insert":"2021-06-26 14:38"}
2024-01-25 17:18:01 查询号码 【1710004】，GSD为【"北京-北京"】

2024-01-25 17:18:02 开始第 103 次操作

2024-01-25 17:18:02 开始操作号码 【1710005】
2024-01-25 17:18:28 GSD getOne 第 1 次 等待 3 秒
2024-01-25 17:18:31 查询号码 【1710005】，返回信息 {"status":"ok","msg":"北京-北京","gid":"132476","time_insert":"2021-06-26 14:38"}
2024-01-25 17:18:31 查询号码 【1710005】，GSD为【"北京-北京"】

2024-01-25 17:18:32 开始第 104 次操作

2024-01-25 17:18:32 开始操作号码 【1710006】
2024-01-25 17:18:56 GSD getOne 第 1 次 等待 3 秒
2024-01-25 17:18:59 查询号码 【1710006】，返回信息 {"status":"ok","msg":"北京-北京","gid":"132477","time_insert":"2021-06-26 14:39"}
2024-01-25 17:18:59 查询号码 【1710006】，GSD为【"北京-北京"】

2024-01-25 17:37:31 开始第 105 次操作

2024-01-25 17:37:31 开始操作号码 【1710007】
2024-01-25 17:37:55 GSD getOne 第 1 次 等待 3 秒
2024-01-25 17:37:58 查询号码 【1710007】，返回信息 {"status":"ok","msg":"北京-北京","gid":"132478","time_insert":"2021-06-26 14:39"}
2024-01-25 17:37:58 查询号码 【1710007】，GSD为【"北京-北京"】

2024-01-25 17:37:59 开始第 106 次操作

2024-01-25 17:37:59 开始操作号码 【1710008】
2024-01-25 17:38:22 GSD getOne 第 1 次 等待 3 秒
2024-01-25 17:38:25 查询号码 【1710008】，返回信息 {"status":"ok","msg":"北京-北京","gid":"132482","time_insert":"2021-06-26 14:39"}
2024-01-25 17:38:25 查询号码 【1710008】，GSD为【"北京-北京"】

2024-01-25 17:38:26 开始第 107 次操作

2024-01-25 17:38:26 开始操作号码 【1710009】
2024-01-25 17:38:50 GSD getOne 第 1 次 等待 3 秒
2024-01-25 17:38:53 查询号码 【1710009】，返回信息 {"status":"ok","msg":"北京-北京","gid":"132485","time_insert":"2021-06-26 14:40"}
2024-01-25 17:38:53 查询号码 【1710009】，GSD为【"北京-北京"】

2024-01-25 17:38:54 开始第 108 次操作

2024-01-25 17:38:54 开始操作号码 【1710010】
2024-01-25 17:39:18 GSD getOne 第 1 次 等待 3 秒
2024-01-25 17:39:21 查询号码 【1710010】，返回信息 {"status":"ok","msg":"北京-北京","gid":"132487","time_insert":"2021-06-26 14:40"}
2024-01-25 17:39:21 查询号码 【1710010】，GSD为【"北京-北京"】

2024-01-25 18:18:20 开始第 109 次操作

2024-01-25 18:18:20 开始操作号码 【1710011】
2024-01-25 18:18:44 GSD getOne 第 1 次 等待 3 秒
2024-01-25 18:18:47 查询号码 【1710011】，返回信息 {"status":"ok","msg":"北京-北京","gid":"132489","time_insert":"2021-06-26 14:41"}
2024-01-25 18:18:47 查询号码 【1710011】，GSD为【"北京-北京"】

2024-01-25 18:18:48 开始第 110 次操作

2024-01-25 18:18:48 开始操作号码 【1710012】
2024-01-25 18:19:12 GSD getOne 第 1 次 等待 3 秒
2024-01-25 18:19:15 查询号码 【1710012】，返回信息 {"status":"ok","msg":"北京-北京","gid":"132490","time_insert":"2021-06-26 14:41"}
2024-01-25 18:19:15 查询号码 【1710012】，GSD为【"北京-北京"】

2024-01-25 18:19:16 开始第 111 次操作

2024-01-25 18:19:16 开始操作号码 【1710013】
2024-01-25 18:19:39 GSD getOne 第 1 次 等待 3 秒
2024-01-25 18:19:42 查询号码 【1710013】，返回信息 {"status":"ok","msg":"北京-北京","gid":"132491","time_insert":"2021-06-26 14:42"}
2024-01-25 18:19:42 查询号码 【1710013】，GSD为【"北京-北京"】

2024-01-25 18:19:43 开始第 112 次操作

2024-01-25 18:19:43 开始操作号码 【1710014】
2024-01-25 18:20:07 GSD getOne 第 1 次 等待 3 秒
2024-01-25 18:20:10 查询号码 【1710014】，返回信息 {"status":"ok","msg":"北京-北京","gid":"132492","time_insert":"2021-06-26 14:42"}
2024-01-25 18:20:10 查询号码 【1710014】，GSD为【"北京-北京"】

2024-01-25 18:39:34 开始第 113 次操作

2024-01-25 18:39:34 开始操作号码 【1710015】
2024-01-25 18:39:59 GSD getOne 第 1 次 等待 3 秒
2024-01-25 18:40:02 查询号码 【1710015】，返回信息 {"status":"ok","msg":"北京-北京","gid":"132493","time_insert":"2021-06-26 14:43"}
2024-01-25 18:40:02 查询号码 【1710015】，GSD为【"北京-北京"】

2024-01-25 18:40:03 开始第 114 次操作

2024-01-25 18:40:03 开始操作号码 【1710016】
2024-01-25 18:40:28 GSD getOne 第 1 次 等待 3 秒
2024-01-25 18:40:31 查询号码 【1710016】，返回信息 {"status":"ok","msg":"北京-北京","gid":"132494","time_insert":"2021-06-26 14:43"}
2024-01-25 18:40:31 查询号码 【1710016】，GSD为【"北京-北京"】

2024-01-25 18:40:32 开始第 115 次操作

2024-01-25 18:40:32 开始操作号码 【1710017】
2024-01-25 18:40:56 GSD getOne 第 1 次 等待 3 秒
2024-01-25 18:40:59 查询号码 【1710017】，返回信息 {"status":"ok","msg":"北京-北京","gid":"132497","time_insert":"2021-06-26 14:43"}
2024-01-25 18:40:59 查询号码 【1710017】，GSD为【"北京-北京"】

2024-01-25 18:41:00 开始第 116 次操作

2024-01-25 18:41:00 开始操作号码 【1710018】
2024-01-25 18:41:23 GSD getOne 第 1 次 等待 3 秒
2024-01-25 18:41:26 查询号码 【1710018】，返回信息 {"status":"ok","msg":"北京-北京","gid":"132499","time_insert":"2021-06-26 14:44"}
2024-01-25 18:41:26 查询号码 【1710018】，GSD为【"北京-北京"】

2024-01-25 19:14:15 开始第 117 次操作

2024-01-25 19:14:15 开始操作号码 【1710019】
2024-01-25 19:14:39 GSD getOne 第 1 次 等待 3 秒
2024-01-25 19:14:42 查询号码 【1710019】，返回信息 {"status":"ok","msg":"北京-北京","gid":"132500","time_insert":"2021-06-26 14:44"}
2024-01-25 19:14:43 查询号码 【1710019】，GSD为【"北京-北京"】

2024-01-25 19:14:44 开始第 118 次操作

2024-01-25 19:14:44 开始操作号码 【1710020】
2024-01-25 19:15:07 GSD getOne 第 1 次 等待 3 秒
2024-01-25 19:15:10 查询号码 【1710020】，返回信息 {"status":"ok","msg":"安徽-马鞍山","gid":"132503","time_insert":"2021-06-26 14:45"}
2024-01-25 19:15:10 查询号码 【1710020】，GSD为【"安徽-马鞍山"】

2024-01-25 19:15:11 开始第 119 次操作

2024-01-25 19:15:11 开始操作号码 【1710021】
2024-01-25 19:15:37 GSD getOne 第 1 次 等待 3 秒
2024-01-25 19:15:40 查询号码 【1710021】，返回信息 {"status":"ok","msg":"安徽-马鞍山","gid":"132504","time_insert":"2021-06-26 14:45"}
2024-01-25 19:15:40 查询号码 【1710021】，GSD为【"安徽-马鞍山"】

2024-01-25 19:15:41 开始第 120 次操作

2024-01-25 19:15:41 开始操作号码 【1710022】
2024-01-25 19:16:04 GSD getOne 第 1 次 等待 3 秒
2024-01-25 19:16:07 查询号码 【1710022】，返回信息 {"status":"ok","msg":"安徽-合肥","gid":"132505","time_insert":"2021-06-26 14:46"}
2024-01-25 19:16:07 查询号码 【1710022】，GSD为【"安徽-合肥"】

2024-01-25 19:37:19 开始第 121 次操作

2024-01-25 19:37:19 开始操作号码 【1710023】
2024-01-25 19:37:43 GSD getOne 第 1 次 等待 3 秒
2024-01-25 19:37:46 查询号码 【1710023】，返回信息 {"status":"ok","msg":"安徽-安庆","gid":"132507","time_insert":"2021-06-26 14:46"}
2024-01-25 19:37:46 查询号码 【1710023】，GSD为【"安徽-安庆"】

2024-01-25 19:37:47 开始第 122 次操作

2024-01-25 19:37:47 开始操作号码 【1710024】
2024-01-25 19:38:11 GSD getOne 第 1 次 等待 3 秒
2024-01-25 19:38:14 查询号码 【1710024】，返回信息 {"status":"ok","msg":"安徽-安庆","gid":"132508","time_insert":"2021-06-26 14:46"}
2024-01-25 19:38:14 查询号码 【1710024】，GSD为【"安徽-安庆"】

2024-01-25 19:38:15 开始第 123 次操作

2024-01-25 19:38:15 开始操作号码 【1710025】
2024-01-25 19:38:39 GSD getOne 第 1 次 等待 3 秒
2024-01-25 19:38:42 查询号码 【1710025】，返回信息 {"status":"ok","msg":"安徽-安庆","gid":"132510","time_insert":"2021-06-26 14:47"}
2024-01-25 19:38:42 查询号码 【1710025】，GSD为【"安徽-安庆"】

2024-01-25 19:38:43 开始第 124 次操作

2024-01-25 19:38:43 开始操作号码 【1710026】
2024-01-25 19:39:07 GSD getOne 第 1 次 等待 3 秒
2024-01-25 19:39:10 查询号码 【1710026】，返回信息 {"status":"ok","msg":"安徽-合肥","gid":"132511","time_insert":"2021-06-26 14:47"}
2024-01-25 19:39:10 查询号码 【1710026】，GSD为【"安徽-合肥"】

2024-01-25 20:32:59 开始第 125 次操作

2024-01-25 20:32:59 开始操作号码 【1710027】
2024-01-25 20:33:23 GSD getOne 第 1 次 等待 3 秒
2024-01-25 20:33:26 查询号码 【1710027】，返回信息 {"status":"ok","msg":"安徽-合肥","gid":"132512","time_insert":"2021-06-26 14:48"}
2024-01-25 20:33:26 查询号码 【1710027】，GSD为【"安徽-合肥"】

2024-01-25 20:33:27 开始第 126 次操作

2024-01-25 20:33:27 开始操作号码 【1710028】
2024-01-25 20:33:51 GSD getOne 第 1 次 等待 3 秒
2024-01-25 20:33:54 查询号码 【1710028】，返回信息 {"status":"ok","msg":"安徽-合肥","gid":"132513","time_insert":"2021-06-26 14:48"}
2024-01-25 20:33:54 查询号码 【1710028】，GSD为【"安徽-合肥"】

2024-01-25 20:33:55 开始第 127 次操作

2024-01-25 20:33:55 开始操作号码 【1710029】
2024-01-25 20:34:18 GSD getOne 第 1 次 等待 3 秒
2024-01-25 20:34:21 查询号码 【1710029】，返回信息 {"status":"ok","msg":"安徽-合肥","gid":"132514","time_insert":"2021-06-26 14:48"}
2024-01-25 20:34:21 查询号码 【1710029】，GSD为【"安徽-合肥"】

2024-01-25 20:34:22 开始第 128 次操作

2024-01-25 20:34:22 开始操作号码 【1710030】
2024-01-25 20:34:46 GSD getOne 第 1 次 等待 3 秒
2024-01-25 20:34:49 查询号码 【1710030】，返回信息 {"status":"ok","msg":"安徽-合肥","gid":"132687","time_insert":"2021-06-26 15:27"}
2024-01-25 20:34:49 查询号码 【1710030】，GSD为【"安徽-合肥"】

2024-01-25 21:20:31 开始第 129 次操作

2024-01-25 21:20:31 开始操作号码 【1710031】
2024-01-25 21:20:54 GSD getOne 第 1 次 等待 3 秒
2024-01-25 21:20:57 查询号码 【1710031】，返回信息 {"status":"ok","msg":"安徽-合肥","gid":"132688","time_insert":"2021-06-26 15:28"}
2024-01-25 21:20:57 查询号码 【1710031】，GSD为【"安徽-合肥"】

2024-01-25 21:20:59 开始第 130 次操作

2024-01-25 21:20:59 开始操作号码 【1710032】
2024-01-25 21:21:22 GSD getOne 第 1 次 等待 3 秒
2024-01-25 21:21:25 查询号码 【1710032】，返回信息 {"status":"ok","msg":"安徽-合肥","gid":"132690","time_insert":"2021-06-26 15:29"}
2024-01-25 21:21:25 查询号码 【1710032】，GSD为【"安徽-合肥"】

2024-01-25 21:21:26 开始第 131 次操作

2024-01-25 21:21:26 开始操作号码 【1710033】
2024-01-25 21:21:51 GSD getOne 第 1 次 等待 3 秒
2024-01-25 21:21:54 查询号码 【1710033】，返回信息 {"status":"ok","msg":"安徽-合肥","gid":"132692","time_insert":"2021-06-26 15:30"}
2024-01-25 21:21:54 查询号码 【1710033】，GSD为【"安徽-合肥"】

2024-01-25 21:21:55 开始第 132 次操作

2024-01-25 21:21:55 开始操作号码 【1710034】
2024-01-25 21:22:19 GSD getOne 第 1 次 等待 3 秒
2024-01-25 21:22:22 查询号码 【1710034】，返回信息 {"status":"ok","msg":"安徽-合肥","gid":"132693","time_insert":"2021-06-26 15:31"}
2024-01-25 21:22:22 查询号码 【1710034】，GSD为【"安徽-合肥"】

2024-01-25 21:37:25 开始第 133 次操作

2024-01-25 21:37:25 开始操作号码 【1710035】
2024-01-25 21:37:49 GSD getOne 第 1 次 等待 3 秒
2024-01-25 21:37:52 查询号码 【1710035】，返回信息 {"status":"ok","msg":"安徽-合肥","gid":"132694","time_insert":"2021-06-26 15:31"}
2024-01-25 21:37:52 查询号码 【1710035】，GSD为【"安徽-合肥"】

2024-01-25 21:37:53 开始第 134 次操作

2024-01-25 21:37:53 开始操作号码 【1710036】
2024-01-25 21:38:19 GSD getOne 第 1 次 等待 3 秒
2024-01-25 21:38:22 查询号码 【1710036】，返回信息 {"status":"ok","msg":"安徽-合肥","gid":"132696","time_insert":"2021-06-26 15:32"}
2024-01-25 21:38:22 查询号码 【1710036】，GSD为【"安徽-合肥"】

2024-01-25 21:38:23 开始第 135 次操作

2024-01-25 21:38:23 开始操作号码 【1710037】
2024-01-25 21:38:47 GSD getOne 第 1 次 等待 3 秒
2024-01-25 21:38:50 查询号码 【1710037】，返回信息 {"status":"ok","msg":"安徽-合肥","gid":"132698","time_insert":"2021-06-26 15:33"}
2024-01-25 21:38:50 查询号码 【1710037】，GSD为【"安徽-合肥"】

2024-01-25 21:38:51 开始第 136 次操作

2024-01-25 21:38:51 开始操作号码 【1710038】
2024-01-25 21:39:16 GSD getOne 第 1 次 等待 3 秒
2024-01-25 21:39:19 查询号码 【1710038】，返回信息 {"status":"ok","msg":"安徽-合肥","gid":"132699","time_insert":"2021-06-26 15:34"}
2024-01-25 21:39:19 查询号码 【1710038】，GSD为【"安徽-合肥"】

2024-01-25 22:16:19 开始第 137 次操作

2024-01-25 22:16:19 开始操作号码 【1710039】
2024-01-25 22:16:43 GSD getOne 第 1 次 等待 3 秒
2024-01-25 22:16:46 查询号码 【1710039】，返回信息 {"status":"ok","msg":"安徽-合肥","gid":"132700","time_insert":"2021-06-26 15:34"}
2024-01-25 22:16:46 查询号码 【1710039】，GSD为【"安徽-合肥"】

2024-01-25 22:16:47 开始第 138 次操作

2024-01-25 22:16:47 开始操作号码 【1710040】
2024-01-25 22:17:10 GSD getOne 第 1 次 等待 3 秒
2024-01-25 22:17:13 查询号码 【1710040】，返回信息 {"status":"ok","msg":"安徽-合肥","gid":"132704","time_insert":"2021-06-26 15:34"}
2024-01-25 22:17:13 查询号码 【1710040】，GSD为【"安徽-合肥"】

2024-01-25 22:17:14 开始第 139 次操作

2024-01-25 22:17:14 开始操作号码 【1710041】
2024-01-25 22:17:39 GSD getOne 第 1 次 等待 3 秒
2024-01-25 22:17:42 查询号码 【1710041】，返回信息 {"status":"ok","msg":"安徽-合肥","gid":"132707","time_insert":"2021-06-26 15:35"}
2024-01-25 22:17:42 查询号码 【1710041】，GSD为【"安徽-合肥"】

2024-01-25 22:17:43 开始第 140 次操作

2024-01-25 22:17:43 开始操作号码 【1710042】
2024-01-25 22:18:08 GSD getOne 第 1 次 等待 3 秒
2024-01-25 22:18:11 查询号码 【1710042】，返回信息 {"status":"ok","msg":"安徽-合肥","gid":"132709","time_insert":"2021-06-26 15:35"}
2024-01-25 22:18:11 查询号码 【1710042】，GSD为【"安徽-合肥"】

2024-01-25 22:37:56 开始第 141 次操作

2024-01-25 22:37:56 开始操作号码 【1710043】
2024-01-25 22:38:21 GSD getOne 第 1 次 等待 3 秒
2024-01-25 22:38:24 查询号码 【1710043】，返回信息 {"status":"ok","msg":"安徽-合肥","gid":"132712","time_insert":"2021-06-26 15:36"}
2024-01-25 22:38:24 查询号码 【1710043】，GSD为【"安徽-合肥"】

2024-01-25 22:38:25 开始第 142 次操作

2024-01-25 22:38:25 开始操作号码 【1710044】
2024-01-25 22:38:49 GSD getOne 第 1 次 等待 3 秒
2024-01-25 22:38:52 查询号码 【1710044】，返回信息 {"status":"ok","msg":"安徽-合肥","gid":"132717","time_insert":"2021-06-26 15:36"}
2024-01-25 22:38:52 查询号码 【1710044】，GSD为【"安徽-合肥"】

2024-01-25 22:38:53 开始第 143 次操作

2024-01-25 22:38:53 开始操作号码 【1710045】
2024-01-25 22:39:17 GSD getOne 第 1 次 等待 3 秒
2024-01-25 22:39:20 查询号码 【1710045】，返回信息 {"status":"ok","msg":"安徽-合肥","gid":"132722","time_insert":"2021-06-26 15:37"}
2024-01-25 22:39:21 查询号码 【1710045】，GSD为【"安徽-合肥"】

2024-01-25 22:39:22 开始第 144 次操作

2024-01-25 22:39:22 开始操作号码 【1710046】
2024-01-25 22:39:45 GSD getOne 第 1 次 等待 3 秒
2024-01-25 22:39:48 查询号码 【1710046】，返回信息 {"status":"ok","msg":"安徽-合肥","gid":"132727","time_insert":"2021-06-26 15:37"}
2024-01-25 22:39:48 查询号码 【1710046】，GSD为【"安徽-合肥"】

