2024-11-26 00:13:17 开始第 6949 次操作

2024-11-26 00:13:17 开始操作号码 【1306948】
2024-11-26 00:13:19 GSD getOne 第 1 次 等待 3 秒
2024-11-26 00:13:22 查询号码 【1306948】，返回信息 {"status":"ok","msg":"河南-济源","gid":"52957","time_insert":"2021-04-22 13:49"}
2024-11-26 00:13:22 查询号码 【1306948】，GSD为【"河南-济源"】

2024-11-26 00:13:23 开始第 6950 次操作

2024-11-26 00:13:23 开始操作号码 【1306949】
2024-11-26 00:13:24 GSD getOne 第 1 次 等待 3 秒
2024-11-26 00:13:27 查询号码 【1306949】，返回信息 {"status":"ok","msg":"河南-焦作","gid":"195345","time_insert":"2021-07-05 04:40"}
2024-11-26 00:13:27 查询号码 【1306949】，GSD为【"河南-焦作"】

2024-11-26 00:13:28 开始第 6951 次操作

2024-11-26 00:13:28 开始操作号码 【1306950】
2024-11-26 00:13:29 GSD getOne 第 1 次 等待 3 秒
2024-11-26 00:13:32 查询号码 【1306950】，返回信息 {"status":"ok","msg":"河南-许昌","gid":"195341","time_insert":"2021-07-05 04:40"}
2024-11-26 00:13:32 查询号码 【1306950】，GSD为【"河南-许昌"】

2024-11-26 00:13:33 开始第 6952 次操作

2024-11-26 00:13:33 开始操作号码 【1306951】
2024-11-26 00:13:34 GSD getOne 第 1 次 等待 3 秒
2024-11-26 00:13:37 查询号码 【1306951】，返回信息 {"status":"ok","msg":"河南-许昌","gid":"195334","time_insert":"2021-07-05 04:40"}
2024-11-26 00:13:37 查询号码 【1306951】，GSD为【"河南-许昌"】

