2024-03-04 00:18:24 开始第 6989 次操作

2024-03-04 00:18:24 开始操作号码 【1716891】
2024-03-04 00:18:29 GSD getOne 第 1 次 等待 3 秒
2024-03-04 00:18:32 查询号码 【1716891】，返回信息 {"status":"ok","msg":"海南-海口","gid":"211168","time_insert":"2021-07-07 03:14"}
2024-03-04 00:18:32 查询号码 【1716891】，GSD为【"海南-海口"】

2024-03-04 00:18:33 开始第 6990 次操作

2024-03-04 00:18:33 开始操作号码 【1716892】
2024-03-04 00:18:37 GSD getOne 第 1 次 等待 3 秒
2024-03-04 00:18:40 查询号码 【1716892】，返回信息 {"status":"ok","msg":"海南-海口","gid":"211171","time_insert":"2021-07-07 03:14"}
2024-03-04 00:18:41 查询号码 【1716892】，GSD为【"海南-海口"】

2024-03-04 00:18:42 开始第 6991 次操作

2024-03-04 00:18:42 开始操作号码 【1716893】
2024-03-04 00:18:47 GSD getOne 第 1 次 等待 3 秒
2024-03-04 00:18:50 查询号码 【1716893】，返回信息 {"status":"ok","msg":"海南-海口","gid":"211173","time_insert":"2021-07-07 03:14"}
2024-03-04 00:18:50 查询号码 【1716893】，GSD为【"海南-海口"】

2024-03-04 00:18:51 开始第 6992 次操作

2024-03-04 00:18:51 开始操作号码 【1716894】
2024-03-04 00:18:56 GSD getOne 第 1 次 等待 3 秒
2024-03-04 00:18:59 查询号码 【1716894】，返回信息 {"status":"ok","msg":"海南-海口","gid":"211175","time_insert":"2021-07-07 03:15"}
2024-03-04 00:18:59 查询号码 【1716894】，GSD为【"海南-海口"】

2024-03-04 00:37:19 开始第 6993 次操作

2024-03-04 00:37:19 开始操作号码 【1716895】
2024-03-04 00:37:26 GSD getOne 第 1 次 等待 3 秒
2024-03-04 00:37:29 查询号码 【1716895】，返回信息 {"status":"ok","msg":"海南-海口","gid":"211377","time_insert":"2021-07-07 03:45"}
2024-03-04 00:37:29 查询号码 【1716895】，GSD为【"海南-海口"】

2024-03-04 00:37:30 开始第 6994 次操作

2024-03-04 00:37:30 开始操作号码 【1716896】
2024-03-04 00:37:35 GSD getOne 第 1 次 等待 3 秒
2024-03-04 00:37:38 查询号码 【1716896】，返回信息 {"status":"ok","msg":"海南-海口","gid":"211386","time_insert":"2021-07-07 03:45"}
2024-03-04 00:37:38 查询号码 【1716896】，GSD为【"海南-海口"】

2024-03-04 00:37:39 开始第 6995 次操作

2024-03-04 00:37:39 开始操作号码 【1716897】
2024-03-04 00:37:43 GSD getOne 第 1 次 等待 3 秒
2024-03-04 00:37:46 查询号码 【1716897】，返回信息 {"status":"ok","msg":"海南-海口","gid":"211394","time_insert":"2021-07-07 03:46"}
2024-03-04 00:37:46 查询号码 【1716897】，GSD为【"海南-海口"】

2024-03-04 00:37:47 开始第 6996 次操作

2024-03-04 00:37:47 开始操作号码 【1716898】
2024-03-04 00:37:54 GSD getOne 第 1 次 等待 3 秒
2024-03-04 00:37:57 查询号码 【1716898】，返回信息 {"status":"ok","msg":"海南-海口","gid":"211403","time_insert":"2021-07-07 03:46"}
2024-03-04 00:37:57 查询号码 【1716898】，GSD为【"海南-海口"】

