2023-12-23 00:20:53 开始第 4633 次操作

2023-12-23 00:20:53 开始操作号码 【1824535】
2023-12-23 00:20:58 GSD getOne 第 1 次 等待 3 秒
2023-12-23 00:21:01 查询号码 【1824535】，返回信息 {"status":"ok","msg":"黑龙江-牡丹江","gid":"440322","time_insert":"2021-07-30 03:47"}
2023-12-23 00:21:01 查询号码 【1824535】，GSD为【"黑龙江-牡丹江"】

2023-12-23 00:21:02 开始第 4634 次操作

2023-12-23 00:21:02 开始操作号码 【1824536】
2023-12-23 00:21:06 GSD getOne 第 1 次 等待 3 秒
2023-12-23 00:21:09 查询号码 【1824536】，返回信息 {"status":"ok","msg":"黑龙江-牡丹江","gid":"35646","time_insert":"2020-02-08 17:44","time_update":"2020-08-22 15:54"}
2023-12-23 00:21:09 查询号码 【1824536】，GSD为【"黑龙江-牡丹江"】

2023-12-23 00:21:10 开始第 4635 次操作

2023-12-23 00:21:10 开始操作号码 【1824537】
2023-12-23 00:21:14 GSD getOne 第 1 次 等待 3 秒
2023-12-23 00:21:17 查询号码 【1824537】，返回信息 {"status":"ok","msg":"黑龙江-牡丹江","gid":"440301","time_insert":"2021-07-30 03:46"}
2023-12-23 00:21:17 查询号码 【1824537】，GSD为【"黑龙江-牡丹江"】

2023-12-23 00:21:18 开始第 4636 次操作

2023-12-23 00:21:18 开始操作号码 【1824538】
2023-12-23 00:21:24 GSD getOne 第 1 次 等待 3 秒
2023-12-23 00:21:27 查询号码 【1824538】，返回信息 {"status":"ok","msg":"黑龙江-牡丹江","gid":"440290","time_insert":"2021-07-30 03:45"}
2023-12-23 00:21:27 查询号码 【1824538】，GSD为【"黑龙江-牡丹江"】

