2021-07-28 00:00:07 开始第 16 次操作

2021-07-28 00:00:07 开始操作号码 【1869220】
2021-07-28 00:00:10 GSD getOne 第 1 次 等待 3 秒
2021-07-28 00:00:13 查询号码 【1869220】，返回信息 {"status":"bad","msg":""}
2021-07-28 00:00:13 查询号码 【1869220】，GSD为【""】
2021-07-28 00:00:13 bad
2021-07-28 00:00:16 CHB 1869220?1627401613 第 1 次 等待 3 秒
2021-07-28 00:00:19 CHB 1869220?1627401613 第 1 次 获取到号码【1869220】GSD
2021-07-28 00:00:19 获取到号码【1869220】的GSD为【湖南-长沙】
2021-07-28 00:00:22 GSD insert 第 1 次 等待 3 秒
2021-07-28 00:00:25 {"status":"ok","gid":418592,"msg":"添加成功！"}
2021-07-28 00:00:25 下次操作: 2021-07-28 00:00:43

2021-07-28 00:00:43 开始第 17 次操作

2021-07-28 00:00:43 开始操作号码 【1869219】
2021-07-28 00:00:48 GSD getOne 第 1 次 等待 3 秒
2021-07-28 00:00:51 查询号码 【1869219】，返回信息 {"status":"bad","msg":""}
2021-07-28 00:00:51 查询号码 【1869219】，GSD为【""】
2021-07-28 00:00:51 bad
2021-07-28 00:00:55 CHB 1869219?1627401651 第 1 次 等待 3 秒
2021-07-28 00:00:58 CHB 1869219?1627401651 第 1 次 获取到号码【1869219】GSD
2021-07-28 00:00:58 未获取到号码【1869219】GSD，查号吧 502 百度云加速 错误
2021-07-28 00:00:58 获取到号码【1869219】的GSD为【-】
2021-07-28 00:01:07 GSD insert 第 1 次 等待 3 秒
2021-07-28 00:01:10 {"status":"ok","gid":418603,"msg":"添加成功！"}
2021-07-28 00:01:10 下次操作: 2021-07-28 00:01:34

2021-07-28 00:01:34 开始第 18 次操作

2021-07-28 00:01:34 开始操作号码 【1869218】
2021-07-28 00:01:43 GSD getOne 第 1 次 等待 3 秒
2021-07-28 00:01:46 查询号码 【1869218】，返回信息 {"status":"bad","msg":""}
2021-07-28 00:01:46 查询号码 【1869218】，GSD为【""】
2021-07-28 00:01:46 bad
2021-07-28 00:01:48 CHB 1869218?1627401706 第 1 次 等待 3 秒
2021-07-28 00:01:51 CHB 1869218?1627401706 第 1 次 获取到号码【1869218】GSD
2021-07-28 00:01:51 获取到号码【1869218】的GSD为【湖南-岳阳】
2021-07-28 00:01:54 GSD insert 第 1 次 等待 3 秒
2021-07-28 00:01:57 {"status":"ok","gid":418616,"msg":"添加成功！"}
2021-07-28 00:01:57 下次操作: 2021-07-28 00:02:16

2021-07-28 00:02:16 开始第 19 次操作

2021-07-28 00:02:16 开始操作号码 【1869217】
2021-07-28 00:02:19 GSD getOne 第 1 次 等待 3 秒
2021-07-28 00:02:22 查询号码 【1869217】，返回信息 {"status":"bad","msg":""}
2021-07-28 00:02:22 查询号码 【1869217】，GSD为【""】
2021-07-28 00:02:22 bad
2021-07-28 00:02:24 CHB 1869217?1627401742 第 1 次 等待 3 秒
2021-07-28 00:02:27 CHB 1869217?1627401742 第 1 次 获取到号码【1869217】GSD
2021-07-28 00:02:27 获取到号码【1869217】的GSD为【湖南-岳阳】
2021-07-28 00:02:33 GSD insert 第 1 次 等待 3 秒
2021-07-28 00:02:36 {"status":"ok","gid":418627,"msg":"添加成功！"}
2021-07-28 00:02:36 下次操作: 2021-07-28 00:02:50

2021-07-28 00:02:50 开始第 20 次操作

2021-07-28 00:02:50 开始操作号码 【1869216】
2021-07-28 00:02:54 GSD getOne 第 1 次 等待 3 秒
2021-07-28 00:02:57 查询号码 【1869216】，返回信息 {"status":"bad","msg":""}
2021-07-28 00:02:57 查询号码 【1869216】，GSD为【""】
2021-07-28 00:02:57 bad
2021-07-28 00:02:59 CHB 1869216?1627401777 第 1 次 等待 3 秒
2021-07-28 00:03:02 CHB 1869216?1627401777 第 1 次 获取到号码【1869216】GSD
2021-07-28 00:03:02 获取到号码【1869216】的GSD为【湖南-岳阳】
2021-07-28 00:03:07 GSD insert 第 1 次 等待 3 秒
2021-07-28 00:03:10 {"status":"ok","gid":418638,"msg":"添加成功！"}
2021-07-28 00:03:10 下次操作: 2021-07-28 00:03:29

2021-07-28 00:03:29 开始第 21 次操作

2021-07-28 00:03:29 开始操作号码 【1869215】
2021-07-28 00:03:33 GSD getOne 第 1 次 等待 3 秒
2021-07-28 00:03:36 查询号码 【1869215】，返回信息 {"status":"bad","msg":""}
2021-07-28 00:03:36 查询号码 【1869215】，GSD为【""】
2021-07-28 00:03:36 bad
2021-07-28 00:03:37 CHB 1869215?1627401816 第 1 次 等待 3 秒
2021-07-28 00:03:40 CHB 1869215?1627401816 第 1 次 获取到号码【1869215】GSD
2021-07-28 00:03:41 获取到号码【1869215】的GSD为【湖南-岳阳】
2021-07-28 00:03:43 GSD insert 第 1 次 等待 3 秒
2021-07-28 00:03:46 {"status":"ok","gid":418649,"msg":"添加成功！"}
2021-07-28 00:03:46 下次操作: 2021-07-28 00:04:00

2021-07-28 00:04:00 开始第 22 次操作

2021-07-28 00:04:00 开始操作号码 【1869214】
2021-07-28 00:04:03 GSD getOne 第 1 次 等待 3 秒
2021-07-28 00:04:06 查询号码 【1869214】，返回信息 {"status":"bad","msg":""}
2021-07-28 00:04:06 查询号码 【1869214】，GSD为【""】
2021-07-28 00:04:06 bad
2021-07-28 00:04:08 CHB 1869214?1627401846 第 1 次 等待 3 秒
2021-07-28 00:04:11 CHB 1869214?1627401846 第 1 次 获取到号码【1869214】GSD
2021-07-28 00:04:11 获取到号码【1869214】的GSD为【湖南-岳阳】
2021-07-28 00:04:16 GSD insert 第 1 次 等待 3 秒
2021-07-28 00:04:19 {"status":"ok","gid":418654,"msg":"添加成功！"}
2021-07-28 00:04:19 下次操作: 2021-07-28 00:04:34

2021-07-28 00:04:35 开始第 23 次操作

2021-07-28 00:04:35 开始操作号码 【1869213】
2021-07-28 00:04:37 GSD getOne 第 1 次 等待 3 秒
2021-07-28 00:04:40 查询号码 【1869213】，返回信息 {"status":"bad","msg":""}
2021-07-28 00:04:40 查询号码 【1869213】，GSD为【""】
2021-07-28 00:04:40 bad
2021-07-28 00:04:42 CHB 1869213?1627401880 第 1 次 等待 3 秒
2021-07-28 00:04:45 CHB 1869213?1627401880 第 1 次 获取到号码【1869213】GSD
2021-07-28 00:04:45 获取到号码【1869213】的GSD为【湖南-岳阳】
2021-07-28 00:04:48 GSD insert 第 1 次 等待 3 秒
2021-07-28 00:04:51 {"status":"ok","gid":418663,"msg":"添加成功！"}
2021-07-28 00:04:51 下次操作: 2021-07-28 00:05:03

2021-07-28 00:05:03 开始第 24 次操作

2021-07-28 00:05:03 开始操作号码 【1869212】
2021-07-28 00:05:09 GSD getOne 第 1 次 等待 3 秒
2021-07-28 00:05:12 查询号码 【1869212】，返回信息 {"status":"bad","msg":""}
2021-07-28 00:05:12 查询号码 【1869212】，GSD为【""】
2021-07-28 00:05:12 bad
2021-07-28 00:05:14 CHB 1869212?1627401912 第 1 次 等待 3 秒
2021-07-28 00:05:17 CHB 1869212?1627401912 第 1 次 获取到号码【1869212】GSD
2021-07-28 00:05:17 获取到号码【1869212】的GSD为【湖南-岳阳】
2021-07-28 00:05:20 GSD insert 第 1 次 等待 3 秒
2021-07-28 00:05:23 {"status":"ok","gid":418669,"msg":"添加成功！"}
2021-07-28 00:05:23 下次操作: 2021-07-28 00:05:43

2021-07-28 00:05:43 开始第 25 次操作

2021-07-28 00:05:43 开始操作号码 【1869211】
2021-07-28 00:05:54 GSD getOne 第 1 次 等待 3 秒
2021-07-28 00:05:57 查询号码 【1869211】，返回信息 {"status":"bad","msg":""}
2021-07-28 00:05:58 查询号码 【1869211】，GSD为【""】
2021-07-28 00:05:58 bad
2021-07-28 00:06:04 CHB 1869211?1627401958 第 1 次 等待 3 秒
2021-07-28 00:06:07 CHB 1869211?1627401958 第 1 次 获取到号码【1869211】GSD
2021-07-28 00:06:07 未获取到号码【1869211】GSD，查号吧 400 错误
2021-07-28 00:06:07 获取到号码【1869211】的GSD为【-】
2021-07-28 00:06:14 GSD insert 第 1 次 等待 3 秒
2021-07-28 00:06:17 {"status":"ok","gid":418683,"msg":"添加成功！"}
2021-07-28 00:06:17 下次操作: 2021-07-28 00:06:39

2021-07-28 00:06:39 开始第 26 次操作

2021-07-28 00:06:39 开始操作号码 【1869210】
2021-07-28 00:06:46 GSD getOne 第 1 次 等待 3 秒
2021-07-28 00:06:49 查询号码 【1869210】，返回信息 {"status":"bad","msg":""}
2021-07-28 00:06:49 查询号码 【1869210】，GSD为【""】
2021-07-28 00:06:49 bad
2021-07-28 00:06:55 CHB 1869210?1627402009 第 1 次 等待 3 秒
2021-07-28 00:06:58 CHB 1869210?1627402009 第 1 次 获取到号码【1869210】GSD
2021-07-28 00:06:58 获取到号码【1869210】的GSD为【湖南-岳阳】
2021-07-28 00:07:01 GSD insert 第 1 次 等待 3 秒
2021-07-28 00:07:04 {"status":"ok","gid":418697,"msg":"添加成功！"}
2021-07-28 00:07:04 下次操作: 2021-07-28 00:07:27

2021-07-28 00:07:27 开始第 27 次操作

2021-07-28 00:07:27 开始操作号码 【1869209】
2021-07-28 00:07:31 GSD getOne 第 1 次 等待 3 秒
2021-07-28 00:07:34 查询号码 【1869209】，返回信息 {"status":"bad","msg":""}
2021-07-28 00:07:34 查询号码 【1869209】，GSD为【""】
2021-07-28 00:07:34 bad
2021-07-28 00:07:36 CHB 1869209?1627402054 第 1 次 等待 3 秒
2021-07-28 00:07:39 CHB 1869209?1627402054 第 1 次 获取到号码【1869209】GSD
2021-07-28 00:07:39 获取到号码【1869209】的GSD为【湖南-衡阳】
2021-07-28 00:07:43 GSD insert 第 1 次 等待 3 秒
2021-07-28 00:07:46 {"status":"ok","gid":418703,"msg":"添加成功！"}
2021-07-28 00:07:46 下次操作: 2021-07-28 00:07:58

2021-07-28 00:07:58 开始第 28 次操作

2021-07-28 00:07:58 开始操作号码 【1869208】
2021-07-28 00:08:12 GSD getOne 第 1 次 等待 3 秒
2021-07-28 00:08:15 查询号码 【1869208】，返回信息 {"status":"bad","msg":""}
2021-07-28 00:08:16 查询号码 【1869208】，GSD为【""】
2021-07-28 00:08:16 bad
2021-07-28 00:08:17 CHB 1869208?1627402096 第 1 次 等待 3 秒
2021-07-28 00:08:20 CHB 1869208?1627402096 第 1 次 获取到号码【1869208】GSD
2021-07-28 00:08:20 获取到号码【1869208】的GSD为【湖南-衡阳】
2021-07-28 00:08:25 GSD insert 第 1 次 等待 3 秒
2021-07-28 00:08:28 {"status":"ok","gid":418716,"msg":"添加成功！"}
2021-07-28 00:08:28 下次操作: 2021-07-28 00:08:51

2021-07-28 00:08:51 开始第 29 次操作

2021-07-28 00:08:51 开始操作号码 【1869207】
2021-07-28 00:08:54 GSD getOne 第 1 次 等待 3 秒
2021-07-28 00:08:57 查询号码 【1869207】，返回信息 {"status":"bad","msg":""}
2021-07-28 00:08:57 查询号码 【1869207】，GSD为【""】
2021-07-28 00:08:57 bad
2021-07-28 00:09:01 CHB 1869207?1627402137 第 1 次 等待 3 秒
2021-07-28 00:09:04 CHB 1869207?1627402137 第 1 次 获取到号码【1869207】GSD
2021-07-28 00:09:04 获取到号码【1869207】的GSD为【湖南-衡阳】
2021-07-28 00:09:08 GSD insert 第 1 次 等待 3 秒
2021-07-28 00:09:11 {"status":"ok","gid":418729,"msg":"添加成功！"}
2021-07-28 00:09:11 下次操作: 2021-07-28 00:09:24

2021-07-28 00:09:24 开始第 30 次操作

2021-07-28 00:09:24 开始操作号码 【1869206】
2021-07-28 00:09:27 GSD getOne 第 1 次 等待 3 秒
2021-07-28 00:09:30 查询号码 【1869206】，返回信息 {"status":"bad","msg":""}
2021-07-28 00:09:30 查询号码 【1869206】，GSD为【""】
2021-07-28 00:09:30 bad
2021-07-28 00:09:32 CHB 1869206?1627402170 第 1 次 等待 3 秒
2021-07-28 00:09:35 CHB 1869206?1627402170 第 1 次 获取到号码【1869206】GSD
2021-07-28 00:09:35 获取到号码【1869206】的GSD为【湖南-衡阳】
2021-07-28 00:09:38 GSD insert 第 1 次 等待 3 秒
2021-07-28 00:09:41 {"status":"ok","gid":418734,"msg":"添加成功！"}
2021-07-28 00:09:41 下次操作: 2021-07-28 00:10:04

2021-07-28 00:10:04 开始第 31 次操作

2021-07-28 00:10:04 开始操作号码 【1869205】
2021-07-28 00:10:09 GSD getOne 第 1 次 等待 3 秒
2021-07-28 00:10:12 查询号码 【1869205】，返回信息 {"status":"ok","msg":"湖南-衡阳","gid":"41449","time_insert":"2020-04-16 11:23","time_update":"2020-09-24 00:29"}
2021-07-28 00:10:12 查询号码 【1869205】，GSD为【"湖南-衡阳"】

2021-07-28 00:10:12 开始第 31 次操作

2021-07-28 00:10:12 开始操作号码 【1869204】
2021-07-28 00:10:15 GSD getOne 第 1 次 等待 3 秒
2021-07-28 00:10:18 查询号码 【1869204】，返回信息 {"status":"bad","msg":""}
2021-07-28 00:10:18 查询号码 【1869204】，GSD为【""】
2021-07-28 00:10:18 bad
2021-07-28 00:10:21 CHB 1869204?1627402218 第 1 次 等待 3 秒
2021-07-28 00:10:24 CHB 1869204?1627402218 第 1 次 获取到号码【1869204】GSD
2021-07-28 00:10:24 获取到号码【1869204】的GSD为【湖南-衡阳】
2021-07-28 00:10:35 GSD insert 第 1 次 等待 3 秒
2021-07-28 00:10:38 {"status":"ok","gid":418748,"msg":"添加成功！"}
2021-07-28 00:10:38 下次操作: 2021-07-28 00:10:53

2021-07-28 00:10:53 开始第 32 次操作

2021-07-28 00:10:53 开始操作号码 【1869203】
2021-07-28 00:10:56 GSD getOne 第 1 次 等待 3 秒
2021-07-28 00:10:59 查询号码 【1869203】，返回信息 {"status":"bad","msg":""}
2021-07-28 00:10:59 查询号码 【1869203】，GSD为【""】
2021-07-28 00:10:59 bad
2021-07-28 00:11:00 CHB 1869203?1627402259 第 1 次 等待 3 秒
2021-07-28 00:11:03 CHB 1869203?1627402259 第 1 次 获取到号码【1869203】GSD
2021-07-28 00:11:04 获取到号码【1869203】的GSD为【湖南-衡阳】
2021-07-28 00:11:06 GSD insert 第 1 次 等待 3 秒
2021-07-28 00:11:09 {"status":"ok","gid":418756,"msg":"添加成功！"}
2021-07-28 00:11:09 下次操作: 2021-07-28 00:11:30

2021-07-28 00:11:30 开始第 33 次操作

2021-07-28 00:11:30 开始操作号码 【1869202】
2021-07-28 00:11:34 GSD getOne 第 1 次 等待 3 秒
2021-07-28 00:11:37 查询号码 【1869202】，返回信息 {"status":"bad","msg":""}
2021-07-28 00:11:37 查询号码 【1869202】，GSD为【""】
2021-07-28 00:11:37 bad
2021-07-28 00:11:41 CHB 1869202?1627402297 第 1 次 等待 3 秒
2021-07-28 00:11:44 CHB 1869202?1627402297 第 1 次 获取到号码【1869202】GSD
2021-07-28 00:11:44 获取到号码【1869202】的GSD为【湖南-衡阳】
2021-07-28 00:11:47 GSD insert 第 1 次 等待 3 秒
2021-07-28 00:11:50 {"status":"ok","gid":418765,"msg":"添加成功！"}
2021-07-28 00:11:50 下次操作: 2021-07-28 00:12:12

2021-07-28 00:12:12 开始第 34 次操作

2021-07-28 00:12:12 开始操作号码 【1869201】
2021-07-28 00:12:15 GSD getOne 第 1 次 等待 3 秒
2021-07-28 00:12:18 查询号码 【1869201】，返回信息 {"status":"ok","msg":"湖南-衡阳","gid":"41448","time_insert":"2017-06-24 17:59","time_update":"2020-09-24 00:24"}
2021-07-28 00:12:18 查询号码 【1869201】，GSD为【"湖南-衡阳"】

2021-07-28 00:12:18 开始第 34 次操作

2021-07-28 00:12:18 开始操作号码 【1869200】
2021-07-28 00:12:24 GSD getOne 第 1 次 等待 3 秒
2021-07-28 00:12:27 查询号码 【1869200】，返回信息 {"status":"bad","msg":""}
2021-07-28 00:12:27 查询号码 【1869200】，GSD为【""】
2021-07-28 00:12:27 bad
2021-07-28 00:12:31 CHB 1869200?1627402347 第 1 次 等待 3 秒
2021-07-28 00:12:34 CHB 1869200?1627402347 第 1 次 获取到号码【1869200】GSD
2021-07-28 00:12:34 获取到号码【1869200】的GSD为【湖南-衡阳】
2021-07-28 00:12:37 GSD insert 第 1 次 等待 3 秒
2021-07-28 00:12:40 {"status":"ok","gid":418779,"msg":"添加成功！"}
2021-07-28 00:12:40 下次操作: 2021-07-28 00:12:59

2021-07-28 00:12:59 开始第 35 次操作

2021-07-28 00:12:59 开始操作号码 【1869199】
2021-07-28 00:13:02 GSD getOne 第 1 次 等待 3 秒
2021-07-28 00:13:05 查询号码 【1869199】，返回信息 {"status":"bad","msg":""}
2021-07-28 00:13:05 查询号码 【1869199】，GSD为【""】
2021-07-28 00:13:05 bad
2021-07-28 00:13:09 CHB 1869199?1627402385 第 1 次 等待 3 秒
2021-07-28 00:13:12 CHB 1869199?1627402385 第 1 次 获取到号码【1869199】GSD
2021-07-28 00:13:12 获取到号码【1869199】的GSD为【陕西-榆林】
2021-07-28 00:13:17 GSD insert 第 1 次 等待 3 秒
2021-07-28 00:13:20 {"status":"ok","gid":418788,"msg":"添加成功！"}
2021-07-28 00:13:20 下次操作: 2021-07-28 00:13:33

2021-07-28 00:13:33 开始第 36 次操作

2021-07-28 00:13:33 开始操作号码 【1869198】
2021-07-28 00:13:36 GSD getOne 第 1 次 等待 3 秒
2021-07-28 00:13:39 查询号码 【1869198】，返回信息 {"status":"ok","msg":"陕西-咸阳","gid":"41447","time_insert":"2015-06-03 17:24","time_update":"2020-12-10 05:29"}
2021-07-28 00:13:39 查询号码 【1869198】，GSD为【"陕西-咸阳"】

2021-07-28 00:13:39 开始第 36 次操作

2021-07-28 00:13:39 开始操作号码 【1869197】
2021-07-28 00:13:44 GSD getOne 第 1 次 等待 3 秒
2021-07-28 00:13:47 查询号码 【1869197】，返回信息 {"status":"bad","msg":""}
2021-07-28 00:13:48 查询号码 【1869197】，GSD为【""】
2021-07-28 00:13:48 bad
2021-07-28 00:13:50 CHB 1869197?1627402428 第 1 次 等待 3 秒
2021-07-28 00:13:53 CHB 1869197?1627402428 第 1 次 获取到号码【1869197】GSD
2021-07-28 00:13:53 获取到号码【1869197】的GSD为【陕西-咸阳】
2021-07-28 00:14:02 GSD insert 第 1 次 等待 3 秒
2021-07-28 00:14:05 {"status":"ok","gid":418798,"msg":"添加成功！"}
2021-07-28 00:14:05 下次操作: 2021-07-28 00:14:24

2021-07-28 00:14:24 开始第 37 次操作

2021-07-28 00:14:24 开始操作号码 【1869196】
2021-07-28 00:14:28 GSD getOne 第 1 次 等待 3 秒
2021-07-28 00:14:31 查询号码 【1869196】，返回信息 {"status":"bad","msg":""}
2021-07-28 00:14:31 查询号码 【1869196】，GSD为【""】
2021-07-28 00:14:31 bad
2021-07-28 00:14:34 CHB 1869196?1627402471 第 1 次 等待 3 秒
2021-07-28 00:14:37 CHB 1869196?1627402471 第 1 次 获取到号码【1869196】GSD
2021-07-28 00:14:37 获取到号码【1869196】的GSD为【陕西-渭南】
2021-07-28 00:14:40 GSD insert 第 1 次 等待 3 秒
2021-07-28 00:14:43 {"status":"ok","gid":418806,"msg":"添加成功！"}
2021-07-28 00:14:43 下次操作: 2021-07-28 00:15:03

2021-07-28 00:15:03 开始第 38 次操作

2021-07-28 00:15:03 开始操作号码 【1869195】
2021-07-28 00:15:28 GSD getOne 第 1 次 等待 3 秒
2021-07-28 00:15:31 查询号码 【1869195】，返回信息 {"status":"bad","msg":""}
2021-07-28 00:15:31 查询号码 【1869195】，GSD为【""】
2021-07-28 00:15:31 bad
2021-07-28 00:15:33 CHB 1869195?1627402531 第 1 次 等待 3 秒
2021-07-28 00:15:36 CHB 1869195?1627402531 第 1 次 获取到号码【1869195】GSD
2021-07-28 00:15:36 获取到号码【1869195】的GSD为【陕西-西安】
2021-07-28 00:15:39 GSD insert 第 1 次 等待 3 秒
2021-07-28 00:15:42 {"status":"ok","gid":418814,"msg":"添加成功！"}
2021-07-28 00:15:42 下次操作: 2021-07-28 00:15:59

2021-07-28 00:15:59 开始第 39 次操作

2021-07-28 00:15:59 开始操作号码 【1869194】
2021-07-28 00:16:02 GSD getOne 第 1 次 等待 3 秒
2021-07-28 00:16:05 查询号码 【1869194】，返回信息 {"status":"ok","msg":"陕西-铜川","gid":"41446","time_insert":"2019-02-26 12:30","time_update":"2020-12-10 11:47"}
2021-07-28 00:16:05 查询号码 【1869194】，GSD为【"陕西-铜川"】

2021-07-28 00:16:05 开始第 39 次操作

2021-07-28 00:16:05 开始操作号码 【1869193】
2021-07-28 00:16:08 GSD getOne 第 1 次 等待 3 秒
2021-07-28 00:16:11 查询号码 【1869193】，返回信息 {"status":"bad","msg":""}
2021-07-28 00:16:11 查询号码 【1869193】，GSD为【""】
2021-07-28 00:16:11 bad
2021-07-28 00:16:12 CHB 1869193?1627402571 第 1 次 等待 3 秒
2021-07-28 00:16:15 CHB 1869193?1627402571 第 1 次 获取到号码【1869193】GSD
2021-07-28 00:16:15 获取到号码【1869193】的GSD为【陕西-铜川】
2021-07-28 00:16:29 GSD insert 第 1 次 等待 3 秒
2021-07-28 00:16:32 {"status":"ok","gid":418821,"msg":"添加成功！"}
2021-07-28 00:16:32 下次操作: 2021-07-28 00:16:44

2021-07-28 00:16:44 开始第 40 次操作

2021-07-28 00:16:44 开始操作号码 【1869192】
2021-07-28 00:16:58 GSD getOne 第 1 次 等待 3 秒
2021-07-28 00:17:01 查询号码 【1869192】，返回信息 {"status":"bad","msg":""}
2021-07-28 00:17:01 查询号码 【1869192】，GSD为【""】
2021-07-28 00:17:01 bad
2021-07-28 00:17:03 CHB 1869192?1627402621 第 1 次 等待 3 秒
2021-07-28 00:17:06 CHB 1869192?1627402621 第 1 次 获取到号码【1869192】GSD
2021-07-28 00:17:06 获取到号码【1869192】的GSD为【陕西-铜川】
2021-07-28 00:17:09 GSD insert 第 1 次 等待 3 秒
2021-07-28 00:17:12 {"status":"ok","gid":418829,"msg":"添加成功！"}

2021-07-28 01:03:22 开始第 1 次操作

2021-07-28 01:03:22 开始操作号码 【1869191】
2021-07-28 01:03:25 GSD getOne 第 1 次 等待 3 秒
2021-07-28 01:03:28 查询号码 【1869191】，返回信息 {"status":"bad","msg":""}
2021-07-28 01:03:28 查询号码 【1869191】，GSD为【""】
2021-07-28 01:03:28 bad
2021-07-28 01:03:31 CHB 1869191?1627405408 第 1 次 等待 3 秒
2021-07-28 01:03:34 CHB 1869191?1627405408 第 1 次 获取到号码【1869191】GSD
2021-07-28 01:03:34 获取到号码【1869191】的GSD为【陕西-铜川】
2021-07-28 01:03:55 GSD insert 第 1 次 等待 3 秒
2021-07-28 01:03:58 {"status":"ok","gid":418974,"msg":"添加成功！"}
2021-07-28 01:03:58 下次操作: 2021-07-28 01:04:22

2021-07-28 01:04:22 开始第 2 次操作

2021-07-28 01:04:22 开始操作号码 【1869190】
2021-07-28 01:04:25 GSD getOne 第 1 次 等待 3 秒
2021-07-28 01:04:28 查询号码 【1869190】，返回信息 {"status":"bad","msg":""}
2021-07-28 01:04:28 查询号码 【1869190】，GSD为【""】
2021-07-28 01:04:28 bad
2021-07-28 01:04:30 CHB 1869190?1627405468 第 1 次 等待 3 秒
2021-07-28 01:04:33 CHB 1869190?1627405468 第 1 次 获取到号码【1869190】GSD
2021-07-28 01:04:33 获取到号码【1869190】的GSD为【陕西-铜川】
2021-07-28 01:04:52 GSD insert 第 1 次 等待 3 秒
2021-07-28 01:04:55 {"status":"ok","gid":418984,"msg":"添加成功！"}
2021-07-28 01:04:55 下次操作: 2021-07-28 01:05:15

2021-07-28 01:05:15 开始第 3 次操作

2021-07-28 01:05:15 开始操作号码 【1869189】
2021-07-28 01:05:18 GSD getOne 第 1 次 等待 3 秒
2021-07-28 01:05:21 查询号码 【1869189】，返回信息 {"status":"bad","msg":""}
2021-07-28 01:05:21 查询号码 【1869189】，GSD为【""】
2021-07-28 01:05:21 bad
2021-07-28 01:05:23 CHB 1869189?1627405521 第 1 次 等待 3 秒
2021-07-28 01:05:26 CHB 1869189?1627405521 第 1 次 获取到号码【1869189】GSD
2021-07-28 01:05:26 获取到号码【1869189】的GSD为【陕西-西安】
2021-07-28 01:05:45 GSD insert 第 1 次 等待 3 秒
2021-07-28 01:05:48 {"status":"ok","gid":418998,"msg":"添加成功！"}
2021-07-28 01:05:48 下次操作: 2021-07-28 01:06:04

2021-07-28 01:06:04 开始第 4 次操作

2021-07-28 01:06:04 开始操作号码 【1869188】
2021-07-28 01:06:07 GSD getOne 第 1 次 等待 3 秒
2021-07-28 01:06:10 查询号码 【1869188】，返回信息 {"status":"bad","msg":""}
2021-07-28 01:06:10 查询号码 【1869188】，GSD为【""】
2021-07-28 01:06:10 bad
2021-07-28 01:06:12 CHB 1869188?1627405570 第 1 次 等待 3 秒
2021-07-28 01:06:15 CHB 1869188?1627405570 第 1 次 获取到号码【1869188】GSD
2021-07-28 01:06:15 获取到号码【1869188】的GSD为【陕西-西安】
2021-07-28 01:06:34 GSD insert 第 1 次 等待 3 秒
2021-07-28 01:06:37 {"status":"ok","gid":419008,"msg":"添加成功！"}
2021-07-28 01:06:37 下次操作: 2021-07-28 01:06:54

2021-07-28 01:06:54 开始第 5 次操作

2021-07-28 01:06:54 开始操作号码 【1869187】
2021-07-28 01:06:57 GSD getOne 第 1 次 等待 3 秒
2021-07-28 01:07:00 查询号码 【1869187】，返回信息 {"status":"bad","msg":""}
2021-07-28 01:07:00 查询号码 【1869187】，GSD为【""】
2021-07-28 01:07:00 bad
2021-07-28 01:07:02 CHB 1869187?1627405620 第 1 次 等待 3 秒
2021-07-28 01:07:05 CHB 1869187?1627405620 第 1 次 获取到号码【1869187】GSD
2021-07-28 01:07:05 获取到号码【1869187】的GSD为【陕西-西安】
2021-07-28 01:07:23 GSD insert 第 1 次 等待 3 秒
2021-07-28 01:07:26 {"status":"ok","gid":419017,"msg":"添加成功！"}
2021-07-28 01:07:26 下次操作: 2021-07-28 01:07:48

2021-07-28 01:07:48 开始第 6 次操作

2021-07-28 01:07:48 开始操作号码 【1869186】
2021-07-28 01:07:51 GSD getOne 第 1 次 等待 3 秒
2021-07-28 01:07:54 查询号码 【1869186】，返回信息 {"status":"bad","msg":""}
2021-07-28 01:07:54 查询号码 【1869186】，GSD为【""】
2021-07-28 01:07:54 bad
2021-07-28 01:07:57 CHB 1869186?1627405674 第 1 次 等待 3 秒
2021-07-28 01:08:00 CHB 1869186?1627405674 第 1 次 获取到号码【1869186】GSD
2021-07-28 01:08:01 获取到号码【1869186】的GSD为【陕西-西安】
2021-07-28 01:08:19 GSD insert 第 1 次 等待 3 秒
2021-07-28 01:08:22 {"status":"ok","gid":419031,"msg":"添加成功！"}
2021-07-28 01:08:22 下次操作: 2021-07-28 01:08:36

2021-07-28 01:08:36 开始第 7 次操作

2021-07-28 01:08:36 开始操作号码 【1869185】
2021-07-28 01:08:40 GSD getOne 第 1 次 等待 3 秒
2021-07-28 01:08:43 查询号码 【1869185】，返回信息 {"status":"bad","msg":""}
2021-07-28 01:08:43 查询号码 【1869185】，GSD为【""】
2021-07-28 01:08:43 bad
2021-07-28 01:08:45 CHB 1869185?1627405723 第 1 次 等待 3 秒
2021-07-28 01:08:48 CHB 1869185?1627405723 第 1 次 获取到号码【1869185】GSD
2021-07-28 01:08:48 获取到号码【1869185】的GSD为【陕西-西安】
2021-07-28 01:09:11 GSD insert 第 1 次 等待 3 秒
2021-07-28 01:09:14 {"status":"ok","gid":419041,"msg":"添加成功！"}
2021-07-28 01:09:14 下次操作: 2021-07-28 01:09:38

2021-07-28 01:09:38 开始第 8 次操作

2021-07-28 01:09:38 开始操作号码 【1869184】
2021-07-28 01:09:41 GSD getOne 第 1 次 等待 3 秒
2021-07-28 01:09:44 查询号码 【1869184】，返回信息 {"status":"bad","msg":""}
2021-07-28 01:09:44 查询号码 【1869184】，GSD为【""】
2021-07-28 01:09:44 bad
2021-07-28 01:09:47 CHB 1869184?1627405784 第 1 次 等待 3 秒
2021-07-28 01:09:50 CHB 1869184?1627405784 第 1 次 获取到号码【1869184】GSD
2021-07-28 01:09:50 获取到号码【1869184】的GSD为【陕西-西安】
2021-07-28 01:10:10 GSD insert 第 1 次 等待 3 秒
2021-07-28 01:10:13 {"status":"ok","gid":419056,"msg":"添加成功！"}
2021-07-28 01:10:13 下次操作: 2021-07-28 01:10:35

2021-07-28 01:10:35 开始第 9 次操作

2021-07-28 01:10:35 开始操作号码 【1869183】
2021-07-28 01:10:43 GSD getOne 第 1 次 等待 3 秒
2021-07-28 01:10:46 查询号码 【1869183】，返回信息 {"status":"bad","msg":""}
2021-07-28 01:10:46 查询号码 【1869183】，GSD为【""】
2021-07-28 01:10:46 bad
2021-07-28 01:10:48 CHB 1869183?1627405846 第 1 次 等待 3 秒
2021-07-28 01:10:51 CHB 1869183?1627405846 第 1 次 获取到号码【1869183】GSD
2021-07-28 01:10:51 获取到号码【1869183】的GSD为【陕西-西安】
2021-07-28 01:12:19 GSD insert 第 1 次 等待 3 秒
2021-07-28 01:12:22 {"status":"ok","gid":419083,"msg":"添加成功！"}
2021-07-28 01:12:22 下次操作: 2021-07-28 01:12:41

2021-07-28 01:12:41 开始第 10 次操作

2021-07-28 01:12:41 开始操作号码 【1869182】
2021-07-28 01:12:44 GSD getOne 第 1 次 等待 3 秒
2021-07-28 01:12:47 查询号码 【1869182】，返回信息 {"status":"bad","msg":""}
2021-07-28 01:12:47 查询号码 【1869182】，GSD为【""】
2021-07-28 01:12:47 bad
2021-07-28 01:12:49 CHB 1869182?1627405967 第 1 次 等待 3 秒
2021-07-28 01:12:52 CHB 1869182?1627405967 第 1 次 获取到号码【1869182】GSD
2021-07-28 01:12:52 未获取到号码【1869182】GSD，查号吧 400 错误
2021-07-28 01:12:52 获取到号码【1869182】的GSD为【-】
2021-07-28 01:13:10 GSD insert 第 1 次 等待 3 秒
2021-07-28 01:13:13 {"status":"ok","gid":419095,"msg":"添加成功！"}
2021-07-28 01:13:13 下次操作: 2021-07-28 01:13:31

2021-07-28 01:13:31 开始第 11 次操作

2021-07-28 01:13:31 开始操作号码 【1869181】
2021-07-28 01:13:35 GSD getOne 第 1 次 等待 3 秒
2021-07-28 01:13:38 查询号码 【1869181】，返回信息 {"status":"bad","msg":""}
2021-07-28 01:13:38 查询号码 【1869181】，GSD为【""】
2021-07-28 01:13:38 bad
2021-07-28 01:13:40 CHB 1869181?1627406018 第 1 次 等待 3 秒
2021-07-28 01:13:43 CHB 1869181?1627406018 第 1 次 获取到号码【1869181】GSD
2021-07-28 01:13:43 获取到号码【1869181】的GSD为【陕西-西安】
2021-07-28 01:14:02 GSD insert 第 1 次 等待 3 秒
2021-07-28 01:14:05 {"status":"ok","gid":419108,"msg":"添加成功！"}
2021-07-28 01:14:05 下次操作: 2021-07-28 01:14:20

2021-07-28 01:14:20 开始第 12 次操作

2021-07-28 01:14:20 开始操作号码 【1869180】
2021-07-28 01:14:22 GSD getOne 第 1 次 等待 3 秒
2021-07-28 01:14:25 查询号码 【1869180】，返回信息 {"status":"bad","msg":""}
2021-07-28 01:14:25 查询号码 【1869180】，GSD为【""】
2021-07-28 01:14:25 bad
2021-07-28 01:14:27 CHB 1869180?1627406065 第 1 次 等待 3 秒
2021-07-28 01:14:30 CHB 1869180?1627406065 第 1 次 获取到号码【1869180】GSD
2021-07-28 01:14:30 获取到号码【1869180】的GSD为【陕西-西安】
2021-07-28 01:14:49 GSD insert 第 1 次 等待 3 秒
2021-07-28 01:14:52 {"status":"ok","gid":419119,"msg":"添加成功！"}
2021-07-28 01:14:52 下次操作: 2021-07-28 01:15:13

2021-07-28 01:15:13 开始第 13 次操作

2021-07-28 01:15:13 开始操作号码 【1869179】
2021-07-28 01:15:17 GSD getOne 第 1 次 等待 3 秒
2021-07-28 01:15:20 查询号码 【1869179】，返回信息 {"status":"bad","msg":""}
2021-07-28 01:15:20 查询号码 【1869179】，GSD为【""】
2021-07-28 01:15:20 bad
2021-07-28 01:15:22 CHB 1869179?1627406120 第 1 次 等待 3 秒
2021-07-28 01:15:25 CHB 1869179?1627406120 第 1 次 获取到号码【1869179】GSD
2021-07-28 01:15:25 获取到号码【1869179】的GSD为【陕西-宝鸡】
2021-07-28 01:15:52 GSD insert 第 1 次 等待 3 秒
2021-07-28 01:15:55 {"status":"ok","gid":419132,"msg":"添加成功！"}
2021-07-28 01:15:55 下次操作: 2021-07-28 01:16:10

2021-07-28 01:16:10 开始第 14 次操作

2021-07-28 01:16:10 开始操作号码 【1869178】
2021-07-28 01:16:17 GSD getOne 第 1 次 等待 3 秒
2021-07-28 01:16:20 查询号码 【1869178】，返回信息 {"status":"bad","msg":""}
2021-07-28 01:16:20 查询号码 【1869178】，GSD为【""】
2021-07-28 01:16:20 bad
2021-07-28 01:16:22 CHB 1869178?1627406180 第 1 次 等待 3 秒
2021-07-28 01:16:25 CHB 1869178?1627406180 第 1 次 获取到号码【1869178】GSD
2021-07-28 01:16:25 获取到号码【1869178】的GSD为【陕西-宝鸡】
2021-07-28 01:16:43 GSD insert 第 1 次 等待 3 秒
2021-07-28 01:16:46 {"status":"ok","gid":419143,"msg":"添加成功！"}
2021-07-28 01:16:46 下次操作: 2021-07-28 01:16:58

2021-07-28 01:16:58 开始第 15 次操作

2021-07-28 01:16:58 开始操作号码 【1869177】
2021-07-28 01:17:07 GSD getOne 第 1 次 等待 3 秒
2021-07-28 01:17:10 查询号码 【1869177】，返回信息 {"status":"bad","msg":""}
2021-07-28 01:17:10 查询号码 【1869177】，GSD为【""】
2021-07-28 01:17:10 bad
2021-07-28 01:17:12 CHB 1869177?1627406230 第 1 次 等待 3 秒
2021-07-28 01:17:15 CHB 1869177?1627406230 第 1 次 获取到号码【1869177】GSD
2021-07-28 01:17:15 获取到号码【1869177】的GSD为【陕西-宝鸡】
2021-07-28 01:17:33 GSD insert 第 1 次 等待 3 秒
2021-07-28 01:17:36 {"status":"ok","gid":419152,"msg":"添加成功！"}
2021-07-28 01:17:36 下次操作: 2021-07-28 01:17:56

2021-07-28 01:17:56 开始第 16 次操作

2021-07-28 01:17:56 开始操作号码 【1869176】
2021-07-28 01:17:59 GSD getOne 第 1 次 等待 3 秒
2021-07-28 01:18:02 查询号码 【1869176】，返回信息 {"status":"bad","msg":""}
2021-07-28 01:18:02 查询号码 【1869176】，GSD为【""】
2021-07-28 01:18:02 bad
2021-07-28 01:18:04 CHB 1869176?1627406282 第 1 次 等待 3 秒
2021-07-28 01:18:07 CHB 1869176?1627406282 第 1 次 获取到号码【1869176】GSD
2021-07-28 01:18:07 获取到号码【1869176】的GSD为【陕西-宝鸡】
2021-07-28 01:18:30 GSD insert 第 1 次 等待 3 秒
2021-07-28 01:18:33 {"status":"ok","gid":419165,"msg":"添加成功！"}
2021-07-28 01:18:33 下次操作: 2021-07-28 01:18:50

2021-07-28 01:18:50 开始第 17 次操作

2021-07-28 01:18:50 开始操作号码 【1869175】
2021-07-28 01:18:55 GSD getOne 第 1 次 等待 3 秒
2021-07-28 01:18:58 查询号码 【1869175】，返回信息 {"status":"bad","msg":""}
2021-07-28 01:18:58 查询号码 【1869175】，GSD为【""】
2021-07-28 01:18:58 bad
2021-07-28 01:19:04 CHB 1869175?1627406338 第 1 次 等待 3 秒
2021-07-28 01:19:07 CHB 1869175?1627406338 第 1 次 获取到号码【1869175】GSD
2021-07-28 01:19:07 获取到号码【1869175】的GSD为【陕西-宝鸡】
2021-07-28 01:19:19 GSD insert 第 1 次 等待 3 秒
2021-07-28 01:19:22 {"status":"ok","gid":419176,"msg":"添加成功！"}
2021-07-28 01:19:22 下次操作: 2021-07-28 01:19:43

2021-07-28 01:19:43 开始第 18 次操作

2021-07-28 01:19:43 开始操作号码 【1869174】
2021-07-28 01:19:48 GSD getOne 第 1 次 等待 3 秒
2021-07-28 01:19:51 查询号码 【1869174】，返回信息 {"status":"bad","msg":""}
2021-07-28 01:19:51 查询号码 【1869174】，GSD为【""】
2021-07-28 01:19:51 bad
2021-07-28 01:19:57 CHB 1869174?1627406391 第 1 次 等待 3 秒
2021-07-28 01:20:00 CHB 1869174?1627406391 第 1 次 获取到号码【1869174】GSD
2021-07-28 01:20:00 获取到号码【1869174】的GSD为【陕西-宝鸡】
2021-07-28 01:20:11 GSD insert 第 1 次 等待 3 秒
2021-07-28 01:20:14 {"status":"ok","gid":419188,"msg":"添加成功！"}
2021-07-28 01:20:14 下次操作: 2021-07-28 01:20:30

2021-07-28 01:20:30 开始第 19 次操作

2021-07-28 01:20:30 开始操作号码 【1869173】
2021-07-28 01:20:33 GSD getOne 第 1 次 等待 3 秒
2021-07-28 01:20:36 查询号码 【1869173】，返回信息 {"status":"bad","msg":""}
2021-07-28 01:20:36 查询号码 【1869173】，GSD为【""】
2021-07-28 01:20:36 bad
2021-07-28 01:20:38 CHB 1869173?1627406436 第 1 次 等待 3 秒
2021-07-28 01:20:41 CHB 1869173?1627406436 第 1 次 获取到号码【1869173】GSD
2021-07-28 01:20:41 获取到号码【1869173】的GSD为【陕西-宝鸡】
2021-07-28 01:21:00 GSD insert 第 1 次 等待 3 秒
2021-07-28 01:21:03 {"status":"ok","gid":419199,"msg":"添加成功！"}
2021-07-28 01:21:03 下次操作: 2021-07-28 01:21:19

2021-07-28 01:21:19 开始第 20 次操作

2021-07-28 01:21:19 开始操作号码 【1869172】
2021-07-28 01:21:24 GSD getOne 第 1 次 等待 3 秒
2021-07-28 01:21:27 查询号码 【1869172】，返回信息 {"status":"bad","msg":""}
2021-07-28 01:21:27 查询号码 【1869172】，GSD为【""】
2021-07-28 01:21:27 bad
2021-07-28 01:21:29 CHB 1869172?1627406487 第 1 次 等待 3 秒
2021-07-28 01:21:32 CHB 1869172?1627406487 第 1 次 获取到号码【1869172】GSD
2021-07-28 01:21:32 获取到号码【1869172】的GSD为【陕西-宝鸡】
2021-07-28 01:21:50 GSD insert 第 1 次 等待 3 秒
2021-07-28 01:21:53 {"status":"ok","gid":419209,"msg":"添加成功！"}
2021-07-28 01:21:53 下次操作: 2021-07-28 01:22:16

2021-07-28 01:22:16 开始第 21 次操作

2021-07-28 01:22:16 开始操作号码 【1869171】
2021-07-28 01:22:19 GSD getOne 第 1 次 等待 3 秒
2021-07-28 01:22:22 查询号码 【1869171】，返回信息 {"status":"ok","msg":"陕西-宝鸡","gid":"41445","time_insert":"2017-04-19 11:23","time_update":"2020-12-10 06:15"}
2021-07-28 01:22:22 查询号码 【1869171】，GSD为【"陕西-宝鸡"】

2021-07-28 01:22:22 开始第 21 次操作

2021-07-28 01:22:22 开始操作号码 【1869170】
2021-07-28 01:22:40 GSD getOne 第 1 次 等待 3 秒
2021-07-28 01:22:43 查询号码 【1869170】，返回信息 {"status":"bad","msg":""}
2021-07-28 01:22:43 查询号码 【1869170】，GSD为【""】
2021-07-28 01:22:43 bad
2021-07-28 01:22:45 CHB 1869170?1627406563 第 1 次 等待 3 秒
2021-07-28 01:22:48 CHB 1869170?1627406563 第 1 次 获取到号码【1869170】GSD
2021-07-28 01:22:48 获取到号码【1869170】的GSD为【陕西-宝鸡】
2021-07-28 01:23:06 GSD insert 第 1 次 等待 3 秒
2021-07-28 01:23:09 {"status":"ok","gid":419228,"msg":"添加成功！"}
2021-07-28 01:23:09 下次操作: 2021-07-28 01:23:29

2021-07-28 01:23:29 开始第 22 次操作

2021-07-28 01:23:29 开始操作号码 【1869169】
2021-07-28 01:23:33 GSD getOne 第 1 次 等待 3 秒
2021-07-28 01:23:36 查询号码 【1869169】，返回信息 {"status":"bad","msg":""}
2021-07-28 01:23:36 查询号码 【1869169】，GSD为【""】
2021-07-28 01:23:36 bad
2021-07-28 01:23:38 CHB 1869169?1627406616 第 1 次 等待 3 秒
2021-07-28 01:23:41 CHB 1869169?1627406616 第 1 次 获取到号码【1869169】GSD
2021-07-28 01:23:41 获取到号码【1869169】的GSD为【陕西-汉中】
2021-07-28 01:24:05 GSD insert 第 1 次 等待 3 秒
2021-07-28 01:24:08 {"status":"ok","gid":419242,"msg":"添加成功！"}
2021-07-28 01:24:08 下次操作: 2021-07-28 01:24:20

2021-07-28 01:24:20 开始第 23 次操作

2021-07-28 01:24:20 开始操作号码 【1869168】
2021-07-28 01:24:28 GSD getOne 第 1 次 等待 3 秒
2021-07-28 01:24:31 查询号码 【1869168】，返回信息 {"status":"bad","msg":""}
2021-07-28 01:24:31 查询号码 【1869168】，GSD为【""】
2021-07-28 01:24:31 bad
2021-07-28 01:24:33 CHB 1869168?1627406671 第 1 次 等待 3 秒
2021-07-28 01:24:36 CHB 1869168?1627406671 第 1 次 获取到号码【1869168】GSD
2021-07-28 01:24:36 获取到号码【1869168】的GSD为【陕西-汉中】
2021-07-28 01:25:03 GSD insert 第 1 次 等待 3 秒
2021-07-28 01:25:06 {"status":"ok","gid":419253,"msg":"添加成功！"}
2021-07-28 01:25:06 下次操作: 2021-07-28 01:25:25

2021-07-28 01:25:25 开始第 24 次操作

2021-07-28 01:25:25 开始操作号码 【1869167】
2021-07-28 01:25:28 GSD getOne 第 1 次 等待 3 秒
2021-07-28 01:25:31 查询号码 【1869167】，返回信息 {"status":"bad","msg":""}
2021-07-28 01:25:31 查询号码 【1869167】，GSD为【""】
2021-07-28 01:25:31 bad
2021-07-28 01:25:33 CHB 1869167?1627406731 第 1 次 等待 3 秒
2021-07-28 01:25:36 CHB 1869167?1627406731 第 1 次 获取到号码【1869167】GSD
2021-07-28 01:25:36 获取到号码【1869167】的GSD为【陕西-延安】
2021-07-28 01:25:54 GSD insert 第 1 次 等待 3 秒
2021-07-28 01:25:57 {"status":"ok","gid":419267,"msg":"添加成功！"}
2021-07-28 01:25:57 下次操作: 2021-07-28 01:26:12

2021-07-28 01:26:12 开始第 25 次操作

2021-07-28 01:26:12 开始操作号码 【1869166】
2021-07-28 01:26:15 GSD getOne 第 1 次 等待 3 秒
2021-07-28 01:26:18 查询号码 【1869166】，返回信息 {"status":"bad","msg":""}
2021-07-28 01:26:18 查询号码 【1869166】，GSD为【""】
2021-07-28 01:26:18 bad
2021-07-28 01:26:20 CHB 1869166?1627406778 第 1 次 等待 3 秒
2021-07-28 01:26:23 CHB 1869166?1627406778 第 1 次 获取到号码【1869166】GSD
2021-07-28 01:26:23 获取到号码【1869166】的GSD为【陕西-汉中】
2021-07-28 01:26:42 GSD insert 第 1 次 等待 3 秒
2021-07-28 01:26:45 {"status":"ok","gid":419279,"msg":"添加成功！"}
2021-07-28 01:26:45 下次操作: 2021-07-28 01:27:05

2021-07-28 01:27:05 开始第 26 次操作

2021-07-28 01:27:05 开始操作号码 【1869165】
2021-07-28 01:27:12 GSD getOne 第 1 次 等待 3 秒
2021-07-28 01:27:15 查询号码 【1869165】，返回信息 {"status":"ok","msg":"陕西-延安","gid":"41444","time_insert":"2014-01-27 16:53","time_update":"2020-12-10 11:57"}
2021-07-28 01:27:15 查询号码 【1869165】，GSD为【"陕西-延安"】

2021-07-28 01:27:15 开始第 26 次操作

2021-07-28 01:27:15 开始操作号码 【1869164】
2021-07-28 01:27:33 GSD getOne 第 1 次 等待 3 秒
2021-07-28 01:27:36 查询号码 【1869164】，返回信息 {"status":"bad","msg":""}
2021-07-28 01:27:36 查询号码 【1869164】，GSD为【""】
2021-07-28 01:27:36 bad
2021-07-28 01:27:38 CHB 1869164?1627406856 第 1 次 等待 3 秒
2021-07-28 01:27:41 CHB 1869164?1627406856 第 1 次 获取到号码【1869164】GSD
2021-07-28 01:27:41 获取到号码【1869164】的GSD为【陕西-汉中】
2021-07-28 01:28:02 GSD insert 第 1 次 等待 3 秒
2021-07-28 01:28:05 {"status":"ok","gid":419294,"msg":"添加成功！"}
2021-07-28 01:28:05 下次操作: 2021-07-28 01:28:21

2021-07-28 01:28:21 开始第 27 次操作

2021-07-28 01:28:21 开始操作号码 【1869163】
2021-07-28 01:28:25 GSD getOne 第 1 次 等待 3 秒
2021-07-28 01:28:28 查询号码 【1869163】，返回信息 {"status":"bad","msg":""}
2021-07-28 01:28:28 查询号码 【1869163】，GSD为【""】
2021-07-28 01:28:28 bad
2021-07-28 01:28:29 CHB 1869163?1627406908 第 1 次 等待 3 秒
2021-07-28 01:28:32 CHB 1869163?1627406908 第 1 次 获取到号码【1869163】GSD
2021-07-28 01:28:33 获取到号码【1869163】的GSD为【陕西-西安】
2021-07-28 01:28:51 GSD insert 第 1 次 等待 3 秒
2021-07-28 01:28:54 {"status":"ok","gid":419301,"msg":"添加成功！"}
2021-07-28 01:28:54 下次操作: 2021-07-28 01:29:17

2021-07-28 01:29:17 开始第 28 次操作

2021-07-28 01:29:17 开始操作号码 【1869162】
2021-07-28 01:29:20 GSD getOne 第 1 次 等待 3 秒
2021-07-28 01:29:23 查询号码 【1869162】，返回信息 {"status":"bad","msg":""}
2021-07-28 01:29:23 查询号码 【1869162】，GSD为【""】
2021-07-28 01:29:23 bad
2021-07-28 01:29:25 CHB 1869162?1627406963 第 1 次 等待 3 秒
2021-07-28 01:29:28 CHB 1869162?1627406963 第 1 次 获取到号码【1869162】GSD
2021-07-28 01:29:28 获取到号码【1869162】的GSD为【陕西-汉中】
2021-07-28 01:29:46 GSD insert 第 1 次 等待 3 秒
2021-07-28 01:29:49 {"status":"ok","gid":419309,"msg":"添加成功！"}
2021-07-28 01:29:49 下次操作: 2021-07-28 01:30:05

2021-07-28 01:30:05 开始第 29 次操作

2021-07-28 01:30:05 开始操作号码 【1869161】
2021-07-28 01:30:09 GSD getOne 第 1 次 等待 3 秒
2021-07-28 01:30:12 查询号码 【1869161】，返回信息 {"status":"bad","msg":""}
2021-07-28 01:30:12 查询号码 【1869161】，GSD为【""】
2021-07-28 01:30:12 bad
2021-07-28 01:30:14 CHB 1869161?1627407012 第 1 次 等待 3 秒
2021-07-28 01:30:17 CHB 1869161?1627407012 第 1 次 获取到号码【1869161】GSD
2021-07-28 01:30:17 获取到号码【1869161】的GSD为【陕西-汉中】
2021-07-28 01:30:36 GSD insert 第 1 次 等待 3 秒
2021-07-28 01:30:39 {"status":"ok","gid":419312,"msg":"添加成功！"}
2021-07-28 01:30:39 下次操作: 2021-07-28 01:30:57

2021-07-28 01:30:57 开始第 30 次操作

2021-07-28 01:30:57 开始操作号码 【1869160】
2021-07-28 01:30:59 GSD getOne 第 1 次 等待 3 秒
2021-07-28 01:31:02 查询号码 【1869160】，返回信息 {"status":"bad","msg":""}
2021-07-28 01:31:02 查询号码 【1869160】，GSD为【""】
2021-07-28 01:31:02 bad
2021-07-28 01:31:05 CHB 1869160?1627407062 第 1 次 等待 3 秒
2021-07-28 01:31:08 CHB 1869160?1627407062 第 1 次 获取到号码【1869160】GSD
2021-07-28 01:31:09 获取到号码【1869160】的GSD为【陕西-汉中】
2021-07-28 01:31:27 GSD insert 第 1 次 等待 3 秒
2021-07-28 01:31:30 {"status":"ok","gid":419317,"msg":"添加成功！"}
2021-07-28 01:31:30 下次操作: 2021-07-28 01:31:42

2021-07-28 01:31:42 开始第 31 次操作

2021-07-28 01:31:42 开始操作号码 【1869159】
2021-07-28 01:32:22 GSD getOne 第 1 次 等待 3 秒
2021-07-28 01:32:25 查询号码 【1869159】，返回信息 {"status":"bad","msg":""}
2021-07-28 01:32:25 查询号码 【1869159】，GSD为【""】
2021-07-28 01:32:25 bad
2021-07-28 01:32:27 CHB 1869159?1627407145 第 1 次 等待 3 秒
2021-07-28 01:32:30 CHB 1869159?1627407145 第 1 次 获取到号码【1869159】GSD
2021-07-28 01:32:30 获取到号码【1869159】的GSD为【陕西-安康】
2021-07-28 01:32:48 GSD insert 第 1 次 等待 3 秒
2021-07-28 01:32:51 {"status":"ok","gid":419322,"msg":"添加成功！"}
2021-07-28 01:32:51 下次操作: 2021-07-28 01:33:10

2021-07-28 01:33:10 开始第 32 次操作

2021-07-28 01:33:10 开始操作号码 【1869158】
2021-07-28 01:33:13 GSD getOne 第 1 次 等待 3 秒
2021-07-28 01:33:16 查询号码 【1869158】，返回信息 {"status":"ok","msg":"陕西-安康","gid":"41443","time_insert":"2016-11-25 12:55","time_update":"2020-12-10 11:52"}
2021-07-28 01:33:16 查询号码 【1869158】，GSD为【"陕西-安康"】

2021-07-28 01:33:16 开始第 32 次操作

2021-07-28 01:33:16 开始操作号码 【1869157】
2021-07-28 01:33:39 GSD getOne 第 1 次 等待 3 秒
2021-07-28 01:33:42 查询号码 【1869157】，返回信息 {"status":"bad","msg":""}
2021-07-28 01:33:42 查询号码 【1869157】，GSD为【""】
2021-07-28 01:33:42 bad
2021-07-28 01:33:44 CHB 1869157?1627407222 第 1 次 等待 3 秒
2021-07-28 01:33:47 CHB 1869157?1627407222 第 1 次 获取到号码【1869157】GSD
2021-07-28 01:33:47 获取到号码【1869157】的GSD为【陕西-西安】
2021-07-28 01:34:06 GSD insert 第 1 次 等待 3 秒
2021-07-28 01:34:09 {"status":"ok","gid":419329,"msg":"添加成功！"}
2021-07-28 01:34:09 下次操作: 2021-07-28 01:34:31

2021-07-28 01:34:31 开始第 33 次操作

2021-07-28 01:34:31 开始操作号码 【1869156】
2021-07-28 01:34:37 GSD getOne 第 1 次 等待 3 秒
2021-07-28 01:34:40 查询号码 【1869156】，返回信息 {"status":"bad","msg":""}
2021-07-28 01:34:40 查询号码 【1869156】，GSD为【""】
2021-07-28 01:34:40 bad
2021-07-28 01:34:43 CHB 1869156?1627407280 第 1 次 等待 3 秒
2021-07-28 01:34:46 CHB 1869156?1627407280 第 1 次 获取到号码【1869156】GSD
2021-07-28 01:34:46 获取到号码【1869156】的GSD为【陕西-西安】
2021-07-28 01:35:04 GSD insert 第 1 次 等待 3 秒
2021-07-28 01:35:07 {"status":"ok","gid":419332,"msg":"添加成功！"}
2021-07-28 01:35:07 下次操作: 2021-07-28 01:35:23

2021-07-28 01:35:23 开始第 34 次操作

2021-07-28 01:35:23 开始操作号码 【1869155】
2021-07-28 01:35:26 GSD getOne 第 1 次 等待 3 秒
2021-07-28 01:35:29 查询号码 【1869155】，返回信息 {"status":"bad","msg":""}
2021-07-28 01:35:29 查询号码 【1869155】，GSD为【""】
2021-07-28 01:35:29 bad
2021-07-28 01:35:31 CHB 1869155?1627407329 第 1 次 等待 3 秒
2021-07-28 01:35:34 CHB 1869155?1627407329 第 1 次 获取到号码【1869155】GSD
2021-07-28 01:35:34 获取到号码【1869155】的GSD为【陕西-西安】
2021-07-28 01:36:13 GSD insert 第 1 次 等待 3 秒
2021-07-28 01:36:16 {"status":"ok","gid":419336,"msg":"添加成功！"}
2021-07-28 01:36:16 下次操作: 2021-07-28 01:36:33

2021-07-28 01:36:33 开始第 35 次操作

2021-07-28 01:36:33 开始操作号码 【1869154】
2021-07-28 01:36:46 GSD getOne 第 1 次 等待 3 秒
2021-07-28 01:36:49 查询号码 【1869154】，返回信息 {"status":"bad","msg":""}
2021-07-28 01:36:49 查询号码 【1869154】，GSD为【""】
2021-07-28 01:36:49 bad
2021-07-28 01:36:51 CHB 1869154?1627407409 第 1 次 等待 3 秒
2021-07-28 01:36:54 CHB 1869154?1627407409 第 1 次 获取到号码【1869154】GSD
2021-07-28 01:36:54 获取到号码【1869154】的GSD为【陕西-安康】
2021-07-28 01:37:12 GSD insert 第 1 次 等待 3 秒
2021-07-28 01:37:15 {"status":"ok","gid":419343,"msg":"添加成功！"}
2021-07-28 01:37:15 下次操作: 2021-07-28 01:37:27

2021-07-28 01:37:27 开始第 36 次操作

2021-07-28 01:37:27 开始操作号码 【1869153】
2021-07-28 01:37:33 GSD getOne 第 1 次 等待 3 秒
2021-07-28 01:37:36 查询号码 【1869153】，返回信息 {"status":"bad","msg":""}
2021-07-28 01:37:36 查询号码 【1869153】，GSD为【""】
2021-07-28 01:37:36 bad
2021-07-28 01:37:38 CHB 1869153?1627407456 第 1 次 等待 3 秒
2021-07-28 01:37:41 CHB 1869153?1627407456 第 1 次 获取到号码【1869153】GSD
2021-07-28 01:37:41 获取到号码【1869153】的GSD为【陕西-安康】
2021-07-28 01:37:59 GSD insert 第 1 次 等待 3 秒
2021-07-28 01:38:02 {"status":"ok","gid":419348,"msg":"添加成功！"}
2021-07-28 01:38:02 下次操作: 2021-07-28 01:38:18

2021-07-28 01:38:18 开始第 37 次操作

2021-07-28 01:38:18 开始操作号码 【1869152】
2021-07-28 01:38:21 GSD getOne 第 1 次 等待 3 秒
2021-07-28 01:38:24 查询号码 【1869152】，返回信息 {"status":"bad","msg":""}
2021-07-28 01:38:24 查询号码 【1869152】，GSD为【""】
2021-07-28 01:38:24 bad
2021-07-28 01:38:26 CHB 1869152?1627407504 第 1 次 等待 3 秒
2021-07-28 01:38:29 CHB 1869152?1627407504 第 1 次 获取到号码【1869152】GSD
2021-07-28 01:38:29 获取到号码【1869152】的GSD为【陕西-西安】
2021-07-28 01:38:48 GSD insert 第 1 次 等待 3 秒
2021-07-28 01:38:51 {"status":"ok","gid":419355,"msg":"添加成功！"}
2021-07-28 01:38:51 下次操作: 2021-07-28 01:39:14

2021-07-28 01:39:14 开始第 38 次操作

2021-07-28 01:39:14 开始操作号码 【1869151】
2021-07-28 01:39:20 GSD getOne 第 1 次 等待 3 秒
2021-07-28 01:39:23 查询号码 【1869151】，返回信息 {"status":"bad","msg":""}
2021-07-28 01:39:23 查询号码 【1869151】，GSD为【""】
2021-07-28 01:39:23 bad
2021-07-28 01:39:24 CHB 1869151?1627407563 第 1 次 等待 3 秒
2021-07-28 01:39:27 CHB 1869151?1627407563 第 1 次 获取到号码【1869151】GSD
2021-07-28 01:39:28 获取到号码【1869151】的GSD为【陕西-安康】
2021-07-28 01:39:49 GSD insert 第 1 次 等待 3 秒
2021-07-28 01:39:52 {"status":"ok","gid":419360,"msg":"添加成功！"}
2021-07-28 01:39:52 下次操作: 2021-07-28 01:40:13

2021-07-28 01:40:13 开始第 39 次操作

2021-07-28 01:40:13 开始操作号码 【1869150】
2021-07-28 01:40:16 GSD getOne 第 1 次 等待 3 秒
2021-07-28 01:40:19 查询号码 【1869150】，返回信息 {"status":"bad","msg":""}
2021-07-28 01:40:19 查询号码 【1869150】，GSD为【""】
2021-07-28 01:40:19 bad
2021-07-28 01:40:21 CHB 1869150?1627407619 第 1 次 等待 3 秒
2021-07-28 01:40:24 CHB 1869150?1627407619 第 1 次 获取到号码【1869150】GSD
2021-07-28 01:40:24 获取到号码【1869150】的GSD为【陕西-安康】
2021-07-28 01:40:42 GSD insert 第 1 次 等待 3 秒
2021-07-28 01:40:45 {"status":"ok","gid":419367,"msg":"添加成功！"}
2021-07-28 01:40:45 下次操作: 2021-07-28 01:41:05

2021-07-28 01:41:05 开始第 40 次操作

2021-07-28 01:41:05 开始操作号码 【1869149】
2021-07-28 01:41:08 GSD getOne 第 1 次 等待 3 秒
2021-07-28 01:41:11 查询号码 【1869149】，返回信息 {"status":"bad","msg":""}
2021-07-28 01:41:11 查询号码 【1869149】，GSD为【""】
2021-07-28 01:41:11 bad
2021-07-28 01:41:13 CHB 1869149?1627407671 第 1 次 等待 3 秒
2021-07-28 01:41:16 CHB 1869149?1627407671 第 1 次 获取到号码【1869149】GSD
2021-07-28 01:41:16 获取到号码【1869149】的GSD为【陕西-西安】
2021-07-28 01:41:35 GSD insert 第 1 次 等待 3 秒
2021-07-28 01:41:38 {"status":"ok","gid":419370,"msg":"添加成功！"}

2021-07-28 01:44:43 开始第 1 次操作

2021-07-28 01:44:43 开始操作号码 【1869148】
2021-07-28 01:44:45 GSD getOne 第 1 次 等待 3 秒
2021-07-28 01:44:48 查询号码 【1869148】，返回信息 {"status":"bad","msg":""}
2021-07-28 01:44:49 查询号码 【1869148】，GSD为【""】
2021-07-28 01:44:49 bad
2021-07-28 01:44:50 CHB 1869148?1627407889 第 1 次 等待 3 秒
2021-07-28 01:44:53 CHB 1869148?1627407889 第 1 次 获取到号码【1869148】GSD
2021-07-28 01:44:53 获取到号码【1869148】的GSD为【陕西-西安】
2021-07-28 01:44:57 GSD insert 第 1 次 等待 3 秒
2021-07-28 01:45:00 {"status":"ok","gid":419405,"msg":"添加成功！"}
2021-07-28 01:45:00 下次操作: 2021-07-28 01:45:19

2021-07-28 01:45:19 开始第 2 次操作

2021-07-28 01:45:19 开始操作号码 【1869147】
2021-07-28 01:45:22 GSD getOne 第 1 次 等待 3 秒
2021-07-28 01:45:25 查询号码 【1869147】，返回信息 {"status":"bad","msg":""}
2021-07-28 01:45:25 查询号码 【1869147】，GSD为【""】
2021-07-28 01:45:25 bad
2021-07-28 01:45:26 CHB 1869147?1627407925 第 1 次 等待 3 秒
2021-07-28 01:45:29 CHB 1869147?1627407925 第 1 次 获取到号码【1869147】GSD
2021-07-28 01:45:29 获取到号码【1869147】的GSD为【陕西-延安】
2021-07-28 01:45:32 GSD insert 第 1 次 等待 3 秒
2021-07-28 01:45:35 {"status":"ok","gid":419411,"msg":"添加成功！"}
2021-07-28 01:45:35 下次操作: 2021-07-28 01:45:56

2021-07-28 01:45:56 开始第 3 次操作

2021-07-28 01:45:56 开始操作号码 【1869146】
2021-07-28 01:46:00 GSD getOne 第 1 次 等待 3 秒
2021-07-28 01:46:03 查询号码 【1869146】，返回信息 {"status":"bad","msg":""}
2021-07-28 01:46:03 查询号码 【1869146】，GSD为【""】
2021-07-28 01:46:03 bad
2021-07-28 01:46:05 CHB 1869146?1627407963 第 1 次 等待 3 秒
2021-07-28 01:46:08 CHB 1869146?1627407963 第 1 次 获取到号码【1869146】GSD
2021-07-28 01:46:08 获取到号码【1869146】的GSD为【陕西-延安】
2021-07-28 01:46:10 GSD insert 第 1 次 等待 3 秒
2021-07-28 01:46:13 {"status":"ok","gid":419423,"msg":"添加成功！"}
2021-07-28 01:46:13 下次操作: 2021-07-28 01:46:26

2021-07-28 01:46:26 开始第 4 次操作

2021-07-28 01:46:26 开始操作号码 【1869145】
2021-07-28 01:46:29 GSD getOne 第 1 次 等待 3 秒
2021-07-28 01:46:32 查询号码 【1869145】，返回信息 {"status":"bad","msg":""}
2021-07-28 01:46:32 查询号码 【1869145】，GSD为【""】
2021-07-28 01:46:32 bad
2021-07-28 01:46:33 CHB 1869145?1627407992 第 1 次 等待 3 秒
2021-07-28 01:46:36 CHB 1869145?1627407992 第 1 次 获取到号码【1869145】GSD
2021-07-28 01:46:36 获取到号码【1869145】的GSD为【陕西-西安】
2021-07-28 01:46:41 GSD insert 第 1 次 等待 3 秒
2021-07-28 01:46:44 {"status":"ok","gid":419432,"msg":"添加成功！"}
2021-07-28 01:46:44 下次操作: 2021-07-28 01:47:00

2021-07-28 01:47:00 开始第 5 次操作

2021-07-28 01:47:00 开始操作号码 【1869144】
2021-07-28 01:47:02 GSD getOne 第 1 次 等待 3 秒
2021-07-28 01:47:05 查询号码 【1869144】，返回信息 {"status":"bad","msg":""}
2021-07-28 01:47:05 查询号码 【1869144】，GSD为【""】
2021-07-28 01:47:05 bad
2021-07-28 01:47:07 CHB 1869144?1627408025 第 1 次 等待 3 秒
2021-07-28 01:47:10 CHB 1869144?1627408025 第 1 次 获取到号码【1869144】GSD
2021-07-28 01:47:10 获取到号码【1869144】的GSD为【陕西-商洛】
2021-07-28 01:47:13 GSD insert 第 1 次 等待 3 秒
2021-07-28 01:47:16 {"status":"ok","gid":419441,"msg":"添加成功！"}
2021-07-28 01:47:16 下次操作: 2021-07-28 01:47:37

2021-07-28 01:47:37 开始第 6 次操作

2021-07-28 01:47:37 开始操作号码 【1869143】
2021-07-28 01:47:40 GSD getOne 第 1 次 等待 3 秒
2021-07-28 01:47:43 查询号码 【1869143】，返回信息 {"status":"bad","msg":""}
2021-07-28 01:47:43 查询号码 【1869143】，GSD为【""】
2021-07-28 01:47:43 bad
2021-07-28 01:47:44 CHB 1869143?1627408063 第 1 次 等待 3 秒
2021-07-28 01:47:47 CHB 1869143?1627408063 第 1 次 获取到号码【1869143】GSD
2021-07-28 01:47:47 获取到号码【1869143】的GSD为【陕西-商洛】
2021-07-28 01:47:50 GSD insert 第 1 次 等待 3 秒
2021-07-28 01:47:53 {"status":"ok","gid":419450,"msg":"添加成功！"}
2021-07-28 01:47:53 下次操作: 2021-07-28 01:48:05

2021-07-28 01:48:05 开始第 7 次操作

2021-07-28 01:48:05 开始操作号码 【1869142】
2021-07-28 01:48:07 GSD getOne 第 1 次 等待 3 秒
2021-07-28 01:48:10 查询号码 【1869142】，返回信息 {"status":"bad","msg":""}
2021-07-28 01:48:11 查询号码 【1869142】，GSD为【""】
2021-07-28 01:48:11 bad
2021-07-28 01:48:12 CHB 1869142?1627408091 第 1 次 等待 3 秒
2021-07-28 01:48:15 CHB 1869142?1627408091 第 1 次 获取到号码【1869142】GSD
2021-07-28 01:48:15 获取到号码【1869142】的GSD为【陕西-商洛】
2021-07-28 01:48:17 GSD insert 第 1 次 等待 3 秒
2021-07-28 01:48:20 {"status":"ok","gid":419458,"msg":"添加成功！"}
2021-07-28 01:48:20 下次操作: 2021-07-28 01:48:42

2021-07-28 01:48:42 开始第 8 次操作

2021-07-28 01:48:42 开始操作号码 【1869141】
2021-07-28 01:48:48 GSD getOne 第 1 次 等待 3 秒
2021-07-28 01:48:51 查询号码 【1869141】，返回信息 {"status":"bad","msg":""}
2021-07-28 01:48:51 查询号码 【1869141】，GSD为【""】
2021-07-28 01:48:51 bad
2021-07-28 01:48:53 CHB 1869141?1627408131 第 1 次 等待 3 秒
2021-07-28 01:48:56 CHB 1869141?1627408131 第 1 次 获取到号码【1869141】GSD
2021-07-28 01:48:56 获取到号码【1869141】的GSD为【陕西-商洛】
2021-07-28 01:49:01 GSD insert 第 1 次 等待 3 秒
2021-07-28 01:49:04 {"status":"ok","gid":419469,"msg":"添加成功！"}
2021-07-28 01:49:04 下次操作: 2021-07-28 01:49:24

2021-07-28 01:49:24 开始第 9 次操作

2021-07-28 01:49:24 开始操作号码 【1869140】
2021-07-28 01:49:27 GSD getOne 第 1 次 等待 3 秒
2021-07-28 01:49:30 查询号码 【1869140】，返回信息 {"status":"bad","msg":""}
2021-07-28 01:49:30 查询号码 【1869140】，GSD为【""】
2021-07-28 01:49:30 bad
2021-07-28 01:49:31 CHB 1869140?1627408170 第 1 次 等待 3 秒
2021-07-28 01:49:34 CHB 1869140?1627408170 第 1 次 获取到号码【1869140】GSD
2021-07-28 01:49:34 获取到号码【1869140】的GSD为【陕西-商洛】
2021-07-28 01:49:38 GSD insert 第 1 次 等待 3 秒
2021-07-28 01:49:41 {"status":"ok","gid":419481,"msg":"添加成功！"}
2021-07-28 01:49:41 下次操作: 2021-07-28 01:49:58

2021-07-28 01:49:58 开始第 10 次操作

2021-07-28 01:49:58 开始操作号码 【1869139】
2021-07-28 01:50:00 GSD getOne 第 1 次 等待 3 秒
2021-07-28 01:50:03 查询号码 【1869139】，返回信息 {"status":"bad","msg":""}
2021-07-28 01:50:03 查询号码 【1869139】，GSD为【""】
2021-07-28 01:50:03 bad
2021-07-28 01:50:05 CHB 1869139?1627408203 第 1 次 等待 3 秒
2021-07-28 01:50:08 CHB 1869139?1627408203 第 1 次 获取到号码【1869139】GSD
2021-07-28 01:50:08 获取到号码【1869139】的GSD为【陕西-渭南】
2021-07-28 01:50:12 GSD insert 第 1 次 等待 3 秒
2021-07-28 01:50:15 {"status":"ok","gid":419490,"msg":"添加成功！"}
2021-07-28 01:50:15 下次操作: 2021-07-28 01:50:33

2021-07-28 01:50:33 开始第 11 次操作

2021-07-28 01:50:33 开始操作号码 【1869138】
2021-07-28 01:50:36 GSD getOne 第 1 次 等待 3 秒
2021-07-28 01:50:39 查询号码 【1869138】，返回信息 {"status":"ok","msg":"陕西-渭南","gid":"41442","time_insert":"2015-11-02 08:55","time_update":"2020-12-10 07:10"}
2021-07-28 01:50:39 查询号码 【1869138】，GSD为【"陕西-渭南"】

2021-07-28 01:50:39 开始第 11 次操作

2021-07-28 01:50:39 开始操作号码 【1869137】
2021-07-28 01:50:42 GSD getOne 第 1 次 等待 3 秒
2021-07-28 01:50:45 查询号码 【1869137】，返回信息 {"status":"bad","msg":""}
2021-07-28 01:50:45 查询号码 【1869137】，GSD为【""】
2021-07-28 01:50:45 bad
2021-07-28 01:50:46 CHB 1869137?1627408245 第 1 次 等待 3 秒
2021-07-28 01:50:49 CHB 1869137?1627408245 第 1 次 获取到号码【1869137】GSD
2021-07-28 01:50:49 获取到号码【1869137】的GSD为【陕西-渭南】
2021-07-28 01:50:52 GSD insert 第 1 次 等待 3 秒
2021-07-28 01:50:55 {"status":"ok","gid":419500,"msg":"添加成功！"}
2021-07-28 01:50:55 下次操作: 2021-07-28 01:51:15

2021-07-28 01:51:15 开始第 12 次操作

2021-07-28 01:51:15 开始操作号码 【1869136】
2021-07-28 01:51:17 GSD getOne 第 1 次 等待 3 秒
2021-07-28 01:51:20 查询号码 【1869136】，返回信息 {"status":"bad","msg":""}
2021-07-28 01:51:21 查询号码 【1869136】，GSD为【""】
2021-07-28 01:51:21 bad
2021-07-28 01:51:22 CHB 1869136?1627408281 第 1 次 等待 3 秒
2021-07-28 01:51:25 CHB 1869136?1627408281 第 1 次 获取到号码【1869136】GSD
2021-07-28 01:51:25 获取到号码【1869136】的GSD为【陕西-渭南】
2021-07-28 01:51:32 GSD insert 第 1 次 等待 3 秒
2021-07-28 01:51:35 {"status":"ok","gid":419508,"msg":"添加成功！"}
2021-07-28 01:51:35 下次操作: 2021-07-28 01:51:48

2021-07-28 01:51:48 开始第 13 次操作

2021-07-28 01:51:48 开始操作号码 【1869135】
2021-07-28 01:51:52 GSD getOne 第 1 次 等待 3 秒
2021-07-28 01:51:55 查询号码 【1869135】，返回信息 {"status":"bad","msg":""}
2021-07-28 01:51:55 查询号码 【1869135】，GSD为【""】
2021-07-28 01:51:55 bad
2021-07-28 01:51:56 CHB 1869135?1627408315 第 1 次 等待 3 秒
2021-07-28 01:51:59 CHB 1869135?1627408315 第 1 次 获取到号码【1869135】GSD
2021-07-28 01:51:59 获取到号码【1869135】的GSD为【陕西-渭南】
2021-07-28 01:52:02 GSD insert 第 1 次 等待 3 秒
2021-07-28 01:52:05 {"status":"ok","gid":419515,"msg":"添加成功！"}
2021-07-28 01:52:05 下次操作: 2021-07-28 01:52:26

2021-07-28 01:52:26 开始第 14 次操作

2021-07-28 01:52:26 开始操作号码 【1869134】
2021-07-28 01:52:28 GSD getOne 第 1 次 等待 3 秒
2021-07-28 01:52:31 查询号码 【1869134】，返回信息 {"status":"bad","msg":""}
2021-07-28 01:52:31 查询号码 【1869134】，GSD为【""】
2021-07-28 01:52:31 bad
2021-07-28 01:52:33 CHB 1869134?1627408351 第 1 次 等待 3 秒
2021-07-28 01:52:36 CHB 1869134?1627408351 第 1 次 获取到号码【1869134】GSD
2021-07-28 01:52:36 获取到号码【1869134】的GSD为【陕西-渭南】
2021-07-28 01:52:39 GSD insert 第 1 次 等待 3 秒
2021-07-28 01:52:42 {"status":"ok","gid":419525,"msg":"添加成功！"}
2021-07-28 01:52:42 下次操作: 2021-07-28 01:53:05

2021-07-28 01:53:05 开始第 15 次操作

2021-07-28 01:53:05 开始操作号码 【1869133】
2021-07-28 01:53:07 GSD getOne 第 1 次 等待 3 秒
2021-07-28 01:53:10 查询号码 【1869133】，返回信息 {"status":"bad","msg":""}
2021-07-28 01:53:10 查询号码 【1869133】，GSD为【""】
2021-07-28 01:53:10 bad
2021-07-28 01:53:12 CHB 1869133?1627408390 第 1 次 等待 3 秒
2021-07-28 01:53:15 CHB 1869133?1627408390 第 1 次 获取到号码【1869133】GSD
2021-07-28 01:53:15 获取到号码【1869133】的GSD为【陕西-渭南】
2021-07-28 01:53:23 GSD insert 第 1 次 等待 3 秒
2021-07-28 01:53:26 {"status":"ok","gid":419534,"msg":"添加成功！"}
2021-07-28 01:53:26 下次操作: 2021-07-28 01:53:43

2021-07-28 01:53:43 开始第 16 次操作

2021-07-28 01:53:43 开始操作号码 【1869132】
2021-07-28 01:53:45 GSD getOne 第 1 次 等待 3 秒
2021-07-28 01:53:48 查询号码 【1869132】，返回信息 {"status":"bad","msg":""}
2021-07-28 01:53:48 查询号码 【1869132】，GSD为【""】
2021-07-28 01:53:48 bad
2021-07-28 01:53:50 CHB 1869132?1627408428 第 1 次 等待 3 秒
2021-07-28 01:53:53 CHB 1869132?1627408428 第 1 次 获取到号码【1869132】GSD
2021-07-28 01:53:53 获取到号码【1869132】的GSD为【陕西-渭南】
2021-07-28 01:53:56 GSD insert 第 1 次 等待 3 秒
2021-07-28 01:53:59 {"status":"ok","gid":419544,"msg":"添加成功！"}
2021-07-28 01:53:59 下次操作: 2021-07-28 01:54:21

2021-07-28 01:54:21 开始第 17 次操作

2021-07-28 01:54:21 开始操作号码 【1869131】
2021-07-28 01:54:24 GSD getOne 第 1 次 等待 3 秒
2021-07-28 01:54:27 查询号码 【1869131】，返回信息 {"status":"ok","msg":"陕西-渭南","gid":"41441","time_insert":"2017-02-04 21:42","time_update":"2020-12-10 12:37"}
2021-07-28 01:54:27 查询号码 【1869131】，GSD为【"陕西-渭南"】

2021-07-28 01:54:27 开始第 17 次操作

2021-07-28 01:54:27 开始操作号码 【1869130】
2021-07-28 01:54:30 GSD getOne 第 1 次 等待 3 秒
2021-07-28 01:54:33 查询号码 【1869130】，返回信息 {"status":"bad","msg":""}
2021-07-28 01:54:33 查询号码 【1869130】，GSD为【""】
2021-07-28 01:54:33 bad
2021-07-28 01:54:34 CHB 1869130?1627408473 第 1 次 等待 3 秒
2021-07-28 01:54:37 CHB 1869130?1627408473 第 1 次 获取到号码【1869130】GSD
2021-07-28 01:54:37 获取到号码【1869130】的GSD为【陕西-渭南】
2021-07-28 01:54:40 GSD insert 第 1 次 等待 3 秒
2021-07-28 01:54:43 {"status":"ok","gid":419555,"msg":"添加成功！"}
2021-07-28 01:54:43 下次操作: 2021-07-28 01:54:58

2021-07-28 01:54:58 开始第 18 次操作

2021-07-28 01:54:58 开始操作号码 【1869129】
2021-07-28 01:55:00 GSD getOne 第 1 次 等待 3 秒
2021-07-28 01:55:03 查询号码 【1869129】，返回信息 {"status":"bad","msg":""}
2021-07-28 01:55:04 查询号码 【1869129】，GSD为【""】
2021-07-28 01:55:04 bad
2021-07-28 01:55:05 CHB 1869129?1627408504 第 1 次 等待 3 秒
2021-07-28 01:55:08 CHB 1869129?1627408504 第 1 次 获取到号码【1869129】GSD
2021-07-28 01:55:08 获取到号码【1869129】的GSD为【陕西-榆林】
2021-07-28 01:55:10 GSD insert 第 1 次 等待 3 秒
2021-07-28 01:55:13 {"status":"ok","gid":419562,"msg":"添加成功！"}
2021-07-28 01:55:13 下次操作: 2021-07-28 01:55:30

2021-07-28 01:55:30 开始第 19 次操作

2021-07-28 01:55:30 开始操作号码 【1869128】
2021-07-28 01:55:33 GSD getOne 第 1 次 等待 3 秒
2021-07-28 01:55:36 查询号码 【1869128】，返回信息 {"status":"bad","msg":""}
2021-07-28 01:55:36 查询号码 【1869128】，GSD为【""】
2021-07-28 01:55:36 bad
2021-07-28 01:55:38 CHB 1869128?1627408536 第 1 次 等待 3 秒
2021-07-28 01:55:41 CHB 1869128?1627408536 第 1 次 获取到号码【1869128】GSD
2021-07-28 01:55:41 获取到号码【1869128】的GSD为【陕西-榆林】
2021-07-28 01:55:43 GSD insert 第 1 次 等待 3 秒
2021-07-28 01:55:46 {"status":"ok","gid":419571,"msg":"添加成功！"}
2021-07-28 01:55:46 下次操作: 2021-07-28 01:56:07

2021-07-28 01:56:07 开始第 20 次操作

2021-07-28 01:56:07 开始操作号码 【1869127】
2021-07-28 01:56:10 GSD getOne 第 1 次 等待 3 秒
2021-07-28 01:56:13 查询号码 【1869127】，返回信息 {"status":"bad","msg":""}
2021-07-28 01:56:13 查询号码 【1869127】，GSD为【""】
2021-07-28 01:56:13 bad
2021-07-28 01:56:14 CHB 1869127?1627408573 第 1 次 等待 3 秒
2021-07-28 01:56:17 CHB 1869127?1627408573 第 1 次 获取到号码【1869127】GSD
2021-07-28 01:56:17 获取到号码【1869127】的GSD为【陕西-榆林】
2021-07-28 01:56:20 GSD insert 第 1 次 等待 3 秒
2021-07-28 01:56:23 {"status":"ok","gid":419581,"msg":"添加成功！"}
2021-07-28 01:56:23 下次操作: 2021-07-28 01:56:44

2021-07-28 01:56:44 开始第 21 次操作

2021-07-28 01:56:44 开始操作号码 【1869126】
2021-07-28 01:56:50 GSD getOne 第 1 次 等待 3 秒
2021-07-28 01:56:53 查询号码 【1869126】，返回信息 {"status":"bad","msg":""}
2021-07-28 01:56:53 查询号码 【1869126】，GSD为【""】
2021-07-28 01:56:53 bad
2021-07-28 01:56:55 CHB 1869126?1627408613 第 1 次 等待 3 秒
2021-07-28 01:56:58 CHB 1869126?1627408613 第 1 次 获取到号码【1869126】GSD
2021-07-28 01:56:58 获取到号码【1869126】的GSD为【陕西-榆林】
2021-07-28 01:57:00 GSD insert 第 1 次 等待 3 秒
2021-07-28 01:57:03 {"status":"ok","gid":419590,"msg":"添加成功！"}
2021-07-28 01:57:03 下次操作: 2021-07-28 01:57:15

2021-07-28 01:57:15 开始第 22 次操作

2021-07-28 01:57:15 开始操作号码 【1869125】
2021-07-28 01:57:18 GSD getOne 第 1 次 等待 3 秒
2021-07-28 01:57:21 查询号码 【1869125】，返回信息 {"status":"bad","msg":""}
2021-07-28 01:57:21 查询号码 【1869125】，GSD为【""】
2021-07-28 01:57:21 bad
2021-07-28 01:57:22 CHB 1869125?1627408641 第 1 次 等待 3 秒
2021-07-28 01:57:25 CHB 1869125?1627408641 第 1 次 获取到号码【1869125】GSD
2021-07-28 01:57:25 获取到号码【1869125】的GSD为【陕西-榆林】
2021-07-28 01:57:28 GSD insert 第 1 次 等待 3 秒
2021-07-28 01:57:31 {"status":"ok","gid":419596,"msg":"添加成功！"}
2021-07-28 01:57:31 下次操作: 2021-07-28 01:57:45

2021-07-28 01:57:45 开始第 23 次操作

2021-07-28 01:57:45 开始操作号码 【1869124】
2021-07-28 01:57:47 GSD getOne 第 1 次 等待 3 秒
2021-07-28 01:57:50 查询号码 【1869124】，返回信息 {"status":"bad","msg":""}
2021-07-28 01:57:51 查询号码 【1869124】，GSD为【""】
2021-07-28 01:57:51 bad
2021-07-28 01:57:52 CHB 1869124?1627408671 第 1 次 等待 3 秒
2021-07-28 01:57:55 CHB 1869124?1627408671 第 1 次 获取到号码【1869124】GSD
2021-07-28 01:57:55 获取到号码【1869124】的GSD为【陕西-榆林】
2021-07-28 01:57:58 GSD insert 第 1 次 等待 3 秒
2021-07-28 01:58:01 {"status":"ok","gid":419601,"msg":"添加成功！"}
2021-07-28 01:58:01 下次操作: 2021-07-28 01:58:25

2021-07-28 01:58:25 开始第 24 次操作

2021-07-28 01:58:25 开始操作号码 【1869123】
2021-07-28 01:58:27 GSD getOne 第 1 次 等待 3 秒
2021-07-28 01:58:30 查询号码 【1869123】，返回信息 {"status":"bad","msg":""}
2021-07-28 01:58:30 查询号码 【1869123】，GSD为【""】
2021-07-28 01:58:30 bad
2021-07-28 01:58:32 CHB 1869123?1627408710 第 1 次 等待 3 秒
2021-07-28 01:58:35 CHB 1869123?1627408710 第 1 次 获取到号码【1869123】GSD
2021-07-28 01:58:35 获取到号码【1869123】的GSD为【陕西-榆林】
2021-07-28 01:58:37 GSD insert 第 1 次 等待 3 秒
2021-07-28 01:58:40 {"status":"ok","gid":419614,"msg":"添加成功！"}
2021-07-28 01:58:40 下次操作: 2021-07-28 01:59:02

2021-07-28 01:59:02 开始第 25 次操作

2021-07-28 01:59:02 开始操作号码 【1869122】
2021-07-28 01:59:06 GSD getOne 第 1 次 等待 3 秒
2021-07-28 01:59:09 查询号码 【1869122】，返回信息 {"status":"bad","msg":""}
2021-07-28 01:59:09 查询号码 【1869122】，GSD为【""】
2021-07-28 01:59:09 bad
2021-07-28 01:59:10 CHB 1869122?1627408749 第 1 次 等待 3 秒
2021-07-28 01:59:13 CHB 1869122?1627408749 第 1 次 获取到号码【1869122】GSD
2021-07-28 01:59:13 获取到号码【1869122】的GSD为【陕西-榆林】
2021-07-28 01:59:17 GSD insert 第 1 次 等待 3 秒
2021-07-28 01:59:20 {"status":"ok","gid":419625,"msg":"添加成功！"}
2021-07-28 01:59:20 下次操作: 2021-07-28 01:59:38

2021-07-28 01:59:38 开始第 26 次操作

2021-07-28 01:59:38 开始操作号码 【1869121】
2021-07-28 01:59:40 GSD getOne 第 1 次 等待 3 秒
2021-07-28 01:59:43 查询号码 【1869121】，返回信息 {"status":"bad","msg":""}
2021-07-28 01:59:44 查询号码 【1869121】，GSD为【""】
2021-07-28 01:59:44 bad
2021-07-28 01:59:45 CHB 1869121?1627408784 第 1 次 等待 3 秒
2021-07-28 01:59:48 CHB 1869121?1627408784 第 1 次 获取到号码【1869121】GSD
2021-07-28 01:59:48 获取到号码【1869121】的GSD为【陕西-榆林】
2021-07-28 01:59:51 GSD insert 第 1 次 等待 3 秒
2021-07-28 01:59:54 {"status":"ok","gid":419633,"msg":"添加成功！"}
2021-07-28 01:59:54 下次操作: 2021-07-28 02:00:14

2021-07-28 02:00:14 开始第 27 次操作

2021-07-28 02:00:14 开始操作号码 【1869120】
2021-07-28 02:00:16 GSD getOne 第 1 次 等待 3 秒
2021-07-28 02:00:19 查询号码 【1869120】，返回信息 {"status":"bad","msg":""}
2021-07-28 02:00:19 查询号码 【1869120】，GSD为【""】
2021-07-28 02:00:19 bad
2021-07-28 02:00:21 CHB 1869120?1627408819 第 1 次 等待 3 秒
2021-07-28 02:00:24 CHB 1869120?1627408819 第 1 次 获取到号码【1869120】GSD
2021-07-28 02:00:24 获取到号码【1869120】的GSD为【陕西-榆林】
2021-07-28 02:00:26 GSD insert 第 1 次 等待 3 秒
2021-07-28 02:00:29 {"status":"ok","gid":419641,"msg":"添加成功！"}
2021-07-28 02:00:29 下次操作: 2021-07-28 02:00:43

2021-07-28 02:00:43 开始第 28 次操作

2021-07-28 02:00:43 开始操作号码 【1869119】
2021-07-28 02:00:46 GSD getOne 第 1 次 等待 3 秒
2021-07-28 02:00:49 查询号码 【1869119】，返回信息 {"status":"bad","msg":""}
2021-07-28 02:00:49 查询号码 【1869119】，GSD为【""】
2021-07-28 02:00:49 bad
2021-07-28 02:00:50 CHB 1869119?1627408849 第 1 次 等待 3 秒
2021-07-28 02:00:53 CHB 1869119?1627408849 第 1 次 获取到号码【1869119】GSD
2021-07-28 02:00:53 获取到号码【1869119】的GSD为【陕西-延安】
2021-07-28 02:00:56 GSD insert 第 1 次 等待 3 秒
2021-07-28 02:00:59 {"status":"ok","gid":419649,"msg":"添加成功！"}
2021-07-28 02:00:59 下次操作: 2021-07-28 02:01:11

2021-07-28 02:01:11 开始第 29 次操作

2021-07-28 02:01:11 开始操作号码 【1869118】
2021-07-28 02:01:13 GSD getOne 第 1 次 等待 3 秒
2021-07-28 02:01:16 查询号码 【1869118】，返回信息 {"status":"bad","msg":""}
2021-07-28 02:01:17 查询号码 【1869118】，GSD为【""】
2021-07-28 02:01:17 bad
2021-07-28 02:01:18 CHB 1869118?1627408877 第 1 次 等待 3 秒
2021-07-28 02:01:21 CHB 1869118?1627408877 第 1 次 获取到号码【1869118】GSD
2021-07-28 02:01:21 获取到号码【1869118】的GSD为【陕西-延安】
2021-07-28 02:01:24 GSD insert 第 1 次 等待 3 秒
2021-07-28 02:01:27 {"status":"ok","gid":419655,"msg":"添加成功！"}
2021-07-28 02:01:27 下次操作: 2021-07-28 02:01:44

2021-07-28 02:01:44 开始第 30 次操作

2021-07-28 02:01:44 开始操作号码 【1869117】
2021-07-28 02:01:46 GSD getOne 第 1 次 等待 3 秒
2021-07-28 02:01:49 查询号码 【1869117】，返回信息 {"status":"bad","msg":""}
2021-07-28 02:01:49 查询号码 【1869117】，GSD为【""】
2021-07-28 02:01:49 bad
2021-07-28 02:01:51 CHB 1869117?1627408909 第 1 次 等待 3 秒
2021-07-28 02:01:54 CHB 1869117?1627408909 第 1 次 获取到号码【1869117】GSD
2021-07-28 02:01:54 获取到号码【1869117】的GSD为【陕西-延安】
2021-07-28 02:01:56 GSD insert 第 1 次 等待 3 秒
2021-07-28 02:01:59 {"status":"ok","gid":419663,"msg":"添加成功！"}
2021-07-28 02:01:59 下次操作: 2021-07-28 02:02:15

2021-07-28 02:02:15 开始第 31 次操作

2021-07-28 02:02:15 开始操作号码 【1869116】
2021-07-28 02:02:18 GSD getOne 第 1 次 等待 3 秒
2021-07-28 02:02:21 查询号码 【1869116】，返回信息 {"status":"bad","msg":""}
2021-07-28 02:02:21 查询号码 【1869116】，GSD为【""】
2021-07-28 02:02:21 bad
2021-07-28 02:02:22 CHB 1869116?1627408941 第 1 次 等待 3 秒
2021-07-28 02:02:25 CHB 1869116?1627408941 第 1 次 获取到号码【1869116】GSD
2021-07-28 02:02:25 获取到号码【1869116】的GSD为【陕西-延安】
2021-07-28 02:02:28 GSD insert 第 1 次 等待 3 秒
2021-07-28 02:02:31 {"status":"ok","gid":419670,"msg":"添加成功！"}
2021-07-28 02:02:31 下次操作: 2021-07-28 02:02:44

2021-07-28 02:02:44 开始第 32 次操作

2021-07-28 02:02:44 开始操作号码 【1869115】
2021-07-28 02:02:47 GSD getOne 第 1 次 等待 3 秒
2021-07-28 02:02:50 查询号码 【1869115】，返回信息 {"status":"bad","msg":""}
2021-07-28 02:02:50 查询号码 【1869115】，GSD为【""】
2021-07-28 02:02:50 bad
2021-07-28 02:02:51 CHB 1869115?1627408970 第 1 次 等待 3 秒
2021-07-28 02:02:54 CHB 1869115?1627408970 第 1 次 获取到号码【1869115】GSD
2021-07-28 02:02:54 获取到号码【1869115】的GSD为【陕西-延安】
2021-07-28 02:02:57 GSD insert 第 1 次 等待 3 秒
2021-07-28 02:03:00 {"status":"ok","gid":419679,"msg":"添加成功！"}
2021-07-28 02:03:00 下次操作: 2021-07-28 02:03:21

2021-07-28 02:03:21 开始第 33 次操作

2021-07-28 02:03:21 开始操作号码 【1869114】
2021-07-28 02:03:23 GSD getOne 第 1 次 等待 3 秒
2021-07-28 02:03:26 查询号码 【1869114】，返回信息 {"status":"bad","msg":""}
2021-07-28 02:03:26 查询号码 【1869114】，GSD为【""】
2021-07-28 02:03:26 bad
2021-07-28 02:03:28 CHB 1869114?1627409006 第 1 次 等待 3 秒
2021-07-28 02:03:31 CHB 1869114?1627409006 第 1 次 获取到号码【1869114】GSD
2021-07-28 02:03:31 获取到号码【1869114】的GSD为【陕西-延安】
2021-07-28 02:03:34 GSD insert 第 1 次 等待 3 秒
2021-07-28 02:03:37 {"status":"ok","gid":419691,"msg":"添加成功！"}
2021-07-28 02:03:37 下次操作: 2021-07-28 02:03:52

2021-07-28 02:03:52 开始第 34 次操作

2021-07-28 02:03:52 开始操作号码 【1869113】
2021-07-28 02:03:54 GSD getOne 第 1 次 等待 3 秒
2021-07-28 02:03:57 查询号码 【1869113】，返回信息 {"status":"bad","msg":""}
2021-07-28 02:03:57 查询号码 【1869113】，GSD为【""】
2021-07-28 02:03:57 bad
2021-07-28 02:03:59 CHB 1869113?1627409037 第 1 次 等待 3 秒
2021-07-28 02:04:02 CHB 1869113?1627409037 第 1 次 获取到号码【1869113】GSD
2021-07-28 02:04:02 获取到号码【1869113】的GSD为【陕西-延安】
2021-07-28 02:04:18 GSD insert 第 1 次 等待 3 秒
2021-07-28 02:04:21 {"status":"ok","gid":419698,"msg":"添加成功！"}
2021-07-28 02:04:21 下次操作: 2021-07-28 02:04:37

2021-07-28 02:04:37 开始第 35 次操作

2021-07-28 02:04:37 开始操作号码 【1869112】
2021-07-28 02:04:41 GSD getOne 第 1 次 等待 3 秒
2021-07-28 02:04:44 查询号码 【1869112】，返回信息 {"status":"bad","msg":""}
2021-07-28 02:04:44 查询号码 【1869112】，GSD为【""】
2021-07-28 02:04:44 bad
2021-07-28 02:04:46 CHB 1869112?1627409084 第 1 次 等待 3 秒
2021-07-28 02:04:49 CHB 1869112?1627409084 第 1 次 获取到号码【1869112】GSD
2021-07-28 02:04:49 获取到号码【1869112】的GSD为【陕西-延安】
2021-07-28 02:04:51 GSD insert 第 1 次 等待 3 秒
2021-07-28 02:04:54 {"status":"ok","gid":419704,"msg":"添加成功！"}
2021-07-28 02:04:54 下次操作: 2021-07-28 02:05:10

2021-07-28 02:05:10 开始第 36 次操作

2021-07-28 02:05:10 开始操作号码 【1869111】
2021-07-28 02:05:13 GSD getOne 第 1 次 等待 3 秒
2021-07-28 02:05:16 查询号码 【1869111】，返回信息 {"status":"bad","msg":""}
2021-07-28 02:05:16 查询号码 【1869111】，GSD为【""】
2021-07-28 02:05:16 bad
2021-07-28 02:05:17 CHB 1869111?1627409116 第 1 次 等待 3 秒
2021-07-28 02:05:20 CHB 1869111?1627409116 第 1 次 获取到号码【1869111】GSD
2021-07-28 02:05:20 获取到号码【1869111】的GSD为【陕西-延安】
2021-07-28 02:05:23 GSD insert 第 1 次 等待 3 秒
2021-07-28 02:05:26 {"status":"ok","gid":419710,"msg":"添加成功！"}
2021-07-28 02:05:26 下次操作: 2021-07-28 02:05:38

2021-07-28 02:05:38 开始第 37 次操作

2021-07-28 02:05:38 开始操作号码 【1869110】
2021-07-28 02:05:41 GSD getOne 第 1 次 等待 3 秒
2021-07-28 02:05:44 查询号码 【1869110】，返回信息 {"status":"bad","msg":""}
2021-07-28 02:05:44 查询号码 【1869110】，GSD为【""】
2021-07-28 02:05:44 bad
2021-07-28 02:05:45 CHB 1869110?1627409144 第 1 次 等待 3 秒
2021-07-28 02:05:48 CHB 1869110?1627409144 第 1 次 获取到号码【1869110】GSD
2021-07-28 02:05:48 获取到号码【1869110】的GSD为【陕西-延安】
2021-07-28 02:05:51 GSD insert 第 1 次 等待 3 秒
2021-07-28 02:05:54 {"status":"ok","gid":419719,"msg":"添加成功！"}
2021-07-28 02:05:54 下次操作: 2021-07-28 02:06:16

2021-07-28 02:06:16 开始第 38 次操作

2021-07-28 02:06:16 开始操作号码 【1869109】
2021-07-28 02:06:18 GSD getOne 第 1 次 等待 3 秒
2021-07-28 02:06:22 查询号码 【1869109】，返回信息 {"status":"bad","msg":""}
2021-07-28 02:06:22 查询号码 【1869109】，GSD为【""】
2021-07-28 02:06:22 bad
2021-07-28 02:06:23 CHB 1869109?1627409182 第 1 次 等待 3 秒
2021-07-28 02:06:26 CHB 1869109?1627409182 第 1 次 获取到号码【1869109】GSD
2021-07-28 02:06:26 获取到号码【1869109】的GSD为【陕西-咸阳】
2021-07-28 02:06:29 GSD insert 第 1 次 等待 3 秒
2021-07-28 02:06:32 {"status":"ok","gid":419729,"msg":"添加成功！"}
2021-07-28 02:06:32 下次操作: 2021-07-28 02:06:46

2021-07-28 02:06:46 开始第 39 次操作

2021-07-28 02:06:46 开始操作号码 【1869108】
2021-07-28 02:06:50 GSD getOne 第 1 次 等待 3 秒
2021-07-28 02:06:53 查询号码 【1869108】，返回信息 {"status":"bad","msg":""}
2021-07-28 02:06:53 查询号码 【1869108】，GSD为【""】
2021-07-28 02:06:53 bad
2021-07-28 02:06:55 CHB 1869108?1627409213 第 1 次 等待 3 秒
2021-07-28 02:06:58 CHB 1869108?1627409213 第 1 次 获取到号码【1869108】GSD
2021-07-28 02:06:58 获取到号码【1869108】的GSD为【陕西-咸阳】
2021-07-28 02:07:01 GSD insert 第 1 次 等待 3 秒
2021-07-28 02:07:04 {"status":"ok","gid":419737,"msg":"添加成功！"}
2021-07-28 02:07:04 下次操作: 2021-07-28 02:07:26

2021-07-28 02:07:26 开始第 40 次操作

2021-07-28 02:07:26 开始操作号码 【1869107】
2021-07-28 02:07:31 GSD getOne 第 1 次 等待 3 秒
2021-07-28 02:07:34 查询号码 【1869107】，返回信息 {"status":"bad","msg":""}
2021-07-28 02:07:34 查询号码 【1869107】，GSD为【""】
2021-07-28 02:07:34 bad
2021-07-28 02:07:35 CHB 1869107?1627409254 第 1 次 等待 3 秒
2021-07-28 02:07:38 CHB 1869107?1627409254 第 1 次 获取到号码【1869107】GSD
2021-07-28 02:07:38 获取到号码【1869107】的GSD为【陕西-咸阳】
2021-07-28 02:07:41 GSD insert 第 1 次 等待 3 秒
2021-07-28 02:07:44 {"status":"ok","gid":419746,"msg":"添加成功！"}

