2024-04-12 00:19:14 开始第 3181 次操作

2024-04-12 00:19:14 开始操作号码 【1603083】
2024-04-12 00:19:21 GSD getOne 第 1 次 等待 3 秒
2024-04-12 00:19:24 查询号码 【1603083】，返回信息 {"status":"ok","msg":"-","gid":"576160","time_insert":"2023-03-07 18:52"}
2024-04-12 00:19:24 查询号码 【1603083】，GSD为【"-"】
2024-04-12 00:19:24 ok && -
2024-04-12 00:19:31 CHB 1603083?1712852364 第 1 次 等待 3 秒
2024-04-12 00:19:34 CHB 1603083?1712852364 第 1 次 获取到号码【1603083】GSD
2024-04-12 00:19:34 未获取到号码【1603083】GSD，可能号码格式错误
2024-04-12 00:19:34 获取到号码【1603083】的GSD为【-】
2024-04-12 00:19:44 GSD insert 第 1 次 等待 3 秒
2024-04-12 00:19:47 {"status":"bad","gid":"576160","msg":"添加失败！号码【1603083(-|-)】已存在！"}
2024-04-12 00:19:47 随机等待 110 秒，约 1 分钟
2024-04-12 00:19:47 下次操作: 2024-04-12 00:21:37

2024-04-12 00:21:37 开始第 3182 次操作

2024-04-12 00:21:37 开始操作号码 【1603084】
2024-04-12 00:21:45 GSD getOne 第 1 次 等待 3 秒
2024-04-12 00:21:48 查询号码 【1603084】，返回信息 {"status":"ok","msg":"-","gid":"576179","time_insert":"2023-03-07 19:11"}
2024-04-12 00:21:48 查询号码 【1603084】，GSD为【"-"】
2024-04-12 00:21:48 ok && -
2024-04-12 00:21:50 CHB 1603084?1712852508 第 1 次 等待 3 秒
2024-04-12 00:21:53 CHB 1603084?1712852508 第 1 次 获取到号码【1603084】GSD
2024-04-12 00:21:53 未获取到号码【1603084】GSD，可能号码格式错误
2024-04-12 00:21:53 获取到号码【1603084】的GSD为【-】
2024-04-12 00:21:59 GSD insert 第 1 次 等待 3 秒
2024-04-12 00:22:02 {"status":"bad","gid":"576179","msg":"添加失败！号码【1603084(-|-)】已存在！"}
2024-04-12 00:22:02 随机等待 110 秒，约 1 分钟
2024-04-12 00:22:02 下次操作: 2024-04-12 00:23:52

2024-04-12 00:23:52 开始第 3183 次操作

2024-04-12 00:23:52 开始操作号码 【1603085】
2024-04-12 00:23:59 GSD getOne 第 1 次 等待 3 秒
2024-04-12 00:24:02 查询号码 【1603085】，返回信息 {"status":"ok","msg":"-","gid":"576201","time_insert":"2023-03-07 19:25"}
2024-04-12 00:24:02 查询号码 【1603085】，GSD为【"-"】
2024-04-12 00:24:02 ok && -
2024-04-12 00:24:04 CHB 1603085?1712852642 第 1 次 等待 3 秒
2024-04-12 00:24:07 CHB 1603085?1712852642 第 1 次 获取到号码【1603085】GSD
2024-04-12 00:24:07 未获取到号码【1603085】GSD，可能号码格式错误
2024-04-12 00:24:07 获取到号码【1603085】的GSD为【-】
2024-04-12 00:24:14 GSD insert 第 1 次 等待 3 秒
2024-04-12 00:24:17 {"status":"bad","gid":"576201","msg":"添加失败！号码【1603085(-|-)】已存在！"}
2024-04-12 00:24:17 随机等待 174 秒，约 2 分钟
2024-04-12 00:24:17 下次操作: 2024-04-12 00:27:11

2024-04-12 00:27:11 开始第 3184 次操作

2024-04-12 00:27:11 开始操作号码 【1603086】
2024-04-12 00:27:16 GSD getOne 第 1 次 等待 3 秒
2024-04-12 00:27:19 查询号码 【1603086】，返回信息 {"status":"ok","msg":"-","gid":"576215","time_insert":"2023-03-07 19:35"}
2024-04-12 00:27:19 查询号码 【1603086】，GSD为【"-"】
2024-04-12 00:27:19 ok && -
2024-04-12 00:27:22 CHB 1603086?1712852839 第 1 次 等待 3 秒
2024-04-12 00:27:25 CHB 1603086?1712852839 第 1 次 获取到号码【1603086】GSD
2024-04-12 00:27:25 未获取到号码【1603086】GSD，可能号码格式错误
2024-04-12 00:27:25 获取到号码【1603086】的GSD为【-】
2024-04-12 00:27:30 GSD insert 第 1 次 等待 3 秒
2024-04-12 00:27:33 {"status":"bad","gid":"576215","msg":"添加失败！号码【1603086(-|-)】已存在！"}

