2023-12-18 00:20:08 开始第 3749 次操作

2023-12-18 00:20:08 开始操作号码 【1823651】
2023-12-18 00:20:12 GSD getOne 第 1 次 等待 3 秒
2023-12-18 00:20:15 查询号码 【1823651】，返回信息 {"status":"ok","msg":"河南-开封","gid":"35579","time_insert":"2016-06-03 08:09","time_update":"2020-09-14 14:03"}
2023-12-18 00:20:15 查询号码 【1823651】，GSD为【"河南-开封"】

2023-12-18 00:20:16 开始第 3750 次操作

2023-12-18 00:20:16 开始操作号码 【1823652】
2023-12-18 00:20:23 GSD getOne 第 1 次 等待 3 秒
2023-12-18 00:20:26 查询号码 【1823652】，返回信息 {"status":"ok","msg":"河南-开封","gid":"449999","time_insert":"2021-07-31 00:10"}
2023-12-18 00:20:26 查询号码 【1823652】，GSD为【"河南-开封"】

2023-12-18 00:20:27 开始第 3751 次操作

2023-12-18 00:20:27 开始操作号码 【1823653】
2023-12-18 00:20:33 GSD getOne 第 1 次 等待 3 秒
2023-12-18 00:20:36 查询号码 【1823653】，返回信息 {"status":"ok","msg":"河南-开封","gid":"449990","time_insert":"2021-07-31 00:09"}
2023-12-18 00:20:36 查询号码 【1823653】，GSD为【"河南-开封"】

2023-12-18 00:20:37 开始第 3752 次操作

2023-12-18 00:20:37 开始操作号码 【1823654】
2023-12-18 00:20:41 GSD getOne 第 1 次 等待 3 秒
2023-12-18 00:20:44 查询号码 【1823654】，返回信息 {"status":"ok","msg":"河南-开封","gid":"52518","time_insert":"2021-04-26 10:30"}
2023-12-18 00:20:44 查询号码 【1823654】，GSD为【"河南-开封"】

2023-12-18 00:39:52 开始第 3753 次操作

2023-12-18 00:39:52 开始操作号码 【1823655】
2023-12-18 00:39:56 GSD getOne 第 1 次 等待 3 秒
2023-12-18 00:39:59 查询号码 【1823655】，返回信息 {"status":"ok","msg":"河南-开封","gid":"449976","time_insert":"2021-07-31 00:08"}
2023-12-18 00:39:59 查询号码 【1823655】，GSD为【"河南-开封"】

2023-12-18 00:40:00 开始第 3754 次操作

2023-12-18 00:40:00 开始操作号码 【1823656】
2023-12-18 00:40:04 GSD getOne 第 1 次 等待 3 秒
2023-12-18 00:40:07 查询号码 【1823656】，返回信息 {"status":"ok","msg":"河南-开封","gid":"449965","time_insert":"2021-07-31 00:08"}
2023-12-18 00:40:07 查询号码 【1823656】，GSD为【"河南-开封"】

2023-12-18 00:40:08 开始第 3755 次操作

2023-12-18 00:40:08 开始操作号码 【1823657】
2023-12-18 00:40:12 GSD getOne 第 1 次 等待 3 秒
2023-12-18 00:40:15 查询号码 【1823657】，返回信息 {"status":"ok","msg":"河南-开封","gid":"449953","time_insert":"2021-07-31 00:07"}
2023-12-18 00:40:15 查询号码 【1823657】，GSD为【"河南-开封"】

2023-12-18 00:40:16 开始第 3756 次操作

2023-12-18 00:40:16 开始操作号码 【1823658】
2023-12-18 00:40:28 GSD getOne 第 1 次 等待 3 秒
2023-12-18 00:40:31 查询号码 【1823658】，返回信息 {"status":"ok","msg":"河南-开封","gid":"55546","time_insert":"2021-03-03 14:52"}
2023-12-18 00:40:31 查询号码 【1823658】，GSD为【"河南-开封"】

