2023-12-01 00:22:51 开始第 733 次操作

2023-12-01 00:22:51 开始操作号码 【1820635】
2023-12-01 00:22:55 GSD getOne 第 1 次 等待 3 秒
2023-12-01 00:22:58 查询号码 【1820635】，返回信息 {"status":"ok","msg":"山东-聊城","gid":"305729","time_insert":"2021-07-17 18:04"}
2023-12-01 00:22:58 查询号码 【1820635】，GSD为【"山东-聊城"】

2023-12-01 00:22:59 开始第 734 次操作

2023-12-01 00:22:59 开始操作号码 【1820636】
2023-12-01 00:23:03 GSD getOne 第 1 次 等待 3 秒
2023-12-01 00:23:06 查询号码 【1820636】，返回信息 {"status":"ok","msg":"山东-潍坊","gid":"305820","time_insert":"2021-07-17 18:19"}
2023-12-01 00:23:06 查询号码 【1820636】，GSD为【"山东-潍坊"】

2023-12-01 00:23:07 开始第 735 次操作

2023-12-01 00:23:07 开始操作号码 【1820637】
2023-12-01 00:23:10 GSD getOne 第 1 次 等待 3 秒
2023-12-01 00:23:13 查询号码 【1820637】，返回信息 {"status":"ok","msg":"山东-枣庄","gid":"305845","time_insert":"2021-07-17 18:31"}
2023-12-01 00:23:13 查询号码 【1820637】，GSD为【"山东-枣庄"】

2023-12-01 00:23:14 开始第 736 次操作

2023-12-01 00:23:14 开始操作号码 【1820638】
2023-12-01 00:23:18 GSD getOne 第 1 次 等待 3 秒
2023-12-01 00:23:21 查询号码 【1820638】，返回信息 {"status":"ok","msg":"山东-泰安","gid":"305904","time_insert":"2021-07-17 18:43"}
2023-12-01 00:23:21 查询号码 【1820638】，GSD为【"山东-泰安"】

