2023-12-04 00:19:41 开始第 1269 次操作

2023-12-04 00:19:41 开始操作号码 【1821171】
2023-12-04 00:19:49 GSD getOne 第 1 次 等待 3 秒
2023-12-04 00:19:52 查询号码 【1821171】，返回信息 {"status":"ok","msg":"河南-信阳","gid":"349611","time_insert":"2021-07-21 22:24"}
2023-12-04 00:19:52 查询号码 【1821171】，GSD为【"河南-信阳"】

2023-12-04 00:19:54 开始第 1270 次操作

2023-12-04 00:19:54 开始操作号码 【1821172】
2023-12-04 00:19:57 GSD getOne 第 1 次 等待 3 秒
2023-12-04 00:20:00 查询号码 【1821172】，返回信息 {"status":"ok","msg":"河南-信阳","gid":"349656","time_insert":"2021-07-21 22:37"}
2023-12-04 00:20:00 查询号码 【1821172】，GSD为【"河南-信阳"】

2023-12-04 00:20:01 开始第 1271 次操作

2023-12-04 00:20:01 开始操作号码 【1821173】
2023-12-04 00:20:05 GSD getOne 第 1 次 等待 3 秒
2023-12-04 00:20:08 查询号码 【1821173】，返回信息 {"status":"ok","msg":"河南-信阳","gid":"55525","time_insert":"2020-04-24 22:44"}
2023-12-04 00:20:08 查询号码 【1821173】，GSD为【"河南-信阳"】

2023-12-04 00:20:09 开始第 1272 次操作

2023-12-04 00:20:09 开始操作号码 【1821174】
2023-12-04 00:20:13 GSD getOne 第 1 次 等待 3 秒
2023-12-04 00:20:16 查询号码 【1821174】，返回信息 {"status":"ok","msg":"河南-信阳","gid":"349762","time_insert":"2021-07-21 22:51"}
2023-12-04 00:20:16 查询号码 【1821174】，GSD为【"河南-信阳"】

2023-12-04 00:38:42 开始第 1273 次操作

2023-12-04 00:38:42 开始操作号码 【1821175】
2023-12-04 00:38:47 GSD getOne 第 1 次 等待 3 秒
2023-12-04 00:38:50 查询号码 【1821175】，返回信息 {"status":"ok","msg":"河南-信阳","gid":"349874","time_insert":"2021-07-21 23:06"}
2023-12-04 00:38:50 查询号码 【1821175】，GSD为【"河南-信阳"】

2023-12-04 00:38:51 开始第 1274 次操作

2023-12-04 00:38:51 开始操作号码 【1821176】
2023-12-04 00:38:59 GSD getOne 第 1 次 等待 3 秒
2023-12-04 00:39:02 查询号码 【1821176】，返回信息 {"status":"ok","msg":"河南-信阳","gid":"34820","time_insert":"2018-09-26 20:23","time_update":"2020-09-12 11:29"}
2023-12-04 00:39:02 查询号码 【1821176】，GSD为【"河南-信阳"】

2023-12-04 00:39:03 开始第 1275 次操作

2023-12-04 00:39:03 开始操作号码 【1821177】
2023-12-04 00:39:10 GSD getOne 第 1 次 等待 3 秒
2023-12-04 00:39:13 查询号码 【1821177】，返回信息 {"status":"ok","msg":"河南-信阳","gid":"34821","time_insert":"2018-01-14 17:42","time_update":"2020-09-12 12:25"}
2023-12-04 00:39:13 查询号码 【1821177】，GSD为【"河南-信阳"】

2023-12-04 00:39:14 开始第 1276 次操作

2023-12-04 00:39:14 开始操作号码 【1821178】
2023-12-04 00:39:18 GSD getOne 第 1 次 等待 3 秒
2023-12-04 00:39:21 查询号码 【1821178】，返回信息 {"status":"ok","msg":"河南-信阳","gid":"349934","time_insert":"2021-07-21 23:19"}
2023-12-04 00:39:21 查询号码 【1821178】，GSD为【"河南-信阳"】

2023-12-04 01:13:18 开始第 1277 次操作

2023-12-04 01:13:18 开始操作号码 【1821179】
2023-12-04 01:13:23 GSD getOne 第 1 次 等待 3 秒
2023-12-04 01:13:26 查询号码 【1821179】，返回信息 {"status":"ok","msg":"河南-信阳","gid":"349983","time_insert":"2021-07-21 23:31"}
2023-12-04 01:13:26 查询号码 【1821179】，GSD为【"河南-信阳"】

2023-12-04 01:13:27 开始第 1278 次操作

2023-12-04 01:13:27 开始操作号码 【1821180】
2023-12-04 01:13:36 GSD getOne 第 1 次 等待 3 秒
2023-12-04 01:13:39 查询号码 【1821180】，返回信息 {"status":"ok","msg":"河南-南阳","gid":"350011","time_insert":"2021-07-21 23:43"}
2023-12-04 01:13:39 查询号码 【1821180】，GSD为【"河南-南阳"】

2023-12-04 01:13:40 开始第 1279 次操作

2023-12-04 01:13:40 开始操作号码 【1821181】
2023-12-04 01:13:44 GSD getOne 第 1 次 等待 3 秒
2023-12-04 01:13:47 查询号码 【1821181】，返回信息 {"status":"ok","msg":"河南-南阳","gid":"350125","time_insert":"2021-07-21 23:55"}
2023-12-04 01:13:47 查询号码 【1821181】，GSD为【"河南-南阳"】

2023-12-04 01:13:48 开始第 1280 次操作

2023-12-04 01:13:48 开始操作号码 【1821182】
2023-12-04 01:13:52 GSD getOne 第 1 次 等待 3 秒
2023-12-04 01:13:55 查询号码 【1821182】，返回信息 {"status":"ok","msg":"河南-南阳","gid":"350284","time_insert":"2021-07-22 00:10"}
2023-12-04 01:13:55 查询号码 【1821182】，GSD为【"河南-南阳"】

2023-12-04 01:37:29 开始第 1281 次操作

2023-12-04 01:37:29 开始操作号码 【1821183】
2023-12-04 01:37:33 GSD getOne 第 1 次 等待 3 秒
2023-12-04 01:37:36 查询号码 【1821183】，返回信息 {"status":"ok","msg":"河南-南阳","gid":"350384","time_insert":"2021-07-22 00:23"}
2023-12-04 01:37:36 查询号码 【1821183】，GSD为【"河南-南阳"】

2023-12-04 01:37:37 开始第 1282 次操作

2023-12-04 01:37:37 开始操作号码 【1821184】
2023-12-04 01:37:41 GSD getOne 第 1 次 等待 3 秒
2023-12-04 01:37:44 查询号码 【1821184】，返回信息 {"status":"ok","msg":"河南-南阳","gid":"350414","time_insert":"2021-07-22 00:36"}
2023-12-04 01:37:44 查询号码 【1821184】，GSD为【"河南-南阳"】

2023-12-04 01:37:45 开始第 1283 次操作

2023-12-04 01:37:45 开始操作号码 【1821185】
2023-12-04 01:37:50 GSD getOne 第 1 次 等待 3 秒
2023-12-04 01:37:53 查询号码 【1821185】，返回信息 {"status":"ok","msg":"河南-南阳","gid":"350445","time_insert":"2021-07-22 00:49"}
2023-12-04 01:37:53 查询号码 【1821185】，GSD为【"河南-南阳"】

2023-12-04 01:37:54 开始第 1284 次操作

2023-12-04 01:37:54 开始操作号码 【1821186】
2023-12-04 01:37:58 GSD getOne 第 1 次 等待 3 秒
2023-12-04 01:38:01 查询号码 【1821186】，返回信息 {"status":"ok","msg":"河南-南阳","gid":"350472","time_insert":"2021-07-22 01:02"}
2023-12-04 01:38:01 查询号码 【1821186】，GSD为【"河南-南阳"】

2023-12-04 02:19:05 开始第 1285 次操作

2023-12-04 02:19:05 开始操作号码 【1821187】
2023-12-04 02:19:09 GSD getOne 第 1 次 等待 3 秒
2023-12-04 02:19:12 查询号码 【1821187】，返回信息 {"status":"ok","msg":"河南-南阳","gid":"350562","time_insert":"2021-07-22 01:12"}
2023-12-04 02:19:12 查询号码 【1821187】，GSD为【"河南-南阳"】

2023-12-04 02:19:13 开始第 1286 次操作

2023-12-04 02:19:13 开始操作号码 【1821188】
2023-12-04 02:19:16 GSD getOne 第 1 次 等待 3 秒
2023-12-04 02:19:19 查询号码 【1821188】，返回信息 {"status":"ok","msg":"河南-南阳","gid":"34822","time_insert":"2014-03-12 15:49","time_update":"2020-09-12 12:29"}
2023-12-04 02:19:19 查询号码 【1821188】，GSD为【"河南-南阳"】

2023-12-04 02:19:20 开始第 1287 次操作

2023-12-04 02:19:20 开始操作号码 【1821189】
2023-12-04 02:19:26 GSD getOne 第 1 次 等待 3 秒
2023-12-04 02:19:29 查询号码 【1821189】，返回信息 {"status":"ok","msg":"河南-南阳","gid":"350695","time_insert":"2021-07-22 01:26"}
2023-12-04 02:19:30 查询号码 【1821189】，GSD为【"河南-南阳"】

2023-12-04 02:19:31 开始第 1288 次操作

2023-12-04 02:19:31 开始操作号码 【1821190】
2023-12-04 02:19:35 GSD getOne 第 1 次 等待 3 秒
2023-12-04 02:19:38 查询号码 【1821190】，返回信息 {"status":"ok","msg":"河南-洛阳","gid":"55526","time_insert":"2021-03-06 09:00"}
2023-12-04 02:19:38 查询号码 【1821190】，GSD为【"河南-洛阳"】

2023-12-04 02:37:22 开始第 1289 次操作

2023-12-04 02:37:22 开始操作号码 【1821191】
2023-12-04 02:37:28 GSD getOne 第 1 次 等待 3 秒
2023-12-04 02:37:31 查询号码 【1821191】，返回信息 {"status":"ok","msg":"河南-洛阳","gid":"350779","time_insert":"2021-07-22 01:40"}
2023-12-04 02:37:31 查询号码 【1821191】，GSD为【"河南-洛阳"】

2023-12-04 02:37:32 开始第 1290 次操作

2023-12-04 02:37:32 开始操作号码 【1821192】
2023-12-04 02:37:35 GSD getOne 第 1 次 等待 3 秒
2023-12-04 02:37:38 查询号码 【1821192】，返回信息 {"status":"ok","msg":"河南-洛阳","gid":"55527","time_insert":"2020-04-26 12:51"}
2023-12-04 02:37:38 查询号码 【1821192】，GSD为【"河南-洛阳"】

2023-12-04 02:37:39 开始第 1291 次操作

2023-12-04 02:37:39 开始操作号码 【1821193】
2023-12-04 02:37:43 GSD getOne 第 1 次 等待 3 秒
2023-12-04 02:37:46 查询号码 【1821193】，返回信息 {"status":"ok","msg":"河南-洛阳","gid":"55528","time_insert":"2020-02-25 13:32"}
2023-12-04 02:37:46 查询号码 【1821193】，GSD为【"河南-洛阳"】

2023-12-04 02:37:47 开始第 1292 次操作

2023-12-04 02:37:47 开始操作号码 【1821194】
2023-12-04 02:37:51 GSD getOne 第 1 次 等待 3 秒
2023-12-04 02:37:54 查询号码 【1821194】，返回信息 {"status":"ok","msg":"河南-洛阳","gid":"350875","time_insert":"2021-07-22 01:53"}
2023-12-04 02:37:54 查询号码 【1821194】，GSD为【"河南-洛阳"】

2023-12-04 03:12:32 开始第 1293 次操作

2023-12-04 03:12:32 开始操作号码 【1821195】
2023-12-04 03:12:35 GSD getOne 第 1 次 等待 3 秒
2023-12-04 03:12:38 查询号码 【1821195】，返回信息 {"status":"ok","msg":"河南-洛阳","gid":"350977","time_insert":"2021-07-22 02:04"}
2023-12-04 03:12:38 查询号码 【1821195】，GSD为【"河南-洛阳"】

2023-12-04 03:12:39 开始第 1294 次操作

2023-12-04 03:12:39 开始操作号码 【1821196】
2023-12-04 03:12:42 GSD getOne 第 1 次 等待 3 秒
2023-12-04 03:12:45 查询号码 【1821196】，返回信息 {"status":"ok","msg":"河南-洛阳","gid":"351059","time_insert":"2021-07-22 02:15"}
2023-12-04 03:12:45 查询号码 【1821196】，GSD为【"河南-洛阳"】

2023-12-04 03:12:46 开始第 1295 次操作

2023-12-04 03:12:46 开始操作号码 【1821197】
2023-12-04 03:12:50 GSD getOne 第 1 次 等待 3 秒
2023-12-04 03:12:53 查询号码 【1821197】，返回信息 {"status":"ok","msg":"河南-洛阳","gid":"55529","time_insert":"2020-06-18 09:59"}
2023-12-04 03:12:53 查询号码 【1821197】，GSD为【"河南-洛阳"】

2023-12-04 03:12:54 开始第 1296 次操作

2023-12-04 03:12:54 开始操作号码 【1821198】
2023-12-04 03:12:57 GSD getOne 第 1 次 等待 3 秒
2023-12-04 03:13:00 查询号码 【1821198】，返回信息 {"status":"ok","msg":"河南-洛阳","gid":"351135","time_insert":"2021-07-22 02:30"}
2023-12-04 03:13:00 查询号码 【1821198】，GSD为【"河南-洛阳"】

2023-12-04 03:37:21 开始第 1297 次操作

2023-12-04 03:37:21 开始操作号码 【1821199】
2023-12-04 03:37:25 GSD getOne 第 1 次 等待 3 秒
2023-12-04 03:37:28 查询号码 【1821199】，返回信息 {"status":"ok","msg":"河南-洛阳","gid":"55530","time_insert":"2020-04-18 07:33"}
2023-12-04 03:37:28 查询号码 【1821199】，GSD为【"河南-洛阳"】

2023-12-04 03:37:29 开始第 1298 次操作

2023-12-04 03:37:29 开始操作号码 【1821200】
2023-12-04 03:37:33 GSD getOne 第 1 次 等待 3 秒
2023-12-04 03:37:36 查询号码 【1821200】，返回信息 {"status":"ok","msg":"贵州-贵阳","gid":"351169","time_insert":"2021-07-22 02:44"}
2023-12-04 03:37:36 查询号码 【1821200】，GSD为【"贵州-贵阳"】

2023-12-04 03:37:37 开始第 1299 次操作

2023-12-04 03:37:37 开始操作号码 【1821201】
2023-12-04 03:37:41 GSD getOne 第 1 次 等待 3 秒
2023-12-04 03:37:44 查询号码 【1821201】，返回信息 {"status":"ok","msg":"贵州-贵阳","gid":"34823","time_insert":"2017-11-14 11:04","time_update":"2020-11-21 23:15"}
2023-12-04 03:37:44 查询号码 【1821201】，GSD为【"贵州-贵阳"】

2023-12-04 03:37:45 开始第 1300 次操作

2023-12-04 03:37:45 开始操作号码 【1821202】
2023-12-04 03:37:49 GSD getOne 第 1 次 等待 3 秒
2023-12-04 03:37:52 查询号码 【1821202】，返回信息 {"status":"ok","msg":"贵州-贵阳","gid":"351357","time_insert":"2021-07-22 03:00"}
2023-12-04 03:37:52 查询号码 【1821202】，GSD为【"贵州-贵阳"】

2023-12-04 04:16:14 开始第 1301 次操作

2023-12-04 04:16:14 开始操作号码 【1821203】
2023-12-04 04:16:17 GSD getOne 第 1 次 等待 3 秒
2023-12-04 04:16:20 查询号码 【1821203】，返回信息 {"status":"ok","msg":"贵州-遵义","gid":"351524","time_insert":"2021-07-22 03:14"}
2023-12-04 04:16:20 查询号码 【1821203】，GSD为【"贵州-遵义"】

2023-12-04 04:16:21 开始第 1302 次操作

2023-12-04 04:16:21 开始操作号码 【1821204】
2023-12-04 04:16:25 GSD getOne 第 1 次 等待 3 秒
2023-12-04 04:16:28 查询号码 【1821204】，返回信息 {"status":"ok","msg":"贵州-遵义","gid":"351572","time_insert":"2021-07-22 03:26","time_update":"2021-08-01 02:54"}
2023-12-04 04:16:28 查询号码 【1821204】，GSD为【"贵州-遵义"】

2023-12-04 04:16:29 开始第 1303 次操作

2023-12-04 04:16:29 开始操作号码 【1821205】
2023-12-04 04:16:33 GSD getOne 第 1 次 等待 3 秒
2023-12-04 04:16:36 查询号码 【1821205】，返回信息 {"status":"ok","msg":"贵州-遵义","gid":"34824","time_insert":"2018-05-08 10:03","time_update":"2021-01-21 19:23"}
2023-12-04 04:16:36 查询号码 【1821205】，GSD为【"贵州-遵义"】

2023-12-04 04:16:37 开始第 1304 次操作

2023-12-04 04:16:37 开始操作号码 【1821206】
2023-12-04 04:16:40 GSD getOne 第 1 次 等待 3 秒
2023-12-04 04:16:43 查询号码 【1821206】，返回信息 {"status":"ok","msg":"贵州-遵义","gid":"34825","time_insert":"2018-07-20 21:54","time_update":"2020-11-21 23:20"}
2023-12-04 04:16:43 查询号码 【1821206】，GSD为【"贵州-遵义"】

2023-12-04 04:37:12 开始第 1305 次操作

2023-12-04 04:37:12 开始操作号码 【1821207】
2023-12-04 04:37:16 GSD getOne 第 1 次 等待 3 秒
2023-12-04 04:37:19 查询号码 【1821207】，返回信息 {"status":"ok","msg":"贵州-遵义","gid":"34826","time_insert":"2017-01-01 16:46","time_update":"2020-11-21 23:21"}
2023-12-04 04:37:19 查询号码 【1821207】，GSD为【"贵州-遵义"】

2023-12-04 04:37:20 开始第 1306 次操作

2023-12-04 04:37:20 开始操作号码 【1821208】
2023-12-04 04:37:24 GSD getOne 第 1 次 等待 3 秒
2023-12-04 04:37:27 查询号码 【1821208】，返回信息 {"status":"ok","msg":"贵州-遵义","gid":"34827","time_insert":"2017-07-24 10:34","time_update":"2020-11-21 23:25"}
2023-12-04 04:37:27 查询号码 【1821208】，GSD为【"贵州-遵义"】

2023-12-04 04:37:28 开始第 1307 次操作

2023-12-04 04:37:28 开始操作号码 【1821209】
2023-12-04 04:37:32 GSD getOne 第 1 次 等待 3 秒
2023-12-04 04:37:35 查询号码 【1821209】，返回信息 {"status":"ok","msg":"贵州-遵义","gid":"51953","time_insert":"2021-04-22 10:31"}
2023-12-04 04:37:35 查询号码 【1821209】，GSD为【"贵州-遵义"】

2023-12-04 04:37:36 开始第 1308 次操作

2023-12-04 04:37:36 开始操作号码 【1821210】
2023-12-04 04:37:40 GSD getOne 第 1 次 等待 3 秒
2023-12-04 04:37:43 查询号码 【1821210】，返回信息 {"status":"ok","msg":"贵州-遵义","gid":"34828","time_insert":"2019-09-05 21:06","time_update":"2020-11-21 23:28"}
2023-12-04 04:37:43 查询号码 【1821210】，GSD为【"贵州-遵义"】

2023-12-04 05:13:15 开始第 1309 次操作

2023-12-04 05:13:15 开始操作号码 【1821211】
2023-12-04 05:13:19 GSD getOne 第 1 次 等待 3 秒
2023-12-04 05:13:22 查询号码 【1821211】，返回信息 {"status":"ok","msg":"贵州-遵义","gid":"34829","time_insert":"2018-06-05 19:51","time_update":"2020-11-21 23:31"}
2023-12-04 05:13:22 查询号码 【1821211】，GSD为【"贵州-遵义"】

2023-12-04 05:13:23 开始第 1310 次操作

2023-12-04 05:13:23 开始操作号码 【1821212】
2023-12-04 05:13:27 GSD getOne 第 1 次 等待 3 秒
2023-12-04 05:13:30 查询号码 【1821212】，返回信息 {"status":"ok","msg":"贵州-遵义","gid":"34830","time_insert":"2018-06-28 08:57","time_update":"2020-11-21 23:36"}
2023-12-04 05:13:30 查询号码 【1821212】，GSD为【"贵州-遵义"】

2023-12-04 05:13:31 开始第 1311 次操作

2023-12-04 05:13:31 开始操作号码 【1821213】
2023-12-04 05:13:34 GSD getOne 第 1 次 等待 3 秒
2023-12-04 05:13:37 查询号码 【1821213】，返回信息 {"status":"ok","msg":"贵州-遵义","gid":"351717","time_insert":"2021-07-22 03:44"}
2023-12-04 05:13:37 查询号码 【1821213】，GSD为【"贵州-遵义"】

2023-12-04 05:13:38 开始第 1312 次操作

2023-12-04 05:13:38 开始操作号码 【1821214】
2023-12-04 05:13:42 GSD getOne 第 1 次 等待 3 秒
2023-12-04 05:13:45 查询号码 【1821214】，返回信息 {"status":"ok","msg":"贵州-遵义","gid":"34831","time_insert":"2016-10-08 14:16","time_update":"2020-11-21 23:40"}
2023-12-04 05:13:45 查询号码 【1821214】，GSD为【"贵州-遵义"】

2023-12-04 05:37:13 开始第 1313 次操作

2023-12-04 05:37:13 开始操作号码 【1821215】
2023-12-04 05:37:17 GSD getOne 第 1 次 等待 3 秒
2023-12-04 05:37:20 查询号码 【1821215】，返回信息 {"status":"ok","msg":"贵州-遵义","gid":"351903","time_insert":"2021-07-22 03:59"}
2023-12-04 05:37:20 查询号码 【1821215】，GSD为【"贵州-遵义"】

2023-12-04 05:37:21 开始第 1314 次操作

2023-12-04 05:37:21 开始操作号码 【1821216】
2023-12-04 05:37:24 GSD getOne 第 1 次 等待 3 秒
2023-12-04 05:37:27 查询号码 【1821216】，返回信息 {"status":"ok","msg":"贵州-遵义","gid":"34832","time_insert":"2018-02-14 21:11","time_update":"2020-11-21 23:45"}
2023-12-04 05:37:27 查询号码 【1821216】，GSD为【"贵州-遵义"】

2023-12-04 05:37:28 开始第 1315 次操作

2023-12-04 05:37:28 开始操作号码 【1821217】
2023-12-04 05:37:32 GSD getOne 第 1 次 等待 3 秒
2023-12-04 05:37:35 查询号码 【1821217】，返回信息 {"status":"ok","msg":"贵州-遵义","gid":"34833","time_insert":"2017-08-15 01:44","time_update":"2020-11-21 23:49"}
2023-12-04 05:37:35 查询号码 【1821217】，GSD为【"贵州-遵义"】

2023-12-04 05:37:36 开始第 1316 次操作

2023-12-04 05:37:36 开始操作号码 【1821218】
2023-12-04 05:37:39 GSD getOne 第 1 次 等待 3 秒
2023-12-04 05:37:42 查询号码 【1821218】，返回信息 {"status":"ok","msg":"贵州-遵义","gid":"248941","time_insert":"2021-07-11 15:08","time_update":"2021-07-22 04:13"}
2023-12-04 05:37:42 查询号码 【1821218】，GSD为【"贵州-遵义"】

