2023-11-28 00:22:21 开始第 209 次操作

2023-11-28 00:22:21 开始操作号码 【1820111】
2023-11-28 00:22:26 GSD getOne 第 1 次 等待 3 秒
2023-11-28 00:22:29 查询号码 【1820111】，返回信息 {"status":"ok","msg":"北京-北京","gid":"266608","time_insert":"2021-07-13 15:59"}
2023-11-28 00:22:29 查询号码 【1820111】，GSD为【"北京-北京"】

2023-11-28 00:22:30 开始第 210 次操作

2023-11-28 00:22:30 开始操作号码 【1820112】
2023-11-28 00:22:33 GSD getOne 第 1 次 等待 3 秒
2023-11-28 00:22:36 查询号码 【1820112】，返回信息 {"status":"ok","msg":"北京-北京","gid":"266648","time_insert":"2021-07-13 16:12"}
2023-11-28 00:22:36 查询号码 【1820112】，GSD为【"北京-北京"】

2023-11-28 00:22:37 开始第 211 次操作

2023-11-28 00:22:37 开始操作号码 【1820113】
2023-11-28 00:22:41 GSD getOne 第 1 次 等待 3 秒
2023-11-28 00:22:44 查询号码 【1820113】，返回信息 {"status":"ok","msg":"北京-北京","gid":"266672","time_insert":"2021-07-13 16:26"}
2023-11-28 00:22:44 查询号码 【1820113】，GSD为【"北京-北京"】

2023-11-28 00:22:46 开始第 212 次操作

2023-11-28 00:22:46 开始操作号码 【1820114】
2023-11-28 00:22:49 GSD getOne 第 1 次 等待 3 秒
2023-11-28 00:22:52 查询号码 【1820114】，返回信息 {"status":"ok","msg":"北京-北京","gid":"266697","time_insert":"2021-07-13 16:38"}
2023-11-28 00:22:52 查询号码 【1820114】，GSD为【"北京-北京"】

2023-11-28 00:41:06 开始第 213 次操作

2023-11-28 00:41:06 开始操作号码 【1820115】
2023-11-28 00:41:10 GSD getOne 第 1 次 等待 3 秒
2023-11-28 00:41:13 查询号码 【1820115】，返回信息 {"status":"ok","msg":"北京-北京","gid":"266876","time_insert":"2021-07-13 16:49"}
2023-11-28 00:41:13 查询号码 【1820115】，GSD为【"北京-北京"】

2023-11-28 00:41:14 开始第 214 次操作

2023-11-28 00:41:14 开始操作号码 【1820116】
2023-11-28 00:41:18 GSD getOne 第 1 次 等待 3 秒
2023-11-28 00:41:21 查询号码 【1820116】，返回信息 {"status":"ok","msg":"北京-北京","gid":"267007","time_insert":"2021-07-13 17:04"}
2023-11-28 00:41:21 查询号码 【1820116】，GSD为【"北京-北京"】

2023-11-28 00:41:22 开始第 215 次操作

2023-11-28 00:41:22 开始操作号码 【1820117】
2023-11-28 00:41:26 GSD getOne 第 1 次 等待 3 秒
2023-11-28 00:41:29 查询号码 【1820117】，返回信息 {"status":"ok","msg":"北京-北京","gid":"267028","time_insert":"2021-07-13 17:14"}
2023-11-28 00:41:29 查询号码 【1820117】，GSD为【"北京-北京"】

2023-11-28 00:41:30 开始第 216 次操作

2023-11-28 00:41:30 开始操作号码 【1820118】
2023-11-28 00:41:35 GSD getOne 第 1 次 等待 3 秒
2023-11-28 00:41:38 查询号码 【1820118】，返回信息 {"status":"ok","msg":"北京-北京","gid":"267047","time_insert":"2021-07-13 17:24"}
2023-11-28 00:41:38 查询号码 【1820118】，GSD为【"北京-北京"】

2023-11-28 01:15:16 开始第 217 次操作

2023-11-28 01:15:16 开始操作号码 【1820119】
2023-11-28 01:15:23 GSD getOne 第 1 次 等待 3 秒
2023-11-28 01:15:26 查询号码 【1820119】，返回信息 {"status":"ok","msg":"北京-北京","gid":"267076","time_insert":"2021-07-13 17:39"}
2023-11-28 01:15:26 查询号码 【1820119】，GSD为【"北京-北京"】

2023-11-28 01:15:27 开始第 218 次操作

2023-11-28 01:15:27 开始操作号码 【1820120】
2023-11-28 01:15:30 GSD getOne 第 1 次 等待 3 秒
2023-11-28 01:15:33 查询号码 【1820120】，返回信息 {"status":"ok","msg":"北京-北京","gid":"267276","time_insert":"2021-07-13 17:50"}
2023-11-28 01:15:33 查询号码 【1820120】，GSD为【"北京-北京"】

2023-11-28 01:15:34 开始第 219 次操作

2023-11-28 01:15:34 开始操作号码 【1820121】
2023-11-28 01:15:38 GSD getOne 第 1 次 等待 3 秒
2023-11-28 01:15:41 查询号码 【1820121】，返回信息 {"status":"ok","msg":"北京-北京","gid":"267381","time_insert":"2021-07-13 18:04"}
2023-11-28 01:15:41 查询号码 【1820121】，GSD为【"北京-北京"】

2023-11-28 01:15:42 开始第 220 次操作

2023-11-28 01:15:42 开始操作号码 【1820122】
2023-11-28 01:15:45 GSD getOne 第 1 次 等待 3 秒
2023-11-28 01:15:48 查询号码 【1820122】，返回信息 {"status":"ok","msg":"北京-北京","gid":"267410","time_insert":"2021-07-13 18:18"}
2023-11-28 01:15:48 查询号码 【1820122】，GSD为【"北京-北京"】

