2023-12-19 00:21:52 开始第 3925 次操作

2023-12-19 00:21:52 开始操作号码 【1823827】
2023-12-19 00:22:07 GSD getOne 第 1 次 等待 3 秒
2023-12-19 00:22:10 查询号码 【1823827】，返回信息 {"status":"ok","msg":"河南-信阳","gid":"448583","time_insert":"2021-07-30 21:31"}
2023-12-19 00:22:10 查询号码 【1823827】，GSD为【"河南-信阳"】

2023-12-19 00:22:11 开始第 3926 次操作

2023-12-19 00:22:11 开始操作号码 【1823828】
2023-12-19 00:22:20 GSD getOne 第 1 次 等待 3 秒
2023-12-19 00:22:23 查询号码 【1823828】，返回信息 {"status":"ok","msg":"河南-信阳","gid":"448579","time_insert":"2021-07-30 21:30"}
2023-12-19 00:22:23 查询号码 【1823828】，GSD为【"河南-信阳"】

2023-12-19 00:22:24 开始第 3927 次操作

2023-12-19 00:22:24 开始操作号码 【1823829】
2023-12-19 00:22:28 GSD getOne 第 1 次 等待 3 秒
2023-12-19 00:22:31 查询号码 【1823829】，返回信息 {"status":"ok","msg":"河南-信阳","gid":"448573","time_insert":"2021-07-30 21:30"}
2023-12-19 00:22:31 查询号码 【1823829】，GSD为【"河南-信阳"】

2023-12-19 00:22:32 开始第 3928 次操作

2023-12-19 00:22:32 开始操作号码 【1823830】
2023-12-19 00:22:37 GSD getOne 第 1 次 等待 3 秒
2023-12-19 00:22:40 查询号码 【1823830】，返回信息 {"status":"ok","msg":"河南-濮阳","gid":"448158","time_insert":"2021-07-30 20:23"}
2023-12-19 00:22:40 查询号码 【1823830】，GSD为【"河南-濮阳"】

2023-12-19 00:41:22 开始第 3929 次操作

2023-12-19 00:41:22 开始操作号码 【1823831】
2023-12-19 00:41:26 GSD getOne 第 1 次 等待 3 秒
2023-12-19 00:41:29 查询号码 【1823831】，返回信息 {"status":"ok","msg":"河南-濮阳","gid":"35595","time_insert":"2018-07-26 22:52","time_update":"2020-09-14 09:19"}
2023-12-19 00:41:29 查询号码 【1823831】，GSD为【"河南-濮阳"】

2023-12-19 00:41:30 开始第 3930 次操作

2023-12-19 00:41:30 开始操作号码 【1823832】
2023-12-19 00:41:35 GSD getOne 第 1 次 等待 3 秒
2023-12-19 00:41:38 查询号码 【1823832】，返回信息 {"status":"ok","msg":"河南-濮阳","gid":"448155","time_insert":"2021-07-30 20:21"}
2023-12-19 00:41:38 查询号码 【1823832】，GSD为【"河南-濮阳"】

2023-12-19 00:41:39 开始第 3931 次操作

2023-12-19 00:41:39 开始操作号码 【1823833】
2023-12-19 00:41:44 GSD getOne 第 1 次 等待 3 秒
2023-12-19 00:41:47 查询号码 【1823833】，返回信息 {"status":"ok","msg":"河南-濮阳","gid":"448150","time_insert":"2021-07-30 20:20","time_update":"2021-08-01 14:47"}
2023-12-19 00:41:47 查询号码 【1823833】，GSD为【"河南-濮阳"】

2023-12-19 00:41:48 开始第 3932 次操作

2023-12-19 00:41:48 开始操作号码 【1823834】
2023-12-19 00:41:54 GSD getOne 第 1 次 等待 3 秒
2023-12-19 00:41:57 查询号码 【1823834】，返回信息 {"status":"ok","msg":"河南-濮阳","gid":"448144","time_insert":"2021-07-30 20:19"}
2023-12-19 00:41:57 查询号码 【1823834】，GSD为【"河南-濮阳"】

