2024-09-12 00:17:38 开始第 4225 次操作

2024-09-12 00:17:38 开始操作号码 【1384224】
2024-09-12 00:17:58 GSD getOne 第 1 次 等待 3 秒
2024-09-12 00:18:01 查询号码 【1384224】，返回信息 {"status":"ok","msg":"辽宁-鞍山","gid":"119466","time_insert":"2021-06-23 21:05"}
2024-09-12 00:18:01 查询号码 【1384224】，GSD为【"辽宁-鞍山"】

2024-09-12 00:18:02 开始第 4226 次操作

2024-09-12 00:18:02 开始操作号码 【1384225】
2024-09-12 00:18:12 GSD getOne 第 1 次 等待 3 秒
2024-09-12 00:18:15 查询号码 【1384225】，返回信息 {"status":"ok","msg":"辽宁-鞍山","gid":"119554","time_insert":"2021-06-23 21:22"}
2024-09-12 00:18:15 查询号码 【1384225】，GSD为【"辽宁-鞍山"】

2024-09-12 00:18:16 开始第 4227 次操作

2024-09-12 00:18:16 开始操作号码 【1384226】
2024-09-12 00:18:24 GSD getOne 第 1 次 等待 3 秒
2024-09-12 00:18:27 查询号码 【1384226】，返回信息 {"status":"ok","msg":"辽宁-鞍山","gid":"119633","time_insert":"2021-06-23 21:40"}
2024-09-12 00:18:27 查询号码 【1384226】，GSD为【"辽宁-鞍山"】

2024-09-12 00:18:28 开始第 4228 次操作

2024-09-12 00:18:28 开始操作号码 【1384227】
2024-09-12 00:18:40 GSD getOne 第 1 次 等待 3 秒
2024-09-12 00:18:43 查询号码 【1384227】，返回信息 {"status":"ok","msg":"辽宁-鞍山","gid":"119778","time_insert":"2021-06-23 22:00"}
2024-09-12 00:18:44 查询号码 【1384227】，GSD为【"辽宁-鞍山"】

2024-09-12 00:42:08 开始第 4229 次操作

2024-09-12 00:42:08 开始操作号码 【1384228】
2024-09-12 00:42:17 GSD getOne 第 1 次 等待 3 秒
2024-09-12 00:42:20 查询号码 【1384228】，返回信息 {"status":"ok","msg":"辽宁-鞍山","gid":"119809","time_insert":"2021-06-23 22:25"}
2024-09-12 00:42:20 查询号码 【1384228】，GSD为【"辽宁-鞍山"】

2024-09-12 00:42:21 开始第 4230 次操作

2024-09-12 00:42:21 开始操作号码 【1384229】
2024-09-12 00:42:29 GSD getOne 第 1 次 等待 3 秒
2024-09-12 00:42:32 查询号码 【1384229】，返回信息 {"status":"ok","msg":"辽宁-鞍山","gid":"119894","time_insert":"2021-06-23 22:48"}
2024-09-12 00:42:32 查询号码 【1384229】，GSD为【"辽宁-鞍山"】

2024-09-12 00:42:33 开始第 4231 次操作

2024-09-12 00:42:33 开始操作号码 【1384230】
2024-09-12 00:42:42 GSD getOne 第 1 次 等待 3 秒
2024-09-12 00:42:45 查询号码 【1384230】，返回信息 {"status":"ok","msg":"辽宁-抚顺","gid":"119978","time_insert":"2021-06-23 23:05"}
2024-09-12 00:42:45 查询号码 【1384230】，GSD为【"辽宁-抚顺"】

2024-09-12 00:42:46 开始第 4232 次操作

2024-09-12 00:42:46 开始操作号码 【1384231】
2024-09-12 00:42:55 GSD getOne 第 1 次 等待 3 秒
2024-09-12 00:42:58 查询号码 【1384231】，返回信息 {"status":"ok","msg":"辽宁-抚顺","gid":"119997","time_insert":"2021-06-23 23:21"}
2024-09-12 00:42:58 查询号码 【1384231】，GSD为【"辽宁-抚顺"】

