2023-11-22 00:23:18 开始第 9781 次操作

2023-11-22 00:23:18 开始操作号码 【1929682】
2023-11-22 00:23:21 GSD getOne 第 1 次 等待 3 秒
2023-11-22 00:23:24 查询号码 【1929682】，返回信息 {"status":"ok","msg":"-","gid":"598195","time_insert":"2023-03-18 10:17"}
2023-11-22 00:23:24 查询号码 【1929682】，GSD为【"-"】
2023-11-22 00:23:24 ok && -
2023-11-22 00:23:27 CHB 1929682?1700583804 第 1 次 等待 3 秒
2023-11-22 00:23:30 CHB 1929682?1700583804 第 1 次 获取到号码【1929682】GSD
2023-11-22 00:23:30 未获取到号码【1929682】GSD，可能号码格式错误
2023-11-22 00:23:30 获取到号码【1929682】的GSD为【-】
2023-11-22 00:23:33 GSD insert 第 1 次 等待 3 秒
2023-11-22 00:23:36 {"status":"bad","gid":"598195","msg":"添加失败！号码【1929682(-|-)】已存在！"}
2023-11-22 00:23:36 随机等待 211 秒，约 3 分钟
2023-11-22 00:23:36 下次操作: 2023-11-22 00:27:07

2023-11-22 00:27:07 开始第 9782 次操作

2023-11-22 00:27:07 开始操作号码 【1929683】
2023-11-22 00:27:13 GSD getOne 第 1 次 等待 3 秒
2023-11-22 00:27:16 查询号码 【1929683】，返回信息 {"status":"ok","msg":"-","gid":"598135","time_insert":"2023-03-18 09:15"}
2023-11-22 00:27:16 查询号码 【1929683】，GSD为【"-"】
2023-11-22 00:27:16 ok && -
2023-11-22 00:27:18 CHB 1929683?1700584036 第 1 次 等待 3 秒
2023-11-22 00:27:21 CHB 1929683?1700584036 第 1 次 获取到号码【1929683】GSD
2023-11-22 00:27:21 未获取到号码【1929683】GSD，可能号码格式错误
2023-11-22 00:27:21 获取到号码【1929683】的GSD为【-】
2023-11-22 00:27:25 GSD insert 第 1 次 等待 3 秒
2023-11-22 00:27:28 {"status":"bad","gid":"598135","msg":"添加失败！号码【1929683(-|-)】已存在！"}
2023-11-22 00:27:28 随机等待 127 秒，约 2 分钟
2023-11-22 00:27:29 下次操作: 2023-11-22 00:29:35

2023-11-22 00:29:36 开始第 9783 次操作

2023-11-22 00:29:36 开始操作号码 【1929684】
2023-11-22 00:29:39 GSD getOne 第 1 次 等待 3 秒
2023-11-22 00:29:42 查询号码 【1929684】，返回信息 {"status":"ok","msg":"-","gid":"598128","time_insert":"2023-03-18 09:12"}
2023-11-22 00:29:42 查询号码 【1929684】，GSD为【"-"】
2023-11-22 00:29:42 ok && -
2023-11-22 00:29:46 CHB 1929684?1700584182 第 1 次 等待 3 秒
2023-11-22 00:29:49 CHB 1929684?1700584182 第 1 次 获取到号码【1929684】GSD
2023-11-22 00:29:49 未获取到号码【1929684】GSD，可能号码格式错误
2023-11-22 00:29:49 获取到号码【1929684】的GSD为【-】
2023-11-22 00:29:53 GSD insert 第 1 次 等待 3 秒
2023-11-22 00:29:56 {"status":"bad","gid":"598128","msg":"添加失败！号码【1929684(-|-)】已存在！"}
2023-11-22 00:29:56 随机等待 142 秒，约 2 分钟
2023-11-22 00:29:56 下次操作: 2023-11-22 00:32:18

2023-11-22 00:32:18 开始第 9784 次操作

2023-11-22 00:32:18 开始操作号码 【1929685】
2023-11-22 00:32:22 GSD getOne 第 1 次 等待 3 秒
2023-11-22 00:32:25 查询号码 【1929685】，返回信息 {"status":"ok","msg":"-","gid":"598127","time_insert":"2023-03-18 09:10"}
2023-11-22 00:32:25 查询号码 【1929685】，GSD为【"-"】
2023-11-22 00:32:25 ok && -
2023-11-22 00:32:28 CHB 1929685?1700584345 第 1 次 等待 3 秒
2023-11-22 00:32:31 CHB 1929685?1700584345 第 1 次 获取到号码【1929685】GSD
2023-11-22 00:32:31 未获取到号码【1929685】GSD，可能号码格式错误
2023-11-22 00:32:31 获取到号码【1929685】的GSD为【-】
2023-11-22 00:32:35 GSD insert 第 1 次 等待 3 秒
2023-11-22 00:32:38 {"status":"bad","gid":"598127","msg":"添加失败！号码【1929685(-|-)】已存在！"}

