2023-12-27 00:20:31 开始第 5349 次操作

2023-12-27 00:20:31 开始操作号码 【1825251】
2023-12-27 00:20:35 GSD getOne 第 1 次 等待 3 秒
2023-12-27 00:20:38 查询号码 【1825251】，返回信息 {"status":"ok","msg":"江苏-南通","gid":"431503","time_insert":"2021-07-29 07:55","time_update":"2021-08-02 10:47"}
2023-12-27 00:20:38 查询号码 【1825251】，GSD为【"江苏-南通"】

2023-12-27 00:20:39 开始第 5350 次操作

2023-12-27 00:20:39 开始操作号码 【1825252】
2023-12-27 00:20:42 GSD getOne 第 1 次 等待 3 秒
2023-12-27 00:20:45 查询号码 【1825252】，返回信息 {"status":"ok","msg":"江苏-扬州","gid":"431495","time_insert":"2021-07-29 07:54"}
2023-12-27 00:20:45 查询号码 【1825252】，GSD为【"江苏-扬州"】

2023-12-27 00:20:46 开始第 5351 次操作

2023-12-27 00:20:46 开始操作号码 【1825253】
2023-12-27 00:20:49 GSD getOne 第 1 次 等待 3 秒
2023-12-27 00:20:52 查询号码 【1825253】，返回信息 {"status":"ok","msg":"江苏-扬州","gid":"431484","time_insert":"2021-07-29 07:54"}
2023-12-27 00:20:53 查询号码 【1825253】，GSD为【"江苏-扬州"】

2023-12-27 00:20:54 开始第 5352 次操作

2023-12-27 00:20:54 开始操作号码 【1825254】
2023-12-27 00:20:58 GSD getOne 第 1 次 等待 3 秒
2023-12-27 00:21:01 查询号码 【1825254】，返回信息 {"status":"ok","msg":"江苏-扬州","gid":"431474","time_insert":"2021-07-29 07:53"}
2023-12-27 00:21:01 查询号码 【1825254】，GSD为【"江苏-扬州"】

2023-12-27 00:40:09 开始第 5353 次操作

2023-12-27 00:40:09 开始操作号码 【1825255】
2023-12-27 00:40:15 GSD getOne 第 1 次 等待 3 秒
2023-12-27 00:40:18 查询号码 【1825255】，返回信息 {"status":"ok","msg":"江苏-扬州","gid":"431465","time_insert":"2021-07-29 07:53"}
2023-12-27 00:40:18 查询号码 【1825255】，GSD为【"江苏-扬州"】

2023-12-27 00:40:19 开始第 5354 次操作

2023-12-27 00:40:19 开始操作号码 【1825256】
2023-12-27 00:40:23 GSD getOne 第 1 次 等待 3 秒
2023-12-27 00:40:26 查询号码 【1825256】，返回信息 {"status":"ok","msg":"江苏-扬州","gid":"431457","time_insert":"2021-07-29 07:52"}
2023-12-27 00:40:26 查询号码 【1825256】，GSD为【"江苏-扬州"】

2023-12-27 00:40:27 开始第 5355 次操作

2023-12-27 00:40:27 开始操作号码 【1825257】
2023-12-27 00:40:32 GSD getOne 第 1 次 等待 3 秒
2023-12-27 00:40:35 查询号码 【1825257】，返回信息 {"status":"ok","msg":"江苏-淮安","gid":"431451","time_insert":"2021-07-29 07:52"}
2023-12-27 00:40:35 查询号码 【1825257】，GSD为【"江苏-淮安"】

2023-12-27 00:40:36 开始第 5356 次操作

2023-12-27 00:40:36 开始操作号码 【1825258】
2023-12-27 00:40:42 GSD getOne 第 1 次 等待 3 秒
2023-12-27 00:40:45 查询号码 【1825258】，返回信息 {"status":"ok","msg":"江苏-镇江","gid":"431443","time_insert":"2021-07-29 07:51"}
2023-12-27 00:40:45 查询号码 【1825258】，GSD为【"江苏-镇江"】

2023-12-27 01:14:07 开始第 5357 次操作

2023-12-27 01:14:07 开始操作号码 【1825259】
2023-12-27 01:14:10 GSD getOne 第 1 次 等待 3 秒
2023-12-27 01:14:13 查询号码 【1825259】，返回信息 {"status":"ok","msg":"江苏-镇江","gid":"431433","time_insert":"2021-07-29 07:51"}
2023-12-27 01:14:14 查询号码 【1825259】，GSD为【"江苏-镇江"】

2023-12-27 01:14:15 开始第 5358 次操作

2023-12-27 01:14:15 开始操作号码 【1825260】
2023-12-27 01:14:18 GSD getOne 第 1 次 等待 3 秒
2023-12-27 01:14:21 查询号码 【1825260】，返回信息 {"status":"ok","msg":"江苏-泰州","gid":"431422","time_insert":"2021-07-29 07:50"}
2023-12-27 01:14:21 查询号码 【1825260】，GSD为【"江苏-泰州"】

2023-12-27 01:14:22 开始第 5359 次操作

2023-12-27 01:14:22 开始操作号码 【1825261】
2023-12-27 01:14:26 GSD getOne 第 1 次 等待 3 秒
2023-12-27 01:14:29 查询号码 【1825261】，返回信息 {"status":"ok","msg":"江苏-泰州","gid":"431411","time_insert":"2021-07-29 07:49"}
2023-12-27 01:14:29 查询号码 【1825261】，GSD为【"江苏-泰州"】

2023-12-27 01:14:30 开始第 5360 次操作

2023-12-27 01:14:30 开始操作号码 【1825262】
2023-12-27 01:14:34 GSD getOne 第 1 次 等待 3 秒
2023-12-27 01:14:37 查询号码 【1825262】，返回信息 {"status":"ok","msg":"江苏-泰州","gid":"431401","time_insert":"2021-07-29 07:49"}
2023-12-27 01:14:37 查询号码 【1825262】，GSD为【"江苏-泰州"】

2023-12-27 01:37:20 开始第 5361 次操作

2023-12-27 01:37:20 开始操作号码 【1825263】
2023-12-27 01:37:25 GSD getOne 第 1 次 等待 3 秒
2023-12-27 01:37:28 查询号码 【1825263】，返回信息 {"status":"ok","msg":"江苏-泰州","gid":"431389","time_insert":"2021-07-29 07:48"}
2023-12-27 01:37:28 查询号码 【1825263】，GSD为【"江苏-泰州"】

2023-12-27 01:37:29 开始第 5362 次操作

2023-12-27 01:37:29 开始操作号码 【1825264】
2023-12-27 01:37:33 GSD getOne 第 1 次 等待 3 秒
2023-12-27 01:37:36 查询号码 【1825264】，返回信息 {"status":"ok","msg":"江苏-泰州","gid":"431381","time_insert":"2021-07-29 07:48"}
2023-12-27 01:37:36 查询号码 【1825264】，GSD为【"江苏-泰州"】

2023-12-27 01:37:37 开始第 5363 次操作

2023-12-27 01:37:37 开始操作号码 【1825265】
2023-12-27 01:37:41 GSD getOne 第 1 次 等待 3 秒
2023-12-27 01:37:44 查询号码 【1825265】，返回信息 {"status":"ok","msg":"江苏-泰州","gid":"431370","time_insert":"2021-07-29 07:47"}
2023-12-27 01:37:44 查询号码 【1825265】，GSD为【"江苏-泰州"】

2023-12-27 01:37:46 开始第 5364 次操作

2023-12-27 01:37:46 开始操作号码 【1825266】
2023-12-27 01:37:49 GSD getOne 第 1 次 等待 3 秒
2023-12-27 01:37:52 查询号码 【1825266】，返回信息 {"status":"ok","msg":"江苏-泰州","gid":"431360","time_insert":"2021-07-29 07:46"}
2023-12-27 01:37:52 查询号码 【1825266】，GSD为【"江苏-泰州"】

