2021-07-30 00:00:27 开始第 18 次操作

2021-07-30 00:00:27 开始操作号码 【1866854】
2021-07-30 00:00:33 GSD getOne 第 1 次 等待 3 秒
2021-07-30 00:00:36 查询号码 【1866854】，返回信息 {"status":"bad","msg":""}
2021-07-30 00:00:36 查询号码 【1866854】，GSD为【""】
2021-07-30 00:00:36 bad
2021-07-30 00:00:37 CHB 1866854?1627574436 第 1 次 等待 3 秒
2021-07-30 00:00:40 CHB 1866854?1627574436 第 1 次 获取到号码【1866854】GSD
2021-07-30 00:00:40 获取到号码【1866854】的GSD为【浙江-宁波】
2021-07-30 00:00:49 GSD insert 第 1 次 等待 3 秒
2021-07-30 00:00:52 {"status":"ok","gid":438555,"msg":"添加成功！"}
2021-07-30 00:00:52 下次操作: 2021-07-30 00:01:09

2021-07-30 00:01:09 开始第 19 次操作

2021-07-30 00:01:09 开始操作号码 【1866853】
2021-07-30 00:01:12 GSD getOne 第 1 次 等待 3 秒
2021-07-30 00:01:15 查询号码 【1866853】，返回信息 {"status":"bad","msg":""}
2021-07-30 00:01:15 查询号码 【1866853】，GSD为【""】
2021-07-30 00:01:15 bad
2021-07-30 00:01:16 CHB 1866853?1627574475 第 1 次 等待 3 秒
2021-07-30 00:01:19 CHB 1866853?1627574475 第 1 次 获取到号码【1866853】GSD
2021-07-30 00:01:19 获取到号码【1866853】的GSD为【浙江-宁波】
2021-07-30 00:01:25 GSD insert 第 1 次 等待 3 秒
2021-07-30 00:01:28 {"status":"ok","gid":438564,"msg":"添加成功！"}
2021-07-30 00:01:28 下次操作: 2021-07-30 00:01:48

2021-07-30 00:01:48 开始第 20 次操作

2021-07-30 00:01:48 开始操作号码 【1866852】
2021-07-30 00:01:52 GSD getOne 第 1 次 等待 3 秒
2021-07-30 00:01:55 查询号码 【1866852】，返回信息 {"status":"bad","msg":""}
2021-07-30 00:01:55 查询号码 【1866852】，GSD为【""】
2021-07-30 00:01:55 bad
2021-07-30 00:01:57 CHB 1866852?1627574515 第 1 次 等待 3 秒
2021-07-30 00:02:00 CHB 1866852?1627574515 第 1 次 获取到号码【1866852】GSD
2021-07-30 00:02:00 获取到号码【1866852】的GSD为【浙江-绍兴】
2021-07-30 00:02:03 GSD insert 第 1 次 等待 3 秒
2021-07-30 00:02:06 {"status":"ok","gid":438575,"msg":"添加成功！"}
2021-07-30 00:02:06 下次操作: 2021-07-30 00:02:19

2021-07-30 00:02:19 开始第 21 次操作

2021-07-30 00:02:19 开始操作号码 【1866851】
2021-07-30 00:02:39 GSD getOne 第 1 次 等待 3 秒
2021-07-30 00:02:42 查询号码 【1866851】，返回信息 {"status":"bad","msg":""}
2021-07-30 00:02:42 查询号码 【1866851】，GSD为【""】
2021-07-30 00:02:42 bad
2021-07-30 00:02:44 CHB 1866851?1627574562 第 1 次 等待 3 秒
2021-07-30 00:02:47 CHB 1866851?1627574562 第 1 次 获取到号码【1866851】GSD
2021-07-30 00:02:47 获取到号码【1866851】的GSD为【浙江-绍兴】
2021-07-30 00:02:50 GSD insert 第 1 次 等待 3 秒
2021-07-30 00:02:53 {"status":"ok","gid":438588,"msg":"添加成功！"}
2021-07-30 00:02:53 下次操作: 2021-07-30 00:03:06

2021-07-30 00:03:06 开始第 22 次操作

2021-07-30 00:03:06 开始操作号码 【1866850】
2021-07-30 00:03:12 GSD getOne 第 1 次 等待 3 秒
2021-07-30 00:03:15 查询号码 【1866850】，返回信息 {"status":"bad","msg":""}
2021-07-30 00:03:15 查询号码 【1866850】，GSD为【""】
2021-07-30 00:03:15 bad
2021-07-30 00:03:16 CHB 1866850?1627574595 第 1 次 等待 3 秒
2021-07-30 00:03:19 CHB 1866850?1627574595 第 1 次 获取到号码【1866850】GSD
2021-07-30 00:03:19 获取到号码【1866850】的GSD为【浙江-绍兴】
2021-07-30 00:03:25 GSD insert 第 1 次 等待 3 秒
2021-07-30 00:03:28 {"status":"ok","gid":438597,"msg":"添加成功！"}
2021-07-30 00:03:28 下次操作: 2021-07-30 00:03:50

2021-07-30 00:03:50 开始第 23 次操作

2021-07-30 00:03:50 开始操作号码 【1866849】
2021-07-30 00:03:58 GSD getOne 第 1 次 等待 3 秒
2021-07-30 00:04:01 查询号码 【1866849】，返回信息 {"status":"bad","msg":""}
2021-07-30 00:04:01 查询号码 【1866849】，GSD为【""】
2021-07-30 00:04:01 bad
2021-07-30 00:04:03 CHB 1866849?1627574641 第 1 次 等待 3 秒
2021-07-30 00:04:06 CHB 1866849?1627574641 第 1 次 获取到号码【1866849】GSD
2021-07-30 00:04:06 获取到号码【1866849】的GSD为【浙江-杭州】
2021-07-30 00:04:12 GSD insert 第 1 次 等待 3 秒
2021-07-30 00:04:15 {"status":"ok","gid":438608,"msg":"添加成功！"}
2021-07-30 00:04:15 下次操作: 2021-07-30 00:04:39

2021-07-30 00:04:39 开始第 24 次操作

2021-07-30 00:04:39 开始操作号码 【1866848】
2021-07-30 00:04:45 GSD getOne 第 1 次 等待 3 秒
2021-07-30 00:04:48 查询号码 【1866848】，返回信息 {"status":"bad","msg":""}
2021-07-30 00:04:48 查询号码 【1866848】，GSD为【""】
2021-07-30 00:04:48 bad
2021-07-30 00:04:49 CHB 1866848?1627574688 第 1 次 等待 3 秒
2021-07-30 00:04:52 CHB 1866848?1627574688 第 1 次 获取到号码【1866848】GSD
2021-07-30 00:04:52 获取到号码【1866848】的GSD为【浙江-杭州】
2021-07-30 00:04:56 GSD insert 第 1 次 等待 3 秒
2021-07-30 00:04:59 {"status":"ok","gid":438615,"msg":"添加成功！"}
2021-07-30 00:04:59 下次操作: 2021-07-30 00:05:18

2021-07-30 00:05:18 开始第 25 次操作

2021-07-30 00:05:18 开始操作号码 【1866847】
2021-07-30 00:05:25 GSD getOne 第 1 次 等待 3 秒
2021-07-30 00:05:28 查询号码 【1866847】，返回信息 {"status":"bad","msg":""}
2021-07-30 00:05:28 查询号码 【1866847】，GSD为【""】
2021-07-30 00:05:28 bad
2021-07-30 00:05:30 CHB 1866847?1627574728 第 1 次 等待 3 秒
2021-07-30 00:05:33 CHB 1866847?1627574728 第 1 次 获取到号码【1866847】GSD
2021-07-30 00:05:33 获取到号码【1866847】的GSD为【浙江-杭州】
2021-07-30 00:05:37 GSD insert 第 1 次 等待 3 秒
2021-07-30 00:05:40 {"status":"ok","gid":438624,"msg":"添加成功！"}
2021-07-30 00:05:40 下次操作: 2021-07-30 00:06:00

2021-07-30 00:06:01 开始第 26 次操作

2021-07-30 00:06:01 开始操作号码 【1866846】
2021-07-30 00:06:04 GSD getOne 第 1 次 等待 3 秒
2021-07-30 00:06:07 查询号码 【1866846】，返回信息 {"status":"bad","msg":""}
2021-07-30 00:06:07 查询号码 【1866846】，GSD为【""】
2021-07-30 00:06:07 bad
2021-07-30 00:06:09 CHB 1866846?1627574767 第 1 次 等待 3 秒
2021-07-30 00:06:12 CHB 1866846?1627574767 第 1 次 获取到号码【1866846】GSD
2021-07-30 00:06:12 获取到号码【1866846】的GSD为【浙江-杭州】
2021-07-30 00:06:15 GSD insert 第 1 次 等待 3 秒
2021-07-30 00:06:18 {"status":"ok","gid":438635,"msg":"添加成功！"}
2021-07-30 00:06:18 下次操作: 2021-07-30 00:06:36

2021-07-30 00:06:36 开始第 27 次操作

2021-07-30 00:06:36 开始操作号码 【1866845】
2021-07-30 00:06:39 GSD getOne 第 1 次 等待 3 秒
2021-07-30 00:06:42 查询号码 【1866845】，返回信息 {"status":"bad","msg":""}
2021-07-30 00:06:42 查询号码 【1866845】，GSD为【""】
2021-07-30 00:06:42 bad
2021-07-30 00:06:43 CHB 1866845?1627574802 第 1 次 等待 3 秒
2021-07-30 00:06:46 CHB 1866845?1627574802 第 1 次 获取到号码【1866845】GSD
2021-07-30 00:06:46 获取到号码【1866845】的GSD为【浙江-杭州】
2021-07-30 00:06:52 GSD insert 第 1 次 等待 3 秒
2021-07-30 00:06:55 {"status":"ok","gid":438645,"msg":"添加成功！"}
2021-07-30 00:06:55 下次操作: 2021-07-30 00:07:19

2021-07-30 00:07:19 开始第 28 次操作

2021-07-30 00:07:19 开始操作号码 【1866844】
2021-07-30 00:07:43 GSD getOne 第 1 次 等待 3 秒
2021-07-30 00:07:46 查询号码 【1866844】，返回信息 {"status":"bad","msg":""}
2021-07-30 00:07:46 查询号码 【1866844】，GSD为【""】
2021-07-30 00:07:46 bad
2021-07-30 00:07:48 CHB 1866844?1627574866 第 1 次 等待 3 秒
2021-07-30 00:07:51 CHB 1866844?1627574866 第 1 次 获取到号码【1866844】GSD
2021-07-30 00:07:51 获取到号码【1866844】的GSD为【浙江-杭州】
2021-07-30 00:07:54 GSD insert 第 1 次 等待 3 秒
2021-07-30 00:07:57 {"status":"ok","gid":438662,"msg":"添加成功！"}
2021-07-30 00:07:57 下次操作: 2021-07-30 00:08:17

2021-07-30 00:08:17 开始第 29 次操作

2021-07-30 00:08:17 开始操作号码 【1866843】
2021-07-30 00:08:21 GSD getOne 第 1 次 等待 3 秒
2021-07-30 00:08:24 查询号码 【1866843】，返回信息 {"status":"bad","msg":""}
2021-07-30 00:08:24 查询号码 【1866843】，GSD为【""】
2021-07-30 00:08:24 bad
2021-07-30 00:08:25 CHB 1866843?1627574904 第 1 次 等待 3 秒
2021-07-30 00:08:28 CHB 1866843?1627574904 第 1 次 获取到号码【1866843】GSD
2021-07-30 00:08:28 获取到号码【1866843】的GSD为【浙江-杭州】
2021-07-30 00:08:36 GSD insert 第 1 次 等待 3 秒
2021-07-30 00:08:39 {"status":"ok","gid":438675,"msg":"添加成功！"}
2021-07-30 00:08:39 下次操作: 2021-07-30 00:08:56

2021-07-30 00:08:56 开始第 30 次操作

2021-07-30 00:08:56 开始操作号码 【1866842】
2021-07-30 00:08:59 GSD getOne 第 1 次 等待 3 秒
2021-07-30 00:09:02 查询号码 【1866842】，返回信息 {"status":"bad","msg":""}
2021-07-30 00:09:03 查询号码 【1866842】，GSD为【""】
2021-07-30 00:09:03 bad
2021-07-30 00:09:04 CHB 1866842?1627574943 第 1 次 等待 3 秒
2021-07-30 00:09:07 CHB 1866842?1627574943 第 1 次 获取到号码【1866842】GSD
2021-07-30 00:09:07 获取到号码【1866842】的GSD为【浙江-杭州】
2021-07-30 00:09:10 GSD insert 第 1 次 等待 3 秒
2021-07-30 00:09:13 {"status":"ok","gid":438684,"msg":"添加成功！"}
2021-07-30 00:09:13 下次操作: 2021-07-30 00:09:37

2021-07-30 00:09:37 开始第 31 次操作

2021-07-30 00:09:37 开始操作号码 【1866841】
2021-07-30 00:09:49 GSD getOne 第 1 次 等待 3 秒
2021-07-30 00:09:52 查询号码 【1866841】，返回信息 {"status":"bad","msg":""}
2021-07-30 00:09:52 查询号码 【1866841】，GSD为【""】
2021-07-30 00:09:52 bad
2021-07-30 00:09:53 CHB 1866841?1627574992 第 1 次 等待 3 秒
2021-07-30 00:09:56 CHB 1866841?1627574992 第 1 次 获取到号码【1866841】GSD
2021-07-30 00:09:56 获取到号码【1866841】的GSD为【浙江-杭州】
2021-07-30 00:10:00 GSD insert 第 1 次 等待 3 秒
2021-07-30 00:10:03 {"status":"ok","gid":438694,"msg":"添加成功！"}
2021-07-30 00:10:03 下次操作: 2021-07-30 00:10:17

2021-07-30 00:10:17 开始第 32 次操作

2021-07-30 00:10:17 开始操作号码 【1866840】
2021-07-30 00:10:20 GSD getOne 第 1 次 等待 3 秒
2021-07-30 00:10:23 查询号码 【1866840】，返回信息 {"status":"bad","msg":""}
2021-07-30 00:10:23 查询号码 【1866840】，GSD为【""】
2021-07-30 00:10:23 bad
2021-07-30 00:10:24 CHB 1866840?1627575023 第 1 次 等待 3 秒
2021-07-30 00:10:27 CHB 1866840?1627575023 第 1 次 获取到号码【1866840】GSD
2021-07-30 00:10:27 获取到号码【1866840】的GSD为【浙江-杭州】
2021-07-30 00:10:45 GSD insert 第 1 次 等待 3 秒
2021-07-30 00:10:48 {"status":"ok","gid":438704,"msg":"添加成功！"}
2021-07-30 00:10:48 下次操作: 2021-07-30 00:11:08

2021-07-30 00:11:08 开始第 33 次操作

2021-07-30 00:11:08 开始操作号码 【1866839】
2021-07-30 00:11:10 GSD getOne 第 1 次 等待 3 秒
2021-07-30 00:11:13 查询号码 【1866839】，返回信息 {"status":"bad","msg":""}
2021-07-30 00:11:14 查询号码 【1866839】，GSD为【""】
2021-07-30 00:11:14 bad
2021-07-30 00:11:15 CHB 1866839?1627575074 第 1 次 等待 3 秒
2021-07-30 00:11:18 CHB 1866839?1627575074 第 1 次 获取到号码【1866839】GSD
2021-07-30 00:11:18 获取到号码【1866839】的GSD为【浙江-嘉兴】
2021-07-30 00:11:21 GSD insert 第 1 次 等待 3 秒
2021-07-30 00:11:24 {"status":"ok","gid":438711,"msg":"添加成功！"}
2021-07-30 00:11:24 下次操作: 2021-07-30 00:11:47

2021-07-30 00:11:47 开始第 34 次操作

2021-07-30 00:11:47 开始操作号码 【1866838】
2021-07-30 00:11:50 GSD getOne 第 1 次 等待 3 秒
2021-07-30 00:11:53 查询号码 【1866838】，返回信息 {"status":"ok","msg":"浙江-嘉兴","gid":"40957","time_insert":"2014-06-18 16:56","time_update":"2020-09-03 00:10"}
2021-07-30 00:11:53 查询号码 【1866838】，GSD为【"浙江-嘉兴"】

2021-07-30 00:11:53 开始第 34 次操作

2021-07-30 00:11:53 开始操作号码 【1866837】
2021-07-30 00:11:56 GSD getOne 第 1 次 等待 3 秒
2021-07-30 00:11:59 查询号码 【1866837】，返回信息 {"status":"bad","msg":""}
2021-07-30 00:11:59 查询号码 【1866837】，GSD为【""】
2021-07-30 00:11:59 bad
2021-07-30 00:12:01 CHB 1866837?1627575119 第 1 次 等待 3 秒
2021-07-30 00:12:04 CHB 1866837?1627575119 第 1 次 获取到号码【1866837】GSD
2021-07-30 00:12:04 获取到号码【1866837】的GSD为【浙江-嘉兴】
2021-07-30 00:12:07 GSD insert 第 1 次 等待 3 秒
2021-07-30 00:12:10 {"status":"ok","gid":438724,"msg":"添加成功！"}
2021-07-30 00:12:10 下次操作: 2021-07-30 00:12:26

2021-07-30 00:12:26 开始第 35 次操作

2021-07-30 00:12:26 开始操作号码 【1866836】
2021-07-30 00:12:30 GSD getOne 第 1 次 等待 3 秒
2021-07-30 00:12:33 查询号码 【1866836】，返回信息 {"status":"bad","msg":""}
2021-07-30 00:12:33 查询号码 【1866836】，GSD为【""】
2021-07-30 00:12:33 bad
2021-07-30 00:12:34 CHB 1866836?1627575153 第 1 次 等待 3 秒
2021-07-30 00:12:37 CHB 1866836?1627575153 第 1 次 获取到号码【1866836】GSD
2021-07-30 00:12:37 获取到号码【1866836】的GSD为【浙江-嘉兴】
2021-07-30 00:12:41 GSD insert 第 1 次 等待 3 秒
2021-07-30 00:12:44 {"status":"ok","gid":438732,"msg":"添加成功！"}
2021-07-30 00:12:44 下次操作: 2021-07-30 00:13:04

2021-07-30 00:13:04 开始第 36 次操作

2021-07-30 00:13:04 开始操作号码 【1866835】
2021-07-30 00:13:07 GSD getOne 第 1 次 等待 3 秒
2021-07-30 00:13:10 查询号码 【1866835】，返回信息 {"status":"bad","msg":""}
2021-07-30 00:13:10 查询号码 【1866835】，GSD为【""】
2021-07-30 00:13:10 bad
2021-07-30 00:13:12 CHB 1866835?1627575190 第 1 次 等待 3 秒
2021-07-30 00:13:15 CHB 1866835?1627575190 第 1 次 获取到号码【1866835】GSD
2021-07-30 00:13:15 获取到号码【1866835】的GSD为【浙江-嘉兴】
2021-07-30 00:13:18 GSD insert 第 1 次 等待 3 秒
2021-07-30 00:13:21 {"status":"ok","gid":438740,"msg":"添加成功！"}
2021-07-30 00:13:21 下次操作: 2021-07-30 00:13:34

2021-07-30 00:13:34 开始第 37 次操作

2021-07-30 00:13:34 开始操作号码 【1866834】
2021-07-30 00:14:02 GSD getOne 第 1 次 等待 3 秒
2021-07-30 00:14:05 查询号码 【1866834】，返回信息 {"status":"bad","msg":""}
2021-07-30 00:14:05 查询号码 【1866834】，GSD为【""】
2021-07-30 00:14:05 bad
2021-07-30 00:14:06 CHB 1866834?1627575245 第 1 次 等待 3 秒
2021-07-30 00:14:09 CHB 1866834?1627575245 第 1 次 获取到号码【1866834】GSD
2021-07-30 00:14:09 获取到号码【1866834】的GSD为【浙江-嘉兴】
2021-07-30 00:14:23 GSD insert 第 1 次 等待 3 秒
2021-07-30 00:14:26 {"status":"ok","gid":438748,"msg":"添加成功！"}
2021-07-30 00:14:26 下次操作: 2021-07-30 00:14:43

2021-07-30 00:14:43 开始第 38 次操作

2021-07-30 00:14:43 开始操作号码 【1866833】
2021-07-30 00:14:46 GSD getOne 第 1 次 等待 3 秒
2021-07-30 00:14:49 查询号码 【1866833】，返回信息 {"status":"ok","msg":"浙江-嘉兴","gid":"40956","time_insert":"2019-02-16 15:36","time_update":"2020-09-03 00:06"}
2021-07-30 00:14:49 查询号码 【1866833】，GSD为【"浙江-嘉兴"】

2021-07-30 00:14:49 开始第 38 次操作

2021-07-30 00:14:49 开始操作号码 【1866832】
2021-07-30 00:14:52 GSD getOne 第 1 次 等待 3 秒
2021-07-30 00:14:55 查询号码 【1866832】，返回信息 {"status":"bad","msg":""}
2021-07-30 00:14:55 查询号码 【1866832】，GSD为【""】
2021-07-30 00:14:55 bad
2021-07-30 00:14:57 CHB 1866832?1627575295 第 1 次 等待 3 秒
2021-07-30 00:15:00 CHB 1866832?1627575295 第 1 次 获取到号码【1866832】GSD
2021-07-30 00:15:00 获取到号码【1866832】的GSD为【浙江-嘉兴】
2021-07-30 00:15:03 GSD insert 第 1 次 等待 3 秒
2021-07-30 00:15:06 {"status":"ok","gid":438754,"msg":"添加成功！"}
2021-07-30 00:15:06 下次操作: 2021-07-30 00:15:27

2021-07-30 00:15:27 开始第 39 次操作

2021-07-30 00:15:27 开始操作号码 【1866831】
2021-07-30 00:15:30 GSD getOne 第 1 次 等待 3 秒
2021-07-30 00:15:33 查询号码 【1866831】，返回信息 {"status":"bad","msg":""}
2021-07-30 00:15:33 查询号码 【1866831】，GSD为【""】
2021-07-30 00:15:33 bad
2021-07-30 00:15:34 CHB 1866831?1627575333 第 1 次 等待 3 秒
2021-07-30 00:15:37 CHB 1866831?1627575333 第 1 次 获取到号码【1866831】GSD
2021-07-30 00:15:37 获取到号码【1866831】的GSD为【浙江-嘉兴】
2021-07-30 00:15:43 GSD insert 第 1 次 等待 3 秒
2021-07-30 00:15:46 {"status":"ok","gid":438756,"msg":"添加成功！"}
2021-07-30 00:15:46 下次操作: 2021-07-30 00:16:02

2021-07-30 00:16:02 开始第 40 次操作

2021-07-30 00:16:02 开始操作号码 【1866830】
2021-07-30 00:16:05 GSD getOne 第 1 次 等待 3 秒
2021-07-30 00:16:08 查询号码 【1866830】，返回信息 {"status":"bad","msg":""}
2021-07-30 00:16:08 查询号码 【1866830】，GSD为【""】
2021-07-30 00:16:08 bad
2021-07-30 00:16:09 CHB 1866830?1627575368 第 1 次 等待 3 秒
2021-07-30 00:16:12 CHB 1866830?1627575368 第 1 次 获取到号码【1866830】GSD
2021-07-30 00:16:12 获取到号码【1866830】的GSD为【浙江-嘉兴】
2021-07-30 00:16:15 GSD insert 第 1 次 等待 3 秒
2021-07-30 00:16:18 {"status":"ok","gid":438759,"msg":"添加成功！"}

