2024-02-19 00:19:13 开始第 4473 次操作

2024-02-19 00:19:13 开始操作号码 【1714375】
2024-02-19 00:19:20 GSD getOne 第 1 次 等待 3 秒
2024-02-19 00:19:23 查询号码 【1714375】，返回信息 {"status":"ok","msg":"河南-平顶山","gid":"179902","time_insert":"2021-07-03 07:47"}
2024-02-19 00:19:23 查询号码 【1714375】，GSD为【"河南-平顶山"】

2024-02-19 00:19:24 开始第 4474 次操作

2024-02-19 00:19:24 开始操作号码 【1714376】
2024-02-19 00:19:31 GSD getOne 第 1 次 等待 3 秒
2024-02-19 00:19:34 查询号码 【1714376】，返回信息 {"status":"ok","msg":"河南-信阳","gid":"179911","time_insert":"2021-07-03 07:48"}
2024-02-19 00:19:34 查询号码 【1714376】，GSD为【"河南-信阳"】

2024-02-19 00:19:35 开始第 4475 次操作

2024-02-19 00:19:35 开始操作号码 【1714377】
2024-02-19 00:19:40 GSD getOne 第 1 次 等待 3 秒
2024-02-19 00:19:43 查询号码 【1714377】，返回信息 {"status":"ok","msg":"河南-南阳","gid":"179920","time_insert":"2021-07-03 07:48"}
2024-02-19 00:19:43 查询号码 【1714377】，GSD为【"河南-南阳"】

2024-02-19 00:19:44 开始第 4476 次操作

2024-02-19 00:19:44 开始操作号码 【1714378】
2024-02-19 00:19:49 GSD getOne 第 1 次 等待 3 秒
2024-02-19 00:19:52 查询号码 【1714378】，返回信息 {"status":"ok","msg":"山东-德州","gid":"179927","time_insert":"2021-07-03 07:49"}
2024-02-19 00:19:52 查询号码 【1714378】，GSD为【"山东-德州"】

