2024-05-05 00:19:36 开始第 7093 次操作

2024-05-05 00:19:36 开始操作号码 【1606994】
2024-05-05 00:19:42 GSD getOne 第 1 次 等待 3 秒
2024-05-05 00:19:45 查询号码 【1606994】，返回信息 {"status":"ok","msg":"-","gid":"667921","time_insert":"2023-04-21 04:34"}
2024-05-05 00:19:45 查询号码 【1606994】，GSD为【"-"】
2024-05-05 00:19:45 ok && -
2024-05-05 00:19:48 CHB 1606994?1714839585 第 1 次 等待 3 秒
2024-05-05 00:19:51 CHB 1606994?1714839585 第 1 次 获取到号码【1606994】GSD
2024-05-05 00:19:51 未获取到号码【1606994】GSD，可能号码格式错误
2024-05-05 00:19:51 获取到号码【1606994】的GSD为【-】
2024-05-05 00:19:57 GSD insert 第 1 次 等待 3 秒
2024-05-05 00:20:00 {"status":"bad","gid":"667921","msg":"添加失败！号码【1606994(-|-)】已存在！"}
2024-05-05 00:20:00 随机等待 67 秒，约 1 分钟
2024-05-05 00:20:00 下次操作: 2024-05-05 00:21:07

2024-05-05 00:21:07 开始第 7094 次操作

2024-05-05 00:21:07 开始操作号码 【1606995】
2024-05-05 00:21:15 GSD getOne 第 1 次 等待 3 秒
2024-05-05 00:21:18 查询号码 【1606995】，返回信息 {"status":"ok","msg":"-","gid":"667938","time_insert":"2023-04-21 04:43"}
2024-05-05 00:21:18 查询号码 【1606995】，GSD为【"-"】
2024-05-05 00:21:18 ok && -
2024-05-05 00:21:20 CHB 1606995?1714839678 第 1 次 等待 3 秒
2024-05-05 00:21:23 CHB 1606995?1714839678 第 1 次 获取到号码【1606995】GSD
2024-05-05 00:21:23 未获取到号码【1606995】GSD，可能号码格式错误
2024-05-05 00:21:23 获取到号码【1606995】的GSD为【-】
2024-05-05 00:21:35 GSD insert 第 1 次 等待 3 秒
2024-05-05 00:21:38 {"status":"bad","gid":"667938","msg":"添加失败！号码【1606995(-|-)】已存在！"}
2024-05-05 00:21:38 随机等待 77 秒，约 1 分钟
2024-05-05 00:21:38 下次操作: 2024-05-05 00:22:55

2024-05-05 00:22:55 开始第 7095 次操作

2024-05-05 00:22:55 开始操作号码 【1606996】
2024-05-05 00:23:01 GSD getOne 第 1 次 等待 3 秒
2024-05-05 00:23:04 查询号码 【1606996】，返回信息 {"status":"ok","msg":"-","gid":"667969","time_insert":"2023-04-21 05:02"}
2024-05-05 00:23:04 查询号码 【1606996】，GSD为【"-"】
2024-05-05 00:23:04 ok && -
2024-05-05 00:23:05 CHB 1606996?1714839784 第 1 次 等待 3 秒
2024-05-05 00:23:08 CHB 1606996?1714839784 第 1 次 获取到号码【1606996】GSD
2024-05-05 00:23:08 未获取到号码【1606996】GSD，可能号码格式错误
2024-05-05 00:23:08 获取到号码【1606996】的GSD为【-】
2024-05-05 00:23:19 GSD insert 第 1 次 等待 3 秒
2024-05-05 00:23:22 {"status":"bad","gid":"667969","msg":"添加失败！号码【1606996(-|-)】已存在！"}
2024-05-05 00:23:22 随机等待 210 秒，约 3 分钟
2024-05-05 00:23:22 下次操作: 2024-05-05 00:26:52

2024-05-05 00:26:52 开始第 7096 次操作

2024-05-05 00:26:52 开始操作号码 【1606997】
2024-05-05 00:26:57 GSD getOne 第 1 次 等待 3 秒
2024-05-05 00:27:00 查询号码 【1606997】，返回信息 {"status":"ok","msg":"-","gid":"667990","time_insert":"2023-04-21 05:15"}
2024-05-05 00:27:00 查询号码 【1606997】，GSD为【"-"】
2024-05-05 00:27:00 ok && -
2024-05-05 00:27:05 CHB 1606997?1714840020 第 1 次 等待 3 秒
2024-05-05 00:27:08 CHB 1606997?1714840020 第 1 次 获取到号码【1606997】GSD
2024-05-05 00:27:08 未获取到号码【1606997】GSD，可能号码格式错误
2024-05-05 00:27:08 获取到号码【1606997】的GSD为【-】
2024-05-05 00:27:14 GSD insert 第 1 次 等待 3 秒
2024-05-05 00:27:17 {"status":"bad","gid":"667990","msg":"添加失败！号码【1606997(-|-)】已存在！"}

