2024-03-30 00:20:52 开始第 877 次操作

2024-03-30 00:20:52 开始操作号码 【1600780】
2024-03-30 00:20:57 GSD getOne 第 1 次 等待 3 秒
2024-03-30 00:21:00 查询号码 【1600780】，返回信息 {"status":"ok","msg":"-","gid":"528652","time_insert":"2023-02-13 08:40"}
2024-03-30 00:21:00 查询号码 【1600780】，GSD为【"-"】
2024-03-30 00:21:00 ok && -
2024-03-30 00:21:01 CHB 1600780?1711729260 第 1 次 等待 3 秒
2024-03-30 00:21:04 CHB 1600780?1711729260 第 1 次 获取到号码【1600780】GSD
2024-03-30 00:21:05 未获取到号码【1600780】GSD，可能号码格式错误
2024-03-30 00:21:05 获取到号码【1600780】的GSD为【-】
2024-03-30 00:21:09 GSD insert 第 1 次 等待 3 秒
2024-03-30 00:21:12 {"status":"bad","gid":"528652","msg":"添加失败！号码【1600780(-|-)】已存在！"}
2024-03-30 00:21:12 随机等待 181 秒，约 3 分钟
2024-03-30 00:21:12 下次操作: 2024-03-30 00:24:13

2024-03-30 00:24:13 开始第 878 次操作

2024-03-30 00:24:13 开始操作号码 【1600781】
2024-03-30 00:24:19 GSD getOne 第 1 次 等待 3 秒
2024-03-30 00:24:22 查询号码 【1600781】，返回信息 {"status":"ok","msg":"-","gid":"528662","time_insert":"2023-02-13 08:50"}
2024-03-30 00:24:22 查询号码 【1600781】，GSD为【"-"】
2024-03-30 00:24:22 ok && -
2024-03-30 00:24:23 CHB 1600781?1711729462 第 1 次 等待 3 秒
2024-03-30 00:24:26 CHB 1600781?1711729462 第 1 次 获取到号码【1600781】GSD
2024-03-30 00:24:26 未获取到号码【1600781】GSD，可能号码格式错误
2024-03-30 00:24:26 获取到号码【1600781】的GSD为【-】
2024-03-30 00:24:31 GSD insert 第 1 次 等待 3 秒
2024-03-30 00:24:34 {"status":"bad","gid":"528662","msg":"添加失败！号码【1600781(-|-)】已存在！"}
2024-03-30 00:24:34 随机等待 144 秒，约 2 分钟
2024-03-30 00:24:34 下次操作: 2024-03-30 00:26:58

2024-03-30 00:26:58 开始第 879 次操作

2024-03-30 00:26:58 开始操作号码 【1600782】
2024-03-30 00:27:03 GSD getOne 第 1 次 等待 3 秒
2024-03-30 00:27:06 查询号码 【1600782】，返回信息 {"status":"ok","msg":"-","gid":"528673","time_insert":"2023-02-13 09:00"}
2024-03-30 00:27:06 查询号码 【1600782】，GSD为【"-"】
2024-03-30 00:27:06 ok && -
2024-03-30 00:27:08 CHB 1600782?1711729626 第 1 次 等待 3 秒
2024-03-30 00:27:11 CHB 1600782?1711729626 第 1 次 获取到号码【1600782】GSD
2024-03-30 00:27:11 未获取到号码【1600782】GSD，可能号码格式错误
2024-03-30 00:27:11 获取到号码【1600782】的GSD为【-】
2024-03-30 00:27:16 GSD insert 第 1 次 等待 3 秒
2024-03-30 00:27:19 {"status":"bad","gid":"528673","msg":"添加失败！号码【1600782(-|-)】已存在！"}
2024-03-30 00:27:19 随机等待 130 秒，约 2 分钟
2024-03-30 00:27:19 下次操作: 2024-03-30 00:29:29

2024-03-30 00:29:29 开始第 880 次操作

2024-03-30 00:29:29 开始操作号码 【1600783】
2024-03-30 00:29:33 GSD getOne 第 1 次 等待 3 秒
2024-03-30 00:29:36 查询号码 【1600783】，返回信息 {"status":"ok","msg":"-","gid":"528681","time_insert":"2023-02-13 09:09"}
2024-03-30 00:29:36 查询号码 【1600783】，GSD为【"-"】
2024-03-30 00:29:36 ok && -
2024-03-30 00:29:38 CHB 1600783?1711729776 第 1 次 等待 3 秒
2024-03-30 00:29:41 CHB 1600783?1711729776 第 1 次 获取到号码【1600783】GSD
2024-03-30 00:29:41 未获取到号码【1600783】GSD，可能号码格式错误
2024-03-30 00:29:41 获取到号码【1600783】的GSD为【-】
2024-03-30 00:29:45 GSD insert 第 1 次 等待 3 秒
2024-03-30 00:29:48 {"status":"bad","gid":"528681","msg":"添加失败！号码【1600783(-|-)】已存在！"}

2024-03-30 00:38:39 开始第 881 次操作

2024-03-30 00:38:39 开始操作号码 【1600784】
2024-03-30 00:38:45 GSD getOne 第 1 次 等待 3 秒
2024-03-30 00:38:48 查询号码 【1600784】，返回信息 {"status":"ok","msg":"-","gid":"528691","time_insert":"2023-02-13 09:19"}
2024-03-30 00:38:48 查询号码 【1600784】，GSD为【"-"】
2024-03-30 00:38:48 ok && -
2024-03-30 00:38:50 CHB 1600784?1711730328 第 1 次 等待 3 秒
2024-03-30 00:38:53 CHB 1600784?1711730328 第 1 次 获取到号码【1600784】GSD
2024-03-30 00:38:53 未获取到号码【1600784】GSD，可能号码格式错误
2024-03-30 00:38:53 获取到号码【1600784】的GSD为【-】
2024-03-30 00:38:58 GSD insert 第 1 次 等待 3 秒
2024-03-30 00:39:01 {"status":"bad","gid":"528691","msg":"添加失败！号码【1600784(-|-)】已存在！"}
2024-03-30 00:39:01 随机等待 85 秒，约 1 分钟
2024-03-30 00:39:01 下次操作: 2024-03-30 00:40:26

2024-03-30 00:40:26 开始第 882 次操作

2024-03-30 00:40:26 开始操作号码 【1600785】
2024-03-30 00:40:32 GSD getOne 第 1 次 等待 3 秒
2024-03-30 00:40:35 查询号码 【1600785】，返回信息 {"status":"ok","msg":"-","gid":"528704","time_insert":"2023-02-13 09:32"}
2024-03-30 00:40:35 查询号码 【1600785】，GSD为【"-"】
2024-03-30 00:40:35 ok && -
2024-03-30 00:40:37 CHB 1600785?1711730435 第 1 次 等待 3 秒
2024-03-30 00:40:40 CHB 1600785?1711730435 第 1 次 获取到号码【1600785】GSD
2024-03-30 00:40:40 未获取到号码【1600785】GSD，可能号码格式错误
2024-03-30 00:40:40 获取到号码【1600785】的GSD为【-】
2024-03-30 00:40:45 GSD insert 第 1 次 等待 3 秒
2024-03-30 00:40:48 {"status":"bad","gid":"528704","msg":"添加失败！号码【1600785(-|-)】已存在！"}
2024-03-30 00:40:48 随机等待 224 秒，约 3 分钟
2024-03-30 00:40:48 下次操作: 2024-03-30 00:44:32

2024-03-30 00:44:32 开始第 883 次操作

2024-03-30 00:44:32 开始操作号码 【1600786】
2024-03-30 00:44:46 GSD getOne 第 1 次 等待 3 秒
2024-03-30 00:44:49 查询号码 【1600786】，返回信息 {"status":"ok","msg":"-","gid":"528716","time_insert":"2023-02-13 09:41"}
2024-03-30 00:44:49 查询号码 【1600786】，GSD为【"-"】
2024-03-30 00:44:49 ok && -
2024-03-30 00:44:51 CHB 1600786?1711730689 第 1 次 等待 3 秒
2024-03-30 00:44:54 CHB 1600786?1711730689 第 1 次 获取到号码【1600786】GSD
2024-03-30 00:44:54 未获取到号码【1600786】GSD，可能号码格式错误
2024-03-30 00:44:54 获取到号码【1600786】的GSD为【-】
2024-03-30 00:44:58 GSD insert 第 1 次 等待 3 秒
2024-03-30 00:45:01 {"status":"bad","gid":"528716","msg":"添加失败！号码【1600786(-|-)】已存在！"}
2024-03-30 00:45:01 随机等待 164 秒，约 2 分钟
2024-03-30 00:45:01 下次操作: 2024-03-30 00:47:45

2024-03-30 00:47:46 开始第 884 次操作

2024-03-30 00:47:46 开始操作号码 【1600787】
2024-03-30 00:47:54 GSD getOne 第 1 次 等待 3 秒
2024-03-30 00:47:57 查询号码 【1600787】，返回信息 {"status":"ok","msg":"-","gid":"528728","time_insert":"2023-02-13 09:51"}
2024-03-30 00:47:57 查询号码 【1600787】，GSD为【"-"】
2024-03-30 00:47:57 ok && -
2024-03-30 00:48:00 CHB 1600787?1711730877 第 1 次 等待 3 秒
2024-03-30 00:48:03 CHB 1600787?1711730877 第 1 次 获取到号码【1600787】GSD
2024-03-30 00:48:03 未获取到号码【1600787】GSD，可能号码格式错误
2024-03-30 00:48:03 获取到号码【1600787】的GSD为【-】
2024-03-30 00:48:11 GSD insert 第 1 次 等待 3 秒
2024-03-30 00:48:14 {"status":"bad","gid":"528728","msg":"添加失败！号码【1600787(-|-)】已存在！"}

