2024-09-10 00:17:20 开始第 3869 次操作

2024-09-10 00:17:20 开始操作号码 【1383868】
2024-09-10 00:17:28 GSD getOne 第 1 次 等待 3 秒
2024-09-10 00:17:31 查询号码 【1383868】，返回信息 {"status":"ok","msg":"河南-周口","gid":"102705","time_insert":"2021-06-18 05:50"}
2024-09-10 00:17:31 查询号码 【1383868】，GSD为【"河南-周口"】

2024-09-10 00:17:32 开始第 3870 次操作

2024-09-10 00:17:32 开始操作号码 【1383869】
2024-09-10 00:17:40 GSD getOne 第 1 次 等待 3 秒
2024-09-10 00:17:43 查询号码 【1383869】，返回信息 {"status":"ok","msg":"河南-周口","gid":"102723","time_insert":"2021-06-18 06:06"}
2024-09-10 00:17:43 查询号码 【1383869】，GSD为【"河南-周口"】

2024-09-10 00:17:44 开始第 3871 次操作

2024-09-10 00:17:44 开始操作号码 【1383870】
2024-09-10 00:17:51 GSD getOne 第 1 次 等待 3 秒
2024-09-10 00:17:54 查询号码 【1383870】，返回信息 {"status":"ok","msg":"河南-南阳","gid":"53749","time_insert":"2021-01-26 17:33"}
2024-09-10 00:17:54 查询号码 【1383870】，GSD为【"河南-南阳"】

2024-09-10 00:17:55 开始第 3872 次操作

2024-09-10 00:17:55 开始操作号码 【1383871】
2024-09-10 00:18:03 GSD getOne 第 1 次 等待 3 秒
2024-09-10 00:18:06 查询号码 【1383871】，返回信息 {"status":"ok","msg":"河南-南阳","gid":"102756","time_insert":"2021-06-18 06:35"}
2024-09-10 00:18:06 查询号码 【1383871】，GSD为【"河南-南阳"】

