2024-11-22 00:13:17 开始第 6249 次操作

2024-11-22 00:13:17 开始操作号码 【1306248】
2024-11-22 00:13:18 GSD getOne 第 1 次 等待 3 秒
2024-11-22 00:13:21 查询号码 【1306248】，返回信息 {"status":"ok","msg":"福建-三明","gid":"196200","time_insert":"2021-07-05 07:01"}
2024-11-22 00:13:21 查询号码 【1306248】，GSD为【"福建-三明"】

2024-11-22 00:13:22 开始第 6250 次操作

2024-11-22 00:13:22 开始操作号码 【1306249】
2024-11-22 00:13:24 GSD getOne 第 1 次 等待 3 秒
2024-11-22 00:13:27 查询号码 【1306249】，返回信息 {"status":"ok","msg":"福建-三明","gid":"196236","time_insert":"2021-07-05 07:15"}
2024-11-22 00:13:27 查询号码 【1306249】，GSD为【"福建-三明"】

2024-11-22 00:13:28 开始第 6251 次操作

2024-11-22 00:13:28 开始操作号码 【1306250】
2024-11-22 00:13:29 GSD getOne 第 1 次 等待 3 秒
2024-11-22 00:13:32 查询号码 【1306250】，返回信息 {"status":"ok","msg":"江苏-南京","gid":"196259","time_insert":"2021-07-05 07:28"}
2024-11-22 00:13:32 查询号码 【1306250】，GSD为【"江苏-南京"】

2024-11-22 00:13:33 开始第 6252 次操作

2024-11-22 00:13:33 开始操作号码 【1306251】
2024-11-22 00:13:34 GSD getOne 第 1 次 等待 3 秒
2024-11-22 00:13:37 查询号码 【1306251】，返回信息 {"status":"ok","msg":"江苏-南京","gid":"196299","time_insert":"2021-07-05 07:41"}
2024-11-22 00:13:37 查询号码 【1306251】，GSD为【"江苏-南京"】

