2024-06-15 00:21:42 开始第 737 次操作

2024-06-15 00:21:42 开始操作号码 【1490631】
2024-06-15 00:21:49 GSD getOne 第 1 次 等待 3 秒
2024-06-15 00:21:52 查询号码 【1490631】，返回信息 {"status":"ok","msg":"上海-上海","gid":"258927","time_insert":"2021-07-12 19:37"}
2024-06-15 00:21:52 查询号码 【1490631】，GSD为【"上海-上海"】

2024-06-15 00:21:53 开始第 738 次操作

2024-06-15 00:21:53 开始操作号码 【1490632】
2024-06-15 00:22:05 GSD getOne 第 1 次 等待 3 秒
2024-06-15 00:22:08 查询号码 【1490632】，返回信息 {"status":"ok","msg":"上海-上海","gid":"258940","time_insert":"2021-07-12 19:37"}
2024-06-15 00:22:08 查询号码 【1490632】，GSD为【"上海-上海"】

2024-06-15 00:22:09 开始第 739 次操作

2024-06-15 00:22:09 开始操作号码 【1490633】
2024-06-15 00:22:15 GSD getOne 第 1 次 等待 3 秒
2024-06-15 00:22:18 查询号码 【1490633】，返回信息 {"status":"ok","msg":"上海-上海","gid":"258958","time_insert":"2021-07-12 19:38"}
2024-06-15 00:22:18 查询号码 【1490633】，GSD为【"上海-上海"】

2024-06-15 00:22:19 开始第 740 次操作

2024-06-15 00:22:19 开始操作号码 【1490634】
2024-06-15 00:22:42 GSD getOne 第 1 次 等待 3 秒
2024-06-15 00:22:45 查询号码 【1490634】，返回信息 {"status":"ok","msg":"上海-上海","gid":"258973","time_insert":"2021-07-12 19:39"}
2024-06-15 00:22:45 查询号码 【1490634】，GSD为【"上海-上海"】

