2021-07-06 00:00:19 开始第 9 次操作

2021-07-06 00:00:19 开始操作号码 【1709067】
2021-07-06 00:00:30 GSD getOne 第 1 次 等待 1 秒
2021-07-06 00:00:31 查询号码 【1709067】，返回信息 {"status":"bad","msg":""}
2021-07-06 00:00:31 查询号码 【1709067】，GSD为【""】
2021-07-06 00:00:31 bad
2021-07-06 00:00:33 CHB 1709067?1625500831 第 1 次 等待 1 秒
2021-07-06 00:00:34 CHB 1709067?1625500831 第 1 次 获取到号码【1709067】GSD
2021-07-06 00:00:34 获取到号码【1709067】的GSD为【重庆-重庆】
2021-07-06 00:00:55 GSD insert 第 1 次 等待 1 秒
2021-07-06 00:00:56 {"status":"ok","msg":"添加成功！201814"}
2021-07-06 00:00:56 下次操作: 2021-07-06 00:01:11

2021-07-06 00:01:11 开始第 10 次操作

2021-07-06 00:01:11 开始操作号码 【1709068】
2021-07-06 00:01:18 GSD getOne 第 1 次 等待 1 秒
2021-07-06 00:01:19 查询号码 【1709068】，返回信息 {"status":"bad","msg":""}
2021-07-06 00:01:19 查询号码 【1709068】，GSD为【""】
2021-07-06 00:01:19 bad
2021-07-06 00:01:20 CHB 1709068?1625500879 第 1 次 等待 1 秒
2021-07-06 00:01:21 CHB 1709068?1625500879 第 1 次 获取到号码【1709068】GSD
2021-07-06 00:01:21 获取到号码【1709068】的GSD为【重庆-重庆】
2021-07-06 00:01:41 GSD insert 第 1 次 等待 1 秒
2021-07-06 00:01:42 {"status":"ok","msg":"添加成功！201826"}
2021-07-06 00:01:42 下次操作: 2021-07-06 00:01:58

2021-07-06 00:01:58 开始第 11 次操作

2021-07-06 00:01:58 开始操作号码 【1709069】
2021-07-06 00:02:03 GSD getOne 第 1 次 等待 1 秒
2021-07-06 00:02:04 查询号码 【1709069】，返回信息 {"status":"bad","msg":""}
2021-07-06 00:02:04 查询号码 【1709069】，GSD为【""】
2021-07-06 00:02:04 bad
2021-07-06 00:02:05 CHB 1709069?1625500924 第 1 次 等待 1 秒
2021-07-06 00:02:06 CHB 1709069?1625500924 第 1 次 获取到号码【1709069】GSD
2021-07-06 00:02:06 获取到号码【1709069】的GSD为【重庆-重庆】
2021-07-06 00:02:26 GSD insert 第 1 次 等待 1 秒
2021-07-06 00:02:27 {"status":"ok","msg":"添加成功！201833"}
2021-07-06 00:02:27 下次操作: 2021-07-06 00:02:33

2021-07-06 00:02:33 开始第 12 次操作

2021-07-06 00:02:33 开始操作号码 【1709070】
2021-07-06 00:02:53 GSD getOne 第 1 次 等待 1 秒
2021-07-06 00:02:54 查询号码 【1709070】，返回信息 {"status":"bad","msg":""}
2021-07-06 00:02:54 查询号码 【1709070】，GSD为【""】
2021-07-06 00:02:54 bad
2021-07-06 00:02:59 CHB 1709070?1625500974 第 1 次 等待 1 秒
2021-07-06 00:03:00 CHB 1709070?1625500974 第 1 次 获取到号码【1709070】GSD
2021-07-06 00:03:00 获取到号码【1709070】的GSD为【重庆-重庆】
2021-07-06 00:03:25 GSD insert 第 1 次 等待 1 秒
2021-07-06 00:03:26 {"status":"ok","msg":"添加成功！201848"}
2021-07-06 00:03:26 下次操作: 2021-07-06 00:03:38

2021-07-06 00:03:38 开始第 13 次操作

2021-07-06 00:03:38 开始操作号码 【1709071】
2021-07-06 00:03:49 GSD getOne 第 1 次 等待 1 秒
2021-07-06 00:03:50 查询号码 【1709071】，返回信息 {"status":"bad","msg":""}
2021-07-06 00:03:50 查询号码 【1709071】，GSD为【""】
2021-07-06 00:03:50 bad
2021-07-06 00:03:52 CHB 1709071?1625501030 第 1 次 等待 1 秒
2021-07-06 00:03:53 CHB 1709071?1625501030 第 1 次 获取到号码【1709071】GSD
2021-07-06 00:03:53 获取到号码【1709071】的GSD为【重庆-重庆】
2021-07-06 00:04:14 GSD insert 第 1 次 等待 1 秒
2021-07-06 00:04:15 {"status":"ok","msg":"添加成功！201858"}
2021-07-06 00:04:15 下次操作: 2021-07-06 00:04:22

2021-07-06 00:04:22 开始第 14 次操作

2021-07-06 00:04:22 开始操作号码 【1709072】
2021-07-06 00:04:41 GSD getOne 第 1 次 等待 1 秒
2021-07-06 00:04:42 查询号码 【1709072】，返回信息 {"status":"bad","msg":""}
2021-07-06 00:04:42 查询号码 【1709072】，GSD为【""】
2021-07-06 00:04:42 bad
2021-07-06 00:04:44 CHB 1709072?1625501082 第 1 次 等待 1 秒
2021-07-06 00:04:45 CHB 1709072?1625501082 第 1 次 获取到号码【1709072】GSD
2021-07-06 00:04:45 获取到号码【1709072】的GSD为【重庆-重庆】
2021-07-06 00:05:07 GSD insert 第 1 次 等待 1 秒
2021-07-06 00:05:08 {"status":"ok","msg":"添加成功！201870"}
2021-07-06 00:05:08 下次操作: 2021-07-06 00:05:15

2021-07-06 00:05:15 开始第 15 次操作

2021-07-06 00:05:15 开始操作号码 【1709073】
2021-07-06 00:05:39 GSD getOne 第 1 次 等待 1 秒
2021-07-06 00:05:40 查询号码 【1709073】，返回信息 {"status":"bad","msg":""}
2021-07-06 00:05:40 查询号码 【1709073】，GSD为【""】
2021-07-06 00:05:40 bad
2021-07-06 00:05:42 CHB 1709073?1625501140 第 1 次 等待 1 秒
2021-07-06 00:05:43 CHB 1709073?1625501140 第 1 次 获取到号码【1709073】GSD
2021-07-06 00:05:43 获取到号码【1709073】的GSD为【重庆-重庆】
2021-07-06 00:06:04 GSD insert 第 1 次 等待 1 秒
2021-07-06 00:06:05 {"status":"ok","msg":"添加成功！201885"}
2021-07-06 00:06:05 下次操作: 2021-07-06 00:06:22

2021-07-06 00:06:22 开始第 16 次操作

2021-07-06 00:06:22 开始操作号码 【1709074】
2021-07-06 00:06:26 GSD getOne 第 1 次 等待 1 秒
2021-07-06 00:06:27 查询号码 【1709074】，返回信息 {"status":"bad","msg":""}
2021-07-06 00:06:27 查询号码 【1709074】，GSD为【""】
2021-07-06 00:06:27 bad
2021-07-06 00:06:29 CHB 1709074?1625501187 第 1 次 等待 1 秒
2021-07-06 00:06:30 CHB 1709074?1625501187 第 1 次 获取到号码【1709074】GSD
2021-07-06 00:06:30 未获取到号码【1709074】GSD，查号吧 400 错误
2021-07-06 00:06:30 获取到号码【1709074】的GSD为【-】
2021-07-06 00:06:50 GSD insert 第 1 次 等待 1 秒
2021-07-06 00:06:51 {"status":"ok","msg":"添加成功！201895"}
2021-07-06 00:06:51 下次操作: 2021-07-06 00:07:03

2021-07-06 00:07:03 开始第 17 次操作

2021-07-06 00:07:03 开始操作号码 【1709075】
2021-07-06 00:07:14 GSD getOne 第 1 次 等待 1 秒
2021-07-06 00:07:15 查询号码 【1709075】，返回信息 {"status":"bad","msg":""}
2021-07-06 00:07:15 查询号码 【1709075】，GSD为【""】
2021-07-06 00:07:15 bad
2021-07-06 00:07:17 CHB 1709075?1625501235 第 1 次 等待 1 秒
2021-07-06 00:07:18 CHB 1709075?1625501235 第 1 次 获取到号码【1709075】GSD
2021-07-06 00:07:18 获取到号码【1709075】的GSD为【重庆-重庆】
2021-07-06 00:07:37 GSD insert 第 1 次 等待 1 秒
2021-07-06 00:07:38 {"status":"ok","msg":"添加成功！201903"}
2021-07-06 00:07:38 下次操作: 2021-07-06 00:07:48

2021-07-06 00:07:48 开始第 18 次操作

2021-07-06 00:07:48 开始操作号码 【1709076】
2021-07-06 00:07:59 GSD getOne 第 1 次 等待 1 秒
2021-07-06 00:08:00 查询号码 【1709076】，返回信息 {"status":"bad","msg":""}
2021-07-06 00:08:01 查询号码 【1709076】，GSD为【""】
2021-07-06 00:08:01 bad
2021-07-06 00:08:02 CHB 1709076?1625501281 第 1 次 等待 1 秒
2021-07-06 00:08:03 CHB 1709076?1625501281 第 1 次 获取到号码【1709076】GSD
2021-07-06 00:08:04 获取到号码【1709076】的GSD为【重庆-重庆】
2021-07-06 00:08:23 GSD insert 第 1 次 等待 1 秒
2021-07-06 00:08:24 {"status":"ok","msg":"添加成功！201911"}
2021-07-06 00:08:24 下次操作: 2021-07-06 00:08:42

2021-07-06 00:08:42 开始第 19 次操作

2021-07-06 00:08:42 开始操作号码 【1709077】
2021-07-06 00:08:45 GSD getOne 第 1 次 等待 1 秒
2021-07-06 00:08:46 查询号码 【1709077】，返回信息 {"status":"bad","msg":""}
2021-07-06 00:08:47 查询号码 【1709077】，GSD为【""】
2021-07-06 00:08:47 bad
2021-07-06 00:08:48 CHB 1709077?1625501327 第 1 次 等待 1 秒
2021-07-06 00:08:49 CHB 1709077?1625501327 第 1 次 获取到号码【1709077】GSD
2021-07-06 00:08:49 获取到号码【1709077】的GSD为【重庆-重庆】
2021-07-06 00:09:11 GSD insert 第 1 次 等待 1 秒
2021-07-06 00:09:12 {"status":"ok","msg":"添加成功！201919"}
2021-07-06 00:09:12 下次操作: 2021-07-06 00:09:25

2021-07-06 00:09:25 开始第 20 次操作

2021-07-06 00:09:25 开始操作号码 【1709078】
2021-07-06 00:09:36 GSD getOne 第 1 次 等待 1 秒
2021-07-06 00:09:37 查询号码 【1709078】，返回信息 {"status":"bad","msg":""}
2021-07-06 00:09:37 查询号码 【1709078】，GSD为【""】
2021-07-06 00:09:37 bad
2021-07-06 00:09:39 CHB 1709078?1625501377 第 1 次 等待 1 秒
2021-07-06 00:09:40 CHB 1709078?1625501377 第 1 次 获取到号码【1709078】GSD
2021-07-06 00:09:40 获取到号码【1709078】的GSD为【重庆-重庆】
2021-07-06 00:10:02 GSD insert 第 1 次 等待 1 秒
2021-07-06 00:10:03 {"status":"ok","msg":"添加成功！201925"}
2021-07-06 00:10:03 下次操作: 2021-07-06 00:10:14

2021-07-06 00:10:14 开始第 21 次操作

2021-07-06 00:10:14 开始操作号码 【1709079】
2021-07-06 00:10:25 GSD getOne 第 1 次 等待 1 秒
2021-07-06 00:10:26 查询号码 【1709079】，返回信息 {"status":"bad","msg":""}
2021-07-06 00:10:26 查询号码 【1709079】，GSD为【""】
2021-07-06 00:10:26 bad
2021-07-06 00:10:29 CHB 1709079?1625501426 第 1 次 等待 1 秒
2021-07-06 00:10:30 CHB 1709079?1625501426 第 1 次 获取到号码【1709079】GSD
2021-07-06 00:10:30 获取到号码【1709079】的GSD为【重庆-重庆】
2021-07-06 00:10:49 GSD insert 第 1 次 等待 1 秒
2021-07-06 00:10:50 {"status":"ok","msg":"添加成功！201934"}
2021-07-06 00:10:50 下次操作: 2021-07-06 00:11:06

2021-07-06 00:11:06 开始第 22 次操作

2021-07-06 00:11:06 开始操作号码 【1709080】
2021-07-06 00:11:11 GSD getOne 第 1 次 等待 1 秒
2021-07-06 00:11:12 查询号码 【1709080】，返回信息 {"status":"bad","msg":""}
2021-07-06 00:11:12 查询号码 【1709080】，GSD为【""】
2021-07-06 00:11:12 bad
2021-07-06 00:11:17 CHB 1709080?1625501472 第 1 次 等待 1 秒
2021-07-06 00:11:18 CHB 1709080?1625501472 第 1 次 获取到号码【1709080】GSD
2021-07-06 00:11:18 获取到号码【1709080】的GSD为【北京-北京】
2021-07-06 00:11:38 GSD insert 第 1 次 等待 1 秒
2021-07-06 00:11:39 {"status":"ok","msg":"添加成功！201940"}
2021-07-06 00:11:39 下次操作: 2021-07-06 00:11:53

2021-07-06 00:11:53 开始第 23 次操作

2021-07-06 00:11:53 开始操作号码 【1709081】
2021-07-06 00:12:04 GSD getOne 第 1 次 等待 1 秒
2021-07-06 00:12:05 查询号码 【1709081】，返回信息 {"status":"bad","msg":""}
2021-07-06 00:12:05 查询号码 【1709081】，GSD为【""】
2021-07-06 00:12:05 bad
2021-07-06 00:12:07 CHB 1709081?1625501525 第 1 次 等待 1 秒
2021-07-06 00:12:08 CHB 1709081?1625501525 第 1 次 获取到号码【1709081】GSD
2021-07-06 00:12:08 获取到号码【1709081】的GSD为【北京-北京】
2021-07-06 00:12:28 GSD insert 第 1 次 等待 1 秒
2021-07-06 00:12:29 {"status":"ok","msg":"添加成功！201946"}
2021-07-06 00:12:29 下次操作: 2021-07-06 00:12:36

2021-07-06 00:12:36 开始第 24 次操作

2021-07-06 00:12:36 开始操作号码 【1709082】
2021-07-06 00:13:05 GSD getOne 第 1 次 等待 1 秒
2021-07-06 00:13:06 查询号码 【1709082】，返回信息 {"status":"bad","msg":""}
2021-07-06 00:13:06 查询号码 【1709082】，GSD为【""】
2021-07-06 00:13:06 bad
2021-07-06 00:13:07 CHB 1709082?1625501586 第 1 次 等待 1 秒
2021-07-06 00:13:08 CHB 1709082?1625501586 第 1 次 获取到号码【1709082】GSD
2021-07-06 00:13:09 获取到号码【1709082】的GSD为【北京-北京】
2021-07-06 00:13:28 GSD insert 第 1 次 等待 1 秒
2021-07-06 00:13:29 {"status":"ok","msg":"添加成功！201954"}
2021-07-06 00:13:29 下次操作: 2021-07-06 00:13:36

2021-07-06 00:13:36 开始第 25 次操作

2021-07-06 00:13:36 开始操作号码 【1709083】
2021-07-06 00:13:55 GSD getOne 第 1 次 等待 1 秒
2021-07-06 00:13:56 查询号码 【1709083】，返回信息 {"status":"bad","msg":""}
2021-07-06 00:13:56 查询号码 【1709083】，GSD为【""】
2021-07-06 00:13:56 bad
2021-07-06 00:13:58 CHB 1709083?1625501636 第 1 次 等待 1 秒
2021-07-06 00:13:59 CHB 1709083?1625501636 第 1 次 获取到号码【1709083】GSD
2021-07-06 00:13:59 获取到号码【1709083】的GSD为【北京-北京】
2021-07-06 00:14:28 GSD insert 第 1 次 等待 1 秒
2021-07-06 00:14:29 {"status":"ok","msg":"添加成功！201961"}
2021-07-06 00:14:29 下次操作: 2021-07-06 00:14:47

2021-07-06 00:14:47 开始第 26 次操作

2021-07-06 00:14:47 开始操作号码 【1709084】
2021-07-06 00:14:51 GSD getOne 第 1 次 等待 1 秒
2021-07-06 00:14:52 查询号码 【1709084】，返回信息 {"status":"bad","msg":""}
2021-07-06 00:14:52 查询号码 【1709084】，GSD为【""】
2021-07-06 00:14:52 bad
2021-07-06 00:14:54 CHB 1709084?1625501692 第 1 次 等待 1 秒
2021-07-06 00:14:55 CHB 1709084?1625501692 第 1 次 获取到号码【1709084】GSD
2021-07-06 00:14:55 获取到号码【1709084】的GSD为【北京-北京】
2021-07-06 00:15:18 GSD insert 第 1 次 等待 1 秒
2021-07-06 00:15:19 {"status":"ok","msg":"添加成功！201967"}
2021-07-06 00:15:19 下次操作: 2021-07-06 00:15:27

2021-07-06 00:15:27 开始第 27 次操作

2021-07-06 00:15:27 开始操作号码 【1709085】
2021-07-06 00:15:46 GSD getOne 第 1 次 等待 1 秒
2021-07-06 00:15:47 查询号码 【1709085】，返回信息 {"status":"bad","msg":""}
2021-07-06 00:15:47 查询号码 【1709085】，GSD为【""】
2021-07-06 00:15:47 bad
2021-07-06 00:15:49 CHB 1709085?1625501747 第 1 次 等待 1 秒
2021-07-06 00:15:50 CHB 1709085?1625501747 第 1 次 获取到号码【1709085】GSD
2021-07-06 00:15:50 获取到号码【1709085】的GSD为【北京-北京】
2021-07-06 00:16:09 GSD insert 第 1 次 等待 1 秒
2021-07-06 00:16:10 {"status":"ok","msg":"添加成功！201970"}
2021-07-06 00:16:10 下次操作: 2021-07-06 00:16:24

2021-07-06 00:16:24 开始第 28 次操作

2021-07-06 00:16:24 开始操作号码 【1709086】
2021-07-06 00:16:35 GSD getOne 第 1 次 等待 1 秒
2021-07-06 00:16:36 查询号码 【1709086】，返回信息 {"status":"bad","msg":""}
2021-07-06 00:16:36 查询号码 【1709086】，GSD为【""】
2021-07-06 00:16:36 bad
2021-07-06 00:16:38 CHB 1709086?1625501796 第 1 次 等待 1 秒
2021-07-06 00:16:39 CHB 1709086?1625501796 第 1 次 获取到号码【1709086】GSD
2021-07-06 00:16:39 获取到号码【1709086】的GSD为【北京-北京】
2021-07-06 00:17:00 GSD insert 第 1 次 等待 1 秒
2021-07-06 00:17:01 {"status":"ok","msg":"添加成功！201977"}
2021-07-06 00:17:01 下次操作: 2021-07-06 00:17:13

2021-07-06 00:17:13 开始第 29 次操作

2021-07-06 00:17:13 开始操作号码 【1709087】
2021-07-06 00:17:24 GSD getOne 第 1 次 等待 1 秒
2021-07-06 00:17:25 查询号码 【1709087】，返回信息 {"status":"ok","msg":"北京-北京","time_insert":"2019-11-15 11:24","time_update":"2020-12-25 09:20"}
2021-07-06 00:17:25 查询号码 【1709087】，GSD为【"北京-北京"】

2021-07-06 00:17:25 开始第 29 次操作

2021-07-06 00:17:25 开始操作号码 【1709088】
2021-07-06 00:18:03 GSD getOne 第 1 次 等待 1 秒
2021-07-06 00:18:04 查询号码 【1709088】，返回信息 {"status":"bad","msg":""}
2021-07-06 00:18:04 查询号码 【1709088】，GSD为【""】
2021-07-06 00:18:04 bad
2021-07-06 00:23:04 CHB 1709088?1625501884 第 1 次 等待 1 秒
2021-07-06 00:23:05 CHB 1709088?1625501884 第 1 次 未获取到 等待 7 秒 下次操作: 2021-07-06 00:23:12
2021-07-06 00:23:14 CHB 1709088?1625502192 第 2 次 等待 1 秒
2021-07-06 00:23:15 CHB 1709088?1625502192 第 2 次 获取到号码【1709088】GSD
2021-07-06 00:23:15 获取到号码【1709088】的GSD为【北京-北京】
2021-07-06 00:23:21 GSD insert 第 1 次 等待 1 秒
2021-07-06 00:23:22 {"status":"ok","msg":"添加成功！201993"}
2021-07-06 00:23:22 下次操作: 2021-07-06 00:23:32

2021-07-06 00:23:32 开始第 30 次操作

2021-07-06 00:23:32 开始操作号码 【1709089】
2021-07-06 00:23:43 GSD getOne 第 1 次 等待 1 秒
2021-07-06 00:23:44 查询号码 【1709089】，返回信息 {"status":"bad","msg":""}
2021-07-06 00:23:44 查询号码 【1709089】，GSD为【""】
2021-07-06 00:23:44 bad
2021-07-06 00:23:45 CHB 1709089?1625502224 第 1 次 等待 1 秒
2021-07-06 00:23:46 CHB 1709089?1625502224 第 1 次 获取到号码【1709089】GSD
2021-07-06 00:23:46 获取到号码【1709089】的GSD为【北京-北京】
2021-07-06 00:24:06 GSD insert 第 1 次 等待 1 秒
2021-07-06 00:24:07 {"status":"ok","msg":"添加成功！201996"}

2021-07-06 01:34:26 开始第 1 次操作

2021-07-06 01:34:26 开始操作号码 【1709090】
2021-07-06 01:34:30 GSD getOne 第 1 次 等待 1 秒
2021-07-06 01:34:31 查询号码 【1709090】，返回信息 {"status":"bad","msg":""}
2021-07-06 01:34:31 查询号码 【1709090】，GSD为【""】
2021-07-06 01:34:31 bad
2021-07-06 01:34:37 CHB 1709090?1625506471 第 1 次 等待 1 秒
2021-07-06 01:34:38 CHB 1709090?1625506471 第 1 次 获取到号码【1709090】GSD
2021-07-06 01:34:38 未获取到号码【1709090】GSD，可能号码格式错误
2021-07-06 01:34:38 获取到号码【1709090】的GSD为【-】
2021-07-06 01:34:58 GSD insert 第 1 次 等待 1 秒
2021-07-06 01:34:59 {"status":"ok","msg":"添加成功！202160"}
2021-07-06 01:34:59 下次操作: 2021-07-06 01:35:16

2021-07-06 01:35:16 开始第 2 次操作

2021-07-06 01:35:16 开始操作号码 【1709091】
2021-07-06 01:35:25 GSD getOne 第 1 次 等待 1 秒
2021-07-06 01:35:26 查询号码 【1709091】，返回信息 {"status":"bad","msg":""}
2021-07-06 01:35:26 查询号码 【1709091】，GSD为【""】
2021-07-06 01:35:26 bad
2021-07-06 01:35:28 CHB 1709091?1625506526 第 1 次 等待 1 秒
2021-07-06 01:35:29 CHB 1709091?1625506526 第 1 次 获取到号码【1709091】GSD
2021-07-06 01:35:29 未获取到号码【1709091】GSD，可能号码格式错误
2021-07-06 01:35:29 获取到号码【1709091】的GSD为【-】
2021-07-06 01:35:49 GSD insert 第 1 次 等待 1 秒
2021-07-06 01:35:50 {"status":"ok","msg":"添加成功！202171"}
2021-07-06 01:35:50 下次操作: 2021-07-06 01:36:01

2021-07-06 01:36:01 开始第 3 次操作

2021-07-06 01:36:01 开始操作号码 【1709092】
2021-07-06 01:36:12 GSD getOne 第 1 次 等待 1 秒
2021-07-06 01:36:13 查询号码 【1709092】，返回信息 {"status":"bad","msg":""}
2021-07-06 01:36:13 查询号码 【1709092】，GSD为【""】
2021-07-06 01:36:13 bad
2021-07-06 01:36:15 CHB 1709092?1625506573 第 1 次 等待 1 秒
2021-07-06 01:36:16 CHB 1709092?1625506573 第 1 次 获取到号码【1709092】GSD
2021-07-06 01:36:16 未获取到号码【1709092】GSD，可能号码格式错误
2021-07-06 01:36:16 获取到号码【1709092】的GSD为【-】
2021-07-06 01:36:53 GSD insert 第 1 次 等待 1 秒
2021-07-06 01:36:54 {"status":"ok","msg":"添加成功！202184"}
2021-07-06 01:36:54 下次操作: 2021-07-06 01:37:11

2021-07-06 01:37:11 开始第 4 次操作

2021-07-06 01:37:11 开始操作号码 【1709093】
2021-07-06 01:37:16 GSD getOne 第 1 次 等待 1 秒
2021-07-06 01:37:17 查询号码 【1709093】，返回信息 {"status":"bad","msg":""}
2021-07-06 01:37:17 查询号码 【1709093】，GSD为【""】
2021-07-06 01:37:17 bad
2021-07-06 01:37:23 CHB 1709093?1625506637 第 1 次 等待 1 秒
2021-07-06 01:37:24 CHB 1709093?1625506637 第 1 次 获取到号码【1709093】GSD
2021-07-06 01:37:24 未获取到号码【1709093】GSD，可能号码格式错误
2021-07-06 01:37:24 获取到号码【1709093】的GSD为【-】
2021-07-06 01:37:51 GSD insert 第 1 次 等待 1 秒
2021-07-06 01:37:52 {"status":"ok","msg":"添加成功！202196"}
2021-07-06 01:37:52 下次操作: 2021-07-06 01:38:06

2021-07-06 01:38:06 开始第 5 次操作

2021-07-06 01:38:06 开始操作号码 【1709094】
2021-07-06 01:38:13 GSD getOne 第 1 次 等待 1 秒
2021-07-06 01:38:15 查询号码 【1709094】，返回信息 {"status":"bad","msg":""}
2021-07-06 01:38:15 查询号码 【1709094】，GSD为【""】
2021-07-06 01:38:15 bad
2021-07-06 01:38:16 CHB 1709094?1625506695 第 1 次 等待 1 秒
2021-07-06 01:38:17 CHB 1709094?1625506695 第 1 次 获取到号码【1709094】GSD
2021-07-06 01:38:17 未获取到号码【1709094】GSD，可能号码格式错误
2021-07-06 01:38:17 获取到号码【1709094】的GSD为【-】
2021-07-06 01:38:37 GSD insert 第 1 次 等待 1 秒
2021-07-06 01:38:38 {"status":"ok","msg":"添加成功！202207"}
2021-07-06 01:38:38 下次操作: 2021-07-06 01:38:56

2021-07-06 01:38:56 开始第 6 次操作

2021-07-06 01:38:56 开始操作号码 【1709095】
2021-07-06 01:39:00 GSD getOne 第 1 次 等待 1 秒
2021-07-06 01:39:01 查询号码 【1709095】，返回信息 {"status":"bad","msg":""}
2021-07-06 01:39:01 查询号码 【1709095】，GSD为【""】
2021-07-06 01:39:01 bad
2021-07-06 01:39:03 CHB 1709095?1625506741 第 1 次 等待 1 秒
2021-07-06 01:39:04 CHB 1709095?1625506741 第 1 次 获取到号码【1709095】GSD
2021-07-06 01:39:04 未获取到号码【1709095】GSD，可能号码格式错误
2021-07-06 01:39:04 获取到号码【1709095】的GSD为【-】
2021-07-06 01:39:23 GSD insert 第 1 次 等待 1 秒
2021-07-06 01:39:24 {"status":"ok","msg":"添加成功！202215"}
2021-07-06 01:39:24 下次操作: 2021-07-06 01:39:35

2021-07-06 01:39:35 开始第 7 次操作

2021-07-06 01:39:35 开始操作号码 【1709096】
2021-07-06 01:39:46 GSD getOne 第 1 次 等待 1 秒
2021-07-06 01:39:47 查询号码 【1709096】，返回信息 {"status":"bad","msg":""}
2021-07-06 01:39:47 查询号码 【1709096】，GSD为【""】
2021-07-06 01:39:47 bad
2021-07-06 01:39:53 CHB 1709096?1625506787 第 1 次 等待 1 秒
2021-07-06 01:39:54 CHB 1709096?1625506787 第 1 次 获取到号码【1709096】GSD
2021-07-06 01:39:54 未获取到号码【1709096】GSD，可能号码格式错误
2021-07-06 01:39:54 获取到号码【1709096】的GSD为【-】
2021-07-06 01:40:13 GSD insert 第 1 次 等待 1 秒
2021-07-06 01:40:14 {"status":"ok","msg":"添加成功！202227"}
2021-07-06 01:40:14 下次操作: 2021-07-06 01:40:28

2021-07-06 01:40:28 开始第 8 次操作

2021-07-06 01:40:28 开始操作号码 【1709097】
2021-07-06 01:40:36 GSD getOne 第 1 次 等待 1 秒
2021-07-06 01:40:37 查询号码 【1709097】，返回信息 {"status":"bad","msg":""}
2021-07-06 01:40:37 查询号码 【1709097】，GSD为【""】
2021-07-06 01:40:37 bad
2021-07-06 01:40:38 CHB 1709097?1625506837 第 1 次 等待 1 秒
2021-07-06 01:40:39 CHB 1709097?1625506837 第 1 次 获取到号码【1709097】GSD
2021-07-06 01:40:39 未获取到号码【1709097】GSD，可能号码格式错误
2021-07-06 01:40:39 获取到号码【1709097】的GSD为【-】
2021-07-06 01:40:59 GSD insert 第 1 次 等待 1 秒
2021-07-06 01:41:00 {"status":"ok","msg":"添加成功！202235"}
2021-07-06 01:41:00 下次操作: 2021-07-06 01:41:07

2021-07-06 01:41:07 开始第 9 次操作

2021-07-06 01:41:07 开始操作号码 【1709098】
2021-07-06 01:41:27 GSD getOne 第 1 次 等待 1 秒
2021-07-06 01:41:28 查询号码 【1709098】，返回信息 {"status":"bad","msg":""}
2021-07-06 01:41:28 查询号码 【1709098】，GSD为【""】
2021-07-06 01:41:28 bad
2021-07-06 01:41:34 CHB 1709098?1625506888 第 1 次 等待 1 秒
2021-07-06 01:41:35 CHB 1709098?1625506888 第 1 次 获取到号码【1709098】GSD
2021-07-06 01:41:35 未获取到号码【1709098】GSD，可能号码格式错误
2021-07-06 01:41:35 获取到号码【1709098】的GSD为【-】
2021-07-06 01:41:54 GSD insert 第 1 次 等待 1 秒
2021-07-06 01:41:55 {"status":"ok","msg":"添加成功！202247"}
2021-07-06 01:41:55 下次操作: 2021-07-06 01:42:09

2021-07-06 01:42:09 开始第 10 次操作

2021-07-06 01:42:09 开始操作号码 【1709099】
2021-07-06 01:42:16 GSD getOne 第 1 次 等待 1 秒
2021-07-06 01:42:17 查询号码 【1709099】，返回信息 {"status":"bad","msg":""}
2021-07-06 01:42:17 查询号码 【1709099】，GSD为【""】
2021-07-06 01:42:17 bad
2021-07-06 01:42:19 CHB 1709099?1625506937 第 1 次 等待 1 秒
2021-07-06 01:42:20 CHB 1709099?1625506937 第 1 次 获取到号码【1709099】GSD
2021-07-06 01:42:20 未获取到号码【1709099】GSD，可能号码格式错误
2021-07-06 01:42:20 获取到号码【1709099】的GSD为【-】
2021-07-06 01:42:40 GSD insert 第 1 次 等待 1 秒
2021-07-06 01:42:41 {"status":"ok","msg":"添加成功！202258"}
2021-07-06 01:42:41 下次操作: 2021-07-06 01:42:59

2021-07-06 01:42:59 开始第 11 次操作

2021-07-06 01:42:59 开始操作号码 【1709100】
2021-07-06 01:43:03 GSD getOne 第 1 次 等待 1 秒
2021-07-06 01:43:04 查询号码 【1709100】，返回信息 {"status":"bad","msg":""}
2021-07-06 01:43:04 查询号码 【1709100】，GSD为【""】
2021-07-06 01:43:04 bad
2021-07-06 01:43:06 CHB 1709100?1625506984 第 1 次 等待 1 秒
2021-07-06 01:43:07 CHB 1709100?1625506984 第 1 次 获取到号码【1709100】GSD
2021-07-06 01:43:07 获取到号码【1709100】的GSD为【北京-北京】
2021-07-06 01:43:27 GSD insert 第 1 次 等待 1 秒
2021-07-06 01:43:28 {"status":"ok","msg":"添加成功！202271"}
2021-07-06 01:43:28 下次操作: 2021-07-06 01:43:35

2021-07-06 01:43:35 开始第 12 次操作

2021-07-06 01:43:35 开始操作号码 【1709101】
2021-07-06 01:43:54 GSD getOne 第 1 次 等待 1 秒
2021-07-06 01:43:55 查询号码 【1709101】，返回信息 {"status":"bad","msg":""}
2021-07-06 01:43:55 查询号码 【1709101】，GSD为【""】
2021-07-06 01:43:55 bad
2021-07-06 01:44:01 CHB 1709101?1625507035 第 1 次 等待 1 秒
2021-07-06 01:44:02 CHB 1709101?1625507035 第 1 次 获取到号码【1709101】GSD
2021-07-06 01:44:02 获取到号码【1709101】的GSD为【北京-北京】
2021-07-06 01:44:23 GSD insert 第 1 次 等待 1 秒
2021-07-06 01:44:24 {"status":"ok","msg":"添加成功！202286"}
2021-07-06 01:44:24 下次操作: 2021-07-06 01:44:36

2021-07-06 01:44:36 开始第 13 次操作

2021-07-06 01:44:36 开始操作号码 【1709102】
2021-07-06 01:44:44 GSD getOne 第 1 次 等待 1 秒
2021-07-06 01:44:45 查询号码 【1709102】，返回信息 {"status":"bad","msg":""}
2021-07-06 01:44:45 查询号码 【1709102】，GSD为【""】
2021-07-06 01:44:45 bad
2021-07-06 01:44:51 CHB 1709102?1625507085 第 1 次 等待 1 秒
2021-07-06 01:44:52 CHB 1709102?1625507085 第 1 次 获取到号码【1709102】GSD
2021-07-06 01:44:52 获取到号码【1709102】的GSD为【北京-北京】
2021-07-06 01:45:11 GSD insert 第 1 次 等待 1 秒
2021-07-06 01:45:12 {"status":"ok","msg":"添加成功！202295"}
2021-07-06 01:45:12 下次操作: 2021-07-06 01:45:22

2021-07-06 01:45:22 开始第 14 次操作

2021-07-06 01:45:22 开始操作号码 【1709103】
2021-07-06 01:45:33 GSD getOne 第 1 次 等待 1 秒
2021-07-06 01:45:34 查询号码 【1709103】，返回信息 {"status":"bad","msg":""}
2021-07-06 01:45:35 查询号码 【1709103】，GSD为【""】
2021-07-06 01:45:35 bad
2021-07-06 01:45:36 CHB 1709103?1625507135 第 1 次 等待 1 秒
2021-07-06 01:45:37 CHB 1709103?1625507135 第 1 次 获取到号码【1709103】GSD
2021-07-06 01:45:37 获取到号码【1709103】的GSD为【北京-北京】
2021-07-06 01:45:57 GSD insert 第 1 次 等待 1 秒
2021-07-06 01:45:58 {"status":"ok","msg":"添加成功！202308"}
2021-07-06 01:45:58 下次操作: 2021-07-06 01:46:04

2021-07-06 01:46:04 开始第 15 次操作

2021-07-06 01:46:04 开始操作号码 【1709104】
2021-07-06 01:46:23 GSD getOne 第 1 次 等待 1 秒
2021-07-06 01:46:24 查询号码 【1709104】，返回信息 {"status":"bad","msg":""}
2021-07-06 01:46:25 查询号码 【1709104】，GSD为【""】
2021-07-06 01:46:25 bad
2021-07-06 01:46:26 CHB 1709104?1625507185 第 1 次 等待 1 秒
2021-07-06 01:46:27 CHB 1709104?1625507185 第 1 次 获取到号码【1709104】GSD
2021-07-06 01:46:27 获取到号码【1709104】的GSD为【北京-北京】
2021-07-06 01:47:03 GSD insert 第 1 次 等待 1 秒
2021-07-06 01:47:04 {"status":"ok","msg":"添加成功！202322"}
2021-07-06 01:47:04 下次操作: 2021-07-06 01:47:17

2021-07-06 01:47:17 开始第 16 次操作

2021-07-06 01:47:17 开始操作号码 【1709105】
2021-07-06 01:47:33 GSD getOne 第 1 次 等待 1 秒
2021-07-06 01:47:34 查询号码 【1709105】，返回信息 {"status":"bad","msg":""}
2021-07-06 01:47:34 查询号码 【1709105】，GSD为【""】
2021-07-06 01:47:34 bad
2021-07-06 01:47:39 CHB 1709105?1625507254 第 1 次 等待 1 秒
2021-07-06 01:47:40 CHB 1709105?1625507254 第 1 次 获取到号码【1709105】GSD
2021-07-06 01:47:40 获取到号码【1709105】的GSD为【北京-北京】
2021-07-06 01:48:00 GSD insert 第 1 次 等待 1 秒
2021-07-06 01:48:01 {"status":"ok","msg":"添加成功！202333"}
2021-07-06 01:48:01 下次操作: 2021-07-06 01:48:07

2021-07-06 01:48:07 开始第 17 次操作

2021-07-06 01:48:07 开始操作号码 【1709106】
2021-07-06 01:48:27 GSD getOne 第 1 次 等待 1 秒
2021-07-06 01:48:28 查询号码 【1709106】，返回信息 {"status":"bad","msg":""}
2021-07-06 01:48:28 查询号码 【1709106】，GSD为【""】
2021-07-06 01:48:28 bad
2021-07-06 01:48:30 CHB 1709106?1625507308 第 1 次 等待 1 秒
2021-07-06 01:48:31 CHB 1709106?1625507308 第 1 次 获取到号码【1709106】GSD
2021-07-06 01:48:31 获取到号码【1709106】的GSD为【北京-北京】
2021-07-06 01:48:51 GSD insert 第 1 次 等待 1 秒
2021-07-06 01:48:52 {"status":"ok","msg":"添加成功！202339"}
2021-07-06 01:48:52 下次操作: 2021-07-06 01:49:01

2021-07-06 01:49:01 开始第 18 次操作

2021-07-06 01:49:01 开始操作号码 【1709107】
2021-07-06 01:49:12 GSD getOne 第 1 次 等待 1 秒
2021-07-06 01:49:13 查询号码 【1709107】，返回信息 {"status":"bad","msg":""}
2021-07-06 01:49:13 查询号码 【1709107】，GSD为【""】
2021-07-06 01:49:13 bad
2021-07-06 01:49:15 CHB 1709107?1625507353 第 1 次 等待 1 秒
2021-07-06 01:49:16 CHB 1709107?1625507353 第 1 次 获取到号码【1709107】GSD
2021-07-06 01:49:16 获取到号码【1709107】的GSD为【北京-北京】
2021-07-06 01:49:36 GSD insert 第 1 次 等待 1 秒
2021-07-06 01:49:37 {"status":"ok","msg":"添加成功！202346"}
2021-07-06 01:49:37 下次操作: 2021-07-06 01:49:44

2021-07-06 01:49:44 开始第 19 次操作

2021-07-06 01:49:44 开始操作号码 【1709108】
2021-07-06 01:50:04 GSD getOne 第 1 次 等待 1 秒
2021-07-06 01:50:05 查询号码 【1709108】，返回信息 {"status":"bad","msg":""}
2021-07-06 01:50:05 查询号码 【1709108】，GSD为【""】
2021-07-06 01:50:05 bad
2021-07-06 01:50:11 CHB 1709108?1625507405 第 1 次 等待 1 秒
2021-07-06 01:50:12 CHB 1709108?1625507405 第 1 次 获取到号码【1709108】GSD
2021-07-06 01:50:12 未获取到号码【1709108】GSD，查号吧 400 错误
2021-07-06 01:50:12 获取到号码【1709108】的GSD为【-】
2021-07-06 01:50:35 GSD insert 第 1 次 等待 1 秒
2021-07-06 01:50:36 {"status":"ok","msg":"添加成功！202357"}
2021-07-06 01:50:36 下次操作: 2021-07-06 01:50:42

2021-07-06 01:50:42 开始第 20 次操作

2021-07-06 01:50:42 开始操作号码 【1709109】
2021-07-06 01:51:01 GSD getOne 第 1 次 等待 1 秒
2021-07-06 01:51:02 查询号码 【1709109】，返回信息 {"status":"bad","msg":""}
2021-07-06 01:51:02 查询号码 【1709109】，GSD为【""】
2021-07-06 01:51:02 bad
2021-07-06 01:51:04 CHB 1709109?1625507462 第 1 次 等待 1 秒
2021-07-06 01:51:05 CHB 1709109?1625507462 第 1 次 获取到号码【1709109】GSD
2021-07-06 01:51:05 获取到号码【1709109】的GSD为【北京-北京】
2021-07-06 01:51:24 GSD insert 第 1 次 等待 1 秒
2021-07-06 01:51:26 {"status":"ok","msg":"添加成功！202367"}
2021-07-06 01:51:26 下次操作: 2021-07-06 01:51:43

2021-07-06 01:51:43 开始第 21 次操作

2021-07-06 01:51:43 开始操作号码 【1709110】
2021-07-06 01:51:47 GSD getOne 第 1 次 等待 1 秒
2021-07-06 01:51:48 查询号码 【1709110】，返回信息 {"status":"bad","msg":""}
2021-07-06 01:51:48 查询号码 【1709110】，GSD为【""】
2021-07-06 01:51:48 bad
2021-07-06 01:51:50 CHB 1709110?1625507508 第 1 次 等待 1 秒
2021-07-06 01:51:51 CHB 1709110?1625507508 第 1 次 获取到号码【1709110】GSD
2021-07-06 01:51:51 获取到号码【1709110】的GSD为【北京-北京】
2021-07-06 01:52:10 GSD insert 第 1 次 等待 1 秒
2021-07-06 01:52:11 {"status":"ok","msg":"添加成功！202376"}
2021-07-06 01:52:11 下次操作: 2021-07-06 01:52:18

2021-07-06 01:52:18 开始第 22 次操作

2021-07-06 01:52:18 开始操作号码 【1709111】
2021-07-06 01:52:37 GSD getOne 第 1 次 等待 1 秒
2021-07-06 01:52:38 查询号码 【1709111】，返回信息 {"status":"bad","msg":""}
2021-07-06 01:52:38 查询号码 【1709111】，GSD为【""】
2021-07-06 01:52:38 bad
2021-07-06 01:52:44 CHB 1709111?1625507558 第 1 次 等待 1 秒
2021-07-06 01:52:45 CHB 1709111?1625507558 第 1 次 获取到号码【1709111】GSD
2021-07-06 01:52:45 获取到号码【1709111】的GSD为【北京-北京】
2021-07-06 01:53:21 GSD insert 第 1 次 等待 1 秒
2021-07-06 01:53:22 {"status":"ok","msg":"添加成功！202387"}
2021-07-06 01:53:22 下次操作: 2021-07-06 01:53:39

2021-07-06 01:53:39 开始第 23 次操作

2021-07-06 01:53:39 开始操作号码 【1709112】
2021-07-06 01:53:43 GSD getOne 第 1 次 等待 1 秒
2021-07-06 01:53:44 查询号码 【1709112】，返回信息 {"status":"bad","msg":""}
2021-07-06 01:53:44 查询号码 【1709112】，GSD为【""】
2021-07-06 01:53:44 bad
2021-07-06 01:53:49 CHB 1709112?1625507624 第 1 次 等待 1 秒
2021-07-06 01:53:50 CHB 1709112?1625507624 第 1 次 获取到号码【1709112】GSD
2021-07-06 01:53:50 获取到号码【1709112】的GSD为【北京-北京】
2021-07-06 01:54:10 GSD insert 第 1 次 等待 1 秒
2021-07-06 01:54:11 {"status":"ok","msg":"添加成功！202395"}
2021-07-06 01:54:11 下次操作: 2021-07-06 01:54:21

2021-07-06 01:54:21 开始第 24 次操作

2021-07-06 01:54:21 开始操作号码 【1709113】
2021-07-06 01:54:34 GSD getOne 第 1 次 等待 1 秒
2021-07-06 01:54:35 查询号码 【1709113】，返回信息 {"status":"bad","msg":""}
2021-07-06 01:54:35 查询号码 【1709113】，GSD为【""】
2021-07-06 01:54:35 bad
2021-07-06 01:54:40 CHB 1709113?1625507675 第 1 次 等待 1 秒
2021-07-06 01:54:41 CHB 1709113?1625507675 第 1 次 获取到号码【1709113】GSD
2021-07-06 01:54:41 获取到号码【1709113】的GSD为【北京-北京】
2021-07-06 01:55:01 GSD insert 第 1 次 等待 1 秒
2021-07-06 01:55:03 {"status":"ok","msg":"添加成功！202404"}
2021-07-06 01:55:03 下次操作: 2021-07-06 01:55:13

2021-07-06 01:55:13 开始第 25 次操作

2021-07-06 01:55:13 开始操作号码 【1709114】
2021-07-06 01:55:28 GSD getOne 第 1 次 等待 1 秒
2021-07-06 01:55:29 查询号码 【1709114】，返回信息 {"status":"bad","msg":""}
2021-07-06 01:55:29 查询号码 【1709114】，GSD为【""】
2021-07-06 01:55:29 bad
2021-07-06 01:55:30 CHB 1709114?1625507729 第 1 次 等待 1 秒
2021-07-06 01:55:31 CHB 1709114?1625507729 第 1 次 获取到号码【1709114】GSD
2021-07-06 01:55:31 获取到号码【1709114】的GSD为【北京-北京】
2021-07-06 01:55:51 GSD insert 第 1 次 等待 1 秒
2021-07-06 01:55:52 {"status":"ok","msg":"添加成功！202410"}
2021-07-06 01:55:52 下次操作: 2021-07-06 01:56:03

2021-07-06 01:56:03 开始第 26 次操作

2021-07-06 01:56:03 开始操作号码 【1709115】
2021-07-06 01:56:16 GSD getOne 第 1 次 等待 1 秒
2021-07-06 01:56:17 查询号码 【1709115】，返回信息 {"status":"bad","msg":""}
2021-07-06 01:56:17 查询号码 【1709115】，GSD为【""】
2021-07-06 01:56:17 bad
2021-07-06 01:56:19 CHB 1709115?1625507777 第 1 次 等待 1 秒
2021-07-06 01:56:20 CHB 1709115?1625507777 第 1 次 获取到号码【1709115】GSD
2021-07-06 01:56:20 获取到号码【1709115】的GSD为【北京-北京】
2021-07-06 01:57:28 GSD insert 第 1 次 等待 1 秒
2021-07-06 01:57:29 {"status":"ok","msg":"添加成功！202419"}
2021-07-06 01:57:29 下次操作: 2021-07-06 01:57:39

2021-07-06 01:57:39 开始第 27 次操作

2021-07-06 01:57:39 开始操作号码 【1709116】
2021-07-06 01:57:52 GSD getOne 第 1 次 等待 1 秒
2021-07-06 01:57:53 查询号码 【1709116】，返回信息 {"status":"ok","msg":"北京-北京","time_insert":"2018-04-19 11:09","time_update":"2020-12-25 15:18"}
2021-07-06 01:57:53 查询号码 【1709116】，GSD为【"北京-北京"】

2021-07-06 01:57:53 开始第 27 次操作

2021-07-06 01:57:53 开始操作号码 【1709117】
2021-07-06 01:58:13 GSD getOne 第 1 次 等待 1 秒
2021-07-06 01:58:14 查询号码 【1709117】，返回信息 {"status":"bad","msg":""}
2021-07-06 01:58:14 查询号码 【1709117】，GSD为【""】
2021-07-06 01:58:14 bad
2021-07-06 01:58:16 CHB 1709117?1625507894 第 1 次 等待 1 秒
2021-07-06 01:58:17 CHB 1709117?1625507894 第 1 次 获取到号码【1709117】GSD
2021-07-06 01:58:17 获取到号码【1709117】的GSD为【北京-北京】
2021-07-06 01:58:36 GSD insert 第 1 次 等待 1 秒
2021-07-06 01:58:37 {"status":"ok","msg":"添加成功！202423"}
2021-07-06 01:58:37 下次操作: 2021-07-06 01:58:54

2021-07-06 01:58:55 开始第 28 次操作

2021-07-06 01:58:55 开始操作号码 【1709118】
2021-07-06 01:59:01 GSD getOne 第 1 次 等待 1 秒
2021-07-06 01:59:02 查询号码 【1709118】，返回信息 {"status":"bad","msg":""}
2021-07-06 01:59:02 查询号码 【1709118】，GSD为【""】
2021-07-06 01:59:02 bad
2021-07-06 01:59:04 CHB 1709118?1625507942 第 1 次 等待 1 秒
2021-07-06 01:59:05 CHB 1709118?1625507942 第 1 次 获取到号码【1709118】GSD
2021-07-06 01:59:05 获取到号码【1709118】的GSD为【北京-北京】
2021-07-06 01:59:24 GSD insert 第 1 次 等待 1 秒
2021-07-06 01:59:25 {"status":"ok","msg":"添加成功！202426"}
2021-07-06 01:59:25 下次操作: 2021-07-06 01:59:35

2021-07-06 01:59:35 开始第 29 次操作

2021-07-06 01:59:35 开始操作号码 【1709119】
2021-07-06 01:59:46 GSD getOne 第 1 次 等待 1 秒
2021-07-06 01:59:47 查询号码 【1709119】，返回信息 {"status":"bad","msg":""}
2021-07-06 01:59:47 查询号码 【1709119】，GSD为【""】
2021-07-06 01:59:47 bad
2021-07-06 01:59:53 CHB 1709119?1625507987 第 1 次 等待 1 秒
2021-07-06 01:59:54 CHB 1709119?1625507987 第 1 次 获取到号码【1709119】GSD
2021-07-06 01:59:54 获取到号码【1709119】的GSD为【北京-北京】
2021-07-06 02:00:13 GSD insert 第 1 次 等待 1 秒
2021-07-06 02:00:14 {"status":"ok","msg":"添加成功！202430"}
2021-07-06 02:00:14 下次操作: 2021-07-06 02:00:32

2021-07-06 02:00:32 开始第 30 次操作

2021-07-06 02:00:32 开始操作号码 【1709120】
2021-07-06 02:00:36 GSD getOne 第 1 次 等待 1 秒
2021-07-06 02:00:37 查询号码 【1709120】，返回信息 {"status":"bad","msg":""}
2021-07-06 02:00:37 查询号码 【1709120】，GSD为【""】
2021-07-06 02:00:37 bad
2021-07-06 02:00:39 CHB 1709120?1625508037 第 1 次 等待 1 秒
2021-07-06 02:00:40 CHB 1709120?1625508037 第 1 次 获取到号码【1709120】GSD
2021-07-06 02:00:40 获取到号码【1709120】的GSD为【上海-上海】
2021-07-06 02:01:01 GSD insert 第 1 次 等待 1 秒
2021-07-06 02:01:02 {"status":"ok","msg":"添加成功！202433"}

