2024-10-30 00:13:01 开始第 2189 次操作

2024-10-30 00:13:01 开始操作号码 【1302188】
2024-10-30 00:13:02 GSD getOne 第 1 次 等待 3 秒
2024-10-30 00:13:05 查询号码 【1302188】，返回信息 {"status":"ok","msg":"河北-石家庄","gid":"49212","time_insert":"2021-04-15 17:01"}
2024-10-30 00:13:05 查询号码 【1302188】，GSD为【"河北-石家庄"】

2024-10-30 00:13:06 开始第 2190 次操作

2024-10-30 00:13:06 开始操作号码 【1302189】
2024-10-30 00:13:07 GSD getOne 第 1 次 等待 3 秒
2024-10-30 00:13:10 查询号码 【1302189】，返回信息 {"status":"ok","msg":"河北-石家庄","gid":"49218","time_insert":"2021-04-15 20:00"}
2024-10-30 00:13:10 查询号码 【1302189】，GSD为【"河北-石家庄"】

2024-10-30 00:13:11 开始第 2191 次操作

2024-10-30 00:13:11 开始操作号码 【1302190】
2024-10-30 00:13:12 GSD getOne 第 1 次 等待 3 秒
2024-10-30 00:13:15 查询号码 【1302190】，返回信息 {"status":"ok","msg":"北京-北京","gid":"49223","time_insert":"2021-04-15 22:42"}
2024-10-30 00:13:15 查询号码 【1302190】，GSD为【"北京-北京"】

2024-10-30 00:13:16 开始第 2192 次操作

2024-10-30 00:13:16 开始操作号码 【1302191】
2024-10-30 00:13:17 GSD getOne 第 1 次 等待 3 秒
2024-10-30 00:13:20 查询号码 【1302191】，返回信息 {"status":"ok","msg":"北京-北京","gid":"49228","time_insert":"2021-04-16 01:31"}
2024-10-30 00:13:20 查询号码 【1302191】，GSD为【"北京-北京"】

2024-10-30 00:43:21 开始第 2193 次操作

2024-10-30 00:43:21 开始操作号码 【1302192】
2024-10-30 00:43:22 GSD getOne 第 1 次 等待 3 秒
2024-10-30 00:43:25 查询号码 【1302192】，返回信息 {"status":"ok","msg":"北京-北京","gid":"49233","time_insert":"2021-04-16 04:25"}
2024-10-30 00:43:25 查询号码 【1302192】，GSD为【"北京-北京"】

2024-10-30 00:43:26 开始第 2194 次操作

2024-10-30 00:43:26 开始操作号码 【1302193】
2024-10-30 00:43:27 GSD getOne 第 1 次 等待 3 秒
2024-10-30 00:43:30 查询号码 【1302193】，返回信息 {"status":"ok","msg":"北京-北京","gid":"49239","time_insert":"2021-04-16 07:00"}
2024-10-30 00:43:30 查询号码 【1302193】，GSD为【"北京-北京"】

2024-10-30 00:43:31 开始第 2195 次操作

2024-10-30 00:43:31 开始操作号码 【1302194】
2024-10-30 00:43:32 GSD getOne 第 1 次 等待 3 秒
2024-10-30 00:43:35 查询号码 【1302194】，返回信息 {"status":"ok","msg":"北京-北京","gid":"49246","time_insert":"2021-04-16 09:54"}
2024-10-30 00:43:35 查询号码 【1302194】，GSD为【"北京-北京"】

2024-10-30 00:43:36 开始第 2196 次操作

2024-10-30 00:43:36 开始操作号码 【1302195】
2024-10-30 00:43:37 GSD getOne 第 1 次 等待 3 秒
2024-10-30 00:43:40 查询号码 【1302195】，返回信息 {"status":"ok","msg":"北京-北京","gid":"49252","time_insert":"2021-04-16 12:49"}
2024-10-30 00:43:40 查询号码 【1302195】，GSD为【"北京-北京"】

