2024-09-28 00:17:58 开始第 7025 次操作

2024-09-28 00:17:58 开始操作号码 【1387024】
2024-09-28 00:18:00 GSD getOne 第 1 次 等待 3 秒
2024-09-28 00:18:03 查询号码 【1387024】，返回信息 {"status":"ok","msg":"江西-九江","gid":"11538","time_insert":"2017-07-20 22:19","time_update":"2020-09-08 10:01"}
2024-09-28 00:18:03 查询号码 【1387024】，GSD为【"江西-九江"】

2024-09-28 00:18:04 开始第 7026 次操作

2024-09-28 00:18:04 开始操作号码 【1387025】
2024-09-28 00:18:06 GSD getOne 第 1 次 等待 3 秒
2024-09-28 00:18:09 查询号码 【1387025】，返回信息 {"status":"ok","msg":"江西-九江","gid":"359584","time_insert":"2021-07-22 22:42"}
2024-09-28 00:18:09 查询号码 【1387025】，GSD为【"江西-九江"】

2024-09-28 00:18:10 开始第 7027 次操作

2024-09-28 00:18:10 开始操作号码 【1387026】
2024-09-28 00:18:12 GSD getOne 第 1 次 等待 3 秒
2024-09-28 00:18:15 查询号码 【1387026】，返回信息 {"status":"ok","msg":"江西-九江","gid":"359573","time_insert":"2021-07-22 22:41"}
2024-09-28 00:18:15 查询号码 【1387026】，GSD为【"江西-九江"】

2024-09-28 00:18:16 开始第 7028 次操作

2024-09-28 00:18:16 开始操作号码 【1387027】
2024-09-28 00:18:18 GSD getOne 第 1 次 等待 3 秒
2024-09-28 00:18:21 查询号码 【1387027】，返回信息 {"status":"ok","msg":"江西-九江","gid":"359558","time_insert":"2021-07-22 22:40"}
2024-09-28 00:18:21 查询号码 【1387027】，GSD为【"江西-九江"】

2024-09-28 00:43:13 开始第 7029 次操作

2024-09-28 00:43:13 开始操作号码 【1387028】
2024-09-28 00:43:15 GSD getOne 第 1 次 等待 3 秒
2024-09-28 00:43:18 查询号码 【1387028】，返回信息 {"status":"ok","msg":"江西-九江","gid":"359548","time_insert":"2021-07-22 22:39"}
2024-09-28 00:43:18 查询号码 【1387028】，GSD为【"江西-九江"】

2024-09-28 00:43:19 开始第 7030 次操作

2024-09-28 00:43:19 开始操作号码 【1387029】
2024-09-28 00:43:21 GSD getOne 第 1 次 等待 3 秒
2024-09-28 00:43:24 查询号码 【1387029】，返回信息 {"status":"ok","msg":"江西-九江","gid":"359537","time_insert":"2021-07-22 22:38"}
2024-09-28 00:43:24 查询号码 【1387029】，GSD为【"江西-九江"】

2024-09-28 00:43:25 开始第 7031 次操作

2024-09-28 00:43:25 开始操作号码 【1387030】
2024-09-28 00:43:26 GSD getOne 第 1 次 等待 3 秒
2024-09-28 00:43:29 查询号码 【1387030】，返回信息 {"status":"ok","msg":"江西-上饶","gid":"359527","time_insert":"2021-07-22 22:37"}
2024-09-28 00:43:30 查询号码 【1387030】，GSD为【"江西-上饶"】

2024-09-28 00:43:31 开始第 7032 次操作

2024-09-28 00:43:31 开始操作号码 【1387031】
2024-09-28 00:43:32 GSD getOne 第 1 次 等待 3 秒
2024-09-28 00:43:35 查询号码 【1387031】，返回信息 {"status":"ok","msg":"江西-上饶","gid":"359517","time_insert":"2021-07-22 22:36"}
2024-09-28 00:43:35 查询号码 【1387031】，GSD为【"江西-上饶"】

2024-09-28 01:13:17 开始第 7033 次操作

2024-09-28 01:13:17 开始操作号码 【1387032】
2024-09-28 01:13:20 GSD getOne 第 1 次 等待 3 秒
2024-09-28 01:13:23 查询号码 【1387032】，返回信息 {"status":"ok","msg":"江西-上饶","gid":"359465","time_insert":"2021-07-22 22:17"}
2024-09-28 01:13:23 查询号码 【1387032】，GSD为【"江西-上饶"】

2024-09-28 01:13:24 开始第 7034 次操作

2024-09-28 01:13:24 开始操作号码 【1387033】
2024-09-28 01:13:27 GSD getOne 第 1 次 等待 3 秒
2024-09-28 01:13:30 查询号码 【1387033】，返回信息 {"status":"ok","msg":"江西-上饶","gid":"359464","time_insert":"2021-07-22 22:16"}
2024-09-28 01:13:30 查询号码 【1387033】，GSD为【"江西-上饶"】

2024-09-28 01:13:32 开始第 7035 次操作

2024-09-28 01:13:32 开始操作号码 【1387034】
2024-09-28 01:13:34 GSD getOne 第 1 次 等待 3 秒
2024-09-28 01:13:37 查询号码 【1387034】，返回信息 {"status":"ok","msg":"江西-上饶","gid":"359459","time_insert":"2021-07-22 22:15"}
2024-09-28 01:13:37 查询号码 【1387034】，GSD为【"江西-上饶"】

2024-09-28 01:13:38 开始第 7036 次操作

2024-09-28 01:13:38 开始操作号码 【1387035】
2024-09-28 01:13:40 GSD getOne 第 1 次 等待 3 秒
2024-09-28 01:13:43 查询号码 【1387035】，返回信息 {"status":"ok","msg":"江西-上饶","gid":"359454","time_insert":"2021-07-22 22:14"}
2024-09-28 01:13:43 查询号码 【1387035】，GSD为【"江西-上饶"】

2024-09-28 01:37:23 开始第 7037 次操作

2024-09-28 01:37:23 开始操作号码 【1387036】
2024-09-28 01:37:25 GSD getOne 第 1 次 等待 3 秒
2024-09-28 01:37:28 查询号码 【1387036】，返回信息 {"status":"ok","msg":"江西-上饶","gid":"359448","time_insert":"2021-07-22 22:14"}
2024-09-28 01:37:28 查询号码 【1387036】，GSD为【"江西-上饶"】

2024-09-28 01:37:29 开始第 7038 次操作

2024-09-28 01:37:29 开始操作号码 【1387037】
2024-09-28 01:37:33 GSD getOne 第 1 次 等待 3 秒
2024-09-28 01:37:37 查询号码 【1387037】，返回信息 {"status":"ok","msg":"江西-上饶","gid":"11539","time_insert":"2017-03-20 17:21","time_update":"2020-09-08 09:57"}
2024-09-28 01:37:37 查询号码 【1387037】，GSD为【"江西-上饶"】

2024-09-28 01:37:38 开始第 7039 次操作

2024-09-28 01:37:38 开始操作号码 【1387038】
2024-09-28 01:37:40 GSD getOne 第 1 次 等待 3 秒
2024-09-28 01:37:43 查询号码 【1387038】，返回信息 {"status":"ok","msg":"江西-上饶","gid":"11540","time_insert":"2018-11-10 14:11","time_update":"2020-09-08 09:53"}
2024-09-28 01:37:43 查询号码 【1387038】，GSD为【"江西-上饶"】

2024-09-28 01:37:44 开始第 7040 次操作

2024-09-28 01:37:44 开始操作号码 【1387039】
2024-09-28 01:37:46 GSD getOne 第 1 次 等待 3 秒
2024-09-28 01:37:49 查询号码 【1387039】，返回信息 {"status":"ok","msg":"江西-上饶","gid":"359433","time_insert":"2021-07-22 22:12"}
2024-09-28 01:37:49 查询号码 【1387039】，GSD为【"江西-上饶"】

2024-09-28 02:19:31 开始第 7041 次操作

2024-09-28 02:19:31 开始操作号码 【1387040】
2024-09-28 02:19:34 GSD getOne 第 1 次 等待 3 秒
2024-09-28 02:19:37 查询号码 【1387040】，返回信息 {"status":"ok","msg":"江西-抚州","gid":"359425","time_insert":"2021-07-22 22:11"}
2024-09-28 02:19:37 查询号码 【1387040】，GSD为【"江西-抚州"】

2024-09-28 02:19:38 开始第 7042 次操作

2024-09-28 02:19:38 开始操作号码 【1387041】
2024-09-28 02:19:40 GSD getOne 第 1 次 等待 3 秒
2024-09-28 02:19:43 查询号码 【1387041】，返回信息 {"status":"ok","msg":"江西-抚州","gid":"11541","time_insert":"2018-05-18 23:04","time_update":"2020-09-08 09:48"}
2024-09-28 02:19:43 查询号码 【1387041】，GSD为【"江西-抚州"】

2024-09-28 02:19:44 开始第 7043 次操作

2024-09-28 02:19:44 开始操作号码 【1387042】
2024-09-28 02:19:46 GSD getOne 第 1 次 等待 3 秒
2024-09-28 02:19:49 查询号码 【1387042】，返回信息 {"status":"ok","msg":"江西-抚州","gid":"359414","time_insert":"2021-07-22 22:10"}
2024-09-28 02:19:49 查询号码 【1387042】，GSD为【"江西-抚州"】

2024-09-28 02:19:50 开始第 7044 次操作

2024-09-28 02:19:50 开始操作号码 【1387043】
2024-09-28 02:19:53 GSD getOne 第 1 次 等待 3 秒
2024-09-28 02:19:56 查询号码 【1387043】，返回信息 {"status":"ok","msg":"江西-抚州","gid":"359406","time_insert":"2021-07-22 22:09"}
2024-09-28 02:19:56 查询号码 【1387043】，GSD为【"江西-抚州"】

