2023-09-28 00:21:10 开始第 289 次操作

2023-09-28 00:21:10 开始操作号码 【1920288】
2023-09-28 00:21:12 GSD getOne 第 1 次 等待 3 秒
2023-09-28 00:21:15 查询号码 【1920288】，返回信息 {"status":"ok","msg":"四川-成都","gid":"534621","time_insert":"2023-02-16 21:55"}
2023-09-28 00:21:15 查询号码 【1920288】，GSD为【"四川-成都"】

2023-09-28 00:21:16 开始第 290 次操作

2023-09-28 00:21:16 开始操作号码 【1920289】
2023-09-28 00:21:19 GSD getOne 第 1 次 等待 3 秒
2023-09-28 00:21:22 查询号码 【1920289】，返回信息 {"status":"ok","msg":"四川-成都","gid":"534640","time_insert":"2023-02-16 22:12"}
2023-09-28 00:21:22 查询号码 【1920289】，GSD为【"四川-成都"】

2023-09-28 00:21:23 开始第 291 次操作

2023-09-28 00:21:23 开始操作号码 【1920290】
2023-09-28 00:21:24 GSD getOne 第 1 次 等待 3 秒
2023-09-28 00:21:27 查询号码 【1920290】，返回信息 {"status":"ok","msg":"陕西-西安","gid":"534662","time_insert":"2023-02-16 22:31"}
2023-09-28 00:21:27 查询号码 【1920290】，GSD为【"陕西-西安"】

2023-09-28 00:21:28 开始第 292 次操作

2023-09-28 00:21:28 开始操作号码 【1920291】
2023-09-28 00:21:32 GSD getOne 第 1 次 等待 3 秒
2023-09-28 00:21:35 查询号码 【1920291】，返回信息 {"status":"ok","msg":"陕西-西安","gid":"534684","time_insert":"2023-02-16 22:47"}
2023-09-28 00:21:35 查询号码 【1920291】，GSD为【"陕西-西安"】

2023-09-28 00:40:16 开始第 293 次操作

2023-09-28 00:40:16 开始操作号码 【1920292】
2023-09-28 00:40:18 GSD getOne 第 1 次 等待 3 秒
2023-09-28 00:40:21 查询号码 【1920292】，返回信息 {"status":"ok","msg":"陕西-西安","gid":"534706","time_insert":"2023-02-16 23:04"}
2023-09-28 00:40:22 查询号码 【1920292】，GSD为【"陕西-西安"】

2023-09-28 00:40:23 开始第 294 次操作

2023-09-28 00:40:23 开始操作号码 【1920293】
2023-09-28 00:40:24 GSD getOne 第 1 次 等待 3 秒
2023-09-28 00:40:27 查询号码 【1920293】，返回信息 {"status":"ok","msg":"陕西-西安","gid":"534725","time_insert":"2023-02-16 23:20"}
2023-09-28 00:40:27 查询号码 【1920293】，GSD为【"陕西-西安"】

2023-09-28 00:40:28 开始第 295 次操作

2023-09-28 00:40:28 开始操作号码 【1920294】
2023-09-28 00:40:31 GSD getOne 第 1 次 等待 3 秒
2023-09-28 00:40:34 查询号码 【1920294】，返回信息 {"status":"ok","msg":"陕西-西安","gid":"534751","time_insert":"2023-02-16 23:40"}
2023-09-28 00:40:34 查询号码 【1920294】，GSD为【"陕西-西安"】

2023-09-28 00:40:35 开始第 296 次操作

2023-09-28 00:40:35 开始操作号码 【1920295】
2023-09-28 00:40:37 GSD getOne 第 1 次 等待 3 秒
2023-09-28 00:40:40 查询号码 【1920295】，返回信息 {"status":"ok","msg":"陕西-西安","gid":"534770","time_insert":"2023-02-16 23:56"}
2023-09-28 00:40:40 查询号码 【1920295】，GSD为【"陕西-西安"】

