2023-10-08 00:18:41 开始第 2061 次操作

2023-10-08 00:18:41 开始操作号码 【1922060】
2023-10-08 00:18:45 GSD getOne 第 1 次 等待 3 秒
2023-10-08 00:18:48 查询号码 【1922060】，返回信息 {"status":"ok","msg":"-","gid":"588374","time_insert":"2023-03-13 17:06"}
2023-10-08 00:18:48 查询号码 【1922060】，GSD为【"-"】
2023-10-08 00:18:48 ok && -
2023-10-08 00:18:50 CHB 1922060?1696695528 第 1 次 等待 3 秒
2023-10-08 00:18:53 CHB 1922060?1696695528 第 1 次 获取到号码【1922060】GSD
2023-10-08 00:18:53 未获取到号码【1922060】GSD，可能号码格式错误
2023-10-08 00:18:53 获取到号码【1922060】的GSD为【-】
2023-10-08 00:18:59 GSD insert 第 1 次 等待 3 秒
2023-10-08 00:19:02 {"status":"bad","gid":"588374","msg":"添加失败！号码【1922060(-|-)】已存在！"}
2023-10-08 00:19:02 随机等待 147 秒，约 2 分钟
2023-10-08 00:19:02 下次操作: 2023-10-08 00:21:29

2023-10-08 00:21:29 开始第 2062 次操作

2023-10-08 00:21:29 开始操作号码 【1922061】
2023-10-08 00:21:43 GSD getOne 第 1 次 等待 3 秒
2023-10-08 00:21:46 查询号码 【1922061】，返回信息 {"status":"ok","msg":"-","gid":"588397","time_insert":"2023-03-13 17:22"}
2023-10-08 00:21:46 查询号码 【1922061】，GSD为【"-"】
2023-10-08 00:21:46 ok && -
2023-10-08 00:21:48 CHB 1922061?1696695706 第 1 次 等待 3 秒
2023-10-08 00:21:51 CHB 1922061?1696695706 第 1 次 获取到号码【1922061】GSD
2023-10-08 00:21:51 未获取到号码【1922061】GSD，可能号码格式错误
2023-10-08 00:21:51 获取到号码【1922061】的GSD为【-】
2023-10-08 00:21:53 GSD insert 第 1 次 等待 3 秒
2023-10-08 00:21:56 {"status":"bad","gid":"588397","msg":"添加失败！号码【1922061(-|-)】已存在！"}
2023-10-08 00:21:56 随机等待 185 秒，约 3 分钟
2023-10-08 00:21:56 下次操作: 2023-10-08 00:25:01

2023-10-08 00:25:01 开始第 2063 次操作

2023-10-08 00:25:01 开始操作号码 【1922062】
2023-10-08 00:25:17 GSD getOne 第 1 次 等待 3 秒
2023-10-08 00:25:20 查询号码 【1922062】，返回信息 {"status":"ok","msg":"-","gid":"588428","time_insert":"2023-03-13 17:40"}
2023-10-08 00:25:20 查询号码 【1922062】，GSD为【"-"】
2023-10-08 00:25:20 ok && -
2023-10-08 00:25:22 CHB 1922062?1696695920 第 1 次 等待 3 秒
2023-10-08 00:25:25 CHB 1922062?1696695920 第 1 次 获取到号码【1922062】GSD
2023-10-08 00:25:25 未获取到号码【1922062】GSD，可能号码格式错误
2023-10-08 00:25:25 获取到号码【1922062】的GSD为【-】
2023-10-08 00:25:35 GSD insert 第 1 次 等待 3 秒
2023-10-08 00:25:38 {"status":"bad","gid":"588428","msg":"添加失败！号码【1922062(-|-)】已存在！"}
2023-10-08 00:25:38 随机等待 155 秒，约 2 分钟
2023-10-08 00:25:38 下次操作: 2023-10-08 00:28:13

2023-10-08 00:28:13 开始第 2064 次操作

2023-10-08 00:28:13 开始操作号码 【1922063】
2023-10-08 00:28:44 GSD getOne 第 1 次 等待 3 秒
2023-10-08 00:28:47 查询号码 【1922063】，返回信息 {"status":"ok","msg":"-","gid":"588465","time_insert":"2023-03-13 17:59"}
2023-10-08 00:28:47 查询号码 【1922063】，GSD为【"-"】
2023-10-08 00:28:47 ok && -
2023-10-08 00:28:48 CHB 1922063?1696696127 第 1 次 等待 3 秒
2023-10-08 00:28:51 CHB 1922063?1696696127 第 1 次 获取到号码【1922063】GSD
2023-10-08 00:28:51 未获取到号码【1922063】GSD，可能号码格式错误
2023-10-08 00:28:51 获取到号码【1922063】的GSD为【-】
2023-10-08 00:28:58 GSD insert 第 1 次 等待 3 秒
2023-10-08 00:29:01 {"status":"bad","gid":"588465","msg":"添加失败！号码【1922063(-|-)】已存在！"}

2023-10-08 00:37:34 开始第 2065 次操作

2023-10-08 00:37:34 开始操作号码 【1922064】
2023-10-08 00:37:37 GSD getOne 第 1 次 等待 3 秒
2023-10-08 00:37:40 查询号码 【1922064】，返回信息 {"status":"ok","msg":"-","gid":"588489","time_insert":"2023-03-13 18:15"}
2023-10-08 00:37:40 查询号码 【1922064】，GSD为【"-"】
2023-10-08 00:37:40 ok && -
2023-10-08 00:37:43 CHB 1922064?1696696660 第 1 次 等待 3 秒
2023-10-08 00:37:46 CHB 1922064?1696696660 第 1 次 获取到号码【1922064】GSD
2023-10-08 00:37:46 未获取到号码【1922064】GSD，可能号码格式错误
2023-10-08 00:37:46 获取到号码【1922064】的GSD为【-】
2023-10-08 00:37:49 GSD insert 第 1 次 等待 3 秒
2023-10-08 00:37:52 {"status":"bad","gid":"588489","msg":"添加失败！号码【1922064(-|-)】已存在！"}
2023-10-08 00:37:52 随机等待 160 秒，约 2 分钟
2023-10-08 00:37:52 下次操作: 2023-10-08 00:40:32

2023-10-08 00:40:32 开始第 2066 次操作

2023-10-08 00:40:32 开始操作号码 【1922065】
2023-10-08 00:40:37 GSD getOne 第 1 次 等待 3 秒
2023-10-08 00:40:40 查询号码 【1922065】，返回信息 {"status":"ok","msg":"-","gid":"588515","time_insert":"2023-03-13 18:32"}
2023-10-08 00:40:40 查询号码 【1922065】，GSD为【"-"】
2023-10-08 00:40:40 ok && -
2023-10-08 00:40:42 CHB 1922065?1696696840 第 1 次 等待 3 秒
2023-10-08 00:40:45 CHB 1922065?1696696840 第 1 次 获取到号码【1922065】GSD
2023-10-08 00:40:45 未获取到号码【1922065】GSD，可能号码格式错误
2023-10-08 00:40:45 获取到号码【1922065】的GSD为【-】
2023-10-08 00:40:47 GSD insert 第 1 次 等待 3 秒
2023-10-08 00:40:50 {"status":"bad","gid":"588515","msg":"添加失败！号码【1922065(-|-)】已存在！"}
2023-10-08 00:40:50 随机等待 159 秒，约 2 分钟
2023-10-08 00:40:50 下次操作: 2023-10-08 00:43:29

2023-10-08 00:43:29 开始第 2067 次操作

2023-10-08 00:43:29 开始操作号码 【1922066】
2023-10-08 00:43:32 GSD getOne 第 1 次 等待 3 秒
2023-10-08 00:43:35 查询号码 【1922066】，返回信息 {"status":"ok","msg":"-","gid":"588538","time_insert":"2023-03-13 18:48"}
2023-10-08 00:43:35 查询号码 【1922066】，GSD为【"-"】
2023-10-08 00:43:35 ok && -
2023-10-08 00:43:37 CHB 1922066?1696697015 第 1 次 等待 3 秒
2023-10-08 00:43:40 CHB 1922066?1696697015 第 1 次 获取到号码【1922066】GSD
2023-10-08 00:43:40 未获取到号码【1922066】GSD，可能号码格式错误
2023-10-08 00:43:40 获取到号码【1922066】的GSD为【-】
2023-10-08 00:43:46 GSD insert 第 1 次 等待 3 秒
2023-10-08 00:43:49 {"status":"bad","gid":"588538","msg":"添加失败！号码【1922066(-|-)】已存在！"}
2023-10-08 00:43:49 随机等待 214 秒，约 3 分钟
2023-10-08 00:43:49 下次操作: 2023-10-08 00:47:23

2023-10-08 00:47:23 开始第 2068 次操作

2023-10-08 00:47:23 开始操作号码 【1922067】
2023-10-08 00:47:25 GSD getOne 第 1 次 等待 3 秒
2023-10-08 00:47:28 查询号码 【1922067】，返回信息 {"status":"ok","msg":"-","gid":"588567","time_insert":"2023-03-13 19:04"}
2023-10-08 00:47:28 查询号码 【1922067】，GSD为【"-"】
2023-10-08 00:47:28 ok && -
2023-10-08 00:47:30 CHB 1922067?1696697248 第 1 次 等待 3 秒
2023-10-08 00:47:33 CHB 1922067?1696697248 第 1 次 获取到号码【1922067】GSD
2023-10-08 00:47:33 未获取到号码【1922067】GSD，可能号码格式错误
2023-10-08 00:47:33 获取到号码【1922067】的GSD为【-】
2023-10-08 00:47:50 GSD insert 第 1 次 等待 3 秒
2023-10-08 00:47:53 {"status":"bad","gid":"588567","msg":"添加失败！号码【1922067(-|-)】已存在！"}

