2024-01-14 00:20:15 开始第 8541 次操作

2024-01-14 00:20:15 开始操作号码 【1828443】
2024-01-14 00:20:21 GSD getOne 第 1 次 等待 3 秒
2024-01-14 00:20:24 查询号码 【1828443】，返回信息 {"status":"ok","msg":"云南-大理","gid":"400263","time_insert":"2021-07-26 11:06"}
2024-01-14 00:20:24 查询号码 【1828443】，GSD为【"云南-大理"】

2024-01-14 00:20:25 开始第 8542 次操作

2024-01-14 00:20:25 开始操作号码 【1828444】
2024-01-14 00:20:29 GSD getOne 第 1 次 等待 3 秒
2024-01-14 00:20:32 查询号码 【1828444】，返回信息 {"status":"ok","msg":"云南-大理","gid":"400249","time_insert":"2021-07-26 11:05"}
2024-01-14 00:20:32 查询号码 【1828444】，GSD为【"云南-大理"】

2024-01-14 00:20:33 开始第 8543 次操作

2024-01-14 00:20:33 开始操作号码 【1828445】
2024-01-14 00:20:36 GSD getOne 第 1 次 等待 3 秒
2024-01-14 00:20:39 查询号码 【1828445】，返回信息 {"status":"ok","msg":"云南-红河","gid":"400240","time_insert":"2021-07-26 11:04"}
2024-01-14 00:20:39 查询号码 【1828445】，GSD为【"云南-红河"】

2024-01-14 00:20:40 开始第 8544 次操作

2024-01-14 00:20:40 开始操作号码 【1828446】
2024-01-14 00:20:46 GSD getOne 第 1 次 等待 3 秒
2024-01-14 00:20:49 查询号码 【1828446】，返回信息 {"status":"ok","msg":"云南-红河","gid":"400231","time_insert":"2021-07-26 11:04"}
2024-01-14 00:20:49 查询号码 【1828446】，GSD为【"云南-红河"】

2024-01-14 00:40:10 开始第 8545 次操作

2024-01-14 00:40:10 开始操作号码 【1828447】
2024-01-14 00:40:14 GSD getOne 第 1 次 等待 3 秒
2024-01-14 00:40:17 查询号码 【1828447】，返回信息 {"status":"ok","msg":"云南-红河","gid":"400224","time_insert":"2021-07-26 11:03"}
2024-01-14 00:40:17 查询号码 【1828447】，GSD为【"云南-红河"】

2024-01-14 00:40:18 开始第 8546 次操作

2024-01-14 00:40:18 开始操作号码 【1828448】
2024-01-14 00:40:21 GSD getOne 第 1 次 等待 3 秒
2024-01-14 00:40:24 查询号码 【1828448】，返回信息 {"status":"ok","msg":"云南-红河","gid":"400216","time_insert":"2021-07-26 11:03"}
2024-01-14 00:40:24 查询号码 【1828448】，GSD为【"云南-红河"】

2024-01-14 00:40:25 开始第 8547 次操作

2024-01-14 00:40:25 开始操作号码 【1828449】
2024-01-14 00:40:32 GSD getOne 第 1 次 等待 3 秒
2024-01-14 00:40:35 查询号码 【1828449】，返回信息 {"status":"ok","msg":"云南-红河","gid":"400204","time_insert":"2021-07-26 11:02"}
2024-01-14 00:40:35 查询号码 【1828449】，GSD为【"云南-红河"】

2024-01-14 00:40:36 开始第 8548 次操作

2024-01-14 00:40:36 开始操作号码 【1828450】
2024-01-14 00:40:40 GSD getOne 第 1 次 等待 3 秒
2024-01-14 00:40:43 查询号码 【1828450】，返回信息 {"status":"ok","msg":"四川-成都","gid":"36392","time_insert":"2017-03-18 13:49","time_update":"2020-11-08 01:58"}
2024-01-14 00:40:43 查询号码 【1828450】，GSD为【"四川-成都"】

