2024-07-29 00:22:41 开始第 8449 次操作

2024-07-29 00:22:41 开始操作号码 【1498338】
2024-07-29 00:22:50 GSD getOne 第 1 次 等待 3 秒
2024-07-29 00:22:53 查询号码 【1498338】，返回信息 {"status":"ok","msg":"江苏-南京","gid":"354803","time_insert":"2021-07-22 11:47"}
2024-07-29 00:22:53 查询号码 【1498338】，GSD为【"江苏-南京"】

2024-07-29 00:22:54 开始第 8450 次操作

2024-07-29 00:22:54 开始操作号码 【1498339】
2024-07-29 00:23:01 GSD getOne 第 1 次 等待 3 秒
2024-07-29 00:23:04 查询号码 【1498339】，返回信息 {"status":"ok","msg":"江苏-南京","gid":"354813","time_insert":"2021-07-22 11:48"}
2024-07-29 00:23:04 查询号码 【1498339】，GSD为【"江苏-南京"】

2024-07-29 00:23:05 开始第 8451 次操作

2024-07-29 00:23:05 开始操作号码 【1498340】
2024-07-29 00:23:13 GSD getOne 第 1 次 等待 3 秒
2024-07-29 00:23:16 查询号码 【1498340】，返回信息 {"status":"ok","msg":"江苏-南京","gid":"354823","time_insert":"2021-07-22 11:49"}
2024-07-29 00:23:16 查询号码 【1498340】，GSD为【"江苏-南京"】

2024-07-29 00:23:17 开始第 8452 次操作

2024-07-29 00:23:17 开始操作号码 【1498341】
2024-07-29 00:23:25 GSD getOne 第 1 次 等待 3 秒
2024-07-29 00:23:28 查询号码 【1498341】，返回信息 {"status":"ok","msg":"江苏-南京","gid":"354832","time_insert":"2021-07-22 11:49"}
2024-07-29 00:23:28 查询号码 【1498341】，GSD为【"江苏-南京"】

