2023-11-16 00:22:33 开始第 8729 次操作

2023-11-16 00:22:33 开始操作号码 【1928631】
2023-11-16 00:22:37 GSD getOne 第 1 次 等待 3 秒
2023-11-16 00:22:40 查询号码 【1928631】，返回信息 {"status":"ok","msg":"-","gid":"603950","time_insert":"2023-03-21 01:55"}
2023-11-16 00:22:41 查询号码 【1928631】，GSD为【"-"】
2023-11-16 00:22:41 ok && -
2023-11-16 00:22:43 CHB 1928631?1700065361 第 1 次 等待 3 秒
2023-11-16 00:22:46 CHB 1928631?1700065361 第 1 次 获取到号码【1928631】GSD
2023-11-16 00:22:46 未获取到号码【1928631】GSD，可能号码格式错误
2023-11-16 00:22:46 获取到号码【1928631】的GSD为【-】
2023-11-16 00:22:52 GSD insert 第 1 次 等待 3 秒
2023-11-16 00:22:55 {"status":"bad","gid":"603950","msg":"添加失败！号码【1928631(-|-)】已存在！"}
2023-11-16 00:22:55 随机等待 231 秒，约 3 分钟
2023-11-16 00:22:55 下次操作: 2023-11-16 00:26:46

2023-11-16 00:26:46 开始第 8730 次操作

2023-11-16 00:26:46 开始操作号码 【1928632】
2023-11-16 00:26:51 GSD getOne 第 1 次 等待 3 秒
2023-11-16 00:26:54 查询号码 【1928632】，返回信息 {"status":"ok","msg":"-","gid":"603947","time_insert":"2023-03-21 01:53"}
2023-11-16 00:26:54 查询号码 【1928632】，GSD为【"-"】
2023-11-16 00:26:54 ok && -
2023-11-16 00:26:57 CHB 1928632?1700065614 第 1 次 等待 3 秒
2023-11-16 00:27:00 CHB 1928632?1700065614 第 1 次 获取到号码【1928632】GSD
2023-11-16 00:27:00 未获取到号码【1928632】GSD，可能号码格式错误
2023-11-16 00:27:00 获取到号码【1928632】的GSD为【-】
2023-11-16 00:27:03 GSD insert 第 1 次 等待 3 秒
2023-11-16 00:27:06 {"status":"bad","gid":"603947","msg":"添加失败！号码【1928632(-|-)】已存在！"}
2023-11-16 00:27:06 随机等待 158 秒，约 2 分钟
2023-11-16 00:27:06 下次操作: 2023-11-16 00:29:44

2023-11-16 00:29:44 开始第 8731 次操作

2023-11-16 00:29:44 开始操作号码 【1928633】
2023-11-16 00:29:50 GSD getOne 第 1 次 等待 3 秒
2023-11-16 00:29:53 查询号码 【1928633】，返回信息 {"status":"ok","msg":"-","gid":"603944","time_insert":"2023-03-21 01:50"}
2023-11-16 00:29:53 查询号码 【1928633】，GSD为【"-"】
2023-11-16 00:29:53 ok && -
2023-11-16 00:29:55 CHB 1928633?1700065793 第 1 次 等待 3 秒
2023-11-16 00:29:58 CHB 1928633?1700065793 第 1 次 获取到号码【1928633】GSD
2023-11-16 00:29:59 未获取到号码【1928633】GSD，可能号码格式错误
2023-11-16 00:29:59 获取到号码【1928633】的GSD为【-】
2023-11-16 00:30:06 GSD insert 第 1 次 等待 3 秒
2023-11-16 00:30:09 {"status":"bad","gid":"603944","msg":"添加失败！号码【1928633(-|-)】已存在！"}
2023-11-16 00:30:09 随机等待 216 秒，约 3 分钟
2023-11-16 00:30:09 下次操作: 2023-11-16 00:33:45

2023-11-16 00:33:45 开始第 8732 次操作

2023-11-16 00:33:45 开始操作号码 【1928634】
2023-11-16 00:33:48 GSD getOne 第 1 次 等待 3 秒
2023-11-16 00:33:52 查询号码 【1928634】，返回信息 {"status":"ok","msg":"-","gid":"603938","time_insert":"2023-03-21 01:47"}
2023-11-16 00:33:52 查询号码 【1928634】，GSD为【"-"】
2023-11-16 00:33:52 ok && -
2023-11-16 00:33:54 CHB 1928634?1700066032 第 1 次 等待 3 秒
2023-11-16 00:33:57 CHB 1928634?1700066032 第 1 次 获取到号码【1928634】GSD
2023-11-16 00:33:57 未获取到号码【1928634】GSD，可能号码格式错误
2023-11-16 00:33:57 获取到号码【1928634】的GSD为【-】
2023-11-16 00:34:04 GSD insert 第 1 次 等待 3 秒
2023-11-16 00:34:07 {"status":"bad","gid":"603938","msg":"添加失败！号码【1928634(-|-)】已存在！"}

