2024-07-27 00:24:13 开始第 8101 次操作

2024-07-27 00:24:13 开始操作号码 【1497990】
2024-07-27 00:24:25 GSD getOne 第 1 次 等待 3 秒
2024-07-27 00:24:28 查询号码 【1497990】，返回信息 {"status":"ok","msg":"江苏-南京","gid":"350950","time_insert":"2021-07-22 02:00"}
2024-07-27 00:24:28 查询号码 【1497990】，GSD为【"江苏-南京"】

2024-07-27 00:24:29 开始第 8102 次操作

2024-07-27 00:24:29 开始操作号码 【1497991】
2024-07-27 00:24:37 GSD getOne 第 1 次 等待 3 秒
2024-07-27 00:24:40 查询号码 【1497991】，返回信息 {"status":"ok","msg":"江苏-南京","gid":"350955","time_insert":"2021-07-22 02:01"}
2024-07-27 00:24:40 查询号码 【1497991】，GSD为【"江苏-南京"】

2024-07-27 00:24:41 开始第 8103 次操作

2024-07-27 00:24:41 开始操作号码 【1497992】
2024-07-27 00:24:51 GSD getOne 第 1 次 等待 3 秒
2024-07-27 00:24:54 查询号码 【1497992】，返回信息 {"status":"ok","msg":"江苏-南京","gid":"350964","time_insert":"2021-07-22 02:02"}
2024-07-27 00:24:54 查询号码 【1497992】，GSD为【"江苏-南京"】

2024-07-27 00:24:55 开始第 8104 次操作

2024-07-27 00:24:55 开始操作号码 【1497993】
2024-07-27 00:25:03 GSD getOne 第 1 次 等待 3 秒
2024-07-27 00:25:06 查询号码 【1497993】，返回信息 {"status":"ok","msg":"江苏-南京","gid":"350968","time_insert":"2021-07-22 02:03"}
2024-07-27 00:25:06 查询号码 【1497993】，GSD为【"江苏-南京"】

2024-07-27 00:43:10 开始第 8105 次操作

2024-07-27 00:43:10 开始操作号码 【1497994】
2024-07-27 00:43:18 GSD getOne 第 1 次 等待 3 秒
2024-07-27 00:43:21 查询号码 【1497994】，返回信息 {"status":"ok","msg":"江苏-南京","gid":"350974","time_insert":"2021-07-22 02:04"}
2024-07-27 00:43:21 查询号码 【1497994】，GSD为【"江苏-南京"】

2024-07-27 00:43:22 开始第 8106 次操作

2024-07-27 00:43:22 开始操作号码 【1497995】
2024-07-27 00:43:33 GSD getOne 第 1 次 等待 3 秒
2024-07-27 00:43:36 查询号码 【1497995】，返回信息 {"status":"ok","msg":"江苏-南京","gid":"350981","time_insert":"2021-07-22 02:04"}
2024-07-27 00:43:36 查询号码 【1497995】，GSD为【"江苏-南京"】

2024-07-27 00:43:37 开始第 8107 次操作

2024-07-27 00:43:37 开始操作号码 【1497996】
2024-07-27 00:43:47 GSD getOne 第 1 次 等待 3 秒
2024-07-27 00:43:50 查询号码 【1497996】，返回信息 {"status":"ok","msg":"江苏-南京","gid":"350989","time_insert":"2021-07-22 02:05"}
2024-07-27 00:43:50 查询号码 【1497996】，GSD为【"江苏-南京"】

2024-07-27 00:43:51 开始第 8108 次操作

2024-07-27 00:43:51 开始操作号码 【1497997】
2024-07-27 00:44:02 GSD getOne 第 1 次 等待 3 秒
2024-07-27 00:44:05 查询号码 【1497997】，返回信息 {"status":"ok","msg":"江苏-南京","gid":"350996","time_insert":"2021-07-22 02:06"}
2024-07-27 00:44:05 查询号码 【1497997】，GSD为【"江苏-南京"】

2024-07-27 01:15:23 开始第 8109 次操作

2024-07-27 01:15:23 开始操作号码 【1497998】
2024-07-27 01:15:31 GSD getOne 第 1 次 等待 3 秒
2024-07-27 01:15:34 查询号码 【1497998】，返回信息 {"status":"ok","msg":"江苏-南京","gid":"351008","time_insert":"2021-07-22 02:07"}
2024-07-27 01:15:34 查询号码 【1497998】，GSD为【"江苏-南京"】

2024-07-27 01:15:35 开始第 8110 次操作

2024-07-27 01:15:35 开始操作号码 【1497999】
2024-07-27 01:15:43 GSD getOne 第 1 次 等待 3 秒
2024-07-27 01:15:46 查询号码 【1497999】，返回信息 {"status":"ok","msg":"江苏-南京","gid":"351015","time_insert":"2021-07-22 02:08"}
2024-07-27 01:15:46 查询号码 【1497999】，GSD为【"江苏-南京"】

2024-07-27 01:15:47 开始第 8111 次操作

2024-07-27 01:15:47 开始操作号码 【1498000】
2024-07-27 01:15:55 GSD getOne 第 1 次 等待 3 秒
2024-07-27 01:15:58 查询号码 【1498000】，返回信息 {"status":"ok","msg":"江苏-南京","gid":"351019","time_insert":"2021-07-22 02:09"}
2024-07-27 01:15:58 查询号码 【1498000】，GSD为【"江苏-南京"】

2024-07-27 01:15:59 开始第 8112 次操作

2024-07-27 01:15:59 开始操作号码 【1498001】
2024-07-27 01:16:07 GSD getOne 第 1 次 等待 3 秒
2024-07-27 01:16:10 查询号码 【1498001】，返回信息 {"status":"ok","msg":"江苏-南京","gid":"351025","time_insert":"2021-07-22 02:10"}
2024-07-27 01:16:10 查询号码 【1498001】，GSD为【"江苏-南京"】

