2024-03-01 00:19:10 开始第 6449 次操作

2024-03-01 00:19:10 开始操作号码 【1716351】
2024-03-01 00:19:15 GSD getOne 第 1 次 等待 3 秒
2024-03-01 00:19:18 查询号码 【1716351】，返回信息 {"status":"ok","msg":"山西-太原","gid":"204045","time_insert":"2021-07-06 06:54"}
2024-03-01 00:19:19 查询号码 【1716351】，GSD为【"山西-太原"】

2024-03-01 00:19:20 开始第 6450 次操作

2024-03-01 00:19:20 开始操作号码 【1716352】
2024-03-01 00:19:24 GSD getOne 第 1 次 等待 3 秒
2024-03-01 00:19:27 查询号码 【1716352】，返回信息 {"status":"ok","msg":"山西-大同","gid":"204218","time_insert":"2021-07-06 07:41"}
2024-03-01 00:19:27 查询号码 【1716352】，GSD为【"山西-大同"】

2024-03-01 00:19:28 开始第 6451 次操作

2024-03-01 00:19:28 开始操作号码 【1716353】
2024-03-01 00:19:33 GSD getOne 第 1 次 等待 3 秒
2024-03-01 00:19:36 查询号码 【1716353】，返回信息 {"status":"ok","msg":"山西-大同","gid":"204227","time_insert":"2021-07-06 07:41"}
2024-03-01 00:19:36 查询号码 【1716353】，GSD为【"山西-大同"】

2024-03-01 00:19:37 开始第 6452 次操作

2024-03-01 00:19:37 开始操作号码 【1716354】
2024-03-01 00:19:43 GSD getOne 第 1 次 等待 3 秒
2024-03-01 00:19:46 查询号码 【1716354】，返回信息 {"status":"ok","msg":"山西-长治","gid":"204232","time_insert":"2021-07-06 07:41"}
2024-03-01 00:19:46 查询号码 【1716354】，GSD为【"山西-长治"】

