2024-02-15 00:20:10 开始第 3753 次操作

2024-02-15 00:20:10 开始操作号码 【1713655】
2024-02-15 00:20:15 GSD getOne 第 1 次 等待 3 秒
2024-02-15 00:20:18 查询号码 【1713655】，返回信息 {"status":"ok","msg":"江苏-南京","gid":"172096","time_insert":"2021-07-02 06:42"}
2024-02-15 00:20:18 查询号码 【1713655】，GSD为【"江苏-南京"】

2024-02-15 00:20:19 开始第 3754 次操作

2024-02-15 00:20:19 开始操作号码 【1713656】
2024-02-15 00:20:24 GSD getOne 第 1 次 等待 3 秒
2024-02-15 00:20:27 查询号码 【1713656】，返回信息 {"status":"ok","msg":"江苏-南京","gid":"172103","time_insert":"2021-07-02 06:43"}
2024-02-15 00:20:27 查询号码 【1713656】，GSD为【"江苏-南京"】

2024-02-15 00:20:28 开始第 3755 次操作

2024-02-15 00:20:28 开始操作号码 【1713657】
2024-02-15 00:20:36 GSD getOne 第 1 次 等待 3 秒
2024-02-15 00:20:39 查询号码 【1713657】，返回信息 {"status":"ok","msg":"江苏-南京","gid":"172111","time_insert":"2021-07-02 06:43"}
2024-02-15 00:20:39 查询号码 【1713657】，GSD为【"江苏-南京"】

2024-02-15 00:20:40 开始第 3756 次操作

2024-02-15 00:20:40 开始操作号码 【1713658】
2024-02-15 00:20:44 GSD getOne 第 1 次 等待 3 秒
2024-02-15 00:20:47 查询号码 【1713658】，返回信息 {"status":"ok","msg":"江苏-南京","gid":"172121","time_insert":"2021-07-02 06:44"}
2024-02-15 00:20:47 查询号码 【1713658】，GSD为【"江苏-南京"】

2024-02-15 00:38:43 开始第 3757 次操作

2024-02-15 00:38:43 开始操作号码 【1713659】
2024-02-15 00:38:47 GSD getOne 第 1 次 等待 3 秒
2024-02-15 00:38:50 查询号码 【1713659】，返回信息 {"status":"ok","msg":"江苏-南京","gid":"172125","time_insert":"2021-07-02 06:44"}
2024-02-15 00:38:51 查询号码 【1713659】，GSD为【"江苏-南京"】

2024-02-15 00:38:52 开始第 3758 次操作

2024-02-15 00:38:52 开始操作号码 【1713660】
2024-02-15 00:38:59 GSD getOne 第 1 次 等待 3 秒
2024-02-15 00:39:03 查询号码 【1713660】，返回信息 {"status":"ok","msg":"广东-广州","gid":"172135","time_insert":"2021-07-02 06:45"}
2024-02-15 00:39:03 查询号码 【1713660】，GSD为【"广东-广州"】

2024-02-15 00:39:04 开始第 3759 次操作

2024-02-15 00:39:04 开始操作号码 【1713661】
2024-02-15 00:39:09 GSD getOne 第 1 次 等待 3 秒
2024-02-15 00:39:12 查询号码 【1713661】，返回信息 {"status":"ok","msg":"广东-广州","gid":"172139","time_insert":"2021-07-02 06:45"}
2024-02-15 00:39:12 查询号码 【1713661】，GSD为【"广东-广州"】

2024-02-15 00:39:13 开始第 3760 次操作

2024-02-15 00:39:13 开始操作号码 【1713662】
2024-02-15 00:39:19 GSD getOne 第 1 次 等待 3 秒
2024-02-15 00:39:22 查询号码 【1713662】，返回信息 {"status":"ok","msg":"广东-广州","gid":"172147","time_insert":"2021-07-02 06:45"}
2024-02-15 00:39:22 查询号码 【1713662】，GSD为【"广东-广州"】

2024-02-15 01:14:12 开始第 3761 次操作

2024-02-15 01:14:12 开始操作号码 【1713663】
2024-02-15 01:14:17 GSD getOne 第 1 次 等待 3 秒
2024-02-15 01:14:20 查询号码 【1713663】，返回信息 {"status":"ok","msg":"广东-广州","gid":"172154","time_insert":"2021-07-02 06:46"}
2024-02-15 01:14:20 查询号码 【1713663】，GSD为【"广东-广州"】

2024-02-15 01:14:21 开始第 3762 次操作

2024-02-15 01:14:21 开始操作号码 【1713664】
2024-02-15 01:14:26 GSD getOne 第 1 次 等待 3 秒
2024-02-15 01:14:29 查询号码 【1713664】，返回信息 {"status":"ok","msg":"广东-广州","gid":"28743","time_insert":"2017-04-19 11:23","time_update":"2020-10-01 00:05"}
2024-02-15 01:14:29 查询号码 【1713664】，GSD为【"广东-广州"】

2024-02-15 01:14:30 开始第 3763 次操作

2024-02-15 01:14:30 开始操作号码 【1713665】
2024-02-15 01:14:35 GSD getOne 第 1 次 等待 3 秒
2024-02-15 01:14:38 查询号码 【1713665】，返回信息 {"status":"ok","msg":"广东-广州","gid":"172160","time_insert":"2021-07-02 06:46"}
2024-02-15 01:14:38 查询号码 【1713665】，GSD为【"广东-广州"】

2024-02-15 01:14:39 开始第 3764 次操作

2024-02-15 01:14:39 开始操作号码 【1713666】
2024-02-15 01:14:43 GSD getOne 第 1 次 等待 3 秒
2024-02-15 01:14:46 查询号码 【1713666】，返回信息 {"status":"ok","msg":"广东-广州","gid":"172169","time_insert":"2021-07-02 06:47"}
2024-02-15 01:14:46 查询号码 【1713666】，GSD为【"广东-广州"】

2024-02-15 01:37:24 开始第 3765 次操作

2024-02-15 01:37:24 开始操作号码 【1713667】
2024-02-15 01:37:30 GSD getOne 第 1 次 等待 3 秒
2024-02-15 01:37:33 查询号码 【1713667】，返回信息 {"status":"ok","msg":"广东-广州","gid":"172174","time_insert":"2021-07-02 06:47"}
2024-02-15 01:37:33 查询号码 【1713667】，GSD为【"广东-广州"】

2024-02-15 01:37:34 开始第 3766 次操作

2024-02-15 01:37:34 开始操作号码 【1713668】
2024-02-15 01:37:41 GSD getOne 第 1 次 等待 3 秒
2024-02-15 01:37:44 查询号码 【1713668】，返回信息 {"status":"ok","msg":"广东-茂名","gid":"172187","time_insert":"2021-07-02 06:47"}
2024-02-15 01:37:44 查询号码 【1713668】，GSD为【"广东-茂名"】

2024-02-15 01:37:45 开始第 3767 次操作

2024-02-15 01:37:45 开始操作号码 【1713669】
2024-02-15 01:37:50 GSD getOne 第 1 次 等待 3 秒
2024-02-15 01:37:53 查询号码 【1713669】，返回信息 {"status":"ok","msg":"广东-广州","gid":"172195","time_insert":"2021-07-02 06:48"}
2024-02-15 01:37:53 查询号码 【1713669】，GSD为【"广东-广州"】

2024-02-15 01:37:54 开始第 3768 次操作

2024-02-15 01:37:54 开始操作号码 【1713670】
2024-02-15 01:38:00 GSD getOne 第 1 次 等待 3 秒
2024-02-15 01:38:03 查询号码 【1713670】，返回信息 {"status":"ok","msg":"山东-青岛","gid":"172205","time_insert":"2021-07-02 06:48"}
2024-02-15 01:38:03 查询号码 【1713670】，GSD为【"山东-青岛"】

2024-02-15 02:20:30 开始第 3769 次操作

2024-02-15 02:20:30 开始操作号码 【1713671】
2024-02-15 02:20:36 GSD getOne 第 1 次 等待 3 秒
2024-02-15 02:20:39 查询号码 【1713671】，返回信息 {"status":"ok","msg":"山东-青岛","gid":"172211","time_insert":"2021-07-02 06:49"}
2024-02-15 02:20:39 查询号码 【1713671】，GSD为【"山东-青岛"】

2024-02-15 02:20:40 开始第 3770 次操作

2024-02-15 02:20:40 开始操作号码 【1713672】
2024-02-15 02:20:45 GSD getOne 第 1 次 等待 3 秒
2024-02-15 02:20:48 查询号码 【1713672】，返回信息 {"status":"ok","msg":"山东-青岛","gid":"172220","time_insert":"2021-07-02 06:49"}
2024-02-15 02:20:48 查询号码 【1713672】，GSD为【"山东-青岛"】

2024-02-15 02:20:49 开始第 3771 次操作

2024-02-15 02:20:49 开始操作号码 【1713673】
2024-02-15 02:20:54 GSD getOne 第 1 次 等待 3 秒
2024-02-15 02:20:57 查询号码 【1713673】，返回信息 {"status":"ok","msg":"山东-青岛","gid":"172228","time_insert":"2021-07-02 06:50"}
2024-02-15 02:20:57 查询号码 【1713673】，GSD为【"山东-青岛"】

2024-02-15 02:20:58 开始第 3772 次操作

2024-02-15 02:20:58 开始操作号码 【1713674】
2024-02-15 02:21:03 GSD getOne 第 1 次 等待 3 秒
2024-02-15 02:21:06 查询号码 【1713674】，返回信息 {"status":"ok","msg":"山东-青岛","gid":"172237","time_insert":"2021-07-02 06:50"}
2024-02-15 02:21:06 查询号码 【1713674】，GSD为【"山东-青岛"】

2024-02-15 02:38:20 开始第 3773 次操作

2024-02-15 02:38:20 开始操作号码 【1713675】
2024-02-15 02:38:26 GSD getOne 第 1 次 等待 3 秒
2024-02-15 02:38:29 查询号码 【1713675】，返回信息 {"status":"ok","msg":"山东-青岛","gid":"172242","time_insert":"2021-07-02 06:50"}
2024-02-15 02:38:29 查询号码 【1713675】，GSD为【"山东-青岛"】

2024-02-15 02:38:30 开始第 3774 次操作

2024-02-15 02:38:30 开始操作号码 【1713676】
2024-02-15 02:38:34 GSD getOne 第 1 次 等待 3 秒
2024-02-15 02:38:37 查询号码 【1713676】，返回信息 {"status":"ok","msg":"山东-青岛","gid":"172252","time_insert":"2021-07-02 06:51"}
2024-02-15 02:38:37 查询号码 【1713676】，GSD为【"山东-青岛"】

2024-02-15 02:38:38 开始第 3775 次操作

2024-02-15 02:38:38 开始操作号码 【1713677】
2024-02-15 02:38:43 GSD getOne 第 1 次 等待 3 秒
2024-02-15 02:38:46 查询号码 【1713677】，返回信息 {"status":"ok","msg":"山东-青岛","gid":"172257","time_insert":"2021-07-02 06:51"}
2024-02-15 02:38:46 查询号码 【1713677】，GSD为【"山东-青岛"】

2024-02-15 02:38:47 开始第 3776 次操作

2024-02-15 02:38:47 开始操作号码 【1713678】
2024-02-15 02:38:54 GSD getOne 第 1 次 等待 3 秒
2024-02-15 02:38:57 查询号码 【1713678】，返回信息 {"status":"ok","msg":"山东-青岛","gid":"172264","time_insert":"2021-07-02 06:52"}
2024-02-15 02:38:57 查询号码 【1713678】，GSD为【"山东-青岛"】

2024-02-15 03:12:36 开始第 3777 次操作

2024-02-15 03:12:36 开始操作号码 【1713679】
2024-02-15 03:12:41 GSD getOne 第 1 次 等待 3 秒
2024-02-15 03:12:44 查询号码 【1713679】，返回信息 {"status":"ok","msg":"山东-青岛","gid":"172271","time_insert":"2021-07-02 06:52"}
2024-02-15 03:12:44 查询号码 【1713679】，GSD为【"山东-青岛"】

2024-02-15 03:12:45 开始第 3778 次操作

2024-02-15 03:12:45 开始操作号码 【1713680】
2024-02-15 03:12:50 GSD getOne 第 1 次 等待 3 秒
2024-02-15 03:12:53 查询号码 【1713680】，返回信息 {"status":"ok","msg":"山西-太原","gid":"172277","time_insert":"2021-07-02 06:53"}
2024-02-15 03:12:53 查询号码 【1713680】，GSD为【"山西-太原"】

2024-02-15 03:12:54 开始第 3779 次操作

2024-02-15 03:12:54 开始操作号码 【1713681】
2024-02-15 03:13:00 GSD getOne 第 1 次 等待 3 秒
2024-02-15 03:13:03 查询号码 【1713681】，返回信息 {"status":"ok","msg":"山西-太原","gid":"172280","time_insert":"2021-07-02 06:53"}
2024-02-15 03:13:03 查询号码 【1713681】，GSD为【"山西-太原"】

2024-02-15 03:13:04 开始第 3780 次操作

2024-02-15 03:13:04 开始操作号码 【1713682】
2024-02-15 03:13:09 GSD getOne 第 1 次 等待 3 秒
2024-02-15 03:13:12 查询号码 【1713682】，返回信息 {"status":"ok","msg":"山西-太原","gid":"172286","time_insert":"2021-07-02 06:53"}
2024-02-15 03:13:12 查询号码 【1713682】，GSD为【"山西-太原"】

2024-02-15 03:37:09 开始第 3781 次操作

2024-02-15 03:37:09 开始操作号码 【1713683】
2024-02-15 03:37:14 GSD getOne 第 1 次 等待 3 秒
2024-02-15 03:37:17 查询号码 【1713683】，返回信息 {"status":"ok","msg":"山西-太原","gid":"172289","time_insert":"2021-07-02 06:54"}
2024-02-15 03:37:17 查询号码 【1713683】，GSD为【"山西-太原"】

2024-02-15 03:37:18 开始第 3782 次操作

2024-02-15 03:37:18 开始操作号码 【1713684】
2024-02-15 03:37:22 GSD getOne 第 1 次 等待 3 秒
2024-02-15 03:37:25 查询号码 【1713684】，返回信息 {"status":"ok","msg":"山西-太原","gid":"172410","time_insert":"2021-07-02 07:42"}
2024-02-15 03:37:26 查询号码 【1713684】，GSD为【"山西-太原"】

2024-02-15 03:37:27 开始第 3783 次操作

2024-02-15 03:37:27 开始操作号码 【1713685】
2024-02-15 03:37:31 GSD getOne 第 1 次 等待 3 秒
2024-02-15 03:37:34 查询号码 【1713685】，返回信息 {"status":"ok","msg":"山西-太原","gid":"172414","time_insert":"2021-07-02 07:43"}
2024-02-15 03:37:34 查询号码 【1713685】，GSD为【"山西-太原"】

2024-02-15 03:37:35 开始第 3784 次操作

2024-02-15 03:37:35 开始操作号码 【1713686】
2024-02-15 03:37:39 GSD getOne 第 1 次 等待 3 秒
2024-02-15 03:37:42 查询号码 【1713686】，返回信息 {"status":"ok","msg":"山西-太原","gid":"172423","time_insert":"2021-07-02 07:43"}
2024-02-15 03:37:43 查询号码 【1713686】，GSD为【"山西-太原"】

