2024-09-18 00:17:45 开始第 5289 次操作

2024-09-18 00:17:45 开始操作号码 【1385288】
2024-09-18 00:17:53 GSD getOne 第 1 次 等待 3 秒
2024-09-18 00:17:56 查询号码 【1385288】，返回信息 {"status":"ok","msg":"江苏-泰州","gid":"280720","time_insert":"2021-07-15 06:18"}
2024-09-18 00:17:56 查询号码 【1385288】，GSD为【"江苏-泰州"】

2024-09-18 00:17:57 开始第 5290 次操作

2024-09-18 00:17:57 开始操作号码 【1385289】
2024-09-18 00:18:05 GSD getOne 第 1 次 等待 3 秒
2024-09-18 00:18:08 查询号码 【1385289】，返回信息 {"status":"ok","msg":"江苏-泰州","gid":"280739","time_insert":"2021-07-15 06:30"}
2024-09-18 00:18:08 查询号码 【1385289】，GSD为【"江苏-泰州"】

2024-09-18 00:18:09 开始第 5291 次操作

2024-09-18 00:18:09 开始操作号码 【1385290】
2024-09-18 00:18:17 GSD getOne 第 1 次 等待 3 秒
2024-09-18 00:18:20 查询号码 【1385290】，返回信息 {"status":"ok","msg":"江苏-镇江","gid":"280808","time_insert":"2021-07-15 06:41"}
2024-09-18 00:18:21 查询号码 【1385290】，GSD为【"江苏-镇江"】

2024-09-18 00:18:22 开始第 5292 次操作

2024-09-18 00:18:22 开始操作号码 【1385291】
2024-09-18 00:18:30 GSD getOne 第 1 次 等待 3 秒
2024-09-18 00:18:33 查询号码 【1385291】，返回信息 {"status":"ok","msg":"江苏-镇江","gid":"281004","time_insert":"2021-07-15 06:51"}
2024-09-18 00:18:33 查询号码 【1385291】，GSD为【"江苏-镇江"】

