2024-05-19 00:19:48 开始第 9553 次操作

2024-05-19 00:19:48 开始操作号码 【1609446】
2024-05-19 00:19:54 GSD getOne 第 1 次 等待 3 秒
2024-05-19 00:19:57 查询号码 【1609446】，返回信息 {"status":"ok","msg":"-","gid":"692700","time_insert":"2023-05-05 00:46"}
2024-05-19 00:19:57 查询号码 【1609446】，GSD为【"-"】
2024-05-19 00:19:57 ok && -
2024-05-19 00:19:59 CHB 1609446?1716049197 第 1 次 等待 3 秒
2024-05-19 00:20:02 CHB 1609446?1716049197 第 1 次 获取到号码【1609446】GSD
2024-05-19 00:20:02 未获取到号码【1609446】GSD，可能号码格式错误
2024-05-19 00:20:02 获取到号码【1609446】的GSD为【-】
2024-05-19 00:20:12 GSD insert 第 1 次 等待 3 秒
2024-05-19 00:20:15 {"status":"bad","gid":"692700","msg":"添加失败！号码【1609446(-|-)】已存在！"}
2024-05-19 00:20:15 随机等待 80 秒，约 1 分钟
2024-05-19 00:20:15 下次操作: 2024-05-19 00:21:35

2024-05-19 00:21:35 开始第 9554 次操作

2024-05-19 00:21:35 开始操作号码 【1609447】
2024-05-19 00:21:42 GSD getOne 第 1 次 等待 3 秒
2024-05-19 00:21:45 查询号码 【1609447】，返回信息 {"status":"ok","msg":"-","gid":"692717","time_insert":"2023-05-05 01:05"}
2024-05-19 00:21:45 查询号码 【1609447】，GSD为【"-"】
2024-05-19 00:21:45 ok && -
2024-05-19 00:21:47 CHB 1609447?1716049305 第 1 次 等待 3 秒
2024-05-19 00:21:50 CHB 1609447?1716049305 第 1 次 获取到号码【1609447】GSD
2024-05-19 00:21:50 未获取到号码【1609447】GSD，可能号码格式错误
2024-05-19 00:21:50 获取到号码【1609447】的GSD为【-】
2024-05-19 00:21:55 GSD insert 第 1 次 等待 3 秒
2024-05-19 00:21:58 {"status":"bad","gid":"692717","msg":"添加失败！号码【1609447(-|-)】已存在！"}
2024-05-19 00:21:58 随机等待 100 秒，约 1 分钟
2024-05-19 00:21:58 下次操作: 2024-05-19 00:23:38

2024-05-19 00:23:38 开始第 9555 次操作

2024-05-19 00:23:38 开始操作号码 【1609448】
2024-05-19 00:23:51 GSD getOne 第 1 次 等待 3 秒
2024-05-19 00:23:54 查询号码 【1609448】，返回信息 {"status":"ok","msg":"-","gid":"692729","time_insert":"2023-05-05 01:21"}
2024-05-19 00:23:54 查询号码 【1609448】，GSD为【"-"】
2024-05-19 00:23:54 ok && -
2024-05-19 00:23:56 CHB 1609448?1716049434 第 1 次 等待 3 秒
2024-05-19 00:23:59 CHB 1609448?1716049434 第 1 次 获取到号码【1609448】GSD
2024-05-19 00:23:59 未获取到号码【1609448】GSD，可能号码格式错误
2024-05-19 00:23:59 获取到号码【1609448】的GSD为【-】
2024-05-19 00:24:15 GSD insert 第 1 次 等待 3 秒
2024-05-19 00:24:18 {"status":"bad","gid":"692729","msg":"添加失败！号码【1609448(-|-)】已存在！"}
2024-05-19 00:24:18 随机等待 84 秒，约 1 分钟
2024-05-19 00:24:18 下次操作: 2024-05-19 00:25:42

2024-05-19 00:25:42 开始第 9556 次操作

2024-05-19 00:25:42 开始操作号码 【1609449】
2024-05-19 00:25:47 GSD getOne 第 1 次 等待 3 秒
2024-05-19 00:25:50 查询号码 【1609449】，返回信息 {"status":"ok","msg":"-","gid":"692744","time_insert":"2023-05-05 01:36"}
2024-05-19 00:25:50 查询号码 【1609449】，GSD为【"-"】
2024-05-19 00:25:50 ok && -
2024-05-19 00:25:52 CHB 1609449?1716049550 第 1 次 等待 3 秒
2024-05-19 00:25:55 CHB 1609449?1716049550 第 1 次 获取到号码【1609449】GSD
2024-05-19 00:25:55 未获取到号码【1609449】GSD，可能号码格式错误
2024-05-19 00:25:55 获取到号码【1609449】的GSD为【-】
2024-05-19 00:26:09 GSD insert 第 1 次 等待 3 秒
2024-05-19 00:26:12 {"status":"bad","gid":"692744","msg":"添加失败！号码【1609449(-|-)】已存在！"}

2024-05-19 00:37:50 开始第 9557 次操作

2024-05-19 00:37:50 开始操作号码 【1609450】
2024-05-19 00:37:57 GSD getOne 第 1 次 等待 3 秒
2024-05-19 00:38:00 查询号码 【1609450】，返回信息 {"status":"ok","msg":"-","gid":"692761","time_insert":"2023-05-05 01:54"}
2024-05-19 00:38:00 查询号码 【1609450】，GSD为【"-"】
2024-05-19 00:38:00 ok && -
2024-05-19 00:38:02 CHB 1609450?1716050280 第 1 次 等待 3 秒
2024-05-19 00:38:05 CHB 1609450?1716050280 第 1 次 获取到号码【1609450】GSD
2024-05-19 00:38:05 未获取到号码【1609450】GSD，可能号码格式错误
2024-05-19 00:38:05 获取到号码【1609450】的GSD为【-】
2024-05-19 00:38:15 GSD insert 第 1 次 等待 3 秒
2024-05-19 00:38:18 {"status":"bad","gid":"692761","msg":"添加失败！号码【1609450(-|-)】已存在！"}
2024-05-19 00:38:18 随机等待 66 秒，约 1 分钟
2024-05-19 00:38:18 下次操作: 2024-05-19 00:39:24

2024-05-19 00:39:24 开始第 9558 次操作

2024-05-19 00:39:24 开始操作号码 【1609451】
2024-05-19 00:39:35 GSD getOne 第 1 次 等待 3 秒
2024-05-19 00:39:38 查询号码 【1609451】，返回信息 {"status":"ok","msg":"-","gid":"692777","time_insert":"2023-05-05 02:13"}
2024-05-19 00:39:39 查询号码 【1609451】，GSD为【"-"】
2024-05-19 00:39:39 ok && -
2024-05-19 00:39:41 CHB 1609451?1716050379 第 1 次 等待 3 秒
2024-05-19 00:39:44 CHB 1609451?1716050379 第 1 次 获取到号码【1609451】GSD
2024-05-19 00:39:44 未获取到号码【1609451】GSD，可能号码格式错误
2024-05-19 00:39:44 获取到号码【1609451】的GSD为【-】
2024-05-19 00:39:54 GSD insert 第 1 次 等待 3 秒
2024-05-19 00:39:57 {"status":"bad","gid":"692777","msg":"添加失败！号码【1609451(-|-)】已存在！"}
2024-05-19 00:39:57 随机等待 219 秒，约 3 分钟
2024-05-19 00:39:57 下次操作: 2024-05-19 00:43:36

2024-05-19 00:43:36 开始第 9559 次操作

2024-05-19 00:43:36 开始操作号码 【1609452】
2024-05-19 00:43:56 GSD getOne 第 1 次 等待 3 秒
2024-05-19 00:43:59 查询号码 【1609452】，返回信息 {"status":"ok","msg":"-","gid":"692793","time_insert":"2023-05-05 02:31"}
2024-05-19 00:43:59 查询号码 【1609452】，GSD为【"-"】
2024-05-19 00:43:59 ok && -
2024-05-19 00:44:01 CHB 1609452?1716050639 第 1 次 等待 3 秒
2024-05-19 00:44:04 CHB 1609452?1716050639 第 1 次 获取到号码【1609452】GSD
2024-05-19 00:44:04 未获取到号码【1609452】GSD，可能号码格式错误
2024-05-19 00:44:04 获取到号码【1609452】的GSD为【-】
2024-05-19 00:44:13 GSD insert 第 1 次 等待 3 秒
2024-05-19 00:44:16 {"status":"bad","gid":"692793","msg":"添加失败！号码【1609452(-|-)】已存在！"}
2024-05-19 00:44:16 随机等待 102 秒，约 1 分钟
2024-05-19 00:44:16 下次操作: 2024-05-19 00:45:58

2024-05-19 00:45:58 开始第 9560 次操作

2024-05-19 00:45:58 开始操作号码 【1609453】
2024-05-19 00:46:04 GSD getOne 第 1 次 等待 3 秒
2024-05-19 00:46:07 查询号码 【1609453】，返回信息 {"status":"ok","msg":"-","gid":"692807","time_insert":"2023-05-05 02:48"}
2024-05-19 00:46:07 查询号码 【1609453】，GSD为【"-"】
2024-05-19 00:46:07 ok && -
2024-05-19 00:46:09 CHB 1609453?1716050767 第 1 次 等待 3 秒
2024-05-19 00:46:12 CHB 1609453?1716050767 第 1 次 获取到号码【1609453】GSD
2024-05-19 00:46:12 未获取到号码【1609453】GSD，可能号码格式错误
2024-05-19 00:46:12 获取到号码【1609453】的GSD为【-】
2024-05-19 00:46:18 GSD insert 第 1 次 等待 3 秒
2024-05-19 00:46:21 {"status":"bad","gid":"692807","msg":"添加失败！号码【1609453(-|-)】已存在！"}

2024-05-19 01:13:49 开始第 9561 次操作

2024-05-19 01:13:49 开始操作号码 【1609454】
2024-05-19 01:14:22 GSD getOne 第 1 次 等待 3 秒
2024-05-19 01:14:25 查询号码 【1609454】，返回信息 {"status":"ok","msg":"-","gid":"692828","time_insert":"2023-05-05 03:08"}
2024-05-19 01:14:26 查询号码 【1609454】，GSD为【"-"】
2024-05-19 01:14:26 ok && -
2024-05-19 01:14:27 CHB 1609454?1716052466 第 1 次 等待 3 秒
2024-05-19 01:14:30 CHB 1609454?1716052466 第 1 次 获取到号码【1609454】GSD
2024-05-19 01:14:31 未获取到号码【1609454】GSD，可能号码格式错误
2024-05-19 01:14:31 获取到号码【1609454】的GSD为【-】
2024-05-19 01:14:39 GSD insert 第 1 次 等待 3 秒
2024-05-19 01:14:42 {"status":"bad","gid":"692828","msg":"添加失败！号码【1609454(-|-)】已存在！"}
2024-05-19 01:14:42 随机等待 181 秒，约 3 分钟
2024-05-19 01:14:42 下次操作: 2024-05-19 01:17:43

2024-05-19 01:17:43 开始第 9562 次操作

2024-05-19 01:17:43 开始操作号码 【1609455】
2024-05-19 01:17:50 GSD getOne 第 1 次 等待 3 秒
2024-05-19 01:17:53 查询号码 【1609455】，返回信息 {"status":"ok","msg":"-","gid":"692842","time_insert":"2023-05-05 03:25"}
2024-05-19 01:17:53 查询号码 【1609455】，GSD为【"-"】
2024-05-19 01:17:53 ok && -
2024-05-19 01:17:55 CHB 1609455?1716052673 第 1 次 等待 3 秒
2024-05-19 01:17:58 CHB 1609455?1716052673 第 1 次 获取到号码【1609455】GSD
2024-05-19 01:17:58 未获取到号码【1609455】GSD，可能号码格式错误
2024-05-19 01:17:58 获取到号码【1609455】的GSD为【-】
2024-05-19 01:18:08 GSD insert 第 1 次 等待 3 秒
2024-05-19 01:18:11 {"status":"bad","gid":"692842","msg":"添加失败！号码【1609455(-|-)】已存在！"}
2024-05-19 01:18:11 随机等待 206 秒，约 3 分钟
2024-05-19 01:18:11 下次操作: 2024-05-19 01:21:37

2024-05-19 01:21:37 开始第 9563 次操作

2024-05-19 01:21:37 开始操作号码 【1609456】
2024-05-19 01:21:58 GSD getOne 第 1 次 等待 3 秒
2024-05-19 01:22:01 查询号码 【1609456】，返回信息 {"status":"ok","msg":"-","gid":"692859","time_insert":"2023-05-05 03:44"}
2024-05-19 01:22:01 查询号码 【1609456】，GSD为【"-"】
2024-05-19 01:22:01 ok && -
2024-05-19 01:22:03 CHB 1609456?1716052921 第 1 次 等待 3 秒
2024-05-19 01:22:06 CHB 1609456?1716052921 第 1 次 获取到号码【1609456】GSD
2024-05-19 01:22:06 未获取到号码【1609456】GSD，可能号码格式错误
2024-05-19 01:22:06 获取到号码【1609456】的GSD为【-】
2024-05-19 01:22:11 GSD insert 第 1 次 等待 3 秒
2024-05-19 01:22:14 {"status":"bad","gid":"692859","msg":"添加失败！号码【1609456(-|-)】已存在！"}
2024-05-19 01:22:14 随机等待 168 秒，约 2 分钟
2024-05-19 01:22:14 下次操作: 2024-05-19 01:25:02

2024-05-19 01:25:02 开始第 9564 次操作

2024-05-19 01:25:02 开始操作号码 【1609457】
2024-05-19 01:25:07 GSD getOne 第 1 次 等待 3 秒
2024-05-19 01:25:10 查询号码 【1609457】，返回信息 {"status":"ok","msg":"-","gid":"692876","time_insert":"2023-05-05 04:03"}
2024-05-19 01:25:10 查询号码 【1609457】，GSD为【"-"】
2024-05-19 01:25:10 ok && -
2024-05-19 01:25:12 CHB 1609457?1716053110 第 1 次 等待 3 秒
2024-05-19 01:25:15 CHB 1609457?1716053110 第 1 次 获取到号码【1609457】GSD
2024-05-19 01:25:15 未获取到号码【1609457】GSD，可能号码格式错误
2024-05-19 01:25:15 获取到号码【1609457】的GSD为【-】
2024-05-19 01:25:25 GSD insert 第 1 次 等待 3 秒
2024-05-19 01:25:28 {"status":"bad","gid":"692876","msg":"添加失败！号码【1609457(-|-)】已存在！"}

