2023-10-21 00:20:56 开始第 4149 次操作

2023-10-21 00:20:56 开始操作号码 【1924059】
2023-10-21 00:21:03 GSD getOne 第 1 次 等待 3 秒
2023-10-21 00:21:06 查询号码 【1924059】，返回信息 {"status":"ok","msg":"-","gid":"628991","time_insert":"2023-04-02 02:40"}
2023-10-21 00:21:06 查询号码 【1924059】，GSD为【"-"】
2023-10-21 00:21:06 ok && -
2023-10-21 00:21:11 CHB 1924059?1697818866 第 1 次 等待 3 秒
2023-10-21 00:21:14 CHB 1924059?1697818866 第 1 次 获取到号码【1924059】GSD
2023-10-21 00:21:14 未获取到号码【1924059】GSD，可能号码格式错误
2023-10-21 00:21:14 获取到号码【1924059】的GSD为【-】
2023-10-21 00:21:21 GSD insert 第 1 次 等待 3 秒
2023-10-21 00:21:24 {"status":"bad","gid":"628991","msg":"添加失败！号码【1924059(-|-)】已存在！"}
2023-10-21 00:21:24 随机等待 91 秒，约 1 分钟
2023-10-21 00:21:24 下次操作: 2023-10-21 00:22:55

2023-10-21 00:22:55 开始第 4150 次操作

2023-10-21 00:22:55 开始操作号码 【1924060】
2023-10-21 00:23:19 GSD getOne 第 1 次 等待 3 秒
2023-10-21 00:23:22 查询号码 【1924060】，返回信息 {"status":"ok","msg":"-","gid":"628986","time_insert":"2023-04-02 02:37"}
2023-10-21 00:23:22 查询号码 【1924060】，GSD为【"-"】
2023-10-21 00:23:22 ok && -
2023-10-21 00:23:28 CHB 1924060?1697819002 第 1 次 等待 3 秒
2023-10-21 00:23:31 CHB 1924060?1697819002 第 1 次 获取到号码【1924060】GSD
2023-10-21 00:23:31 未获取到号码【1924060】GSD，可能号码格式错误
2023-10-21 00:23:31 获取到号码【1924060】的GSD为【-】
2023-10-21 00:23:34 GSD insert 第 1 次 等待 3 秒
2023-10-21 00:23:37 {"status":"bad","gid":"628986","msg":"添加失败！号码【1924060(-|-)】已存在！"}
2023-10-21 00:23:37 随机等待 81 秒，约 1 分钟
2023-10-21 00:23:37 下次操作: 2023-10-21 00:24:58

2023-10-21 00:24:58 开始第 4151 次操作

2023-10-21 00:24:58 开始操作号码 【1924061】
2023-10-21 00:25:05 GSD getOne 第 1 次 等待 3 秒
2023-10-21 00:25:08 查询号码 【1924061】，返回信息 {"status":"ok","msg":"-","gid":"628981","time_insert":"2023-04-02 02:35"}
2023-10-21 00:25:08 查询号码 【1924061】，GSD为【"-"】
2023-10-21 00:25:08 ok && -
2023-10-21 00:25:10 CHB 1924061?1697819108 第 1 次 等待 3 秒
2023-10-21 00:25:13 CHB 1924061?1697819108 第 1 次 获取到号码【1924061】GSD
2023-10-21 00:25:13 未获取到号码【1924061】GSD，可能号码格式错误
2023-10-21 00:25:13 获取到号码【1924061】的GSD为【-】
2023-10-21 00:25:15 GSD insert 第 1 次 等待 3 秒
2023-10-21 00:25:18 {"status":"bad","gid":"628981","msg":"添加失败！号码【1924061(-|-)】已存在！"}
2023-10-21 00:25:18 随机等待 149 秒，约 2 分钟
2023-10-21 00:25:18 下次操作: 2023-10-21 00:27:47

2023-10-21 00:27:47 开始第 4152 次操作

2023-10-21 00:27:47 开始操作号码 【1924062】
2023-10-21 00:27:50 GSD getOne 第 1 次 等待 3 秒
2023-10-21 00:27:53 查询号码 【1924062】，返回信息 {"status":"ok","msg":"-","gid":"628976","time_insert":"2023-04-02 02:32"}
2023-10-21 00:27:53 查询号码 【1924062】，GSD为【"-"】
2023-10-21 00:27:53 ok && -
2023-10-21 00:27:55 CHB 1924062?1697819273 第 1 次 等待 3 秒
2023-10-21 00:27:58 CHB 1924062?1697819273 第 1 次 获取到号码【1924062】GSD
2023-10-21 00:27:58 未获取到号码【1924062】GSD，可能号码格式错误
2023-10-21 00:27:58 获取到号码【1924062】的GSD为【-】
2023-10-21 00:28:02 GSD insert 第 1 次 等待 3 秒
2023-10-21 00:28:05 {"status":"bad","gid":"628976","msg":"添加失败！号码【1924062(-|-)】已存在！"}

