2023-12-21 00:20:24 开始第 4281 次操作

2023-12-21 00:20:24 开始操作号码 【1824183】
2023-12-21 00:20:28 GSD getOne 第 1 次 等待 3 秒
2023-12-21 00:20:31 查询号码 【1824183】，返回信息 {"status":"ok","msg":"辽宁-阜新","gid":"444351","time_insert":"2021-07-30 13:05"}
2023-12-21 00:20:31 查询号码 【1824183】，GSD为【"辽宁-阜新"】

2023-12-21 00:20:32 开始第 4282 次操作

2023-12-21 00:20:32 开始操作号码 【1824184】
2023-12-21 00:20:36 GSD getOne 第 1 次 等待 3 秒
2023-12-21 00:20:39 查询号码 【1824184】，返回信息 {"status":"ok","msg":"辽宁-阜新","gid":"444341","time_insert":"2021-07-30 13:04"}
2023-12-21 00:20:39 查询号码 【1824184】，GSD为【"辽宁-阜新"】

2023-12-21 00:20:40 开始第 4283 次操作

2023-12-21 00:20:40 开始操作号码 【1824185】
2023-12-21 00:20:47 GSD getOne 第 1 次 等待 3 秒
2023-12-21 00:20:50 查询号码 【1824185】，返回信息 {"status":"ok","msg":"辽宁-阜新","gid":"444329","time_insert":"2021-07-30 13:04"}
2023-12-21 00:20:50 查询号码 【1824185】，GSD为【"辽宁-阜新"】

2023-12-21 00:20:51 开始第 4284 次操作

2023-12-21 00:20:51 开始操作号码 【1824186】
2023-12-21 00:20:55 GSD getOne 第 1 次 等待 3 秒
2023-12-21 00:20:58 查询号码 【1824186】，返回信息 {"status":"ok","msg":"辽宁-阜新","gid":"444317","time_insert":"2021-07-30 13:03"}
2023-12-21 00:20:58 查询号码 【1824186】，GSD为【"辽宁-阜新"】

