2024-08-21 00:15:49 开始第 289 次操作

2024-08-21 00:15:49 开始操作号码 【1380288】
2024-08-21 00:15:57 GSD getOne 第 1 次 等待 3 秒
2024-08-21 00:16:00 查询号码 【1380288】，返回信息 {"status":"ok","msg":"广东-广州","gid":"60150","time_insert":"2021-05-16 22:03"}
2024-08-21 00:16:00 查询号码 【1380288】，GSD为【"广东-广州"】

2024-08-21 00:16:01 开始第 290 次操作

2024-08-21 00:16:01 开始操作号码 【1380289】
2024-08-21 00:16:10 GSD getOne 第 1 次 等待 3 秒
2024-08-21 00:16:13 查询号码 【1380289】，返回信息 {"status":"ok","msg":"广东-清远","gid":"60151","time_insert":"2021-05-16 22:05"}
2024-08-21 00:16:13 查询号码 【1380289】，GSD为【"广东-清远"】

2024-08-21 00:16:14 开始第 291 次操作

2024-08-21 00:16:14 开始操作号码 【1380290】
2024-08-21 00:16:22 GSD getOne 第 1 次 等待 3 秒
2024-08-21 00:16:25 查询号码 【1380290】，返回信息 {"status":"ok","msg":"广东-广州","gid":"60161","time_insert":"2021-05-16 22:23"}
2024-08-21 00:16:25 查询号码 【1380290】，GSD为【"广东-广州"】

2024-08-21 00:16:26 开始第 292 次操作

2024-08-21 00:16:26 开始操作号码 【1380291】
2024-08-21 00:16:39 GSD getOne 第 1 次 等待 3 秒
2024-08-21 00:16:42 查询号码 【1380291】，返回信息 {"status":"ok","msg":"广东-广州","gid":"60174","time_insert":"2021-05-16 22:52","time_update":"2021-05-17 04:40"}
2024-08-21 00:16:42 查询号码 【1380291】，GSD为【"广东-广州"】

2024-08-21 00:39:13 开始第 293 次操作

2024-08-21 00:39:13 开始操作号码 【1380292】
2024-08-21 00:39:22 GSD getOne 第 1 次 等待 3 秒
2024-08-21 00:39:25 查询号码 【1380292】，返回信息 {"status":"ok","msg":"广东-广州","gid":"60181","time_insert":"2021-05-16 23:10"}
2024-08-21 00:39:25 查询号码 【1380292】，GSD为【"广东-广州"】

2024-08-21 00:39:26 开始第 294 次操作

2024-08-21 00:39:26 开始操作号码 【1380293】
2024-08-21 00:39:36 GSD getOne 第 1 次 等待 3 秒
2024-08-21 00:39:39 查询号码 【1380293】，返回信息 {"status":"ok","msg":"广东-广州","gid":"60194","time_insert":"2021-05-16 23:37"}
2024-08-21 00:39:39 查询号码 【1380293】，GSD为【"广东-广州"】

2024-08-21 00:39:40 开始第 295 次操作

2024-08-21 00:39:40 开始操作号码 【1380294】
2024-08-21 00:39:48 GSD getOne 第 1 次 等待 3 秒
2024-08-21 00:39:51 查询号码 【1380294】，返回信息 {"status":"ok","msg":"广东-广州","gid":"60204","time_insert":"2021-05-17 00:01"}
2024-08-21 00:39:51 查询号码 【1380294】，GSD为【"广东-广州"】

2024-08-21 00:39:52 开始第 296 次操作

2024-08-21 00:39:52 开始操作号码 【1380295】
2024-08-21 00:40:00 GSD getOne 第 1 次 等待 3 秒
2024-08-21 00:40:03 查询号码 【1380295】，返回信息 {"status":"ok","msg":"广东-广州","gid":"60211","time_insert":"2021-05-17 00:18"}
2024-08-21 00:40:03 查询号码 【1380295】，GSD为【"广东-广州"】

