2024-02-25 00:18:10 开始第 5549 次操作

2024-02-25 00:18:10 开始操作号码 【1715451】
2024-02-25 00:18:16 GSD getOne 第 1 次 等待 3 秒
2024-02-25 00:18:19 查询号码 【1715451】，返回信息 {"status":"ok","msg":"黑龙江-哈尔滨","gid":"255022","time_insert":"2021-07-12 08:56"}
2024-02-25 00:18:19 查询号码 【1715451】，GSD为【"黑龙江-哈尔滨"】

2024-02-25 00:18:20 开始第 5550 次操作

2024-02-25 00:18:20 开始操作号码 【1715452】
2024-02-25 00:18:26 GSD getOne 第 1 次 等待 3 秒
2024-02-25 00:18:29 查询号码 【1715452】，返回信息 {"status":"ok","msg":"黑龙江-哈尔滨","gid":"193591","time_insert":"2021-07-04 22:43"}
2024-02-25 00:18:29 查询号码 【1715452】，GSD为【"黑龙江-哈尔滨"】

2024-02-25 00:18:30 开始第 5551 次操作

2024-02-25 00:18:30 开始操作号码 【1715453】
2024-02-25 00:18:34 GSD getOne 第 1 次 等待 3 秒
2024-02-25 00:18:37 查询号码 【1715453】，返回信息 {"status":"ok","msg":"黑龙江-哈尔滨","gid":"193593","time_insert":"2021-07-04 22:43"}
2024-02-25 00:18:37 查询号码 【1715453】，GSD为【"黑龙江-哈尔滨"】

2024-02-25 00:18:38 开始第 5552 次操作

2024-02-25 00:18:38 开始操作号码 【1715454】
2024-02-25 00:18:43 GSD getOne 第 1 次 等待 3 秒
2024-02-25 00:18:46 查询号码 【1715454】，返回信息 {"status":"ok","msg":"黑龙江-佳木斯","gid":"193599","time_insert":"2021-07-04 22:44"}
2024-02-25 00:18:46 查询号码 【1715454】，GSD为【"黑龙江-佳木斯"】

