2024-04-04 00:19:40 开始第 1761 次操作

2024-04-04 00:19:40 开始操作号码 【1601664】
2024-04-04 00:19:45 GSD getOne 第 1 次 等待 3 秒
2024-04-04 00:19:48 查询号码 【1601664】，返回信息 {"status":"ok","msg":"-","gid":"544604","time_insert":"2023-02-21 09:43"}
2024-04-04 00:19:48 查询号码 【1601664】，GSD为【"-"】
2024-04-04 00:19:48 ok && -
2024-04-04 00:19:50 CHB 1601664?1712161188 第 1 次 等待 3 秒
2024-04-04 00:19:53 CHB 1601664?1712161188 第 1 次 获取到号码【1601664】GSD
2024-04-04 00:19:53 未获取到号码【1601664】GSD，可能号码格式错误
2024-04-04 00:19:53 获取到号码【1601664】的GSD为【-】
2024-04-04 00:19:59 GSD insert 第 1 次 等待 3 秒
2024-04-04 00:20:02 {"status":"bad","gid":"544604","msg":"添加失败！号码【1601664(-|-)】已存在！"}
2024-04-04 00:20:02 随机等待 153 秒，约 2 分钟
2024-04-04 00:20:02 下次操作: 2024-04-04 00:22:35

2024-04-04 00:22:35 开始第 1762 次操作

2024-04-04 00:22:35 开始操作号码 【1601665】
2024-04-04 00:22:40 GSD getOne 第 1 次 等待 3 秒
2024-04-04 00:22:43 查询号码 【1601665】，返回信息 {"status":"ok","msg":"-","gid":"544619","time_insert":"2023-02-21 09:53"}
2024-04-04 00:22:43 查询号码 【1601665】，GSD为【"-"】
2024-04-04 00:22:43 ok && -
2024-04-04 00:22:45 CHB 1601665?1712161363 第 1 次 等待 3 秒
2024-04-04 00:22:48 CHB 1601665?1712161363 第 1 次 获取到号码【1601665】GSD
2024-04-04 00:22:48 未获取到号码【1601665】GSD，可能号码格式错误
2024-04-04 00:22:48 获取到号码【1601665】的GSD为【-】
2024-04-04 00:22:53 GSD insert 第 1 次 等待 3 秒
2024-04-04 00:22:56 {"status":"bad","gid":"544619","msg":"添加失败！号码【1601665(-|-)】已存在！"}
2024-04-04 00:22:56 随机等待 184 秒，约 3 分钟
2024-04-04 00:22:56 下次操作: 2024-04-04 00:26:00

2024-04-04 00:26:00 开始第 1763 次操作

2024-04-04 00:26:00 开始操作号码 【1601666】
2024-04-04 00:26:06 GSD getOne 第 1 次 等待 3 秒
2024-04-04 00:26:09 查询号码 【1601666】，返回信息 {"status":"ok","msg":"-","gid":"544635","time_insert":"2023-02-21 10:09"}
2024-04-04 00:26:09 查询号码 【1601666】，GSD为【"-"】
2024-04-04 00:26:09 ok && -
2024-04-04 00:26:12 CHB 1601666?1712161569 第 1 次 等待 3 秒
2024-04-04 00:26:15 CHB 1601666?1712161569 第 1 次 获取到号码【1601666】GSD
2024-04-04 00:26:15 未获取到号码【1601666】GSD，可能号码格式错误
2024-04-04 00:26:15 获取到号码【1601666】的GSD为【-】
2024-04-04 00:26:20 GSD insert 第 1 次 等待 3 秒
2024-04-04 00:26:23 {"status":"bad","gid":"544635","msg":"添加失败！号码【1601666(-|-)】已存在！"}
2024-04-04 00:26:23 随机等待 87 秒，约 1 分钟
2024-04-04 00:26:23 下次操作: 2024-04-04 00:27:50

2024-04-04 00:27:50 开始第 1764 次操作

2024-04-04 00:27:50 开始操作号码 【1601667】
2024-04-04 00:27:56 GSD getOne 第 1 次 等待 3 秒
2024-04-04 00:27:59 查询号码 【1601667】，返回信息 {"status":"ok","msg":"-","gid":"544646","time_insert":"2023-02-21 10:19"}
2024-04-04 00:27:59 查询号码 【1601667】，GSD为【"-"】
2024-04-04 00:27:59 ok && -
2024-04-04 00:28:05 CHB 1601667?1712161679 第 1 次 等待 3 秒
2024-04-04 00:28:08 CHB 1601667?1712161679 第 1 次 获取到号码【1601667】GSD
2024-04-04 00:28:08 未获取到号码【1601667】GSD，可能号码格式错误
2024-04-04 00:28:08 获取到号码【1601667】的GSD为【-】
2024-04-04 00:28:13 GSD insert 第 1 次 等待 3 秒
2024-04-04 00:28:16 {"status":"bad","gid":"544646","msg":"添加失败！号码【1601667(-|-)】已存在！"}

2024-04-04 00:40:06 开始第 1765 次操作

2024-04-04 00:40:06 开始操作号码 【1601668】
2024-04-04 00:40:14 GSD getOne 第 1 次 等待 3 秒
2024-04-04 00:40:17 查询号码 【1601668】，返回信息 {"status":"ok","msg":"-","gid":"544662","time_insert":"2023-02-21 10:30"}
2024-04-04 00:40:17 查询号码 【1601668】，GSD为【"-"】
2024-04-04 00:40:17 ok && -
2024-04-04 00:40:19 CHB 1601668?1712162417 第 1 次 等待 3 秒
2024-04-04 00:40:22 CHB 1601668?1712162417 第 1 次 获取到号码【1601668】GSD
2024-04-04 00:40:22 未获取到号码【1601668】GSD，可能号码格式错误
2024-04-04 00:40:22 获取到号码【1601668】的GSD为【-】
2024-04-04 00:40:27 GSD insert 第 1 次 等待 3 秒
2024-04-04 00:40:30 {"status":"bad","gid":"544662","msg":"添加失败！号码【1601668(-|-)】已存在！"}
2024-04-04 00:40:30 随机等待 143 秒，约 2 分钟
2024-04-04 00:40:30 下次操作: 2024-04-04 00:42:53

2024-04-04 00:42:53 开始第 1766 次操作

2024-04-04 00:42:53 开始操作号码 【1601669】
2024-04-04 00:42:58 GSD getOne 第 1 次 等待 3 秒
2024-04-04 00:43:01 查询号码 【1601669】，返回信息 {"status":"ok","msg":"-","gid":"544680","time_insert":"2023-02-21 10:45"}
2024-04-04 00:43:01 查询号码 【1601669】，GSD为【"-"】
2024-04-04 00:43:01 ok && -
2024-04-04 00:43:03 CHB 1601669?1712162581 第 1 次 等待 3 秒
2024-04-04 00:43:06 CHB 1601669?1712162581 第 1 次 获取到号码【1601669】GSD
2024-04-04 00:43:07 未获取到号码【1601669】GSD，可能号码格式错误
2024-04-04 00:43:07 获取到号码【1601669】的GSD为【-】
2024-04-04 00:43:12 GSD insert 第 1 次 等待 3 秒
2024-04-04 00:43:15 {"status":"bad","gid":"544680","msg":"添加失败！号码【1601669(-|-)】已存在！"}
2024-04-04 00:43:15 随机等待 174 秒，约 2 分钟
2024-04-04 00:43:16 下次操作: 2024-04-04 00:46:09

2024-04-04 00:46:10 开始第 1767 次操作

2024-04-04 00:46:10 开始操作号码 【1601670】
2024-04-04 00:46:16 GSD getOne 第 1 次 等待 3 秒
2024-04-04 00:46:19 查询号码 【1601670】，返回信息 {"status":"ok","msg":"-","gid":"544702","time_insert":"2023-02-21 11:03"}
2024-04-04 00:46:19 查询号码 【1601670】，GSD为【"-"】
2024-04-04 00:46:19 ok && -
2024-04-04 00:46:21 CHB 1601670?1712162779 第 1 次 等待 3 秒
2024-04-04 00:46:24 CHB 1601670?1712162779 第 1 次 获取到号码【1601670】GSD
2024-04-04 00:46:24 未获取到号码【1601670】GSD，可能号码格式错误
2024-04-04 00:46:24 获取到号码【1601670】的GSD为【-】
2024-04-04 00:46:29 GSD insert 第 1 次 等待 3 秒
2024-04-04 00:46:32 {"status":"bad","gid":"544702","msg":"添加失败！号码【1601670(-|-)】已存在！"}
2024-04-04 00:46:32 随机等待 209 秒，约 3 分钟
2024-04-04 00:46:32 下次操作: 2024-04-04 00:50:01

2024-04-04 00:50:01 开始第 1768 次操作

2024-04-04 00:50:01 开始操作号码 【1601671】
2024-04-04 00:50:08 GSD getOne 第 1 次 等待 3 秒
2024-04-04 00:50:11 查询号码 【1601671】，返回信息 {"status":"ok","msg":"-","gid":"544718","time_insert":"2023-02-21 11:15"}
2024-04-04 00:50:11 查询号码 【1601671】，GSD为【"-"】
2024-04-04 00:50:11 ok && -
2024-04-04 00:50:17 CHB 1601671?1712163011 第 1 次 等待 3 秒
2024-04-04 00:50:20 CHB 1601671?1712163011 第 1 次 获取到号码【1601671】GSD
2024-04-04 00:50:20 未获取到号码【1601671】GSD，可能号码格式错误
2024-04-04 00:50:20 获取到号码【1601671】的GSD为【-】
2024-04-04 00:50:28 GSD insert 第 1 次 等待 3 秒
2024-04-04 00:50:31 {"status":"bad","gid":"544718","msg":"添加失败！号码【1601671(-|-)】已存在！"}

2024-04-04 01:14:21 开始第 1769 次操作

2024-04-04 01:14:21 开始操作号码 【1601672】
2024-04-04 01:14:28 GSD getOne 第 1 次 等待 3 秒
2024-04-04 01:14:31 查询号码 【1601672】，返回信息 {"status":"ok","msg":"-","gid":"544734","time_insert":"2023-02-21 11:26"}
2024-04-04 01:14:31 查询号码 【1601672】，GSD为【"-"】
2024-04-04 01:14:31 ok && -
2024-04-04 01:14:35 CHB 1601672?1712164471 第 1 次 等待 3 秒
2024-04-04 01:14:38 CHB 1601672?1712164471 第 1 次 获取到号码【1601672】GSD
2024-04-04 01:14:38 未获取到号码【1601672】GSD，可能号码格式错误
2024-04-04 01:14:38 获取到号码【1601672】的GSD为【-】
2024-04-04 01:14:44 GSD insert 第 1 次 等待 3 秒
2024-04-04 01:14:47 {"status":"bad","gid":"544734","msg":"添加失败！号码【1601672(-|-)】已存在！"}
2024-04-04 01:14:47 随机等待 209 秒，约 3 分钟
2024-04-04 01:14:47 下次操作: 2024-04-04 01:18:16

2024-04-04 01:18:16 开始第 1770 次操作

2024-04-04 01:18:16 开始操作号码 【1601673】
2024-04-04 01:18:21 GSD getOne 第 1 次 等待 3 秒
2024-04-04 01:18:24 查询号码 【1601673】，返回信息 {"status":"ok","msg":"-","gid":"544746","time_insert":"2023-02-21 11:34"}
2024-04-04 01:18:24 查询号码 【1601673】，GSD为【"-"】
2024-04-04 01:18:24 ok && -
2024-04-04 01:18:31 CHB 1601673?1712164704 第 1 次 等待 3 秒
2024-04-04 01:18:34 CHB 1601673?1712164704 第 1 次 获取到号码【1601673】GSD
2024-04-04 01:18:34 未获取到号码【1601673】GSD，可能号码格式错误
2024-04-04 01:18:34 获取到号码【1601673】的GSD为【-】
2024-04-04 01:18:39 GSD insert 第 1 次 等待 3 秒
2024-04-04 01:18:42 {"status":"bad","gid":"544746","msg":"添加失败！号码【1601673(-|-)】已存在！"}
2024-04-04 01:18:42 随机等待 102 秒，约 1 分钟
2024-04-04 01:18:42 下次操作: 2024-04-04 01:20:24

2024-04-04 01:20:24 开始第 1771 次操作

2024-04-04 01:20:24 开始操作号码 【1601674】
2024-04-04 01:20:30 GSD getOne 第 1 次 等待 3 秒
2024-04-04 01:20:33 查询号码 【1601674】，返回信息 {"status":"ok","msg":"-","gid":"544777","time_insert":"2023-02-21 11:52"}
2024-04-04 01:20:33 查询号码 【1601674】，GSD为【"-"】
2024-04-04 01:20:33 ok && -
2024-04-04 01:20:36 CHB 1601674?1712164833 第 1 次 等待 3 秒
2024-04-04 01:20:39 CHB 1601674?1712164833 第 1 次 获取到号码【1601674】GSD
2024-04-04 01:20:39 未获取到号码【1601674】GSD，可能号码格式错误
2024-04-04 01:20:39 获取到号码【1601674】的GSD为【-】
2024-04-04 01:20:44 GSD insert 第 1 次 等待 3 秒
2024-04-04 01:20:47 {"status":"bad","gid":"544777","msg":"添加失败！号码【1601674(-|-)】已存在！"}
2024-04-04 01:20:47 随机等待 135 秒，约 2 分钟
2024-04-04 01:20:47 下次操作: 2024-04-04 01:23:02

2024-04-04 01:23:02 开始第 1772 次操作

2024-04-04 01:23:02 开始操作号码 【1601675】
2024-04-04 01:23:07 GSD getOne 第 1 次 等待 3 秒
2024-04-04 01:23:10 查询号码 【1601675】，返回信息 {"status":"ok","msg":"-","gid":"544797","time_insert":"2023-02-21 12:04"}
2024-04-04 01:23:10 查询号码 【1601675】，GSD为【"-"】
2024-04-04 01:23:10 ok && -
2024-04-04 01:23:12 CHB 1601675?1712164990 第 1 次 等待 3 秒
2024-04-04 01:23:15 CHB 1601675?1712164990 第 1 次 获取到号码【1601675】GSD
2024-04-04 01:23:15 未获取到号码【1601675】GSD，可能号码格式错误
2024-04-04 01:23:15 获取到号码【1601675】的GSD为【-】
2024-04-04 01:23:20 GSD insert 第 1 次 等待 3 秒
2024-04-04 01:23:23 {"status":"bad","gid":"544797","msg":"添加失败！号码【1601675(-|-)】已存在！"}

2024-04-04 01:37:19 开始第 1773 次操作

2024-04-04 01:37:20 开始操作号码 【1601676】
2024-04-04 01:37:26 GSD getOne 第 1 次 等待 3 秒
2024-04-04 01:37:29 查询号码 【1601676】，返回信息 {"status":"ok","msg":"-","gid":"544812","time_insert":"2023-02-21 12:15"}
2024-04-04 01:37:29 查询号码 【1601676】，GSD为【"-"】
2024-04-04 01:37:29 ok && -
2024-04-04 01:37:31 CHB 1601676?1712165849 第 1 次 等待 3 秒
2024-04-04 01:37:34 CHB 1601676?1712165849 第 1 次 获取到号码【1601676】GSD
2024-04-04 01:37:34 未获取到号码【1601676】GSD，可能号码格式错误
2024-04-04 01:37:34 获取到号码【1601676】的GSD为【-】
2024-04-04 01:37:39 GSD insert 第 1 次 等待 3 秒
2024-04-04 01:37:42 {"status":"bad","gid":"544812","msg":"添加失败！号码【1601676(-|-)】已存在！"}
2024-04-04 01:37:42 随机等待 90 秒，约 1 分钟
2024-04-04 01:37:42 下次操作: 2024-04-04 01:39:12

2024-04-04 01:39:12 开始第 1774 次操作

2024-04-04 01:39:12 开始操作号码 【1601677】
2024-04-04 01:39:17 GSD getOne 第 1 次 等待 3 秒
2024-04-04 01:39:20 查询号码 【1601677】，返回信息 {"status":"ok","msg":"-","gid":"544830","time_insert":"2023-02-21 12:24"}
2024-04-04 01:39:20 查询号码 【1601677】，GSD为【"-"】
2024-04-04 01:39:20 ok && -
2024-04-04 01:39:21 CHB 1601677?1712165960 第 1 次 等待 3 秒
2024-04-04 01:39:24 CHB 1601677?1712165960 第 1 次 获取到号码【1601677】GSD
2024-04-04 01:39:24 未获取到号码【1601677】GSD，可能号码格式错误
2024-04-04 01:39:24 获取到号码【1601677】的GSD为【-】
2024-04-04 01:39:29 GSD insert 第 1 次 等待 3 秒
2024-04-04 01:39:32 {"status":"bad","gid":"544830","msg":"添加失败！号码【1601677(-|-)】已存在！"}
2024-04-04 01:39:32 随机等待 122 秒，约 2 分钟
2024-04-04 01:39:32 下次操作: 2024-04-04 01:41:34

2024-04-04 01:41:34 开始第 1775 次操作

2024-04-04 01:41:34 开始操作号码 【1601678】
2024-04-04 01:41:40 GSD getOne 第 1 次 等待 3 秒
2024-04-04 01:41:43 查询号码 【1601678】，返回信息 {"status":"ok","msg":"-","gid":"544857","time_insert":"2023-02-21 12:43"}
2024-04-04 01:41:43 查询号码 【1601678】，GSD为【"-"】
2024-04-04 01:41:43 ok && -
2024-04-04 01:41:44 CHB 1601678?1712166103 第 1 次 等待 3 秒
2024-04-04 01:41:47 CHB 1601678?1712166103 第 1 次 获取到号码【1601678】GSD
2024-04-04 01:41:47 未获取到号码【1601678】GSD，可能号码格式错误
2024-04-04 01:41:47 获取到号码【1601678】的GSD为【-】
2024-04-04 01:41:53 GSD insert 第 1 次 等待 3 秒
2024-04-04 01:41:56 {"status":"bad","gid":"544857","msg":"添加失败！号码【1601678(-|-)】已存在！"}
2024-04-04 01:41:56 随机等待 132 秒，约 2 分钟
2024-04-04 01:41:56 下次操作: 2024-04-04 01:44:08

2024-04-04 01:44:08 开始第 1776 次操作

2024-04-04 01:44:08 开始操作号码 【1601679】
2024-04-04 01:44:13 GSD getOne 第 1 次 等待 3 秒
2024-04-04 01:44:16 查询号码 【1601679】，返回信息 {"status":"ok","msg":"-","gid":"544890","time_insert":"2023-02-21 13:01"}
2024-04-04 01:44:16 查询号码 【1601679】，GSD为【"-"】
2024-04-04 01:44:16 ok && -
2024-04-04 01:44:18 CHB 1601679?1712166256 第 1 次 等待 3 秒
2024-04-04 01:44:21 CHB 1601679?1712166256 第 1 次 获取到号码【1601679】GSD
2024-04-04 01:44:21 未获取到号码【1601679】GSD，可能号码格式错误
2024-04-04 01:44:21 获取到号码【1601679】的GSD为【-】
2024-04-04 01:44:26 GSD insert 第 1 次 等待 3 秒
2024-04-04 01:44:29 {"status":"bad","gid":"544890","msg":"添加失败！号码【1601679(-|-)】已存在！"}

2024-04-04 02:20:00 开始第 1777 次操作

2024-04-04 02:20:00 开始操作号码 【1601680】
2024-04-04 02:20:06 GSD getOne 第 1 次 等待 3 秒
2024-04-04 02:20:09 查询号码 【1601680】，返回信息 {"status":"ok","msg":"-","gid":"544911","time_insert":"2023-02-21 13:15"}
2024-04-04 02:20:09 查询号码 【1601680】，GSD为【"-"】
2024-04-04 02:20:09 ok && -
2024-04-04 02:20:11 CHB 1601680?1712168409 第 1 次 等待 3 秒
2024-04-04 02:20:14 CHB 1601680?1712168409 第 1 次 获取到号码【1601680】GSD
2024-04-04 02:20:14 未获取到号码【1601680】GSD，可能号码格式错误
2024-04-04 02:20:14 获取到号码【1601680】的GSD为【-】
2024-04-04 02:20:19 GSD insert 第 1 次 等待 3 秒
2024-04-04 02:20:22 {"status":"bad","gid":"544911","msg":"添加失败！号码【1601680(-|-)】已存在！"}
2024-04-04 02:20:22 随机等待 126 秒，约 2 分钟
2024-04-04 02:20:22 下次操作: 2024-04-04 02:22:28

2024-04-04 02:22:28 开始第 1778 次操作

2024-04-04 02:22:28 开始操作号码 【1601681】
2024-04-04 02:22:37 GSD getOne 第 1 次 等待 3 秒
2024-04-04 02:22:40 查询号码 【1601681】，返回信息 {"status":"ok","msg":"-","gid":"544938","time_insert":"2023-02-21 13:31"}
2024-04-04 02:22:40 查询号码 【1601681】，GSD为【"-"】
2024-04-04 02:22:40 ok && -
2024-04-04 02:22:43 CHB 1601681?1712168560 第 1 次 等待 3 秒
2024-04-04 02:22:46 CHB 1601681?1712168560 第 1 次 获取到号码【1601681】GSD
2024-04-04 02:22:46 未获取到号码【1601681】GSD，可能号码格式错误
2024-04-04 02:22:46 获取到号码【1601681】的GSD为【-】
2024-04-04 02:22:51 GSD insert 第 1 次 等待 3 秒
2024-04-04 02:22:54 {"status":"bad","gid":"544938","msg":"添加失败！号码【1601681(-|-)】已存在！"}
2024-04-04 02:22:54 随机等待 151 秒，约 2 分钟
2024-04-04 02:22:54 下次操作: 2024-04-04 02:25:25

2024-04-04 02:25:25 开始第 1779 次操作

2024-04-04 02:25:25 开始操作号码 【1601682】
2024-04-04 02:25:30 GSD getOne 第 1 次 等待 3 秒
2024-04-04 02:25:33 查询号码 【1601682】，返回信息 {"status":"ok","msg":"-","gid":"544973","time_insert":"2023-02-21 13:49"}
2024-04-04 02:25:33 查询号码 【1601682】，GSD为【"-"】
2024-04-04 02:25:33 ok && -
2024-04-04 02:25:36 CHB 1601682?1712168733 第 1 次 等待 3 秒
2024-04-04 02:25:39 CHB 1601682?1712168733 第 1 次 获取到号码【1601682】GSD
2024-04-04 02:25:39 未获取到号码【1601682】GSD，可能号码格式错误
2024-04-04 02:25:39 获取到号码【1601682】的GSD为【-】
2024-04-04 02:25:44 GSD insert 第 1 次 等待 3 秒
2024-04-04 02:25:47 {"status":"bad","gid":"544973","msg":"添加失败！号码【1601682(-|-)】已存在！"}
2024-04-04 02:25:47 随机等待 110 秒，约 1 分钟
2024-04-04 02:25:47 下次操作: 2024-04-04 02:27:37

2024-04-04 02:27:37 开始第 1780 次操作

2024-04-04 02:27:37 开始操作号码 【1601683】
2024-04-04 02:27:41 GSD getOne 第 1 次 等待 3 秒
2024-04-04 02:27:44 查询号码 【1601683】，返回信息 {"status":"ok","msg":"-","gid":"544993","time_insert":"2023-02-21 13:59"}
2024-04-04 02:27:44 查询号码 【1601683】，GSD为【"-"】
2024-04-04 02:27:44 ok && -
2024-04-04 02:27:47 CHB 1601683?1712168864 第 1 次 等待 3 秒
2024-04-04 02:27:50 CHB 1601683?1712168864 第 1 次 获取到号码【1601683】GSD
2024-04-04 02:27:50 未获取到号码【1601683】GSD，可能号码格式错误
2024-04-04 02:27:50 获取到号码【1601683】的GSD为【-】
2024-04-04 02:27:55 GSD insert 第 1 次 等待 3 秒
2024-04-04 02:27:58 {"status":"bad","gid":"544993","msg":"添加失败！号码【1601683(-|-)】已存在！"}

2024-04-04 02:37:21 开始第 1781 次操作

2024-04-04 02:37:21 开始操作号码 【1601684】
2024-04-04 02:37:27 GSD getOne 第 1 次 等待 3 秒
2024-04-04 02:37:30 查询号码 【1601684】，返回信息 {"status":"ok","msg":"-","gid":"545019","time_insert":"2023-02-21 14:14"}
2024-04-04 02:37:30 查询号码 【1601684】，GSD为【"-"】
2024-04-04 02:37:30 ok && -
2024-04-04 02:37:32 CHB 1601684?1712169450 第 1 次 等待 3 秒
2024-04-04 02:37:35 CHB 1601684?1712169450 第 1 次 获取到号码【1601684】GSD
2024-04-04 02:37:35 未获取到号码【1601684】GSD，可能号码格式错误
2024-04-04 02:37:35 获取到号码【1601684】的GSD为【-】
2024-04-04 02:37:41 GSD insert 第 1 次 等待 3 秒
2024-04-04 02:37:44 {"status":"bad","gid":"545019","msg":"添加失败！号码【1601684(-|-)】已存在！"}
2024-04-04 02:37:44 随机等待 178 秒，约 2 分钟
2024-04-04 02:37:44 下次操作: 2024-04-04 02:40:42

2024-04-04 02:40:42 开始第 1782 次操作

2024-04-04 02:40:42 开始操作号码 【1601685】
2024-04-04 02:40:48 GSD getOne 第 1 次 等待 3 秒
2024-04-04 02:40:51 查询号码 【1601685】，返回信息 {"status":"ok","msg":"-","gid":"545040","time_insert":"2023-02-21 14:27"}
2024-04-04 02:40:51 查询号码 【1601685】，GSD为【"-"】
2024-04-04 02:40:51 ok && -
2024-04-04 02:40:53 CHB 1601685?1712169651 第 1 次 等待 3 秒
2024-04-04 02:40:56 CHB 1601685?1712169651 第 1 次 获取到号码【1601685】GSD
2024-04-04 02:40:56 未获取到号码【1601685】GSD，可能号码格式错误
2024-04-04 02:40:56 获取到号码【1601685】的GSD为【-】
2024-04-04 02:41:01 GSD insert 第 1 次 等待 3 秒
2024-04-04 02:41:04 {"status":"bad","gid":"545040","msg":"添加失败！号码【1601685(-|-)】已存在！"}
2024-04-04 02:41:04 随机等待 96 秒，约 1 分钟
2024-04-04 02:41:04 下次操作: 2024-04-04 02:42:40

2024-04-04 02:42:40 开始第 1783 次操作

2024-04-04 02:42:40 开始操作号码 【1601686】
2024-04-04 02:42:45 GSD getOne 第 1 次 等待 3 秒
2024-04-04 02:42:48 查询号码 【1601686】，返回信息 {"status":"ok","msg":"-","gid":"545060","time_insert":"2023-02-21 14:40"}
2024-04-04 02:42:48 查询号码 【1601686】，GSD为【"-"】
2024-04-04 02:42:48 ok && -
2024-04-04 02:42:51 CHB 1601686?1712169768 第 1 次 等待 3 秒
2024-04-04 02:42:54 CHB 1601686?1712169768 第 1 次 获取到号码【1601686】GSD
2024-04-04 02:42:54 未获取到号码【1601686】GSD，可能号码格式错误
2024-04-04 02:42:54 获取到号码【1601686】的GSD为【-】
2024-04-04 02:42:59 GSD insert 第 1 次 等待 3 秒
2024-04-04 02:43:02 {"status":"bad","gid":"545060","msg":"添加失败！号码【1601686(-|-)】已存在！"}
2024-04-04 02:43:02 随机等待 179 秒，约 2 分钟
2024-04-04 02:43:02 下次操作: 2024-04-04 02:46:01

2024-04-04 02:46:01 开始第 1784 次操作

2024-04-04 02:46:01 开始操作号码 【1601687】
2024-04-04 02:46:06 GSD getOne 第 1 次 等待 3 秒
2024-04-04 02:46:09 查询号码 【1601687】，返回信息 {"status":"ok","msg":"-","gid":"545084","time_insert":"2023-02-21 14:53"}
2024-04-04 02:46:09 查询号码 【1601687】，GSD为【"-"】
2024-04-04 02:46:09 ok && -
2024-04-04 02:46:11 CHB 1601687?1712169969 第 1 次 等待 3 秒
2024-04-04 02:46:14 CHB 1601687?1712169969 第 1 次 获取到号码【1601687】GSD
2024-04-04 02:46:14 未获取到号码【1601687】GSD，可能号码格式错误
2024-04-04 02:46:14 获取到号码【1601687】的GSD为【-】
2024-04-04 02:46:21 GSD insert 第 1 次 等待 3 秒
2024-04-04 02:46:24 {"status":"bad","gid":"545084","msg":"添加失败！号码【1601687(-|-)】已存在！"}

2024-04-04 03:14:22 开始第 1785 次操作

2024-04-04 03:14:22 开始操作号码 【1601688】
2024-04-04 03:14:27 GSD getOne 第 1 次 等待 3 秒
2024-04-04 03:14:30 查询号码 【1601688】，返回信息 {"status":"ok","msg":"-","gid":"545102","time_insert":"2023-02-21 15:04"}
2024-04-04 03:14:30 查询号码 【1601688】，GSD为【"-"】
2024-04-04 03:14:30 ok && -
2024-04-04 03:14:32 CHB 1601688?1712171670 第 1 次 等待 3 秒
2024-04-04 03:14:35 CHB 1601688?1712171670 第 1 次 获取到号码【1601688】GSD
2024-04-04 03:14:35 未获取到号码【1601688】GSD，可能号码格式错误
2024-04-04 03:14:35 获取到号码【1601688】的GSD为【-】
2024-04-04 03:14:40 GSD insert 第 1 次 等待 3 秒
2024-04-04 03:14:43 {"status":"bad","gid":"545102","msg":"添加失败！号码【1601688(-|-)】已存在！"}
2024-04-04 03:14:43 随机等待 68 秒，约 1 分钟
2024-04-04 03:14:43 下次操作: 2024-04-04 03:15:51

2024-04-04 03:15:51 开始第 1786 次操作

2024-04-04 03:15:51 开始操作号码 【1601689】
2024-04-04 03:15:57 GSD getOne 第 1 次 等待 3 秒
2024-04-04 03:16:00 查询号码 【1601689】，返回信息 {"status":"ok","msg":"-","gid":"545119","time_insert":"2023-02-21 15:14"}
2024-04-04 03:16:00 查询号码 【1601689】，GSD为【"-"】
2024-04-04 03:16:00 ok && -
2024-04-04 03:16:03 CHB 1601689?1712171760 第 1 次 等待 3 秒
2024-04-04 03:16:06 CHB 1601689?1712171760 第 1 次 获取到号码【1601689】GSD
2024-04-04 03:16:06 未获取到号码【1601689】GSD，可能号码格式错误
2024-04-04 03:16:06 获取到号码【1601689】的GSD为【-】
2024-04-04 03:16:11 GSD insert 第 1 次 等待 3 秒
2024-04-04 03:16:14 {"status":"bad","gid":"545119","msg":"添加失败！号码【1601689(-|-)】已存在！"}
2024-04-04 03:16:14 随机等待 158 秒，约 2 分钟
2024-04-04 03:16:14 下次操作: 2024-04-04 03:18:52

2024-04-04 03:18:52 开始第 1787 次操作

2024-04-04 03:18:52 开始操作号码 【1601690】
2024-04-04 03:18:57 GSD getOne 第 1 次 等待 3 秒
2024-04-04 03:19:00 查询号码 【1601690】，返回信息 {"status":"ok","msg":"-","gid":"545134","time_insert":"2023-02-21 15:25"}
2024-04-04 03:19:00 查询号码 【1601690】，GSD为【"-"】
2024-04-04 03:19:00 ok && -
2024-04-04 03:19:02 CHB 1601690?1712171940 第 1 次 等待 3 秒
2024-04-04 03:19:05 CHB 1601690?1712171940 第 1 次 获取到号码【1601690】GSD
2024-04-04 03:19:05 未获取到号码【1601690】GSD，可能号码格式错误
2024-04-04 03:19:05 获取到号码【1601690】的GSD为【-】
2024-04-04 03:19:10 GSD insert 第 1 次 等待 3 秒
2024-04-04 03:19:13 {"status":"bad","gid":"545134","msg":"添加失败！号码【1601690(-|-)】已存在！"}
2024-04-04 03:19:13 随机等待 199 秒，约 3 分钟
2024-04-04 03:19:13 下次操作: 2024-04-04 03:22:32

2024-04-04 03:22:32 开始第 1788 次操作

2024-04-04 03:22:32 开始操作号码 【1601691】
2024-04-04 03:22:37 GSD getOne 第 1 次 等待 3 秒
2024-04-04 03:22:40 查询号码 【1601691】，返回信息 {"status":"ok","msg":"-","gid":"545157","time_insert":"2023-02-21 15:36"}
2024-04-04 03:22:40 查询号码 【1601691】，GSD为【"-"】
2024-04-04 03:22:40 ok && -
2024-04-04 03:22:43 CHB 1601691?1712172160 第 1 次 等待 3 秒
2024-04-04 03:22:46 CHB 1601691?1712172160 第 1 次 获取到号码【1601691】GSD
2024-04-04 03:22:46 未获取到号码【1601691】GSD，可能号码格式错误
2024-04-04 03:22:46 获取到号码【1601691】的GSD为【-】
2024-04-04 03:22:50 GSD insert 第 1 次 等待 3 秒
2024-04-04 03:22:53 {"status":"bad","gid":"545157","msg":"添加失败！号码【1601691(-|-)】已存在！"}

2024-04-04 03:37:13 开始第 1789 次操作

2024-04-04 03:37:13 开始操作号码 【1601692】
2024-04-04 03:37:19 GSD getOne 第 1 次 等待 3 秒
2024-04-04 03:37:22 查询号码 【1601692】，返回信息 {"status":"ok","msg":"-","gid":"545192","time_insert":"2023-02-21 15:55"}
2024-04-04 03:37:22 查询号码 【1601692】，GSD为【"-"】
2024-04-04 03:37:22 ok && -
2024-04-04 03:37:24 CHB 1601692?1712173042 第 1 次 等待 3 秒
2024-04-04 03:37:27 CHB 1601692?1712173042 第 1 次 获取到号码【1601692】GSD
2024-04-04 03:37:27 未获取到号码【1601692】GSD，可能号码格式错误
2024-04-04 03:37:27 获取到号码【1601692】的GSD为【-】
2024-04-04 03:37:33 GSD insert 第 1 次 等待 3 秒
2024-04-04 03:37:36 {"status":"bad","gid":"545192","msg":"添加失败！号码【1601692(-|-)】已存在！"}
2024-04-04 03:37:36 随机等待 178 秒，约 2 分钟
2024-04-04 03:37:36 下次操作: 2024-04-04 03:40:34

2024-04-04 03:40:34 开始第 1790 次操作

2024-04-04 03:40:34 开始操作号码 【1601693】
2024-04-04 03:40:39 GSD getOne 第 1 次 等待 3 秒
2024-04-04 03:40:42 查询号码 【1601693】，返回信息 {"status":"ok","msg":"-","gid":"545215","time_insert":"2023-02-21 16:09"}
2024-04-04 03:40:42 查询号码 【1601693】，GSD为【"-"】
2024-04-04 03:40:42 ok && -
2024-04-04 03:40:47 CHB 1601693?1712173242 第 1 次 等待 3 秒
2024-04-04 03:40:50 CHB 1601693?1712173242 第 1 次 获取到号码【1601693】GSD
2024-04-04 03:40:50 未获取到号码【1601693】GSD，可能号码格式错误
2024-04-04 03:40:50 获取到号码【1601693】的GSD为【-】
2024-04-04 03:40:55 GSD insert 第 1 次 等待 3 秒
2024-04-04 03:40:58 {"status":"bad","gid":"545215","msg":"添加失败！号码【1601693(-|-)】已存在！"}
2024-04-04 03:40:58 随机等待 215 秒，约 3 分钟
2024-04-04 03:40:58 下次操作: 2024-04-04 03:44:33

2024-04-04 03:44:33 开始第 1791 次操作

2024-04-04 03:44:33 开始操作号码 【1601694】
2024-04-04 03:44:38 GSD getOne 第 1 次 等待 3 秒
2024-04-04 03:44:41 查询号码 【1601694】，返回信息 {"status":"ok","msg":"-","gid":"545230","time_insert":"2023-02-21 16:18"}
2024-04-04 03:44:41 查询号码 【1601694】，GSD为【"-"】
2024-04-04 03:44:41 ok && -
2024-04-04 03:44:43 CHB 1601694?1712173481 第 1 次 等待 3 秒
2024-04-04 03:44:46 CHB 1601694?1712173481 第 1 次 获取到号码【1601694】GSD
2024-04-04 03:44:46 未获取到号码【1601694】GSD，可能号码格式错误
2024-04-04 03:44:46 获取到号码【1601694】的GSD为【-】
2024-04-04 03:44:51 GSD insert 第 1 次 等待 3 秒
2024-04-04 03:44:54 {"status":"bad","gid":"545230","msg":"添加失败！号码【1601694(-|-)】已存在！"}
2024-04-04 03:44:54 随机等待 124 秒，约 2 分钟
2024-04-04 03:44:54 下次操作: 2024-04-04 03:46:58

2024-04-04 03:46:58 开始第 1792 次操作

2024-04-04 03:46:58 开始操作号码 【1601695】
2024-04-04 03:47:03 GSD getOne 第 1 次 等待 3 秒
2024-04-04 03:47:06 查询号码 【1601695】，返回信息 {"status":"ok","msg":"-","gid":"545247","time_insert":"2023-02-21 16:30"}
2024-04-04 03:47:06 查询号码 【1601695】，GSD为【"-"】
2024-04-04 03:47:06 ok && -
2024-04-04 03:47:12 CHB 1601695?1712173626 第 1 次 等待 3 秒
2024-04-04 03:47:15 CHB 1601695?1712173626 第 1 次 获取到号码【1601695】GSD
2024-04-04 03:47:15 未获取到号码【1601695】GSD，可能号码格式错误
2024-04-04 03:47:15 获取到号码【1601695】的GSD为【-】
2024-04-04 03:47:19 GSD insert 第 1 次 等待 3 秒
2024-04-04 03:47:22 {"status":"bad","gid":"545247","msg":"添加失败！号码【1601695(-|-)】已存在！"}

