2024-04-27 00:22:11 开始第 5697 次操作

2024-04-27 00:22:11 开始操作号码 【1605598】
2024-04-27 00:22:17 GSD getOne 第 1 次 等待 3 秒
2024-04-27 00:22:20 查询号码 【1605598】，返回信息 {"status":"ok","msg":"-","gid":"634938","time_insert":"2023-04-04 23:07"}
2024-04-27 00:22:20 查询号码 【1605598】，GSD为【"-"】
2024-04-27 00:22:20 ok && -
2024-04-27 00:22:22 CHB 1605598?1714148540 第 1 次 等待 3 秒
2024-04-27 00:22:25 CHB 1605598?1714148540 第 1 次 获取到号码【1605598】GSD
2024-04-27 00:22:25 未获取到号码【1605598】GSD，可能号码格式错误
2024-04-27 00:22:25 获取到号码【1605598】的GSD为【-】
2024-04-27 00:22:33 GSD insert 第 1 次 等待 3 秒
2024-04-27 00:22:36 {"status":"bad","gid":"634938","msg":"添加失败！号码【1605598(-|-)】已存在！"}
2024-04-27 00:22:36 随机等待 128 秒，约 2 分钟
2024-04-27 00:22:36 下次操作: 2024-04-27 00:24:44

2024-04-27 00:24:44 开始第 5698 次操作

2024-04-27 00:24:44 开始操作号码 【1605599】
2024-04-27 00:24:49 GSD getOne 第 1 次 等待 3 秒
2024-04-27 00:24:52 查询号码 【1605599】，返回信息 {"status":"ok","msg":"-","gid":"634950","time_insert":"2023-04-04 23:17"}
2024-04-27 00:24:52 查询号码 【1605599】，GSD为【"-"】
2024-04-27 00:24:52 ok && -
2024-04-27 00:24:54 CHB 1605599?1714148692 第 1 次 等待 3 秒
2024-04-27 00:24:57 CHB 1605599?1714148692 第 1 次 获取到号码【1605599】GSD
2024-04-27 00:24:57 未获取到号码【1605599】GSD，可能号码格式错误
2024-04-27 00:24:57 获取到号码【1605599】的GSD为【-】
2024-04-27 00:25:02 GSD insert 第 1 次 等待 3 秒
2024-04-27 00:25:05 {"status":"bad","gid":"634950","msg":"添加失败！号码【1605599(-|-)】已存在！"}
2024-04-27 00:25:05 随机等待 201 秒，约 3 分钟
2024-04-27 00:25:05 下次操作: 2024-04-27 00:28:26

2024-04-27 00:28:26 开始第 5699 次操作

2024-04-27 00:28:26 开始操作号码 【1605600】
2024-04-27 00:28:31 GSD getOne 第 1 次 等待 3 秒
2024-04-27 00:28:34 查询号码 【1605600】，返回信息 {"status":"ok","msg":"-","gid":"634979","time_insert":"2023-04-04 23:36"}
2024-04-27 00:28:34 查询号码 【1605600】，GSD为【"-"】
2024-04-27 00:28:34 ok && -
2024-04-27 00:28:40 CHB 1605600?1714148914 第 1 次 等待 3 秒
2024-04-27 00:28:43 CHB 1605600?1714148914 第 1 次 获取到号码【1605600】GSD
2024-04-27 00:28:43 未获取到号码【1605600】GSD，可能号码格式错误
2024-04-27 00:28:43 获取到号码【1605600】的GSD为【-】
2024-04-27 00:28:51 GSD insert 第 1 次 等待 3 秒
2024-04-27 00:28:54 {"status":"bad","gid":"634979","msg":"添加失败！号码【1605600(-|-)】已存在！"}
2024-04-27 00:28:54 随机等待 219 秒，约 3 分钟
2024-04-27 00:28:54 下次操作: 2024-04-27 00:32:33

2024-04-27 00:32:33 开始第 5700 次操作

2024-04-27 00:32:33 开始操作号码 【1605601】
2024-04-27 00:32:39 GSD getOne 第 1 次 等待 3 秒
2024-04-27 00:32:42 查询号码 【1605601】，返回信息 {"status":"ok","msg":"-","gid":"635008","time_insert":"2023-04-04 23:51"}
2024-04-27 00:32:42 查询号码 【1605601】，GSD为【"-"】
2024-04-27 00:32:42 ok && -
2024-04-27 00:32:44 CHB 1605601?1714149162 第 1 次 等待 3 秒
2024-04-27 00:32:47 CHB 1605601?1714149162 第 1 次 获取到号码【1605601】GSD
2024-04-27 00:32:47 未获取到号码【1605601】GSD，可能号码格式错误
2024-04-27 00:32:47 获取到号码【1605601】的GSD为【-】
2024-04-27 00:32:56 GSD insert 第 1 次 等待 3 秒
2024-04-27 00:32:59 {"status":"bad","gid":"635008","msg":"添加失败！号码【1605601(-|-)】已存在！"}

