2023-10-12 00:13:22 开始第 2703 次操作

2023-10-12 00:13:22 开始操作号码 【1922691】
2023-10-12 00:15:33 GSD getOne 第 1 次 等待 3 秒
2023-10-12 00:17:46 GSD getOne 第 2 次 等待 3 秒
2023-10-12 00:19:59 GSD getOne 第 3 次 等待 3 秒
2023-10-12 00:22:12 GSD getOne 第 4 次 等待 3 秒
2023-10-12 00:24:25 GSD getOne 第 5 次 等待 3 秒
2023-10-12 00:26:38 GSD getOne 第 6 次 等待 3 秒
2023-10-12 00:28:51 GSD getOne 第 7 次 等待 3 秒
2023-10-12 00:31:05 GSD getOne 第 8 次 等待 3 秒
2023-10-12 00:33:18 GSD getOne 第 9 次 等待 3 秒
2023-10-12 00:35:31 GSD getOne 第 10 次 等待 3 秒
2023-10-12 00:35:34 查询号码 【1922691】，返回信息 
2023-10-12 00:35:34 查询失败，3 秒后重新查询
2023-10-12 00:37:48 GSD getOne 第 1 次 等待 3 秒
2023-10-12 00:40:01 GSD getOne 第 2 次 等待 3 秒
2023-10-12 00:42:14 GSD getOne 第 3 次 等待 3 秒
2023-10-12 00:44:27 GSD getOne 第 4 次 等待 3 秒
2023-10-12 00:46:41 GSD getOne 第 5 次 等待 3 秒
2023-10-12 00:48:54 GSD getOne 第 6 次 等待 3 秒
2023-10-12 00:51:07 GSD getOne 第 7 次 等待 3 秒
2023-10-12 00:53:20 GSD getOne 第 8 次 等待 3 秒
2023-10-12 00:55:33 GSD getOne 第 9 次 等待 3 秒
2023-10-12 00:57:46 GSD getOne 第 10 次 等待 3 秒
2023-10-12 00:57:49 查询号码 【1922691】，返回信息 
2023-10-12 00:57:49 查询失败，结束本次操作，期待下次成功~
2023-10-12 00:57:49 随机等待 109 秒，约 1 分钟
2023-10-12 00:57:49 下次操作: 2023-10-12 00:59:38

2023-10-12 00:59:38 开始第 2704 次操作

2023-10-12 00:59:38 开始操作号码 【1922691】
2023-10-12 01:01:48 GSD getOne 第 1 次 等待 3 秒
2023-10-12 01:04:01 GSD getOne 第 2 次 等待 3 秒
2023-10-12 01:06:14 GSD getOne 第 3 次 等待 3 秒
2023-10-12 01:08:27 GSD getOne 第 4 次 等待 3 秒
2023-10-12 01:10:40 GSD getOne 第 5 次 等待 3 秒
2023-10-12 01:12:53 GSD getOne 第 6 次 等待 3 秒
2023-10-12 01:15:07 GSD getOne 第 7 次 等待 3 秒
2023-10-12 01:17:20 GSD getOne 第 8 次 等待 3 秒
2023-10-12 01:19:33 GSD getOne 第 9 次 等待 3 秒
2023-10-12 01:21:46 GSD getOne 第 10 次 等待 3 秒
2023-10-12 01:21:49 查询号码 【1922691】，返回信息 
2023-10-12 01:21:49 查询失败，3 秒后重新查询
2023-10-12 01:24:03 GSD getOne 第 1 次 等待 3 秒
2023-10-12 01:26:16 GSD getOne 第 2 次 等待 3 秒
2023-10-12 01:28:29 GSD getOne 第 3 次 等待 3 秒
2023-10-12 01:30:42 GSD getOne 第 4 次 等待 3 秒
2023-10-12 01:32:56 GSD getOne 第 5 次 等待 3 秒
2023-10-12 01:35:09 GSD getOne 第 6 次 等待 3 秒
2023-10-12 01:37:22 GSD getOne 第 7 次 等待 3 秒
2023-10-12 01:39:35 GSD getOne 第 8 次 等待 3 秒
2023-10-12 01:41:48 GSD getOne 第 9 次 等待 3 秒
2023-10-12 01:44:01 GSD getOne 第 10 次 等待 3 秒
2023-10-12 01:44:04 查询号码 【1922691】，返回信息 
2023-10-12 01:44:04 查询失败，结束本次操作，期待下次成功~

