2024-03-28 00:21:39 开始第 525 次操作

2024-03-28 00:21:39 开始操作号码 【1600428】
2024-03-28 00:21:46 GSD getOne 第 1 次 等待 3 秒
2024-03-28 00:21:49 查询号码 【1600428】，返回信息 {"status":"ok","msg":"-","gid":"524838","time_insert":"2023-02-10 17:31"}
2024-03-28 00:21:49 查询号码 【1600428】，GSD为【"-"】
2024-03-28 00:21:49 ok && -
2024-03-28 00:21:51 CHB 1600428?1711556509 第 1 次 等待 3 秒
2024-03-28 00:21:54 CHB 1600428?1711556509 第 1 次 获取到号码【1600428】GSD
2024-03-28 00:21:54 未获取到号码【1600428】GSD，可能号码格式错误
2024-03-28 00:21:54 获取到号码【1600428】的GSD为【-】
2024-03-28 00:21:59 GSD insert 第 1 次 等待 3 秒
2024-03-28 00:22:02 {"status":"bad","gid":"524838","msg":"添加失败！号码【1600428(-|-)】已存在！"}
2024-03-28 00:22:02 随机等待 117 秒，约 1 分钟
2024-03-28 00:22:02 下次操作: 2024-03-28 00:23:59

2024-03-28 00:23:59 开始第 526 次操作

2024-03-28 00:23:59 开始操作号码 【1600429】
2024-03-28 00:24:04 GSD getOne 第 1 次 等待 3 秒
2024-03-28 00:24:08 查询号码 【1600429】，返回信息 {"status":"ok","msg":"-","gid":"524849","time_insert":"2023-02-10 17:43"}
2024-03-28 00:24:08 查询号码 【1600429】，GSD为【"-"】
2024-03-28 00:24:08 ok && -
2024-03-28 00:24:10 CHB 1600429?1711556648 第 1 次 等待 3 秒
2024-03-28 00:24:13 CHB 1600429?1711556648 第 1 次 获取到号码【1600429】GSD
2024-03-28 00:24:13 未获取到号码【1600429】GSD，可能号码格式错误
2024-03-28 00:24:13 获取到号码【1600429】的GSD为【-】
2024-03-28 00:24:18 GSD insert 第 1 次 等待 3 秒
2024-03-28 00:24:21 {"status":"bad","gid":"524849","msg":"添加失败！号码【1600429(-|-)】已存在！"}
2024-03-28 00:24:21 随机等待 148 秒，约 2 分钟
2024-03-28 00:24:21 下次操作: 2024-03-28 00:26:49

2024-03-28 00:26:49 开始第 527 次操作

2024-03-28 00:26:49 开始操作号码 【1600430】
2024-03-28 00:26:54 GSD getOne 第 1 次 等待 3 秒
2024-03-28 00:26:57 查询号码 【1600430】，返回信息 {"status":"ok","msg":"-","gid":"524857","time_insert":"2023-02-10 17:53"}
2024-03-28 00:26:57 查询号码 【1600430】，GSD为【"-"】
2024-03-28 00:26:57 ok && -
2024-03-28 00:26:59 CHB 1600430?1711556817 第 1 次 等待 3 秒
2024-03-28 00:27:02 CHB 1600430?1711556817 第 1 次 获取到号码【1600430】GSD
2024-03-28 00:27:02 未获取到号码【1600430】GSD，可能号码格式错误
2024-03-28 00:27:02 获取到号码【1600430】的GSD为【-】
2024-03-28 00:27:07 GSD insert 第 1 次 等待 3 秒
2024-03-28 00:27:10 {"status":"bad","gid":"524857","msg":"添加失败！号码【1600430(-|-)】已存在！"}
2024-03-28 00:27:10 随机等待 150 秒，约 2 分钟
2024-03-28 00:27:10 下次操作: 2024-03-28 00:29:40

2024-03-28 00:29:40 开始第 528 次操作

2024-03-28 00:29:40 开始操作号码 【1600431】
2024-03-28 00:29:45 GSD getOne 第 1 次 等待 3 秒
2024-03-28 00:29:48 查询号码 【1600431】，返回信息 {"status":"ok","msg":"-","gid":"524867","time_insert":"2023-02-10 18:01"}
2024-03-28 00:29:48 查询号码 【1600431】，GSD为【"-"】
2024-03-28 00:29:48 ok && -
2024-03-28 00:29:50 CHB 1600431?1711556988 第 1 次 等待 3 秒
2024-03-28 00:29:53 CHB 1600431?1711556988 第 1 次 获取到号码【1600431】GSD
2024-03-28 00:29:53 未获取到号码【1600431】GSD，可能号码格式错误
2024-03-28 00:29:53 获取到号码【1600431】的GSD为【-】
2024-03-28 00:29:58 GSD insert 第 1 次 等待 3 秒
2024-03-28 00:30:01 {"status":"bad","gid":"524867","msg":"添加失败！号码【1600431(-|-)】已存在！"}

2024-03-28 00:40:48 开始第 529 次操作

2024-03-28 00:40:48 开始操作号码 【1600432】
2024-03-28 00:40:55 GSD getOne 第 1 次 等待 3 秒
2024-03-28 00:40:58 查询号码 【1600432】，返回信息 {"status":"ok","msg":"-","gid":"524877","time_insert":"2023-02-10 18:10"}
2024-03-28 00:40:58 查询号码 【1600432】，GSD为【"-"】
2024-03-28 00:40:58 ok && -
2024-03-28 00:41:01 CHB 1600432?1711557658 第 1 次 等待 3 秒
2024-03-28 00:41:04 CHB 1600432?1711557658 第 1 次 获取到号码【1600432】GSD
2024-03-28 00:41:04 未获取到号码【1600432】GSD，可能号码格式错误
2024-03-28 00:41:04 获取到号码【1600432】的GSD为【-】
2024-03-28 00:41:09 GSD insert 第 1 次 等待 3 秒
2024-03-28 00:41:12 {"status":"bad","gid":"524877","msg":"添加失败！号码【1600432(-|-)】已存在！"}
2024-03-28 00:41:12 随机等待 95 秒，约 1 分钟
2024-03-28 00:41:12 下次操作: 2024-03-28 00:42:47

2024-03-28 00:42:47 开始第 530 次操作

2024-03-28 00:42:47 开始操作号码 【1600433】
2024-03-28 00:42:55 GSD getOne 第 1 次 等待 3 秒
2024-03-28 00:42:58 查询号码 【1600433】，返回信息 {"status":"ok","msg":"-","gid":"524890","time_insert":"2023-02-10 18:22"}
2024-03-28 00:42:58 查询号码 【1600433】，GSD为【"-"】
2024-03-28 00:42:58 ok && -
2024-03-28 00:43:01 CHB 1600433?1711557778 第 1 次 等待 3 秒
2024-03-28 00:43:04 CHB 1600433?1711557778 第 1 次 获取到号码【1600433】GSD
2024-03-28 00:43:04 未获取到号码【1600433】GSD，可能号码格式错误
2024-03-28 00:43:04 获取到号码【1600433】的GSD为【-】
2024-03-28 00:43:13 GSD insert 第 1 次 等待 3 秒
2024-03-28 00:43:16 {"status":"bad","gid":"524890","msg":"添加失败！号码【1600433(-|-)】已存在！"}
2024-03-28 00:43:16 随机等待 208 秒，约 3 分钟
2024-03-28 00:43:16 下次操作: 2024-03-28 00:46:44

2024-03-28 00:46:44 开始第 531 次操作

2024-03-28 00:46:44 开始操作号码 【1600434】
2024-03-28 00:46:49 GSD getOne 第 1 次 等待 3 秒
2024-03-28 00:46:52 查询号码 【1600434】，返回信息 {"status":"ok","msg":"-","gid":"524902","time_insert":"2023-02-10 18:34"}
2024-03-28 00:46:52 查询号码 【1600434】，GSD为【"-"】
2024-03-28 00:46:52 ok && -
2024-03-28 00:46:55 CHB 1600434?1711558012 第 1 次 等待 3 秒
2024-03-28 00:46:58 CHB 1600434?1711558012 第 1 次 获取到号码【1600434】GSD
2024-03-28 00:46:58 未获取到号码【1600434】GSD，可能号码格式错误
2024-03-28 00:46:58 获取到号码【1600434】的GSD为【-】
2024-03-28 00:47:03 GSD insert 第 1 次 等待 3 秒
2024-03-28 00:47:06 {"status":"bad","gid":"524902","msg":"添加失败！号码【1600434(-|-)】已存在！"}
2024-03-28 00:47:06 随机等待 196 秒，约 3 分钟
2024-03-28 00:47:06 下次操作: 2024-03-28 00:50:22

2024-03-28 00:50:22 开始第 532 次操作

2024-03-28 00:50:22 开始操作号码 【1600435】
2024-03-28 00:50:27 GSD getOne 第 1 次 等待 3 秒
2024-03-28 00:50:30 查询号码 【1600435】，返回信息 {"status":"ok","msg":"-","gid":"524914","time_insert":"2023-02-10 18:47"}
2024-03-28 00:50:30 查询号码 【1600435】，GSD为【"-"】
2024-03-28 00:50:30 ok && -
2024-03-28 00:50:32 CHB 1600435?1711558230 第 1 次 等待 3 秒
2024-03-28 00:50:35 CHB 1600435?1711558230 第 1 次 获取到号码【1600435】GSD
2024-03-28 00:50:35 未获取到号码【1600435】GSD，可能号码格式错误
2024-03-28 00:50:35 获取到号码【1600435】的GSD为【-】
2024-03-28 00:50:40 GSD insert 第 1 次 等待 3 秒
2024-03-28 00:50:43 {"status":"bad","gid":"524914","msg":"添加失败！号码【1600435(-|-)】已存在！"}

2024-03-28 01:14:04 开始第 533 次操作

2024-03-28 01:14:04 开始操作号码 【1600436】
2024-03-28 01:14:09 GSD getOne 第 1 次 等待 3 秒
2024-03-28 01:14:13 查询号码 【1600436】，返回信息 {"status":"ok","msg":"-","gid":"524923","time_insert":"2023-02-10 18:56"}
2024-03-28 01:14:13 查询号码 【1600436】，GSD为【"-"】
2024-03-28 01:14:13 ok && -
2024-03-28 01:14:15 CHB 1600436?1711559653 第 1 次 等待 3 秒
2024-03-28 01:14:18 CHB 1600436?1711559653 第 1 次 获取到号码【1600436】GSD
2024-03-28 01:14:18 未获取到号码【1600436】GSD，可能号码格式错误
2024-03-28 01:14:18 获取到号码【1600436】的GSD为【-】
2024-03-28 01:14:23 GSD insert 第 1 次 等待 3 秒
2024-03-28 01:14:26 {"status":"bad","gid":"524923","msg":"添加失败！号码【1600436(-|-)】已存在！"}
2024-03-28 01:14:26 随机等待 211 秒，约 3 分钟
2024-03-28 01:14:26 下次操作: 2024-03-28 01:17:57

2024-03-28 01:17:57 开始第 534 次操作

2024-03-28 01:17:57 开始操作号码 【1600437】
2024-03-28 01:18:03 GSD getOne 第 1 次 等待 3 秒
2024-03-28 01:18:06 查询号码 【1600437】，返回信息 {"status":"ok","msg":"-","gid":"524934","time_insert":"2023-02-10 19:05"}
2024-03-28 01:18:06 查询号码 【1600437】，GSD为【"-"】
2024-03-28 01:18:06 ok && -
2024-03-28 01:18:09 CHB 1600437?1711559886 第 1 次 等待 3 秒
2024-03-28 01:18:12 CHB 1600437?1711559886 第 1 次 获取到号码【1600437】GSD
2024-03-28 01:18:12 未获取到号码【1600437】GSD，可能号码格式错误
2024-03-28 01:18:12 获取到号码【1600437】的GSD为【-】
2024-03-28 01:18:17 GSD insert 第 1 次 等待 3 秒
2024-03-28 01:18:20 {"status":"bad","gid":"524934","msg":"添加失败！号码【1600437(-|-)】已存在！"}
2024-03-28 01:18:20 随机等待 113 秒，约 1 分钟
2024-03-28 01:18:20 下次操作: 2024-03-28 01:20:13

2024-03-28 01:20:13 开始第 535 次操作

2024-03-28 01:20:13 开始操作号码 【1600438】
2024-03-28 01:20:18 GSD getOne 第 1 次 等待 3 秒
2024-03-28 01:20:21 查询号码 【1600438】，返回信息 {"status":"ok","msg":"-","gid":"524946","time_insert":"2023-02-10 19:16"}
2024-03-28 01:20:21 查询号码 【1600438】，GSD为【"-"】
2024-03-28 01:20:21 ok && -
2024-03-28 01:20:23 CHB 1600438?1711560021 第 1 次 等待 3 秒
2024-03-28 01:20:26 CHB 1600438?1711560021 第 1 次 获取到号码【1600438】GSD
2024-03-28 01:20:26 未获取到号码【1600438】GSD，可能号码格式错误
2024-03-28 01:20:26 获取到号码【1600438】的GSD为【-】
2024-03-28 01:20:31 GSD insert 第 1 次 等待 3 秒
2024-03-28 01:20:34 {"status":"bad","gid":"524946","msg":"添加失败！号码【1600438(-|-)】已存在！"}
2024-03-28 01:20:34 随机等待 164 秒，约 2 分钟
2024-03-28 01:20:34 下次操作: 2024-03-28 01:23:18

2024-03-28 01:23:18 开始第 536 次操作

2024-03-28 01:23:18 开始操作号码 【1600439】
2024-03-28 01:23:23 GSD getOne 第 1 次 等待 3 秒
2024-03-28 01:23:26 查询号码 【1600439】，返回信息 {"status":"ok","msg":"-","gid":"524958","time_insert":"2023-02-10 19:28"}
2024-03-28 01:23:26 查询号码 【1600439】，GSD为【"-"】
2024-03-28 01:23:26 ok && -
2024-03-28 01:23:28 CHB 1600439?1711560206 第 1 次 等待 3 秒
2024-03-28 01:23:31 CHB 1600439?1711560206 第 1 次 获取到号码【1600439】GSD
2024-03-28 01:23:31 未获取到号码【1600439】GSD，可能号码格式错误
2024-03-28 01:23:31 获取到号码【1600439】的GSD为【-】
2024-03-28 01:23:36 GSD insert 第 1 次 等待 3 秒
2024-03-28 01:23:39 {"status":"bad","gid":"524958","msg":"添加失败！号码【1600439(-|-)】已存在！"}

2024-03-28 01:37:22 开始第 537 次操作

2024-03-28 01:37:22 开始操作号码 【1600440】
2024-03-28 01:37:28 GSD getOne 第 1 次 等待 3 秒
2024-03-28 01:37:31 查询号码 【1600440】，返回信息 {"status":"ok","msg":"-","gid":"524970","time_insert":"2023-02-10 19:38"}
2024-03-28 01:37:31 查询号码 【1600440】，GSD为【"-"】
2024-03-28 01:37:31 ok && -
2024-03-28 01:37:33 CHB 1600440?1711561051 第 1 次 等待 3 秒
2024-03-28 01:37:36 CHB 1600440?1711561051 第 1 次 获取到号码【1600440】GSD
2024-03-28 01:37:36 未获取到号码【1600440】GSD，可能号码格式错误
2024-03-28 01:37:36 获取到号码【1600440】的GSD为【-】
2024-03-28 01:37:42 GSD insert 第 1 次 等待 3 秒
2024-03-28 01:37:45 {"status":"bad","gid":"524970","msg":"添加失败！号码【1600440(-|-)】已存在！"}
2024-03-28 01:37:45 随机等待 216 秒，约 3 分钟
2024-03-28 01:37:45 下次操作: 2024-03-28 01:41:21

2024-03-28 01:41:21 开始第 538 次操作

2024-03-28 01:41:21 开始操作号码 【1600441】
2024-03-28 01:41:26 GSD getOne 第 1 次 等待 3 秒
2024-03-28 01:41:29 查询号码 【1600441】，返回信息 {"status":"ok","msg":"-","gid":"524978","time_insert":"2023-02-10 19:48"}
2024-03-28 01:41:29 查询号码 【1600441】，GSD为【"-"】
2024-03-28 01:41:29 ok && -
2024-03-28 01:41:31 CHB 1600441?1711561289 第 1 次 等待 3 秒
2024-03-28 01:41:34 CHB 1600441?1711561289 第 1 次 获取到号码【1600441】GSD
2024-03-28 01:41:34 未获取到号码【1600441】GSD，可能号码格式错误
2024-03-28 01:41:34 获取到号码【1600441】的GSD为【-】
2024-03-28 01:41:39 GSD insert 第 1 次 等待 3 秒
2024-03-28 01:41:42 {"status":"bad","gid":"524978","msg":"添加失败！号码【1600441(-|-)】已存在！"}
2024-03-28 01:41:42 随机等待 174 秒，约 2 分钟
2024-03-28 01:41:42 下次操作: 2024-03-28 01:44:36

2024-03-28 01:44:36 开始第 539 次操作

2024-03-28 01:44:36 开始操作号码 【1600442】
2024-03-28 01:44:41 GSD getOne 第 1 次 等待 3 秒
2024-03-28 01:44:44 查询号码 【1600442】，返回信息 {"status":"ok","msg":"-","gid":"524987","time_insert":"2023-02-10 19:58"}
2024-03-28 01:44:44 查询号码 【1600442】，GSD为【"-"】
2024-03-28 01:44:44 ok && -
2024-03-28 01:44:47 CHB 1600442?1711561484 第 1 次 等待 3 秒
2024-03-28 01:44:50 CHB 1600442?1711561484 第 1 次 获取到号码【1600442】GSD
2024-03-28 01:44:50 未获取到号码【1600442】GSD，可能号码格式错误
2024-03-28 01:44:50 获取到号码【1600442】的GSD为【-】
2024-03-28 01:44:54 GSD insert 第 1 次 等待 3 秒
2024-03-28 01:44:57 {"status":"bad","gid":"524987","msg":"添加失败！号码【1600442(-|-)】已存在！"}
2024-03-28 01:44:57 随机等待 215 秒，约 3 分钟
2024-03-28 01:44:57 下次操作: 2024-03-28 01:48:32

2024-03-28 01:48:32 开始第 540 次操作

2024-03-28 01:48:32 开始操作号码 【1600443】
2024-03-28 01:48:38 GSD getOne 第 1 次 等待 3 秒
2024-03-28 01:48:41 查询号码 【1600443】，返回信息 {"status":"ok","msg":"-","gid":"524999","time_insert":"2023-02-10 20:09"}
2024-03-28 01:48:41 查询号码 【1600443】，GSD为【"-"】
2024-03-28 01:48:41 ok && -
2024-03-28 01:48:44 CHB 1600443?1711561721 第 1 次 等待 3 秒
2024-03-28 01:48:47 CHB 1600443?1711561721 第 1 次 获取到号码【1600443】GSD
2024-03-28 01:48:47 未获取到号码【1600443】GSD，可能号码格式错误
2024-03-28 01:48:47 获取到号码【1600443】的GSD为【-】
2024-03-28 01:48:52 GSD insert 第 1 次 等待 3 秒
2024-03-28 01:48:55 {"status":"bad","gid":"524999","msg":"添加失败！号码【1600443(-|-)】已存在！"}

2024-03-28 02:20:12 开始第 541 次操作

2024-03-28 02:20:12 开始操作号码 【1600444】
2024-03-28 02:20:17 GSD getOne 第 1 次 等待 3 秒
2024-03-28 02:20:20 查询号码 【1600444】，返回信息 {"status":"ok","msg":"-","gid":"525011","time_insert":"2023-02-10 20:20"}
2024-03-28 02:20:20 查询号码 【1600444】，GSD为【"-"】
2024-03-28 02:20:20 ok && -
2024-03-28 02:20:22 CHB 1600444?1711563620 第 1 次 等待 3 秒
2024-03-28 02:20:25 CHB 1600444?1711563620 第 1 次 获取到号码【1600444】GSD
2024-03-28 02:20:25 未获取到号码【1600444】GSD，可能号码格式错误
2024-03-28 02:20:25 获取到号码【1600444】的GSD为【-】
2024-03-28 02:20:30 GSD insert 第 1 次 等待 3 秒
2024-03-28 02:20:33 {"status":"bad","gid":"525011","msg":"添加失败！号码【1600444(-|-)】已存在！"}
2024-03-28 02:20:33 随机等待 72 秒，约 1 分钟
2024-03-28 02:20:33 下次操作: 2024-03-28 02:21:45

2024-03-28 02:21:45 开始第 542 次操作

2024-03-28 02:21:45 开始操作号码 【1600445】
2024-03-28 02:21:50 GSD getOne 第 1 次 等待 3 秒
2024-03-28 02:21:53 查询号码 【1600445】，返回信息 {"status":"ok","msg":"-","gid":"525022","time_insert":"2023-02-10 20:31"}
2024-03-28 02:21:53 查询号码 【1600445】，GSD为【"-"】
2024-03-28 02:21:53 ok && -
2024-03-28 02:21:56 CHB 1600445?1711563713 第 1 次 等待 3 秒
2024-03-28 02:21:59 CHB 1600445?1711563713 第 1 次 获取到号码【1600445】GSD
2024-03-28 02:21:59 未获取到号码【1600445】GSD，可能号码格式错误
2024-03-28 02:21:59 获取到号码【1600445】的GSD为【-】
2024-03-28 02:22:04 GSD insert 第 1 次 等待 3 秒
2024-03-28 02:22:07 {"status":"bad","gid":"525022","msg":"添加失败！号码【1600445(-|-)】已存在！"}
2024-03-28 02:22:07 随机等待 201 秒，约 3 分钟
2024-03-28 02:22:07 下次操作: 2024-03-28 02:25:28

2024-03-28 02:25:28 开始第 543 次操作

2024-03-28 02:25:28 开始操作号码 【1600446】
2024-03-28 02:25:33 GSD getOne 第 1 次 等待 3 秒
2024-03-28 02:25:36 查询号码 【1600446】，返回信息 {"status":"ok","msg":"-","gid":"525032","time_insert":"2023-02-10 20:42"}
2024-03-28 02:25:36 查询号码 【1600446】，GSD为【"-"】
2024-03-28 02:25:36 ok && -
2024-03-28 02:25:38 CHB 1600446?1711563936 第 1 次 等待 3 秒
2024-03-28 02:25:41 CHB 1600446?1711563936 第 1 次 获取到号码【1600446】GSD
2024-03-28 02:25:41 未获取到号码【1600446】GSD，可能号码格式错误
2024-03-28 02:25:41 获取到号码【1600446】的GSD为【-】
2024-03-28 02:25:49 GSD insert 第 1 次 等待 3 秒
2024-03-28 02:25:52 {"status":"bad","gid":"525032","msg":"添加失败！号码【1600446(-|-)】已存在！"}
2024-03-28 02:25:52 随机等待 134 秒，约 2 分钟
2024-03-28 02:25:52 下次操作: 2024-03-28 02:28:06

2024-03-28 02:28:06 开始第 544 次操作

2024-03-28 02:28:06 开始操作号码 【1600447】
2024-03-28 02:28:11 GSD getOne 第 1 次 等待 3 秒
2024-03-28 02:28:14 查询号码 【1600447】，返回信息 {"status":"ok","msg":"-","gid":"525044","time_insert":"2023-02-10 20:54"}
2024-03-28 02:28:14 查询号码 【1600447】，GSD为【"-"】
2024-03-28 02:28:14 ok && -
2024-03-28 02:28:16 CHB 1600447?1711564094 第 1 次 等待 3 秒
2024-03-28 02:28:19 CHB 1600447?1711564094 第 1 次 获取到号码【1600447】GSD
2024-03-28 02:28:19 未获取到号码【1600447】GSD，可能号码格式错误
2024-03-28 02:28:19 获取到号码【1600447】的GSD为【-】
2024-03-28 02:28:24 GSD insert 第 1 次 等待 3 秒
2024-03-28 02:28:27 {"status":"bad","gid":"525044","msg":"添加失败！号码【1600447(-|-)】已存在！"}

2024-03-28 02:37:22 开始第 545 次操作

2024-03-28 02:37:22 开始操作号码 【1600448】
2024-03-28 02:37:30 GSD getOne 第 1 次 等待 3 秒
2024-03-28 02:37:33 查询号码 【1600448】，返回信息 {"status":"ok","msg":"-","gid":"525056","time_insert":"2023-02-10 21:06"}
2024-03-28 02:37:33 查询号码 【1600448】，GSD为【"-"】
2024-03-28 02:37:33 ok && -
2024-03-28 02:37:35 CHB 1600448?1711564653 第 1 次 等待 3 秒
2024-03-28 02:37:38 CHB 1600448?1711564653 第 1 次 获取到号码【1600448】GSD
2024-03-28 02:37:38 未获取到号码【1600448】GSD，可能号码格式错误
2024-03-28 02:37:38 获取到号码【1600448】的GSD为【-】
2024-03-28 02:37:46 GSD insert 第 1 次 等待 3 秒
2024-03-28 02:37:49 {"status":"bad","gid":"525056","msg":"添加失败！号码【1600448(-|-)】已存在！"}
2024-03-28 02:37:49 随机等待 71 秒，约 1 分钟
2024-03-28 02:37:49 下次操作: 2024-03-28 02:39:00

2024-03-28 02:39:00 开始第 546 次操作

2024-03-28 02:39:00 开始操作号码 【1600449】
2024-03-28 02:39:05 GSD getOne 第 1 次 等待 3 秒
2024-03-28 02:39:08 查询号码 【1600449】，返回信息 {"status":"ok","msg":"-","gid":"525067","time_insert":"2023-02-10 21:16"}
2024-03-28 02:39:08 查询号码 【1600449】，GSD为【"-"】
2024-03-28 02:39:08 ok && -
2024-03-28 02:39:11 CHB 1600449?1711564748 第 1 次 等待 3 秒
2024-03-28 02:39:14 CHB 1600449?1711564748 第 1 次 获取到号码【1600449】GSD
2024-03-28 02:39:14 未获取到号码【1600449】GSD，可能号码格式错误
2024-03-28 02:39:14 获取到号码【1600449】的GSD为【-】
2024-03-28 02:39:20 GSD insert 第 1 次 等待 3 秒
2024-03-28 02:39:23 {"status":"bad","gid":"525067","msg":"添加失败！号码【1600449(-|-)】已存在！"}
2024-03-28 02:39:23 随机等待 174 秒，约 2 分钟
2024-03-28 02:39:23 下次操作: 2024-03-28 02:42:17

2024-03-28 02:42:17 开始第 547 次操作

2024-03-28 02:42:17 开始操作号码 【1600450】
2024-03-28 02:42:23 GSD getOne 第 1 次 等待 3 秒
2024-03-28 02:42:26 查询号码 【1600450】，返回信息 {"status":"ok","msg":"-","gid":"525079","time_insert":"2023-02-10 21:26"}
2024-03-28 02:42:26 查询号码 【1600450】，GSD为【"-"】
2024-03-28 02:42:26 ok && -
2024-03-28 02:42:28 CHB 1600450?1711564946 第 1 次 等待 3 秒
2024-03-28 02:42:31 CHB 1600450?1711564946 第 1 次 获取到号码【1600450】GSD
2024-03-28 02:42:31 未获取到号码【1600450】GSD，可能号码格式错误
2024-03-28 02:42:31 获取到号码【1600450】的GSD为【-】
2024-03-28 02:42:38 GSD insert 第 1 次 等待 3 秒
2024-03-28 02:42:41 {"status":"bad","gid":"525079","msg":"添加失败！号码【1600450(-|-)】已存在！"}
2024-03-28 02:42:41 随机等待 149 秒，约 2 分钟
2024-03-28 02:42:41 下次操作: 2024-03-28 02:45:10

2024-03-28 02:45:10 开始第 548 次操作

2024-03-28 02:45:10 开始操作号码 【1600451】
2024-03-28 02:45:14 GSD getOne 第 1 次 等待 3 秒
2024-03-28 02:45:17 查询号码 【1600451】，返回信息 {"status":"ok","msg":"-","gid":"525090","time_insert":"2023-02-10 21:38"}
2024-03-28 02:45:17 查询号码 【1600451】，GSD为【"-"】
2024-03-28 02:45:17 ok && -
2024-03-28 02:45:19 CHB 1600451?1711565117 第 1 次 等待 3 秒
2024-03-28 02:45:22 CHB 1600451?1711565117 第 1 次 获取到号码【1600451】GSD
2024-03-28 02:45:22 未获取到号码【1600451】GSD，可能号码格式错误
2024-03-28 02:45:22 获取到号码【1600451】的GSD为【-】
2024-03-28 02:45:27 GSD insert 第 1 次 等待 3 秒
2024-03-28 02:45:30 {"status":"bad","gid":"525090","msg":"添加失败！号码【1600451(-|-)】已存在！"}

