2024-06-27 00:23:08 开始第 2845 次操作

2024-06-27 00:23:08 开始操作号码 【1492738】
2024-06-27 00:23:25 GSD getOne 第 1 次 等待 3 秒
2024-06-27 00:23:28 查询号码 【1492738】，返回信息 {"status":"ok","msg":"江苏-南京","gid":"284711","time_insert":"2021-07-15 15:08","time_update":"2021-07-31 00:23"}
2024-06-27 00:23:28 查询号码 【1492738】，GSD为【"江苏-南京"】

2024-06-27 00:23:29 开始第 2846 次操作

2024-06-27 00:23:29 开始操作号码 【1492739】
2024-06-27 00:23:48 GSD getOne 第 1 次 等待 3 秒
2024-06-27 00:23:51 查询号码 【1492739】，返回信息 {"status":"ok","msg":"江苏-南京","gid":"284718","time_insert":"2021-07-15 15:08","time_update":"2021-07-31 00:28"}
2024-06-27 00:23:51 查询号码 【1492739】，GSD为【"江苏-南京"】

2024-06-27 00:23:52 开始第 2847 次操作

2024-06-27 00:23:52 开始操作号码 【1492740】
2024-06-27 00:24:08 GSD getOne 第 1 次 等待 3 秒
2024-06-27 00:24:11 查询号码 【1492740】，返回信息 {"status":"ok","msg":"江苏-南京","gid":"284727","time_insert":"2021-07-15 15:09","time_update":"2021-07-31 00:33"}
2024-06-27 00:24:12 查询号码 【1492740】，GSD为【"江苏-南京"】

2024-06-27 00:24:13 开始第 2848 次操作

2024-06-27 00:24:13 开始操作号码 【1492741】
2024-06-27 00:24:27 GSD getOne 第 1 次 等待 3 秒
2024-06-27 00:24:30 查询号码 【1492741】，返回信息 {"status":"ok","msg":"江苏-南京","gid":"284741","time_insert":"2021-07-15 15:10","time_update":"2021-07-31 00:38"}
2024-06-27 00:24:30 查询号码 【1492741】，GSD为【"江苏-南京"】

