2024-01-19 00:21:47 开始第 9425 次操作

2024-01-19 00:21:47 开始操作号码 【1829327】
2024-01-19 00:21:52 GSD getOne 第 1 次 等待 3 秒
2024-01-19 00:21:55 查询号码 【1829327】，返回信息 {"status":"ok","msg":"甘肃-定西","gid":"36818","time_insert":"2019-12-13 20:16","time_update":"2021-06-15 17:46"}
2024-01-19 00:21:55 查询号码 【1829327】，GSD为【"甘肃-定西"】

2024-01-19 00:21:56 开始第 9426 次操作

2024-01-19 00:21:56 开始操作号码 【1829328】
2024-01-19 00:22:01 GSD getOne 第 1 次 等待 3 秒
2024-01-19 00:22:04 查询号码 【1829328】，返回信息 {"status":"ok","msg":"甘肃-定西","gid":"393963","time_insert":"2021-07-25 21:44"}
2024-01-19 00:22:04 查询号码 【1829328】，GSD为【"甘肃-定西"】

2024-01-19 00:22:05 开始第 9427 次操作

2024-01-19 00:22:05 开始操作号码 【1829329】
2024-01-19 00:22:12 GSD getOne 第 1 次 等待 3 秒
2024-01-19 00:22:15 查询号码 【1829329】，返回信息 {"status":"ok","msg":"甘肃-定西","gid":"393946","time_insert":"2021-07-25 21:43"}
2024-01-19 00:22:15 查询号码 【1829329】，GSD为【"甘肃-定西"】

2024-01-19 00:22:16 开始第 9428 次操作

2024-01-19 00:22:16 开始操作号码 【1829330】
2024-01-19 00:22:20 GSD getOne 第 1 次 等待 3 秒
2024-01-19 00:22:23 查询号码 【1829330】，返回信息 {"status":"ok","msg":"甘肃-平凉","gid":"393929","time_insert":"2021-07-25 21:42"}
2024-01-19 00:22:23 查询号码 【1829330】，GSD为【"甘肃-平凉"】

2024-01-19 00:40:37 开始第 9429 次操作

2024-01-19 00:40:37 开始操作号码 【1829331】
2024-01-19 00:40:40 GSD getOne 第 1 次 等待 3 秒
2024-01-19 00:40:43 查询号码 【1829331】，返回信息 {"status":"ok","msg":"甘肃-平凉","gid":"393914","time_insert":"2021-07-25 21:41"}
2024-01-19 00:40:43 查询号码 【1829331】，GSD为【"甘肃-平凉"】

2024-01-19 00:40:44 开始第 9430 次操作

2024-01-19 00:40:44 开始操作号码 【1829332】
2024-01-19 00:40:48 GSD getOne 第 1 次 等待 3 秒
2024-01-19 00:40:51 查询号码 【1829332】，返回信息 {"status":"ok","msg":"甘肃-平凉","gid":"393900","time_insert":"2021-07-25 21:40"}
2024-01-19 00:40:51 查询号码 【1829332】，GSD为【"甘肃-平凉"】

2024-01-19 00:40:52 开始第 9431 次操作

2024-01-19 00:40:52 开始操作号码 【1829333】
2024-01-19 00:40:57 GSD getOne 第 1 次 等待 3 秒
2024-01-19 00:41:00 查询号码 【1829333】，返回信息 {"status":"ok","msg":"甘肃-平凉","gid":"36819","time_insert":"2018-10-29 10:24","time_update":"2020-12-13 15:12"}
2024-01-19 00:41:00 查询号码 【1829333】，GSD为【"甘肃-平凉"】

2024-01-19 00:41:01 开始第 9432 次操作

2024-01-19 00:41:01 开始操作号码 【1829334】
2024-01-19 00:41:05 GSD getOne 第 1 次 等待 3 秒
2024-01-19 00:41:08 查询号码 【1829334】，返回信息 {"status":"ok","msg":"甘肃-平凉","gid":"393880","time_insert":"2021-07-25 21:39"}
2024-01-19 00:41:08 查询号码 【1829334】，GSD为【"甘肃-平凉"】

