2024-08-04 00:23:13 开始第 9505 次操作

2024-08-04 00:23:13 开始操作号码 【1499394】
2024-08-04 00:23:26 GSD getOne 第 1 次 等待 3 秒
2024-08-04 00:23:29 查询号码 【1499394】，返回信息 {"status":"ok","msg":"-","gid":"363254","time_insert":"2021-07-23 06:44"}
2024-08-04 00:23:29 查询号码 【1499394】，GSD为【"-"】
2024-08-04 00:23:29 ok && -
2024-08-04 00:23:31 CHB 1499394?1722702209 第 1 次 等待 3 秒
2024-08-04 00:23:34 CHB 1499394?1722702209 第 1 次 获取到号码【1499394】GSD
2024-08-04 00:23:34 未获取到号码【1499394】GSD，可能号码格式错误
2024-08-04 00:23:34 获取到号码【1499394】的GSD为【-】
2024-08-04 00:23:42 GSD insert 第 1 次 等待 3 秒
2024-08-04 00:23:45 {"status":"bad","gid":"363254","msg":"添加失败！号码【1499394(-|-)】已存在！"}
2024-08-04 00:23:45 随机等待 144 秒，约 2 分钟
2024-08-04 00:23:45 下次操作: 2024-08-04 00:26:09

2024-08-04 00:26:09 开始第 9506 次操作

2024-08-04 00:26:09 开始操作号码 【1499395】
2024-08-04 00:26:18 GSD getOne 第 1 次 等待 3 秒
2024-08-04 00:26:21 查询号码 【1499395】，返回信息 {"status":"ok","msg":"-","gid":"363245","time_insert":"2021-07-23 06:43"}
2024-08-04 00:26:21 查询号码 【1499395】，GSD为【"-"】
2024-08-04 00:26:21 ok && -
2024-08-04 00:26:23 CHB 1499395?1722702381 第 1 次 等待 3 秒
2024-08-04 00:26:26 CHB 1499395?1722702381 第 1 次 获取到号码【1499395】GSD
2024-08-04 00:26:26 未获取到号码【1499395】GSD，可能号码格式错误
2024-08-04 00:26:26 获取到号码【1499395】的GSD为【-】
2024-08-04 00:26:33 GSD insert 第 1 次 等待 3 秒
2024-08-04 00:26:36 {"status":"bad","gid":"363245","msg":"添加失败！号码【1499395(-|-)】已存在！"}
2024-08-04 00:26:36 随机等待 188 秒，约 3 分钟
2024-08-04 00:26:36 下次操作: 2024-08-04 00:29:44

2024-08-04 00:29:44 开始第 9507 次操作

2024-08-04 00:29:44 开始操作号码 【1499396】
2024-08-04 00:30:01 GSD getOne 第 1 次 等待 3 秒
2024-08-04 00:30:04 查询号码 【1499396】，返回信息 {"status":"ok","msg":"-","gid":"363239","time_insert":"2021-07-23 06:43"}
2024-08-04 00:30:04 查询号码 【1499396】，GSD为【"-"】
2024-08-04 00:30:04 ok && -
2024-08-04 00:30:07 CHB 1499396?1722702604 第 1 次 等待 3 秒
2024-08-04 00:30:10 CHB 1499396?1722702604 第 1 次 获取到号码【1499396】GSD
2024-08-04 00:30:10 未获取到号码【1499396】GSD，可能号码格式错误
2024-08-04 00:30:10 获取到号码【1499396】的GSD为【-】
2024-08-04 00:30:29 GSD insert 第 1 次 等待 3 秒
2024-08-04 00:30:32 {"status":"bad","gid":"363239","msg":"添加失败！号码【1499396(-|-)】已存在！"}
2024-08-04 00:30:32 随机等待 121 秒，约 2 分钟
2024-08-04 00:30:32 下次操作: 2024-08-04 00:32:33

2024-08-04 00:32:33 开始第 9508 次操作

2024-08-04 00:32:33 开始操作号码 【1499397】
2024-08-04 00:32:43 GSD getOne 第 1 次 等待 3 秒
2024-08-04 00:32:46 查询号码 【1499397】，返回信息 {"status":"ok","msg":"-","gid":"363228","time_insert":"2021-07-23 06:42"}
2024-08-04 00:32:46 查询号码 【1499397】，GSD为【"-"】
2024-08-04 00:32:46 ok && -
2024-08-04 00:32:48 CHB 1499397?1722702766 第 1 次 等待 3 秒
2024-08-04 00:32:51 CHB 1499397?1722702766 第 1 次 获取到号码【1499397】GSD
2024-08-04 00:32:51 未获取到号码【1499397】GSD，可能号码格式错误
2024-08-04 00:32:51 获取到号码【1499397】的GSD为【-】
2024-08-04 00:32:59 GSD insert 第 1 次 等待 3 秒
2024-08-04 00:33:02 {"status":"bad","gid":"363228","msg":"添加失败！号码【1499397(-|-)】已存在！"}

2024-08-04 00:40:54 开始第 9509 次操作

2024-08-04 00:40:54 开始操作号码 【1499398】
2024-08-04 00:41:05 GSD getOne 第 1 次 等待 3 秒
2024-08-04 00:41:08 查询号码 【1499398】，返回信息 {"status":"ok","msg":"-","gid":"363215","time_insert":"2021-07-23 06:41"}
2024-08-04 00:41:08 查询号码 【1499398】，GSD为【"-"】
2024-08-04 00:41:08 ok && -
2024-08-04 00:41:10 CHB 1499398?1722703268 第 1 次 等待 3 秒
2024-08-04 00:41:13 CHB 1499398?1722703268 第 1 次 获取到号码【1499398】GSD
2024-08-04 00:41:13 未获取到号码【1499398】GSD，可能号码格式错误
2024-08-04 00:41:13 获取到号码【1499398】的GSD为【-】
2024-08-04 00:41:24 GSD insert 第 1 次 等待 3 秒
2024-08-04 00:41:27 {"status":"bad","gid":"363215","msg":"添加失败！号码【1499398(-|-)】已存在！"}
2024-08-04 00:41:27 随机等待 162 秒，约 2 分钟
2024-08-04 00:41:27 下次操作: 2024-08-04 00:44:09

2024-08-04 00:44:09 开始第 9510 次操作

2024-08-04 00:44:09 开始操作号码 【1499399】
2024-08-04 00:44:20 GSD getOne 第 1 次 等待 3 秒
2024-08-04 00:44:23 查询号码 【1499399】，返回信息 {"status":"ok","msg":"-","gid":"363209","time_insert":"2021-07-23 06:41"}
2024-08-04 00:44:23 查询号码 【1499399】，GSD为【"-"】
2024-08-04 00:44:23 ok && -
2024-08-04 00:44:25 CHB 1499399?1722703463 第 1 次 等待 3 秒
2024-08-04 00:44:28 CHB 1499399?1722703463 第 1 次 获取到号码【1499399】GSD
2024-08-04 00:44:28 未获取到号码【1499399】GSD，可能号码格式错误
2024-08-04 00:44:28 获取到号码【1499399】的GSD为【-】
2024-08-04 00:44:37 GSD insert 第 1 次 等待 3 秒
2024-08-04 00:44:40 {"status":"bad","gid":"363209","msg":"添加失败！号码【1499399(-|-)】已存在！"}
2024-08-04 00:44:40 随机等待 110 秒，约 1 分钟
2024-08-04 00:44:40 下次操作: 2024-08-04 00:46:30

2024-08-04 00:46:30 开始第 9511 次操作

2024-08-04 00:46:30 开始操作号码 【1499400】
2024-08-04 00:46:40 GSD getOne 第 1 次 等待 3 秒
2024-08-04 00:46:43 查询号码 【1499400】，返回信息 {"status":"ok","msg":"-","gid":"363099","time_insert":"2021-07-23 06:05"}
2024-08-04 00:46:43 查询号码 【1499400】，GSD为【"-"】
2024-08-04 00:46:43 ok && -
2024-08-04 00:46:45 CHB 1499400?1722703603 第 1 次 等待 3 秒
2024-08-04 00:46:48 CHB 1499400?1722703603 第 1 次 获取到号码【1499400】GSD
2024-08-04 00:46:48 未获取到号码【1499400】GSD，可能号码格式错误
2024-08-04 00:46:48 获取到号码【1499400】的GSD为【-】
2024-08-04 00:47:00 GSD insert 第 1 次 等待 3 秒
2024-08-04 00:47:03 {"status":"bad","gid":"363099","msg":"添加失败！号码【1499400(-|-)】已存在！"}
2024-08-04 00:47:03 随机等待 167 秒，约 2 分钟
2024-08-04 00:47:03 下次操作: 2024-08-04 00:49:50

2024-08-04 00:49:50 开始第 9512 次操作

2024-08-04 00:49:50 开始操作号码 【1499401】
2024-08-04 00:49:58 GSD getOne 第 1 次 等待 3 秒
2024-08-04 00:50:01 查询号码 【1499401】，返回信息 {"status":"ok","msg":"-","gid":"363095","time_insert":"2021-07-23 06:04"}
2024-08-04 00:50:01 查询号码 【1499401】，GSD为【"-"】
2024-08-04 00:50:01 ok && -
2024-08-04 00:50:03 CHB 1499401?1722703801 第 1 次 等待 3 秒
2024-08-04 00:50:06 CHB 1499401?1722703801 第 1 次 获取到号码【1499401】GSD
2024-08-04 00:50:06 未获取到号码【1499401】GSD，可能号码格式错误
2024-08-04 00:50:06 获取到号码【1499401】的GSD为【-】
2024-08-04 00:50:23 GSD insert 第 1 次 等待 3 秒
2024-08-04 00:50:26 {"status":"bad","gid":"363095","msg":"添加失败！号码【1499401(-|-)】已存在！"}

2024-08-04 01:15:32 开始第 9513 次操作

2024-08-04 01:15:32 开始操作号码 【1499402】
2024-08-04 01:15:40 GSD getOne 第 1 次 等待 3 秒
2024-08-04 01:15:43 查询号码 【1499402】，返回信息 {"status":"ok","msg":"-","gid":"363089","time_insert":"2021-07-23 06:04"}
2024-08-04 01:15:43 查询号码 【1499402】，GSD为【"-"】
2024-08-04 01:15:43 ok && -
2024-08-04 01:15:45 CHB 1499402?1722705343 第 1 次 等待 3 秒
2024-08-04 01:15:48 CHB 1499402?1722705343 第 1 次 获取到号码【1499402】GSD
2024-08-04 01:15:48 未获取到号码【1499402】GSD，可能号码格式错误
2024-08-04 01:15:48 获取到号码【1499402】的GSD为【-】
2024-08-04 01:15:58 GSD insert 第 1 次 等待 3 秒
2024-08-04 01:16:01 {"status":"bad","gid":"363089","msg":"添加失败！号码【1499402(-|-)】已存在！"}
2024-08-04 01:16:01 随机等待 144 秒，约 2 分钟
2024-08-04 01:16:01 下次操作: 2024-08-04 01:18:25

2024-08-04 01:18:25 开始第 9514 次操作

2024-08-04 01:18:25 开始操作号码 【1499403】
2024-08-04 01:18:33 GSD getOne 第 1 次 等待 3 秒
2024-08-04 01:18:36 查询号码 【1499403】，返回信息 {"status":"ok","msg":"-","gid":"363083","time_insert":"2021-07-23 06:03"}
2024-08-04 01:18:36 查询号码 【1499403】，GSD为【"-"】
2024-08-04 01:18:36 ok && -
2024-08-04 01:18:38 CHB 1499403?1722705516 第 1 次 等待 3 秒
2024-08-04 01:18:41 CHB 1499403?1722705516 第 1 次 获取到号码【1499403】GSD
2024-08-04 01:18:41 未获取到号码【1499403】GSD，可能号码格式错误
2024-08-04 01:18:41 获取到号码【1499403】的GSD为【-】
2024-08-04 01:18:49 GSD insert 第 1 次 等待 3 秒
2024-08-04 01:18:52 {"status":"bad","gid":"363083","msg":"添加失败！号码【1499403(-|-)】已存在！"}
2024-08-04 01:18:52 随机等待 131 秒，约 2 分钟
2024-08-04 01:18:52 下次操作: 2024-08-04 01:21:03

2024-08-04 01:21:03 开始第 9515 次操作

2024-08-04 01:21:03 开始操作号码 【1499404】
2024-08-04 01:21:10 GSD getOne 第 1 次 等待 3 秒
2024-08-04 01:21:13 查询号码 【1499404】，返回信息 {"status":"ok","msg":"-","gid":"363077","time_insert":"2021-07-23 06:03"}
2024-08-04 01:21:13 查询号码 【1499404】，GSD为【"-"】
2024-08-04 01:21:13 ok && -
2024-08-04 01:21:15 CHB 1499404?1722705673 第 1 次 等待 3 秒
2024-08-04 01:21:18 CHB 1499404?1722705673 第 1 次 获取到号码【1499404】GSD
2024-08-04 01:21:18 未获取到号码【1499404】GSD，可能号码格式错误
2024-08-04 01:21:18 获取到号码【1499404】的GSD为【-】
2024-08-04 01:21:29 GSD insert 第 1 次 等待 3 秒
2024-08-04 01:21:32 {"status":"bad","gid":"363077","msg":"添加失败！号码【1499404(-|-)】已存在！"}
2024-08-04 01:21:32 随机等待 76 秒，约 1 分钟
2024-08-04 01:21:32 下次操作: 2024-08-04 01:22:48

2024-08-04 01:22:48 开始第 9516 次操作

2024-08-04 01:22:48 开始操作号码 【1499405】
2024-08-04 01:22:58 GSD getOne 第 1 次 等待 3 秒
2024-08-04 01:23:01 查询号码 【1499405】，返回信息 {"status":"ok","msg":"-","gid":"363072","time_insert":"2021-07-23 06:02"}
2024-08-04 01:23:01 查询号码 【1499405】，GSD为【"-"】
2024-08-04 01:23:01 ok && -
2024-08-04 01:23:03 CHB 1499405?1722705781 第 1 次 等待 3 秒
2024-08-04 01:23:06 CHB 1499405?1722705781 第 1 次 获取到号码【1499405】GSD
2024-08-04 01:23:06 未获取到号码【1499405】GSD，可能号码格式错误
2024-08-04 01:23:06 获取到号码【1499405】的GSD为【-】
2024-08-04 01:23:16 GSD insert 第 1 次 等待 3 秒
2024-08-04 01:23:19 {"status":"bad","gid":"363072","msg":"添加失败！号码【1499405(-|-)】已存在！"}

