2023-12-13 00:21:04 开始第 2861 次操作

2023-12-13 00:21:04 开始操作号码 【1822763】
2023-12-13 00:21:09 GSD getOne 第 1 次 等待 3 秒
2023-12-13 00:21:12 查询号码 【1822763】，返回信息 {"status":"ok","msg":"四川-成都","gid":"35389","time_insert":"2019-01-31 18:40","time_update":"2020-11-06 13:34"}
2023-12-13 00:21:12 查询号码 【1822763】，GSD为【"四川-成都"】

2023-12-13 00:21:13 开始第 2862 次操作

2023-12-13 00:21:13 开始操作号码 【1822764】
2023-12-13 00:21:17 GSD getOne 第 1 次 等待 3 秒
2023-12-13 00:21:20 查询号码 【1822764】，返回信息 {"status":"ok","msg":"四川-成都","gid":"35390","time_insert":"2017-01-15 13:29","time_update":"2020-11-06 13:38"}
2023-12-13 00:21:20 查询号码 【1822764】，GSD为【"四川-成都"】

2023-12-13 00:21:21 开始第 2863 次操作

2023-12-13 00:21:21 开始操作号码 【1822765】
2023-12-13 00:21:25 GSD getOne 第 1 次 等待 3 秒
2023-12-13 00:21:28 查询号码 【1822765】，返回信息 {"status":"ok","msg":"四川-成都","gid":"35391","time_insert":"2014-06-21 11:55","time_update":"2020-11-06 13:42"}
2023-12-13 00:21:28 查询号码 【1822765】，GSD为【"四川-成都"】

2023-12-13 00:21:29 开始第 2864 次操作

2023-12-13 00:21:29 开始操作号码 【1822766】
2023-12-13 00:21:34 GSD getOne 第 1 次 等待 3 秒
2023-12-13 00:21:37 查询号码 【1822766】，返回信息 {"status":"ok","msg":"四川-成都","gid":"35392","time_insert":"2016-12-18 15:37","time_update":"2020-11-06 13:46"}
2023-12-13 00:21:37 查询号码 【1822766】，GSD为【"四川-成都"】

2023-12-13 00:41:37 开始第 2865 次操作

2023-12-13 00:41:37 开始操作号码 【1822767】
2023-12-13 00:41:40 GSD getOne 第 1 次 等待 3 秒
2023-12-13 00:41:43 查询号码 【1822767】，返回信息 {"status":"ok","msg":"四川-成都","gid":"35393","time_insert":"2016-12-15 16:42","time_update":"2020-11-06 13:51"}
2023-12-13 00:41:43 查询号码 【1822767】，GSD为【"四川-成都"】

2023-12-13 00:41:44 开始第 2866 次操作

2023-12-13 00:41:44 开始操作号码 【1822768】
2023-12-13 00:41:48 GSD getOne 第 1 次 等待 3 秒
2023-12-13 00:41:51 查询号码 【1822768】，返回信息 {"status":"ok","msg":"四川-成都","gid":"35394","time_insert":"2017-04-09 22:35","time_update":"2020-11-06 13:55"}
2023-12-13 00:41:51 查询号码 【1822768】，GSD为【"四川-成都"】

2023-12-13 00:41:52 开始第 2867 次操作

2023-12-13 00:41:52 开始操作号码 【1822769】
2023-12-13 00:41:55 GSD getOne 第 1 次 等待 3 秒
2023-12-13 00:41:58 查询号码 【1822769】，返回信息 {"status":"ok","msg":"四川-成都","gid":"35395","time_insert":"2016-03-16 20:14","time_update":"2020-11-06 13:59"}
2023-12-13 00:41:58 查询号码 【1822769】，GSD为【"四川-成都"】

2023-12-13 00:41:59 开始第 2868 次操作

2023-12-13 00:41:59 开始操作号码 【1822770】
2023-12-13 00:42:03 GSD getOne 第 1 次 等待 3 秒
2023-12-13 00:42:06 查询号码 【1822770】，返回信息 {"status":"ok","msg":"四川-阿坝","gid":"35396","time_insert":"2018-06-28 10:18","time_update":"2020-11-06 14:03"}
2023-12-13 00:42:06 查询号码 【1822770】，GSD为【"四川-阿坝"】

