2024-10-24 00:12:36 开始第 1129 次操作

2024-10-24 00:12:36 开始操作号码 【1301128】
2024-10-24 00:12:37 GSD getOne 第 1 次 等待 3 秒
2024-10-24 00:12:40 查询号码 【1301128】，返回信息 {"status":"ok","msg":"北京-北京","gid":"47919","time_insert":"2021-03-15 22:28"}
2024-10-24 00:12:40 查询号码 【1301128】，GSD为【"北京-北京"】

2024-10-24 00:12:41 开始第 1130 次操作

2024-10-24 00:12:41 开始操作号码 【1301129】
2024-10-24 00:12:42 GSD getOne 第 1 次 等待 3 秒
2024-10-24 00:12:45 查询号码 【1301129】，返回信息 {"status":"ok","msg":"北京-北京","gid":"47920","time_insert":"2021-03-15 23:03"}
2024-10-24 00:12:45 查询号码 【1301129】，GSD为【"北京-北京"】

2024-10-24 00:12:46 开始第 1131 次操作

2024-10-24 00:12:46 开始操作号码 【1301130】
2024-10-24 00:12:47 GSD getOne 第 1 次 等待 3 秒
2024-10-24 00:12:50 查询号码 【1301130】，返回信息 {"status":"ok","msg":"天津-天津","gid":"47921","time_insert":"2021-03-15 23:41"}
2024-10-24 00:12:50 查询号码 【1301130】，GSD为【"天津-天津"】

2024-10-24 00:12:51 开始第 1132 次操作

2024-10-24 00:12:51 开始操作号码 【1301131】
2024-10-24 00:12:52 GSD getOne 第 1 次 等待 3 秒
2024-10-24 00:12:55 查询号码 【1301131】，返回信息 {"status":"ok","msg":"天津-天津","gid":"47922","time_insert":"2021-03-16 00:16"}
2024-10-24 00:12:56 查询号码 【1301131】，GSD为【"天津-天津"】

2024-10-24 00:43:38 开始第 1133 次操作

2024-10-24 00:43:38 开始操作号码 【1301132】
2024-10-24 00:43:39 GSD getOne 第 1 次 等待 3 秒
2024-10-24 00:43:42 查询号码 【1301132】，返回信息 {"status":"ok","msg":"天津-天津","gid":"47923","time_insert":"2021-03-16 00:53"}
2024-10-24 00:43:42 查询号码 【1301132】，GSD为【"天津-天津"】

2024-10-24 00:43:43 开始第 1134 次操作

2024-10-24 00:43:43 开始操作号码 【1301133】
2024-10-24 00:43:44 GSD getOne 第 1 次 等待 3 秒
2024-10-24 00:43:47 查询号码 【1301133】，返回信息 {"status":"ok","msg":"天津-天津","gid":"47924","time_insert":"2021-03-16 01:27"}
2024-10-24 00:43:47 查询号码 【1301133】，GSD为【"天津-天津"】

2024-10-24 00:43:48 开始第 1135 次操作

2024-10-24 00:43:48 开始操作号码 【1301134】
2024-10-24 00:43:49 GSD getOne 第 1 次 等待 3 秒
2024-10-24 00:43:52 查询号码 【1301134】，返回信息 {"status":"ok","msg":"天津-天津","gid":"47925","time_insert":"2021-03-16 02:01"}
2024-10-24 00:43:52 查询号码 【1301134】，GSD为【"天津-天津"】

2024-10-24 00:43:53 开始第 1136 次操作

2024-10-24 00:43:53 开始操作号码 【1301135】
2024-10-24 00:43:54 GSD getOne 第 1 次 等待 3 秒
2024-10-24 00:43:57 查询号码 【1301135】，返回信息 {"status":"ok","msg":"天津-天津","gid":"47926","time_insert":"2021-03-16 02:36"}
2024-10-24 00:43:57 查询号码 【1301135】，GSD为【"天津-天津"】

