2024-09-13 00:16:51 开始第 4405 次操作

2024-09-13 00:16:51 开始操作号码 【1384404】
2024-09-13 00:16:59 GSD getOne 第 1 次 等待 3 秒
2024-09-13 00:17:02 查询号码 【1384404】，返回信息 {"status":"ok","msg":"吉林-长春","gid":"139263","time_insert":"2021-06-27 13:10"}
2024-09-13 00:17:02 查询号码 【1384404】，GSD为【"吉林-长春"】

2024-09-13 00:17:03 开始第 4406 次操作

2024-09-13 00:17:03 开始操作号码 【1384405】
2024-09-13 00:17:11 GSD getOne 第 1 次 等待 3 秒
2024-09-13 00:17:14 查询号码 【1384405】，返回信息 {"status":"ok","msg":"吉林-长春","gid":"139354","time_insert":"2021-06-27 13:30"}
2024-09-13 00:17:14 查询号码 【1384405】，GSD为【"吉林-长春"】

2024-09-13 00:17:15 开始第 4407 次操作

2024-09-13 00:17:15 开始操作号码 【1384406】
2024-09-13 00:17:23 GSD getOne 第 1 次 等待 3 秒
2024-09-13 00:17:26 查询号码 【1384406】，返回信息 {"status":"ok","msg":"吉林-长春","gid":"139543","time_insert":"2021-06-27 13:48"}
2024-09-13 00:17:26 查询号码 【1384406】，GSD为【"吉林-长春"】

2024-09-13 00:17:27 开始第 4408 次操作

2024-09-13 00:17:27 开始操作号码 【1384407】
2024-09-13 00:17:35 GSD getOne 第 1 次 等待 3 秒
2024-09-13 00:17:38 查询号码 【1384407】，返回信息 {"status":"ok","msg":"吉林-长春","gid":"139646","time_insert":"2021-06-27 14:07"}
2024-09-13 00:17:38 查询号码 【1384407】，GSD为【"吉林-长春"】

2024-09-13 00:43:07 开始第 4409 次操作

2024-09-13 00:43:07 开始操作号码 【1384408】
2024-09-13 00:43:15 GSD getOne 第 1 次 等待 3 秒
2024-09-13 00:43:18 查询号码 【1384408】，返回信息 {"status":"ok","msg":"吉林-长春","gid":"139677","time_insert":"2021-06-27 14:30"}
2024-09-13 00:43:18 查询号码 【1384408】，GSD为【"吉林-长春"】

2024-09-13 00:43:19 开始第 4410 次操作

2024-09-13 00:43:19 开始操作号码 【1384409】
2024-09-13 00:43:28 GSD getOne 第 1 次 等待 3 秒
2024-09-13 00:43:31 查询号码 【1384409】，返回信息 {"status":"ok","msg":"吉林-长春","gid":"139702","time_insert":"2021-06-27 14:42"}
2024-09-13 00:43:31 查询号码 【1384409】，GSD为【"吉林-长春"】

2024-09-13 00:43:32 开始第 4411 次操作

2024-09-13 00:43:32 开始操作号码 【1384410】
2024-09-13 00:43:40 GSD getOne 第 1 次 等待 3 秒
2024-09-13 00:43:43 查询号码 【1384410】，返回信息 {"status":"ok","msg":"吉林-长春","gid":"139832","time_insert":"2021-06-27 15:06"}
2024-09-13 00:43:43 查询号码 【1384410】，GSD为【"吉林-长春"】

2024-09-13 00:43:44 开始第 4412 次操作

2024-09-13 00:43:44 开始操作号码 【1384411】
2024-09-13 00:43:52 GSD getOne 第 1 次 等待 3 秒
2024-09-13 00:43:55 查询号码 【1384411】，返回信息 {"status":"ok","msg":"吉林-长春","gid":"140009","time_insert":"2021-06-27 15:29"}
2024-09-13 00:43:55 查询号码 【1384411】，GSD为【"吉林-长春"】

