2024-03-09 00:18:21 开始第 7837 次操作

2024-03-09 00:18:21 开始操作号码 【1717739】
2024-03-09 00:18:29 GSD getOne 第 1 次 等待 3 秒
2024-03-09 00:18:32 查询号码 【1717739】，返回信息 {"status":"ok","msg":"湖南-邵阳","gid":"221855","time_insert":"2021-07-08 11:00"}
2024-03-09 00:18:32 查询号码 【1717739】，GSD为【"湖南-邵阳"】

2024-03-09 00:18:33 开始第 7838 次操作

2024-03-09 00:18:33 开始操作号码 【1717740】
2024-03-09 00:18:37 GSD getOne 第 1 次 等待 3 秒
2024-03-09 00:18:40 查询号码 【1717740】，返回信息 {"status":"ok","msg":"上海-上海","gid":"221859","time_insert":"2021-07-08 11:01"}
2024-03-09 00:18:40 查询号码 【1717740】，GSD为【"上海-上海"】

2024-03-09 00:18:41 开始第 7839 次操作

2024-03-09 00:18:41 开始操作号码 【1717741】
2024-03-09 00:18:45 GSD getOne 第 1 次 等待 3 秒
2024-03-09 00:18:48 查询号码 【1717741】，返回信息 {"status":"ok","msg":"上海-上海","gid":"221863","time_insert":"2021-07-08 11:01"}
2024-03-09 00:18:48 查询号码 【1717741】，GSD为【"上海-上海"】

2024-03-09 00:18:49 开始第 7840 次操作

2024-03-09 00:18:49 开始操作号码 【1717742】
2024-03-09 00:18:54 GSD getOne 第 1 次 等待 3 秒
2024-03-09 00:18:57 查询号码 【1717742】，返回信息 {"status":"ok","msg":"上海-上海","gid":"221870","time_insert":"2021-07-08 11:02"}
2024-03-09 00:18:57 查询号码 【1717742】，GSD为【"上海-上海"】

