2024-11-21 00:13:20 开始第 6073 次操作

2024-11-21 00:13:20 开始操作号码 【1306072】
2024-11-21 00:13:22 GSD getOne 第 1 次 等待 3 秒
2024-11-21 00:13:25 查询号码 【1306072】，返回信息 {"status":"ok","msg":"广东-梅州","gid":"184264","time_insert":"2021-07-03 20:28"}
2024-11-21 00:13:25 查询号码 【1306072】，GSD为【"广东-梅州"】

2024-11-21 00:13:26 开始第 6074 次操作

2024-11-21 00:13:26 开始操作号码 【1306073】
2024-11-21 00:13:27 GSD getOne 第 1 次 等待 3 秒
2024-11-21 00:13:30 查询号码 【1306073】，返回信息 {"status":"ok","msg":"广东-梅州","gid":"184282","time_insert":"2021-07-03 20:38"}
2024-11-21 00:13:30 查询号码 【1306073】，GSD为【"广东-梅州"】

2024-11-21 00:13:31 开始第 6075 次操作

2024-11-21 00:13:31 开始操作号码 【1306074】
2024-11-21 00:13:32 GSD getOne 第 1 次 等待 3 秒
2024-11-21 00:13:35 查询号码 【1306074】，返回信息 {"status":"ok","msg":"广东-梅州","gid":"184301","time_insert":"2021-07-03 20:50"}
2024-11-21 00:13:35 查询号码 【1306074】，GSD为【"广东-梅州"】

2024-11-21 00:13:36 开始第 6076 次操作

2024-11-21 00:13:36 开始操作号码 【1306075】
2024-11-21 00:13:37 GSD getOne 第 1 次 等待 3 秒
2024-11-21 00:13:40 查询号码 【1306075】，返回信息 {"status":"ok","msg":"广东-佛山","gid":"184335","time_insert":"2021-07-03 21:04"}
2024-11-21 00:13:40 查询号码 【1306075】，GSD为【"广东-佛山"】

2024-11-21 00:44:12 开始第 6077 次操作

2024-11-21 00:44:12 开始操作号码 【1306076】
2024-11-21 00:44:14 GSD getOne 第 1 次 等待 3 秒
2024-11-21 00:44:17 查询号码 【1306076】，返回信息 {"status":"ok","msg":"广东-佛山","gid":"184462","time_insert":"2021-07-03 21:14"}
2024-11-21 00:44:17 查询号码 【1306076】，GSD为【"广东-佛山"】

2024-11-21 00:44:18 开始第 6078 次操作

2024-11-21 00:44:18 开始操作号码 【1306077】
2024-11-21 00:44:19 GSD getOne 第 1 次 等待 3 秒
2024-11-21 00:44:22 查询号码 【1306077】，返回信息 {"status":"ok","msg":"广东-佛山","gid":"184614","time_insert":"2021-07-03 21:28"}
2024-11-21 00:44:22 查询号码 【1306077】，GSD为【"广东-佛山"】

2024-11-21 00:44:23 开始第 6079 次操作

2024-11-21 00:44:23 开始操作号码 【1306078】
2024-11-21 00:44:24 GSD getOne 第 1 次 等待 3 秒
2024-11-21 00:44:27 查询号码 【1306078】，返回信息 {"status":"ok","msg":"广东-佛山","gid":"184726","time_insert":"2021-07-03 21:42","time_update":"2021-07-03 22:44"}
2024-11-21 00:44:27 查询号码 【1306078】，GSD为【"广东-佛山"】

2024-11-21 00:44:28 开始第 6080 次操作

2024-11-21 00:44:28 开始操作号码 【1306079】
2024-11-21 00:44:29 GSD getOne 第 1 次 等待 3 秒
2024-11-21 00:44:32 查询号码 【1306079】，返回信息 {"status":"ok","msg":"广东-佛山","gid":"184923","time_insert":"2021-07-03 21:53"}
2024-11-21 00:44:32 查询号码 【1306079】，GSD为【"广东-佛山"】

