2024-06-22 00:21:32 开始第 1965 次操作

2024-06-22 00:21:32 开始操作号码 【1491859】
2024-06-22 00:21:48 GSD getOne 第 1 次 等待 3 秒
2024-06-22 00:21:51 查询号码 【1491859】，返回信息 {"status":"ok","msg":"江苏-南京","gid":"274471","time_insert":"2021-07-14 13:44"}
2024-06-22 00:21:51 查询号码 【1491859】，GSD为【"江苏-南京"】

2024-06-22 00:21:52 开始第 1966 次操作

2024-06-22 00:21:52 开始操作号码 【1491860】
2024-06-22 00:22:06 GSD getOne 第 1 次 等待 3 秒
2024-06-22 00:22:09 查询号码 【1491860】，返回信息 {"status":"ok","msg":"江苏-南京","gid":"274479","time_insert":"2021-07-14 13:44"}
2024-06-22 00:22:09 查询号码 【1491860】，GSD为【"江苏-南京"】

2024-06-22 00:22:11 开始第 1967 次操作

2024-06-22 00:22:11 开始操作号码 【1491861】
2024-06-22 00:22:28 GSD getOne 第 1 次 等待 3 秒
2024-06-22 00:22:31 查询号码 【1491861】，返回信息 {"status":"ok","msg":"江苏-南京","gid":"274486","time_insert":"2021-07-14 13:44"}
2024-06-22 00:22:31 查询号码 【1491861】，GSD为【"江苏-南京"】

2024-06-22 00:22:32 开始第 1968 次操作

2024-06-22 00:22:32 开始操作号码 【1491862】
2024-06-22 00:22:48 GSD getOne 第 1 次 等待 3 秒
2024-06-22 00:22:51 查询号码 【1491862】，返回信息 {"status":"ok","msg":"江苏-南京","gid":"274491","time_insert":"2021-07-14 13:45"}
2024-06-22 00:22:51 查询号码 【1491862】，GSD为【"江苏-南京"】

