2024-09-23 00:16:06 开始第 6165 次操作

2024-09-23 00:16:06 开始操作号码 【1386164】
2024-09-23 00:16:11 GSD getOne 第 1 次 等待 3 秒
2024-09-23 00:16:14 查询号码 【1386164】，返回信息 {"status":"ok","msg":"江苏-无锡","gid":"368724","time_insert":"2021-07-23 18:44","time_update":"2021-07-24 02:04"}
2024-09-23 00:16:15 查询号码 【1386164】，GSD为【"江苏-无锡"】

2024-09-23 00:16:16 开始第 6166 次操作

2024-09-23 00:16:16 开始操作号码 【1386165】
2024-09-23 00:16:19 GSD getOne 第 1 次 等待 3 秒
2024-09-23 00:16:22 查询号码 【1386165】，返回信息 {"status":"ok","msg":"江苏-淮安","gid":"368715","time_insert":"2021-07-23 18:43"}
2024-09-23 00:16:22 查询号码 【1386165】，GSD为【"江苏-淮安"】

2024-09-23 00:16:23 开始第 6167 次操作

2024-09-23 00:16:23 开始操作号码 【1386166】
2024-09-23 00:16:27 GSD getOne 第 1 次 等待 3 秒
2024-09-23 00:16:30 查询号码 【1386166】，返回信息 {"status":"ok","msg":"江苏-无锡","gid":"11447","time_insert":"2018-03-15 11:55","time_update":"2020-08-24 13:45"}
2024-09-23 00:16:30 查询号码 【1386166】，GSD为【"江苏-无锡"】

2024-09-23 00:16:31 开始第 6168 次操作

2024-09-23 00:16:31 开始操作号码 【1386167】
2024-09-23 00:16:34 GSD getOne 第 1 次 等待 3 秒
2024-09-23 00:16:37 查询号码 【1386167】，返回信息 {"status":"ok","msg":"江苏-淮安","gid":"368708","time_insert":"2021-07-23 18:43"}
2024-09-23 00:16:37 查询号码 【1386167】，GSD为【"江苏-淮安"】

