2023-12-03 00:19:39 开始第 1089 次操作

2023-12-03 00:19:39 开始操作号码 【1820991】
2023-12-03 00:19:47 GSD getOne 第 1 次 等待 3 秒
2023-12-03 00:19:50 查询号码 【1820991】，返回信息 {"status":"ok","msg":"新疆-乌鲁木齐","gid":"335545","time_insert":"2021-07-20 10:25"}
2023-12-03 00:19:50 查询号码 【1820991】，GSD为【"新疆-乌鲁木齐"】

2023-12-03 00:19:51 开始第 1090 次操作

2023-12-03 00:19:51 开始操作号码 【1820992】
2023-12-03 00:19:56 GSD getOne 第 1 次 等待 3 秒
2023-12-03 00:19:59 查询号码 【1820992】，返回信息 {"status":"ok","msg":"新疆-奎屯","gid":"34809","time_insert":"2017-12-31 18:36","time_update":"2020-12-24 12:45"}
2023-12-03 00:19:59 查询号码 【1820992】，GSD为【"新疆-奎屯"】

2023-12-03 00:20:00 开始第 1091 次操作

2023-12-03 00:20:00 开始操作号码 【1820993】
2023-12-03 00:20:05 GSD getOne 第 1 次 等待 3 秒
2023-12-03 00:20:08 查询号码 【1820993】，返回信息 {"status":"ok","msg":"新疆-石河子","gid":"335570","time_insert":"2021-07-20 10:40"}
2023-12-03 00:20:08 查询号码 【1820993】，GSD为【"新疆-石河子"】

2023-12-03 00:20:09 开始第 1092 次操作

2023-12-03 00:20:09 开始操作号码 【1820994】
2023-12-03 00:20:13 GSD getOne 第 1 次 等待 3 秒
2023-12-03 00:20:16 查询号码 【1820994】，返回信息 {"status":"ok","msg":"新疆-昌吉","gid":"335702","time_insert":"2021-07-20 10:55"}
2023-12-03 00:20:16 查询号码 【1820994】，GSD为【"新疆-昌吉"】

2023-12-03 00:38:04 开始第 1093 次操作

2023-12-03 00:38:04 开始操作号码 【1820995】
2023-12-03 00:38:09 GSD getOne 第 1 次 等待 3 秒
2023-12-03 00:38:12 查询号码 【1820995】，返回信息 {"status":"ok","msg":"新疆-吐鲁番","gid":"335847","time_insert":"2021-07-20 11:05"}
2023-12-03 00:38:12 查询号码 【1820995】，GSD为【"新疆-吐鲁番"】

2023-12-03 00:38:13 开始第 1094 次操作

2023-12-03 00:38:13 开始操作号码 【1820996】
2023-12-03 00:38:26 GSD getOne 第 1 次 等待 3 秒
2023-12-03 00:38:29 查询号码 【1820996】，返回信息 {"status":"ok","msg":"新疆-库尔勒","gid":"34810","time_insert":"2018-06-16 11:46","time_update":"2020-12-24 12:30"}
2023-12-03 00:38:29 查询号码 【1820996】，GSD为【"新疆-库尔勒"】

2023-12-03 00:38:30 开始第 1095 次操作

2023-12-03 00:38:30 开始操作号码 【1820997】
2023-12-03 00:38:33 GSD getOne 第 1 次 等待 3 秒
2023-12-03 00:38:36 查询号码 【1820997】，返回信息 {"status":"ok","msg":"新疆-阿克苏","gid":"34811","time_insert":"2017-02-07 14:03","time_update":"2020-12-24 12:17"}
2023-12-03 00:38:36 查询号码 【1820997】，GSD为【"新疆-阿克苏"】

2023-12-03 00:38:37 开始第 1096 次操作

2023-12-03 00:38:37 开始操作号码 【1820998】
2023-12-03 00:38:41 GSD getOne 第 1 次 等待 3 秒
2023-12-03 00:38:44 查询号码 【1820998】，返回信息 {"status":"ok","msg":"新疆-喀什","gid":"335987","time_insert":"2021-07-20 11:20"}
2023-12-03 00:38:44 查询号码 【1820998】，GSD为【"新疆-喀什"】

2023-12-03 01:13:14 开始第 1097 次操作

2023-12-03 01:13:14 开始操作号码 【1820999】
2023-12-03 01:13:17 GSD getOne 第 1 次 等待 3 秒
2023-12-03 01:13:20 查询号码 【1820999】，返回信息 {"status":"ok","msg":"新疆-伊犁","gid":"336027","time_insert":"2021-07-20 11:34"}
2023-12-03 01:13:21 查询号码 【1820999】，GSD为【"新疆-伊犁"】

2023-12-03 01:13:22 开始第 1098 次操作

2023-12-03 01:13:22 开始操作号码 【1821000】
2023-12-03 01:13:25 GSD getOne 第 1 次 等待 3 秒
2023-12-03 01:13:28 查询号码 【1821000】，返回信息 {"status":"ok","msg":"北京-北京","gid":"336098","time_insert":"2021-07-20 11:47"}
2023-12-03 01:13:28 查询号码 【1821000】，GSD为【"北京-北京"】

2023-12-03 01:13:29 开始第 1099 次操作

2023-12-03 01:13:29 开始操作号码 【1821001】
2023-12-03 01:13:33 GSD getOne 第 1 次 等待 3 秒
2023-12-03 01:13:36 查询号码 【1821001】，返回信息 {"status":"ok","msg":"北京-北京","gid":"336268","time_insert":"2021-07-20 11:59"}
2023-12-03 01:13:36 查询号码 【1821001】，GSD为【"北京-北京"】

2023-12-03 01:13:37 开始第 1100 次操作

2023-12-03 01:13:37 开始操作号码 【1821002】
2023-12-03 01:13:40 GSD getOne 第 1 次 等待 3 秒
2023-12-03 01:13:43 查询号码 【1821002】，返回信息 {"status":"ok","msg":"北京-北京","gid":"336402","time_insert":"2021-07-20 12:10"}
2023-12-03 01:13:43 查询号码 【1821002】，GSD为【"北京-北京"】

2023-12-03 01:37:19 开始第 1101 次操作

2023-12-03 01:37:19 开始操作号码 【1821003】
2023-12-03 01:37:23 GSD getOne 第 1 次 等待 3 秒
2023-12-03 01:37:26 查询号码 【1821003】，返回信息 {"status":"ok","msg":"北京-北京","gid":"336478","time_insert":"2021-07-20 12:24"}
2023-12-03 01:37:26 查询号码 【1821003】，GSD为【"北京-北京"】

2023-12-03 01:37:27 开始第 1102 次操作

2023-12-03 01:37:27 开始操作号码 【1821004】
2023-12-03 01:37:32 GSD getOne 第 1 次 等待 3 秒
2023-12-03 01:37:35 查询号码 【1821004】，返回信息 {"status":"ok","msg":"北京-北京","gid":"336497","time_insert":"2021-07-20 12:35"}
2023-12-03 01:37:35 查询号码 【1821004】，GSD为【"北京-北京"】

2023-12-03 01:37:36 开始第 1103 次操作

2023-12-03 01:37:36 开始操作号码 【1821005】
2023-12-03 01:37:39 GSD getOne 第 1 次 等待 3 秒
2023-12-03 01:37:42 查询号码 【1821005】，返回信息 {"status":"ok","msg":"北京-北京","gid":"336528","time_insert":"2021-07-20 12:48"}
2023-12-03 01:37:42 查询号码 【1821005】，GSD为【"北京-北京"】

2023-12-03 01:37:43 开始第 1104 次操作

2023-12-03 01:37:43 开始操作号码 【1821006】
2023-12-03 01:37:48 GSD getOne 第 1 次 等待 3 秒
2023-12-03 01:37:51 查询号码 【1821006】，返回信息 {"status":"ok","msg":"北京-北京","gid":"336651","time_insert":"2021-07-20 12:59"}
2023-12-03 01:37:51 查询号码 【1821006】，GSD为【"北京-北京"】

2023-12-03 02:19:09 开始第 1105 次操作

2023-12-03 02:19:09 开始操作号码 【1821007】
2023-12-03 02:19:12 GSD getOne 第 1 次 等待 3 秒
2023-12-03 02:19:15 查询号码 【1821007】，返回信息 {"status":"ok","msg":"北京-北京","gid":"336841","time_insert":"2021-07-20 13:14"}
2023-12-03 02:19:15 查询号码 【1821007】，GSD为【"北京-北京"】

2023-12-03 02:19:17 开始第 1106 次操作

2023-12-03 02:19:17 开始操作号码 【1821008】
2023-12-03 02:19:27 GSD getOne 第 1 次 等待 3 秒
2023-12-03 02:19:30 查询号码 【1821008】，返回信息 {"status":"ok","msg":"北京-北京","gid":"336919","time_insert":"2021-07-20 13:29"}
2023-12-03 02:19:30 查询号码 【1821008】，GSD为【"北京-北京"】

2023-12-03 02:19:31 开始第 1107 次操作

2023-12-03 02:19:31 开始操作号码 【1821009】
2023-12-03 02:19:34 GSD getOne 第 1 次 等待 3 秒
2023-12-03 02:19:37 查询号码 【1821009】，返回信息 {"status":"ok","msg":"北京-北京","gid":"336979","time_insert":"2021-07-20 13:39"}
2023-12-03 02:19:38 查询号码 【1821009】，GSD为【"北京-北京"】

2023-12-03 02:19:39 开始第 1108 次操作

2023-12-03 02:19:39 开始操作号码 【1821010】
2023-12-03 02:19:42 GSD getOne 第 1 次 等待 3 秒
2023-12-03 02:19:45 查询号码 【1821010】，返回信息 {"status":"ok","msg":"北京-北京","gid":"337144","time_insert":"2021-07-20 13:50"}
2023-12-03 02:19:45 查询号码 【1821010】，GSD为【"北京-北京"】

2023-12-03 02:37:30 开始第 1109 次操作

2023-12-03 02:37:30 开始操作号码 【1821011】
2023-12-03 02:37:35 GSD getOne 第 1 次 等待 3 秒
2023-12-03 02:37:38 查询号码 【1821011】，返回信息 {"status":"ok","msg":"北京-北京","gid":"337263","time_insert":"2021-07-20 14:00"}
2023-12-03 02:37:38 查询号码 【1821011】，GSD为【"北京-北京"】

2023-12-03 02:37:39 开始第 1110 次操作

2023-12-03 02:37:39 开始操作号码 【1821012】
2023-12-03 02:37:44 GSD getOne 第 1 次 等待 3 秒
2023-12-03 02:37:47 查询号码 【1821012】，返回信息 {"status":"ok","msg":"北京-北京","gid":"337324","time_insert":"2021-07-20 14:14","time_update":"2021-08-01 03:18"}
2023-12-03 02:37:47 查询号码 【1821012】，GSD为【"北京-北京"】

2023-12-03 02:37:48 开始第 1111 次操作

2023-12-03 02:37:48 开始操作号码 【1821013】
2023-12-03 02:37:52 GSD getOne 第 1 次 等待 3 秒
2023-12-03 02:37:55 查询号码 【1821013】，返回信息 {"status":"ok","msg":"北京-北京","gid":"337381","time_insert":"2021-07-20 14:27"}
2023-12-03 02:37:55 查询号码 【1821013】，GSD为【"北京-北京"】

2023-12-03 02:37:56 开始第 1112 次操作

2023-12-03 02:37:56 开始操作号码 【1821014】
2023-12-03 02:37:59 GSD getOne 第 1 次 等待 3 秒
2023-12-03 02:38:02 查询号码 【1821014】，返回信息 {"status":"ok","msg":"北京-北京","gid":"337419","time_insert":"2021-07-20 14:39"}
2023-12-03 02:38:03 查询号码 【1821014】，GSD为【"北京-北京"】

2023-12-03 03:13:02 开始第 1113 次操作

2023-12-03 03:13:02 开始操作号码 【1821015】
2023-12-03 03:13:05 GSD getOne 第 1 次 等待 3 秒
2023-12-03 03:13:08 查询号码 【1821015】，返回信息 {"status":"ok","msg":"北京-北京","gid":"337468","time_insert":"2021-07-20 14:50"}
2023-12-03 03:13:08 查询号码 【1821015】，GSD为【"北京-北京"】

2023-12-03 03:13:09 开始第 1114 次操作

2023-12-03 03:13:09 开始操作号码 【1821016】
2023-12-03 03:13:14 GSD getOne 第 1 次 等待 3 秒
2023-12-03 03:13:17 查询号码 【1821016】，返回信息 {"status":"ok","msg":"北京-北京","gid":"337671","time_insert":"2021-07-20 15:05"}
2023-12-03 03:13:17 查询号码 【1821016】，GSD为【"北京-北京"】

2023-12-03 03:13:18 开始第 1115 次操作

2023-12-03 03:13:18 开始操作号码 【1821017】
2023-12-03 03:13:21 GSD getOne 第 1 次 等待 3 秒
2023-12-03 03:13:24 查询号码 【1821017】，返回信息 {"status":"ok","msg":"北京-北京","gid":"337840","time_insert":"2021-07-20 15:19"}
2023-12-03 03:13:24 查询号码 【1821017】，GSD为【"北京-北京"】

2023-12-03 03:13:25 开始第 1116 次操作

2023-12-03 03:13:25 开始操作号码 【1821018】
2023-12-03 03:13:29 GSD getOne 第 1 次 等待 3 秒
2023-12-03 03:13:32 查询号码 【1821018】，返回信息 {"status":"ok","msg":"北京-北京","gid":"337894","time_insert":"2021-07-20 15:32"}
2023-12-03 03:13:32 查询号码 【1821018】，GSD为【"北京-北京"】

2023-12-03 03:37:08 开始第 1117 次操作

2023-12-03 03:37:08 开始操作号码 【1821019】
2023-12-03 03:37:11 GSD getOne 第 1 次 等待 3 秒
2023-12-03 03:37:14 查询号码 【1821019】，返回信息 {"status":"ok","msg":"北京-北京","gid":"338060","time_insert":"2021-07-20 15:45"}
2023-12-03 03:37:14 查询号码 【1821019】，GSD为【"北京-北京"】

2023-12-03 03:37:15 开始第 1118 次操作

2023-12-03 03:37:15 开始操作号码 【1821020】
2023-12-03 03:37:18 GSD getOne 第 1 次 等待 3 秒
2023-12-03 03:37:21 查询号码 【1821020】，返回信息 {"status":"ok","msg":"北京-北京","gid":"338238","time_insert":"2021-07-20 15:59"}
2023-12-03 03:37:21 查询号码 【1821020】，GSD为【"北京-北京"】

2023-12-03 03:37:22 开始第 1119 次操作

2023-12-03 03:37:22 开始操作号码 【1821021】
2023-12-03 03:37:26 GSD getOne 第 1 次 等待 3 秒
2023-12-03 03:37:29 查询号码 【1821021】，返回信息 {"status":"ok","msg":"北京-北京","gid":"338325","time_insert":"2021-07-20 16:12"}
2023-12-03 03:37:29 查询号码 【1821021】，GSD为【"北京-北京"】

2023-12-03 03:37:30 开始第 1120 次操作

2023-12-03 03:37:30 开始操作号码 【1821022】
2023-12-03 03:37:33 GSD getOne 第 1 次 等待 3 秒
2023-12-03 03:37:36 查询号码 【1821022】，返回信息 {"status":"ok","msg":"北京-北京","gid":"338352","time_insert":"2021-07-20 16:24"}
2023-12-03 03:37:36 查询号码 【1821022】，GSD为【"北京-北京"】

2023-12-03 04:15:52 开始第 1121 次操作

2023-12-03 04:15:52 开始操作号码 【1821023】
2023-12-03 04:15:56 GSD getOne 第 1 次 等待 3 秒
2023-12-03 04:15:59 查询号码 【1821023】，返回信息 {"status":"ok","msg":"北京-北京","gid":"338395","time_insert":"2021-07-20 16:38"}
2023-12-03 04:15:59 查询号码 【1821023】，GSD为【"北京-北京"】

2023-12-03 04:16:00 开始第 1122 次操作

2023-12-03 04:16:00 开始操作号码 【1821024】
2023-12-03 04:16:04 GSD getOne 第 1 次 等待 3 秒
2023-12-03 04:16:07 查询号码 【1821024】，返回信息 {"status":"ok","msg":"北京-北京","gid":"338529","time_insert":"2021-07-20 16:51"}
2023-12-03 04:16:07 查询号码 【1821024】，GSD为【"北京-北京"】

2023-12-03 04:16:08 开始第 1123 次操作

2023-12-03 04:16:08 开始操作号码 【1821025】
2023-12-03 04:16:11 GSD getOne 第 1 次 等待 3 秒
2023-12-03 04:16:14 查询号码 【1821025】，返回信息 {"status":"ok","msg":"北京-北京","gid":"49932","time_insert":"2021-04-21 14:38"}
2023-12-03 04:16:14 查询号码 【1821025】，GSD为【"北京-北京"】

2023-12-03 04:16:15 开始第 1124 次操作

2023-12-03 04:16:15 开始操作号码 【1821026】
2023-12-03 04:16:19 GSD getOne 第 1 次 等待 3 秒
2023-12-03 04:16:22 查询号码 【1821026】，返回信息 {"status":"ok","msg":"北京-北京","gid":"338701","time_insert":"2021-07-20 17:04"}
2023-12-03 04:16:22 查询号码 【1821026】，GSD为【"北京-北京"】

2023-12-03 04:37:15 开始第 1125 次操作

2023-12-03 04:37:15 开始操作号码 【1821027】
2023-12-03 04:37:20 GSD getOne 第 1 次 等待 3 秒
2023-12-03 04:37:23 查询号码 【1821027】，返回信息 {"status":"ok","msg":"北京-北京","gid":"338790","time_insert":"2021-07-20 17:15"}
2023-12-03 04:37:23 查询号码 【1821027】，GSD为【"北京-北京"】

2023-12-03 04:37:24 开始第 1126 次操作

2023-12-03 04:37:24 开始操作号码 【1821028】
2023-12-03 04:37:28 GSD getOne 第 1 次 等待 3 秒
2023-12-03 04:37:31 查询号码 【1821028】，返回信息 {"status":"ok","msg":"北京-北京","gid":"338840","time_insert":"2021-07-20 17:30"}
2023-12-03 04:37:31 查询号码 【1821028】，GSD为【"北京-北京"】

2023-12-03 04:37:32 开始第 1127 次操作

2023-12-03 04:37:32 开始操作号码 【1821029】
2023-12-03 04:37:35 GSD getOne 第 1 次 等待 3 秒
2023-12-03 04:37:38 查询号码 【1821029】，返回信息 {"status":"ok","msg":"北京-北京","gid":"338870","time_insert":"2021-07-20 17:41"}
2023-12-03 04:37:38 查询号码 【1821029】，GSD为【"北京-北京"】

2023-12-03 04:37:39 开始第 1128 次操作

2023-12-03 04:37:39 开始操作号码 【1821030】
2023-12-03 04:37:43 GSD getOne 第 1 次 等待 3 秒
2023-12-03 04:37:46 查询号码 【1821030】，返回信息 {"status":"ok","msg":"北京-北京","gid":"339006","time_insert":"2021-07-20 17:54"}
2023-12-03 04:37:46 查询号码 【1821030】，GSD为【"北京-北京"】

2023-12-03 05:13:12 开始第 1129 次操作

2023-12-03 05:13:12 开始操作号码 【1821031】
2023-12-03 05:13:17 GSD getOne 第 1 次 等待 3 秒
2023-12-03 05:13:20 查询号码 【1821031】，返回信息 {"status":"ok","msg":"北京-北京","gid":"339123","time_insert":"2021-07-20 18:04"}
2023-12-03 05:13:20 查询号码 【1821031】，GSD为【"北京-北京"】

2023-12-03 05:13:21 开始第 1130 次操作

2023-12-03 05:13:21 开始操作号码 【1821032】
2023-12-03 05:13:25 GSD getOne 第 1 次 等待 3 秒
2023-12-03 05:13:28 查询号码 【1821032】，返回信息 {"status":"ok","msg":"北京-北京","gid":"339221","time_insert":"2021-07-20 18:15"}
2023-12-03 05:13:28 查询号码 【1821032】，GSD为【"北京-北京"】

2023-12-03 05:13:29 开始第 1131 次操作

2023-12-03 05:13:29 开始操作号码 【1821033】
2023-12-03 05:13:33 GSD getOne 第 1 次 等待 3 秒
2023-12-03 05:13:36 查询号码 【1821033】，返回信息 {"status":"ok","msg":"北京-北京","gid":"339245","time_insert":"2021-07-20 18:28"}
2023-12-03 05:13:36 查询号码 【1821033】，GSD为【"北京-北京"】

2023-12-03 05:13:37 开始第 1132 次操作

2023-12-03 05:13:37 开始操作号码 【1821034】
2023-12-03 05:13:40 GSD getOne 第 1 次 等待 3 秒
2023-12-03 05:13:43 查询号码 【1821034】，返回信息 {"status":"ok","msg":"北京-北京","gid":"339269","time_insert":"2021-07-20 18:40"}
2023-12-03 05:13:44 查询号码 【1821034】，GSD为【"北京-北京"】

2023-12-03 05:37:30 开始第 1133 次操作

2023-12-03 05:37:30 开始操作号码 【1821035】
2023-12-03 05:37:34 GSD getOne 第 1 次 等待 3 秒
2023-12-03 05:37:37 查询号码 【1821035】，返回信息 {"status":"ok","msg":"北京-北京","gid":"339396","time_insert":"2021-07-20 18:55"}
2023-12-03 05:37:37 查询号码 【1821035】，GSD为【"北京-北京"】

2023-12-03 05:37:38 开始第 1134 次操作

2023-12-03 05:37:38 开始操作号码 【1821036】
2023-12-03 05:37:41 GSD getOne 第 1 次 等待 3 秒
2023-12-03 05:37:44 查询号码 【1821036】，返回信息 {"status":"ok","msg":"北京-北京","gid":"339500","time_insert":"2021-07-20 19:07"}
2023-12-03 05:37:44 查询号码 【1821036】，GSD为【"北京-北京"】

2023-12-03 05:37:45 开始第 1135 次操作

2023-12-03 05:37:45 开始操作号码 【1821037】
2023-12-03 05:37:49 GSD getOne 第 1 次 等待 3 秒
2023-12-03 05:37:52 查询号码 【1821037】，返回信息 {"status":"ok","msg":"北京-北京","gid":"339557","time_insert":"2021-07-20 19:18"}
2023-12-03 05:37:52 查询号码 【1821037】，GSD为【"北京-北京"】

2023-12-03 05:37:53 开始第 1136 次操作

2023-12-03 05:37:53 开始操作号码 【1821038】
2023-12-03 05:37:56 GSD getOne 第 1 次 等待 3 秒
2023-12-03 05:37:59 查询号码 【1821038】，返回信息 {"status":"ok","msg":"北京-北京","gid":"339593","time_insert":"2021-07-20 19:33"}
2023-12-03 05:37:59 查询号码 【1821038】，GSD为【"北京-北京"】

2023-12-03 06:14:21 开始第 1137 次操作

2023-12-03 06:14:21 开始操作号码 【1821039】
2023-12-03 06:14:25 GSD getOne 第 1 次 等待 3 秒
2023-12-03 06:14:28 查询号码 【1821039】，返回信息 {"status":"ok","msg":"北京-北京","gid":"339685","time_insert":"2021-07-20 19:47"}
2023-12-03 06:14:28 查询号码 【1821039】，GSD为【"北京-北京"】

2023-12-03 06:14:29 开始第 1138 次操作

2023-12-03 06:14:29 开始操作号码 【1821040】
2023-12-03 06:14:32 GSD getOne 第 1 次 等待 3 秒
2023-12-03 06:14:35 查询号码 【1821040】，返回信息 {"status":"ok","msg":"北京-北京","gid":"339773","time_insert":"2021-07-20 20:00"}
2023-12-03 06:14:35 查询号码 【1821040】，GSD为【"北京-北京"】

2023-12-03 06:14:36 开始第 1139 次操作

2023-12-03 06:14:36 开始操作号码 【1821041】
2023-12-03 06:14:40 GSD getOne 第 1 次 等待 3 秒
2023-12-03 06:14:43 查询号码 【1821041】，返回信息 {"status":"ok","msg":"北京-北京","gid":"339856","time_insert":"2021-07-20 20:14"}
2023-12-03 06:14:43 查询号码 【1821041】，GSD为【"北京-北京"】

2023-12-03 06:14:44 开始第 1140 次操作

2023-12-03 06:14:44 开始操作号码 【1821042】
2023-12-03 06:14:47 GSD getOne 第 1 次 等待 3 秒
2023-12-03 06:14:50 查询号码 【1821042】，返回信息 {"status":"ok","msg":"北京-北京","gid":"339886","time_insert":"2021-07-20 20:25"}
2023-12-03 06:14:50 查询号码 【1821042】，GSD为【"北京-北京"】

