2024-04-23 00:20:46 开始第 4997 次操作

2024-04-23 00:20:46 开始操作号码 【1604898】
2024-04-23 00:20:53 GSD getOne 第 1 次 等待 3 秒
2024-04-23 00:20:56 查询号码 【1604898】，返回信息 {"status":"ok","msg":"-","gid":"619289","time_insert":"2023-03-28 04:59"}
2024-04-23 00:20:56 查询号码 【1604898】，GSD为【"-"】
2024-04-23 00:20:56 ok && -
2024-04-23 00:20:59 CHB 1604898?1713802856 第 1 次 等待 3 秒
2024-04-23 00:21:02 CHB 1604898?1713802856 第 1 次 获取到号码【1604898】GSD
2024-04-23 00:21:02 未获取到号码【1604898】GSD，可能号码格式错误
2024-04-23 00:21:02 获取到号码【1604898】的GSD为【-】
2024-04-23 00:21:10 GSD insert 第 1 次 等待 3 秒
2024-04-23 00:21:13 {"status":"bad","gid":"619289","msg":"添加失败！号码【1604898(-|-)】已存在！"}
2024-04-23 00:21:13 随机等待 228 秒，约 3 分钟
2024-04-23 00:21:13 下次操作: 2024-04-23 00:25:01

2024-04-23 00:25:01 开始第 4998 次操作

2024-04-23 00:25:01 开始操作号码 【1604899】
2024-04-23 00:25:06 GSD getOne 第 1 次 等待 3 秒
2024-04-23 00:25:09 查询号码 【1604899】，返回信息 {"status":"ok","msg":"-","gid":"619307","time_insert":"2023-03-28 05:13"}
2024-04-23 00:25:09 查询号码 【1604899】，GSD为【"-"】
2024-04-23 00:25:09 ok && -
2024-04-23 00:25:13 CHB 1604899?1713803109 第 1 次 等待 3 秒
2024-04-23 00:25:16 CHB 1604899?1713803109 第 1 次 获取到号码【1604899】GSD
2024-04-23 00:25:16 未获取到号码【1604899】GSD，可能号码格式错误
2024-04-23 00:25:16 获取到号码【1604899】的GSD为【-】
2024-04-23 00:25:21 GSD insert 第 1 次 等待 3 秒
2024-04-23 00:25:24 {"status":"bad","gid":"619307","msg":"添加失败！号码【1604899(-|-)】已存在！"}
2024-04-23 00:25:24 随机等待 195 秒，约 3 分钟
2024-04-23 00:25:24 下次操作: 2024-04-23 00:28:39

2024-04-23 00:28:39 开始第 4999 次操作

2024-04-23 00:28:39 开始操作号码 【1604900】
2024-04-23 00:28:44 GSD getOne 第 1 次 等待 3 秒
2024-04-23 00:28:47 查询号码 【1604900】，返回信息 {"status":"ok","msg":"-","gid":"619333","time_insert":"2023-03-28 05:28"}
2024-04-23 00:28:47 查询号码 【1604900】，GSD为【"-"】
2024-04-23 00:28:47 ok && -
2024-04-23 00:28:50 CHB 1604900?1713803327 第 1 次 等待 3 秒
2024-04-23 00:28:53 CHB 1604900?1713803327 第 1 次 获取到号码【1604900】GSD
2024-04-23 00:28:53 未获取到号码【1604900】GSD，可能号码格式错误
2024-04-23 00:28:53 获取到号码【1604900】的GSD为【-】
2024-04-23 00:28:58 GSD insert 第 1 次 等待 3 秒
2024-04-23 00:29:01 {"status":"bad","gid":"619333","msg":"添加失败！号码【1604900(-|-)】已存在！"}
2024-04-23 00:29:01 随机等待 204 秒，约 3 分钟
2024-04-23 00:29:01 下次操作: 2024-04-23 00:32:25

2024-04-23 00:32:25 开始第 5000 次操作

2024-04-23 00:32:25 开始操作号码 【1604901】
2024-04-23 00:32:32 GSD getOne 第 1 次 等待 3 秒
2024-04-23 00:32:35 查询号码 【1604901】，返回信息 {"status":"ok","msg":"-","gid":"619355","time_insert":"2023-03-28 05:42"}
2024-04-23 00:32:35 查询号码 【1604901】，GSD为【"-"】
2024-04-23 00:32:35 ok && -
2024-04-23 00:32:37 CHB 1604901?1713803555 第 1 次 等待 3 秒
2024-04-23 00:32:40 CHB 1604901?1713803555 第 1 次 获取到号码【1604901】GSD
2024-04-23 00:32:40 未获取到号码【1604901】GSD，可能号码格式错误
2024-04-23 00:32:40 获取到号码【1604901】的GSD为【-】
2024-04-23 00:32:47 GSD insert 第 1 次 等待 3 秒
2024-04-23 00:32:50 {"status":"bad","gid":"619355","msg":"添加失败！号码【1604901(-|-)】已存在！"}

