2024-05-20 00:20:43 开始第 9729 次操作

2024-05-20 00:20:43 开始操作号码 【1609622】
2024-05-20 00:20:49 GSD getOne 第 1 次 等待 3 秒
2024-05-20 00:20:52 查询号码 【1609622】，返回信息 {"status":"ok","msg":"-","gid":"696802","time_insert":"2023-05-08 01:24"}
2024-05-20 00:20:52 查询号码 【1609622】，GSD为【"-"】
2024-05-20 00:20:52 ok && -
2024-05-20 00:20:54 CHB 1609622?1716135652 第 1 次 等待 3 秒
2024-05-20 00:20:57 CHB 1609622?1716135652 第 1 次 获取到号码【1609622】GSD
2024-05-20 00:20:58 未获取到号码【1609622】GSD，可能号码格式错误
2024-05-20 00:20:58 获取到号码【1609622】的GSD为【-】
2024-05-20 00:21:07 GSD insert 第 1 次 等待 3 秒
2024-05-20 00:21:10 {"status":"bad","gid":"696802","msg":"添加失败！号码【1609622(-|-)】已存在！"}
2024-05-20 00:21:10 随机等待 148 秒，约 2 分钟
2024-05-20 00:21:10 下次操作: 2024-05-20 00:23:38

2024-05-20 00:23:38 开始第 9730 次操作

2024-05-20 00:23:38 开始操作号码 【1609623】
2024-05-20 00:23:46 GSD getOne 第 1 次 等待 3 秒
2024-05-20 00:23:49 查询号码 【1609623】，返回信息 {"status":"ok","msg":"-","gid":"696820","time_insert":"2023-05-08 01:42"}
2024-05-20 00:23:49 查询号码 【1609623】，GSD为【"-"】
2024-05-20 00:23:49 ok && -
2024-05-20 00:23:51 CHB 1609623?1716135829 第 1 次 等待 3 秒
2024-05-20 00:23:54 CHB 1609623?1716135829 第 1 次 获取到号码【1609623】GSD
2024-05-20 00:23:54 未获取到号码【1609623】GSD，可能号码格式错误
2024-05-20 00:23:54 获取到号码【1609623】的GSD为【-】
2024-05-20 00:23:59 GSD insert 第 1 次 等待 3 秒
2024-05-20 00:24:02 {"status":"bad","gid":"696820","msg":"添加失败！号码【1609623(-|-)】已存在！"}
2024-05-20 00:24:02 随机等待 234 秒，约 3 分钟
2024-05-20 00:24:02 下次操作: 2024-05-20 00:27:56

2024-05-20 00:27:56 开始第 9731 次操作

2024-05-20 00:27:56 开始操作号码 【1609624】
2024-05-20 00:28:01 GSD getOne 第 1 次 等待 3 秒
2024-05-20 00:28:04 查询号码 【1609624】，返回信息 {"status":"ok","msg":"-","gid":"696835","time_insert":"2023-05-08 02:00"}
2024-05-20 00:28:04 查询号码 【1609624】，GSD为【"-"】
2024-05-20 00:28:04 ok && -
2024-05-20 00:28:06 CHB 1609624?1716136084 第 1 次 等待 3 秒
2024-05-20 00:28:09 CHB 1609624?1716136084 第 1 次 获取到号码【1609624】GSD
2024-05-20 00:28:09 未获取到号码【1609624】GSD，可能号码格式错误
2024-05-20 00:28:09 获取到号码【1609624】的GSD为【-】
2024-05-20 00:28:15 GSD insert 第 1 次 等待 3 秒
2024-05-20 00:28:18 {"status":"bad","gid":"696835","msg":"添加失败！号码【1609624(-|-)】已存在！"}
2024-05-20 00:28:18 随机等待 192 秒，约 3 分钟
2024-05-20 00:28:18 下次操作: 2024-05-20 00:31:30

2024-05-20 00:31:30 开始第 9732 次操作

2024-05-20 00:31:30 开始操作号码 【1609625】
2024-05-20 00:31:35 GSD getOne 第 1 次 等待 3 秒
2024-05-20 00:31:38 查询号码 【1609625】，返回信息 {"status":"ok","msg":"-","gid":"696854","time_insert":"2023-05-08 02:20"}
2024-05-20 00:31:38 查询号码 【1609625】，GSD为【"-"】
2024-05-20 00:31:38 ok && -
2024-05-20 00:31:40 CHB 1609625?1716136298 第 1 次 等待 3 秒
2024-05-20 00:31:43 CHB 1609625?1716136298 第 1 次 获取到号码【1609625】GSD
2024-05-20 00:31:43 未获取到号码【1609625】GSD，可能号码格式错误
2024-05-20 00:31:43 获取到号码【1609625】的GSD为【-】
2024-05-20 00:31:50 GSD insert 第 1 次 等待 3 秒
2024-05-20 00:31:53 {"status":"bad","gid":"696854","msg":"添加失败！号码【1609625(-|-)】已存在！"}

