2024-04-26 00:20:38 开始第 5521 次操作

2024-04-26 00:20:38 开始操作号码 【1605422】
2024-04-26 00:21:42 GSD getOne 第 1 次 等待 3 秒
2024-04-26 00:21:45 查询号码 【1605422】，返回信息 {"status":"ok","msg":"-","gid":"630805","time_insert":"2023-04-02 23:24"}
2024-04-26 00:21:45 查询号码 【1605422】，GSD为【"-"】
2024-04-26 00:21:45 ok && -
2024-04-26 00:21:47 CHB 1605422?1714062105 第 1 次 等待 3 秒
2024-04-26 00:21:50 CHB 1605422?1714062105 第 1 次 获取到号码【1605422】GSD
2024-04-26 00:21:50 未获取到号码【1605422】GSD，可能号码格式错误
2024-04-26 00:21:50 获取到号码【1605422】的GSD为【-】
2024-04-26 00:22:48 GSD insert 第 1 次 等待 3 秒
2024-04-26 00:22:51 {"status":"bad","gid":"630805","msg":"添加失败！号码【1605422(-|-)】已存在！"}
2024-04-26 00:22:51 随机等待 124 秒，约 2 分钟
2024-04-26 00:22:51 下次操作: 2024-04-26 00:24:55

2024-04-26 00:24:55 开始第 5522 次操作

2024-04-26 00:24:55 开始操作号码 【1605423】
2024-04-26 00:25:02 GSD getOne 第 1 次 等待 3 秒
2024-04-26 00:25:05 查询号码 【1605423】，返回信息 {"status":"ok","msg":"-","gid":"630824","time_insert":"2023-04-02 23:37"}
2024-04-26 00:25:06 查询号码 【1605423】，GSD为【"-"】
2024-04-26 00:25:06 ok && -
2024-04-26 00:25:08 CHB 1605423?1714062306 第 1 次 等待 3 秒
2024-04-26 00:25:11 CHB 1605423?1714062306 第 1 次 获取到号码【1605423】GSD
2024-04-26 00:25:11 未获取到号码【1605423】GSD，可能号码格式错误
2024-04-26 00:25:11 获取到号码【1605423】的GSD为【-】
2024-04-26 00:25:16 GSD insert 第 1 次 等待 3 秒
2024-04-26 00:25:19 {"status":"bad","gid":"630824","msg":"添加失败！号码【1605423(-|-)】已存在！"}
2024-04-26 00:25:19 随机等待 216 秒，约 3 分钟
2024-04-26 00:25:19 下次操作: 2024-04-26 00:28:55

2024-04-26 00:28:55 开始第 5523 次操作

2024-04-26 00:28:55 开始操作号码 【1605424】
2024-04-26 00:29:02 GSD getOne 第 1 次 等待 3 秒
2024-04-26 00:29:05 查询号码 【1605424】，返回信息 {"status":"ok","msg":"-","gid":"630856","time_insert":"2023-04-02 23:59"}
2024-04-26 00:29:05 查询号码 【1605424】，GSD为【"-"】
2024-04-26 00:29:05 ok && -
2024-04-26 00:29:07 CHB 1605424?1714062545 第 1 次 等待 3 秒
2024-04-26 00:29:10 CHB 1605424?1714062545 第 1 次 获取到号码【1605424】GSD
2024-04-26 00:29:10 未获取到号码【1605424】GSD，可能号码格式错误
2024-04-26 00:29:10 获取到号码【1605424】的GSD为【-】
2024-04-26 00:29:15 GSD insert 第 1 次 等待 3 秒
2024-04-26 00:29:18 {"status":"bad","gid":"630856","msg":"添加失败！号码【1605424(-|-)】已存在！"}
2024-04-26 00:29:18 随机等待 94 秒，约 1 分钟
2024-04-26 00:29:18 下次操作: 2024-04-26 00:30:52

2024-04-26 00:30:52 开始第 5524 次操作

2024-04-26 00:30:52 开始操作号码 【1605425】
2024-04-26 00:31:01 GSD getOne 第 1 次 等待 3 秒
2024-04-26 00:31:04 查询号码 【1605425】，返回信息 {"status":"ok","msg":"-","gid":"630874","time_insert":"2023-04-03 00:16"}
2024-04-26 00:31:04 查询号码 【1605425】，GSD为【"-"】
2024-04-26 00:31:04 ok && -
2024-04-26 00:31:06 CHB 1605425?1714062664 第 1 次 等待 3 秒
2024-04-26 00:31:09 CHB 1605425?1714062664 第 1 次 获取到号码【1605425】GSD
2024-04-26 00:31:09 未获取到号码【1605425】GSD，可能号码格式错误
2024-04-26 00:31:09 获取到号码【1605425】的GSD为【-】
2024-04-26 00:31:14 GSD insert 第 1 次 等待 3 秒
2024-04-26 00:31:17 {"status":"bad","gid":"630874","msg":"添加失败！号码【1605425(-|-)】已存在！"}

2024-04-26 00:38:36 开始第 5525 次操作

2024-04-26 00:38:36 开始操作号码 【1605426】
2024-04-26 00:38:46 GSD getOne 第 1 次 等待 3 秒
2024-04-26 00:38:49 查询号码 【1605426】，返回信息 {"status":"ok","msg":"-","gid":"630901","time_insert":"2023-04-03 00:36"}
2024-04-26 00:38:49 查询号码 【1605426】，GSD为【"-"】
2024-04-26 00:38:49 ok && -
2024-04-26 00:38:51 CHB 1605426?1714063129 第 1 次 等待 3 秒
2024-04-26 00:38:54 CHB 1605426?1714063129 第 1 次 获取到号码【1605426】GSD
2024-04-26 00:38:54 未获取到号码【1605426】GSD，可能号码格式错误
2024-04-26 00:38:54 获取到号码【1605426】的GSD为【-】
2024-04-26 00:39:03 GSD insert 第 1 次 等待 3 秒
2024-04-26 00:39:06 {"status":"bad","gid":"630901","msg":"添加失败！号码【1605426(-|-)】已存在！"}
2024-04-26 00:39:06 随机等待 191 秒，约 3 分钟
2024-04-26 00:39:06 下次操作: 2024-04-26 00:42:17

2024-04-26 00:42:17 开始第 5526 次操作

2024-04-26 00:42:17 开始操作号码 【1605427】
2024-04-26 00:42:22 GSD getOne 第 1 次 等待 3 秒
2024-04-26 00:42:25 查询号码 【1605427】，返回信息 {"status":"ok","msg":"-","gid":"630935","time_insert":"2023-04-03 01:00"}
2024-04-26 00:42:25 查询号码 【1605427】，GSD为【"-"】
2024-04-26 00:42:25 ok && -
2024-04-26 00:42:28 CHB 1605427?1714063345 第 1 次 等待 3 秒
2024-04-26 00:42:31 CHB 1605427?1714063345 第 1 次 获取到号码【1605427】GSD
2024-04-26 00:42:31 未获取到号码【1605427】GSD，可能号码格式错误
2024-04-26 00:42:31 获取到号码【1605427】的GSD为【-】
2024-04-26 00:42:37 GSD insert 第 1 次 等待 3 秒
2024-04-26 00:42:40 {"status":"bad","gid":"630935","msg":"添加失败！号码【1605427(-|-)】已存在！"}
2024-04-26 00:42:40 随机等待 231 秒，约 3 分钟
2024-04-26 00:42:40 下次操作: 2024-04-26 00:46:31

2024-04-26 00:46:31 开始第 5527 次操作

2024-04-26 00:46:31 开始操作号码 【1605428】
2024-04-26 00:46:36 GSD getOne 第 1 次 等待 3 秒
2024-04-26 00:46:39 查询号码 【1605428】，返回信息 {"status":"ok","msg":"-","gid":"630956","time_insert":"2023-04-03 01:16"}
2024-04-26 00:46:39 查询号码 【1605428】，GSD为【"-"】
2024-04-26 00:46:39 ok && -
2024-04-26 00:46:41 CHB 1605428?1714063599 第 1 次 等待 3 秒
2024-04-26 00:46:44 CHB 1605428?1714063599 第 1 次 获取到号码【1605428】GSD
2024-04-26 00:46:44 未获取到号码【1605428】GSD，可能号码格式错误
2024-04-26 00:46:44 获取到号码【1605428】的GSD为【-】
2024-04-26 00:46:49 GSD insert 第 1 次 等待 3 秒
2024-04-26 00:46:52 {"status":"bad","gid":"630956","msg":"添加失败！号码【1605428(-|-)】已存在！"}
2024-04-26 00:46:52 随机等待 171 秒，约 2 分钟
2024-04-26 00:46:52 下次操作: 2024-04-26 00:49:43

2024-04-26 00:49:43 开始第 5528 次操作

2024-04-26 00:49:43 开始操作号码 【1605429】
2024-04-26 00:49:50 GSD getOne 第 1 次 等待 3 秒
2024-04-26 00:49:53 查询号码 【1605429】，返回信息 {"status":"ok","msg":"-","gid":"630984","time_insert":"2023-04-03 01:35"}
2024-04-26 00:49:53 查询号码 【1605429】，GSD为【"-"】
2024-04-26 00:49:53 ok && -
2024-04-26 00:51:11 CHB 1605429?1714063793 第 1 次 等待 3 秒
2024-04-26 00:51:14 CHB 1605429?1714063793 第 1 次 获取到号码【1605429】GSD
2024-04-26 00:51:14 未获取到号码【1605429】GSD，可能号码格式错误
2024-04-26 00:51:14 获取到号码【1605429】的GSD为【-】
2024-04-26 00:51:18 GSD insert 第 1 次 等待 3 秒
2024-04-26 00:51:21 {"status":"bad","gid":"630984","msg":"添加失败！号码【1605429(-|-)】已存在！"}

