2024-10-08 00:18:05 开始第 8749 次操作

2024-10-08 00:18:05 开始操作号码 【1388748】
2024-10-08 00:18:07 GSD getOne 第 1 次 等待 3 秒
2024-10-08 00:18:10 查询号码 【1388748】，返回信息 {"status":"ok","msg":"云南-曲靖","gid":"12231","time_insert":"2018-08-01 09:58","time_update":"2020-11-27 05:55"}
2024-10-08 00:18:10 查询号码 【1388748】，GSD为【"云南-曲靖"】

2024-10-08 00:18:11 开始第 8750 次操作

2024-10-08 00:18:11 开始操作号码 【1388749】
2024-10-08 00:18:13 GSD getOne 第 1 次 等待 3 秒
2024-10-08 00:18:16 查询号码 【1388749】，返回信息 {"status":"ok","msg":"云南-曲靖","gid":"12232","time_insert":"2017-05-15 15:39","time_update":"2020-11-27 05:59"}
2024-10-08 00:18:16 查询号码 【1388749】，GSD为【"云南-曲靖"】

2024-10-08 00:18:17 开始第 8751 次操作

2024-10-08 00:18:17 开始操作号码 【1388750】
2024-10-08 00:18:20 GSD getOne 第 1 次 等待 3 秒
2024-10-08 00:18:23 查询号码 【1388750】，返回信息 {"status":"ok","msg":"云南-文山","gid":"12233","time_insert":"2018-08-04 23:42","time_update":"2020-11-27 06:13"}
2024-10-08 00:18:23 查询号码 【1388750】，GSD为【"云南-文山"】

2024-10-08 00:18:24 开始第 8752 次操作

2024-10-08 00:18:24 开始操作号码 【1388751】
2024-10-08 00:18:26 GSD getOne 第 1 次 等待 3 秒
2024-10-08 00:18:29 查询号码 【1388751】，返回信息 {"status":"ok","msg":"云南-文山","gid":"12234","time_insert":"2015-05-22 11:01","time_update":"2020-11-27 06:18"}
2024-10-08 00:18:29 查询号码 【1388751】，GSD为【"云南-文山"】

2024-10-08 00:43:11 开始第 8753 次操作

2024-10-08 00:43:11 开始操作号码 【1388752】
2024-10-08 00:43:13 GSD getOne 第 1 次 等待 3 秒
2024-10-08 00:43:16 查询号码 【1388752】，返回信息 {"status":"ok","msg":"云南-文山","gid":"346989","time_insert":"2021-07-21 15:32"}
2024-10-08 00:43:16 查询号码 【1388752】，GSD为【"云南-文山"】

2024-10-08 00:43:17 开始第 8754 次操作

2024-10-08 00:43:17 开始操作号码 【1388753】
2024-10-08 00:43:19 GSD getOne 第 1 次 等待 3 秒
2024-10-08 00:43:22 查询号码 【1388753】，返回信息 {"status":"ok","msg":"云南-文山","gid":"12235","time_insert":"2017-05-04 21:38","time_update":"2020-11-27 06:23"}
2024-10-08 00:43:22 查询号码 【1388753】，GSD为【"云南-文山"】

2024-10-08 00:43:23 开始第 8755 次操作

2024-10-08 00:43:23 开始操作号码 【1388754】
2024-10-08 00:43:25 GSD getOne 第 1 次 等待 3 秒
2024-10-08 00:43:28 查询号码 【1388754】，返回信息 {"status":"ok","msg":"云南-文山","gid":"12236","time_insert":"2017-06-09 23:00","time_update":"2020-11-27 06:27"}
2024-10-08 00:43:28 查询号码 【1388754】，GSD为【"云南-文山"】

2024-10-08 00:43:29 开始第 8756 次操作

2024-10-08 00:43:29 开始操作号码 【1388755】
2024-10-08 00:43:31 GSD getOne 第 1 次 等待 3 秒
2024-10-08 00:43:34 查询号码 【1388755】，返回信息 {"status":"ok","msg":"云南-红河","gid":"12237","time_insert":"2017-09-20 19:01","time_update":"2020-11-27 06:32"}
2024-10-08 00:43:34 查询号码 【1388755】，GSD为【"云南-红河"】

2024-10-08 01:13:38 开始第 8757 次操作

2024-10-08 01:13:38 开始操作号码 【1388756】
2024-10-08 01:13:41 GSD getOne 第 1 次 等待 3 秒
2024-10-08 01:13:44 查询号码 【1388756】，返回信息 {"status":"ok","msg":"云南-红河","gid":"12238","time_insert":"2018-01-09 15:46","time_update":"2020-11-27 06:37"}
2024-10-08 01:13:44 查询号码 【1388756】，GSD为【"云南-红河"】

2024-10-08 01:13:45 开始第 8758 次操作

2024-10-08 01:13:45 开始操作号码 【1388757】
2024-10-08 01:13:47 GSD getOne 第 1 次 等待 3 秒
2024-10-08 01:13:50 查询号码 【1388757】，返回信息 {"status":"ok","msg":"云南-红河","gid":"12239","time_insert":"2019-11-15 11:24","time_update":"2020-11-27 06:41"}
2024-10-08 01:13:50 查询号码 【1388757】，GSD为【"云南-红河"】

2024-10-08 01:13:51 开始第 8759 次操作

2024-10-08 01:13:51 开始操作号码 【1388758】
2024-10-08 01:13:53 GSD getOne 第 1 次 等待 3 秒
2024-10-08 01:13:56 查询号码 【1388758】，返回信息 {"status":"ok","msg":"云南-红河","gid":"12240","time_insert":"2017-05-01 00:00","time_update":"2020-11-27 06:44"}
2024-10-08 01:13:56 查询号码 【1388758】，GSD为【"云南-红河"】

2024-10-08 01:13:57 开始第 8760 次操作

2024-10-08 01:13:57 开始操作号码 【1388759】
2024-10-08 01:13:59 GSD getOne 第 1 次 等待 3 秒
2024-10-08 01:14:02 查询号码 【1388759】，返回信息 {"status":"ok","msg":"云南-红河","gid":"12241","time_insert":"2019-11-12 10:51","time_update":"2020-11-27 06:49"}
2024-10-08 01:14:02 查询号码 【1388759】，GSD为【"云南-红河"】

2024-10-08 01:37:38 开始第 8761 次操作

2024-10-08 01:37:38 开始操作号码 【1388760】
2024-10-08 01:37:40 GSD getOne 第 1 次 等待 3 秒
2024-10-08 01:37:43 查询号码 【1388760】，返回信息 {"status":"ok","msg":"云南-文山","gid":"12242","time_insert":"2017-10-28 16:06","time_update":"2020-11-27 06:53"}
2024-10-08 01:37:43 查询号码 【1388760】，GSD为【"云南-文山"】

2024-10-08 01:37:44 开始第 8762 次操作

2024-10-08 01:37:44 开始操作号码 【1388761】
2024-10-08 01:37:46 GSD getOne 第 1 次 等待 3 秒
2024-10-08 01:37:49 查询号码 【1388761】，返回信息 {"status":"ok","msg":"云南-文山","gid":"12243","time_insert":"2017-04-24 16:23","time_update":"2020-11-27 06:57"}
2024-10-08 01:37:49 查询号码 【1388761】，GSD为【"云南-文山"】

2024-10-08 01:37:50 开始第 8763 次操作

2024-10-08 01:37:50 开始操作号码 【1388762】
2024-10-08 01:37:52 GSD getOne 第 1 次 等待 3 秒
2024-10-08 01:37:55 查询号码 【1388762】，返回信息 {"status":"ok","msg":"云南-文山","gid":"50587","time_insert":"2021-04-21 16:43"}
2024-10-08 01:37:55 查询号码 【1388762】，GSD为【"云南-文山"】

2024-10-08 01:37:56 开始第 8764 次操作

2024-10-08 01:37:56 开始操作号码 【1388763】
2024-10-08 01:37:58 GSD getOne 第 1 次 等待 3 秒
2024-10-08 01:38:01 查询号码 【1388763】，返回信息 {"status":"ok","msg":"云南-文山","gid":"12244","time_insert":"2014-07-30 09:42","time_update":"2020-11-27 07:02"}
2024-10-08 01:38:01 查询号码 【1388763】，GSD为【"云南-文山"】

2024-10-08 02:19:44 开始第 8765 次操作

2024-10-08 02:19:44 开始操作号码 【1388764】
2024-10-08 02:19:46 GSD getOne 第 1 次 等待 3 秒
2024-10-08 02:19:49 查询号码 【1388764】，返回信息 {"status":"ok","msg":"云南-文山","gid":"12245","time_insert":"2017-06-04 13:58","time_update":"2020-11-27 07:06"}
2024-10-08 02:19:49 查询号码 【1388764】，GSD为【"云南-文山"】

2024-10-08 02:19:50 开始第 8766 次操作

2024-10-08 02:19:50 开始操作号码 【1388765】
2024-10-08 02:19:52 GSD getOne 第 1 次 等待 3 秒
2024-10-08 02:19:55 查询号码 【1388765】，返回信息 {"status":"ok","msg":"云南-文山","gid":"12246","time_insert":"2018-06-22 09:09","time_update":"2020-11-27 07:10"}
2024-10-08 02:19:55 查询号码 【1388765】，GSD为【"云南-文山"】

2024-10-08 02:19:56 开始第 8767 次操作

2024-10-08 02:19:56 开始操作号码 【1388766】
2024-10-08 02:19:57 GSD getOne 第 1 次 等待 3 秒
2024-10-08 02:20:00 查询号码 【1388766】，返回信息 {"status":"ok","msg":"云南-文山","gid":"12247","time_insert":"2016-10-10 11:21","time_update":"2020-11-27 07:15"}
2024-10-08 02:20:01 查询号码 【1388766】，GSD为【"云南-文山"】

2024-10-08 02:20:02 开始第 8768 次操作

2024-10-08 02:20:02 开始操作号码 【1388767】
2024-10-08 02:20:03 GSD getOne 第 1 次 等待 3 秒
2024-10-08 02:20:06 查询号码 【1388767】，返回信息 {"status":"ok","msg":"云南-文山","gid":"12248","time_insert":"2017-06-11 07:07","time_update":"2020-11-27 07:19"}
2024-10-08 02:20:06 查询号码 【1388767】，GSD为【"云南-文山"】

2024-10-08 02:42:12 开始第 8769 次操作

2024-10-08 02:42:12 开始操作号码 【1388768】
2024-10-08 02:42:14 GSD getOne 第 1 次 等待 3 秒
2024-10-08 02:42:17 查询号码 【1388768】，返回信息 {"status":"ok","msg":"云南-文山","gid":"12249","time_insert":"2017-07-22 01:30","time_update":"2020-11-27 07:22"}
2024-10-08 02:42:17 查询号码 【1388768】，GSD为【"云南-文山"】

2024-10-08 02:42:18 开始第 8770 次操作

2024-10-08 02:42:18 开始操作号码 【1388769】
2024-10-08 02:42:20 GSD getOne 第 1 次 等待 3 秒
2024-10-08 02:42:23 查询号码 【1388769】，返回信息 {"status":"ok","msg":"云南-文山","gid":"12250","time_insert":"2018-06-02 15:54","time_update":"2020-11-27 07:25"}
2024-10-08 02:42:23 查询号码 【1388769】，GSD为【"云南-文山"】

2024-10-08 02:42:24 开始第 8771 次操作

2024-10-08 02:42:24 开始操作号码 【1388770】
2024-10-08 02:42:26 GSD getOne 第 1 次 等待 3 秒
2024-10-08 02:42:29 查询号码 【1388770】，返回信息 {"status":"ok","msg":"云南-玉溪","gid":"12251","time_insert":"2017-07-19 06:51","time_update":"2020-11-27 07:29"}
2024-10-08 02:42:29 查询号码 【1388770】，GSD为【"云南-玉溪"】

2024-10-08 02:42:30 开始第 8772 次操作

2024-10-08 02:42:30 开始操作号码 【1388771】
2024-10-08 02:42:32 GSD getOne 第 1 次 等待 3 秒
2024-10-08 02:42:35 查询号码 【1388771】，返回信息 {"status":"ok","msg":"云南-玉溪","gid":"12252","time_insert":"2016-09-22 16:58","time_update":"2020-11-27 07:30"}
2024-10-08 02:42:35 查询号码 【1388771】，GSD为【"云南-玉溪"】

2024-10-08 03:11:29 开始第 8773 次操作

2024-10-08 03:11:29 开始操作号码 【1388772】
2024-10-08 03:11:31 GSD getOne 第 1 次 等待 3 秒
2024-10-08 03:11:34 查询号码 【1388772】，返回信息 {"status":"ok","msg":"云南-玉溪","gid":"12253","time_insert":"2018-06-06 11:01","time_update":"2020-11-27 07:33"}
2024-10-08 03:11:34 查询号码 【1388772】，GSD为【"云南-玉溪"】

2024-10-08 03:11:35 开始第 8774 次操作

2024-10-08 03:11:35 开始操作号码 【1388773】
2024-10-08 03:11:37 GSD getOne 第 1 次 等待 3 秒
2024-10-08 03:11:40 查询号码 【1388773】，返回信息 {"status":"ok","msg":"云南-玉溪","gid":"12254","time_insert":"2017-07-29 09:21","time_update":"2020-11-27 07:37"}
2024-10-08 03:11:40 查询号码 【1388773】，GSD为【"云南-玉溪"】

2024-10-08 03:11:41 开始第 8775 次操作

2024-10-08 03:11:41 开始操作号码 【1388774】
2024-10-08 03:11:43 GSD getOne 第 1 次 等待 3 秒
2024-10-08 03:11:46 查询号码 【1388774】，返回信息 {"status":"ok","msg":"云南-玉溪","gid":"12255","time_insert":"2017-11-29 23:58","time_update":"2020-11-27 07:41"}
2024-10-08 03:11:46 查询号码 【1388774】，GSD为【"云南-玉溪"】

2024-10-08 03:11:47 开始第 8776 次操作

2024-10-08 03:11:47 开始操作号码 【1388775】
2024-10-08 03:11:49 GSD getOne 第 1 次 等待 3 秒
2024-10-08 03:11:52 查询号码 【1388775】，返回信息 {"status":"ok","msg":"云南-玉溪","gid":"12256","time_insert":"2020-06-19 17:28","time_update":"2020-11-27 07:45"}
2024-10-08 03:11:52 查询号码 【1388775】，GSD为【"云南-玉溪"】

2024-10-08 03:35:41 开始第 8777 次操作

2024-10-08 03:35:41 开始操作号码 【1388776】
2024-10-08 03:35:43 GSD getOne 第 1 次 等待 3 秒
2024-10-08 03:35:46 查询号码 【1388776】，返回信息 {"status":"ok","msg":"云南-玉溪","gid":"12257","time_insert":"2018-08-07 10:08","time_update":"2020-11-27 07:49"}
2024-10-08 03:35:46 查询号码 【1388776】，GSD为【"云南-玉溪"】

2024-10-08 03:35:47 开始第 8778 次操作

2024-10-08 03:35:47 开始操作号码 【1388777】
2024-10-08 03:35:49 GSD getOne 第 1 次 等待 3 秒
2024-10-08 03:35:52 查询号码 【1388777】，返回信息 {"status":"ok","msg":"云南-玉溪","gid":"12258","time_insert":"2016-12-12 15:15","time_update":"2020-11-27 07:52"}
2024-10-08 03:35:52 查询号码 【1388777】，GSD为【"云南-玉溪"】

2024-10-08 03:35:53 开始第 8779 次操作

2024-10-08 03:35:53 开始操作号码 【1388778】
2024-10-08 03:35:54 GSD getOne 第 1 次 等待 3 秒
2024-10-08 03:35:57 查询号码 【1388778】，返回信息 {"status":"ok","msg":"云南-玉溪","gid":"12259","time_insert":"2017-04-05 15:01","time_update":"2020-11-27 07:57"}
2024-10-08 03:35:58 查询号码 【1388778】，GSD为【"云南-玉溪"】

2024-10-08 03:35:59 开始第 8780 次操作

2024-10-08 03:35:59 开始操作号码 【1388779】
2024-10-08 03:36:00 GSD getOne 第 1 次 等待 3 秒
2024-10-08 03:36:03 查询号码 【1388779】，返回信息 {"status":"ok","msg":"云南-玉溪","gid":"12260","time_insert":"2017-10-31 20:11","time_update":"2020-11-27 08:01"}
2024-10-08 03:36:03 查询号码 【1388779】，GSD为【"云南-玉溪"】

2024-10-08 04:17:16 开始第 8781 次操作

2024-10-08 04:17:16 开始操作号码 【1388780】
2024-10-08 04:17:18 GSD getOne 第 1 次 等待 3 秒
2024-10-08 04:17:21 查询号码 【1388780】，返回信息 {"status":"ok","msg":"云南-保山","gid":"12261","time_insert":"2017-07-25 12:51","time_update":"2020-11-27 08:04"}
2024-10-08 04:17:21 查询号码 【1388780】，GSD为【"云南-保山"】

2024-10-08 04:17:22 开始第 8782 次操作

2024-10-08 04:17:22 开始操作号码 【1388781】
2024-10-08 04:17:23 GSD getOne 第 1 次 等待 3 秒
2024-10-08 04:17:26 查询号码 【1388781】，返回信息 {"status":"ok","msg":"云南-保山","gid":"12262","time_insert":"2018-06-26 06:21","time_update":"2020-11-27 08:08"}
2024-10-08 04:17:26 查询号码 【1388781】，GSD为【"云南-保山"】

2024-10-08 04:17:27 开始第 8783 次操作

2024-10-08 04:17:27 开始操作号码 【1388782】
2024-10-08 04:17:29 GSD getOne 第 1 次 等待 3 秒
2024-10-08 04:17:32 查询号码 【1388782】，返回信息 {"status":"ok","msg":"云南-保山","gid":"12263","time_insert":"2017-06-03 15:43","time_update":"2020-11-27 08:12"}
2024-10-08 04:17:32 查询号码 【1388782】，GSD为【"云南-保山"】

2024-10-08 04:17:33 开始第 8784 次操作

2024-10-08 04:17:33 开始操作号码 【1388783】
2024-10-08 04:17:34 GSD getOne 第 1 次 等待 3 秒
2024-10-08 04:17:37 查询号码 【1388783】，返回信息 {"status":"ok","msg":"云南-保山","gid":"12264","time_insert":"2017-07-22 03:26","time_update":"2020-11-27 08:16"}
2024-10-08 04:17:37 查询号码 【1388783】，GSD为【"云南-保山"】

2024-10-08 04:38:34 开始第 8785 次操作

2024-10-08 04:38:34 开始操作号码 【1388784】
2024-10-08 04:38:36 GSD getOne 第 1 次 等待 3 秒
2024-10-08 04:38:39 查询号码 【1388784】，返回信息 {"status":"ok","msg":"云南-文山","gid":"12265","time_insert":"2016-11-05 00:51","time_update":"2020-11-27 08:21"}
2024-10-08 04:38:39 查询号码 【1388784】，GSD为【"云南-文山"】

2024-10-08 04:38:40 开始第 8786 次操作

2024-10-08 04:38:40 开始操作号码 【1388785】
2024-10-08 04:38:41 GSD getOne 第 1 次 等待 3 秒
2024-10-08 04:38:44 查询号码 【1388785】，返回信息 {"status":"ok","msg":"云南-文山","gid":"12266","time_insert":"2017-05-09 23:28","time_update":"2020-11-27 08:25"}
2024-10-08 04:38:44 查询号码 【1388785】，GSD为【"云南-文山"】

2024-10-08 04:38:45 开始第 8787 次操作

2024-10-08 04:38:45 开始操作号码 【1388786】
2024-10-08 04:38:47 GSD getOne 第 1 次 等待 3 秒
2024-10-08 04:38:50 查询号码 【1388786】，返回信息 {"status":"ok","msg":"云南-德宏","gid":"12267","time_insert":"2017-07-06 22:37","time_update":"2020-11-27 08:25"}
2024-10-08 04:38:50 查询号码 【1388786】，GSD为【"云南-德宏"】

2024-10-08 04:38:51 开始第 8788 次操作

2024-10-08 04:38:51 开始操作号码 【1388787】
2024-10-08 04:38:53 GSD getOne 第 1 次 等待 3 秒
2024-10-08 04:38:56 查询号码 【1388787】，返回信息 {"status":"ok","msg":"云南-德宏","gid":"12268","time_insert":"2017-02-17 12:53","time_update":"2020-11-27 08:29"}
2024-10-08 04:38:56 查询号码 【1388787】，GSD为【"云南-德宏"】

2024-10-08 05:13:52 开始第 8789 次操作

2024-10-08 05:13:52 开始操作号码 【1388788】
2024-10-08 05:13:54 GSD getOne 第 1 次 等待 3 秒
2024-10-08 05:13:57 查询号码 【1388788】，返回信息 {"status":"ok","msg":"云南-楚雄","gid":"12269","time_insert":"2018-07-21 16:00","time_update":"2020-11-27 08:34"}
2024-10-08 05:13:57 查询号码 【1388788】，GSD为【"云南-楚雄"】

2024-10-08 05:13:58 开始第 8790 次操作

2024-10-08 05:13:58 开始操作号码 【1388789】
2024-10-08 05:14:00 GSD getOne 第 1 次 等待 3 秒
2024-10-08 05:14:03 查询号码 【1388789】，返回信息 {"status":"ok","msg":"云南-楚雄","gid":"12270","time_insert":"2018-07-12 19:54","time_update":"2020-11-27 08:37"}
2024-10-08 05:14:03 查询号码 【1388789】，GSD为【"云南-楚雄"】

2024-10-08 05:14:04 开始第 8791 次操作

2024-10-08 05:14:04 开始操作号码 【1388790】
2024-10-08 05:14:06 GSD getOne 第 1 次 等待 3 秒
2024-10-08 05:14:09 查询号码 【1388790】，返回信息 {"status":"ok","msg":"云南-西双版纳","gid":"62419","time_insert":"2021-05-19 10:09","time_update":"2021-05-20 00:25"}
2024-10-08 05:14:09 查询号码 【1388790】，GSD为【"云南-西双版纳"】

2024-10-08 05:14:10 开始第 8792 次操作

2024-10-08 05:14:10 开始操作号码 【1388791】
2024-10-08 05:14:12 GSD getOne 第 1 次 等待 3 秒
2024-10-08 05:14:15 查询号码 【1388791】，返回信息 {"status":"ok","msg":"云南-西双版纳","gid":"12271","time_insert":"2015-04-24 15:37","time_update":"2020-11-27 08:40"}
2024-10-08 05:14:15 查询号码 【1388791】，GSD为【"云南-西双版纳"】

2024-10-08 05:36:13 开始第 8793 次操作

2024-10-08 05:36:13 开始操作号码 【1388792】
2024-10-08 05:36:15 GSD getOne 第 1 次 等待 3 秒
2024-10-08 05:36:18 查询号码 【1388792】，返回信息 {"status":"ok","msg":"云南-西双版纳","gid":"12272","time_insert":"2017-07-17 12:23","time_update":"2020-11-27 08:45"}
2024-10-08 05:36:18 查询号码 【1388792】，GSD为【"云南-西双版纳"】

2024-10-08 05:36:19 开始第 8794 次操作

2024-10-08 05:36:19 开始操作号码 【1388793】
2024-10-08 05:36:21 GSD getOne 第 1 次 等待 3 秒
2024-10-08 05:36:24 查询号码 【1388793】，返回信息 {"status":"ok","msg":"云南-西双版纳","gid":"12273","time_insert":"2017-11-09 17:58","time_update":"2020-11-27 08:49"}
2024-10-08 05:36:24 查询号码 【1388793】，GSD为【"云南-西双版纳"】

2024-10-08 05:36:25 开始第 8795 次操作

2024-10-08 05:36:25 开始操作号码 【1388794】
2024-10-08 05:36:27 GSD getOne 第 1 次 等待 3 秒
2024-10-08 05:36:30 查询号码 【1388794】，返回信息 {"status":"ok","msg":"云南-普洱","gid":"12274","time_insert":"2018-03-30 23:33","time_update":"2020-11-27 08:54"}
2024-10-08 05:36:30 查询号码 【1388794】，GSD为【"云南-普洱"】

2024-10-08 05:36:31 开始第 8796 次操作

2024-10-08 05:36:31 开始操作号码 【1388795】
2024-10-08 05:36:33 GSD getOne 第 1 次 等待 3 秒
2024-10-08 05:36:36 查询号码 【1388795】，返回信息 {"status":"ok","msg":"云南-普洱","gid":"12275","time_insert":"2017-08-24 22:27","time_update":"2020-11-27 08:58"}
2024-10-08 05:36:36 查询号码 【1388795】，GSD为【"云南-普洱"】

