2024-07-28 00:21:56 开始第 8277 次操作

2024-07-28 00:21:56 开始操作号码 【1498166】
2024-07-28 00:21:57 GSD getOne 第 1 次 等待 3 秒
2024-07-28 00:22:08 GSD getOne 第 2 次 等待 3 秒
2024-07-28 00:22:11 查询号码 【1498166】，返回信息 {"status":"ok","msg":"江苏-南京","gid":"352708","time_insert":"2021-07-22 05:59"}
2024-07-28 00:22:11 查询号码 【1498166】，GSD为【"江苏-南京"】

2024-07-28 00:22:12 开始第 8278 次操作

2024-07-28 00:22:12 开始操作号码 【1498167】
2024-07-28 00:22:21 GSD getOne 第 1 次 等待 3 秒
2024-07-28 00:22:24 查询号码 【1498167】，返回信息 {"status":"ok","msg":"江苏-南京","gid":"352715","time_insert":"2021-07-22 05:59"}
2024-07-28 00:22:24 查询号码 【1498167】，GSD为【"江苏-南京"】

2024-07-28 00:22:25 开始第 8279 次操作

2024-07-28 00:22:25 开始操作号码 【1498168】
2024-07-28 00:22:33 GSD getOne 第 1 次 等待 3 秒
2024-07-28 00:22:36 查询号码 【1498168】，返回信息 {"status":"ok","msg":"江苏-南京","gid":"352723","time_insert":"2021-07-22 06:00"}
2024-07-28 00:22:36 查询号码 【1498168】，GSD为【"江苏-南京"】

2024-07-28 00:22:37 开始第 8280 次操作

2024-07-28 00:22:37 开始操作号码 【1498169】
2024-07-28 00:22:45 GSD getOne 第 1 次 等待 3 秒
2024-07-28 00:22:48 查询号码 【1498169】，返回信息 {"status":"ok","msg":"江苏-南京","gid":"352728","time_insert":"2021-07-22 06:00"}
2024-07-28 00:22:48 查询号码 【1498169】，GSD为【"江苏-南京"】

2024-07-28 00:39:41 开始第 8281 次操作

2024-07-28 00:39:41 开始操作号码 【1498170】
2024-07-28 00:39:50 GSD getOne 第 1 次 等待 3 秒
2024-07-28 00:39:53 查询号码 【1498170】，返回信息 {"status":"ok","msg":"江苏-南京","gid":"352735","time_insert":"2021-07-22 06:01"}
2024-07-28 00:39:53 查询号码 【1498170】，GSD为【"江苏-南京"】

2024-07-28 00:39:54 开始第 8282 次操作

2024-07-28 00:39:54 开始操作号码 【1498171】
2024-07-28 00:40:03 GSD getOne 第 1 次 等待 3 秒
2024-07-28 00:40:06 查询号码 【1498171】，返回信息 {"status":"ok","msg":"江苏-南京","gid":"352741","time_insert":"2021-07-22 06:01"}
2024-07-28 00:40:06 查询号码 【1498171】，GSD为【"江苏-南京"】

2024-07-28 00:40:07 开始第 8283 次操作

2024-07-28 00:40:07 开始操作号码 【1498172】
2024-07-28 00:40:15 GSD getOne 第 1 次 等待 3 秒
2024-07-28 00:40:18 查询号码 【1498172】，返回信息 {"status":"ok","msg":"江苏-南京","gid":"352749","time_insert":"2021-07-22 06:02"}
2024-07-28 00:40:18 查询号码 【1498172】，GSD为【"江苏-南京"】

2024-07-28 00:40:19 开始第 8284 次操作

2024-07-28 00:40:19 开始操作号码 【1498173】
2024-07-28 00:40:27 GSD getOne 第 1 次 等待 3 秒
2024-07-28 00:40:30 查询号码 【1498173】，返回信息 {"status":"ok","msg":"江苏-南京","gid":"352753","time_insert":"2021-07-22 06:03"}
2024-07-28 00:40:30 查询号码 【1498173】，GSD为【"江苏-南京"】

2024-07-28 01:15:29 开始第 8285 次操作

2024-07-28 01:15:29 开始操作号码 【1498174】
2024-07-28 01:15:38 GSD getOne 第 1 次 等待 3 秒
2024-07-28 01:15:41 查询号码 【1498174】，返回信息 {"status":"ok","msg":"江苏-南京","gid":"352758","time_insert":"2021-07-22 06:03"}
2024-07-28 01:15:41 查询号码 【1498174】，GSD为【"江苏-南京"】

2024-07-28 01:15:42 开始第 8286 次操作

2024-07-28 01:15:42 开始操作号码 【1498175】
2024-07-28 01:15:50 GSD getOne 第 1 次 等待 3 秒
2024-07-28 01:15:53 查询号码 【1498175】，返回信息 {"status":"ok","msg":"江苏-南京","gid":"352903","time_insert":"2021-07-22 06:39"}
2024-07-28 01:15:53 查询号码 【1498175】，GSD为【"江苏-南京"】

2024-07-28 01:15:54 开始第 8287 次操作

2024-07-28 01:15:54 开始操作号码 【1498176】
2024-07-28 01:16:02 GSD getOne 第 1 次 等待 3 秒
2024-07-28 01:16:05 查询号码 【1498176】，返回信息 {"status":"ok","msg":"江苏-南京","gid":"352906","time_insert":"2021-07-22 06:40"}
2024-07-28 01:16:05 查询号码 【1498176】，GSD为【"江苏-南京"】

2024-07-28 01:16:06 开始第 8288 次操作

2024-07-28 01:16:06 开始操作号码 【1498177】
2024-07-28 01:16:14 GSD getOne 第 1 次 等待 3 秒
2024-07-28 01:16:17 查询号码 【1498177】，返回信息 {"status":"ok","msg":"江苏-南京","gid":"352913","time_insert":"2021-07-22 06:40"}
2024-07-28 01:16:17 查询号码 【1498177】，GSD为【"江苏-南京"】

2024-07-28 01:37:38 开始第 8289 次操作

2024-07-28 01:37:38 开始操作号码 【1498178】
2024-07-28 01:37:46 GSD getOne 第 1 次 等待 3 秒
2024-07-28 01:37:49 查询号码 【1498178】，返回信息 {"status":"ok","msg":"江苏-南京","gid":"352917","time_insert":"2021-07-22 06:41"}
2024-07-28 01:37:49 查询号码 【1498178】，GSD为【"江苏-南京"】

2024-07-28 01:37:50 开始第 8290 次操作

2024-07-28 01:37:50 开始操作号码 【1498179】
2024-07-28 01:38:00 GSD getOne 第 1 次 等待 3 秒
2024-07-28 01:38:03 查询号码 【1498179】，返回信息 {"status":"ok","msg":"江苏-南京","gid":"352925","time_insert":"2021-07-22 06:41"}
2024-07-28 01:38:03 查询号码 【1498179】，GSD为【"江苏-南京"】

2024-07-28 01:38:05 开始第 8291 次操作

2024-07-28 01:38:05 开始操作号码 【1498180】
2024-07-28 01:38:12 GSD getOne 第 1 次 等待 3 秒
2024-07-28 01:38:15 查询号码 【1498180】，返回信息 {"status":"ok","msg":"江苏-南京","gid":"352933","time_insert":"2021-07-22 06:42"}
2024-07-28 01:38:16 查询号码 【1498180】，GSD为【"江苏-南京"】

2024-07-28 01:38:17 开始第 8292 次操作

2024-07-28 01:38:17 开始操作号码 【1498181】
2024-07-28 01:38:25 GSD getOne 第 1 次 等待 3 秒
2024-07-28 01:38:28 查询号码 【1498181】，返回信息 {"status":"ok","msg":"江苏-南京","gid":"352939","time_insert":"2021-07-22 06:43","time_update":"2021-09-04 01:10"}
2024-07-28 01:38:28 查询号码 【1498181】，GSD为【"江苏-南京"】

2024-07-28 02:24:20 开始第 8293 次操作

2024-07-28 02:24:20 开始操作号码 【1498182】
2024-07-28 02:24:28 GSD getOne 第 1 次 等待 3 秒
2024-07-28 02:24:31 查询号码 【1498182】，返回信息 {"status":"ok","msg":"江苏-南京","gid":"352946","time_insert":"2021-07-22 06:43"}
2024-07-28 02:24:31 查询号码 【1498182】，GSD为【"江苏-南京"】

2024-07-28 02:24:32 开始第 8294 次操作

2024-07-28 02:24:32 开始操作号码 【1498183】
2024-07-28 02:24:40 GSD getOne 第 1 次 等待 3 秒
2024-07-28 02:24:43 查询号码 【1498183】，返回信息 {"status":"ok","msg":"江苏-南京","gid":"352952","time_insert":"2021-07-22 06:44"}
2024-07-28 02:24:43 查询号码 【1498183】，GSD为【"江苏-南京"】

2024-07-28 02:24:44 开始第 8295 次操作

2024-07-28 02:24:44 开始操作号码 【1498184】
2024-07-28 02:24:52 GSD getOne 第 1 次 等待 3 秒
2024-07-28 02:24:55 查询号码 【1498184】，返回信息 {"status":"ok","msg":"江苏-南京","gid":"352958","time_insert":"2021-07-22 06:45"}
2024-07-28 02:24:55 查询号码 【1498184】，GSD为【"江苏-南京"】

2024-07-28 02:24:56 开始第 8296 次操作

2024-07-28 02:24:56 开始操作号码 【1498185】
2024-07-28 02:25:03 GSD getOne 第 1 次 等待 3 秒
2024-07-28 02:25:06 查询号码 【1498185】，返回信息 {"status":"ok","msg":"江苏-南京","gid":"352966","time_insert":"2021-07-22 06:45"}
2024-07-28 02:25:06 查询号码 【1498185】，GSD为【"江苏-南京"】

2024-07-28 02:39:27 开始第 8297 次操作

2024-07-28 02:39:27 开始操作号码 【1498186】
2024-07-28 02:39:36 GSD getOne 第 1 次 等待 3 秒
2024-07-28 02:39:39 查询号码 【1498186】，返回信息 {"status":"ok","msg":"江苏-南京","gid":"352973","time_insert":"2021-07-22 06:46"}
2024-07-28 02:39:39 查询号码 【1498186】，GSD为【"江苏-南京"】

2024-07-28 02:39:40 开始第 8298 次操作

2024-07-28 02:39:40 开始操作号码 【1498187】
2024-07-28 02:39:48 GSD getOne 第 1 次 等待 3 秒
2024-07-28 02:39:51 查询号码 【1498187】，返回信息 {"status":"ok","msg":"江苏-南京","gid":"352977","time_insert":"2021-07-22 06:46"}
2024-07-28 02:39:51 查询号码 【1498187】，GSD为【"江苏-南京"】

2024-07-28 02:39:52 开始第 8299 次操作

2024-07-28 02:39:52 开始操作号码 【1498188】
2024-07-28 02:40:00 GSD getOne 第 1 次 等待 3 秒
2024-07-28 02:40:03 查询号码 【1498188】，返回信息 {"status":"ok","msg":"江苏-南京","gid":"352983","time_insert":"2021-07-22 06:47"}
2024-07-28 02:40:03 查询号码 【1498188】，GSD为【"江苏-南京"】

2024-07-28 02:40:04 开始第 8300 次操作

2024-07-28 02:40:04 开始操作号码 【1498189】
2024-07-28 02:40:13 GSD getOne 第 1 次 等待 3 秒
2024-07-28 02:40:16 查询号码 【1498189】，返回信息 {"status":"ok","msg":"江苏-南京","gid":"14981","time_insert":"2015-03-08 18:03","time_update":"2020-08-24 21:07"}
2024-07-28 02:40:16 查询号码 【1498189】，GSD为【"江苏-南京"】

2024-07-28 03:14:14 开始第 8301 次操作

2024-07-28 03:14:14 开始操作号码 【1498190】
2024-07-28 03:14:23 GSD getOne 第 1 次 等待 3 秒
2024-07-28 03:14:26 查询号码 【1498190】，返回信息 {"status":"ok","msg":"江苏-南京","gid":"352991","time_insert":"2021-07-22 06:48"}
2024-07-28 03:14:26 查询号码 【1498190】，GSD为【"江苏-南京"】

2024-07-28 03:14:27 开始第 8302 次操作

2024-07-28 03:14:27 开始操作号码 【1498191】
2024-07-28 03:14:35 GSD getOne 第 1 次 等待 3 秒
2024-07-28 03:14:38 查询号码 【1498191】，返回信息 {"status":"ok","msg":"江苏-南京","gid":"352997","time_insert":"2021-07-22 06:48"}
2024-07-28 03:14:38 查询号码 【1498191】，GSD为【"江苏-南京"】

2024-07-28 03:14:39 开始第 8303 次操作

2024-07-28 03:14:39 开始操作号码 【1498192】
2024-07-28 03:14:47 GSD getOne 第 1 次 等待 3 秒
2024-07-28 03:14:50 查询号码 【1498192】，返回信息 {"status":"ok","msg":"江苏-南京","gid":"353001","time_insert":"2021-07-22 06:49"}
2024-07-28 03:14:50 查询号码 【1498192】，GSD为【"江苏-南京"】

2024-07-28 03:14:51 开始第 8304 次操作

2024-07-28 03:14:51 开始操作号码 【1498193】
2024-07-28 03:14:59 GSD getOne 第 1 次 等待 3 秒
2024-07-28 03:15:02 查询号码 【1498193】，返回信息 {"status":"ok","msg":"江苏-南京","gid":"353010","time_insert":"2021-07-22 06:49"}
2024-07-28 03:15:02 查询号码 【1498193】，GSD为【"江苏-南京"】

