2024-09-27 00:18:09 开始第 6853 次操作

2024-09-27 00:18:09 开始操作号码 【1386852】
2024-09-27 00:18:12 GSD getOne 第 1 次 等待 3 秒
2024-09-27 00:18:15 查询号码 【1386852】，返回信息 {"status":"ok","msg":"浙江-温州","gid":"361283","time_insert":"2021-07-23 02:05"}
2024-09-27 00:18:15 查询号码 【1386852】，GSD为【"浙江-温州"】

2024-09-27 00:18:16 开始第 6854 次操作

2024-09-27 00:18:16 开始操作号码 【1386853】
2024-09-27 00:18:18 GSD getOne 第 1 次 等待 3 秒
2024-09-27 00:18:21 查询号码 【1386853】，返回信息 {"status":"ok","msg":"浙江-温州","gid":"361275","time_insert":"2021-07-23 02:05"}
2024-09-27 00:18:21 查询号码 【1386853】，GSD为【"浙江-温州"】

2024-09-27 00:18:22 开始第 6855 次操作

2024-09-27 00:18:22 开始操作号码 【1386854】
2024-09-27 00:18:24 GSD getOne 第 1 次 等待 3 秒
2024-09-27 00:18:27 查询号码 【1386854】，返回信息 {"status":"ok","msg":"浙江-温州","gid":"361268","time_insert":"2021-07-23 02:04"}
2024-09-27 00:18:27 查询号码 【1386854】，GSD为【"浙江-温州"】

2024-09-27 00:18:28 开始第 6856 次操作

2024-09-27 00:18:28 开始操作号码 【1386855】
2024-09-27 00:18:31 GSD getOne 第 1 次 等待 3 秒
2024-09-27 00:18:34 查询号码 【1386855】，返回信息 {"status":"ok","msg":"浙江-温州","gid":"361258","time_insert":"2021-07-23 02:04"}
2024-09-27 00:18:34 查询号码 【1386855】，GSD为【"浙江-温州"】

