2023-12-22 00:21:27 开始第 4457 次操作

2023-12-22 00:21:27 开始操作号码 【1824359】
2023-12-22 00:21:31 GSD getOne 第 1 次 等待 3 秒
2023-12-22 00:21:34 查询号码 【1824359】，返回信息 {"status":"ok","msg":"吉林-通化","gid":"442131","time_insert":"2021-07-30 07:43"}
2023-12-22 00:21:34 查询号码 【1824359】，GSD为【"吉林-通化"】

2023-12-22 00:21:35 开始第 4458 次操作

2023-12-22 00:21:35 开始操作号码 【1824360】
2023-12-22 00:21:42 GSD getOne 第 1 次 等待 3 秒
2023-12-22 00:21:45 查询号码 【1824360】，返回信息 {"status":"ok","msg":"吉林-白城","gid":"442121","time_insert":"2021-07-30 07:42"}
2023-12-22 00:21:45 查询号码 【1824360】，GSD为【"吉林-白城"】

2023-12-22 00:21:46 开始第 4459 次操作

2023-12-22 00:21:46 开始操作号码 【1824361】
2023-12-22 00:21:57 GSD getOne 第 1 次 等待 3 秒
2023-12-22 00:22:00 查询号码 【1824361】，返回信息 {"status":"ok","msg":"吉林-白城","gid":"442112","time_insert":"2021-07-30 07:42"}
2023-12-22 00:22:00 查询号码 【1824361】，GSD为【"吉林-白城"】

2023-12-22 00:22:01 开始第 4460 次操作

2023-12-22 00:22:01 开始操作号码 【1824362】
2023-12-22 00:22:05 GSD getOne 第 1 次 等待 3 秒
2023-12-22 00:22:08 查询号码 【1824362】，返回信息 {"status":"ok","msg":"吉林-白城","gid":"442103","time_insert":"2021-07-30 07:41"}
2023-12-22 00:22:08 查询号码 【1824362】，GSD为【"吉林-白城"】

2023-12-22 00:40:45 开始第 4461 次操作

2023-12-22 00:40:45 开始操作号码 【1824363】
2023-12-22 00:40:52 GSD getOne 第 1 次 等待 3 秒
2023-12-22 00:40:55 查询号码 【1824363】，返回信息 {"status":"ok","msg":"吉林-白城","gid":"441955","time_insert":"2021-07-30 07:05"}
2023-12-22 00:40:55 查询号码 【1824363】，GSD为【"吉林-白城"】

2023-12-22 00:40:56 开始第 4462 次操作

2023-12-22 00:40:56 开始操作号码 【1824364】
2023-12-22 00:41:00 GSD getOne 第 1 次 等待 3 秒
2023-12-22 00:41:03 查询号码 【1824364】，返回信息 {"status":"ok","msg":"吉林-白城","gid":"441950","time_insert":"2021-07-30 07:05","time_update":"2021-08-01 23:31"}
2023-12-22 00:41:03 查询号码 【1824364】，GSD为【"吉林-白城"】

2023-12-22 00:41:04 开始第 4463 次操作

2023-12-22 00:41:04 开始操作号码 【1824365】
2023-12-22 00:41:07 GSD getOne 第 1 次 等待 3 秒
2023-12-22 00:41:10 查询号码 【1824365】，返回信息 {"status":"ok","msg":"吉林-白城","gid":"441944","time_insert":"2021-07-30 07:04"}
2023-12-22 00:41:10 查询号码 【1824365】，GSD为【"吉林-白城"】

2023-12-22 00:41:11 开始第 4464 次操作

2023-12-22 00:41:11 开始操作号码 【1824366】
2023-12-22 00:41:16 GSD getOne 第 1 次 等待 3 秒
2023-12-22 00:41:19 查询号码 【1824366】，返回信息 {"status":"ok","msg":"吉林-白城","gid":"35623","time_insert":"2018-02-07 16:12","time_update":"2020-08-22 10:41"}
2023-12-22 00:41:19 查询号码 【1824366】，GSD为【"吉林-白城"】

