2023-12-17 00:19:42 开始第 3569 次操作

2023-12-17 00:19:42 开始操作号码 【1823471】
2023-12-17 00:19:47 GSD getOne 第 1 次 等待 3 秒
2023-12-17 00:19:50 查询号码 【1823471】，返回信息 {"status":"ok","msg":"山西-临汾","gid":"452337","time_insert":"2021-07-31 04:45"}
2023-12-17 00:19:50 查询号码 【1823471】，GSD为【"山西-临汾"】

2023-12-17 00:19:51 开始第 3570 次操作

2023-12-17 00:19:51 开始操作号码 【1823472】
2023-12-17 00:19:56 GSD getOne 第 1 次 等待 3 秒
2023-12-17 00:19:59 查询号码 【1823472】，返回信息 {"status":"ok","msg":"山西-临汾","gid":"452329","time_insert":"2021-07-31 04:45"}
2023-12-17 00:19:59 查询号码 【1823472】，GSD为【"山西-临汾"】

2023-12-17 00:20:00 开始第 3571 次操作

2023-12-17 00:20:00 开始操作号码 【1823473】
2023-12-17 00:20:07 GSD getOne 第 1 次 等待 3 秒
2023-12-17 00:20:10 查询号码 【1823473】，返回信息 {"status":"ok","msg":"山西-临汾","gid":"452316","time_insert":"2021-07-31 04:44"}
2023-12-17 00:20:10 查询号码 【1823473】，GSD为【"山西-临汾"】

2023-12-17 00:20:11 开始第 3572 次操作

2023-12-17 00:20:11 开始操作号码 【1823474】
2023-12-17 00:20:15 GSD getOne 第 1 次 等待 3 秒
2023-12-17 00:20:18 查询号码 【1823474】，返回信息 {"status":"ok","msg":"山西-临汾","gid":"452305","time_insert":"2021-07-31 04:44"}
2023-12-17 00:20:18 查询号码 【1823474】，GSD为【"山西-临汾"】

2023-12-17 00:39:55 开始第 3573 次操作

2023-12-17 00:39:55 开始操作号码 【1823475】
2023-12-17 00:40:00 GSD getOne 第 1 次 等待 3 秒
2023-12-17 00:40:03 查询号码 【1823475】，返回信息 {"status":"ok","msg":"山西-临汾","gid":"452293","time_insert":"2021-07-31 04:43"}
2023-12-17 00:40:03 查询号码 【1823475】，GSD为【"山西-临汾"】

2023-12-17 00:40:04 开始第 3574 次操作

2023-12-17 00:40:04 开始操作号码 【1823476】
2023-12-17 00:40:08 GSD getOne 第 1 次 等待 3 秒
2023-12-17 00:40:11 查询号码 【1823476】，返回信息 {"status":"ok","msg":"山西-临汾","gid":"452279","time_insert":"2021-07-31 04:42"}
2023-12-17 00:40:11 查询号码 【1823476】，GSD为【"山西-临汾"】

2023-12-17 00:40:13 开始第 3575 次操作

2023-12-17 00:40:13 开始操作号码 【1823477】
2023-12-17 00:40:16 GSD getOne 第 1 次 等待 3 秒
2023-12-17 00:40:19 查询号码 【1823477】，返回信息 {"status":"ok","msg":"山西-临汾","gid":"452267","time_insert":"2021-07-31 04:42"}
2023-12-17 00:40:19 查询号码 【1823477】，GSD为【"山西-临汾"】

2023-12-17 00:40:20 开始第 3576 次操作

2023-12-17 00:40:20 开始操作号码 【1823478】
2023-12-17 00:40:24 GSD getOne 第 1 次 等待 3 秒
2023-12-17 00:40:27 查询号码 【1823478】，返回信息 {"status":"ok","msg":"山西-临汾","gid":"452250","time_insert":"2021-07-31 04:41"}
2023-12-17 00:40:27 查询号码 【1823478】，GSD为【"山西-临汾"】

