2023-11-11 00:21:17 开始第 7845 次操作

2023-11-11 00:21:17 开始操作号码 【1927747】
2023-11-11 00:21:21 GSD getOne 第 1 次 等待 3 秒
2023-11-11 00:21:24 查询号码 【1927747】，返回信息 {"status":"ok","msg":"湖南-益阳","gid":"608771","time_insert":"2023-03-23 06:06","time_update":"2023-07-30 03:20"}
2023-11-11 00:21:24 查询号码 【1927747】，GSD为【"湖南-益阳"】

2023-11-11 00:21:25 开始第 7846 次操作

2023-11-11 00:21:25 开始操作号码 【1927748】
2023-11-11 00:21:34 GSD getOne 第 1 次 等待 3 秒
2023-11-11 00:21:37 查询号码 【1927748】，返回信息 {"status":"ok","msg":"湖南-娄底","gid":"608767","time_insert":"2023-03-23 06:02","time_update":"2023-07-30 03:46"}
2023-11-11 00:21:37 查询号码 【1927748】，GSD为【"湖南-娄底"】

2023-11-11 00:21:38 开始第 7847 次操作

2023-11-11 00:21:38 开始操作号码 【1927749】
2023-11-11 00:21:41 GSD getOne 第 1 次 等待 3 秒
2023-11-11 00:21:44 查询号码 【1927749】，返回信息 {"status":"ok","msg":"湖南-邵阳","gid":"608759","time_insert":"2023-03-23 06:00","time_update":"2023-07-30 04:10"}
2023-11-11 00:21:44 查询号码 【1927749】，GSD为【"湖南-邵阳"】

2023-11-11 00:21:45 开始第 7848 次操作

2023-11-11 00:21:45 开始操作号码 【1927750】
2023-11-11 00:21:50 GSD getOne 第 1 次 等待 3 秒
2023-11-11 00:21:53 查询号码 【1927750】，返回信息 {"status":"ok","msg":"广东-中山","gid":"608756","time_insert":"2023-03-23 05:57","time_update":"2023-07-30 04:38"}
2023-11-11 00:21:53 查询号码 【1927750】，GSD为【"广东-中山"】

