2021-07-14 00:00:20 开始第 21 次操作

2021-07-14 00:00:20 开始操作号码 【1654394】
2021-07-14 00:00:23 GSD getOne 第 1 次 等待 1 秒
2021-07-14 00:00:24 查询号码 【1654394】，返回信息 {"status":"bad","msg":""}
2021-07-14 00:00:24 查询号码 【1654394】，GSD为【""】
2021-07-14 00:00:24 bad
2021-07-14 00:00:25 CHB 1654394?1626192024 第 1 次 等待 1 秒
2021-07-14 00:00:26 CHB 1654394?1626192024 第 1 次 获取到号码【1654394】GSD
2021-07-14 00:00:26 未获取到号码【1654394】GSD，可能号码格式错误
2021-07-14 00:00:26 获取到号码【1654394】的GSD为【-】
2021-07-14 00:00:29 GSD insert 第 1 次 等待 1 秒
2021-07-14 00:00:30 {"status":"ok","gid":269566,"msg":"添加成功！"}
2021-07-14 00:00:30 下次操作: 2021-07-14 00:00:36

2021-07-14 00:00:36 开始第 22 次操作

2021-07-14 00:00:36 开始操作号码 【1654395】
2021-07-14 00:00:42 GSD getOne 第 1 次 等待 1 秒
2021-07-14 00:00:43 查询号码 【1654395】，返回信息 {"status":"bad","msg":""}
2021-07-14 00:00:43 查询号码 【1654395】，GSD为【""】
2021-07-14 00:00:43 bad
2021-07-14 00:00:48 CHB 1654395?1626192043 第 1 次 等待 1 秒
2021-07-14 00:00:49 CHB 1654395?1626192043 第 1 次 获取到号码【1654395】GSD
2021-07-14 00:00:49 未获取到号码【1654395】GSD，可能号码格式错误
2021-07-14 00:00:49 获取到号码【1654395】的GSD为【-】
2021-07-14 00:00:59 GSD insert 第 1 次 等待 1 秒
2021-07-14 00:01:00 {"status":"ok","gid":269572,"msg":"添加成功！"}
2021-07-14 00:01:00 下次操作: 2021-07-14 00:01:11

2021-07-14 00:01:11 开始第 23 次操作

2021-07-14 00:01:11 开始操作号码 【1654396】
2021-07-14 00:01:14 GSD getOne 第 1 次 等待 1 秒
2021-07-14 00:01:15 查询号码 【1654396】，返回信息 {"status":"bad","msg":""}
2021-07-14 00:01:15 查询号码 【1654396】，GSD为【""】
2021-07-14 00:01:15 bad
2021-07-14 00:01:18 CHB 1654396?1626192075 第 1 次 等待 1 秒
2021-07-14 00:01:19 CHB 1654396?1626192075 第 1 次 获取到号码【1654396】GSD
2021-07-14 00:01:19 未获取到号码【1654396】GSD，可能号码格式错误
2021-07-14 00:01:19 获取到号码【1654396】的GSD为【-】
2021-07-14 00:01:29 GSD insert 第 1 次 等待 1 秒
2021-07-14 00:01:30 {"status":"ok","gid":269579,"msg":"添加成功！"}
2021-07-14 00:01:30 下次操作: 2021-07-14 00:01:48

2021-07-14 00:01:48 开始第 24 次操作

2021-07-14 00:01:48 开始操作号码 【1654397】
2021-07-14 00:01:51 GSD getOne 第 1 次 等待 1 秒
2021-07-14 00:01:52 查询号码 【1654397】，返回信息 {"status":"bad","msg":""}
2021-07-14 00:01:52 查询号码 【1654397】，GSD为【""】
2021-07-14 00:01:52 bad
2021-07-14 00:01:53 CHB 1654397?1626192112 第 1 次 等待 1 秒
2021-07-14 00:01:54 CHB 1654397?1626192112 第 1 次 获取到号码【1654397】GSD
2021-07-14 00:01:54 未获取到号码【1654397】GSD，可能号码格式错误
2021-07-14 00:01:54 获取到号码【1654397】的GSD为【-】
2021-07-14 00:01:57 GSD insert 第 1 次 等待 1 秒
2021-07-14 00:01:58 {"status":"ok","gid":269588,"msg":"添加成功！"}
2021-07-14 00:01:58 下次操作: 2021-07-14 00:02:04

2021-07-14 00:02:04 开始第 25 次操作

2021-07-14 00:02:04 开始操作号码 【1654398】
2021-07-14 00:02:07 GSD getOne 第 1 次 等待 1 秒
2021-07-14 00:02:08 查询号码 【1654398】，返回信息 {"status":"bad","msg":""}
2021-07-14 00:02:09 查询号码 【1654398】，GSD为【""】
2021-07-14 00:02:09 bad
2021-07-14 00:02:11 CHB 1654398?1626192129 第 1 次 等待 1 秒
2021-07-14 00:02:12 CHB 1654398?1626192129 第 1 次 获取到号码【1654398】GSD
2021-07-14 00:02:12 未获取到号码【1654398】GSD，可能号码格式错误
2021-07-14 00:02:12 获取到号码【1654398】的GSD为【-】
2021-07-14 00:02:15 GSD insert 第 1 次 等待 1 秒
2021-07-14 00:02:16 {"status":"ok","gid":269594,"msg":"添加成功！"}
2021-07-14 00:02:16 下次操作: 2021-07-14 00:02:26

2021-07-14 00:02:26 开始第 26 次操作

2021-07-14 00:02:26 开始操作号码 【1654399】
2021-07-14 00:02:28 GSD getOne 第 1 次 等待 1 秒
2021-07-14 00:02:29 查询号码 【1654399】，返回信息 {"status":"bad","msg":""}
2021-07-14 00:02:29 查询号码 【1654399】，GSD为【""】
2021-07-14 00:02:29 bad
2021-07-14 00:02:35 CHB 1654399?1626192149 第 1 次 等待 1 秒
2021-07-14 00:02:36 CHB 1654399?1626192149 第 1 次 获取到号码【1654399】GSD
2021-07-14 00:02:36 未获取到号码【1654399】GSD，可能号码格式错误
2021-07-14 00:02:36 获取到号码【1654399】的GSD为【-】
2021-07-14 00:02:40 GSD insert 第 1 次 等待 1 秒
2021-07-14 00:02:41 {"status":"ok","gid":269602,"msg":"添加成功！"}
2021-07-14 00:02:41 下次操作: 2021-07-14 00:02:51

2021-07-14 00:02:51 开始第 27 次操作

2021-07-14 00:02:51 开始操作号码 【1654400】
2021-07-14 00:02:55 GSD getOne 第 1 次 等待 1 秒
2021-07-14 00:02:56 查询号码 【1654400】，返回信息 {"status":"bad","msg":""}
2021-07-14 00:02:56 查询号码 【1654400】，GSD为【""】
2021-07-14 00:02:56 bad
2021-07-14 00:02:59 CHB 1654400?1626192176 第 1 次 等待 1 秒
2021-07-14 00:03:00 CHB 1654400?1626192176 第 1 次 获取到号码【1654400】GSD
2021-07-14 00:03:00 未获取到号码【1654400】GSD，可能号码格式错误
2021-07-14 00:03:00 获取到号码【1654400】的GSD为【-】
2021-07-14 00:03:02 GSD insert 第 1 次 等待 1 秒
2021-07-14 00:03:03 {"status":"ok","gid":269605,"msg":"添加成功！"}
2021-07-14 00:03:03 下次操作: 2021-07-14 00:03:14

2021-07-14 00:03:14 开始第 28 次操作

2021-07-14 00:03:14 开始操作号码 【1654401】
2021-07-14 00:03:17 GSD getOne 第 1 次 等待 1 秒
2021-07-14 00:03:18 查询号码 【1654401】，返回信息 {"status":"bad","msg":""}
2021-07-14 00:03:18 查询号码 【1654401】，GSD为【""】
2021-07-14 00:03:18 bad
2021-07-14 00:03:24 CHB 1654401?1626192198 第 1 次 等待 1 秒
2021-07-14 00:03:25 CHB 1654401?1626192198 第 1 次 获取到号码【1654401】GSD
2021-07-14 00:03:25 未获取到号码【1654401】GSD，可能号码格式错误
2021-07-14 00:03:25 获取到号码【1654401】的GSD为【-】
2021-07-14 00:03:37 GSD insert 第 1 次 等待 1 秒
2021-07-14 00:03:38 {"status":"ok","gid":269616,"msg":"添加成功！"}
2021-07-14 00:03:38 下次操作: 2021-07-14 00:03:45

2021-07-14 00:03:45 开始第 29 次操作

2021-07-14 00:03:45 开始操作号码 【1654402】
2021-07-14 00:03:47 GSD getOne 第 1 次 等待 1 秒
2021-07-14 00:03:48 查询号码 【1654402】，返回信息 {"status":"bad","msg":""}
2021-07-14 00:03:48 查询号码 【1654402】，GSD为【""】
2021-07-14 00:03:48 bad
2021-07-14 00:03:52 CHB 1654402?1626192228 第 1 次 等待 1 秒
2021-07-14 00:03:53 CHB 1654402?1626192228 第 1 次 获取到号码【1654402】GSD
2021-07-14 00:03:53 未获取到号码【1654402】GSD，可能号码格式错误
2021-07-14 00:03:53 获取到号码【1654402】的GSD为【-】
2021-07-14 00:04:01 GSD insert 第 1 次 等待 1 秒
2021-07-14 00:04:02 {"status":"ok","gid":269620,"msg":"添加成功！"}
2021-07-14 00:04:02 下次操作: 2021-07-14 00:04:14

2021-07-14 00:04:14 开始第 30 次操作

2021-07-14 00:04:14 开始操作号码 【1654403】
2021-07-14 00:04:18 GSD getOne 第 1 次 等待 1 秒
2021-07-14 00:04:19 查询号码 【1654403】，返回信息 {"status":"bad","msg":""}
2021-07-14 00:04:19 查询号码 【1654403】，GSD为【""】
2021-07-14 00:04:19 bad
2021-07-14 00:04:26 CHB 1654403?1626192259 第 1 次 等待 1 秒
2021-07-14 00:04:27 CHB 1654403?1626192259 第 1 次 获取到号码【1654403】GSD
2021-07-14 00:04:27 未获取到号码【1654403】GSD，可能号码格式错误
2021-07-14 00:04:27 获取到号码【1654403】的GSD为【-】
2021-07-14 00:04:31 GSD insert 第 1 次 等待 1 秒
2021-07-14 00:04:32 {"status":"ok","gid":269624,"msg":"添加成功！"}

2021-07-14 01:03:49 开始第 1 次操作

2021-07-14 01:03:49 开始操作号码 【1654404】
2021-07-14 01:03:57 GSD getOne 第 1 次 等待 1 秒
2021-07-14 01:03:58 查询号码 【1654404】，返回信息 {"status":"bad","msg":""}
2021-07-14 01:03:58 查询号码 【1654404】，GSD为【""】
2021-07-14 01:03:58 bad
2021-07-14 01:04:02 CHB 1654404?1626195838 第 1 次 等待 1 秒
2021-07-14 01:04:03 CHB 1654404?1626195838 第 1 次 获取到号码【1654404】GSD
2021-07-14 01:04:03 未获取到号码【1654404】GSD，可能号码格式错误
2021-07-14 01:04:03 获取到号码【1654404】的GSD为【-】
2021-07-14 01:04:05 GSD insert 第 1 次 等待 1 秒
2021-07-14 01:04:06 {"status":"ok","gid":269787,"msg":"添加成功！"}
2021-07-14 01:04:06 下次操作: 2021-07-14 01:04:16

2021-07-14 01:04:16 开始第 2 次操作

2021-07-14 01:04:16 开始操作号码 【1654405】
2021-07-14 01:04:20 GSD getOne 第 1 次 等待 1 秒
2021-07-14 01:04:21 查询号码 【1654405】，返回信息 {"status":"bad","msg":""}
2021-07-14 01:04:21 查询号码 【1654405】，GSD为【""】
2021-07-14 01:04:21 bad
2021-07-14 01:04:29 CHB 1654405?1626195861 第 1 次 等待 1 秒
2021-07-14 01:04:30 CHB 1654405?1626195861 第 1 次 获取到号码【1654405】GSD
2021-07-14 01:04:30 未获取到号码【1654405】GSD，可能号码格式错误
2021-07-14 01:04:30 获取到号码【1654405】的GSD为【-】
2021-07-14 01:04:33 GSD insert 第 1 次 等待 1 秒
2021-07-14 01:04:34 {"status":"ok","gid":269797,"msg":"添加成功！"}
2021-07-14 01:04:34 下次操作: 2021-07-14 01:04:40

2021-07-14 01:04:40 开始第 3 次操作

2021-07-14 01:04:40 开始操作号码 【1654406】
2021-07-14 01:04:50 GSD getOne 第 1 次 等待 1 秒
2021-07-14 01:04:51 查询号码 【1654406】，返回信息 {"status":"bad","msg":""}
2021-07-14 01:04:51 查询号码 【1654406】，GSD为【""】
2021-07-14 01:04:51 bad
2021-07-14 01:04:53 CHB 1654406?1626195891 第 1 次 等待 1 秒
2021-07-14 01:04:54 CHB 1654406?1626195891 第 1 次 获取到号码【1654406】GSD
2021-07-14 01:04:54 未获取到号码【1654406】GSD，可能号码格式错误
2021-07-14 01:04:54 获取到号码【1654406】的GSD为【-】
2021-07-14 01:05:00 GSD insert 第 1 次 等待 1 秒
2021-07-14 01:05:01 {"status":"ok","gid":269801,"msg":"添加成功！"}
2021-07-14 01:05:01 下次操作: 2021-07-14 01:05:13

2021-07-14 01:05:13 开始第 4 次操作

2021-07-14 01:05:13 开始操作号码 【1654407】
2021-07-14 01:05:17 GSD getOne 第 1 次 等待 1 秒
2021-07-14 01:05:18 查询号码 【1654407】，返回信息 {"status":"bad","msg":""}
2021-07-14 01:05:19 查询号码 【1654407】，GSD为【""】
2021-07-14 01:05:19 bad
2021-07-14 01:05:20 CHB 1654407?1626195919 第 1 次 等待 1 秒
2021-07-14 01:05:21 CHB 1654407?1626195919 第 1 次 获取到号码【1654407】GSD
2021-07-14 01:05:21 未获取到号码【1654407】GSD，可能号码格式错误
2021-07-14 01:05:21 获取到号码【1654407】的GSD为【-】
2021-07-14 01:05:29 GSD insert 第 1 次 等待 1 秒
2021-07-14 01:05:30 {"status":"ok","gid":269809,"msg":"添加成功！"}
2021-07-14 01:05:30 下次操作: 2021-07-14 01:05:38

2021-07-14 01:05:38 开始第 5 次操作

2021-07-14 01:05:38 开始操作号码 【1654408】
2021-07-14 01:05:42 GSD getOne 第 1 次 等待 1 秒
2021-07-14 01:05:43 查询号码 【1654408】，返回信息 {"status":"bad","msg":""}
2021-07-14 01:05:43 查询号码 【1654408】，GSD为【""】
2021-07-14 01:05:43 bad
2021-07-14 01:05:50 CHB 1654408?1626195943 第 1 次 等待 1 秒
2021-07-14 01:05:51 CHB 1654408?1626195943 第 1 次 获取到号码【1654408】GSD
2021-07-14 01:05:51 未获取到号码【1654408】GSD，可能号码格式错误
2021-07-14 01:05:51 获取到号码【1654408】的GSD为【-】
2021-07-14 01:05:55 GSD insert 第 1 次 等待 1 秒
2021-07-14 01:05:56 {"status":"ok","gid":269817,"msg":"添加成功！"}
2021-07-14 01:05:56 下次操作: 2021-07-14 01:06:10

2021-07-14 01:06:10 开始第 6 次操作

2021-07-14 01:06:10 开始操作号码 【1654409】
2021-07-14 01:06:21 GSD getOne 第 1 次 等待 1 秒
2021-07-14 01:06:22 查询号码 【1654409】，返回信息 {"status":"bad","msg":""}
2021-07-14 01:06:22 查询号码 【1654409】，GSD为【""】
2021-07-14 01:06:22 bad
2021-07-14 01:06:25 CHB 1654409?1626195982 第 1 次 等待 1 秒
2021-07-14 01:06:26 CHB 1654409?1626195982 第 1 次 获取到号码【1654409】GSD
2021-07-14 01:06:26 未获取到号码【1654409】GSD，可能号码格式错误
2021-07-14 01:06:26 获取到号码【1654409】的GSD为【-】
2021-07-14 01:06:29 GSD insert 第 1 次 等待 1 秒
2021-07-14 01:06:30 {"status":"ok","gid":269828,"msg":"添加成功！"}
2021-07-14 01:06:30 下次操作: 2021-07-14 01:06:45

2021-07-14 01:06:45 开始第 7 次操作

2021-07-14 01:06:45 开始操作号码 【1654410】
2021-07-14 01:06:50 GSD getOne 第 1 次 等待 1 秒
2021-07-14 01:06:51 查询号码 【1654410】，返回信息 {"status":"bad","msg":""}
2021-07-14 01:06:51 查询号码 【1654410】，GSD为【""】
2021-07-14 01:06:51 bad
2021-07-14 01:06:55 CHB 1654410?1626196011 第 1 次 等待 1 秒
2021-07-14 01:06:56 CHB 1654410?1626196011 第 1 次 获取到号码【1654410】GSD
2021-07-14 01:06:56 未获取到号码【1654410】GSD，可能号码格式错误
2021-07-14 01:06:56 获取到号码【1654410】的GSD为【-】
2021-07-14 01:07:02 GSD insert 第 1 次 等待 1 秒
2021-07-14 01:07:03 {"status":"ok","gid":269839,"msg":"添加成功！"}
2021-07-14 01:07:03 下次操作: 2021-07-14 01:07:09

2021-07-14 01:07:09 开始第 8 次操作

2021-07-14 01:07:09 开始操作号码 【1654411】
2021-07-14 01:07:13 GSD getOne 第 1 次 等待 1 秒
2021-07-14 01:07:14 查询号码 【1654411】，返回信息 {"status":"bad","msg":""}
2021-07-14 01:07:14 查询号码 【1654411】，GSD为【""】
2021-07-14 01:07:14 bad
2021-07-14 01:07:16 CHB 1654411?1626196034 第 1 次 等待 1 秒
2021-07-14 01:07:17 CHB 1654411?1626196034 第 1 次 获取到号码【1654411】GSD
2021-07-14 01:07:17 未获取到号码【1654411】GSD，可能号码格式错误
2021-07-14 01:07:17 获取到号码【1654411】的GSD为【-】
2021-07-14 01:07:23 GSD insert 第 1 次 等待 1 秒
2021-07-14 01:07:24 {"status":"ok","gid":269844,"msg":"添加成功！"}
2021-07-14 01:07:24 下次操作: 2021-07-14 01:07:31

2021-07-14 01:07:31 开始第 9 次操作

2021-07-14 01:07:31 开始操作号码 【1654412】
2021-07-14 01:07:36 GSD getOne 第 1 次 等待 1 秒
2021-07-14 01:07:37 查询号码 【1654412】，返回信息 {"status":"bad","msg":""}
2021-07-14 01:07:38 查询号码 【1654412】，GSD为【""】
2021-07-14 01:07:38 bad
2021-07-14 01:07:39 CHB 1654412?1626196058 第 1 次 等待 1 秒
2021-07-14 01:07:41 CHB 1654412?1626196058 第 1 次 获取到号码【1654412】GSD
2021-07-14 01:07:41 未获取到号码【1654412】GSD，可能号码格式错误
2021-07-14 01:07:41 获取到号码【1654412】的GSD为【-】
2021-07-14 01:07:44 GSD insert 第 1 次 等待 1 秒
2021-07-14 01:07:45 {"status":"ok","gid":269854,"msg":"添加成功！"}
2021-07-14 01:07:45 下次操作: 2021-07-14 01:07:53

2021-07-14 01:07:53 开始第 10 次操作

2021-07-14 01:07:53 开始操作号码 【1654413】
2021-07-14 01:07:57 GSD getOne 第 1 次 等待 1 秒
2021-07-14 01:07:58 查询号码 【1654413】，返回信息 {"status":"bad","msg":""}
2021-07-14 01:07:58 查询号码 【1654413】，GSD为【""】
2021-07-14 01:07:58 bad
2021-07-14 01:08:02 CHB 1654413?1626196078 第 1 次 等待 1 秒
2021-07-14 01:08:03 CHB 1654413?1626196078 第 1 次 获取到号码【1654413】GSD
2021-07-14 01:08:03 未获取到号码【1654413】GSD，可能号码格式错误
2021-07-14 01:08:03 获取到号码【1654413】的GSD为【-】
2021-07-14 01:08:07 GSD insert 第 1 次 等待 1 秒
2021-07-14 01:08:08 {"status":"ok","gid":269859,"msg":"添加成功！"}
2021-07-14 01:08:08 下次操作: 2021-07-14 01:08:24

2021-07-14 01:08:24 开始第 11 次操作

2021-07-14 01:08:24 开始操作号码 【1654414】
2021-07-14 01:08:26 GSD getOne 第 1 次 等待 1 秒
2021-07-14 01:08:27 查询号码 【1654414】，返回信息 {"status":"bad","msg":""}
2021-07-14 01:08:27 查询号码 【1654414】，GSD为【""】
2021-07-14 01:08:27 bad
2021-07-14 01:08:30 CHB 1654414?1626196107 第 1 次 等待 1 秒
2021-07-14 01:08:31 CHB 1654414?1626196107 第 1 次 获取到号码【1654414】GSD
2021-07-14 01:08:31 未获取到号码【1654414】GSD，可能号码格式错误
2021-07-14 01:08:31 获取到号码【1654414】的GSD为【-】
2021-07-14 01:08:34 GSD insert 第 1 次 等待 1 秒
2021-07-14 01:08:35 {"status":"ok","gid":269871,"msg":"添加成功！"}
2021-07-14 01:08:35 下次操作: 2021-07-14 01:08:49

2021-07-14 01:08:49 开始第 12 次操作

2021-07-14 01:08:49 开始操作号码 【1654415】
2021-07-14 01:08:52 GSD getOne 第 1 次 等待 1 秒
2021-07-14 01:08:53 查询号码 【1654415】，返回信息 {"status":"bad","msg":""}
2021-07-14 01:08:53 查询号码 【1654415】，GSD为【""】
2021-07-14 01:08:53 bad
2021-07-14 01:08:55 CHB 1654415?1626196133 第 1 次 等待 1 秒
2021-07-14 01:08:56 CHB 1654415?1626196133 第 1 次 获取到号码【1654415】GSD
2021-07-14 01:08:56 未获取到号码【1654415】GSD，可能号码格式错误
2021-07-14 01:08:56 获取到号码【1654415】的GSD为【-】
2021-07-14 01:09:00 GSD insert 第 1 次 等待 1 秒
2021-07-14 01:09:01 {"status":"ok","gid":269877,"msg":"添加成功！"}
2021-07-14 01:09:01 下次操作: 2021-07-14 01:09:08

2021-07-14 01:09:08 开始第 13 次操作

2021-07-14 01:09:08 开始操作号码 【1654416】
2021-07-14 01:09:12 GSD getOne 第 1 次 等待 1 秒
2021-07-14 01:09:13 查询号码 【1654416】，返回信息 {"status":"bad","msg":""}
2021-07-14 01:09:14 查询号码 【1654416】，GSD为【""】
2021-07-14 01:09:14 bad
2021-07-14 01:09:15 CHB 1654416?1626196154 第 1 次 等待 1 秒
2021-07-14 01:09:16 CHB 1654416?1626196154 第 1 次 获取到号码【1654416】GSD
2021-07-14 01:09:16 未获取到号码【1654416】GSD，可能号码格式错误
2021-07-14 01:09:16 获取到号码【1654416】的GSD为【-】
2021-07-14 01:09:21 GSD insert 第 1 次 等待 1 秒
2021-07-14 01:09:22 {"status":"ok","gid":269882,"msg":"添加成功！"}
2021-07-14 01:09:22 下次操作: 2021-07-14 01:09:40

2021-07-14 01:09:40 开始第 14 次操作

2021-07-14 01:09:40 开始操作号码 【1654417】
2021-07-14 01:09:46 GSD getOne 第 1 次 等待 1 秒
2021-07-14 01:09:47 查询号码 【1654417】，返回信息 {"status":"bad","msg":""}
2021-07-14 01:09:47 查询号码 【1654417】，GSD为【""】
2021-07-14 01:09:47 bad
2021-07-14 01:09:49 CHB 1654417?1626196187 第 1 次 等待 1 秒
2021-07-14 01:09:50 CHB 1654417?1626196187 第 1 次 获取到号码【1654417】GSD
2021-07-14 01:09:50 未获取到号码【1654417】GSD，可能号码格式错误
2021-07-14 01:09:50 获取到号码【1654417】的GSD为【-】
2021-07-14 01:09:55 GSD insert 第 1 次 等待 1 秒
2021-07-14 01:09:56 {"status":"ok","gid":269894,"msg":"添加成功！"}
2021-07-14 01:09:56 下次操作: 2021-07-14 01:10:02

2021-07-14 01:10:02 开始第 15 次操作

2021-07-14 01:10:02 开始操作号码 【1654418】
2021-07-14 01:10:06 GSD getOne 第 1 次 等待 1 秒
2021-07-14 01:10:07 查询号码 【1654418】，返回信息 {"status":"bad","msg":""}
2021-07-14 01:10:07 查询号码 【1654418】，GSD为【""】
2021-07-14 01:10:07 bad
2021-07-14 01:10:12 CHB 1654418?1626196207 第 1 次 等待 1 秒
2021-07-14 01:10:13 CHB 1654418?1626196207 第 1 次 获取到号码【1654418】GSD
2021-07-14 01:10:13 未获取到号码【1654418】GSD，可能号码格式错误
2021-07-14 01:10:13 获取到号码【1654418】的GSD为【-】
2021-07-14 01:10:21 GSD insert 第 1 次 等待 1 秒
2021-07-14 01:10:22 {"status":"ok","gid":269902,"msg":"添加成功！"}
2021-07-14 01:10:22 下次操作: 2021-07-14 01:10:35

2021-07-14 01:10:35 开始第 16 次操作

2021-07-14 01:10:35 开始操作号码 【1654419】
2021-07-14 01:10:38 GSD getOne 第 1 次 等待 1 秒
2021-07-14 01:10:39 查询号码 【1654419】，返回信息 {"status":"bad","msg":""}
2021-07-14 01:10:39 查询号码 【1654419】，GSD为【""】
2021-07-14 01:10:39 bad
2021-07-14 01:10:42 CHB 1654419?1626196239 第 1 次 等待 1 秒
2021-07-14 01:10:43 CHB 1654419?1626196239 第 1 次 获取到号码【1654419】GSD
2021-07-14 01:10:43 未获取到号码【1654419】GSD，可能号码格式错误
2021-07-14 01:10:43 获取到号码【1654419】的GSD为【-】
2021-07-14 01:10:47 GSD insert 第 1 次 等待 1 秒
2021-07-14 01:10:48 {"status":"ok","gid":269912,"msg":"添加成功！"}
2021-07-14 01:10:48 下次操作: 2021-07-14 01:10:56

2021-07-14 01:10:56 开始第 17 次操作

2021-07-14 01:10:56 开始操作号码 【1654420】
2021-07-14 01:11:00 GSD getOne 第 1 次 等待 1 秒
2021-07-14 01:11:01 查询号码 【1654420】，返回信息 {"status":"bad","msg":""}
2021-07-14 01:11:02 查询号码 【1654420】，GSD为【""】
2021-07-14 01:11:02 bad
2021-07-14 01:11:03 CHB 1654420?1626196262 第 1 次 等待 1 秒
2021-07-14 01:11:04 CHB 1654420?1626196262 第 1 次 获取到号码【1654420】GSD
2021-07-14 01:11:04 未获取到号码【1654420】GSD，可能号码格式错误
2021-07-14 01:11:04 获取到号码【1654420】的GSD为【-】
2021-07-14 01:11:08 GSD insert 第 1 次 等待 1 秒
2021-07-14 01:11:09 {"status":"ok","gid":269918,"msg":"添加成功！"}
2021-07-14 01:11:09 下次操作: 2021-07-14 01:11:23

2021-07-14 01:11:23 开始第 18 次操作

2021-07-14 01:11:23 开始操作号码 【1654421】
2021-07-14 01:11:31 GSD getOne 第 1 次 等待 1 秒
2021-07-14 01:11:32 查询号码 【1654421】，返回信息 {"status":"bad","msg":""}
2021-07-14 01:11:32 查询号码 【1654421】，GSD为【""】
2021-07-14 01:11:32 bad
2021-07-14 01:11:35 CHB 1654421?1626196292 第 1 次 等待 1 秒
2021-07-14 01:11:36 CHB 1654421?1626196292 第 1 次 获取到号码【1654421】GSD
2021-07-14 01:11:36 未获取到号码【1654421】GSD，可能号码格式错误
2021-07-14 01:11:36 获取到号码【1654421】的GSD为【-】
2021-07-14 01:11:39 GSD insert 第 1 次 等待 1 秒
2021-07-14 01:11:40 {"status":"ok","gid":269926,"msg":"添加成功！"}
2021-07-14 01:11:40 下次操作: 2021-07-14 01:11:49

2021-07-14 01:11:49 开始第 19 次操作

2021-07-14 01:11:49 开始操作号码 【1654422】
2021-07-14 01:11:54 GSD getOne 第 1 次 等待 1 秒
2021-07-14 01:11:55 查询号码 【1654422】，返回信息 {"status":"bad","msg":""}
2021-07-14 01:11:55 查询号码 【1654422】，GSD为【""】
2021-07-14 01:11:55 bad
2021-07-14 01:12:00 CHB 1654422?1626196315 第 1 次 等待 1 秒
2021-07-14 01:12:01 CHB 1654422?1626196315 第 1 次 获取到号码【1654422】GSD
2021-07-14 01:12:01 未获取到号码【1654422】GSD，可能号码格式错误
2021-07-14 01:12:01 获取到号码【1654422】的GSD为【-】
2021-07-14 01:12:07 GSD insert 第 1 次 等待 1 秒
2021-07-14 01:12:08 {"status":"ok","gid":269937,"msg":"添加成功！"}
2021-07-14 01:12:08 下次操作: 2021-07-14 01:12:14

2021-07-14 01:12:14 开始第 20 次操作

2021-07-14 01:12:14 开始操作号码 【1654423】
2021-07-14 01:12:18 GSD getOne 第 1 次 等待 1 秒
2021-07-14 01:12:19 查询号码 【1654423】，返回信息 {"status":"bad","msg":""}
2021-07-14 01:12:19 查询号码 【1654423】，GSD为【""】
2021-07-14 01:12:19 bad
2021-07-14 01:12:21 CHB 1654423?1626196339 第 1 次 等待 1 秒
2021-07-14 01:12:22 CHB 1654423?1626196339 第 1 次 获取到号码【1654423】GSD
2021-07-14 01:12:22 未获取到号码【1654423】GSD，可能号码格式错误
2021-07-14 01:12:22 获取到号码【1654423】的GSD为【-】
2021-07-14 01:12:29 GSD insert 第 1 次 等待 1 秒
2021-07-14 01:12:30 {"status":"ok","gid":269945,"msg":"添加成功！"}
2021-07-14 01:12:30 下次操作: 2021-07-14 01:12:41

2021-07-14 01:12:41 开始第 21 次操作

2021-07-14 01:12:41 开始操作号码 【1654424】
2021-07-14 01:12:47 GSD getOne 第 1 次 等待 1 秒
2021-07-14 01:12:48 查询号码 【1654424】，返回信息 {"status":"bad","msg":""}
2021-07-14 01:12:48 查询号码 【1654424】，GSD为【""】
2021-07-14 01:12:48 bad
2021-07-14 01:12:50 CHB 1654424?1626196368 第 1 次 等待 1 秒
2021-07-14 01:12:51 CHB 1654424?1626196368 第 1 次 获取到号码【1654424】GSD
2021-07-14 01:12:52 未获取到号码【1654424】GSD，可能号码格式错误
2021-07-14 01:12:52 获取到号码【1654424】的GSD为【-】
2021-07-14 01:12:57 GSD insert 第 1 次 等待 1 秒
2021-07-14 01:12:58 {"status":"ok","gid":269954,"msg":"添加成功！"}
2021-07-14 01:12:58 下次操作: 2021-07-14 01:13:14

2021-07-14 01:13:14 开始第 22 次操作

2021-07-14 01:13:14 开始操作号码 【1654425】
2021-07-14 01:13:22 GSD getOne 第 1 次 等待 1 秒
2021-07-14 01:13:23 查询号码 【1654425】，返回信息 {"status":"bad","msg":""}
2021-07-14 01:13:23 查询号码 【1654425】，GSD为【""】
2021-07-14 01:13:23 bad
2021-07-14 01:13:26 CHB 1654425?1626196403 第 1 次 等待 1 秒
2021-07-14 01:13:27 CHB 1654425?1626196403 第 1 次 获取到号码【1654425】GSD
2021-07-14 01:13:27 未获取到号码【1654425】GSD，可能号码格式错误
2021-07-14 01:13:27 获取到号码【1654425】的GSD为【-】
2021-07-14 01:13:30 GSD insert 第 1 次 等待 1 秒
2021-07-14 01:13:31 {"status":"ok","gid":269961,"msg":"添加成功！"}
2021-07-14 01:13:31 下次操作: 2021-07-14 01:13:37

2021-07-14 01:13:37 开始第 23 次操作

2021-07-14 01:13:37 开始操作号码 【1654426】
2021-07-14 01:13:42 GSD getOne 第 1 次 等待 1 秒
2021-07-14 01:13:43 查询号码 【1654426】，返回信息 {"status":"bad","msg":""}
2021-07-14 01:13:43 查询号码 【1654426】，GSD为【""】
2021-07-14 01:13:43 bad
2021-07-14 01:13:45 CHB 1654426?1626196423 第 1 次 等待 1 秒
2021-07-14 01:13:46 CHB 1654426?1626196423 第 1 次 获取到号码【1654426】GSD
2021-07-14 01:13:46 未获取到号码【1654426】GSD，可能号码格式错误
2021-07-14 01:13:46 获取到号码【1654426】的GSD为【-】
2021-07-14 01:13:52 GSD insert 第 1 次 等待 1 秒
2021-07-14 01:13:53 {"status":"ok","gid":269969,"msg":"添加成功！"}
2021-07-14 01:13:53 下次操作: 2021-07-14 01:14:02

2021-07-14 01:14:02 开始第 24 次操作

2021-07-14 01:14:02 开始操作号码 【1654427】
2021-07-14 01:14:07 GSD getOne 第 1 次 等待 1 秒
2021-07-14 01:14:08 查询号码 【1654427】，返回信息 {"status":"bad","msg":""}
2021-07-14 01:14:08 查询号码 【1654427】，GSD为【""】
2021-07-14 01:14:08 bad
2021-07-14 01:14:10 CHB 1654427?1626196448 第 1 次 等待 1 秒
2021-07-14 01:14:11 CHB 1654427?1626196448 第 1 次 获取到号码【1654427】GSD
2021-07-14 01:14:11 未获取到号码【1654427】GSD，可能号码格式错误
2021-07-14 01:14:11 获取到号码【1654427】的GSD为【-】
2021-07-14 01:14:23 GSD insert 第 1 次 等待 1 秒
2021-07-14 01:14:24 {"status":"ok","gid":269978,"msg":"添加成功！"}
2021-07-14 01:14:24 下次操作: 2021-07-14 01:14:37

2021-07-14 01:14:37 开始第 25 次操作

2021-07-14 01:14:37 开始操作号码 【1654428】
2021-07-14 01:14:47 GSD getOne 第 1 次 等待 1 秒
2021-07-14 01:14:48 查询号码 【1654428】，返回信息 {"status":"bad","msg":""}
2021-07-14 01:14:48 查询号码 【1654428】，GSD为【""】
2021-07-14 01:14:48 bad
2021-07-14 01:14:50 CHB 1654428?1626196488 第 1 次 等待 1 秒
2021-07-14 01:14:51 CHB 1654428?1626196488 第 1 次 获取到号码【1654428】GSD
2021-07-14 01:14:51 未获取到号码【1654428】GSD，可能号码格式错误
2021-07-14 01:14:51 获取到号码【1654428】的GSD为【-】
2021-07-14 01:14:56 GSD insert 第 1 次 等待 1 秒
2021-07-14 01:14:57 {"status":"ok","gid":269987,"msg":"添加成功！"}
2021-07-14 01:14:57 下次操作: 2021-07-14 01:15:09

2021-07-14 01:15:09 开始第 26 次操作

2021-07-14 01:15:09 开始操作号码 【1654429】
2021-07-14 01:15:17 GSD getOne 第 1 次 等待 1 秒
2021-07-14 01:15:18 查询号码 【1654429】，返回信息 {"status":"bad","msg":""}
2021-07-14 01:15:18 查询号码 【1654429】，GSD为【""】
2021-07-14 01:15:18 bad
2021-07-14 01:15:19 CHB 1654429?1626196518 第 1 次 等待 1 秒
2021-07-14 01:15:20 CHB 1654429?1626196518 第 1 次 获取到号码【1654429】GSD
2021-07-14 01:15:21 未获取到号码【1654429】GSD，可能号码格式错误
2021-07-14 01:15:21 获取到号码【1654429】的GSD为【-】
2021-07-14 01:15:26 GSD insert 第 1 次 等待 1 秒
2021-07-14 01:15:27 {"status":"ok","gid":269995,"msg":"添加成功！"}
2021-07-14 01:15:27 下次操作: 2021-07-14 01:15:41

2021-07-14 01:15:41 开始第 27 次操作

2021-07-14 01:15:41 开始操作号码 【1654430】
2021-07-14 01:15:44 GSD getOne 第 1 次 等待 1 秒
2021-07-14 01:15:45 查询号码 【1654430】，返回信息 {"status":"bad","msg":""}
2021-07-14 01:15:45 查询号码 【1654430】，GSD为【""】
2021-07-14 01:15:45 bad
2021-07-14 01:15:47 CHB 1654430?1626196545 第 1 次 等待 1 秒
2021-07-14 01:15:48 CHB 1654430?1626196545 第 1 次 获取到号码【1654430】GSD
2021-07-14 01:15:48 未获取到号码【1654430】GSD，可能号码格式错误
2021-07-14 01:15:48 获取到号码【1654430】的GSD为【-】
2021-07-14 01:15:54 GSD insert 第 1 次 等待 1 秒
2021-07-14 01:15:55 {"status":"ok","gid":270003,"msg":"添加成功！"}
2021-07-14 01:15:55 下次操作: 2021-07-14 01:16:07

2021-07-14 01:16:07 开始第 28 次操作

2021-07-14 01:16:07 开始操作号码 【1654431】
2021-07-14 01:16:17 GSD getOne 第 1 次 等待 1 秒
2021-07-14 01:16:18 查询号码 【1654431】，返回信息 {"status":"bad","msg":""}
2021-07-14 01:16:18 查询号码 【1654431】，GSD为【""】
2021-07-14 01:16:18 bad
2021-07-14 01:16:21 CHB 1654431?1626196578 第 1 次 等待 1 秒
2021-07-14 01:16:22 CHB 1654431?1626196578 第 1 次 获取到号码【1654431】GSD
2021-07-14 01:16:22 未获取到号码【1654431】GSD，可能号码格式错误
2021-07-14 01:16:22 获取到号码【1654431】的GSD为【-】
2021-07-14 01:16:26 GSD insert 第 1 次 等待 1 秒
2021-07-14 01:16:27 {"status":"ok","gid":270013,"msg":"添加成功！"}
2021-07-14 01:16:27 下次操作: 2021-07-14 01:16:43

2021-07-14 01:16:43 开始第 29 次操作

2021-07-14 01:16:43 开始操作号码 【1654432】
2021-07-14 01:16:51 GSD getOne 第 1 次 等待 1 秒
2021-07-14 01:16:52 查询号码 【1654432】，返回信息 {"status":"bad","msg":""}
2021-07-14 01:16:53 查询号码 【1654432】，GSD为【""】
2021-07-14 01:16:53 bad
2021-07-14 01:16:59 CHB 1654432?1626196613 第 1 次 等待 1 秒
2021-07-14 01:17:00 CHB 1654432?1626196613 第 1 次 获取到号码【1654432】GSD
2021-07-14 01:17:00 未获取到号码【1654432】GSD，可能号码格式错误
2021-07-14 01:17:00 获取到号码【1654432】的GSD为【-】
2021-07-14 01:17:03 GSD insert 第 1 次 等待 1 秒
2021-07-14 01:17:04 {"status":"ok","gid":270020,"msg":"添加成功！"}
2021-07-14 01:17:04 下次操作: 2021-07-14 01:17:16

2021-07-14 01:17:16 开始第 30 次操作

2021-07-14 01:17:16 开始操作号码 【1654433】
2021-07-14 01:17:25 GSD getOne 第 1 次 等待 1 秒
2021-07-14 01:17:26 查询号码 【1654433】，返回信息 {"status":"bad","msg":""}
2021-07-14 01:17:26 查询号码 【1654433】，GSD为【""】
2021-07-14 01:17:26 bad
2021-07-14 01:17:34 CHB 1654433?1626196646 第 1 次 等待 1 秒
2021-07-14 01:17:35 CHB 1654433?1626196646 第 1 次 获取到号码【1654433】GSD
2021-07-14 01:17:35 未获取到号码【1654433】GSD，可能号码格式错误
2021-07-14 01:17:35 获取到号码【1654433】的GSD为【-】
2021-07-14 01:17:40 GSD insert 第 1 次 等待 1 秒
2021-07-14 01:17:41 {"status":"ok","gid":270025,"msg":"添加成功！"}

