2024-11-12 00:12:30 开始第 4489 次操作

2024-11-12 00:12:30 开始操作号码 【1304488】
2024-11-12 00:12:32 GSD getOne 第 1 次 等待 3 秒
2024-11-12 00:12:35 查询号码 【1304488】，返回信息 {"status":"ok","msg":"湖北-荆门","gid":"91721","time_insert":"2021-06-11 19:12"}
2024-11-12 00:12:35 查询号码 【1304488】，GSD为【"湖北-荆门"】

2024-11-12 00:12:36 开始第 4490 次操作

2024-11-12 00:12:36 开始操作号码 【1304489】
2024-11-12 00:12:37 GSD getOne 第 1 次 等待 3 秒
2024-11-12 00:12:40 查询号码 【1304489】，返回信息 {"status":"ok","msg":"湖北-荆门","gid":"91748","time_insert":"2021-06-11 19:36"}
2024-11-12 00:12:40 查询号码 【1304489】，GSD为【"湖北-荆门"】

2024-11-12 00:12:41 开始第 4491 次操作

2024-11-12 00:12:41 开始操作号码 【1304490】
2024-11-12 00:12:42 GSD getOne 第 1 次 等待 3 秒
2024-11-12 00:12:45 查询号码 【1304490】，返回信息 {"status":"ok","msg":"江西-南昌","gid":"91771","time_insert":"2021-06-11 19:57"}
2024-11-12 00:12:45 查询号码 【1304490】，GSD为【"江西-南昌"】

2024-11-12 00:12:46 开始第 4492 次操作

2024-11-12 00:12:46 开始操作号码 【1304491】
2024-11-12 00:12:47 GSD getOne 第 1 次 等待 3 秒
2024-11-12 00:12:50 查询号码 【1304491】，返回信息 {"status":"ok","msg":"江西-南昌","gid":"91801","time_insert":"2021-06-11 20:24"}
2024-11-12 00:12:51 查询号码 【1304491】，GSD为【"江西-南昌"】

2024-11-12 00:41:28 开始第 4493 次操作

2024-11-12 00:41:28 开始操作号码 【1304492】
2024-11-12 00:41:32 GSD getOne 第 1 次 等待 3 秒
2024-11-12 00:41:35 查询号码 【1304492】，返回信息 {"status":"ok","msg":"江西-九江","gid":"396","time_insert":"2020-06-10 19:24","time_update":"2020-09-08 23:25"}
2024-11-12 00:41:35 查询号码 【1304492】，GSD为【"江西-九江"】

2024-11-12 00:41:36 开始第 4494 次操作

2024-11-12 00:41:36 开始操作号码 【1304493】
2024-11-12 00:41:37 GSD getOne 第 1 次 等待 3 秒
2024-11-12 00:41:40 查询号码 【1304493】，返回信息 {"status":"ok","msg":"江西-上饶","gid":"91823","time_insert":"2021-06-11 20:39"}
2024-11-12 00:41:40 查询号码 【1304493】，GSD为【"江西-上饶"】

2024-11-12 00:41:41 开始第 4495 次操作

2024-11-12 00:41:41 开始操作号码 【1304494】
2024-11-12 00:41:42 GSD getOne 第 1 次 等待 3 秒
2024-11-12 00:41:45 查询号码 【1304494】，返回信息 {"status":"ok","msg":"江西-抚州","gid":"91853","time_insert":"2021-06-11 21:08"}
2024-11-12 00:41:45 查询号码 【1304494】，GSD为【"江西-抚州"】

2024-11-12 00:41:46 开始第 4496 次操作

2024-11-12 00:41:46 开始操作号码 【1304495】
2024-11-12 00:41:47 GSD getOne 第 1 次 等待 3 秒
2024-11-12 00:41:50 查询号码 【1304495】，返回信息 {"status":"ok","msg":"江西-宜春","gid":"91881","time_insert":"2021-06-11 21:34"}
2024-11-12 00:41:50 查询号码 【1304495】，GSD为【"江西-宜春"】

2024-11-12 01:08:54 开始第 4497 次操作

2024-11-12 01:08:54 开始操作号码 【1304496】
2024-11-12 01:08:55 GSD getOne 第 1 次 等待 3 秒
2024-11-12 01:08:58 查询号码 【1304496】，返回信息 {"status":"ok","msg":"江西-吉安","gid":"91918","time_insert":"2021-06-11 22:04"}
2024-11-12 01:08:58 查询号码 【1304496】，GSD为【"江西-吉安"】

2024-11-12 01:08:59 开始第 4498 次操作

2024-11-12 01:08:59 开始操作号码 【1304497】
2024-11-12 01:09:00 GSD getOne 第 1 次 等待 3 秒
2024-11-12 01:09:03 查询号码 【1304497】，返回信息 {"status":"ok","msg":"江西-赣州","gid":"91948","time_insert":"2021-06-11 22:31"}
2024-11-12 01:09:03 查询号码 【1304497】，GSD为【"江西-赣州"】

2024-11-12 01:09:04 开始第 4499 次操作

2024-11-12 01:09:04 开始操作号码 【1304498】
2024-11-12 01:09:05 GSD getOne 第 1 次 等待 3 秒
2024-11-12 01:09:08 查询号码 【1304498】，返回信息 {"status":"ok","msg":"江西-景德镇","gid":"91981","time_insert":"2021-06-11 22:57"}
2024-11-12 01:09:08 查询号码 【1304498】，GSD为【"江西-景德镇"】

2024-11-12 01:09:09 开始第 4500 次操作

2024-11-12 01:09:09 开始操作号码 【1304499】
2024-11-12 01:09:10 GSD getOne 第 1 次 等待 3 秒
2024-11-12 01:09:13 查询号码 【1304499】，返回信息 {"status":"ok","msg":"江西-萍乡","gid":"92014","time_insert":"2021-06-11 23:25"}
2024-11-12 01:09:13 查询号码 【1304499】，GSD为【"江西-萍乡"】

2024-11-12 01:34:07 开始第 4501 次操作

2024-11-12 01:34:07 开始操作号码 【1304500】
2024-11-12 01:34:08 GSD getOne 第 1 次 等待 3 秒
2024-11-12 01:34:11 查询号码 【1304500】，返回信息 {"status":"ok","msg":"山东-青岛","gid":"92046","time_insert":"2021-06-11 23:54"}
2024-11-12 01:34:11 查询号码 【1304500】，GSD为【"山东-青岛"】

2024-11-12 01:34:12 开始第 4502 次操作

2024-11-12 01:34:12 开始操作号码 【1304501】
2024-11-12 01:34:13 GSD getOne 第 1 次 等待 3 秒
2024-11-12 01:34:16 查询号码 【1304501】，返回信息 {"status":"ok","msg":"山东-青岛","gid":"92076","time_insert":"2021-06-12 00:20"}
2024-11-12 01:34:16 查询号码 【1304501】，GSD为【"山东-青岛"】

2024-11-12 01:34:17 开始第 4503 次操作

2024-11-12 01:34:17 开始操作号码 【1304502】
2024-11-12 01:34:19 GSD getOne 第 1 次 等待 3 秒
2024-11-12 01:34:22 查询号码 【1304502】，返回信息 {"status":"ok","msg":"山东-青岛","gid":"92111","time_insert":"2021-06-12 00:48"}
2024-11-12 01:34:22 查询号码 【1304502】，GSD为【"山东-青岛"】

2024-11-12 01:34:23 开始第 4504 次操作

2024-11-12 01:34:23 开始操作号码 【1304503】
2024-11-12 01:34:24 GSD getOne 第 1 次 等待 3 秒
2024-11-12 01:34:27 查询号码 【1304503】，返回信息 {"status":"ok","msg":"山东-青岛","gid":"92146","time_insert":"2021-06-12 01:18"}
2024-11-12 01:34:27 查询号码 【1304503】，GSD为【"山东-青岛"】

2024-11-12 02:13:03 开始第 4505 次操作

2024-11-12 02:13:03 开始操作号码 【1304504】
2024-11-12 02:13:04 GSD getOne 第 1 次 等待 3 秒
2024-11-12 02:13:07 查询号码 【1304504】，返回信息 {"status":"ok","msg":"山东-青岛","gid":"92170","time_insert":"2021-06-12 01:40"}
2024-11-12 02:13:07 查询号码 【1304504】，GSD为【"山东-青岛"】

2024-11-12 02:13:08 开始第 4506 次操作

2024-11-12 02:13:08 开始操作号码 【1304505】
2024-11-12 02:13:09 GSD getOne 第 1 次 等待 3 秒
2024-11-12 02:13:12 查询号码 【1304505】，返回信息 {"status":"ok","msg":"山东-青岛","gid":"92195","time_insert":"2021-06-12 02:04"}
2024-11-12 02:13:12 查询号码 【1304505】，GSD为【"山东-青岛"】

2024-11-12 02:13:13 开始第 4507 次操作

2024-11-12 02:13:13 开始操作号码 【1304506】
2024-11-12 02:13:14 GSD getOne 第 1 次 等待 3 秒
2024-11-12 02:13:17 查询号码 【1304506】，返回信息 {"status":"ok","msg":"山东-青岛","gid":"92226","time_insert":"2021-06-12 02:27"}
2024-11-12 02:13:17 查询号码 【1304506】，GSD为【"山东-青岛"】

2024-11-12 02:13:18 开始第 4508 次操作

2024-11-12 02:13:18 开始操作号码 【1304507】
2024-11-12 02:13:19 GSD getOne 第 1 次 等待 3 秒
2024-11-12 02:13:22 查询号码 【1304507】，返回信息 {"status":"ok","msg":"山东-青岛","gid":"92260","time_insert":"2021-06-12 02:54"}
2024-11-12 02:13:22 查询号码 【1304507】，GSD为【"山东-青岛"】

2024-11-12 02:40:23 开始第 4509 次操作

2024-11-12 02:40:23 开始操作号码 【1304508】
2024-11-12 02:40:24 GSD getOne 第 1 次 等待 3 秒
2024-11-12 02:40:27 查询号码 【1304508】，返回信息 {"status":"ok","msg":"山东-青岛","gid":"92280","time_insert":"2021-06-12 03:17"}
2024-11-12 02:40:27 查询号码 【1304508】，GSD为【"山东-青岛"】

2024-11-12 02:40:28 开始第 4510 次操作

2024-11-12 02:40:28 开始操作号码 【1304509】
2024-11-12 02:40:29 GSD getOne 第 1 次 等待 3 秒
2024-11-12 02:40:32 查询号码 【1304509】，返回信息 {"status":"ok","msg":"山东-青岛","gid":"92304","time_insert":"2021-06-12 03:39"}
2024-11-12 02:40:32 查询号码 【1304509】，GSD为【"山东-青岛"】

2024-11-12 02:40:33 开始第 4511 次操作

2024-11-12 02:40:33 开始操作号码 【1304510】
2024-11-12 02:40:34 GSD getOne 第 1 次 等待 3 秒
2024-11-12 02:40:37 查询号码 【1304510】，返回信息 {"status":"ok","msg":"黑龙江-哈尔滨","gid":"92341","time_insert":"2021-06-12 04:06"}
2024-11-12 02:40:38 查询号码 【1304510】，GSD为【"黑龙江-哈尔滨"】

2024-11-12 02:40:39 开始第 4512 次操作

2024-11-12 02:40:39 开始操作号码 【1304511】
2024-11-12 02:40:40 GSD getOne 第 1 次 等待 3 秒
2024-11-12 02:40:43 查询号码 【1304511】，返回信息 {"status":"ok","msg":"黑龙江-哈尔滨","gid":"92370","time_insert":"2021-06-12 04:33"}
2024-11-12 02:40:43 查询号码 【1304511】，GSD为【"黑龙江-哈尔滨"】

2024-11-12 03:07:38 开始第 4513 次操作

2024-11-12 03:07:38 开始操作号码 【1304512】
2024-11-12 03:07:39 GSD getOne 第 1 次 等待 3 秒
2024-11-12 03:07:42 查询号码 【1304512】，返回信息 {"status":"ok","msg":"黑龙江-哈尔滨","gid":"92393","time_insert":"2021-06-12 04:54"}
2024-11-12 03:07:42 查询号码 【1304512】，GSD为【"黑龙江-哈尔滨"】

2024-11-12 03:07:43 开始第 4514 次操作

2024-11-12 03:07:43 开始操作号码 【1304513】
2024-11-12 03:07:44 GSD getOne 第 1 次 等待 3 秒
2024-11-12 03:07:47 查询号码 【1304513】，返回信息 {"status":"ok","msg":"黑龙江-哈尔滨","gid":"92420","time_insert":"2021-06-12 05:15"}
2024-11-12 03:07:47 查询号码 【1304513】，GSD为【"黑龙江-哈尔滨"】

2024-11-12 03:07:48 开始第 4515 次操作

2024-11-12 03:07:48 开始操作号码 【1304514】
2024-11-12 03:07:49 GSD getOne 第 1 次 等待 3 秒
2024-11-12 03:07:52 查询号码 【1304514】，返回信息 {"status":"ok","msg":"黑龙江-哈尔滨","gid":"92452","time_insert":"2021-06-12 05:43"}
2024-11-12 03:07:52 查询号码 【1304514】，GSD为【"黑龙江-哈尔滨"】

2024-11-12 03:07:53 开始第 4516 次操作

2024-11-12 03:07:53 开始操作号码 【1304515】
2024-11-12 03:07:54 GSD getOne 第 1 次 等待 3 秒
2024-11-12 03:07:57 查询号码 【1304515】，返回信息 {"status":"ok","msg":"黑龙江-哈尔滨","gid":"92478","time_insert":"2021-06-12 06:07"}
2024-11-12 03:07:57 查询号码 【1304515】，GSD为【"黑龙江-哈尔滨"】

2024-11-12 03:32:45 开始第 4517 次操作

2024-11-12 03:32:45 开始操作号码 【1304516】
2024-11-12 03:32:47 GSD getOne 第 1 次 等待 3 秒
2024-11-12 03:32:50 查询号码 【1304516】，返回信息 {"status":"ok","msg":"黑龙江-哈尔滨","gid":"92511","time_insert":"2021-06-12 06:35"}
2024-11-12 03:32:50 查询号码 【1304516】，GSD为【"黑龙江-哈尔滨"】

2024-11-12 03:32:51 开始第 4518 次操作

2024-11-12 03:32:51 开始操作号码 【1304517】
2024-11-12 03:32:52 GSD getOne 第 1 次 等待 3 秒
2024-11-12 03:32:55 查询号码 【1304517】，返回信息 {"status":"ok","msg":"黑龙江-哈尔滨","gid":"92542","time_insert":"2021-06-12 06:58","time_update":"2021-06-12 07:20"}
2024-11-12 03:32:55 查询号码 【1304517】，GSD为【"黑龙江-哈尔滨"】

2024-11-12 03:32:56 开始第 4519 次操作

2024-11-12 03:32:56 开始操作号码 【1304518】
2024-11-12 03:32:57 GSD getOne 第 1 次 等待 3 秒
2024-11-12 03:33:00 查询号码 【1304518】，返回信息 {"status":"ok","msg":"黑龙江-哈尔滨","gid":"92570","time_insert":"2021-06-12 07:25"}
2024-11-12 03:33:00 查询号码 【1304518】，GSD为【"黑龙江-哈尔滨"】

2024-11-12 03:33:01 开始第 4520 次操作

2024-11-12 03:33:01 开始操作号码 【1304519】
2024-11-12 03:33:02 GSD getOne 第 1 次 等待 3 秒
2024-11-12 03:33:05 查询号码 【1304519】，返回信息 {"status":"ok","msg":"黑龙江-哈尔滨","gid":"92597","time_insert":"2021-06-12 07:49"}
2024-11-12 03:33:05 查询号码 【1304519】，GSD为【"黑龙江-哈尔滨"】

2024-11-12 04:10:41 开始第 4521 次操作

2024-11-12 04:10:41 开始操作号码 【1304520】
2024-11-12 04:10:43 GSD getOne 第 1 次 等待 3 秒
2024-11-12 04:10:46 查询号码 【1304520】，返回信息 {"status":"ok","msg":"黑龙江-齐齐哈尔","gid":"92612","time_insert":"2021-06-12 08:03"}
2024-11-12 04:10:46 查询号码 【1304520】，GSD为【"黑龙江-齐齐哈尔"】

2024-11-12 04:10:47 开始第 4522 次操作

2024-11-12 04:10:47 开始操作号码 【1304521】
2024-11-12 04:10:48 GSD getOne 第 1 次 等待 3 秒
2024-11-12 04:10:51 查询号码 【1304521】，返回信息 {"status":"ok","msg":"黑龙江-齐齐哈尔","gid":"92641","time_insert":"2021-06-12 08:30"}
2024-11-12 04:10:51 查询号码 【1304521】，GSD为【"黑龙江-齐齐哈尔"】

2024-11-12 04:10:52 开始第 4523 次操作

2024-11-12 04:10:52 开始操作号码 【1304522】
2024-11-12 04:10:53 GSD getOne 第 1 次 等待 3 秒
2024-11-12 04:10:56 查询号码 【1304522】，返回信息 {"status":"ok","msg":"黑龙江-齐齐哈尔","gid":"92671","time_insert":"2021-06-12 08:59"}
2024-11-12 04:10:56 查询号码 【1304522】，GSD为【"黑龙江-齐齐哈尔"】

2024-11-12 04:10:57 开始第 4524 次操作

2024-11-12 04:10:57 开始操作号码 【1304523】
2024-11-12 04:10:59 GSD getOne 第 1 次 等待 3 秒
2024-11-12 04:11:02 查询号码 【1304523】，返回信息 {"status":"ok","msg":"黑龙江-齐齐哈尔","gid":"92696","time_insert":"2021-06-12 09:19"}
2024-11-12 04:11:02 查询号码 【1304523】，GSD为【"黑龙江-齐齐哈尔"】

