2021-07-29 00:01:55 开始第 9 次操作

2021-07-29 00:01:55 开始操作号码 【1867926】
2021-07-29 00:02:07 GSD getOne 第 1 次 等待 3 秒
2021-07-29 00:02:10 查询号码 【1867926】，返回信息 {"status":"bad","msg":""}
2021-07-29 00:02:10 查询号码 【1867926】，GSD为【""】
2021-07-29 00:02:10 bad
2021-07-29 00:02:13 CHB 1867926?1627488130 第 1 次 等待 3 秒
2021-07-29 00:02:16 CHB 1867926?1627488130 第 1 次 获取到号码【1867926】GSD
2021-07-29 00:02:16 获取到号码【1867926】的GSD为【江西-九江】
2021-07-29 00:02:20 GSD insert 第 1 次 等待 3 秒
2021-07-29 00:02:23 {"status":"ok","gid":428353,"msg":"添加成功！"}
2021-07-29 00:02:23 下次操作: 2021-07-29 00:02:35

2021-07-29 00:02:35 开始第 10 次操作

2021-07-29 00:02:35 开始操作号码 【1867925】
2021-07-29 00:02:41 GSD getOne 第 1 次 等待 3 秒
2021-07-29 00:02:44 查询号码 【1867925】，返回信息 {"status":"bad","msg":""}
2021-07-29 00:02:44 查询号码 【1867925】，GSD为【""】
2021-07-29 00:02:44 bad
2021-07-29 00:02:48 CHB 1867925?1627488164 第 1 次 等待 3 秒
2021-07-29 00:02:51 CHB 1867925?1627488164 第 1 次 获取到号码【1867925】GSD
2021-07-29 00:02:51 获取到号码【1867925】的GSD为【江西-九江】
2021-07-29 00:02:56 GSD insert 第 1 次 等待 3 秒
2021-07-29 00:02:59 {"status":"ok","gid":428359,"msg":"添加成功！"}
2021-07-29 00:02:59 下次操作: 2021-07-29 00:03:21

2021-07-29 00:03:21 开始第 11 次操作

2021-07-29 00:03:21 开始操作号码 【1867924】
2021-07-29 00:03:25 GSD getOne 第 1 次 等待 3 秒
2021-07-29 00:03:28 查询号码 【1867924】，返回信息 {"status":"bad","msg":""}
2021-07-29 00:03:28 查询号码 【1867924】，GSD为【""】
2021-07-29 00:03:28 bad
2021-07-29 00:03:30 CHB 1867924?1627488208 第 1 次 等待 3 秒
2021-07-29 00:03:33 CHB 1867924?1627488208 第 1 次 获取到号码【1867924】GSD
2021-07-29 00:03:33 获取到号码【1867924】的GSD为【江西-九江】
2021-07-29 00:03:36 GSD insert 第 1 次 等待 3 秒
2021-07-29 00:03:39 {"status":"ok","gid":428365,"msg":"添加成功！"}
2021-07-29 00:03:39 下次操作: 2021-07-29 00:04:03

2021-07-29 00:04:03 开始第 12 次操作

2021-07-29 00:04:03 开始操作号码 【1867923】
2021-07-29 00:04:06 GSD getOne 第 1 次 等待 3 秒
2021-07-29 00:04:09 查询号码 【1867923】，返回信息 {"status":"bad","msg":""}
2021-07-29 00:04:09 查询号码 【1867923】，GSD为【""】
2021-07-29 00:04:09 bad
2021-07-29 00:04:15 CHB 1867923?1627488249 第 1 次 等待 3 秒
2021-07-29 00:04:18 CHB 1867923?1627488249 第 1 次 获取到号码【1867923】GSD
2021-07-29 00:04:18 获取到号码【1867923】的GSD为【江西-九江】
2021-07-29 00:04:21 GSD insert 第 1 次 等待 3 秒
2021-07-29 00:04:24 {"status":"ok","gid":428373,"msg":"添加成功！"}
2021-07-29 00:04:24 下次操作: 2021-07-29 00:04:41

2021-07-29 00:04:41 开始第 13 次操作

2021-07-29 00:04:41 开始操作号码 【1867922】
2021-07-29 00:04:44 GSD getOne 第 1 次 等待 3 秒
2021-07-29 00:04:47 查询号码 【1867922】，返回信息 {"status":"bad","msg":""}
2021-07-29 00:04:47 查询号码 【1867922】，GSD为【""】
2021-07-29 00:04:47 bad
2021-07-29 00:04:51 CHB 1867922?1627488287 第 1 次 等待 3 秒
2021-07-29 00:04:54 CHB 1867922?1627488287 第 1 次 获取到号码【1867922】GSD
2021-07-29 00:04:54 获取到号码【1867922】的GSD为【江西-九江】
2021-07-29 00:05:06 GSD insert 第 1 次 等待 3 秒
2021-07-29 00:05:09 {"status":"ok","gid":428382,"msg":"添加成功！"}
2021-07-29 00:05:09 下次操作: 2021-07-29 00:05:31

2021-07-29 00:05:31 开始第 14 次操作

2021-07-29 00:05:31 开始操作号码 【1867921】
2021-07-29 00:05:35 GSD getOne 第 1 次 等待 3 秒
2021-07-29 00:05:38 查询号码 【1867921】，返回信息 {"status":"bad","msg":""}
2021-07-29 00:05:38 查询号码 【1867921】，GSD为【""】
2021-07-29 00:05:38 bad
2021-07-29 00:05:41 CHB 1867921?1627488338 第 1 次 等待 3 秒
2021-07-29 00:05:44 CHB 1867921?1627488338 第 1 次 获取到号码【1867921】GSD
2021-07-29 00:05:44 获取到号码【1867921】的GSD为【江西-九江】
2021-07-29 00:05:47 GSD insert 第 1 次 等待 3 秒
2021-07-29 00:05:50 {"status":"ok","gid":428389,"msg":"添加成功！"}
2021-07-29 00:05:50 下次操作: 2021-07-29 00:06:14

2021-07-29 00:06:14 开始第 15 次操作

2021-07-29 00:06:14 开始操作号码 【1867920】
2021-07-29 00:06:17 GSD getOne 第 1 次 等待 3 秒
2021-07-29 00:06:20 查询号码 【1867920】，返回信息 {"status":"bad","msg":""}
2021-07-29 00:06:20 查询号码 【1867920】，GSD为【""】
2021-07-29 00:06:20 bad
2021-07-29 00:06:22 CHB 1867920?1627488380 第 1 次 等待 3 秒
2021-07-29 00:06:25 CHB 1867920?1627488380 第 1 次 获取到号码【1867920】GSD
2021-07-29 00:06:25 获取到号码【1867920】的GSD为【江西-九江】
2021-07-29 00:06:30 GSD insert 第 1 次 等待 3 秒
2021-07-29 00:06:33 {"status":"ok","gid":428397,"msg":"添加成功！"}
2021-07-29 00:06:33 下次操作: 2021-07-29 00:06:55

2021-07-29 00:06:55 开始第 16 次操作

2021-07-29 00:06:55 开始操作号码 【1867919】
2021-07-29 00:07:04 GSD getOne 第 1 次 等待 3 秒
2021-07-29 00:07:07 查询号码 【1867919】，返回信息 {"status":"bad","msg":""}
2021-07-29 00:07:07 查询号码 【1867919】，GSD为【""】
2021-07-29 00:07:07 bad
2021-07-29 00:07:09 CHB 1867919?1627488427 第 1 次 等待 3 秒
2021-07-29 00:07:12 CHB 1867919?1627488427 第 1 次 获取到号码【1867919】GSD
2021-07-29 00:07:12 获取到号码【1867919】的GSD为【江西-南昌】
2021-07-29 00:07:15 GSD insert 第 1 次 等待 3 秒
2021-07-29 00:07:18 {"status":"ok","gid":428407,"msg":"添加成功！"}
2021-07-29 00:07:18 下次操作: 2021-07-29 00:07:31

2021-07-29 00:07:31 开始第 17 次操作

2021-07-29 00:07:31 开始操作号码 【1867918】
2021-07-29 00:07:37 GSD getOne 第 1 次 等待 3 秒
2021-07-29 00:07:40 查询号码 【1867918】，返回信息 {"status":"bad","msg":""}
2021-07-29 00:07:40 查询号码 【1867918】，GSD为【""】
2021-07-29 00:07:40 bad
2021-07-29 00:07:42 CHB 1867918?1627488460 第 1 次 等待 3 秒
2021-07-29 00:07:45 CHB 1867918?1627488460 第 1 次 获取到号码【1867918】GSD
2021-07-29 00:07:45 获取到号码【1867918】的GSD为【江西-南昌】
2021-07-29 00:07:48 GSD insert 第 1 次 等待 3 秒
2021-07-29 00:07:51 {"status":"ok","gid":428414,"msg":"添加成功！"}
2021-07-29 00:07:51 下次操作: 2021-07-29 00:08:14

2021-07-29 00:08:14 开始第 18 次操作

2021-07-29 00:08:14 开始操作号码 【1867917】
2021-07-29 00:08:17 GSD getOne 第 1 次 等待 3 秒
2021-07-29 00:08:20 查询号码 【1867917】，返回信息 {"status":"bad","msg":""}
2021-07-29 00:08:20 查询号码 【1867917】，GSD为【""】
2021-07-29 00:08:20 bad
2021-07-29 00:08:22 CHB 1867917?1627488500 第 1 次 等待 3 秒
2021-07-29 00:08:25 CHB 1867917?1627488500 第 1 次 获取到号码【1867917】GSD
2021-07-29 00:08:25 获取到号码【1867917】的GSD为【江西-南昌】
2021-07-29 00:08:29 GSD insert 第 1 次 等待 3 秒
2021-07-29 00:08:32 {"status":"ok","gid":428424,"msg":"添加成功！"}
2021-07-29 00:08:32 下次操作: 2021-07-29 00:08:46

2021-07-29 00:08:46 开始第 19 次操作

2021-07-29 00:08:46 开始操作号码 【1867916】
2021-07-29 00:08:51 GSD getOne 第 1 次 等待 3 秒
2021-07-29 00:08:54 查询号码 【1867916】，返回信息 {"status":"bad","msg":""}
2021-07-29 00:08:54 查询号码 【1867916】，GSD为【""】
2021-07-29 00:08:54 bad
2021-07-29 00:08:55 CHB 1867916?1627488534 第 1 次 等待 3 秒
2021-07-29 00:08:58 CHB 1867916?1627488534 第 1 次 获取到号码【1867916】GSD
2021-07-29 00:08:58 获取到号码【1867916】的GSD为【江西-南昌】
2021-07-29 00:09:01 GSD insert 第 1 次 等待 3 秒
2021-07-29 00:09:04 {"status":"ok","gid":428430,"msg":"添加成功！"}
2021-07-29 00:09:04 下次操作: 2021-07-29 00:09:24

2021-07-29 00:09:24 开始第 20 次操作

2021-07-29 00:09:24 开始操作号码 【1867915】
2021-07-29 00:09:29 GSD getOne 第 1 次 等待 3 秒
2021-07-29 00:09:32 查询号码 【1867915】，返回信息 {"status":"bad","msg":""}
2021-07-29 00:09:32 查询号码 【1867915】，GSD为【""】
2021-07-29 00:09:32 bad
2021-07-29 00:09:34 CHB 1867915?1627488572 第 1 次 等待 3 秒
2021-07-29 00:09:37 CHB 1867915?1627488572 第 1 次 获取到号码【1867915】GSD
2021-07-29 00:09:37 获取到号码【1867915】的GSD为【江西-南昌】
2021-07-29 00:09:45 GSD insert 第 1 次 等待 3 秒
2021-07-29 00:09:48 {"status":"ok","gid":428437,"msg":"添加成功！"}
2021-07-29 00:09:48 下次操作: 2021-07-29 00:10:09

2021-07-29 00:10:09 开始第 21 次操作

2021-07-29 00:10:09 开始操作号码 【1867914】
2021-07-29 00:10:12 GSD getOne 第 1 次 等待 3 秒
2021-07-29 00:10:15 查询号码 【1867914】，返回信息 {"status":"bad","msg":""}
2021-07-29 00:10:15 查询号码 【1867914】，GSD为【""】
2021-07-29 00:10:15 bad
2021-07-29 00:10:16 CHB 1867914?1627488615 第 1 次 等待 3 秒
2021-07-29 00:10:19 CHB 1867914?1627488615 第 1 次 获取到号码【1867914】GSD
2021-07-29 00:10:19 获取到号码【1867914】的GSD为【江西-南昌】
2021-07-29 00:10:22 GSD insert 第 1 次 等待 3 秒
2021-07-29 00:10:25 {"status":"ok","gid":428445,"msg":"添加成功！"}
2021-07-29 00:10:25 下次操作: 2021-07-29 00:10:38

2021-07-29 00:10:38 开始第 22 次操作

2021-07-29 00:10:38 开始操作号码 【1867913】
2021-07-29 00:10:44 GSD getOne 第 1 次 等待 3 秒
2021-07-29 00:10:47 查询号码 【1867913】，返回信息 {"status":"bad","msg":""}
2021-07-29 00:10:47 查询号码 【1867913】，GSD为【""】
2021-07-29 00:10:47 bad
2021-07-29 00:10:48 CHB 1867913?1627488647 第 1 次 等待 3 秒
2021-07-29 00:10:51 CHB 1867913?1627488647 第 1 次 获取到号码【1867913】GSD
2021-07-29 00:10:51 获取到号码【1867913】的GSD为【江西-南昌】
2021-07-29 00:10:57 GSD insert 第 1 次 等待 3 秒
2021-07-29 00:11:00 {"status":"ok","gid":428451,"msg":"添加成功！"}
2021-07-29 00:11:00 下次操作: 2021-07-29 00:11:15

2021-07-29 00:11:15 开始第 23 次操作

2021-07-29 00:11:15 开始操作号码 【1867912】
2021-07-29 00:11:19 GSD getOne 第 1 次 等待 3 秒
2021-07-29 00:11:22 查询号码 【1867912】，返回信息 {"status":"bad","msg":""}
2021-07-29 00:11:22 查询号码 【1867912】，GSD为【""】
2021-07-29 00:11:22 bad
2021-07-29 00:11:25 CHB 1867912?1627488682 第 1 次 等待 3 秒
2021-07-29 00:11:28 CHB 1867912?1627488682 第 1 次 获取到号码【1867912】GSD
2021-07-29 00:11:28 获取到号码【1867912】的GSD为【江西-南昌】
2021-07-29 00:11:38 GSD insert 第 1 次 等待 3 秒
2021-07-29 00:11:41 {"status":"ok","gid":428460,"msg":"添加成功！"}
2021-07-29 00:11:41 下次操作: 2021-07-29 00:11:53

2021-07-29 00:11:53 开始第 24 次操作

2021-07-29 00:11:53 开始操作号码 【1867911】
2021-07-29 00:11:59 GSD getOne 第 1 次 等待 3 秒
2021-07-29 00:12:02 查询号码 【1867911】，返回信息 {"status":"bad","msg":""}
2021-07-29 00:12:02 查询号码 【1867911】，GSD为【""】
2021-07-29 00:12:02 bad
2021-07-29 00:12:05 CHB 1867911?1627488722 第 1 次 等待 3 秒
2021-07-29 00:12:08 CHB 1867911?1627488722 第 1 次 获取到号码【1867911】GSD
2021-07-29 00:12:08 获取到号码【1867911】的GSD为【江西-南昌】
2021-07-29 00:12:16 GSD insert 第 1 次 等待 3 秒
2021-07-29 00:12:19 {"status":"ok","gid":428467,"msg":"添加成功！"}
2021-07-29 00:12:19 下次操作: 2021-07-29 00:12:36

2021-07-29 00:12:36 开始第 25 次操作

2021-07-29 00:12:36 开始操作号码 【1867910】
2021-07-29 00:12:39 GSD getOne 第 1 次 等待 3 秒
2021-07-29 00:12:42 查询号码 【1867910】，返回信息 {"status":"bad","msg":""}
2021-07-29 00:12:42 查询号码 【1867910】，GSD为【""】
2021-07-29 00:12:42 bad
2021-07-29 00:12:44 CHB 1867910?1627488762 第 1 次 等待 3 秒
2021-07-29 00:12:47 CHB 1867910?1627488762 第 1 次 获取到号码【1867910】GSD
2021-07-29 00:12:47 获取到号码【1867910】的GSD为【江西-南昌】
2021-07-29 00:12:49 GSD insert 第 1 次 等待 3 秒
2021-07-29 00:12:52 {"status":"ok","gid":428472,"msg":"添加成功！"}
2021-07-29 00:12:52 下次操作: 2021-07-29 00:13:12

2021-07-29 00:13:12 开始第 26 次操作

2021-07-29 00:13:12 开始操作号码 【1867909】
2021-07-29 00:13:15 GSD getOne 第 1 次 等待 3 秒
2021-07-29 00:13:18 查询号码 【1867909】，返回信息 {"status":"bad","msg":""}
2021-07-29 00:13:18 查询号码 【1867909】，GSD为【""】
2021-07-29 00:13:18 bad
2021-07-29 00:13:20 CHB 1867909?1627488798 第 1 次 等待 3 秒
2021-07-29 00:13:23 CHB 1867909?1627488798 第 1 次 获取到号码【1867909】GSD
2021-07-29 00:13:23 获取到号码【1867909】的GSD为【江西-新余】
2021-07-29 00:13:25 GSD insert 第 1 次 等待 3 秒
2021-07-29 00:13:28 {"status":"ok","gid":428479,"msg":"添加成功！"}
2021-07-29 00:13:28 下次操作: 2021-07-29 00:13:49

2021-07-29 00:13:49 开始第 27 次操作

2021-07-29 00:13:49 开始操作号码 【1867908】
2021-07-29 00:13:52 GSD getOne 第 1 次 等待 3 秒
2021-07-29 00:13:55 查询号码 【1867908】，返回信息 {"status":"bad","msg":""}
2021-07-29 00:13:55 查询号码 【1867908】，GSD为【""】
2021-07-29 00:13:55 bad
2021-07-29 00:13:57 CHB 1867908?1627488835 第 1 次 等待 3 秒
2021-07-29 00:14:00 CHB 1867908?1627488835 第 1 次 获取到号码【1867908】GSD
2021-07-29 00:14:00 获取到号码【1867908】的GSD为【江西-新余】
2021-07-29 00:14:04 GSD insert 第 1 次 等待 3 秒
2021-07-29 00:14:07 {"status":"ok","gid":428487,"msg":"添加成功！"}
2021-07-29 00:14:07 下次操作: 2021-07-29 00:14:28

2021-07-29 00:14:28 开始第 28 次操作

2021-07-29 00:14:28 开始操作号码 【1867907】
2021-07-29 00:14:31 GSD getOne 第 1 次 等待 3 秒
2021-07-29 00:14:34 查询号码 【1867907】，返回信息 {"status":"bad","msg":""}
2021-07-29 00:14:35 查询号码 【1867907】，GSD为【""】
2021-07-29 00:14:35 bad
2021-07-29 00:14:36 CHB 1867907?1627488875 第 1 次 等待 3 秒
2021-07-29 00:14:39 CHB 1867907?1627488875 第 1 次 获取到号码【1867907】GSD
2021-07-29 00:14:39 获取到号码【1867907】的GSD为【江西-赣州】
2021-07-29 00:14:42 GSD insert 第 1 次 等待 3 秒
2021-07-29 00:14:45 {"status":"ok","gid":428494,"msg":"添加成功！"}
2021-07-29 00:14:45 下次操作: 2021-07-29 00:15:04

2021-07-29 00:15:04 开始第 29 次操作

2021-07-29 00:15:04 开始操作号码 【1867906】
2021-07-29 00:15:07 GSD getOne 第 1 次 等待 3 秒
2021-07-29 00:15:10 查询号码 【1867906】，返回信息 {"status":"bad","msg":""}
2021-07-29 00:15:10 查询号码 【1867906】，GSD为【""】
2021-07-29 00:15:10 bad
2021-07-29 00:15:11 CHB 1867906?1627488910 第 1 次 等待 3 秒
2021-07-29 00:15:14 CHB 1867906?1627488910 第 1 次 获取到号码【1867906】GSD
2021-07-29 00:15:14 获取到号码【1867906】的GSD为【江西-新余】
2021-07-29 00:15:17 GSD insert 第 1 次 等待 3 秒
2021-07-29 00:15:20 {"status":"ok","gid":428501,"msg":"添加成功！"}
2021-07-29 00:15:20 下次操作: 2021-07-29 00:15:40

2021-07-29 00:15:40 开始第 30 次操作

2021-07-29 00:15:40 开始操作号码 【1867905】
2021-07-29 00:15:43 GSD getOne 第 1 次 等待 3 秒
2021-07-29 00:15:46 查询号码 【1867905】，返回信息 {"status":"bad","msg":""}
2021-07-29 00:15:46 查询号码 【1867905】，GSD为【""】
2021-07-29 00:15:46 bad
2021-07-29 00:15:48 CHB 1867905?1627488946 第 1 次 等待 3 秒
2021-07-29 00:15:51 CHB 1867905?1627488946 第 1 次 获取到号码【1867905】GSD
2021-07-29 00:15:51 获取到号码【1867905】的GSD为【江西-南昌】
2021-07-29 00:15:57 GSD insert 第 1 次 等待 3 秒
2021-07-29 00:16:00 {"status":"ok","gid":428507,"msg":"添加成功！"}
2021-07-29 00:16:00 下次操作: 2021-07-29 00:16:22

2021-07-29 00:16:22 开始第 31 次操作

2021-07-29 00:16:22 开始操作号码 【1867904】
2021-07-29 00:16:25 GSD getOne 第 1 次 等待 3 秒
2021-07-29 00:16:28 查询号码 【1867904】，返回信息 {"status":"bad","msg":""}
2021-07-29 00:16:28 查询号码 【1867904】，GSD为【""】
2021-07-29 00:16:28 bad
2021-07-29 00:16:30 CHB 1867904?1627488988 第 1 次 等待 3 秒
2021-07-29 00:16:33 CHB 1867904?1627488988 第 1 次 获取到号码【1867904】GSD
2021-07-29 00:16:33 获取到号码【1867904】的GSD为【江西-新余】
2021-07-29 00:16:39 GSD insert 第 1 次 等待 3 秒
2021-07-29 00:16:42 {"status":"ok","gid":428516,"msg":"添加成功！"}
2021-07-29 00:16:42 下次操作: 2021-07-29 00:17:06

2021-07-29 00:17:06 开始第 32 次操作

2021-07-29 00:17:06 开始操作号码 【1867903】
2021-07-29 00:17:09 GSD getOne 第 1 次 等待 3 秒
2021-07-29 00:17:12 查询号码 【1867903】，返回信息 {"status":"bad","msg":""}
2021-07-29 00:17:12 查询号码 【1867903】，GSD为【""】
2021-07-29 00:17:12 bad
2021-07-29 00:17:13 CHB 1867903?1627489032 第 1 次 等待 3 秒
2021-07-29 00:17:16 CHB 1867903?1627489032 第 1 次 获取到号码【1867903】GSD
2021-07-29 00:17:16 未获取到号码【1867903】GSD，查号吧 400 错误
2021-07-29 00:17:16 获取到号码【1867903】的GSD为【-】
2021-07-29 00:17:19 GSD insert 第 1 次 等待 3 秒
2021-07-29 00:17:22 {"status":"ok","gid":428525,"msg":"添加成功！"}
2021-07-29 00:17:22 下次操作: 2021-07-29 00:17:37

2021-07-29 00:17:37 开始第 33 次操作

2021-07-29 00:17:37 开始操作号码 【1867902】
2021-07-29 00:17:41 GSD getOne 第 1 次 等待 3 秒
2021-07-29 00:17:44 查询号码 【1867902】，返回信息 {"status":"bad","msg":""}
2021-07-29 00:17:44 查询号码 【1867902】，GSD为【""】
2021-07-29 00:17:44 bad
2021-07-29 00:17:46 CHB 1867902?1627489064 第 1 次 等待 3 秒
2021-07-29 00:17:49 CHB 1867902?1627489064 第 1 次 获取到号码【1867902】GSD
2021-07-29 00:17:49 获取到号码【1867902】的GSD为【江西-九江】
2021-07-29 00:17:52 GSD insert 第 1 次 等待 3 秒
2021-07-29 00:17:55 {"status":"ok","gid":428532,"msg":"添加成功！"}
2021-07-29 00:17:55 下次操作: 2021-07-29 00:18:08

2021-07-29 00:18:08 开始第 34 次操作

2021-07-29 00:18:08 开始操作号码 【1867901】
2021-07-29 00:18:11 GSD getOne 第 1 次 等待 3 秒
2021-07-29 00:18:14 查询号码 【1867901】，返回信息 {"status":"bad","msg":""}
2021-07-29 00:18:14 查询号码 【1867901】，GSD为【""】
2021-07-29 00:18:14 bad
2021-07-29 00:18:15 CHB 1867901?1627489094 第 1 次 等待 3 秒
2021-07-29 00:18:18 CHB 1867901?1627489094 第 1 次 获取到号码【1867901】GSD
2021-07-29 00:18:18 获取到号码【1867901】的GSD为【江西-新余】
2021-07-29 00:18:26 GSD insert 第 1 次 等待 3 秒
2021-07-29 00:18:29 {"status":"ok","gid":428537,"msg":"添加成功！"}
2021-07-29 00:18:29 下次操作: 2021-07-29 00:18:44

2021-07-29 00:18:44 开始第 35 次操作

2021-07-29 00:18:44 开始操作号码 【1867900】
2021-07-29 00:18:47 GSD getOne 第 1 次 等待 3 秒
2021-07-29 00:18:50 查询号码 【1867900】，返回信息 {"status":"bad","msg":""}
2021-07-29 00:18:50 查询号码 【1867900】，GSD为【""】
2021-07-29 00:18:50 bad
2021-07-29 00:18:52 CHB 1867900?1627489130 第 1 次 等待 3 秒
2021-07-29 00:18:55 CHB 1867900?1627489130 第 1 次 获取到号码【1867900】GSD
2021-07-29 00:18:55 获取到号码【1867900】的GSD为【江西-新余】
2021-07-29 00:18:58 GSD insert 第 1 次 等待 3 秒
2021-07-29 00:19:01 {"status":"ok","gid":428542,"msg":"添加成功！"}
2021-07-29 00:19:01 下次操作: 2021-07-29 00:19:23

2021-07-29 00:19:23 开始第 36 次操作

2021-07-29 00:19:23 开始操作号码 【1867899】
2021-07-29 00:19:26 GSD getOne 第 1 次 等待 3 秒
2021-07-29 00:19:29 查询号码 【1867899】，返回信息 {"status":"bad","msg":""}
2021-07-29 00:19:30 查询号码 【1867899】，GSD为【""】
2021-07-29 00:19:30 bad
2021-07-29 00:19:32 CHB 1867899?1627489170 第 1 次 等待 3 秒
2021-07-29 00:19:35 CHB 1867899?1627489170 第 1 次 获取到号码【1867899】GSD
2021-07-29 00:19:35 获取到号码【1867899】的GSD为【山东-青岛】
2021-07-29 00:19:38 GSD insert 第 1 次 等待 3 秒
2021-07-29 00:19:41 {"status":"ok","gid":428548,"msg":"添加成功！"}
2021-07-29 00:19:41 下次操作: 2021-07-29 00:19:55

2021-07-29 00:19:55 开始第 37 次操作

2021-07-29 00:19:55 开始操作号码 【1867898】
2021-07-29 00:19:58 GSD getOne 第 1 次 等待 3 秒
2021-07-29 00:20:01 查询号码 【1867898】，返回信息 {"status":"bad","msg":""}
2021-07-29 00:20:01 查询号码 【1867898】，GSD为【""】
2021-07-29 00:20:01 bad
2021-07-29 00:20:02 CHB 1867898?1627489201 第 1 次 等待 3 秒
2021-07-29 00:20:05 CHB 1867898?1627489201 第 1 次 获取到号码【1867898】GSD
2021-07-29 00:20:05 获取到号码【1867898】的GSD为【山东-青岛】
2021-07-29 00:20:08 GSD insert 第 1 次 等待 3 秒
2021-07-29 00:20:11 {"status":"ok","gid":428552,"msg":"添加成功！"}
2021-07-29 00:20:11 下次操作: 2021-07-29 00:20:27

2021-07-29 00:20:27 开始第 38 次操作

2021-07-29 00:20:27 开始操作号码 【1867897】
2021-07-29 00:20:34 GSD getOne 第 1 次 等待 3 秒
2021-07-29 00:20:37 查询号码 【1867897】，返回信息 {"status":"bad","msg":""}
2021-07-29 00:20:37 查询号码 【1867897】，GSD为【""】
2021-07-29 00:20:37 bad
2021-07-29 00:20:46 CHB 1867897?1627489237 第 1 次 等待 3 秒
2021-07-29 00:20:49 CHB 1867897?1627489237 第 1 次 获取到号码【1867897】GSD
2021-07-29 00:20:49 获取到号码【1867897】的GSD为【山东-青岛】
2021-07-29 00:20:51 GSD insert 第 1 次 等待 3 秒
2021-07-29 00:20:54 {"status":"ok","gid":428557,"msg":"添加成功！"}
2021-07-29 00:20:54 下次操作: 2021-07-29 00:21:08

2021-07-29 00:21:08 开始第 39 次操作

2021-07-29 00:21:08 开始操作号码 【1867896】
2021-07-29 00:21:17 GSD getOne 第 1 次 等待 3 秒
2021-07-29 00:21:20 查询号码 【1867896】，返回信息 {"status":"bad","msg":""}
2021-07-29 00:21:20 查询号码 【1867896】，GSD为【""】
2021-07-29 00:21:20 bad
2021-07-29 00:21:22 CHB 1867896?1627489280 第 1 次 等待 3 秒
2021-07-29 00:21:25 CHB 1867896?1627489280 第 1 次 获取到号码【1867896】GSD
2021-07-29 00:21:25 获取到号码【1867896】的GSD为【山东-青岛】
2021-07-29 00:21:29 GSD insert 第 1 次 等待 3 秒
2021-07-29 00:21:32 {"status":"ok","gid":428564,"msg":"添加成功！"}
2021-07-29 00:21:32 下次操作: 2021-07-29 00:21:48

2021-07-29 00:21:48 开始第 40 次操作

2021-07-29 00:21:48 开始操作号码 【1867895】
2021-07-29 00:21:55 GSD getOne 第 1 次 等待 3 秒
2021-07-29 00:21:58 查询号码 【1867895】，返回信息 {"status":"bad","msg":""}
2021-07-29 00:21:58 查询号码 【1867895】，GSD为【""】
2021-07-29 00:21:58 bad
2021-07-29 00:21:59 CHB 1867895?1627489318 第 1 次 等待 3 秒
2021-07-29 00:22:02 CHB 1867895?1627489318 第 1 次 获取到号码【1867895】GSD
2021-07-29 00:22:02 未获取到号码【1867895】GSD，查号吧 400 错误
2021-07-29 00:22:02 获取到号码【1867895】的GSD为【-】
2021-07-29 00:22:05 GSD insert 第 1 次 等待 3 秒
2021-07-29 00:22:08 {"status":"ok","gid":428568,"msg":"添加成功！"}

