2023-10-28 00:20:03 开始第 5389 次操作

2023-10-28 00:20:03 开始操作号码 【1925299】
2023-10-28 00:20:10 GSD getOne 第 1 次 等待 3 秒
2023-10-28 00:20:13 查询号码 【1925299】，返回信息 {"status":"ok","msg":"-","gid":"622347","time_insert":"2023-03-29 20:28"}
2023-10-28 00:20:13 查询号码 【1925299】，GSD为【"-"】
2023-10-28 00:20:13 ok && -
2023-10-28 00:20:15 CHB 1925299?1698423613 第 1 次 等待 3 秒
2023-10-28 00:20:18 CHB 1925299?1698423613 第 1 次 获取到号码【1925299】GSD
2023-10-28 00:20:18 未获取到号码【1925299】GSD，可能号码格式错误
2023-10-28 00:20:18 获取到号码【1925299】的GSD为【-】
2023-10-28 00:20:29 GSD insert 第 1 次 等待 3 秒
2023-10-28 00:20:32 {"status":"bad","gid":"622347","msg":"添加失败！号码【1925299(-|-)】已存在！"}
2023-10-28 00:20:32 随机等待 207 秒，约 3 分钟
2023-10-28 00:20:32 下次操作: 2023-10-28 00:23:59

2023-10-28 00:23:59 开始第 5390 次操作

2023-10-28 00:23:59 开始操作号码 【1925300】
2023-10-28 00:24:16 GSD getOne 第 1 次 等待 3 秒
2023-10-28 00:24:19 查询号码 【1925300】，返回信息 {"status":"ok","msg":"-","gid":"622344","time_insert":"2023-03-29 20:26"}
2023-10-28 00:24:19 查询号码 【1925300】，GSD为【"-"】
2023-10-28 00:24:19 ok && -
2023-10-28 00:24:21 CHB 1925300?1698423859 第 1 次 等待 3 秒
2023-10-28 00:24:24 CHB 1925300?1698423859 第 1 次 获取到号码【1925300】GSD
2023-10-28 00:24:24 未获取到号码【1925300】GSD，可能号码格式错误
2023-10-28 00:24:24 获取到号码【1925300】的GSD为【-】
2023-10-28 00:24:38 GSD insert 第 1 次 等待 3 秒
2023-10-28 00:24:41 {"status":"bad","gid":"622344","msg":"添加失败！号码【1925300(-|-)】已存在！"}
2023-10-28 00:24:41 随机等待 88 秒，约 1 分钟
2023-10-28 00:24:41 下次操作: 2023-10-28 00:26:09

2023-10-28 00:26:09 开始第 5391 次操作

2023-10-28 00:26:09 开始操作号码 【1925301】
2023-10-28 00:26:15 GSD getOne 第 1 次 等待 3 秒
2023-10-28 00:26:18 查询号码 【1925301】，返回信息 {"status":"ok","msg":"-","gid":"622318","time_insert":"2023-03-29 20:01"}
2023-10-28 00:26:18 查询号码 【1925301】，GSD为【"-"】
2023-10-28 00:26:18 ok && -
2023-10-28 00:26:22 CHB 1925301?1698423978 第 1 次 等待 3 秒
2023-10-28 00:26:25 CHB 1925301?1698423978 第 1 次 获取到号码【1925301】GSD
2023-10-28 00:26:25 未获取到号码【1925301】GSD，可能号码格式错误
2023-10-28 00:26:25 获取到号码【1925301】的GSD为【-】
2023-10-28 00:26:28 GSD insert 第 1 次 等待 3 秒
2023-10-28 00:26:31 {"status":"bad","gid":"622318","msg":"添加失败！号码【1925301(-|-)】已存在！"}
2023-10-28 00:26:31 随机等待 127 秒，约 2 分钟
2023-10-28 00:26:31 下次操作: 2023-10-28 00:28:38

2023-10-28 00:28:38 开始第 5392 次操作

2023-10-28 00:28:38 开始操作号码 【1925302】
2023-10-28 00:28:41 GSD getOne 第 1 次 等待 3 秒
2023-10-28 00:28:44 查询号码 【1925302】，返回信息 {"status":"ok","msg":"-","gid":"622311","time_insert":"2023-03-29 19:59"}
2023-10-28 00:28:44 查询号码 【1925302】，GSD为【"-"】
2023-10-28 00:28:44 ok && -
2023-10-28 00:28:46 CHB 1925302?1698424124 第 1 次 等待 3 秒
2023-10-28 00:28:49 CHB 1925302?1698424124 第 1 次 获取到号码【1925302】GSD
2023-10-28 00:28:49 未获取到号码【1925302】GSD，可能号码格式错误
2023-10-28 00:28:49 获取到号码【1925302】的GSD为【-】
2023-10-28 00:28:57 GSD insert 第 1 次 等待 3 秒
2023-10-28 00:29:00 {"status":"bad","gid":"622311","msg":"添加失败！号码【1925302(-|-)】已存在！"}

