2023-10-10 00:20:58 开始第 2417 次操作

2023-10-10 00:20:58 开始操作号码 【1922416】
2023-10-10 00:21:01 GSD getOne 第 1 次 等待 3 秒
2023-10-10 00:21:04 查询号码 【1922416】，返回信息 {"status":"ok","msg":"广东-中山","gid":"597446","time_insert":"2023-03-18 01:31","time_update":"2023-06-19 04:46"}
2023-10-10 00:21:04 查询号码 【1922416】，GSD为【"广东-中山"】

2023-10-10 00:21:05 开始第 2418 次操作

2023-10-10 00:21:05 开始操作号码 【1922417】
2023-10-10 00:21:14 GSD getOne 第 1 次 等待 3 秒
2023-10-10 00:21:17 查询号码 【1922417】，返回信息 {"status":"ok","msg":"广西-南宁","gid":"597480","time_insert":"2023-03-18 01:51","time_update":"2023-06-19 05:03"}
2023-10-10 00:21:17 查询号码 【1922417】，GSD为【"广西-南宁"】

2023-10-10 00:21:18 开始第 2419 次操作

2023-10-10 00:21:18 开始操作号码 【1922418】
2023-10-10 00:21:21 GSD getOne 第 1 次 等待 3 秒
2023-10-10 00:21:24 查询号码 【1922418】，返回信息 {"status":"ok","msg":"贵州-贵阳","gid":"597505","time_insert":"2023-03-18 02:08","time_update":"2023-06-19 05:21"}
2023-10-10 00:21:24 查询号码 【1922418】，GSD为【"贵州-贵阳"】

2023-10-10 00:21:25 开始第 2420 次操作

2023-10-10 00:21:25 开始操作号码 【1922419】
2023-10-10 00:21:28 GSD getOne 第 1 次 等待 3 秒
2023-10-10 00:21:31 查询号码 【1922419】，返回信息 {"status":"ok","msg":"江苏-常州","gid":"597529","time_insert":"2023-03-18 02:24","time_update":"2023-06-19 05:42"}
2023-10-10 00:21:31 查询号码 【1922419】，GSD为【"江苏-常州"】

2023-10-10 00:40:26 开始第 2421 次操作

2023-10-10 00:40:27 开始操作号码 【1922420】
2023-10-10 00:40:29 GSD getOne 第 1 次 等待 3 秒
2023-10-10 00:40:32 查询号码 【1922420】，返回信息 {"status":"ok","msg":"辽宁-沈阳","gid":"597551","time_insert":"2023-03-18 02:40","time_update":"2023-06-19 06:02"}
2023-10-10 00:40:33 查询号码 【1922420】，GSD为【"辽宁-沈阳"】

2023-10-10 00:40:34 开始第 2422 次操作

2023-10-10 00:40:34 开始操作号码 【1922421】
2023-10-10 00:40:40 GSD getOne 第 1 次 等待 3 秒
2023-10-10 00:40:43 查询号码 【1922421】，返回信息 {"status":"ok","msg":"上海-上海","gid":"597582","time_insert":"2023-03-18 02:58","time_update":"2023-06-19 06:15"}
2023-10-10 00:40:43 查询号码 【1922421】，GSD为【"上海-上海"】

2023-10-10 00:40:44 开始第 2423 次操作

2023-10-10 00:40:44 开始操作号码 【1922422】
2023-10-10 00:40:48 GSD getOne 第 1 次 等待 3 秒
2023-10-10 00:40:51 查询号码 【1922422】，返回信息 {"status":"ok","msg":"上海-上海","gid":"597607","time_insert":"2023-03-18 03:16","time_update":"2023-06-19 06:37"}
2023-10-10 00:40:51 查询号码 【1922422】，GSD为【"上海-上海"】

2023-10-10 00:40:52 开始第 2424 次操作

2023-10-10 00:40:52 开始操作号码 【1922423】
2023-10-10 00:40:55 GSD getOne 第 1 次 等待 3 秒
2023-10-10 00:40:58 查询号码 【1922423】，返回信息 {"status":"ok","msg":"重庆-重庆","gid":"597637","time_insert":"2023-03-18 03:35","time_update":"2023-06-19 07:00"}
2023-10-10 00:40:58 查询号码 【1922423】，GSD为【"重庆-重庆"】

