2023-12-25 00:19:52 开始第 4993 次操作

2023-12-25 00:19:52 开始操作号码 【1824895】
2023-12-25 00:21:11 GSD getOne 第 1 次 等待 3 秒
2023-12-25 00:21:14 查询号码 【1824895】，返回信息 {"status":"ok","msg":"江苏-连云港","gid":"435531","time_insert":"2021-07-29 17:26"}
2023-12-25 00:21:14 查询号码 【1824895】，GSD为【"江苏-连云港"】

2023-12-25 00:21:15 开始第 4994 次操作

2023-12-25 00:21:15 开始操作号码 【1824896】
2023-12-25 00:21:36 GSD getOne 第 1 次 等待 3 秒
2023-12-25 00:21:39 查询号码 【1824896】，返回信息 {"status":"ok","msg":"江苏-连云港","gid":"435528","time_insert":"2021-07-29 17:25"}
2023-12-25 00:21:39 查询号码 【1824896】，GSD为【"江苏-连云港"】

2023-12-25 00:21:40 开始第 4995 次操作

2023-12-25 00:21:40 开始操作号码 【1824897】
2023-12-25 00:21:46 GSD getOne 第 1 次 等待 3 秒
2023-12-25 00:21:49 查询号码 【1824897】，返回信息 {"status":"ok","msg":"江苏-宿迁","gid":"435526","time_insert":"2021-07-29 17:24"}
2023-12-25 00:21:49 查询号码 【1824897】，GSD为【"江苏-宿迁"】

2023-12-25 00:21:50 开始第 4996 次操作

2023-12-25 00:21:50 开始操作号码 【1824898】
2023-12-25 00:21:54 GSD getOne 第 1 次 等待 3 秒
2023-12-25 00:21:57 查询号码 【1824898】，返回信息 {"status":"ok","msg":"江苏-宿迁","gid":"435522","time_insert":"2021-07-29 17:23"}
2023-12-25 00:21:57 查询号码 【1824898】，GSD为【"江苏-宿迁"】

2023-12-25 00:38:28 开始第 4997 次操作

2023-12-25 00:38:28 开始操作号码 【1824899】
2023-12-25 00:38:33 GSD getOne 第 1 次 等待 3 秒
2023-12-25 00:38:36 查询号码 【1824899】，返回信息 {"status":"ok","msg":"江苏-宿迁","gid":"435517","time_insert":"2021-07-29 17:22"}
2023-12-25 00:38:36 查询号码 【1824899】，GSD为【"江苏-宿迁"】

2023-12-25 00:38:37 开始第 4998 次操作

2023-12-25 00:38:37 开始操作号码 【1824900】
2023-12-25 00:38:40 GSD getOne 第 1 次 等待 3 秒
2023-12-25 00:38:43 查询号码 【1824900】，返回信息 {"status":"ok","msg":"黑龙江-哈尔滨","gid":"435514","time_insert":"2021-07-29 17:22"}
2023-12-25 00:38:43 查询号码 【1824900】，GSD为【"黑龙江-哈尔滨"】

2023-12-25 00:38:44 开始第 4999 次操作

2023-12-25 00:38:44 开始操作号码 【1824901】
2023-12-25 00:38:48 GSD getOne 第 1 次 等待 3 秒
2023-12-25 00:38:51 查询号码 【1824901】，返回信息 {"status":"ok","msg":"黑龙江-哈尔滨","gid":"435512","time_insert":"2021-07-29 17:21"}
2023-12-25 00:38:51 查询号码 【1824901】，GSD为【"黑龙江-哈尔滨"】

2023-12-25 00:38:52 开始第 5000 次操作

2023-12-25 00:38:52 开始操作号码 【1824902】
2023-12-25 00:38:56 GSD getOne 第 1 次 等待 3 秒
2023-12-25 00:38:59 查询号码 【1824902】，返回信息 {"status":"ok","msg":"黑龙江-哈尔滨","gid":"435509","time_insert":"2021-07-29 17:20"}
2023-12-25 00:38:59 查询号码 【1824902】，GSD为【"黑龙江-哈尔滨"】

