2024-01-07 00:19:57 开始第 7301 次操作

2024-01-07 00:19:57 开始操作号码 【1827203】
2024-01-07 00:20:01 GSD getOne 第 1 次 等待 3 秒
2024-01-07 00:20:04 查询号码 【1827203】，返回信息 {"status":"ok","msg":"湖北-襄阳","gid":"410675","time_insert":"2021-07-27 07:18"}
2024-01-07 00:20:04 查询号码 【1827203】，GSD为【"湖北-襄阳"】

2024-01-07 00:20:05 开始第 7302 次操作

2024-01-07 00:20:05 开始操作号码 【1827204】
2024-01-07 00:20:08 GSD getOne 第 1 次 等待 3 秒
2024-01-07 00:20:11 查询号码 【1827204】，返回信息 {"status":"ok","msg":"湖北-襄阳","gid":"410669","time_insert":"2021-07-27 07:17"}
2024-01-07 00:20:11 查询号码 【1827204】，GSD为【"湖北-襄阳"】

2024-01-07 00:20:12 开始第 7303 次操作

2024-01-07 00:20:12 开始操作号码 【1827205】
2024-01-07 00:20:16 GSD getOne 第 1 次 等待 3 秒
2024-01-07 00:20:19 查询号码 【1827205】，返回信息 {"status":"ok","msg":"湖北-襄阳","gid":"410665","time_insert":"2021-07-27 07:16"}
2024-01-07 00:20:19 查询号码 【1827205】，GSD为【"湖北-襄阳"】

2024-01-07 00:20:20 开始第 7304 次操作

2024-01-07 00:20:20 开始操作号码 【1827206】
2024-01-07 00:20:23 GSD getOne 第 1 次 等待 3 秒
2024-01-07 00:20:26 查询号码 【1827206】，返回信息 {"status":"ok","msg":"湖北-襄阳","gid":"410664","time_insert":"2021-07-27 07:15"}
2024-01-07 00:20:26 查询号码 【1827206】，GSD为【"湖北-襄阳"】

