2024-05-13 00:20:02 开始第 8501 次操作

2024-05-13 00:20:02 开始操作号码 【1608401】
2024-05-13 00:20:08 GSD getOne 第 1 次 等待 3 秒
2024-05-13 00:20:11 查询号码 【1608401】，返回信息 {"status":"ok","msg":"-","gid":"695205","time_insert":"2023-05-06 20:41"}
2024-05-13 00:20:11 查询号码 【1608401】，GSD为【"-"】
2024-05-13 00:20:11 ok && -
2024-05-13 00:20:13 CHB 1608401?1715530811 第 1 次 等待 3 秒
2024-05-13 00:20:16 CHB 1608401?1715530811 第 1 次 获取到号码【1608401】GSD
2024-05-13 00:20:16 未获取到号码【1608401】GSD，可能号码格式错误
2024-05-13 00:20:16 获取到号码【1608401】的GSD为【-】
2024-05-13 00:20:21 GSD insert 第 1 次 等待 3 秒
2024-05-13 00:20:24 {"status":"bad","gid":"695205","msg":"添加失败！号码【1608401(-|-)】已存在！"}
2024-05-13 00:20:24 随机等待 95 秒，约 1 分钟
2024-05-13 00:20:24 下次操作: 2024-05-13 00:21:59

2024-05-13 00:21:59 开始第 8502 次操作

2024-05-13 00:21:59 开始操作号码 【1608402】
2024-05-13 00:22:06 GSD getOne 第 1 次 等待 3 秒
2024-05-13 00:22:09 查询号码 【1608402】，返回信息 {"status":"ok","msg":"-","gid":"695222","time_insert":"2023-05-06 21:00"}
2024-05-13 00:22:09 查询号码 【1608402】，GSD为【"-"】
2024-05-13 00:22:09 ok && -
2024-05-13 00:22:12 CHB 1608402?1715530929 第 1 次 等待 3 秒
2024-05-13 00:22:15 CHB 1608402?1715530929 第 1 次 获取到号码【1608402】GSD
2024-05-13 00:22:15 未获取到号码【1608402】GSD，可能号码格式错误
2024-05-13 00:22:15 获取到号码【1608402】的GSD为【-】
2024-05-13 00:22:21 GSD insert 第 1 次 等待 3 秒
2024-05-13 00:22:24 {"status":"bad","gid":"695222","msg":"添加失败！号码【1608402(-|-)】已存在！"}
2024-05-13 00:22:24 随机等待 182 秒，约 3 分钟
2024-05-13 00:22:24 下次操作: 2024-05-13 00:25:26

2024-05-13 00:25:26 开始第 8503 次操作

2024-05-13 00:25:26 开始操作号码 【1608403】
2024-05-13 00:25:31 GSD getOne 第 1 次 等待 3 秒
2024-05-13 00:25:34 查询号码 【1608403】，返回信息 {"status":"ok","msg":"-","gid":"695238","time_insert":"2023-05-06 21:16"}
2024-05-13 00:25:34 查询号码 【1608403】，GSD为【"-"】
2024-05-13 00:25:34 ok && -
2024-05-13 00:25:37 CHB 1608403?1715531134 第 1 次 等待 3 秒
2024-05-13 00:25:40 CHB 1608403?1715531134 第 1 次 获取到号码【1608403】GSD
2024-05-13 00:25:40 未获取到号码【1608403】GSD，可能号码格式错误
2024-05-13 00:25:40 获取到号码【1608403】的GSD为【-】
2024-05-13 00:25:45 GSD insert 第 1 次 等待 3 秒
2024-05-13 00:25:48 {"status":"bad","gid":"695238","msg":"添加失败！号码【1608403(-|-)】已存在！"}
2024-05-13 00:25:48 随机等待 140 秒，约 2 分钟
2024-05-13 00:25:48 下次操作: 2024-05-13 00:28:08

2024-05-13 00:28:08 开始第 8504 次操作

2024-05-13 00:28:08 开始操作号码 【1608404】
2024-05-13 00:28:16 GSD getOne 第 1 次 等待 3 秒
2024-05-13 00:28:19 查询号码 【1608404】，返回信息 {"status":"ok","msg":"-","gid":"695257","time_insert":"2023-05-06 21:32"}
2024-05-13 00:28:19 查询号码 【1608404】，GSD为【"-"】
2024-05-13 00:28:19 ok && -
2024-05-13 00:28:21 CHB 1608404?1715531299 第 1 次 等待 3 秒
2024-05-13 00:28:24 CHB 1608404?1715531299 第 1 次 获取到号码【1608404】GSD
2024-05-13 00:28:24 未获取到号码【1608404】GSD，可能号码格式错误
2024-05-13 00:28:24 获取到号码【1608404】的GSD为【-】
2024-05-13 00:28:29 GSD insert 第 1 次 等待 3 秒
2024-05-13 00:28:32 {"status":"bad","gid":"695257","msg":"添加失败！号码【1608404(-|-)】已存在！"}

