2024-07-16 00:22:46 开始第 6165 次操作

2024-07-16 00:22:46 开始操作号码 【1496054】
2024-07-16 00:22:54 GSD getOne 第 1 次 等待 3 秒
2024-07-16 00:22:57 查询号码 【1496054】，返回信息 {"status":"ok","msg":"-","gid":"324853","time_insert":"2021-07-19 10:09"}
2024-07-16 00:22:57 查询号码 【1496054】，GSD为【"-"】
2024-07-16 00:22:57 ok && -
2024-07-16 00:22:58 CHB 1496054?1721060577 第 1 次 等待 3 秒
2024-07-16 00:23:01 CHB 1496054?1721060577 第 1 次 获取到号码【1496054】GSD
2024-07-16 00:23:02 未获取到号码【1496054】GSD，可能号码格式错误
2024-07-16 00:23:02 获取到号码【1496054】的GSD为【-】
2024-07-16 00:23:10 GSD insert 第 1 次 等待 3 秒
2024-07-16 00:23:13 {"status":"bad","gid":"324853","msg":"添加失败！号码【1496054(-|-)】已存在！"}
2024-07-16 00:23:13 随机等待 199 秒，约 3 分钟
2024-07-16 00:23:13 下次操作: 2024-07-16 00:26:32

2024-07-16 00:26:32 开始第 6166 次操作

2024-07-16 00:26:32 开始操作号码 【1496055】
2024-07-16 00:26:52 GSD getOne 第 1 次 等待 3 秒
2024-07-16 00:26:55 查询号码 【1496055】，返回信息 {"status":"ok","msg":"-","gid":"324859","time_insert":"2021-07-19 10:09"}
2024-07-16 00:26:55 查询号码 【1496055】，GSD为【"-"】
2024-07-16 00:26:55 ok && -
2024-07-16 00:26:57 CHB 1496055?1721060815 第 1 次 等待 3 秒
2024-07-16 00:27:00 CHB 1496055?1721060815 第 1 次 获取到号码【1496055】GSD
2024-07-16 00:27:00 未获取到号码【1496055】GSD，可能号码格式错误
2024-07-16 00:27:00 获取到号码【1496055】的GSD为【-】
2024-07-16 00:27:09 GSD insert 第 1 次 等待 3 秒
2024-07-16 00:27:12 {"status":"bad","gid":"324859","msg":"添加失败！号码【1496055(-|-)】已存在！"}
2024-07-16 00:27:12 随机等待 182 秒，约 3 分钟
2024-07-16 00:27:12 下次操作: 2024-07-16 00:30:14

2024-07-16 00:30:14 开始第 6167 次操作

2024-07-16 00:30:14 开始操作号码 【1496056】
2024-07-16 00:30:21 GSD getOne 第 1 次 等待 3 秒
2024-07-16 00:30:24 查询号码 【1496056】，返回信息 {"status":"ok","msg":"-","gid":"324865","time_insert":"2021-07-19 10:10"}
2024-07-16 00:30:24 查询号码 【1496056】，GSD为【"-"】
2024-07-16 00:30:24 ok && -
2024-07-16 00:30:26 CHB 1496056?1721061024 第 1 次 等待 3 秒
2024-07-16 00:30:29 CHB 1496056?1721061024 第 1 次 获取到号码【1496056】GSD
2024-07-16 00:30:29 未获取到号码【1496056】GSD，可能号码格式错误
2024-07-16 00:30:29 获取到号码【1496056】的GSD为【-】
2024-07-16 00:30:40 GSD insert 第 1 次 等待 3 秒
2024-07-16 00:30:43 {"status":"bad","gid":"324865","msg":"添加失败！号码【1496056(-|-)】已存在！"}
2024-07-16 00:30:43 随机等待 98 秒，约 1 分钟
2024-07-16 00:30:43 下次操作: 2024-07-16 00:32:21

2024-07-16 00:32:21 开始第 6168 次操作

2024-07-16 00:32:21 开始操作号码 【1496057】
2024-07-16 00:32:30 GSD getOne 第 1 次 等待 3 秒
2024-07-16 00:32:33 查询号码 【1496057】，返回信息 {"status":"ok","msg":"-","gid":"324969","time_insert":"2021-07-19 10:46"}
2024-07-16 00:32:33 查询号码 【1496057】，GSD为【"-"】
2024-07-16 00:32:33 ok && -
2024-07-16 00:32:35 CHB 1496057?1721061153 第 1 次 等待 3 秒
2024-07-16 00:32:38 CHB 1496057?1721061153 第 1 次 获取到号码【1496057】GSD
2024-07-16 00:32:38 未获取到号码【1496057】GSD，可能号码格式错误
2024-07-16 00:32:38 获取到号码【1496057】的GSD为【-】
2024-07-16 00:32:46 GSD insert 第 1 次 等待 3 秒
2024-07-16 00:32:49 {"status":"bad","gid":"324969","msg":"添加失败！号码【1496057(-|-)】已存在！"}

