2024-08-31 00:16:28 开始第 2089 次操作

2024-08-31 00:16:28 开始操作号码 【1382088】
2024-08-31 00:16:36 GSD getOne 第 1 次 等待 3 秒
2024-08-31 00:16:39 查询号码 【1382088】，返回信息 {"status":"ok","msg":"天津-天津","gid":"77403","time_insert":"2021-06-02 17:41"}
2024-08-31 00:16:39 查询号码 【1382088】，GSD为【"天津-天津"】

2024-08-31 00:16:40 开始第 2090 次操作

2024-08-31 00:16:40 开始操作号码 【1382089】
2024-08-31 00:16:48 GSD getOne 第 1 次 等待 3 秒
2024-08-31 00:16:51 查询号码 【1382089】，返回信息 {"status":"ok","msg":"天津-天津","gid":"77405","time_insert":"2021-06-02 17:42"}
2024-08-31 00:16:51 查询号码 【1382089】，GSD为【"天津-天津"】

2024-08-31 00:16:52 开始第 2091 次操作

2024-08-31 00:16:52 开始操作号码 【1382090】
2024-08-31 00:17:03 GSD getOne 第 1 次 等待 3 秒
2024-08-31 00:17:06 查询号码 【1382090】，返回信息 {"status":"ok","msg":"天津-天津","gid":"77406","time_insert":"2021-06-02 17:43"}
2024-08-31 00:17:06 查询号码 【1382090】，GSD为【"天津-天津"】

2024-08-31 00:17:07 开始第 2092 次操作

2024-08-31 00:17:07 开始操作号码 【1382091】
2024-08-31 00:17:18 GSD getOne 第 1 次 等待 3 秒
2024-08-31 00:17:21 查询号码 【1382091】，返回信息 {"status":"ok","msg":"天津-天津","gid":"77410","time_insert":"2021-06-02 17:45"}
2024-08-31 00:17:21 查询号码 【1382091】，GSD为【"天津-天津"】

2024-08-31 00:40:38 开始第 2093 次操作

2024-08-31 00:40:38 开始操作号码 【1382092】
2024-08-31 00:40:46 GSD getOne 第 1 次 等待 3 秒
2024-08-31 00:40:49 查询号码 【1382092】，返回信息 {"status":"ok","msg":"天津-天津","gid":"77411","time_insert":"2021-06-02 17:46"}
2024-08-31 00:40:49 查询号码 【1382092】，GSD为【"天津-天津"】

2024-08-31 00:40:50 开始第 2094 次操作

2024-08-31 00:40:50 开始操作号码 【1382093】
2024-08-31 00:40:58 GSD getOne 第 1 次 等待 3 秒
2024-08-31 00:41:01 查询号码 【1382093】，返回信息 {"status":"ok","msg":"天津-天津","gid":"77415","time_insert":"2021-06-02 17:47"}
2024-08-31 00:41:02 查询号码 【1382093】，GSD为【"天津-天津"】

2024-08-31 00:41:03 开始第 2095 次操作

2024-08-31 00:41:03 开始操作号码 【1382094】
2024-08-31 00:41:10 GSD getOne 第 1 次 等待 3 秒
2024-08-31 00:41:13 查询号码 【1382094】，返回信息 {"status":"ok","msg":"天津-天津","gid":"77417","time_insert":"2021-06-02 17:48"}
2024-08-31 00:41:13 查询号码 【1382094】，GSD为【"天津-天津"】

2024-08-31 00:41:14 开始第 2096 次操作

2024-08-31 00:41:15 开始操作号码 【1382095】
2024-08-31 00:41:22 GSD getOne 第 1 次 等待 3 秒
2024-08-31 00:41:25 查询号码 【1382095】，返回信息 {"status":"ok","msg":"天津-天津","gid":"77427","time_insert":"2021-06-02 17:54"}
2024-08-31 00:41:25 查询号码 【1382095】，GSD为【"天津-天津"】

