2023-12-06 00:23:00 开始第 1621 次操作

2023-12-06 00:23:00 开始操作号码 【1821523】
2023-12-06 00:23:03 GSD getOne 第 1 次 等待 3 秒
2023-12-06 00:23:06 查询号码 【1821523】，返回信息 {"status":"ok","msg":"甘肃-定西","gid":"35007","time_insert":"2018-10-11 10:46","time_update":"2020-12-13 13:38"}
2023-12-06 00:23:06 查询号码 【1821523】，GSD为【"甘肃-定西"】

2023-12-06 00:23:07 开始第 1622 次操作

2023-12-06 00:23:07 开始操作号码 【1821524】
2023-12-06 00:23:11 GSD getOne 第 1 次 等待 3 秒
2023-12-06 00:23:14 查询号码 【1821524】，返回信息 {"status":"ok","msg":"甘肃-定西","gid":"35008","time_insert":"2017-07-23 08:21","time_update":"2020-12-13 13:43"}
2023-12-06 00:23:14 查询号码 【1821524】，GSD为【"甘肃-定西"】

2023-12-06 00:23:15 开始第 1623 次操作

2023-12-06 00:23:15 开始操作号码 【1821525】
2023-12-06 00:23:18 GSD getOne 第 1 次 等待 3 秒
2023-12-06 00:23:21 查询号码 【1821525】，返回信息 {"status":"ok","msg":"甘肃-定西","gid":"35009","time_insert":"2017-05-12 09:32","time_update":"2020-12-13 13:47"}
2023-12-06 00:23:21 查询号码 【1821525】，GSD为【"甘肃-定西"】

2023-12-06 00:23:22 开始第 1624 次操作

2023-12-06 00:23:22 开始操作号码 【1821526】
2023-12-06 00:23:26 GSD getOne 第 1 次 等待 3 秒
2023-12-06 00:23:29 查询号码 【1821526】，返回信息 {"status":"ok","msg":"甘肃-定西","gid":"364146","time_insert":"2021-07-23 09:23"}
2023-12-06 00:23:29 查询号码 【1821526】，GSD为【"甘肃-定西"】

2023-12-06 00:41:38 开始第 1625 次操作

2023-12-06 00:41:38 开始操作号码 【1821527】
2023-12-06 00:41:44 GSD getOne 第 1 次 等待 3 秒
2023-12-06 00:41:47 查询号码 【1821527】，返回信息 {"status":"ok","msg":"甘肃-定西","gid":"35010","time_insert":"2018-01-05 08:00","time_update":"2020-12-13 13:50"}
2023-12-06 00:41:47 查询号码 【1821527】，GSD为【"甘肃-定西"】

2023-12-06 00:41:48 开始第 1626 次操作

2023-12-06 00:41:48 开始操作号码 【1821528】
2023-12-06 00:41:55 GSD getOne 第 1 次 等待 3 秒
2023-12-06 00:41:58 查询号码 【1821528】，返回信息 {"status":"ok","msg":"甘肃-定西","gid":"35011","time_insert":"2016-06-21 10:07","time_update":"2020-12-13 13:54"}
2023-12-06 00:41:58 查询号码 【1821528】，GSD为【"甘肃-定西"】

2023-12-06 00:41:59 开始第 1627 次操作

2023-12-06 00:41:59 开始操作号码 【1821529】
2023-12-06 00:42:08 GSD getOne 第 1 次 等待 3 秒
2023-12-06 00:42:11 查询号码 【1821529】，返回信息 {"status":"ok","msg":"甘肃-定西","gid":"364180","time_insert":"2021-07-23 09:40"}
2023-12-06 00:42:11 查询号码 【1821529】，GSD为【"甘肃-定西"】

2023-12-06 00:42:12 开始第 1628 次操作

2023-12-06 00:42:12 开始操作号码 【1821530】
2023-12-06 00:42:16 GSD getOne 第 1 次 等待 3 秒
2023-12-06 00:42:19 查询号码 【1821530】，返回信息 {"status":"ok","msg":"甘肃-平凉","gid":"364336","time_insert":"2021-07-23 09:51"}
2023-12-06 00:42:19 查询号码 【1821530】，GSD为【"甘肃-平凉"】

