2024-12-04 00:13:15 开始第 8333 次操作

2024-12-04 00:13:15 开始操作号码 【1308332】
2024-12-04 00:13:17 GSD getOne 第 1 次 等待 3 秒
2024-12-04 00:13:20 查询号码 【1308332】，返回信息 {"status":"ok","msg":"安徽-滁州","gid":"180227","time_insert":"2021-07-03 09:50"}
2024-12-04 00:13:20 查询号码 【1308332】，GSD为【"安徽-滁州"】

2024-12-04 00:13:21 开始第 8334 次操作

2024-12-04 00:13:21 开始操作号码 【1308333】
2024-12-04 00:13:22 GSD getOne 第 1 次 等待 3 秒
2024-12-04 00:13:25 查询号码 【1308333】，返回信息 {"status":"ok","msg":"安徽-滁州","gid":"180226","time_insert":"2021-07-03 09:49"}
2024-12-04 00:13:25 查询号码 【1308333】，GSD为【"安徽-滁州"】

2024-12-04 00:13:26 开始第 8335 次操作

2024-12-04 00:13:26 开始操作号码 【1308334】
2024-12-04 00:13:27 GSD getOne 第 1 次 等待 3 秒
2024-12-04 00:13:30 查询号码 【1308334】，返回信息 {"status":"ok","msg":"安徽-阜阳","gid":"180225","time_insert":"2021-07-03 09:48"}
2024-12-04 00:13:30 查询号码 【1308334】，GSD为【"安徽-阜阳"】

2024-12-04 00:13:31 开始第 8336 次操作

2024-12-04 00:13:31 开始操作号码 【1308335】
2024-12-04 00:13:32 GSD getOne 第 1 次 等待 3 秒
2024-12-04 00:13:35 查询号码 【1308335】，返回信息 {"status":"ok","msg":"安徽-淮北","gid":"180222","time_insert":"2021-07-03 09:48"}
2024-12-04 00:13:35 查询号码 【1308335】，GSD为【"安徽-淮北"】

2024-12-04 00:45:35 开始第 8337 次操作

2024-12-04 00:45:35 开始操作号码 【1308336】
2024-12-04 00:45:36 GSD getOne 第 1 次 等待 3 秒
2024-12-04 00:45:39 查询号码 【1308336】，返回信息 {"status":"ok","msg":"安徽-亳州","gid":"180221","time_insert":"2021-07-03 09:47"}
2024-12-04 00:45:39 查询号码 【1308336】，GSD为【"安徽-亳州"】

2024-12-04 00:45:40 开始第 8338 次操作

2024-12-04 00:45:40 开始操作号码 【1308337】
2024-12-04 00:45:41 GSD getOne 第 1 次 等待 3 秒
2024-12-04 00:45:44 查询号码 【1308337】，返回信息 {"status":"ok","msg":"安徽-阜阳","gid":"180218","time_insert":"2021-07-03 09:46"}
2024-12-04 00:45:44 查询号码 【1308337】，GSD为【"安徽-阜阳"】

2024-12-04 00:45:45 开始第 8339 次操作

2024-12-04 00:45:45 开始操作号码 【1308338】
2024-12-04 00:45:46 GSD getOne 第 1 次 等待 3 秒
2024-12-04 00:45:49 查询号码 【1308338】，返回信息 {"status":"ok","msg":"安徽-亳州","gid":"180214","time_insert":"2021-07-03 09:45"}
2024-12-04 00:45:49 查询号码 【1308338】，GSD为【"安徽-亳州"】

2024-12-04 00:45:50 开始第 8340 次操作

2024-12-04 00:45:50 开始操作号码 【1308339】
2024-12-04 00:45:51 GSD getOne 第 1 次 等待 3 秒
2024-12-04 00:45:54 查询号码 【1308339】，返回信息 {"status":"ok","msg":"安徽-阜阳","gid":"180213","time_insert":"2021-07-03 09:45"}
2024-12-04 00:45:54 查询号码 【1308339】，GSD为【"安徽-阜阳"】

2024-12-04 01:10:21 开始第 8341 次操作

2024-12-04 01:10:21 开始操作号码 【1308340】
2024-12-04 01:10:22 GSD getOne 第 1 次 等待 3 秒
2024-12-04 01:10:25 查询号码 【1308340】，返回信息 {"status":"ok","msg":"安徽-合肥","gid":"180210","time_insert":"2021-07-03 09:44"}
2024-12-04 01:10:25 查询号码 【1308340】，GSD为【"安徽-合肥"】

2024-12-04 01:10:26 开始第 8342 次操作

2024-12-04 01:10:26 开始操作号码 【1308341】
2024-12-04 01:10:27 GSD getOne 第 1 次 等待 3 秒
2024-12-04 01:10:30 查询号码 【1308341】，返回信息 {"status":"ok","msg":"安徽-合肥","gid":"180209","time_insert":"2021-07-03 09:43"}
2024-12-04 01:10:30 查询号码 【1308341】，GSD为【"安徽-合肥"】

2024-12-04 01:10:31 开始第 8343 次操作

2024-12-04 01:10:31 开始操作号码 【1308342】
2024-12-04 01:10:32 GSD getOne 第 1 次 等待 3 秒
2024-12-04 01:10:35 查询号码 【1308342】，返回信息 {"status":"ok","msg":"安徽-合肥","gid":"180205","time_insert":"2021-07-03 09:42"}
2024-12-04 01:10:35 查询号码 【1308342】，GSD为【"安徽-合肥"】

2024-12-04 01:10:36 开始第 8344 次操作

2024-12-04 01:10:36 开始操作号码 【1308343】
2024-12-04 01:10:37 GSD getOne 第 1 次 等待 3 秒
2024-12-04 01:10:40 查询号码 【1308343】，返回信息 {"status":"ok","msg":"安徽-铜陵","gid":"180203","time_insert":"2021-07-03 09:42"}
2024-12-04 01:10:40 查询号码 【1308343】，GSD为【"安徽-铜陵"】

