2024-09-17 00:17:21 开始第 5109 次操作

2024-09-17 00:17:21 开始操作号码 【1385108】
2024-09-17 00:17:29 GSD getOne 第 1 次 等待 3 秒
2024-09-17 00:17:32 查询号码 【1385108】，返回信息 {"status":"ok","msg":"江苏-盐城","gid":"255007","time_insert":"2021-07-12 08:50"}
2024-09-17 00:17:32 查询号码 【1385108】，GSD为【"江苏-盐城"】

2024-09-17 00:17:33 开始第 5110 次操作

2024-09-17 00:17:33 开始操作号码 【1385109】
2024-09-17 00:17:41 GSD getOne 第 1 次 等待 3 秒
2024-09-17 00:17:44 查询号码 【1385109】，返回信息 {"status":"ok","msg":"江苏-盐城","gid":"255009","time_insert":"2021-07-12 08:51"}
2024-09-17 00:17:44 查询号码 【1385109】，GSD为【"江苏-盐城"】

2024-09-17 00:17:45 开始第 5111 次操作

2024-09-17 00:17:45 开始操作号码 【1385110】
2024-09-17 00:17:52 GSD getOne 第 1 次 等待 3 秒
2024-09-17 00:17:55 查询号码 【1385110】，返回信息 {"status":"ok","msg":"江苏-盐城","gid":"255013","time_insert":"2021-07-12 08:53"}
2024-09-17 00:17:55 查询号码 【1385110】，GSD为【"江苏-盐城"】

2024-09-17 00:17:56 开始第 5112 次操作

2024-09-17 00:17:57 开始操作号码 【1385111】
2024-09-17 00:18:06 GSD getOne 第 1 次 等待 3 秒
2024-09-17 00:18:09 查询号码 【1385111】，返回信息 {"status":"ok","msg":"江苏-盐城","gid":"255016","time_insert":"2021-07-12 08:54"}
2024-09-17 00:18:09 查询号码 【1385111】，GSD为【"江苏-盐城"】

