2024-11-04 00:11:31 开始第 3065 次操作

2024-11-04 00:11:31 开始操作号码 【1303064】
2024-11-04 00:11:32 GSD getOne 第 1 次 等待 3 秒
2024-11-04 00:11:35 查询号码 【1303064】，返回信息 {"status":"ok","msg":"安徽-亳州","gid":"62908","time_insert":"2021-05-20 08:32"}
2024-11-04 00:11:35 查询号码 【1303064】，GSD为【"安徽-亳州"】

2024-11-04 00:11:36 开始第 3066 次操作

2024-11-04 00:11:36 开始操作号码 【1303065】
2024-11-04 00:11:37 GSD getOne 第 1 次 等待 3 秒
2024-11-04 00:11:40 查询号码 【1303065】，返回信息 {"status":"ok","msg":"安徽-亳州","gid":"62911","time_insert":"2021-05-20 08:50"}
2024-11-04 00:11:40 查询号码 【1303065】，GSD为【"安徽-亳州"】

2024-11-04 00:11:41 开始第 3067 次操作

2024-11-04 00:11:41 开始操作号码 【1303066】
2024-11-04 00:11:42 GSD getOne 第 1 次 等待 3 秒
2024-11-04 00:11:45 查询号码 【1303066】，返回信息 {"status":"ok","msg":"安徽-阜阳","gid":"62916","time_insert":"2021-05-20 09:13"}
2024-11-04 00:11:45 查询号码 【1303066】，GSD为【"安徽-阜阳"】

2024-11-04 00:11:46 开始第 3068 次操作

2024-11-04 00:11:46 开始操作号码 【1303067】
2024-11-04 00:11:47 GSD getOne 第 1 次 等待 3 秒
2024-11-04 00:11:50 查询号码 【1303067】，返回信息 {"status":"ok","msg":"安徽-阜阳","gid":"62920","time_insert":"2021-05-20 09:33"}
2024-11-04 00:11:50 查询号码 【1303067】，GSD为【"安徽-阜阳"】

2024-11-04 00:39:11 开始第 3069 次操作

2024-11-04 00:39:11 开始操作号码 【1303068】
2024-11-04 00:39:13 GSD getOne 第 1 次 等待 3 秒
2024-11-04 00:39:16 查询号码 【1303068】，返回信息 {"status":"ok","msg":"安徽-阜阳","gid":"62927","time_insert":"2021-05-20 10:00"}
2024-11-04 00:39:16 查询号码 【1303068】，GSD为【"安徽-阜阳"】

2024-11-04 00:39:17 开始第 3070 次操作

2024-11-04 00:39:17 开始操作号码 【1303069】
2024-11-04 00:39:18 GSD getOne 第 1 次 等待 3 秒
2024-11-04 00:39:21 查询号码 【1303069】，返回信息 {"status":"ok","msg":"安徽-亳州","gid":"62932","time_insert":"2021-05-20 10:20"}
2024-11-04 00:39:21 查询号码 【1303069】，GSD为【"安徽-亳州"】

2024-11-04 00:39:22 开始第 3071 次操作

2024-11-04 00:39:22 开始操作号码 【1303070】
2024-11-04 00:39:24 GSD getOne 第 1 次 等待 3 秒
2024-11-04 00:39:27 查询号码 【1303070】，返回信息 {"status":"ok","msg":"辽宁-抚顺","gid":"62939","time_insert":"2021-05-20 10:49"}
2024-11-04 00:39:27 查询号码 【1303070】，GSD为【"辽宁-抚顺"】

2024-11-04 00:39:28 开始第 3072 次操作

2024-11-04 00:39:28 开始操作号码 【1303071】
2024-11-04 00:39:29 GSD getOne 第 1 次 等待 3 秒
2024-11-04 00:39:32 查询号码 【1303071】，返回信息 {"status":"ok","msg":"辽宁-抚顺","gid":"62945","time_insert":"2021-05-20 11:07"}
2024-11-04 00:39:32 查询号码 【1303071】，GSD为【"辽宁-抚顺"】

2024-11-04 01:08:26 开始第 3073 次操作

2024-11-04 01:08:26 开始操作号码 【1303072】
2024-11-04 01:08:27 GSD getOne 第 1 次 等待 3 秒
2024-11-04 01:08:30 查询号码 【1303072】，返回信息 {"status":"ok","msg":"辽宁-本溪","gid":"62954","time_insert":"2021-05-20 11:28"}
2024-11-04 01:08:31 查询号码 【1303072】，GSD为【"辽宁-本溪"】

2024-11-04 01:08:32 开始第 3074 次操作

2024-11-04 01:08:32 开始操作号码 【1303073】
2024-11-04 01:08:32 GSD getOne 第 1 次 等待 3 秒
2024-11-04 01:08:35 查询号码 【1303073】，返回信息 {"status":"ok","msg":"辽宁-本溪","gid":"62963","time_insert":"2021-05-20 11:45"}
2024-11-04 01:08:35 查询号码 【1303073】，GSD为【"辽宁-本溪"】

2024-11-04 01:08:37 开始第 3075 次操作

2024-11-04 01:08:37 开始操作号码 【1303074】
2024-11-04 01:08:37 GSD getOne 第 1 次 等待 3 秒
2024-11-04 01:08:40 查询号码 【1303074】，返回信息 {"status":"ok","msg":"辽宁-丹东","gid":"62967","time_insert":"2021-05-20 12:01"}
2024-11-04 01:08:40 查询号码 【1303074】，GSD为【"辽宁-丹东"】

2024-11-04 01:08:41 开始第 3076 次操作

2024-11-04 01:08:41 开始操作号码 【1303075】
2024-11-04 01:08:42 GSD getOne 第 1 次 等待 3 秒
2024-11-04 01:08:45 查询号码 【1303075】，返回信息 {"status":"ok","msg":"辽宁-丹东","gid":"62980","time_insert":"2021-05-20 12:27"}
2024-11-04 01:08:45 查询号码 【1303075】，GSD为【"辽宁-丹东"】

2024-11-04 01:34:12 开始第 3077 次操作

2024-11-04 01:34:12 开始操作号码 【1303076】
2024-11-04 01:34:13 GSD getOne 第 1 次 等待 3 秒
2024-11-04 01:34:16 查询号码 【1303076】，返回信息 {"status":"ok","msg":"辽宁-盘锦","gid":"62992","time_insert":"2021-05-20 12:55"}
2024-11-04 01:34:16 查询号码 【1303076】，GSD为【"辽宁-盘锦"】

2024-11-04 01:34:17 开始第 3078 次操作

2024-11-04 01:34:17 开始操作号码 【1303077】
2024-11-04 01:34:18 GSD getOne 第 1 次 等待 3 秒
2024-11-04 01:34:21 查询号码 【1303077】，返回信息 {"status":"ok","msg":"辽宁-盘锦","gid":"63000","time_insert":"2021-05-20 13:13"}
2024-11-04 01:34:21 查询号码 【1303077】，GSD为【"辽宁-盘锦"】

2024-11-04 01:34:22 开始第 3079 次操作

2024-11-04 01:34:22 开始操作号码 【1303078】
2024-11-04 01:34:23 GSD getOne 第 1 次 等待 3 秒
2024-11-04 01:34:26 查询号码 【1303078】，返回信息 {"status":"ok","msg":"辽宁-铁岭","gid":"63012","time_insert":"2021-05-20 13:41"}
2024-11-04 01:34:26 查询号码 【1303078】，GSD为【"辽宁-铁岭"】

2024-11-04 01:34:27 开始第 3080 次操作

2024-11-04 01:34:27 开始操作号码 【1303079】
2024-11-04 01:34:28 GSD getOne 第 1 次 等待 3 秒
2024-11-04 01:34:31 查询号码 【1303079】，返回信息 {"status":"ok","msg":"辽宁-铁岭","gid":"63023","time_insert":"2021-05-20 13:59"}
2024-11-04 01:34:31 查询号码 【1303079】，GSD为【"辽宁-铁岭"】

2024-11-04 02:13:18 开始第 3081 次操作

2024-11-04 02:13:18 开始操作号码 【1303080】
2024-11-04 02:13:19 GSD getOne 第 1 次 等待 3 秒
2024-11-04 02:13:22 查询号码 【1303080】，返回信息 {"status":"ok","msg":"福建-三明","gid":"63054","time_insert":"2021-05-20 14:24"}
2024-11-04 02:13:22 查询号码 【1303080】，GSD为【"福建-三明"】

2024-11-04 02:13:23 开始第 3082 次操作

2024-11-04 02:13:23 开始操作号码 【1303081】
2024-11-04 02:13:24 GSD getOne 第 1 次 等待 3 秒
2024-11-04 02:13:27 查询号码 【1303081】，返回信息 {"status":"ok","msg":"福建-莆田","gid":"63076","time_insert":"2021-05-20 14:43"}
2024-11-04 02:13:27 查询号码 【1303081】，GSD为【"福建-莆田"】

2024-11-04 02:13:28 开始第 3083 次操作

2024-11-04 02:13:28 开始操作号码 【1303082】
2024-11-04 02:13:29 GSD getOne 第 1 次 等待 3 秒
2024-11-04 02:13:32 查询号码 【1303082】，返回信息 {"status":"ok","msg":"福建-莆田","gid":"63097","time_insert":"2021-05-20 15:02"}
2024-11-04 02:13:32 查询号码 【1303082】，GSD为【"福建-莆田"】

2024-11-04 02:13:33 开始第 3084 次操作

2024-11-04 02:13:33 开始操作号码 【1303083】
2024-11-04 02:13:34 GSD getOne 第 1 次 等待 3 秒
2024-11-04 02:13:37 查询号码 【1303083】，返回信息 {"status":"ok","msg":"福建-莆田","gid":"63106","time_insert":"2021-05-20 15:15"}
2024-11-04 02:13:37 查询号码 【1303083】，GSD为【"福建-莆田"】

2024-11-04 02:39:52 开始第 3085 次操作

2024-11-04 02:39:52 开始操作号码 【1303084】
2024-11-04 02:39:53 GSD getOne 第 1 次 等待 3 秒
2024-11-04 02:39:56 查询号码 【1303084】，返回信息 {"status":"ok","msg":"福建-厦门","gid":"63116","time_insert":"2021-05-20 15:45"}
2024-11-04 02:39:57 查询号码 【1303084】，GSD为【"福建-厦门"】

2024-11-04 02:39:58 开始第 3086 次操作

2024-11-04 02:39:58 开始操作号码 【1303085】
2024-11-04 02:39:58 GSD getOne 第 1 次 等待 3 秒
2024-11-04 02:40:01 查询号码 【1303085】，返回信息 {"status":"ok","msg":"福建-莆田","gid":"63124","time_insert":"2021-05-20 16:02"}
2024-11-04 02:40:01 查询号码 【1303085】，GSD为【"福建-莆田"】

2024-11-04 02:40:02 开始第 3087 次操作

2024-11-04 02:40:02 开始操作号码 【1303086】
2024-11-04 02:40:03 GSD getOne 第 1 次 等待 3 秒
2024-11-04 02:40:06 查询号码 【1303086】，返回信息 {"status":"ok","msg":"福建-莆田","gid":"63134","time_insert":"2021-05-20 16:22"}
2024-11-04 02:40:06 查询号码 【1303086】，GSD为【"福建-莆田"】

2024-11-04 02:40:07 开始第 3088 次操作

2024-11-04 02:40:07 开始操作号码 【1303087】
2024-11-04 02:40:08 GSD getOne 第 1 次 等待 3 秒
2024-11-04 02:40:11 查询号码 【1303087】，返回信息 {"status":"ok","msg":"福建-厦门","gid":"63147","time_insert":"2021-05-20 16:52"}
2024-11-04 02:40:11 查询号码 【1303087】，GSD为【"福建-厦门"】

2024-11-04 03:07:21 开始第 3089 次操作

2024-11-04 03:07:21 开始操作号码 【1303088】
2024-11-04 03:07:22 GSD getOne 第 1 次 等待 3 秒
2024-11-04 03:07:25 查询号码 【1303088】，返回信息 {"status":"ok","msg":"福建-厦门","gid":"63151","time_insert":"2021-05-20 17:04"}
2024-11-04 03:07:25 查询号码 【1303088】，GSD为【"福建-厦门"】

2024-11-04 03:07:26 开始第 3090 次操作

2024-11-04 03:07:26 开始操作号码 【1303089】
2024-11-04 03:07:27 GSD getOne 第 1 次 等待 3 秒
2024-11-04 03:07:30 查询号码 【1303089】，返回信息 {"status":"ok","msg":"福建-厦门","gid":"63158","time_insert":"2021-05-20 17:21"}
2024-11-04 03:07:30 查询号码 【1303089】，GSD为【"福建-厦门"】

2024-11-04 03:07:31 开始第 3091 次操作

2024-11-04 03:07:31 开始操作号码 【1303090】
2024-11-04 03:07:32 GSD getOne 第 1 次 等待 3 秒
2024-11-04 03:07:35 查询号码 【1303090】，返回信息 {"status":"ok","msg":"福建-宁德","gid":"63168","time_insert":"2021-05-20 17:36"}
2024-11-04 03:07:35 查询号码 【1303090】，GSD为【"福建-宁德"】

2024-11-04 03:07:36 开始第 3092 次操作

2024-11-04 03:07:36 开始操作号码 【1303091】
2024-11-04 03:07:37 GSD getOne 第 1 次 等待 3 秒
2024-11-04 03:07:40 查询号码 【1303091】，返回信息 {"status":"ok","msg":"福建-宁德","gid":"63177","time_insert":"2021-05-20 17:52"}
2024-11-04 03:07:40 查询号码 【1303091】，GSD为【"福建-宁德"】

2024-11-04 03:33:12 开始第 3093 次操作

2024-11-04 03:33:12 开始操作号码 【1303092】
2024-11-04 03:33:13 GSD getOne 第 1 次 等待 3 秒
2024-11-04 03:33:16 查询号码 【1303092】，返回信息 {"status":"ok","msg":"福建-宁德","gid":"63189","time_insert":"2021-05-20 18:10"}
2024-11-04 03:33:16 查询号码 【1303092】，GSD为【"福建-宁德"】

2024-11-04 03:33:17 开始第 3094 次操作

2024-11-04 03:33:17 开始操作号码 【1303093】
2024-11-04 03:33:18 GSD getOne 第 1 次 等待 3 秒
2024-11-04 03:33:21 查询号码 【1303093】，返回信息 {"status":"ok","msg":"福建-宁德","gid":"63206","time_insert":"2021-05-20 18:35"}
2024-11-04 03:33:21 查询号码 【1303093】，GSD为【"福建-宁德"】

2024-11-04 03:33:22 开始第 3095 次操作

2024-11-04 03:33:22 开始操作号码 【1303094】
2024-11-04 03:33:23 GSD getOne 第 1 次 等待 3 秒
2024-11-04 03:33:26 查询号码 【1303094】，返回信息 {"status":"ok","msg":"福建-泉州","gid":"63220","time_insert":"2021-05-20 18:54"}
2024-11-04 03:33:26 查询号码 【1303094】，GSD为【"福建-泉州"】

2024-11-04 03:33:27 开始第 3096 次操作

2024-11-04 03:33:27 开始操作号码 【1303095】
2024-11-04 03:33:28 GSD getOne 第 1 次 等待 3 秒
2024-11-04 03:33:31 查询号码 【1303095】，返回信息 {"status":"ok","msg":"福建-宁德","gid":"63236","time_insert":"2021-05-20 19:19"}
2024-11-04 03:33:31 查询号码 【1303095】，GSD为【"福建-宁德"】

2024-11-04 04:10:27 开始第 3097 次操作

2024-11-04 04:10:27 开始操作号码 【1303096】
2024-11-04 04:10:28 GSD getOne 第 1 次 等待 3 秒
2024-11-04 04:10:31 查询号码 【1303096】，返回信息 {"status":"ok","msg":"福建-宁德","gid":"63249","time_insert":"2021-05-20 19:34"}
2024-11-04 04:10:32 查询号码 【1303096】，GSD为【"福建-宁德"】

2024-11-04 04:10:33 开始第 3098 次操作

2024-11-04 04:10:33 开始操作号码 【1303097】
2024-11-04 04:10:34 GSD getOne 第 1 次 等待 3 秒
2024-11-04 04:10:37 查询号码 【1303097】，返回信息 {"status":"ok","msg":"福建-泉州","gid":"63263","time_insert":"2021-05-20 19:57"}
2024-11-04 04:10:37 查询号码 【1303097】，GSD为【"福建-泉州"】

2024-11-04 04:10:38 开始第 3099 次操作

2024-11-04 04:10:38 开始操作号码 【1303098】
2024-11-04 04:10:39 GSD getOne 第 1 次 等待 3 秒
2024-11-04 04:10:42 查询号码 【1303098】，返回信息 {"status":"ok","msg":"福建-泉州","gid":"63276","time_insert":"2021-05-20 20:14"}
2024-11-04 04:10:42 查询号码 【1303098】，GSD为【"福建-泉州"】

2024-11-04 04:10:43 开始第 3100 次操作

2024-11-04 04:10:43 开始操作号码 【1303099】
2024-11-04 04:10:44 GSD getOne 第 1 次 等待 3 秒
2024-11-04 04:10:47 查询号码 【1303099】，返回信息 {"status":"ok","msg":"福建-泉州","gid":"63297","time_insert":"2021-05-20 20:43"}
2024-11-04 04:10:47 查询号码 【1303099】，GSD为【"福建-泉州"】

2024-11-04 04:33:37 开始第 3101 次操作

2024-11-04 04:33:37 开始操作号码 【1303100】
2024-11-04 04:33:38 GSD getOne 第 1 次 等待 3 秒
2024-11-04 04:33:41 查询号码 【1303100】，返回信息 {"status":"ok","msg":"北京-北京","gid":"63317","time_insert":"2021-05-20 21:11"}
2024-11-04 04:33:41 查询号码 【1303100】，GSD为【"北京-北京"】

2024-11-04 04:33:42 开始第 3102 次操作

2024-11-04 04:33:42 开始操作号码 【1303101】
2024-11-04 04:33:43 GSD getOne 第 1 次 等待 3 秒
2024-11-04 04:33:46 查询号码 【1303101】，返回信息 {"status":"ok","msg":"北京-北京","gid":"63336","time_insert":"2021-05-20 21:40"}
2024-11-04 04:33:46 查询号码 【1303101】，GSD为【"北京-北京"】

2024-11-04 04:33:47 开始第 3103 次操作

2024-11-04 04:33:47 开始操作号码 【1303102】
2024-11-04 04:33:48 GSD getOne 第 1 次 等待 3 秒
2024-11-04 04:33:51 查询号码 【1303102】，返回信息 {"status":"ok","msg":"北京-北京","gid":"63354","time_insert":"2021-05-20 22:02"}
2024-11-04 04:33:51 查询号码 【1303102】，GSD为【"北京-北京"】

2024-11-04 04:33:52 开始第 3104 次操作

2024-11-04 04:33:52 开始操作号码 【1303103】
2024-11-04 04:33:53 GSD getOne 第 1 次 等待 3 秒
2024-11-04 04:33:56 查询号码 【1303103】，返回信息 {"status":"ok","msg":"北京-北京","gid":"63368","time_insert":"2021-05-20 22:25"}
2024-11-04 04:33:56 查询号码 【1303103】，GSD为【"北京-北京"】

2024-11-04 05:09:25 开始第 3105 次操作

2024-11-04 05:09:25 开始操作号码 【1303104】
2024-11-04 05:09:27 GSD getOne 第 1 次 等待 3 秒
2024-11-04 05:09:30 查询号码 【1303104】，返回信息 {"status":"ok","msg":"北京-北京","gid":"219","time_insert":"2020-08-05 14:50","time_update":"2020-12-27 11:05"}
2024-11-04 05:09:30 查询号码 【1303104】，GSD为【"北京-北京"】

2024-11-04 05:09:31 开始第 3106 次操作

2024-11-04 05:09:31 开始操作号码 【1303105】
2024-11-04 05:09:32 GSD getOne 第 1 次 等待 3 秒
2024-11-04 05:09:35 查询号码 【1303105】，返回信息 {"status":"ok","msg":"北京-北京","gid":"63383","time_insert":"2021-05-20 22:45"}
2024-11-04 05:09:35 查询号码 【1303105】，GSD为【"北京-北京"】

2024-11-04 05:09:36 开始第 3107 次操作

2024-11-04 05:09:36 开始操作号码 【1303106】
2024-11-04 05:09:37 GSD getOne 第 1 次 等待 3 秒
2024-11-04 05:09:40 查询号码 【1303106】，返回信息 {"status":"ok","msg":"北京-北京","gid":"63398","time_insert":"2021-05-20 23:05"}
2024-11-04 05:09:40 查询号码 【1303106】，GSD为【"北京-北京"】

2024-11-04 05:09:41 开始第 3108 次操作

2024-11-04 05:09:41 开始操作号码 【1303107】
2024-11-04 05:09:42 GSD getOne 第 1 次 等待 3 秒
2024-11-04 05:09:45 查询号码 【1303107】，返回信息 {"status":"ok","msg":"北京-北京","gid":"63417","time_insert":"2021-05-20 23:31"}
2024-11-04 05:09:45 查询号码 【1303107】，GSD为【"北京-北京"】

2024-11-04 05:33:32 开始第 3109 次操作

2024-11-04 05:33:32 开始操作号码 【1303108】
2024-11-04 05:33:34 GSD getOne 第 1 次 等待 3 秒
2024-11-04 05:33:37 查询号码 【1303108】，返回信息 {"status":"ok","msg":"北京-北京","gid":"63433","time_insert":"2021-05-20 23:53"}
2024-11-04 05:33:37 查询号码 【1303108】，GSD为【"北京-北京"】

2024-11-04 05:33:38 开始第 3110 次操作

2024-11-04 05:33:38 开始操作号码 【1303109】
2024-11-04 05:33:39 GSD getOne 第 1 次 等待 3 秒
2024-11-04 05:33:42 查询号码 【1303109】，返回信息 {"status":"ok","msg":"北京-北京","gid":"63450","time_insert":"2021-05-21 00:18"}
2024-11-04 05:33:42 查询号码 【1303109】，GSD为【"北京-北京"】

2024-11-04 05:33:43 开始第 3111 次操作

2024-11-04 05:33:43 开始操作号码 【1303110】
2024-11-04 05:33:44 GSD getOne 第 1 次 等待 3 秒
2024-11-04 05:33:47 查询号码 【1303110】，返回信息 {"status":"ok","msg":"北京-北京","gid":"63469","time_insert":"2021-05-21 00:41"}
2024-11-04 05:33:47 查询号码 【1303110】，GSD为【"北京-北京"】

2024-11-04 05:33:48 开始第 3112 次操作

2024-11-04 05:33:48 开始操作号码 【1303111】
2024-11-04 05:33:49 GSD getOne 第 1 次 等待 3 秒
2024-11-04 05:33:52 查询号码 【1303111】，返回信息 {"status":"ok","msg":"北京-北京","gid":"63482","time_insert":"2021-05-21 01:00"}
2024-11-04 05:33:52 查询号码 【1303111】，GSD为【"北京-北京"】

2024-11-04 06:09:54 开始第 3113 次操作

2024-11-04 06:09:54 开始操作号码 【1303112】
2024-11-04 06:09:56 GSD getOne 第 1 次 等待 3 秒
2024-11-04 06:09:59 查询号码 【1303112】，返回信息 {"status":"ok","msg":"北京-北京","gid":"63494","time_insert":"2021-05-21 01:19"}
2024-11-04 06:09:59 查询号码 【1303112】，GSD为【"北京-北京"】

2024-11-04 06:10:00 开始第 3114 次操作

2024-11-04 06:10:00 开始操作号码 【1303113】
2024-11-04 06:10:01 GSD getOne 第 1 次 等待 3 秒
2024-11-04 06:10:04 查询号码 【1303113】，返回信息 {"status":"ok","msg":"北京-北京","gid":"63513","time_insert":"2021-05-21 01:46"}
2024-11-04 06:10:04 查询号码 【1303113】，GSD为【"北京-北京"】

2024-11-04 06:10:05 开始第 3115 次操作

2024-11-04 06:10:05 开始操作号码 【1303114】
2024-11-04 06:10:06 GSD getOne 第 1 次 等待 3 秒
2024-11-04 06:10:09 查询号码 【1303114】，返回信息 {"status":"ok","msg":"北京-北京","gid":"63527","time_insert":"2021-05-21 02:04"}
2024-11-04 06:10:09 查询号码 【1303114】，GSD为【"北京-北京"】

2024-11-04 06:10:10 开始第 3116 次操作

2024-11-04 06:10:10 开始操作号码 【1303115】
2024-11-04 06:10:11 GSD getOne 第 1 次 等待 3 秒
2024-11-04 06:10:14 查询号码 【1303115】，返回信息 {"status":"ok","msg":"北京-北京","gid":"63546","time_insert":"2021-05-21 02:32"}
2024-11-04 06:10:14 查询号码 【1303115】，GSD为【"北京-北京"】

2024-11-04 06:37:18 开始第 3117 次操作

2024-11-04 06:37:18 开始操作号码 【1303116】
2024-11-04 06:37:19 GSD getOne 第 1 次 等待 3 秒
2024-11-04 06:37:22 查询号码 【1303116】，返回信息 {"status":"ok","msg":"北京-北京","gid":"63564","time_insert":"2021-05-21 02:59"}
2024-11-04 06:37:22 查询号码 【1303116】，GSD为【"北京-北京"】

2024-11-04 06:37:23 开始第 3118 次操作

2024-11-04 06:37:23 开始操作号码 【1303117】
2024-11-04 06:37:24 GSD getOne 第 1 次 等待 3 秒
2024-11-04 06:37:27 查询号码 【1303117】，返回信息 {"status":"ok","msg":"北京-北京","gid":"63584","time_insert":"2021-05-21 03:27"}
2024-11-04 06:37:27 查询号码 【1303117】，GSD为【"北京-北京"】

2024-11-04 06:37:28 开始第 3119 次操作

2024-11-04 06:37:28 开始操作号码 【1303118】
2024-11-04 06:37:29 GSD getOne 第 1 次 等待 3 秒
2024-11-04 06:37:32 查询号码 【1303118】，返回信息 {"status":"ok","msg":"北京-北京","gid":"63599","time_insert":"2021-05-21 03:52"}
2024-11-04 06:37:32 查询号码 【1303118】，GSD为【"北京-北京"】

2024-11-04 06:37:33 开始第 3120 次操作

2024-11-04 06:37:33 开始操作号码 【1303119】
2024-11-04 06:37:34 GSD getOne 第 1 次 等待 3 秒
2024-11-04 06:37:37 查询号码 【1303119】，返回信息 {"status":"ok","msg":"北京-北京","gid":"63618","time_insert":"2021-05-21 04:17"}
2024-11-04 06:37:37 查询号码 【1303119】，GSD为【"北京-北京"】

2024-11-04 07:11:30 开始第 3121 次操作

2024-11-04 07:11:30 开始操作号码 【1303120】
2024-11-04 07:11:32 GSD getOne 第 1 次 等待 3 秒
2024-11-04 07:11:35 查询号码 【1303120】，返回信息 {"status":"ok","msg":"新疆-吐鲁番","gid":"63633","time_insert":"2021-05-21 04:41"}
2024-11-04 07:11:35 查询号码 【1303120】，GSD为【"新疆-吐鲁番"】

2024-11-04 07:11:36 开始第 3122 次操作

2024-11-04 07:11:36 开始操作号码 【1303121】
2024-11-04 07:11:37 GSD getOne 第 1 次 等待 3 秒
2024-11-04 07:11:40 查询号码 【1303121】，返回信息 {"status":"ok","msg":"新疆-哈密","gid":"63647","time_insert":"2021-05-21 05:02"}
2024-11-04 07:11:40 查询号码 【1303121】，GSD为【"新疆-哈密"】

2024-11-04 07:11:41 开始第 3123 次操作

2024-11-04 07:11:41 开始操作号码 【1303122】
2024-11-04 07:11:42 GSD getOne 第 1 次 等待 3 秒
2024-11-04 07:11:45 查询号码 【1303122】，返回信息 {"status":"ok","msg":"新疆-哈密","gid":"63663","time_insert":"2021-05-21 05:25"}
2024-11-04 07:11:45 查询号码 【1303122】，GSD为【"新疆-哈密"】

2024-11-04 07:11:46 开始第 3124 次操作

2024-11-04 07:11:46 开始操作号码 【1303123】
2024-11-04 07:11:47 GSD getOne 第 1 次 等待 3 秒
2024-11-04 07:11:50 查询号码 【1303123】，返回信息 {"status":"ok","msg":"新疆-库尔勒","gid":"63682","time_insert":"2021-05-21 05:54"}
2024-11-04 07:11:50 查询号码 【1303123】，GSD为【"新疆-库尔勒"】

2024-11-04 08:51:37 开始第 3125 次操作

2024-11-04 08:51:37 开始操作号码 【1303124】
2024-11-04 08:51:38 GSD getOne 第 1 次 等待 3 秒
2024-11-04 08:51:41 查询号码 【1303124】，返回信息 {"status":"ok","msg":"新疆-库尔勒","gid":"63700","time_insert":"2021-05-21 06:22"}
2024-11-04 08:51:41 查询号码 【1303124】，GSD为【"新疆-库尔勒"】

2024-11-04 08:51:42 开始第 3126 次操作

2024-11-04 08:51:42 开始操作号码 【1303125】
2024-11-04 08:51:43 GSD getOne 第 1 次 等待 3 秒
2024-11-04 08:51:46 查询号码 【1303125】，返回信息 {"status":"ok","msg":"新疆-库尔勒","gid":"63715","time_insert":"2021-05-21 06:41"}
2024-11-04 08:51:46 查询号码 【1303125】，GSD为【"新疆-库尔勒"】

2024-11-04 08:51:47 开始第 3127 次操作

2024-11-04 08:51:47 开始操作号码 【1303126】
2024-11-04 08:51:48 GSD getOne 第 1 次 等待 3 秒
2024-11-04 08:51:51 查询号码 【1303126】，返回信息 {"status":"ok","msg":"新疆-阿克苏","gid":"63730","time_insert":"2021-05-21 07:02"}
2024-11-04 08:51:51 查询号码 【1303126】，GSD为【"新疆-阿克苏"】

2024-11-04 08:51:52 开始第 3128 次操作

2024-11-04 08:51:52 开始操作号码 【1303127】
2024-11-04 08:51:53 GSD getOne 第 1 次 等待 3 秒
2024-11-04 08:51:56 查询号码 【1303127】，返回信息 {"status":"ok","msg":"新疆-阿克苏","gid":"63741","time_insert":"2021-05-21 07:20"}
2024-11-04 08:51:57 查询号码 【1303127】，GSD为【"新疆-阿克苏"】

2024-11-04 10:15:39 开始第 3129 次操作

2024-11-04 10:15:39 开始操作号码 【1303128】
2024-11-04 10:15:40 GSD getOne 第 1 次 等待 3 秒
2024-11-04 10:15:43 查询号码 【1303128】，返回信息 {"status":"ok","msg":"新疆-喀什","gid":"220","time_insert":"2018-05-16 17:18","time_update":"2020-12-25 06:43"}
2024-11-04 10:15:43 查询号码 【1303128】，GSD为【"新疆-喀什"】

2024-11-04 10:15:44 开始第 3130 次操作

2024-11-04 10:15:44 开始操作号码 【1303129】
2024-11-04 10:15:45 GSD getOne 第 1 次 等待 3 秒
2024-11-04 10:15:48 查询号码 【1303129】，返回信息 {"status":"ok","msg":"新疆-喀什","gid":"63755","time_insert":"2021-05-21 07:39"}
2024-11-04 10:15:48 查询号码 【1303129】，GSD为【"新疆-喀什"】

2024-11-04 10:15:49 开始第 3131 次操作

2024-11-04 10:15:49 开始操作号码 【1303130】
2024-11-04 10:15:50 GSD getOne 第 1 次 等待 3 秒
2024-11-04 10:15:53 查询号码 【1303130】，返回信息 {"status":"ok","msg":"新疆-奎屯","gid":"221","time_insert":"2017-05-30 14:35","time_update":"2020-12-25 06:57"}
2024-11-04 10:15:54 查询号码 【1303130】，GSD为【"新疆-奎屯"】

2024-11-04 10:15:55 开始第 3132 次操作

2024-11-04 10:15:55 开始操作号码 【1303131】
2024-11-04 10:15:56 GSD getOne 第 1 次 等待 3 秒
2024-11-04 10:15:59 查询号码 【1303131】，返回信息 {"status":"ok","msg":"新疆-奎屯","gid":"222","time_insert":"2020-01-09 11:12","time_update":"2020-12-25 06:50"}
2024-11-04 10:15:59 查询号码 【1303131】，GSD为【"新疆-奎屯"】

2024-11-04 11:05:36 开始第 3133 次操作

2024-11-04 11:05:36 开始操作号码 【1303132】
2024-11-04 11:05:38 GSD getOne 第 1 次 等待 3 秒
2024-11-04 11:05:41 查询号码 【1303132】，返回信息 {"status":"ok","msg":"新疆-石河子","gid":"63769","time_insert":"2021-05-21 07:58"}
2024-11-04 11:05:41 查询号码 【1303132】，GSD为【"新疆-石河子"】

2024-11-04 11:05:42 开始第 3134 次操作

2024-11-04 11:05:42 开始操作号码 【1303133】
2024-11-04 11:05:43 GSD getOne 第 1 次 等待 3 秒
2024-11-04 11:05:46 查询号码 【1303133】，返回信息 {"status":"ok","msg":"新疆-石河子","gid":"223","time_insert":"2018-04-26 12:21","time_update":"2020-12-25 06:36"}
2024-11-04 11:05:46 查询号码 【1303133】，GSD为【"新疆-石河子"】

2024-11-04 11:05:47 开始第 3135 次操作

2024-11-04 11:05:47 开始操作号码 【1303134】
2024-11-04 11:05:48 GSD getOne 第 1 次 等待 3 秒
2024-11-04 11:05:51 查询号码 【1303134】，返回信息 {"status":"ok","msg":"新疆-博乐","gid":"63784","time_insert":"2021-05-21 08:20"}
2024-11-04 11:05:51 查询号码 【1303134】，GSD为【"新疆-博乐"】

2024-11-04 11:05:52 开始第 3136 次操作

2024-11-04 11:05:52 开始操作号码 【1303135】
2024-11-04 11:05:53 GSD getOne 第 1 次 等待 3 秒
2024-11-04 11:05:56 查询号码 【1303135】，返回信息 {"status":"ok","msg":"新疆-博乐","gid":"63803","time_insert":"2021-05-21 08:29"}
2024-11-04 11:05:56 查询号码 【1303135】，GSD为【"新疆-博乐"】

2024-11-04 11:43:16 开始第 3137 次操作

2024-11-04 11:43:16 开始操作号码 【1303136】
2024-11-04 11:43:17 GSD getOne 第 1 次 等待 3 秒
2024-11-04 11:43:20 查询号码 【1303136】，返回信息 {"status":"ok","msg":"新疆-伊犁","gid":"63826","time_insert":"2021-05-21 08:50"}
2024-11-04 11:43:20 查询号码 【1303136】，GSD为【"新疆-伊犁"】

2024-11-04 11:43:21 开始第 3138 次操作

2024-11-04 11:43:21 开始操作号码 【1303137】
2024-11-04 11:43:23 GSD getOne 第 1 次 等待 3 秒
2024-11-04 11:43:26 查询号码 【1303137】，返回信息 {"status":"ok","msg":"新疆-伊犁","gid":"63832","time_insert":"2021-05-21 09:08"}
2024-11-04 11:43:26 查询号码 【1303137】，GSD为【"新疆-伊犁"】

2024-11-04 11:43:27 开始第 3139 次操作

2024-11-04 11:43:27 开始操作号码 【1303138】
2024-11-04 11:43:28 GSD getOne 第 1 次 等待 3 秒
2024-11-04 11:43:31 查询号码 【1303138】，返回信息 {"status":"ok","msg":"新疆-克拉玛依","gid":"224","time_insert":"2018-01-14 17:42","time_update":"2020-12-25 05:17"}
2024-11-04 11:43:31 查询号码 【1303138】，GSD为【"新疆-克拉玛依"】

2024-11-04 11:43:32 开始第 3140 次操作

2024-11-04 11:43:32 开始操作号码 【1303139】
2024-11-04 11:43:33 GSD getOne 第 1 次 等待 3 秒
2024-11-04 11:43:36 查询号码 【1303139】，返回信息 {"status":"ok","msg":"新疆-克拉玛依","gid":"63841","time_insert":"2021-05-21 09:30","time_update":"2021-05-21 10:03"}
2024-11-04 11:43:36 查询号码 【1303139】，GSD为【"新疆-克拉玛依"】

2024-11-04 12:13:02 开始第 3141 次操作

2024-11-04 12:13:02 开始操作号码 【1303140】
2024-11-04 12:13:03 GSD getOne 第 1 次 等待 3 秒
2024-11-04 12:13:06 查询号码 【1303140】，返回信息 {"status":"ok","msg":"河北-承德","gid":"63849","time_insert":"2021-05-21 09:47"}
2024-11-04 12:13:06 查询号码 【1303140】，GSD为【"河北-承德"】

2024-11-04 12:13:07 开始第 3142 次操作

2024-11-04 12:13:07 开始操作号码 【1303141】
2024-11-04 12:13:08 GSD getOne 第 1 次 等待 3 秒
2024-11-04 12:13:11 查询号码 【1303141】，返回信息 {"status":"ok","msg":"河北-承德","gid":"63860","time_insert":"2021-05-21 10:15"}
2024-11-04 12:13:11 查询号码 【1303141】，GSD为【"河北-承德"】

2024-11-04 12:13:12 开始第 3143 次操作

2024-11-04 12:13:12 开始操作号码 【1303142】
2024-11-04 12:13:13 GSD getOne 第 1 次 等待 3 秒
2024-11-04 12:13:16 查询号码 【1303142】，返回信息 {"status":"ok","msg":"河北-承德","gid":"63891","time_insert":"2021-05-21 10:41"}
2024-11-04 12:13:16 查询号码 【1303142】，GSD为【"河北-承德"】

2024-11-04 12:13:17 开始第 3144 次操作

2024-11-04 12:13:17 开始操作号码 【1303143】
2024-11-04 12:13:18 GSD getOne 第 1 次 等待 3 秒
2024-11-04 12:13:21 查询号码 【1303143】，返回信息 {"status":"ok","msg":"河北-秦皇岛","gid":"63912","time_insert":"2021-05-21 11:11"}
2024-11-04 12:13:21 查询号码 【1303143】，GSD为【"河北-秦皇岛"】

