2023-11-02 00:21:20 开始第 6257 次操作

2023-11-02 00:21:20 开始操作号码 【1926159】
2023-11-02 00:21:23 GSD getOne 第 1 次 等待 3 秒
2023-11-02 00:21:26 查询号码 【1926159】，返回信息 {"status":"ok","msg":"-","gid":"617329","time_insert":"2023-03-27 05:46"}
2023-11-02 00:21:26 查询号码 【1926159】，GSD为【"-"】
2023-11-02 00:21:26 ok && -
2023-11-02 00:21:28 CHB 1926159?1698855686 第 1 次 等待 3 秒
2023-11-02 00:21:31 CHB 1926159?1698855686 第 1 次 获取到号码【1926159】GSD
2023-11-02 00:21:31 未获取到号码【1926159】GSD，可能号码格式错误
2023-11-02 00:21:31 获取到号码【1926159】的GSD为【-】
2023-11-02 00:21:34 GSD insert 第 1 次 等待 3 秒
2023-11-02 00:21:37 {"status":"bad","gid":"617329","msg":"添加失败！号码【1926159(-|-)】已存在！"}
2023-11-02 00:21:37 随机等待 208 秒，约 3 分钟
2023-11-02 00:21:37 下次操作: 2023-11-02 00:25:05

2023-11-02 00:25:05 开始第 6258 次操作

2023-11-02 00:25:05 开始操作号码 【1926160】
2023-11-02 00:25:09 GSD getOne 第 1 次 等待 3 秒
2023-11-02 00:25:12 查询号码 【1926160】，返回信息 {"status":"ok","msg":"-","gid":"617325","time_insert":"2023-03-27 05:44"}
2023-11-02 00:25:12 查询号码 【1926160】，GSD为【"-"】
2023-11-02 00:25:12 ok && -
2023-11-02 00:25:15 CHB 1926160?1698855912 第 1 次 等待 3 秒
2023-11-02 00:25:18 CHB 1926160?1698855912 第 1 次 获取到号码【1926160】GSD
2023-11-02 00:25:18 未获取到号码【1926160】GSD，可能号码格式错误
2023-11-02 00:25:18 获取到号码【1926160】的GSD为【-】
2023-11-02 00:25:21 GSD insert 第 1 次 等待 3 秒
2023-11-02 00:25:24 {"status":"bad","gid":"617325","msg":"添加失败！号码【1926160(-|-)】已存在！"}
2023-11-02 00:25:24 随机等待 84 秒，约 1 分钟
2023-11-02 00:25:24 下次操作: 2023-11-02 00:26:48

2023-11-02 00:26:48 开始第 6259 次操作

2023-11-02 00:26:48 开始操作号码 【1926161】
2023-11-02 00:26:52 GSD getOne 第 1 次 等待 3 秒
2023-11-02 00:26:55 查询号码 【1926161】，返回信息 {"status":"ok","msg":"-","gid":"617320","time_insert":"2023-03-27 05:41"}
2023-11-02 00:26:55 查询号码 【1926161】，GSD为【"-"】
2023-11-02 00:26:55 ok && -
2023-11-02 00:26:57 CHB 1926161?1698856015 第 1 次 等待 3 秒
2023-11-02 00:27:00 CHB 1926161?1698856015 第 1 次 获取到号码【1926161】GSD
2023-11-02 00:27:00 未获取到号码【1926161】GSD，可能号码格式错误
2023-11-02 00:27:00 获取到号码【1926161】的GSD为【-】
2023-11-02 00:27:03 GSD insert 第 1 次 等待 3 秒
2023-11-02 00:27:06 {"status":"bad","gid":"617320","msg":"添加失败！号码【1926161(-|-)】已存在！"}
2023-11-02 00:27:06 随机等待 89 秒，约 1 分钟
2023-11-02 00:27:06 下次操作: 2023-11-02 00:28:35

2023-11-02 00:28:35 开始第 6260 次操作

2023-11-02 00:28:35 开始操作号码 【1926162】
2023-11-02 00:28:38 GSD getOne 第 1 次 等待 3 秒
2023-11-02 00:28:41 查询号码 【1926162】，返回信息 {"status":"ok","msg":"-","gid":"617317","time_insert":"2023-03-27 05:39"}
2023-11-02 00:28:42 查询号码 【1926162】，GSD为【"-"】
2023-11-02 00:28:42 ok && -
2023-11-02 00:28:44 CHB 1926162?1698856122 第 1 次 等待 3 秒
2023-11-02 00:28:47 CHB 1926162?1698856122 第 1 次 获取到号码【1926162】GSD
2023-11-02 00:28:47 未获取到号码【1926162】GSD，可能号码格式错误
2023-11-02 00:28:47 获取到号码【1926162】的GSD为【-】
2023-11-02 00:28:50 GSD insert 第 1 次 等待 3 秒
2023-11-02 00:28:53 {"status":"bad","gid":"617317","msg":"添加失败！号码【1926162(-|-)】已存在！"}

2023-11-02 00:40:31 开始第 6261 次操作

2023-11-02 00:40:31 开始操作号码 【1926163】
2023-11-02 00:40:34 GSD getOne 第 1 次 等待 3 秒
2023-11-02 00:40:37 查询号码 【1926163】，返回信息 {"status":"ok","msg":"-","gid":"617312","time_insert":"2023-03-27 05:37"}
2023-11-02 00:40:37 查询号码 【1926163】，GSD为【"-"】
2023-11-02 00:40:37 ok && -
2023-11-02 00:40:40 CHB 1926163?1698856837 第 1 次 等待 3 秒
2023-11-02 00:40:43 CHB 1926163?1698856837 第 1 次 获取到号码【1926163】GSD
2023-11-02 00:40:43 未获取到号码【1926163】GSD，可能号码格式错误
2023-11-02 00:40:43 获取到号码【1926163】的GSD为【-】
2023-11-02 00:40:47 GSD insert 第 1 次 等待 3 秒
2023-11-02 00:40:50 {"status":"bad","gid":"617312","msg":"添加失败！号码【1926163(-|-)】已存在！"}
2023-11-02 00:40:50 随机等待 202 秒，约 3 分钟
2023-11-02 00:40:50 下次操作: 2023-11-02 00:44:12

2023-11-02 00:44:12 开始第 6262 次操作

2023-11-02 00:44:12 开始操作号码 【1926164】
2023-11-02 00:44:15 GSD getOne 第 1 次 等待 3 秒
2023-11-02 00:44:18 查询号码 【1926164】，返回信息 {"status":"ok","msg":"-","gid":"617306","time_insert":"2023-03-27 05:35"}
2023-11-02 00:44:18 查询号码 【1926164】，GSD为【"-"】
2023-11-02 00:44:18 ok && -
2023-11-02 00:44:20 CHB 1926164?1698857058 第 1 次 等待 3 秒
2023-11-02 00:44:23 CHB 1926164?1698857058 第 1 次 获取到号码【1926164】GSD
2023-11-02 00:44:23 未获取到号码【1926164】GSD，可能号码格式错误
2023-11-02 00:44:23 获取到号码【1926164】的GSD为【-】
2023-11-02 00:44:26 GSD insert 第 1 次 等待 3 秒
2023-11-02 00:44:29 {"status":"bad","gid":"617306","msg":"添加失败！号码【1926164(-|-)】已存在！"}
2023-11-02 00:44:29 随机等待 89 秒，约 1 分钟
2023-11-02 00:44:29 下次操作: 2023-11-02 00:45:58

2023-11-02 00:45:58 开始第 6263 次操作

2023-11-02 00:45:58 开始操作号码 【1926165】
2023-11-02 00:46:02 GSD getOne 第 1 次 等待 3 秒
2023-11-02 00:46:05 查询号码 【1926165】，返回信息 {"status":"ok","msg":"-","gid":"617298","time_insert":"2023-03-27 05:26"}
2023-11-02 00:46:05 查询号码 【1926165】，GSD为【"-"】
2023-11-02 00:46:05 ok && -
2023-11-02 00:46:07 CHB 1926165?1698857165 第 1 次 等待 3 秒
2023-11-02 00:46:10 CHB 1926165?1698857165 第 1 次 获取到号码【1926165】GSD
2023-11-02 00:46:10 未获取到号码【1926165】GSD，可能号码格式错误
2023-11-02 00:46:10 获取到号码【1926165】的GSD为【-】
2023-11-02 00:46:16 GSD insert 第 1 次 等待 3 秒
2023-11-02 00:46:19 {"status":"bad","gid":"617298","msg":"添加失败！号码【1926165(-|-)】已存在！"}
2023-11-02 00:46:19 随机等待 98 秒，约 1 分钟
2023-11-02 00:46:19 下次操作: 2023-11-02 00:47:57

2023-11-02 00:47:57 开始第 6264 次操作

2023-11-02 00:47:57 开始操作号码 【1926166】
2023-11-02 00:48:00 GSD getOne 第 1 次 等待 3 秒
2023-11-02 00:48:03 查询号码 【1926166】，返回信息 {"status":"ok","msg":"-","gid":"617293","time_insert":"2023-03-27 05:24"}
2023-11-02 00:48:03 查询号码 【1926166】，GSD为【"-"】
2023-11-02 00:48:03 ok && -
2023-11-02 00:48:05 CHB 1926166?1698857283 第 1 次 等待 3 秒
2023-11-02 00:48:08 CHB 1926166?1698857283 第 1 次 获取到号码【1926166】GSD
2023-11-02 00:48:09 未获取到号码【1926166】GSD，可能号码格式错误
2023-11-02 00:48:09 获取到号码【1926166】的GSD为【-】
2023-11-02 00:48:13 GSD insert 第 1 次 等待 3 秒
2023-11-02 00:48:16 {"status":"bad","gid":"617293","msg":"添加失败！号码【1926166(-|-)】已存在！"}

