2023-12-26 00:21:24 开始第 5169 次操作

2023-12-26 00:21:24 开始操作号码 【1825071】
2023-12-26 00:21:30 GSD getOne 第 1 次 等待 3 秒
2023-12-26 00:21:33 查询号码 【1825071】，返回信息 {"status":"ok","msg":"福建-厦门","gid":"433647","time_insert":"2021-07-29 13:24"}
2023-12-26 00:21:34 查询号码 【1825071】，GSD为【"福建-厦门"】

2023-12-26 00:21:35 开始第 5170 次操作

2023-12-26 00:21:35 开始操作号码 【1825072】
2023-12-26 00:21:39 GSD getOne 第 1 次 等待 3 秒
2023-12-26 00:21:42 查询号码 【1825072】，返回信息 {"status":"ok","msg":"福建-厦门","gid":"433641","time_insert":"2021-07-29 13:23"}
2023-12-26 00:21:42 查询号码 【1825072】，GSD为【"福建-厦门"】

2023-12-26 00:21:43 开始第 5171 次操作

2023-12-26 00:21:43 开始操作号码 【1825073】
2023-12-26 00:21:47 GSD getOne 第 1 次 等待 3 秒
2023-12-26 00:21:50 查询号码 【1825073】，返回信息 {"status":"ok","msg":"福建-厦门","gid":"433637","time_insert":"2021-07-29 13:22","time_update":"2021-08-02 10:24"}
2023-12-26 00:21:50 查询号码 【1825073】，GSD为【"福建-厦门"】

2023-12-26 00:21:51 开始第 5172 次操作

2023-12-26 00:21:51 开始操作号码 【1825074】
2023-12-26 00:21:54 GSD getOne 第 1 次 等待 3 秒
2023-12-26 00:21:57 查询号码 【1825074】，返回信息 {"status":"ok","msg":"福建-厦门","gid":"433632","time_insert":"2021-07-29 13:21"}
2023-12-26 00:21:57 查询号码 【1825074】，GSD为【"福建-厦门"】

2023-12-26 00:39:48 开始第 5173 次操作

2023-12-26 00:39:48 开始操作号码 【1825075】
2023-12-26 00:39:52 GSD getOne 第 1 次 等待 3 秒
2023-12-26 00:39:55 查询号码 【1825075】，返回信息 {"status":"ok","msg":"福建-厦门","gid":"433628","time_insert":"2021-07-29 13:21"}
2023-12-26 00:39:55 查询号码 【1825075】，GSD为【"福建-厦门"】

2023-12-26 00:39:56 开始第 5174 次操作

2023-12-26 00:39:56 开始操作号码 【1825076】
2023-12-26 00:40:00 GSD getOne 第 1 次 等待 3 秒
2023-12-26 00:40:03 查询号码 【1825076】，返回信息 {"status":"ok","msg":"福建-厦门","gid":"433624","time_insert":"2021-07-29 13:20"}
2023-12-26 00:40:03 查询号码 【1825076】，GSD为【"福建-厦门"】

2023-12-26 00:40:04 开始第 5175 次操作

2023-12-26 00:40:04 开始操作号码 【1825077】
2023-12-26 00:40:07 GSD getOne 第 1 次 等待 3 秒
2023-12-26 00:40:10 查询号码 【1825077】，返回信息 {"status":"ok","msg":"福建-厦门","gid":"35677","time_insert":"2017-08-17 00:00","time_update":"2020-09-06 22:26"}
2023-12-26 00:40:11 查询号码 【1825077】，GSD为【"福建-厦门"】

2023-12-26 00:40:12 开始第 5176 次操作

2023-12-26 00:40:12 开始操作号码 【1825078】
2023-12-26 00:40:15 GSD getOne 第 1 次 等待 3 秒
2023-12-26 00:40:18 查询号码 【1825078】，返回信息 {"status":"ok","msg":"福建-厦门","gid":"433614","time_insert":"2021-07-29 13:19"}
2023-12-26 00:40:18 查询号码 【1825078】，GSD为【"福建-厦门"】

2023-12-26 01:13:54 开始第 5177 次操作

2023-12-26 01:13:54 开始操作号码 【1825079】
2023-12-26 01:13:58 GSD getOne 第 1 次 等待 3 秒
2023-12-26 01:14:01 查询号码 【1825079】，返回信息 {"status":"ok","msg":"福建-厦门","gid":"433608","time_insert":"2021-07-29 13:18"}
2023-12-26 01:14:01 查询号码 【1825079】，GSD为【"福建-厦门"】

2023-12-26 01:14:02 开始第 5178 次操作

2023-12-26 01:14:02 开始操作号码 【1825080】
2023-12-26 01:14:06 GSD getOne 第 1 次 等待 3 秒
2023-12-26 01:14:09 查询号码 【1825080】，返回信息 {"status":"ok","msg":"福建-厦门","gid":"433604","time_insert":"2021-07-29 13:17"}
2023-12-26 01:14:09 查询号码 【1825080】，GSD为【"福建-厦门"】

2023-12-26 01:14:10 开始第 5179 次操作

2023-12-26 01:14:10 开始操作号码 【1825081】
2023-12-26 01:14:14 GSD getOne 第 1 次 等待 3 秒
2023-12-26 01:14:17 查询号码 【1825081】，返回信息 {"status":"ok","msg":"福建-厦门","gid":"35678","time_insert":"2014-04-09 21:55","time_update":"2020-09-06 21:42"}
2023-12-26 01:14:17 查询号码 【1825081】，GSD为【"福建-厦门"】

2023-12-26 01:14:18 开始第 5180 次操作

2023-12-26 01:14:18 开始操作号码 【1825082】
2023-12-26 01:14:23 GSD getOne 第 1 次 等待 3 秒
2023-12-26 01:14:26 查询号码 【1825082】，返回信息 {"status":"ok","msg":"福建-厦门","gid":"433594","time_insert":"2021-07-29 13:15"}
2023-12-26 01:14:26 查询号码 【1825082】，GSD为【"福建-厦门"】

2023-12-26 01:37:19 开始第 5181 次操作

2023-12-26 01:37:19 开始操作号码 【1825083】
2023-12-26 01:37:23 GSD getOne 第 1 次 等待 3 秒
2023-12-26 01:37:26 查询号码 【1825083】，返回信息 {"status":"ok","msg":"福建-厦门","gid":"433587","time_insert":"2021-07-29 13:15"}
2023-12-26 01:37:26 查询号码 【1825083】，GSD为【"福建-厦门"】

2023-12-26 01:37:27 开始第 5182 次操作

2023-12-26 01:37:27 开始操作号码 【1825084】
2023-12-26 01:37:32 GSD getOne 第 1 次 等待 3 秒
2023-12-26 01:37:35 查询号码 【1825084】，返回信息 {"status":"ok","msg":"福建-厦门","gid":"433578","time_insert":"2021-07-29 13:14"}
2023-12-26 01:37:35 查询号码 【1825084】，GSD为【"福建-厦门"】

2023-12-26 01:37:36 开始第 5183 次操作

2023-12-26 01:37:36 开始操作号码 【1825085】
2023-12-26 01:37:39 GSD getOne 第 1 次 等待 3 秒
2023-12-26 01:37:42 查询号码 【1825085】，返回信息 {"status":"ok","msg":"福建-厦门","gid":"433567","time_insert":"2021-07-29 13:13"}
2023-12-26 01:37:42 查询号码 【1825085】，GSD为【"福建-厦门"】

2023-12-26 01:37:43 开始第 5184 次操作

2023-12-26 01:37:43 开始操作号码 【1825086】
2023-12-26 01:37:47 GSD getOne 第 1 次 等待 3 秒
2023-12-26 01:37:50 查询号码 【1825086】，返回信息 {"status":"ok","msg":"福建-厦门","gid":"433557","time_insert":"2021-07-29 13:12"}
2023-12-26 01:37:50 查询号码 【1825086】，GSD为【"福建-厦门"】

2023-12-26 02:19:39 开始第 5185 次操作

2023-12-26 02:19:39 开始操作号码 【1825087】
2023-12-26 02:19:44 GSD getOne 第 1 次 等待 3 秒
2023-12-26 02:19:47 查询号码 【1825087】，返回信息 {"status":"ok","msg":"福建-厦门","gid":"433546","time_insert":"2021-07-29 13:11"}
2023-12-26 02:19:47 查询号码 【1825087】，GSD为【"福建-厦门"】

2023-12-26 02:19:48 开始第 5186 次操作

2023-12-26 02:19:48 开始操作号码 【1825088】
2023-12-26 02:19:51 GSD getOne 第 1 次 等待 3 秒
2023-12-26 02:19:54 查询号码 【1825088】，返回信息 {"status":"ok","msg":"福建-厦门","gid":"35679","time_insert":"2017-04-19 11:23","time_update":"2020-09-06 21:38"}
2023-12-26 02:19:54 查询号码 【1825088】，GSD为【"福建-厦门"】

2023-12-26 02:19:55 开始第 5187 次操作

2023-12-26 02:19:55 开始操作号码 【1825089】
2023-12-26 02:19:59 GSD getOne 第 1 次 等待 3 秒
2023-12-26 02:20:02 查询号码 【1825089】，返回信息 {"status":"ok","msg":"福建-厦门","gid":"433529","time_insert":"2021-07-29 13:10"}
2023-12-26 02:20:02 查询号码 【1825089】，GSD为【"福建-厦门"】

2023-12-26 02:20:03 开始第 5188 次操作

2023-12-26 02:20:03 开始操作号码 【1825090】
2023-12-26 02:20:07 GSD getOne 第 1 次 等待 3 秒
2023-12-26 02:20:10 查询号码 【1825090】，返回信息 {"status":"ok","msg":"福建-宁德","gid":"433513","time_insert":"2021-07-29 13:09"}
2023-12-26 02:20:10 查询号码 【1825090】，GSD为【"福建-宁德"】

