2024-02-11 00:19:14 开始第 3033 次操作

2024-02-11 00:19:14 开始操作号码 【1712935】
2024-02-11 00:19:18 GSD getOne 第 1 次 等待 3 秒
2024-02-11 00:19:21 查询号码 【1712935】，返回信息 {"status":"ok","msg":"山西-大同","gid":"164511","time_insert":"2021-07-01 05:24"}
2024-02-11 00:19:22 查询号码 【1712935】，GSD为【"山西-大同"】

2024-02-11 00:19:23 开始第 3034 次操作

2024-02-11 00:19:23 开始操作号码 【1712936】
2024-02-11 00:19:28 GSD getOne 第 1 次 等待 3 秒
2024-02-11 00:19:31 查询号码 【1712936】，返回信息 {"status":"ok","msg":"山西-长治","gid":"164512","time_insert":"2021-07-01 05:25"}
2024-02-11 00:19:31 查询号码 【1712936】，GSD为【"山西-长治"】

2024-02-11 00:19:32 开始第 3035 次操作

2024-02-11 00:19:32 开始操作号码 【1712937】
2024-02-11 00:19:37 GSD getOne 第 1 次 等待 3 秒
2024-02-11 00:19:40 查询号码 【1712937】，返回信息 {"status":"ok","msg":"山西-长治","gid":"164513","time_insert":"2021-07-01 05:25"}
2024-02-11 00:19:40 查询号码 【1712937】，GSD为【"山西-长治"】

2024-02-11 00:19:41 开始第 3036 次操作

2024-02-11 00:19:41 开始操作号码 【1712938】
2024-02-11 00:19:45 GSD getOne 第 1 次 等待 3 秒
2024-02-11 00:19:48 查询号码 【1712938】，返回信息 {"status":"ok","msg":"山西-长治","gid":"164514","time_insert":"2021-07-01 05:25"}
2024-02-11 00:19:48 查询号码 【1712938】，GSD为【"山西-长治"】

