2024-10-18 00:13:13 开始第 77 次操作

2024-10-18 00:13:13 开始操作号码 【1300076】
2024-10-18 00:13:14 GSD getOne 第 1 次 等待 3 秒
2024-10-18 00:13:17 查询号码 【1300076】，返回信息 {"status":"ok","msg":"河南-郑州","gid":"46947","time_insert":"2021-02-24 10:36"}
2024-10-18 00:13:17 查询号码 【1300076】，GSD为【"河南-郑州"】

2024-10-18 00:13:18 开始第 78 次操作

2024-10-18 00:13:18 开始操作号码 【1300077】
2024-10-18 00:13:20 GSD getOne 第 1 次 等待 3 秒
2024-10-18 00:13:23 查询号码 【1300077】，返回信息 {"status":"ok","msg":"广东-广州","gid":"46948","time_insert":"2021-02-24 10:55"}
2024-10-18 00:13:23 查询号码 【1300077】，GSD为【"广东-广州"】

2024-10-18 00:13:24 开始第 79 次操作

2024-10-18 00:13:24 开始操作号码 【1300078】
2024-10-18 00:13:26 GSD getOne 第 1 次 等待 3 秒
2024-10-18 00:13:29 查询号码 【1300078】，返回信息 {"status":"ok","msg":"广东-广州","gid":"46949","time_insert":"2021-02-24 11:12"}
2024-10-18 00:13:29 查询号码 【1300078】，GSD为【"广东-广州"】

2024-10-18 00:13:30 开始第 80 次操作

2024-10-18 00:13:30 开始操作号码 【1300079】
2024-10-18 00:13:31 GSD getOne 第 1 次 等待 3 秒
2024-10-18 00:13:34 查询号码 【1300079】，返回信息 {"status":"ok","msg":"广东-广州","gid":"46950","time_insert":"2021-02-24 11:31"}
2024-10-18 00:13:34 查询号码 【1300079】，GSD为【"广东-广州"】

2024-10-18 00:43:00 开始第 81 次操作

2024-10-18 00:43:00 开始操作号码 【1300080】
2024-10-18 00:43:02 GSD getOne 第 1 次 等待 3 秒
2024-10-18 00:43:05 查询号码 【1300080】，返回信息 {"status":"ok","msg":"广东-广州","gid":"46951","time_insert":"2021-02-24 11:48"}
2024-10-18 00:43:05 查询号码 【1300080】，GSD为【"广东-广州"】

2024-10-18 00:43:06 开始第 82 次操作

2024-10-18 00:43:06 开始操作号码 【1300081】
2024-10-18 00:43:07 GSD getOne 第 1 次 等待 3 秒
2024-10-18 00:43:10 查询号码 【1300081】，返回信息 {"status":"ok","msg":"广东-广州","gid":"46952","time_insert":"2021-02-24 12:05"}
2024-10-18 00:43:10 查询号码 【1300081】，GSD为【"广东-广州"】

2024-10-18 00:43:11 开始第 83 次操作

2024-10-18 00:43:11 开始操作号码 【1300082】
2024-10-18 00:43:12 GSD getOne 第 1 次 等待 3 秒
2024-10-18 00:43:15 查询号码 【1300082】，返回信息 {"status":"ok","msg":"广东-广州","gid":"46953","time_insert":"2021-02-24 12:21"}
2024-10-18 00:43:15 查询号码 【1300082】，GSD为【"广东-广州"】

2024-10-18 00:43:16 开始第 84 次操作

2024-10-18 00:43:16 开始操作号码 【1300083】
2024-10-18 00:43:17 GSD getOne 第 1 次 等待 3 秒
2024-10-18 00:43:20 查询号码 【1300083】，返回信息 {"status":"ok","msg":"广东-广州","gid":"46954","time_insert":"2021-02-24 12:38"}
2024-10-18 00:43:20 查询号码 【1300083】，GSD为【"广东-广州"】

