2024-01-16 00:21:48 开始第 8897 次操作

2024-01-16 00:21:48 开始操作号码 【1828799】
2024-01-16 00:21:52 GSD getOne 第 1 次 等待 3 秒
2024-01-16 00:21:55 查询号码 【1828799】，返回信息 {"status":"ok","msg":"云南-普洱","gid":"36649","time_insert":"2017-03-14 22:17","time_update":"2020-12-04 20:24"}
2024-01-16 00:21:55 查询号码 【1828799】，GSD为【"云南-普洱"】

2024-01-16 00:21:56 开始第 8898 次操作

2024-01-16 00:21:56 开始操作号码 【1828800】
2024-01-16 00:22:04 GSD getOne 第 1 次 等待 3 秒
2024-01-16 00:22:07 查询号码 【1828800】，返回信息 {"status":"ok","msg":"云南-西双版纳","gid":"36650","time_insert":"2017-05-05 13:36","time_update":"2020-12-04 20:28"}
2024-01-16 00:22:07 查询号码 【1828800】，GSD为【"云南-西双版纳"】

2024-01-16 00:22:08 开始第 8899 次操作

2024-01-16 00:22:08 开始操作号码 【1828801】
2024-01-16 00:22:12 GSD getOne 第 1 次 等待 3 秒
2024-01-16 00:22:15 查询号码 【1828801】，返回信息 {"status":"ok","msg":"云南-西双版纳","gid":"36651","time_insert":"2016-10-22 10:40","time_update":"2020-12-04 20:31"}
2024-01-16 00:22:15 查询号码 【1828801】，GSD为【"云南-西双版纳"】

2024-01-16 00:22:16 开始第 8900 次操作

2024-01-16 00:22:16 开始操作号码 【1828802】
2024-01-16 00:22:20 GSD getOne 第 1 次 等待 3 秒
2024-01-16 00:22:23 查询号码 【1828802】，返回信息 {"status":"ok","msg":"云南-西双版纳","gid":"398671","time_insert":"2021-07-26 07:03"}
2024-01-16 00:22:23 查询号码 【1828802】，GSD为【"云南-西双版纳"】

