2024-11-23 00:13:01 开始第 6421 次操作

2024-11-23 00:13:01 开始操作号码 【1306420】
2024-11-23 00:13:03 GSD getOne 第 1 次 等待 3 秒
2024-11-23 00:13:06 查询号码 【1306420】，返回信息 {"status":"ok","msg":"云南-昆明","gid":"201061","time_insert":"2021-07-05 21:54"}
2024-11-23 00:13:06 查询号码 【1306420】，GSD为【"云南-昆明"】

2024-11-23 00:13:07 开始第 6422 次操作

2024-11-23 00:13:07 开始操作号码 【1306421】
2024-11-23 00:13:43 GSD getOne 第 1 次 等待 3 秒
2024-11-23 00:13:46 查询号码 【1306421】，返回信息 {"status":"ok","msg":"云南-昆明","gid":"201051","time_insert":"2021-07-05 21:53"}
2024-11-23 00:13:46 查询号码 【1306421】，GSD为【"云南-昆明"】

2024-11-23 00:13:47 开始第 6423 次操作

2024-11-23 00:13:47 开始操作号码 【1306422】
2024-11-23 00:14:24 GSD getOne 第 1 次 等待 3 秒
2024-11-23 00:14:27 查询号码 【1306422】，返回信息 {"status":"ok","msg":"云南-昆明","gid":"553","time_insert":"2018-11-13 09:51","time_update":"2020-11-24 17:26"}
2024-11-23 00:14:27 查询号码 【1306422】，GSD为【"云南-昆明"】

2024-11-23 00:14:28 开始第 6424 次操作

2024-11-23 00:14:28 开始操作号码 【1306423】
2024-11-23 00:15:05 GSD getOne 第 1 次 等待 3 秒
2024-11-23 00:15:08 查询号码 【1306423】，返回信息 {"status":"ok","msg":"云南-昆明","gid":"201037","time_insert":"2021-07-05 21:52"}
2024-11-23 00:15:08 查询号码 【1306423】，GSD为【"云南-昆明"】

2024-11-23 00:42:55 开始第 6425 次操作

2024-11-23 00:42:55 开始操作号码 【1306424】
2024-11-23 00:42:56 GSD getOne 第 1 次 等待 3 秒
2024-11-23 00:42:59 查询号码 【1306424】，返回信息 {"status":"ok","msg":"云南-昆明","gid":"201024","time_insert":"2021-07-05 21:51"}
2024-11-23 00:42:59 查询号码 【1306424】，GSD为【"云南-昆明"】

2024-11-23 00:43:00 开始第 6426 次操作

2024-11-23 00:43:00 开始操作号码 【1306425】
2024-11-23 00:43:01 GSD getOne 第 1 次 等待 3 秒
2024-11-23 00:43:04 查询号码 【1306425】，返回信息 {"status":"ok","msg":"云南-昆明","gid":"201013","time_insert":"2021-07-05 21:50"}
2024-11-23 00:43:04 查询号码 【1306425】，GSD为【"云南-昆明"】

2024-11-23 00:43:05 开始第 6427 次操作

2024-11-23 00:43:05 开始操作号码 【1306426】
2024-11-23 00:43:06 GSD getOne 第 1 次 等待 3 秒
2024-11-23 00:43:09 查询号码 【1306426】，返回信息 {"status":"ok","msg":"云南-昆明","gid":"554","time_insert":"2017-02-12 10:07","time_update":"2020-11-24 17:30"}
2024-11-23 00:43:09 查询号码 【1306426】，GSD为【"云南-昆明"】

2024-11-23 00:43:10 开始第 6428 次操作

2024-11-23 00:43:10 开始操作号码 【1306427】
2024-11-23 00:43:12 GSD getOne 第 1 次 等待 3 秒
2024-11-23 00:43:15 查询号码 【1306427】，返回信息 {"status":"ok","msg":"云南-昆明","gid":"555","time_insert":"2015-09-08 18:32","time_update":"2020-11-24 17:33"}
2024-11-23 00:43:15 查询号码 【1306427】，GSD为【"云南-昆明"】

