2024-11-06 00:12:53 开始第 3417 次操作

2024-11-06 00:12:53 开始操作号码 【1303416】
2024-11-06 00:12:55 GSD getOne 第 1 次 等待 3 秒
2024-11-06 00:12:58 查询号码 【1303416】，返回信息 {"status":"ok","msg":"甘肃-白银","gid":"67365","time_insert":"2021-05-25 05:25"}
2024-11-06 00:12:58 查询号码 【1303416】，GSD为【"甘肃-白银"】

2024-11-06 00:12:59 开始第 3418 次操作

2024-11-06 00:12:59 开始操作号码 【1303417】
2024-11-06 00:13:00 GSD getOne 第 1 次 等待 3 秒
2024-11-06 00:13:03 查询号码 【1303417】，返回信息 {"status":"ok","msg":"甘肃-平凉","gid":"67379","time_insert":"2021-05-25 05:46"}
2024-11-06 00:13:03 查询号码 【1303417】，GSD为【"甘肃-平凉"】

2024-11-06 00:13:04 开始第 3419 次操作

2024-11-06 00:13:04 开始操作号码 【1303418】
2024-11-06 00:13:05 GSD getOne 第 1 次 等待 3 秒
2024-11-06 00:13:08 查询号码 【1303418】，返回信息 {"status":"ok","msg":"甘肃-平凉","gid":"67396","time_insert":"2021-05-25 06:06"}
2024-11-06 00:13:08 查询号码 【1303418】，GSD为【"甘肃-平凉"】

2024-11-06 00:13:09 开始第 3420 次操作

2024-11-06 00:13:09 开始操作号码 【1303419】
2024-11-06 00:13:10 GSD getOne 第 1 次 等待 3 秒
2024-11-06 00:13:13 查询号码 【1303419】，返回信息 {"status":"ok","msg":"甘肃-庆阳","gid":"67411","time_insert":"2021-05-25 06:28"}
2024-11-06 00:13:13 查询号码 【1303419】，GSD为【"甘肃-庆阳"】

