2023-12-31 00:20:55 开始第 6061 次操作

2023-12-31 00:20:55 开始操作号码 【1825963】
2023-12-31 00:20:58 GSD getOne 第 1 次 等待 3 秒
2023-12-31 00:21:01 查询号码 【1825963】，返回信息 {"status":"ok","msg":"福建-漳州","gid":"425003","time_insert":"2021-07-28 15:03"}
2023-12-31 00:21:01 查询号码 【1825963】，GSD为【"福建-漳州"】

2023-12-31 00:21:02 开始第 6062 次操作

2023-12-31 00:21:02 开始操作号码 【1825964】
2023-12-31 00:21:05 GSD getOne 第 1 次 等待 3 秒
2023-12-31 00:21:08 查询号码 【1825964】，返回信息 {"status":"ok","msg":"福建-漳州","gid":"424991","time_insert":"2021-07-28 15:01"}
2023-12-31 00:21:08 查询号码 【1825964】，GSD为【"福建-漳州"】

2023-12-31 00:21:09 开始第 6063 次操作

2023-12-31 00:21:09 开始操作号码 【1825965】
2023-12-31 00:21:12 GSD getOne 第 1 次 等待 3 秒
2023-12-31 00:21:16 查询号码 【1825965】，返回信息 {"status":"ok","msg":"福建-漳州","gid":"424986","time_insert":"2021-07-28 15:01"}
2023-12-31 00:21:16 查询号码 【1825965】，GSD为【"福建-漳州"】

2023-12-31 00:21:17 开始第 6064 次操作

2023-12-31 00:21:17 开始操作号码 【1825966】
2023-12-31 00:21:22 GSD getOne 第 1 次 等待 3 秒
2023-12-31 00:21:25 查询号码 【1825966】，返回信息 {"status":"ok","msg":"福建-漳州","gid":"424979","time_insert":"2021-07-28 15:00"}
2023-12-31 00:21:25 查询号码 【1825966】，GSD为【"福建-漳州"】

2023-12-31 00:38:52 开始第 6065 次操作

2023-12-31 00:38:52 开始操作号码 【1825967】
2023-12-31 00:38:56 GSD getOne 第 1 次 等待 3 秒
2023-12-31 00:38:59 查询号码 【1825967】，返回信息 {"status":"ok","msg":"福建-漳州","gid":"424972","time_insert":"2021-07-28 15:00"}
2023-12-31 00:38:59 查询号码 【1825967】，GSD为【"福建-漳州"】

2023-12-31 00:39:00 开始第 6066 次操作

2023-12-31 00:39:00 开始操作号码 【1825968】
2023-12-31 00:39:03 GSD getOne 第 1 次 等待 3 秒
2023-12-31 00:39:06 查询号码 【1825968】，返回信息 {"status":"ok","msg":"福建-漳州","gid":"424968","time_insert":"2021-07-28 14:59"}
2023-12-31 00:39:06 查询号码 【1825968】，GSD为【"福建-漳州"】

2023-12-31 00:39:07 开始第 6067 次操作

2023-12-31 00:39:07 开始操作号码 【1825969】
2023-12-31 00:39:10 GSD getOne 第 1 次 等待 3 秒
2023-12-31 00:39:13 查询号码 【1825969】，返回信息 {"status":"ok","msg":"福建-漳州","gid":"424961","time_insert":"2021-07-28 14:58"}
2023-12-31 00:39:13 查询号码 【1825969】，GSD为【"福建-漳州"】

2023-12-31 00:39:14 开始第 6068 次操作

2023-12-31 00:39:14 开始操作号码 【1825970】
2023-12-31 00:39:17 GSD getOne 第 1 次 等待 3 秒
2023-12-31 00:39:20 查询号码 【1825970】，返回信息 {"status":"ok","msg":"福建-三明","gid":"424845","time_insert":"2021-07-28 14:16"}
2023-12-31 00:39:20 查询号码 【1825970】，GSD为【"福建-三明"】

2023-12-31 01:13:30 开始第 6069 次操作

2023-12-31 01:13:30 开始操作号码 【1825971】
2023-12-31 01:13:35 GSD getOne 第 1 次 等待 3 秒
2023-12-31 01:13:38 查询号码 【1825971】，返回信息 {"status":"ok","msg":"福建-三明","gid":"424842","time_insert":"2021-07-28 14:15"}
2023-12-31 01:13:38 查询号码 【1825971】，GSD为【"福建-三明"】

2023-12-31 01:13:39 开始第 6070 次操作

2023-12-31 01:13:39 开始操作号码 【1825972】
2023-12-31 01:13:46 GSD getOne 第 1 次 等待 3 秒
2023-12-31 01:13:49 查询号码 【1825972】，返回信息 {"status":"ok","msg":"福建-三明","gid":"424840","time_insert":"2021-07-28 14:14"}
2023-12-31 01:13:49 查询号码 【1825972】，GSD为【"福建-三明"】

2023-12-31 01:13:50 开始第 6071 次操作

2023-12-31 01:13:50 开始操作号码 【1825973】
2023-12-31 01:13:53 GSD getOne 第 1 次 等待 3 秒
2023-12-31 01:13:56 查询号码 【1825973】，返回信息 {"status":"ok","msg":"福建-三明","gid":"424838","time_insert":"2021-07-28 14:14"}
2023-12-31 01:13:56 查询号码 【1825973】，GSD为【"福建-三明"】

2023-12-31 01:13:57 开始第 6072 次操作

2023-12-31 01:13:57 开始操作号码 【1825974】
2023-12-31 01:14:02 GSD getOne 第 1 次 等待 3 秒
2023-12-31 01:14:05 查询号码 【1825974】，返回信息 {"status":"ok","msg":"福建-三明","gid":"35781","time_insert":"2017-01-15 09:55","time_update":"2020-09-06 19:13"}
2023-12-31 01:14:05 查询号码 【1825974】，GSD为【"福建-三明"】

2023-12-31 01:37:33 开始第 6073 次操作

2023-12-31 01:37:33 开始操作号码 【1825975】
2023-12-31 01:37:38 GSD getOne 第 1 次 等待 3 秒
2023-12-31 01:37:41 查询号码 【1825975】，返回信息 {"status":"ok","msg":"福建-三明","gid":"424836","time_insert":"2021-07-28 14:12"}
2023-12-31 01:37:41 查询号码 【1825975】，GSD为【"福建-三明"】

2023-12-31 01:37:42 开始第 6074 次操作

2023-12-31 01:37:42 开始操作号码 【1825976】
2023-12-31 01:37:45 GSD getOne 第 1 次 等待 3 秒
2023-12-31 01:37:48 查询号码 【1825976】，返回信息 {"status":"ok","msg":"福建-三明","gid":"424834","time_insert":"2021-07-28 14:12"}
2023-12-31 01:37:48 查询号码 【1825976】，GSD为【"福建-三明"】

2023-12-31 01:37:49 开始第 6075 次操作

2023-12-31 01:37:49 开始操作号码 【1825977】
2023-12-31 01:37:52 GSD getOne 第 1 次 等待 3 秒
2023-12-31 01:37:55 查询号码 【1825977】，返回信息 {"status":"ok","msg":"福建-三明","gid":"424832","time_insert":"2021-07-28 14:11"}
2023-12-31 01:37:55 查询号码 【1825977】，GSD为【"福建-三明"】

2023-12-31 01:37:56 开始第 6076 次操作

2023-12-31 01:37:56 开始操作号码 【1825978】
2023-12-31 01:37:59 GSD getOne 第 1 次 等待 3 秒
2023-12-31 01:38:02 查询号码 【1825978】，返回信息 {"status":"ok","msg":"福建-三明","gid":"424827","time_insert":"2021-07-28 14:10"}
2023-12-31 01:38:02 查询号码 【1825978】，GSD为【"福建-三明"】

