2024-01-21 00:20:38 开始第 9781 次操作

2024-01-21 00:20:38 开始操作号码 【1829683】
2024-01-21 00:20:42 GSD getOne 第 1 次 等待 3 秒
2024-01-21 00:20:45 查询号码 【1829683】，返回信息 {"status":"ok","msg":"江西-景德镇","gid":"390536","time_insert":"2021-07-25 15:26"}
2024-01-21 00:20:45 查询号码 【1829683】，GSD为【"江西-景德镇"】

2024-01-21 00:20:46 开始第 9782 次操作

2024-01-21 00:20:46 开始操作号码 【1829684】
2024-01-21 00:20:51 GSD getOne 第 1 次 等待 3 秒
2024-01-21 00:20:54 查询号码 【1829684】，返回信息 {"status":"ok","msg":"江西-鹰潭","gid":"390533","time_insert":"2021-07-25 15:26"}
2024-01-21 00:20:54 查询号码 【1829684】，GSD为【"江西-鹰潭"】

2024-01-21 00:20:55 开始第 9783 次操作

2024-01-21 00:20:55 开始操作号码 【1829685】
2024-01-21 00:20:59 GSD getOne 第 1 次 等待 3 秒
2024-01-21 00:21:02 查询号码 【1829685】，返回信息 {"status":"ok","msg":"江西-鹰潭","gid":"390526","time_insert":"2021-07-25 15:25"}
2024-01-21 00:21:02 查询号码 【1829685】，GSD为【"江西-鹰潭"】

2024-01-21 00:21:03 开始第 9784 次操作

2024-01-21 00:21:03 开始操作号码 【1829686】
2024-01-21 00:21:09 GSD getOne 第 1 次 等待 3 秒
2024-01-21 00:21:12 查询号码 【1829686】，返回信息 {"status":"ok","msg":"江西-赣州","gid":"51845","time_insert":"2021-04-22 10:21"}
2024-01-21 00:21:12 查询号码 【1829686】，GSD为【"江西-赣州"】

2024-01-21 00:40:39 开始第 9785 次操作

2024-01-21 00:40:39 开始操作号码 【1829687】
2024-01-21 00:40:44 GSD getOne 第 1 次 等待 3 秒
2024-01-21 00:40:47 查询号码 【1829687】，返回信息 {"status":"ok","msg":"江西-赣州","gid":"390521","time_insert":"2021-07-25 15:24"}
2024-01-21 00:40:47 查询号码 【1829687】，GSD为【"江西-赣州"】

2024-01-21 00:40:48 开始第 9786 次操作

2024-01-21 00:40:48 开始操作号码 【1829688】
2024-01-21 00:40:52 GSD getOne 第 1 次 等待 3 秒
2024-01-21 00:40:55 查询号码 【1829688】，返回信息 {"status":"ok","msg":"江西-赣州","gid":"390515","time_insert":"2021-07-25 15:23"}
2024-01-21 00:40:55 查询号码 【1829688】，GSD为【"江西-赣州"】

2024-01-21 00:40:56 开始第 9787 次操作

2024-01-21 00:40:56 开始操作号码 【1829689】
2024-01-21 00:41:00 GSD getOne 第 1 次 等待 3 秒
2024-01-21 00:41:03 查询号码 【1829689】，返回信息 {"status":"ok","msg":"江西-赣州","gid":"390511","time_insert":"2021-07-25 15:22"}
2024-01-21 00:41:03 查询号码 【1829689】，GSD为【"江西-赣州"】

2024-01-21 00:41:04 开始第 9788 次操作

2024-01-21 00:41:04 开始操作号码 【1829690】
2024-01-21 00:41:11 GSD getOne 第 1 次 等待 3 秒
2024-01-21 00:41:14 查询号码 【1829690】，返回信息 {"status":"ok","msg":"江西-萍乡","gid":"390508","time_insert":"2021-07-25 15:21"}
2024-01-21 00:41:14 查询号码 【1829690】，GSD为【"江西-萍乡"】

2024-01-21 01:14:31 开始第 9789 次操作

2024-01-21 01:14:31 开始操作号码 【1829691】
2024-01-21 01:14:35 GSD getOne 第 1 次 等待 3 秒
2024-01-21 01:14:38 查询号码 【1829691】，返回信息 {"status":"ok","msg":"江西-萍乡","gid":"390505","time_insert":"2021-07-25 15:20"}
2024-01-21 01:14:38 查询号码 【1829691】，GSD为【"江西-萍乡"】

2024-01-21 01:14:39 开始第 9790 次操作

2024-01-21 01:14:39 开始操作号码 【1829692】
2024-01-21 01:14:44 GSD getOne 第 1 次 等待 3 秒
2024-01-21 01:14:47 查询号码 【1829692】，返回信息 {"status":"ok","msg":"江西-萍乡","gid":"390501","time_insert":"2021-07-25 15:19"}
2024-01-21 01:14:47 查询号码 【1829692】，GSD为【"江西-萍乡"】

2024-01-21 01:14:48 开始第 9791 次操作

2024-01-21 01:14:48 开始操作号码 【1829693】
2024-01-21 01:14:52 GSD getOne 第 1 次 等待 3 秒
2024-01-21 01:14:55 查询号码 【1829693】，返回信息 {"status":"ok","msg":"江西-萍乡","gid":"390497","time_insert":"2021-07-25 15:18"}
2024-01-21 01:14:55 查询号码 【1829693】，GSD为【"江西-萍乡"】

2024-01-21 01:14:56 开始第 9792 次操作

2024-01-21 01:14:56 开始操作号码 【1829694】
2024-01-21 01:15:01 GSD getOne 第 1 次 等待 3 秒
2024-01-21 01:15:04 查询号码 【1829694】，返回信息 {"status":"ok","msg":"江西-宜春","gid":"390487","time_insert":"2021-07-25 15:17"}
2024-01-21 01:15:04 查询号码 【1829694】，GSD为【"江西-宜春"】

2024-01-21 01:37:24 开始第 9793 次操作

2024-01-21 01:37:24 开始操作号码 【1829695】
2024-01-21 01:37:28 GSD getOne 第 1 次 等待 3 秒
2024-01-21 01:37:31 查询号码 【1829695】，返回信息 {"status":"ok","msg":"江西-宜春","gid":"390482","time_insert":"2021-07-25 15:16"}
2024-01-21 01:37:31 查询号码 【1829695】，GSD为【"江西-宜春"】

2024-01-21 01:37:32 开始第 9794 次操作

2024-01-21 01:37:32 开始操作号码 【1829696】
2024-01-21 01:37:36 GSD getOne 第 1 次 等待 3 秒
2024-01-21 01:37:39 查询号码 【1829696】，返回信息 {"status":"ok","msg":"江西-抚州","gid":"390473","time_insert":"2021-07-25 15:15"}
2024-01-21 01:37:39 查询号码 【1829696】，GSD为【"江西-抚州"】

2024-01-21 01:37:40 开始第 9795 次操作

2024-01-21 01:37:40 开始操作号码 【1829697】
2024-01-21 01:37:44 GSD getOne 第 1 次 等待 3 秒
2024-01-21 01:37:47 查询号码 【1829697】，返回信息 {"status":"ok","msg":"江西-抚州","gid":"390463","time_insert":"2021-07-25 15:15"}
2024-01-21 01:37:47 查询号码 【1829697】，GSD为【"江西-抚州"】

2024-01-21 01:37:48 开始第 9796 次操作

2024-01-21 01:37:48 开始操作号码 【1829698】
2024-01-21 01:37:52 GSD getOne 第 1 次 等待 3 秒
2024-01-21 01:37:55 查询号码 【1829698】，返回信息 {"status":"ok","msg":"江西-抚州","gid":"36906","time_insert":"2018-07-20 16:36","time_update":"2020-09-08 20:09"}
2024-01-21 01:37:55 查询号码 【1829698】，GSD为【"江西-抚州"】

