2023-11-21 00:22:29 开始第 9605 次操作

2023-11-21 00:22:29 开始操作号码 【1929507】
2023-11-21 00:22:34 GSD getOne 第 1 次 等待 3 秒
2023-11-21 00:22:37 查询号码 【1929507】，返回信息 {"status":"ok","msg":"-","gid":"599097","time_insert":"2023-03-18 19:50"}
2023-11-21 00:22:37 查询号码 【1929507】，GSD为【"-"】
2023-11-21 00:22:37 ok && -
2023-11-21 00:22:39 CHB 1929507?1700497357 第 1 次 等待 3 秒
2023-11-21 00:22:42 CHB 1929507?1700497357 第 1 次 获取到号码【1929507】GSD
2023-11-21 00:22:42 0: 江苏-扬州
2023-11-21 00:22:42 获取到号码【1929507】的GSD为【江苏-扬州】
2023-11-21 00:22:49 GSD insert 第 1 次 等待 3 秒
2023-11-21 00:22:52 {"status":"ok","gid":"599097","msg":"添加号码已存在，但为‘-’，修改为【江苏-扬州】成功！"}
2023-11-21 00:22:52 随机等待 87 秒，约 1 分钟
2023-11-21 00:22:52 下次操作: 2023-11-21 00:24:19

2023-11-21 00:24:19 开始第 9606 次操作

2023-11-21 00:24:19 开始操作号码 【1929508】
2023-11-21 00:24:23 GSD getOne 第 1 次 等待 3 秒
2023-11-21 00:24:26 查询号码 【1929508】，返回信息 {"status":"ok","msg":"-","gid":"599094","time_insert":"2023-03-18 19:49"}
2023-11-21 00:24:26 查询号码 【1929508】，GSD为【"-"】
2023-11-21 00:24:26 ok && -
2023-11-21 00:24:36 CHB 1929508?1700497466 第 1 次 等待 3 秒
2023-11-21 00:24:39 CHB 1929508?1700497466 第 1 次 获取到号码【1929508】GSD
2023-11-21 00:24:39 0: 江苏-扬州
2023-11-21 00:24:39 获取到号码【1929508】的GSD为【江苏-扬州】
2023-11-21 00:25:11 GSD insert 第 1 次 等待 3 秒
2023-11-21 00:25:14 {"status":"ok","gid":"599094","msg":"添加号码已存在，但为‘-’，修改为【江苏-扬州】成功！"}
2023-11-21 00:25:14 随机等待 66 秒，约 1 分钟
2023-11-21 00:25:14 下次操作: 2023-11-21 00:26:20

2023-11-21 00:26:20 开始第 9607 次操作

2023-11-21 00:26:20 开始操作号码 【1929509】
2023-11-21 00:26:24 GSD getOne 第 1 次 等待 3 秒
2023-11-21 00:26:27 查询号码 【1929509】，返回信息 {"status":"ok","msg":"-","gid":"599089","time_insert":"2023-03-18 19:47"}
2023-11-21 00:26:27 查询号码 【1929509】，GSD为【"-"】
2023-11-21 00:26:27 ok && -
2023-11-21 00:26:30 CHB 1929509?1700497587 第 1 次 等待 3 秒
2023-11-21 00:26:33 CHB 1929509?1700497587 第 1 次 获取到号码【1929509】GSD
2023-11-21 00:26:33 0: 江苏-扬州
2023-11-21 00:26:33 获取到号码【1929509】的GSD为【江苏-扬州】
2023-11-21 00:26:39 GSD insert 第 1 次 等待 3 秒
2023-11-21 00:26:42 {"status":"ok","gid":"599089","msg":"添加号码已存在，但为‘-’，修改为【江苏-扬州】成功！"}
2023-11-21 00:26:42 随机等待 114 秒，约 1 分钟
2023-11-21 00:26:42 下次操作: 2023-11-21 00:28:36

2023-11-21 00:28:36 开始第 9608 次操作

2023-11-21 00:28:36 开始操作号码 【1929510】
2023-11-21 00:28:44 GSD getOne 第 1 次 等待 3 秒
2023-11-21 00:28:47 查询号码 【1929510】，返回信息 {"status":"ok","msg":"-","gid":"599086","time_insert":"2023-03-18 19:44"}
2023-11-21 00:28:47 查询号码 【1929510】，GSD为【"-"】
2023-11-21 00:28:47 ok && -
2023-11-21 00:28:49 CHB 1929510?1700497727 第 1 次 等待 3 秒
2023-11-21 00:28:52 CHB 1929510?1700497727 第 1 次 获取到号码【1929510】GSD
2023-11-21 00:28:52 0: 江苏-苏州
2023-11-21 00:28:52 获取到号码【1929510】的GSD为【江苏-苏州】
2023-11-21 00:29:02 GSD insert 第 1 次 等待 3 秒
2023-11-21 00:29:05 {"status":"ok","gid":"599086","msg":"添加号码已存在，但为‘-’，修改为【江苏-苏州】成功！"}

2023-11-21 00:39:02 开始第 9609 次操作

2023-11-21 00:39:02 开始操作号码 【1929511】
2023-11-21 00:39:05 GSD getOne 第 1 次 等待 3 秒
2023-11-21 00:39:08 查询号码 【1929511】，返回信息 {"status":"ok","msg":"-","gid":"599082","time_insert":"2023-03-18 19:43"}
2023-11-21 00:39:08 查询号码 【1929511】，GSD为【"-"】
2023-11-21 00:39:08 ok && -
2023-11-21 00:39:11 CHB 1929511?1700498348 第 1 次 等待 3 秒
2023-11-21 00:39:14 CHB 1929511?1700498348 第 1 次 获取到号码【1929511】GSD
2023-11-21 00:39:14 0: 江苏-苏州
2023-11-21 00:39:14 获取到号码【1929511】的GSD为【江苏-苏州】
2023-11-21 00:39:21 GSD insert 第 1 次 等待 3 秒
2023-11-21 00:39:24 {"status":"ok","gid":"599082","msg":"添加号码已存在，但为‘-’，修改为【江苏-苏州】成功！"}
2023-11-21 00:39:24 随机等待 82 秒，约 1 分钟
2023-11-21 00:39:24 下次操作: 2023-11-21 00:40:46

2023-11-21 00:40:46 开始第 9610 次操作

2023-11-21 00:40:46 开始操作号码 【1929512】
2023-11-21 00:40:52 GSD getOne 第 1 次 等待 3 秒
2023-11-21 00:40:55 查询号码 【1929512】，返回信息 {"status":"ok","msg":"-","gid":"599077","time_insert":"2023-03-18 19:40"}
2023-11-21 00:40:55 查询号码 【1929512】，GSD为【"-"】
2023-11-21 00:40:55 ok && -
2023-11-21 00:40:58 CHB 1929512?1700498455 第 1 次 等待 3 秒
2023-11-21 00:41:01 CHB 1929512?1700498455 第 1 次 获取到号码【1929512】GSD
2023-11-21 00:41:01 0: 江苏-苏州
2023-11-21 00:41:01 获取到号码【1929512】的GSD为【江苏-苏州】
2023-11-21 00:41:06 GSD insert 第 1 次 等待 3 秒
2023-11-21 00:41:09 {"status":"ok","gid":"599077","msg":"添加号码已存在，但为‘-’，修改为【江苏-苏州】成功！"}
2023-11-21 00:41:09 随机等待 89 秒，约 1 分钟
2023-11-21 00:41:09 下次操作: 2023-11-21 00:42:38

2023-11-21 00:42:38 开始第 9611 次操作

2023-11-21 00:42:38 开始操作号码 【1929513】
2023-11-21 00:42:43 GSD getOne 第 1 次 等待 3 秒
2023-11-21 00:42:46 查询号码 【1929513】，返回信息 {"status":"ok","msg":"-","gid":"599075","time_insert":"2023-03-18 19:37"}
2023-11-21 00:42:46 查询号码 【1929513】，GSD为【"-"】
2023-11-21 00:42:46 ok && -
2023-11-21 00:42:48 CHB 1929513?1700498566 第 1 次 等待 3 秒
2023-11-21 00:42:51 CHB 1929513?1700498566 第 1 次 获取到号码【1929513】GSD
2023-11-21 00:42:51 0: 江苏-苏州
2023-11-21 00:42:51 获取到号码【1929513】的GSD为【江苏-苏州】
2023-11-21 00:42:57 GSD insert 第 1 次 等待 3 秒
2023-11-21 00:43:00 {"status":"ok","gid":"599075","msg":"添加号码已存在，但为‘-’，修改为【江苏-苏州】成功！"}
2023-11-21 00:43:00 随机等待 88 秒，约 1 分钟
2023-11-21 00:43:00 下次操作: 2023-11-21 00:44:28

2023-11-21 00:44:28 开始第 9612 次操作

2023-11-21 00:44:28 开始操作号码 【1929514】
2023-11-21 00:44:32 GSD getOne 第 1 次 等待 3 秒
2023-11-21 00:44:35 查询号码 【1929514】，返回信息 {"status":"ok","msg":"-","gid":"599069","time_insert":"2023-03-18 19:35"}
2023-11-21 00:44:35 查询号码 【1929514】，GSD为【"-"】
2023-11-21 00:44:35 ok && -
2023-11-21 00:44:38 CHB 1929514?1700498675 第 1 次 等待 3 秒
2023-11-21 00:44:41 CHB 1929514?1700498675 第 1 次 获取到号码【1929514】GSD
2023-11-21 00:44:41 0: 江苏-苏州
2023-11-21 00:44:41 获取到号码【1929514】的GSD为【江苏-苏州】
2023-11-21 00:44:47 GSD insert 第 1 次 等待 3 秒
2023-11-21 00:44:50 {"status":"ok","gid":"599069","msg":"添加号码已存在，但为‘-’，修改为【江苏-苏州】成功！"}

