2024-11-15 00:13:06 开始第 5025 次操作

2024-11-15 00:13:06 开始操作号码 【1305024】
2024-11-15 00:13:08 GSD getOne 第 1 次 等待 3 秒
2024-11-15 00:13:11 查询号码 【1305024】，返回信息 {"status":"ok","msg":"辽宁-本溪","gid":"108375","time_insert":"2021-06-20 13:33"}
2024-11-15 00:13:11 查询号码 【1305024】，GSD为【"辽宁-本溪"】

2024-11-15 00:13:12 开始第 5026 次操作

2024-11-15 00:13:12 开始操作号码 【1305025】
2024-11-15 00:13:13 GSD getOne 第 1 次 等待 3 秒
2024-11-15 00:13:16 查询号码 【1305025】，返回信息 {"status":"ok","msg":"辽宁-本溪","gid":"108405","time_insert":"2021-06-20 13:50"}
2024-11-15 00:13:16 查询号码 【1305025】，GSD为【"辽宁-本溪"】

2024-11-15 00:13:17 开始第 5027 次操作

2024-11-15 00:13:17 开始操作号码 【1305026】
2024-11-15 00:13:18 GSD getOne 第 1 次 等待 3 秒
2024-11-15 00:13:21 查询号码 【1305026】，返回信息 {"status":"ok","msg":"辽宁-本溪","gid":"108446","time_insert":"2021-06-20 14:13"}
2024-11-15 00:13:21 查询号码 【1305026】，GSD为【"辽宁-本溪"】

2024-11-15 00:13:22 开始第 5028 次操作

2024-11-15 00:13:22 开始操作号码 【1305027】
2024-11-15 00:13:23 GSD getOne 第 1 次 等待 3 秒
2024-11-15 00:13:26 查询号码 【1305027】，返回信息 {"status":"ok","msg":"辽宁-本溪","gid":"108480","time_insert":"2021-06-20 14:37"}
2024-11-15 00:13:26 查询号码 【1305027】，GSD为【"辽宁-本溪"】

