2023-11-09 00:21:33 开始第 7493 次操作

2023-11-09 00:21:33 开始操作号码 【1927395】
2023-11-09 00:21:36 GSD getOne 第 1 次 等待 3 秒
2023-11-09 00:21:39 查询号码 【1927395】，返回信息 {"status":"ok","msg":"河南-漯河","gid":"610818","time_insert":"2023-03-24 04:23","time_update":"2023-07-20 05:51"}
2023-11-09 00:21:39 查询号码 【1927395】，GSD为【"河南-漯河"】

2023-11-09 00:21:40 开始第 7494 次操作

2023-11-09 00:21:40 开始操作号码 【1927396】
2023-11-09 00:21:43 GSD getOne 第 1 次 等待 3 秒
2023-11-09 00:21:46 查询号码 【1927396】，返回信息 {"status":"ok","msg":"河南-驻马店","gid":"610813","time_insert":"2023-03-24 04:20","time_update":"2023-07-20 06:21"}
2023-11-09 00:21:46 查询号码 【1927396】，GSD为【"河南-驻马店"】

2023-11-09 00:21:47 开始第 7495 次操作

2023-11-09 00:21:47 开始操作号码 【1927397】
2023-11-09 00:21:51 GSD getOne 第 1 次 等待 3 秒
2023-11-09 00:21:54 查询号码 【1927397】，返回信息 {"status":"ok","msg":"河南-信阳","gid":"610810","time_insert":"2023-03-24 04:18","time_update":"2023-07-20 06:47"}
2023-11-09 00:21:54 查询号码 【1927397】，GSD为【"河南-信阳"】

2023-11-09 00:21:55 开始第 7496 次操作

2023-11-09 00:21:55 开始操作号码 【1927398】
2023-11-09 00:21:58 GSD getOne 第 1 次 等待 3 秒
2023-11-09 00:22:01 查询号码 【1927398】，返回信息 {"status":"ok","msg":"河南-三门峡","gid":"610805","time_insert":"2023-03-24 04:16","time_update":"2023-07-20 07:13"}
2023-11-09 00:22:01 查询号码 【1927398】，GSD为【"河南-三门峡"】

