2023-10-24 00:19:57 开始第 4685 次操作

2023-10-24 00:19:57 开始操作号码 【1924595】
2023-10-24 00:20:06 GSD getOne 第 1 次 等待 3 秒
2023-10-24 00:20:09 查询号码 【1924595】，返回信息 {"status":"ok","msg":"-","gid":"626459","time_insert":"2023-03-31 19:56"}
2023-10-24 00:20:09 查询号码 【1924595】，GSD为【"-"】
2023-10-24 00:20:09 ok && -
2023-10-24 00:20:11 CHB 1924595?1698078009 第 1 次 等待 3 秒
2023-10-24 00:20:14 CHB 1924595?1698078009 第 1 次 获取到号码【1924595】GSD
2023-10-24 00:20:14 未获取到号码【1924595】GSD，可能号码格式错误
2023-10-24 00:20:14 获取到号码【1924595】的GSD为【-】
2023-10-24 00:20:17 GSD insert 第 1 次 等待 3 秒
2023-10-24 00:20:20 {"status":"bad","gid":"626459","msg":"添加失败！号码【1924595(-|-)】已存在！"}
2023-10-24 00:20:20 随机等待 209 秒，约 3 分钟
2023-10-24 00:20:20 下次操作: 2023-10-24 00:23:49

2023-10-24 00:23:49 开始第 4686 次操作

2023-10-24 00:23:49 开始操作号码 【1924596】
2023-10-24 00:24:02 GSD getOne 第 1 次 等待 3 秒
2023-10-24 00:24:05 查询号码 【1924596】，返回信息 {"status":"ok","msg":"-","gid":"626456","time_insert":"2023-03-31 19:54"}
2023-10-24 00:24:05 查询号码 【1924596】，GSD为【"-"】
2023-10-24 00:24:05 ok && -
2023-10-24 00:24:06 CHB 1924596?1698078245 第 1 次 等待 3 秒
2023-10-24 00:24:09 CHB 1924596?1698078245 第 1 次 获取到号码【1924596】GSD
2023-10-24 00:24:09 未获取到号码【1924596】GSD，可能号码格式错误
2023-10-24 00:24:09 获取到号码【1924596】的GSD为【-】
2023-10-24 00:24:15 GSD insert 第 1 次 等待 3 秒
2023-10-24 00:24:18 {"status":"bad","gid":"626456","msg":"添加失败！号码【1924596(-|-)】已存在！"}
2023-10-24 00:24:18 随机等待 185 秒，约 3 分钟
2023-10-24 00:24:18 下次操作: 2023-10-24 00:27:23

2023-10-24 00:27:23 开始第 4687 次操作

2023-10-24 00:27:23 开始操作号码 【1924597】
2023-10-24 00:27:29 GSD getOne 第 1 次 等待 3 秒
2023-10-24 00:27:32 查询号码 【1924597】，返回信息 {"status":"ok","msg":"-","gid":"626452","time_insert":"2023-03-31 19:52"}
2023-10-24 00:27:32 查询号码 【1924597】，GSD为【"-"】
2023-10-24 00:27:32 ok && -
2023-10-24 00:27:34 CHB 1924597?1698078452 第 1 次 等待 3 秒
2023-10-24 00:27:37 CHB 1924597?1698078452 第 1 次 获取到号码【1924597】GSD
2023-10-24 00:27:37 未获取到号码【1924597】GSD，可能号码格式错误
2023-10-24 00:27:37 获取到号码【1924597】的GSD为【-】
2023-10-24 00:27:44 GSD insert 第 1 次 等待 3 秒
2023-10-24 00:27:47 {"status":"bad","gid":"626452","msg":"添加失败！号码【1924597(-|-)】已存在！"}
2023-10-24 00:27:47 随机等待 104 秒，约 1 分钟
2023-10-24 00:27:47 下次操作: 2023-10-24 00:29:31

2023-10-24 00:29:31 开始第 4688 次操作

2023-10-24 00:29:31 开始操作号码 【1924598】
2023-10-24 00:29:35 GSD getOne 第 1 次 等待 3 秒
2023-10-24 00:29:38 查询号码 【1924598】，返回信息 {"status":"ok","msg":"-","gid":"626449","time_insert":"2023-03-31 19:49"}
2023-10-24 00:29:38 查询号码 【1924598】，GSD为【"-"】
2023-10-24 00:29:38 ok && -
2023-10-24 00:29:40 CHB 1924598?1698078578 第 1 次 等待 3 秒
2023-10-24 00:29:43 CHB 1924598?1698078578 第 1 次 获取到号码【1924598】GSD
2023-10-24 00:29:43 未获取到号码【1924598】GSD，可能号码格式错误
2023-10-24 00:29:43 获取到号码【1924598】的GSD为【-】
2023-10-24 00:29:49 GSD insert 第 1 次 等待 3 秒
2023-10-24 00:29:52 {"status":"bad","gid":"626449","msg":"添加失败！号码【1924598(-|-)】已存在！"}

2023-10-24 00:39:40 开始第 4689 次操作

2023-10-24 00:39:40 开始操作号码 【1924599】
2023-10-24 00:39:43 GSD getOne 第 1 次 等待 3 秒
2023-10-24 00:39:46 查询号码 【1924599】，返回信息 {"status":"ok","msg":"-","gid":"626446","time_insert":"2023-03-31 19:47"}
2023-10-24 00:39:46 查询号码 【1924599】，GSD为【"-"】
2023-10-24 00:39:46 ok && -
2023-10-24 00:39:53 CHB 1924599?1698079186 第 1 次 等待 3 秒
2023-10-24 00:39:56 CHB 1924599?1698079186 第 1 次 获取到号码【1924599】GSD
2023-10-24 00:39:56 未获取到号码【1924599】GSD，可能号码格式错误
2023-10-24 00:39:56 获取到号码【1924599】的GSD为【-】
2023-10-24 00:40:21 GSD insert 第 1 次 等待 3 秒
2023-10-24 00:40:24 {"status":"bad","gid":"626446","msg":"添加失败！号码【1924599(-|-)】已存在！"}
2023-10-24 00:40:24 随机等待 216 秒，约 3 分钟
2023-10-24 00:40:24 下次操作: 2023-10-24 00:44:00

2023-10-24 00:44:00 开始第 4690 次操作

2023-10-24 00:44:00 开始操作号码 【1924600】
2023-10-24 00:44:02 GSD getOne 第 1 次 等待 3 秒
2023-10-24 00:44:05 查询号码 【1924600】，返回信息 {"status":"ok","msg":"-","gid":"626441","time_insert":"2023-03-31 19:44"}
2023-10-24 00:44:06 查询号码 【1924600】，GSD为【"-"】
2023-10-24 00:44:06 ok && -
2023-10-24 00:44:11 CHB 1924600?1698079446 第 1 次 等待 3 秒
2023-10-24 00:44:14 CHB 1924600?1698079446 第 1 次 获取到号码【1924600】GSD
2023-10-24 00:44:14 未获取到号码【1924600】GSD，可能号码格式错误
2023-10-24 00:44:14 获取到号码【1924600】的GSD为【-】
2023-10-24 00:44:20 GSD insert 第 1 次 等待 3 秒
2023-10-24 00:44:23 {"status":"bad","gid":"626441","msg":"添加失败！号码【1924600(-|-)】已存在！"}
2023-10-24 00:44:23 随机等待 85 秒，约 1 分钟
2023-10-24 00:44:23 下次操作: 2023-10-24 00:45:48

2023-10-24 00:45:48 开始第 4691 次操作

2023-10-24 00:45:48 开始操作号码 【1924601】
2023-10-24 00:45:55 GSD getOne 第 1 次 等待 3 秒
2023-10-24 00:45:58 查询号码 【1924601】，返回信息 {"status":"ok","msg":"-","gid":"626436","time_insert":"2023-03-31 19:41"}
2023-10-24 00:45:58 查询号码 【1924601】，GSD为【"-"】
2023-10-24 00:45:58 ok && -
2023-10-24 00:46:00 CHB 1924601?1698079558 第 1 次 等待 3 秒
2023-10-24 00:46:03 CHB 1924601?1698079558 第 1 次 获取到号码【1924601】GSD
2023-10-24 00:46:03 未获取到号码【1924601】GSD，可能号码格式错误
2023-10-24 00:46:03 获取到号码【1924601】的GSD为【-】
2023-10-24 00:46:06 GSD insert 第 1 次 等待 3 秒
2023-10-24 00:46:09 {"status":"bad","gid":"626436","msg":"添加失败！号码【1924601(-|-)】已存在！"}
2023-10-24 00:46:09 随机等待 99 秒，约 1 分钟
2023-10-24 00:46:09 下次操作: 2023-10-24 00:47:48

2023-10-24 00:47:48 开始第 4692 次操作

2023-10-24 00:47:48 开始操作号码 【1924602】
2023-10-24 00:47:51 GSD getOne 第 1 次 等待 3 秒
2023-10-24 00:47:54 查询号码 【1924602】，返回信息 {"status":"ok","msg":"-","gid":"626432","time_insert":"2023-03-31 19:39"}
2023-10-24 00:47:54 查询号码 【1924602】，GSD为【"-"】
2023-10-24 00:47:54 ok && -
2023-10-24 00:47:56 CHB 1924602?1698079674 第 1 次 等待 3 秒
2023-10-24 00:47:59 CHB 1924602?1698079674 第 1 次 获取到号码【1924602】GSD
2023-10-24 00:47:59 未获取到号码【1924602】GSD，可能号码格式错误
2023-10-24 00:47:59 获取到号码【1924602】的GSD为【-】
2023-10-24 00:48:01 GSD insert 第 1 次 等待 3 秒
2023-10-24 00:48:04 {"status":"bad","gid":"626432","msg":"添加失败！号码【1924602(-|-)】已存在！"}

2023-10-24 01:13:16 开始第 4693 次操作

2023-10-24 01:13:16 开始操作号码 【1924603】
2023-10-24 01:13:19 GSD getOne 第 1 次 等待 3 秒
2023-10-24 01:13:22 查询号码 【1924603】，返回信息 {"status":"ok","msg":"-","gid":"626428","time_insert":"2023-03-31 19:37"}
2023-10-24 01:13:22 查询号码 【1924603】，GSD为【"-"】
2023-10-24 01:13:22 ok && -
2023-10-24 01:13:28 CHB 1924603?1698081202 第 1 次 等待 3 秒
2023-10-24 01:13:31 CHB 1924603?1698081202 第 1 次 获取到号码【1924603】GSD
2023-10-24 01:13:31 未获取到号码【1924603】GSD，可能号码格式错误
2023-10-24 01:13:31 获取到号码【1924603】的GSD为【-】
2023-10-24 01:13:37 GSD insert 第 1 次 等待 3 秒
2023-10-24 01:13:40 {"status":"bad","gid":"626428","msg":"添加失败！号码【1924603(-|-)】已存在！"}
2023-10-24 01:13:40 随机等待 127 秒，约 2 分钟
2023-10-24 01:13:40 下次操作: 2023-10-24 01:15:47

2023-10-24 01:15:47 开始第 4694 次操作

2023-10-24 01:15:47 开始操作号码 【1924604】
2023-10-24 01:15:50 GSD getOne 第 1 次 等待 3 秒
2023-10-24 01:15:53 查询号码 【1924604】，返回信息 {"status":"ok","msg":"-","gid":"626424","time_insert":"2023-03-31 19:35"}
2023-10-24 01:15:53 查询号码 【1924604】，GSD为【"-"】
2023-10-24 01:15:53 ok && -
2023-10-24 01:15:55 CHB 1924604?1698081353 第 1 次 等待 3 秒
2023-10-24 01:15:58 CHB 1924604?1698081353 第 1 次 获取到号码【1924604】GSD
2023-10-24 01:15:58 未获取到号码【1924604】GSD，可能号码格式错误
2023-10-24 01:15:58 获取到号码【1924604】的GSD为【-】
2023-10-24 01:16:01 GSD insert 第 1 次 等待 3 秒
2023-10-24 01:16:04 {"status":"bad","gid":"626424","msg":"添加失败！号码【1924604(-|-)】已存在！"}
2023-10-24 01:16:04 随机等待 212 秒，约 3 分钟
2023-10-24 01:16:04 下次操作: 2023-10-24 01:19:36

2023-10-24 01:19:36 开始第 4695 次操作

2023-10-24 01:19:36 开始操作号码 【1924605】
2023-10-24 01:19:39 GSD getOne 第 1 次 等待 3 秒
2023-10-24 01:19:42 查询号码 【1924605】，返回信息 {"status":"ok","msg":"-","gid":"626413","time_insert":"2023-03-31 19:26"}
2023-10-24 01:19:42 查询号码 【1924605】，GSD为【"-"】
2023-10-24 01:19:42 ok && -
2023-10-24 01:19:44 CHB 1924605?1698081582 第 1 次 等待 3 秒
2023-10-24 01:19:47 CHB 1924605?1698081582 第 1 次 获取到号码【1924605】GSD
2023-10-24 01:19:47 未获取到号码【1924605】GSD，可能号码格式错误
2023-10-24 01:19:47 获取到号码【1924605】的GSD为【-】
2023-10-24 01:19:53 GSD insert 第 1 次 等待 3 秒
2023-10-24 01:19:56 {"status":"bad","gid":"626413","msg":"添加失败！号码【1924605(-|-)】已存在！"}
2023-10-24 01:19:56 随机等待 162 秒，约 2 分钟
2023-10-24 01:19:56 下次操作: 2023-10-24 01:22:38

2023-10-24 01:22:38 开始第 4696 次操作

2023-10-24 01:22:38 开始操作号码 【1924606】
2023-10-24 01:22:43 GSD getOne 第 1 次 等待 3 秒
2023-10-24 01:22:46 查询号码 【1924606】，返回信息 {"status":"ok","msg":"-","gid":"626411","time_insert":"2023-03-31 19:23"}
2023-10-24 01:22:46 查询号码 【1924606】，GSD为【"-"】
2023-10-24 01:22:46 ok && -
2023-10-24 01:22:49 CHB 1924606?1698081766 第 1 次 等待 3 秒
2023-10-24 01:22:52 CHB 1924606?1698081766 第 1 次 获取到号码【1924606】GSD
2023-10-24 01:22:52 未获取到号码【1924606】GSD，可能号码格式错误
2023-10-24 01:22:52 获取到号码【1924606】的GSD为【-】
2023-10-24 01:22:56 GSD insert 第 1 次 等待 3 秒
2023-10-24 01:22:59 {"status":"bad","gid":"626411","msg":"添加失败！号码【1924606(-|-)】已存在！"}

2023-10-24 01:37:26 开始第 4697 次操作

2023-10-24 01:37:26 开始操作号码 【1924607】
2023-10-24 01:37:29 GSD getOne 第 1 次 等待 3 秒
2023-10-24 01:37:32 查询号码 【1924607】，返回信息 {"status":"ok","msg":"-","gid":"626410","time_insert":"2023-03-31 19:21"}
2023-10-24 01:37:32 查询号码 【1924607】，GSD为【"-"】
2023-10-24 01:37:32 ok && -
2023-10-24 01:37:40 CHB 1924607?1698082652 第 1 次 等待 3 秒
2023-10-24 01:37:43 CHB 1924607?1698082652 第 1 次 获取到号码【1924607】GSD
2023-10-24 01:37:43 未获取到号码【1924607】GSD，可能号码格式错误
2023-10-24 01:37:43 获取到号码【1924607】的GSD为【-】
2023-10-24 01:37:46 GSD insert 第 1 次 等待 3 秒
2023-10-24 01:37:49 {"status":"bad","gid":"626410","msg":"添加失败！号码【1924607(-|-)】已存在！"}
2023-10-24 01:37:49 随机等待 214 秒，约 3 分钟
2023-10-24 01:37:49 下次操作: 2023-10-24 01:41:23

2023-10-24 01:41:23 开始第 4698 次操作

2023-10-24 01:41:23 开始操作号码 【1924608】
2023-10-24 01:41:26 GSD getOne 第 1 次 等待 3 秒
2023-10-24 01:41:29 查询号码 【1924608】，返回信息 {"status":"ok","msg":"-","gid":"626402","time_insert":"2023-03-31 19:19"}
2023-10-24 01:41:29 查询号码 【1924608】，GSD为【"-"】
2023-10-24 01:41:29 ok && -
2023-10-24 01:41:31 CHB 1924608?1698082889 第 1 次 等待 3 秒
2023-10-24 01:41:34 CHB 1924608?1698082889 第 1 次 获取到号码【1924608】GSD
2023-10-24 01:41:34 未获取到号码【1924608】GSD，可能号码格式错误
2023-10-24 01:41:34 获取到号码【1924608】的GSD为【-】
2023-10-24 01:41:37 GSD insert 第 1 次 等待 3 秒
2023-10-24 01:41:40 {"status":"bad","gid":"626402","msg":"添加失败！号码【1924608(-|-)】已存在！"}
2023-10-24 01:41:40 随机等待 161 秒，约 2 分钟
2023-10-24 01:41:40 下次操作: 2023-10-24 01:44:21

2023-10-24 01:44:21 开始第 4699 次操作

2023-10-24 01:44:21 开始操作号码 【1924609】
2023-10-24 01:44:24 GSD getOne 第 1 次 等待 3 秒
2023-10-24 01:44:27 查询号码 【1924609】，返回信息 {"status":"ok","msg":"-","gid":"626393","time_insert":"2023-03-31 19:06"}
2023-10-24 01:44:27 查询号码 【1924609】，GSD为【"-"】
2023-10-24 01:44:27 ok && -
2023-10-24 01:44:33 CHB 1924609?1698083067 第 1 次 等待 3 秒
2023-10-24 01:44:36 CHB 1924609?1698083067 第 1 次 获取到号码【1924609】GSD
2023-10-24 01:44:36 未获取到号码【1924609】GSD，可能号码格式错误
2023-10-24 01:44:36 获取到号码【1924609】的GSD为【-】
2023-10-24 01:44:39 GSD insert 第 1 次 等待 3 秒
2023-10-24 01:44:42 {"status":"bad","gid":"626393","msg":"添加失败！号码【1924609(-|-)】已存在！"}
2023-10-24 01:44:42 随机等待 77 秒，约 1 分钟
2023-10-24 01:44:42 下次操作: 2023-10-24 01:45:59

2023-10-24 01:45:59 开始第 4700 次操作

2023-10-24 01:45:59 开始操作号码 【1924610】
2023-10-24 01:46:03 GSD getOne 第 1 次 等待 3 秒
2023-10-24 01:46:06 查询号码 【1924610】，返回信息 {"status":"ok","msg":"-","gid":"626388","time_insert":"2023-03-31 19:03"}
2023-10-24 01:46:06 查询号码 【1924610】，GSD为【"-"】
2023-10-24 01:46:06 ok && -
2023-10-24 01:46:08 CHB 1924610?1698083166 第 1 次 等待 3 秒
2023-10-24 01:46:11 CHB 1924610?1698083166 第 1 次 获取到号码【1924610】GSD
2023-10-24 01:46:11 未获取到号码【1924610】GSD，可能号码格式错误
2023-10-24 01:46:11 获取到号码【1924610】的GSD为【-】
2023-10-24 01:46:14 GSD insert 第 1 次 等待 3 秒
2023-10-24 01:46:17 {"status":"bad","gid":"626388","msg":"添加失败！号码【1924610(-|-)】已存在！"}

2023-10-24 02:20:08 开始第 4701 次操作

2023-10-24 02:20:08 开始操作号码 【1924611】
2023-10-24 02:20:10 GSD getOne 第 1 次 等待 3 秒
2023-10-24 02:20:13 查询号码 【1924611】，返回信息 {"status":"ok","msg":"-","gid":"626386","time_insert":"2023-03-31 19:01"}
2023-10-24 02:20:13 查询号码 【1924611】，GSD为【"-"】
2023-10-24 02:20:13 ok && -
2023-10-24 02:20:16 CHB 1924611?1698085213 第 1 次 等待 3 秒
2023-10-24 02:20:19 CHB 1924611?1698085213 第 1 次 获取到号码【1924611】GSD
2023-10-24 02:20:19 未获取到号码【1924611】GSD，可能号码格式错误
2023-10-24 02:20:19 获取到号码【1924611】的GSD为【-】
2023-10-24 02:20:22 GSD insert 第 1 次 等待 3 秒
2023-10-24 02:20:25 {"status":"bad","gid":"626386","msg":"添加失败！号码【1924611(-|-)】已存在！"}
2023-10-24 02:20:25 随机等待 204 秒，约 3 分钟
2023-10-24 02:20:25 下次操作: 2023-10-24 02:23:49

2023-10-24 02:23:49 开始第 4702 次操作

2023-10-24 02:23:49 开始操作号码 【1924612】
2023-10-24 02:23:51 GSD getOne 第 1 次 等待 3 秒
2023-10-24 02:23:54 查询号码 【1924612】，返回信息 {"status":"ok","msg":"-","gid":"626380","time_insert":"2023-03-31 18:58"}
2023-10-24 02:23:54 查询号码 【1924612】，GSD为【"-"】
2023-10-24 02:23:54 ok && -
2023-10-24 02:23:56 CHB 1924612?1698085434 第 1 次 等待 3 秒
2023-10-24 02:23:59 CHB 1924612?1698085434 第 1 次 获取到号码【1924612】GSD
2023-10-24 02:23:59 未获取到号码【1924612】GSD，可能号码格式错误
2023-10-24 02:23:59 获取到号码【1924612】的GSD为【-】
2023-10-24 02:24:01 GSD insert 第 1 次 等待 3 秒
2023-10-24 02:24:04 {"status":"bad","gid":"626380","msg":"添加失败！号码【1924612(-|-)】已存在！"}
2023-10-24 02:24:04 随机等待 89 秒，约 1 分钟
2023-10-24 02:24:04 下次操作: 2023-10-24 02:25:33

2023-10-24 02:25:33 开始第 4703 次操作

2023-10-24 02:25:33 开始操作号码 【1924613】
2023-10-24 02:25:36 GSD getOne 第 1 次 等待 3 秒
2023-10-24 02:25:39 查询号码 【1924613】，返回信息 {"status":"ok","msg":"-","gid":"626373","time_insert":"2023-03-31 18:55"}
2023-10-24 02:25:39 查询号码 【1924613】，GSD为【"-"】
2023-10-24 02:25:39 ok && -
2023-10-24 02:25:40 CHB 1924613?1698085539 第 1 次 等待 3 秒
2023-10-24 02:25:43 CHB 1924613?1698085539 第 1 次 获取到号码【1924613】GSD
2023-10-24 02:25:43 未获取到号码【1924613】GSD，可能号码格式错误
2023-10-24 02:25:43 获取到号码【1924613】的GSD为【-】
2023-10-24 02:25:49 GSD insert 第 1 次 等待 3 秒
2023-10-24 02:25:52 {"status":"bad","gid":"626373","msg":"添加失败！号码【1924613(-|-)】已存在！"}
2023-10-24 02:25:52 随机等待 94 秒，约 1 分钟
2023-10-24 02:25:52 下次操作: 2023-10-24 02:27:26

2023-10-24 02:27:26 开始第 4704 次操作

2023-10-24 02:27:26 开始操作号码 【1924614】
2023-10-24 02:27:28 GSD getOne 第 1 次 等待 3 秒
2023-10-24 02:27:31 查询号码 【1924614】，返回信息 {"status":"ok","msg":"-","gid":"626369","time_insert":"2023-03-31 18:53"}
2023-10-24 02:27:31 查询号码 【1924614】，GSD为【"-"】
2023-10-24 02:27:31 ok && -
2023-10-24 02:27:33 CHB 1924614?1698085651 第 1 次 等待 3 秒
2023-10-24 02:27:36 CHB 1924614?1698085651 第 1 次 获取到号码【1924614】GSD
2023-10-24 02:27:36 未获取到号码【1924614】GSD，可能号码格式错误
2023-10-24 02:27:36 获取到号码【1924614】的GSD为【-】
2023-10-24 02:27:38 GSD insert 第 1 次 等待 3 秒
2023-10-24 02:27:41 {"status":"bad","gid":"626369","msg":"添加失败！号码【1924614(-|-)】已存在！"}

2023-10-24 02:38:09 开始第 4705 次操作

2023-10-24 02:38:09 开始操作号码 【1924615】
2023-10-24 02:38:12 GSD getOne 第 1 次 等待 3 秒
2023-10-24 02:38:15 查询号码 【1924615】，返回信息 {"status":"ok","msg":"-","gid":"626367","time_insert":"2023-03-31 18:50"}
2023-10-24 02:38:15 查询号码 【1924615】，GSD为【"-"】
2023-10-24 02:38:15 ok && -
2023-10-24 02:38:21 CHB 1924615?1698086295 第 1 次 等待 3 秒
2023-10-24 02:38:24 CHB 1924615?1698086295 第 1 次 获取到号码【1924615】GSD
2023-10-24 02:38:24 未获取到号码【1924615】GSD，可能号码格式错误
2023-10-24 02:38:24 获取到号码【1924615】的GSD为【-】
2023-10-24 02:38:27 GSD insert 第 1 次 等待 3 秒
2023-10-24 02:38:30 {"status":"bad","gid":"626367","msg":"添加失败！号码【1924615(-|-)】已存在！"}
2023-10-24 02:38:30 随机等待 181 秒，约 3 分钟
2023-10-24 02:38:30 下次操作: 2023-10-24 02:41:31

2023-10-24 02:41:31 开始第 4706 次操作

2023-10-24 02:41:31 开始操作号码 【1924616】
2023-10-24 02:41:34 GSD getOne 第 1 次 等待 3 秒
2023-10-24 02:41:37 查询号码 【1924616】，返回信息 {"status":"ok","msg":"-","gid":"626364","time_insert":"2023-03-31 18:49"}
2023-10-24 02:41:37 查询号码 【1924616】，GSD为【"-"】
2023-10-24 02:41:37 ok && -
2023-10-24 02:41:43 CHB 1924616?1698086497 第 1 次 等待 3 秒
2023-10-24 02:41:46 CHB 1924616?1698086497 第 1 次 获取到号码【1924616】GSD
2023-10-24 02:41:46 未获取到号码【1924616】GSD，可能号码格式错误
2023-10-24 02:41:46 获取到号码【1924616】的GSD为【-】
2023-10-24 02:41:49 GSD insert 第 1 次 等待 3 秒
2023-10-24 02:41:52 {"status":"bad","gid":"626364","msg":"添加失败！号码【1924616(-|-)】已存在！"}
2023-10-24 02:41:52 随机等待 154 秒，约 2 分钟
2023-10-24 02:41:52 下次操作: 2023-10-24 02:44:26

2023-10-24 02:44:26 开始第 4707 次操作

2023-10-24 02:44:26 开始操作号码 【1924617】
2023-10-24 02:44:35 GSD getOne 第 1 次 等待 3 秒
2023-10-24 02:44:38 查询号码 【1924617】，返回信息 {"status":"ok","msg":"-","gid":"626360","time_insert":"2023-03-31 18:46"}
2023-10-24 02:44:38 查询号码 【1924617】，GSD为【"-"】
2023-10-24 02:44:38 ok && -
2023-10-24 02:44:48 CHB 1924617?1698086678 第 1 次 等待 3 秒
2023-10-24 02:44:51 CHB 1924617?1698086678 第 1 次 获取到号码【1924617】GSD
2023-10-24 02:44:51 未获取到号码【1924617】GSD，可能号码格式错误
2023-10-24 02:44:51 获取到号码【1924617】的GSD为【-】
2023-10-24 02:44:54 GSD insert 第 1 次 等待 3 秒
2023-10-24 02:44:57 {"status":"bad","gid":"626360","msg":"添加失败！号码【1924617(-|-)】已存在！"}
2023-10-24 02:44:57 随机等待 169 秒，约 2 分钟
2023-10-24 02:44:57 下次操作: 2023-10-24 02:47:46

2023-10-24 02:47:46 开始第 4708 次操作

2023-10-24 02:47:46 开始操作号码 【1924618】
2023-10-24 02:47:49 GSD getOne 第 1 次 等待 3 秒
2023-10-24 02:47:52 查询号码 【1924618】，返回信息 {"status":"ok","msg":"-","gid":"626354","time_insert":"2023-03-31 18:44"}
2023-10-24 02:47:52 查询号码 【1924618】，GSD为【"-"】
2023-10-24 02:47:52 ok && -
2023-10-24 02:47:57 CHB 1924618?1698086872 第 1 次 等待 3 秒
2023-10-24 02:48:00 CHB 1924618?1698086872 第 1 次 获取到号码【1924618】GSD
2023-10-24 02:48:01 未获取到号码【1924618】GSD，可能号码格式错误
2023-10-24 02:48:01 获取到号码【1924618】的GSD为【-】
2023-10-24 02:48:03 GSD insert 第 1 次 等待 3 秒
2023-10-24 02:48:06 {"status":"bad","gid":"626354","msg":"添加失败！号码【1924618(-|-)】已存在！"}

2023-10-24 03:12:37 开始第 4709 次操作

2023-10-24 03:12:37 开始操作号码 【1924619】
2023-10-24 03:12:41 GSD getOne 第 1 次 等待 3 秒
2023-10-24 03:12:44 查询号码 【1924619】，返回信息 {"status":"ok","msg":"-","gid":"626349","time_insert":"2023-03-31 18:41"}
2023-10-24 03:12:44 查询号码 【1924619】，GSD为【"-"】
2023-10-24 03:12:44 ok && -
2023-10-24 03:12:50 CHB 1924619?1698088364 第 1 次 等待 3 秒
2023-10-24 03:12:53 CHB 1924619?1698088364 第 1 次 获取到号码【1924619】GSD
2023-10-24 03:12:53 未获取到号码【1924619】GSD，可能号码格式错误
2023-10-24 03:12:53 获取到号码【1924619】的GSD为【-】
2023-10-24 03:12:56 GSD insert 第 1 次 等待 3 秒
2023-10-24 03:12:59 {"status":"bad","gid":"626349","msg":"添加失败！号码【1924619(-|-)】已存在！"}
2023-10-24 03:12:59 随机等待 66 秒，约 1 分钟
2023-10-24 03:12:59 下次操作: 2023-10-24 03:14:05

2023-10-24 03:14:05 开始第 4710 次操作

2023-10-24 03:14:05 开始操作号码 【1924620】
2023-10-24 03:14:08 GSD getOne 第 1 次 等待 3 秒
2023-10-24 03:14:11 查询号码 【1924620】，返回信息 {"status":"ok","msg":"-","gid":"626346","time_insert":"2023-03-31 18:39"}
2023-10-24 03:14:11 查询号码 【1924620】，GSD为【"-"】
2023-10-24 03:14:11 ok && -
2023-10-24 03:14:17 CHB 1924620?1698088451 第 1 次 等待 3 秒
2023-10-24 03:14:20 CHB 1924620?1698088451 第 1 次 获取到号码【1924620】GSD
2023-10-24 03:14:20 未获取到号码【1924620】GSD，可能号码格式错误
2023-10-24 03:14:20 获取到号码【1924620】的GSD为【-】
2023-10-24 03:14:23 GSD insert 第 1 次 等待 3 秒
2023-10-24 03:14:26 {"status":"bad","gid":"626346","msg":"添加失败！号码【1924620(-|-)】已存在！"}
2023-10-24 03:14:26 随机等待 160 秒，约 2 分钟
2023-10-24 03:14:26 下次操作: 2023-10-24 03:17:06

2023-10-24 03:17:06 开始第 4711 次操作

2023-10-24 03:17:06 开始操作号码 【1924621】
2023-10-24 03:17:09 GSD getOne 第 1 次 等待 3 秒
2023-10-24 03:17:12 查询号码 【1924621】，返回信息 {"status":"ok","msg":"-","gid":"626340","time_insert":"2023-03-31 18:36"}
2023-10-24 03:17:12 查询号码 【1924621】，GSD为【"-"】
2023-10-24 03:17:12 ok && -
2023-10-24 03:17:18 CHB 1924621?1698088632 第 1 次 等待 3 秒
2023-10-24 03:17:21 CHB 1924621?1698088632 第 1 次 获取到号码【1924621】GSD
2023-10-24 03:17:21 未获取到号码【1924621】GSD，可能号码格式错误
2023-10-24 03:17:21 获取到号码【1924621】的GSD为【-】
2023-10-24 03:17:24 GSD insert 第 1 次 等待 3 秒
2023-10-24 03:17:27 {"status":"bad","gid":"626340","msg":"添加失败！号码【1924621(-|-)】已存在！"}
2023-10-24 03:17:27 随机等待 111 秒，约 1 分钟
2023-10-24 03:17:27 下次操作: 2023-10-24 03:19:18

2023-10-24 03:19:18 开始第 4712 次操作

2023-10-24 03:19:18 开始操作号码 【1924622】
2023-10-24 03:19:21 GSD getOne 第 1 次 等待 3 秒
2023-10-24 03:19:24 查询号码 【1924622】，返回信息 {"status":"ok","msg":"-","gid":"626337","time_insert":"2023-03-31 18:34"}
2023-10-24 03:19:24 查询号码 【1924622】，GSD为【"-"】
2023-10-24 03:19:24 ok && -
2023-10-24 03:19:30 CHB 1924622?1698088764 第 1 次 等待 3 秒
2023-10-24 03:19:33 CHB 1924622?1698088764 第 1 次 获取到号码【1924622】GSD
2023-10-24 03:19:33 未获取到号码【1924622】GSD，可能号码格式错误
2023-10-24 03:19:33 获取到号码【1924622】的GSD为【-】
2023-10-24 03:19:36 GSD insert 第 1 次 等待 3 秒
2023-10-24 03:19:39 {"status":"bad","gid":"626337","msg":"添加失败！号码【1924622(-|-)】已存在！"}

