2024-04-17 00:20:56 开始第 3925 次操作

2024-04-17 00:20:56 开始操作号码 【1603827】
2024-04-17 00:21:04 GSD getOne 第 1 次 等待 3 秒
2024-04-17 00:21:07 查询号码 【1603827】，返回信息 {"status":"ok","msg":"-","gid":"593725","time_insert":"2023-03-16 04:42"}
2024-04-17 00:21:07 查询号码 【1603827】，GSD为【"-"】
2024-04-17 00:21:07 ok && -
2024-04-17 00:21:10 CHB 1603827?1713284467 第 1 次 等待 3 秒
2024-04-17 00:21:13 CHB 1603827?1713284467 第 1 次 获取到号码【1603827】GSD
2024-04-17 00:21:13 未获取到号码【1603827】GSD，可能号码格式错误
2024-04-17 00:21:13 获取到号码【1603827】的GSD为【-】
2024-04-17 00:21:18 GSD insert 第 1 次 等待 3 秒
2024-04-17 00:21:21 {"status":"bad","gid":"593725","msg":"添加失败！号码【1603827(-|-)】已存在！"}
2024-04-17 00:21:21 随机等待 161 秒，约 2 分钟
2024-04-17 00:21:21 下次操作: 2024-04-17 00:24:02

2024-04-17 00:24:02 开始第 3926 次操作

2024-04-17 00:24:02 开始操作号码 【1603828】
2024-04-17 00:24:07 GSD getOne 第 1 次 等待 3 秒
2024-04-17 00:24:10 查询号码 【1603828】，返回信息 {"status":"ok","msg":"-","gid":"593742","time_insert":"2023-03-16 04:54"}
2024-04-17 00:24:10 查询号码 【1603828】，GSD为【"-"】
2024-04-17 00:24:10 ok && -
2024-04-17 00:24:12 CHB 1603828?1713284650 第 1 次 等待 3 秒
2024-04-17 00:24:15 CHB 1603828?1713284650 第 1 次 获取到号码【1603828】GSD
2024-04-17 00:24:15 未获取到号码【1603828】GSD，可能号码格式错误
2024-04-17 00:24:15 获取到号码【1603828】的GSD为【-】
2024-04-17 00:24:20 GSD insert 第 1 次 等待 3 秒
2024-04-17 00:24:23 {"status":"bad","gid":"593742","msg":"添加失败！号码【1603828(-|-)】已存在！"}
2024-04-17 00:24:23 随机等待 77 秒，约 1 分钟
2024-04-17 00:24:23 下次操作: 2024-04-17 00:25:40

2024-04-17 00:25:40 开始第 3927 次操作

2024-04-17 00:25:40 开始操作号码 【1603829】
2024-04-17 00:25:45 GSD getOne 第 1 次 等待 3 秒
2024-04-17 00:25:48 查询号码 【1603829】，返回信息 {"status":"ok","msg":"-","gid":"593766","time_insert":"2023-03-16 05:10"}
2024-04-17 00:25:48 查询号码 【1603829】，GSD为【"-"】
2024-04-17 00:25:48 ok && -
2024-04-17 00:25:51 CHB 1603829?1713284748 第 1 次 等待 3 秒
2024-04-17 00:25:54 CHB 1603829?1713284748 第 1 次 获取到号码【1603829】GSD
2024-04-17 00:25:54 未获取到号码【1603829】GSD，可能号码格式错误
2024-04-17 00:25:54 获取到号码【1603829】的GSD为【-】
2024-04-17 00:25:59 GSD insert 第 1 次 等待 3 秒
2024-04-17 00:26:02 {"status":"bad","gid":"593766","msg":"添加失败！号码【1603829(-|-)】已存在！"}
2024-04-17 00:26:02 随机等待 171 秒，约 2 分钟
2024-04-17 00:26:02 下次操作: 2024-04-17 00:28:53

2024-04-17 00:28:53 开始第 3928 次操作

2024-04-17 00:28:53 开始操作号码 【1603830】
2024-04-17 00:28:59 GSD getOne 第 1 次 等待 3 秒
2024-04-17 00:29:02 查询号码 【1603830】，返回信息 {"status":"ok","msg":"-","gid":"593828","time_insert":"2023-03-16 05:49"}
2024-04-17 00:29:02 查询号码 【1603830】，GSD为【"-"】
2024-04-17 00:29:02 ok && -
2024-04-17 00:29:04 CHB 1603830?1713284942 第 1 次 等待 3 秒
2024-04-17 00:29:07 CHB 1603830?1713284942 第 1 次 获取到号码【1603830】GSD
2024-04-17 00:29:07 未获取到号码【1603830】GSD，可能号码格式错误
2024-04-17 00:29:07 获取到号码【1603830】的GSD为【-】
2024-04-17 00:29:12 GSD insert 第 1 次 等待 3 秒
2024-04-17 00:29:15 {"status":"bad","gid":"593828","msg":"添加失败！号码【1603830(-|-)】已存在！"}

2024-04-17 00:37:09 开始第 3929 次操作

2024-04-17 00:37:09 开始操作号码 【1603831】
2024-04-17 00:37:15 GSD getOne 第 1 次 等待 3 秒
2024-04-17 00:37:18 查询号码 【1603831】，返回信息 {"status":"ok","msg":"-","gid":"593864","time_insert":"2023-03-16 06:13"}
2024-04-17 00:37:18 查询号码 【1603831】，GSD为【"-"】
2024-04-17 00:37:18 ok && -
2024-04-17 00:37:21 CHB 1603831?1713285438 第 1 次 等待 3 秒
2024-04-17 00:37:24 CHB 1603831?1713285438 第 1 次 获取到号码【1603831】GSD
2024-04-17 00:37:24 未获取到号码【1603831】GSD，可能号码格式错误
2024-04-17 00:37:24 获取到号码【1603831】的GSD为【-】
2024-04-17 00:37:29 GSD insert 第 1 次 等待 3 秒
2024-04-17 00:37:32 {"status":"bad","gid":"593864","msg":"添加失败！号码【1603831(-|-)】已存在！"}
2024-04-17 00:37:32 随机等待 191 秒，约 3 分钟
2024-04-17 00:37:32 下次操作: 2024-04-17 00:40:43

2024-04-17 00:40:43 开始第 3930 次操作

2024-04-17 00:40:43 开始操作号码 【1603832】
2024-04-17 00:40:47 GSD getOne 第 1 次 等待 3 秒
2024-04-17 00:40:50 查询号码 【1603832】，返回信息 {"status":"ok","msg":"-","gid":"593905","time_insert":"2023-03-16 06:37"}
2024-04-17 00:40:50 查询号码 【1603832】，GSD为【"-"】
2024-04-17 00:40:50 ok && -
2024-04-17 00:40:55 CHB 1603832?1713285650 第 1 次 等待 3 秒
2024-04-17 00:40:58 CHB 1603832?1713285650 第 1 次 获取到号码【1603832】GSD
2024-04-17 00:40:58 未获取到号码【1603832】GSD，可能号码格式错误
2024-04-17 00:40:58 获取到号码【1603832】的GSD为【-】
2024-04-17 00:41:03 GSD insert 第 1 次 等待 3 秒
2024-04-17 00:41:06 {"status":"bad","gid":"593905","msg":"添加失败！号码【1603832(-|-)】已存在！"}
2024-04-17 00:41:06 随机等待 77 秒，约 1 分钟
2024-04-17 00:41:06 下次操作: 2024-04-17 00:42:23

2024-04-17 00:42:23 开始第 3931 次操作

2024-04-17 00:42:23 开始操作号码 【1603833】
2024-04-17 00:42:27 GSD getOne 第 1 次 等待 3 秒
2024-04-17 00:42:30 查询号码 【1603833】，返回信息 {"status":"ok","msg":"-","gid":"593935","time_insert":"2023-03-16 06:54"}
2024-04-17 00:42:30 查询号码 【1603833】，GSD为【"-"】
2024-04-17 00:42:30 ok && -
2024-04-17 00:42:33 CHB 1603833?1713285750 第 1 次 等待 3 秒
2024-04-17 00:42:36 CHB 1603833?1713285750 第 1 次 获取到号码【1603833】GSD
2024-04-17 00:42:36 未获取到号码【1603833】GSD，可能号码格式错误
2024-04-17 00:42:36 获取到号码【1603833】的GSD为【-】
2024-04-17 00:42:40 GSD insert 第 1 次 等待 3 秒
2024-04-17 00:42:43 {"status":"bad","gid":"593935","msg":"添加失败！号码【1603833(-|-)】已存在！"}
2024-04-17 00:42:43 随机等待 70 秒，约 1 分钟
2024-04-17 00:42:43 下次操作: 2024-04-17 00:43:53

2024-04-17 00:43:53 开始第 3932 次操作

2024-04-17 00:43:53 开始操作号码 【1603834】
2024-04-17 00:43:58 GSD getOne 第 1 次 等待 3 秒
2024-04-17 00:44:01 查询号码 【1603834】，返回信息 {"status":"ok","msg":"-","gid":"593955","time_insert":"2023-03-16 07:08"}
2024-04-17 00:44:01 查询号码 【1603834】，GSD为【"-"】
2024-04-17 00:44:01 ok && -
2024-04-17 00:44:03 CHB 1603834?1713285841 第 1 次 等待 3 秒
2024-04-17 00:44:06 CHB 1603834?1713285841 第 1 次 获取到号码【1603834】GSD
2024-04-17 00:44:06 未获取到号码【1603834】GSD，可能号码格式错误
2024-04-17 00:44:06 获取到号码【1603834】的GSD为【-】
2024-04-17 00:44:13 GSD insert 第 1 次 等待 3 秒
2024-04-17 00:44:16 {"status":"bad","gid":"593955","msg":"添加失败！号码【1603834(-|-)】已存在！"}

