2023-12-14 00:21:18 开始第 3037 次操作

2023-12-14 00:21:18 开始操作号码 【1822939】
2023-12-14 00:21:23 GSD getOne 第 1 次 等待 3 秒
2023-12-14 00:21:26 查询号码 【1822939】，返回信息 {"status":"ok","msg":"湖南-郴州","gid":"458543","time_insert":"2021-07-31 17:55"}
2023-12-14 00:21:26 查询号码 【1822939】，GSD为【"湖南-郴州"】

2023-12-14 00:21:27 开始第 3038 次操作

2023-12-14 00:21:27 开始操作号码 【1822940】
2023-12-14 00:21:34 GSD getOne 第 1 次 等待 3 秒
2023-12-14 00:21:37 查询号码 【1822940】，返回信息 {"status":"ok","msg":"湖南-岳阳","gid":"458533","time_insert":"2021-07-31 17:54"}
2023-12-14 00:21:37 查询号码 【1822940】，GSD为【"湖南-岳阳"】

2023-12-14 00:21:38 开始第 3039 次操作

2023-12-14 00:21:38 开始操作号码 【1822941】
2023-12-14 00:21:42 GSD getOne 第 1 次 等待 3 秒
2023-12-14 00:21:45 查询号码 【1822941】，返回信息 {"status":"ok","msg":"湖南-岳阳","gid":"458519","time_insert":"2021-07-31 17:53"}
2023-12-14 00:21:45 查询号码 【1822941】，GSD为【"湖南-岳阳"】

2023-12-14 00:21:46 开始第 3040 次操作

2023-12-14 00:21:46 开始操作号码 【1822942】
2023-12-14 00:21:51 GSD getOne 第 1 次 等待 3 秒
2023-12-14 00:21:54 查询号码 【1822942】，返回信息 {"status":"ok","msg":"湖南-邵阳","gid":"458504","time_insert":"2021-07-31 17:51"}
2023-12-14 00:21:54 查询号码 【1822942】，GSD为【"湖南-邵阳"】

2023-12-14 00:41:12 开始第 3041 次操作

2023-12-14 00:41:12 开始操作号码 【1822943】
2023-12-14 00:41:16 GSD getOne 第 1 次 等待 3 秒
2023-12-14 00:41:19 查询号码 【1822943】，返回信息 {"status":"ok","msg":"湖南-邵阳","gid":"458494","time_insert":"2021-07-31 17:49"}
2023-12-14 00:41:19 查询号码 【1822943】，GSD为【"湖南-邵阳"】

2023-12-14 00:41:20 开始第 3042 次操作

2023-12-14 00:41:20 开始操作号码 【1822944】
2023-12-14 00:41:25 GSD getOne 第 1 次 等待 3 秒
2023-12-14 00:41:28 查询号码 【1822944】，返回信息 {"status":"ok","msg":"湖南-邵阳","gid":"458480","time_insert":"2021-07-31 17:47"}
2023-12-14 00:41:28 查询号码 【1822944】，GSD为【"湖南-邵阳"】

2023-12-14 00:41:29 开始第 3043 次操作

2023-12-14 00:41:29 开始操作号码 【1822945】
2023-12-14 00:41:34 GSD getOne 第 1 次 等待 3 秒
2023-12-14 00:41:37 查询号码 【1822945】，返回信息 {"status":"ok","msg":"湖南-永州","gid":"458471","time_insert":"2021-07-31 17:46"}
2023-12-14 00:41:37 查询号码 【1822945】，GSD为【"湖南-永州"】

2023-12-14 00:41:38 开始第 3044 次操作

2023-12-14 00:41:38 开始操作号码 【1822946】
2023-12-14 00:41:43 GSD getOne 第 1 次 等待 3 秒
2023-12-14 00:41:46 查询号码 【1822946】，返回信息 {"status":"ok","msg":"湖南-永州","gid":"458463","time_insert":"2021-07-31 17:46"}
2023-12-14 00:41:46 查询号码 【1822946】，GSD为【"湖南-永州"】

