2024-09-01 00:16:51 开始第 2269 次操作

2024-09-01 00:16:51 开始操作号码 【1382268】
2024-09-01 00:17:00 GSD getOne 第 1 次 等待 3 秒
2024-09-01 00:17:03 查询号码 【1382268】，返回信息 {"status":"ok","msg":"广东-肇庆","gid":"79922","time_insert":"2021-06-04 16:12"}
2024-09-01 00:17:03 查询号码 【1382268】，GSD为【"广东-肇庆"】

2024-09-01 00:17:04 开始第 2270 次操作

2024-09-01 00:17:04 开始操作号码 【1382269】
2024-09-01 00:17:12 GSD getOne 第 1 次 等待 3 秒
2024-09-01 00:17:15 查询号码 【1382269】，返回信息 {"status":"ok","msg":"广东-肇庆","gid":"79925","time_insert":"2021-06-04 16:13"}
2024-09-01 00:17:15 查询号码 【1382269】，GSD为【"广东-肇庆"】

2024-09-01 00:17:16 开始第 2271 次操作

2024-09-01 00:17:16 开始操作号码 【1382270】
2024-09-01 00:17:24 GSD getOne 第 1 次 等待 3 秒
2024-09-01 00:17:27 查询号码 【1382270】，返回信息 {"status":"ok","msg":"广东-中山","gid":"11108","time_insert":"2015-05-05 07:49","time_update":"2020-09-28 12:23"}
2024-09-01 00:17:27 查询号码 【1382270】，GSD为【"广东-中山"】

2024-09-01 00:17:28 开始第 2272 次操作

2024-09-01 00:17:28 开始操作号码 【1382271】
2024-09-01 00:17:37 GSD getOne 第 1 次 等待 3 秒
2024-09-01 00:17:40 查询号码 【1382271】，返回信息 {"status":"ok","msg":"广东-中山","gid":"11109","time_insert":"2017-03-04 09:59","time_update":"2020-09-28 12:28"}
2024-09-01 00:17:40 查询号码 【1382271】，GSD为【"广东-中山"】

