2023-10-11 00:25:07 开始第 2590 次操作

2023-10-11 00:25:07 开始操作号码 【1922588】
2023-10-11 00:27:17 GSD getOne 第 1 次 等待 3 秒
2023-10-11 00:29:30 GSD getOne 第 2 次 等待 3 秒
2023-10-11 00:31:43 GSD getOne 第 3 次 等待 3 秒
2023-10-11 00:33:56 GSD getOne 第 4 次 等待 3 秒
2023-10-11 00:36:09 GSD getOne 第 5 次 等待 3 秒
2023-10-11 00:38:22 GSD getOne 第 6 次 等待 3 秒
2023-10-11 00:40:36 GSD getOne 第 7 次 等待 3 秒
2023-10-11 00:42:49 GSD getOne 第 8 次 等待 3 秒
2023-10-11 00:45:02 GSD getOne 第 9 次 等待 3 秒
2023-10-11 00:47:15 GSD getOne 第 10 次 等待 3 秒
2023-10-11 00:47:18 查询号码 【1922588】，返回信息 
2023-10-11 00:47:18 查询失败，3 秒后重新查询
2023-10-11 00:49:32 GSD getOne 第 1 次 等待 3 秒
2023-10-11 00:51:45 GSD getOne 第 2 次 等待 3 秒
2023-10-11 00:53:58 GSD getOne 第 3 次 等待 3 秒
2023-10-11 00:56:12 GSD getOne 第 4 次 等待 3 秒
2023-10-11 00:58:25 GSD getOne 第 5 次 等待 3 秒
2023-10-11 01:00:38 GSD getOne 第 6 次 等待 3 秒
2023-10-11 01:02:51 GSD getOne 第 7 次 等待 3 秒
2023-10-11 01:05:04 GSD getOne 第 8 次 等待 3 秒
2023-10-11 01:07:17 GSD getOne 第 9 次 等待 3 秒
2023-10-11 01:09:30 GSD getOne 第 10 次 等待 3 秒
2023-10-11 01:09:33 查询号码 【1922588】，返回信息 
2023-10-11 01:09:33 查询失败，结束本次操作，期待下次成功~
2023-10-11 01:09:33 随机等待 227 秒，约 3 分钟
2023-10-11 01:09:33 下次操作: 2023-10-11 01:13:20

2023-10-11 01:13:20 开始第 2591 次操作

2023-10-11 01:13:20 开始操作号码 【1922588】
2023-10-11 01:15:31 GSD getOne 第 1 次 等待 3 秒
2023-10-11 01:17:44 GSD getOne 第 2 次 等待 3 秒
2023-10-11 01:19:57 GSD getOne 第 3 次 等待 3 秒
2023-10-11 01:22:10 GSD getOne 第 4 次 等待 3 秒
2023-10-11 01:24:23 GSD getOne 第 5 次 等待 3 秒
2023-10-11 01:26:36 GSD getOne 第 6 次 等待 3 秒
2023-10-11 01:28:49 GSD getOne 第 7 次 等待 3 秒
2023-10-11 01:31:03 GSD getOne 第 8 次 等待 3 秒
2023-10-11 01:33:16 GSD getOne 第 9 次 等待 3 秒
2023-10-11 01:35:29 GSD getOne 第 10 次 等待 3 秒
2023-10-11 01:35:32 查询号码 【1922588】，返回信息 
2023-10-11 01:35:32 查询失败，3 秒后重新查询
2023-10-11 01:37:46 GSD getOne 第 1 次 等待 3 秒
2023-10-11 01:39:59 GSD getOne 第 2 次 等待 3 秒
2023-10-11 01:42:12 GSD getOne 第 3 次 等待 3 秒
2023-10-11 01:44:25 GSD getOne 第 4 次 等待 3 秒
2023-10-11 01:46:38 GSD getOne 第 5 次 等待 3 秒
2023-10-11 01:48:52 GSD getOne 第 6 次 等待 3 秒
2023-10-11 01:51:05 GSD getOne 第 7 次 等待 3 秒
2023-10-11 01:53:18 GSD getOne 第 8 次 等待 3 秒
2023-10-11 01:55:31 GSD getOne 第 9 次 等待 3 秒
2023-10-11 01:57:44 GSD getOne 第 10 次 等待 3 秒
2023-10-11 01:57:47 查询号码 【1922588】，返回信息 
2023-10-11 01:57:47 查询失败，结束本次操作，期待下次成功~
2023-10-11 01:57:47 随机等待 128 秒，约 2 分钟
2023-10-11 01:57:47 下次操作: 2023-10-11 01:59:55

2023-10-11 01:59:55 开始第 2592 次操作

2023-10-11 01:59:55 开始操作号码 【1922588】
2023-10-11 02:02:06 GSD getOne 第 1 次 等待 3 秒
2023-10-11 02:04:19 GSD getOne 第 2 次 等待 3 秒
2023-10-11 02:06:32 GSD getOne 第 3 次 等待 3 秒
2023-10-11 02:08:46 GSD getOne 第 4 次 等待 3 秒
2023-10-11 02:10:59 GSD getOne 第 5 次 等待 3 秒
2023-10-11 02:13:12 GSD getOne 第 6 次 等待 3 秒
2023-10-11 02:15:25 GSD getOne 第 7 次 等待 3 秒
2023-10-11 02:17:38 GSD getOne 第 8 次 等待 3 秒
2023-10-11 02:19:51 GSD getOne 第 9 次 等待 3 秒
2023-10-11 02:22:04 GSD getOne 第 10 次 等待 3 秒
2023-10-11 02:22:07 查询号码 【1922588】，返回信息 
2023-10-11 02:22:07 查询失败，3 秒后重新查询
2023-10-11 02:24:21 GSD getOne 第 1 次 等待 3 秒
2023-10-11 02:26:35 GSD getOne 第 2 次 等待 3 秒
2023-10-11 02:28:48 GSD getOne 第 3 次 等待 3 秒
2023-10-11 02:31:01 GSD getOne 第 4 次 等待 3 秒
2023-10-11 02:33:14 GSD getOne 第 5 次 等待 3 秒
2023-10-11 02:35:27 GSD getOne 第 6 次 等待 3 秒
2023-10-11 02:37:40 GSD getOne 第 7 次 等待 3 秒
2023-10-11 02:39:53 GSD getOne 第 8 次 等待 3 秒
2023-10-11 02:42:06 GSD getOne 第 9 次 等待 3 秒
2023-10-11 02:44:20 GSD getOne 第 10 次 等待 3 秒
2023-10-11 02:44:23 查询号码 【1922588】，返回信息 
2023-10-11 02:44:23 查询失败，结束本次操作，期待下次成功~

