2024-01-17 00:22:14 开始第 9073 次操作

2024-01-17 00:22:14 开始操作号码 【1828975】
2024-01-17 00:22:19 GSD getOne 第 1 次 等待 3 秒
2024-01-17 00:22:22 查询号码 【1828975】，返回信息 {"status":"ok","msg":"海南-海口","gid":"397633","time_insert":"2021-07-26 04:53"}
2024-01-17 00:22:22 查询号码 【1828975】，GSD为【"海南-海口"】

2024-01-17 00:22:23 开始第 9074 次操作

2024-01-17 00:22:23 开始操作号码 【1828976】
2024-01-17 00:22:31 GSD getOne 第 1 次 等待 3 秒
2024-01-17 00:22:34 查询号码 【1828976】，返回信息 {"status":"ok","msg":"海南-海口","gid":"397623","time_insert":"2021-07-26 04:53"}
2024-01-17 00:22:34 查询号码 【1828976】，GSD为【"海南-海口"】

2024-01-17 00:22:35 开始第 9075 次操作

2024-01-17 00:22:35 开始操作号码 【1828977】
2024-01-17 00:22:39 GSD getOne 第 1 次 等待 3 秒
2024-01-17 00:22:42 查询号码 【1828977】，返回信息 {"status":"ok","msg":"海南-海口","gid":"397611","time_insert":"2021-07-26 04:52"}
2024-01-17 00:22:42 查询号码 【1828977】，GSD为【"海南-海口"】

2024-01-17 00:22:43 开始第 9076 次操作

2024-01-17 00:22:43 开始操作号码 【1828978】
2024-01-17 00:22:47 GSD getOne 第 1 次 等待 3 秒
2024-01-17 00:22:50 查询号码 【1828978】，返回信息 {"status":"ok","msg":"海南-海口","gid":"397601","time_insert":"2021-07-26 04:52"}
2024-01-17 00:22:50 查询号码 【1828978】，GSD为【"海南-海口"】

