2023-11-23 00:22:17 开始第 9953 次操作

2023-11-23 00:22:17 开始操作号码 【1929854】
2023-11-23 00:22:33 GSD getOne 第 1 次 等待 3 秒
2023-11-23 00:22:36 查询号码 【1929854】，返回信息 {"status":"ok","msg":"-","gid":"597220","time_insert":"2023-03-17 22:58"}
2023-11-23 00:22:36 查询号码 【1929854】，GSD为【"-"】
2023-11-23 00:22:36 ok && -
2023-11-23 00:22:38 CHB 1929854?1700670156 第 1 次 等待 3 秒
2023-11-23 00:22:41 CHB 1929854?1700670156 第 1 次 获取到号码【1929854】GSD
2023-11-23 00:22:41 未获取到号码【1929854】GSD，可能号码格式错误
2023-11-23 00:22:41 获取到号码【1929854】的GSD为【-】
2023-11-23 00:22:45 GSD insert 第 1 次 等待 3 秒
2023-11-23 00:22:48 {"status":"bad","gid":"597220","msg":"添加失败！号码【1929854(-|-)】已存在！"}
2023-11-23 00:22:48 随机等待 141 秒，约 2 分钟
2023-11-23 00:22:48 下次操作: 2023-11-23 00:25:09

2023-11-23 00:25:09 开始第 9954 次操作

2023-11-23 00:25:09 开始操作号码 【1929855】
2023-11-23 00:25:12 GSD getOne 第 1 次 等待 3 秒
2023-11-23 00:25:15 查询号码 【1929855】，返回信息 {"status":"ok","msg":"-","gid":"597216","time_insert":"2023-03-17 22:55"}
2023-11-23 00:25:15 查询号码 【1929855】，GSD为【"-"】
2023-11-23 00:25:15 ok && -
2023-11-23 00:25:18 CHB 1929855?1700670315 第 1 次 等待 3 秒
2023-11-23 00:25:21 CHB 1929855?1700670315 第 1 次 获取到号码【1929855】GSD
2023-11-23 00:25:21 未获取到号码【1929855】GSD，可能号码格式错误
2023-11-23 00:25:21 获取到号码【1929855】的GSD为【-】
2023-11-23 00:25:24 GSD insert 第 1 次 等待 3 秒
2023-11-23 00:25:27 {"status":"bad","gid":"597216","msg":"添加失败！号码【1929855(-|-)】已存在！"}
2023-11-23 00:25:27 随机等待 208 秒，约 3 分钟
2023-11-23 00:25:27 下次操作: 2023-11-23 00:28:55

2023-11-23 00:28:55 开始第 9955 次操作

2023-11-23 00:28:56 开始操作号码 【1929856】
2023-11-23 00:29:00 GSD getOne 第 1 次 等待 3 秒
2023-11-23 00:29:03 查询号码 【1929856】，返回信息 {"status":"ok","msg":"-","gid":"597209","time_insert":"2023-03-17 22:52"}
2023-11-23 00:29:03 查询号码 【1929856】，GSD为【"-"】
2023-11-23 00:29:03 ok && -
2023-11-23 00:29:06 CHB 1929856?1700670543 第 1 次 等待 3 秒
2023-11-23 00:29:09 CHB 1929856?1700670543 第 1 次 获取到号码【1929856】GSD
2023-11-23 00:29:09 未获取到号码【1929856】GSD，可能号码格式错误
2023-11-23 00:29:09 获取到号码【1929856】的GSD为【-】
2023-11-23 00:29:16 GSD insert 第 1 次 等待 3 秒
2023-11-23 00:29:19 {"status":"bad","gid":"597209","msg":"添加失败！号码【1929856(-|-)】已存在！"}
2023-11-23 00:29:19 随机等待 218 秒，约 3 分钟
2023-11-23 00:29:19 下次操作: 2023-11-23 00:32:57

2023-11-23 00:32:57 开始第 9956 次操作

2023-11-23 00:32:57 开始操作号码 【1929857】
2023-11-23 00:33:00 GSD getOne 第 1 次 等待 3 秒
2023-11-23 00:33:03 查询号码 【1929857】，返回信息 {"status":"ok","msg":"-","gid":"597208","time_insert":"2023-03-17 22:50"}
2023-11-23 00:33:03 查询号码 【1929857】，GSD为【"-"】
2023-11-23 00:33:03 ok && -
2023-11-23 00:33:09 CHB 1929857?1700670783 第 1 次 等待 3 秒
2023-11-23 00:33:12 CHB 1929857?1700670783 第 1 次 获取到号码【1929857】GSD
2023-11-23 00:33:12 未获取到号码【1929857】GSD，可能号码格式错误
2023-11-23 00:33:12 获取到号码【1929857】的GSD为【-】
2023-11-23 00:33:16 GSD insert 第 1 次 等待 3 秒
2023-11-23 00:33:19 {"status":"bad","gid":"597208","msg":"添加失败！号码【1929857(-|-)】已存在！"}

2023-11-23 00:40:24 开始第 9957 次操作

2023-11-23 00:40:24 开始操作号码 【1929858】
2023-11-23 00:40:28 GSD getOne 第 1 次 等待 3 秒
2023-11-23 00:40:31 查询号码 【1929858】，返回信息 {"status":"ok","msg":"-","gid":"597205","time_insert":"2023-03-17 22:48"}
2023-11-23 00:40:31 查询号码 【1929858】，GSD为【"-"】
2023-11-23 00:40:31 ok && -
2023-11-23 00:40:33 CHB 1929858?1700671231 第 1 次 等待 3 秒
2023-11-23 00:40:36 CHB 1929858?1700671231 第 1 次 获取到号码【1929858】GSD
2023-11-23 00:40:36 未获取到号码【1929858】GSD，可能号码格式错误
2023-11-23 00:40:36 获取到号码【1929858】的GSD为【-】
2023-11-23 00:40:39 GSD insert 第 1 次 等待 3 秒
2023-11-23 00:40:42 {"status":"bad","gid":"597205","msg":"添加失败！号码【1929858(-|-)】已存在！"}
2023-11-23 00:40:42 随机等待 67 秒，约 1 分钟
2023-11-23 00:40:42 下次操作: 2023-11-23 00:41:49

2023-11-23 00:41:49 开始第 9958 次操作

2023-11-23 00:41:49 开始操作号码 【1929859】
2023-11-23 00:41:53 GSD getOne 第 1 次 等待 3 秒
2023-11-23 00:41:56 查询号码 【1929859】，返回信息 {"status":"ok","msg":"-","gid":"597201","time_insert":"2023-03-17 22:47"}
2023-11-23 00:41:56 查询号码 【1929859】，GSD为【"-"】
2023-11-23 00:41:56 ok && -
2023-11-23 00:41:57 CHB 1929859?1700671316 第 1 次 等待 3 秒
2023-11-23 00:42:00 CHB 1929859?1700671316 第 1 次 获取到号码【1929859】GSD
2023-11-23 00:42:01 未获取到号码【1929859】GSD，可能号码格式错误
2023-11-23 00:42:01 获取到号码【1929859】的GSD为【-】
2023-11-23 00:42:08 GSD insert 第 1 次 等待 3 秒
2023-11-23 00:42:11 {"status":"bad","gid":"597201","msg":"添加失败！号码【1929859(-|-)】已存在！"}
2023-11-23 00:42:11 随机等待 138 秒，约 2 分钟
2023-11-23 00:42:11 下次操作: 2023-11-23 00:44:29

2023-11-23 00:44:29 开始第 9959 次操作

2023-11-23 00:44:29 开始操作号码 【1929860】
2023-11-23 00:44:32 GSD getOne 第 1 次 等待 3 秒
2023-11-23 00:44:35 查询号码 【1929860】，返回信息 {"status":"ok","msg":"-","gid":"597196","time_insert":"2023-03-17 22:44"}
2023-11-23 00:44:35 查询号码 【1929860】，GSD为【"-"】
2023-11-23 00:44:35 ok && -
2023-11-23 00:44:37 CHB 1929860?1700671475 第 1 次 等待 3 秒
2023-11-23 00:44:40 CHB 1929860?1700671475 第 1 次 获取到号码【1929860】GSD
2023-11-23 00:44:40 未获取到号码【1929860】GSD，可能号码格式错误
2023-11-23 00:44:40 获取到号码【1929860】的GSD为【-】
2023-11-23 00:44:44 GSD insert 第 1 次 等待 3 秒
2023-11-23 00:44:47 {"status":"bad","gid":"597196","msg":"添加失败！号码【1929860(-|-)】已存在！"}
2023-11-23 00:44:47 随机等待 154 秒，约 2 分钟
2023-11-23 00:44:47 下次操作: 2023-11-23 00:47:21

2023-11-23 00:47:21 开始第 9960 次操作

2023-11-23 00:47:21 开始操作号码 【1929861】
2023-11-23 00:47:29 GSD getOne 第 1 次 等待 3 秒
2023-11-23 00:47:32 查询号码 【1929861】，返回信息 {"status":"ok","msg":"-","gid":"597189","time_insert":"2023-03-17 22:42"}
2023-11-23 00:47:32 查询号码 【1929861】，GSD为【"-"】
2023-11-23 00:47:32 ok && -
2023-11-23 00:47:34 CHB 1929861?1700671652 第 1 次 等待 3 秒
2023-11-23 00:47:37 CHB 1929861?1700671652 第 1 次 获取到号码【1929861】GSD
2023-11-23 00:47:38 未获取到号码【1929861】GSD，可能号码格式错误
2023-11-23 00:47:38 获取到号码【1929861】的GSD为【-】
2023-11-23 00:47:41 GSD insert 第 1 次 等待 3 秒
2023-11-23 00:47:44 {"status":"bad","gid":"597189","msg":"添加失败！号码【1929861(-|-)】已存在！"}

2023-11-23 01:15:28 开始第 9961 次操作

2023-11-23 01:15:28 开始操作号码 【1929862】
2023-11-23 01:15:32 GSD getOne 第 1 次 等待 3 秒
2023-11-23 01:15:35 查询号码 【1929862】，返回信息 {"status":"ok","msg":"-","gid":"597183","time_insert":"2023-03-17 22:39"}
2023-11-23 01:15:35 查询号码 【1929862】，GSD为【"-"】
2023-11-23 01:15:35 ok && -
2023-11-23 01:15:38 CHB 1929862?1700673335 第 1 次 等待 3 秒
2023-11-23 01:15:41 CHB 1929862?1700673335 第 1 次 获取到号码【1929862】GSD
2023-11-23 01:15:41 0: 浙江-杭州
2023-11-23 01:15:41 获取到号码【1929862】的GSD为【浙江-杭州】
2023-11-23 01:15:47 GSD insert 第 1 次 等待 3 秒
2023-11-23 01:15:50 {"status":"ok","gid":"597183","msg":"添加号码已存在，但为‘-’，修改为【浙江-杭州】成功！"}
2023-11-23 01:15:50 随机等待 217 秒，约 3 分钟
2023-11-23 01:15:50 下次操作: 2023-11-23 01:19:27

2023-11-23 01:19:27 开始第 9962 次操作

2023-11-23 01:19:27 开始操作号码 【1929863】
2023-11-23 01:19:30 GSD getOne 第 1 次 等待 3 秒
2023-11-23 01:19:33 查询号码 【1929863】，返回信息 {"status":"ok","msg":"-","gid":"597179","time_insert":"2023-03-17 22:36"}
2023-11-23 01:19:33 查询号码 【1929863】，GSD为【"-"】
2023-11-23 01:19:33 ok && -
2023-11-23 01:19:37 CHB 1929863?1700673573 第 1 次 等待 3 秒
2023-11-23 01:19:40 CHB 1929863?1700673573 第 1 次 获取到号码【1929863】GSD
2023-11-23 01:19:40 未获取到号码【1929863】GSD，可能号码格式错误
2023-11-23 01:19:40 获取到号码【1929863】的GSD为【-】
2023-11-23 01:19:43 GSD insert 第 1 次 等待 3 秒
2023-11-23 01:19:46 {"status":"bad","gid":"597179","msg":"添加失败！号码【1929863(-|-)】已存在！"}
2023-11-23 01:19:46 随机等待 80 秒，约 1 分钟
2023-11-23 01:19:46 下次操作: 2023-11-23 01:21:06

2023-11-23 01:21:06 开始第 9963 次操作

2023-11-23 01:21:06 开始操作号码 【1929864】
2023-11-23 01:21:10 GSD getOne 第 1 次 等待 3 秒
2023-11-23 01:21:13 查询号码 【1929864】，返回信息 {"status":"ok","msg":"-","gid":"597171","time_insert":"2023-03-17 22:33"}
2023-11-23 01:21:13 查询号码 【1929864】，GSD为【"-"】
2023-11-23 01:21:13 ok && -
2023-11-23 01:21:15 CHB 1929864?1700673673 第 1 次 等待 3 秒
2023-11-23 01:21:18 CHB 1929864?1700673673 第 1 次 获取到号码【1929864】GSD
2023-11-23 01:21:18 未获取到号码【1929864】GSD，可能号码格式错误
2023-11-23 01:21:18 获取到号码【1929864】的GSD为【-】
2023-11-23 01:21:22 GSD insert 第 1 次 等待 3 秒
2023-11-23 01:21:25 {"status":"bad","gid":"597171","msg":"添加失败！号码【1929864(-|-)】已存在！"}
2023-11-23 01:21:25 随机等待 164 秒，约 2 分钟
2023-11-23 01:21:25 下次操作: 2023-11-23 01:24:09

2023-11-23 01:24:09 开始第 9964 次操作

2023-11-23 01:24:09 开始操作号码 【1929865】
2023-11-23 01:24:13 GSD getOne 第 1 次 等待 3 秒
2023-11-23 01:24:16 查询号码 【1929865】，返回信息 {"status":"ok","msg":"-","gid":"597170","time_insert":"2023-03-17 22:32"}
2023-11-23 01:24:16 查询号码 【1929865】，GSD为【"-"】
2023-11-23 01:24:16 ok && -
2023-11-23 01:24:18 CHB 1929865?1700673856 第 1 次 等待 3 秒
2023-11-23 01:24:21 CHB 1929865?1700673856 第 1 次 获取到号码【1929865】GSD
2023-11-23 01:24:21 未获取到号码【1929865】GSD，可能号码格式错误
2023-11-23 01:24:21 获取到号码【1929865】的GSD为【-】
2023-11-23 01:24:25 GSD insert 第 1 次 等待 3 秒
2023-11-23 01:24:28 {"status":"bad","gid":"597170","msg":"添加失败！号码【1929865(-|-)】已存在！"}

2023-11-23 01:37:13 开始第 9965 次操作

2023-11-23 01:37:13 开始操作号码 【1929866】
2023-11-23 01:37:18 GSD getOne 第 1 次 等待 3 秒
2023-11-23 01:37:21 查询号码 【1929866】，返回信息 {"status":"ok","msg":"-","gid":"597166","time_insert":"2023-03-17 22:29"}
2023-11-23 01:37:21 查询号码 【1929866】，GSD为【"-"】
2023-11-23 01:37:21 ok && -
2023-11-23 01:37:23 CHB 1929866?1700674641 第 1 次 等待 3 秒
2023-11-23 01:37:26 CHB 1929866?1700674641 第 1 次 获取到号码【1929866】GSD
2023-11-23 01:37:26 未获取到号码【1929866】GSD，可能号码格式错误
2023-11-23 01:37:26 获取到号码【1929866】的GSD为【-】
2023-11-23 01:37:30 GSD insert 第 1 次 等待 3 秒
2023-11-23 01:37:33 {"status":"bad","gid":"597166","msg":"添加失败！号码【1929866(-|-)】已存在！"}
2023-11-23 01:37:33 随机等待 149 秒，约 2 分钟
2023-11-23 01:37:33 下次操作: 2023-11-23 01:40:02

2023-11-23 01:40:02 开始第 9966 次操作

2023-11-23 01:40:02 开始操作号码 【1929867】
2023-11-23 01:40:06 GSD getOne 第 1 次 等待 3 秒
2023-11-23 01:40:09 查询号码 【1929867】，返回信息 {"status":"ok","msg":"-","gid":"597151","time_insert":"2023-03-17 22:18"}
2023-11-23 01:40:09 查询号码 【1929867】，GSD为【"-"】
2023-11-23 01:40:09 ok && -
2023-11-23 01:40:11 CHB 1929867?1700674809 第 1 次 等待 3 秒
2023-11-23 01:40:14 CHB 1929867?1700674809 第 1 次 获取到号码【1929867】GSD
2023-11-23 01:40:14 未获取到号码【1929867】GSD，可能号码格式错误
2023-11-23 01:40:14 获取到号码【1929867】的GSD为【-】
2023-11-23 01:40:21 GSD insert 第 1 次 等待 3 秒
2023-11-23 01:40:24 {"status":"bad","gid":"597151","msg":"添加失败！号码【1929867(-|-)】已存在！"}
2023-11-23 01:40:24 随机等待 126 秒，约 2 分钟
2023-11-23 01:40:24 下次操作: 2023-11-23 01:42:30

2023-11-23 01:42:30 开始第 9967 次操作

2023-11-23 01:42:30 开始操作号码 【1929868】
2023-11-23 01:42:35 GSD getOne 第 1 次 等待 3 秒
2023-11-23 01:42:38 查询号码 【1929868】，返回信息 {"status":"ok","msg":"-","gid":"597144","time_insert":"2023-03-17 22:16"}
2023-11-23 01:42:38 查询号码 【1929868】，GSD为【"-"】
2023-11-23 01:42:38 ok && -
2023-11-23 01:42:41 CHB 1929868?1700674958 第 1 次 等待 3 秒
2023-11-23 01:42:44 CHB 1929868?1700674958 第 1 次 获取到号码【1929868】GSD
2023-11-23 01:42:44 未获取到号码【1929868】GSD，可能号码格式错误
2023-11-23 01:42:44 获取到号码【1929868】的GSD为【-】
2023-11-23 01:42:48 GSD insert 第 1 次 等待 3 秒
2023-11-23 01:42:51 {"status":"bad","gid":"597144","msg":"添加失败！号码【1929868(-|-)】已存在！"}
2023-11-23 01:42:51 随机等待 91 秒，约 1 分钟
2023-11-23 01:42:51 下次操作: 2023-11-23 01:44:22

2023-11-23 01:44:22 开始第 9968 次操作

2023-11-23 01:44:22 开始操作号码 【1929869】
2023-11-23 01:44:25 GSD getOne 第 1 次 等待 3 秒
2023-11-23 01:44:28 查询号码 【1929869】，返回信息 {"status":"ok","msg":"-","gid":"597139","time_insert":"2023-03-17 22:14"}
2023-11-23 01:44:28 查询号码 【1929869】，GSD为【"-"】
2023-11-23 01:44:28 ok && -
2023-11-23 01:44:31 CHB 1929869?1700675068 第 1 次 等待 3 秒
2023-11-23 01:44:34 CHB 1929869?1700675068 第 1 次 获取到号码【1929869】GSD
2023-11-23 01:44:34 未获取到号码【1929869】GSD，可能号码格式错误
2023-11-23 01:44:34 获取到号码【1929869】的GSD为【-】
2023-11-23 01:44:38 GSD insert 第 1 次 等待 3 秒
2023-11-23 01:44:41 {"status":"bad","gid":"597139","msg":"添加失败！号码【1929869(-|-)】已存在！"}

2023-11-23 02:21:23 开始第 9969 次操作

2023-11-23 02:21:23 开始操作号码 【1929870】
2023-11-23 02:21:30 GSD getOne 第 1 次 等待 3 秒
2023-11-23 02:21:33 查询号码 【1929870】，返回信息 {"status":"ok","msg":"-","gid":"597136","time_insert":"2023-03-17 22:12"}
2023-11-23 02:21:33 查询号码 【1929870】，GSD为【"-"】
2023-11-23 02:21:33 ok && -
2023-11-23 02:21:36 CHB 1929870?1700677293 第 1 次 等待 3 秒
2023-11-23 02:21:39 CHB 1929870?1700677293 第 1 次 获取到号码【1929870】GSD
2023-11-23 02:21:39 未获取到号码【1929870】GSD，可能号码格式错误
2023-11-23 02:21:39 获取到号码【1929870】的GSD为【-】
2023-11-23 02:21:42 GSD insert 第 1 次 等待 3 秒
2023-11-23 02:21:45 {"status":"bad","gid":"597136","msg":"添加失败！号码【1929870(-|-)】已存在！"}
2023-11-23 02:21:46 随机等待 200 秒，约 3 分钟
2023-11-23 02:21:46 下次操作: 2023-11-23 02:25:06

2023-11-23 02:25:06 开始第 9970 次操作

2023-11-23 02:25:06 开始操作号码 【1929871】
2023-11-23 02:25:09 GSD getOne 第 1 次 等待 3 秒
2023-11-23 02:25:12 查询号码 【1929871】，返回信息 {"status":"ok","msg":"-","gid":"597124","time_insert":"2023-03-17 22:00"}
2023-11-23 02:25:12 查询号码 【1929871】，GSD为【"-"】
2023-11-23 02:25:12 ok && -
2023-11-23 02:25:14 CHB 1929871?1700677512 第 1 次 等待 3 秒
2023-11-23 02:25:17 CHB 1929871?1700677512 第 1 次 获取到号码【1929871】GSD
2023-11-23 02:25:17 未获取到号码【1929871】GSD，可能号码格式错误
2023-11-23 02:25:17 获取到号码【1929871】的GSD为【-】
2023-11-23 02:25:21 GSD insert 第 1 次 等待 3 秒
2023-11-23 02:25:24 {"status":"bad","gid":"597124","msg":"添加失败！号码【1929871(-|-)】已存在！"}
2023-11-23 02:25:24 随机等待 184 秒，约 3 分钟
2023-11-23 02:25:24 下次操作: 2023-11-23 02:28:28

2023-11-23 02:28:28 开始第 9971 次操作

2023-11-23 02:28:28 开始操作号码 【1929872】
2023-11-23 02:28:31 GSD getOne 第 1 次 等待 3 秒
2023-11-23 02:28:34 查询号码 【1929872】，返回信息 {"status":"ok","msg":"-","gid":"597122","time_insert":"2023-03-17 21:58"}
2023-11-23 02:28:35 查询号码 【1929872】，GSD为【"-"】
2023-11-23 02:28:35 ok && -
2023-11-23 02:28:37 CHB 1929872?1700677715 第 1 次 等待 3 秒
2023-11-23 02:28:40 CHB 1929872?1700677715 第 1 次 获取到号码【1929872】GSD
2023-11-23 02:28:40 未获取到号码【1929872】GSD，可能号码格式错误
2023-11-23 02:28:40 获取到号码【1929872】的GSD为【-】
2023-11-23 02:28:44 GSD insert 第 1 次 等待 3 秒
2023-11-23 02:28:47 {"status":"bad","gid":"597122","msg":"添加失败！号码【1929872(-|-)】已存在！"}
2023-11-23 02:28:47 随机等待 83 秒，约 1 分钟
2023-11-23 02:28:47 下次操作: 2023-11-23 02:30:10

2023-11-23 02:30:10 开始第 9972 次操作

2023-11-23 02:30:10 开始操作号码 【1929873】
2023-11-23 02:30:13 GSD getOne 第 1 次 等待 3 秒
2023-11-23 02:30:16 查询号码 【1929873】，返回信息 {"status":"ok","msg":"-","gid":"597118","time_insert":"2023-03-17 21:56"}
2023-11-23 02:30:16 查询号码 【1929873】，GSD为【"-"】
2023-11-23 02:30:16 ok && -
2023-11-23 02:30:19 CHB 1929873?1700677816 第 1 次 等待 3 秒
2023-11-23 02:30:22 CHB 1929873?1700677816 第 1 次 获取到号码【1929873】GSD
2023-11-23 02:30:22 未获取到号码【1929873】GSD，可能号码格式错误
2023-11-23 02:30:22 获取到号码【1929873】的GSD为【-】
2023-11-23 02:30:26 GSD insert 第 1 次 等待 3 秒
2023-11-23 02:30:29 {"status":"bad","gid":"597118","msg":"添加失败！号码【1929873(-|-)】已存在！"}

2023-11-23 02:37:28 开始第 9973 次操作

2023-11-23 02:37:28 开始操作号码 【1929874】
2023-11-23 02:37:32 GSD getOne 第 1 次 等待 3 秒
2023-11-23 02:37:35 查询号码 【1929874】，返回信息 {"status":"ok","msg":"-","gid":"597115","time_insert":"2023-03-17 21:55"}
2023-11-23 02:37:35 查询号码 【1929874】，GSD为【"-"】
2023-11-23 02:37:35 ok && -
2023-11-23 02:37:38 CHB 1929874?1700678255 第 1 次 等待 3 秒
2023-11-23 02:37:41 CHB 1929874?1700678255 第 1 次 获取到号码【1929874】GSD
2023-11-23 02:37:41 未获取到号码【1929874】GSD，可能号码格式错误
2023-11-23 02:37:41 获取到号码【1929874】的GSD为【-】
2023-11-23 02:37:44 GSD insert 第 1 次 等待 3 秒
2023-11-23 02:37:47 {"status":"bad","gid":"597115","msg":"添加失败！号码【1929874(-|-)】已存在！"}
2023-11-23 02:37:47 随机等待 176 秒，约 2 分钟
2023-11-23 02:37:47 下次操作: 2023-11-23 02:40:43

2023-11-23 02:40:43 开始第 9974 次操作

2023-11-23 02:40:43 开始操作号码 【1929875】
2023-11-23 02:40:50 GSD getOne 第 1 次 等待 3 秒
2023-11-23 02:40:53 查询号码 【1929875】，返回信息 {"status":"ok","msg":"-","gid":"597112","time_insert":"2023-03-17 21:53"}
2023-11-23 02:40:53 查询号码 【1929875】，GSD为【"-"】
2023-11-23 02:40:53 ok && -
2023-11-23 02:40:55 CHB 1929875?1700678453 第 1 次 等待 3 秒
2023-11-23 02:40:58 CHB 1929875?1700678453 第 1 次 获取到号码【1929875】GSD
2023-11-23 02:40:58 未获取到号码【1929875】GSD，可能号码格式错误
2023-11-23 02:40:58 获取到号码【1929875】的GSD为【-】
2023-11-23 02:41:02 GSD insert 第 1 次 等待 3 秒
2023-11-23 02:41:05 {"status":"bad","gid":"597112","msg":"添加失败！号码【1929875(-|-)】已存在！"}
2023-11-23 02:41:05 随机等待 211 秒，约 3 分钟
2023-11-23 02:41:05 下次操作: 2023-11-23 02:44:36

2023-11-23 02:44:36 开始第 9975 次操作

2023-11-23 02:44:36 开始操作号码 【1929876】
2023-11-23 02:44:40 GSD getOne 第 1 次 等待 3 秒
2023-11-23 02:44:43 查询号码 【1929876】，返回信息 {"status":"ok","msg":"-","gid":"597106","time_insert":"2023-03-17 21:49"}
2023-11-23 02:44:43 查询号码 【1929876】，GSD为【"-"】
2023-11-23 02:44:43 ok && -
2023-11-23 02:44:46 CHB 1929876?1700678683 第 1 次 等待 3 秒
2023-11-23 02:44:49 CHB 1929876?1700678683 第 1 次 获取到号码【1929876】GSD
2023-11-23 02:44:49 未获取到号码【1929876】GSD，可能号码格式错误
2023-11-23 02:44:49 获取到号码【1929876】的GSD为【-】
2023-11-23 02:44:52 GSD insert 第 1 次 等待 3 秒
2023-11-23 02:44:55 {"status":"bad","gid":"597106","msg":"添加失败！号码【1929876(-|-)】已存在！"}
2023-11-23 02:44:55 随机等待 100 秒，约 1 分钟
2023-11-23 02:44:55 下次操作: 2023-11-23 02:46:35

2023-11-23 02:46:35 开始第 9976 次操作

2023-11-23 02:46:35 开始操作号码 【1929877】
2023-11-23 02:46:40 GSD getOne 第 1 次 等待 3 秒
2023-11-23 02:46:43 查询号码 【1929877】，返回信息 {"status":"ok","msg":"-","gid":"597103","time_insert":"2023-03-17 21:48"}
2023-11-23 02:46:43 查询号码 【1929877】，GSD为【"-"】
2023-11-23 02:46:43 ok && -
2023-11-23 02:46:45 CHB 1929877?1700678803 第 1 次 等待 3 秒
2023-11-23 02:46:48 CHB 1929877?1700678803 第 1 次 获取到号码【1929877】GSD
2023-11-23 02:46:48 未获取到号码【1929877】GSD，可能号码格式错误
2023-11-23 02:46:48 获取到号码【1929877】的GSD为【-】
2023-11-23 02:46:52 GSD insert 第 1 次 等待 3 秒
2023-11-23 02:46:55 {"status":"bad","gid":"597103","msg":"添加失败！号码【1929877(-|-)】已存在！"}

2023-11-23 03:13:22 开始第 9977 次操作

2023-11-23 03:13:22 开始操作号码 【1929878】
2023-11-23 03:13:25 GSD getOne 第 1 次 等待 3 秒
2023-11-23 03:13:28 查询号码 【1929878】，返回信息 {"status":"ok","msg":"-","gid":"597100","time_insert":"2023-03-17 21:44"}
2023-11-23 03:13:28 查询号码 【1929878】，GSD为【"-"】
2023-11-23 03:13:28 ok && -
2023-11-23 03:13:30 CHB 1929878?1700680408 第 1 次 等待 3 秒
2023-11-23 03:13:33 CHB 1929878?1700680408 第 1 次 获取到号码【1929878】GSD
2023-11-23 03:13:33 未获取到号码【1929878】GSD，可能号码格式错误
2023-11-23 03:13:33 获取到号码【1929878】的GSD为【-】
2023-11-23 03:13:36 GSD insert 第 1 次 等待 3 秒
2023-11-23 03:13:39 {"status":"bad","gid":"597100","msg":"添加失败！号码【1929878(-|-)】已存在！"}
2023-11-23 03:13:39 随机等待 198 秒，约 3 分钟
2023-11-23 03:13:39 下次操作: 2023-11-23 03:16:57

2023-11-23 03:16:57 开始第 9978 次操作

2023-11-23 03:16:57 开始操作号码 【1929879】
2023-11-23 03:17:01 GSD getOne 第 1 次 等待 3 秒
2023-11-23 03:17:04 查询号码 【1929879】，返回信息 {"status":"ok","msg":"-","gid":"597092","time_insert":"2023-03-17 21:40"}
2023-11-23 03:17:04 查询号码 【1929879】，GSD为【"-"】
2023-11-23 03:17:04 ok && -
2023-11-23 03:17:06 CHB 1929879?1700680624 第 1 次 等待 3 秒
2023-11-23 03:17:09 CHB 1929879?1700680624 第 1 次 获取到号码【1929879】GSD
2023-11-23 03:17:09 未获取到号码【1929879】GSD，可能号码格式错误
2023-11-23 03:17:09 获取到号码【1929879】的GSD为【-】
2023-11-23 03:17:13 GSD insert 第 1 次 等待 3 秒
2023-11-23 03:17:16 {"status":"bad","gid":"597092","msg":"添加失败！号码【1929879(-|-)】已存在！"}
2023-11-23 03:17:16 随机等待 153 秒，约 2 分钟
2023-11-23 03:17:16 下次操作: 2023-11-23 03:19:49

2023-11-23 03:19:49 开始第 9979 次操作

2023-11-23 03:19:49 开始操作号码 【1929880】
2023-11-23 03:19:52 GSD getOne 第 1 次 等待 3 秒
2023-11-23 03:19:55 查询号码 【1929880】，返回信息 {"status":"ok","msg":"-","gid":"597086","time_insert":"2023-03-17 21:37"}
2023-11-23 03:19:55 查询号码 【1929880】，GSD为【"-"】
2023-11-23 03:19:55 ok && -
2023-11-23 03:19:57 CHB 1929880?1700680795 第 1 次 等待 3 秒
2023-11-23 03:20:00 CHB 1929880?1700680795 第 1 次 获取到号码【1929880】GSD
2023-11-23 03:20:00 未获取到号码【1929880】GSD，可能号码格式错误
2023-11-23 03:20:00 获取到号码【1929880】的GSD为【-】
2023-11-23 03:20:03 GSD insert 第 1 次 等待 3 秒
2023-11-23 03:20:06 {"status":"bad","gid":"597086","msg":"添加失败！号码【1929880(-|-)】已存在！"}
2023-11-23 03:20:06 随机等待 73 秒，约 1 分钟
2023-11-23 03:20:06 下次操作: 2023-11-23 03:21:19

2023-11-23 03:21:19 开始第 9980 次操作

2023-11-23 03:21:19 开始操作号码 【1929881】
2023-11-23 03:21:22 GSD getOne 第 1 次 等待 3 秒
2023-11-23 03:21:25 查询号码 【1929881】，返回信息 {"status":"ok","msg":"-","gid":"597081","time_insert":"2023-03-17 21:35"}
2023-11-23 03:21:25 查询号码 【1929881】，GSD为【"-"】
2023-11-23 03:21:25 ok && -
2023-11-23 03:21:27 CHB 1929881?1700680885 第 1 次 等待 3 秒
2023-11-23 03:21:30 CHB 1929881?1700680885 第 1 次 获取到号码【1929881】GSD
2023-11-23 03:21:30 未获取到号码【1929881】GSD，可能号码格式错误
2023-11-23 03:21:30 获取到号码【1929881】的GSD为【-】
2023-11-23 03:21:33 GSD insert 第 1 次 等待 3 秒
2023-11-23 03:21:36 {"status":"bad","gid":"597081","msg":"添加失败！号码【1929881(-|-)】已存在！"}

2023-11-23 03:37:28 开始第 9981 次操作

2023-11-23 03:37:28 开始操作号码 【1929882】
2023-11-23 03:37:32 GSD getOne 第 1 次 等待 3 秒
2023-11-23 03:37:35 查询号码 【1929882】，返回信息 {"status":"ok","msg":"-","gid":"597078","time_insert":"2023-03-17 21:33"}
2023-11-23 03:37:35 查询号码 【1929882】，GSD为【"-"】
2023-11-23 03:37:35 ok && -
2023-11-23 03:37:37 CHB 1929882?1700681855 第 1 次 等待 3 秒
2023-11-23 03:37:40 CHB 1929882?1700681855 第 1 次 获取到号码【1929882】GSD
2023-11-23 03:37:40 未获取到号码【1929882】GSD，可能号码格式错误
2023-11-23 03:37:40 获取到号码【1929882】的GSD为【-】
2023-11-23 03:37:43 GSD insert 第 1 次 等待 3 秒
2023-11-23 03:37:46 {"status":"bad","gid":"597078","msg":"添加失败！号码【1929882(-|-)】已存在！"}
2023-11-23 03:37:46 随机等待 182 秒，约 3 分钟
2023-11-23 03:37:46 下次操作: 2023-11-23 03:40:48

2023-11-23 03:40:48 开始第 9982 次操作

2023-11-23 03:40:48 开始操作号码 【1929883】
2023-11-23 03:40:52 GSD getOne 第 1 次 等待 3 秒
2023-11-23 03:40:55 查询号码 【1929883】，返回信息 {"status":"ok","msg":"-","gid":"597072","time_insert":"2023-03-17 21:28"}
2023-11-23 03:40:55 查询号码 【1929883】，GSD为【"-"】
2023-11-23 03:40:55 ok && -
2023-11-23 03:40:57 CHB 1929883?1700682055 第 1 次 等待 3 秒
2023-11-23 03:41:00 CHB 1929883?1700682055 第 1 次 获取到号码【1929883】GSD
2023-11-23 03:41:00 未获取到号码【1929883】GSD，可能号码格式错误
2023-11-23 03:41:00 获取到号码【1929883】的GSD为【-】
2023-11-23 03:41:03 GSD insert 第 1 次 等待 3 秒
2023-11-23 03:41:06 {"status":"bad","gid":"597072","msg":"添加失败！号码【1929883(-|-)】已存在！"}
2023-11-23 03:41:06 随机等待 214 秒，约 3 分钟
2023-11-23 03:41:06 下次操作: 2023-11-23 03:44:40

2023-11-23 03:44:40 开始第 9983 次操作

2023-11-23 03:44:40 开始操作号码 【1929884】
2023-11-23 03:44:43 GSD getOne 第 1 次 等待 3 秒
2023-11-23 03:44:46 查询号码 【1929884】，返回信息 {"status":"ok","msg":"-","gid":"597070","time_insert":"2023-03-17 21:26"}
2023-11-23 03:44:46 查询号码 【1929884】，GSD为【"-"】
2023-11-23 03:44:46 ok && -
2023-11-23 03:44:49 CHB 1929884?1700682286 第 1 次 等待 3 秒
2023-11-23 03:44:52 CHB 1929884?1700682286 第 1 次 获取到号码【1929884】GSD
2023-11-23 03:44:52 未获取到号码【1929884】GSD，可能号码格式错误
2023-11-23 03:44:52 获取到号码【1929884】的GSD为【-】
2023-11-23 03:44:55 GSD insert 第 1 次 等待 3 秒
2023-11-23 03:44:58 {"status":"bad","gid":"597070","msg":"添加失败！号码【1929884(-|-)】已存在！"}
2023-11-23 03:44:58 随机等待 193 秒，约 3 分钟
2023-11-23 03:44:58 下次操作: 2023-11-23 03:48:11

2023-11-23 03:48:11 开始第 9984 次操作

2023-11-23 03:48:11 开始操作号码 【1929885】
2023-11-23 03:48:14 GSD getOne 第 1 次 等待 3 秒
2023-11-23 03:48:17 查询号码 【1929885】，返回信息 {"status":"ok","msg":"-","gid":"597066","time_insert":"2023-03-17 21:23"}
2023-11-23 03:48:17 查询号码 【1929885】，GSD为【"-"】
2023-11-23 03:48:17 ok && -
2023-11-23 03:48:19 CHB 1929885?1700682497 第 1 次 等待 3 秒
2023-11-23 03:48:22 CHB 1929885?1700682497 第 1 次 获取到号码【1929885】GSD
2023-11-23 03:48:22 未获取到号码【1929885】GSD，可能号码格式错误
2023-11-23 03:48:22 获取到号码【1929885】的GSD为【-】
2023-11-23 03:48:26 GSD insert 第 1 次 等待 3 秒
2023-11-23 03:48:29 {"status":"bad","gid":"597066","msg":"添加失败！号码【1929885(-|-)】已存在！"}

2023-11-23 04:17:25 开始第 9985 次操作

2023-11-23 04:17:25 开始操作号码 【1929886】
2023-11-23 04:17:29 GSD getOne 第 1 次 等待 3 秒
2023-11-23 04:17:32 查询号码 【1929886】，返回信息 {"status":"ok","msg":"-","gid":"597064","time_insert":"2023-03-17 21:20"}
2023-11-23 04:17:32 查询号码 【1929886】，GSD为【"-"】
2023-11-23 04:17:32 ok && -
2023-11-23 04:17:35 CHB 1929886?1700684252 第 1 次 等待 3 秒
2023-11-23 04:17:38 CHB 1929886?1700684252 第 1 次 获取到号码【1929886】GSD
2023-11-23 04:17:38 未获取到号码【1929886】GSD，可能号码格式错误
2023-11-23 04:17:38 获取到号码【1929886】的GSD为【-】
2023-11-23 04:17:42 GSD insert 第 1 次 等待 3 秒
2023-11-23 04:17:45 {"status":"bad","gid":"597064","msg":"添加失败！号码【1929886(-|-)】已存在！"}
2023-11-23 04:17:45 随机等待 147 秒，约 2 分钟
2023-11-23 04:17:45 下次操作: 2023-11-23 04:20:12

2023-11-23 04:20:12 开始第 9986 次操作

2023-11-23 04:20:12 开始操作号码 【1929887】
2023-11-23 04:20:20 GSD getOne 第 1 次 等待 3 秒
2023-11-23 04:20:23 查询号码 【1929887】，返回信息 {"status":"ok","msg":"-","gid":"597040","time_insert":"2023-03-17 21:02"}
2023-11-23 04:20:23 查询号码 【1929887】，GSD为【"-"】
2023-11-23 04:20:23 ok && -
2023-11-23 04:20:25 CHB 1929887?1700684423 第 1 次 等待 3 秒
2023-11-23 04:20:28 CHB 1929887?1700684423 第 1 次 获取到号码【1929887】GSD
2023-11-23 04:20:28 未获取到号码【1929887】GSD，可能号码格式错误
2023-11-23 04:20:28 获取到号码【1929887】的GSD为【-】
2023-11-23 04:20:32 GSD insert 第 1 次 等待 3 秒
2023-11-23 04:20:35 {"status":"bad","gid":"597040","msg":"添加失败！号码【1929887(-|-)】已存在！"}
2023-11-23 04:20:35 随机等待 89 秒，约 1 分钟
2023-11-23 04:20:35 下次操作: 2023-11-23 04:22:04

2023-11-23 04:22:04 开始第 9987 次操作

2023-11-23 04:22:04 开始操作号码 【1929888】
2023-11-23 04:22:07 GSD getOne 第 1 次 等待 3 秒
2023-11-23 04:22:10 查询号码 【1929888】，返回信息 {"status":"ok","msg":"-","gid":"597036","time_insert":"2023-03-17 21:00"}
2023-11-23 04:22:10 查询号码 【1929888】，GSD为【"-"】
2023-11-23 04:22:10 ok && -
2023-11-23 04:22:12 CHB 1929888?1700684530 第 1 次 等待 3 秒
2023-11-23 04:22:15 CHB 1929888?1700684530 第 1 次 获取到号码【1929888】GSD
2023-11-23 04:22:15 未获取到号码【1929888】GSD，可能号码格式错误
2023-11-23 04:22:15 获取到号码【1929888】的GSD为【-】
2023-11-23 04:22:18 GSD insert 第 1 次 等待 3 秒
2023-11-23 04:22:21 {"status":"bad","gid":"597036","msg":"添加失败！号码【1929888(-|-)】已存在！"}
2023-11-23 04:22:21 随机等待 223 秒，约 3 分钟
2023-11-23 04:22:21 下次操作: 2023-11-23 04:26:04

2023-11-23 04:26:04 开始第 9988 次操作

2023-11-23 04:26:04 开始操作号码 【1929889】
2023-11-23 04:26:08 GSD getOne 第 1 次 等待 3 秒
2023-11-23 04:26:11 查询号码 【1929889】，返回信息 {"status":"ok","msg":"-","gid":"597032","time_insert":"2023-03-17 20:57"}
2023-11-23 04:26:11 查询号码 【1929889】，GSD为【"-"】
2023-11-23 04:26:11 ok && -
2023-11-23 04:26:13 CHB 1929889?1700684771 第 1 次 等待 3 秒
2023-11-23 04:26:16 CHB 1929889?1700684771 第 1 次 获取到号码【1929889】GSD
2023-11-23 04:26:16 未获取到号码【1929889】GSD，可能号码格式错误
2023-11-23 04:26:16 获取到号码【1929889】的GSD为【-】
2023-11-23 04:26:19 GSD insert 第 1 次 等待 3 秒
2023-11-23 04:26:22 {"status":"bad","gid":"597032","msg":"添加失败！号码【1929889(-|-)】已存在！"}

2023-11-23 04:37:37 开始第 9989 次操作

2023-11-23 04:37:37 开始操作号码 【1929890】
2023-11-23 04:37:43 GSD getOne 第 1 次 等待 3 秒
2023-11-23 04:37:46 查询号码 【1929890】，返回信息 {"status":"ok","msg":"-","gid":"597029","time_insert":"2023-03-17 20:55"}
2023-11-23 04:37:46 查询号码 【1929890】，GSD为【"-"】
2023-11-23 04:37:46 ok && -
2023-11-23 04:37:48 CHB 1929890?1700685466 第 1 次 等待 3 秒
2023-11-23 04:37:51 CHB 1929890?1700685466 第 1 次 获取到号码【1929890】GSD
2023-11-23 04:37:51 未获取到号码【1929890】GSD，可能号码格式错误
2023-11-23 04:37:51 获取到号码【1929890】的GSD为【-】
2023-11-23 04:37:55 GSD insert 第 1 次 等待 3 秒
2023-11-23 04:37:58 {"status":"bad","gid":"597029","msg":"添加失败！号码【1929890(-|-)】已存在！"}
2023-11-23 04:37:58 随机等待 89 秒，约 1 分钟
2023-11-23 04:37:58 下次操作: 2023-11-23 04:39:27

2023-11-23 04:39:27 开始第 9990 次操作

2023-11-23 04:39:27 开始操作号码 【1929891】
2023-11-23 04:39:31 GSD getOne 第 1 次 等待 3 秒
2023-11-23 04:39:34 查询号码 【1929891】，返回信息 {"status":"ok","msg":"-","gid":"597003","time_insert":"2023-03-17 20:32"}
2023-11-23 04:39:34 查询号码 【1929891】，GSD为【"-"】
2023-11-23 04:39:34 ok && -
2023-11-23 04:39:36 CHB 1929891?1700685574 第 1 次 等待 3 秒
2023-11-23 04:39:39 CHB 1929891?1700685574 第 1 次 获取到号码【1929891】GSD
2023-11-23 04:39:39 未获取到号码【1929891】GSD，可能号码格式错误
2023-11-23 04:39:39 获取到号码【1929891】的GSD为【-】
2023-11-23 04:39:43 GSD insert 第 1 次 等待 3 秒
2023-11-23 04:39:46 {"status":"bad","gid":"597003","msg":"添加失败！号码【1929891(-|-)】已存在！"}
2023-11-23 04:39:46 随机等待 232 秒，约 3 分钟
2023-11-23 04:39:46 下次操作: 2023-11-23 04:43:38

2023-11-23 04:43:38 开始第 9991 次操作

2023-11-23 04:43:38 开始操作号码 【1929892】
2023-11-23 04:43:41 GSD getOne 第 1 次 等待 3 秒
2023-11-23 04:43:44 查询号码 【1929892】，返回信息 {"status":"ok","msg":"-","gid":"596999","time_insert":"2023-03-17 20:30"}
2023-11-23 04:43:44 查询号码 【1929892】，GSD为【"-"】
2023-11-23 04:43:44 ok && -
2023-11-23 04:43:48 CHB 1929892?1700685824 第 1 次 等待 3 秒
2023-11-23 04:43:51 CHB 1929892?1700685824 第 1 次 获取到号码【1929892】GSD
2023-11-23 04:43:51 未获取到号码【1929892】GSD，可能号码格式错误
2023-11-23 04:43:51 获取到号码【1929892】的GSD为【-】
2023-11-23 04:43:54 GSD insert 第 1 次 等待 3 秒
2023-11-23 04:43:57 {"status":"bad","gid":"596999","msg":"添加失败！号码【1929892(-|-)】已存在！"}
2023-11-23 04:43:57 随机等待 154 秒，约 2 分钟
2023-11-23 04:43:57 下次操作: 2023-11-23 04:46:31

2023-11-23 04:46:31 开始第 9992 次操作

2023-11-23 04:46:31 开始操作号码 【1929893】
2023-11-23 04:46:34 GSD getOne 第 1 次 等待 3 秒
2023-11-23 04:46:37 查询号码 【1929893】，返回信息 {"status":"ok","msg":"-","gid":"596997","time_insert":"2023-03-17 20:27"}
2023-11-23 04:46:37 查询号码 【1929893】，GSD为【"-"】
2023-11-23 04:46:37 ok && -
2023-11-23 04:46:39 CHB 1929893?1700685997 第 1 次 等待 3 秒
2023-11-23 04:46:42 CHB 1929893?1700685997 第 1 次 获取到号码【1929893】GSD
2023-11-23 04:46:42 未获取到号码【1929893】GSD，可能号码格式错误
2023-11-23 04:46:42 获取到号码【1929893】的GSD为【-】
2023-11-23 04:46:45 GSD insert 第 1 次 等待 3 秒
2023-11-23 04:46:48 {"status":"bad","gid":"596997","msg":"添加失败！号码【1929893(-|-)】已存在！"}

2023-11-23 05:14:24 开始第 9993 次操作

2023-11-23 05:14:24 开始操作号码 【1929894】
2023-11-23 05:14:28 GSD getOne 第 1 次 等待 3 秒
2023-11-23 05:14:31 查询号码 【1929894】，返回信息 {"status":"ok","msg":"-","gid":"596992","time_insert":"2023-03-17 20:25"}
2023-11-23 05:14:31 查询号码 【1929894】，GSD为【"-"】
2023-11-23 05:14:31 ok && -
2023-11-23 05:14:33 CHB 1929894?1700687671 第 1 次 等待 3 秒
2023-11-23 05:14:36 CHB 1929894?1700687671 第 1 次 获取到号码【1929894】GSD
2023-11-23 05:14:36 未获取到号码【1929894】GSD，可能号码格式错误
2023-11-23 05:14:36 获取到号码【1929894】的GSD为【-】
2023-11-23 05:14:40 GSD insert 第 1 次 等待 3 秒
2023-11-23 05:14:43 {"status":"bad","gid":"596992","msg":"添加失败！号码【1929894(-|-)】已存在！"}
2023-11-23 05:14:43 随机等待 168 秒，约 2 分钟
2023-11-23 05:14:43 下次操作: 2023-11-23 05:17:31

2023-11-23 05:17:31 开始第 9994 次操作

2023-11-23 05:17:31 开始操作号码 【1929895】
2023-11-23 05:17:34 GSD getOne 第 1 次 等待 3 秒
2023-11-23 05:17:37 查询号码 【1929895】，返回信息 {"status":"ok","msg":"-","gid":"596965","time_insert":"2023-03-17 20:03"}
2023-11-23 05:17:38 查询号码 【1929895】，GSD为【"-"】
2023-11-23 05:17:38 ok && -
2023-11-23 05:17:40 CHB 1929895?1700687858 第 1 次 等待 3 秒
2023-11-23 05:17:43 CHB 1929895?1700687858 第 1 次 获取到号码【1929895】GSD
2023-11-23 05:17:43 未获取到号码【1929895】GSD，可能号码格式错误
2023-11-23 05:17:43 获取到号码【1929895】的GSD为【-】
2023-11-23 05:17:47 GSD insert 第 1 次 等待 3 秒
2023-11-23 05:17:50 {"status":"bad","gid":"596965","msg":"添加失败！号码【1929895(-|-)】已存在！"}
2023-11-23 05:17:50 随机等待 143 秒，约 2 分钟
2023-11-23 05:17:50 下次操作: 2023-11-23 05:20:13

2023-11-23 05:20:13 开始第 9995 次操作

2023-11-23 05:20:13 开始操作号码 【1929896】
2023-11-23 05:20:16 GSD getOne 第 1 次 等待 3 秒
2023-11-23 05:20:20 查询号码 【1929896】，返回信息 {"status":"ok","msg":"-","gid":"596959","time_insert":"2023-03-17 20:00"}
2023-11-23 05:20:20 查询号码 【1929896】，GSD为【"-"】
2023-11-23 05:20:20 ok && -
2023-11-23 05:20:22 CHB 1929896?1700688020 第 1 次 等待 3 秒
2023-11-23 05:20:25 CHB 1929896?1700688020 第 1 次 获取到号码【1929896】GSD
2023-11-23 05:20:25 未获取到号码【1929896】GSD，可能号码格式错误
2023-11-23 05:20:25 获取到号码【1929896】的GSD为【-】
2023-11-23 05:20:29 GSD insert 第 1 次 等待 3 秒
2023-11-23 05:20:32 {"status":"bad","gid":"596959","msg":"添加失败！号码【1929896(-|-)】已存在！"}
2023-11-23 05:20:32 随机等待 137 秒，约 2 分钟
2023-11-23 05:20:32 下次操作: 2023-11-23 05:22:49

2023-11-23 05:22:49 开始第 9996 次操作

2023-11-23 05:22:49 开始操作号码 【1929897】
2023-11-23 05:22:52 GSD getOne 第 1 次 等待 3 秒
2023-11-23 05:22:55 查询号码 【1929897】，返回信息 {"status":"ok","msg":"-","gid":"596956","time_insert":"2023-03-17 19:57"}
2023-11-23 05:22:55 查询号码 【1929897】，GSD为【"-"】
2023-11-23 05:22:55 ok && -
2023-11-23 05:22:58 CHB 1929897?1700688175 第 1 次 等待 3 秒
2023-11-23 05:23:01 CHB 1929897?1700688175 第 1 次 获取到号码【1929897】GSD
2023-11-23 05:23:01 未获取到号码【1929897】GSD，可能号码格式错误
2023-11-23 05:23:01 获取到号码【1929897】的GSD为【-】
2023-11-23 05:23:05 GSD insert 第 1 次 等待 3 秒
2023-11-23 05:23:08 {"status":"bad","gid":"596956","msg":"添加失败！号码【1929897(-|-)】已存在！"}

2023-11-23 05:37:08 开始第 9997 次操作

2023-11-23 05:37:08 开始操作号码 【1929898】
2023-11-23 05:37:12 GSD getOne 第 1 次 等待 3 秒
2023-11-23 05:37:15 查询号码 【1929898】，返回信息 {"status":"ok","msg":"-","gid":"596953","time_insert":"2023-03-17 19:54"}
2023-11-23 05:37:15 查询号码 【1929898】，GSD为【"-"】
2023-11-23 05:37:15 ok && -
2023-11-23 05:37:18 CHB 1929898?1700689035 第 1 次 等待 3 秒
2023-11-23 05:37:21 CHB 1929898?1700689035 第 1 次 获取到号码【1929898】GSD
2023-11-23 05:37:21 未获取到号码【1929898】GSD，可能号码格式错误
2023-11-23 05:37:21 获取到号码【1929898】的GSD为【-】
2023-11-23 05:37:26 GSD insert 第 1 次 等待 3 秒
2023-11-23 05:37:29 {"status":"bad","gid":"596953","msg":"添加失败！号码【1929898(-|-)】已存在！"}
2023-11-23 05:37:29 随机等待 102 秒，约 1 分钟
2023-11-23 05:37:29 下次操作: 2023-11-23 05:39:11

2023-11-23 05:39:11 开始第 9998 次操作

2023-11-23 05:39:11 开始操作号码 【1929899】
2023-11-23 05:39:15 GSD getOne 第 1 次 等待 3 秒
2023-11-23 05:39:18 查询号码 【1929899】，返回信息 {"status":"ok","msg":"-","gid":"596944","time_insert":"2023-03-17 19:50"}
2023-11-23 05:39:18 查询号码 【1929899】，GSD为【"-"】
2023-11-23 05:39:18 ok && -
2023-11-23 05:39:21 CHB 1929899?1700689158 第 1 次 等待 3 秒
2023-11-23 05:39:24 CHB 1929899?1700689158 第 1 次 获取到号码【1929899】GSD
2023-11-23 05:39:24 未获取到号码【1929899】GSD，可能号码格式错误
2023-11-23 05:39:24 获取到号码【1929899】的GSD为【-】
2023-11-23 05:39:29 GSD insert 第 1 次 等待 3 秒
2023-11-23 05:39:32 {"status":"bad","gid":"596944","msg":"添加失败！号码【1929899(-|-)】已存在！"}
2023-11-23 05:39:32 随机等待 110 秒，约 1 分钟
2023-11-23 05:39:32 下次操作: 2023-11-23 05:41:22

2023-11-23 05:41:22 开始第 9999 次操作

2023-11-23 05:41:22 开始操作号码 【1929900】
2023-11-23 05:41:25 GSD getOne 第 1 次 等待 3 秒
2023-11-23 05:41:28 查询号码 【1929900】，返回信息 {"status":"ok","msg":"-","gid":"596939","time_insert":"2023-03-17 19:47"}
2023-11-23 05:41:28 查询号码 【1929900】，GSD为【"-"】
2023-11-23 05:41:28 ok && -
2023-11-23 05:41:31 CHB 1929900?1700689288 第 1 次 等待 3 秒
2023-11-23 05:41:34 CHB 1929900?1700689288 第 1 次 获取到号码【1929900】GSD
2023-11-23 05:41:34 未获取到号码【1929900】GSD，可能号码格式错误
2023-11-23 05:41:34 获取到号码【1929900】的GSD为【-】
2023-11-23 05:41:38 GSD insert 第 1 次 等待 3 秒
2023-11-23 05:41:41 {"status":"bad","gid":"596939","msg":"添加失败！号码【1929900(-|-)】已存在！"}
2023-11-23 05:41:41 随机等待 93 秒，约 1 分钟
2023-11-23 05:41:41 下次操作: 2023-11-23 05:43:14

2023-11-23 05:43:14 开始第 10000 次操作

2023-11-23 05:43:14 开始操作号码 【1929901】
2023-11-23 05:43:19 GSD getOne 第 1 次 等待 3 秒
2023-11-23 05:43:22 查询号码 【1929901】，返回信息 {"status":"ok","msg":"-","gid":"596936","time_insert":"2023-03-17 19:46"}
2023-11-23 05:43:22 查询号码 【1929901】，GSD为【"-"】
2023-11-23 05:43:22 ok && -
2023-11-23 05:43:25 CHB 1929901?1700689402 第 1 次 等待 3 秒
2023-11-23 05:43:28 CHB 1929901?1700689402 第 1 次 获取到号码【1929901】GSD
2023-11-23 05:43:28 未获取到号码【1929901】GSD，可能号码格式错误
2023-11-23 05:43:28 获取到号码【1929901】的GSD为【-】
2023-11-23 05:43:31 GSD insert 第 1 次 等待 3 秒
2023-11-23 05:43:34 {"status":"bad","gid":"596936","msg":"添加失败！号码【1929901(-|-)】已存在！"}

2023-11-23 06:37:25 开始第 1 次操作

2023-11-23 06:37:25 开始操作号码 【1929902】
2023-11-23 06:37:29 GSD getOne 第 1 次 等待 3 秒
2023-11-23 06:37:32 查询号码 【1929902】，返回信息 {"status":"ok","msg":"-","gid":"596933","time_insert":"2023-03-17 19:44"}
2023-11-23 06:37:32 查询号码 【1929902】，GSD为【"-"】
2023-11-23 06:37:32 ok && -
2023-11-23 06:37:34 CHB 1929902?1700692652 第 1 次 等待 3 秒
2023-11-23 06:37:37 CHB 1929902?1700692652 第 1 次 获取到号码【1929902】GSD
2023-11-23 06:37:37 未获取到号码【1929902】GSD，可能号码格式错误
2023-11-23 06:37:37 获取到号码【1929902】的GSD为【-】
2023-11-23 06:37:40 GSD insert 第 1 次 等待 3 秒
2023-11-23 06:37:43 {"status":"bad","gid":"596933","msg":"添加失败！号码【1929902(-|-)】已存在！"}
2023-11-23 06:37:43 随机等待 77 秒，约 1 分钟
2023-11-23 06:37:43 下次操作: 2023-11-23 06:39:00

2023-11-23 06:39:00 开始第 2 次操作

2023-11-23 06:39:00 开始操作号码 【1929903】
2023-11-23 06:39:04 GSD getOne 第 1 次 等待 3 秒
2023-11-23 06:39:07 查询号码 【1929903】，返回信息 {"status":"ok","msg":"-","gid":"596929","time_insert":"2023-03-17 19:42"}
2023-11-23 06:39:07 查询号码 【1929903】，GSD为【"-"】
2023-11-23 06:39:07 ok && -
2023-11-23 06:39:08 CHB 1929903?1700692747 第 1 次 等待 3 秒
2023-11-23 06:39:11 CHB 1929903?1700692747 第 1 次 获取到号码【1929903】GSD
2023-11-23 06:39:11 未获取到号码【1929903】GSD，可能号码格式错误
2023-11-23 06:39:11 获取到号码【1929903】的GSD为【-】
2023-11-23 06:39:14 GSD insert 第 1 次 等待 3 秒
2023-11-23 06:39:17 {"status":"bad","gid":"596929","msg":"添加失败！号码【1929903(-|-)】已存在！"}
2023-11-23 06:39:17 随机等待 152 秒，约 2 分钟
2023-11-23 06:39:17 下次操作: 2023-11-23 06:41:49

2023-11-23 06:41:49 开始第 3 次操作

2023-11-23 06:41:49 开始操作号码 【1929904】
2023-11-23 06:41:53 GSD getOne 第 1 次 等待 3 秒
2023-11-23 06:41:56 查询号码 【1929904】，返回信息 {"status":"ok","msg":"-","gid":"596926","time_insert":"2023-03-17 19:40"}
2023-11-23 06:41:56 查询号码 【1929904】，GSD为【"-"】
2023-11-23 06:41:56 ok && -
2023-11-23 06:41:58 CHB 1929904?1700692916 第 1 次 等待 3 秒
2023-11-23 06:42:01 CHB 1929904?1700692916 第 1 次 获取到号码【1929904】GSD
2023-11-23 06:42:01 未获取到号码【1929904】GSD，可能号码格式错误
2023-11-23 06:42:01 获取到号码【1929904】的GSD为【-】
2023-11-23 06:42:04 GSD insert 第 1 次 等待 3 秒
2023-11-23 06:42:07 {"status":"bad","gid":"596926","msg":"添加失败！号码【1929904(-|-)】已存在！"}
2023-11-23 06:42:07 随机等待 184 秒，约 3 分钟
2023-11-23 06:42:07 下次操作: 2023-11-23 06:45:11

2023-11-23 06:45:11 开始第 4 次操作

2023-11-23 06:45:11 开始操作号码 【1929905】
2023-11-23 06:45:15 GSD getOne 第 1 次 等待 3 秒
2023-11-23 06:45:18 查询号码 【1929905】，返回信息 {"status":"ok","msg":"-","gid":"596922","time_insert":"2023-03-17 19:37"}
2023-11-23 06:45:18 查询号码 【1929905】，GSD为【"-"】
2023-11-23 06:45:18 ok && -
2023-11-23 06:45:20 CHB 1929905?1700693118 第 1 次 等待 3 秒
2023-11-23 06:45:23 CHB 1929905?1700693118 第 1 次 获取到号码【1929905】GSD
2023-11-23 06:45:23 未获取到号码【1929905】GSD，可能号码格式错误
2023-11-23 06:45:23 获取到号码【1929905】的GSD为【-】
2023-11-23 06:45:26 GSD insert 第 1 次 等待 3 秒
2023-11-23 06:45:29 {"status":"bad","gid":"596922","msg":"添加失败！号码【1929905(-|-)】已存在！"}

2023-11-23 07:16:21 开始第 5 次操作

2023-11-23 07:16:21 开始操作号码 【1929906】
2023-11-23 07:16:27 GSD getOne 第 1 次 等待 3 秒
2023-11-23 07:16:30 查询号码 【1929906】，返回信息 {"status":"ok","msg":"-","gid":"596918","time_insert":"2023-03-17 19:35"}
2023-11-23 07:16:30 查询号码 【1929906】，GSD为【"-"】
2023-11-23 07:16:30 ok && -
2023-11-23 07:16:32 CHB 1929906?1700694990 第 1 次 等待 3 秒
2023-11-23 07:16:35 CHB 1929906?1700694990 第 1 次 获取到号码【1929906】GSD
2023-11-23 07:16:36 未获取到号码【1929906】GSD，可能号码格式错误
2023-11-23 07:16:36 获取到号码【1929906】的GSD为【-】
2023-11-23 07:16:39 GSD insert 第 1 次 等待 3 秒
2023-11-23 07:16:42 {"status":"bad","gid":"596918","msg":"添加失败！号码【1929906(-|-)】已存在！"}
2023-11-23 07:16:42 随机等待 126 秒，约 2 分钟
2023-11-23 07:16:42 下次操作: 2023-11-23 07:18:48

2023-11-23 07:18:48 开始第 6 次操作

2023-11-23 07:18:48 开始操作号码 【1929907】
2023-11-23 07:18:51 GSD getOne 第 1 次 等待 3 秒
2023-11-23 07:18:54 查询号码 【1929907】，返回信息 {"status":"ok","msg":"-","gid":"596910","time_insert":"2023-03-17 19:31"}
2023-11-23 07:18:55 查询号码 【1929907】，GSD为【"-"】
2023-11-23 07:18:55 ok && -
2023-11-23 07:18:57 CHB 1929907?1700695135 第 1 次 等待 3 秒
2023-11-23 07:19:00 CHB 1929907?1700695135 第 1 次 获取到号码【1929907】GSD
2023-11-23 07:19:00 未获取到号码【1929907】GSD，可能号码格式错误
2023-11-23 07:19:00 获取到号码【1929907】的GSD为【-】
2023-11-23 07:19:04 GSD insert 第 1 次 等待 3 秒
2023-11-23 07:19:07 {"status":"bad","gid":"596910","msg":"添加失败！号码【1929907(-|-)】已存在！"}
2023-11-23 07:19:07 随机等待 205 秒，约 3 分钟
2023-11-23 07:19:07 下次操作: 2023-11-23 07:22:32

2023-11-23 07:22:32 开始第 7 次操作

2023-11-23 07:22:32 开始操作号码 【1929908】
2023-11-23 07:22:35 GSD getOne 第 1 次 等待 3 秒
2023-11-23 07:22:38 查询号码 【1929908】，返回信息 {"status":"ok","msg":"-","gid":"596907","time_insert":"2023-03-17 19:29"}
2023-11-23 07:22:38 查询号码 【1929908】，GSD为【"-"】
2023-11-23 07:22:38 ok && -
2023-11-23 07:22:41 CHB 1929908?1700695358 第 1 次 等待 3 秒
2023-11-23 07:22:44 CHB 1929908?1700695358 第 1 次 获取到号码【1929908】GSD
2023-11-23 07:22:44 未获取到号码【1929908】GSD，可能号码格式错误
2023-11-23 07:22:44 获取到号码【1929908】的GSD为【-】
2023-11-23 07:22:49 GSD insert 第 1 次 等待 3 秒
2023-11-23 07:22:52 {"status":"bad","gid":"596907","msg":"添加失败！号码【1929908(-|-)】已存在！"}
2023-11-23 07:22:52 随机等待 180 秒，约 3 分钟
2023-11-23 07:22:52 下次操作: 2023-11-23 07:25:52

2023-11-23 07:25:52 开始第 8 次操作

2023-11-23 07:25:52 开始操作号码 【1929909】
2023-11-23 07:25:56 GSD getOne 第 1 次 等待 3 秒
2023-11-23 07:25:59 查询号码 【1929909】，返回信息 {"status":"ok","msg":"-","gid":"596904","time_insert":"2023-03-17 19:27"}
2023-11-23 07:25:59 查询号码 【1929909】，GSD为【"-"】
2023-11-23 07:25:59 ok && -
2023-11-23 07:26:02 CHB 1929909?1700695559 第 1 次 等待 3 秒
2023-11-23 07:26:05 CHB 1929909?1700695559 第 1 次 获取到号码【1929909】GSD
2023-11-23 07:26:05 未获取到号码【1929909】GSD，可能号码格式错误
2023-11-23 07:26:05 获取到号码【1929909】的GSD为【-】
2023-11-23 07:26:09 GSD insert 第 1 次 等待 3 秒
2023-11-23 07:26:12 {"status":"bad","gid":"596904","msg":"添加失败！号码【1929909(-|-)】已存在！"}

2023-11-23 07:37:25 开始第 9 次操作

2023-11-23 07:37:25 开始操作号码 【1929910】
2023-11-23 07:37:30 GSD getOne 第 1 次 等待 3 秒
2023-11-23 07:37:33 查询号码 【1929910】，返回信息 {"status":"ok","msg":"-","gid":"596898","time_insert":"2023-03-17 19:25"}
2023-11-23 07:37:33 查询号码 【1929910】，GSD为【"-"】
2023-11-23 07:37:33 ok && -
2023-11-23 07:37:36 CHB 1929910?1700696253 第 1 次 等待 3 秒
2023-11-23 07:37:39 CHB 1929910?1700696253 第 1 次 获取到号码【1929910】GSD
2023-11-23 07:37:39 0: 陕西-咸阳
2023-11-23 07:37:39 获取到号码【1929910】的GSD为【陕西-咸阳】
2023-11-23 07:37:45 GSD insert 第 1 次 等待 3 秒
2023-11-23 07:37:48 {"status":"ok","gid":"596898","msg":"添加号码已存在，但为‘-’，修改为【陕西-咸阳】成功！"}
2023-11-23 07:37:48 随机等待 73 秒，约 1 分钟
2023-11-23 07:37:48 下次操作: 2023-11-23 07:39:01

2023-11-23 07:39:01 开始第 10 次操作

2023-11-23 07:39:01 开始操作号码 【1929911】
2023-11-23 07:39:04 GSD getOne 第 1 次 等待 3 秒
2023-11-23 07:39:07 查询号码 【1929911】，返回信息 {"status":"ok","msg":"-","gid":"596890","time_insert":"2023-03-17 19:17"}
2023-11-23 07:39:07 查询号码 【1929911】，GSD为【"-"】
2023-11-23 07:39:07 ok && -
2023-11-23 07:39:10 CHB 1929911?1700696347 第 1 次 等待 3 秒
2023-11-23 07:39:13 CHB 1929911?1700696347 第 1 次 获取到号码【1929911】GSD
2023-11-23 07:39:13 0: 陕西-延安
2023-11-23 07:39:13 获取到号码【1929911】的GSD为【陕西-延安】
2023-11-23 07:39:19 GSD insert 第 1 次 等待 3 秒
2023-11-23 07:39:22 {"status":"ok","gid":"596890","msg":"添加号码已存在，但为‘-’，修改为【陕西-延安】成功！"}
2023-11-23 07:39:22 随机等待 214 秒，约 3 分钟
2023-11-23 07:39:22 下次操作: 2023-11-23 07:42:56

2023-11-23 07:42:56 开始第 11 次操作

2023-11-23 07:42:56 开始操作号码 【1929912】
2023-11-23 07:43:00 GSD getOne 第 1 次 等待 3 秒
2023-11-23 07:43:03 查询号码 【1929912】，返回信息 {"status":"ok","msg":"-","gid":"596884","time_insert":"2023-03-17 19:15"}
2023-11-23 07:43:03 查询号码 【1929912】，GSD为【"-"】
2023-11-23 07:43:03 ok && -
2023-11-23 07:43:05 CHB 1929912?1700696583 第 1 次 等待 3 秒
2023-11-23 07:43:08 CHB 1929912?1700696583 第 1 次 获取到号码【1929912】GSD
2023-11-23 07:43:08 0: 陕西-榆林
2023-11-23 07:43:08 获取到号码【1929912】的GSD为【陕西-榆林】
2023-11-23 07:43:14 GSD insert 第 1 次 等待 3 秒
2023-11-23 07:43:18 {"status":"ok","gid":"596884","msg":"添加号码已存在，但为‘-’，修改为【陕西-榆林】成功！"}
2023-11-23 07:43:18 随机等待 119 秒，约 1 分钟
2023-11-23 07:43:18 下次操作: 2023-11-23 07:45:17

2023-11-23 07:45:17 开始第 12 次操作

2023-11-23 07:45:17 开始操作号码 【1929913】
2023-11-23 07:45:20 GSD getOne 第 1 次 等待 3 秒
2023-11-23 07:45:23 查询号码 【1929913】，返回信息 {"status":"ok","msg":"-","gid":"596881","time_insert":"2023-03-17 19:13"}
2023-11-23 07:45:23 查询号码 【1929913】，GSD为【"-"】
2023-11-23 07:45:23 ok && -
2023-11-23 07:45:26 CHB 1929913?1700696723 第 1 次 等待 3 秒
2023-11-23 07:45:29 CHB 1929913?1700696723 第 1 次 获取到号码【1929913】GSD
2023-11-23 07:45:29 0: 陕西-渭南
2023-11-23 07:45:29 获取到号码【1929913】的GSD为【陕西-渭南】
2023-11-23 07:45:34 GSD insert 第 1 次 等待 3 秒
2023-11-23 07:45:37 {"status":"ok","gid":"596881","msg":"添加号码已存在，但为‘-’，修改为【陕西-渭南】成功！"}

2023-11-23 09:14:02 开始第 13 次操作

2023-11-23 09:14:02 开始操作号码 【1929914】
2023-11-23 09:14:06 GSD getOne 第 1 次 等待 3 秒
2023-11-23 09:14:09 查询号码 【1929914】，返回信息 {"status":"ok","msg":"-","gid":"596879","time_insert":"2023-03-17 19:11"}
2023-11-23 09:14:09 查询号码 【1929914】，GSD为【"-"】
2023-11-23 09:14:09 ok && -
2023-11-23 09:14:12 CHB 1929914?1700702049 第 1 次 等待 3 秒
2023-11-23 09:14:15 CHB 1929914?1700702049 第 1 次 获取到号码【1929914】GSD
2023-11-23 09:14:15 0: 陕西-商洛
2023-11-23 09:14:15 获取到号码【1929914】的GSD为【陕西-商洛】
2023-11-23 09:14:20 GSD insert 第 1 次 等待 3 秒
2023-11-23 09:14:23 {"status":"ok","gid":"596879","msg":"添加号码已存在，但为‘-’，修改为【陕西-商洛】成功！"}
2023-11-23 09:14:23 随机等待 215 秒，约 3 分钟
2023-11-23 09:14:23 下次操作: 2023-11-23 09:17:58

2023-11-23 09:17:58 开始第 14 次操作

2023-11-23 09:17:58 开始操作号码 【1929915】
2023-11-23 09:18:02 GSD getOne 第 1 次 等待 3 秒
2023-11-23 09:18:05 查询号码 【1929915】，返回信息 {"status":"ok","msg":"-","gid":"596868","time_insert":"2023-03-17 19:01"}
2023-11-23 09:18:05 查询号码 【1929915】，GSD为【"-"】
2023-11-23 09:18:05 ok && -
2023-11-23 09:18:08 CHB 1929915?1700702285 第 1 次 等待 3 秒
2023-11-23 09:18:11 CHB 1929915?1700702285 第 1 次 获取到号码【1929915】GSD
2023-11-23 09:18:11 0: 陕西-安康
2023-11-23 09:18:11 获取到号码【1929915】的GSD为【陕西-安康】
2023-11-23 09:18:17 GSD insert 第 1 次 等待 3 秒
2023-11-23 09:18:20 {"status":"ok","gid":"596868","msg":"添加号码已存在，但为‘-’，修改为【陕西-安康】成功！"}
2023-11-23 09:18:20 随机等待 166 秒，约 2 分钟
2023-11-23 09:18:20 下次操作: 2023-11-23 09:21:06

2023-11-23 09:21:06 开始第 15 次操作

2023-11-23 09:21:06 开始操作号码 【1929916】
2023-11-23 09:21:10 GSD getOne 第 1 次 等待 3 秒
2023-11-23 09:21:13 查询号码 【1929916】，返回信息 {"status":"ok","msg":"-","gid":"596863","time_insert":"2023-03-17 18:58"}
2023-11-23 09:21:13 查询号码 【1929916】，GSD为【"-"】
2023-11-23 09:21:13 ok && -
2023-11-23 09:21:15 CHB 1929916?1700702473 第 1 次 等待 3 秒
2023-11-23 09:21:18 CHB 1929916?1700702473 第 1 次 获取到号码【1929916】GSD
2023-11-23 09:21:18 0: 陕西-汉中
2023-11-23 09:21:18 获取到号码【1929916】的GSD为【陕西-汉中】
2023-11-23 09:21:23 GSD insert 第 1 次 等待 3 秒
2023-11-23 09:21:26 {"status":"ok","gid":"596863","msg":"添加号码已存在，但为‘-’，修改为【陕西-汉中】成功！"}
2023-11-23 09:21:26 随机等待 159 秒，约 2 分钟
2023-11-23 09:21:26 下次操作: 2023-11-23 09:24:05

2023-11-23 09:24:05 开始第 16 次操作

2023-11-23 09:24:05 开始操作号码 【1929917】
2023-11-23 09:24:09 GSD getOne 第 1 次 等待 3 秒
2023-11-23 09:24:12 查询号码 【1929917】，返回信息 {"status":"ok","msg":"-","gid":"596858","time_insert":"2023-03-17 18:56"}
2023-11-23 09:24:12 查询号码 【1929917】，GSD为【"-"】
2023-11-23 09:24:12 ok && -
2023-11-23 09:24:14 CHB 1929917?1700702652 第 1 次 等待 3 秒
2023-11-23 09:24:17 CHB 1929917?1700702652 第 1 次 获取到号码【1929917】GSD
2023-11-23 09:24:17 0: 陕西-宝鸡
2023-11-23 09:24:17 获取到号码【1929917】的GSD为【陕西-宝鸡】
2023-11-23 09:24:23 GSD insert 第 1 次 等待 3 秒
2023-11-23 09:24:26 {"status":"ok","gid":"596858","msg":"添加号码已存在，但为‘-’，修改为【陕西-宝鸡】成功！"}

2023-11-23 10:09:23 开始第 17 次操作

2023-11-23 10:09:23 开始操作号码 【1929918】
2023-11-23 10:09:28 GSD getOne 第 1 次 等待 3 秒
2023-11-23 10:09:31 查询号码 【1929918】，返回信息 {"status":"ok","msg":"-","gid":"596852","time_insert":"2023-03-17 18:54"}
2023-11-23 10:09:31 查询号码 【1929918】，GSD为【"-"】
2023-11-23 10:09:31 ok && -
2023-11-23 10:09:34 CHB 1929918?1700705371 第 1 次 等待 3 秒
2023-11-23 10:09:37 CHB 1929918?1700705371 第 1 次 获取到号码【1929918】GSD
2023-11-23 10:09:37 0: 陕西-商洛
2023-11-23 10:09:37 获取到号码【1929918】的GSD为【陕西-商洛】
2023-11-23 10:09:44 GSD insert 第 1 次 等待 3 秒
2023-11-23 10:09:47 {"status":"ok","gid":"596852","msg":"添加号码已存在，但为‘-’，修改为【陕西-商洛】成功！"}
2023-11-23 10:09:47 随机等待 195 秒，约 3 分钟
2023-11-23 10:09:47 下次操作: 2023-11-23 10:13:02

2023-11-23 10:13:02 开始第 18 次操作

2023-11-23 10:13:02 开始操作号码 【1929919】
2023-11-23 10:13:06 GSD getOne 第 1 次 等待 3 秒
2023-11-23 10:13:09 查询号码 【1929919】，返回信息 {"status":"ok","msg":"-","gid":"596848","time_insert":"2023-03-17 18:50"}
2023-11-23 10:13:09 查询号码 【1929919】，GSD为【"-"】
2023-11-23 10:13:09 ok && -
2023-11-23 10:13:11 CHB 1929919?1700705589 第 1 次 等待 3 秒
2023-11-23 10:13:14 CHB 1929919?1700705589 第 1 次 获取到号码【1929919】GSD
2023-11-23 10:13:14 0: 陕西-铜川
2023-11-23 10:13:14 获取到号码【1929919】的GSD为【陕西-铜川】
2023-11-23 10:13:20 GSD insert 第 1 次 等待 3 秒
2023-11-23 10:13:23 {"status":"ok","gid":"596848","msg":"添加号码已存在，但为‘-’，修改为【陕西-铜川】成功！"}
2023-11-23 10:13:23 随机等待 203 秒，约 3 分钟
2023-11-23 10:13:23 下次操作: 2023-11-23 10:16:46

2023-11-23 10:16:46 开始第 19 次操作

2023-11-23 10:16:46 开始操作号码 【1929920】
2023-11-23 10:16:50 GSD getOne 第 1 次 等待 3 秒
2023-11-23 10:16:53 查询号码 【1929920】，返回信息 {"status":"ok","msg":"-","gid":"596842","time_insert":"2023-03-17 18:48"}
2023-11-23 10:16:53 查询号码 【1929920】，GSD为【"-"】
2023-11-23 10:16:53 ok && -
2023-11-23 10:16:55 CHB 1929920?1700705813 第 1 次 等待 3 秒
2023-11-23 10:16:58 CHB 1929920?1700705813 第 1 次 获取到号码【1929920】GSD
2023-11-23 10:16:58 获取到号码【1929920】的GSD为【上海-上海】
2023-11-23 10:17:03 GSD insert 第 1 次 等待 3 秒
2023-11-23 10:17:06 {"status":"ok","gid":"596842","msg":"添加号码已存在，但为‘-’，修改为【上海-上海】成功！"}
2023-11-23 10:17:06 随机等待 149 秒，约 2 分钟
2023-11-23 10:17:06 下次操作: 2023-11-23 10:19:35

2023-11-23 10:19:35 开始第 20 次操作

2023-11-23 10:19:35 开始操作号码 【1929921】
2023-11-23 10:19:39 GSD getOne 第 1 次 等待 3 秒
2023-11-23 10:19:42 查询号码 【1929921】，返回信息 {"status":"ok","msg":"-","gid":"596837","time_insert":"2023-03-17 18:46"}
2023-11-23 10:19:42 查询号码 【1929921】，GSD为【"-"】
2023-11-23 10:19:42 ok && -
2023-11-23 10:19:45 CHB 1929921?1700705982 第 1 次 等待 3 秒
2023-11-23 10:19:48 CHB 1929921?1700705982 第 1 次 获取到号码【1929921】GSD
2023-11-23 10:19:48 获取到号码【1929921】的GSD为【上海-上海】
2023-11-23 10:19:53 GSD insert 第 1 次 等待 3 秒
2023-11-23 10:19:56 {"status":"ok","gid":"596837","msg":"添加号码已存在，但为‘-’，修改为【上海-上海】成功！"}

2023-11-23 10:40:45 开始第 21 次操作

2023-11-23 10:40:45 开始操作号码 【1929922】
2023-11-23 10:40:51 GSD getOne 第 1 次 等待 3 秒
2023-11-23 10:40:54 查询号码 【1929922】，返回信息 {"status":"ok","msg":"-","gid":"596835","time_insert":"2023-03-17 18:44"}
2023-11-23 10:40:54 查询号码 【1929922】，GSD为【"-"】
2023-11-23 10:40:54 ok && -
2023-11-23 10:40:57 CHB 1929922?1700707254 第 1 次 等待 3 秒
2023-11-23 10:41:00 CHB 1929922?1700707254 第 1 次 获取到号码【1929922】GSD
2023-11-23 10:41:00 获取到号码【1929922】的GSD为【上海-上海】
2023-11-23 10:41:06 GSD insert 第 1 次 等待 3 秒
2023-11-23 10:41:09 {"status":"ok","gid":"596835","msg":"添加号码已存在，但为‘-’，修改为【上海-上海】成功！"}
2023-11-23 10:41:09 随机等待 225 秒，约 3 分钟
2023-11-23 10:41:09 下次操作: 2023-11-23 10:44:54

2023-11-23 10:44:54 开始第 22 次操作

2023-11-23 10:44:54 开始操作号码 【1929923】
2023-11-23 10:44:58 GSD getOne 第 1 次 等待 3 秒
2023-11-23 10:45:01 查询号码 【1929923】，返回信息 {"status":"ok","msg":"-","gid":"596830","time_insert":"2023-03-17 18:39"}
2023-11-23 10:45:01 查询号码 【1929923】，GSD为【"-"】
2023-11-23 10:45:01 ok && -
2023-11-23 10:45:04 CHB 1929923?1700707501 第 1 次 等待 3 秒
2023-11-23 10:45:07 CHB 1929923?1700707501 第 1 次 获取到号码【1929923】GSD
2023-11-23 10:45:07 获取到号码【1929923】的GSD为【上海-上海】
2023-11-23 10:45:12 GSD insert 第 1 次 等待 3 秒
2023-11-23 10:45:15 {"status":"ok","gid":"596830","msg":"添加号码已存在，但为‘-’，修改为【上海-上海】成功！"}
2023-11-23 10:45:15 随机等待 79 秒，约 1 分钟
2023-11-23 10:45:15 下次操作: 2023-11-23 10:46:34

2023-11-23 10:46:34 开始第 23 次操作

2023-11-23 10:46:34 开始操作号码 【1929924】
2023-11-23 10:46:38 GSD getOne 第 1 次 等待 3 秒
2023-11-23 10:46:41 查询号码 【1929924】，返回信息 {"status":"ok","msg":"-","gid":"596828","time_insert":"2023-03-17 18:37"}
2023-11-23 10:46:41 查询号码 【1929924】，GSD为【"-"】
2023-11-23 10:46:41 ok && -
2023-11-23 10:46:43 CHB 1929924?1700707601 第 1 次 等待 3 秒
2023-11-23 10:46:46 CHB 1929924?1700707601 第 1 次 获取到号码【1929924】GSD
2023-11-23 10:46:46 获取到号码【1929924】的GSD为【上海-上海】
2023-11-23 10:46:52 GSD insert 第 1 次 等待 3 秒
2023-11-23 10:46:55 {"status":"ok","gid":"596828","msg":"添加号码已存在，但为‘-’，修改为【上海-上海】成功！"}
2023-11-23 10:46:55 随机等待 82 秒，约 1 分钟
2023-11-23 10:46:55 下次操作: 2023-11-23 10:48:17

2023-11-23 10:48:17 开始第 24 次操作

2023-11-23 10:48:17 开始操作号码 【1929925】
2023-11-23 10:48:21 GSD getOne 第 1 次 等待 3 秒
2023-11-23 10:48:24 查询号码 【1929925】，返回信息 {"status":"ok","msg":"-","gid":"596820","time_insert":"2023-03-17 18:35"}
2023-11-23 10:48:24 查询号码 【1929925】，GSD为【"-"】
2023-11-23 10:48:24 ok && -
2023-11-23 10:48:26 CHB 1929925?1700707704 第 1 次 等待 3 秒
2023-11-23 10:48:29 CHB 1929925?1700707704 第 1 次 获取到号码【1929925】GSD
2023-11-23 10:48:29 获取到号码【1929925】的GSD为【上海-上海】
2023-11-23 10:48:35 GSD insert 第 1 次 等待 3 秒
2023-11-23 10:48:38 {"status":"ok","gid":"596820","msg":"添加号码已存在，但为‘-’，修改为【上海-上海】成功！"}

2023-11-23 11:17:12 开始第 25 次操作

2023-11-23 11:17:12 开始操作号码 【1929926】
2023-11-23 11:17:16 GSD getOne 第 1 次 等待 3 秒
2023-11-23 11:17:19 查询号码 【1929926】，返回信息 {"status":"ok","msg":"-","gid":"596814","time_insert":"2023-03-17 18:32"}
2023-11-23 11:17:19 查询号码 【1929926】，GSD为【"-"】
2023-11-23 11:17:19 ok && -
2023-11-23 11:17:23 CHB 1929926?1700709439 第 1 次 等待 3 秒
2023-11-23 11:17:26 CHB 1929926?1700709439 第 1 次 获取到号码【1929926】GSD
2023-11-23 11:17:26 获取到号码【1929926】的GSD为【上海-上海】
2023-11-23 11:17:32 GSD insert 第 1 次 等待 3 秒
2023-11-23 11:17:35 {"status":"ok","gid":"596814","msg":"添加号码已存在，但为‘-’，修改为【上海-上海】成功！"}
2023-11-23 11:17:35 随机等待 81 秒，约 1 分钟
2023-11-23 11:17:35 下次操作: 2023-11-23 11:18:56

2023-11-23 11:18:56 开始第 26 次操作

2023-11-23 11:18:56 开始操作号码 【1929927】
2023-11-23 11:18:59 GSD getOne 第 1 次 等待 3 秒
2023-11-23 11:19:02 查询号码 【1929927】，返回信息 {"status":"ok","msg":"-","gid":"596804","time_insert":"2023-03-17 18:23"}
2023-11-23 11:19:03 查询号码 【1929927】，GSD为【"-"】
2023-11-23 11:19:03 ok && -
2023-11-23 11:19:06 CHB 1929927?1700709543 第 1 次 等待 3 秒
2023-11-23 11:19:09 CHB 1929927?1700709543 第 1 次 获取到号码【1929927】GSD
2023-11-23 11:19:09 获取到号码【1929927】的GSD为【上海-上海】
2023-11-23 11:19:15 GSD insert 第 1 次 等待 3 秒
2023-11-23 11:19:18 {"status":"ok","gid":"596804","msg":"添加号码已存在，但为‘-’，修改为【上海-上海】成功！"}
2023-11-23 11:19:18 随机等待 93 秒，约 1 分钟
2023-11-23 11:19:18 下次操作: 2023-11-23 11:20:51

2023-11-23 11:20:51 开始第 27 次操作

2023-11-23 11:20:51 开始操作号码 【1929928】
2023-11-23 11:20:55 GSD getOne 第 1 次 等待 3 秒
2023-11-23 11:20:58 查询号码 【1929928】，返回信息 {"status":"ok","msg":"-","gid":"596802","time_insert":"2023-03-17 18:20"}
2023-11-23 11:20:58 查询号码 【1929928】，GSD为【"-"】
2023-11-23 11:20:58 ok && -
2023-11-23 11:21:01 CHB 1929928?1700709658 第 1 次 等待 3 秒
2023-11-23 11:21:04 CHB 1929928?1700709658 第 1 次 获取到号码【1929928】GSD
2023-11-23 11:21:04 获取到号码【1929928】的GSD为【上海-上海】
2023-11-23 11:21:09 GSD insert 第 1 次 等待 3 秒
2023-11-23 11:21:12 {"status":"ok","gid":"596802","msg":"添加号码已存在，但为‘-’，修改为【上海-上海】成功！"}
2023-11-23 11:21:12 随机等待 140 秒，约 2 分钟
2023-11-23 11:21:12 下次操作: 2023-11-23 11:23:32

2023-11-23 11:23:32 开始第 28 次操作

2023-11-23 11:23:32 开始操作号码 【1929929】
2023-11-23 11:23:37 GSD getOne 第 1 次 等待 3 秒
2023-11-23 11:23:40 查询号码 【1929929】，返回信息 {"status":"ok","msg":"-","gid":"596799","time_insert":"2023-03-17 18:18"}
2023-11-23 11:23:40 查询号码 【1929929】，GSD为【"-"】
2023-11-23 11:23:40 ok && -
2023-11-23 11:23:43 CHB 1929929?1700709820 第 1 次 等待 3 秒
2023-11-23 11:23:46 CHB 1929929?1700709820 第 1 次 获取到号码【1929929】GSD
2023-11-23 11:23:46 获取到号码【1929929】的GSD为【上海-上海】
2023-11-23 11:23:51 GSD insert 第 1 次 等待 3 秒
2023-11-23 11:23:54 {"status":"ok","gid":"596799","msg":"添加号码已存在，但为‘-’，修改为【上海-上海】成功！"}

2023-11-23 11:37:28 开始第 29 次操作

2023-11-23 11:37:28 开始操作号码 【1929930】
2023-11-23 11:37:32 GSD getOne 第 1 次 等待 3 秒
2023-11-23 11:37:35 查询号码 【1929930】，返回信息 {"status":"ok","msg":"-","gid":"596794","time_insert":"2023-03-17 18:16"}
2023-11-23 11:37:35 查询号码 【1929930】，GSD为【"-"】
2023-11-23 11:37:35 ok && -
2023-11-23 11:37:37 CHB 1929930?1700710655 第 1 次 等待 3 秒
2023-11-23 11:37:40 CHB 1929930?1700710655 第 1 次 获取到号码【1929930】GSD
2023-11-23 11:37:40 0: 陕西-咸阳
2023-11-23 11:37:40 获取到号码【1929930】的GSD为【陕西-咸阳】
2023-11-23 11:37:45 GSD insert 第 1 次 等待 3 秒
2023-11-23 11:37:48 {"status":"ok","gid":"596794","msg":"添加号码已存在，但为‘-’，修改为【陕西-咸阳】成功！"}
2023-11-23 11:37:48 随机等待 116 秒，约 1 分钟
2023-11-23 11:37:48 下次操作: 2023-11-23 11:39:44

2023-11-23 11:39:44 开始第 30 次操作

2023-11-23 11:39:44 开始操作号码 【1929931】
2023-11-23 11:39:48 GSD getOne 第 1 次 等待 3 秒
2023-11-23 11:39:51 查询号码 【1929931】，返回信息 {"status":"ok","msg":"-","gid":"596777","time_insert":"2023-03-17 18:03"}
2023-11-23 11:39:51 查询号码 【1929931】，GSD为【"-"】
2023-11-23 11:39:51 ok && -
2023-11-23 11:39:52 CHB 1929931?1700710791 第 1 次 等待 3 秒
2023-11-23 11:39:55 CHB 1929931?1700710791 第 1 次 获取到号码【1929931】GSD
2023-11-23 11:39:55 0: 陕西-延安
2023-11-23 11:39:55 获取到号码【1929931】的GSD为【陕西-延安】
2023-11-23 11:40:01 GSD insert 第 1 次 等待 3 秒
2023-11-23 11:40:04 {"status":"ok","gid":"596777","msg":"添加号码已存在，但为‘-’，修改为【陕西-延安】成功！"}
2023-11-23 11:40:04 随机等待 123 秒，约 2 分钟
2023-11-23 11:40:04 下次操作: 2023-11-23 11:42:07

2023-11-23 11:42:07 开始第 31 次操作

2023-11-23 11:42:07 开始操作号码 【1929932】
2023-11-23 11:42:10 GSD getOne 第 1 次 等待 3 秒
2023-11-23 11:42:13 查询号码 【1929932】，返回信息 {"status":"ok","msg":"-","gid":"596773","time_insert":"2023-03-17 18:01"}
2023-11-23 11:42:13 查询号码 【1929932】，GSD为【"-"】
2023-11-23 11:42:13 ok && -
2023-11-23 11:42:15 CHB 1929932?1700710933 第 1 次 等待 3 秒
2023-11-23 11:42:18 CHB 1929932?1700710933 第 1 次 获取到号码【1929932】GSD
2023-11-23 11:42:18 0: 陕西-榆林
2023-11-23 11:42:18 获取到号码【1929932】的GSD为【陕西-榆林】
2023-11-23 11:42:23 GSD insert 第 1 次 等待 3 秒
2023-11-23 11:42:26 {"status":"ok","gid":"596773","msg":"添加号码已存在，但为‘-’，修改为【陕西-榆林】成功！"}
2023-11-23 11:42:26 随机等待 196 秒，约 3 分钟
2023-11-23 11:42:26 下次操作: 2023-11-23 11:45:42

2023-11-23 11:45:42 开始第 32 次操作

2023-11-23 11:45:42 开始操作号码 【1929933】
2023-11-23 11:45:46 GSD getOne 第 1 次 等待 3 秒
2023-11-23 11:45:49 查询号码 【1929933】，返回信息 {"status":"ok","msg":"-","gid":"596770","time_insert":"2023-03-17 17:58"}
2023-11-23 11:45:49 查询号码 【1929933】，GSD为【"-"】
2023-11-23 11:45:49 ok && -
2023-11-23 11:45:50 CHB 1929933?1700711149 第 1 次 等待 3 秒
2023-11-23 11:45:53 CHB 1929933?1700711149 第 1 次 获取到号码【1929933】GSD
2023-11-23 11:45:53 0: 陕西-延安
2023-11-23 11:45:53 获取到号码【1929933】的GSD为【陕西-延安】
2023-11-23 11:46:01 GSD insert 第 1 次 等待 3 秒
2023-11-23 11:46:04 {"status":"ok","gid":"596770","msg":"添加号码已存在，但为‘-’，修改为【陕西-延安】成功！"}

2023-11-23 12:20:21 开始第 33 次操作

2023-11-23 12:20:21 开始操作号码 【1929934】
2023-11-23 12:20:24 GSD getOne 第 1 次 等待 3 秒
2023-11-23 12:20:27 查询号码 【1929934】，返回信息 {"status":"ok","msg":"-","gid":"596768","time_insert":"2023-03-17 17:56"}
2023-11-23 12:20:27 查询号码 【1929934】，GSD为【"-"】
2023-11-23 12:20:27 ok && -
2023-11-23 12:20:30 CHB 1929934?1700713227 第 1 次 等待 3 秒
2023-11-23 12:20:33 CHB 1929934?1700713227 第 1 次 获取到号码【1929934】GSD
2023-11-23 12:20:33 0: 陕西-汉中
2023-11-23 12:20:33 获取到号码【1929934】的GSD为【陕西-汉中】
2023-11-23 12:20:38 GSD insert 第 1 次 等待 3 秒
2023-11-23 12:20:41 {"status":"ok","gid":"596768","msg":"添加号码已存在，但为‘-’，修改为【陕西-汉中】成功！"}
2023-11-23 12:20:41 随机等待 100 秒，约 1 分钟
2023-11-23 12:20:41 下次操作: 2023-11-23 12:22:21

2023-11-23 12:22:21 开始第 34 次操作

2023-11-23 12:22:21 开始操作号码 【1929935】
2023-11-23 12:22:24 GSD getOne 第 1 次 等待 3 秒
2023-11-23 12:22:27 查询号码 【1929935】，返回信息 {"status":"ok","msg":"-","gid":"596762","time_insert":"2023-03-17 17:54"}
2023-11-23 12:22:28 查询号码 【1929935】，GSD为【"-"】
2023-11-23 12:22:28 ok && -
2023-11-23 12:22:33 CHB 1929935?1700713348 第 1 次 等待 3 秒
2023-11-23 12:22:36 CHB 1929935?1700713348 第 1 次 获取到号码【1929935】GSD
2023-11-23 12:22:36 0: 陕西-安康
2023-11-23 12:22:36 获取到号码【1929935】的GSD为【陕西-安康】
2023-11-23 12:22:41 GSD insert 第 1 次 等待 3 秒
2023-11-23 12:22:44 {"status":"ok","gid":"596762","msg":"添加号码已存在，但为‘-’，修改为【陕西-安康】成功！"}
2023-11-23 12:22:44 随机等待 224 秒，约 3 分钟
2023-11-23 12:22:44 下次操作: 2023-11-23 12:26:28

2023-11-23 12:26:28 开始第 35 次操作

2023-11-23 12:26:28 开始操作号码 【1929936】
2023-11-23 12:26:33 GSD getOne 第 1 次 等待 3 秒
2023-11-23 12:26:36 查询号码 【1929936】，返回信息 {"status":"ok","msg":"-","gid":"596758","time_insert":"2023-03-17 17:52"}
2023-11-23 12:26:36 查询号码 【1929936】，GSD为【"-"】
2023-11-23 12:26:36 ok && -
2023-11-23 12:26:38 CHB 1929936?1700713596 第 1 次 等待 3 秒
2023-11-23 12:26:41 CHB 1929936?1700713596 第 1 次 获取到号码【1929936】GSD
2023-11-23 12:26:41 0: 陕西-汉中
2023-11-23 12:26:41 获取到号码【1929936】的GSD为【陕西-汉中】
2023-11-23 12:26:46 GSD insert 第 1 次 等待 3 秒
2023-11-23 12:26:49 {"status":"ok","gid":"596758","msg":"添加号码已存在，但为‘-’，修改为【陕西-汉中】成功！"}
2023-11-23 12:26:49 随机等待 123 秒，约 2 分钟
2023-11-23 12:26:49 下次操作: 2023-11-23 12:28:52

2023-11-23 12:28:52 开始第 36 次操作

2023-11-23 12:28:52 开始操作号码 【1929937】
2023-11-23 12:28:57 GSD getOne 第 1 次 等待 3 秒
2023-11-23 12:29:00 查询号码 【1929937】，返回信息 {"status":"ok","msg":"-","gid":"596755","time_insert":"2023-03-17 17:50"}
2023-11-23 12:29:00 查询号码 【1929937】，GSD为【"-"】
2023-11-23 12:29:00 ok && -
2023-11-23 12:30:58 CHB 1929937?1700713740 第 1 次 等待 3 秒
2023-11-23 12:31:01 CHB 1929937?1700713740 第 1 次 获取到号码【1929937】GSD
2023-11-23 12:31:01 0: 陕西-宝鸡
2023-11-23 12:31:01 获取到号码【1929937】的GSD为【陕西-宝鸡】
2023-11-23 12:31:22 GSD insert 第 1 次 等待 3 秒
2023-11-23 12:31:25 {"status":"ok","gid":"596755","msg":"添加号码已存在，但为‘-’，修改为【陕西-宝鸡】成功！"}

2023-11-23 12:38:25 开始第 37 次操作

2023-11-23 12:38:25 开始操作号码 【1929938】
2023-11-23 12:38:36 GSD getOne 第 1 次 等待 3 秒
2023-11-23 12:38:40 查询号码 【1929938】，返回信息 {"status":"ok","msg":"-","gid":"596751","time_insert":"2023-03-17 17:47"}
2023-11-23 12:38:40 查询号码 【1929938】，GSD为【"-"】
2023-11-23 12:38:40 ok && -
2023-11-23 12:38:42 CHB 1929938?1700714320 第 1 次 等待 3 秒
2023-11-23 12:38:45 CHB 1929938?1700714320 第 1 次 获取到号码【1929938】GSD
2023-11-23 12:38:45 0: 陕西-渭南
2023-11-23 12:38:45 获取到号码【1929938】的GSD为【陕西-渭南】
2023-11-23 12:38:55 GSD insert 第 1 次 等待 3 秒
2023-11-23 12:38:58 {"status":"ok","gid":"596751","msg":"添加号码已存在，但为‘-’，修改为【陕西-渭南】成功！"}
2023-11-23 12:38:58 随机等待 196 秒，约 3 分钟
2023-11-23 12:38:58 下次操作: 2023-11-23 12:42:14

2023-11-23 12:42:14 开始第 38 次操作

2023-11-23 12:42:14 开始操作号码 【1929939】
2023-11-23 12:42:18 GSD getOne 第 1 次 等待 3 秒
2023-11-23 12:42:21 查询号码 【1929939】，返回信息 {"status":"ok","msg":"-","gid":"596746","time_insert":"2023-03-17 17:44"}
2023-11-23 12:42:21 查询号码 【1929939】，GSD为【"-"】
2023-11-23 12:42:21 ok && -
2023-11-23 12:42:25 CHB 1929939?1700714541 第 1 次 等待 3 秒
2023-11-23 12:42:28 CHB 1929939?1700714541 第 1 次 获取到号码【1929939】GSD
2023-11-23 12:42:28 0: 陕西-咸阳
2023-11-23 12:42:28 获取到号码【1929939】的GSD为【陕西-咸阳】
2023-11-23 12:42:34 GSD insert 第 1 次 等待 3 秒
2023-11-23 12:42:37 {"status":"ok","gid":"596746","msg":"添加号码已存在，但为‘-’，修改为【陕西-咸阳】成功！"}
2023-11-23 12:42:37 随机等待 76 秒，约 1 分钟
2023-11-23 12:42:37 下次操作: 2023-11-23 12:43:53

2023-11-23 12:43:53 开始第 39 次操作

2023-11-23 12:43:53 开始操作号码 【1929940】
2023-11-23 12:43:56 GSD getOne 第 1 次 等待 3 秒
2023-11-23 12:43:59 查询号码 【1929940】，返回信息 {"status":"ok","msg":"-","gid":"596743","time_insert":"2023-03-17 17:42"}
2023-11-23 12:43:59 查询号码 【1929940】，GSD为【"-"】
2023-11-23 12:43:59 ok && -
2023-11-23 12:44:02 CHB 1929940?1700714639 第 1 次 等待 3 秒
2023-11-23 12:44:05 CHB 1929940?1700714639 第 1 次 获取到号码【1929940】GSD
2023-11-23 12:44:05 未获取到号码【1929940】GSD，可能号码格式错误
2023-11-23 12:44:05 获取到号码【1929940】的GSD为【-】
2023-11-23 12:44:14 GSD insert 第 1 次 等待 3 秒
2023-11-23 12:44:17 {"status":"bad","gid":"596743","msg":"添加失败！号码【1929940(-|-)】已存在！"}
2023-11-23 12:44:17 随机等待 148 秒，约 2 分钟
2023-11-23 12:44:17 下次操作: 2023-11-23 12:46:45

2023-11-23 12:46:45 开始第 40 次操作

2023-11-23 12:46:45 开始操作号码 【1929941】
2023-11-23 12:46:50 GSD getOne 第 1 次 等待 3 秒
2023-11-23 12:46:53 查询号码 【1929941】，返回信息 {"status":"ok","msg":"-","gid":"596739","time_insert":"2023-03-17 17:40"}
2023-11-23 12:46:53 查询号码 【1929941】，GSD为【"-"】
2023-11-23 12:46:53 ok && -
2023-11-23 12:46:56 CHB 1929941?1700714813 第 1 次 等待 3 秒
2023-11-23 12:46:59 CHB 1929941?1700714813 第 1 次 获取到号码【1929941】GSD
2023-11-23 12:46:59 未获取到号码【1929941】GSD，可能号码格式错误
2023-11-23 12:46:59 获取到号码【1929941】的GSD为【-】
2023-11-23 12:47:10 GSD insert 第 1 次 等待 3 秒
2023-11-23 12:47:13 {"status":"bad","gid":"596739","msg":"添加失败！号码【1929941(-|-)】已存在！"}

2023-11-23 13:16:05 开始第 41 次操作

2023-11-23 13:16:05 开始操作号码 【1929942】
2023-11-23 13:16:13 GSD getOne 第 1 次 等待 3 秒
2023-11-23 13:16:16 查询号码 【1929942】，返回信息 {"status":"ok","msg":"-","gid":"596735","time_insert":"2023-03-17 17:37"}
2023-11-23 13:16:16 查询号码 【1929942】，GSD为【"-"】
2023-11-23 13:16:16 ok && -
2023-11-23 13:16:18 CHB 1929942?1700716576 第 1 次 等待 3 秒
2023-11-23 13:16:21 CHB 1929942?1700716576 第 1 次 获取到号码【1929942】GSD
2023-11-23 13:16:21 未获取到号码【1929942】GSD，可能号码格式错误
2023-11-23 13:16:21 获取到号码【1929942】的GSD为【-】
2023-11-23 13:16:24 GSD insert 第 1 次 等待 3 秒
2023-11-23 13:16:27 {"status":"bad","gid":"596735","msg":"添加失败！号码【1929942(-|-)】已存在！"}
2023-11-23 13:16:27 随机等待 112 秒，约 1 分钟
2023-11-23 13:16:27 下次操作: 2023-11-23 13:18:19

2023-11-23 13:18:19 开始第 42 次操作

2023-11-23 13:18:19 开始操作号码 【1929943】
2023-11-23 13:18:22 GSD getOne 第 1 次 等待 3 秒
2023-11-23 13:18:25 查询号码 【1929943】，返回信息 {"status":"ok","msg":"-","gid":"596729","time_insert":"2023-03-17 17:34"}
2023-11-23 13:18:25 查询号码 【1929943】，GSD为【"-"】
2023-11-23 13:18:25 ok && -
2023-11-23 13:18:28 CHB 1929943?1700716705 第 1 次 等待 3 秒
2023-11-23 13:18:31 CHB 1929943?1700716705 第 1 次 获取到号码【1929943】GSD
2023-11-23 13:18:31 未获取到号码【1929943】GSD，可能号码格式错误
2023-11-23 13:18:31 获取到号码【1929943】的GSD为【-】
2023-11-23 13:18:35 GSD insert 第 1 次 等待 3 秒
2023-11-23 13:18:38 {"status":"bad","gid":"596729","msg":"添加失败！号码【1929943(-|-)】已存在！"}
2023-11-23 13:18:38 随机等待 106 秒，约 1 分钟
2023-11-23 13:18:38 下次操作: 2023-11-23 13:20:24

2023-11-23 13:20:24 开始第 43 次操作

2023-11-23 13:20:24 开始操作号码 【1929944】
2023-11-23 13:20:30 GSD getOne 第 1 次 等待 3 秒
2023-11-23 13:20:33 查询号码 【1929944】，返回信息 {"status":"ok","msg":"-","gid":"596725","time_insert":"2023-03-17 17:32"}
2023-11-23 13:20:33 查询号码 【1929944】，GSD为【"-"】
2023-11-23 13:20:33 ok && -
2023-11-23 13:20:36 CHB 1929944?1700716833 第 1 次 等待 3 秒
2023-11-23 13:20:39 CHB 1929944?1700716833 第 1 次 获取到号码【1929944】GSD
2023-11-23 13:20:39 未获取到号码【1929944】GSD，可能号码格式错误
2023-11-23 13:20:39 获取到号码【1929944】的GSD为【-】
2023-11-23 13:20:47 GSD insert 第 1 次 等待 3 秒
2023-11-23 13:20:50 {"status":"bad","gid":"596725","msg":"添加失败！号码【1929944(-|-)】已存在！"}
2023-11-23 13:20:50 随机等待 188 秒，约 3 分钟
2023-11-23 13:20:50 下次操作: 2023-11-23 13:23:58

2023-11-23 13:23:58 开始第 44 次操作

2023-11-23 13:23:58 开始操作号码 【1929945】
2023-11-23 13:24:01 GSD getOne 第 1 次 等待 3 秒
2023-11-23 13:24:04 查询号码 【1929945】，返回信息 {"status":"ok","msg":"-","gid":"596721","time_insert":"2023-03-17 17:30"}
2023-11-23 13:24:04 查询号码 【1929945】，GSD为【"-"】
2023-11-23 13:24:04 ok && -
2023-11-23 13:24:10 CHB 1929945?1700717044 第 1 次 等待 3 秒
2023-11-23 13:24:13 CHB 1929945?1700717044 第 1 次 获取到号码【1929945】GSD
2023-11-23 13:24:13 未获取到号码【1929945】GSD，可能号码格式错误
2023-11-23 13:24:13 获取到号码【1929945】的GSD为【-】
2023-11-23 13:24:17 GSD insert 第 1 次 等待 3 秒
2023-11-23 13:24:20 {"status":"bad","gid":"596721","msg":"添加失败！号码【1929945(-|-)】已存在！"}

2023-11-23 13:37:22 开始第 45 次操作

2023-11-23 13:37:22 开始操作号码 【1929946】
2023-11-23 13:37:26 GSD getOne 第 1 次 等待 3 秒
2023-11-23 13:37:29 查询号码 【1929946】，返回信息 {"status":"ok","msg":"-","gid":"596717","time_insert":"2023-03-17 17:28"}
2023-11-23 13:37:29 查询号码 【1929946】，GSD为【"-"】
2023-11-23 13:37:29 ok && -
2023-11-23 13:37:33 CHB 1929946?1700717849 第 1 次 等待 3 秒
2023-11-23 13:37:36 CHB 1929946?1700717849 第 1 次 获取到号码【1929946】GSD
2023-11-23 13:37:36 未获取到号码【1929946】GSD，可能号码格式错误
2023-11-23 13:37:36 获取到号码【1929946】的GSD为【-】
2023-11-23 13:37:39 GSD insert 第 1 次 等待 3 秒
2023-11-23 13:37:42 {"status":"bad","gid":"596717","msg":"添加失败！号码【1929946(-|-)】已存在！"}
2023-11-23 13:37:42 随机等待 132 秒，约 2 分钟
2023-11-23 13:37:42 下次操作: 2023-11-23 13:39:54

2023-11-23 13:39:54 开始第 46 次操作

2023-11-23 13:39:54 开始操作号码 【1929947】
2023-11-23 13:39:58 GSD getOne 第 1 次 等待 3 秒
2023-11-23 13:40:01 查询号码 【1929947】，返回信息 {"status":"ok","msg":"-","gid":"596706","time_insert":"2023-03-17 17:20"}
2023-11-23 13:40:01 查询号码 【1929947】，GSD为【"-"】
2023-11-23 13:40:01 ok && -
2023-11-23 13:40:19 CHB 1929947?1700718001 第 1 次 等待 3 秒
2023-11-23 13:40:22 CHB 1929947?1700718001 第 1 次 获取到号码【1929947】GSD
2023-11-23 13:40:22 未获取到号码【1929947】GSD，可能号码格式错误
2023-11-23 13:40:22 获取到号码【1929947】的GSD为【-】
2023-11-23 13:40:26 GSD insert 第 1 次 等待 3 秒
2023-11-23 13:40:29 {"status":"bad","gid":"596706","msg":"添加失败！号码【1929947(-|-)】已存在！"}
2023-11-23 13:40:29 随机等待 144 秒，约 2 分钟
2023-11-23 13:40:29 下次操作: 2023-11-23 13:42:53

2023-11-23 13:42:53 开始第 47 次操作

2023-11-23 13:42:53 开始操作号码 【1929948】
2023-11-23 13:43:01 GSD getOne 第 1 次 等待 3 秒
2023-11-23 13:43:04 查询号码 【1929948】，返回信息 {"status":"ok","msg":"-","gid":"596705","time_insert":"2023-03-17 17:18"}
2023-11-23 13:43:04 查询号码 【1929948】，GSD为【"-"】
2023-11-23 13:43:04 ok && -
2023-11-23 13:43:06 CHB 1929948?1700718184 第 1 次 等待 3 秒
2023-11-23 13:43:09 CHB 1929948?1700718184 第 1 次 获取到号码【1929948】GSD
2023-11-23 13:43:10 未获取到号码【1929948】GSD，可能号码格式错误
2023-11-23 13:43:10 获取到号码【1929948】的GSD为【-】
2023-11-23 13:43:13 GSD insert 第 1 次 等待 3 秒
2023-11-23 13:43:16 {"status":"bad","gid":"596705","msg":"添加失败！号码【1929948(-|-)】已存在！"}
2023-11-23 13:43:16 随机等待 154 秒，约 2 分钟
2023-11-23 13:43:16 下次操作: 2023-11-23 13:45:50

2023-11-23 13:45:50 开始第 48 次操作

2023-11-23 13:45:50 开始操作号码 【1929949】
2023-11-23 13:45:54 GSD getOne 第 1 次 等待 3 秒
2023-11-23 13:45:57 查询号码 【1929949】，返回信息 {"status":"ok","msg":"-","gid":"596698","time_insert":"2023-03-17 17:15"}
2023-11-23 13:45:57 查询号码 【1929949】，GSD为【"-"】
2023-11-23 13:45:57 ok && -
2023-11-23 13:46:00 CHB 1929949?1700718357 第 1 次 等待 3 秒
2023-11-23 13:46:03 CHB 1929949?1700718357 第 1 次 获取到号码【1929949】GSD
2023-11-23 13:46:03 未获取到号码【1929949】GSD，可能号码格式错误
2023-11-23 13:46:03 获取到号码【1929949】的GSD为【-】
2023-11-23 13:46:06 GSD insert 第 1 次 等待 3 秒
2023-11-23 13:46:10 {"status":"bad","gid":"596698","msg":"添加失败！号码【1929949(-|-)】已存在！"}

2023-11-23 14:21:45 开始第 49 次操作

2023-11-23 14:21:45 开始操作号码 【1929950】
2023-11-23 14:21:48 GSD getOne 第 1 次 等待 3 秒
2023-11-23 14:21:51 查询号码 【1929950】，返回信息 {"status":"ok","msg":"-","gid":"596694","time_insert":"2023-03-17 17:13"}
2023-11-23 14:21:52 查询号码 【1929950】，GSD为【"-"】
2023-11-23 14:21:52 ok && -
2023-11-23 14:21:54 CHB 1929950?1700720512 第 1 次 等待 3 秒
2023-11-23 14:21:57 CHB 1929950?1700720512 第 1 次 获取到号码【1929950】GSD
2023-11-23 14:21:57 0: 宁夏-银川
2023-11-23 14:21:57 获取到号码【1929950】的GSD为【宁夏-银川】
2023-11-23 14:22:03 GSD insert 第 1 次 等待 3 秒
2023-11-23 14:22:06 {"status":"ok","gid":"596694","msg":"添加号码已存在，但为‘-’，修改为【宁夏-银川】成功！"}
2023-11-23 14:22:06 随机等待 97 秒，约 1 分钟
2023-11-23 14:22:06 下次操作: 2023-11-23 14:23:43

2023-11-23 14:23:43 开始第 50 次操作

2023-11-23 14:23:43 开始操作号码 【1929951】
2023-11-23 14:23:47 GSD getOne 第 1 次 等待 3 秒
2023-11-23 14:23:50 查询号码 【1929951】，返回信息 {"status":"ok","msg":"-","gid":"596678","time_insert":"2023-03-17 17:01"}
2023-11-23 14:23:50 查询号码 【1929951】，GSD为【"-"】
2023-11-23 14:23:50 ok && -
2023-11-23 14:23:52 CHB 1929951?1700720630 第 1 次 等待 3 秒
2023-11-23 14:23:55 CHB 1929951?1700720630 第 1 次 获取到号码【1929951】GSD
2023-11-23 14:23:55 0: 宁夏-银川
2023-11-23 14:23:55 获取到号码【1929951】的GSD为【宁夏-银川】
2023-11-23 14:24:00 GSD insert 第 1 次 等待 3 秒
2023-11-23 14:24:03 {"status":"ok","gid":"596678","msg":"添加号码已存在，但为‘-’，修改为【宁夏-银川】成功！"}
2023-11-23 14:24:03 随机等待 136 秒，约 2 分钟
2023-11-23 14:24:03 下次操作: 2023-11-23 14:26:19

2023-11-23 14:26:19 开始第 51 次操作

2023-11-23 14:26:19 开始操作号码 【1929952】
2023-11-23 14:26:24 GSD getOne 第 1 次 等待 3 秒
2023-11-23 14:26:27 查询号码 【1929952】，返回信息 {"status":"ok","msg":"-","gid":"596677","time_insert":"2023-03-17 16:59"}
2023-11-23 14:26:27 查询号码 【1929952】，GSD为【"-"】
2023-11-23 14:26:27 ok && -
2023-11-23 14:26:29 CHB 1929952?1700720787 第 1 次 等待 3 秒
2023-11-23 14:26:32 CHB 1929952?1700720787 第 1 次 获取到号码【1929952】GSD
2023-11-23 14:26:32 0: 宁夏-石嘴山
2023-11-23 14:26:32 获取到号码【1929952】的GSD为【宁夏-石嘴山】
2023-11-23 14:26:38 GSD insert 第 1 次 等待 3 秒
2023-11-23 14:26:41 {"status":"ok","gid":"596677","msg":"添加号码已存在，但为‘-’，修改为【宁夏-石嘴山】成功！"}
2023-11-23 14:26:41 随机等待 201 秒，约 3 分钟
2023-11-23 14:26:41 下次操作: 2023-11-23 14:30:02

2023-11-23 14:30:02 开始第 52 次操作

2023-11-23 14:30:02 开始操作号码 【1929953】
2023-11-23 14:30:05 GSD getOne 第 1 次 等待 3 秒
2023-11-23 14:30:08 查询号码 【1929953】，返回信息 {"status":"ok","msg":"-","gid":"596675","time_insert":"2023-03-17 16:57"}
2023-11-23 14:30:08 查询号码 【1929953】，GSD为【"-"】
2023-11-23 14:30:08 ok && -
2023-11-23 14:30:11 CHB 1929953?1700721008 第 1 次 等待 3 秒
2023-11-23 14:30:14 CHB 1929953?1700721008 第 1 次 获取到号码【1929953】GSD
2023-11-23 14:30:14 0: 宁夏-吴忠
2023-11-23 14:30:14 获取到号码【1929953】的GSD为【宁夏-吴忠】
2023-11-23 14:30:24 GSD insert 第 1 次 等待 3 秒
2023-11-23 14:30:27 {"status":"ok","gid":"596675","msg":"添加号码已存在，但为‘-’，修改为【宁夏-吴忠】成功！"}

