2024-04-15 06:08:54 开始第 3641 次操作

2024-04-15 06:08:54 开始操作号码 【1603543】
2024-04-15 06:08:59 GSD getOne 第 1 次 等待 3 秒
2024-04-15 06:09:02 查询号码 【1603543】，返回信息 {"status":"ok","msg":"-","gid":"586816","time_insert":"2023-03-12 23:32"}
2024-04-15 06:09:02 查询号码 【1603543】，GSD为【"-"】
2024-04-15 06:09:02 ok && -
2024-04-15 06:09:05 CHB 1603543?1713132542 第 1 次 等待 3 秒
2024-04-15 06:09:08 CHB 1603543?1713132542 第 1 次 获取到号码【1603543】GSD
2024-04-15 06:09:08 未获取到号码【1603543】GSD，可能号码格式错误
2024-04-15 06:09:08 获取到号码【1603543】的GSD为【-】
2024-04-15 06:09:13 GSD insert 第 1 次 等待 3 秒
2024-04-15 06:09:16 {"status":"bad","gid":"586816","msg":"添加失败！号码【1603543(-|-)】已存在！"}
2024-04-15 06:09:16 随机等待 174 秒，约 2 分钟
2024-04-15 06:09:16 下次操作: 2024-04-15 06:12:10

2024-04-15 06:12:10 开始第 3642 次操作

2024-04-15 06:12:10 开始操作号码 【1603544】
2024-04-15 06:12:22 GSD getOne 第 1 次 等待 3 秒
2024-04-15 06:12:25 查询号码 【1603544】，返回信息 {"status":"ok","msg":"-","gid":"586857","time_insert":"2023-03-12 23:56"}
2024-04-15 06:12:25 查询号码 【1603544】，GSD为【"-"】
2024-04-15 06:12:25 ok && -
2024-04-15 06:12:27 CHB 1603544?1713132745 第 1 次 等待 3 秒
2024-04-15 06:12:30 CHB 1603544?1713132745 第 1 次 获取到号码【1603544】GSD
2024-04-15 06:12:30 未获取到号码【1603544】GSD，可能号码格式错误
2024-04-15 06:12:30 获取到号码【1603544】的GSD为【-】
2024-04-15 06:12:36 GSD insert 第 1 次 等待 3 秒
2024-04-15 06:12:39 {"status":"bad","gid":"586857","msg":"添加失败！号码【1603544(-|-)】已存在！"}
2024-04-15 06:12:39 随机等待 133 秒，约 2 分钟
2024-04-15 06:12:39 下次操作: 2024-04-15 06:14:52

2024-04-15 06:14:52 开始第 3643 次操作

2024-04-15 06:14:52 开始操作号码 【1603545】
2024-04-15 06:14:56 GSD getOne 第 1 次 等待 3 秒
2024-04-15 06:14:59 查询号码 【1603545】，返回信息 {"status":"ok","msg":"-","gid":"586871","time_insert":"2023-03-13 00:06"}
2024-04-15 06:15:00 查询号码 【1603545】，GSD为【"-"】
2024-04-15 06:15:00 ok && -
2024-04-15 06:15:02 CHB 1603545?1713132900 第 1 次 等待 3 秒
2024-04-15 06:15:05 CHB 1603545?1713132900 第 1 次 获取到号码【1603545】GSD
2024-04-15 06:15:05 未获取到号码【1603545】GSD，可能号码格式错误
2024-04-15 06:15:05 获取到号码【1603545】的GSD为【-】
2024-04-15 06:15:10 GSD insert 第 1 次 等待 3 秒
2024-04-15 06:15:13 {"status":"bad","gid":"586871","msg":"添加失败！号码【1603545(-|-)】已存在！"}
2024-04-15 06:15:13 随机等待 105 秒，约 1 分钟
2024-04-15 06:15:13 下次操作: 2024-04-15 06:16:58

2024-04-15 06:16:58 开始第 3644 次操作

2024-04-15 06:16:58 开始操作号码 【1603546】
2024-04-15 06:17:03 GSD getOne 第 1 次 等待 3 秒
2024-04-15 06:17:06 查询号码 【1603546】，返回信息 {"status":"ok","msg":"-","gid":"586881","time_insert":"2023-03-13 00:14"}
2024-04-15 06:17:06 查询号码 【1603546】，GSD为【"-"】
2024-04-15 06:17:06 ok && -
2024-04-15 06:17:08 CHB 1603546?1713133026 第 1 次 等待 3 秒
2024-04-15 06:17:11 CHB 1603546?1713133026 第 1 次 获取到号码【1603546】GSD
2024-04-15 06:17:11 未获取到号码【1603546】GSD，可能号码格式错误
2024-04-15 06:17:11 获取到号码【1603546】的GSD为【-】
2024-04-15 06:17:16 GSD insert 第 1 次 等待 3 秒
2024-04-15 06:17:19 {"status":"bad","gid":"586881","msg":"添加失败！号码【1603546(-|-)】已存在！"}

2024-04-15 07:47:14 开始第 3645 次操作

2024-04-15 07:47:14 开始操作号码 【1603547】
2024-04-15 07:47:20 GSD getOne 第 1 次 等待 3 秒
2024-04-15 07:47:23 查询号码 【1603547】，返回信息 {"status":"ok","msg":"-","gid":"586900","time_insert":"2023-03-13 00:28"}
2024-04-15 07:47:23 查询号码 【1603547】，GSD为【"-"】
2024-04-15 07:47:23 ok && -
2024-04-15 07:47:25 CHB 1603547?1713138443 第 1 次 等待 3 秒
2024-04-15 07:47:28 CHB 1603547?1713138443 第 1 次 获取到号码【1603547】GSD
2024-04-15 07:47:28 未获取到号码【1603547】GSD，可能号码格式错误
2024-04-15 07:47:28 获取到号码【1603547】的GSD为【-】
2024-04-15 07:47:34 GSD insert 第 1 次 等待 3 秒
2024-04-15 07:47:37 {"status":"bad","gid":"586900","msg":"添加失败！号码【1603547(-|-)】已存在！"}
2024-04-15 07:47:37 随机等待 148 秒，约 2 分钟
2024-04-15 07:47:37 下次操作: 2024-04-15 07:50:05

2024-04-15 07:50:05 开始第 3646 次操作

2024-04-15 07:50:05 开始操作号码 【1603548】
2024-04-15 07:50:10 GSD getOne 第 1 次 等待 3 秒
2024-04-15 07:50:13 查询号码 【1603548】，返回信息 {"status":"ok","msg":"-","gid":"586919","time_insert":"2023-03-13 00:44"}
2024-04-15 07:50:13 查询号码 【1603548】，GSD为【"-"】
2024-04-15 07:50:13 ok && -
2024-04-15 07:50:16 CHB 1603548?1713138613 第 1 次 等待 3 秒
2024-04-15 07:50:19 CHB 1603548?1713138613 第 1 次 获取到号码【1603548】GSD
2024-04-15 07:50:19 未获取到号码【1603548】GSD，可能号码格式错误
2024-04-15 07:50:19 获取到号码【1603548】的GSD为【-】
2024-04-15 07:50:24 GSD insert 第 1 次 等待 3 秒
2024-04-15 07:50:27 {"status":"bad","gid":"586919","msg":"添加失败！号码【1603548(-|-)】已存在！"}
2024-04-15 07:50:27 随机等待 201 秒，约 3 分钟
2024-04-15 07:50:27 下次操作: 2024-04-15 07:53:48

2024-04-15 07:53:48 开始第 3647 次操作

2024-04-15 07:53:48 开始操作号码 【1603549】
2024-04-15 07:53:53 GSD getOne 第 1 次 等待 3 秒
2024-04-15 07:53:56 查询号码 【1603549】，返回信息 {"status":"ok","msg":"-","gid":"586962","time_insert":"2023-03-13 01:08"}
2024-04-15 07:53:56 查询号码 【1603549】，GSD为【"-"】
2024-04-15 07:53:56 ok && -
2024-04-15 07:53:59 CHB 1603549?1713138836 第 1 次 等待 3 秒
2024-04-15 07:54:02 CHB 1603549?1713138836 第 1 次 获取到号码【1603549】GSD
2024-04-15 07:54:02 未获取到号码【1603549】GSD，可能号码格式错误
2024-04-15 07:54:02 获取到号码【1603549】的GSD为【-】
2024-04-15 07:54:07 GSD insert 第 1 次 等待 3 秒
2024-04-15 07:54:10 {"status":"bad","gid":"586962","msg":"添加失败！号码【1603549(-|-)】已存在！"}
2024-04-15 07:54:10 随机等待 178 秒，约 2 分钟
2024-04-15 07:54:10 下次操作: 2024-04-15 07:57:08

2024-04-15 07:57:08 开始第 3648 次操作

2024-04-15 07:57:08 开始操作号码 【1603550】
2024-04-15 07:57:12 GSD getOne 第 1 次 等待 3 秒
2024-04-15 07:57:15 查询号码 【1603550】，返回信息 {"status":"ok","msg":"-","gid":"586993","time_insert":"2023-03-13 01:30"}
2024-04-15 07:57:15 查询号码 【1603550】，GSD为【"-"】
2024-04-15 07:57:15 ok && -
2024-04-15 07:57:18 CHB 1603550?1713139035 第 1 次 等待 3 秒
2024-04-15 07:57:21 CHB 1603550?1713139035 第 1 次 获取到号码【1603550】GSD
2024-04-15 07:57:21 未获取到号码【1603550】GSD，可能号码格式错误
2024-04-15 07:57:21 获取到号码【1603550】的GSD为【-】
2024-04-15 07:57:26 GSD insert 第 1 次 等待 3 秒
2024-04-15 07:57:29 {"status":"bad","gid":"586993","msg":"添加失败！号码【1603550(-|-)】已存在！"}

2024-04-15 11:29:28 开始第 3649 次操作

2024-04-15 11:29:28 开始操作号码 【1603551】
2024-04-15 11:29:33 GSD getOne 第 1 次 等待 3 秒
2024-04-15 11:29:36 查询号码 【1603551】，返回信息 {"status":"ok","msg":"-","gid":"587014","time_insert":"2023-03-13 01:45"}
2024-04-15 11:29:36 查询号码 【1603551】，GSD为【"-"】
2024-04-15 11:29:36 ok && -
2024-04-15 11:29:38 CHB 1603551?1713151776 第 1 次 等待 3 秒
2024-04-15 11:29:41 CHB 1603551?1713151776 第 1 次 获取到号码【1603551】GSD
2024-04-15 11:29:41 未获取到号码【1603551】GSD，可能号码格式错误
2024-04-15 11:29:41 获取到号码【1603551】的GSD为【-】
2024-04-15 11:29:49 GSD insert 第 1 次 等待 3 秒
2024-04-15 11:29:52 {"status":"bad","gid":"587014","msg":"添加失败！号码【1603551(-|-)】已存在！"}
2024-04-15 11:29:52 随机等待 227 秒，约 3 分钟
2024-04-15 11:29:52 下次操作: 2024-04-15 11:33:39

2024-04-15 11:33:39 开始第 3650 次操作

2024-04-15 11:33:39 开始操作号码 【1603552】
2024-04-15 11:33:44 GSD getOne 第 1 次 等待 3 秒
2024-04-15 11:33:47 查询号码 【1603552】，返回信息 {"status":"ok","msg":"-","gid":"587032","time_insert":"2023-03-13 01:55"}
2024-04-15 11:33:47 查询号码 【1603552】，GSD为【"-"】
2024-04-15 11:33:47 ok && -
2024-04-15 11:33:49 CHB 1603552?1713152027 第 1 次 等待 3 秒
2024-04-15 11:33:52 CHB 1603552?1713152027 第 1 次 获取到号码【1603552】GSD
2024-04-15 11:33:52 未获取到号码【1603552】GSD，可能号码格式错误
2024-04-15 11:33:52 获取到号码【1603552】的GSD为【-】
2024-04-15 11:33:56 GSD insert 第 1 次 等待 3 秒
2024-04-15 11:33:59 {"status":"bad","gid":"587032","msg":"添加失败！号码【1603552(-|-)】已存在！"}
2024-04-15 11:33:59 随机等待 114 秒，约 1 分钟
2024-04-15 11:33:59 下次操作: 2024-04-15 11:35:53

2024-04-15 11:35:53 开始第 3651 次操作

2024-04-15 11:35:53 开始操作号码 【1603553】
2024-04-15 11:35:58 GSD getOne 第 1 次 等待 3 秒
2024-04-15 11:36:01 查询号码 【1603553】，返回信息 {"status":"ok","msg":"-","gid":"587047","time_insert":"2023-03-13 02:04"}
2024-04-15 11:36:01 查询号码 【1603553】，GSD为【"-"】
2024-04-15 11:36:01 ok && -
2024-04-15 11:36:03 CHB 1603553?1713152161 第 1 次 等待 3 秒
2024-04-15 11:36:06 CHB 1603553?1713152161 第 1 次 获取到号码【1603553】GSD
2024-04-15 11:36:06 未获取到号码【1603553】GSD，可能号码格式错误
2024-04-15 11:36:06 获取到号码【1603553】的GSD为【-】
2024-04-15 11:36:10 GSD insert 第 1 次 等待 3 秒
2024-04-15 11:36:13 {"status":"bad","gid":"587047","msg":"添加失败！号码【1603553(-|-)】已存在！"}
2024-04-15 11:36:13 随机等待 129 秒，约 2 分钟
2024-04-15 11:36:13 下次操作: 2024-04-15 11:38:22

2024-04-15 11:38:22 开始第 3652 次操作

2024-04-15 11:38:22 开始操作号码 【1603554】
2024-04-15 11:38:27 GSD getOne 第 1 次 等待 3 秒
2024-04-15 11:38:30 查询号码 【1603554】，返回信息 {"status":"ok","msg":"-","gid":"587060","time_insert":"2023-03-13 02:16"}
2024-04-15 11:38:30 查询号码 【1603554】，GSD为【"-"】
2024-04-15 11:38:30 ok && -
2024-04-15 11:38:32 CHB 1603554?1713152310 第 1 次 等待 3 秒
2024-04-15 11:38:35 CHB 1603554?1713152310 第 1 次 获取到号码【1603554】GSD
2024-04-15 11:38:35 未获取到号码【1603554】GSD，可能号码格式错误
2024-04-15 11:38:35 获取到号码【1603554】的GSD为【-】
2024-04-15 11:38:39 GSD insert 第 1 次 等待 3 秒
2024-04-15 11:38:42 {"status":"bad","gid":"587060","msg":"添加失败！号码【1603554(-|-)】已存在！"}

2024-04-15 12:22:02 开始第 3653 次操作

2024-04-15 12:22:02 开始操作号码 【1603555】
2024-04-15 12:22:08 GSD getOne 第 1 次 等待 3 秒
2024-04-15 12:22:11 查询号码 【1603555】，返回信息 {"status":"ok","msg":"-","gid":"587077","time_insert":"2023-03-13 02:29"}
2024-04-15 12:22:11 查询号码 【1603555】，GSD为【"-"】
2024-04-15 12:22:11 ok && -
2024-04-15 12:22:14 CHB 1603555?1713154931 第 1 次 等待 3 秒
2024-04-15 12:22:17 CHB 1603555?1713154931 第 1 次 获取到号码【1603555】GSD
2024-04-15 12:22:17 未获取到号码【1603555】GSD，可能号码格式错误
2024-04-15 12:22:17 获取到号码【1603555】的GSD为【-】
2024-04-15 12:22:23 GSD insert 第 1 次 等待 3 秒
2024-04-15 12:22:26 {"status":"bad","gid":"587077","msg":"添加失败！号码【1603555(-|-)】已存在！"}
2024-04-15 12:22:26 随机等待 97 秒，约 1 分钟
2024-04-15 12:22:26 下次操作: 2024-04-15 12:24:03

2024-04-15 12:24:03 开始第 3654 次操作

2024-04-15 12:24:03 开始操作号码 【1603556】
2024-04-15 12:24:09 GSD getOne 第 1 次 等待 3 秒
2024-04-15 12:24:12 查询号码 【1603556】，返回信息 {"status":"ok","msg":"-","gid":"587111","time_insert":"2023-03-13 02:48"}
2024-04-15 12:24:12 查询号码 【1603556】，GSD为【"-"】
2024-04-15 12:24:12 ok && -
2024-04-15 12:24:15 CHB 1603556?1713155052 第 1 次 等待 3 秒
2024-04-15 12:24:18 CHB 1603556?1713155052 第 1 次 获取到号码【1603556】GSD
2024-04-15 12:24:18 未获取到号码【1603556】GSD，可能号码格式错误
2024-04-15 12:24:18 获取到号码【1603556】的GSD为【-】
2024-04-15 12:24:24 GSD insert 第 1 次 等待 3 秒
2024-04-15 12:24:27 {"status":"bad","gid":"587111","msg":"添加失败！号码【1603556(-|-)】已存在！"}
2024-04-15 12:24:27 随机等待 196 秒，约 3 分钟
2024-04-15 12:24:27 下次操作: 2024-04-15 12:27:43

2024-04-15 12:27:43 开始第 3655 次操作

2024-04-15 12:27:43 开始操作号码 【1603557】
2024-04-15 12:27:49 GSD getOne 第 1 次 等待 3 秒
2024-04-15 12:27:52 查询号码 【1603557】，返回信息 {"status":"ok","msg":"-","gid":"587129","time_insert":"2023-03-13 03:00"}
2024-04-15 12:27:52 查询号码 【1603557】，GSD为【"-"】
2024-04-15 12:27:52 ok && -
2024-04-15 12:27:54 CHB 1603557?1713155272 第 1 次 等待 3 秒
2024-04-15 12:27:57 CHB 1603557?1713155272 第 1 次 获取到号码【1603557】GSD
2024-04-15 12:27:57 未获取到号码【1603557】GSD，可能号码格式错误
2024-04-15 12:27:57 获取到号码【1603557】的GSD为【-】
2024-04-15 12:28:02 GSD insert 第 1 次 等待 3 秒
2024-04-15 12:28:05 {"status":"bad","gid":"587129","msg":"添加失败！号码【1603557(-|-)】已存在！"}
2024-04-15 12:28:05 随机等待 67 秒，约 1 分钟
2024-04-15 12:28:05 下次操作: 2024-04-15 12:29:12

2024-04-15 12:29:12 开始第 3656 次操作

2024-04-15 12:29:12 开始操作号码 【1603558】
2024-04-15 12:29:18 GSD getOne 第 1 次 等待 3 秒
2024-04-15 12:29:21 查询号码 【1603558】，返回信息 {"status":"ok","msg":"-","gid":"587151","time_insert":"2023-03-13 03:15"}
2024-04-15 12:29:21 查询号码 【1603558】，GSD为【"-"】
2024-04-15 12:29:21 ok && -
2024-04-15 12:29:23 CHB 1603558?1713155361 第 1 次 等待 3 秒
2024-04-15 12:29:26 CHB 1603558?1713155361 第 1 次 获取到号码【1603558】GSD
2024-04-15 12:29:26 未获取到号码【1603558】GSD，可能号码格式错误
2024-04-15 12:29:26 获取到号码【1603558】的GSD为【-】
2024-04-15 12:29:31 GSD insert 第 1 次 等待 3 秒
2024-04-15 12:29:34 {"status":"bad","gid":"587151","msg":"添加失败！号码【1603558(-|-)】已存在！"}

2024-04-15 12:41:38 开始第 3657 次操作

2024-04-15 12:41:38 开始操作号码 【1603559】
2024-04-15 12:41:45 GSD getOne 第 1 次 等待 3 秒
2024-04-15 12:41:48 查询号码 【1603559】，返回信息 {"status":"ok","msg":"-","gid":"587181","time_insert":"2023-03-13 03:34"}
2024-04-15 12:41:48 查询号码 【1603559】，GSD为【"-"】
2024-04-15 12:41:48 ok && -
2024-04-15 12:41:50 CHB 1603559?1713156108 第 1 次 等待 3 秒
2024-04-15 12:41:53 CHB 1603559?1713156108 第 1 次 获取到号码【1603559】GSD
2024-04-15 12:41:53 未获取到号码【1603559】GSD，可能号码格式错误
2024-04-15 12:41:53 获取到号码【1603559】的GSD为【-】
2024-04-15 12:42:00 GSD insert 第 1 次 等待 3 秒
2024-04-15 12:42:03 {"status":"bad","gid":"587181","msg":"添加失败！号码【1603559(-|-)】已存在！"}
2024-04-15 12:42:03 随机等待 166 秒，约 2 分钟
2024-04-15 12:42:03 下次操作: 2024-04-15 12:44:49

2024-04-15 12:44:49 开始第 3658 次操作

2024-04-15 12:44:49 开始操作号码 【1603560】
2024-04-15 12:44:54 GSD getOne 第 1 次 等待 3 秒
2024-04-15 12:44:57 查询号码 【1603560】，返回信息 {"status":"ok","msg":"-","gid":"587210","time_insert":"2023-03-13 03:49"}
2024-04-15 12:44:57 查询号码 【1603560】，GSD为【"-"】
2024-04-15 12:44:57 ok && -
2024-04-15 12:44:59 CHB 1603560?1713156297 第 1 次 等待 3 秒
2024-04-15 12:45:02 CHB 1603560?1713156297 第 1 次 获取到号码【1603560】GSD
2024-04-15 12:45:02 未获取到号码【1603560】GSD，可能号码格式错误
2024-04-15 12:45:02 获取到号码【1603560】的GSD为【-】
2024-04-15 12:45:08 GSD insert 第 1 次 等待 3 秒
2024-04-15 12:45:11 {"status":"bad","gid":"587210","msg":"添加失败！号码【1603560(-|-)】已存在！"}
2024-04-15 12:45:11 随机等待 89 秒，约 1 分钟
2024-04-15 12:45:11 下次操作: 2024-04-15 12:46:40

2024-04-15 12:46:40 开始第 3659 次操作

2024-04-15 12:46:40 开始操作号码 【1603561】
2024-04-15 12:46:47 GSD getOne 第 1 次 等待 3 秒
2024-04-15 12:46:50 查询号码 【1603561】，返回信息 {"status":"ok","msg":"-","gid":"587226","time_insert":"2023-03-13 04:01"}
2024-04-15 12:46:50 查询号码 【1603561】，GSD为【"-"】
2024-04-15 12:46:50 ok && -
2024-04-15 12:46:52 CHB 1603561?1713156410 第 1 次 等待 3 秒
2024-04-15 12:46:55 CHB 1603561?1713156410 第 1 次 获取到号码【1603561】GSD
2024-04-15 12:46:55 未获取到号码【1603561】GSD，可能号码格式错误
2024-04-15 12:46:55 获取到号码【1603561】的GSD为【-】
2024-04-15 12:47:01 GSD insert 第 1 次 等待 3 秒
2024-04-15 12:47:04 {"status":"bad","gid":"587226","msg":"添加失败！号码【1603561(-|-)】已存在！"}
2024-04-15 12:47:04 随机等待 182 秒，约 3 分钟
2024-04-15 12:47:04 下次操作: 2024-04-15 12:50:06

2024-04-15 12:50:06 开始第 3660 次操作

2024-04-15 12:50:06 开始操作号码 【1603562】
2024-04-15 12:50:11 GSD getOne 第 1 次 等待 3 秒
2024-04-15 12:50:14 查询号码 【1603562】，返回信息 {"status":"ok","msg":"-","gid":"587241","time_insert":"2023-03-13 04:12"}
2024-04-15 12:50:14 查询号码 【1603562】，GSD为【"-"】
2024-04-15 12:50:14 ok && -
2024-04-15 12:50:16 CHB 1603562?1713156614 第 1 次 等待 3 秒
2024-04-15 12:50:19 CHB 1603562?1713156614 第 1 次 获取到号码【1603562】GSD
2024-04-15 12:50:19 未获取到号码【1603562】GSD，可能号码格式错误
2024-04-15 12:50:19 获取到号码【1603562】的GSD为【-】
2024-04-15 12:50:25 GSD insert 第 1 次 等待 3 秒
2024-04-15 12:50:28 {"status":"bad","gid":"587241","msg":"添加失败！号码【1603562(-|-)】已存在！"}

2024-04-15 13:13:51 开始第 3661 次操作

2024-04-15 13:13:51 开始操作号码 【1603563】
2024-04-15 13:13:58 GSD getOne 第 1 次 等待 3 秒
2024-04-15 13:14:01 查询号码 【1603563】，返回信息 {"status":"ok","msg":"-","gid":"587267","time_insert":"2023-03-13 04:29"}
2024-04-15 13:14:01 查询号码 【1603563】，GSD为【"-"】
2024-04-15 13:14:01 ok && -
2024-04-15 13:14:03 CHB 1603563?1713158041 第 1 次 等待 3 秒
2024-04-15 13:14:06 CHB 1603563?1713158041 第 1 次 获取到号码【1603563】GSD
2024-04-15 13:14:06 未获取到号码【1603563】GSD，可能号码格式错误
2024-04-15 13:14:06 获取到号码【1603563】的GSD为【-】
2024-04-15 13:14:10 GSD insert 第 1 次 等待 3 秒
2024-04-15 13:14:14 {"status":"bad","gid":"587267","msg":"添加失败！号码【1603563(-|-)】已存在！"}
2024-04-15 13:14:14 随机等待 164 秒，约 2 分钟
2024-04-15 13:14:14 下次操作: 2024-04-15 13:16:58

2024-04-15 13:16:58 开始第 3662 次操作

2024-04-15 13:16:58 开始操作号码 【1603564】
2024-04-15 13:17:03 GSD getOne 第 1 次 等待 3 秒
2024-04-15 13:17:06 查询号码 【1603564】，返回信息 {"status":"ok","msg":"-","gid":"587309","time_insert":"2023-03-13 04:53"}
2024-04-15 13:17:06 查询号码 【1603564】，GSD为【"-"】
2024-04-15 13:17:06 ok && -
2024-04-15 13:17:09 CHB 1603564?1713158226 第 1 次 等待 3 秒
2024-04-15 13:17:12 CHB 1603564?1713158226 第 1 次 获取到号码【1603564】GSD
2024-04-15 13:17:12 未获取到号码【1603564】GSD，可能号码格式错误
2024-04-15 13:17:12 获取到号码【1603564】的GSD为【-】
2024-04-15 13:17:17 GSD insert 第 1 次 等待 3 秒
2024-04-15 13:17:20 {"status":"bad","gid":"587309","msg":"添加失败！号码【1603564(-|-)】已存在！"}
2024-04-15 13:17:20 随机等待 210 秒，约 3 分钟
2024-04-15 13:17:20 下次操作: 2024-04-15 13:20:50

2024-04-15 13:20:50 开始第 3663 次操作

2024-04-15 13:20:50 开始操作号码 【1603565】
2024-04-15 13:20:55 GSD getOne 第 1 次 等待 3 秒
2024-04-15 13:20:58 查询号码 【1603565】，返回信息 {"status":"ok","msg":"-","gid":"587346","time_insert":"2023-03-13 05:16"}
2024-04-15 13:20:58 查询号码 【1603565】，GSD为【"-"】
2024-04-15 13:20:58 ok && -
2024-04-15 13:21:00 CHB 1603565?1713158458 第 1 次 等待 3 秒
2024-04-15 13:21:03 CHB 1603565?1713158458 第 1 次 获取到号码【1603565】GSD
2024-04-15 13:21:03 未获取到号码【1603565】GSD，可能号码格式错误
2024-04-15 13:21:03 获取到号码【1603565】的GSD为【-】
2024-04-15 13:21:11 GSD insert 第 1 次 等待 3 秒
2024-04-15 13:21:14 {"status":"bad","gid":"587346","msg":"添加失败！号码【1603565(-|-)】已存在！"}
2024-04-15 13:21:14 随机等待 104 秒，约 1 分钟
2024-04-15 13:21:14 下次操作: 2024-04-15 13:22:58

2024-04-15 13:22:58 开始第 3664 次操作

2024-04-15 13:22:58 开始操作号码 【1603566】
2024-04-15 13:23:03 GSD getOne 第 1 次 等待 3 秒
2024-04-15 13:23:06 查询号码 【1603566】，返回信息 {"status":"ok","msg":"-","gid":"587364","time_insert":"2023-03-13 05:29"}
2024-04-15 13:23:06 查询号码 【1603566】，GSD为【"-"】
2024-04-15 13:23:06 ok && -
2024-04-15 13:23:09 CHB 1603566?1713158586 第 1 次 等待 3 秒
2024-04-15 13:23:12 CHB 1603566?1713158586 第 1 次 获取到号码【1603566】GSD
2024-04-15 13:23:12 未获取到号码【1603566】GSD，可能号码格式错误
2024-04-15 13:23:12 获取到号码【1603566】的GSD为【-】
2024-04-15 13:23:17 GSD insert 第 1 次 等待 3 秒
2024-04-15 13:23:20 {"status":"bad","gid":"587364","msg":"添加失败！号码【1603566(-|-)】已存在！"}

2024-04-15 13:37:20 开始第 3665 次操作

2024-04-15 13:37:20 开始操作号码 【1603567】
2024-04-15 13:37:27 GSD getOne 第 1 次 等待 3 秒
2024-04-15 13:37:30 查询号码 【1603567】，返回信息 {"status":"ok","msg":"-","gid":"587380","time_insert":"2023-03-13 05:39"}
2024-04-15 13:37:30 查询号码 【1603567】，GSD为【"-"】
2024-04-15 13:37:30 ok && -
2024-04-15 13:37:32 CHB 1603567?1713159450 第 1 次 等待 3 秒
2024-04-15 13:37:35 CHB 1603567?1713159450 第 1 次 获取到号码【1603567】GSD
2024-04-15 13:37:35 未获取到号码【1603567】GSD，可能号码格式错误
2024-04-15 13:37:35 获取到号码【1603567】的GSD为【-】
2024-04-15 13:37:41 GSD insert 第 1 次 等待 3 秒
2024-04-15 13:37:44 {"status":"bad","gid":"587380","msg":"添加失败！号码【1603567(-|-)】已存在！"}
2024-04-15 13:37:45 随机等待 112 秒，约 1 分钟
2024-04-15 13:37:45 下次操作: 2024-04-15 13:39:37

2024-04-15 13:39:37 开始第 3666 次操作

2024-04-15 13:39:37 开始操作号码 【1603568】
2024-04-15 13:39:38 GSD getOne 第 1 次 等待 3 秒
2024-04-15 13:39:49 GSD getOne 第 2 次 等待 3 秒
2024-04-15 13:39:52 查询号码 【1603568】，返回信息 {"status":"ok","msg":"-","gid":"587412","time_insert":"2023-03-13 05:55"}
2024-04-15 13:39:52 查询号码 【1603568】，GSD为【"-"】
2024-04-15 13:39:52 ok && -
2024-04-15 13:39:55 CHB 1603568?1713159592 第 1 次 等待 3 秒
2024-04-15 13:39:58 CHB 1603568?1713159592 第 1 次 获取到号码【1603568】GSD
2024-04-15 13:39:58 未获取到号码【1603568】GSD，可能号码格式错误
2024-04-15 13:39:58 获取到号码【1603568】的GSD为【-】
2024-04-15 13:40:03 GSD insert 第 1 次 等待 3 秒
2024-04-15 13:40:06 {"status":"bad","gid":"587412","msg":"添加失败！号码【1603568(-|-)】已存在！"}
2024-04-15 13:40:06 随机等待 161 秒，约 2 分钟
2024-04-15 13:40:06 下次操作: 2024-04-15 13:42:47

2024-04-15 13:42:47 开始第 3667 次操作

2024-04-15 13:42:47 开始操作号码 【1603569】
2024-04-15 13:42:52 GSD getOne 第 1 次 等待 3 秒
2024-04-15 13:42:55 查询号码 【1603569】，返回信息 {"status":"ok","msg":"-","gid":"587441","time_insert":"2023-03-13 06:15"}
2024-04-15 13:42:55 查询号码 【1603569】，GSD为【"-"】
2024-04-15 13:42:55 ok && -
2024-04-15 13:42:57 CHB 1603569?1713159775 第 1 次 等待 3 秒
2024-04-15 13:43:00 CHB 1603569?1713159775 第 1 次 获取到号码【1603569】GSD
2024-04-15 13:43:00 未获取到号码【1603569】GSD，可能号码格式错误
2024-04-15 13:43:00 获取到号码【1603569】的GSD为【-】
2024-04-15 13:43:08 GSD insert 第 1 次 等待 3 秒
2024-04-15 13:43:11 {"status":"bad","gid":"587441","msg":"添加失败！号码【1603569(-|-)】已存在！"}
2024-04-15 13:43:11 随机等待 202 秒，约 3 分钟
2024-04-15 13:43:11 下次操作: 2024-04-15 13:46:33

2024-04-15 13:46:33 开始第 3668 次操作

2024-04-15 13:46:33 开始操作号码 【1603570】
2024-04-15 13:46:38 GSD getOne 第 1 次 等待 3 秒
2024-04-15 13:46:41 查询号码 【1603570】，返回信息 {"status":"ok","msg":"-","gid":"587473","time_insert":"2023-03-13 06:39"}
2024-04-15 13:46:41 查询号码 【1603570】，GSD为【"-"】
2024-04-15 13:46:41 ok && -
2024-04-15 13:46:43 CHB 1603570?1713160001 第 1 次 等待 3 秒
2024-04-15 13:46:46 CHB 1603570?1713160001 第 1 次 获取到号码【1603570】GSD
2024-04-15 13:46:46 未获取到号码【1603570】GSD，可能号码格式错误
2024-04-15 13:46:46 获取到号码【1603570】的GSD为【-】
2024-04-15 13:46:51 GSD insert 第 1 次 等待 3 秒
2024-04-15 13:46:54 {"status":"bad","gid":"587473","msg":"添加失败！号码【1603570(-|-)】已存在！"}

2024-04-15 14:20:46 开始第 3669 次操作

2024-04-15 14:20:46 开始操作号码 【1603571】
2024-04-15 14:20:53 GSD getOne 第 1 次 等待 3 秒
2024-04-15 14:20:56 查询号码 【1603571】，返回信息 {"status":"ok","msg":"-","gid":"587495","time_insert":"2023-03-13 06:51"}
2024-04-15 14:20:56 查询号码 【1603571】，GSD为【"-"】
2024-04-15 14:20:56 ok && -
2024-04-15 14:20:58 CHB 1603571?1713162056 第 1 次 等待 3 秒
2024-04-15 14:21:01 CHB 1603571?1713162056 第 1 次 获取到号码【1603571】GSD
2024-04-15 14:21:01 未获取到号码【1603571】GSD，可能号码格式错误
2024-04-15 14:21:01 获取到号码【1603571】的GSD为【-】
2024-04-15 14:21:06 GSD insert 第 1 次 等待 3 秒
2024-04-15 14:21:09 {"status":"bad","gid":"587495","msg":"添加失败！号码【1603571(-|-)】已存在！"}
2024-04-15 14:21:09 随机等待 170 秒，约 2 分钟
2024-04-15 14:21:09 下次操作: 2024-04-15 14:23:59

2024-04-15 14:23:59 开始第 3670 次操作

2024-04-15 14:23:59 开始操作号码 【1603572】
2024-04-15 14:24:04 GSD getOne 第 1 次 等待 3 秒
2024-04-15 14:24:07 查询号码 【1603572】，返回信息 {"status":"ok","msg":"-","gid":"587518","time_insert":"2023-03-13 07:10"}
2024-04-15 14:24:07 查询号码 【1603572】，GSD为【"-"】
2024-04-15 14:24:07 ok && -
2024-04-15 14:24:09 CHB 1603572?1713162247 第 1 次 等待 3 秒
2024-04-15 14:24:12 CHB 1603572?1713162247 第 1 次 获取到号码【1603572】GSD
2024-04-15 14:24:12 未获取到号码【1603572】GSD，可能号码格式错误
2024-04-15 14:24:12 获取到号码【1603572】的GSD为【-】
2024-04-15 14:24:17 GSD insert 第 1 次 等待 3 秒
2024-04-15 14:24:20 {"status":"bad","gid":"587518","msg":"添加失败！号码【1603572(-|-)】已存在！"}
2024-04-15 14:24:20 随机等待 179 秒，约 2 分钟
2024-04-15 14:24:20 下次操作: 2024-04-15 14:27:19

2024-04-15 14:27:19 开始第 3671 次操作

2024-04-15 14:27:19 开始操作号码 【1603573】
2024-04-15 14:27:27 GSD getOne 第 1 次 等待 3 秒
2024-04-15 14:27:30 查询号码 【1603573】，返回信息 {"status":"ok","msg":"-","gid":"587553","time_insert":"2023-03-13 07:32"}
2024-04-15 14:27:30 查询号码 【1603573】，GSD为【"-"】
2024-04-15 14:27:30 ok && -
2024-04-15 14:27:32 CHB 1603573?1713162450 第 1 次 等待 3 秒
2024-04-15 14:27:35 CHB 1603573?1713162450 第 1 次 获取到号码【1603573】GSD
2024-04-15 14:27:35 未获取到号码【1603573】GSD，可能号码格式错误
2024-04-15 14:27:35 获取到号码【1603573】的GSD为【-】
2024-04-15 14:27:40 GSD insert 第 1 次 等待 3 秒
2024-04-15 14:27:43 {"status":"bad","gid":"587553","msg":"添加失败！号码【1603573(-|-)】已存在！"}
2024-04-15 14:27:43 随机等待 156 秒，约 2 分钟
2024-04-15 14:27:43 下次操作: 2024-04-15 14:30:19

2024-04-15 14:30:19 开始第 3672 次操作

2024-04-15 14:30:19 开始操作号码 【1603574】
2024-04-15 14:30:23 GSD getOne 第 1 次 等待 3 秒
2024-04-15 14:30:26 查询号码 【1603574】，返回信息 {"status":"ok","msg":"-","gid":"587581","time_insert":"2023-03-13 07:48"}
2024-04-15 14:30:26 查询号码 【1603574】，GSD为【"-"】
2024-04-15 14:30:26 ok && -
2024-04-15 14:30:29 CHB 1603574?1713162626 第 1 次 等待 3 秒
2024-04-15 14:30:32 CHB 1603574?1713162626 第 1 次 获取到号码【1603574】GSD
2024-04-15 14:30:32 未获取到号码【1603574】GSD，可能号码格式错误
2024-04-15 14:30:32 获取到号码【1603574】的GSD为【-】
2024-04-15 14:30:36 GSD insert 第 1 次 等待 3 秒
2024-04-15 14:30:39 {"status":"bad","gid":"587581","msg":"添加失败！号码【1603574(-|-)】已存在！"}

2024-04-15 14:37:12 开始第 3673 次操作

2024-04-15 14:37:12 开始操作号码 【1603575】
2024-04-15 14:37:18 GSD getOne 第 1 次 等待 3 秒
2024-04-15 14:37:21 查询号码 【1603575】，返回信息 {"status":"ok","msg":"-","gid":"587612","time_insert":"2023-03-13 08:09"}
2024-04-15 14:37:21 查询号码 【1603575】，GSD为【"-"】
2024-04-15 14:37:21 ok && -
2024-04-15 14:37:24 CHB 1603575?1713163041 第 1 次 等待 3 秒
2024-04-15 14:37:27 CHB 1603575?1713163041 第 1 次 获取到号码【1603575】GSD
2024-04-15 14:37:27 未获取到号码【1603575】GSD，可能号码格式错误
2024-04-15 14:37:27 获取到号码【1603575】的GSD为【-】
2024-04-15 14:37:33 GSD insert 第 1 次 等待 3 秒
2024-04-15 14:37:36 {"status":"bad","gid":"587612","msg":"添加失败！号码【1603575(-|-)】已存在！"}
2024-04-15 14:37:36 随机等待 88 秒，约 1 分钟
2024-04-15 14:37:36 下次操作: 2024-04-15 14:39:04

2024-04-15 14:39:04 开始第 3674 次操作

2024-04-15 14:39:04 开始操作号码 【1603576】
2024-04-15 14:39:09 GSD getOne 第 1 次 等待 3 秒
2024-04-15 14:39:12 查询号码 【1603576】，返回信息 {"status":"ok","msg":"-","gid":"587627","time_insert":"2023-03-13 08:25"}
2024-04-15 14:39:12 查询号码 【1603576】，GSD为【"-"】
2024-04-15 14:39:12 ok && -
2024-04-15 14:39:14 CHB 1603576?1713163152 第 1 次 等待 3 秒
2024-04-15 14:39:17 CHB 1603576?1713163152 第 1 次 获取到号码【1603576】GSD
2024-04-15 14:39:17 未获取到号码【1603576】GSD，可能号码格式错误
2024-04-15 14:39:17 获取到号码【1603576】的GSD为【-】
2024-04-15 14:39:22 GSD insert 第 1 次 等待 3 秒
2024-04-15 14:39:25 {"status":"bad","gid":"587627","msg":"添加失败！号码【1603576(-|-)】已存在！"}
2024-04-15 14:39:25 随机等待 215 秒，约 3 分钟
2024-04-15 14:39:25 下次操作: 2024-04-15 14:43:00

2024-04-15 14:43:00 开始第 3675 次操作

2024-04-15 14:43:00 开始操作号码 【1603577】
2024-04-15 14:43:05 GSD getOne 第 1 次 等待 3 秒
2024-04-15 14:43:08 查询号码 【1603577】，返回信息 {"status":"ok","msg":"-","gid":"587639","time_insert":"2023-03-13 08:38"}
2024-04-15 14:43:08 查询号码 【1603577】，GSD为【"-"】
2024-04-15 14:43:08 ok && -
2024-04-15 14:43:10 CHB 1603577?1713163388 第 1 次 等待 3 秒
2024-04-15 14:43:13 CHB 1603577?1713163388 第 1 次 获取到号码【1603577】GSD
2024-04-15 14:43:13 未获取到号码【1603577】GSD，可能号码格式错误
2024-04-15 14:43:13 获取到号码【1603577】的GSD为【-】
2024-04-15 14:43:18 GSD insert 第 1 次 等待 3 秒
2024-04-15 14:43:21 {"status":"bad","gid":"587639","msg":"添加失败！号码【1603577(-|-)】已存在！"}
2024-04-15 14:43:21 随机等待 78 秒，约 1 分钟
2024-04-15 14:43:21 下次操作: 2024-04-15 14:44:39

2024-04-15 14:44:39 开始第 3676 次操作

2024-04-15 14:44:39 开始操作号码 【1603578】
2024-04-15 14:44:45 GSD getOne 第 1 次 等待 3 秒
2024-04-15 14:44:48 查询号码 【1603578】，返回信息 {"status":"ok","msg":"-","gid":"587650","time_insert":"2023-03-13 08:50"}
2024-04-15 14:44:48 查询号码 【1603578】，GSD为【"-"】
2024-04-15 14:44:48 ok && -
2024-04-15 14:44:50 CHB 1603578?1713163488 第 1 次 等待 3 秒
2024-04-15 14:44:53 CHB 1603578?1713163488 第 1 次 获取到号码【1603578】GSD
2024-04-15 14:44:53 未获取到号码【1603578】GSD，可能号码格式错误
2024-04-15 14:44:53 获取到号码【1603578】的GSD为【-】
2024-04-15 14:44:58 GSD insert 第 1 次 等待 3 秒
2024-04-15 14:45:01 {"status":"bad","gid":"587650","msg":"添加失败！号码【1603578(-|-)】已存在！"}

2024-04-15 15:12:50 开始第 3677 次操作

2024-04-15 15:12:50 开始操作号码 【1603579】
2024-04-15 15:12:55 GSD getOne 第 1 次 等待 3 秒
2024-04-15 15:12:58 查询号码 【1603579】，返回信息 {"status":"ok","msg":"-","gid":"587665","time_insert":"2023-03-13 08:58"}
2024-04-15 15:12:58 查询号码 【1603579】，GSD为【"-"】
2024-04-15 15:12:58 ok && -
2024-04-15 15:13:00 CHB 1603579?1713165178 第 1 次 等待 3 秒
2024-04-15 15:13:03 CHB 1603579?1713165178 第 1 次 获取到号码【1603579】GSD
2024-04-15 15:13:03 未获取到号码【1603579】GSD，可能号码格式错误
2024-04-15 15:13:03 获取到号码【1603579】的GSD为【-】
2024-04-15 15:13:07 GSD insert 第 1 次 等待 3 秒
2024-04-15 15:13:10 {"status":"bad","gid":"587665","msg":"添加失败！号码【1603579(-|-)】已存在！"}
2024-04-15 15:13:10 随机等待 114 秒，约 1 分钟
2024-04-15 15:13:10 下次操作: 2024-04-15 15:15:04

2024-04-15 15:15:04 开始第 3678 次操作

2024-04-15 15:15:04 开始操作号码 【1603580】
2024-04-15 15:15:12 GSD getOne 第 1 次 等待 3 秒
2024-04-15 15:15:15 查询号码 【1603580】，返回信息 {"status":"ok","msg":"-","gid":"587687","time_insert":"2023-03-13 09:18"}
2024-04-15 15:15:15 查询号码 【1603580】，GSD为【"-"】
2024-04-15 15:15:15 ok && -
2024-04-15 15:15:17 CHB 1603580?1713165315 第 1 次 等待 3 秒
2024-04-15 15:15:20 CHB 1603580?1713165315 第 1 次 获取到号码【1603580】GSD
2024-04-15 15:15:20 未获取到号码【1603580】GSD，可能号码格式错误
2024-04-15 15:15:20 获取到号码【1603580】的GSD为【-】
2024-04-15 15:15:26 GSD insert 第 1 次 等待 3 秒
2024-04-15 15:15:29 {"status":"bad","gid":"587687","msg":"添加失败！号码【1603580(-|-)】已存在！"}
2024-04-15 15:15:29 随机等待 215 秒，约 3 分钟
2024-04-15 15:15:29 下次操作: 2024-04-15 15:19:04

2024-04-15 15:19:04 开始第 3679 次操作

2024-04-15 15:19:04 开始操作号码 【1603581】
2024-04-15 15:19:09 GSD getOne 第 1 次 等待 3 秒
2024-04-15 15:19:12 查询号码 【1603581】，返回信息 {"status":"ok","msg":"-","gid":"587702","time_insert":"2023-03-13 09:35"}
2024-04-15 15:19:12 查询号码 【1603581】，GSD为【"-"】
2024-04-15 15:19:12 ok && -
2024-04-15 15:19:13 CHB 1603581?1713165552 第 1 次 等待 3 秒
2024-04-15 15:19:16 CHB 1603581?1713165552 第 1 次 获取到号码【1603581】GSD
2024-04-15 15:19:16 未获取到号码【1603581】GSD，可能号码格式错误
2024-04-15 15:19:16 获取到号码【1603581】的GSD为【-】
2024-04-15 15:19:23 GSD insert 第 1 次 等待 3 秒
2024-04-15 15:19:26 {"status":"bad","gid":"587702","msg":"添加失败！号码【1603581(-|-)】已存在！"}
2024-04-15 15:19:26 随机等待 168 秒，约 2 分钟
2024-04-15 15:19:26 下次操作: 2024-04-15 15:22:14

2024-04-15 15:22:14 开始第 3680 次操作

2024-04-15 15:22:14 开始操作号码 【1603582】
2024-04-15 15:22:21 GSD getOne 第 1 次 等待 3 秒
2024-04-15 15:22:24 查询号码 【1603582】，返回信息 {"status":"ok","msg":"-","gid":"587723","time_insert":"2023-03-13 09:57"}
2024-04-15 15:22:25 查询号码 【1603582】，GSD为【"-"】
2024-04-15 15:22:25 ok && -
2024-04-15 15:22:27 CHB 1603582?1713165745 第 1 次 等待 3 秒
2024-04-15 15:22:30 CHB 1603582?1713165745 第 1 次 获取到号码【1603582】GSD
2024-04-15 15:22:30 未获取到号码【1603582】GSD，可能号码格式错误
2024-04-15 15:22:30 获取到号码【1603582】的GSD为【-】
2024-04-15 15:22:35 GSD insert 第 1 次 等待 3 秒
2024-04-15 15:22:38 {"status":"bad","gid":"587723","msg":"添加失败！号码【1603582(-|-)】已存在！"}

