2021-07-01 00:00:24 开始第 6 次操作

2021-07-01 00:00:24 开始操作号码 【1705670】
2021-07-01 00:00:32 GSD getOne 第 1 次 等待 1 秒
2021-07-01 00:00:33 查询号码 【1705670】，返回信息 {"status":"bad","msg":""}
2021-07-01 00:00:33 查询号码 【1705670】，GSD为【""】
2021-07-01 00:00:33 bad
2021-07-01 00:00:35 CHB 1705670?1625068833 第 1 次 等待 1 秒
2021-07-01 00:00:36 CHB 1705670?1625068833 第 1 次 获取到号码【1705670】GSD
2021-07-01 00:00:36 获取到号码【1705670】的GSD为【辽宁-沈阳】
2021-07-01 00:00:56 GSD insert 第 1 次 等待 1 秒
2021-07-01 00:00:57 {"status":"ok","msg":"添加成功！163008"}
2021-07-01 00:00:57 下次操作: 2021-07-01 00:01:05

2021-07-01 00:01:05 开始第 7 次操作

2021-07-01 00:01:05 开始操作号码 【1705671】
2021-07-01 00:01:17 GSD getOne 第 1 次 等待 1 秒
2021-07-01 00:01:18 查询号码 【1705671】，返回信息 {"status":"bad","msg":""}
2021-07-01 00:01:18 查询号码 【1705671】，GSD为【""】
2021-07-01 00:01:18 bad
2021-07-01 00:01:21 CHB 1705671?1625068878 第 1 次 等待 1 秒
2021-07-01 00:01:22 CHB 1705671?1625068878 第 1 次 获取到号码【1705671】GSD
2021-07-01 00:01:22 获取到号码【1705671】的GSD为【辽宁-大连】
2021-07-01 00:01:45 GSD insert 第 1 次 等待 1 秒
2021-07-01 00:01:46 {"status":"ok","msg":"添加成功！163013"}
2021-07-01 00:01:46 下次操作: 2021-07-01 00:01:55

2021-07-01 00:01:55 开始第 8 次操作

2021-07-01 00:01:55 开始操作号码 【1705672】
2021-07-01 00:02:08 GSD getOne 第 1 次 等待 1 秒
2021-07-01 00:02:09 查询号码 【1705672】，返回信息 {"status":"bad","msg":""}
2021-07-01 00:02:09 查询号码 【1705672】，GSD为【""】
2021-07-01 00:02:09 bad
2021-07-01 00:02:11 CHB 1705672?1625068929 第 1 次 等待 1 秒
2021-07-01 00:02:12 CHB 1705672?1625068929 第 1 次 获取到号码【1705672】GSD
2021-07-01 00:02:12 获取到号码【1705672】的GSD为【山东-济南】
2021-07-01 00:02:51 GSD insert 第 1 次 等待 1 秒
2021-07-01 00:02:52 {"status":"ok","msg":"添加成功！163020"}
2021-07-01 00:02:52 下次操作: 2021-07-01 00:03:01

2021-07-01 00:03:01 开始第 9 次操作

2021-07-01 00:03:01 开始操作号码 【1705673】
2021-07-01 00:03:12 GSD getOne 第 1 次 等待 1 秒
2021-07-01 00:03:13 查询号码 【1705673】，返回信息 {"status":"bad","msg":""}
2021-07-01 00:03:13 查询号码 【1705673】，GSD为【""】
2021-07-01 00:03:13 bad
2021-07-01 00:03:15 CHB 1705673?1625068993 第 1 次 等待 1 秒
2021-07-01 00:03:16 CHB 1705673?1625068993 第 1 次 获取到号码【1705673】GSD
2021-07-01 00:03:16 获取到号码【1705673】的GSD为【山东-青岛】
2021-07-01 00:03:36 GSD insert 第 1 次 等待 1 秒
2021-07-01 00:03:37 {"status":"ok","msg":"添加成功！163028"}
2021-07-01 00:03:37 下次操作: 2021-07-01 00:03:54

2021-07-01 00:03:54 开始第 10 次操作

2021-07-01 00:03:54 开始操作号码 【1705674】
2021-07-01 00:03:59 GSD getOne 第 1 次 等待 1 秒
2021-07-01 00:04:00 查询号码 【1705674】，返回信息 {"status":"bad","msg":""}
2021-07-01 00:04:00 查询号码 【1705674】，GSD为【""】
2021-07-01 00:04:00 bad
2021-07-01 00:04:02 CHB 1705674?1625069040 第 1 次 等待 1 秒
2021-07-01 00:04:03 CHB 1705674?1625069040 第 1 次 获取到号码【1705674】GSD
2021-07-01 00:04:03 获取到号码【1705674】的GSD为【山东-烟台】
2021-07-01 00:04:22 GSD insert 第 1 次 等待 1 秒
2021-07-01 00:04:23 {"status":"ok","msg":"添加成功！163036"}
2021-07-01 00:04:23 下次操作: 2021-07-01 00:04:39

2021-07-01 00:04:39 开始第 11 次操作

2021-07-01 00:04:39 开始操作号码 【1705675】
2021-07-01 00:04:45 GSD getOne 第 1 次 等待 1 秒
2021-07-01 00:04:46 查询号码 【1705675】，返回信息 {"status":"bad","msg":""}
2021-07-01 00:04:46 查询号码 【1705675】，GSD为【""】
2021-07-01 00:04:46 bad
2021-07-01 00:04:49 CHB 1705675?1625069086 第 1 次 等待 1 秒
2021-07-01 00:04:50 CHB 1705675?1625069086 第 1 次 获取到号码【1705675】GSD
2021-07-01 00:04:50 获取到号码【1705675】的GSD为【山西-太原】
2021-07-01 00:05:09 GSD insert 第 1 次 等待 1 秒
2021-07-01 00:05:10 {"status":"ok","msg":"添加成功！163042"}
2021-07-01 00:05:10 下次操作: 2021-07-01 00:05:16

2021-07-01 00:05:16 开始第 12 次操作

2021-07-01 00:05:16 开始操作号码 【1705676】
2021-07-01 00:05:37 GSD getOne 第 1 次 等待 1 秒
2021-07-01 00:05:38 查询号码 【1705676】，返回信息 {"status":"bad","msg":""}
2021-07-01 00:05:38 查询号码 【1705676】，GSD为【""】
2021-07-01 00:05:38 bad
2021-07-01 00:05:41 CHB 1705676?1625069138 第 1 次 等待 1 秒
2021-07-01 00:05:42 CHB 1705676?1625069138 第 1 次 获取到号码【1705676】GSD
2021-07-01 00:05:42 获取到号码【1705676】的GSD为【陕西-西安】
2021-07-01 00:06:01 GSD insert 第 1 次 等待 1 秒
2021-07-01 00:06:02 {"status":"ok","msg":"添加成功！163050"}
2021-07-01 00:06:02 下次操作: 2021-07-01 00:06:19

2021-07-01 00:06:19 开始第 13 次操作

2021-07-01 00:06:19 开始操作号码 【1705677】
2021-07-01 00:06:23 GSD getOne 第 1 次 等待 1 秒
2021-07-01 00:06:24 查询号码 【1705677】，返回信息 {"status":"bad","msg":""}
2021-07-01 00:06:24 查询号码 【1705677】，GSD为【""】
2021-07-01 00:06:24 bad
2021-07-01 00:06:27 CHB 1705677?1625069184 第 1 次 等待 1 秒
2021-07-01 00:06:28 CHB 1705677?1625069184 第 1 次 获取到号码【1705677】GSD
2021-07-01 00:06:28 获取到号码【1705677】的GSD为【云南-昆明】
2021-07-01 00:06:49 GSD insert 第 1 次 等待 1 秒
2021-07-01 00:06:50 {"status":"ok","msg":"添加成功！163057"}
2021-07-01 00:06:50 下次操作: 2021-07-01 00:07:05

2021-07-01 00:07:05 开始第 14 次操作

2021-07-01 00:07:05 开始操作号码 【1705678】
2021-07-01 00:07:09 GSD getOne 第 1 次 等待 1 秒
2021-07-01 00:07:10 查询号码 【1705678】，返回信息 {"status":"bad","msg":""}
2021-07-01 00:07:10 查询号码 【1705678】，GSD为【""】
2021-07-01 00:07:10 bad
2021-07-01 00:07:12 CHB 1705678?1625069230 第 1 次 等待 1 秒
2021-07-01 00:07:13 CHB 1705678?1625069230 第 1 次 获取到号码【1705678】GSD
2021-07-01 00:07:13 获取到号码【1705678】的GSD为【浙江-杭州】
2021-07-01 00:07:33 GSD insert 第 1 次 等待 1 秒
2021-07-01 00:07:34 {"status":"ok","msg":"添加成功！163063"}
2021-07-01 00:07:34 下次操作: 2021-07-01 00:07:42

2021-07-01 00:07:42 开始第 15 次操作

2021-07-01 00:07:42 开始操作号码 【1705679】
2021-07-01 00:07:53 GSD getOne 第 1 次 等待 1 秒
2021-07-01 00:07:54 查询号码 【1705679】，返回信息 {"status":"bad","msg":""}
2021-07-01 00:07:54 查询号码 【1705679】，GSD为【""】
2021-07-01 00:07:54 bad
2021-07-01 00:07:56 CHB 1705679?1625069274 第 1 次 等待 1 秒
2021-07-01 00:07:57 CHB 1705679?1625069274 第 1 次 获取到号码【1705679】GSD
2021-07-01 00:07:57 获取到号码【1705679】的GSD为【重庆-重庆】
2021-07-01 00:08:17 GSD insert 第 1 次 等待 1 秒
2021-07-01 00:08:18 {"status":"ok","msg":"添加成功！163068"}
2021-07-01 00:08:18 下次操作: 2021-07-01 00:08:27

2021-07-01 00:08:27 开始第 16 次操作

2021-07-01 00:08:27 开始操作号码 【1705680】
2021-07-01 00:08:38 GSD getOne 第 1 次 等待 1 秒
2021-07-01 00:08:39 查询号码 【1705680】，返回信息 {"status":"ok","msg":"湖北-孝感","time_insert":"2018-02-10 14:00","time_update":"2020-09-18 11:46"}
2021-07-01 00:08:39 查询号码 【1705680】，GSD为【"湖北-孝感"】

2021-07-01 00:08:39 开始第 16 次操作

2021-07-01 00:08:39 开始操作号码 【1705681】
2021-07-01 00:09:00 GSD getOne 第 1 次 等待 1 秒
2021-07-01 00:09:01 查询号码 【1705681】，返回信息 {"status":"bad","msg":""}
2021-07-01 00:09:01 查询号码 【1705681】，GSD为【""】
2021-07-01 00:09:01 bad
2021-07-01 00:09:05 CHB 1705681?1625069341 第 1 次 等待 1 秒
2021-07-01 00:09:06 CHB 1705681?1625069341 第 1 次 获取到号码【1705681】GSD
2021-07-01 00:09:06 获取到号码【1705681】的GSD为【湖北-黄冈】
2021-07-01 00:09:42 GSD insert 第 1 次 等待 1 秒
2021-07-01 00:09:43 {"status":"ok","msg":"添加成功！163077"}
2021-07-01 00:09:43 下次操作: 2021-07-01 00:09:57

2021-07-01 00:09:57 开始第 17 次操作

2021-07-01 00:09:57 开始操作号码 【1705682】
2021-07-01 00:10:02 GSD getOne 第 1 次 等待 1 秒
2021-07-01 00:10:03 查询号码 【1705682】，返回信息 {"status":"bad","msg":""}
2021-07-01 00:10:03 查询号码 【1705682】，GSD为【""】
2021-07-01 00:10:03 bad
2021-07-01 00:10:05 CHB 1705682?1625069403 第 1 次 等待 1 秒
2021-07-01 00:10:06 CHB 1705682?1625069403 第 1 次 获取到号码【1705682】GSD
2021-07-01 00:10:06 获取到号码【1705682】的GSD为【湖北-咸宁】
2021-07-01 00:10:28 GSD insert 第 1 次 等待 1 秒
2021-07-01 00:10:29 {"status":"ok","msg":"添加成功！163080"}
2021-07-01 00:10:29 下次操作: 2021-07-01 00:10:39

2021-07-01 00:10:39 开始第 18 次操作

2021-07-01 00:10:39 开始操作号码 【1705683】
2021-07-01 00:11:52 GSD getOne 第 1 次 等待 1 秒
2021-07-01 00:11:53 查询号码 【1705683】，返回信息 {"status":"bad","msg":""}
2021-07-01 00:11:53 查询号码 【1705683】，GSD为【""】
2021-07-01 00:11:53 bad
2021-07-01 00:11:59 CHB 1705683?1625069513 第 1 次 等待 1 秒
2021-07-01 00:12:00 CHB 1705683?1625069513 第 1 次 获取到号码【1705683】GSD
2021-07-01 00:12:00 获取到号码【1705683】的GSD为【福建-福州】
2021-07-01 00:12:20 GSD insert 第 1 次 等待 1 秒
2021-07-01 00:12:21 {"status":"ok","msg":"添加成功！163087"}
2021-07-01 00:12:21 下次操作: 2021-07-01 00:12:30

2021-07-01 00:12:30 开始第 19 次操作

2021-07-01 00:12:30 开始操作号码 【1705684】
2021-07-01 00:12:41 GSD getOne 第 1 次 等待 1 秒
2021-07-01 00:12:42 查询号码 【1705684】，返回信息 {"status":"bad","msg":""}
2021-07-01 00:12:42 查询号码 【1705684】，GSD为【""】
2021-07-01 00:12:42 bad
2021-07-01 00:12:46 CHB 1705684?1625069562 第 1 次 等待 1 秒
2021-07-01 00:12:47 CHB 1705684?1625069562 第 1 次 获取到号码【1705684】GSD
2021-07-01 00:12:47 获取到号码【1705684】的GSD为【福建-厦门】
2021-07-01 00:13:07 GSD insert 第 1 次 等待 1 秒
2021-07-01 00:13:08 {"status":"ok","msg":"添加成功！163089"}
2021-07-01 00:13:08 下次操作: 2021-07-01 00:13:22

2021-07-01 00:13:22 开始第 20 次操作

2021-07-01 00:13:22 开始操作号码 【1705685】
2021-07-01 00:13:26 GSD getOne 第 1 次 等待 1 秒
2021-07-01 00:13:27 查询号码 【1705685】，返回信息 {"status":"bad","msg":""}
2021-07-01 00:13:27 查询号码 【1705685】，GSD为【""】
2021-07-01 00:13:27 bad
2021-07-01 00:13:29 CHB 1705685?1625069607 第 1 次 等待 1 秒
2021-07-01 00:13:30 CHB 1705685?1625069607 第 1 次 获取到号码【1705685】GSD
2021-07-01 00:13:30 获取到号码【1705685】的GSD为【天津-天津】
2021-07-01 00:13:50 GSD insert 第 1 次 等待 1 秒
2021-07-01 00:13:51 {"status":"ok","msg":"添加成功！163091"}
2021-07-01 00:13:51 下次操作: 2021-07-01 00:14:02

2021-07-01 00:14:02 开始第 21 次操作

2021-07-01 00:14:02 开始操作号码 【1705686】
2021-07-01 00:14:14 GSD getOne 第 1 次 等待 1 秒
2021-07-01 00:14:15 查询号码 【1705686】，返回信息 {"status":"bad","msg":""}
2021-07-01 00:14:15 查询号码 【1705686】，GSD为【""】
2021-07-01 00:14:15 bad
2021-07-01 00:14:17 CHB 1705686?1625069655 第 1 次 等待 1 秒
2021-07-01 00:14:18 CHB 1705686?1625069655 第 1 次 获取到号码【1705686】GSD
2021-07-01 00:14:18 获取到号码【1705686】的GSD为【黑龙江-哈尔滨】
2021-07-01 00:14:37 GSD insert 第 1 次 等待 1 秒
2021-07-01 00:14:38 {"status":"ok","msg":"添加成功！163094"}
2021-07-01 00:14:38 下次操作: 2021-07-01 00:14:55

2021-07-01 00:14:55 开始第 22 次操作

2021-07-01 00:14:55 开始操作号码 【1705687】
2021-07-01 00:15:01 GSD getOne 第 1 次 等待 1 秒
2021-07-01 00:15:02 查询号码 【1705687】，返回信息 {"status":"bad","msg":""}
2021-07-01 00:15:02 查询号码 【1705687】，GSD为【""】
2021-07-01 00:15:02 bad
2021-07-01 00:15:09 CHB 1705687?1625069702 第 1 次 等待 1 秒
2021-07-01 00:15:10 CHB 1705687?1625069702 第 1 次 获取到号码【1705687】GSD
2021-07-01 00:15:10 获取到号码【1705687】的GSD为【山东-济南】
2021-07-01 00:15:21 GSD insert 第 1 次 等待 1 秒
2021-07-01 00:15:22 {"status":"ok","msg":"添加成功！163097"}
2021-07-01 00:15:22 下次操作: 2021-07-01 00:15:40

2021-07-01 00:15:40 开始第 23 次操作

2021-07-01 00:15:40 开始操作号码 【1705688】
2021-07-01 00:15:44 GSD getOne 第 1 次 等待 1 秒
2021-07-01 00:15:45 查询号码 【1705688】，返回信息 {"status":"bad","msg":""}
2021-07-01 00:15:45 查询号码 【1705688】，GSD为【""】
2021-07-01 00:15:45 bad
2021-07-01 00:15:48 CHB 1705688?1625069745 第 1 次 等待 1 秒
2021-07-01 00:15:49 CHB 1705688?1625069745 第 1 次 获取到号码【1705688】GSD
2021-07-01 00:15:49 获取到号码【1705688】的GSD为【山东-青岛】
2021-07-01 00:16:08 GSD insert 第 1 次 等待 1 秒
2021-07-01 00:16:09 {"status":"ok","msg":"添加成功！163100"}
2021-07-01 00:16:09 下次操作: 2021-07-01 00:16:22

2021-07-01 00:16:22 开始第 24 次操作

2021-07-01 00:16:22 开始操作号码 【1705689】
2021-07-01 00:16:28 GSD getOne 第 1 次 等待 1 秒
2021-07-01 00:16:29 查询号码 【1705689】，返回信息 {"status":"bad","msg":""}
2021-07-01 00:16:29 查询号码 【1705689】，GSD为【""】
2021-07-01 00:16:29 bad
2021-07-01 00:16:31 CHB 1705689?1625069789 第 1 次 等待 1 秒
2021-07-01 00:16:32 CHB 1705689?1625069789 第 1 次 获取到号码【1705689】GSD
2021-07-01 00:16:32 获取到号码【1705689】的GSD为【山东-烟台】
2021-07-01 00:16:57 GSD insert 第 1 次 等待 1 秒
2021-07-01 00:16:58 {"status":"ok","msg":"添加成功！163105"}
2021-07-01 00:16:58 下次操作: 2021-07-01 00:17:08

2021-07-01 00:17:08 开始第 25 次操作

2021-07-01 00:17:08 开始操作号码 【1705690】
2021-07-01 00:17:20 GSD getOne 第 1 次 等待 1 秒
2021-07-01 00:17:21 查询号码 【1705690】，返回信息 {"status":"bad","msg":""}
2021-07-01 00:17:21 查询号码 【1705690】，GSD为【""】
2021-07-01 00:17:21 bad
2021-07-01 00:17:23 CHB 1705690?1625069841 第 1 次 等待 1 秒
2021-07-01 00:17:24 CHB 1705690?1625069841 第 1 次 获取到号码【1705690】GSD
2021-07-01 00:17:24 获取到号码【1705690】的GSD为【辽宁-大连】
2021-07-01 00:17:43 GSD insert 第 1 次 等待 1 秒
2021-07-01 00:17:44 {"status":"ok","msg":"添加成功！163107"}
2021-07-01 00:17:44 下次操作: 2021-07-01 00:17:56

2021-07-01 00:17:56 开始第 26 次操作

2021-07-01 00:17:56 开始操作号码 【1705691】
2021-07-01 00:18:04 GSD getOne 第 1 次 等待 1 秒
2021-07-01 00:18:05 查询号码 【1705691】，返回信息 {"status":"bad","msg":""}
2021-07-01 00:18:05 查询号码 【1705691】，GSD为【""】
2021-07-01 00:18:05 bad
2021-07-01 00:18:09 CHB 1705691?1625069885 第 1 次 等待 1 秒
2021-07-01 00:18:10 CHB 1705691?1625069885 第 1 次 获取到号码【1705691】GSD
2021-07-01 00:18:10 获取到号码【1705691】的GSD为【云南-昆明】
2021-07-01 00:18:30 GSD insert 第 1 次 等待 1 秒
2021-07-01 00:18:31 {"status":"ok","msg":"添加成功！163109"}
2021-07-01 00:18:31 下次操作: 2021-07-01 00:18:39

2021-07-01 00:18:39 开始第 27 次操作

2021-07-01 00:18:39 开始操作号码 【1705692】
2021-07-01 00:18:50 GSD getOne 第 1 次 等待 1 秒
2021-07-01 00:18:51 查询号码 【1705692】，返回信息 {"status":"bad","msg":""}
2021-07-01 00:18:51 查询号码 【1705692】，GSD为【""】
2021-07-01 00:18:51 bad
2021-07-01 00:18:53 CHB 1705692?1625069931 第 1 次 等待 1 秒
2021-07-01 00:18:54 CHB 1705692?1625069931 第 1 次 获取到号码【1705692】GSD
2021-07-01 00:18:55 获取到号码【1705692】的GSD为【云南-大理】
2021-07-01 00:19:14 GSD insert 第 1 次 等待 1 秒
2021-07-01 00:19:15 {"status":"ok","msg":"添加成功！163110"}
2021-07-01 00:19:15 下次操作: 2021-07-01 00:19:28

2021-07-01 00:19:28 开始第 28 次操作

2021-07-01 00:19:28 开始操作号码 【1705693】
2021-07-01 00:19:35 GSD getOne 第 1 次 等待 1 秒
2021-07-01 00:19:36 查询号码 【1705693】，返回信息 {"status":"bad","msg":""}
2021-07-01 00:19:36 查询号码 【1705693】，GSD为【""】
2021-07-01 00:19:36 bad
2021-07-01 00:19:38 CHB 1705693?1625069976 第 1 次 等待 1 秒
2021-07-01 00:19:39 CHB 1705693?1625069976 第 1 次 获取到号码【1705693】GSD
2021-07-01 00:19:39 获取到号码【1705693】的GSD为【云南-红河】
2021-07-01 00:20:00 GSD insert 第 1 次 等待 1 秒
2021-07-01 00:20:01 {"status":"ok","msg":"添加成功！163113"}
2021-07-01 00:20:01 下次操作: 2021-07-01 00:20:09

2021-07-01 00:20:09 开始第 29 次操作

2021-07-01 00:20:09 开始操作号码 【1705694】
2021-07-01 00:20:25 GSD getOne 第 1 次 等待 1 秒
2021-07-01 00:20:26 查询号码 【1705694】，返回信息 {"status":"bad","msg":""}
2021-07-01 00:20:26 查询号码 【1705694】，GSD为【""】
2021-07-01 00:20:26 bad
2021-07-01 00:20:28 CHB 1705694?1625070026 第 1 次 等待 1 秒
2021-07-01 00:20:29 CHB 1705694?1625070026 第 1 次 获取到号码【1705694】GSD
2021-07-01 00:20:30 获取到号码【1705694】的GSD为【山东-青岛】
2021-07-01 00:20:49 GSD insert 第 1 次 等待 1 秒
2021-07-01 00:20:50 {"status":"ok","msg":"添加成功！163116"}
2021-07-01 00:20:50 下次操作: 2021-07-01 00:20:57

2021-07-01 00:20:57 开始第 30 次操作

2021-07-01 00:20:57 开始操作号码 【1705695】
2021-07-01 00:21:20 GSD getOne 第 1 次 等待 1 秒
2021-07-01 00:21:21 查询号码 【1705695】，返回信息 {"status":"bad","msg":""}
2021-07-01 00:21:21 查询号码 【1705695】，GSD为【""】
2021-07-01 00:21:21 bad
2021-07-01 00:21:23 CHB 1705695?1625070081 第 1 次 等待 1 秒
2021-07-01 00:21:24 CHB 1705695?1625070081 第 1 次 获取到号码【1705695】GSD
2021-07-01 00:21:24 获取到号码【1705695】的GSD为【浙江-衢州】
2021-07-01 00:21:47 GSD insert 第 1 次 等待 1 秒
2021-07-01 00:21:48 {"status":"ok","msg":"添加成功！163120"}

2021-07-01 01:41:47 开始第 1 次操作

2021-07-01 01:41:47 开始操作号码 【1705696】
2021-07-01 01:41:51 GSD getOne 第 1 次 等待 1 秒
2021-07-01 01:41:52 查询号码 【1705696】，返回信息 {"status":"ok","msg":"浙江-宁波","time_insert":"2021-07-01 01:36"}
2021-07-01 01:41:52 查询号码 【1705696】，GSD为【"浙江-宁波"】

2021-07-01 01:41:52 开始第 1 次操作

2021-07-01 01:41:52 开始操作号码 【1705697】
2021-07-01 01:41:56 GSD getOne 第 1 次 等待 1 秒
2021-07-01 01:41:57 查询号码 【1705697】，返回信息 {"status":"ok","msg":"山东-济宁","time_insert":"2021-07-01 01:37"}
2021-07-01 01:41:57 查询号码 【1705697】，GSD为【"山东-济宁"】

2021-07-01 01:41:57 开始第 1 次操作

2021-07-01 01:41:57 开始操作号码 【1705698】
2021-07-01 01:42:01 GSD getOne 第 1 次 等待 1 秒
2021-07-01 01:42:02 查询号码 【1705698】，返回信息 {"status":"ok","msg":"河北-邢台","time_insert":"2021-07-01 01:37"}
2021-07-01 01:42:02 查询号码 【1705698】，GSD为【"河北-邢台"】

2021-07-01 01:42:02 开始第 1 次操作

2021-07-01 01:42:02 开始操作号码 【1705699】
2021-07-01 01:42:06 GSD getOne 第 1 次 等待 1 秒
2021-07-01 01:42:07 查询号码 【1705699】，返回信息 {"status":"ok","msg":"河北-石家庄","time_insert":"2021-07-01 01:38"}
2021-07-01 01:42:07 查询号码 【1705699】，GSD为【"河北-石家庄"】

2021-07-01 01:42:07 开始第 1 次操作

2021-07-01 01:42:07 开始操作号码 【1705700】
2021-07-01 01:42:11 GSD getOne 第 1 次 等待 1 秒
2021-07-01 01:42:12 查询号码 【1705700】，返回信息 {"status":"ok","msg":"广东-深圳","time_insert":"2018-06-28 23:14","time_update":"2020-09-30 22:59"}
2021-07-01 01:42:12 查询号码 【1705700】，GSD为【"广东-深圳"】

2021-07-01 01:42:12 开始第 1 次操作

2021-07-01 01:42:12 开始操作号码 【1705701】
2021-07-01 01:42:16 GSD getOne 第 1 次 等待 1 秒
2021-07-01 01:42:17 查询号码 【1705701】，返回信息 {"status":"ok","msg":"广东-深圳","time_insert":"2021-07-01 01:38"}
2021-07-01 01:42:17 查询号码 【1705701】，GSD为【"广东-深圳"】

2021-07-01 01:42:17 开始第 1 次操作

2021-07-01 01:42:17 开始操作号码 【1705702】
2021-07-01 01:42:22 GSD getOne 第 1 次 等待 1 秒
2021-07-01 01:42:23 查询号码 【1705702】，返回信息 {"status":"ok","msg":"广东-深圳","time_insert":"2021-07-01 01:39"}
2021-07-01 01:42:23 查询号码 【1705702】，GSD为【"广东-深圳"】

2021-07-01 01:42:23 开始第 1 次操作

2021-07-01 01:42:23 开始操作号码 【1705703】
2021-07-01 01:42:28 GSD getOne 第 1 次 等待 1 秒
2021-07-01 01:42:29 查询号码 【1705703】，返回信息 {"status":"ok","msg":"广东-深圳","time_insert":"2021-07-01 01:39"}
2021-07-01 01:42:29 查询号码 【1705703】，GSD为【"广东-深圳"】

2021-07-01 01:42:29 开始第 1 次操作

2021-07-01 01:42:29 开始操作号码 【1705704】
2021-07-01 01:42:33 GSD getOne 第 1 次 等待 1 秒
2021-07-01 01:42:34 查询号码 【1705704】，返回信息 {"status":"ok","msg":"广东-深圳","time_insert":"2021-07-01 01:39"}
2021-07-01 01:42:34 查询号码 【1705704】，GSD为【"广东-深圳"】

2021-07-01 01:42:34 开始第 1 次操作

2021-07-01 01:42:34 开始操作号码 【1705705】
2021-07-01 01:42:40 GSD getOne 第 1 次 等待 1 秒
2021-07-01 01:42:41 查询号码 【1705705】，返回信息 {"status":"ok","msg":"广东-深圳","time_insert":"2016-06-03 14:41","time_update":"2020-09-30 23:03"}
2021-07-01 01:42:42 查询号码 【1705705】，GSD为【"广东-深圳"】

2021-07-01 01:42:42 开始第 1 次操作

2021-07-01 01:42:42 开始操作号码 【1705706】
2021-07-01 01:42:46 GSD getOne 第 1 次 等待 1 秒
2021-07-01 01:42:47 查询号码 【1705706】，返回信息 {"status":"ok","msg":"上海-上海","time_insert":"2021-07-01 01:40"}
2021-07-01 01:42:47 查询号码 【1705706】，GSD为【"上海-上海"】

2021-07-01 01:42:47 开始第 1 次操作

2021-07-01 01:42:47 开始操作号码 【1705707】
2021-07-01 01:42:52 GSD getOne 第 1 次 等待 1 秒
2021-07-01 01:42:53 查询号码 【1705707】，返回信息 {"status":"ok","msg":"湖南-衡阳","time_insert":"2021-07-01 01:40"}
2021-07-01 01:42:53 查询号码 【1705707】，GSD为【"湖南-衡阳"】

2021-07-01 01:42:53 开始第 1 次操作

2021-07-01 01:42:53 开始操作号码 【1705708】
2021-07-01 01:42:57 GSD getOne 第 1 次 等待 1 秒
2021-07-01 01:42:58 查询号码 【1705708】，返回信息 {"status":"ok","msg":"北京-北京","time_insert":"2021-07-01 01:41"}
2021-07-01 01:42:58 查询号码 【1705708】，GSD为【"北京-北京"】

2021-07-01 01:42:58 开始第 1 次操作

2021-07-01 01:42:58 开始操作号码 【1705709】
2021-07-01 01:43:02 GSD getOne 第 1 次 等待 1 秒
2021-07-01 01:43:03 查询号码 【1705709】，返回信息 {"status":"ok","msg":"广东-广州","time_insert":"2021-07-01 01:41"}
2021-07-01 01:43:03 查询号码 【1705709】，GSD为【"广东-广州"】

2021-07-01 01:43:03 开始第 1 次操作

2021-07-01 01:43:03 开始操作号码 【1705710】
2021-07-01 01:43:08 GSD getOne 第 1 次 等待 1 秒
2021-07-01 01:43:09 查询号码 【1705710】，返回信息 {"status":"ok","msg":"广东-深圳","time_insert":"2021-07-01 01:42"}
2021-07-01 01:43:09 查询号码 【1705710】，GSD为【"广东-深圳"】

2021-07-01 01:43:09 开始第 1 次操作

2021-07-01 01:43:09 开始操作号码 【1705711】
2021-07-01 01:43:13 GSD getOne 第 1 次 等待 1 秒
2021-07-01 01:43:14 查询号码 【1705711】，返回信息 {"status":"ok","msg":"广东-深圳","time_insert":"2021-07-01 01:42"}
2021-07-01 01:43:14 查询号码 【1705711】，GSD为【"广东-深圳"】

2021-07-01 01:43:14 开始第 1 次操作

2021-07-01 01:43:14 开始操作号码 【1705712】
2021-07-01 01:43:21 GSD getOne 第 1 次 等待 1 秒
2021-07-01 01:43:22 查询号码 【1705712】，返回信息 {"status":"bad","msg":""}
2021-07-01 01:43:22 查询号码 【1705712】，GSD为【""】
2021-07-01 01:43:22 bad
2021-07-01 01:43:25 CHB 1705712?1625075002 第 1 次 等待 1 秒
2021-07-01 01:43:26 CHB 1705712?1625075002 第 1 次 获取到号码【1705712】GSD
2021-07-01 01:43:26 获取到号码【1705712】的GSD为【江苏-苏州】
2021-07-01 01:43:29 GSD insert 第 1 次 等待 1 秒
2021-07-01 01:43:31 {"status":"ok","msg":"添加成功！163387"}
2021-07-01 01:43:31 下次操作: 2021-07-01 01:43:48

2021-07-01 01:43:48 开始第 2 次操作

2021-07-01 01:43:48 开始操作号码 【1705713】
2021-07-01 01:43:51 GSD getOne 第 1 次 等待 1 秒
2021-07-01 01:43:52 查询号码 【1705713】，返回信息 {"status":"ok","msg":"广东-深圳","time_insert":"2021-05-01 15:26"}
2021-07-01 01:43:52 查询号码 【1705713】，GSD为【"广东-深圳"】

2021-07-01 01:43:52 开始第 2 次操作

2021-07-01 01:43:52 开始操作号码 【1705714】
2021-07-01 01:43:56 GSD getOne 第 1 次 等待 1 秒
2021-07-01 01:43:57 查询号码 【1705714】，返回信息 {"status":"bad","msg":""}
2021-07-01 01:43:57 查询号码 【1705714】，GSD为【""】
2021-07-01 01:43:57 bad
2021-07-01 01:44:00 CHB 1705714?1625075037 第 1 次 等待 1 秒
2021-07-01 01:44:01 CHB 1705714?1625075037 第 1 次 获取到号码【1705714】GSD
2021-07-01 01:44:01 获取到号码【1705714】的GSD为【广东-深圳】
2021-07-01 01:44:05 GSD insert 第 1 次 等待 1 秒
2021-07-01 01:44:06 {"status":"ok","msg":"添加成功！163391"}
2021-07-01 01:44:06 下次操作: 2021-07-01 01:44:21

2021-07-01 01:44:21 开始第 3 次操作

2021-07-01 01:44:21 开始操作号码 【1705715】
2021-07-01 01:44:28 GSD getOne 第 1 次 等待 1 秒
2021-07-01 01:44:29 查询号码 【1705715】，返回信息 {"status":"bad","msg":""}
2021-07-01 01:44:29 查询号码 【1705715】，GSD为【""】
2021-07-01 01:44:29 bad
2021-07-01 01:44:31 CHB 1705715?1625075069 第 1 次 等待 1 秒
2021-07-01 01:44:32 CHB 1705715?1625075069 第 1 次 获取到号码【1705715】GSD
2021-07-01 01:44:32 获取到号码【1705715】的GSD为【广东-深圳】
2021-07-01 01:44:36 GSD insert 第 1 次 等待 1 秒
2021-07-01 01:44:37 {"status":"ok","msg":"添加成功！163396"}
2021-07-01 01:44:37 下次操作: 2021-07-01 01:44:43

2021-07-01 01:44:43 开始第 4 次操作

2021-07-01 01:44:43 开始操作号码 【1705716】
2021-07-01 01:44:47 GSD getOne 第 1 次 等待 1 秒
2021-07-01 01:44:48 查询号码 【1705716】，返回信息 {"status":"bad","msg":""}
2021-07-01 01:44:48 查询号码 【1705716】，GSD为【""】
2021-07-01 01:44:48 bad
2021-07-01 01:44:49 CHB 1705716?1625075088 第 1 次 等待 1 秒
2021-07-01 01:44:50 CHB 1705716?1625075088 第 1 次 获取到号码【1705716】GSD
2021-07-01 01:44:50 获取到号码【1705716】的GSD为【天津-天津】
2021-07-01 01:44:54 GSD insert 第 1 次 等待 1 秒
2021-07-01 01:44:55 {"status":"ok","msg":"添加成功！163398"}
2021-07-01 01:44:55 下次操作: 2021-07-01 01:45:09

2021-07-01 01:45:09 开始第 5 次操作

2021-07-01 01:45:09 开始操作号码 【1705717】
2021-07-01 01:45:13 GSD getOne 第 1 次 等待 1 秒
2021-07-01 01:45:14 查询号码 【1705717】，返回信息 {"status":"bad","msg":""}
2021-07-01 01:45:14 查询号码 【1705717】，GSD为【""】
2021-07-01 01:45:14 bad
2021-07-01 01:45:16 CHB 1705717?1625075114 第 1 次 等待 1 秒
2021-07-01 01:45:17 CHB 1705717?1625075114 第 1 次 获取到号码【1705717】GSD
2021-07-01 01:45:17 获取到号码【1705717】的GSD为【河南-洛阳】
2021-07-01 01:45:21 GSD insert 第 1 次 等待 1 秒
2021-07-01 01:45:22 {"status":"ok","msg":"添加成功！163402"}
2021-07-01 01:45:22 下次操作: 2021-07-01 01:45:35

2021-07-01 01:45:35 开始第 6 次操作

2021-07-01 01:45:35 开始操作号码 【1705718】
2021-07-01 01:45:39 GSD getOne 第 1 次 等待 1 秒
2021-07-01 01:45:40 查询号码 【1705718】，返回信息 {"status":"bad","msg":""}
2021-07-01 01:45:40 查询号码 【1705718】，GSD为【""】
2021-07-01 01:45:40 bad
2021-07-01 01:45:41 CHB 1705718?1625075140 第 1 次 等待 1 秒
2021-07-01 01:45:42 CHB 1705718?1625075140 第 1 次 获取到号码【1705718】GSD
2021-07-01 01:45:42 获取到号码【1705718】的GSD为【宁夏-银川】
2021-07-01 01:45:51 GSD insert 第 1 次 等待 1 秒
2021-07-01 01:45:52 {"status":"ok","msg":"添加成功！163405"}
2021-07-01 01:45:52 下次操作: 2021-07-01 01:46:08

2021-07-01 01:46:08 开始第 7 次操作

2021-07-01 01:46:08 开始操作号码 【1705719】
2021-07-01 01:46:12 GSD getOne 第 1 次 等待 1 秒
2021-07-01 01:46:13 查询号码 【1705719】，返回信息 {"status":"bad","msg":""}
2021-07-01 01:46:13 查询号码 【1705719】，GSD为【""】
2021-07-01 01:46:13 bad
2021-07-01 01:46:15 CHB 1705719?1625075173 第 1 次 等待 1 秒
2021-07-01 01:46:16 CHB 1705719?1625075173 第 1 次 获取到号码【1705719】GSD
2021-07-01 01:46:16 获取到号码【1705719】的GSD为【河北-秦皇岛】
2021-07-01 01:46:20 GSD insert 第 1 次 等待 1 秒
2021-07-01 01:46:21 {"status":"ok","msg":"添加成功！163411"}
2021-07-01 01:46:21 下次操作: 2021-07-01 01:46:29

2021-07-01 01:46:29 开始第 8 次操作

2021-07-01 01:46:29 开始操作号码 【1705720】
2021-07-01 01:46:33 GSD getOne 第 1 次 等待 1 秒
2021-07-01 01:46:34 查询号码 【1705720】，返回信息 {"status":"ok","msg":"广东-广州","time_insert":"2018-07-24 13:31","time_update":"2020-09-30 23:07"}
2021-07-01 01:46:34 查询号码 【1705720】，GSD为【"广东-广州"】

2021-07-01 01:46:34 开始第 8 次操作

2021-07-01 01:46:34 开始操作号码 【1705721】
2021-07-01 01:46:38 GSD getOne 第 1 次 等待 1 秒
2021-07-01 01:46:39 查询号码 【1705721】，返回信息 {"status":"bad","msg":""}
2021-07-01 01:46:39 查询号码 【1705721】，GSD为【""】
2021-07-01 01:46:39 bad
2021-07-01 01:46:40 CHB 1705721?1625075199 第 1 次 等待 1 秒
2021-07-01 01:46:41 CHB 1705721?1625075199 第 1 次 获取到号码【1705721】GSD
2021-07-01 01:46:41 获取到号码【1705721】的GSD为【福建-福州】
2021-07-01 01:46:45 GSD insert 第 1 次 等待 1 秒
2021-07-01 01:46:46 {"status":"ok","msg":"添加成功！163415"}
2021-07-01 01:46:46 下次操作: 2021-07-01 01:47:03

2021-07-01 01:47:03 开始第 9 次操作

2021-07-01 01:47:03 开始操作号码 【1705722】
2021-07-01 01:47:07 GSD getOne 第 1 次 等待 1 秒
2021-07-01 01:47:08 查询号码 【1705722】，返回信息 {"status":"ok","msg":"福建-厦门","time_insert":"2021-07-01 01:47"}
2021-07-01 01:47:08 查询号码 【1705722】，GSD为【"福建-厦门"】

2021-07-01 01:47:08 开始第 9 次操作

2021-07-01 01:47:08 开始操作号码 【1705723】
2021-07-01 01:47:12 GSD getOne 第 1 次 等待 1 秒
2021-07-01 01:47:13 查询号码 【1705723】，返回信息 {"status":"bad","msg":""}
2021-07-01 01:47:13 查询号码 【1705723】，GSD为【""】
2021-07-01 01:47:13 bad
2021-07-01 01:47:15 CHB 1705723?1625075233 第 1 次 等待 1 秒
2021-07-01 01:47:16 CHB 1705723?1625075233 第 1 次 获取到号码【1705723】GSD
2021-07-01 01:47:16 获取到号码【1705723】的GSD为【重庆-重庆】
2021-07-01 01:47:20 GSD insert 第 1 次 等待 1 秒
2021-07-01 01:47:21 {"status":"ok","msg":"添加成功！163422"}
2021-07-01 01:47:21 下次操作: 2021-07-01 01:47:33

2021-07-01 01:47:33 开始第 10 次操作

2021-07-01 01:47:33 开始操作号码 【1705724】
2021-07-01 01:47:37 GSD getOne 第 1 次 等待 1 秒
2021-07-01 01:47:38 查询号码 【1705724】，返回信息 {"status":"bad","msg":""}
2021-07-01 01:47:38 查询号码 【1705724】，GSD为【""】
2021-07-01 01:47:38 bad
2021-07-01 01:47:39 CHB 1705724?1625075258 第 1 次 等待 1 秒
2021-07-01 01:47:40 CHB 1705724?1625075258 第 1 次 获取到号码【1705724】GSD
2021-07-01 01:47:41 获取到号码【1705724】的GSD为【广东-广州】
2021-07-01 01:47:46 GSD insert 第 1 次 等待 1 秒
2021-07-01 01:47:47 {"status":"bad","msg":"添加失败！号码【1705724(广东-广州|广东-广州)】已存在！"}
2021-07-01 01:47:47 下次操作: 2021-07-01 01:48:03

2021-07-01 01:48:03 开始第 11 次操作

2021-07-01 01:48:03 开始操作号码 【1705725】
2021-07-01 01:48:07 GSD getOne 第 1 次 等待 1 秒
2021-07-01 01:48:08 查询号码 【1705725】，返回信息 {"status":"ok","msg":"江苏-南京","time_insert":"2018-11-13 21:30","time_update":"2020-08-25 22:23"}
2021-07-01 01:48:08 查询号码 【1705725】，GSD为【"江苏-南京"】

2021-07-01 01:48:08 开始第 11 次操作

2021-07-01 01:48:08 开始操作号码 【1705726】
2021-07-01 01:48:12 GSD getOne 第 1 次 等待 1 秒
2021-07-01 01:48:13 查询号码 【1705726】，返回信息 {"status":"bad","msg":""}
2021-07-01 01:48:13 查询号码 【1705726】，GSD为【""】
2021-07-01 01:48:13 bad
2021-07-01 01:48:16 CHB 1705726?1625075293 第 1 次 等待 1 秒
2021-07-01 01:48:17 CHB 1705726?1625075293 第 1 次 获取到号码【1705726】GSD
2021-07-01 01:48:17 获取到号码【1705726】的GSD为【广东-广州】
2021-07-01 01:48:21 GSD insert 第 1 次 等待 1 秒
2021-07-01 01:48:22 {"status":"bad","msg":"添加失败！号码【1705726(广东-广州|广东-广州)】已存在！"}
2021-07-01 01:48:22 下次操作: 2021-07-01 01:48:34

2021-07-01 01:48:34 开始第 12 次操作

2021-07-01 01:48:34 开始操作号码 【1705727】
2021-07-01 01:48:38 GSD getOne 第 1 次 等待 1 秒
2021-07-01 01:48:39 查询号码 【1705727】，返回信息 {"status":"ok","msg":"广东-广州","time_insert":"2021-07-01 01:48"}
2021-07-01 01:48:39 查询号码 【1705727】，GSD为【"广东-广州"】

2021-07-01 01:48:39 开始第 12 次操作

2021-07-01 01:48:39 开始操作号码 【1705728】
2021-07-01 01:48:42 GSD getOne 第 1 次 等待 1 秒
2021-07-01 01:48:43 查询号码 【1705728】，返回信息 {"status":"ok","msg":"四川-成都","time_insert":"2018-05-22 09:48","time_update":"2020-10-27 16:57"}
2021-07-01 01:48:44 查询号码 【1705728】，GSD为【"四川-成都"】

2021-07-01 01:48:44 开始第 12 次操作

2021-07-01 01:48:44 开始操作号码 【1705729】
2021-07-01 01:48:47 GSD getOne 第 1 次 等待 1 秒
2021-07-01 01:48:48 查询号码 【1705729】，返回信息 {"status":"bad","msg":""}
2021-07-01 01:48:49 查询号码 【1705729】，GSD为【""】
2021-07-01 01:48:49 bad
2021-07-01 01:48:51 CHB 1705729?1625075329 第 1 次 等待 1 秒
2021-07-01 01:48:52 CHB 1705729?1625075329 第 1 次 获取到号码【1705729】GSD
2021-07-01 01:48:52 获取到号码【1705729】的GSD为【陕西-西安】
2021-07-01 01:48:56 GSD insert 第 1 次 等待 1 秒
2021-07-01 01:48:57 {"status":"ok","msg":"添加成功！163436"}
2021-07-01 01:48:57 下次操作: 2021-07-01 01:49:14

2021-07-01 01:49:14 开始第 13 次操作

2021-07-01 01:49:14 开始操作号码 【1705730】
2021-07-01 01:49:18 GSD getOne 第 1 次 等待 1 秒
2021-07-01 01:49:19 查询号码 【1705730】，返回信息 {"status":"ok","msg":"广东-深圳","time_insert":"2021-07-01 01:49"}
2021-07-01 01:49:19 查询号码 【1705730】，GSD为【"广东-深圳"】

2021-07-01 01:49:19 开始第 13 次操作

2021-07-01 01:49:19 开始操作号码 【1705731】
2021-07-01 01:49:23 GSD getOne 第 1 次 等待 1 秒
2021-07-01 01:49:24 查询号码 【1705731】，返回信息 {"status":"bad","msg":""}
2021-07-01 01:49:24 查询号码 【1705731】，GSD为【""】
2021-07-01 01:49:24 bad
2021-07-01 01:49:26 CHB 1705731?1625075364 第 1 次 等待 1 秒
2021-07-01 01:49:27 CHB 1705731?1625075364 第 1 次 获取到号码【1705731】GSD
2021-07-01 01:49:27 获取到号码【1705731】的GSD为【广东-深圳】
2021-07-01 01:49:31 GSD insert 第 1 次 等待 1 秒
2021-07-01 01:49:32 {"status":"ok","msg":"添加成功！163441"}
2021-07-01 01:49:32 下次操作: 2021-07-01 01:49:39

2021-07-01 01:49:39 开始第 14 次操作

2021-07-01 01:49:39 开始操作号码 【1705732】
2021-07-01 01:49:42 GSD getOne 第 1 次 等待 1 秒
2021-07-01 01:49:43 查询号码 【1705732】，返回信息 {"status":"bad","msg":""}
2021-07-01 01:49:44 查询号码 【1705732】，GSD为【""】
2021-07-01 01:49:44 bad
2021-07-01 01:49:45 CHB 1705732?1625075384 第 1 次 等待 1 秒
2021-07-01 01:49:46 CHB 1705732?1625075384 第 1 次 获取到号码【1705732】GSD
2021-07-01 01:49:47 获取到号码【1705732】的GSD为【广东-深圳】
2021-07-01 01:49:50 GSD insert 第 1 次 等待 1 秒
2021-07-01 01:49:51 {"status":"ok","msg":"添加成功！163443"}
2021-07-01 01:49:51 下次操作: 2021-07-01 01:50:06

2021-07-01 01:50:06 开始第 15 次操作

2021-07-01 01:50:06 开始操作号码 【1705733】
2021-07-01 01:50:10 GSD getOne 第 1 次 等待 1 秒
2021-07-01 01:50:11 查询号码 【1705733】，返回信息 {"status":"ok","msg":"广东-深圳","time_insert":"2021-07-01 01:50"}
2021-07-01 01:50:11 查询号码 【1705733】，GSD为【"广东-深圳"】

2021-07-01 01:50:11 开始第 15 次操作

2021-07-01 01:50:11 开始操作号码 【1705734】
2021-07-01 01:50:16 GSD getOne 第 1 次 等待 1 秒
2021-07-01 01:50:17 查询号码 【1705734】，返回信息 {"status":"ok","msg":"陕西-西安","time_insert":"2019-03-24 12:47","time_update":"2020-12-08 15:37"}
2021-07-01 01:50:17 查询号码 【1705734】，GSD为【"陕西-西安"】

2021-07-01 01:50:17 开始第 15 次操作

2021-07-01 01:50:17 开始操作号码 【1705735】
2021-07-01 01:50:21 GSD getOne 第 1 次 等待 1 秒
2021-07-01 01:50:22 查询号码 【1705735】，返回信息 {"status":"bad","msg":""}
2021-07-01 01:50:22 查询号码 【1705735】，GSD为【""】
2021-07-01 01:50:22 bad
2021-07-01 01:50:24 CHB 1705735?1625075422 第 1 次 等待 1 秒
2021-07-01 01:50:25 CHB 1705735?1625075422 第 1 次 获取到号码【1705735】GSD
2021-07-01 01:50:25 获取到号码【1705735】的GSD为【广东-东莞】
2021-07-01 01:50:29 GSD insert 第 1 次 等待 1 秒
2021-07-01 01:50:30 {"status":"ok","msg":"添加成功！163450"}
2021-07-01 01:50:30 下次操作: 2021-07-01 01:50:46

2021-07-01 01:50:46 开始第 16 次操作

2021-07-01 01:50:46 开始操作号码 【1705736】
2021-07-01 01:50:50 GSD getOne 第 1 次 等待 1 秒
2021-07-01 01:50:51 查询号码 【1705736】，返回信息 {"status":"ok","msg":"广东-东莞","time_insert":"2021-07-01 01:50"}
2021-07-01 01:50:51 查询号码 【1705736】，GSD为【"广东-东莞"】

2021-07-01 01:50:51 开始第 16 次操作

2021-07-01 01:50:51 开始操作号码 【1705737】
2021-07-01 01:50:55 GSD getOne 第 1 次 等待 1 秒
2021-07-01 01:50:56 查询号码 【1705737】，返回信息 {"status":"bad","msg":""}
2021-07-01 01:50:56 查询号码 【1705737】，GSD为【""】
2021-07-01 01:50:56 bad
2021-07-01 01:50:58 CHB 1705737?1625075456 第 1 次 等待 1 秒
2021-07-01 01:50:59 CHB 1705737?1625075456 第 1 次 获取到号码【1705737】GSD
2021-07-01 01:50:59 获取到号码【1705737】的GSD为【广东-东莞】
2021-07-01 01:51:03 GSD insert 第 1 次 等待 1 秒
2021-07-01 01:51:04 {"status":"ok","msg":"添加成功！163455"}
2021-07-01 01:51:04 下次操作: 2021-07-01 01:51:14

2021-07-01 01:51:14 开始第 17 次操作

2021-07-01 01:51:14 开始操作号码 【1705738】
2021-07-01 01:51:18 GSD getOne 第 1 次 等待 1 秒
2021-07-01 01:51:19 查询号码 【1705738】，返回信息 {"status":"bad","msg":""}
2021-07-01 01:51:19 查询号码 【1705738】，GSD为【""】
2021-07-01 01:51:19 bad
2021-07-01 01:51:21 CHB 1705738?1625075479 第 1 次 等待 1 秒
2021-07-01 01:51:22 CHB 1705738?1625075479 第 1 次 获取到号码【1705738】GSD
2021-07-01 01:51:22 获取到号码【1705738】的GSD为【黑龙江-哈尔滨】
2021-07-01 01:51:26 GSD insert 第 1 次 等待 1 秒
2021-07-01 01:51:27 {"status":"bad","msg":"添加失败！号码【1705738(黑龙江-哈尔滨|黑龙江-哈尔滨)】已存在！"}
2021-07-01 01:51:27 下次操作: 2021-07-01 01:51:33

2021-07-01 01:51:33 开始第 18 次操作

2021-07-01 01:51:33 开始操作号码 【1705739】
2021-07-01 01:51:37 GSD getOne 第 1 次 等待 1 秒
2021-07-01 01:51:38 查询号码 【1705739】，返回信息 {"status":"bad","msg":""}
2021-07-01 01:51:38 查询号码 【1705739】，GSD为【""】
2021-07-01 01:51:38 bad
2021-07-01 01:51:40 CHB 1705739?1625075498 第 1 次 等待 1 秒
2021-07-01 01:51:41 CHB 1705739?1625075498 第 1 次 获取到号码【1705739】GSD
2021-07-01 01:51:41 获取到号码【1705739】的GSD为【北京-北京】
2021-07-01 01:51:45 GSD insert 第 1 次 等待 1 秒
2021-07-01 01:51:46 {"status":"ok","msg":"添加成功！163464"}
2021-07-01 01:51:46 下次操作: 2021-07-01 01:51:56

2021-07-01 01:51:56 开始第 19 次操作

2021-07-01 01:51:56 开始操作号码 【1705740】
2021-07-01 01:52:00 GSD getOne 第 1 次 等待 1 秒
2021-07-01 01:52:01 查询号码 【1705740】，返回信息 {"status":"bad","msg":""}
2021-07-01 01:52:01 查询号码 【1705740】，GSD为【""】
2021-07-01 01:52:01 bad
2021-07-01 01:52:03 CHB 1705740?1625075521 第 1 次 等待 1 秒
2021-07-01 01:52:04 CHB 1705740?1625075521 第 1 次 获取到号码【1705740】GSD
2021-07-01 01:52:04 获取到号码【1705740】的GSD为【吉林-长春】
2021-07-01 01:52:08 GSD insert 第 1 次 等待 1 秒
2021-07-01 01:52:09 {"status":"ok","msg":"添加成功！163468"}
2021-07-01 01:52:09 下次操作: 2021-07-01 01:52:21

2021-07-01 01:52:21 开始第 20 次操作

2021-07-01 01:52:21 开始操作号码 【1705741】
2021-07-01 01:52:26 GSD getOne 第 1 次 等待 1 秒
2021-07-01 01:52:27 查询号码 【1705741】，返回信息 {"status":"ok","msg":"辽宁-大连","time_insert":"2021-07-01 01:52"}
2021-07-01 01:52:27 查询号码 【1705741】，GSD为【"辽宁-大连"】

2021-07-01 01:52:27 开始第 20 次操作

2021-07-01 01:52:27 开始操作号码 【1705742】
2021-07-01 01:52:31 GSD getOne 第 1 次 等待 1 秒
2021-07-01 01:52:32 查询号码 【1705742】，返回信息 {"status":"bad","msg":""}
2021-07-01 01:52:32 查询号码 【1705742】，GSD为【""】
2021-07-01 01:52:32 bad
2021-07-01 01:52:34 CHB 1705742?1625075552 第 1 次 等待 1 秒
2021-07-01 01:52:35 CHB 1705742?1625075552 第 1 次 获取到号码【1705742】GSD
2021-07-01 01:52:35 获取到号码【1705742】的GSD为【辽宁-锦州】
2021-07-01 01:52:39 GSD insert 第 1 次 等待 1 秒
2021-07-01 01:52:40 {"status":"ok","msg":"添加成功！163473"}
2021-07-01 01:52:40 下次操作: 2021-07-01 01:52:55

2021-07-01 01:52:55 开始第 21 次操作

2021-07-01 01:52:55 开始操作号码 【1705743】
2021-07-01 01:52:59 GSD getOne 第 1 次 等待 1 秒
2021-07-01 01:53:00 查询号码 【1705743】，返回信息 {"status":"bad","msg":""}
2021-07-01 01:53:00 查询号码 【1705743】，GSD为【""】
2021-07-01 01:53:00 bad
2021-07-01 01:53:02 CHB 1705743?1625075580 第 1 次 等待 1 秒
2021-07-01 01:53:03 CHB 1705743?1625075580 第 1 次 获取到号码【1705743】GSD
2021-07-01 01:53:03 获取到号码【1705743】的GSD为【吉林-四平】
2021-07-01 01:53:07 GSD insert 第 1 次 等待 1 秒
2021-07-01 01:53:08 {"status":"ok","msg":"添加成功！163477"}
2021-07-01 01:53:08 下次操作: 2021-07-01 01:53:17

2021-07-01 01:53:17 开始第 22 次操作

2021-07-01 01:53:17 开始操作号码 【1705744】
2021-07-01 01:53:21 GSD getOne 第 1 次 等待 1 秒
2021-07-01 01:53:22 查询号码 【1705744】，返回信息 {"status":"bad","msg":""}
2021-07-01 01:53:22 查询号码 【1705744】，GSD为【""】
2021-07-01 01:53:22 bad
2021-07-01 01:53:23 CHB 1705744?1625075602 第 1 次 等待 1 秒
2021-07-01 01:53:24 CHB 1705744?1625075602 第 1 次 获取到号码【1705744】GSD
2021-07-01 01:53:24 获取到号码【1705744】的GSD为【吉林-四平】
2021-07-01 01:53:28 GSD insert 第 1 次 等待 1 秒
2021-07-01 01:53:29 {"status":"ok","msg":"添加成功！163480"}
2021-07-01 01:53:29 下次操作: 2021-07-01 01:53:45

2021-07-01 01:53:45 开始第 23 次操作

2021-07-01 01:53:45 开始操作号码 【1705745】
2021-07-01 01:53:49 GSD getOne 第 1 次 等待 1 秒
2021-07-01 01:53:50 查询号码 【1705745】，返回信息 {"status":"bad","msg":""}
2021-07-01 01:53:50 查询号码 【1705745】，GSD为【""】
2021-07-01 01:53:50 bad
2021-07-01 01:53:52 CHB 1705745?1625075630 第 1 次 等待 1 秒
2021-07-01 01:53:53 CHB 1705745?1625075630 第 1 次 获取到号码【1705745】GSD
2021-07-01 01:53:53 获取到号码【1705745】的GSD为【黑龙江-大庆】
2021-07-01 01:53:57 GSD insert 第 1 次 等待 1 秒
2021-07-01 01:53:58 {"status":"bad","msg":"添加失败！号码【1705745(黑龙江-大庆|黑龙江-大庆)】已存在！"}
2021-07-01 01:53:58 下次操作: 2021-07-01 01:54:12

2021-07-01 01:54:12 开始第 24 次操作

2021-07-01 01:54:12 开始操作号码 【1705746】
2021-07-01 01:54:16 GSD getOne 第 1 次 等待 1 秒
2021-07-01 01:54:17 查询号码 【1705746】，返回信息 {"status":"ok","msg":"天津-天津","time_insert":"2021-07-01 01:54"}
2021-07-01 01:54:17 查询号码 【1705746】，GSD为【"天津-天津"】

2021-07-01 01:54:17 开始第 24 次操作

2021-07-01 01:54:17 开始操作号码 【1705747】
2021-07-01 01:54:21 GSD getOne 第 1 次 等待 1 秒
2021-07-01 01:54:22 查询号码 【1705747】，返回信息 {"status":"bad","msg":""}
2021-07-01 01:54:22 查询号码 【1705747】，GSD为【""】
2021-07-01 01:54:22 bad
2021-07-01 01:54:24 CHB 1705747?1625075662 第 1 次 等待 1 秒
2021-07-01 01:54:25 CHB 1705747?1625075662 第 1 次 获取到号码【1705747】GSD
2021-07-01 01:54:25 获取到号码【1705747】的GSD为【内蒙古-呼和浩特】
2021-07-01 01:54:29 GSD insert 第 1 次 等待 1 秒
2021-07-01 01:54:30 {"status":"ok","msg":"添加成功！163489"}
2021-07-01 01:54:30 下次操作: 2021-07-01 01:54:39

2021-07-01 01:54:39 开始第 25 次操作

2021-07-01 01:54:39 开始操作号码 【1705748】
2021-07-01 01:54:48 GSD getOne 第 1 次 等待 1 秒
2021-07-01 01:54:49 查询号码 【1705748】，返回信息 {"status":"bad","msg":""}
2021-07-01 01:54:49 查询号码 【1705748】，GSD为【""】
2021-07-01 01:54:49 bad
2021-07-01 01:54:51 CHB 1705748?1625075689 第 1 次 等待 1 秒
2021-07-01 01:54:52 CHB 1705748?1625075689 第 1 次 获取到号码【1705748】GSD
2021-07-01 01:54:52 获取到号码【1705748】的GSD为【辽宁-锦州】
2021-07-01 01:54:56 GSD insert 第 1 次 等待 1 秒
2021-07-01 01:54:57 {"status":"ok","msg":"添加成功！163492"}
2021-07-01 01:54:57 下次操作: 2021-07-01 01:55:05

2021-07-01 01:55:05 开始第 26 次操作

2021-07-01 01:55:05 开始操作号码 【1705749】
2021-07-01 01:55:09 GSD getOne 第 1 次 等待 1 秒
2021-07-01 01:55:10 查询号码 【1705749】，返回信息 {"status":"bad","msg":""}
2021-07-01 01:55:10 查询号码 【1705749】，GSD为【""】
2021-07-01 01:55:10 bad
2021-07-01 01:55:12 CHB 1705749?1625075710 第 1 次 等待 1 秒
2021-07-01 01:55:13 CHB 1705749?1625075710 第 1 次 获取到号码【1705749】GSD
2021-07-01 01:55:13 获取到号码【1705749】的GSD为【辽宁-沈阳】
2021-07-01 01:55:16 GSD insert 第 1 次 等待 1 秒
2021-07-01 01:55:17 {"status":"ok","msg":"添加成功！163495"}
2021-07-01 01:55:17 下次操作: 2021-07-01 01:55:23

2021-07-01 01:55:23 开始第 27 次操作

2021-07-01 01:55:24 开始操作号码 【1705750】
2021-07-01 01:55:27 GSD getOne 第 1 次 等待 1 秒
2021-07-01 01:55:28 查询号码 【1705750】，返回信息 {"status":"bad","msg":""}
2021-07-01 01:55:29 查询号码 【1705750】，GSD为【""】
2021-07-01 01:55:29 bad
2021-07-01 01:55:30 CHB 1705750?1625075729 第 1 次 等待 1 秒
2021-07-01 01:55:31 CHB 1705750?1625075729 第 1 次 获取到号码【1705750】GSD
2021-07-01 01:55:31 获取到号码【1705750】的GSD为【山东-济南】
2021-07-01 01:55:35 GSD insert 第 1 次 等待 1 秒
2021-07-01 01:55:36 {"status":"ok","msg":"添加成功！163499"}
2021-07-01 01:55:36 下次操作: 2021-07-01 01:55:49

2021-07-01 01:55:49 开始第 28 次操作

2021-07-01 01:55:49 开始操作号码 【1705751】
2021-07-01 01:55:53 GSD getOne 第 1 次 等待 1 秒
2021-07-01 01:55:54 查询号码 【1705751】，返回信息 {"status":"bad","msg":""}
2021-07-01 01:55:54 查询号码 【1705751】，GSD为【""】
2021-07-01 01:55:54 bad
2021-07-01 01:55:56 CHB 1705751?1625075754 第 1 次 等待 1 秒
2021-07-01 01:55:57 CHB 1705751?1625075754 第 1 次 获取到号码【1705751】GSD
2021-07-01 01:55:57 获取到号码【1705751】的GSD为【山东-青岛】
2021-07-01 01:56:02 GSD insert 第 1 次 等待 1 秒
2021-07-01 01:56:03 {"status":"ok","msg":"添加成功！163502"}
2021-07-01 01:56:03 下次操作: 2021-07-01 01:56:10

2021-07-01 01:56:10 开始第 29 次操作

2021-07-01 01:56:10 开始操作号码 【1705752】
2021-07-01 01:56:14 GSD getOne 第 1 次 等待 1 秒
2021-07-01 01:56:15 查询号码 【1705752】，返回信息 {"status":"bad","msg":""}
2021-07-01 01:56:15 查询号码 【1705752】，GSD为【""】
2021-07-01 01:56:15 bad
2021-07-01 01:56:17 CHB 1705752?1625075775 第 1 次 等待 1 秒
2021-07-01 01:56:18 CHB 1705752?1625075775 第 1 次 获取到号码【1705752】GSD
2021-07-01 01:56:18 获取到号码【1705752】的GSD为【江苏-苏州】
2021-07-01 01:56:22 GSD insert 第 1 次 等待 1 秒
2021-07-01 01:56:23 {"status":"ok","msg":"添加成功！163504"}
2021-07-01 01:56:23 下次操作: 2021-07-01 01:56:32

2021-07-01 01:56:32 开始第 30 次操作

2021-07-01 01:56:32 开始操作号码 【1705753】
2021-07-01 01:56:35 GSD getOne 第 1 次 等待 1 秒
2021-07-01 01:56:36 查询号码 【1705753】，返回信息 {"status":"bad","msg":""}
2021-07-01 01:56:36 查询号码 【1705753】，GSD为【""】
2021-07-01 01:56:36 bad
2021-07-01 01:56:38 CHB 1705753?1625075796 第 1 次 等待 1 秒
2021-07-01 01:56:39 CHB 1705753?1625075796 第 1 次 获取到号码【1705753】GSD
2021-07-01 01:56:39 获取到号码【1705753】的GSD为【黑龙江-哈尔滨】
2021-07-01 01:56:43 GSD insert 第 1 次 等待 1 秒
2021-07-01 01:56:44 {"status":"ok","msg":"添加成功！163508"}

