2024-03-27 00:21:19 开始第 353 次操作

2024-03-27 00:21:19 开始操作号码 【1600256】
2024-03-27 00:21:24 GSD getOne 第 1 次 等待 3 秒
2024-03-27 00:21:27 查询号码 【1600256】，返回信息 {"status":"ok","msg":"-","gid":"522913","time_insert":"2023-02-09 10:16"}
2024-03-27 00:21:27 查询号码 【1600256】，GSD为【"-"】
2024-03-27 00:21:27 ok && -
2024-03-27 00:21:29 CHB 1600256?1711470087 第 1 次 等待 3 秒
2024-03-27 00:21:32 CHB 1600256?1711470087 第 1 次 获取到号码【1600256】GSD
2024-03-27 00:21:32 未获取到号码【1600256】GSD，可能号码格式错误
2024-03-27 00:21:32 获取到号码【1600256】的GSD为【-】
2024-03-27 00:21:37 GSD insert 第 1 次 等待 3 秒
2024-03-27 00:21:40 {"status":"bad","gid":"522913","msg":"添加失败！号码【1600256(-|-)】已存在！"}
2024-03-27 00:21:40 随机等待 124 秒，约 2 分钟
2024-03-27 00:21:40 下次操作: 2024-03-27 00:23:44

2024-03-27 00:23:44 开始第 354 次操作

2024-03-27 00:23:44 开始操作号码 【1600257】
2024-03-27 00:23:49 GSD getOne 第 1 次 等待 3 秒
2024-03-27 00:23:52 查询号码 【1600257】，返回信息 {"status":"ok","msg":"-","gid":"522924","time_insert":"2023-02-09 10:27"}
2024-03-27 00:23:52 查询号码 【1600257】，GSD为【"-"】
2024-03-27 00:23:52 ok && -
2024-03-27 00:23:53 CHB 1600257?1711470232 第 1 次 等待 3 秒
2024-03-27 00:23:56 CHB 1600257?1711470232 第 1 次 获取到号码【1600257】GSD
2024-03-27 00:23:56 未获取到号码【1600257】GSD，可能号码格式错误
2024-03-27 00:23:56 获取到号码【1600257】的GSD为【-】
2024-03-27 00:24:01 GSD insert 第 1 次 等待 3 秒
2024-03-27 00:24:04 {"status":"bad","gid":"522924","msg":"添加失败！号码【1600257(-|-)】已存在！"}
2024-03-27 00:24:04 随机等待 142 秒，约 2 分钟
2024-03-27 00:24:04 下次操作: 2024-03-27 00:26:26

2024-03-27 00:26:26 开始第 355 次操作

2024-03-27 00:26:26 开始操作号码 【1600258】
2024-03-27 00:26:30 GSD getOne 第 1 次 等待 3 秒
2024-03-27 00:26:33 查询号码 【1600258】，返回信息 {"status":"ok","msg":"-","gid":"522936","time_insert":"2023-02-09 10:39"}
2024-03-27 00:26:33 查询号码 【1600258】，GSD为【"-"】
2024-03-27 00:26:33 ok && -
2024-03-27 00:26:36 CHB 1600258?1711470393 第 1 次 等待 3 秒
2024-03-27 00:26:39 CHB 1600258?1711470393 第 1 次 获取到号码【1600258】GSD
2024-03-27 00:26:39 未获取到号码【1600258】GSD，可能号码格式错误
2024-03-27 00:26:39 获取到号码【1600258】的GSD为【-】
2024-03-27 00:26:43 GSD insert 第 1 次 等待 3 秒
2024-03-27 00:26:46 {"status":"bad","gid":"522936","msg":"添加失败！号码【1600258(-|-)】已存在！"}
2024-03-27 00:26:46 随机等待 220 秒，约 3 分钟
2024-03-27 00:26:46 下次操作: 2024-03-27 00:30:26

2024-03-27 00:30:26 开始第 356 次操作

2024-03-27 00:30:26 开始操作号码 【1600259】
2024-03-27 00:30:31 GSD getOne 第 1 次 等待 3 秒
2024-03-27 00:30:34 查询号码 【1600259】，返回信息 {"status":"ok","msg":"-","gid":"522950","time_insert":"2023-02-09 10:51"}
2024-03-27 00:30:34 查询号码 【1600259】，GSD为【"-"】
2024-03-27 00:30:34 ok && -
2024-03-27 00:30:36 CHB 1600259?1711470634 第 1 次 等待 3 秒
2024-03-27 00:30:39 CHB 1600259?1711470634 第 1 次 获取到号码【1600259】GSD
2024-03-27 00:30:39 未获取到号码【1600259】GSD，可能号码格式错误
2024-03-27 00:30:39 获取到号码【1600259】的GSD为【-】
2024-03-27 00:30:44 GSD insert 第 1 次 等待 3 秒
2024-03-27 00:30:47 {"status":"bad","gid":"522950","msg":"添加失败！号码【1600259(-|-)】已存在！"}

