2024-01-29 00:18:03 开始第 693 次操作

2024-01-29 00:18:03 开始操作号码 【1710595】
2024-01-29 00:18:07 GSD getOne 第 1 次 等待 3 秒
2024-01-29 00:18:10 查询号码 【1710595】，返回信息 {"status":"ok","msg":"河南-商丘","gid":"138874","time_insert":"2021-06-27 12:00"}
2024-01-29 00:18:10 查询号码 【1710595】，GSD为【"河南-商丘"】

2024-01-29 00:18:11 开始第 694 次操作

2024-01-29 00:18:11 开始操作号码 【1710596】
2024-01-29 00:18:15 GSD getOne 第 1 次 等待 3 秒
2024-01-29 00:18:18 查询号码 【1710596】，返回信息 {"status":"ok","msg":"河南-商丘","gid":"138885","time_insert":"2021-06-27 12:00"}
2024-01-29 00:18:18 查询号码 【1710596】，GSD为【"河南-商丘"】

2024-01-29 00:18:19 开始第 695 次操作

2024-01-29 00:18:19 开始操作号码 【1710597】
2024-01-29 00:18:24 GSD getOne 第 1 次 等待 3 秒
2024-01-29 00:18:27 查询号码 【1710597】，返回信息 {"status":"ok","msg":"河南-商丘","gid":"138895","time_insert":"2021-06-27 12:01"}
2024-01-29 00:18:27 查询号码 【1710597】，GSD为【"河南-商丘"】

2024-01-29 00:18:28 开始第 696 次操作

2024-01-29 00:18:28 开始操作号码 【1710598】
2024-01-29 00:18:32 GSD getOne 第 1 次 等待 3 秒
2024-01-29 00:18:35 查询号码 【1710598】，返回信息 {"status":"ok","msg":"河南-商丘","gid":"138904","time_insert":"2021-06-27 12:02"}
2024-01-29 00:18:35 查询号码 【1710598】，GSD为【"河南-商丘"】

