2024-04-16 00:20:40 开始第 3749 次操作

2024-04-16 00:20:40 开始操作号码 【1603651】
2024-04-16 00:20:46 GSD getOne 第 1 次 等待 3 秒
2024-04-16 00:20:49 查询号码 【1603651】，返回信息 {"status":"ok","msg":"-","gid":"589415","time_insert":"2023-03-14 04:14"}
2024-04-16 00:20:49 查询号码 【1603651】，GSD为【"-"】
2024-04-16 00:20:49 ok && -
2024-04-16 00:20:51 CHB 1603651?1713198049 第 1 次 等待 3 秒
2024-04-16 00:20:54 CHB 1603651?1713198049 第 1 次 获取到号码【1603651】GSD
2024-04-16 00:20:54 未获取到号码【1603651】GSD，可能号码格式错误
2024-04-16 00:20:54 获取到号码【1603651】的GSD为【-】
2024-04-16 00:20:59 GSD insert 第 1 次 等待 3 秒
2024-04-16 00:21:02 {"status":"bad","gid":"589415","msg":"添加失败！号码【1603651(-|-)】已存在！"}
2024-04-16 00:21:02 随机等待 182 秒，约 3 分钟
2024-04-16 00:21:02 下次操作: 2024-04-16 00:24:04

2024-04-16 00:24:04 开始第 3750 次操作

2024-04-16 00:24:04 开始操作号码 【1603652】
2024-04-16 00:24:09 GSD getOne 第 1 次 等待 3 秒
2024-04-16 00:24:12 查询号码 【1603652】，返回信息 {"status":"ok","msg":"-","gid":"589450","time_insert":"2023-03-14 04:36"}
2024-04-16 00:24:12 查询号码 【1603652】，GSD为【"-"】
2024-04-16 00:24:12 ok && -
2024-04-16 00:24:14 CHB 1603652?1713198252 第 1 次 等待 3 秒
2024-04-16 00:24:17 CHB 1603652?1713198252 第 1 次 获取到号码【1603652】GSD
2024-04-16 00:24:17 未获取到号码【1603652】GSD，可能号码格式错误
2024-04-16 00:24:17 获取到号码【1603652】的GSD为【-】
2024-04-16 00:24:23 GSD insert 第 1 次 等待 3 秒
2024-04-16 00:24:26 {"status":"bad","gid":"589450","msg":"添加失败！号码【1603652(-|-)】已存在！"}
2024-04-16 00:24:26 随机等待 133 秒，约 2 分钟
2024-04-16 00:24:26 下次操作: 2024-04-16 00:26:39

2024-04-16 00:26:39 开始第 3751 次操作

2024-04-16 00:26:39 开始操作号码 【1603653】
2024-04-16 00:26:43 GSD getOne 第 1 次 等待 3 秒
2024-04-16 00:26:46 查询号码 【1603653】，返回信息 {"status":"ok","msg":"-","gid":"589480","time_insert":"2023-03-14 04:53"}
2024-04-16 00:26:47 查询号码 【1603653】，GSD为【"-"】
2024-04-16 00:26:47 ok && -
2024-04-16 00:26:49 CHB 1603653?1713198407 第 1 次 等待 3 秒
2024-04-16 00:26:52 CHB 1603653?1713198407 第 1 次 获取到号码【1603653】GSD
2024-04-16 00:26:52 未获取到号码【1603653】GSD，可能号码格式错误
2024-04-16 00:26:52 获取到号码【1603653】的GSD为【-】
2024-04-16 00:27:00 GSD insert 第 1 次 等待 3 秒
2024-04-16 00:27:03 {"status":"bad","gid":"589480","msg":"添加失败！号码【1603653(-|-)】已存在！"}
2024-04-16 00:27:03 随机等待 138 秒，约 2 分钟
2024-04-16 00:27:03 下次操作: 2024-04-16 00:29:21

2024-04-16 00:29:21 开始第 3752 次操作

2024-04-16 00:29:21 开始操作号码 【1603654】
2024-04-16 00:29:26 GSD getOne 第 1 次 等待 3 秒
2024-04-16 00:29:29 查询号码 【1603654】，返回信息 {"status":"ok","msg":"-","gid":"589506","time_insert":"2023-03-14 05:07"}
2024-04-16 00:29:29 查询号码 【1603654】，GSD为【"-"】
2024-04-16 00:29:29 ok && -
2024-04-16 00:29:31 CHB 1603654?1713198569 第 1 次 等待 3 秒
2024-04-16 00:29:34 CHB 1603654?1713198569 第 1 次 获取到号码【1603654】GSD
2024-04-16 00:29:34 未获取到号码【1603654】GSD，可能号码格式错误
2024-04-16 00:29:34 获取到号码【1603654】的GSD为【-】
2024-04-16 00:29:39 GSD insert 第 1 次 等待 3 秒
2024-04-16 00:29:42 {"status":"bad","gid":"589506","msg":"添加失败！号码【1603654(-|-)】已存在！"}

