2024-10-05 00:18:52 开始第 8229 次操作

2024-10-05 00:18:52 开始操作号码 【1388228】
2024-10-05 00:18:55 GSD getOne 第 1 次 等待 3 秒
2024-10-05 00:18:58 查询号码 【1388228】，返回信息 {"status":"ok","msg":"四川-成都","gid":"11903","time_insert":"2014-06-13 08:36","time_update":"2020-10-15 18:15"}
2024-10-05 00:18:58 查询号码 【1388228】，GSD为【"四川-成都"】

2024-10-05 00:18:59 开始第 8230 次操作

2024-10-05 00:18:59 开始操作号码 【1388229】
2024-10-05 00:19:02 GSD getOne 第 1 次 等待 3 秒
2024-10-05 00:19:05 查询号码 【1388229】，返回信息 {"status":"ok","msg":"四川-成都","gid":"11904","time_insert":"2018-04-27 19:31","time_update":"2020-10-15 18:19"}
2024-10-05 00:19:05 查询号码 【1388229】，GSD为【"四川-成都"】

2024-10-05 00:19:06 开始第 8231 次操作

2024-10-05 00:19:06 开始操作号码 【1388230】
2024-10-05 00:19:22 GSD getOne 第 1 次 等待 3 秒
2024-10-05 00:19:25 查询号码 【1388230】，返回信息 {"status":"ok","msg":"四川-攀枝花","gid":"11905","time_insert":"2016-01-31 10:20","time_update":"2020-10-15 18:23"}
2024-10-05 00:19:25 查询号码 【1388230】，GSD为【"四川-攀枝花"】

2024-10-05 00:19:26 开始第 8232 次操作

2024-10-05 00:19:26 开始操作号码 【1388231】
2024-10-05 00:19:28 GSD getOne 第 1 次 等待 3 秒
2024-10-05 00:19:31 查询号码 【1388231】，返回信息 {"status":"ok","msg":"四川-攀枝花","gid":"11906","time_insert":"2014-12-12 20:48","time_update":"2020-10-15 18:26"}
2024-10-05 00:19:31 查询号码 【1388231】，GSD为【"四川-攀枝花"】

2024-10-05 00:43:29 开始第 8233 次操作

2024-10-05 00:43:29 开始操作号码 【1388232】
2024-10-05 00:43:32 GSD getOne 第 1 次 等待 3 秒
2024-10-05 00:43:35 查询号码 【1388232】，返回信息 {"status":"ok","msg":"四川-攀枝花","gid":"11907","time_insert":"2017-01-12 20:43","time_update":"2020-10-15 18:30"}
2024-10-05 00:43:35 查询号码 【1388232】，GSD为【"四川-攀枝花"】

2024-10-05 00:43:36 开始第 8234 次操作

2024-10-05 00:43:36 开始操作号码 【1388233】
2024-10-05 00:43:39 GSD getOne 第 1 次 等待 3 秒
2024-10-05 00:43:42 查询号码 【1388233】，返回信息 {"status":"ok","msg":"四川-攀枝花","gid":"11908","time_insert":"2017-09-23 13:50","time_update":"2020-10-15 18:31"}
2024-10-05 00:43:42 查询号码 【1388233】，GSD为【"四川-攀枝花"】

2024-10-05 00:43:43 开始第 8235 次操作

2024-10-05 00:43:43 开始操作号码 【1388234】
2024-10-05 00:43:44 GSD getOne 第 1 次 等待 3 秒
2024-10-05 00:43:47 查询号码 【1388234】，返回信息 {"status":"ok","msg":"四川-攀枝花","gid":"11909","time_insert":"2018-03-19 21:39","time_update":"2020-10-15 18:34"}
2024-10-05 00:43:47 查询号码 【1388234】，GSD为【"四川-攀枝花"】

2024-10-05 00:43:48 开始第 8236 次操作

2024-10-05 00:43:48 开始操作号码 【1388235】
2024-10-05 00:43:51 GSD getOne 第 1 次 等待 3 秒
2024-10-05 00:43:54 查询号码 【1388235】，返回信息 {"status":"ok","msg":"四川-攀枝花","gid":"11910","time_insert":"2018-09-08 10:40","time_update":"2020-10-15 18:38"}
2024-10-05 00:43:54 查询号码 【1388235】，GSD为【"四川-攀枝花"】

