2024-12-11 00:13:59 开始第 9545 次操作

2024-12-11 00:13:59 开始操作号码 【1309544】
2024-12-11 00:14:00 GSD getOne 第 1 次 等待 3 秒
2024-12-11 00:14:03 查询号码 【1309544】，返回信息 {"status":"ok","msg":"安徽-黄山","gid":"169674","time_insert":"2021-07-01 22:38"}
2024-12-11 00:14:03 查询号码 【1309544】，GSD为【"安徽-黄山"】

2024-12-11 00:14:04 开始第 9546 次操作

2024-12-11 00:14:04 开始操作号码 【1309545】
2024-12-11 00:14:05 GSD getOne 第 1 次 等待 3 秒
2024-12-11 00:14:08 查询号码 【1309545】，返回信息 {"status":"ok","msg":"安徽-合肥","gid":"169672","time_insert":"2021-07-01 22:38"}
2024-12-11 00:14:08 查询号码 【1309545】，GSD为【"安徽-合肥"】

2024-12-11 00:14:09 开始第 9547 次操作

2024-12-11 00:14:09 开始操作号码 【1309546】
2024-12-11 00:14:09 GSD getOne 第 1 次 等待 3 秒
2024-12-11 00:14:12 查询号码 【1309546】，返回信息 {"status":"ok","msg":"安徽-马鞍山","gid":"169670","time_insert":"2021-07-01 22:37"}
2024-12-11 00:14:12 查询号码 【1309546】，GSD为【"安徽-马鞍山"】

2024-12-11 00:14:13 开始第 9548 次操作

2024-12-11 00:14:13 开始操作号码 【1309547】
2024-12-11 00:14:14 GSD getOne 第 1 次 等待 3 秒
2024-12-11 00:14:17 查询号码 【1309547】，返回信息 {"status":"ok","msg":"安徽-淮南","gid":"169668","time_insert":"2021-07-01 22:37"}
2024-12-11 00:14:17 查询号码 【1309547】，GSD为【"安徽-淮南"】

