2023-11-03 00:21:56 开始第 6433 次操作

2023-11-03 00:21:56 开始操作号码 【1926335】
2023-11-03 00:21:58 GSD getOne 第 1 次 等待 3 秒
2023-11-03 00:22:01 查询号码 【1926335】，返回信息 {"status":"ok","msg":"-","gid":"616462","time_insert":"2023-03-26 20:24"}
2023-11-03 00:22:02 查询号码 【1926335】，GSD为【"-"】
2023-11-03 00:22:02 ok && -
2023-11-03 00:22:06 CHB 1926335?1698942122 第 1 次 等待 3 秒
2023-11-03 00:22:09 CHB 1926335?1698942122 第 1 次 获取到号码【1926335】GSD
2023-11-03 00:22:09 未获取到号码【1926335】GSD，可能号码格式错误
2023-11-03 00:22:09 获取到号码【1926335】的GSD为【-】
2023-11-03 00:22:16 GSD insert 第 1 次 等待 3 秒
2023-11-03 00:22:19 {"status":"bad","gid":"616462","msg":"添加失败！号码【1926335(-|-)】已存在！"}
2023-11-03 00:22:19 随机等待 175 秒，约 2 分钟
2023-11-03 00:22:19 下次操作: 2023-11-03 00:25:14

2023-11-03 00:25:14 开始第 6434 次操作

2023-11-03 00:25:14 开始操作号码 【1926336】
2023-11-03 00:25:17 GSD getOne 第 1 次 等待 3 秒
2023-11-03 00:25:20 查询号码 【1926336】，返回信息 {"status":"ok","msg":"-","gid":"616460","time_insert":"2023-03-26 20:22"}
2023-11-03 00:25:20 查询号码 【1926336】，GSD为【"-"】
2023-11-03 00:25:20 ok && -
2023-11-03 00:25:22 CHB 1926336?1698942320 第 1 次 等待 3 秒
2023-11-03 00:25:25 CHB 1926336?1698942320 第 1 次 获取到号码【1926336】GSD
2023-11-03 00:25:25 未获取到号码【1926336】GSD，可能号码格式错误
2023-11-03 00:25:25 获取到号码【1926336】的GSD为【-】
2023-11-03 00:25:28 GSD insert 第 1 次 等待 3 秒
2023-11-03 00:25:31 {"status":"bad","gid":"616460","msg":"添加失败！号码【1926336(-|-)】已存在！"}
2023-11-03 00:25:31 随机等待 151 秒，约 2 分钟
2023-11-03 00:25:31 下次操作: 2023-11-03 00:28:02

2023-11-03 00:28:02 开始第 6435 次操作

2023-11-03 00:28:02 开始操作号码 【1926337】
2023-11-03 00:28:05 GSD getOne 第 1 次 等待 3 秒
2023-11-03 00:28:08 查询号码 【1926337】，返回信息 {"status":"ok","msg":"-","gid":"616438","time_insert":"2023-03-26 20:01"}
2023-11-03 00:28:08 查询号码 【1926337】，GSD为【"-"】
2023-11-03 00:28:08 ok && -
2023-11-03 00:28:10 CHB 1926337?1698942488 第 1 次 等待 3 秒
2023-11-03 00:28:13 CHB 1926337?1698942488 第 1 次 获取到号码【1926337】GSD
2023-11-03 00:28:13 未获取到号码【1926337】GSD，可能号码格式错误
2023-11-03 00:28:13 获取到号码【1926337】的GSD为【-】
2023-11-03 00:28:16 GSD insert 第 1 次 等待 3 秒
2023-11-03 00:28:19 {"status":"bad","gid":"616438","msg":"添加失败！号码【1926337(-|-)】已存在！"}
2023-11-03 00:28:19 随机等待 152 秒，约 2 分钟
2023-11-03 00:28:19 下次操作: 2023-11-03 00:30:51

2023-11-03 00:30:51 开始第 6436 次操作

2023-11-03 00:30:51 开始操作号码 【1926338】
2023-11-03 00:30:54 GSD getOne 第 1 次 等待 3 秒
2023-11-03 00:30:57 查询号码 【1926338】，返回信息 {"status":"ok","msg":"-","gid":"616433","time_insert":"2023-03-26 19:58"}
2023-11-03 00:30:57 查询号码 【1926338】，GSD为【"-"】
2023-11-03 00:30:57 ok && -
2023-11-03 00:30:59 CHB 1926338?1698942657 第 1 次 等待 3 秒
2023-11-03 00:31:02 CHB 1926338?1698942657 第 1 次 获取到号码【1926338】GSD
2023-11-03 00:31:02 未获取到号码【1926338】GSD，可能号码格式错误
2023-11-03 00:31:02 获取到号码【1926338】的GSD为【-】
2023-11-03 00:31:06 GSD insert 第 1 次 等待 3 秒
2023-11-03 00:31:09 {"status":"bad","gid":"616433","msg":"添加失败！号码【1926338(-|-)】已存在！"}

