2021-08-02 00:00:41 开始第 10 次操作

2021-08-02 00:00:41 开始操作号码 【1863887】
2021-08-02 00:00:55 GSD getOne 第 1 次 等待 3 秒
2021-08-02 00:00:58 查询号码 【1863887】，返回信息 {"status":"bad","msg":""}
2021-08-02 00:00:58 查询号码 【1863887】，GSD为【""】
2021-08-02 00:00:58 bad
2021-08-02 00:00:59 CHB 1863887?1627833658 第 1 次 等待 3 秒
2021-08-02 00:01:02 CHB 1863887?1627833658 第 1 次 获取到号码【1863887】GSD
2021-08-02 00:01:02 获取到号码【1863887】的GSD为【河南-洛阳】
2021-08-02 00:01:22 GSD insert 第 1 次 等待 3 秒
2021-08-02 00:01:25 {"status":"ok","gid":473052,"msg":"添加成功！"}
2021-08-02 00:01:25 下次操作: 2021-08-02 00:01:41

2021-08-02 00:01:41 开始第 11 次操作

2021-08-02 00:01:41 开始操作号码 【1863886】
2021-08-02 00:01:50 GSD getOne 第 1 次 等待 3 秒
2021-08-02 00:01:53 查询号码 【1863886】，返回信息 {"status":"ok","msg":"河南-洛阳","gid":"40792","time_insert":"2014-05-28 17:25","time_update":"2020-09-13 02:16"}
2021-08-02 00:01:53 查询号码 【1863886】，GSD为【"河南-洛阳"】

2021-08-02 00:01:53 开始第 11 次操作

2021-08-02 00:01:53 开始操作号码 【1863885】
2021-08-02 00:02:18 GSD getOne 第 1 次 等待 3 秒
2021-08-02 00:02:21 查询号码 【1863885】，返回信息 {"status":"bad","msg":""}
2021-08-02 00:02:21 查询号码 【1863885】，GSD为【""】
2021-08-02 00:02:21 bad
2021-08-02 00:02:23 CHB 1863885?1627833741 第 1 次 等待 3 秒
2021-08-02 00:02:26 CHB 1863885?1627833741 第 1 次 获取到号码【1863885】GSD
2021-08-02 00:02:26 获取到号码【1863885】的GSD为【河南-洛阳】
2021-08-02 00:02:45 GSD insert 第 1 次 等待 3 秒
2021-08-02 00:02:48 {"status":"ok","gid":473069,"msg":"添加成功！"}
2021-08-02 00:02:48 下次操作: 2021-08-02 00:03:11

2021-08-02 00:03:11 开始第 12 次操作

2021-08-02 00:03:11 开始操作号码 【1863884】
2021-08-02 00:03:19 GSD getOne 第 1 次 等待 3 秒
2021-08-02 00:03:22 查询号码 【1863884】，返回信息 {"status":"bad","msg":""}
2021-08-02 00:03:22 查询号码 【1863884】，GSD为【""】
2021-08-02 00:03:22 bad
2021-08-02 00:03:24 CHB 1863884?1627833802 第 1 次 等待 3 秒
2021-08-02 00:03:27 CHB 1863884?1627833802 第 1 次 获取到号码【1863884】GSD
2021-08-02 00:03:27 获取到号码【1863884】的GSD为【河南-洛阳】
2021-08-02 00:04:10 GSD insert 第 1 次 等待 3 秒
2021-08-02 00:04:13 {"status":"ok","gid":473086,"msg":"添加成功！"}
2021-08-02 00:04:13 下次操作: 2021-08-02 00:04:31

2021-08-02 00:04:31 开始第 13 次操作

2021-08-02 00:04:31 开始操作号码 【1863883】
2021-08-02 00:04:36 GSD getOne 第 1 次 等待 3 秒
2021-08-02 00:04:39 查询号码 【1863883】，返回信息 {"status":"bad","msg":""}
2021-08-02 00:04:39 查询号码 【1863883】，GSD为【""】
2021-08-02 00:04:39 bad
2021-08-02 00:04:40 CHB 1863883?1627833879 第 1 次 等待 3 秒
2021-08-02 00:04:43 CHB 1863883?1627833879 第 1 次 获取到号码【1863883】GSD
2021-08-02 00:04:43 获取到号码【1863883】的GSD为【河南-洛阳】
2021-08-02 00:05:23 GSD insert 第 1 次 等待 3 秒
2021-08-02 00:05:26 {"status":"ok","gid":473105,"msg":"添加成功！"}
2021-08-02 00:05:26 下次操作: 2021-08-02 00:05:44

2021-08-02 00:05:44 开始第 14 次操作

2021-08-02 00:05:44 开始操作号码 【1863882】
2021-08-02 00:05:49 GSD getOne 第 1 次 等待 3 秒
2021-08-02 00:05:52 查询号码 【1863882】，返回信息 {"status":"bad","msg":""}
2021-08-02 00:05:52 查询号码 【1863882】，GSD为【""】
2021-08-02 00:05:52 bad
2021-08-02 00:05:57 CHB 1863882?1627833952 第 1 次 等待 3 秒
2021-08-02 00:06:00 CHB 1863882?1627833952 第 1 次 获取到号码【1863882】GSD
2021-08-02 00:06:00 获取到号码【1863882】的GSD为【河南-洛阳】
2021-08-02 00:06:23 GSD insert 第 1 次 等待 3 秒
2021-08-02 00:06:26 {"status":"ok","gid":473116,"msg":"添加成功！"}
2021-08-02 00:06:26 下次操作: 2021-08-02 00:06:47

2021-08-02 00:06:47 开始第 15 次操作

2021-08-02 00:06:47 开始操作号码 【1863881】
2021-08-02 00:06:55 GSD getOne 第 1 次 等待 3 秒
2021-08-02 00:06:58 查询号码 【1863881】，返回信息 {"status":"bad","msg":""}
2021-08-02 00:06:58 查询号码 【1863881】，GSD为【""】
2021-08-02 00:06:58 bad
2021-08-02 00:07:00 CHB 1863881?1627834018 第 1 次 等待 3 秒
2021-08-02 00:07:03 CHB 1863881?1627834018 第 1 次 获取到号码【1863881】GSD
2021-08-02 00:07:03 获取到号码【1863881】的GSD为【河南-洛阳】
2021-08-02 00:07:26 GSD insert 第 1 次 等待 3 秒
2021-08-02 00:07:29 {"status":"ok","gid":473131,"msg":"添加成功！"}
2021-08-02 00:07:29 下次操作: 2021-08-02 00:07:42

2021-08-02 00:07:42 开始第 16 次操作

2021-08-02 00:07:42 开始操作号码 【1863880】
2021-08-02 00:07:48 GSD getOne 第 1 次 等待 3 秒
2021-08-02 00:07:51 查询号码 【1863880】，返回信息 {"status":"ok","msg":"河南-洛阳","gid":"55952","time_insert":"2020-09-22 10:05"}
2021-08-02 00:07:51 查询号码 【1863880】，GSD为【"河南-洛阳"】

2021-08-02 00:07:51 开始第 16 次操作

2021-08-02 00:07:51 开始操作号码 【1863879】
2021-08-02 00:08:11 GSD getOne 第 1 次 等待 3 秒
2021-08-02 00:08:14 查询号码 【1863879】，返回信息 {"status":"ok","msg":"河南-郑州","gid":"55951","time_insert":"2020-05-04 20:43"}
2021-08-02 00:08:14 查询号码 【1863879】，GSD为【"河南-郑州"】

2021-08-02 00:08:14 开始第 16 次操作

2021-08-02 00:08:14 开始操作号码 【1863878】
2021-08-02 00:08:35 GSD getOne 第 1 次 等待 3 秒
2021-08-02 00:08:38 查询号码 【1863878】，返回信息 {"status":"bad","msg":""}
2021-08-02 00:08:38 查询号码 【1863878】，GSD为【""】
2021-08-02 00:08:38 bad
2021-08-02 00:08:40 CHB 1863878?1627834118 第 1 次 等待 3 秒
2021-08-02 00:08:43 CHB 1863878?1627834118 第 1 次 获取到号码【1863878】GSD
2021-08-02 00:08:43 获取到号码【1863878】的GSD为【河南-郑州】
2021-08-02 00:08:56 GSD insert 第 1 次 等待 3 秒
2021-08-02 00:08:59 {"status":"ok","gid":473149,"msg":"添加成功！"}
2021-08-02 00:08:59 下次操作: 2021-08-02 00:09:11

2021-08-02 00:09:11 开始第 17 次操作

2021-08-02 00:09:11 开始操作号码 【1863877】
2021-08-02 00:10:43 GSD getOne 第 1 次 等待 3 秒
2021-08-02 00:10:46 查询号码 【1863877】，返回信息 {"status":"bad","msg":""}
2021-08-02 00:10:46 查询号码 【1863877】，GSD为【""】
2021-08-02 00:10:46 bad
2021-08-02 00:10:48 CHB 1863877?1627834246 第 1 次 等待 3 秒
2021-08-02 00:10:51 CHB 1863877?1627834246 第 1 次 获取到号码【1863877】GSD
2021-08-02 00:10:51 未获取到号码【1863877】GSD，查号吧 400 错误
2021-08-02 00:10:51 获取到号码【1863877】的GSD为【-】
2021-08-02 00:11:09 GSD insert 第 1 次 等待 3 秒
2021-08-02 00:11:12 {"status":"ok","gid":473172,"msg":"添加成功！"}
2021-08-02 00:11:12 下次操作: 2021-08-02 00:11:36

2021-08-02 00:11:36 开始第 18 次操作

2021-08-02 00:11:36 开始操作号码 【1863876】
2021-08-02 00:11:43 GSD getOne 第 1 次 等待 3 秒
2021-08-02 00:11:46 查询号码 【1863876】，返回信息 {"status":"ok","msg":"河南-郑州","gid":"55950","time_insert":"2020-05-10 13:54"}
2021-08-02 00:11:46 查询号码 【1863876】，GSD为【"河南-郑州"】

2021-08-02 00:11:46 开始第 18 次操作

2021-08-02 00:11:46 开始操作号码 【1863875】
2021-08-02 00:12:09 GSD getOne 第 1 次 等待 3 秒
2021-08-02 00:12:12 查询号码 【1863875】，返回信息 {"status":"bad","msg":""}
2021-08-02 00:12:12 查询号码 【1863875】，GSD为【""】
2021-08-02 00:12:12 bad
2021-08-02 00:12:14 CHB 1863875?1627834332 第 1 次 等待 3 秒
2021-08-02 00:12:17 CHB 1863875?1627834332 第 1 次 获取到号码【1863875】GSD
2021-08-02 00:12:17 获取到号码【1863875】的GSD为【河南-郑州】
2021-08-02 00:12:53 GSD insert 第 1 次 等待 3 秒
2021-08-02 00:12:56 {"status":"ok","gid":473192,"msg":"添加成功！"}
2021-08-02 00:12:57 下次操作: 2021-08-02 00:13:09

2021-08-02 00:13:09 开始第 19 次操作

2021-08-02 00:13:09 开始操作号码 【1863874】
2021-08-02 00:14:34 GSD getOne 第 1 次 等待 3 秒
2021-08-02 00:14:37 查询号码 【1863874】，返回信息 {"status":"ok","msg":"河南-郑州","gid":"40791","time_insert":"2018-02-01 21:19","time_update":"2020-09-13 02:21"}
2021-08-02 00:14:37 查询号码 【1863874】，GSD为【"河南-郑州"】

2021-08-02 00:14:37 开始第 19 次操作

2021-08-02 00:14:37 开始操作号码 【1863873】
2021-08-02 00:15:15 GSD getOne 第 1 次 等待 3 秒
2021-08-02 00:15:18 查询号码 【1863873】，返回信息 {"status":"bad","msg":""}
2021-08-02 00:15:18 查询号码 【1863873】，GSD为【""】
2021-08-02 00:15:18 bad
2021-08-02 00:15:21 CHB 1863873?1627834518 第 1 次 等待 3 秒
2021-08-02 00:15:24 CHB 1863873?1627834518 第 1 次 获取到号码【1863873】GSD
2021-08-02 00:15:24 获取到号码【1863873】的GSD为【河南-郑州】
2021-08-02 00:15:47 GSD insert 第 1 次 等待 3 秒
2021-08-02 00:15:50 {"status":"ok","gid":473215,"msg":"添加成功！"}
2021-08-02 00:15:50 下次操作: 2021-08-02 00:16:14

2021-08-02 00:16:14 开始第 20 次操作

2021-08-02 00:16:14 开始操作号码 【1863872】
2021-08-02 00:16:18 GSD getOne 第 1 次 等待 3 秒
2021-08-02 00:16:21 查询号码 【1863872】，返回信息 {"status":"ok","msg":"河南-郑州","gid":"55949","time_insert":"2021-02-02 09:06"}
2021-08-02 00:16:21 查询号码 【1863872】，GSD为【"河南-郑州"】

2021-08-02 00:16:21 开始第 20 次操作

2021-08-02 00:16:21 开始操作号码 【1863871】
2021-08-02 00:16:41 GSD getOne 第 1 次 等待 3 秒
2021-08-02 00:16:44 查询号码 【1863871】，返回信息 {"status":"bad","msg":""}
2021-08-02 00:16:44 查询号码 【1863871】，GSD为【""】
2021-08-02 00:16:44 bad
2021-08-02 00:16:45 CHB 1863871?1627834604 第 1 次 等待 3 秒
2021-08-02 00:16:48 CHB 1863871?1627834604 第 1 次 获取到号码【1863871】GSD
2021-08-02 00:16:48 获取到号码【1863871】的GSD为【河南-郑州】
2021-08-02 00:17:07 GSD insert 第 1 次 等待 3 秒
2021-08-02 00:17:10 {"status":"ok","gid":473225,"msg":"添加成功！"}
2021-08-02 00:17:10 下次操作: 2021-08-02 00:17:30

2021-08-02 00:17:30 开始第 21 次操作

2021-08-02 00:17:30 开始操作号码 【1863870】
2021-08-02 00:17:43 GSD getOne 第 1 次 等待 3 秒
2021-08-02 00:17:46 查询号码 【1863870】，返回信息 {"status":"bad","msg":""}
2021-08-02 00:17:46 查询号码 【1863870】，GSD为【""】
2021-08-02 00:17:46 bad
2021-08-02 00:17:49 CHB 1863870?1627834666 第 1 次 等待 3 秒
2021-08-02 00:17:52 CHB 1863870?1627834666 第 1 次 获取到号码【1863870】GSD
2021-08-02 00:17:52 获取到号码【1863870】的GSD为【河南-郑州】
2021-08-02 00:18:35 GSD insert 第 1 次 等待 3 秒
2021-08-02 00:18:38 {"status":"ok","gid":473234,"msg":"添加成功！"}
2021-08-02 00:18:38 下次操作: 2021-08-02 00:19:01

2021-08-02 00:19:01 开始第 22 次操作

2021-08-02 00:19:01 开始操作号码 【1863869】
2021-08-02 00:19:04 GSD getOne 第 1 次 等待 3 秒
2021-08-02 00:19:07 查询号码 【1863869】，返回信息 {"status":"bad","msg":""}
2021-08-02 00:19:07 查询号码 【1863869】，GSD为【""】
2021-08-02 00:19:07 bad
2021-08-02 00:19:09 CHB 1863869?1627834747 第 1 次 等待 3 秒
2021-08-02 00:19:12 CHB 1863869?1627834747 第 1 次 获取到号码【1863869】GSD
2021-08-02 00:19:12 获取到号码【1863869】的GSD为【河南-郑州】
2021-08-02 00:20:24 GSD insert 第 1 次 等待 3 秒
2021-08-02 00:20:27 {"status":"ok","gid":473244,"msg":"添加成功！"}
2021-08-02 00:20:27 下次操作: 2021-08-02 00:20:50

2021-08-02 00:20:50 开始第 23 次操作

2021-08-02 00:20:50 开始操作号码 【1863868】
2021-08-02 00:20:59 GSD getOne 第 1 次 等待 3 秒
2021-08-02 00:21:02 查询号码 【1863868】，返回信息 {"status":"bad","msg":""}
2021-08-02 00:21:02 查询号码 【1863868】，GSD为【""】
2021-08-02 00:21:02 bad
2021-08-02 00:21:04 CHB 1863868?1627834862 第 1 次 等待 3 秒
2021-08-02 00:21:07 CHB 1863868?1627834862 第 1 次 获取到号码【1863868】GSD
2021-08-02 00:21:07 获取到号码【1863868】的GSD为【河南-郑州】
2021-08-02 00:21:27 GSD insert 第 1 次 等待 3 秒
2021-08-02 00:21:30 {"status":"ok","gid":473252,"msg":"添加成功！"}
2021-08-02 00:21:30 下次操作: 2021-08-02 00:21:42

2021-08-02 00:21:42 开始第 24 次操作

2021-08-02 00:21:42 开始操作号码 【1863867】
2021-08-02 00:21:48 GSD getOne 第 1 次 等待 3 秒
2021-08-02 00:21:51 查询号码 【1863867】，返回信息 {"status":"bad","msg":""}
2021-08-02 00:21:51 查询号码 【1863867】，GSD为【""】
2021-08-02 00:21:51 bad
2021-08-02 00:21:53 CHB 1863867?1627834911 第 1 次 等待 3 秒
2021-08-02 00:21:56 CHB 1863867?1627834911 第 1 次 获取到号码【1863867】GSD
2021-08-02 00:21:56 获取到号码【1863867】的GSD为【河南-郑州】
2021-08-02 00:22:53 GSD insert 第 1 次 等待 3 秒
2021-08-02 00:22:56 {"status":"ok","gid":473260,"msg":"添加成功！"}
2021-08-02 00:22:56 下次操作: 2021-08-02 00:23:09

2021-08-02 00:23:09 开始第 25 次操作

2021-08-02 00:23:09 开始操作号码 【1863866】
2021-08-02 00:23:16 GSD getOne 第 1 次 等待 3 秒
2021-08-02 00:23:19 查询号码 【1863866】，返回信息 {"status":"bad","msg":""}
2021-08-02 00:23:20 查询号码 【1863866】，GSD为【""】
2021-08-02 00:23:20 bad
2021-08-02 00:23:21 CHB 1863866?1627835000 第 1 次 等待 3 秒
2021-08-02 00:23:24 CHB 1863866?1627835000 第 1 次 获取到号码【1863866】GSD
2021-08-02 00:23:24 获取到号码【1863866】的GSD为【河南-郑州】
2021-08-02 00:24:01 GSD insert 第 1 次 等待 3 秒
2021-08-02 00:24:04 {"status":"ok","gid":473266,"msg":"添加成功！"}
2021-08-02 00:24:04 下次操作: 2021-08-02 00:24:17

2021-08-02 00:24:17 开始第 26 次操作

2021-08-02 00:24:17 开始操作号码 【1863865】
2021-08-02 00:24:22 GSD getOne 第 1 次 等待 3 秒
2021-08-02 00:24:25 查询号码 【1863865】，返回信息 {"status":"ok","msg":"河南-郑州","gid":"55948","time_insert":"2021-01-19 21:13"}
2021-08-02 00:24:25 查询号码 【1863865】，GSD为【"河南-郑州"】

2021-08-02 00:24:25 开始第 26 次操作

2021-08-02 00:24:25 开始操作号码 【1863864】
2021-08-02 00:24:51 GSD getOne 第 1 次 等待 3 秒
2021-08-02 00:24:54 查询号码 【1863864】，返回信息 {"status":"ok","msg":"河南-郑州","gid":"55946","time_insert":"2021-04-25 12:40"}
2021-08-02 00:24:54 查询号码 【1863864】，GSD为【"河南-郑州"】

2021-08-02 00:24:54 开始第 26 次操作

2021-08-02 00:24:54 开始操作号码 【1863863】
2021-08-02 00:26:15 GSD getOne 第 1 次 等待 3 秒
2021-08-02 00:26:18 查询号码 【1863863】，返回信息 {"status":"bad","msg":""}
2021-08-02 00:26:18 查询号码 【1863863】，GSD为【""】
2021-08-02 00:26:18 bad
2021-08-02 00:26:20 CHB 1863863?1627835178 第 1 次 等待 3 秒
2021-08-02 00:26:23 CHB 1863863?1627835178 第 1 次 获取到号码【1863863】GSD
2021-08-02 00:26:23 获取到号码【1863863】的GSD为【河南-郑州】
2021-08-02 00:26:43 GSD insert 第 1 次 等待 3 秒
2021-08-02 00:26:46 {"status":"ok","gid":473280,"msg":"添加成功！"}
2021-08-02 00:26:46 下次操作: 2021-08-02 00:27:00

2021-08-02 00:27:00 开始第 27 次操作

2021-08-02 00:27:00 开始操作号码 【1863862】
2021-08-02 00:27:28 GSD getOne 第 1 次 等待 3 秒
2021-08-02 00:27:31 查询号码 【1863862】，返回信息 {"status":"bad","msg":""}
2021-08-02 00:27:31 查询号码 【1863862】，GSD为【""】
2021-08-02 00:27:31 bad
2021-08-02 00:27:33 CHB 1863862?1627835251 第 1 次 等待 3 秒
2021-08-02 00:27:36 CHB 1863862?1627835251 第 1 次 获取到号码【1863862】GSD
2021-08-02 00:27:36 获取到号码【1863862】的GSD为【河南-郑州】
2021-08-02 00:28:36 GSD insert 第 1 次 等待 3 秒
2021-08-02 00:28:40 {"status":"ok","gid":473284,"msg":"添加成功！"}
2021-08-02 00:28:40 下次操作: 2021-08-02 00:28:55

2021-08-02 00:28:55 开始第 28 次操作

2021-08-02 00:28:55 开始操作号码 【1863861】
2021-08-02 00:29:31 GSD getOne 第 1 次 等待 3 秒
2021-08-02 00:29:34 查询号码 【1863861】，返回信息 {"status":"bad","msg":""}
2021-08-02 00:29:34 查询号码 【1863861】，GSD为【""】
2021-08-02 00:29:34 bad
2021-08-02 00:29:35 CHB 1863861?1627835374 第 1 次 等待 3 秒
2021-08-02 00:29:38 CHB 1863861?1627835374 第 1 次 获取到号码【1863861】GSD
2021-08-02 00:29:38 获取到号码【1863861】的GSD为【河南-郑州】
2021-08-02 00:29:59 GSD insert 第 1 次 等待 3 秒
2021-08-02 00:30:02 {"status":"ok","gid":473291,"msg":"添加成功！"}
2021-08-02 00:30:02 下次操作: 2021-08-02 00:30:17

2021-08-02 00:30:17 开始第 29 次操作

2021-08-02 00:30:17 开始操作号码 【1863860】
2021-08-02 00:30:20 GSD getOne 第 1 次 等待 3 秒
2021-08-02 00:30:23 查询号码 【1863860】，返回信息 {"status":"ok","msg":"河南-郑州","gid":"55944","time_insert":"2020-08-07 20:03"}
2021-08-02 00:30:23 查询号码 【1863860】，GSD为【"河南-郑州"】

2021-08-02 00:30:23 开始第 29 次操作

2021-08-02 00:30:23 开始操作号码 【1863859】
2021-08-02 00:30:42 GSD getOne 第 1 次 等待 3 秒
2021-08-02 00:30:45 查询号码 【1863859】，返回信息 {"status":"bad","msg":""}
2021-08-02 00:30:45 查询号码 【1863859】，GSD为【""】
2021-08-02 00:30:45 bad
2021-08-02 00:30:47 CHB 1863859?1627835445 第 1 次 等待 3 秒
2021-08-02 00:30:50 CHB 1863859?1627835445 第 1 次 获取到号码【1863859】GSD
2021-08-02 00:30:50 获取到号码【1863859】的GSD为【河南-郑州】
2021-08-02 00:31:09 GSD insert 第 1 次 等待 3 秒
2021-08-02 00:31:12 {"status":"ok","gid":473293,"msg":"添加成功！"}
2021-08-02 00:31:12 下次操作: 2021-08-02 00:31:33

2021-08-02 00:31:33 开始第 30 次操作

2021-08-02 00:31:33 开始操作号码 【1863858】
2021-08-02 00:31:44 GSD getOne 第 1 次 等待 3 秒
2021-08-02 00:31:47 查询号码 【1863858】，返回信息 {"status":"ok","msg":"河南-郑州","gid":"40790","time_insert":"2017-09-17 23:59","time_update":"2020-09-13 02:25"}
2021-08-02 00:31:47 查询号码 【1863858】，GSD为【"河南-郑州"】

2021-08-02 00:31:47 开始第 30 次操作

2021-08-02 00:31:47 开始操作号码 【1863857】
2021-08-02 00:32:08 GSD getOne 第 1 次 等待 3 秒
2021-08-02 00:32:11 查询号码 【1863857】，返回信息 {"status":"bad","msg":""}
2021-08-02 00:32:11 查询号码 【1863857】，GSD为【""】
2021-08-02 00:32:11 bad
2021-08-02 00:32:13 CHB 1863857?1627835531 第 1 次 等待 3 秒
2021-08-02 00:32:16 CHB 1863857?1627835531 第 1 次 获取到号码【1863857】GSD
2021-08-02 00:32:16 获取到号码【1863857】的GSD为【河南-郑州】
2021-08-02 00:32:38 GSD insert 第 1 次 等待 3 秒
2021-08-02 00:32:41 {"status":"ok","gid":473296,"msg":"添加成功！"}
2021-08-02 00:32:41 下次操作: 2021-08-02 00:33:02

2021-08-02 00:33:02 开始第 31 次操作

2021-08-02 00:33:02 开始操作号码 【1863856】
2021-08-02 00:33:05 GSD getOne 第 1 次 等待 3 秒
2021-08-02 00:33:08 查询号码 【1863856】，返回信息 {"status":"bad","msg":""}
2021-08-02 00:33:08 查询号码 【1863856】，GSD为【""】
2021-08-02 00:33:08 bad
2021-08-02 00:33:10 CHB 1863856?1627835588 第 1 次 等待 3 秒
2021-08-02 00:33:13 CHB 1863856?1627835588 第 1 次 获取到号码【1863856】GSD
2021-08-02 00:33:13 获取到号码【1863856】的GSD为【河南-郑州】
2021-08-02 00:34:22 GSD insert 第 1 次 等待 3 秒
2021-08-02 00:34:25 {"status":"ok","gid":473299,"msg":"添加成功！"}
2021-08-02 00:34:25 下次操作: 2021-08-02 00:34:49

2021-08-02 00:34:49 开始第 32 次操作

2021-08-02 00:34:49 开始操作号码 【1863855】
2021-08-02 00:35:01 GSD getOne 第 1 次 等待 3 秒
2021-08-02 00:35:04 查询号码 【1863855】，返回信息 {"status":"bad","msg":""}
2021-08-02 00:35:04 查询号码 【1863855】，GSD为【""】
2021-08-02 00:35:04 bad
2021-08-02 00:35:07 CHB 1863855?1627835704 第 1 次 等待 3 秒
2021-08-02 00:35:10 CHB 1863855?1627835704 第 1 次 获取到号码【1863855】GSD
2021-08-02 00:35:10 获取到号码【1863855】的GSD为【河南-郑州】
2021-08-02 00:36:07 GSD insert 第 1 次 等待 3 秒
2021-08-02 00:36:10 {"status":"ok","gid":473305,"msg":"添加成功！"}
2021-08-02 00:36:10 下次操作: 2021-08-02 00:36:28

2021-08-02 00:36:28 开始第 33 次操作

2021-08-02 00:36:28 开始操作号码 【1863854】
2021-08-02 00:36:31 GSD getOne 第 1 次 等待 3 秒
2021-08-02 00:36:34 查询号码 【1863854】，返回信息 {"status":"bad","msg":""}
2021-08-02 00:36:35 查询号码 【1863854】，GSD为【""】
2021-08-02 00:36:35 bad
2021-08-02 00:36:37 CHB 1863854?1627835795 第 1 次 等待 3 秒
2021-08-02 00:36:40 CHB 1863854?1627835795 第 1 次 获取到号码【1863854】GSD
2021-08-02 00:36:40 获取到号码【1863854】的GSD为【河南-郑州】
2021-08-02 00:37:15 GSD insert 第 1 次 等待 3 秒
2021-08-02 00:37:18 {"status":"ok","gid":473309,"msg":"添加成功！"}
2021-08-02 00:37:18 下次操作: 2021-08-02 00:37:41

2021-08-02 00:37:41 开始第 34 次操作

2021-08-02 00:37:41 开始操作号码 【1863853】
2021-08-02 00:37:46 GSD getOne 第 1 次 等待 3 秒
2021-08-02 00:37:49 查询号码 【1863853】，返回信息 {"status":"bad","msg":""}
2021-08-02 00:37:49 查询号码 【1863853】，GSD为【""】
2021-08-02 00:37:49 bad
2021-08-02 00:37:51 CHB 1863853?1627835869 第 1 次 等待 3 秒
2021-08-02 00:37:54 CHB 1863853?1627835869 第 1 次 获取到号码【1863853】GSD
2021-08-02 00:37:54 获取到号码【1863853】的GSD为【河南-郑州】
2021-08-02 00:38:12 GSD insert 第 1 次 等待 3 秒
2021-08-02 00:38:15 {"status":"ok","gid":473311,"msg":"添加成功！"}
2021-08-02 00:38:15 下次操作: 2021-08-02 00:38:35

2021-08-02 00:38:35 开始第 35 次操作

2021-08-02 00:38:35 开始操作号码 【1863852】
2021-08-02 00:38:41 GSD getOne 第 1 次 等待 3 秒
2021-08-02 00:38:44 查询号码 【1863852】，返回信息 {"status":"bad","msg":""}
2021-08-02 00:38:44 查询号码 【1863852】，GSD为【""】
2021-08-02 00:38:44 bad
2021-08-02 00:38:46 CHB 1863852?1627835924 第 1 次 等待 3 秒
2021-08-02 00:38:49 CHB 1863852?1627835924 第 1 次 获取到号码【1863852】GSD
2021-08-02 00:38:49 获取到号码【1863852】的GSD为【河南-郑州】
2021-08-02 00:39:16 GSD insert 第 1 次 等待 3 秒
2021-08-02 00:39:19 {"status":"ok","gid":473313,"msg":"添加成功！"}
2021-08-02 00:39:19 下次操作: 2021-08-02 00:39:33

2021-08-02 00:39:33 开始第 36 次操作

2021-08-02 00:39:33 开始操作号码 【1863851】
2021-08-02 00:39:37 GSD getOne 第 1 次 等待 3 秒
2021-08-02 00:39:40 查询号码 【1863851】，返回信息 {"status":"bad","msg":""}
2021-08-02 00:39:40 查询号码 【1863851】，GSD为【""】
2021-08-02 00:39:40 bad
2021-08-02 00:39:41 CHB 1863851?1627835980 第 1 次 等待 3 秒
2021-08-02 00:39:44 CHB 1863851?1627835980 第 1 次 获取到号码【1863851】GSD
2021-08-02 00:39:44 获取到号码【1863851】的GSD为【河南-郑州】
2021-08-02 00:40:04 GSD insert 第 1 次 等待 3 秒
2021-08-02 00:40:07 {"status":"ok","gid":473316,"msg":"添加成功！"}
2021-08-02 00:40:07 下次操作: 2021-08-02 00:40:27

2021-08-02 00:40:27 开始第 37 次操作

2021-08-02 00:40:27 开始操作号码 【1863850】
2021-08-02 00:40:32 GSD getOne 第 1 次 等待 3 秒
2021-08-02 00:40:35 查询号码 【1863850】，返回信息 {"status":"bad","msg":""}
2021-08-02 00:40:35 查询号码 【1863850】，GSD为【""】
2021-08-02 00:40:35 bad
2021-08-02 00:40:36 CHB 1863850?1627836035 第 1 次 等待 3 秒
2021-08-02 00:40:39 CHB 1863850?1627836035 第 1 次 获取到号码【1863850】GSD
2021-08-02 00:40:40 获取到号码【1863850】的GSD为【河南-郑州】
2021-08-02 00:41:00 GSD insert 第 1 次 等待 3 秒
2021-08-02 00:41:03 {"status":"ok","gid":473319,"msg":"添加成功！"}
2021-08-02 00:41:03 下次操作: 2021-08-02 00:41:21

2021-08-02 00:41:21 开始第 38 次操作

2021-08-02 00:41:21 开始操作号码 【1863849】
2021-08-02 00:41:24 GSD getOne 第 1 次 等待 3 秒
2021-08-02 00:41:27 查询号码 【1863849】，返回信息 {"status":"bad","msg":""}
2021-08-02 00:41:27 查询号码 【1863849】，GSD为【""】
2021-08-02 00:41:27 bad
2021-08-02 00:41:29 CHB 1863849?1627836087 第 1 次 等待 3 秒
2021-08-02 00:41:32 CHB 1863849?1627836087 第 1 次 获取到号码【1863849】GSD
2021-08-02 00:41:32 获取到号码【1863849】的GSD为【河南-信阳】
2021-08-02 00:42:01 GSD insert 第 1 次 等待 3 秒
2021-08-02 00:42:04 {"status":"ok","gid":473322,"msg":"添加成功！"}
2021-08-02 00:42:04 下次操作: 2021-08-02 00:42:19

2021-08-02 00:42:19 开始第 39 次操作

2021-08-02 00:42:19 开始操作号码 【1863848】
2021-08-02 00:42:24 GSD getOne 第 1 次 等待 3 秒
2021-08-02 00:42:27 查询号码 【1863848】，返回信息 {"status":"ok","msg":"河南-洛阳","gid":"55943","time_insert":"2021-04-06 18:41"}
2021-08-02 00:42:27 查询号码 【1863848】，GSD为【"河南-洛阳"】

2021-08-02 00:42:27 开始第 39 次操作

2021-08-02 00:42:27 开始操作号码 【1863847】
2021-08-02 00:42:50 GSD getOne 第 1 次 等待 3 秒
2021-08-02 00:42:53 查询号码 【1863847】，返回信息 {"status":"bad","msg":""}
2021-08-02 00:42:53 查询号码 【1863847】，GSD为【""】
2021-08-02 00:42:53 bad
2021-08-02 00:42:55 CHB 1863847?1627836173 第 1 次 等待 3 秒
2021-08-02 00:42:58 CHB 1863847?1627836173 第 1 次 获取到号码【1863847】GSD
2021-08-02 00:42:58 获取到号码【1863847】的GSD为【河南-洛阳】
2021-08-02 00:43:17 GSD insert 第 1 次 等待 3 秒
2021-08-02 00:43:20 {"status":"ok","gid":473326,"msg":"添加成功！"}
2021-08-02 00:43:20 下次操作: 2021-08-02 00:43:35

2021-08-02 00:43:35 开始第 40 次操作

2021-08-02 00:43:35 开始操作号码 【1863846】
2021-08-02 00:43:39 GSD getOne 第 1 次 等待 3 秒
2021-08-02 00:43:42 查询号码 【1863846】，返回信息 {"status":"bad","msg":""}
2021-08-02 00:43:42 查询号码 【1863846】，GSD为【""】
2021-08-02 00:43:42 bad
2021-08-02 00:43:43 CHB 1863846?1627836222 第 1 次 等待 3 秒
2021-08-02 00:43:46 CHB 1863846?1627836222 第 1 次 获取到号码【1863846】GSD
2021-08-02 00:43:47 获取到号码【1863846】的GSD为【河南-南阳】
2021-08-02 00:44:24 GSD insert 第 1 次 等待 3 秒
2021-08-02 00:44:27 {"status":"ok","gid":473328,"msg":"添加成功！"}

