2024-09-29 00:16:40 开始第 7201 次操作

2024-09-29 00:16:40 开始操作号码 【1387200】
2024-09-29 00:16:43 GSD getOne 第 1 次 等待 3 秒
2024-09-29 00:16:46 查询号码 【1387200】，返回信息 {"status":"ok","msg":"湖北-黄冈","gid":"357902","time_insert":"2021-07-22 19:05"}
2024-09-29 00:16:46 查询号码 【1387200】，GSD为【"湖北-黄冈"】

2024-09-29 00:16:47 开始第 7202 次操作

2024-09-29 00:16:47 开始操作号码 【1387201】
2024-09-29 00:16:49 GSD getOne 第 1 次 等待 3 秒
2024-09-29 00:16:52 查询号码 【1387201】，返回信息 {"status":"ok","msg":"湖北-黄冈","gid":"11575","time_insert":"2018-07-16 13:48","time_update":"2020-09-15 21:36"}
2024-09-29 00:16:52 查询号码 【1387201】，GSD为【"湖北-黄冈"】

2024-09-29 00:16:53 开始第 7203 次操作

2024-09-29 00:16:53 开始操作号码 【1387202】
2024-09-29 00:16:54 GSD getOne 第 1 次 等待 3 秒
2024-09-29 00:16:57 查询号码 【1387202】，返回信息 {"status":"ok","msg":"湖北-黄冈","gid":"11576","time_insert":"2017-04-19 11:23","time_update":"2020-09-15 21:41"}
2024-09-29 00:16:58 查询号码 【1387202】，GSD为【"湖北-黄冈"】

2024-09-29 00:16:59 开始第 7204 次操作

2024-09-29 00:16:59 开始操作号码 【1387203】
2024-09-29 00:17:00 GSD getOne 第 1 次 等待 3 秒
2024-09-29 00:17:03 查询号码 【1387203】，返回信息 {"status":"ok","msg":"湖北-黄冈","gid":"357891","time_insert":"2021-07-22 19:04"}
2024-09-29 00:17:03 查询号码 【1387203】，GSD为【"湖北-黄冈"】

