2024-03-05 00:21:48 开始第 7117 次操作

2024-03-05 00:21:48 开始操作号码 【1717019】
2024-03-05 00:21:55 GSD getOne 第 1 次 等待 3 秒
2024-03-05 00:21:58 查询号码 【1717019】，返回信息 {"status":"ok","msg":"北京-北京","gid":"212687","time_insert":"2021-07-07 07:43"}
2024-03-05 00:21:58 查询号码 【1717019】，GSD为【"北京-北京"】

2024-03-05 00:21:59 开始第 7118 次操作

2024-03-05 00:21:59 开始操作号码 【1717020】
2024-03-05 00:22:03 GSD getOne 第 1 次 等待 3 秒
2024-03-05 00:22:06 查询号码 【1717020】，返回信息 {"status":"ok","msg":"辽宁-大连","gid":"212695","time_insert":"2021-07-07 07:44"}
2024-03-05 00:22:06 查询号码 【1717020】，GSD为【"辽宁-大连"】

2024-03-05 00:22:07 开始第 7119 次操作

2024-03-05 00:22:07 开始操作号码 【1717021】
2024-03-05 00:22:12 GSD getOne 第 1 次 等待 3 秒
2024-03-05 00:22:15 查询号码 【1717021】，返回信息 {"status":"ok","msg":"辽宁-大连","gid":"212701","time_insert":"2021-07-07 07:44"}
2024-03-05 00:22:15 查询号码 【1717021】，GSD为【"辽宁-大连"】

2024-03-05 00:22:16 开始第 7120 次操作

2024-03-05 00:22:16 开始操作号码 【1717022】
2024-03-05 00:22:22 GSD getOne 第 1 次 等待 3 秒
2024-03-05 00:22:25 查询号码 【1717022】，返回信息 {"status":"ok","msg":"辽宁-大连","gid":"212707","time_insert":"2021-07-07 07:44"}
2024-03-05 00:22:25 查询号码 【1717022】，GSD为【"辽宁-大连"】

2024-03-05 00:38:54 开始第 7121 次操作

2024-03-05 00:38:54 开始操作号码 【1717023】
2024-03-05 00:38:59 GSD getOne 第 1 次 等待 3 秒
2024-03-05 00:39:02 查询号码 【1717023】，返回信息 {"status":"ok","msg":"辽宁-大连","gid":"212715","time_insert":"2021-07-07 07:45"}
2024-03-05 00:39:02 查询号码 【1717023】，GSD为【"辽宁-大连"】

2024-03-05 00:39:03 开始第 7122 次操作

2024-03-05 00:39:03 开始操作号码 【1717024】
2024-03-05 00:39:08 GSD getOne 第 1 次 等待 3 秒
2024-03-05 00:39:11 查询号码 【1717024】，返回信息 {"status":"ok","msg":"辽宁-抚顺","gid":"212719","time_insert":"2021-07-07 07:45"}
2024-03-05 00:39:11 查询号码 【1717024】，GSD为【"辽宁-抚顺"】

2024-03-05 00:39:12 开始第 7123 次操作

2024-03-05 00:39:12 开始操作号码 【1717025】
2024-03-05 00:39:17 GSD getOne 第 1 次 等待 3 秒
2024-03-05 00:39:20 查询号码 【1717025】，返回信息 {"status":"ok","msg":"辽宁-大连","gid":"212726","time_insert":"2021-07-07 07:46"}
2024-03-05 00:39:20 查询号码 【1717025】，GSD为【"辽宁-大连"】

2024-03-05 00:39:21 开始第 7124 次操作

2024-03-05 00:39:21 开始操作号码 【1717026】
2024-03-05 00:39:28 GSD getOne 第 1 次 等待 3 秒
2024-03-05 00:39:31 查询号码 【1717026】，返回信息 {"status":"ok","msg":"辽宁-大连","gid":"212730","time_insert":"2021-07-07 07:46"}
2024-03-05 00:39:31 查询号码 【1717026】，GSD为【"辽宁-大连"】

2024-03-05 01:17:07 开始第 7125 次操作

2024-03-05 01:17:07 开始操作号码 【1717027】
2024-03-05 01:17:12 GSD getOne 第 1 次 等待 3 秒
2024-03-05 01:17:15 查询号码 【1717027】，返回信息 {"status":"ok","msg":"辽宁-大连","gid":"28772","time_insert":"2018-12-04 16:51","time_update":"2020-08-21 04:33"}
2024-03-05 01:17:15 查询号码 【1717027】，GSD为【"辽宁-大连"】

2024-03-05 01:17:16 开始第 7126 次操作

2024-03-05 01:17:16 开始操作号码 【1717028】
2024-03-05 01:17:20 GSD getOne 第 1 次 等待 3 秒
2024-03-05 01:17:23 查询号码 【1717028】，返回信息 {"status":"ok","msg":"辽宁-大连","gid":"212737","time_insert":"2021-07-07 07:47"}
2024-03-05 01:17:23 查询号码 【1717028】，GSD为【"辽宁-大连"】

2024-03-05 01:17:24 开始第 7127 次操作

2024-03-05 01:17:24 开始操作号码 【1717029】
2024-03-05 01:17:29 GSD getOne 第 1 次 等待 3 秒
2024-03-05 01:17:32 查询号码 【1717029】，返回信息 {"status":"ok","msg":"辽宁-大连","gid":"212741","time_insert":"2021-07-07 07:47"}
2024-03-05 01:17:32 查询号码 【1717029】，GSD为【"辽宁-大连"】

2024-03-05 01:17:33 开始第 7128 次操作

2024-03-05 01:17:33 开始操作号码 【1717030】
2024-03-05 01:17:38 GSD getOne 第 1 次 等待 3 秒
2024-03-05 01:17:41 查询号码 【1717030】，返回信息 {"status":"ok","msg":"广东-惠州","gid":"212747","time_insert":"2021-07-07 07:47"}
2024-03-05 01:17:42 查询号码 【1717030】，GSD为【"广东-惠州"】

2024-03-05 01:37:05 开始第 7129 次操作

2024-03-05 01:37:05 开始操作号码 【1717031】
2024-03-05 01:37:10 GSD getOne 第 1 次 等待 3 秒
2024-03-05 01:37:13 查询号码 【1717031】，返回信息 {"status":"ok","msg":"广东-中山","gid":"212754","time_insert":"2021-07-07 07:48"}
2024-03-05 01:37:13 查询号码 【1717031】，GSD为【"广东-中山"】

2024-03-05 01:37:14 开始第 7130 次操作

2024-03-05 01:37:14 开始操作号码 【1717032】
2024-03-05 01:37:19 GSD getOne 第 1 次 等待 3 秒
2024-03-05 01:37:22 查询号码 【1717032】，返回信息 {"status":"ok","msg":"广东-中山","gid":"212759","time_insert":"2021-07-07 07:48"}
2024-03-05 01:37:22 查询号码 【1717032】，GSD为【"广东-中山"】

2024-03-05 01:37:23 开始第 7131 次操作

2024-03-05 01:37:23 开始操作号码 【1717033】
2024-03-05 01:37:28 GSD getOne 第 1 次 等待 3 秒
2024-03-05 01:37:31 查询号码 【1717033】，返回信息 {"status":"ok","msg":"广东-中山","gid":"212764","time_insert":"2021-07-07 07:49"}
2024-03-05 01:37:31 查询号码 【1717033】，GSD为【"广东-中山"】

2024-03-05 01:37:32 开始第 7132 次操作

2024-03-05 01:37:32 开始操作号码 【1717034】
2024-03-05 01:37:37 GSD getOne 第 1 次 等待 3 秒
2024-03-05 01:37:40 查询号码 【1717034】，返回信息 {"status":"ok","msg":"广东-惠州","gid":"212767","time_insert":"2021-07-07 07:49"}
2024-03-05 01:37:40 查询号码 【1717034】，GSD为【"广东-惠州"】

2024-03-05 02:19:02 开始第 7133 次操作

2024-03-05 02:19:02 开始操作号码 【1717035】
2024-03-05 02:19:07 GSD getOne 第 1 次 等待 3 秒
2024-03-05 02:19:10 查询号码 【1717035】，返回信息 {"status":"ok","msg":"广东-中山","gid":"212772","time_insert":"2021-07-07 07:49"}
2024-03-05 02:19:10 查询号码 【1717035】，GSD为【"广东-中山"】

2024-03-05 02:19:11 开始第 7134 次操作

2024-03-05 02:19:11 开始操作号码 【1717036】
2024-03-05 02:19:17 GSD getOne 第 1 次 等待 3 秒
2024-03-05 02:19:20 查询号码 【1717036】，返回信息 {"status":"ok","msg":"广东-中山","gid":"212779","time_insert":"2021-07-07 07:50"}
2024-03-05 02:19:20 查询号码 【1717036】，GSD为【"广东-中山"】

2024-03-05 02:19:21 开始第 7135 次操作

2024-03-05 02:19:21 开始操作号码 【1717037】
2024-03-05 02:19:25 GSD getOne 第 1 次 等待 3 秒
2024-03-05 02:19:28 查询号码 【1717037】，返回信息 {"status":"ok","msg":"广东-中山","gid":"212787","time_insert":"2021-07-07 07:50"}
2024-03-05 02:19:28 查询号码 【1717037】，GSD为【"广东-中山"】

2024-03-05 02:19:29 开始第 7136 次操作

2024-03-05 02:19:29 开始操作号码 【1717038】
2024-03-05 02:19:34 GSD getOne 第 1 次 等待 3 秒
2024-03-05 02:19:37 查询号码 【1717038】，返回信息 {"status":"ok","msg":"广东-中山","gid":"212791","time_insert":"2021-07-07 07:51"}
2024-03-05 02:19:37 查询号码 【1717038】，GSD为【"广东-中山"】

2024-03-05 02:37:44 开始第 7137 次操作

2024-03-05 02:37:44 开始操作号码 【1717039】
2024-03-05 02:37:49 GSD getOne 第 1 次 等待 3 秒
2024-03-05 02:37:52 查询号码 【1717039】，返回信息 {"status":"ok","msg":"广东-中山","gid":"212796","time_insert":"2021-07-07 07:51"}
2024-03-05 02:37:52 查询号码 【1717039】，GSD为【"广东-中山"】

2024-03-05 02:37:53 开始第 7138 次操作

2024-03-05 02:37:53 开始操作号码 【1717040】
2024-03-05 02:37:58 GSD getOne 第 1 次 等待 3 秒
2024-03-05 02:38:01 查询号码 【1717040】，返回信息 {"status":"ok","msg":"广东-惠州","gid":"212801","time_insert":"2021-07-07 07:51"}
2024-03-05 02:38:01 查询号码 【1717040】，GSD为【"广东-惠州"】

2024-03-05 02:38:02 开始第 7139 次操作

2024-03-05 02:38:02 开始操作号码 【1717041】
2024-03-05 02:38:07 GSD getOne 第 1 次 等待 3 秒
2024-03-05 02:38:10 查询号码 【1717041】，返回信息 {"status":"ok","msg":"广东-惠州","gid":"212804","time_insert":"2021-07-07 07:52"}
2024-03-05 02:38:10 查询号码 【1717041】，GSD为【"广东-惠州"】

2024-03-05 02:38:11 开始第 7140 次操作

2024-03-05 02:38:11 开始操作号码 【1717042】
2024-03-05 02:38:16 GSD getOne 第 1 次 等待 3 秒
2024-03-05 02:38:19 查询号码 【1717042】，返回信息 {"status":"ok","msg":"广东-惠州","gid":"212808","time_insert":"2021-07-07 07:52"}
2024-03-05 02:38:19 查询号码 【1717042】，GSD为【"广东-惠州"】

