2024-10-09 00:18:55 开始第 8925 次操作

2024-10-09 00:18:55 开始操作号码 【1388924】
2024-10-09 00:18:57 GSD getOne 第 1 次 等待 3 秒
2024-10-09 00:19:01 查询号码 【1388924】，返回信息 {"status":"ok","msg":"辽宁-沈阳","gid":"346604","time_insert":"2021-07-21 14:53"}
2024-10-09 00:19:01 查询号码 【1388924】，GSD为【"辽宁-沈阳"】

2024-10-09 00:19:02 开始第 8926 次操作

2024-10-09 00:19:02 开始操作号码 【1388925】
2024-10-09 00:19:04 GSD getOne 第 1 次 等待 3 秒
2024-10-09 00:19:07 查询号码 【1388925】，返回信息 {"status":"ok","msg":"辽宁-沈阳","gid":"346597","time_insert":"2021-07-21 14:52"}
2024-10-09 00:19:07 查询号码 【1388925】，GSD为【"辽宁-沈阳"】

2024-10-09 00:19:08 开始第 8927 次操作

2024-10-09 00:19:08 开始操作号码 【1388926】
2024-10-09 00:19:10 GSD getOne 第 1 次 等待 3 秒
2024-10-09 00:19:13 查询号码 【1388926】，返回信息 {"status":"ok","msg":"辽宁-沈阳","gid":"12376","time_insert":"2018-08-14 22:35","time_update":"2020-08-20 22:20"}
2024-10-09 00:19:13 查询号码 【1388926】，GSD为【"辽宁-沈阳"】

2024-10-09 00:19:14 开始第 8928 次操作

2024-10-09 00:19:14 开始操作号码 【1388927】
2024-10-09 00:19:17 GSD getOne 第 1 次 等待 3 秒
2024-10-09 00:19:20 查询号码 【1388927】，返回信息 {"status":"ok","msg":"辽宁-沈阳","gid":"346590","time_insert":"2021-07-21 14:51"}
2024-10-09 00:19:20 查询号码 【1388927】，GSD为【"辽宁-沈阳"】

