2024-07-01 00:22:06 开始第 3549 次操作

2024-07-01 00:22:06 开始操作号码 【1493441】
2024-07-01 00:22:22 GSD getOne 第 1 次 等待 3 秒
2024-07-01 00:22:25 查询号码 【1493441】，返回信息 {"status":"ok","msg":"-","gid":"292838","time_insert":"2021-07-16 11:58"}
2024-07-01 00:22:25 查询号码 【1493441】，GSD为【"-"】
2024-07-01 00:22:25 ok && -
2024-07-01 00:22:28 CHB 1493441?1719764545 第 1 次 等待 3 秒
2024-07-01 00:22:31 CHB 1493441?1719764545 第 1 次 获取到号码【1493441】GSD
2024-07-01 00:22:31 未获取到号码【1493441】GSD，可能号码格式错误
2024-07-01 00:22:31 获取到号码【1493441】的GSD为【-】
2024-07-01 00:22:47 GSD insert 第 1 次 等待 3 秒
2024-07-01 00:22:50 {"status":"bad","gid":"292838","msg":"添加失败！号码【1493441(-|-)】已存在！"}
2024-07-01 00:22:50 随机等待 142 秒，约 2 分钟
2024-07-01 00:22:50 下次操作: 2024-07-01 00:25:12

2024-07-01 00:25:12 开始第 3550 次操作

2024-07-01 00:25:12 开始操作号码 【1493442】
2024-07-01 00:25:27 GSD getOne 第 1 次 等待 3 秒
2024-07-01 00:25:30 查询号码 【1493442】，返回信息 {"status":"ok","msg":"-","gid":"292845","time_insert":"2021-07-16 11:58"}
2024-07-01 00:25:30 查询号码 【1493442】，GSD为【"-"】
2024-07-01 00:25:30 ok && -
2024-07-01 00:25:32 CHB 1493442?1719764730 第 1 次 等待 3 秒
2024-07-01 00:25:35 CHB 1493442?1719764730 第 1 次 获取到号码【1493442】GSD
2024-07-01 00:25:35 未获取到号码【1493442】GSD，可能号码格式错误
2024-07-01 00:25:35 获取到号码【1493442】的GSD为【-】
2024-07-01 00:25:49 GSD insert 第 1 次 等待 3 秒
2024-07-01 00:25:52 {"status":"bad","gid":"292845","msg":"添加失败！号码【1493442(-|-)】已存在！"}
2024-07-01 00:25:52 随机等待 129 秒，约 2 分钟
2024-07-01 00:25:52 下次操作: 2024-07-01 00:28:01

2024-07-01 00:28:01 开始第 3551 次操作

2024-07-01 00:28:01 开始操作号码 【1493443】
2024-07-01 00:28:15 GSD getOne 第 1 次 等待 3 秒
2024-07-01 00:28:18 查询号码 【1493443】，返回信息 {"status":"ok","msg":"-","gid":"292853","time_insert":"2021-07-16 11:59"}
2024-07-01 00:28:18 查询号码 【1493443】，GSD为【"-"】
2024-07-01 00:28:18 ok && -
2024-07-01 00:28:20 CHB 1493443?1719764898 第 1 次 等待 3 秒
2024-07-01 00:28:23 CHB 1493443?1719764898 第 1 次 获取到号码【1493443】GSD
2024-07-01 00:28:23 未获取到号码【1493443】GSD，可能号码格式错误
2024-07-01 00:28:23 获取到号码【1493443】的GSD为【-】
2024-07-01 00:28:36 GSD insert 第 1 次 等待 3 秒
2024-07-01 00:28:39 {"status":"bad","gid":"292853","msg":"添加失败！号码【1493443(-|-)】已存在！"}
2024-07-01 00:28:39 随机等待 217 秒，约 3 分钟
2024-07-01 00:28:39 下次操作: 2024-07-01 00:32:16

2024-07-01 00:32:16 开始第 3552 次操作

2024-07-01 00:32:16 开始操作号码 【1493444】
2024-07-01 00:32:32 GSD getOne 第 1 次 等待 3 秒
2024-07-01 00:32:35 查询号码 【1493444】，返回信息 {"status":"ok","msg":"-","gid":"292858","time_insert":"2021-07-16 11:59"}
2024-07-01 00:32:35 查询号码 【1493444】，GSD为【"-"】
2024-07-01 00:32:35 ok && -
2024-07-01 00:32:37 CHB 1493444?1719765155 第 1 次 等待 3 秒
2024-07-01 00:32:40 CHB 1493444?1719765155 第 1 次 获取到号码【1493444】GSD
2024-07-01 00:32:40 未获取到号码【1493444】GSD，可能号码格式错误
2024-07-01 00:32:40 获取到号码【1493444】的GSD为【-】
2024-07-01 00:33:00 GSD insert 第 1 次 等待 3 秒
2024-07-01 00:33:03 {"status":"bad","gid":"292858","msg":"添加失败！号码【1493444(-|-)】已存在！"}

2024-07-01 00:40:35 开始第 3553 次操作

2024-07-01 00:40:35 开始操作号码 【1493445】
2024-07-01 00:40:51 GSD getOne 第 1 次 等待 3 秒
2024-07-01 00:40:54 查询号码 【1493445】，返回信息 {"status":"ok","msg":"-","gid":"292868","time_insert":"2021-07-16 12:00"}
2024-07-01 00:40:54 查询号码 【1493445】，GSD为【"-"】
2024-07-01 00:40:54 ok && -
2024-07-01 00:40:56 CHB 1493445?1719765654 第 1 次 等待 3 秒
2024-07-01 00:40:59 CHB 1493445?1719765654 第 1 次 获取到号码【1493445】GSD
2024-07-01 00:40:59 未获取到号码【1493445】GSD，可能号码格式错误
2024-07-01 00:40:59 获取到号码【1493445】的GSD为【-】
2024-07-01 00:41:27 GSD insert 第 1 次 等待 3 秒
2024-07-01 00:41:30 {"status":"bad","gid":"292868","msg":"添加失败！号码【1493445(-|-)】已存在！"}
2024-07-01 00:41:30 随机等待 118 秒，约 1 分钟
2024-07-01 00:41:30 下次操作: 2024-07-01 00:43:28

2024-07-01 00:43:28 开始第 3554 次操作

2024-07-01 00:43:28 开始操作号码 【1493446】
2024-07-01 00:43:45 GSD getOne 第 1 次 等待 3 秒
2024-07-01 00:43:48 查询号码 【1493446】，返回信息 {"status":"ok","msg":"-","gid":"292878","time_insert":"2021-07-16 12:00"}
2024-07-01 00:43:48 查询号码 【1493446】，GSD为【"-"】
2024-07-01 00:43:48 ok && -
2024-07-01 00:43:51 CHB 1493446?1719765828 第 1 次 等待 3 秒
2024-07-01 00:43:54 CHB 1493446?1719765828 第 1 次 获取到号码【1493446】GSD
2024-07-01 00:43:54 未获取到号码【1493446】GSD，可能号码格式错误
2024-07-01 00:43:54 获取到号码【1493446】的GSD为【-】
2024-07-01 00:44:10 GSD insert 第 1 次 等待 3 秒
2024-07-01 00:44:13 {"status":"bad","gid":"292878","msg":"添加失败！号码【1493446(-|-)】已存在！"}
2024-07-01 00:44:13 随机等待 179 秒，约 2 分钟
2024-07-01 00:44:13 下次操作: 2024-07-01 00:47:12

2024-07-01 00:47:12 开始第 3555 次操作

2024-07-01 00:47:12 开始操作号码 【1493447】
2024-07-01 00:47:26 GSD getOne 第 1 次 等待 3 秒
2024-07-01 00:47:29 查询号码 【1493447】，返回信息 {"status":"ok","msg":"-","gid":"292887","time_insert":"2021-07-16 12:01"}
2024-07-01 00:47:29 查询号码 【1493447】，GSD为【"-"】
2024-07-01 00:47:29 ok && -
2024-07-01 00:47:31 CHB 1493447?1719766049 第 1 次 等待 3 秒
2024-07-01 00:47:34 CHB 1493447?1719766049 第 1 次 获取到号码【1493447】GSD
2024-07-01 00:47:34 未获取到号码【1493447】GSD，可能号码格式错误
2024-07-01 00:47:34 获取到号码【1493447】的GSD为【-】
2024-07-01 00:47:48 GSD insert 第 1 次 等待 3 秒
2024-07-01 00:47:51 {"status":"bad","gid":"292887","msg":"添加失败！号码【1493447(-|-)】已存在！"}
2024-07-01 00:47:51 随机等待 122 秒，约 2 分钟
2024-07-01 00:47:51 下次操作: 2024-07-01 00:49:53

2024-07-01 00:49:53 开始第 3556 次操作

2024-07-01 00:49:53 开始操作号码 【1493448】
2024-07-01 00:50:07 GSD getOne 第 1 次 等待 3 秒
2024-07-01 00:50:10 查询号码 【1493448】，返回信息 {"status":"ok","msg":"-","gid":"292894","time_insert":"2021-07-16 12:02"}
2024-07-01 00:50:10 查询号码 【1493448】，GSD为【"-"】
2024-07-01 00:50:10 ok && -
2024-07-01 00:50:12 CHB 1493448?1719766210 第 1 次 等待 3 秒
2024-07-01 00:50:15 CHB 1493448?1719766210 第 1 次 获取到号码【1493448】GSD
2024-07-01 00:50:15 未获取到号码【1493448】GSD，可能号码格式错误
2024-07-01 00:50:15 获取到号码【1493448】的GSD为【-】
2024-07-01 00:50:28 GSD insert 第 1 次 等待 3 秒
2024-07-01 00:50:31 {"status":"bad","gid":"292894","msg":"添加失败！号码【1493448(-|-)】已存在！"}

2024-07-01 01:15:14 开始第 3557 次操作

2024-07-01 01:15:14 开始操作号码 【1493449】
2024-07-01 01:15:30 GSD getOne 第 1 次 等待 3 秒
2024-07-01 01:15:33 查询号码 【1493449】，返回信息 {"status":"ok","msg":"-","gid":"292900","time_insert":"2021-07-16 12:02"}
2024-07-01 01:15:33 查询号码 【1493449】，GSD为【"-"】
2024-07-01 01:15:33 ok && -
2024-07-01 01:15:35 CHB 1493449?1719767733 第 1 次 等待 3 秒
2024-07-01 01:15:38 CHB 1493449?1719767733 第 1 次 获取到号码【1493449】GSD
2024-07-01 01:15:38 未获取到号码【1493449】GSD，可能号码格式错误
2024-07-01 01:15:38 获取到号码【1493449】的GSD为【-】
2024-07-01 01:15:53 GSD insert 第 1 次 等待 3 秒
2024-07-01 01:15:56 {"status":"bad","gid":"292900","msg":"添加失败！号码【1493449(-|-)】已存在！"}
2024-07-01 01:15:56 随机等待 144 秒，约 2 分钟
2024-07-01 01:15:56 下次操作: 2024-07-01 01:18:20

2024-07-01 01:18:20 开始第 3558 次操作

2024-07-01 01:18:20 开始操作号码 【1493450】
2024-07-01 01:18:33 GSD getOne 第 1 次 等待 3 秒
2024-07-01 01:18:36 查询号码 【1493450】，返回信息 {"status":"ok","msg":"-","gid":"292911","time_insert":"2021-07-16 12:03"}
2024-07-01 01:18:36 查询号码 【1493450】，GSD为【"-"】
2024-07-01 01:18:36 ok && -
2024-07-01 01:18:39 CHB 1493450?1719767916 第 1 次 等待 3 秒
2024-07-01 01:18:42 CHB 1493450?1719767916 第 1 次 获取到号码【1493450】GSD
2024-07-01 01:18:42 未获取到号码【1493450】GSD，可能号码格式错误
2024-07-01 01:18:42 获取到号码【1493450】的GSD为【-】
2024-07-01 01:18:58 GSD insert 第 1 次 等待 3 秒
2024-07-01 01:19:01 {"status":"bad","gid":"292911","msg":"添加失败！号码【1493450(-|-)】已存在！"}
2024-07-01 01:19:01 随机等待 78 秒，约 1 分钟
2024-07-01 01:19:01 下次操作: 2024-07-01 01:20:19

2024-07-01 01:20:19 开始第 3559 次操作

2024-07-01 01:20:19 开始操作号码 【1493451】
2024-07-01 01:20:33 GSD getOne 第 1 次 等待 3 秒
2024-07-01 01:20:36 查询号码 【1493451】，返回信息 {"status":"ok","msg":"-","gid":"292919","time_insert":"2021-07-16 12:03"}
2024-07-01 01:20:36 查询号码 【1493451】，GSD为【"-"】
2024-07-01 01:20:36 ok && -
2024-07-01 01:20:38 CHB 1493451?1719768036 第 1 次 等待 3 秒
2024-07-01 01:20:41 CHB 1493451?1719768036 第 1 次 获取到号码【1493451】GSD
2024-07-01 01:20:41 未获取到号码【1493451】GSD，可能号码格式错误
2024-07-01 01:20:41 获取到号码【1493451】的GSD为【-】
2024-07-01 01:20:55 GSD insert 第 1 次 等待 3 秒
2024-07-01 01:20:58 {"status":"bad","gid":"292919","msg":"添加失败！号码【1493451(-|-)】已存在！"}
2024-07-01 01:20:58 随机等待 109 秒，约 1 分钟
2024-07-01 01:20:58 下次操作: 2024-07-01 01:22:47

2024-07-01 01:22:47 开始第 3560 次操作

2024-07-01 01:22:47 开始操作号码 【1493452】
2024-07-01 01:23:01 GSD getOne 第 1 次 等待 3 秒
2024-07-01 01:23:04 查询号码 【1493452】，返回信息 {"status":"ok","msg":"-","gid":"292929","time_insert":"2021-07-16 12:04"}
2024-07-01 01:23:04 查询号码 【1493452】，GSD为【"-"】
2024-07-01 01:23:04 ok && -
2024-07-01 01:23:06 CHB 1493452?1719768184 第 1 次 等待 3 秒
2024-07-01 01:23:09 CHB 1493452?1719768184 第 1 次 获取到号码【1493452】GSD
2024-07-01 01:23:09 未获取到号码【1493452】GSD，可能号码格式错误
2024-07-01 01:23:09 获取到号码【1493452】的GSD为【-】
2024-07-01 01:23:22 GSD insert 第 1 次 等待 3 秒
2024-07-01 01:23:25 {"status":"bad","gid":"292929","msg":"添加失败！号码【1493452(-|-)】已存在！"}

