2024-03-07 00:21:00 开始第 7473 次操作

2024-03-07 00:21:00 开始操作号码 【1717375】
2024-03-07 00:21:05 GSD getOne 第 1 次 等待 3 秒
2024-03-07 00:21:08 查询号码 【1717375】，返回信息 {"status":"ok","msg":"河南-平顶山","gid":"216769","time_insert":"2021-07-07 19:48"}
2024-03-07 00:21:08 查询号码 【1717375】，GSD为【"河南-平顶山"】

2024-03-07 00:21:09 开始第 7474 次操作

2024-03-07 00:21:09 开始操作号码 【1717376】
2024-03-07 00:21:15 GSD getOne 第 1 次 等待 3 秒
2024-03-07 00:21:18 查询号码 【1717376】，返回信息 {"status":"ok","msg":"河南-信阳","gid":"216775","time_insert":"2021-07-07 19:49"}
2024-03-07 00:21:18 查询号码 【1717376】，GSD为【"河南-信阳"】

2024-03-07 00:21:19 开始第 7475 次操作

2024-03-07 00:21:19 开始操作号码 【1717377】
2024-03-07 00:21:25 GSD getOne 第 1 次 等待 3 秒
2024-03-07 00:21:28 查询号码 【1717377】，返回信息 {"status":"ok","msg":"河南-南阳","gid":"216781","time_insert":"2021-07-07 19:49"}
2024-03-07 00:21:28 查询号码 【1717377】，GSD为【"河南-南阳"】

2024-03-07 00:21:29 开始第 7476 次操作

2024-03-07 00:21:29 开始操作号码 【1717378】
2024-03-07 00:21:35 GSD getOne 第 1 次 等待 3 秒
2024-03-07 00:21:38 查询号码 【1717378】，返回信息 {"status":"ok","msg":"河南-开封","gid":"216785","time_insert":"2021-07-07 19:50"}
2024-03-07 00:21:38 查询号码 【1717378】，GSD为【"河南-开封"】

