2021-07-16 00:00:06 开始第 17 次操作

2021-07-16 00:00:06 开始操作号码 【1655969】
2021-07-16 00:00:11 GSD getOne 第 1 次 等待 3 秒
2021-07-16 00:00:14 查询号码 【1655969】，返回信息 {"status":"bad","msg":""}
2021-07-16 00:00:15 查询号码 【1655969】，GSD为【""】
2021-07-16 00:00:15 bad
2021-07-16 00:00:17 CHB 1655969?1626364815 第 1 次 等待 3 秒
2021-07-16 00:00:20 CHB 1655969?1626364815 第 1 次 获取到号码【1655969】GSD
2021-07-16 00:00:20 获取到号码【1655969】的GSD为【山西-运城】
2021-07-16 00:00:23 GSD insert 第 1 次 等待 3 秒
2021-07-16 00:00:26 {"status":"ok","gid":288337,"msg":"添加成功！"}
2021-07-16 00:00:26 下次操作: 2021-07-16 00:00:44

2021-07-16 00:00:44 开始第 18 次操作

2021-07-16 00:00:44 开始操作号码 【1655970】
2021-07-16 00:00:50 GSD getOne 第 1 次 等待 3 秒
2021-07-16 00:00:53 查询号码 【1655970】，返回信息 {"status":"bad","msg":""}
2021-07-16 00:00:53 查询号码 【1655970】，GSD为【""】
2021-07-16 00:00:53 bad
2021-07-16 00:00:55 CHB 1655970?1626364853 第 1 次 等待 3 秒
2021-07-16 00:00:58 CHB 1655970?1626364853 第 1 次 获取到号码【1655970】GSD
2021-07-16 00:00:58 获取到号码【1655970】的GSD为【江苏-南京】
2021-07-16 00:01:04 GSD insert 第 1 次 等待 3 秒
2021-07-16 00:01:07 {"status":"ok","gid":288347,"msg":"添加成功！"}
2021-07-16 00:01:07 下次操作: 2021-07-16 00:01:30

2021-07-16 00:01:30 开始第 19 次操作

2021-07-16 00:01:30 开始操作号码 【1655971】
2021-07-16 00:01:41 GSD getOne 第 1 次 等待 3 秒
2021-07-16 00:01:44 查询号码 【1655971】，返回信息 {"status":"bad","msg":""}
2021-07-16 00:01:44 查询号码 【1655971】，GSD为【""】
2021-07-16 00:01:44 bad
2021-07-16 00:01:46 CHB 1655971?1626364904 第 1 次 等待 3 秒
2021-07-16 00:01:49 CHB 1655971?1626364904 第 1 次 获取到号码【1655971】GSD
2021-07-16 00:01:49 获取到号码【1655971】的GSD为【江苏-盐城】
2021-07-16 00:02:04 GSD insert 第 1 次 等待 3 秒
2021-07-16 00:02:07 {"status":"ok","gid":288360,"msg":"添加成功！"}
2021-07-16 00:02:07 下次操作: 2021-07-16 00:02:20

2021-07-16 00:02:20 开始第 20 次操作

2021-07-16 00:02:20 开始操作号码 【1655972】
2021-07-16 00:02:23 GSD getOne 第 1 次 等待 3 秒
2021-07-16 00:02:26 查询号码 【1655972】，返回信息 {"status":"bad","msg":""}
2021-07-16 00:02:26 查询号码 【1655972】，GSD为【""】
2021-07-16 00:02:26 bad
2021-07-16 00:02:28 CHB 1655972?1626364946 第 1 次 等待 3 秒
2021-07-16 00:02:31 CHB 1655972?1626364946 第 1 次 获取到号码【1655972】GSD
2021-07-16 00:02:31 获取到号码【1655972】的GSD为【江苏-连云港】
2021-07-16 00:02:36 GSD insert 第 1 次 等待 3 秒
2021-07-16 00:02:39 {"status":"ok","gid":288365,"msg":"添加成功！"}
2021-07-16 00:02:39 下次操作: 2021-07-16 00:02:52

2021-07-16 00:02:52 开始第 21 次操作

2021-07-16 00:02:52 开始操作号码 【1655973】
2021-07-16 00:02:59 GSD getOne 第 1 次 等待 3 秒
2021-07-16 00:03:02 查询号码 【1655973】，返回信息 {"status":"bad","msg":""}
2021-07-16 00:03:02 查询号码 【1655973】，GSD为【""】
2021-07-16 00:03:02 bad
2021-07-16 00:03:04 CHB 1655973?1626364982 第 1 次 等待 3 秒
2021-07-16 00:03:07 CHB 1655973?1626364982 第 1 次 获取到号码【1655973】GSD
2021-07-16 00:03:07 获取到号码【1655973】的GSD为【江苏-苏州】
2021-07-16 00:03:14 GSD insert 第 1 次 等待 3 秒
2021-07-16 00:03:17 {"status":"ok","gid":288373,"msg":"添加成功！"}
2021-07-16 00:03:17 下次操作: 2021-07-16 00:03:40

2021-07-16 00:03:40 开始第 22 次操作

2021-07-16 00:03:40 开始操作号码 【1655974】
2021-07-16 00:03:44 GSD getOne 第 1 次 等待 3 秒
2021-07-16 00:03:47 查询号码 【1655974】，返回信息 {"status":"bad","msg":""}
2021-07-16 00:03:48 查询号码 【1655974】，GSD为【""】
2021-07-16 00:03:48 bad
2021-07-16 00:03:49 CHB 1655974?1626365028 第 1 次 等待 3 秒
2021-07-16 00:03:52 CHB 1655974?1626365028 第 1 次 获取到号码【1655974】GSD
2021-07-16 00:03:52 获取到号码【1655974】的GSD为【河北-邯郸】
2021-07-16 00:04:00 GSD insert 第 1 次 等待 3 秒
2021-07-16 00:04:03 {"status":"ok","gid":288382,"msg":"添加成功！"}
2021-07-16 00:04:03 下次操作: 2021-07-16 00:04:24

2021-07-16 00:04:24 开始第 23 次操作

2021-07-16 00:04:24 开始操作号码 【1655975】
2021-07-16 00:04:27 GSD getOne 第 1 次 等待 3 秒
2021-07-16 00:04:30 查询号码 【1655975】，返回信息 {"status":"bad","msg":""}
2021-07-16 00:04:30 查询号码 【1655975】，GSD为【""】
2021-07-16 00:04:30 bad
2021-07-16 00:04:31 CHB 1655975?1626365070 第 1 次 等待 3 秒
2021-07-16 00:04:34 CHB 1655975?1626365070 第 1 次 获取到号码【1655975】GSD
2021-07-16 00:04:34 获取到号码【1655975】的GSD为【安徽-亳州】
2021-07-16 00:04:41 GSD insert 第 1 次 等待 3 秒
2021-07-16 00:04:44 {"status":"ok","gid":288393,"msg":"添加成功！"}
2021-07-16 00:04:44 下次操作: 2021-07-16 00:05:02

2021-07-16 00:05:02 开始第 24 次操作

2021-07-16 00:05:02 开始操作号码 【1655976】
2021-07-16 00:05:12 GSD getOne 第 1 次 等待 3 秒
2021-07-16 00:05:15 查询号码 【1655976】，返回信息 {"status":"bad","msg":""}
2021-07-16 00:05:16 查询号码 【1655976】，GSD为【""】
2021-07-16 00:05:16 bad
2021-07-16 00:05:17 CHB 1655976?1626365116 第 1 次 等待 3 秒
2021-07-16 00:05:20 CHB 1655976?1626365116 第 1 次 获取到号码【1655976】GSD
2021-07-16 00:05:20 获取到号码【1655976】的GSD为【安徽-合肥】
2021-07-16 00:05:27 GSD insert 第 1 次 等待 3 秒
2021-07-16 00:05:30 {"status":"ok","gid":288407,"msg":"添加成功！"}
2021-07-16 00:05:30 下次操作: 2021-07-16 00:05:46

2021-07-16 00:05:46 开始第 25 次操作

2021-07-16 00:05:46 开始操作号码 【1655977】
2021-07-16 00:05:55 GSD getOne 第 1 次 等待 3 秒
2021-07-16 00:05:58 查询号码 【1655977】，返回信息 {"status":"bad","msg":""}
2021-07-16 00:05:58 查询号码 【1655977】，GSD为【""】
2021-07-16 00:05:58 bad
2021-07-16 00:06:00 CHB 1655977?1626365158 第 1 次 等待 3 秒
2021-07-16 00:06:03 CHB 1655977?1626365158 第 1 次 获取到号码【1655977】GSD
2021-07-16 00:06:03 获取到号码【1655977】的GSD为【安徽-阜阳】
2021-07-16 00:06:14 GSD insert 第 1 次 等待 3 秒
2021-07-16 00:06:17 {"status":"ok","gid":288415,"msg":"添加成功！"}
2021-07-16 00:06:17 下次操作: 2021-07-16 00:06:34

2021-07-16 00:06:34 开始第 26 次操作

2021-07-16 00:06:34 开始操作号码 【1655978】
2021-07-16 00:06:37 GSD getOne 第 1 次 等待 3 秒
2021-07-16 00:06:40 查询号码 【1655978】，返回信息 {"status":"bad","msg":""}
2021-07-16 00:06:40 查询号码 【1655978】，GSD为【""】
2021-07-16 00:06:40 bad
2021-07-16 00:06:43 CHB 1655978?1626365200 第 1 次 等待 3 秒
2021-07-16 00:06:46 CHB 1655978?1626365200 第 1 次 获取到号码【1655978】GSD
2021-07-16 00:06:46 获取到号码【1655978】的GSD为【安徽-亳州】
2021-07-16 00:06:53 GSD insert 第 1 次 等待 3 秒
2021-07-16 00:06:56 {"status":"ok","gid":288421,"msg":"添加成功！"}
2021-07-16 00:06:56 下次操作: 2021-07-16 00:07:20

2021-07-16 00:07:20 开始第 27 次操作

2021-07-16 00:07:20 开始操作号码 【1655979】
2021-07-16 00:07:31 GSD getOne 第 1 次 等待 3 秒
2021-07-16 00:07:34 查询号码 【1655979】，返回信息 {"status":"bad","msg":""}
2021-07-16 00:07:34 查询号码 【1655979】，GSD为【""】
2021-07-16 00:07:34 bad
2021-07-16 00:07:36 CHB 1655979?1626365254 第 1 次 等待 3 秒
2021-07-16 00:07:39 CHB 1655979?1626365254 第 1 次 获取到号码【1655979】GSD
2021-07-16 00:07:39 获取到号码【1655979】的GSD为【安徽-阜阳】
2021-07-16 00:07:44 GSD insert 第 1 次 等待 3 秒
2021-07-16 00:07:47 {"status":"ok","gid":288436,"msg":"添加成功！"}
2021-07-16 00:07:47 下次操作: 2021-07-16 00:08:10

2021-07-16 00:08:10 开始第 28 次操作

2021-07-16 00:08:10 开始操作号码 【1655980】
2021-07-16 00:08:49 GSD getOne 第 1 次 等待 3 秒
2021-07-16 00:08:52 查询号码 【1655980】，返回信息 {"status":"bad","msg":""}
2021-07-16 00:08:52 查询号码 【1655980】，GSD为【""】
2021-07-16 00:08:52 bad
2021-07-16 00:08:53 CHB 1655980?1626365332 第 1 次 等待 3 秒
2021-07-16 00:08:56 CHB 1655980?1626365332 第 1 次 获取到号码【1655980】GSD
2021-07-16 00:08:56 获取到号码【1655980】的GSD为【湖北-宜昌】
2021-07-16 00:09:19 GSD insert 第 1 次 等待 3 秒
2021-07-16 00:09:22 {"status":"ok","gid":288444,"msg":"添加成功！"}
2021-07-16 00:09:22 下次操作: 2021-07-16 00:09:35

2021-07-16 00:09:35 开始第 29 次操作

2021-07-16 00:09:35 开始操作号码 【1655981】
2021-07-16 00:09:38 GSD getOne 第 1 次 等待 3 秒
2021-07-16 00:09:41 查询号码 【1655981】，返回信息 {"status":"bad","msg":""}
2021-07-16 00:09:41 查询号码 【1655981】，GSD为【""】
2021-07-16 00:09:41 bad
2021-07-16 00:09:43 CHB 1655981?1626365381 第 1 次 等待 3 秒
2021-07-16 00:09:46 CHB 1655981?1626365381 第 1 次 获取到号码【1655981】GSD
2021-07-16 00:09:46 获取到号码【1655981】的GSD为【湖北-咸宁】
2021-07-16 00:09:52 GSD insert 第 1 次 等待 3 秒
2021-07-16 00:09:55 {"status":"ok","gid":288452,"msg":"添加成功！"}
2021-07-16 00:09:55 下次操作: 2021-07-16 00:10:12

2021-07-16 00:10:12 开始第 30 次操作

2021-07-16 00:10:12 开始操作号码 【1655982】
2021-07-16 00:10:15 GSD getOne 第 1 次 等待 3 秒
2021-07-16 00:10:18 查询号码 【1655982】，返回信息 {"status":"bad","msg":""}
2021-07-16 00:10:19 查询号码 【1655982】，GSD为【""】
2021-07-16 00:10:19 bad
2021-07-16 00:10:20 CHB 1655982?1626365419 第 1 次 等待 3 秒
2021-07-16 00:10:23 CHB 1655982?1626365419 第 1 次 获取到号码【1655982】GSD
2021-07-16 00:10:23 获取到号码【1655982】的GSD为【湖北-黄冈】
2021-07-16 00:10:26 GSD insert 第 1 次 等待 3 秒
2021-07-16 00:10:29 {"status":"ok","gid":288459,"msg":"添加成功！"}
2021-07-16 00:10:29 下次操作: 2021-07-16 00:10:51

2021-07-16 00:10:51 开始第 31 次操作

2021-07-16 00:10:51 开始操作号码 【1655983】
2021-07-16 00:10:57 GSD getOne 第 1 次 等待 3 秒
2021-07-16 00:11:00 查询号码 【1655983】，返回信息 {"status":"bad","msg":""}
2021-07-16 00:11:00 查询号码 【1655983】，GSD为【""】
2021-07-16 00:11:00 bad
2021-07-16 00:11:03 CHB 1655983?1626365460 第 1 次 等待 3 秒
2021-07-16 00:11:06 CHB 1655983?1626365460 第 1 次 获取到号码【1655983】GSD
2021-07-16 00:11:06 获取到号码【1655983】的GSD为【湖北-黄冈】
2021-07-16 00:11:09 GSD insert 第 1 次 等待 3 秒
2021-07-16 00:11:12 {"status":"ok","gid":288469,"msg":"添加成功！"}
2021-07-16 00:11:12 下次操作: 2021-07-16 00:11:34

2021-07-16 00:11:35 开始第 32 次操作

2021-07-16 00:11:35 开始操作号码 【1655984】
2021-07-16 00:11:44 GSD getOne 第 1 次 等待 3 秒
2021-07-16 00:11:47 查询号码 【1655984】，返回信息 {"status":"bad","msg":""}
2021-07-16 00:11:47 查询号码 【1655984】，GSD为【""】
2021-07-16 00:11:47 bad
2021-07-16 00:11:49 CHB 1655984?1626365507 第 1 次 等待 3 秒
2021-07-16 00:11:52 CHB 1655984?1626365507 第 1 次 获取到号码【1655984】GSD
2021-07-16 00:11:52 获取到号码【1655984】的GSD为【湖北-随州】
2021-07-16 00:11:57 GSD insert 第 1 次 等待 3 秒
2021-07-16 00:12:00 {"status":"ok","gid":288479,"msg":"添加成功！"}
2021-07-16 00:12:00 下次操作: 2021-07-16 00:12:12

2021-07-16 00:12:12 开始第 33 次操作

2021-07-16 00:12:12 开始操作号码 【1655985】
2021-07-16 00:12:47 GSD getOne 第 1 次 等待 3 秒
2021-07-16 00:12:50 查询号码 【1655985】，返回信息 {"status":"bad","msg":""}
2021-07-16 00:12:50 查询号码 【1655985】，GSD为【""】
2021-07-16 00:12:50 bad
2021-07-16 00:12:55 CHB 1655985?1626365570 第 1 次 等待 3 秒
2021-07-16 00:12:58 CHB 1655985?1626365570 第 1 次 获取到号码【1655985】GSD
2021-07-16 00:12:58 获取到号码【1655985】的GSD为【湖北-荆州】
2021-07-16 00:13:01 GSD insert 第 1 次 等待 3 秒
2021-07-16 00:13:04 {"status":"ok","gid":288491,"msg":"添加成功！"}
2021-07-16 00:13:04 下次操作: 2021-07-16 00:13:26

2021-07-16 00:13:26 开始第 34 次操作

2021-07-16 00:13:26 开始操作号码 【1655986】
2021-07-16 00:13:30 GSD getOne 第 1 次 等待 3 秒
2021-07-16 00:13:33 查询号码 【1655986】，返回信息 {"status":"bad","msg":""}
2021-07-16 00:13:33 查询号码 【1655986】，GSD为【""】
2021-07-16 00:13:33 bad
2021-07-16 00:13:35 CHB 1655986?1626365613 第 1 次 等待 3 秒
2021-07-16 00:13:38 CHB 1655986?1626365613 第 1 次 获取到号码【1655986】GSD
2021-07-16 00:13:38 获取到号码【1655986】的GSD为【湖北-江汉】
2021-07-16 00:14:44 GSD insert 第 1 次 等待 3 秒
2021-07-16 00:14:47 {"status":"ok","gid":288501,"msg":"添加成功！"}
2021-07-16 00:14:47 下次操作: 2021-07-16 00:15:07

2021-07-16 00:15:07 开始第 35 次操作

2021-07-16 00:15:07 开始操作号码 【1655987】
2021-07-16 00:15:32 GSD getOne 第 1 次 等待 3 秒
2021-07-16 00:15:35 查询号码 【1655987】，返回信息 {"status":"bad","msg":""}
2021-07-16 00:15:35 查询号码 【1655987】，GSD为【""】
2021-07-16 00:15:35 bad
2021-07-16 00:15:37 CHB 1655987?1626365735 第 1 次 等待 3 秒
2021-07-16 00:15:40 CHB 1655987?1626365735 第 1 次 获取到号码【1655987】GSD
2021-07-16 00:15:40 获取到号码【1655987】的GSD为【湖北-襄阳】
2021-07-16 00:16:41 GSD insert 第 1 次 等待 3 秒
2021-07-16 00:16:44 {"status":"ok","gid":288511,"msg":"添加成功！"}
2021-07-16 00:16:44 下次操作: 2021-07-16 00:16:57

2021-07-16 00:16:57 开始第 36 次操作

2021-07-16 00:16:57 开始操作号码 【1655988】
2021-07-16 00:17:01 GSD getOne 第 1 次 等待 3 秒
2021-07-16 00:17:04 查询号码 【1655988】，返回信息 {"status":"bad","msg":""}
2021-07-16 00:17:04 查询号码 【1655988】，GSD为【""】
2021-07-16 00:17:04 bad
2021-07-16 00:17:06 CHB 1655988?1626365824 第 1 次 等待 3 秒
2021-07-16 00:17:09 CHB 1655988?1626365824 第 1 次 获取到号码【1655988】GSD
2021-07-16 00:17:09 获取到号码【1655988】的GSD为【湖北-襄阳】
2021-07-16 00:17:22 GSD insert 第 1 次 等待 3 秒
2021-07-16 00:17:25 {"status":"ok","gid":288518,"msg":"添加成功！"}
2021-07-16 00:17:25 下次操作: 2021-07-16 00:17:49

2021-07-16 00:17:49 开始第 37 次操作

2021-07-16 00:17:49 开始操作号码 【1655989】
2021-07-16 00:17:58 GSD getOne 第 1 次 等待 3 秒
2021-07-16 00:18:01 查询号码 【1655989】，返回信息 {"status":"bad","msg":""}
2021-07-16 00:18:02 查询号码 【1655989】，GSD为【""】
2021-07-16 00:18:02 bad
2021-07-16 00:18:03 CHB 1655989?1626365882 第 1 次 等待 3 秒
2021-07-16 00:18:06 CHB 1655989?1626365882 第 1 次 获取到号码【1655989】GSD
2021-07-16 00:18:06 获取到号码【1655989】的GSD为【湖北-江汉】
2021-07-16 00:18:11 GSD insert 第 1 次 等待 3 秒
2021-07-16 00:18:14 {"status":"ok","gid":288522,"msg":"添加成功！"}
2021-07-16 00:18:14 下次操作: 2021-07-16 00:18:36

2021-07-16 00:18:36 开始第 38 次操作

2021-07-16 00:18:36 开始操作号码 【1655990】
2021-07-16 00:18:46 GSD getOne 第 1 次 等待 3 秒
2021-07-16 00:18:49 查询号码 【1655990】，返回信息 {"status":"bad","msg":""}
2021-07-16 00:18:49 查询号码 【1655990】，GSD为【""】
2021-07-16 00:18:49 bad
2021-07-16 00:18:51 CHB 1655990?1626365929 第 1 次 等待 3 秒
2021-07-16 00:18:54 CHB 1655990?1626365929 第 1 次 获取到号码【1655990】GSD
2021-07-16 00:18:54 获取到号码【1655990】的GSD为【北京-北京】
2021-07-16 00:19:00 GSD insert 第 1 次 等待 3 秒
2021-07-16 00:19:03 {"status":"ok","gid":288525,"msg":"添加成功！"}
2021-07-16 00:19:03 下次操作: 2021-07-16 00:19:23

2021-07-16 00:19:23 开始第 39 次操作

2021-07-16 00:19:23 开始操作号码 【1655991】
2021-07-16 00:19:45 GSD getOne 第 1 次 等待 3 秒
2021-07-16 00:19:48 查询号码 【1655991】，返回信息 {"status":"bad","msg":""}
2021-07-16 00:19:48 查询号码 【1655991】，GSD为【""】
2021-07-16 00:19:48 bad
2021-07-16 00:19:50 CHB 1655991?1626365988 第 1 次 等待 3 秒
2021-07-16 00:19:53 CHB 1655991?1626365988 第 1 次 获取到号码【1655991】GSD
2021-07-16 00:19:53 获取到号码【1655991】的GSD为【山西-太原】
2021-07-16 00:19:57 GSD insert 第 1 次 等待 3 秒
2021-07-16 00:20:00 {"status":"ok","gid":288528,"msg":"添加成功！"}
2021-07-16 00:20:00 下次操作: 2021-07-16 00:20:23

2021-07-16 00:20:23 开始第 40 次操作

2021-07-16 00:20:23 开始操作号码 【1655992】
2021-07-16 00:20:32 GSD getOne 第 1 次 等待 3 秒
2021-07-16 00:20:35 查询号码 【1655992】，返回信息 {"status":"bad","msg":""}
2021-07-16 00:20:35 查询号码 【1655992】，GSD为【""】
2021-07-16 00:20:35 bad
2021-07-16 00:20:36 CHB 1655992?1626366035 第 1 次 等待 3 秒
2021-07-16 00:20:39 CHB 1655992?1626366035 第 1 次 获取到号码【1655992】GSD
2021-07-16 00:20:39 获取到号码【1655992】的GSD为【天津-天津】
2021-07-16 00:20:46 GSD insert 第 1 次 等待 3 秒
2021-07-16 00:20:49 {"status":"ok","gid":288531,"msg":"添加成功！"}

