2024-02-04 00:19:28 开始第 1773 次操作

2024-02-04 00:19:28 开始操作号码 【1711675】
2024-02-04 00:19:32 GSD getOne 第 1 次 等待 3 秒
2024-02-04 00:19:35 查询号码 【1711675】，返回信息 {"status":"ok","msg":"山西-太原","gid":"150563","time_insert":"2021-06-29 03:14"}
2024-02-04 00:19:35 查询号码 【1711675】，GSD为【"山西-太原"】

2024-02-04 00:19:36 开始第 1774 次操作

2024-02-04 00:19:36 开始操作号码 【1711676】
2024-02-04 00:19:42 GSD getOne 第 1 次 等待 3 秒
2024-02-04 00:19:45 查询号码 【1711676】，返回信息 {"status":"ok","msg":"山西-太原","gid":"150573","time_insert":"2021-06-29 03:14"}
2024-02-04 00:19:45 查询号码 【1711676】，GSD为【"山西-太原"】

2024-02-04 00:19:46 开始第 1775 次操作

2024-02-04 00:19:46 开始操作号码 【1711677】
2024-02-04 00:19:54 GSD getOne 第 1 次 等待 3 秒
2024-02-04 00:19:57 查询号码 【1711677】，返回信息 {"status":"ok","msg":"山西-太原","gid":"150581","time_insert":"2021-06-29 03:15"}
2024-02-04 00:19:57 查询号码 【1711677】，GSD为【"山西-太原"】

2024-02-04 00:19:58 开始第 1776 次操作

2024-02-04 00:19:58 开始操作号码 【1711678】
2024-02-04 00:20:02 GSD getOne 第 1 次 等待 3 秒
2024-02-04 00:20:05 查询号码 【1711678】，返回信息 {"status":"ok","msg":"山西-太原","gid":"150587","time_insert":"2021-06-29 03:16"}
2024-02-04 00:20:05 查询号码 【1711678】，GSD为【"山西-太原"】

2024-02-04 00:37:21 开始第 1777 次操作

2024-02-04 00:37:21 开始操作号码 【1711679】
2024-02-04 00:37:27 GSD getOne 第 1 次 等待 3 秒
2024-02-04 00:37:30 查询号码 【1711679】，返回信息 {"status":"ok","msg":"山西-太原","gid":"150596","time_insert":"2021-06-29 03:17"}
2024-02-04 00:37:30 查询号码 【1711679】，GSD为【"山西-太原"】

2024-02-04 00:37:31 开始第 1778 次操作

2024-02-04 00:37:31 开始操作号码 【1711680】
2024-02-04 00:37:35 GSD getOne 第 1 次 等待 3 秒
2024-02-04 00:37:38 查询号码 【1711680】，返回信息 {"status":"ok","msg":"山西-太原","gid":"150603","time_insert":"2021-06-29 03:18"}
2024-02-04 00:37:38 查询号码 【1711680】，GSD为【"山西-太原"】

2024-02-04 00:37:40 开始第 1779 次操作

2024-02-04 00:37:40 开始操作号码 【1711681】
2024-02-04 00:37:46 GSD getOne 第 1 次 等待 3 秒
2024-02-04 00:37:49 查询号码 【1711681】，返回信息 {"status":"ok","msg":"山西-太原","gid":"150612","time_insert":"2021-06-29 03:19"}
2024-02-04 00:37:49 查询号码 【1711681】，GSD为【"山西-太原"】

2024-02-04 00:37:50 开始第 1780 次操作

2024-02-04 00:37:50 开始操作号码 【1711682】
2024-02-04 00:37:57 GSD getOne 第 1 次 等待 3 秒
2024-02-04 00:38:00 查询号码 【1711682】，返回信息 {"status":"ok","msg":"山西-忻州","gid":"150619","time_insert":"2021-06-29 03:19"}
2024-02-04 00:38:00 查询号码 【1711682】，GSD为【"山西-忻州"】

