2023-10-19 00:21:27 开始第 3797 次操作

2023-10-19 00:21:27 开始操作号码 【1923707】
2023-10-19 00:21:35 GSD getOne 第 1 次 等待 3 秒
2023-10-19 00:21:38 查询号码 【1923707】，返回信息 {"status":"ok","msg":"江西-赣州","gid":"630789","time_insert":"2023-04-02 23:13","time_update":"2023-07-02 19:19"}
2023-10-19 00:21:38 查询号码 【1923707】，GSD为【"江西-赣州"】

2023-10-19 00:21:39 开始第 3798 次操作

2023-10-19 00:21:39 开始操作号码 【1923708】
2023-10-19 00:21:45 GSD getOne 第 1 次 等待 3 秒
2023-10-19 00:21:48 查询号码 【1923708】，返回信息 {"status":"ok","msg":"江西-景德镇","gid":"630787","time_insert":"2023-04-02 23:11","time_update":"2023-07-02 20:01"}
2023-10-19 00:21:48 查询号码 【1923708】，GSD为【"江西-景德镇"】

2023-10-19 00:21:49 开始第 3799 次操作

2023-10-19 00:21:49 开始操作号码 【1923709】
2023-10-19 00:21:57 GSD getOne 第 1 次 等待 3 秒
2023-10-19 00:22:00 查询号码 【1923709】，返回信息 {"status":"ok","msg":"江西-萍乡","gid":"630775","time_insert":"2023-04-02 23:01","time_update":"2023-07-02 20:23"}
2023-10-19 00:22:00 查询号码 【1923709】，GSD为【"江西-萍乡"】

2023-10-19 00:22:01 开始第 3800 次操作

2023-10-19 00:22:01 开始操作号码 【1923710】
2023-10-19 00:22:03 GSD getOne 第 1 次 等待 3 秒
2023-10-19 00:22:06 查询号码 【1923710】，返回信息 {"status":"ok","msg":"湖北-襄阳","gid":"630771","time_insert":"2023-04-02 22:59","time_update":"2023-07-02 20:52"}
2023-10-19 00:22:07 查询号码 【1923710】，GSD为【"湖北-襄阳"】

