2024-05-16 00:21:21 开始第 9025 次操作

2024-05-16 00:21:21 开始操作号码 【1608918】
2024-05-16 00:21:31 GSD getOne 第 1 次 等待 3 秒
2024-05-16 00:21:34 查询号码 【1608918】，返回信息 {"status":"ok","msg":"-","gid":"681192","time_insert":"2023-04-27 21:00"}
2024-05-16 00:21:34 查询号码 【1608918】，GSD为【"-"】
2024-05-16 00:21:34 ok && -
2024-05-16 00:21:37 CHB 1608918?1715790094 第 1 次 等待 3 秒
2024-05-16 00:21:40 CHB 1608918?1715790094 第 1 次 获取到号码【1608918】GSD
2024-05-16 00:21:40 未获取到号码【1608918】GSD，可能号码格式错误
2024-05-16 00:21:40 获取到号码【1608918】的GSD为【-】
2024-05-16 00:21:47 GSD insert 第 1 次 等待 3 秒
2024-05-16 00:21:50 {"status":"bad","gid":"681192","msg":"添加失败！号码【1608918(-|-)】已存在！"}
2024-05-16 00:21:50 随机等待 192 秒，约 3 分钟
2024-05-16 00:21:50 下次操作: 2024-05-16 00:25:02

2024-05-16 00:25:02 开始第 9026 次操作

2024-05-16 00:25:02 开始操作号码 【1608919】
2024-05-16 00:25:06 GSD getOne 第 1 次 等待 3 秒
2024-05-16 00:25:09 查询号码 【1608919】，返回信息 {"status":"ok","msg":"-","gid":"681211","time_insert":"2023-04-27 21:20"}
2024-05-16 00:25:09 查询号码 【1608919】，GSD为【"-"】
2024-05-16 00:25:09 ok && -
2024-05-16 00:25:12 CHB 1608919?1715790309 第 1 次 等待 3 秒
2024-05-16 00:25:15 CHB 1608919?1715790309 第 1 次 获取到号码【1608919】GSD
2024-05-16 00:25:15 未获取到号码【1608919】GSD，可能号码格式错误
2024-05-16 00:25:15 获取到号码【1608919】的GSD为【-】
2024-05-16 00:25:20 GSD insert 第 1 次 等待 3 秒
2024-05-16 00:25:23 {"status":"bad","gid":"681211","msg":"添加失败！号码【1608919(-|-)】已存在！"}
2024-05-16 00:25:23 随机等待 208 秒，约 3 分钟
2024-05-16 00:25:23 下次操作: 2024-05-16 00:28:51

2024-05-16 00:28:51 开始第 9027 次操作

2024-05-16 00:28:51 开始操作号码 【1608920】
2024-05-16 00:28:56 GSD getOne 第 1 次 等待 3 秒
2024-05-16 00:28:59 查询号码 【1608920】，返回信息 {"status":"ok","msg":"-","gid":"681233","time_insert":"2023-04-27 21:36"}
2024-05-16 00:28:59 查询号码 【1608920】，GSD为【"-"】
2024-05-16 00:28:59 ok && -
2024-05-16 00:29:01 CHB 1608920?1715790539 第 1 次 等待 3 秒
2024-05-16 00:29:04 CHB 1608920?1715790539 第 1 次 获取到号码【1608920】GSD
2024-05-16 00:29:04 未获取到号码【1608920】GSD，可能号码格式错误
2024-05-16 00:29:04 获取到号码【1608920】的GSD为【-】
2024-05-16 00:29:11 GSD insert 第 1 次 等待 3 秒
2024-05-16 00:29:14 {"status":"bad","gid":"681233","msg":"添加失败！号码【1608920(-|-)】已存在！"}
2024-05-16 00:29:14 随机等待 202 秒，约 3 分钟
2024-05-16 00:29:14 下次操作: 2024-05-16 00:32:36

2024-05-16 00:32:36 开始第 9028 次操作

2024-05-16 00:32:36 开始操作号码 【1608921】
2024-05-16 00:32:45 GSD getOne 第 1 次 等待 3 秒
2024-05-16 00:32:48 查询号码 【1608921】，返回信息 {"status":"ok","msg":"-","gid":"681263","time_insert":"2023-04-27 21:55"}
2024-05-16 00:32:48 查询号码 【1608921】，GSD为【"-"】
2024-05-16 00:32:48 ok && -
2024-05-16 00:32:50 CHB 1608921?1715790768 第 1 次 等待 3 秒
2024-05-16 00:32:53 CHB 1608921?1715790768 第 1 次 获取到号码【1608921】GSD
2024-05-16 00:32:53 未获取到号码【1608921】GSD，可能号码格式错误
2024-05-16 00:32:53 获取到号码【1608921】的GSD为【-】
2024-05-16 00:33:04 GSD insert 第 1 次 等待 3 秒
2024-05-16 00:33:07 {"status":"bad","gid":"681263","msg":"添加失败！号码【1608921(-|-)】已存在！"}

