2024-12-06 00:13:39 开始第 8677 次操作

2024-12-06 00:13:39 开始操作号码 【1308676】
2024-12-06 00:13:40 GSD getOne 第 1 次 等待 3 秒
2024-12-06 00:13:43 查询号码 【1308676】，返回信息 {"status":"ok","msg":"广西-贺州","gid":"177747","time_insert":"2021-07-03 01:05"}
2024-12-06 00:13:43 查询号码 【1308676】，GSD为【"广西-贺州"】

2024-12-06 00:13:44 开始第 8678 次操作

2024-12-06 00:13:44 开始操作号码 【1308677】
2024-12-06 00:13:45 GSD getOne 第 1 次 等待 3 秒
2024-12-06 00:13:48 查询号码 【1308677】，返回信息 {"status":"ok","msg":"广西-贵港","gid":"177746","time_insert":"2021-07-03 01:04"}
2024-12-06 00:13:48 查询号码 【1308677】，GSD为【"广西-贵港"】

2024-12-06 00:13:49 开始第 8679 次操作

2024-12-06 00:13:49 开始操作号码 【1308678】
2024-12-06 00:13:50 GSD getOne 第 1 次 等待 3 秒
2024-12-06 00:13:53 查询号码 【1308678】，返回信息 {"status":"ok","msg":"广西-河池","gid":"177743","time_insert":"2021-07-03 01:03"}
2024-12-06 00:13:53 查询号码 【1308678】，GSD为【"广西-河池"】

2024-12-06 00:13:54 开始第 8680 次操作

2024-12-06 00:13:54 开始操作号码 【1308679】
2024-12-06 00:13:55 GSD getOne 第 1 次 等待 3 秒
2024-12-06 00:13:59 查询号码 【1308679】，返回信息 {"status":"ok","msg":"广西-北海","gid":"177637","time_insert":"2021-07-03 00:14"}
2024-12-06 00:13:59 查询号码 【1308679】，GSD为【"广西-北海"】

2024-12-06 00:45:00 开始第 8681 次操作

2024-12-06 00:45:00 开始操作号码 【1308680】
2024-12-06 00:45:01 GSD getOne 第 1 次 等待 3 秒
2024-12-06 00:45:04 查询号码 【1308680】，返回信息 {"status":"ok","msg":"吉林-长春","gid":"177632","time_insert":"2021-07-03 00:13"}
2024-12-06 00:45:04 查询号码 【1308680】，GSD为【"吉林-长春"】

2024-12-06 00:45:05 开始第 8682 次操作

2024-12-06 00:45:05 开始操作号码 【1308681】
2024-12-06 00:45:06 GSD getOne 第 1 次 等待 3 秒
2024-12-06 00:45:09 查询号码 【1308681】，返回信息 {"status":"ok","msg":"吉林-长春","gid":"177627","time_insert":"2021-07-03 00:12"}
2024-12-06 00:45:09 查询号码 【1308681】，GSD为【"吉林-长春"】

2024-12-06 00:45:10 开始第 8683 次操作

2024-12-06 00:45:10 开始操作号码 【1308682】
2024-12-06 00:45:11 GSD getOne 第 1 次 等待 3 秒
2024-12-06 00:45:14 查询号码 【1308682】，返回信息 {"status":"ok","msg":"吉林-长春","gid":"177621","time_insert":"2021-07-03 00:11"}
2024-12-06 00:45:14 查询号码 【1308682】，GSD为【"吉林-长春"】

2024-12-06 00:45:15 开始第 8684 次操作

2024-12-06 00:45:15 开始操作号码 【1308683】
2024-12-06 00:45:16 GSD getOne 第 1 次 等待 3 秒
2024-12-06 00:45:19 查询号码 【1308683】，返回信息 {"status":"ok","msg":"吉林-长春","gid":"177615","time_insert":"2021-07-03 00:10"}
2024-12-06 00:45:19 查询号码 【1308683】，GSD为【"吉林-长春"】

