2024-07-17 00:21:34 开始第 6341 次操作

2024-07-17 00:21:34 开始操作号码 【1496230】
2024-07-17 00:21:42 GSD getOne 第 1 次 等待 3 秒
2024-07-17 00:21:45 查询号码 【1496230】，返回信息 {"status":"ok","msg":"-","gid":"326959","time_insert":"2021-07-19 14:58"}
2024-07-17 00:21:45 查询号码 【1496230】，GSD为【"-"】
2024-07-17 00:21:45 ok && -
2024-07-17 00:21:47 CHB 1496230?1721146905 第 1 次 等待 3 秒
2024-07-17 00:21:50 CHB 1496230?1721146905 第 1 次 获取到号码【1496230】GSD
2024-07-17 00:21:50 未获取到号码【1496230】GSD，可能号码格式错误
2024-07-17 00:21:50 获取到号码【1496230】的GSD为【-】
2024-07-17 00:21:58 GSD insert 第 1 次 等待 3 秒
2024-07-17 00:22:01 {"status":"bad","gid":"326959","msg":"添加失败！号码【1496230(-|-)】已存在！"}
2024-07-17 00:22:01 随机等待 195 秒，约 3 分钟
2024-07-17 00:22:01 下次操作: 2024-07-17 00:25:16

2024-07-17 00:25:16 开始第 6342 次操作

2024-07-17 00:25:16 开始操作号码 【1496231】
2024-07-17 00:25:26 GSD getOne 第 1 次 等待 3 秒
2024-07-17 00:25:29 查询号码 【1496231】，返回信息 {"status":"ok","msg":"-","gid":"326966","time_insert":"2021-07-19 14:59"}
2024-07-17 00:25:29 查询号码 【1496231】，GSD为【"-"】
2024-07-17 00:25:29 ok && -
2024-07-17 00:25:31 CHB 1496231?1721147129 第 1 次 等待 3 秒
2024-07-17 00:25:34 CHB 1496231?1721147129 第 1 次 获取到号码【1496231】GSD
2024-07-17 00:25:34 未获取到号码【1496231】GSD，可能号码格式错误
2024-07-17 00:25:34 获取到号码【1496231】的GSD为【-】
2024-07-17 00:25:42 GSD insert 第 1 次 等待 3 秒
2024-07-17 00:25:45 {"status":"bad","gid":"326966","msg":"添加失败！号码【1496231(-|-)】已存在！"}
2024-07-17 00:25:45 随机等待 210 秒，约 3 分钟
2024-07-17 00:25:45 下次操作: 2024-07-17 00:29:15

2024-07-17 00:29:15 开始第 6343 次操作

2024-07-17 00:29:15 开始操作号码 【1496232】
2024-07-17 00:29:23 GSD getOne 第 1 次 等待 3 秒
2024-07-17 00:29:26 查询号码 【1496232】，返回信息 {"status":"ok","msg":"-","gid":"326973","time_insert":"2021-07-19 14:59"}
2024-07-17 00:29:27 查询号码 【1496232】，GSD为【"-"】
2024-07-17 00:29:27 ok && -
2024-07-17 00:29:28 CHB 1496232?1721147367 第 1 次 等待 3 秒
2024-07-17 00:29:31 CHB 1496232?1721147367 第 1 次 获取到号码【1496232】GSD
2024-07-17 00:29:31 未获取到号码【1496232】GSD，可能号码格式错误
2024-07-17 00:29:31 获取到号码【1496232】的GSD为【-】
2024-07-17 00:29:40 GSD insert 第 1 次 等待 3 秒
2024-07-17 00:29:43 {"status":"bad","gid":"326973","msg":"添加失败！号码【1496232(-|-)】已存在！"}
2024-07-17 00:29:43 随机等待 172 秒，约 2 分钟
2024-07-17 00:29:43 下次操作: 2024-07-17 00:32:35

2024-07-17 00:32:35 开始第 6344 次操作

2024-07-17 00:32:35 开始操作号码 【1496233】
2024-07-17 00:32:44 GSD getOne 第 1 次 等待 3 秒
2024-07-17 00:32:47 查询号码 【1496233】，返回信息 {"status":"ok","msg":"-","gid":"326983","time_insert":"2021-07-19 15:00"}
2024-07-17 00:32:47 查询号码 【1496233】，GSD为【"-"】
2024-07-17 00:32:47 ok && -
2024-07-17 00:32:49 CHB 1496233?1721147567 第 1 次 等待 3 秒
2024-07-17 00:32:52 CHB 1496233?1721147567 第 1 次 获取到号码【1496233】GSD
2024-07-17 00:32:52 未获取到号码【1496233】GSD，可能号码格式错误
2024-07-17 00:32:52 获取到号码【1496233】的GSD为【-】
2024-07-17 00:33:01 GSD insert 第 1 次 等待 3 秒
2024-07-17 00:33:04 {"status":"bad","gid":"326983","msg":"添加失败！号码【1496233(-|-)】已存在！"}

2024-07-17 00:42:57 开始第 6345 次操作

2024-07-17 00:42:57 开始操作号码 【1496234】
2024-07-17 00:43:05 GSD getOne 第 1 次 等待 3 秒
2024-07-17 00:43:08 查询号码 【1496234】，返回信息 {"status":"ok","msg":"-","gid":"326988","time_insert":"2021-07-19 15:01"}
2024-07-17 00:43:08 查询号码 【1496234】，GSD为【"-"】
2024-07-17 00:43:08 ok && -
2024-07-17 00:43:10 CHB 1496234?1721148188 第 1 次 等待 3 秒
2024-07-17 00:43:13 CHB 1496234?1721148188 第 1 次 获取到号码【1496234】GSD
2024-07-17 00:43:13 未获取到号码【1496234】GSD，可能号码格式错误
2024-07-17 00:43:13 获取到号码【1496234】的GSD为【-】
2024-07-17 00:43:21 GSD insert 第 1 次 等待 3 秒
2024-07-17 00:43:24 {"status":"bad","gid":"326988","msg":"添加失败！号码【1496234(-|-)】已存在！"}
2024-07-17 00:43:24 随机等待 108 秒，约 1 分钟
2024-07-17 00:43:24 下次操作: 2024-07-17 00:45:12

2024-07-17 00:45:12 开始第 6346 次操作

2024-07-17 00:45:12 开始操作号码 【1496235】
2024-07-17 00:45:20 GSD getOne 第 1 次 等待 3 秒
2024-07-17 00:45:23 查询号码 【1496235】，返回信息 {"status":"ok","msg":"-","gid":"326996","time_insert":"2021-07-19 15:01"}
2024-07-17 00:45:23 查询号码 【1496235】，GSD为【"-"】
2024-07-17 00:45:23 ok && -
2024-07-17 00:45:25 CHB 1496235?1721148323 第 1 次 等待 3 秒
2024-07-17 00:45:28 CHB 1496235?1721148323 第 1 次 获取到号码【1496235】GSD
2024-07-17 00:45:28 未获取到号码【1496235】GSD，可能号码格式错误
2024-07-17 00:45:28 获取到号码【1496235】的GSD为【-】
2024-07-17 00:45:36 GSD insert 第 1 次 等待 3 秒
2024-07-17 00:45:39 {"status":"bad","gid":"326996","msg":"添加失败！号码【1496235(-|-)】已存在！"}
2024-07-17 00:45:39 随机等待 153 秒，约 2 分钟
2024-07-17 00:45:39 下次操作: 2024-07-17 00:48:12

2024-07-17 00:48:12 开始第 6347 次操作

2024-07-17 00:48:12 开始操作号码 【1496236】
2024-07-17 00:48:20 GSD getOne 第 1 次 等待 3 秒
2024-07-17 00:48:23 查询号码 【1496236】，返回信息 {"status":"ok","msg":"-","gid":"327003","time_insert":"2021-07-19 15:02"}
2024-07-17 00:48:23 查询号码 【1496236】，GSD为【"-"】
2024-07-17 00:48:23 ok && -
2024-07-17 00:48:24 CHB 1496236?1721148503 第 1 次 等待 3 秒
2024-07-17 00:48:27 CHB 1496236?1721148503 第 1 次 获取到号码【1496236】GSD
2024-07-17 00:48:27 未获取到号码【1496236】GSD，可能号码格式错误
2024-07-17 00:48:27 获取到号码【1496236】的GSD为【-】
2024-07-17 00:48:35 GSD insert 第 1 次 等待 3 秒
2024-07-17 00:48:38 {"status":"bad","gid":"327003","msg":"添加失败！号码【1496236(-|-)】已存在！"}
2024-07-17 00:48:38 随机等待 197 秒，约 3 分钟
2024-07-17 00:48:38 下次操作: 2024-07-17 00:51:55

2024-07-17 00:51:55 开始第 6348 次操作

2024-07-17 00:51:55 开始操作号码 【1496237】
2024-07-17 00:52:03 GSD getOne 第 1 次 等待 3 秒
2024-07-17 00:52:06 查询号码 【1496237】，返回信息 {"status":"ok","msg":"-","gid":"327009","time_insert":"2021-07-19 15:02"}
2024-07-17 00:52:06 查询号码 【1496237】，GSD为【"-"】
2024-07-17 00:52:06 ok && -
2024-07-17 00:52:08 CHB 1496237?1721148726 第 1 次 等待 3 秒
2024-07-17 00:52:11 CHB 1496237?1721148726 第 1 次 获取到号码【1496237】GSD
2024-07-17 00:52:11 未获取到号码【1496237】GSD，可能号码格式错误
2024-07-17 00:52:11 获取到号码【1496237】的GSD为【-】
2024-07-17 00:52:18 GSD insert 第 1 次 等待 3 秒
2024-07-17 00:52:21 {"status":"bad","gid":"327009","msg":"添加失败！号码【1496237(-|-)】已存在！"}

2024-07-17 01:16:00 开始第 6349 次操作

2024-07-17 01:16:00 开始操作号码 【1496238】
2024-07-17 01:16:08 GSD getOne 第 1 次 等待 3 秒
2024-07-17 01:16:11 查询号码 【1496238】，返回信息 {"status":"ok","msg":"-","gid":"327014","time_insert":"2021-07-19 15:03"}
2024-07-17 01:16:11 查询号码 【1496238】，GSD为【"-"】
2024-07-17 01:16:11 ok && -
2024-07-17 01:16:13 CHB 1496238?1721150171 第 1 次 等待 3 秒
2024-07-17 01:16:16 CHB 1496238?1721150171 第 1 次 获取到号码【1496238】GSD
2024-07-17 01:16:16 未获取到号码【1496238】GSD，可能号码格式错误
2024-07-17 01:16:16 获取到号码【1496238】的GSD为【-】
2024-07-17 01:16:24 GSD insert 第 1 次 等待 3 秒
2024-07-17 01:16:27 {"status":"bad","gid":"327014","msg":"添加失败！号码【1496238(-|-)】已存在！"}
2024-07-17 01:16:27 随机等待 231 秒，约 3 分钟
2024-07-17 01:16:27 下次操作: 2024-07-17 01:20:18

2024-07-17 01:20:18 开始第 6350 次操作

2024-07-17 01:20:18 开始操作号码 【1496239】
2024-07-17 01:20:26 GSD getOne 第 1 次 等待 3 秒
2024-07-17 01:20:29 查询号码 【1496239】，返回信息 {"status":"ok","msg":"-","gid":"327019","time_insert":"2021-07-19 15:03"}
2024-07-17 01:20:29 查询号码 【1496239】，GSD为【"-"】
2024-07-17 01:20:29 ok && -
2024-07-17 01:20:31 CHB 1496239?1721150429 第 1 次 等待 3 秒
2024-07-17 01:20:34 CHB 1496239?1721150429 第 1 次 获取到号码【1496239】GSD
2024-07-17 01:20:34 未获取到号码【1496239】GSD，可能号码格式错误
2024-07-17 01:20:34 获取到号码【1496239】的GSD为【-】
2024-07-17 01:20:41 GSD insert 第 1 次 等待 3 秒
2024-07-17 01:20:44 {"status":"bad","gid":"327019","msg":"添加失败！号码【1496239(-|-)】已存在！"}
2024-07-17 01:20:44 随机等待 172 秒，约 2 分钟
2024-07-17 01:20:44 下次操作: 2024-07-17 01:23:36

2024-07-17 01:23:36 开始第 6351 次操作

2024-07-17 01:23:36 开始操作号码 【1496240】
2024-07-17 01:23:45 GSD getOne 第 1 次 等待 3 秒
2024-07-17 01:23:48 查询号码 【1496240】，返回信息 {"status":"ok","msg":"-","gid":"327027","time_insert":"2021-07-19 15:04"}
2024-07-17 01:23:48 查询号码 【1496240】，GSD为【"-"】
2024-07-17 01:23:48 ok && -
2024-07-17 01:23:49 CHB 1496240?1721150628 第 1 次 等待 3 秒
2024-07-17 01:23:52 CHB 1496240?1721150628 第 1 次 获取到号码【1496240】GSD
2024-07-17 01:23:53 未获取到号码【1496240】GSD，可能号码格式错误
2024-07-17 01:23:53 获取到号码【1496240】的GSD为【-】
2024-07-17 01:24:01 GSD insert 第 1 次 等待 3 秒
2024-07-17 01:24:04 {"status":"bad","gid":"327027","msg":"添加失败！号码【1496240(-|-)】已存在！"}
2024-07-17 01:24:04 随机等待 133 秒，约 2 分钟
2024-07-17 01:24:04 下次操作: 2024-07-17 01:26:17

2024-07-17 01:26:17 开始第 6352 次操作

2024-07-17 01:26:17 开始操作号码 【1496241】
2024-07-17 01:26:25 GSD getOne 第 1 次 等待 3 秒
2024-07-17 01:26:28 查询号码 【1496241】，返回信息 {"status":"ok","msg":"-","gid":"327036","time_insert":"2021-07-19 15:05"}
2024-07-17 01:26:28 查询号码 【1496241】，GSD为【"-"】
2024-07-17 01:26:28 ok && -
2024-07-17 01:26:29 CHB 1496241?1721150788 第 1 次 等待 3 秒
2024-07-17 01:26:32 CHB 1496241?1721150788 第 1 次 获取到号码【1496241】GSD
2024-07-17 01:26:32 未获取到号码【1496241】GSD，可能号码格式错误
2024-07-17 01:26:32 获取到号码【1496241】的GSD为【-】
2024-07-17 01:26:40 GSD insert 第 1 次 等待 3 秒
2024-07-17 01:26:43 {"status":"bad","gid":"327036","msg":"添加失败！号码【1496241(-|-)】已存在！"}

2024-07-17 01:37:48 开始第 6353 次操作

2024-07-17 01:37:48 开始操作号码 【1496242】
2024-07-17 01:37:56 GSD getOne 第 1 次 等待 3 秒
2024-07-17 01:37:59 查询号码 【1496242】，返回信息 {"status":"ok","msg":"-","gid":"327043","time_insert":"2021-07-19 15:05"}
2024-07-17 01:37:59 查询号码 【1496242】，GSD为【"-"】
2024-07-17 01:37:59 ok && -
2024-07-17 01:38:02 CHB 1496242?1721151479 第 1 次 等待 3 秒
2024-07-17 01:38:05 CHB 1496242?1721151479 第 1 次 获取到号码【1496242】GSD
2024-07-17 01:38:05 未获取到号码【1496242】GSD，可能号码格式错误
2024-07-17 01:38:05 获取到号码【1496242】的GSD为【-】
2024-07-17 01:38:13 GSD insert 第 1 次 等待 3 秒
2024-07-17 01:38:16 {"status":"bad","gid":"327043","msg":"添加失败！号码【1496242(-|-)】已存在！"}
2024-07-17 01:38:16 随机等待 111 秒，约 1 分钟
2024-07-17 01:38:16 下次操作: 2024-07-17 01:40:07

2024-07-17 01:40:07 开始第 6354 次操作

2024-07-17 01:40:07 开始操作号码 【1496243】
2024-07-17 01:40:15 GSD getOne 第 1 次 等待 3 秒
2024-07-17 01:40:18 查询号码 【1496243】，返回信息 {"status":"ok","msg":"-","gid":"327050","time_insert":"2021-07-19 15:06"}
2024-07-17 01:40:19 查询号码 【1496243】，GSD为【"-"】
2024-07-17 01:40:19 ok && -
2024-07-17 01:40:21 CHB 1496243?1721151619 第 1 次 等待 3 秒
2024-07-17 01:40:24 CHB 1496243?1721151619 第 1 次 获取到号码【1496243】GSD
2024-07-17 01:40:24 未获取到号码【1496243】GSD，可能号码格式错误
2024-07-17 01:40:24 获取到号码【1496243】的GSD为【-】
2024-07-17 01:40:32 GSD insert 第 1 次 等待 3 秒
2024-07-17 01:40:35 {"status":"bad","gid":"327050","msg":"添加失败！号码【1496243(-|-)】已存在！"}
2024-07-17 01:40:35 随机等待 108 秒，约 1 分钟
2024-07-17 01:40:35 下次操作: 2024-07-17 01:42:23

2024-07-17 01:42:23 开始第 6355 次操作

2024-07-17 01:42:23 开始操作号码 【1496244】
2024-07-17 01:42:30 GSD getOne 第 1 次 等待 3 秒
2024-07-17 01:42:33 查询号码 【1496244】，返回信息 {"status":"ok","msg":"-","gid":"327058","time_insert":"2021-07-19 15:06"}
2024-07-17 01:42:33 查询号码 【1496244】，GSD为【"-"】
2024-07-17 01:42:33 ok && -
2024-07-17 01:42:35 CHB 1496244?1721151753 第 1 次 等待 3 秒
2024-07-17 01:42:38 CHB 1496244?1721151753 第 1 次 获取到号码【1496244】GSD
2024-07-17 01:42:38 未获取到号码【1496244】GSD，可能号码格式错误
2024-07-17 01:42:38 获取到号码【1496244】的GSD为【-】
2024-07-17 01:42:46 GSD insert 第 1 次 等待 3 秒
2024-07-17 01:42:49 {"status":"bad","gid":"327058","msg":"添加失败！号码【1496244(-|-)】已存在！"}
2024-07-17 01:42:49 随机等待 223 秒，约 3 分钟
2024-07-17 01:42:49 下次操作: 2024-07-17 01:46:32

2024-07-17 01:46:32 开始第 6356 次操作

2024-07-17 01:46:32 开始操作号码 【1496245】
2024-07-17 01:46:40 GSD getOne 第 1 次 等待 3 秒
2024-07-17 01:46:43 查询号码 【1496245】，返回信息 {"status":"ok","msg":"-","gid":"327064","time_insert":"2021-07-19 15:07"}
2024-07-17 01:46:43 查询号码 【1496245】，GSD为【"-"】
2024-07-17 01:46:43 ok && -
2024-07-17 01:46:45 CHB 1496245?1721152003 第 1 次 等待 3 秒
2024-07-17 01:46:48 CHB 1496245?1721152003 第 1 次 获取到号码【1496245】GSD
2024-07-17 01:46:48 未获取到号码【1496245】GSD，可能号码格式错误
2024-07-17 01:46:48 获取到号码【1496245】的GSD为【-】
2024-07-17 01:46:56 GSD insert 第 1 次 等待 3 秒
2024-07-17 01:46:59 {"status":"bad","gid":"327064","msg":"添加失败！号码【1496245(-|-)】已存在！"}

2024-07-17 02:24:55 开始第 6357 次操作

2024-07-17 02:24:55 开始操作号码 【1496246】
2024-07-17 02:25:05 GSD getOne 第 1 次 等待 3 秒
2024-07-17 02:25:08 查询号码 【1496246】，返回信息 {"status":"ok","msg":"-","gid":"327071","time_insert":"2021-07-19 15:07"}
2024-07-17 02:25:08 查询号码 【1496246】，GSD为【"-"】
2024-07-17 02:25:08 ok && -
2024-07-17 02:25:10 CHB 1496246?1721154308 第 1 次 等待 3 秒
2024-07-17 02:25:13 CHB 1496246?1721154308 第 1 次 获取到号码【1496246】GSD
2024-07-17 02:25:13 未获取到号码【1496246】GSD，可能号码格式错误
2024-07-17 02:25:13 获取到号码【1496246】的GSD为【-】
2024-07-17 02:25:20 GSD insert 第 1 次 等待 3 秒
2024-07-17 02:25:23 {"status":"bad","gid":"327071","msg":"添加失败！号码【1496246(-|-)】已存在！"}
2024-07-17 02:25:23 随机等待 148 秒，约 2 分钟
2024-07-17 02:25:23 下次操作: 2024-07-17 02:27:51

2024-07-17 02:27:51 开始第 6358 次操作

2024-07-17 02:27:51 开始操作号码 【1496247】
2024-07-17 02:28:02 GSD getOne 第 1 次 等待 3 秒
2024-07-17 02:28:05 查询号码 【1496247】，返回信息 {"status":"ok","msg":"-","gid":"327078","time_insert":"2021-07-19 15:08"}
2024-07-17 02:28:05 查询号码 【1496247】，GSD为【"-"】
2024-07-17 02:28:05 ok && -
2024-07-17 02:28:07 CHB 1496247?1721154485 第 1 次 等待 3 秒
2024-07-17 02:28:10 CHB 1496247?1721154485 第 1 次 获取到号码【1496247】GSD
2024-07-17 02:28:10 未获取到号码【1496247】GSD，可能号码格式错误
2024-07-17 02:28:10 获取到号码【1496247】的GSD为【-】
2024-07-17 02:28:18 GSD insert 第 1 次 等待 3 秒
2024-07-17 02:28:21 {"status":"bad","gid":"327078","msg":"添加失败！号码【1496247(-|-)】已存在！"}
2024-07-17 02:28:21 随机等待 171 秒，约 2 分钟
2024-07-17 02:28:21 下次操作: 2024-07-17 02:31:12

2024-07-17 02:31:12 开始第 6359 次操作

2024-07-17 02:31:12 开始操作号码 【1496248】
2024-07-17 02:31:19 GSD getOne 第 1 次 等待 3 秒
2024-07-17 02:31:22 查询号码 【1496248】，返回信息 {"status":"ok","msg":"-","gid":"327087","time_insert":"2021-07-19 15:08"}
2024-07-17 02:31:22 查询号码 【1496248】，GSD为【"-"】
2024-07-17 02:31:22 ok && -
2024-07-17 02:31:24 CHB 1496248?1721154682 第 1 次 等待 3 秒
2024-07-17 02:31:27 CHB 1496248?1721154682 第 1 次 获取到号码【1496248】GSD
2024-07-17 02:31:27 未获取到号码【1496248】GSD，可能号码格式错误
2024-07-17 02:31:27 获取到号码【1496248】的GSD为【-】
2024-07-17 02:31:35 GSD insert 第 1 次 等待 3 秒
2024-07-17 02:31:38 {"status":"bad","gid":"327087","msg":"添加失败！号码【1496248(-|-)】已存在！"}
2024-07-17 02:31:38 随机等待 164 秒，约 2 分钟
2024-07-17 02:31:38 下次操作: 2024-07-17 02:34:22

2024-07-17 02:34:22 开始第 6360 次操作

2024-07-17 02:34:22 开始操作号码 【1496249】
2024-07-17 02:34:29 GSD getOne 第 1 次 等待 3 秒
2024-07-17 02:34:32 查询号码 【1496249】，返回信息 {"status":"ok","msg":"-","gid":"327097","time_insert":"2021-07-19 15:09"}
2024-07-17 02:34:32 查询号码 【1496249】，GSD为【"-"】
2024-07-17 02:34:32 ok && -
2024-07-17 02:34:34 CHB 1496249?1721154872 第 1 次 等待 3 秒
2024-07-17 02:34:37 CHB 1496249?1721154872 第 1 次 获取到号码【1496249】GSD
2024-07-17 02:34:37 未获取到号码【1496249】GSD，可能号码格式错误
2024-07-17 02:34:37 获取到号码【1496249】的GSD为【-】
2024-07-17 02:34:45 GSD insert 第 1 次 等待 3 秒
2024-07-17 02:34:48 {"status":"bad","gid":"327097","msg":"添加失败！号码【1496249(-|-)】已存在！"}

2024-07-17 02:40:36 开始第 6361 次操作

2024-07-17 02:40:36 开始操作号码 【1496250】
2024-07-17 02:40:43 GSD getOne 第 1 次 等待 3 秒
2024-07-17 02:40:46 查询号码 【1496250】，返回信息 {"status":"ok","msg":"-","gid":"327103","time_insert":"2021-07-19 15:10"}
2024-07-17 02:40:46 查询号码 【1496250】，GSD为【"-"】
2024-07-17 02:40:46 ok && -
2024-07-17 02:40:49 CHB 1496250?1721155246 第 1 次 等待 3 秒
2024-07-17 02:40:52 CHB 1496250?1721155246 第 1 次 获取到号码【1496250】GSD
2024-07-17 02:40:52 未获取到号码【1496250】GSD，可能号码格式错误
2024-07-17 02:40:52 获取到号码【1496250】的GSD为【-】
2024-07-17 02:40:59 GSD insert 第 1 次 等待 3 秒
2024-07-17 02:41:02 {"status":"bad","gid":"327103","msg":"添加失败！号码【1496250(-|-)】已存在！"}
2024-07-17 02:41:02 随机等待 152 秒，约 2 分钟
2024-07-17 02:41:02 下次操作: 2024-07-17 02:43:34

2024-07-17 02:43:34 开始第 6362 次操作

2024-07-17 02:43:34 开始操作号码 【1496251】
2024-07-17 02:43:42 GSD getOne 第 1 次 等待 3 秒
2024-07-17 02:43:45 查询号码 【1496251】，返回信息 {"status":"ok","msg":"-","gid":"327111","time_insert":"2021-07-19 15:10"}
2024-07-17 02:43:45 查询号码 【1496251】，GSD为【"-"】
2024-07-17 02:43:45 ok && -
2024-07-17 02:43:47 CHB 1496251?1721155425 第 1 次 等待 3 秒
2024-07-17 02:43:50 CHB 1496251?1721155425 第 1 次 获取到号码【1496251】GSD
2024-07-17 02:43:50 未获取到号码【1496251】GSD，可能号码格式错误
2024-07-17 02:43:50 获取到号码【1496251】的GSD为【-】
2024-07-17 02:43:59 GSD insert 第 1 次 等待 3 秒
2024-07-17 02:44:02 {"status":"bad","gid":"327111","msg":"添加失败！号码【1496251(-|-)】已存在！"}
2024-07-17 02:44:02 随机等待 72 秒，约 1 分钟
2024-07-17 02:44:02 下次操作: 2024-07-17 02:45:14

2024-07-17 02:45:14 开始第 6363 次操作

2024-07-17 02:45:14 开始操作号码 【1496252】
2024-07-17 02:45:23 GSD getOne 第 1 次 等待 3 秒
2024-07-17 02:45:26 查询号码 【1496252】，返回信息 {"status":"ok","msg":"-","gid":"327120","time_insert":"2021-07-19 15:11"}
2024-07-17 02:45:26 查询号码 【1496252】，GSD为【"-"】
2024-07-17 02:45:26 ok && -
2024-07-17 02:45:35 CHB 1496252?1721155526 第 1 次 等待 3 秒
2024-07-17 02:45:38 CHB 1496252?1721155526 第 1 次 获取到号码【1496252】GSD
2024-07-17 02:45:38 未获取到号码【1496252】GSD，可能号码格式错误
2024-07-17 02:45:38 获取到号码【1496252】的GSD为【-】
2024-07-17 02:45:46 GSD insert 第 1 次 等待 3 秒
2024-07-17 02:45:49 {"status":"bad","gid":"327120","msg":"添加失败！号码【1496252(-|-)】已存在！"}
2024-07-17 02:45:49 随机等待 142 秒，约 2 分钟
2024-07-17 02:45:49 下次操作: 2024-07-17 02:48:11

2024-07-17 02:48:11 开始第 6364 次操作

2024-07-17 02:48:11 开始操作号码 【1496253】
2024-07-17 02:48:19 GSD getOne 第 1 次 等待 3 秒
2024-07-17 02:48:22 查询号码 【1496253】，返回信息 {"status":"ok","msg":"-","gid":"327127","time_insert":"2021-07-19 15:11"}
2024-07-17 02:48:22 查询号码 【1496253】，GSD为【"-"】
2024-07-17 02:48:22 ok && -
2024-07-17 02:48:25 CHB 1496253?1721155702 第 1 次 等待 3 秒
2024-07-17 02:48:28 CHB 1496253?1721155702 第 1 次 获取到号码【1496253】GSD
2024-07-17 02:48:28 未获取到号码【1496253】GSD，可能号码格式错误
2024-07-17 02:48:28 获取到号码【1496253】的GSD为【-】
2024-07-17 02:48:36 GSD insert 第 1 次 等待 3 秒
2024-07-17 02:48:39 {"status":"bad","gid":"327127","msg":"添加失败！号码【1496253(-|-)】已存在！"}

2024-07-17 03:15:18 开始第 6365 次操作

2024-07-17 03:15:18 开始操作号码 【1496254】
2024-07-17 03:15:26 GSD getOne 第 1 次 等待 3 秒
2024-07-17 03:15:29 查询号码 【1496254】，返回信息 {"status":"ok","msg":"-","gid":"327134","time_insert":"2021-07-19 15:12"}
2024-07-17 03:15:29 查询号码 【1496254】，GSD为【"-"】
2024-07-17 03:15:29 ok && -
2024-07-17 03:15:31 CHB 1496254?1721157329 第 1 次 等待 3 秒
2024-07-17 03:15:34 CHB 1496254?1721157329 第 1 次 获取到号码【1496254】GSD
2024-07-17 03:15:34 未获取到号码【1496254】GSD，可能号码格式错误
2024-07-17 03:15:34 获取到号码【1496254】的GSD为【-】
2024-07-17 03:15:42 GSD insert 第 1 次 等待 3 秒
2024-07-17 03:15:45 {"status":"bad","gid":"327134","msg":"添加失败！号码【1496254(-|-)】已存在！"}
2024-07-17 03:15:45 随机等待 109 秒，约 1 分钟
2024-07-17 03:15:45 下次操作: 2024-07-17 03:17:34

2024-07-17 03:17:34 开始第 6366 次操作

2024-07-17 03:17:34 开始操作号码 【1496255】
2024-07-17 03:17:42 GSD getOne 第 1 次 等待 3 秒
2024-07-17 03:17:45 查询号码 【1496255】，返回信息 {"status":"ok","msg":"-","gid":"327140","time_insert":"2021-07-19 15:12"}
2024-07-17 03:17:45 查询号码 【1496255】，GSD为【"-"】
2024-07-17 03:17:45 ok && -
2024-07-17 03:17:47 CHB 1496255?1721157465 第 1 次 等待 3 秒
2024-07-17 03:17:50 CHB 1496255?1721157465 第 1 次 获取到号码【1496255】GSD
2024-07-17 03:17:50 未获取到号码【1496255】GSD，可能号码格式错误
2024-07-17 03:17:50 获取到号码【1496255】的GSD为【-】
2024-07-17 03:18:04 GSD insert 第 1 次 等待 3 秒
2024-07-17 03:18:07 {"status":"bad","gid":"327140","msg":"添加失败！号码【1496255(-|-)】已存在！"}
2024-07-17 03:18:07 随机等待 107 秒，约 1 分钟
2024-07-17 03:18:07 下次操作: 2024-07-17 03:19:54

2024-07-17 03:19:54 开始第 6367 次操作

2024-07-17 03:19:54 开始操作号码 【1496256】
2024-07-17 03:20:03 GSD getOne 第 1 次 等待 3 秒
2024-07-17 03:20:06 查询号码 【1496256】，返回信息 {"status":"ok","msg":"-","gid":"327148","time_insert":"2021-07-19 15:13"}
2024-07-17 03:20:06 查询号码 【1496256】，GSD为【"-"】
2024-07-17 03:20:06 ok && -
2024-07-17 03:20:08 CHB 1496256?1721157606 第 1 次 等待 3 秒
2024-07-17 03:20:11 CHB 1496256?1721157606 第 1 次 获取到号码【1496256】GSD
2024-07-17 03:20:11 未获取到号码【1496256】GSD，可能号码格式错误
2024-07-17 03:20:11 获取到号码【1496256】的GSD为【-】
2024-07-17 03:20:20 GSD insert 第 1 次 等待 3 秒
2024-07-17 03:20:23 {"status":"bad","gid":"327148","msg":"添加失败！号码【1496256(-|-)】已存在！"}
2024-07-17 03:20:23 随机等待 76 秒，约 1 分钟
2024-07-17 03:20:23 下次操作: 2024-07-17 03:21:39

2024-07-17 03:21:39 开始第 6368 次操作

2024-07-17 03:21:39 开始操作号码 【1496257】
2024-07-17 03:21:47 GSD getOne 第 1 次 等待 3 秒
2024-07-17 03:21:50 查询号码 【1496257】，返回信息 {"status":"ok","msg":"-","gid":"327286","time_insert":"2021-07-19 15:36"}
2024-07-17 03:21:50 查询号码 【1496257】，GSD为【"-"】
2024-07-17 03:21:50 ok && -
2024-07-17 03:21:53 CHB 1496257?1721157710 第 1 次 等待 3 秒
2024-07-17 03:21:56 CHB 1496257?1721157710 第 1 次 获取到号码【1496257】GSD
2024-07-17 03:21:56 未获取到号码【1496257】GSD，可能号码格式错误
2024-07-17 03:21:56 获取到号码【1496257】的GSD为【-】
2024-07-17 03:22:05 GSD insert 第 1 次 等待 3 秒
2024-07-17 03:22:08 {"status":"bad","gid":"327286","msg":"添加失败！号码【1496257(-|-)】已存在！"}

2024-07-17 03:37:08 开始第 6369 次操作

2024-07-17 03:37:08 开始操作号码 【1496258】
2024-07-17 03:37:16 GSD getOne 第 1 次 等待 3 秒
2024-07-17 03:37:19 查询号码 【1496258】，返回信息 {"status":"ok","msg":"-","gid":"327290","time_insert":"2021-07-19 15:36"}
2024-07-17 03:37:19 查询号码 【1496258】，GSD为【"-"】
2024-07-17 03:37:19 ok && -
2024-07-17 03:37:21 CHB 1496258?1721158639 第 1 次 等待 3 秒
2024-07-17 03:37:24 CHB 1496258?1721158639 第 1 次 获取到号码【1496258】GSD
2024-07-17 03:37:24 未获取到号码【1496258】GSD，可能号码格式错误
2024-07-17 03:37:24 获取到号码【1496258】的GSD为【-】
2024-07-17 03:37:31 GSD insert 第 1 次 等待 3 秒
2024-07-17 03:37:34 {"status":"bad","gid":"327290","msg":"添加失败！号码【1496258(-|-)】已存在！"}
2024-07-17 03:37:34 随机等待 95 秒，约 1 分钟
2024-07-17 03:37:34 下次操作: 2024-07-17 03:39:09

2024-07-17 03:39:09 开始第 6370 次操作

2024-07-17 03:39:09 开始操作号码 【1496259】
2024-07-17 03:39:17 GSD getOne 第 1 次 等待 3 秒
2024-07-17 03:39:20 查询号码 【1496259】，返回信息 {"status":"ok","msg":"-","gid":"327297","time_insert":"2021-07-19 15:37"}
2024-07-17 03:39:20 查询号码 【1496259】，GSD为【"-"】
2024-07-17 03:39:20 ok && -
2024-07-17 03:39:22 CHB 1496259?1721158760 第 1 次 等待 3 秒
2024-07-17 03:39:25 CHB 1496259?1721158760 第 1 次 获取到号码【1496259】GSD
2024-07-17 03:39:25 未获取到号码【1496259】GSD，可能号码格式错误
2024-07-17 03:39:25 获取到号码【1496259】的GSD为【-】
2024-07-17 03:39:33 GSD insert 第 1 次 等待 3 秒
2024-07-17 03:39:36 {"status":"bad","gid":"327297","msg":"添加失败！号码【1496259(-|-)】已存在！"}
2024-07-17 03:39:36 随机等待 91 秒，约 1 分钟
2024-07-17 03:39:36 下次操作: 2024-07-17 03:41:07

2024-07-17 03:41:07 开始第 6371 次操作

2024-07-17 03:41:07 开始操作号码 【1496260】
2024-07-17 03:41:14 GSD getOne 第 1 次 等待 3 秒
2024-07-17 03:41:17 查询号码 【1496260】，返回信息 {"status":"ok","msg":"-","gid":"327306","time_insert":"2021-07-19 15:37"}
2024-07-17 03:41:17 查询号码 【1496260】，GSD为【"-"】
2024-07-17 03:41:17 ok && -
2024-07-17 03:41:19 CHB 1496260?1721158877 第 1 次 等待 3 秒
2024-07-17 03:41:22 CHB 1496260?1721158877 第 1 次 获取到号码【1496260】GSD
2024-07-17 03:41:22 未获取到号码【1496260】GSD，可能号码格式错误
2024-07-17 03:41:22 获取到号码【1496260】的GSD为【-】
2024-07-17 03:41:30 GSD insert 第 1 次 等待 3 秒
2024-07-17 03:41:33 {"status":"bad","gid":"327306","msg":"添加失败！号码【1496260(-|-)】已存在！"}
2024-07-17 03:41:33 随机等待 180 秒，约 3 分钟
2024-07-17 03:41:33 下次操作: 2024-07-17 03:44:33

2024-07-17 03:44:33 开始第 6372 次操作

2024-07-17 03:44:33 开始操作号码 【1496261】
2024-07-17 03:44:41 GSD getOne 第 1 次 等待 3 秒
2024-07-17 03:44:44 查询号码 【1496261】，返回信息 {"status":"ok","msg":"-","gid":"327314","time_insert":"2021-07-19 15:38"}
2024-07-17 03:44:44 查询号码 【1496261】，GSD为【"-"】
2024-07-17 03:44:44 ok && -
2024-07-17 03:44:45 CHB 1496261?1721159084 第 1 次 等待 3 秒
2024-07-17 03:44:48 CHB 1496261?1721159084 第 1 次 获取到号码【1496261】GSD
2024-07-17 03:44:49 未获取到号码【1496261】GSD，可能号码格式错误
2024-07-17 03:44:49 获取到号码【1496261】的GSD为【-】
2024-07-17 03:44:56 GSD insert 第 1 次 等待 3 秒
2024-07-17 03:44:59 {"status":"bad","gid":"327314","msg":"添加失败！号码【1496261(-|-)】已存在！"}

2024-07-17 04:18:09 开始第 6373 次操作

2024-07-17 04:18:09 开始操作号码 【1496262】
2024-07-17 04:18:22 GSD getOne 第 1 次 等待 3 秒
2024-07-17 04:18:25 查询号码 【1496262】，返回信息 {"status":"ok","msg":"-","gid":"327322","time_insert":"2021-07-19 15:38"}
2024-07-17 04:18:25 查询号码 【1496262】，GSD为【"-"】
2024-07-17 04:18:25 ok && -
2024-07-17 04:18:28 CHB 1496262?1721161105 第 1 次 等待 3 秒
2024-07-17 04:18:31 CHB 1496262?1721161105 第 1 次 获取到号码【1496262】GSD
2024-07-17 04:18:31 未获取到号码【1496262】GSD，可能号码格式错误
2024-07-17 04:18:31 获取到号码【1496262】的GSD为【-】
2024-07-17 04:18:38 GSD insert 第 1 次 等待 3 秒
2024-07-17 04:18:41 {"status":"bad","gid":"327322","msg":"添加失败！号码【1496262(-|-)】已存在！"}
2024-07-17 04:18:41 随机等待 185 秒，约 3 分钟
2024-07-17 04:18:41 下次操作: 2024-07-17 04:21:46

2024-07-17 04:21:46 开始第 6374 次操作

2024-07-17 04:21:46 开始操作号码 【1496263】
2024-07-17 04:21:55 GSD getOne 第 1 次 等待 3 秒
2024-07-17 04:21:58 查询号码 【1496263】，返回信息 {"status":"ok","msg":"-","gid":"327331","time_insert":"2021-07-19 15:39"}
2024-07-17 04:21:58 查询号码 【1496263】，GSD为【"-"】
2024-07-17 04:21:58 ok && -
2024-07-17 04:21:59 CHB 1496263?1721161318 第 1 次 等待 3 秒
2024-07-17 04:22:02 CHB 1496263?1721161318 第 1 次 获取到号码【1496263】GSD
2024-07-17 04:22:02 未获取到号码【1496263】GSD，可能号码格式错误
2024-07-17 04:22:02 获取到号码【1496263】的GSD为【-】
2024-07-17 04:22:10 GSD insert 第 1 次 等待 3 秒
2024-07-17 04:22:13 {"status":"bad","gid":"327331","msg":"添加失败！号码【1496263(-|-)】已存在！"}
2024-07-17 04:22:13 随机等待 82 秒，约 1 分钟
2024-07-17 04:22:13 下次操作: 2024-07-17 04:23:35

2024-07-17 04:23:35 开始第 6375 次操作

2024-07-17 04:23:35 开始操作号码 【1496264】
2024-07-17 04:23:43 GSD getOne 第 1 次 等待 3 秒
2024-07-17 04:23:46 查询号码 【1496264】，返回信息 {"status":"ok","msg":"-","gid":"327338","time_insert":"2021-07-19 15:40"}
2024-07-17 04:23:46 查询号码 【1496264】，GSD为【"-"】
2024-07-17 04:23:46 ok && -
2024-07-17 04:23:48 CHB 1496264?1721161426 第 1 次 等待 3 秒
2024-07-17 04:23:51 CHB 1496264?1721161426 第 1 次 获取到号码【1496264】GSD
2024-07-17 04:23:51 未获取到号码【1496264】GSD，可能号码格式错误
2024-07-17 04:23:51 获取到号码【1496264】的GSD为【-】
2024-07-17 04:23:59 GSD insert 第 1 次 等待 3 秒
2024-07-17 04:24:02 {"status":"bad","gid":"327338","msg":"添加失败！号码【1496264(-|-)】已存在！"}
2024-07-17 04:24:02 随机等待 202 秒，约 3 分钟
2024-07-17 04:24:02 下次操作: 2024-07-17 04:27:24

2024-07-17 04:27:24 开始第 6376 次操作

2024-07-17 04:27:24 开始操作号码 【1496265】
2024-07-17 04:27:32 GSD getOne 第 1 次 等待 3 秒
2024-07-17 04:27:35 查询号码 【1496265】，返回信息 {"status":"ok","msg":"-","gid":"327347","time_insert":"2021-07-19 15:40"}
2024-07-17 04:27:35 查询号码 【1496265】，GSD为【"-"】
2024-07-17 04:27:35 ok && -
2024-07-17 04:27:37 CHB 1496265?1721161655 第 1 次 等待 3 秒
2024-07-17 04:27:40 CHB 1496265?1721161655 第 1 次 获取到号码【1496265】GSD
2024-07-17 04:27:40 未获取到号码【1496265】GSD，可能号码格式错误
2024-07-17 04:27:40 获取到号码【1496265】的GSD为【-】
2024-07-17 04:27:49 GSD insert 第 1 次 等待 3 秒
2024-07-17 04:27:52 {"status":"bad","gid":"327347","msg":"添加失败！号码【1496265(-|-)】已存在！"}

