2024-05-21 00:22:13 开始第 9905 次操作

2024-05-21 00:22:13 开始操作号码 【1609798】
2024-05-21 00:22:18 GSD getOne 第 1 次 等待 3 秒
2024-05-21 00:22:21 查询号码 【1609798】，返回信息 {"status":"ok","msg":"-","gid":"699281","time_insert":"2023-05-10 09:58"}
2024-05-21 00:22:21 查询号码 【1609798】，GSD为【"-"】
2024-05-21 00:22:21 ok && -
2024-05-21 00:22:24 CHB 1609798?1716222141 第 1 次 等待 3 秒
2024-05-21 00:22:27 CHB 1609798?1716222141 第 1 次 获取到号码【1609798】GSD
2024-05-21 00:22:27 未获取到号码【1609798】GSD，可能号码格式错误
2024-05-21 00:22:27 获取到号码【1609798】的GSD为【-】
2024-05-21 00:22:34 GSD insert 第 1 次 等待 3 秒
2024-05-21 00:22:37 {"status":"bad","gid":"699281","msg":"添加失败！号码【1609798(-|-)】已存在！"}
2024-05-21 00:22:37 随机等待 192 秒，约 3 分钟
2024-05-21 00:22:37 下次操作: 2024-05-21 00:25:49

2024-05-21 00:25:49 开始第 9906 次操作

2024-05-21 00:25:49 开始操作号码 【1609799】
2024-05-21 00:26:01 GSD getOne 第 1 次 等待 3 秒
2024-05-21 00:26:04 查询号码 【1609799】，返回信息 {"status":"ok","msg":"-","gid":"699294","time_insert":"2023-05-10 10:14"}
2024-05-21 00:26:04 查询号码 【1609799】，GSD为【"-"】
2024-05-21 00:26:04 ok && -
2024-05-21 00:26:07 CHB 1609799?1716222364 第 1 次 等待 3 秒
2024-05-21 00:26:10 CHB 1609799?1716222364 第 1 次 获取到号码【1609799】GSD
2024-05-21 00:26:10 未获取到号码【1609799】GSD，可能号码格式错误
2024-05-21 00:26:10 获取到号码【1609799】的GSD为【-】
2024-05-21 00:26:23 GSD insert 第 1 次 等待 3 秒
2024-05-21 00:26:26 {"status":"bad","gid":"699294","msg":"添加失败！号码【1609799(-|-)】已存在！"}
2024-05-21 00:26:26 随机等待 73 秒，约 1 分钟
2024-05-21 00:26:26 下次操作: 2024-05-21 00:27:39

2024-05-21 00:27:39 开始第 9907 次操作

2024-05-21 00:27:39 开始操作号码 【1609800】
2024-05-21 00:27:45 GSD getOne 第 1 次 等待 3 秒
2024-05-21 00:27:48 查询号码 【1609800】，返回信息 {"status":"ok","msg":"-","gid":"699310","time_insert":"2023-05-10 10:34"}
2024-05-21 00:27:48 查询号码 【1609800】，GSD为【"-"】
2024-05-21 00:27:48 ok && -
2024-05-21 00:27:50 CHB 1609800?1716222468 第 1 次 等待 3 秒
2024-05-21 00:27:53 CHB 1609800?1716222468 第 1 次 获取到号码【1609800】GSD
2024-05-21 00:27:53 未获取到号码【1609800】GSD，可能号码格式错误
2024-05-21 00:27:53 获取到号码【1609800】的GSD为【-】
2024-05-21 00:27:58 GSD insert 第 1 次 等待 3 秒
2024-05-21 00:28:01 {"status":"bad","gid":"699310","msg":"添加失败！号码【1609800(-|-)】已存在！"}
2024-05-21 00:28:01 随机等待 192 秒，约 3 分钟
2024-05-21 00:28:01 下次操作: 2024-05-21 00:31:13

2024-05-21 00:31:13 开始第 9908 次操作

2024-05-21 00:31:13 开始操作号码 【1609801】
2024-05-21 00:31:19 GSD getOne 第 1 次 等待 3 秒
2024-05-21 00:31:22 查询号码 【1609801】，返回信息 {"status":"ok","msg":"-","gid":"699322","time_insert":"2023-05-10 10:50"}
2024-05-21 00:31:22 查询号码 【1609801】，GSD为【"-"】
2024-05-21 00:31:22 ok && -
2024-05-21 00:31:24 CHB 1609801?1716222682 第 1 次 等待 3 秒
2024-05-21 00:31:27 CHB 1609801?1716222682 第 1 次 获取到号码【1609801】GSD
2024-05-21 00:31:27 未获取到号码【1609801】GSD，可能号码格式错误
2024-05-21 00:31:27 获取到号码【1609801】的GSD为【-】
2024-05-21 00:31:32 GSD insert 第 1 次 等待 3 秒
2024-05-21 00:31:36 {"status":"bad","gid":"699322","msg":"添加失败！号码【1609801(-|-)】已存在！"}

