2024-11-29 00:12:58 开始第 7465 次操作

2024-11-29 00:12:58 开始操作号码 【1307464】
2024-11-29 00:13:00 GSD getOne 第 1 次 等待 3 秒
2024-11-29 00:13:03 查询号码 【1307464】，返回信息 {"status":"ok","msg":"浙江-温州","gid":"189939","time_insert":"2021-07-04 12:58"}
2024-11-29 00:13:03 查询号码 【1307464】，GSD为【"浙江-温州"】

2024-11-29 00:13:04 开始第 7466 次操作

2024-11-29 00:13:04 开始操作号码 【1307465】
2024-11-29 00:13:05 GSD getOne 第 1 次 等待 3 秒
2024-11-29 00:13:08 查询号码 【1307465】，返回信息 {"status":"ok","msg":"浙江-温州","gid":"189934","time_insert":"2021-07-04 12:57"}
2024-11-29 00:13:08 查询号码 【1307465】，GSD为【"浙江-温州"】

2024-11-29 00:13:09 开始第 7467 次操作

2024-11-29 00:13:09 开始操作号码 【1307466】
2024-11-29 00:13:10 GSD getOne 第 1 次 等待 3 秒
2024-11-29 00:13:13 查询号码 【1307466】，返回信息 {"status":"ok","msg":"浙江-温州","gid":"189926","time_insert":"2021-07-04 12:57"}
2024-11-29 00:13:14 查询号码 【1307466】，GSD为【"浙江-温州"】

2024-11-29 00:13:15 开始第 7468 次操作

2024-11-29 00:13:15 开始操作号码 【1307467】
2024-11-29 00:13:16 GSD getOne 第 1 次 等待 3 秒
2024-11-29 00:13:19 查询号码 【1307467】，返回信息 {"status":"ok","msg":"浙江-温州","gid":"189922","time_insert":"2021-07-04 12:56"}
2024-11-29 00:13:19 查询号码 【1307467】，GSD为【"浙江-温州"】

