2024-02-26 00:19:32 开始第 5729 次操作

2024-02-26 00:19:32 开始操作号码 【1715631】
2024-02-26 00:19:37 GSD getOne 第 1 次 等待 3 秒
2024-02-26 00:19:40 查询号码 【1715631】，返回信息 {"status":"ok","msg":"江苏-无锡","gid":"195684","time_insert":"2021-07-05 05:44"}
2024-02-26 00:19:40 查询号码 【1715631】，GSD为【"江苏-无锡"】

2024-02-26 00:19:41 开始第 5730 次操作

2024-02-26 00:19:41 开始操作号码 【1715632】
2024-02-26 00:19:46 GSD getOne 第 1 次 等待 3 秒
2024-02-26 00:19:49 查询号码 【1715632】，返回信息 {"status":"ok","msg":"江苏-无锡","gid":"195689","time_insert":"2021-07-05 05:45"}
2024-02-26 00:19:49 查询号码 【1715632】，GSD为【"江苏-无锡"】

2024-02-26 00:19:50 开始第 5731 次操作

2024-02-26 00:19:50 开始操作号码 【1715633】
2024-02-26 00:19:56 GSD getOne 第 1 次 等待 3 秒
2024-02-26 00:19:59 查询号码 【1715633】，返回信息 {"status":"ok","msg":"江苏-无锡","gid":"195695","time_insert":"2021-07-05 05:45"}
2024-02-26 00:19:59 查询号码 【1715633】，GSD为【"江苏-无锡"】

2024-02-26 00:20:00 开始第 5732 次操作

2024-02-26 00:20:00 开始操作号码 【1715634】
2024-02-26 00:20:04 GSD getOne 第 1 次 等待 3 秒
2024-02-26 00:20:07 查询号码 【1715634】，返回信息 {"status":"ok","msg":"江苏-无锡","gid":"195702","time_insert":"2021-07-05 05:46"}
2024-02-26 00:20:07 查询号码 【1715634】，GSD为【"江苏-无锡"】

2024-02-26 00:38:45 开始第 5733 次操作

2024-02-26 00:38:45 开始操作号码 【1715635】
2024-02-26 00:38:50 GSD getOne 第 1 次 等待 3 秒
2024-02-26 00:38:53 查询号码 【1715635】，返回信息 {"status":"ok","msg":"江苏-无锡","gid":"195708","time_insert":"2021-07-05 05:46"}
2024-02-26 00:38:53 查询号码 【1715635】，GSD为【"江苏-无锡"】

2024-02-26 00:38:54 开始第 5734 次操作

2024-02-26 00:38:54 开始操作号码 【1715636】
2024-02-26 00:38:59 GSD getOne 第 1 次 等待 3 秒
2024-02-26 00:39:02 查询号码 【1715636】，返回信息 {"status":"ok","msg":"江苏-无锡","gid":"195713","time_insert":"2021-07-05 05:47"}
2024-02-26 00:39:02 查询号码 【1715636】，GSD为【"江苏-无锡"】

2024-02-26 00:39:03 开始第 5735 次操作

2024-02-26 00:39:03 开始操作号码 【1715637】
2024-02-26 00:39:07 GSD getOne 第 1 次 等待 3 秒
2024-02-26 00:39:10 查询号码 【1715637】，返回信息 {"status":"ok","msg":"江苏-无锡","gid":"195717","time_insert":"2021-07-05 05:47"}
2024-02-26 00:39:10 查询号码 【1715637】，GSD为【"江苏-无锡"】

2024-02-26 00:39:11 开始第 5736 次操作

2024-02-26 00:39:11 开始操作号码 【1715638】
2024-02-26 00:39:20 GSD getOne 第 1 次 等待 3 秒
2024-02-26 00:39:23 查询号码 【1715638】，返回信息 {"status":"ok","msg":"江苏-无锡","gid":"195727","time_insert":"2021-07-05 05:47"}
2024-02-26 00:39:23 查询号码 【1715638】，GSD为【"江苏-无锡"】

2024-02-26 01:13:34 开始第 5737 次操作

2024-02-26 01:13:34 开始操作号码 【1715639】
2024-02-26 01:13:38 GSD getOne 第 1 次 等待 3 秒
2024-02-26 01:13:41 查询号码 【1715639】，返回信息 {"status":"ok","msg":"江苏-无锡","gid":"195733","time_insert":"2021-07-05 05:48"}
2024-02-26 01:13:41 查询号码 【1715639】，GSD为【"江苏-无锡"】

2024-02-26 01:13:42 开始第 5738 次操作

2024-02-26 01:13:42 开始操作号码 【1715640】
2024-02-26 01:13:46 GSD getOne 第 1 次 等待 3 秒
2024-02-26 01:13:49 查询号码 【1715640】，返回信息 {"status":"ok","msg":"江苏-苏州","gid":"195739","time_insert":"2021-07-05 05:48"}
2024-02-26 01:13:49 查询号码 【1715640】，GSD为【"江苏-苏州"】

2024-02-26 01:13:50 开始第 5739 次操作

2024-02-26 01:13:50 开始操作号码 【1715641】
2024-02-26 01:13:54 GSD getOne 第 1 次 等待 3 秒
2024-02-26 01:13:57 查询号码 【1715641】，返回信息 {"status":"ok","msg":"江苏-苏州","gid":"195748","time_insert":"2021-07-05 05:49"}
2024-02-26 01:13:57 查询号码 【1715641】，GSD为【"江苏-苏州"】

2024-02-26 01:13:58 开始第 5740 次操作

2024-02-26 01:13:58 开始操作号码 【1715642】
2024-02-26 01:14:02 GSD getOne 第 1 次 等待 3 秒
2024-02-26 01:14:05 查询号码 【1715642】，返回信息 {"status":"ok","msg":"江苏-苏州","gid":"195754","time_insert":"2021-07-05 05:49"}
2024-02-26 01:14:05 查询号码 【1715642】，GSD为【"江苏-苏州"】

2024-02-26 01:37:27 开始第 5741 次操作

2024-02-26 01:37:27 开始操作号码 【1715643】
2024-02-26 01:37:31 GSD getOne 第 1 次 等待 3 秒
2024-02-26 01:37:34 查询号码 【1715643】，返回信息 {"status":"ok","msg":"江苏-苏州","gid":"195761","time_insert":"2021-07-05 05:49"}
2024-02-26 01:37:34 查询号码 【1715643】，GSD为【"江苏-苏州"】

2024-02-26 01:37:35 开始第 5742 次操作

2024-02-26 01:37:36 开始操作号码 【1715644】
2024-02-26 01:37:40 GSD getOne 第 1 次 等待 3 秒
2024-02-26 01:37:43 查询号码 【1715644】，返回信息 {"status":"ok","msg":"江苏-苏州","gid":"195766","time_insert":"2021-07-05 05:50"}
2024-02-26 01:37:43 查询号码 【1715644】，GSD为【"江苏-苏州"】

2024-02-26 01:37:44 开始第 5743 次操作

2024-02-26 01:37:44 开始操作号码 【1715645】
2024-02-26 01:37:50 GSD getOne 第 1 次 等待 3 秒
2024-02-26 01:37:53 查询号码 【1715645】，返回信息 {"status":"ok","msg":"江苏-苏州","gid":"195772","time_insert":"2021-07-05 05:50"}
2024-02-26 01:37:53 查询号码 【1715645】，GSD为【"江苏-苏州"】

2024-02-26 01:37:54 开始第 5744 次操作

2024-02-26 01:37:54 开始操作号码 【1715646】
2024-02-26 01:37:58 GSD getOne 第 1 次 等待 3 秒
2024-02-26 01:38:01 查询号码 【1715646】，返回信息 {"status":"ok","msg":"江苏-无锡","gid":"195781","time_insert":"2021-07-05 05:51"}
2024-02-26 01:38:01 查询号码 【1715646】，GSD为【"江苏-无锡"】

2024-02-26 02:18:45 开始第 5745 次操作

2024-02-26 02:18:45 开始操作号码 【1715647】
2024-02-26 02:18:50 GSD getOne 第 1 次 等待 3 秒
2024-02-26 02:18:53 查询号码 【1715647】，返回信息 {"status":"ok","msg":"江苏-无锡","gid":"195787","time_insert":"2021-07-05 05:51"}
2024-02-26 02:18:53 查询号码 【1715647】，GSD为【"江苏-无锡"】

2024-02-26 02:18:54 开始第 5746 次操作

2024-02-26 02:18:54 开始操作号码 【1715648】
2024-02-26 02:18:58 GSD getOne 第 1 次 等待 3 秒
2024-02-26 02:19:01 查询号码 【1715648】，返回信息 {"status":"ok","msg":"江苏-无锡","gid":"195792","time_insert":"2021-07-05 05:51"}
2024-02-26 02:19:01 查询号码 【1715648】，GSD为【"江苏-无锡"】

2024-02-26 02:19:02 开始第 5747 次操作

2024-02-26 02:19:02 开始操作号码 【1715649】
2024-02-26 02:19:07 GSD getOne 第 1 次 等待 3 秒
2024-02-26 02:19:10 查询号码 【1715649】，返回信息 {"status":"ok","msg":"江苏-无锡","gid":"195796","time_insert":"2021-07-05 05:52"}
2024-02-26 02:19:10 查询号码 【1715649】，GSD为【"江苏-无锡"】

2024-02-26 02:19:11 开始第 5748 次操作

2024-02-26 02:19:11 开始操作号码 【1715650】
2024-02-26 02:19:15 GSD getOne 第 1 次 等待 3 秒
2024-02-26 02:19:18 查询号码 【1715650】，返回信息 {"status":"ok","msg":"江苏-无锡","gid":"195803","time_insert":"2021-07-05 05:52"}
2024-02-26 02:19:18 查询号码 【1715650】，GSD为【"江苏-无锡"】

