2024-01-09 00:21:54 开始第 7657 次操作

2024-01-09 00:21:54 开始操作号码 【1827559】
2024-01-09 00:21:58 GSD getOne 第 1 次 等待 3 秒
2024-01-09 00:22:01 查询号码 【1827559】，返回信息 {"status":"ok","msg":"贵州-遵义","gid":"35953","time_insert":"2017-11-10 16:05","time_update":"2020-11-22 08:27"}
2024-01-09 00:22:01 查询号码 【1827559】，GSD为【"贵州-遵义"】

2024-01-09 00:22:02 开始第 7658 次操作

2024-01-09 00:22:02 开始操作号码 【1827560】
2024-01-09 00:22:06 GSD getOne 第 1 次 等待 3 秒
2024-01-09 00:22:09 查询号码 【1827560】，返回信息 {"status":"ok","msg":"贵州-遵义","gid":"35954","time_insert":"2017-05-22 12:58","time_update":"2020-11-22 08:31"}
2024-01-09 00:22:09 查询号码 【1827560】，GSD为【"贵州-遵义"】

2024-01-09 00:22:10 开始第 7659 次操作

2024-01-09 00:22:10 开始操作号码 【1827561】
2024-01-09 00:22:14 GSD getOne 第 1 次 等待 3 秒
2024-01-09 00:22:17 查询号码 【1827561】，返回信息 {"status":"ok","msg":"贵州-遵义","gid":"51612","time_insert":"2021-04-22 10:02"}
2024-01-09 00:22:17 查询号码 【1827561】，GSD为【"贵州-遵义"】

2024-01-09 00:22:18 开始第 7660 次操作

2024-01-09 00:22:18 开始操作号码 【1827562】
2024-01-09 00:22:21 GSD getOne 第 1 次 等待 3 秒
2024-01-09 00:22:24 查询号码 【1827562】，返回信息 {"status":"ok","msg":"贵州-遵义","gid":"35955","time_insert":"2017-06-11 17:27","time_update":"2020-11-22 08:35"}
2024-01-09 00:22:24 查询号码 【1827562】，GSD为【"贵州-遵义"】

