2024-10-29 00:13:00 开始第 2013 次操作

2024-10-29 00:13:00 开始操作号码 【1302012】
2024-10-29 00:13:02 GSD getOne 第 1 次 等待 3 秒
2024-10-29 00:13:05 查询号码 【1302012】，返回信息 {"status":"ok","msg":"上海-上海","gid":"48722","time_insert":"2021-04-06 08:33"}
2024-10-29 00:13:05 查询号码 【1302012】，GSD为【"上海-上海"】

2024-10-29 00:13:06 开始第 2014 次操作

2024-10-29 00:13:06 开始操作号码 【1302013】
2024-10-29 00:13:07 GSD getOne 第 1 次 等待 3 秒
2024-10-29 00:13:10 查询号码 【1302013】，返回信息 {"status":"ok","msg":"上海-上海","gid":"48723","time_insert":"2021-04-06 09:10"}
2024-10-29 00:13:10 查询号码 【1302013】，GSD为【"上海-上海"】

2024-10-29 00:13:11 开始第 2015 次操作

2024-10-29 00:13:11 开始操作号码 【1302014】
2024-10-29 00:13:12 GSD getOne 第 1 次 等待 3 秒
2024-10-29 00:13:15 查询号码 【1302014】，返回信息 {"status":"ok","msg":"上海-上海","gid":"48724","time_insert":"2021-04-06 09:47"}
2024-10-29 00:13:15 查询号码 【1302014】，GSD为【"上海-上海"】

2024-10-29 00:13:16 开始第 2016 次操作

2024-10-29 00:13:16 开始操作号码 【1302015】
2024-10-29 00:13:17 GSD getOne 第 1 次 等待 3 秒
2024-10-29 00:13:20 查询号码 【1302015】，返回信息 {"status":"ok","msg":"上海-上海","gid":"48725","time_insert":"2021-04-06 10:22"}
2024-10-29 00:13:20 查询号码 【1302015】，GSD为【"上海-上海"】

2024-10-29 00:43:47 开始第 2017 次操作

2024-10-29 00:43:47 开始操作号码 【1302016】
2024-10-29 00:43:48 GSD getOne 第 1 次 等待 3 秒
2024-10-29 00:43:51 查询号码 【1302016】，返回信息 {"status":"ok","msg":"上海-上海","gid":"48726","time_insert":"2021-04-06 10:59"}
2024-10-29 00:43:51 查询号码 【1302016】，GSD为【"上海-上海"】

2024-10-29 00:43:52 开始第 2018 次操作

2024-10-29 00:43:52 开始操作号码 【1302017】
2024-10-29 00:43:53 GSD getOne 第 1 次 等待 3 秒
2024-10-29 00:43:56 查询号码 【1302017】，返回信息 {"status":"ok","msg":"上海-上海","gid":"48727","time_insert":"2021-04-06 11:38","time_update":"2021-05-01 14:28"}
2024-10-29 00:43:56 查询号码 【1302017】，GSD为【"上海-上海"】

2024-10-29 00:43:57 开始第 2019 次操作

2024-10-29 00:43:57 开始操作号码 【1302018】
2024-10-29 00:43:58 GSD getOne 第 1 次 等待 3 秒
2024-10-29 00:44:01 查询号码 【1302018】，返回信息 {"status":"ok","msg":"上海-上海","gid":"48728","time_insert":"2021-04-06 12:18"}
2024-10-29 00:44:01 查询号码 【1302018】，GSD为【"上海-上海"】

2024-10-29 00:44:02 开始第 2020 次操作

2024-10-29 00:44:02 开始操作号码 【1302019】
2024-10-29 00:44:03 GSD getOne 第 1 次 等待 3 秒
2024-10-29 00:44:06 查询号码 【1302019】，返回信息 {"status":"ok","msg":"上海-上海","gid":"48729","time_insert":"2021-04-06 12:55"}
2024-10-29 00:44:06 查询号码 【1302019】，GSD为【"上海-上海"】

