2023-10-20 00:21:19 开始第 3973 次操作

2023-10-20 00:21:19 开始操作号码 【1923883】
2023-10-20 00:21:24 GSD getOne 第 1 次 等待 3 秒
2023-10-20 00:21:27 查询号码 【1923883】，返回信息 {"status":"ok","msg":"云南-临沧","gid":"629889","time_insert":"2023-04-02 13:15","time_update":"2023-07-06 04:06"}
2023-10-20 00:21:27 查询号码 【1923883】，GSD为【"云南-临沧"】

2023-10-20 00:21:28 开始第 3974 次操作

2023-10-20 00:21:28 开始操作号码 【1923884】
2023-10-20 00:21:40 GSD getOne 第 1 次 等待 3 秒
2023-10-20 00:21:43 查询号码 【1923884】，返回信息 {"status":"ok","msg":"云南-昆明","gid":"629885","time_insert":"2023-04-02 13:13","time_update":"2023-07-06 04:30"}
2023-10-20 00:21:43 查询号码 【1923884】，GSD为【"云南-昆明"】

2023-10-20 00:21:44 开始第 3975 次操作

2023-10-20 00:21:44 开始操作号码 【1923885】
2023-10-20 00:21:52 GSD getOne 第 1 次 等待 3 秒
2023-10-20 00:21:55 查询号码 【1923885】，返回信息 {"status":"ok","msg":"云南-玉溪","gid":"629874","time_insert":"2023-04-02 13:04","time_update":"2023-07-06 05:01"}
2023-10-20 00:21:55 查询号码 【1923885】，GSD为【"云南-玉溪"】

2023-10-20 00:21:56 开始第 3976 次操作

2023-10-20 00:21:56 开始操作号码 【1923886】
2023-10-20 00:22:01 GSD getOne 第 1 次 等待 3 秒
2023-10-20 00:22:04 查询号码 【1923886】，返回信息 {"status":"ok","msg":"云南-怒江","gid":"629872","time_insert":"2023-04-02 13:02","time_update":"2023-07-06 05:28"}
2023-10-20 00:22:04 查询号码 【1923886】，GSD为【"云南-怒江"】

