2024-07-18 00:23:31 开始第 6517 次操作

2024-07-18 00:23:31 开始操作号码 【1496406】
2024-07-18 00:23:40 GSD getOne 第 1 次 等待 3 秒
2024-07-18 00:23:43 查询号码 【1496406】，返回信息 {"status":"ok","msg":"-","gid":"328935","time_insert":"2021-07-19 18:59"}
2024-07-18 00:23:43 查询号码 【1496406】，GSD为【"-"】
2024-07-18 00:23:43 ok && -
2024-07-18 00:23:45 CHB 1496406?1721233423 第 1 次 等待 3 秒
2024-07-18 00:23:48 CHB 1496406?1721233423 第 1 次 获取到号码【1496406】GSD
2024-07-18 00:23:48 未获取到号码【1496406】GSD，可能号码格式错误
2024-07-18 00:23:48 获取到号码【1496406】的GSD为【-】
2024-07-18 00:23:57 GSD insert 第 1 次 等待 3 秒
2024-07-18 00:24:00 {"status":"bad","gid":"328935","msg":"添加失败！号码【1496406(-|-)】已存在！"}
2024-07-18 00:24:00 随机等待 101 秒，约 1 分钟
2024-07-18 00:24:00 下次操作: 2024-07-18 00:25:41

2024-07-18 00:25:41 开始第 6518 次操作

2024-07-18 00:25:41 开始操作号码 【1496407】
2024-07-18 00:25:49 GSD getOne 第 1 次 等待 3 秒
2024-07-18 00:25:52 查询号码 【1496407】，返回信息 {"status":"ok","msg":"-","gid":"328943","time_insert":"2021-07-19 19:00"}
2024-07-18 00:25:53 查询号码 【1496407】，GSD为【"-"】
2024-07-18 00:25:53 ok && -
2024-07-18 00:25:55 CHB 1496407?1721233553 第 1 次 等待 3 秒
2024-07-18 00:25:58 CHB 1496407?1721233553 第 1 次 获取到号码【1496407】GSD
2024-07-18 00:25:58 未获取到号码【1496407】GSD，可能号码格式错误
2024-07-18 00:25:58 获取到号码【1496407】的GSD为【-】
2024-07-18 00:26:06 GSD insert 第 1 次 等待 3 秒
2024-07-18 00:26:09 {"status":"bad","gid":"328943","msg":"添加失败！号码【1496407(-|-)】已存在！"}
2024-07-18 00:26:09 随机等待 144 秒，约 2 分钟
2024-07-18 00:26:09 下次操作: 2024-07-18 00:28:33

2024-07-18 00:28:33 开始第 6519 次操作

2024-07-18 00:28:33 开始操作号码 【1496408】
2024-07-18 00:28:41 GSD getOne 第 1 次 等待 3 秒
2024-07-18 00:28:44 查询号码 【1496408】，返回信息 {"status":"ok","msg":"-","gid":"328953","time_insert":"2021-07-19 19:01"}
2024-07-18 00:28:44 查询号码 【1496408】，GSD为【"-"】
2024-07-18 00:28:44 ok && -
2024-07-18 00:28:46 CHB 1496408?1721233724 第 1 次 等待 3 秒
2024-07-18 00:28:49 CHB 1496408?1721233724 第 1 次 获取到号码【1496408】GSD
2024-07-18 00:28:49 未获取到号码【1496408】GSD，可能号码格式错误
2024-07-18 00:28:49 获取到号码【1496408】的GSD为【-】
2024-07-18 00:28:57 GSD insert 第 1 次 等待 3 秒
2024-07-18 00:29:00 {"status":"bad","gid":"328953","msg":"添加失败！号码【1496408(-|-)】已存在！"}
2024-07-18 00:29:00 随机等待 89 秒，约 1 分钟
2024-07-18 00:29:00 下次操作: 2024-07-18 00:30:29

2024-07-18 00:30:29 开始第 6520 次操作

2024-07-18 00:30:29 开始操作号码 【1496409】
2024-07-18 00:30:37 GSD getOne 第 1 次 等待 3 秒
2024-07-18 00:30:40 查询号码 【1496409】，返回信息 {"status":"ok","msg":"-","gid":"328960","time_insert":"2021-07-19 19:01"}
2024-07-18 00:30:40 查询号码 【1496409】，GSD为【"-"】
2024-07-18 00:30:40 ok && -
2024-07-18 00:30:42 CHB 1496409?1721233840 第 1 次 等待 3 秒
2024-07-18 00:30:45 CHB 1496409?1721233840 第 1 次 获取到号码【1496409】GSD
2024-07-18 00:30:45 未获取到号码【1496409】GSD，可能号码格式错误
2024-07-18 00:30:45 获取到号码【1496409】的GSD为【-】
2024-07-18 00:30:53 GSD insert 第 1 次 等待 3 秒
2024-07-18 00:30:56 {"status":"bad","gid":"328960","msg":"添加失败！号码【1496409(-|-)】已存在！"}

2024-07-18 00:42:44 开始第 6521 次操作

2024-07-18 00:42:44 开始操作号码 【1496410】
2024-07-18 00:42:52 GSD getOne 第 1 次 等待 3 秒
2024-07-18 00:42:55 查询号码 【1496410】，返回信息 {"status":"ok","msg":"-","gid":"328964","time_insert":"2021-07-19 19:02"}
2024-07-18 00:42:55 查询号码 【1496410】，GSD为【"-"】
2024-07-18 00:42:55 ok && -
2024-07-18 00:42:57 CHB 1496410?1721234575 第 1 次 等待 3 秒
2024-07-18 00:43:00 CHB 1496410?1721234575 第 1 次 获取到号码【1496410】GSD
2024-07-18 00:43:00 未获取到号码【1496410】GSD，可能号码格式错误
2024-07-18 00:43:00 获取到号码【1496410】的GSD为【-】
2024-07-18 00:43:08 GSD insert 第 1 次 等待 3 秒
2024-07-18 00:43:11 {"status":"bad","gid":"328964","msg":"添加失败！号码【1496410(-|-)】已存在！"}
2024-07-18 00:43:11 随机等待 197 秒，约 3 分钟
2024-07-18 00:43:11 下次操作: 2024-07-18 00:46:28

2024-07-18 00:46:28 开始第 6522 次操作

2024-07-18 00:46:29 开始操作号码 【1496411】
2024-07-18 00:46:36 GSD getOne 第 1 次 等待 3 秒
2024-07-18 00:46:39 查询号码 【1496411】，返回信息 {"status":"ok","msg":"-","gid":"328975","time_insert":"2021-07-19 19:02"}
2024-07-18 00:46:39 查询号码 【1496411】，GSD为【"-"】
2024-07-18 00:46:39 ok && -
2024-07-18 00:46:41 CHB 1496411?1721234799 第 1 次 等待 3 秒
2024-07-18 00:46:44 CHB 1496411?1721234799 第 1 次 获取到号码【1496411】GSD
2024-07-18 00:46:44 未获取到号码【1496411】GSD，可能号码格式错误
2024-07-18 00:46:44 获取到号码【1496411】的GSD为【-】
2024-07-18 00:46:52 GSD insert 第 1 次 等待 3 秒
2024-07-18 00:46:55 {"status":"bad","gid":"328975","msg":"添加失败！号码【1496411(-|-)】已存在！"}
2024-07-18 00:46:55 随机等待 110 秒，约 1 分钟
2024-07-18 00:46:55 下次操作: 2024-07-18 00:48:45

2024-07-18 00:48:45 开始第 6523 次操作

2024-07-18 00:48:45 开始操作号码 【1496412】
2024-07-18 00:48:53 GSD getOne 第 1 次 等待 3 秒
2024-07-18 00:48:56 查询号码 【1496412】，返回信息 {"status":"ok","msg":"-","gid":"328987","time_insert":"2021-07-19 19:03"}
2024-07-18 00:48:56 查询号码 【1496412】，GSD为【"-"】
2024-07-18 00:48:56 ok && -
2024-07-18 00:48:58 CHB 1496412?1721234936 第 1 次 等待 3 秒
2024-07-18 00:49:01 CHB 1496412?1721234936 第 1 次 获取到号码【1496412】GSD
2024-07-18 00:49:01 未获取到号码【1496412】GSD，可能号码格式错误
2024-07-18 00:49:01 获取到号码【1496412】的GSD为【-】
2024-07-18 00:49:09 GSD insert 第 1 次 等待 3 秒
2024-07-18 00:49:12 {"status":"bad","gid":"328987","msg":"添加失败！号码【1496412(-|-)】已存在！"}
2024-07-18 00:49:12 随机等待 129 秒，约 2 分钟
2024-07-18 00:49:12 下次操作: 2024-07-18 00:51:21

2024-07-18 00:51:21 开始第 6524 次操作

2024-07-18 00:51:21 开始操作号码 【1496413】
2024-07-18 00:51:29 GSD getOne 第 1 次 等待 3 秒
2024-07-18 00:51:32 查询号码 【1496413】，返回信息 {"status":"ok","msg":"-","gid":"328996","time_insert":"2021-07-19 19:04"}
2024-07-18 00:51:32 查询号码 【1496413】，GSD为【"-"】
2024-07-18 00:51:32 ok && -
2024-07-18 00:51:33 CHB 1496413?1721235092 第 1 次 等待 3 秒
2024-07-18 00:51:36 CHB 1496413?1721235092 第 1 次 获取到号码【1496413】GSD
2024-07-18 00:51:36 未获取到号码【1496413】GSD，可能号码格式错误
2024-07-18 00:51:36 获取到号码【1496413】的GSD为【-】
2024-07-18 00:51:44 GSD insert 第 1 次 等待 3 秒
2024-07-18 00:51:47 {"status":"bad","gid":"328996","msg":"添加失败！号码【1496413(-|-)】已存在！"}

