2024-09-30 00:17:08 开始第 7377 次操作

2024-09-30 00:17:08 开始操作号码 【1387376】
2024-09-30 00:17:18 GSD getOne 第 1 次 等待 3 秒
2024-09-30 00:17:21 查询号码 【1387376】，返回信息 {"status":"ok","msg":"湖南-益阳","gid":"355543","time_insert":"2021-07-22 13:25","time_update":"2021-07-22 14:03"}
2024-09-30 00:17:21 查询号码 【1387376】，GSD为【"湖南-益阳"】

2024-09-30 00:17:22 开始第 7378 次操作

2024-09-30 00:17:22 开始操作号码 【1387377】
2024-09-30 00:17:28 GSD getOne 第 1 次 等待 3 秒
2024-09-30 00:17:31 查询号码 【1387377】，返回信息 {"status":"ok","msg":"湖南-益阳","gid":"355533","time_insert":"2021-07-22 13:23","time_update":"2021-07-22 14:02"}
2024-09-30 00:17:31 查询号码 【1387377】，GSD为【"湖南-益阳"】

2024-09-30 00:17:32 开始第 7379 次操作

2024-09-30 00:17:32 开始操作号码 【1387378】
2024-09-30 00:17:34 GSD getOne 第 1 次 等待 3 秒
2024-09-30 00:17:37 查询号码 【1387378】，返回信息 {"status":"ok","msg":"湖南-益阳","gid":"355522","time_insert":"2021-07-22 13:22","time_update":"2021-07-22 14:02"}
2024-09-30 00:17:37 查询号码 【1387378】，GSD为【"湖南-益阳"】

2024-09-30 00:17:38 开始第 7380 次操作

2024-09-30 00:17:38 开始操作号码 【1387379】
2024-09-30 00:17:40 GSD getOne 第 1 次 等待 3 秒
2024-09-30 00:17:43 查询号码 【1387379】，返回信息 {"status":"ok","msg":"湖南-益阳","gid":"355512","time_insert":"2021-07-22 13:21","time_update":"2021-07-22 14:01"}
2024-09-30 00:17:43 查询号码 【1387379】，GSD为【"湖南-益阳"】

