2024-06-20 00:22:17 开始第 1613 次操作

2024-06-20 00:22:17 开始操作号码 【1491507】
2024-06-20 00:22:25 GSD getOne 第 1 次 等待 3 秒
2024-06-20 00:22:28 查询号码 【1491507】，返回信息 {"status":"ok","msg":"江苏-南京","gid":"270107","time_insert":"2021-07-14 01:43"}
2024-06-20 00:22:28 查询号码 【1491507】，GSD为【"江苏-南京"】

2024-06-20 00:22:29 开始第 1614 次操作

2024-06-20 00:22:29 开始操作号码 【1491508】
2024-06-20 00:22:38 GSD getOne 第 1 次 等待 3 秒
2024-06-20 00:22:41 查询号码 【1491508】，返回信息 {"status":"ok","msg":"江苏-南京","gid":"270111","time_insert":"2021-07-14 01:44"}
2024-06-20 00:22:41 查询号码 【1491508】，GSD为【"江苏-南京"】

2024-06-20 00:22:42 开始第 1615 次操作

2024-06-20 00:22:42 开始操作号码 【1491509】
2024-06-20 00:22:53 GSD getOne 第 1 次 等待 3 秒
2024-06-20 00:22:56 查询号码 【1491509】，返回信息 {"status":"ok","msg":"江苏-南京","gid":"270115","time_insert":"2021-07-14 01:44"}
2024-06-20 00:22:56 查询号码 【1491509】，GSD为【"江苏-南京"】

2024-06-20 00:22:57 开始第 1616 次操作

2024-06-20 00:22:57 开始操作号码 【1491510】
2024-06-20 00:23:05 GSD getOne 第 1 次 等待 3 秒
2024-06-20 00:23:08 查询号码 【1491510】，返回信息 {"status":"ok","msg":"江苏-南京","gid":"270119","time_insert":"2021-07-14 01:45"}
2024-06-20 00:23:08 查询号码 【1491510】，GSD为【"江苏-南京"】

2024-06-20 00:41:22 开始第 1617 次操作

2024-06-20 00:41:22 开始操作号码 【1491511】
2024-06-20 00:41:36 GSD getOne 第 1 次 等待 3 秒
2024-06-20 00:41:39 查询号码 【1491511】，返回信息 {"status":"ok","msg":"江苏-南京","gid":"270129","time_insert":"2021-07-14 01:45"}
2024-06-20 00:41:39 查询号码 【1491511】，GSD为【"江苏-南京"】

2024-06-20 00:41:40 开始第 1618 次操作

2024-06-20 00:41:40 开始操作号码 【1491512】
2024-06-20 00:41:51 GSD getOne 第 1 次 等待 3 秒
2024-06-20 00:41:54 查询号码 【1491512】，返回信息 {"status":"ok","msg":"江苏-南京","gid":"270136","time_insert":"2021-07-14 01:46"}
2024-06-20 00:41:54 查询号码 【1491512】，GSD为【"江苏-南京"】

2024-06-20 00:41:55 开始第 1619 次操作

2024-06-20 00:41:55 开始操作号码 【1491513】
2024-06-20 00:42:09 GSD getOne 第 1 次 等待 3 秒
2024-06-20 00:42:12 查询号码 【1491513】，返回信息 {"status":"ok","msg":"江苏-南京","gid":"270143","time_insert":"2021-07-14 01:46"}
2024-06-20 00:42:12 查询号码 【1491513】，GSD为【"江苏-南京"】

2024-06-20 00:42:13 开始第 1620 次操作

2024-06-20 00:42:13 开始操作号码 【1491514】
2024-06-20 00:42:32 GSD getOne 第 1 次 等待 3 秒
2024-06-20 00:42:35 查询号码 【1491514】，返回信息 {"status":"ok","msg":"江苏-南京","gid":"270149","time_insert":"2021-07-14 01:46"}
2024-06-20 00:42:35 查询号码 【1491514】，GSD为【"江苏-南京"】

