2021-07-19 00:00:40 开始第 17 次操作

2021-07-19 00:00:40 开始操作号码 【1658694】
2021-07-19 00:00:47 GSD getOne 第 1 次 等待 3 秒
2021-07-19 00:00:50 查询号码 【1658694】，返回信息 {"status":"bad","msg":""}
2021-07-19 00:00:50 查询号码 【1658694】，GSD为【""】
2021-07-19 00:00:50 bad
2021-07-19 00:00:52 CHB 1658694?1626624050 第 1 次 等待 3 秒
2021-07-19 00:00:55 CHB 1658694?1626624050 第 1 次 获取到号码【1658694】GSD
2021-07-19 00:00:55 未获取到号码【1658694】GSD，可能号码格式错误
2021-07-19 00:00:55 获取到号码【1658694】的GSD为【-】
2021-07-19 00:01:17 GSD insert 第 1 次 等待 3 秒
2021-07-19 00:01:20 {"status":"ok","gid":320478,"msg":"添加成功！"}
2021-07-19 00:01:20 下次操作: 2021-07-19 00:01:36

2021-07-19 00:01:36 开始第 18 次操作

2021-07-19 00:01:36 开始操作号码 【1658695】
2021-07-19 00:01:49 GSD getOne 第 1 次 等待 3 秒
2021-07-19 00:01:52 查询号码 【1658695】，返回信息 {"status":"bad","msg":""}
2021-07-19 00:01:52 查询号码 【1658695】，GSD为【""】
2021-07-19 00:01:52 bad
2021-07-19 00:01:54 CHB 1658695?1626624112 第 1 次 等待 3 秒
2021-07-19 00:01:57 CHB 1658695?1626624112 第 1 次 获取到号码【1658695】GSD
2021-07-19 00:01:57 未获取到号码【1658695】GSD，可能号码格式错误
2021-07-19 00:01:57 获取到号码【1658695】的GSD为【-】
2021-07-19 00:02:02 GSD insert 第 1 次 等待 3 秒
2021-07-19 00:02:05 {"status":"ok","gid":320485,"msg":"添加成功！"}
2021-07-19 00:02:05 下次操作: 2021-07-19 00:02:27

2021-07-19 00:02:27 开始第 19 次操作

2021-07-19 00:02:27 开始操作号码 【1658696】
2021-07-19 00:03:02 GSD getOne 第 1 次 等待 3 秒
2021-07-19 00:03:05 查询号码 【1658696】，返回信息 {"status":"bad","msg":""}
2021-07-19 00:03:05 查询号码 【1658696】，GSD为【""】
2021-07-19 00:03:05 bad
2021-07-19 00:03:06 CHB 1658696?1626624185 第 1 次 等待 3 秒
2021-07-19 00:03:09 CHB 1658696?1626624185 第 1 次 获取到号码【1658696】GSD
2021-07-19 00:03:09 未获取到号码【1658696】GSD，可能号码格式错误
2021-07-19 00:03:09 获取到号码【1658696】的GSD为【-】
2021-07-19 00:03:12 GSD insert 第 1 次 等待 3 秒
2021-07-19 00:03:15 {"status":"ok","gid":320494,"msg":"添加成功！"}
2021-07-19 00:03:15 下次操作: 2021-07-19 00:03:27

2021-07-19 00:03:27 开始第 20 次操作

2021-07-19 00:03:27 开始操作号码 【1658697】
2021-07-19 00:03:36 GSD getOne 第 1 次 等待 3 秒
2021-07-19 00:03:39 查询号码 【1658697】，返回信息 {"status":"bad","msg":""}
2021-07-19 00:03:39 查询号码 【1658697】，GSD为【""】
2021-07-19 00:03:39 bad
2021-07-19 00:03:41 CHB 1658697?1626624219 第 1 次 等待 3 秒
2021-07-19 00:03:44 CHB 1658697?1626624219 第 1 次 获取到号码【1658697】GSD
2021-07-19 00:03:44 未获取到号码【1658697】GSD，可能号码格式错误
2021-07-19 00:03:44 获取到号码【1658697】的GSD为【-】
2021-07-19 00:03:47 GSD insert 第 1 次 等待 3 秒
2021-07-19 00:03:50 {"status":"ok","gid":320504,"msg":"添加成功！"}
2021-07-19 00:03:50 下次操作: 2021-07-19 00:04:12

2021-07-19 00:04:12 开始第 21 次操作

2021-07-19 00:04:12 开始操作号码 【1658698】
2021-07-19 00:05:22 GSD getOne 第 1 次 等待 3 秒
2021-07-19 00:05:25 查询号码 【1658698】，返回信息 {"status":"bad","msg":""}
2021-07-19 00:05:25 查询号码 【1658698】，GSD为【""】
2021-07-19 00:05:25 bad
2021-07-19 00:05:27 CHB 1658698?1626624325 第 1 次 等待 3 秒
2021-07-19 00:05:30 CHB 1658698?1626624325 第 1 次 获取到号码【1658698】GSD
2021-07-19 00:05:30 未获取到号码【1658698】GSD，可能号码格式错误
2021-07-19 00:05:30 获取到号码【1658698】的GSD为【-】
2021-07-19 00:05:38 GSD insert 第 1 次 等待 3 秒
2021-07-19 00:05:41 {"status":"ok","gid":320522,"msg":"添加成功！"}
2021-07-19 00:05:41 下次操作: 2021-07-19 00:05:59

2021-07-19 00:05:59 开始第 22 次操作

2021-07-19 00:05:59 开始操作号码 【1658699】
2021-07-19 00:06:45 GSD getOne 第 1 次 等待 3 秒
2021-07-19 00:06:48 查询号码 【1658699】，返回信息 {"status":"bad","msg":""}
2021-07-19 00:06:48 查询号码 【1658699】，GSD为【""】
2021-07-19 00:06:48 bad
2021-07-19 00:06:49 CHB 1658699?1626624408 第 1 次 等待 3 秒
2021-07-19 00:06:52 CHB 1658699?1626624408 第 1 次 获取到号码【1658699】GSD
2021-07-19 00:06:52 未获取到号码【1658699】GSD，查号吧 400 错误
2021-07-19 00:06:52 获取到号码【1658699】的GSD为【-】
2021-07-19 00:06:55 GSD insert 第 1 次 等待 3 秒
2021-07-19 00:06:58 {"status":"ok","gid":320531,"msg":"添加成功！"}
2021-07-19 00:06:58 下次操作: 2021-07-19 00:07:20

2021-07-19 00:07:20 开始第 23 次操作

2021-07-19 00:07:20 开始操作号码 【1658700】
2021-07-19 00:07:24 GSD getOne 第 1 次 等待 3 秒
2021-07-19 00:07:27 查询号码 【1658700】，返回信息 {"status":"bad","msg":""}
2021-07-19 00:07:27 查询号码 【1658700】，GSD为【""】
2021-07-19 00:07:27 bad
2021-07-19 00:07:28 CHB 1658700?1626624447 第 1 次 等待 3 秒
2021-07-19 00:07:31 CHB 1658700?1626624447 第 1 次 获取到号码【1658700】GSD
2021-07-19 00:07:31 未获取到号码【1658700】GSD，可能号码格式错误
2021-07-19 00:07:31 获取到号码【1658700】的GSD为【-】
2021-07-19 00:07:43 GSD insert 第 1 次 等待 3 秒
2021-07-19 00:07:46 {"status":"ok","gid":320541,"msg":"添加成功！"}
2021-07-19 00:07:46 下次操作: 2021-07-19 00:08:08

2021-07-19 00:08:08 开始第 24 次操作

2021-07-19 00:08:08 开始操作号码 【1658701】
2021-07-19 00:08:43 GSD getOne 第 1 次 等待 3 秒
2021-07-19 00:08:46 查询号码 【1658701】，返回信息 {"status":"bad","msg":""}
2021-07-19 00:08:46 查询号码 【1658701】，GSD为【""】
2021-07-19 00:08:46 bad
2021-07-19 00:08:47 CHB 1658701?1626624526 第 1 次 等待 3 秒
2021-07-19 00:08:50 CHB 1658701?1626624526 第 1 次 获取到号码【1658701】GSD
2021-07-19 00:08:50 未获取到号码【1658701】GSD，可能号码格式错误
2021-07-19 00:08:50 获取到号码【1658701】的GSD为【-】
2021-07-19 00:09:04 GSD insert 第 1 次 等待 3 秒
2021-07-19 00:09:07 {"status":"ok","gid":320556,"msg":"添加成功！"}
2021-07-19 00:09:07 下次操作: 2021-07-19 00:09:25

2021-07-19 00:09:25 开始第 25 次操作

2021-07-19 00:09:25 开始操作号码 【1658702】
2021-07-19 00:09:27 GSD getOne 第 1 次 等待 3 秒
2021-07-19 00:09:30 查询号码 【1658702】，返回信息 {"status":"bad","msg":""}
2021-07-19 00:09:30 查询号码 【1658702】，GSD为【""】
2021-07-19 00:09:30 bad
2021-07-19 00:09:32 CHB 1658702?1626624570 第 1 次 等待 3 秒
2021-07-19 00:09:35 CHB 1658702?1626624570 第 1 次 获取到号码【1658702】GSD
2021-07-19 00:09:35 未获取到号码【1658702】GSD，可能号码格式错误
2021-07-19 00:09:35 获取到号码【1658702】的GSD为【-】
2021-07-19 00:09:38 GSD insert 第 1 次 等待 3 秒
2021-07-19 00:09:41 {"status":"ok","gid":320563,"msg":"添加成功！"}
2021-07-19 00:09:41 下次操作: 2021-07-19 00:09:58

2021-07-19 00:09:59 开始第 26 次操作

2021-07-19 00:09:59 开始操作号码 【1658703】
2021-07-19 00:10:17 GSD getOne 第 1 次 等待 3 秒
2021-07-19 00:10:20 查询号码 【1658703】，返回信息 {"status":"bad","msg":""}
2021-07-19 00:10:20 查询号码 【1658703】，GSD为【""】
2021-07-19 00:10:20 bad
2021-07-19 00:10:22 CHB 1658703?1626624620 第 1 次 等待 3 秒
2021-07-19 00:10:25 CHB 1658703?1626624620 第 1 次 获取到号码【1658703】GSD
2021-07-19 00:10:25 未获取到号码【1658703】GSD，可能号码格式错误
2021-07-19 00:10:25 获取到号码【1658703】的GSD为【-】
2021-07-19 00:10:29 GSD insert 第 1 次 等待 3 秒
2021-07-19 00:10:32 {"status":"ok","gid":320575,"msg":"添加成功！"}
2021-07-19 00:10:32 下次操作: 2021-07-19 00:10:44

2021-07-19 00:10:44 开始第 27 次操作

2021-07-19 00:10:44 开始操作号码 【1658704】
2021-07-19 00:11:54 GSD getOne 第 1 次 等待 3 秒
2021-07-19 00:11:57 查询号码 【1658704】，返回信息 {"status":"bad","msg":""}
2021-07-19 00:11:57 查询号码 【1658704】，GSD为【""】
2021-07-19 00:11:57 bad
2021-07-19 00:11:59 CHB 1658704?1626624717 第 1 次 等待 3 秒
2021-07-19 00:12:02 CHB 1658704?1626624717 第 1 次 获取到号码【1658704】GSD
2021-07-19 00:12:02 未获取到号码【1658704】GSD，可能号码格式错误
2021-07-19 00:12:02 获取到号码【1658704】的GSD为【-】
2021-07-19 00:12:16 GSD insert 第 1 次 等待 3 秒
2021-07-19 00:12:19 {"status":"ok","gid":320594,"msg":"添加成功！"}
2021-07-19 00:12:19 下次操作: 2021-07-19 00:12:40

2021-07-19 00:12:40 开始第 28 次操作

2021-07-19 00:12:40 开始操作号码 【1658705】
2021-07-19 00:12:43 GSD getOne 第 1 次 等待 3 秒
2021-07-19 00:12:46 查询号码 【1658705】，返回信息 {"status":"bad","msg":""}
2021-07-19 00:12:46 查询号码 【1658705】，GSD为【""】
2021-07-19 00:12:46 bad
2021-07-19 00:12:47 CHB 1658705?1626624766 第 1 次 等待 3 秒
2021-07-19 00:12:50 CHB 1658705?1626624766 第 1 次 获取到号码【1658705】GSD
2021-07-19 00:12:51 未获取到号码【1658705】GSD，可能号码格式错误
2021-07-19 00:12:51 获取到号码【1658705】的GSD为【-】
2021-07-19 00:13:25 GSD insert 第 1 次 等待 3 秒
2021-07-19 00:13:28 {"status":"ok","gid":320605,"msg":"添加成功！"}
2021-07-19 00:13:28 下次操作: 2021-07-19 00:13:48

2021-07-19 00:13:48 开始第 29 次操作

2021-07-19 00:13:48 开始操作号码 【1658706】
2021-07-19 00:14:38 GSD getOne 第 1 次 等待 3 秒
2021-07-19 00:14:41 查询号码 【1658706】，返回信息 {"status":"bad","msg":""}
2021-07-19 00:14:41 查询号码 【1658706】，GSD为【""】
2021-07-19 00:14:41 bad
2021-07-19 00:14:47 CHB 1658706?1626624881 第 1 次 等待 3 秒
2021-07-19 00:14:50 CHB 1658706?1626624881 第 1 次 获取到号码【1658706】GSD
2021-07-19 00:14:50 未获取到号码【1658706】GSD，可能号码格式错误
2021-07-19 00:14:50 获取到号码【1658706】的GSD为【-】
2021-07-19 00:14:53 GSD insert 第 1 次 等待 3 秒
2021-07-19 00:14:56 {"status":"ok","gid":320619,"msg":"添加成功！"}
2021-07-19 00:14:56 下次操作: 2021-07-19 00:15:15

2021-07-19 00:15:15 开始第 30 次操作

2021-07-19 00:15:15 开始操作号码 【1658707】
2021-07-19 00:15:23 GSD getOne 第 1 次 等待 3 秒
2021-07-19 00:15:26 查询号码 【1658707】，返回信息 {"status":"bad","msg":""}
2021-07-19 00:15:26 查询号码 【1658707】，GSD为【""】
2021-07-19 00:15:26 bad
2021-07-19 00:15:28 CHB 1658707?1626624926 第 1 次 等待 3 秒
2021-07-19 00:15:31 CHB 1658707?1626624926 第 1 次 获取到号码【1658707】GSD
2021-07-19 00:15:31 未获取到号码【1658707】GSD，可能号码格式错误
2021-07-19 00:15:31 获取到号码【1658707】的GSD为【-】
2021-07-19 00:15:37 GSD insert 第 1 次 等待 3 秒
2021-07-19 00:15:40 {"status":"ok","gid":320625,"msg":"添加成功！"}
2021-07-19 00:15:40 下次操作: 2021-07-19 00:16:02

2021-07-19 00:16:02 开始第 31 次操作

2021-07-19 00:16:02 开始操作号码 【1658708】
2021-07-19 00:16:04 GSD getOne 第 1 次 等待 3 秒
2021-07-19 00:16:07 查询号码 【1658708】，返回信息 {"status":"bad","msg":""}
2021-07-19 00:16:08 查询号码 【1658708】，GSD为【""】
2021-07-19 00:16:08 bad
2021-07-19 00:16:09 CHB 1658708?1626624968 第 1 次 等待 3 秒
2021-07-19 00:16:12 CHB 1658708?1626624968 第 1 次 获取到号码【1658708】GSD
2021-07-19 00:16:12 未获取到号码【1658708】GSD，可能号码格式错误
2021-07-19 00:16:12 获取到号码【1658708】的GSD为【-】
2021-07-19 00:16:18 GSD insert 第 1 次 等待 3 秒
2021-07-19 00:16:21 {"status":"ok","gid":320629,"msg":"添加成功！"}
2021-07-19 00:16:21 下次操作: 2021-07-19 00:16:43

2021-07-19 00:16:43 开始第 32 次操作

2021-07-19 00:16:43 开始操作号码 【1658709】
2021-07-19 00:16:45 GSD getOne 第 1 次 等待 3 秒
2021-07-19 00:16:48 查询号码 【1658709】，返回信息 {"status":"bad","msg":""}
2021-07-19 00:16:48 查询号码 【1658709】，GSD为【""】
2021-07-19 00:16:48 bad
2021-07-19 00:16:50 CHB 1658709?1626625008 第 1 次 等待 3 秒
2021-07-19 00:16:53 CHB 1658709?1626625008 第 1 次 获取到号码【1658709】GSD
2021-07-19 00:16:53 未获取到号码【1658709】GSD，可能号码格式错误
2021-07-19 00:16:53 获取到号码【1658709】的GSD为【-】
2021-07-19 00:17:48 GSD insert 第 1 次 等待 3 秒
2021-07-19 00:17:51 {"status":"ok","gid":320642,"msg":"添加成功！"}
2021-07-19 00:17:51 下次操作: 2021-07-19 00:18:06

2021-07-19 00:18:06 开始第 33 次操作

2021-07-19 00:18:06 开始操作号码 【1658710】
2021-07-19 00:18:30 GSD getOne 第 1 次 等待 3 秒
2021-07-19 00:18:33 查询号码 【1658710】，返回信息 {"status":"bad","msg":""}
2021-07-19 00:18:33 查询号码 【1658710】，GSD为【""】
2021-07-19 00:18:33 bad
2021-07-19 00:18:35 CHB 1658710?1626625113 第 1 次 等待 3 秒
2021-07-19 00:18:38 CHB 1658710?1626625113 第 1 次 获取到号码【1658710】GSD
2021-07-19 00:18:38 未获取到号码【1658710】GSD，可能号码格式错误
2021-07-19 00:18:38 获取到号码【1658710】的GSD为【-】
2021-07-19 00:18:46 GSD insert 第 1 次 等待 3 秒
2021-07-19 00:18:49 {"status":"ok","gid":320651,"msg":"添加成功！"}
2021-07-19 00:18:49 下次操作: 2021-07-19 00:19:10

2021-07-19 00:19:10 开始第 34 次操作

2021-07-19 00:19:10 开始操作号码 【1658711】
2021-07-19 00:19:22 GSD getOne 第 1 次 等待 3 秒
2021-07-19 00:19:25 查询号码 【1658711】，返回信息 {"status":"bad","msg":""}
2021-07-19 00:19:25 查询号码 【1658711】，GSD为【""】
2021-07-19 00:19:25 bad
2021-07-19 00:19:27 CHB 1658711?1626625165 第 1 次 等待 3 秒
2021-07-19 00:19:30 CHB 1658711?1626625165 第 1 次 获取到号码【1658711】GSD
2021-07-19 00:19:30 未获取到号码【1658711】GSD，可能号码格式错误
2021-07-19 00:19:30 获取到号码【1658711】的GSD为【-】
2021-07-19 00:19:40 GSD insert 第 1 次 等待 3 秒
2021-07-19 00:19:43 {"status":"ok","gid":320662,"msg":"添加成功！"}
2021-07-19 00:19:43 下次操作: 2021-07-19 00:20:06

2021-07-19 00:20:06 开始第 35 次操作

2021-07-19 00:20:06 开始操作号码 【1658712】
2021-07-19 00:20:48 GSD getOne 第 1 次 等待 3 秒
2021-07-19 00:20:51 查询号码 【1658712】，返回信息 {"status":"bad","msg":""}
2021-07-19 00:20:52 查询号码 【1658712】，GSD为【""】
2021-07-19 00:20:52 bad
2021-07-19 00:20:53 CHB 1658712?1626625252 第 1 次 等待 3 秒
2021-07-19 00:20:56 CHB 1658712?1626625252 第 1 次 获取到号码【1658712】GSD
2021-07-19 00:20:56 未获取到号码【1658712】GSD，可能号码格式错误
2021-07-19 00:20:56 获取到号码【1658712】的GSD为【-】
2021-07-19 00:21:16 GSD insert 第 1 次 等待 3 秒
2021-07-19 00:21:19 {"status":"ok","gid":320679,"msg":"添加成功！"}
2021-07-19 00:21:19 下次操作: 2021-07-19 00:21:31

2021-07-19 00:21:31 开始第 36 次操作

2021-07-19 00:21:31 开始操作号码 【1658713】
2021-07-19 00:23:50 GSD getOne 第 1 次 等待 3 秒
2021-07-19 00:23:53 查询号码 【1658713】，返回信息 {"status":"bad","msg":""}
2021-07-19 00:23:53 查询号码 【1658713】，GSD为【""】
2021-07-19 00:23:53 bad
2021-07-19 00:23:56 CHB 1658713?1626625433 第 1 次 等待 3 秒
2021-07-19 00:23:59 CHB 1658713?1626625433 第 1 次 获取到号码【1658713】GSD
2021-07-19 00:23:59 未获取到号码【1658713】GSD，可能号码格式错误
2021-07-19 00:23:59 获取到号码【1658713】的GSD为【-】
2021-07-19 00:24:08 GSD insert 第 1 次 等待 3 秒
2021-07-19 00:24:11 {"status":"ok","gid":320706,"msg":"添加成功！"}
2021-07-19 00:24:11 下次操作: 2021-07-19 00:24:29

2021-07-19 00:24:29 开始第 37 次操作

2021-07-19 00:24:29 开始操作号码 【1658714】
2021-07-19 00:25:01 GSD getOne 第 1 次 等待 3 秒
2021-07-19 00:25:04 查询号码 【1658714】，返回信息 {"status":"bad","msg":""}
2021-07-19 00:25:04 查询号码 【1658714】，GSD为【""】
2021-07-19 00:25:04 bad
2021-07-19 00:25:06 CHB 1658714?1626625504 第 1 次 等待 3 秒
2021-07-19 00:25:09 CHB 1658714?1626625504 第 1 次 获取到号码【1658714】GSD
2021-07-19 00:25:09 未获取到号码【1658714】GSD，可能号码格式错误
2021-07-19 00:25:09 获取到号码【1658714】的GSD为【-】
2021-07-19 00:25:13 GSD insert 第 1 次 等待 3 秒
2021-07-19 00:25:16 {"status":"ok","gid":320714,"msg":"添加成功！"}
2021-07-19 00:25:16 下次操作: 2021-07-19 00:25:29

2021-07-19 00:25:29 开始第 38 次操作

2021-07-19 00:25:29 开始操作号码 【1658715】
2021-07-19 00:25:32 GSD getOne 第 1 次 等待 3 秒
2021-07-19 00:25:35 查询号码 【1658715】，返回信息 {"status":"bad","msg":""}
2021-07-19 00:25:35 查询号码 【1658715】，GSD为【""】
2021-07-19 00:25:35 bad
2021-07-19 00:25:36 CHB 1658715?1626625535 第 1 次 等待 3 秒
2021-07-19 00:25:39 CHB 1658715?1626625535 第 1 次 获取到号码【1658715】GSD
2021-07-19 00:25:40 未获取到号码【1658715】GSD，可能号码格式错误
2021-07-19 00:25:40 获取到号码【1658715】的GSD为【-】
2021-07-19 00:26:04 GSD insert 第 1 次 等待 3 秒
2021-07-19 00:26:07 {"status":"ok","gid":320721,"msg":"添加成功！"}
2021-07-19 00:26:07 下次操作: 2021-07-19 00:26:23

2021-07-19 00:26:23 开始第 39 次操作

2021-07-19 00:26:23 开始操作号码 【1658716】
2021-07-19 00:26:59 GSD getOne 第 1 次 等待 3 秒
2021-07-19 00:27:02 查询号码 【1658716】，返回信息 {"status":"bad","msg":""}
2021-07-19 00:27:02 查询号码 【1658716】，GSD为【""】
2021-07-19 00:27:02 bad
2021-07-19 00:27:04 CHB 1658716?1626625622 第 1 次 等待 3 秒
2021-07-19 00:27:07 CHB 1658716?1626625622 第 1 次 获取到号码【1658716】GSD
2021-07-19 00:27:07 未获取到号码【1658716】GSD，可能号码格式错误
2021-07-19 00:27:07 获取到号码【1658716】的GSD为【-】
2021-07-19 00:27:12 GSD insert 第 1 次 等待 3 秒
2021-07-19 00:27:15 {"status":"ok","gid":320730,"msg":"添加成功！"}
2021-07-19 00:27:15 下次操作: 2021-07-19 00:27:35

2021-07-19 00:27:35 开始第 40 次操作

2021-07-19 00:27:35 开始操作号码 【1658717】
2021-07-19 00:27:42 GSD getOne 第 1 次 等待 3 秒
2021-07-19 00:27:45 查询号码 【1658717】，返回信息 {"status":"bad","msg":""}
2021-07-19 00:27:45 查询号码 【1658717】，GSD为【""】
2021-07-19 00:27:45 bad
2021-07-19 00:27:47 CHB 1658717?1626625665 第 1 次 等待 3 秒
2021-07-19 00:27:50 CHB 1658717?1626625665 第 1 次 获取到号码【1658717】GSD
2021-07-19 00:27:50 未获取到号码【1658717】GSD，可能号码格式错误
2021-07-19 00:27:50 获取到号码【1658717】的GSD为【-】
2021-07-19 00:28:02 GSD insert 第 1 次 等待 3 秒
2021-07-19 00:28:05 {"status":"ok","gid":320736,"msg":"添加成功！"}

