2023-10-26 00:19:53 开始第 5037 次操作

2023-10-26 00:19:53 开始操作号码 【1924947】
2023-10-26 00:19:56 GSD getOne 第 1 次 等待 3 秒
2023-10-26 00:19:59 查询号码 【1924947】，返回信息 {"status":"ok","msg":"-","gid":"624571","time_insert":"2023-03-30 23:19"}
2023-10-26 00:19:59 查询号码 【1924947】，GSD为【"-"】
2023-10-26 00:19:59 ok && -
2023-10-26 00:20:06 CHB 1924947?1698250799 第 1 次 等待 3 秒
2023-10-26 00:20:09 CHB 1924947?1698250799 第 1 次 获取到号码【1924947】GSD
2023-10-26 00:20:09 未获取到号码【1924947】GSD，可能号码格式错误
2023-10-26 00:20:09 获取到号码【1924947】的GSD为【-】
2023-10-26 00:20:12 GSD insert 第 1 次 等待 3 秒
2023-10-26 00:20:15 {"status":"bad","gid":"624571","msg":"添加失败！号码【1924947(-|-)】已存在！"}
2023-10-26 00:20:15 随机等待 168 秒，约 2 分钟
2023-10-26 00:20:15 下次操作: 2023-10-26 00:23:03

2023-10-26 00:23:03 开始第 5038 次操作

2023-10-26 00:23:03 开始操作号码 【1924948】
2023-10-26 00:23:09 GSD getOne 第 1 次 等待 3 秒
2023-10-26 00:23:12 查询号码 【1924948】，返回信息 {"status":"ok","msg":"-","gid":"624568","time_insert":"2023-03-30 23:15"}
2023-10-26 00:23:12 查询号码 【1924948】，GSD为【"-"】
2023-10-26 00:23:12 ok && -
2023-10-26 00:23:19 CHB 1924948?1698250992 第 1 次 等待 3 秒
2023-10-26 00:23:22 CHB 1924948?1698250992 第 1 次 获取到号码【1924948】GSD
2023-10-26 00:23:22 未获取到号码【1924948】GSD，可能号码格式错误
2023-10-26 00:23:22 获取到号码【1924948】的GSD为【-】
2023-10-26 00:23:25 GSD insert 第 1 次 等待 3 秒
2023-10-26 00:23:28 {"status":"bad","gid":"624568","msg":"添加失败！号码【1924948(-|-)】已存在！"}
2023-10-26 00:23:28 随机等待 99 秒，约 1 分钟
2023-10-26 00:23:28 下次操作: 2023-10-26 00:25:07

2023-10-26 00:25:07 开始第 5039 次操作

2023-10-26 00:25:07 开始操作号码 【1924949】
2023-10-26 00:25:10 GSD getOne 第 1 次 等待 3 秒
2023-10-26 00:25:13 查询号码 【1924949】，返回信息 {"status":"ok","msg":"-","gid":"624555","time_insert":"2023-03-30 23:04"}
2023-10-26 00:25:13 查询号码 【1924949】，GSD为【"-"】
2023-10-26 00:25:13 ok && -
2023-10-26 00:25:20 CHB 1924949?1698251113 第 1 次 等待 3 秒
2023-10-26 00:25:23 CHB 1924949?1698251113 第 1 次 获取到号码【1924949】GSD
2023-10-26 00:25:23 未获取到号码【1924949】GSD，可能号码格式错误
2023-10-26 00:25:23 获取到号码【1924949】的GSD为【-】
2023-10-26 00:25:28 GSD insert 第 1 次 等待 3 秒
2023-10-26 00:25:31 {"status":"bad","gid":"624555","msg":"添加失败！号码【1924949(-|-)】已存在！"}
2023-10-26 00:25:31 随机等待 153 秒，约 2 分钟
2023-10-26 00:25:31 下次操作: 2023-10-26 00:28:04

2023-10-26 00:28:04 开始第 5040 次操作

2023-10-26 00:28:04 开始操作号码 【1924950】
2023-10-26 00:28:09 GSD getOne 第 1 次 等待 3 秒
2023-10-26 00:28:12 查询号码 【1924950】，返回信息 {"status":"ok","msg":"-","gid":"624550","time_insert":"2023-03-30 23:01"}
2023-10-26 00:28:12 查询号码 【1924950】，GSD为【"-"】
2023-10-26 00:28:12 ok && -
2023-10-26 00:28:23 CHB 1924950?1698251292 第 1 次 等待 3 秒
2023-10-26 00:28:26 CHB 1924950?1698251292 第 1 次 获取到号码【1924950】GSD
2023-10-26 00:28:26 未获取到号码【1924950】GSD，可能号码格式错误
2023-10-26 00:28:26 获取到号码【1924950】的GSD为【-】
2023-10-26 00:28:55 GSD insert 第 1 次 等待 3 秒
2023-10-26 00:28:58 {"status":"bad","gid":"624550","msg":"添加失败！号码【1924950(-|-)】已存在！"}

