2024-05-03 00:20:50 开始第 6737 次操作

2024-05-03 00:20:50 开始操作号码 【1606638】
2024-05-03 00:20:55 GSD getOne 第 1 次 等待 3 秒
2024-05-03 00:20:58 查询号码 【1606638】，返回信息 {"status":"ok","msg":"-","gid":"659210","time_insert":"2023-04-17 03:27"}
2024-05-03 00:20:58 查询号码 【1606638】，GSD为【"-"】
2024-05-03 00:20:58 ok && -
2024-05-03 00:21:01 CHB 1606638?1714666858 第 1 次 等待 3 秒
2024-05-03 00:21:04 CHB 1606638?1714666858 第 1 次 获取到号码【1606638】GSD
2024-05-03 00:21:04 未获取到号码【1606638】GSD，可能号码格式错误
2024-05-03 00:21:04 获取到号码【1606638】的GSD为【-】
2024-05-03 00:21:11 GSD insert 第 1 次 等待 3 秒
2024-05-03 00:21:14 {"status":"bad","gid":"659210","msg":"添加失败！号码【1606638(-|-)】已存在！"}
2024-05-03 00:21:14 随机等待 132 秒，约 2 分钟
2024-05-03 00:21:14 下次操作: 2024-05-03 00:23:26

2024-05-03 00:23:26 开始第 6738 次操作

2024-05-03 00:23:26 开始操作号码 【1606639】
2024-05-03 00:23:35 GSD getOne 第 1 次 等待 3 秒
2024-05-03 00:23:38 查询号码 【1606639】，返回信息 {"status":"ok","msg":"-","gid":"659238","time_insert":"2023-04-17 03:43"}
2024-05-03 00:23:38 查询号码 【1606639】，GSD为【"-"】
2024-05-03 00:23:38 ok && -
2024-05-03 00:23:40 CHB 1606639?1714667018 第 1 次 等待 3 秒
2024-05-03 00:23:43 CHB 1606639?1714667018 第 1 次 获取到号码【1606639】GSD
2024-05-03 00:23:43 未获取到号码【1606639】GSD，可能号码格式错误
2024-05-03 00:23:43 获取到号码【1606639】的GSD为【-】
2024-05-03 00:23:50 GSD insert 第 1 次 等待 3 秒
2024-05-03 00:23:53 {"status":"bad","gid":"659238","msg":"添加失败！号码【1606639(-|-)】已存在！"}
2024-05-03 00:23:53 随机等待 118 秒，约 1 分钟
2024-05-03 00:23:53 下次操作: 2024-05-03 00:25:51

2024-05-03 00:25:51 开始第 6739 次操作

2024-05-03 00:25:51 开始操作号码 【1606640】
2024-05-03 00:25:59 GSD getOne 第 1 次 等待 3 秒
2024-05-03 00:26:02 查询号码 【1606640】，返回信息 {"status":"ok","msg":"-","gid":"659261","time_insert":"2023-04-17 03:57"}
2024-05-03 00:26:02 查询号码 【1606640】，GSD为【"-"】
2024-05-03 00:26:02 ok && -
2024-05-03 00:26:04 CHB 1606640?1714667162 第 1 次 等待 3 秒
2024-05-03 00:26:07 CHB 1606640?1714667162 第 1 次 获取到号码【1606640】GSD
2024-05-03 00:26:07 未获取到号码【1606640】GSD，可能号码格式错误
2024-05-03 00:26:07 获取到号码【1606640】的GSD为【-】
2024-05-03 00:26:16 GSD insert 第 1 次 等待 3 秒
2024-05-03 00:26:19 {"status":"bad","gid":"659261","msg":"添加失败！号码【1606640(-|-)】已存在！"}
2024-05-03 00:26:19 随机等待 215 秒，约 3 分钟
2024-05-03 00:26:19 下次操作: 2024-05-03 00:29:54

2024-05-03 00:29:54 开始第 6740 次操作

2024-05-03 00:29:54 开始操作号码 【1606641】
2024-05-03 00:30:02 GSD getOne 第 1 次 等待 3 秒
2024-05-03 00:30:05 查询号码 【1606641】，返回信息 {"status":"ok","msg":"-","gid":"659292","time_insert":"2023-04-17 04:19"}
2024-05-03 00:30:05 查询号码 【1606641】，GSD为【"-"】
2024-05-03 00:30:05 ok && -
2024-05-03 00:30:07 CHB 1606641?1714667405 第 1 次 等待 3 秒
2024-05-03 00:30:10 CHB 1606641?1714667405 第 1 次 获取到号码【1606641】GSD
2024-05-03 00:30:10 未获取到号码【1606641】GSD，可能号码格式错误
2024-05-03 00:30:10 获取到号码【1606641】的GSD为【-】
2024-05-03 00:30:16 GSD insert 第 1 次 等待 3 秒
2024-05-03 00:30:19 {"status":"bad","gid":"659292","msg":"添加失败！号码【1606641(-|-)】已存在！"}

