2024-04-29 00:18:50 开始第 6041 次操作

2024-04-29 00:18:50 开始操作号码 【1605942】
2024-04-29 00:18:59 GSD getOne 第 1 次 等待 3 秒
2024-04-29 00:19:02 查询号码 【1605942】，返回信息 {"status":"ok","msg":"-","gid":"642407","time_insert":"2023-04-09 08:28"}
2024-04-29 00:19:02 查询号码 【1605942】，GSD为【"-"】
2024-04-29 00:19:02 ok && -
2024-04-29 00:19:06 CHB 1605942?1714321142 第 1 次 等待 3 秒
2024-04-29 00:19:09 CHB 1605942?1714321142 第 1 次 获取到号码【1605942】GSD
2024-04-29 00:19:09 未获取到号码【1605942】GSD，可能号码格式错误
2024-04-29 00:19:09 获取到号码【1605942】的GSD为【-】
2024-04-29 00:19:14 GSD insert 第 1 次 等待 3 秒
2024-04-29 00:19:17 {"status":"bad","gid":"642407","msg":"添加失败！号码【1605942(-|-)】已存在！"}
2024-04-29 00:19:17 随机等待 172 秒，约 2 分钟
2024-04-29 00:19:17 下次操作: 2024-04-29 00:22:09

2024-04-29 00:22:09 开始第 6042 次操作

2024-04-29 00:22:09 开始操作号码 【1605943】
2024-04-29 00:22:15 GSD getOne 第 1 次 等待 3 秒
2024-04-29 00:22:18 查询号码 【1605943】，返回信息 {"status":"ok","msg":"-","gid":"642418","time_insert":"2023-04-09 08:37"}
2024-04-29 00:22:18 查询号码 【1605943】，GSD为【"-"】
2024-04-29 00:22:18 ok && -
2024-04-29 00:22:20 CHB 1605943?1714321338 第 1 次 等待 3 秒
2024-04-29 00:22:23 CHB 1605943?1714321338 第 1 次 获取到号码【1605943】GSD
2024-04-29 00:22:23 未获取到号码【1605943】GSD，可能号码格式错误
2024-04-29 00:22:23 获取到号码【1605943】的GSD为【-】
2024-04-29 00:22:29 GSD insert 第 1 次 等待 3 秒
2024-04-29 00:22:32 {"status":"bad","gid":"642418","msg":"添加失败！号码【1605943(-|-)】已存在！"}
2024-04-29 00:22:32 随机等待 101 秒，约 1 分钟
2024-04-29 00:22:32 下次操作: 2024-04-29 00:24:13

2024-04-29 00:24:13 开始第 6043 次操作

2024-04-29 00:24:13 开始操作号码 【1605944】
2024-04-29 00:24:21 GSD getOne 第 1 次 等待 3 秒
2024-04-29 00:24:24 查询号码 【1605944】，返回信息 {"status":"ok","msg":"-","gid":"642439","time_insert":"2023-04-09 08:50"}
2024-04-29 00:24:24 查询号码 【1605944】，GSD为【"-"】
2024-04-29 00:24:24 ok && -
2024-04-29 00:24:27 CHB 1605944?1714321464 第 1 次 等待 3 秒
2024-04-29 00:24:30 CHB 1605944?1714321464 第 1 次 获取到号码【1605944】GSD
2024-04-29 00:24:30 未获取到号码【1605944】GSD，可能号码格式错误
2024-04-29 00:24:30 获取到号码【1605944】的GSD为【-】
2024-04-29 00:24:37 GSD insert 第 1 次 等待 3 秒
2024-04-29 00:24:40 {"status":"bad","gid":"642439","msg":"添加失败！号码【1605944(-|-)】已存在！"}
2024-04-29 00:24:40 随机等待 108 秒，约 1 分钟
2024-04-29 00:24:40 下次操作: 2024-04-29 00:26:28

2024-04-29 00:26:29 开始第 6044 次操作

2024-04-29 00:26:29 开始操作号码 【1605945】
2024-04-29 00:26:35 GSD getOne 第 1 次 等待 3 秒
2024-04-29 00:26:38 查询号码 【1605945】，返回信息 {"status":"ok","msg":"-","gid":"642456","time_insert":"2023-04-09 09:00"}
2024-04-29 00:26:38 查询号码 【1605945】，GSD为【"-"】
2024-04-29 00:26:38 ok && -
2024-04-29 00:26:42 CHB 1605945?1714321598 第 1 次 等待 3 秒
2024-04-29 00:26:45 CHB 1605945?1714321598 第 1 次 获取到号码【1605945】GSD
2024-04-29 00:26:45 未获取到号码【1605945】GSD，可能号码格式错误
2024-04-29 00:26:45 获取到号码【1605945】的GSD为【-】
2024-04-29 00:26:52 GSD insert 第 1 次 等待 3 秒
2024-04-29 00:26:55 {"status":"bad","gid":"642456","msg":"添加失败！号码【1605945(-|-)】已存在！"}

2024-04-29 00:37:13 开始第 6045 次操作

2024-04-29 00:37:13 开始操作号码 【1605946】
2024-04-29 00:37:20 GSD getOne 第 1 次 等待 3 秒
2024-04-29 00:37:23 查询号码 【1605946】，返回信息 {"status":"ok","msg":"-","gid":"642474","time_insert":"2023-04-09 09:15"}
2024-04-29 00:37:23 查询号码 【1605946】，GSD为【"-"】
2024-04-29 00:37:23 ok && -
2024-04-29 00:37:25 CHB 1605946?1714322243 第 1 次 等待 3 秒
2024-04-29 00:37:28 CHB 1605946?1714322243 第 1 次 获取到号码【1605946】GSD
2024-04-29 00:37:28 未获取到号码【1605946】GSD，可能号码格式错误
2024-04-29 00:37:28 获取到号码【1605946】的GSD为【-】
2024-04-29 00:37:35 GSD insert 第 1 次 等待 3 秒
2024-04-29 00:37:38 {"status":"bad","gid":"642474","msg":"添加失败！号码【1605946(-|-)】已存在！"}
2024-04-29 00:37:38 随机等待 120 秒，约 2 分钟
2024-04-29 00:37:38 下次操作: 2024-04-29 00:39:38

2024-04-29 00:39:38 开始第 6046 次操作

2024-04-29 00:39:38 开始操作号码 【1605947】
2024-04-29 00:39:44 GSD getOne 第 1 次 等待 3 秒
2024-04-29 00:39:47 查询号码 【1605947】，返回信息 {"status":"ok","msg":"-","gid":"642485","time_insert":"2023-04-09 09:25"}
2024-04-29 00:39:47 查询号码 【1605947】，GSD为【"-"】
2024-04-29 00:39:47 ok && -
2024-04-29 00:39:49 CHB 1605947?1714322387 第 1 次 等待 3 秒
2024-04-29 00:39:52 CHB 1605947?1714322387 第 1 次 获取到号码【1605947】GSD
2024-04-29 00:39:52 未获取到号码【1605947】GSD，可能号码格式错误
2024-04-29 00:39:52 获取到号码【1605947】的GSD为【-】
2024-04-29 00:39:57 GSD insert 第 1 次 等待 3 秒
2024-04-29 00:40:00 {"status":"bad","gid":"642485","msg":"添加失败！号码【1605947(-|-)】已存在！"}
2024-04-29 00:40:00 随机等待 185 秒，约 3 分钟
2024-04-29 00:40:00 下次操作: 2024-04-29 00:43:05

2024-04-29 00:43:05 开始第 6047 次操作

2024-04-29 00:43:05 开始操作号码 【1605948】
2024-04-29 00:43:12 GSD getOne 第 1 次 等待 3 秒
2024-04-29 00:43:15 查询号码 【1605948】，返回信息 {"status":"ok","msg":"-","gid":"642503","time_insert":"2023-04-09 09:44"}
2024-04-29 00:43:15 查询号码 【1605948】，GSD为【"-"】
2024-04-29 00:43:15 ok && -
2024-04-29 00:43:17 CHB 1605948?1714322595 第 1 次 等待 3 秒
2024-04-29 00:43:20 CHB 1605948?1714322595 第 1 次 获取到号码【1605948】GSD
2024-04-29 00:43:20 未获取到号码【1605948】GSD，可能号码格式错误
2024-04-29 00:43:20 获取到号码【1605948】的GSD为【-】
2024-04-29 00:43:29 GSD insert 第 1 次 等待 3 秒
2024-04-29 00:43:32 {"status":"bad","gid":"642503","msg":"添加失败！号码【1605948(-|-)】已存在！"}
2024-04-29 00:43:32 随机等待 150 秒，约 2 分钟
2024-04-29 00:43:32 下次操作: 2024-04-29 00:46:02

2024-04-29 00:46:02 开始第 6048 次操作

2024-04-29 00:46:02 开始操作号码 【1605949】
2024-04-29 00:47:10 GSD getOne 第 1 次 等待 3 秒
2024-04-29 00:47:13 查询号码 【1605949】，返回信息 {"status":"ok","msg":"-","gid":"642515","time_insert":"2023-04-09 09:57"}
2024-04-29 00:47:13 查询号码 【1605949】，GSD为【"-"】
2024-04-29 00:47:13 ok && -
2024-04-29 00:47:15 CHB 1605949?1714322833 第 1 次 等待 3 秒
2024-04-29 00:47:18 CHB 1605949?1714322833 第 1 次 获取到号码【1605949】GSD
2024-04-29 00:47:18 未获取到号码【1605949】GSD，可能号码格式错误
2024-04-29 00:47:18 获取到号码【1605949】的GSD为【-】
2024-04-29 00:47:25 GSD insert 第 1 次 等待 3 秒
2024-04-29 00:47:29 {"status":"bad","gid":"642515","msg":"添加失败！号码【1605949(-|-)】已存在！"}

2024-04-29 01:14:16 开始第 6049 次操作

2024-04-29 01:14:16 开始操作号码 【1605950】
2024-04-29 01:14:22 GSD getOne 第 1 次 等待 3 秒
2024-04-29 01:14:25 查询号码 【1605950】，返回信息 {"status":"ok","msg":"-","gid":"642546","time_insert":"2023-04-09 10:19"}
2024-04-29 01:14:25 查询号码 【1605950】，GSD为【"-"】
2024-04-29 01:14:25 ok && -
2024-04-29 01:14:28 CHB 1605950?1714324465 第 1 次 等待 3 秒
2024-04-29 01:14:31 CHB 1605950?1714324465 第 1 次 获取到号码【1605950】GSD
2024-04-29 01:14:31 未获取到号码【1605950】GSD，可能号码格式错误
2024-04-29 01:14:31 获取到号码【1605950】的GSD为【-】
2024-04-29 01:14:38 GSD insert 第 1 次 等待 3 秒
2024-04-29 01:14:41 {"status":"bad","gid":"642546","msg":"添加失败！号码【1605950(-|-)】已存在！"}
2024-04-29 01:14:41 随机等待 110 秒，约 1 分钟
2024-04-29 01:14:41 下次操作: 2024-04-29 01:16:31

2024-04-29 01:16:31 开始第 6050 次操作

2024-04-29 01:16:31 开始操作号码 【1605951】
2024-04-29 01:16:36 GSD getOne 第 1 次 等待 3 秒
2024-04-29 01:16:39 查询号码 【1605951】，返回信息 {"status":"ok","msg":"-","gid":"642569","time_insert":"2023-04-09 10:38"}
2024-04-29 01:16:39 查询号码 【1605951】，GSD为【"-"】
2024-04-29 01:16:39 ok && -
2024-04-29 01:16:42 CHB 1605951?1714324599 第 1 次 等待 3 秒
2024-04-29 01:16:45 CHB 1605951?1714324599 第 1 次 获取到号码【1605951】GSD
2024-04-29 01:16:45 未获取到号码【1605951】GSD，可能号码格式错误
2024-04-29 01:16:45 获取到号码【1605951】的GSD为【-】
2024-04-29 01:16:53 GSD insert 第 1 次 等待 3 秒
2024-04-29 01:16:56 {"status":"bad","gid":"642569","msg":"添加失败！号码【1605951(-|-)】已存在！"}
2024-04-29 01:16:56 随机等待 232 秒，约 3 分钟
2024-04-29 01:16:56 下次操作: 2024-04-29 01:20:48

2024-04-29 01:20:48 开始第 6051 次操作

2024-04-29 01:20:48 开始操作号码 【1605952】
2024-04-29 01:20:54 GSD getOne 第 1 次 等待 3 秒
2024-04-29 01:20:57 查询号码 【1605952】，返回信息 {"status":"ok","msg":"-","gid":"642608","time_insert":"2023-04-09 11:01"}
2024-04-29 01:20:57 查询号码 【1605952】，GSD为【"-"】
2024-04-29 01:20:57 ok && -
2024-04-29 01:20:59 CHB 1605952?1714324857 第 1 次 等待 3 秒
2024-04-29 01:21:02 CHB 1605952?1714324857 第 1 次 获取到号码【1605952】GSD
2024-04-29 01:21:02 未获取到号码【1605952】GSD，可能号码格式错误
2024-04-29 01:21:02 获取到号码【1605952】的GSD为【-】
2024-04-29 01:21:09 GSD insert 第 1 次 等待 3 秒
2024-04-29 01:21:12 {"status":"bad","gid":"642608","msg":"添加失败！号码【1605952(-|-)】已存在！"}
2024-04-29 01:21:12 随机等待 228 秒，约 3 分钟
2024-04-29 01:21:12 下次操作: 2024-04-29 01:25:00

2024-04-29 01:25:00 开始第 6052 次操作

2024-04-29 01:25:00 开始操作号码 【1605953】
2024-04-29 01:25:08 GSD getOne 第 1 次 等待 3 秒
2024-04-29 01:25:11 查询号码 【1605953】，返回信息 {"status":"ok","msg":"-","gid":"642637","time_insert":"2023-04-09 11:20"}
2024-04-29 01:25:11 查询号码 【1605953】，GSD为【"-"】
2024-04-29 01:25:11 ok && -
2024-04-29 01:25:15 CHB 1605953?1714325111 第 1 次 等待 3 秒
2024-04-29 01:25:18 CHB 1605953?1714325111 第 1 次 获取到号码【1605953】GSD
2024-04-29 01:25:18 未获取到号码【1605953】GSD，可能号码格式错误
2024-04-29 01:25:18 获取到号码【1605953】的GSD为【-】
2024-04-29 01:25:23 GSD insert 第 1 次 等待 3 秒
2024-04-29 01:25:26 {"status":"bad","gid":"642637","msg":"添加失败！号码【1605953(-|-)】已存在！"}

2024-04-29 01:37:48 开始第 6053 次操作

2024-04-29 01:37:48 开始操作号码 【1605954】
2024-04-29 01:37:58 GSD getOne 第 1 次 等待 3 秒
2024-04-29 01:38:01 查询号码 【1605954】，返回信息 {"status":"ok","msg":"-","gid":"642657","time_insert":"2023-04-09 11:33"}
2024-04-29 01:38:01 查询号码 【1605954】，GSD为【"-"】
2024-04-29 01:38:01 ok && -
2024-04-29 01:38:03 CHB 1605954?1714325881 第 1 次 等待 3 秒
2024-04-29 01:38:06 CHB 1605954?1714325881 第 1 次 获取到号码【1605954】GSD
2024-04-29 01:38:06 未获取到号码【1605954】GSD，可能号码格式错误
2024-04-29 01:38:06 获取到号码【1605954】的GSD为【-】
2024-04-29 01:38:19 GSD insert 第 1 次 等待 3 秒
2024-04-29 01:38:22 {"status":"bad","gid":"642657","msg":"添加失败！号码【1605954(-|-)】已存在！"}
2024-04-29 01:38:22 随机等待 115 秒，约 1 分钟
2024-04-29 01:38:22 下次操作: 2024-04-29 01:40:17

2024-04-29 01:40:17 开始第 6054 次操作

2024-04-29 01:40:17 开始操作号码 【1605955】
2024-04-29 01:40:22 GSD getOne 第 1 次 等待 3 秒
2024-04-29 01:40:25 查询号码 【1605955】，返回信息 {"status":"ok","msg":"-","gid":"642694","time_insert":"2023-04-09 11:53"}
2024-04-29 01:40:25 查询号码 【1605955】，GSD为【"-"】
2024-04-29 01:40:25 ok && -
2024-04-29 01:40:28 CHB 1605955?1714326025 第 1 次 等待 3 秒
2024-04-29 01:40:31 CHB 1605955?1714326025 第 1 次 获取到号码【1605955】GSD
2024-04-29 01:40:31 未获取到号码【1605955】GSD，可能号码格式错误
2024-04-29 01:40:31 获取到号码【1605955】的GSD为【-】
2024-04-29 01:40:37 GSD insert 第 1 次 等待 3 秒
2024-04-29 01:40:40 {"status":"bad","gid":"642694","msg":"添加失败！号码【1605955(-|-)】已存在！"}
2024-04-29 01:40:40 随机等待 215 秒，约 3 分钟
2024-04-29 01:40:40 下次操作: 2024-04-29 01:44:15

2024-04-29 01:44:15 开始第 6055 次操作

2024-04-29 01:44:15 开始操作号码 【1605956】
2024-04-29 01:44:20 GSD getOne 第 1 次 等待 3 秒
2024-04-29 01:44:23 查询号码 【1605956】，返回信息 {"status":"ok","msg":"-","gid":"642723","time_insert":"2023-04-09 12:15"}
2024-04-29 01:44:23 查询号码 【1605956】，GSD为【"-"】
2024-04-29 01:44:23 ok && -
2024-04-29 01:44:25 CHB 1605956?1714326263 第 1 次 等待 3 秒
2024-04-29 01:44:28 CHB 1605956?1714326263 第 1 次 获取到号码【1605956】GSD
2024-04-29 01:44:29 未获取到号码【1605956】GSD，可能号码格式错误
2024-04-29 01:44:29 获取到号码【1605956】的GSD为【-】
2024-04-29 01:44:33 GSD insert 第 1 次 等待 3 秒
2024-04-29 01:44:36 {"status":"bad","gid":"642723","msg":"添加失败！号码【1605956(-|-)】已存在！"}
2024-04-29 01:44:36 随机等待 79 秒，约 1 分钟
2024-04-29 01:44:36 下次操作: 2024-04-29 01:45:55

2024-04-29 01:45:55 开始第 6056 次操作

2024-04-29 01:45:55 开始操作号码 【1605957】
2024-04-29 01:46:01 GSD getOne 第 1 次 等待 3 秒
2024-04-29 01:46:04 查询号码 【1605957】，返回信息 {"status":"ok","msg":"-","gid":"642755","time_insert":"2023-04-09 12:36"}
2024-04-29 01:46:04 查询号码 【1605957】，GSD为【"-"】
2024-04-29 01:46:04 ok && -
2024-04-29 01:46:06 CHB 1605957?1714326364 第 1 次 等待 3 秒
2024-04-29 01:46:09 CHB 1605957?1714326364 第 1 次 获取到号码【1605957】GSD
2024-04-29 01:46:09 未获取到号码【1605957】GSD，可能号码格式错误
2024-04-29 01:46:09 获取到号码【1605957】的GSD为【-】
2024-04-29 01:46:14 GSD insert 第 1 次 等待 3 秒
2024-04-29 01:46:17 {"status":"bad","gid":"642755","msg":"添加失败！号码【1605957(-|-)】已存在！"}

2024-04-29 02:19:34 开始第 6057 次操作

2024-04-29 02:19:34 开始操作号码 【1605958】
2024-04-29 02:19:41 GSD getOne 第 1 次 等待 3 秒
2024-04-29 02:19:44 查询号码 【1605958】，返回信息 {"status":"ok","msg":"-","gid":"642783","time_insert":"2023-04-09 12:53"}
2024-04-29 02:19:44 查询号码 【1605958】，GSD为【"-"】
2024-04-29 02:19:44 ok && -
2024-04-29 02:19:46 CHB 1605958?1714328384 第 1 次 等待 3 秒
2024-04-29 02:19:49 CHB 1605958?1714328384 第 1 次 获取到号码【1605958】GSD
2024-04-29 02:19:49 未获取到号码【1605958】GSD，可能号码格式错误
2024-04-29 02:19:49 获取到号码【1605958】的GSD为【-】
2024-04-29 02:19:56 GSD insert 第 1 次 等待 3 秒
2024-04-29 02:19:59 {"status":"bad","gid":"642783","msg":"添加失败！号码【1605958(-|-)】已存在！"}
2024-04-29 02:19:59 随机等待 98 秒，约 1 分钟
2024-04-29 02:19:59 下次操作: 2024-04-29 02:21:37

2024-04-29 02:21:37 开始第 6058 次操作

2024-04-29 02:21:37 开始操作号码 【1605959】
2024-04-29 02:21:42 GSD getOne 第 1 次 等待 3 秒
2024-04-29 02:21:45 查询号码 【1605959】，返回信息 {"status":"ok","msg":"-","gid":"642813","time_insert":"2023-04-09 13:14"}
2024-04-29 02:21:45 查询号码 【1605959】，GSD为【"-"】
2024-04-29 02:21:45 ok && -
2024-04-29 02:21:47 CHB 1605959?1714328505 第 1 次 等待 3 秒
2024-04-29 02:21:50 CHB 1605959?1714328505 第 1 次 获取到号码【1605959】GSD
2024-04-29 02:21:50 未获取到号码【1605959】GSD，可能号码格式错误
2024-04-29 02:21:50 获取到号码【1605959】的GSD为【-】
2024-04-29 02:21:55 GSD insert 第 1 次 等待 3 秒
2024-04-29 02:21:58 {"status":"bad","gid":"642813","msg":"添加失败！号码【1605959(-|-)】已存在！"}
2024-04-29 02:21:58 随机等待 213 秒，约 3 分钟
2024-04-29 02:21:58 下次操作: 2024-04-29 02:25:31

2024-04-29 02:25:31 开始第 6059 次操作

2024-04-29 02:25:31 开始操作号码 【1605960】
2024-04-29 02:25:43 GSD getOne 第 1 次 等待 3 秒
2024-04-29 02:25:46 查询号码 【1605960】，返回信息 {"status":"ok","msg":"-","gid":"642832","time_insert":"2023-04-09 13:25"}
2024-04-29 02:25:46 查询号码 【1605960】，GSD为【"-"】
2024-04-29 02:25:46 ok && -
2024-04-29 02:25:48 CHB 1605960?1714328746 第 1 次 等待 3 秒
2024-04-29 02:25:51 CHB 1605960?1714328746 第 1 次 获取到号码【1605960】GSD
2024-04-29 02:25:51 未获取到号码【1605960】GSD，可能号码格式错误
2024-04-29 02:25:51 获取到号码【1605960】的GSD为【-】
2024-04-29 02:26:00 GSD insert 第 1 次 等待 3 秒
2024-04-29 02:26:03 {"status":"bad","gid":"642832","msg":"添加失败！号码【1605960(-|-)】已存在！"}
2024-04-29 02:26:03 随机等待 231 秒，约 3 分钟
2024-04-29 02:26:03 下次操作: 2024-04-29 02:29:54

2024-04-29 02:29:54 开始第 6060 次操作

2024-04-29 02:29:54 开始操作号码 【1605961】
2024-04-29 02:29:59 GSD getOne 第 1 次 等待 3 秒
2024-04-29 02:30:02 查询号码 【1605961】，返回信息 {"status":"ok","msg":"-","gid":"642865","time_insert":"2023-04-09 13:47"}
2024-04-29 02:30:02 查询号码 【1605961】，GSD为【"-"】
2024-04-29 02:30:02 ok && -
2024-04-29 02:30:04 CHB 1605961?1714329002 第 1 次 等待 3 秒
2024-04-29 02:30:07 CHB 1605961?1714329002 第 1 次 获取到号码【1605961】GSD
2024-04-29 02:30:07 未获取到号码【1605961】GSD，可能号码格式错误
2024-04-29 02:30:07 获取到号码【1605961】的GSD为【-】
2024-04-29 02:30:12 GSD insert 第 1 次 等待 3 秒
2024-04-29 02:30:15 {"status":"bad","gid":"642865","msg":"添加失败！号码【1605961(-|-)】已存在！"}

2024-04-29 02:38:20 开始第 6061 次操作

2024-04-29 02:38:20 开始操作号码 【1605962】
2024-04-29 02:38:27 GSD getOne 第 1 次 等待 3 秒
2024-04-29 02:38:30 查询号码 【1605962】，返回信息 {"status":"ok","msg":"-","gid":"642889","time_insert":"2023-04-09 14:00"}
2024-04-29 02:38:30 查询号码 【1605962】，GSD为【"-"】
2024-04-29 02:38:30 ok && -
2024-04-29 02:38:32 CHB 1605962?1714329510 第 1 次 等待 3 秒
2024-04-29 02:38:35 CHB 1605962?1714329510 第 1 次 获取到号码【1605962】GSD
2024-04-29 02:38:35 未获取到号码【1605962】GSD，可能号码格式错误
2024-04-29 02:38:35 获取到号码【1605962】的GSD为【-】
2024-04-29 02:38:49 GSD insert 第 1 次 等待 3 秒
2024-04-29 02:38:52 {"status":"bad","gid":"642889","msg":"添加失败！号码【1605962(-|-)】已存在！"}
2024-04-29 02:38:52 随机等待 212 秒，约 3 分钟
2024-04-29 02:38:52 下次操作: 2024-04-29 02:42:24

2024-04-29 02:42:24 开始第 6062 次操作

2024-04-29 02:42:24 开始操作号码 【1605963】
2024-04-29 02:42:30 GSD getOne 第 1 次 等待 3 秒
2024-04-29 02:42:33 查询号码 【1605963】，返回信息 {"status":"ok","msg":"-","gid":"642910","time_insert":"2023-04-09 14:15"}
2024-04-29 02:42:34 查询号码 【1605963】，GSD为【"-"】
2024-04-29 02:42:34 ok && -
2024-04-29 02:42:35 CHB 1605963?1714329754 第 1 次 等待 3 秒
2024-04-29 02:42:38 CHB 1605963?1714329754 第 1 次 获取到号码【1605963】GSD
2024-04-29 02:42:38 未获取到号码【1605963】GSD，可能号码格式错误
2024-04-29 02:42:38 获取到号码【1605963】的GSD为【-】
2024-04-29 02:42:44 GSD insert 第 1 次 等待 3 秒
2024-04-29 02:42:47 {"status":"bad","gid":"642910","msg":"添加失败！号码【1605963(-|-)】已存在！"}
2024-04-29 02:42:47 随机等待 122 秒，约 2 分钟
2024-04-29 02:42:47 下次操作: 2024-04-29 02:44:49

2024-04-29 02:44:49 开始第 6063 次操作

2024-04-29 02:44:49 开始操作号码 【1605964】
2024-04-29 02:44:53 GSD getOne 第 1 次 等待 3 秒
2024-04-29 02:44:56 查询号码 【1605964】，返回信息 {"status":"ok","msg":"-","gid":"642939","time_insert":"2023-04-09 14:33"}
2024-04-29 02:44:56 查询号码 【1605964】，GSD为【"-"】
2024-04-29 02:44:56 ok && -
2024-04-29 02:44:59 CHB 1605964?1714329896 第 1 次 等待 3 秒
2024-04-29 02:45:02 CHB 1605964?1714329896 第 1 次 获取到号码【1605964】GSD
2024-04-29 02:45:02 未获取到号码【1605964】GSD，可能号码格式错误
2024-04-29 02:45:02 获取到号码【1605964】的GSD为【-】
2024-04-29 02:45:07 GSD insert 第 1 次 等待 3 秒
2024-04-29 02:45:10 {"status":"bad","gid":"642939","msg":"添加失败！号码【1605964(-|-)】已存在！"}
2024-04-29 02:45:10 随机等待 161 秒，约 2 分钟
2024-04-29 02:45:10 下次操作: 2024-04-29 02:47:51

2024-04-29 02:47:51 开始第 6064 次操作

2024-04-29 02:47:51 开始操作号码 【1605965】
2024-04-29 02:48:26 GSD getOne 第 1 次 等待 3 秒
2024-04-29 02:48:29 查询号码 【1605965】，返回信息 {"status":"ok","msg":"-","gid":"642970","time_insert":"2023-04-09 14:57"}
2024-04-29 02:48:29 查询号码 【1605965】，GSD为【"-"】
2024-04-29 02:48:29 ok && -
2024-04-29 02:48:31 CHB 1605965?1714330109 第 1 次 等待 3 秒
2024-04-29 02:48:34 CHB 1605965?1714330109 第 1 次 获取到号码【1605965】GSD
2024-04-29 02:48:34 未获取到号码【1605965】GSD，可能号码格式错误
2024-04-29 02:48:34 获取到号码【1605965】的GSD为【-】
2024-04-29 02:48:43 GSD insert 第 1 次 等待 3 秒
2024-04-29 02:48:46 {"status":"bad","gid":"642970","msg":"添加失败！号码【1605965(-|-)】已存在！"}

2024-04-29 03:12:37 开始第 6065 次操作

2024-04-29 03:12:37 开始操作号码 【1605966】
2024-04-29 03:12:42 GSD getOne 第 1 次 等待 3 秒
2024-04-29 03:12:45 查询号码 【1605966】，返回信息 {"status":"ok","msg":"-","gid":"643008","time_insert":"2023-04-09 15:21"}
2024-04-29 03:12:45 查询号码 【1605966】，GSD为【"-"】
2024-04-29 03:12:45 ok && -
2024-04-29 03:12:48 CHB 1605966?1714331565 第 1 次 等待 3 秒
2024-04-29 03:12:51 CHB 1605966?1714331565 第 1 次 获取到号码【1605966】GSD
2024-04-29 03:12:51 未获取到号码【1605966】GSD，可能号码格式错误
2024-04-29 03:12:51 获取到号码【1605966】的GSD为【-】
2024-04-29 03:12:57 GSD insert 第 1 次 等待 3 秒
2024-04-29 03:13:00 {"status":"bad","gid":"643008","msg":"添加失败！号码【1605966(-|-)】已存在！"}
2024-04-29 03:13:00 随机等待 123 秒，约 2 分钟
2024-04-29 03:13:00 下次操作: 2024-04-29 03:15:03

2024-04-29 03:15:03 开始第 6066 次操作

2024-04-29 03:15:03 开始操作号码 【1605967】
2024-04-29 03:15:09 GSD getOne 第 1 次 等待 3 秒
2024-04-29 03:15:12 查询号码 【1605967】，返回信息 {"status":"ok","msg":"-","gid":"643032","time_insert":"2023-04-09 15:37"}
2024-04-29 03:15:12 查询号码 【1605967】，GSD为【"-"】
2024-04-29 03:15:12 ok && -
2024-04-29 03:15:15 CHB 1605967?1714331712 第 1 次 等待 3 秒
2024-04-29 03:15:18 CHB 1605967?1714331712 第 1 次 获取到号码【1605967】GSD
2024-04-29 03:15:18 未获取到号码【1605967】GSD，可能号码格式错误
2024-04-29 03:15:18 获取到号码【1605967】的GSD为【-】
2024-04-29 03:15:23 GSD insert 第 1 次 等待 3 秒
2024-04-29 03:15:26 {"status":"bad","gid":"643032","msg":"添加失败！号码【1605967(-|-)】已存在！"}
2024-04-29 03:15:26 随机等待 217 秒，约 3 分钟
2024-04-29 03:15:26 下次操作: 2024-04-29 03:19:03

2024-04-29 03:19:03 开始第 6067 次操作

2024-04-29 03:19:03 开始操作号码 【1605968】
2024-04-29 03:19:08 GSD getOne 第 1 次 等待 3 秒
2024-04-29 03:19:11 查询号码 【1605968】，返回信息 {"status":"ok","msg":"-","gid":"643074","time_insert":"2023-04-09 16:01"}
2024-04-29 03:19:11 查询号码 【1605968】，GSD为【"-"】
2024-04-29 03:19:11 ok && -
2024-04-29 03:19:13 CHB 1605968?1714331951 第 1 次 等待 3 秒
2024-04-29 03:19:16 CHB 1605968?1714331951 第 1 次 获取到号码【1605968】GSD
2024-04-29 03:19:16 未获取到号码【1605968】GSD，可能号码格式错误
2024-04-29 03:19:16 获取到号码【1605968】的GSD为【-】
2024-04-29 03:19:22 GSD insert 第 1 次 等待 3 秒
2024-04-29 03:19:25 {"status":"bad","gid":"643074","msg":"添加失败！号码【1605968(-|-)】已存在！"}
2024-04-29 03:19:25 随机等待 112 秒，约 1 分钟
2024-04-29 03:19:25 下次操作: 2024-04-29 03:21:17

2024-04-29 03:21:17 开始第 6068 次操作

2024-04-29 03:21:17 开始操作号码 【1605969】
2024-04-29 03:21:21 GSD getOne 第 1 次 等待 3 秒
2024-04-29 03:21:24 查询号码 【1605969】，返回信息 {"status":"ok","msg":"-","gid":"643089","time_insert":"2023-04-09 16:13"}
2024-04-29 03:21:24 查询号码 【1605969】，GSD为【"-"】
2024-04-29 03:21:24 ok && -
2024-04-29 03:21:27 CHB 1605969?1714332084 第 1 次 等待 3 秒
2024-04-29 03:21:30 CHB 1605969?1714332084 第 1 次 获取到号码【1605969】GSD
2024-04-29 03:21:30 未获取到号码【1605969】GSD，可能号码格式错误
2024-04-29 03:21:30 获取到号码【1605969】的GSD为【-】
2024-04-29 03:21:34 GSD insert 第 1 次 等待 3 秒
2024-04-29 03:21:37 {"status":"bad","gid":"643089","msg":"添加失败！号码【1605969(-|-)】已存在！"}

2024-04-29 03:37:31 开始第 6069 次操作

2024-04-29 03:37:31 开始操作号码 【1605970】
2024-04-29 03:37:38 GSD getOne 第 1 次 等待 3 秒
2024-04-29 03:37:41 查询号码 【1605970】，返回信息 {"status":"ok","msg":"-","gid":"643116","time_insert":"2023-04-09 16:30"}
2024-04-29 03:37:41 查询号码 【1605970】，GSD为【"-"】
2024-04-29 03:37:41 ok && -
2024-04-29 03:37:43 CHB 1605970?1714333061 第 1 次 等待 3 秒
2024-04-29 03:37:46 CHB 1605970?1714333061 第 1 次 获取到号码【1605970】GSD
2024-04-29 03:37:46 未获取到号码【1605970】GSD，可能号码格式错误
2024-04-29 03:37:46 获取到号码【1605970】的GSD为【-】
2024-04-29 03:37:54 GSD insert 第 1 次 等待 3 秒
2024-04-29 03:37:57 {"status":"bad","gid":"643116","msg":"添加失败！号码【1605970(-|-)】已存在！"}
2024-04-29 03:37:57 随机等待 195 秒，约 3 分钟
2024-04-29 03:37:57 下次操作: 2024-04-29 03:41:12

2024-04-29 03:41:12 开始第 6070 次操作

2024-04-29 03:41:12 开始操作号码 【1605971】
2024-04-29 03:41:17 GSD getOne 第 1 次 等待 3 秒
2024-04-29 03:41:20 查询号码 【1605971】，返回信息 {"status":"ok","msg":"-","gid":"643151","time_insert":"2023-04-09 16:47"}
2024-04-29 03:41:20 查询号码 【1605971】，GSD为【"-"】
2024-04-29 03:41:20 ok && -
2024-04-29 03:41:22 CHB 1605971?1714333280 第 1 次 等待 3 秒
2024-04-29 03:41:25 CHB 1605971?1714333280 第 1 次 获取到号码【1605971】GSD
2024-04-29 03:41:25 未获取到号码【1605971】GSD，可能号码格式错误
2024-04-29 03:41:25 获取到号码【1605971】的GSD为【-】
2024-04-29 03:41:30 GSD insert 第 1 次 等待 3 秒
2024-04-29 03:41:33 {"status":"bad","gid":"643151","msg":"添加失败！号码【1605971(-|-)】已存在！"}
2024-04-29 03:41:34 随机等待 116 秒，约 1 分钟
2024-04-29 03:41:34 下次操作: 2024-04-29 03:43:30

2024-04-29 03:43:30 开始第 6071 次操作

2024-04-29 03:43:30 开始操作号码 【1605972】
2024-04-29 03:43:34 GSD getOne 第 1 次 等待 3 秒
2024-04-29 03:43:37 查询号码 【1605972】，返回信息 {"status":"ok","msg":"-","gid":"643175","time_insert":"2023-04-09 17:01"}
2024-04-29 03:43:37 查询号码 【1605972】，GSD为【"-"】
2024-04-29 03:43:37 ok && -
2024-04-29 03:43:39 CHB 1605972?1714333417 第 1 次 等待 3 秒
2024-04-29 03:43:42 CHB 1605972?1714333417 第 1 次 获取到号码【1605972】GSD
2024-04-29 03:43:42 未获取到号码【1605972】GSD，可能号码格式错误
2024-04-29 03:43:42 获取到号码【1605972】的GSD为【-】
2024-04-29 03:43:47 GSD insert 第 1 次 等待 3 秒
2024-04-29 03:43:50 {"status":"bad","gid":"643175","msg":"添加失败！号码【1605972(-|-)】已存在！"}
2024-04-29 03:43:50 随机等待 87 秒，约 1 分钟
2024-04-29 03:43:50 下次操作: 2024-04-29 03:45:17

2024-04-29 03:45:17 开始第 6072 次操作

2024-04-29 03:45:17 开始操作号码 【1605973】
2024-04-29 03:45:25 GSD getOne 第 1 次 等待 3 秒
2024-04-29 03:45:29 查询号码 【1605973】，返回信息 {"status":"ok","msg":"-","gid":"643210","time_insert":"2023-04-09 17:25"}
2024-04-29 03:45:29 查询号码 【1605973】，GSD为【"-"】
2024-04-29 03:45:29 ok && -
2024-04-29 03:45:31 CHB 1605973?1714333529 第 1 次 等待 3 秒
2024-04-29 03:45:34 CHB 1605973?1714333529 第 1 次 获取到号码【1605973】GSD
2024-04-29 03:45:34 未获取到号码【1605973】GSD，可能号码格式错误
2024-04-29 03:45:34 获取到号码【1605973】的GSD为【-】
2024-04-29 03:45:39 GSD insert 第 1 次 等待 3 秒
2024-04-29 03:45:42 {"status":"bad","gid":"643210","msg":"添加失败！号码【1605973(-|-)】已存在！"}

2024-04-29 04:17:04 开始第 6073 次操作

2024-04-29 04:17:04 开始操作号码 【1605974】
2024-04-29 04:17:08 GSD getOne 第 1 次 等待 3 秒
2024-04-29 04:17:11 查询号码 【1605974】，返回信息 {"status":"ok","msg":"-","gid":"643241","time_insert":"2023-04-09 17:43"}
2024-04-29 04:17:12 查询号码 【1605974】，GSD为【"-"】
2024-04-29 04:17:12 ok && -
2024-04-29 04:17:14 CHB 1605974?1714335432 第 1 次 等待 3 秒
2024-04-29 04:17:17 CHB 1605974?1714335432 第 1 次 获取到号码【1605974】GSD
2024-04-29 04:17:17 未获取到号码【1605974】GSD，可能号码格式错误
2024-04-29 04:17:17 获取到号码【1605974】的GSD为【-】
2024-04-29 04:17:23 GSD insert 第 1 次 等待 3 秒
2024-04-29 04:17:26 {"status":"bad","gid":"643241","msg":"添加失败！号码【1605974(-|-)】已存在！"}
2024-04-29 04:17:26 随机等待 144 秒，约 2 分钟
2024-04-29 04:17:26 下次操作: 2024-04-29 04:19:50

2024-04-29 04:19:50 开始第 6074 次操作

2024-04-29 04:19:50 开始操作号码 【1605975】
2024-04-29 04:19:55 GSD getOne 第 1 次 等待 3 秒
2024-04-29 04:19:58 查询号码 【1605975】，返回信息 {"status":"ok","msg":"-","gid":"643280","time_insert":"2023-04-09 18:06"}
2024-04-29 04:19:58 查询号码 【1605975】，GSD为【"-"】
2024-04-29 04:19:58 ok && -
2024-04-29 04:20:00 CHB 1605975?1714335598 第 1 次 等待 3 秒
2024-04-29 04:20:03 CHB 1605975?1714335598 第 1 次 获取到号码【1605975】GSD
2024-04-29 04:20:03 未获取到号码【1605975】GSD，可能号码格式错误
2024-04-29 04:20:03 获取到号码【1605975】的GSD为【-】
2024-04-29 04:20:09 GSD insert 第 1 次 等待 3 秒
2024-04-29 04:20:12 {"status":"bad","gid":"643280","msg":"添加失败！号码【1605975(-|-)】已存在！"}
2024-04-29 04:20:12 随机等待 158 秒，约 2 分钟
2024-04-29 04:20:12 下次操作: 2024-04-29 04:22:50

2024-04-29 04:22:50 开始第 6075 次操作

2024-04-29 04:22:50 开始操作号码 【1605976】
2024-04-29 04:22:55 GSD getOne 第 1 次 等待 3 秒
2024-04-29 04:22:58 查询号码 【1605976】，返回信息 {"status":"ok","msg":"-","gid":"643314","time_insert":"2023-04-09 18:30"}
2024-04-29 04:22:58 查询号码 【1605976】，GSD为【"-"】
2024-04-29 04:22:58 ok && -
2024-04-29 04:23:00 CHB 1605976?1714335778 第 1 次 等待 3 秒
2024-04-29 04:23:03 CHB 1605976?1714335778 第 1 次 获取到号码【1605976】GSD
2024-04-29 04:23:03 未获取到号码【1605976】GSD，可能号码格式错误
2024-04-29 04:23:03 获取到号码【1605976】的GSD为【-】
2024-04-29 04:23:07 GSD insert 第 1 次 等待 3 秒
2024-04-29 04:23:10 {"status":"bad","gid":"643314","msg":"添加失败！号码【1605976(-|-)】已存在！"}
2024-04-29 04:23:10 随机等待 76 秒，约 1 分钟
2024-04-29 04:23:10 下次操作: 2024-04-29 04:24:26

2024-04-29 04:24:26 开始第 6076 次操作

2024-04-29 04:24:26 开始操作号码 【1605977】
2024-04-29 04:24:31 GSD getOne 第 1 次 等待 3 秒
2024-04-29 04:24:34 查询号码 【1605977】，返回信息 {"status":"ok","msg":"-","gid":"643333","time_insert":"2023-04-09 18:40"}
2024-04-29 04:24:34 查询号码 【1605977】，GSD为【"-"】
2024-04-29 04:24:34 ok && -
2024-04-29 04:24:36 CHB 1605977?1714335874 第 1 次 等待 3 秒
2024-04-29 04:24:39 CHB 1605977?1714335874 第 1 次 获取到号码【1605977】GSD
2024-04-29 04:24:39 未获取到号码【1605977】GSD，可能号码格式错误
2024-04-29 04:24:39 获取到号码【1605977】的GSD为【-】
2024-04-29 04:24:44 GSD insert 第 1 次 等待 3 秒
2024-04-29 04:24:47 {"status":"bad","gid":"643333","msg":"添加失败！号码【1605977(-|-)】已存在！"}

2024-04-29 04:37:13 开始第 6077 次操作

2024-04-29 04:37:13 开始操作号码 【1605978】
2024-04-29 04:37:18 GSD getOne 第 1 次 等待 3 秒
2024-04-29 04:37:21 查询号码 【1605978】，返回信息 {"status":"ok","msg":"-","gid":"643370","time_insert":"2023-04-09 19:02"}
2024-04-29 04:37:21 查询号码 【1605978】，GSD为【"-"】
2024-04-29 04:37:21 ok && -
2024-04-29 04:37:23 CHB 1605978?1714336641 第 1 次 等待 3 秒
2024-04-29 04:37:26 CHB 1605978?1714336641 第 1 次 获取到号码【1605978】GSD
2024-04-29 04:37:26 未获取到号码【1605978】GSD，可能号码格式错误
2024-04-29 04:37:26 获取到号码【1605978】的GSD为【-】
2024-04-29 04:37:32 GSD insert 第 1 次 等待 3 秒
2024-04-29 04:37:35 {"status":"bad","gid":"643370","msg":"添加失败！号码【1605978(-|-)】已存在！"}
2024-04-29 04:37:35 随机等待 94 秒，约 1 分钟
2024-04-29 04:37:35 下次操作: 2024-04-29 04:39:09

2024-04-29 04:39:09 开始第 6078 次操作

2024-04-29 04:39:09 开始操作号码 【1605979】
2024-04-29 04:39:14 GSD getOne 第 1 次 等待 3 秒
2024-04-29 04:39:17 查询号码 【1605979】，返回信息 {"status":"ok","msg":"-","gid":"643408","time_insert":"2023-04-09 19:23"}
2024-04-29 04:39:17 查询号码 【1605979】，GSD为【"-"】
2024-04-29 04:39:17 ok && -
2024-04-29 04:39:19 CHB 1605979?1714336757 第 1 次 等待 3 秒
2024-04-29 04:39:22 CHB 1605979?1714336757 第 1 次 获取到号码【1605979】GSD
2024-04-29 04:39:22 未获取到号码【1605979】GSD，可能号码格式错误
2024-04-29 04:39:22 获取到号码【1605979】的GSD为【-】
2024-04-29 04:39:28 GSD insert 第 1 次 等待 3 秒
2024-04-29 04:39:31 {"status":"bad","gid":"643408","msg":"添加失败！号码【1605979(-|-)】已存在！"}
2024-04-29 04:39:31 随机等待 212 秒，约 3 分钟
2024-04-29 04:39:31 下次操作: 2024-04-29 04:43:03

2024-04-29 04:43:03 开始第 6079 次操作

2024-04-29 04:43:03 开始操作号码 【1605980】
2024-04-29 04:43:43 GSD getOne 第 1 次 等待 3 秒
2024-04-29 04:43:46 查询号码 【1605980】，返回信息 {"status":"ok","msg":"-","gid":"643428","time_insert":"2023-04-09 19:36"}
2024-04-29 04:43:46 查询号码 【1605980】，GSD为【"-"】
2024-04-29 04:43:46 ok && -
2024-04-29 04:43:47 CHB 1605980?1714337026 第 1 次 等待 3 秒
2024-04-29 04:43:50 CHB 1605980?1714337026 第 1 次 获取到号码【1605980】GSD
2024-04-29 04:43:50 未获取到号码【1605980】GSD，可能号码格式错误
2024-04-29 04:43:50 获取到号码【1605980】的GSD为【-】
2024-04-29 04:43:56 GSD insert 第 1 次 等待 3 秒
2024-04-29 04:43:59 {"status":"bad","gid":"643428","msg":"添加失败！号码【1605980(-|-)】已存在！"}
2024-04-29 04:43:59 随机等待 219 秒，约 3 分钟
2024-04-29 04:43:59 下次操作: 2024-04-29 04:47:38

2024-04-29 04:47:38 开始第 6080 次操作

2024-04-29 04:47:38 开始操作号码 【1605981】
2024-04-29 04:47:43 GSD getOne 第 1 次 等待 3 秒
2024-04-29 04:47:46 查询号码 【1605981】，返回信息 {"status":"ok","msg":"-","gid":"643460","time_insert":"2023-04-09 19:55"}
2024-04-29 04:47:46 查询号码 【1605981】，GSD为【"-"】
2024-04-29 04:47:46 ok && -
2024-04-29 04:47:48 CHB 1605981?1714337266 第 1 次 等待 3 秒
2024-04-29 04:47:51 CHB 1605981?1714337266 第 1 次 获取到号码【1605981】GSD
2024-04-29 04:47:51 未获取到号码【1605981】GSD，可能号码格式错误
2024-04-29 04:47:51 获取到号码【1605981】的GSD为【-】
2024-04-29 04:47:55 GSD insert 第 1 次 等待 3 秒
2024-04-29 04:47:58 {"status":"bad","gid":"643460","msg":"添加失败！号码【1605981(-|-)】已存在！"}

2024-04-29 05:15:08 开始第 6081 次操作

2024-04-29 05:15:08 开始操作号码 【1605982】
2024-04-29 05:15:13 GSD getOne 第 1 次 等待 3 秒
2024-04-29 05:15:16 查询号码 【1605982】，返回信息 {"status":"ok","msg":"-","gid":"643484","time_insert":"2023-04-09 20:13"}
2024-04-29 05:15:16 查询号码 【1605982】，GSD为【"-"】
2024-04-29 05:15:16 ok && -
2024-04-29 05:15:19 CHB 1605982?1714338916 第 1 次 等待 3 秒
2024-04-29 05:15:22 CHB 1605982?1714338916 第 1 次 获取到号码【1605982】GSD
2024-04-29 05:15:22 未获取到号码【1605982】GSD，可能号码格式错误
2024-04-29 05:15:22 获取到号码【1605982】的GSD为【-】
2024-04-29 05:15:26 GSD insert 第 1 次 等待 3 秒
2024-04-29 05:15:29 {"status":"bad","gid":"643484","msg":"添加失败！号码【1605982(-|-)】已存在！"}
2024-04-29 05:15:29 随机等待 176 秒，约 2 分钟
2024-04-29 05:15:29 下次操作: 2024-04-29 05:18:25

2024-04-29 05:18:25 开始第 6082 次操作

2024-04-29 05:18:25 开始操作号码 【1605983】
2024-04-29 05:18:30 GSD getOne 第 1 次 等待 3 秒
2024-04-29 05:18:33 查询号码 【1605983】，返回信息 {"status":"ok","msg":"-","gid":"643511","time_insert":"2023-04-09 20:36"}
2024-04-29 05:18:33 查询号码 【1605983】，GSD为【"-"】
2024-04-29 05:18:33 ok && -
2024-04-29 05:18:36 CHB 1605983?1714339113 第 1 次 等待 3 秒
2024-04-29 05:18:39 CHB 1605983?1714339113 第 1 次 获取到号码【1605983】GSD
2024-04-29 05:18:39 未获取到号码【1605983】GSD，可能号码格式错误
2024-04-29 05:18:39 获取到号码【1605983】的GSD为【-】
2024-04-29 05:18:44 GSD insert 第 1 次 等待 3 秒
2024-04-29 05:18:47 {"status":"bad","gid":"643511","msg":"添加失败！号码【1605983(-|-)】已存在！"}
2024-04-29 05:18:47 随机等待 91 秒，约 1 分钟
2024-04-29 05:18:47 下次操作: 2024-04-29 05:20:18

2024-04-29 05:20:18 开始第 6083 次操作

2024-04-29 05:20:18 开始操作号码 【1605984】
2024-04-29 05:20:23 GSD getOne 第 1 次 等待 3 秒
2024-04-29 05:20:26 查询号码 【1605984】，返回信息 {"status":"ok","msg":"-","gid":"643538","time_insert":"2023-04-09 20:58"}
2024-04-29 05:20:26 查询号码 【1605984】，GSD为【"-"】
2024-04-29 05:20:26 ok && -
2024-04-29 05:20:28 CHB 1605984?1714339226 第 1 次 等待 3 秒
2024-04-29 05:20:31 CHB 1605984?1714339226 第 1 次 获取到号码【1605984】GSD
2024-04-29 05:20:31 未获取到号码【1605984】GSD，可能号码格式错误
2024-04-29 05:20:31 获取到号码【1605984】的GSD为【-】
2024-04-29 05:20:36 GSD insert 第 1 次 等待 3 秒
2024-04-29 05:20:39 {"status":"bad","gid":"643538","msg":"添加失败！号码【1605984(-|-)】已存在！"}
2024-04-29 05:20:39 随机等待 219 秒，约 3 分钟
2024-04-29 05:20:39 下次操作: 2024-04-29 05:24:18

2024-04-29 05:24:18 开始第 6084 次操作

2024-04-29 05:24:18 开始操作号码 【1605985】
2024-04-29 05:24:24 GSD getOne 第 1 次 等待 3 秒
2024-04-29 05:24:27 查询号码 【1605985】，返回信息 {"status":"ok","msg":"-","gid":"643573","time_insert":"2023-04-09 21:22"}
2024-04-29 05:24:27 查询号码 【1605985】，GSD为【"-"】
2024-04-29 05:24:27 ok && -
2024-04-29 05:24:29 CHB 1605985?1714339467 第 1 次 等待 3 秒
2024-04-29 05:24:32 CHB 1605985?1714339467 第 1 次 获取到号码【1605985】GSD
2024-04-29 05:24:32 未获取到号码【1605985】GSD，可能号码格式错误
2024-04-29 05:24:32 获取到号码【1605985】的GSD为【-】
2024-04-29 05:24:38 GSD insert 第 1 次 等待 3 秒
2024-04-29 05:24:41 {"status":"bad","gid":"643573","msg":"添加失败！号码【1605985(-|-)】已存在！"}

2024-04-29 05:37:21 开始第 6085 次操作

2024-04-29 05:37:21 开始操作号码 【1605986】
2024-04-29 05:37:28 GSD getOne 第 1 次 等待 3 秒
2024-04-29 05:37:31 查询号码 【1605986】，返回信息 {"status":"ok","msg":"-","gid":"643602","time_insert":"2023-04-09 21:38"}
2024-04-29 05:37:31 查询号码 【1605986】，GSD为【"-"】
2024-04-29 05:37:31 ok && -
2024-04-29 05:37:34 CHB 1605986?1714340251 第 1 次 等待 3 秒
2024-04-29 05:37:37 CHB 1605986?1714340251 第 1 次 获取到号码【1605986】GSD
2024-04-29 05:37:37 未获取到号码【1605986】GSD，可能号码格式错误
2024-04-29 05:37:37 获取到号码【1605986】的GSD为【-】
2024-04-29 05:37:44 GSD insert 第 1 次 等待 3 秒
2024-04-29 05:37:47 {"status":"bad","gid":"643602","msg":"添加失败！号码【1605986(-|-)】已存在！"}
2024-04-29 05:37:47 随机等待 71 秒，约 1 分钟
2024-04-29 05:37:47 下次操作: 2024-04-29 05:38:58

2024-04-29 05:38:58 开始第 6086 次操作

2024-04-29 05:38:58 开始操作号码 【1605987】
2024-04-29 05:39:03 GSD getOne 第 1 次 等待 3 秒
2024-04-29 05:39:06 查询号码 【1605987】，返回信息 {"status":"ok","msg":"-","gid":"643626","time_insert":"2023-04-09 21:52"}
2024-04-29 05:39:06 查询号码 【1605987】，GSD为【"-"】
2024-04-29 05:39:06 ok && -
2024-04-29 05:39:08 CHB 1605987?1714340346 第 1 次 等待 3 秒
2024-04-29 05:39:11 CHB 1605987?1714340346 第 1 次 获取到号码【1605987】GSD
2024-04-29 05:39:11 未获取到号码【1605987】GSD，可能号码格式错误
2024-04-29 05:39:11 获取到号码【1605987】的GSD为【-】
2024-04-29 05:39:16 GSD insert 第 1 次 等待 3 秒
2024-04-29 05:39:19 {"status":"bad","gid":"643626","msg":"添加失败！号码【1605987(-|-)】已存在！"}
2024-04-29 05:39:19 随机等待 177 秒，约 2 分钟
2024-04-29 05:39:19 下次操作: 2024-04-29 05:42:16

2024-04-29 05:42:16 开始第 6087 次操作

2024-04-29 05:42:16 开始操作号码 【1605988】
2024-04-29 05:42:21 GSD getOne 第 1 次 等待 3 秒
2024-04-29 05:42:24 查询号码 【1605988】，返回信息 {"status":"ok","msg":"-","gid":"643651","time_insert":"2023-04-09 22:06"}
2024-04-29 05:42:24 查询号码 【1605988】，GSD为【"-"】
2024-04-29 05:42:24 ok && -
2024-04-29 05:42:26 CHB 1605988?1714340544 第 1 次 等待 3 秒
2024-04-29 05:42:29 CHB 1605988?1714340544 第 1 次 获取到号码【1605988】GSD
2024-04-29 05:42:29 未获取到号码【1605988】GSD，可能号码格式错误
2024-04-29 05:42:29 获取到号码【1605988】的GSD为【-】
2024-04-29 05:42:34 GSD insert 第 1 次 等待 3 秒
2024-04-29 05:42:37 {"status":"bad","gid":"643651","msg":"添加失败！号码【1605988(-|-)】已存在！"}
2024-04-29 05:42:37 随机等待 152 秒，约 2 分钟
2024-04-29 05:42:37 下次操作: 2024-04-29 05:45:09

2024-04-29 05:45:09 开始第 6088 次操作

2024-04-29 05:45:09 开始操作号码 【1605989】
2024-04-29 05:45:13 GSD getOne 第 1 次 等待 3 秒
2024-04-29 05:45:16 查询号码 【1605989】，返回信息 {"status":"ok","msg":"-","gid":"643675","time_insert":"2023-04-09 22:19"}
2024-04-29 05:45:17 查询号码 【1605989】，GSD为【"-"】
2024-04-29 05:45:17 ok && -
2024-04-29 05:45:19 CHB 1605989?1714340717 第 1 次 等待 3 秒
2024-04-29 05:45:22 CHB 1605989?1714340717 第 1 次 获取到号码【1605989】GSD
2024-04-29 05:45:22 未获取到号码【1605989】GSD，可能号码格式错误
2024-04-29 05:45:22 获取到号码【1605989】的GSD为【-】
2024-04-29 05:45:27 GSD insert 第 1 次 等待 3 秒
2024-04-29 05:45:30 {"status":"bad","gid":"643675","msg":"添加失败！号码【1605989(-|-)】已存在！"}

2024-04-29 06:15:06 开始第 6089 次操作

2024-04-29 06:15:06 开始操作号码 【1605990】
2024-04-29 06:15:12 GSD getOne 第 1 次 等待 3 秒
2024-04-29 06:15:15 查询号码 【1605990】，返回信息 {"status":"ok","msg":"-","gid":"643692","time_insert":"2023-04-09 22:33"}
2024-04-29 06:15:15 查询号码 【1605990】，GSD为【"-"】
2024-04-29 06:15:15 ok && -
2024-04-29 06:15:17 CHB 1605990?1714342515 第 1 次 等待 3 秒
2024-04-29 06:15:20 CHB 1605990?1714342515 第 1 次 获取到号码【1605990】GSD
2024-04-29 06:15:20 未获取到号码【1605990】GSD，可能号码格式错误
2024-04-29 06:15:20 获取到号码【1605990】的GSD为【-】
2024-04-29 06:15:25 GSD insert 第 1 次 等待 3 秒
2024-04-29 06:15:28 {"status":"bad","gid":"643692","msg":"添加失败！号码【1605990(-|-)】已存在！"}
2024-04-29 06:15:29 随机等待 125 秒，约 2 分钟
2024-04-29 06:15:29 下次操作: 2024-04-29 06:17:34

2024-04-29 06:17:34 开始第 6090 次操作

2024-04-29 06:17:34 开始操作号码 【1605991】
2024-04-29 06:17:39 GSD getOne 第 1 次 等待 3 秒
2024-04-29 06:17:42 查询号码 【1605991】，返回信息 {"status":"ok","msg":"-","gid":"643712","time_insert":"2023-04-09 22:44"}
2024-04-29 06:17:42 查询号码 【1605991】，GSD为【"-"】
2024-04-29 06:17:42 ok && -
2024-04-29 06:17:45 CHB 1605991?1714342662 第 1 次 等待 3 秒
2024-04-29 06:17:48 CHB 1605991?1714342662 第 1 次 获取到号码【1605991】GSD
2024-04-29 06:17:48 未获取到号码【1605991】GSD，可能号码格式错误
2024-04-29 06:17:48 获取到号码【1605991】的GSD为【-】
2024-04-29 06:17:53 GSD insert 第 1 次 等待 3 秒
2024-04-29 06:17:56 {"status":"bad","gid":"643712","msg":"添加失败！号码【1605991(-|-)】已存在！"}
2024-04-29 06:17:56 随机等待 156 秒，约 2 分钟
2024-04-29 06:17:56 下次操作: 2024-04-29 06:20:32

2024-04-29 06:20:32 开始第 6091 次操作

2024-04-29 06:20:32 开始操作号码 【1605992】
2024-04-29 06:20:37 GSD getOne 第 1 次 等待 3 秒
2024-04-29 06:20:40 查询号码 【1605992】，返回信息 {"status":"ok","msg":"-","gid":"643731","time_insert":"2023-04-09 22:59"}
2024-04-29 06:20:40 查询号码 【1605992】，GSD为【"-"】
2024-04-29 06:20:40 ok && -
2024-04-29 06:20:42 CHB 1605992?1714342840 第 1 次 等待 3 秒
2024-04-29 06:20:45 CHB 1605992?1714342840 第 1 次 获取到号码【1605992】GSD
2024-04-29 06:20:45 未获取到号码【1605992】GSD，可能号码格式错误
2024-04-29 06:20:45 获取到号码【1605992】的GSD为【-】
2024-04-29 06:20:50 GSD insert 第 1 次 等待 3 秒
2024-04-29 06:20:53 {"status":"bad","gid":"643731","msg":"添加失败！号码【1605992(-|-)】已存在！"}
2024-04-29 06:20:53 随机等待 107 秒，约 1 分钟
2024-04-29 06:20:53 下次操作: 2024-04-29 06:22:40

2024-04-29 06:22:40 开始第 6092 次操作

2024-04-29 06:22:40 开始操作号码 【1605993】
2024-04-29 06:22:45 GSD getOne 第 1 次 等待 3 秒
2024-04-29 06:22:48 查询号码 【1605993】，返回信息 {"status":"ok","msg":"-","gid":"643753","time_insert":"2023-04-09 23:16"}
2024-04-29 06:22:49 查询号码 【1605993】，GSD为【"-"】
2024-04-29 06:22:49 ok && -
2024-04-29 06:22:51 CHB 1605993?1714342969 第 1 次 等待 3 秒
2024-04-29 06:22:54 CHB 1605993?1714342969 第 1 次 获取到号码【1605993】GSD
2024-04-29 06:22:54 未获取到号码【1605993】GSD，可能号码格式错误
2024-04-29 06:22:54 获取到号码【1605993】的GSD为【-】
2024-04-29 06:22:59 GSD insert 第 1 次 等待 3 秒
2024-04-29 06:23:02 {"status":"bad","gid":"643753","msg":"添加失败！号码【1605993(-|-)】已存在！"}

2024-04-29 06:37:09 开始第 6093 次操作

2024-04-29 06:37:09 开始操作号码 【1605994】
2024-04-29 06:37:14 GSD getOne 第 1 次 等待 3 秒
2024-04-29 06:37:17 查询号码 【1605994】，返回信息 {"status":"ok","msg":"-","gid":"643772","time_insert":"2023-04-09 23:33"}
2024-04-29 06:37:17 查询号码 【1605994】，GSD为【"-"】
2024-04-29 06:37:17 ok && -
2024-04-29 06:37:19 CHB 1605994?1714343837 第 1 次 等待 3 秒
2024-04-29 06:37:22 CHB 1605994?1714343837 第 1 次 获取到号码【1605994】GSD
2024-04-29 06:37:22 未获取到号码【1605994】GSD，可能号码格式错误
2024-04-29 06:37:22 获取到号码【1605994】的GSD为【-】
2024-04-29 06:37:29 GSD insert 第 1 次 等待 3 秒
2024-04-29 06:37:32 {"status":"bad","gid":"643772","msg":"添加失败！号码【1605994(-|-)】已存在！"}
2024-04-29 06:37:32 随机等待 75 秒，约 1 分钟
2024-04-29 06:37:32 下次操作: 2024-04-29 06:38:47

2024-04-29 06:38:47 开始第 6094 次操作

2024-04-29 06:38:47 开始操作号码 【1605995】
2024-04-29 06:38:52 GSD getOne 第 1 次 等待 3 秒
2024-04-29 06:38:55 查询号码 【1605995】，返回信息 {"status":"ok","msg":"-","gid":"643784","time_insert":"2023-04-09 23:42"}
2024-04-29 06:38:55 查询号码 【1605995】，GSD为【"-"】
2024-04-29 06:38:55 ok && -
2024-04-29 06:38:58 CHB 1605995?1714343935 第 1 次 等待 3 秒
2024-04-29 06:39:01 CHB 1605995?1714343935 第 1 次 获取到号码【1605995】GSD
2024-04-29 06:39:01 未获取到号码【1605995】GSD，可能号码格式错误
2024-04-29 06:39:01 获取到号码【1605995】的GSD为【-】
2024-04-29 06:39:06 GSD insert 第 1 次 等待 3 秒
2024-04-29 06:39:09 {"status":"bad","gid":"643784","msg":"添加失败！号码【1605995(-|-)】已存在！"}
2024-04-29 06:39:09 随机等待 143 秒，约 2 分钟
2024-04-29 06:39:09 下次操作: 2024-04-29 06:41:32

2024-04-29 06:41:32 开始第 6095 次操作

2024-04-29 06:41:32 开始操作号码 【1605996】
2024-04-29 06:41:37 GSD getOne 第 1 次 等待 3 秒
2024-04-29 06:41:40 查询号码 【1605996】，返回信息 {"status":"ok","msg":"-","gid":"643804","time_insert":"2023-04-09 23:54"}
2024-04-29 06:41:40 查询号码 【1605996】，GSD为【"-"】
2024-04-29 06:41:40 ok && -
2024-04-29 06:41:43 CHB 1605996?1714344100 第 1 次 等待 3 秒
2024-04-29 06:41:46 CHB 1605996?1714344100 第 1 次 获取到号码【1605996】GSD
2024-04-29 06:41:46 未获取到号码【1605996】GSD，可能号码格式错误
2024-04-29 06:41:46 获取到号码【1605996】的GSD为【-】
2024-04-29 06:41:50 GSD insert 第 1 次 等待 3 秒
2024-04-29 06:41:53 {"status":"bad","gid":"643804","msg":"添加失败！号码【1605996(-|-)】已存在！"}
2024-04-29 06:41:53 随机等待 124 秒，约 2 分钟
2024-04-29 06:41:53 下次操作: 2024-04-29 06:43:57

2024-04-29 06:43:57 开始第 6096 次操作

2024-04-29 06:43:57 开始操作号码 【1605997】
2024-04-29 06:44:02 GSD getOne 第 1 次 等待 3 秒
2024-04-29 06:44:05 查询号码 【1605997】，返回信息 {"status":"ok","msg":"-","gid":"643822","time_insert":"2023-04-10 00:08"}
2024-04-29 06:44:05 查询号码 【1605997】，GSD为【"-"】
2024-04-29 06:44:05 ok && -
2024-04-29 06:44:07 CHB 1605997?1714344245 第 1 次 等待 3 秒
2024-04-29 06:44:10 CHB 1605997?1714344245 第 1 次 获取到号码【1605997】GSD
2024-04-29 06:44:10 未获取到号码【1605997】GSD，可能号码格式错误
2024-04-29 06:44:10 获取到号码【1605997】的GSD为【-】
2024-04-29 06:44:15 GSD insert 第 1 次 等待 3 秒
2024-04-29 06:44:18 {"status":"bad","gid":"643822","msg":"添加失败！号码【1605997(-|-)】已存在！"}

2024-04-29 07:15:15 开始第 6097 次操作

2024-04-29 07:15:15 开始操作号码 【1605998】
2024-04-29 07:15:20 GSD getOne 第 1 次 等待 3 秒
2024-04-29 07:15:23 查询号码 【1605998】，返回信息 {"status":"ok","msg":"-","gid":"643844","time_insert":"2023-04-10 00:26"}
2024-04-29 07:15:23 查询号码 【1605998】，GSD为【"-"】
2024-04-29 07:15:23 ok && -
2024-04-29 07:15:25 CHB 1605998?1714346123 第 1 次 等待 3 秒
2024-04-29 07:15:28 CHB 1605998?1714346123 第 1 次 获取到号码【1605998】GSD
2024-04-29 07:15:28 未获取到号码【1605998】GSD，可能号码格式错误
2024-04-29 07:15:28 获取到号码【1605998】的GSD为【-】
2024-04-29 07:15:35 GSD insert 第 1 次 等待 3 秒
2024-04-29 07:15:38 {"status":"bad","gid":"643844","msg":"添加失败！号码【1605998(-|-)】已存在！"}
2024-04-29 07:15:38 随机等待 181 秒，约 3 分钟
2024-04-29 07:15:38 下次操作: 2024-04-29 07:18:39

2024-04-29 07:18:39 开始第 6098 次操作

2024-04-29 07:18:39 开始操作号码 【1605999】
2024-04-29 07:18:44 GSD getOne 第 1 次 等待 3 秒
2024-04-29 07:18:47 查询号码 【1605999】，返回信息 {"status":"ok","msg":"-","gid":"643867","time_insert":"2023-04-10 00:43"}
2024-04-29 07:18:47 查询号码 【1605999】，GSD为【"-"】
2024-04-29 07:18:47 ok && -
2024-04-29 07:18:49 CHB 1605999?1714346327 第 1 次 等待 3 秒
2024-04-29 07:18:52 CHB 1605999?1714346327 第 1 次 获取到号码【1605999】GSD
2024-04-29 07:18:52 未获取到号码【1605999】GSD，可能号码格式错误
2024-04-29 07:18:52 获取到号码【1605999】的GSD为【-】
2024-04-29 07:18:57 GSD insert 第 1 次 等待 3 秒
2024-04-29 07:19:00 {"status":"bad","gid":"643867","msg":"添加失败！号码【1605999(-|-)】已存在！"}
2024-04-29 07:19:00 随机等待 89 秒，约 1 分钟
2024-04-29 07:19:00 下次操作: 2024-04-29 07:20:29

2024-04-29 07:20:29 开始第 6099 次操作

2024-04-29 07:20:29 开始操作号码 【1606000】
2024-04-29 07:21:00 GSD getOne 第 1 次 等待 3 秒
2024-04-29 07:21:03 查询号码 【1606000】，返回信息 {"status":"ok","msg":"-","gid":"643895","time_insert":"2023-04-10 01:01"}
2024-04-29 07:21:03 查询号码 【1606000】，GSD为【"-"】
2024-04-29 07:21:03 ok && -
2024-04-29 07:21:05 CHB 1606000?1714346463 第 1 次 等待 3 秒
2024-04-29 07:21:08 CHB 1606000?1714346463 第 1 次 获取到号码【1606000】GSD
2024-04-29 07:21:09 未获取到号码【1606000】GSD，可能号码格式错误
2024-04-29 07:21:09 获取到号码【1606000】的GSD为【-】
2024-04-29 07:21:15 GSD insert 第 1 次 等待 3 秒
2024-04-29 07:21:18 {"status":"bad","gid":"643895","msg":"添加失败！号码【1606000(-|-)】已存在！"}
2024-04-29 07:21:18 随机等待 190 秒，约 3 分钟
2024-04-29 07:21:18 下次操作: 2024-04-29 07:24:28

2024-04-29 07:24:28 开始第 6100 次操作

2024-04-29 07:24:28 开始操作号码 【1606001】
2024-04-29 07:24:33 GSD getOne 第 1 次 等待 3 秒
2024-04-29 07:24:36 查询号码 【1606001】，返回信息 {"status":"ok","msg":"-","gid":"643907","time_insert":"2023-04-10 01:11"}
2024-04-29 07:24:36 查询号码 【1606001】，GSD为【"-"】
2024-04-29 07:24:36 ok && -
2024-04-29 07:24:38 CHB 1606001?1714346676 第 1 次 等待 3 秒
2024-04-29 07:24:41 CHB 1606001?1714346676 第 1 次 获取到号码【1606001】GSD
2024-04-29 07:24:41 未获取到号码【1606001】GSD，可能号码格式错误
2024-04-29 07:24:41 获取到号码【1606001】的GSD为【-】
2024-04-29 07:24:46 GSD insert 第 1 次 等待 3 秒
2024-04-29 07:24:49 {"status":"bad","gid":"643907","msg":"添加失败！号码【1606001(-|-)】已存在！"}

2024-04-29 07:37:26 开始第 6101 次操作

2024-04-29 07:37:26 开始操作号码 【1606002】
2024-04-29 07:37:32 GSD getOne 第 1 次 等待 3 秒
2024-04-29 07:37:35 查询号码 【1606002】，返回信息 {"status":"ok","msg":"-","gid":"643925","time_insert":"2023-04-10 01:24"}
2024-04-29 07:37:35 查询号码 【1606002】，GSD为【"-"】
2024-04-29 07:37:35 ok && -
2024-04-29 07:37:37 CHB 1606002?1714347455 第 1 次 等待 3 秒
2024-04-29 07:37:40 CHB 1606002?1714347455 第 1 次 获取到号码【1606002】GSD
2024-04-29 07:37:40 未获取到号码【1606002】GSD，可能号码格式错误
2024-04-29 07:37:40 获取到号码【1606002】的GSD为【-】
2024-04-29 07:37:46 GSD insert 第 1 次 等待 3 秒
2024-04-29 07:37:49 {"status":"bad","gid":"643925","msg":"添加失败！号码【1606002(-|-)】已存在！"}
2024-04-29 07:37:49 随机等待 142 秒，约 2 分钟
2024-04-29 07:37:49 下次操作: 2024-04-29 07:40:11

2024-04-29 07:40:11 开始第 6102 次操作

2024-04-29 07:40:11 开始操作号码 【1606003】
2024-04-29 07:40:17 GSD getOne 第 1 次 等待 3 秒
2024-04-29 07:40:20 查询号码 【1606003】，返回信息 {"status":"ok","msg":"-","gid":"643966","time_insert":"2023-04-10 01:48"}
2024-04-29 07:40:20 查询号码 【1606003】，GSD为【"-"】
2024-04-29 07:40:20 ok && -
2024-04-29 07:40:22 CHB 1606003?1714347620 第 1 次 等待 3 秒
2024-04-29 07:40:25 CHB 1606003?1714347620 第 1 次 获取到号码【1606003】GSD
2024-04-29 07:40:25 未获取到号码【1606003】GSD，可能号码格式错误
2024-04-29 07:40:25 获取到号码【1606003】的GSD为【-】
2024-04-29 07:40:31 GSD insert 第 1 次 等待 3 秒
2024-04-29 07:40:34 {"status":"bad","gid":"643966","msg":"添加失败！号码【1606003(-|-)】已存在！"}
2024-04-29 07:40:34 随机等待 86 秒，约 1 分钟
2024-04-29 07:40:34 下次操作: 2024-04-29 07:42:00

2024-04-29 07:42:00 开始第 6103 次操作

2024-04-29 07:42:00 开始操作号码 【1606004】
2024-04-29 07:42:08 GSD getOne 第 1 次 等待 3 秒
2024-04-29 07:42:11 查询号码 【1606004】，返回信息 {"status":"ok","msg":"-","gid":"643997","time_insert":"2023-04-10 02:06"}
2024-04-29 07:42:11 查询号码 【1606004】，GSD为【"-"】
2024-04-29 07:42:11 ok && -
2024-04-29 07:42:13 CHB 1606004?1714347731 第 1 次 等待 3 秒
2024-04-29 07:42:16 CHB 1606004?1714347731 第 1 次 获取到号码【1606004】GSD
2024-04-29 07:42:16 未获取到号码【1606004】GSD，可能号码格式错误
2024-04-29 07:42:16 获取到号码【1606004】的GSD为【-】
2024-04-29 07:42:20 GSD insert 第 1 次 等待 3 秒
2024-04-29 07:42:23 {"status":"bad","gid":"643997","msg":"添加失败！号码【1606004(-|-)】已存在！"}
2024-04-29 07:42:23 随机等待 177 秒，约 2 分钟
2024-04-29 07:42:23 下次操作: 2024-04-29 07:45:20

2024-04-29 07:45:20 开始第 6104 次操作

2024-04-29 07:45:20 开始操作号码 【1606005】
2024-04-29 07:45:25 GSD getOne 第 1 次 等待 3 秒
2024-04-29 07:45:28 查询号码 【1606005】，返回信息 {"status":"ok","msg":"-","gid":"644017","time_insert":"2023-04-10 02:23"}
2024-04-29 07:45:28 查询号码 【1606005】，GSD为【"-"】
2024-04-29 07:45:28 ok && -
2024-04-29 07:45:31 CHB 1606005?1714347928 第 1 次 等待 3 秒
2024-04-29 07:45:34 CHB 1606005?1714347928 第 1 次 获取到号码【1606005】GSD
2024-04-29 07:45:34 未获取到号码【1606005】GSD，可能号码格式错误
2024-04-29 07:45:34 获取到号码【1606005】的GSD为【-】
2024-04-29 07:45:40 GSD insert 第 1 次 等待 3 秒
2024-04-29 07:45:43 {"status":"bad","gid":"644017","msg":"添加失败！号码【1606005(-|-)】已存在！"}

2024-04-29 09:14:02 开始第 6105 次操作

2024-04-29 09:14:02 开始操作号码 【1606006】
2024-04-29 09:14:07 GSD getOne 第 1 次 等待 3 秒
2024-04-29 09:14:10 查询号码 【1606006】，返回信息 {"status":"ok","msg":"-","gid":"644057","time_insert":"2023-04-10 02:47"}
2024-04-29 09:14:10 查询号码 【1606006】，GSD为【"-"】
2024-04-29 09:14:10 ok && -
2024-04-29 09:14:12 CHB 1606006?1714353250 第 1 次 等待 3 秒
2024-04-29 09:14:15 CHB 1606006?1714353250 第 1 次 获取到号码【1606006】GSD
2024-04-29 09:14:15 未获取到号码【1606006】GSD，可能号码格式错误
2024-04-29 09:14:15 获取到号码【1606006】的GSD为【-】
2024-04-29 09:14:24 GSD insert 第 1 次 等待 3 秒
2024-04-29 09:14:27 {"status":"bad","gid":"644057","msg":"添加失败！号码【1606006(-|-)】已存在！"}
2024-04-29 09:14:27 随机等待 173 秒，约 2 分钟
2024-04-29 09:14:27 下次操作: 2024-04-29 09:17:20

2024-04-29 09:17:20 开始第 6106 次操作

2024-04-29 09:17:20 开始操作号码 【1606007】
2024-04-29 09:17:26 GSD getOne 第 1 次 等待 3 秒
2024-04-29 09:17:29 查询号码 【1606007】，返回信息 {"status":"ok","msg":"-","gid":"644083","time_insert":"2023-04-10 03:02"}
2024-04-29 09:17:29 查询号码 【1606007】，GSD为【"-"】
2024-04-29 09:17:29 ok && -
2024-04-29 09:17:31 CHB 1606007?1714353449 第 1 次 等待 3 秒
2024-04-29 09:17:34 CHB 1606007?1714353449 第 1 次 获取到号码【1606007】GSD
2024-04-29 09:17:34 未获取到号码【1606007】GSD，可能号码格式错误
2024-04-29 09:17:34 获取到号码【1606007】的GSD为【-】
2024-04-29 09:17:41 GSD insert 第 1 次 等待 3 秒
2024-04-29 09:17:44 {"status":"bad","gid":"644083","msg":"添加失败！号码【1606007(-|-)】已存在！"}
2024-04-29 09:17:44 随机等待 202 秒，约 3 分钟
2024-04-29 09:17:44 下次操作: 2024-04-29 09:21:06

2024-04-29 09:21:06 开始第 6107 次操作

2024-04-29 09:21:06 开始操作号码 【1606008】
2024-04-29 09:21:11 GSD getOne 第 1 次 等待 3 秒
2024-04-29 09:21:14 查询号码 【1606008】，返回信息 {"status":"ok","msg":"-","gid":"644113","time_insert":"2023-04-10 03:19"}
2024-04-29 09:21:14 查询号码 【1606008】，GSD为【"-"】
2024-04-29 09:21:14 ok && -
2024-04-29 09:21:17 CHB 1606008?1714353674 第 1 次 等待 3 秒
2024-04-29 09:21:20 CHB 1606008?1714353674 第 1 次 获取到号码【1606008】GSD
2024-04-29 09:21:20 未获取到号码【1606008】GSD，可能号码格式错误
2024-04-29 09:21:20 获取到号码【1606008】的GSD为【-】
2024-04-29 09:21:25 GSD insert 第 1 次 等待 3 秒
2024-04-29 09:21:28 {"status":"bad","gid":"644113","msg":"添加失败！号码【1606008(-|-)】已存在！"}
2024-04-29 09:21:28 随机等待 130 秒，约 2 分钟
2024-04-29 09:21:28 下次操作: 2024-04-29 09:23:38

2024-04-29 09:23:38 开始第 6108 次操作

2024-04-29 09:23:38 开始操作号码 【1606009】
2024-04-29 09:23:43 GSD getOne 第 1 次 等待 3 秒
2024-04-29 09:23:46 查询号码 【1606009】，返回信息 {"status":"ok","msg":"-","gid":"644132","time_insert":"2023-04-10 03:30"}
2024-04-29 09:23:46 查询号码 【1606009】，GSD为【"-"】
2024-04-29 09:23:46 ok && -
2024-04-29 09:23:48 CHB 1606009?1714353826 第 1 次 等待 3 秒
2024-04-29 09:23:51 CHB 1606009?1714353826 第 1 次 获取到号码【1606009】GSD
2024-04-29 09:23:51 未获取到号码【1606009】GSD，可能号码格式错误
2024-04-29 09:23:51 获取到号码【1606009】的GSD为【-】
2024-04-29 09:23:56 GSD insert 第 1 次 等待 3 秒
2024-04-29 09:23:59 {"status":"bad","gid":"644132","msg":"添加失败！号码【1606009(-|-)】已存在！"}

2024-04-29 10:08:18 开始第 6109 次操作

2024-04-29 10:08:18 开始操作号码 【1606010】
2024-04-29 10:08:28 GSD getOne 第 1 次 等待 3 秒
2024-04-29 10:08:31 查询号码 【1606010】，返回信息 {"status":"ok","msg":"-","gid":"644148","time_insert":"2023-04-10 03:39"}
2024-04-29 10:08:31 查询号码 【1606010】，GSD为【"-"】
2024-04-29 10:08:31 ok && -
2024-04-29 10:08:33 CHB 1606010?1714356511 第 1 次 等待 3 秒
2024-04-29 10:08:36 CHB 1606010?1714356511 第 1 次 获取到号码【1606010】GSD
2024-04-29 10:08:36 未获取到号码【1606010】GSD，可能号码格式错误
2024-04-29 10:08:36 获取到号码【1606010】的GSD为【-】
2024-04-29 10:08:44 GSD insert 第 1 次 等待 3 秒
2024-04-29 10:08:47 {"status":"bad","gid":"644148","msg":"添加失败！号码【1606010(-|-)】已存在！"}
2024-04-29 10:08:47 随机等待 161 秒，约 2 分钟
2024-04-29 10:08:47 下次操作: 2024-04-29 10:11:28

2024-04-29 10:11:28 开始第 6110 次操作

2024-04-29 10:11:28 开始操作号码 【1606011】
2024-04-29 10:11:33 GSD getOne 第 1 次 等待 3 秒
2024-04-29 10:11:36 查询号码 【1606011】，返回信息 {"status":"ok","msg":"-","gid":"644181","time_insert":"2023-04-10 03:57"}
2024-04-29 10:11:36 查询号码 【1606011】，GSD为【"-"】
2024-04-29 10:11:36 ok && -
2024-04-29 10:11:38 CHB 1606011?1714356696 第 1 次 等待 3 秒
2024-04-29 10:11:41 CHB 1606011?1714356696 第 1 次 获取到号码【1606011】GSD
2024-04-29 10:11:41 未获取到号码【1606011】GSD，可能号码格式错误
2024-04-29 10:11:41 获取到号码【1606011】的GSD为【-】
2024-04-29 10:11:46 GSD insert 第 1 次 等待 3 秒
2024-04-29 10:11:49 {"status":"bad","gid":"644181","msg":"添加失败！号码【1606011(-|-)】已存在！"}
2024-04-29 10:11:49 随机等待 109 秒，约 1 分钟
2024-04-29 10:11:49 下次操作: 2024-04-29 10:13:38

2024-04-29 10:13:38 开始第 6111 次操作

2024-04-29 10:13:38 开始操作号码 【1606012】
2024-04-29 10:13:43 GSD getOne 第 1 次 等待 3 秒
2024-04-29 10:13:46 查询号码 【1606012】，返回信息 {"status":"ok","msg":"-","gid":"644205","time_insert":"2023-04-10 04:14"}
2024-04-29 10:13:47 查询号码 【1606012】，GSD为【"-"】
2024-04-29 10:13:47 ok && -
2024-04-29 10:13:49 CHB 1606012?1714356827 第 1 次 等待 3 秒
2024-04-29 10:13:52 CHB 1606012?1714356827 第 1 次 获取到号码【1606012】GSD
2024-04-29 10:13:52 未获取到号码【1606012】GSD，可能号码格式错误
2024-04-29 10:13:52 获取到号码【1606012】的GSD为【-】
2024-04-29 10:13:59 GSD insert 第 1 次 等待 3 秒
2024-04-29 10:14:02 {"status":"bad","gid":"644205","msg":"添加失败！号码【1606012(-|-)】已存在！"}
2024-04-29 10:14:02 随机等待 159 秒，约 2 分钟
2024-04-29 10:14:02 下次操作: 2024-04-29 10:16:41

2024-04-29 10:16:41 开始第 6112 次操作

2024-04-29 10:16:41 开始操作号码 【1606013】
2024-04-29 10:16:46 GSD getOne 第 1 次 等待 3 秒
2024-04-29 10:16:49 查询号码 【1606013】，返回信息 {"status":"ok","msg":"-","gid":"644240","time_insert":"2023-04-10 04:35"}
2024-04-29 10:16:49 查询号码 【1606013】，GSD为【"-"】
2024-04-29 10:16:49 ok && -
2024-04-29 10:16:51 CHB 1606013?1714357009 第 1 次 等待 3 秒
2024-04-29 10:16:54 CHB 1606013?1714357009 第 1 次 获取到号码【1606013】GSD
2024-04-29 10:16:54 未获取到号码【1606013】GSD，可能号码格式错误
2024-04-29 10:16:54 获取到号码【1606013】的GSD为【-】
2024-04-29 10:17:00 GSD insert 第 1 次 等待 3 秒
2024-04-29 10:17:03 {"status":"bad","gid":"644240","msg":"添加失败！号码【1606013(-|-)】已存在！"}

2024-04-29 10:39:55 开始第 6113 次操作

2024-04-29 10:39:55 开始操作号码 【1606014】
2024-04-29 10:40:06 GSD getOne 第 1 次 等待 3 秒
2024-04-29 10:40:09 查询号码 【1606014】，返回信息 {"status":"ok","msg":"-","gid":"644260","time_insert":"2023-04-10 04:46"}
2024-04-29 10:40:09 查询号码 【1606014】，GSD为【"-"】
2024-04-29 10:40:09 ok && -
2024-04-29 10:40:11 CHB 1606014?1714358409 第 1 次 等待 3 秒
2024-04-29 10:40:14 CHB 1606014?1714358409 第 1 次 获取到号码【1606014】GSD
2024-04-29 10:40:14 未获取到号码【1606014】GSD，可能号码格式错误
2024-04-29 10:40:14 获取到号码【1606014】的GSD为【-】
2024-04-29 10:40:19 GSD insert 第 1 次 等待 3 秒
2024-04-29 10:40:22 {"status":"bad","gid":"644260","msg":"添加失败！号码【1606014(-|-)】已存在！"}
2024-04-29 10:40:22 随机等待 99 秒，约 1 分钟
2024-04-29 10:40:22 下次操作: 2024-04-29 10:42:01

2024-04-29 10:42:01 开始第 6114 次操作

2024-04-29 10:42:02 开始操作号码 【1606015】
2024-04-29 10:42:21 GSD getOne 第 1 次 等待 3 秒
2024-04-29 10:42:24 查询号码 【1606015】，返回信息 {"status":"ok","msg":"-","gid":"644286","time_insert":"2023-04-10 05:00"}
2024-04-29 10:42:24 查询号码 【1606015】，GSD为【"-"】
2024-04-29 10:42:24 ok && -
2024-04-29 10:42:26 CHB 1606015?1714358544 第 1 次 等待 3 秒
2024-04-29 10:42:29 CHB 1606015?1714358544 第 1 次 获取到号码【1606015】GSD
2024-04-29 10:42:29 未获取到号码【1606015】GSD，可能号码格式错误
2024-04-29 10:42:29 获取到号码【1606015】的GSD为【-】
2024-04-29 10:42:34 GSD insert 第 1 次 等待 3 秒
2024-04-29 10:42:37 {"status":"bad","gid":"644286","msg":"添加失败！号码【1606015(-|-)】已存在！"}
2024-04-29 10:42:37 随机等待 139 秒，约 2 分钟
2024-04-29 10:42:37 下次操作: 2024-04-29 10:44:56

2024-04-29 10:44:56 开始第 6115 次操作

2024-04-29 10:44:56 开始操作号码 【1606016】
2024-04-29 10:45:01 GSD getOne 第 1 次 等待 3 秒
2024-04-29 10:45:04 查询号码 【1606016】，返回信息 {"status":"ok","msg":"-","gid":"644298","time_insert":"2023-04-10 05:09"}
2024-04-29 10:45:04 查询号码 【1606016】，GSD为【"-"】
2024-04-29 10:45:04 ok && -
2024-04-29 10:45:06 CHB 1606016?1714358704 第 1 次 等待 3 秒
2024-04-29 10:45:09 CHB 1606016?1714358704 第 1 次 获取到号码【1606016】GSD
2024-04-29 10:45:09 未获取到号码【1606016】GSD，可能号码格式错误
2024-04-29 10:45:09 获取到号码【1606016】的GSD为【-】
2024-04-29 10:45:14 GSD insert 第 1 次 等待 3 秒
2024-04-29 10:45:17 {"status":"bad","gid":"644298","msg":"添加失败！号码【1606016(-|-)】已存在！"}
2024-04-29 10:45:17 随机等待 111 秒，约 1 分钟
2024-04-29 10:45:17 下次操作: 2024-04-29 10:47:08

2024-04-29 10:47:08 开始第 6116 次操作

2024-04-29 10:47:08 开始操作号码 【1606017】
2024-04-29 10:47:13 GSD getOne 第 1 次 等待 3 秒
2024-04-29 10:47:16 查询号码 【1606017】，返回信息 {"status":"ok","msg":"-","gid":"644335","time_insert":"2023-04-10 05:31"}
2024-04-29 10:47:16 查询号码 【1606017】，GSD为【"-"】
2024-04-29 10:47:16 ok && -
2024-04-29 10:47:18 CHB 1606017?1714358836 第 1 次 等待 3 秒
2024-04-29 10:47:21 CHB 1606017?1714358836 第 1 次 获取到号码【1606017】GSD
2024-04-29 10:47:21 未获取到号码【1606017】GSD，可能号码格式错误
2024-04-29 10:47:21 获取到号码【1606017】的GSD为【-】
2024-04-29 10:47:25 GSD insert 第 1 次 等待 3 秒
2024-04-29 10:47:28 {"status":"bad","gid":"644335","msg":"添加失败！号码【1606017(-|-)】已存在！"}

