2024-06-13 00:23:04 开始第 389 次操作

2024-06-13 00:23:04 开始操作号码 【1490283】
2024-06-13 00:23:18 GSD getOne 第 1 次 等待 3 秒
2024-06-13 00:23:21 查询号码 【1490283】，返回信息 {"status":"ok","msg":"-","gid":"254369","time_insert":"2021-07-12 06:44"}
2024-06-13 00:23:21 查询号码 【1490283】，GSD为【"-"】
2024-06-13 00:23:21 ok && -
2024-06-13 00:23:22 CHB 1490283?1718209401 第 1 次 等待 3 秒
2024-06-13 00:23:25 CHB 1490283?1718209401 第 1 次 获取到号码【1490283】GSD
2024-06-13 00:23:25 未获取到号码【1490283】GSD，可能号码格式错误
2024-06-13 00:23:25 获取到号码【1490283】的GSD为【-】
2024-06-13 00:23:37 GSD insert 第 1 次 等待 3 秒
2024-06-13 00:23:40 {"status":"bad","gid":"254369","msg":"添加失败！号码【1490283(-|-)】已存在！"}
2024-06-13 00:23:40 随机等待 96 秒，约 1 分钟
2024-06-13 00:23:40 下次操作: 2024-06-13 00:25:16

2024-06-13 00:25:16 开始第 390 次操作

2024-06-13 00:25:16 开始操作号码 【1490284】
2024-06-13 00:25:21 GSD getOne 第 1 次 等待 3 秒
2024-06-13 00:25:24 查询号码 【1490284】，返回信息 {"status":"ok","msg":"-","gid":"254377","time_insert":"2021-07-12 06:45"}
2024-06-13 00:25:24 查询号码 【1490284】，GSD为【"-"】
2024-06-13 00:25:24 ok && -
2024-06-13 00:25:26 CHB 1490284?1718209524 第 1 次 等待 3 秒
2024-06-13 00:25:29 CHB 1490284?1718209524 第 1 次 获取到号码【1490284】GSD
2024-06-13 00:25:29 未获取到号码【1490284】GSD，可能号码格式错误
2024-06-13 00:25:29 获取到号码【1490284】的GSD为【-】
2024-06-13 00:25:34 GSD insert 第 1 次 等待 3 秒
2024-06-13 00:25:38 {"status":"bad","gid":"254377","msg":"添加失败！号码【1490284(-|-)】已存在！"}
2024-06-13 00:25:38 随机等待 135 秒，约 2 分钟
2024-06-13 00:25:38 下次操作: 2024-06-13 00:27:53

2024-06-13 00:27:53 开始第 391 次操作

2024-06-13 00:27:53 开始操作号码 【1490285】
2024-06-13 00:28:01 GSD getOne 第 1 次 等待 3 秒
2024-06-13 00:28:04 查询号码 【1490285】，返回信息 {"status":"ok","msg":"-","gid":"254383","time_insert":"2021-07-12 06:45"}
2024-06-13 00:28:04 查询号码 【1490285】，GSD为【"-"】
2024-06-13 00:28:04 ok && -
2024-06-13 00:28:06 CHB 1490285?1718209684 第 1 次 等待 3 秒
2024-06-13 00:28:09 CHB 1490285?1718209684 第 1 次 获取到号码【1490285】GSD
2024-06-13 00:28:09 未获取到号码【1490285】GSD，可能号码格式错误
2024-06-13 00:28:09 获取到号码【1490285】的GSD为【-】
2024-06-13 00:28:15 GSD insert 第 1 次 等待 3 秒
2024-06-13 00:28:18 {"status":"bad","gid":"254383","msg":"添加失败！号码【1490285(-|-)】已存在！"}
2024-06-13 00:28:18 随机等待 159 秒，约 2 分钟
2024-06-13 00:28:18 下次操作: 2024-06-13 00:30:57

2024-06-13 00:30:57 开始第 392 次操作

2024-06-13 00:30:57 开始操作号码 【1490286】
2024-06-13 00:31:11 GSD getOne 第 1 次 等待 3 秒
2024-06-13 00:31:14 查询号码 【1490286】，返回信息 {"status":"ok","msg":"-","gid":"254393","time_insert":"2021-07-12 06:45"}
2024-06-13 00:31:14 查询号码 【1490286】，GSD为【"-"】
2024-06-13 00:31:14 ok && -
2024-06-13 00:31:15 CHB 1490286?1718209874 第 1 次 等待 3 秒
2024-06-13 00:31:18 CHB 1490286?1718209874 第 1 次 获取到号码【1490286】GSD
2024-06-13 00:31:19 未获取到号码【1490286】GSD，可能号码格式错误
2024-06-13 00:31:19 获取到号码【1490286】的GSD为【-】
2024-06-13 00:31:27 GSD insert 第 1 次 等待 3 秒
2024-06-13 00:31:30 {"status":"bad","gid":"254393","msg":"添加失败！号码【1490286(-|-)】已存在！"}

