2024-09-09 00:17:00 开始第 3693 次操作

2024-09-09 00:17:00 开始操作号码 【1383692】
2024-09-09 00:17:08 GSD getOne 第 1 次 等待 3 秒
2024-09-09 00:17:11 查询号码 【1383692】，返回信息 {"status":"ok","msg":"黑龙江-大庆","gid":"100467","time_insert":"2021-06-16 23:46"}
2024-09-09 00:17:11 查询号码 【1383692】，GSD为【"黑龙江-大庆"】

2024-09-09 00:17:12 开始第 3694 次操作

2024-09-09 00:17:12 开始操作号码 【1383693】
2024-09-09 00:17:20 GSD getOne 第 1 次 等待 3 秒
2024-09-09 00:17:23 查询号码 【1383693】，返回信息 {"status":"ok","msg":"黑龙江-大庆","gid":"100504","time_insert":"2021-06-17 00:13"}
2024-09-09 00:17:23 查询号码 【1383693】，GSD为【"黑龙江-大庆"】

2024-09-09 00:17:24 开始第 3695 次操作

2024-09-09 00:17:24 开始操作号码 【1383694】
2024-09-09 00:17:32 GSD getOne 第 1 次 等待 3 秒
2024-09-09 00:17:35 查询号码 【1383694】，返回信息 {"status":"ok","msg":"黑龙江-大庆","gid":"100534","time_insert":"2021-06-17 00:37"}
2024-09-09 00:17:35 查询号码 【1383694】，GSD为【"黑龙江-大庆"】

2024-09-09 00:17:36 开始第 3696 次操作

2024-09-09 00:17:36 开始操作号码 【1383695】
2024-09-09 00:17:47 GSD getOne 第 1 次 等待 3 秒
2024-09-09 00:17:50 查询号码 【1383695】，返回信息 {"status":"ok","msg":"黑龙江-大庆","gid":"100553","time_insert":"2021-06-17 00:55"}
2024-09-09 00:17:50 查询号码 【1383695】，GSD为【"黑龙江-大庆"】

2024-09-09 00:40:51 开始第 3697 次操作

2024-09-09 00:40:51 开始操作号码 【1383696】
2024-09-09 00:41:01 GSD getOne 第 1 次 等待 3 秒
2024-09-09 00:41:04 查询号码 【1383696】，返回信息 {"status":"ok","msg":"黑龙江-大庆","gid":"11274","time_insert":"2016-11-24 11:32","time_update":"2020-08-22 23:32"}
2024-09-09 00:41:04 查询号码 【1383696】，GSD为【"黑龙江-大庆"】

2024-09-09 00:41:05 开始第 3698 次操作

2024-09-09 00:41:05 开始操作号码 【1383697】
2024-09-09 00:41:13 GSD getOne 第 1 次 等待 3 秒
2024-09-09 00:41:16 查询号码 【1383697】，返回信息 {"status":"ok","msg":"黑龙江-大庆","gid":"100586","time_insert":"2021-06-17 01:19","time_update":"2021-06-17 01:48"}
2024-09-09 00:41:16 查询号码 【1383697】，GSD为【"黑龙江-大庆"】

2024-09-09 00:41:17 开始第 3699 次操作

2024-09-09 00:41:17 开始操作号码 【1383698】
2024-09-09 00:41:27 GSD getOne 第 1 次 等待 3 秒
2024-09-09 00:41:30 查询号码 【1383698】，返回信息 {"status":"ok","msg":"黑龙江-大庆","gid":"100618","time_insert":"2021-06-17 01:49"}
2024-09-09 00:41:30 查询号码 【1383698】，GSD为【"黑龙江-大庆"】

2024-09-09 00:41:31 开始第 3700 次操作

2024-09-09 00:41:31 开始操作号码 【1383699】
2024-09-09 00:41:39 GSD getOne 第 1 次 等待 3 秒
2024-09-09 00:41:42 查询号码 【1383699】，返回信息 {"status":"ok","msg":"黑龙江-大庆","gid":"100649","time_insert":"2021-06-17 02:16"}
2024-09-09 00:41:42 查询号码 【1383699】，GSD为【"黑龙江-大庆"】

