2024-05-07 00:23:36 开始第 7445 次操作

2024-05-07 00:23:36 开始操作号码 【1607346】
2024-05-07 00:23:42 GSD getOne 第 1 次 等待 3 秒
2024-05-07 00:23:45 查询号码 【1607346】，返回信息 {"status":"ok","msg":"-","gid":"675556","time_insert":"2023-04-25 02:08"}
2024-05-07 00:23:45 查询号码 【1607346】，GSD为【"-"】
2024-05-07 00:23:45 ok && -
2024-05-07 00:23:48 CHB 1607346?1715012625 第 1 次 等待 3 秒
2024-05-07 00:23:51 CHB 1607346?1715012625 第 1 次 获取到号码【1607346】GSD
2024-05-07 00:23:51 未获取到号码【1607346】GSD，可能号码格式错误
2024-05-07 00:23:51 获取到号码【1607346】的GSD为【-】
2024-05-07 00:23:58 GSD insert 第 1 次 等待 3 秒
2024-05-07 00:24:01 {"status":"bad","gid":"675556","msg":"添加失败！号码【1607346(-|-)】已存在！"}
2024-05-07 00:24:01 随机等待 121 秒，约 2 分钟
2024-05-07 00:24:01 下次操作: 2024-05-07 00:26:02

2024-05-07 00:26:02 开始第 7446 次操作

2024-05-07 00:26:02 开始操作号码 【1607347】
2024-05-07 00:26:08 GSD getOne 第 1 次 等待 3 秒
2024-05-07 00:26:11 查询号码 【1607347】，返回信息 {"status":"ok","msg":"-","gid":"675579","time_insert":"2023-04-25 02:28"}
2024-05-07 00:26:11 查询号码 【1607347】，GSD为【"-"】
2024-05-07 00:26:11 ok && -
2024-05-07 00:26:13 CHB 1607347?1715012771 第 1 次 等待 3 秒
2024-05-07 00:26:16 CHB 1607347?1715012771 第 1 次 获取到号码【1607347】GSD
2024-05-07 00:26:16 未获取到号码【1607347】GSD，可能号码格式错误
2024-05-07 00:26:16 获取到号码【1607347】的GSD为【-】
2024-05-07 00:26:51 GSD insert 第 1 次 等待 3 秒
2024-05-07 00:26:54 {"status":"bad","gid":"675579","msg":"添加失败！号码【1607347(-|-)】已存在！"}
2024-05-07 00:26:54 随机等待 107 秒，约 1 分钟
2024-05-07 00:26:54 下次操作: 2024-05-07 00:28:41

2024-05-07 00:28:41 开始第 7447 次操作

2024-05-07 00:28:41 开始操作号码 【1607348】
2024-05-07 00:28:47 GSD getOne 第 1 次 等待 3 秒
2024-05-07 00:28:50 查询号码 【1607348】，返回信息 {"status":"ok","msg":"-","gid":"675613","time_insert":"2023-04-25 02:48"}
2024-05-07 00:28:50 查询号码 【1607348】，GSD为【"-"】
2024-05-07 00:28:50 ok && -
2024-05-07 00:28:52 CHB 1607348?1715012930 第 1 次 等待 3 秒
2024-05-07 00:28:55 CHB 1607348?1715012930 第 1 次 获取到号码【1607348】GSD
2024-05-07 00:28:55 未获取到号码【1607348】GSD，可能号码格式错误
2024-05-07 00:28:55 获取到号码【1607348】的GSD为【-】
2024-05-07 00:29:04 GSD insert 第 1 次 等待 3 秒
2024-05-07 00:29:07 {"status":"bad","gid":"675613","msg":"添加失败！号码【1607348(-|-)】已存在！"}
2024-05-07 00:29:07 随机等待 102 秒，约 1 分钟
2024-05-07 00:29:07 下次操作: 2024-05-07 00:30:49

2024-05-07 00:30:49 开始第 7448 次操作

2024-05-07 00:30:49 开始操作号码 【1607349】
2024-05-07 00:30:54 GSD getOne 第 1 次 等待 3 秒
2024-05-07 00:30:57 查询号码 【1607349】，返回信息 {"status":"ok","msg":"-","gid":"675643","time_insert":"2023-04-25 03:09"}
2024-05-07 00:30:57 查询号码 【1607349】，GSD为【"-"】
2024-05-07 00:30:57 ok && -
2024-05-07 00:31:00 CHB 1607349?1715013057 第 1 次 等待 3 秒
2024-05-07 00:31:03 CHB 1607349?1715013057 第 1 次 获取到号码【1607349】GSD
2024-05-07 00:31:03 未获取到号码【1607349】GSD，可能号码格式错误
2024-05-07 00:31:03 获取到号码【1607349】的GSD为【-】
2024-05-07 00:31:11 GSD insert 第 1 次 等待 3 秒
2024-05-07 00:31:14 {"status":"bad","gid":"675643","msg":"添加失败！号码【1607349(-|-)】已存在！"}

