2021-07-12 00:00:00 开始第 17 次操作

2021-07-12 00:00:00 开始操作号码 【1652979】
2021-07-12 00:00:24 GSD getOne 第 1 次 等待 1 秒
2021-07-12 00:00:25 查询号码 【1652979】，返回信息 {"status":"bad","msg":""}
2021-07-12 00:00:25 查询号码 【1652979】，GSD为【""】
2021-07-12 00:00:25 bad
2021-07-12 00:00:26 CHB 1652979?1626019225 第 1 次 等待 1 秒
2021-07-12 00:00:27 CHB 1652979?1626019225 第 1 次 获取到号码【1652979】GSD
2021-07-12 00:00:28 获取到号码【1652979】的GSD为【浙江-台州】
2021-07-12 00:00:49 GSD insert 第 1 次 等待 1 秒
2021-07-12 00:00:50 {"status":"ok","msg":"添加成功！251946"}
2021-07-12 00:00:50 下次操作: 2021-07-12 00:01:06

2021-07-12 00:01:06 开始第 18 次操作

2021-07-12 00:01:06 开始操作号码 【1652980】
2021-07-12 00:01:10 GSD getOne 第 1 次 等待 1 秒
2021-07-12 00:01:11 查询号码 【1652980】，返回信息 {"status":"bad","msg":""}
2021-07-12 00:01:11 查询号码 【1652980】，GSD为【""】
2021-07-12 00:01:11 bad
2021-07-12 00:01:13 CHB 1652980?1626019271 第 1 次 等待 1 秒
2021-07-12 00:01:14 CHB 1652980?1626019271 第 1 次 获取到号码【1652980】GSD
2021-07-12 00:01:15 获取到号码【1652980】的GSD为【浙江-温州】
2021-07-12 00:01:34 GSD insert 第 1 次 等待 1 秒
2021-07-12 00:01:35 {"status":"ok","msg":"添加成功！251951"}
2021-07-12 00:01:35 下次操作: 2021-07-12 00:01:44

2021-07-12 00:01:44 开始第 19 次操作

2021-07-12 00:01:44 开始操作号码 【1652981】
2021-07-12 00:01:58 GSD getOne 第 1 次 等待 1 秒
2021-07-12 00:01:59 查询号码 【1652981】，返回信息 {"status":"bad","msg":""}
2021-07-12 00:01:59 查询号码 【1652981】，GSD为【""】
2021-07-12 00:01:59 bad
2021-07-12 00:02:00 CHB 1652981?1626019319 第 1 次 等待 1 秒
2021-07-12 00:02:01 CHB 1652981?1626019319 第 1 次 获取到号码【1652981】GSD
2021-07-12 00:02:01 获取到号码【1652981】的GSD为【浙江-温州】
2021-07-12 00:02:23 GSD insert 第 1 次 等待 1 秒
2021-07-12 00:02:24 {"status":"ok","msg":"添加成功！251956"}
2021-07-12 00:02:24 下次操作: 2021-07-12 00:02:39

2021-07-12 00:02:39 开始第 20 次操作

2021-07-12 00:02:39 开始操作号码 【1652982】
2021-07-12 00:02:52 GSD getOne 第 1 次 等待 1 秒
2021-07-12 00:02:53 查询号码 【1652982】，返回信息 {"status":"bad","msg":""}
2021-07-12 00:02:53 查询号码 【1652982】，GSD为【""】
2021-07-12 00:02:53 bad
2021-07-12 00:02:57 CHB 1652982?1626019373 第 1 次 等待 1 秒
2021-07-12 00:02:58 CHB 1652982?1626019373 第 1 次 获取到号码【1652982】GSD
2021-07-12 00:02:58 获取到号码【1652982】的GSD为【浙江-金华】
2021-07-12 00:03:17 GSD insert 第 1 次 等待 1 秒
2021-07-12 00:03:18 {"status":"ok","msg":"添加成功！251962"}
2021-07-12 00:03:18 下次操作: 2021-07-12 00:03:35

2021-07-12 00:03:35 开始第 21 次操作

2021-07-12 00:03:35 开始操作号码 【1652983】
2021-07-12 00:03:39 GSD getOne 第 1 次 等待 1 秒
2021-07-12 00:03:40 查询号码 【1652983】，返回信息 {"status":"bad","msg":""}
2021-07-12 00:03:40 查询号码 【1652983】，GSD为【""】
2021-07-12 00:03:40 bad
2021-07-12 00:03:42 CHB 1652983?1626019420 第 1 次 等待 1 秒
2021-07-12 00:03:43 CHB 1652983?1626019420 第 1 次 获取到号码【1652983】GSD
2021-07-12 00:03:43 获取到号码【1652983】的GSD为【浙江-台州】
2021-07-12 00:04:02 GSD insert 第 1 次 等待 1 秒
2021-07-12 00:04:03 {"status":"ok","msg":"添加成功！251968"}
2021-07-12 00:04:03 下次操作: 2021-07-12 00:04:16

2021-07-12 00:04:16 开始第 22 次操作

2021-07-12 00:04:16 开始操作号码 【1652984】
2021-07-12 00:04:29 GSD getOne 第 1 次 等待 1 秒
2021-07-12 00:04:30 查询号码 【1652984】，返回信息 {"status":"bad","msg":""}
2021-07-12 00:04:30 查询号码 【1652984】，GSD为【""】
2021-07-12 00:04:30 bad
2021-07-12 00:04:33 CHB 1652984?1626019470 第 1 次 等待 1 秒
2021-07-12 00:04:34 CHB 1652984?1626019470 第 1 次 获取到号码【1652984】GSD
2021-07-12 00:04:34 获取到号码【1652984】的GSD为【山东-泰安】
2021-07-12 00:04:53 GSD insert 第 1 次 等待 1 秒
2021-07-12 00:04:54 {"status":"ok","msg":"添加成功！251973"}
2021-07-12 00:04:54 下次操作: 2021-07-12 00:05:07

2021-07-12 00:05:07 开始第 23 次操作

2021-07-12 00:05:07 开始操作号码 【1652985】
2021-07-12 00:05:13 GSD getOne 第 1 次 等待 1 秒
2021-07-12 00:05:14 查询号码 【1652985】，返回信息 {"status":"bad","msg":""}
2021-07-12 00:05:14 查询号码 【1652985】，GSD为【""】
2021-07-12 00:05:14 bad
2021-07-12 00:05:16 CHB 1652985?1626019514 第 1 次 等待 1 秒
2021-07-12 00:05:17 CHB 1652985?1626019514 第 1 次 获取到号码【1652985】GSD
2021-07-12 00:05:17 获取到号码【1652985】的GSD为【山东-菏泽】
2021-07-12 00:05:36 GSD insert 第 1 次 等待 1 秒
2021-07-12 00:05:37 {"status":"ok","msg":"添加成功！251977"}
2021-07-12 00:05:37 下次操作: 2021-07-12 00:05:45

2021-07-12 00:05:45 开始第 24 次操作

2021-07-12 00:05:45 开始操作号码 【1652986】
2021-07-12 00:06:02 GSD getOne 第 1 次 等待 1 秒
2021-07-12 00:06:03 查询号码 【1652986】，返回信息 {"status":"bad","msg":""}
2021-07-12 00:06:03 查询号码 【1652986】，GSD为【""】
2021-07-12 00:06:03 bad
2021-07-12 00:06:05 CHB 1652986?1626019563 第 1 次 等待 1 秒
2021-07-12 00:06:06 CHB 1652986?1626019563 第 1 次 获取到号码【1652986】GSD
2021-07-12 00:06:06 获取到号码【1652986】的GSD为【安徽-蚌埠】
2021-07-12 00:06:25 GSD insert 第 1 次 等待 1 秒
2021-07-12 00:06:26 {"status":"ok","msg":"添加成功！251982"}
2021-07-12 00:06:26 下次操作: 2021-07-12 00:06:34

2021-07-12 00:06:34 开始第 25 次操作

2021-07-12 00:06:34 开始操作号码 【1652987】
2021-07-12 00:06:44 GSD getOne 第 1 次 等待 1 秒
2021-07-12 00:06:45 查询号码 【1652987】，返回信息 {"status":"bad","msg":""}
2021-07-12 00:06:45 查询号码 【1652987】，GSD为【""】
2021-07-12 00:06:45 bad
2021-07-12 00:06:48 CHB 1652987?1626019605 第 1 次 等待 1 秒
2021-07-12 00:06:49 CHB 1652987?1626019605 第 1 次 获取到号码【1652987】GSD
2021-07-12 00:06:49 获取到号码【1652987】的GSD为【江苏-苏州】
2021-07-12 00:07:08 GSD insert 第 1 次 等待 1 秒
2021-07-12 00:07:09 {"status":"ok","msg":"添加成功！251988"}
2021-07-12 00:07:09 下次操作: 2021-07-12 00:07:15

2021-07-12 00:07:15 开始第 26 次操作

2021-07-12 00:07:15 开始操作号码 【1652988】
2021-07-12 00:07:34 GSD getOne 第 1 次 等待 1 秒
2021-07-12 00:07:35 查询号码 【1652988】，返回信息 {"status":"bad","msg":""}
2021-07-12 00:07:35 查询号码 【1652988】，GSD为【""】
2021-07-12 00:07:35 bad
2021-07-12 00:07:38 CHB 1652988?1626019655 第 1 次 等待 1 秒
2021-07-12 00:07:39 CHB 1652988?1626019655 第 1 次 获取到号码【1652988】GSD
2021-07-12 00:07:39 获取到号码【1652988】的GSD为【山东-临沂】
2021-07-12 00:08:03 GSD insert 第 1 次 等待 1 秒
2021-07-12 00:08:04 {"status":"ok","msg":"添加成功！251994"}
2021-07-12 00:08:04 下次操作: 2021-07-12 00:08:21

2021-07-12 00:08:21 开始第 27 次操作

2021-07-12 00:08:21 开始操作号码 【1652989】
2021-07-12 00:08:33 GSD getOne 第 1 次 等待 1 秒
2021-07-12 00:08:34 查询号码 【1652989】，返回信息 {"status":"bad","msg":""}
2021-07-12 00:08:34 查询号码 【1652989】，GSD为【""】
2021-07-12 00:08:34 bad
2021-07-12 00:08:38 CHB 1652989?1626019714 第 1 次 等待 1 秒
2021-07-12 00:08:39 CHB 1652989?1626019714 第 1 次 获取到号码【1652989】GSD
2021-07-12 00:08:39 获取到号码【1652989】的GSD为【吉林-长春】
2021-07-12 00:08:58 GSD insert 第 1 次 等待 1 秒
2021-07-12 00:08:59 {"status":"ok","msg":"添加成功！251999"}
2021-07-12 00:08:59 下次操作: 2021-07-12 00:09:09

2021-07-12 00:09:09 开始第 28 次操作

2021-07-12 00:09:09 开始操作号码 【1652990】
2021-07-12 00:09:21 GSD getOne 第 1 次 等待 1 秒
2021-07-12 00:09:22 查询号码 【1652990】，返回信息 {"status":"bad","msg":""}
2021-07-12 00:09:22 查询号码 【1652990】，GSD为【""】
2021-07-12 00:09:22 bad
2021-07-12 00:09:24 CHB 1652990?1626019762 第 1 次 等待 1 秒
2021-07-12 00:09:25 CHB 1652990?1626019762 第 1 次 获取到号码【1652990】GSD
2021-07-12 00:09:25 获取到号码【1652990】的GSD为【江苏-苏州】
2021-07-12 00:10:01 GSD insert 第 1 次 等待 1 秒
2021-07-12 00:10:02 {"status":"ok","msg":"添加成功！252002"}
2021-07-12 00:10:02 下次操作: 2021-07-12 00:10:14

2021-07-12 00:10:14 开始第 29 次操作

2021-07-12 00:10:14 开始操作号码 【1652991】
2021-07-12 00:10:23 GSD getOne 第 1 次 等待 1 秒
2021-07-12 00:10:24 查询号码 【1652991】，返回信息 {"status":"bad","msg":""}
2021-07-12 00:10:24 查询号码 【1652991】，GSD为【""】
2021-07-12 00:10:24 bad
2021-07-12 00:10:26 CHB 1652991?1626019824 第 1 次 等待 1 秒
2021-07-12 00:10:27 CHB 1652991?1626019824 第 1 次 获取到号码【1652991】GSD
2021-07-12 00:10:27 获取到号码【1652991】的GSD为【山东-菏泽】
2021-07-12 00:10:46 GSD insert 第 1 次 等待 1 秒
2021-07-12 00:10:47 {"status":"ok","msg":"添加成功！252006"}
2021-07-12 00:10:47 下次操作: 2021-07-12 00:10:53

2021-07-12 00:10:53 开始第 30 次操作

2021-07-12 00:10:53 开始操作号码 【1652992】
2021-07-12 00:11:12 GSD getOne 第 1 次 等待 1 秒
2021-07-12 00:11:13 查询号码 【1652992】，返回信息 {"status":"bad","msg":""}
2021-07-12 00:11:13 查询号码 【1652992】，GSD为【""】
2021-07-12 00:11:13 bad
2021-07-12 00:11:15 CHB 1652992?1626019873 第 1 次 等待 1 秒
2021-07-12 00:11:16 CHB 1652992?1626019873 第 1 次 获取到号码【1652992】GSD
2021-07-12 00:11:16 获取到号码【1652992】的GSD为【黑龙江-哈尔滨】
2021-07-12 00:11:41 GSD insert 第 1 次 等待 1 秒
2021-07-12 00:11:42 {"status":"ok","msg":"添加成功！252012"}

2021-07-12 01:00:58 开始第 1 次操作

2021-07-12 01:00:58 开始操作号码 【1652993】
2021-07-12 01:01:02 GSD getOne 第 1 次 等待 1 秒
2021-07-12 01:01:03 查询号码 【1652993】，返回信息 {"status":"ok","msg":"黑龙江-哈尔滨","time_insert":"2021-07-12 00:38"}
2021-07-12 01:01:03 查询号码 【1652993】，GSD为【"黑龙江-哈尔滨"】

2021-07-12 01:01:03 开始第 1 次操作

2021-07-12 01:01:03 开始操作号码 【1652994】
2021-07-12 01:01:07 GSD getOne 第 1 次 等待 1 秒
2021-07-12 01:01:08 查询号码 【1652994】，返回信息 {"status":"ok","msg":"黑龙江-哈尔滨","time_insert":"2021-07-12 00:39"}
2021-07-12 01:01:08 查询号码 【1652994】，GSD为【"黑龙江-哈尔滨"】

2021-07-12 01:01:08 开始第 1 次操作

2021-07-12 01:01:08 开始操作号码 【1652995】
2021-07-12 01:01:12 GSD getOne 第 1 次 等待 1 秒
2021-07-12 01:01:13 查询号码 【1652995】，返回信息 {"status":"ok","msg":"黑龙江-哈尔滨","time_insert":"2021-07-12 00:40"}
2021-07-12 01:01:13 查询号码 【1652995】，GSD为【"黑龙江-哈尔滨"】

2021-07-12 01:01:13 开始第 1 次操作

2021-07-12 01:01:13 开始操作号码 【1652996】
2021-07-12 01:01:18 GSD getOne 第 1 次 等待 1 秒
2021-07-12 01:01:19 查询号码 【1652996】，返回信息 {"status":"ok","msg":"吉林-松原","time_insert":"2021-07-12 00:41"}
2021-07-12 01:01:19 查询号码 【1652996】，GSD为【"吉林-松原"】

2021-07-12 01:01:19 开始第 1 次操作

2021-07-12 01:01:19 开始操作号码 【1652997】
2021-07-12 01:01:23 GSD getOne 第 1 次 等待 1 秒
2021-07-12 01:01:24 查询号码 【1652997】，返回信息 {"status":"ok","msg":"黑龙江-哈尔滨","time_insert":"2021-07-12 00:42"}
2021-07-12 01:01:24 查询号码 【1652997】，GSD为【"黑龙江-哈尔滨"】

2021-07-12 01:01:24 开始第 1 次操作

2021-07-12 01:01:24 开始操作号码 【1652998】
2021-07-12 01:01:28 GSD getOne 第 1 次 等待 1 秒
2021-07-12 01:01:29 查询号码 【1652998】，返回信息 {"status":"ok","msg":"黑龙江-哈尔滨","time_insert":"2021-07-12 00:42"}
2021-07-12 01:01:29 查询号码 【1652998】，GSD为【"黑龙江-哈尔滨"】

2021-07-12 01:01:29 开始第 1 次操作

2021-07-12 01:01:29 开始操作号码 【1652999】
2021-07-12 01:01:33 GSD getOne 第 1 次 等待 1 秒
2021-07-12 01:01:34 查询号码 【1652999】，返回信息 {"status":"ok","msg":"-","time_insert":"2021-07-12 00:43"}
2021-07-12 01:01:34 查询号码 【1652999】，GSD为【"-"】
2021-07-12 01:01:34 ok && -
2021-07-12 01:01:36 CHB 1652999?1626022894 第 1 次 等待 1 秒
2021-07-12 01:01:37 CHB 1652999?1626022894 第 1 次 获取到号码【1652999】GSD
2021-07-12 01:01:37 未获取到号码【1652999】GSD，可能号码格式错误
2021-07-12 01:01:37 获取到号码【1652999】的GSD为【-】
2021-07-12 01:01:47 GSD insert 第 1 次 等待 1 秒
2021-07-12 01:01:48 {"status":"bad","msg":"添加失败！号码【1652999(-|-)】已存在！"}
2021-07-12 01:01:48 下次操作: 2021-07-12 01:01:57

2021-07-12 01:01:57 开始第 2 次操作

2021-07-12 01:01:57 开始操作号码 【1653000】
2021-07-12 01:02:01 GSD getOne 第 1 次 等待 1 秒
2021-07-12 01:02:02 查询号码 【1653000】，返回信息 {"status":"ok","msg":"北京-北京","time_insert":"2021-07-12 00:44"}
2021-07-12 01:02:02 查询号码 【1653000】，GSD为【"北京-北京"】

2021-07-12 01:02:02 开始第 2 次操作

2021-07-12 01:02:02 开始操作号码 【1653001】
2021-07-12 01:02:06 GSD getOne 第 1 次 等待 1 秒
2021-07-12 01:02:07 查询号码 【1653001】，返回信息 {"status":"ok","msg":"黑龙江-哈尔滨","time_insert":"2021-07-12 00:45"}
2021-07-12 01:02:07 查询号码 【1653001】，GSD为【"黑龙江-哈尔滨"】

2021-07-12 01:02:07 开始第 2 次操作

2021-07-12 01:02:07 开始操作号码 【1653002】
2021-07-12 01:02:13 GSD getOne 第 1 次 等待 1 秒
2021-07-12 01:02:14 查询号码 【1653002】，返回信息 {"status":"ok","msg":"黑龙江-哈尔滨","time_insert":"2021-07-12 00:46"}
2021-07-12 01:02:14 查询号码 【1653002】，GSD为【"黑龙江-哈尔滨"】

2021-07-12 01:02:14 开始第 2 次操作

2021-07-12 01:02:14 开始操作号码 【1653003】
2021-07-12 01:02:18 GSD getOne 第 1 次 等待 1 秒
2021-07-12 01:02:19 查询号码 【1653003】，返回信息 {"status":"ok","msg":"黑龙江-哈尔滨","time_insert":"2021-07-12 00:46"}
2021-07-12 01:02:19 查询号码 【1653003】，GSD为【"黑龙江-哈尔滨"】

2021-07-12 01:02:19 开始第 2 次操作

2021-07-12 01:02:19 开始操作号码 【1653004】
2021-07-12 01:02:24 GSD getOne 第 1 次 等待 1 秒
2021-07-12 01:02:25 查询号码 【1653004】，返回信息 {"status":"ok","msg":"黑龙江-黑河","time_insert":"2021-07-12 00:47"}
2021-07-12 01:02:25 查询号码 【1653004】，GSD为【"黑龙江-黑河"】

2021-07-12 01:02:25 开始第 2 次操作

2021-07-12 01:02:25 开始操作号码 【1653005】
2021-07-12 01:02:29 GSD getOne 第 1 次 等待 1 秒
2021-07-12 01:02:30 查询号码 【1653005】，返回信息 {"status":"ok","msg":"黑龙江-哈尔滨","time_insert":"2021-07-12 00:48"}
2021-07-12 01:02:30 查询号码 【1653005】，GSD为【"黑龙江-哈尔滨"】

2021-07-12 01:02:30 开始第 2 次操作

2021-07-12 01:02:30 开始操作号码 【1653006】
2021-07-12 01:02:34 GSD getOne 第 1 次 等待 1 秒
2021-07-12 01:02:35 查询号码 【1653006】，返回信息 {"status":"ok","msg":"黑龙江-哈尔滨","time_insert":"2021-07-12 00:49"}
2021-07-12 01:02:35 查询号码 【1653006】，GSD为【"黑龙江-哈尔滨"】

2021-07-12 01:02:35 开始第 2 次操作

2021-07-12 01:02:35 开始操作号码 【1653007】
2021-07-12 01:02:39 GSD getOne 第 1 次 等待 1 秒
2021-07-12 01:02:40 查询号码 【1653007】，返回信息 {"status":"ok","msg":"黑龙江-哈尔滨","time_insert":"2021-07-12 00:50"}
2021-07-12 01:02:40 查询号码 【1653007】，GSD为【"黑龙江-哈尔滨"】

2021-07-12 01:02:40 开始第 2 次操作

2021-07-12 01:02:40 开始操作号码 【1653008】
2021-07-12 01:02:44 GSD getOne 第 1 次 等待 1 秒
2021-07-12 01:02:45 查询号码 【1653008】，返回信息 {"status":"ok","msg":"黑龙江-哈尔滨","time_insert":"2021-07-12 00:50"}
2021-07-12 01:02:45 查询号码 【1653008】，GSD为【"黑龙江-哈尔滨"】

2021-07-12 01:02:45 开始第 2 次操作

2021-07-12 01:02:45 开始操作号码 【1653009】
2021-07-12 01:02:48 GSD getOne 第 1 次 等待 1 秒
2021-07-12 01:02:49 查询号码 【1653009】，返回信息 {"status":"ok","msg":"黑龙江-哈尔滨","time_insert":"2021-07-12 00:51"}
2021-07-12 01:02:50 查询号码 【1653009】，GSD为【"黑龙江-哈尔滨"】

2021-07-12 01:02:50 开始第 2 次操作

2021-07-12 01:02:50 开始操作号码 【1653010】
2021-07-12 01:02:53 GSD getOne 第 1 次 等待 1 秒
2021-07-12 01:02:54 查询号码 【1653010】，返回信息 {"status":"ok","msg":"江苏-盐城","time_insert":"2021-07-12 00:52"}
2021-07-12 01:02:54 查询号码 【1653010】，GSD为【"江苏-盐城"】

2021-07-12 01:02:54 开始第 2 次操作

2021-07-12 01:02:54 开始操作号码 【1653011】
2021-07-12 01:02:59 GSD getOne 第 1 次 等待 1 秒
2021-07-12 01:03:00 查询号码 【1653011】，返回信息 {"status":"ok","msg":"浙江-台州","time_insert":"2021-07-12 00:53"}
2021-07-12 01:03:00 查询号码 【1653011】，GSD为【"浙江-台州"】

2021-07-12 01:03:00 开始第 2 次操作

2021-07-12 01:03:00 开始操作号码 【1653012】
2021-07-12 01:03:04 GSD getOne 第 1 次 等待 1 秒
2021-07-12 01:03:05 查询号码 【1653012】，返回信息 {"status":"ok","msg":"安徽-合肥","time_insert":"2021-07-12 00:54"}
2021-07-12 01:03:06 查询号码 【1653012】，GSD为【"安徽-合肥"】

2021-07-12 01:03:06 开始第 2 次操作

2021-07-12 01:03:06 开始操作号码 【1653013】
2021-07-12 01:03:09 GSD getOne 第 1 次 等待 1 秒
2021-07-12 01:03:10 查询号码 【1653013】，返回信息 {"status":"ok","msg":"河南-南阳","time_insert":"2021-07-12 00:55"}
2021-07-12 01:03:10 查询号码 【1653013】，GSD为【"河南-南阳"】

2021-07-12 01:03:10 开始第 2 次操作

2021-07-12 01:03:10 开始操作号码 【1653014】
2021-07-12 01:03:14 GSD getOne 第 1 次 等待 1 秒
2021-07-12 01:03:15 查询号码 【1653014】，返回信息 {"status":"ok","msg":"黑龙江-鹤岗","time_insert":"2021-07-12 00:55"}
2021-07-12 01:03:15 查询号码 【1653014】，GSD为【"黑龙江-鹤岗"】

2021-07-12 01:03:15 开始第 2 次操作

2021-07-12 01:03:15 开始操作号码 【1653015】
2021-07-12 01:03:20 GSD getOne 第 1 次 等待 1 秒
2021-07-12 01:03:21 查询号码 【1653015】，返回信息 {"status":"ok","msg":"北京-北京","time_insert":"2021-07-12 00:56"}
2021-07-12 01:03:21 查询号码 【1653015】，GSD为【"北京-北京"】

2021-07-12 01:03:21 开始第 2 次操作

2021-07-12 01:03:21 开始操作号码 【1653016】
2021-07-12 01:03:25 GSD getOne 第 1 次 等待 1 秒
2021-07-12 01:03:26 查询号码 【1653016】，返回信息 {"status":"ok","msg":"北京-北京","time_insert":"2021-07-12 00:57"}
2021-07-12 01:03:26 查询号码 【1653016】，GSD为【"北京-北京"】

2021-07-12 01:03:26 开始第 2 次操作

2021-07-12 01:03:26 开始操作号码 【1653017】
2021-07-12 01:03:29 GSD getOne 第 1 次 等待 1 秒
2021-07-12 01:03:30 查询号码 【1653017】，返回信息 {"status":"ok","msg":"江苏-盐城","time_insert":"2021-07-12 00:58"}
2021-07-12 01:03:30 查询号码 【1653017】，GSD为【"江苏-盐城"】

2021-07-12 01:03:30 开始第 2 次操作

2021-07-12 01:03:30 开始操作号码 【1653018】
2021-07-12 01:03:37 GSD getOne 第 1 次 等待 1 秒
2021-07-12 01:03:38 查询号码 【1653018】，返回信息 {"status":"ok","msg":"安徽-阜阳","time_insert":"2021-07-12 00:59"}
2021-07-12 01:03:38 查询号码 【1653018】，GSD为【"安徽-阜阳"】

2021-07-12 01:03:38 开始第 2 次操作

2021-07-12 01:03:38 开始操作号码 【1653019】
2021-07-12 01:03:41 GSD getOne 第 1 次 等待 1 秒
2021-07-12 01:03:42 查询号码 【1653019】，返回信息 {"status":"ok","msg":"河南-南阳","time_insert":"2021-07-12 00:59"}
2021-07-12 01:03:43 查询号码 【1653019】，GSD为【"河南-南阳"】

2021-07-12 01:03:43 开始第 2 次操作

2021-07-12 01:03:43 开始操作号码 【1653020】
2021-07-12 01:03:52 GSD getOne 第 1 次 等待 1 秒
2021-07-12 01:03:53 查询号码 【1653020】，返回信息 {"status":"bad","msg":""}
2021-07-12 01:03:53 查询号码 【1653020】，GSD为【""】
2021-07-12 01:03:53 bad
2021-07-12 01:03:55 CHB 1653020?1626023033 第 1 次 等待 1 秒
2021-07-12 01:03:56 CHB 1653020?1626023033 第 1 次 获取到号码【1653020】GSD
2021-07-12 01:03:56 获取到号码【1653020】的GSD为【福建-福州】
2021-07-12 01:04:00 GSD insert 第 1 次 等待 1 秒
2021-07-12 01:04:01 {"status":"ok","msg":"添加成功！252194"}
2021-07-12 01:04:01 下次操作: 2021-07-12 01:04:16

2021-07-12 01:04:16 开始第 3 次操作

2021-07-12 01:04:16 开始操作号码 【1653021】
2021-07-12 01:04:20 GSD getOne 第 1 次 等待 1 秒
2021-07-12 01:04:21 查询号码 【1653021】，返回信息 {"status":"bad","msg":""}
2021-07-12 01:04:21 查询号码 【1653021】，GSD为【""】
2021-07-12 01:04:21 bad
2021-07-12 01:04:25 CHB 1653021?1626023061 第 1 次 等待 1 秒
2021-07-12 01:04:26 CHB 1653021?1626023061 第 1 次 获取到号码【1653021】GSD
2021-07-12 01:04:26 获取到号码【1653021】的GSD为【辽宁-丹东】
2021-07-12 01:04:34 GSD insert 第 1 次 等待 1 秒
2021-07-12 01:04:35 {"status":"ok","msg":"添加成功！252201"}
2021-07-12 01:04:35 下次操作: 2021-07-12 01:04:41

2021-07-12 01:04:41 开始第 4 次操作

2021-07-12 01:04:41 开始操作号码 【1653022】
2021-07-12 01:04:45 GSD getOne 第 1 次 等待 1 秒
2021-07-12 01:04:46 查询号码 【1653022】，返回信息 {"status":"bad","msg":""}
2021-07-12 01:04:46 查询号码 【1653022】，GSD为【""】
2021-07-12 01:04:46 bad
2021-07-12 01:06:37 CHB 1653022?1626023086 第 1 次 等待 1 秒
2021-07-12 01:06:38 CHB 1653022?1626023086 第 1 次 获取到号码【1653022】GSD
2021-07-12 01:06:38 未获取到号码【1653022】GSD，查号吧 502 错误
2021-07-12 01:06:38 获取到号码【1653022】的GSD为【-】
2021-07-12 01:06:44 GSD insert 第 1 次 等待 1 秒
2021-07-12 01:06:45 {"status":"ok","msg":"添加成功！252220"}
2021-07-12 01:06:45 下次操作: 2021-07-12 01:06:53

2021-07-12 01:06:53 开始第 5 次操作

2021-07-12 01:06:53 开始操作号码 【1653023】
2021-07-12 01:07:07 GSD getOne 第 1 次 等待 1 秒
2021-07-12 01:07:08 查询号码 【1653023】，返回信息 {"status":"bad","msg":""}
2021-07-12 01:07:08 查询号码 【1653023】，GSD为【""】
2021-07-12 01:07:08 bad
2021-07-12 01:07:25 CHB 1653023?1626023228 第 1 次 等待 1 秒
2021-07-12 01:07:26 CHB 1653023?1626023228 第 1 次 获取到号码【1653023】GSD
2021-07-12 01:07:27 获取到号码【1653023】的GSD为【河南-郑州】
2021-07-12 01:07:30 GSD insert 第 1 次 等待 1 秒
2021-07-12 01:07:31 {"status":"ok","msg":"添加成功！252228"}
2021-07-12 01:07:31 下次操作: 2021-07-12 01:07:48

2021-07-12 01:07:48 开始第 6 次操作

2021-07-12 01:07:48 开始操作号码 【1653024】
2021-07-12 01:07:52 GSD getOne 第 1 次 等待 1 秒
2021-07-12 01:07:53 查询号码 【1653024】，返回信息 {"status":"bad","msg":""}
2021-07-12 01:07:53 查询号码 【1653024】，GSD为【""】
2021-07-12 01:07:53 bad
2021-07-12 01:07:56 CHB 1653024?1626023273 第 1 次 等待 1 秒
2021-07-12 01:07:57 CHB 1653024?1626023273 第 1 次 获取到号码【1653024】GSD
2021-07-12 01:07:57 获取到号码【1653024】的GSD为【辽宁-沈阳】
2021-07-12 01:08:01 GSD insert 第 1 次 等待 1 秒
2021-07-12 01:08:02 {"status":"ok","msg":"添加成功！252237"}
2021-07-12 01:08:02 下次操作: 2021-07-12 01:08:12

2021-07-12 01:08:12 开始第 7 次操作

2021-07-12 01:08:12 开始操作号码 【1653025】
2021-07-12 01:08:16 GSD getOne 第 1 次 等待 1 秒
2021-07-12 01:08:17 查询号码 【1653025】，返回信息 {"status":"bad","msg":""}
2021-07-12 01:08:17 查询号码 【1653025】，GSD为【""】
2021-07-12 01:08:17 bad
2021-07-12 01:08:18 CHB 1653025?1626023297 第 1 次 等待 1 秒
2021-07-12 01:08:19 CHB 1653025?1626023297 第 1 次 获取到号码【1653025】GSD
2021-07-12 01:08:19 获取到号码【1653025】的GSD为【河南-郑州】
2021-07-12 01:08:26 GSD insert 第 1 次 等待 1 秒
2021-07-12 01:08:27 {"status":"ok","msg":"添加成功！252243"}
2021-07-12 01:08:27 下次操作: 2021-07-12 01:08:40

2021-07-12 01:08:40 开始第 8 次操作

2021-07-12 01:08:40 开始操作号码 【1653026】
2021-07-12 01:08:44 GSD getOne 第 1 次 等待 1 秒
2021-07-12 01:08:45 查询号码 【1653026】，返回信息 {"status":"bad","msg":""}
2021-07-12 01:08:45 查询号码 【1653026】，GSD为【""】
2021-07-12 01:08:45 bad
2021-07-12 01:08:47 CHB 1653026?1626023325 第 1 次 等待 1 秒
2021-07-12 01:08:48 CHB 1653026?1626023325 第 1 次 获取到号码【1653026】GSD
2021-07-12 01:08:48 获取到号码【1653026】的GSD为【辽宁-大连】
2021-07-12 01:08:52 GSD insert 第 1 次 等待 1 秒
2021-07-12 01:08:53 {"status":"ok","msg":"添加成功！252250"}
2021-07-12 01:08:53 下次操作: 2021-07-12 01:09:03

2021-07-12 01:09:03 开始第 9 次操作

2021-07-12 01:09:03 开始操作号码 【1653027】
2021-07-12 01:09:07 GSD getOne 第 1 次 等待 1 秒
2021-07-12 01:09:08 查询号码 【1653027】，返回信息 {"status":"bad","msg":""}
2021-07-12 01:09:08 查询号码 【1653027】，GSD为【""】
2021-07-12 01:09:08 bad
2021-07-12 01:09:10 CHB 1653027?1626023348 第 1 次 等待 1 秒
2021-07-12 01:09:11 CHB 1653027?1626023348 第 1 次 获取到号码【1653027】GSD
2021-07-12 01:09:11 获取到号码【1653027】的GSD为【河南-郑州】
2021-07-12 01:09:15 GSD insert 第 1 次 等待 1 秒
2021-07-12 01:09:16 {"status":"ok","msg":"添加成功！252257"}
2021-07-12 01:09:16 下次操作: 2021-07-12 01:09:29

2021-07-12 01:09:29 开始第 10 次操作

2021-07-12 01:09:29 开始操作号码 【1653028】
2021-07-12 01:09:33 GSD getOne 第 1 次 等待 1 秒
2021-07-12 01:09:34 查询号码 【1653028】，返回信息 {"status":"bad","msg":""}
2021-07-12 01:09:34 查询号码 【1653028】，GSD为【""】
2021-07-12 01:09:34 bad
2021-07-12 01:09:36 CHB 1653028?1626023374 第 1 次 等待 1 秒
2021-07-12 01:09:37 CHB 1653028?1626023374 第 1 次 获取到号码【1653028】GSD
2021-07-12 01:09:37 获取到号码【1653028】的GSD为【辽宁-大连】
2021-07-12 01:09:41 GSD insert 第 1 次 等待 1 秒
2021-07-12 01:09:42 {"status":"ok","msg":"添加成功！252262"}
2021-07-12 01:09:42 下次操作: 2021-07-12 01:09:50

2021-07-12 01:09:50 开始第 11 次操作

2021-07-12 01:09:50 开始操作号码 【1653029】
2021-07-12 01:09:54 GSD getOne 第 1 次 等待 1 秒
2021-07-12 01:09:55 查询号码 【1653029】，返回信息 {"status":"bad","msg":""}
2021-07-12 01:09:55 查询号码 【1653029】，GSD为【""】
2021-07-12 01:09:55 bad
2021-07-12 01:09:57 CHB 1653029?1626023395 第 1 次 等待 1 秒
2021-07-12 01:09:58 CHB 1653029?1626023395 第 1 次 获取到号码【1653029】GSD
2021-07-12 01:09:58 获取到号码【1653029】的GSD为【福建-福州】
2021-07-12 01:10:07 GSD insert 第 1 次 等待 1 秒
2021-07-12 01:10:08 {"status":"ok","msg":"添加成功！252269"}
2021-07-12 01:10:08 下次操作: 2021-07-12 01:10:14

2021-07-12 01:10:14 开始第 12 次操作

2021-07-12 01:10:14 开始操作号码 【1653030】
2021-07-12 01:10:17 GSD getOne 第 1 次 等待 1 秒
2021-07-12 01:10:18 查询号码 【1653030】，返回信息 {"status":"bad","msg":""}
2021-07-12 01:10:19 查询号码 【1653030】，GSD为【""】
2021-07-12 01:10:19 bad
2021-07-12 01:10:21 CHB 1653030?1626023419 第 1 次 等待 1 秒
2021-07-12 01:10:22 CHB 1653030?1626023419 第 1 次 获取到号码【1653030】GSD
2021-07-12 01:10:22 获取到号码【1653030】的GSD为【山东-菏泽】
2021-07-12 01:10:26 GSD insert 第 1 次 等待 1 秒
2021-07-12 01:10:27 {"status":"ok","msg":"添加成功！252273"}
2021-07-12 01:10:27 下次操作: 2021-07-12 01:10:36

2021-07-12 01:10:36 开始第 13 次操作

2021-07-12 01:10:36 开始操作号码 【1653031】
2021-07-12 01:10:40 GSD getOne 第 1 次 等待 1 秒
2021-07-12 01:10:41 查询号码 【1653031】，返回信息 {"status":"bad","msg":""}
2021-07-12 01:10:41 查询号码 【1653031】，GSD为【""】
2021-07-12 01:10:41 bad
2021-07-12 01:10:43 CHB 1653031?1626023441 第 1 次 等待 1 秒
2021-07-12 01:10:44 CHB 1653031?1626023441 第 1 次 获取到号码【1653031】GSD
2021-07-12 01:10:44 获取到号码【1653031】的GSD为【广东-湛江】
2021-07-12 01:10:48 GSD insert 第 1 次 等待 1 秒
2021-07-12 01:10:49 {"status":"ok","msg":"添加成功！252279"}
2021-07-12 01:10:49 下次操作: 2021-07-12 01:11:04

2021-07-12 01:11:04 开始第 14 次操作

2021-07-12 01:11:04 开始操作号码 【1653032】
2021-07-12 01:11:08 GSD getOne 第 1 次 等待 1 秒
2021-07-12 01:11:09 查询号码 【1653032】，返回信息 {"status":"bad","msg":""}
2021-07-12 01:11:09 查询号码 【1653032】，GSD为【""】
2021-07-12 01:11:09 bad
2021-07-12 01:12:39 CHB 1653032?1626023469 第 1 次 等待 1 秒
2021-07-12 01:12:40 CHB 1653032?1626023469 第 1 次 获取到号码【1653032】GSD
2021-07-12 01:12:40 未获取到号码【1653032】GSD，查号吧 522 错误
2021-07-12 01:12:40 获取到号码【1653032】的GSD为【-】
2021-07-12 01:12:44 GSD insert 第 1 次 等待 1 秒
2021-07-12 01:12:45 {"status":"ok","msg":"添加成功！252296"}
2021-07-12 01:12:45 下次操作: 2021-07-12 01:12:57

2021-07-12 01:12:57 开始第 15 次操作

2021-07-12 01:12:57 开始操作号码 【1653033】
2021-07-12 01:13:01 GSD getOne 第 1 次 等待 1 秒
2021-07-12 01:13:02 查询号码 【1653033】，返回信息 {"status":"bad","msg":""}
2021-07-12 01:13:02 查询号码 【1653033】，GSD为【""】
2021-07-12 01:13:02 bad
2021-07-12 01:13:12 CHB 1653033?1626023582 第 1 次 等待 1 秒
2021-07-12 01:13:13 CHB 1653033?1626023582 第 1 次 获取到号码【1653033】GSD
2021-07-12 01:13:13 获取到号码【1653033】的GSD为【黑龙江-哈尔滨】
2021-07-12 01:13:22 GSD insert 第 1 次 等待 1 秒
2021-07-12 01:13:23 {"status":"ok","msg":"添加成功！252303"}
2021-07-12 01:13:23 下次操作: 2021-07-12 01:13:39

2021-07-12 01:13:39 开始第 16 次操作

2021-07-12 01:13:39 开始操作号码 【1653034】
2021-07-12 01:13:42 GSD getOne 第 1 次 等待 1 秒
2021-07-12 01:13:43 查询号码 【1653034】，返回信息 {"status":"bad","msg":""}
2021-07-12 01:13:44 查询号码 【1653034】，GSD为【""】
2021-07-12 01:13:44 bad
2021-07-12 01:13:45 CHB 1653034?1626023624 第 1 次 等待 1 秒
2021-07-12 01:13:46 CHB 1653034?1626023624 第 1 次 获取到号码【1653034】GSD
2021-07-12 01:13:46 获取到号码【1653034】的GSD为【黑龙江-齐齐哈尔】
2021-07-12 01:13:50 GSD insert 第 1 次 等待 1 秒
2021-07-12 01:13:51 {"status":"ok","msg":"添加成功！252309"}
2021-07-12 01:13:51 下次操作: 2021-07-12 01:14:09

2021-07-12 01:14:09 开始第 17 次操作

2021-07-12 01:14:09 开始操作号码 【1653035】
2021-07-12 01:14:16 GSD getOne 第 1 次 等待 1 秒
2021-07-12 01:14:17 查询号码 【1653035】，返回信息 {"status":"bad","msg":""}
2021-07-12 01:14:17 查询号码 【1653035】，GSD为【""】
2021-07-12 01:14:17 bad
2021-07-12 01:14:19 CHB 1653035?1626023657 第 1 次 等待 1 秒
2021-07-12 01:14:20 CHB 1653035?1626023657 第 1 次 获取到号码【1653035】GSD
2021-07-12 01:14:20 获取到号码【1653035】的GSD为【福建-福州】
2021-07-12 01:14:24 GSD insert 第 1 次 等待 1 秒
2021-07-12 01:14:25 {"status":"ok","msg":"添加成功！252314"}
2021-07-12 01:14:25 下次操作: 2021-07-12 01:14:35

2021-07-12 01:14:35 开始第 18 次操作

2021-07-12 01:14:35 开始操作号码 【1653036】
2021-07-12 01:14:40 GSD getOne 第 1 次 等待 1 秒
2021-07-12 01:14:41 查询号码 【1653036】，返回信息 {"status":"bad","msg":""}
2021-07-12 01:14:42 查询号码 【1653036】，GSD为【""】
2021-07-12 01:14:42 bad
2021-07-12 01:14:43 CHB 1653036?1626023682 第 1 次 等待 1 秒
2021-07-12 01:14:44 CHB 1653036?1626023682 第 1 次 获取到号码【1653036】GSD
2021-07-12 01:14:45 获取到号码【1653036】的GSD为【广西-防城港】
2021-07-12 01:14:48 GSD insert 第 1 次 等待 1 秒
2021-07-12 01:14:49 {"status":"ok","msg":"添加成功！252319"}
2021-07-12 01:14:49 下次操作: 2021-07-12 01:15:00

2021-07-12 01:15:00 开始第 19 次操作

2021-07-12 01:15:00 开始操作号码 【1653037】
2021-07-12 01:15:04 GSD getOne 第 1 次 等待 1 秒
2021-07-12 01:15:05 查询号码 【1653037】，返回信息 {"status":"bad","msg":""}
2021-07-12 01:15:05 查询号码 【1653037】，GSD为【""】
2021-07-12 01:15:05 bad
2021-07-12 01:15:07 CHB 1653037?1626023705 第 1 次 等待 1 秒
2021-07-12 01:15:08 CHB 1653037?1626023705 第 1 次 获取到号码【1653037】GSD
2021-07-12 01:15:08 获取到号码【1653037】的GSD为【湖南-衡阳】
2021-07-12 01:15:12 GSD insert 第 1 次 等待 1 秒
2021-07-12 01:15:13 {"status":"ok","msg":"添加成功！252325"}
2021-07-12 01:15:13 下次操作: 2021-07-12 01:15:24

2021-07-12 01:15:24 开始第 20 次操作

2021-07-12 01:15:24 开始操作号码 【1653038】
2021-07-12 01:15:28 GSD getOne 第 1 次 等待 1 秒
2021-07-12 01:15:29 查询号码 【1653038】，返回信息 {"status":"bad","msg":""}
2021-07-12 01:15:29 查询号码 【1653038】，GSD为【""】
2021-07-12 01:15:29 bad
2021-07-12 01:15:31 CHB 1653038?1626023729 第 1 次 等待 1 秒
2021-07-12 01:15:32 CHB 1653038?1626023729 第 1 次 获取到号码【1653038】GSD
2021-07-12 01:15:32 获取到号码【1653038】的GSD为【吉林-长春】
2021-07-12 01:15:36 GSD insert 第 1 次 等待 1 秒
2021-07-12 01:15:37 {"status":"ok","msg":"添加成功！252330"}
2021-07-12 01:15:37 下次操作: 2021-07-12 01:15:54

2021-07-12 01:15:54 开始第 21 次操作

2021-07-12 01:15:54 开始操作号码 【1653039】
2021-07-12 01:15:58 GSD getOne 第 1 次 等待 1 秒
2021-07-12 01:15:59 查询号码 【1653039】，返回信息 {"status":"bad","msg":""}
2021-07-12 01:15:59 查询号码 【1653039】，GSD为【""】
2021-07-12 01:15:59 bad
2021-07-12 01:16:01 CHB 1653039?1626023759 第 1 次 等待 1 秒
2021-07-12 01:16:02 CHB 1653039?1626023759 第 1 次 获取到号码【1653039】GSD
2021-07-12 01:16:02 获取到号码【1653039】的GSD为【辽宁-盘锦】
2021-07-12 01:16:06 GSD insert 第 1 次 等待 1 秒
2021-07-12 01:16:07 {"status":"ok","msg":"添加成功！252338"}
2021-07-12 01:16:07 下次操作: 2021-07-12 01:16:25

2021-07-12 01:16:25 开始第 22 次操作

2021-07-12 01:16:25 开始操作号码 【1653040】
2021-07-12 01:16:29 GSD getOne 第 1 次 等待 1 秒
2021-07-12 01:16:30 查询号码 【1653040】，返回信息 {"status":"bad","msg":""}
2021-07-12 01:16:30 查询号码 【1653040】，GSD为【""】
2021-07-12 01:16:30 bad
2021-07-12 01:16:34 CHB 1653040?1626023790 第 1 次 等待 1 秒
2021-07-12 01:16:35 CHB 1653040?1626023790 第 1 次 获取到号码【1653040】GSD
2021-07-12 01:16:35 获取到号码【1653040】的GSD为【辽宁-营口】
2021-07-12 01:16:39 GSD insert 第 1 次 等待 1 秒
2021-07-12 01:16:40 {"status":"ok","msg":"添加成功！252344"}
2021-07-12 01:16:40 下次操作: 2021-07-12 01:16:57

2021-07-12 01:16:57 开始第 23 次操作

2021-07-12 01:16:57 开始操作号码 【1653041】
2021-07-12 01:17:01 GSD getOne 第 1 次 等待 1 秒
2021-07-12 01:17:02 查询号码 【1653041】，返回信息 {"status":"bad","msg":""}
2021-07-12 01:17:02 查询号码 【1653041】，GSD为【""】
2021-07-12 01:17:02 bad
2021-07-12 01:17:47 CHB 1653041?1626023822 第 1 次 等待 1 秒
2021-07-12 01:17:48 CHB 1653041?1626023822 第 1 次 获取到号码【1653041】GSD
2021-07-12 01:17:48 获取到号码【1653041】的GSD为【辽宁-大连】
2021-07-12 01:17:51 GSD insert 第 1 次 等待 1 秒
2021-07-12 01:17:53 {"status":"ok","msg":"添加成功！252350"}
2021-07-12 01:17:53 下次操作: 2021-07-12 01:18:08

2021-07-12 01:18:08 开始第 24 次操作

2021-07-12 01:18:08 开始操作号码 【1653042】
2021-07-12 01:18:14 GSD getOne 第 1 次 等待 1 秒
2021-07-12 01:18:15 查询号码 【1653042】，返回信息 {"status":"bad","msg":""}
2021-07-12 01:18:15 查询号码 【1653042】，GSD为【""】
2021-07-12 01:18:15 bad
2021-07-12 01:19:46 CHB 1653042?1626023895 第 1 次 等待 1 秒
2021-07-12 01:19:47 CHB 1653042?1626023895 第 1 次 获取到号码【1653042】GSD
2021-07-12 01:19:47 未获取到号码【1653042】GSD，查号吧 522 错误
2021-07-12 01:19:47 获取到号码【1653042】的GSD为【-】
2021-07-12 01:19:51 GSD insert 第 1 次 等待 1 秒
2021-07-12 01:19:52 {"status":"ok","msg":"添加成功！252365"}
2021-07-12 01:19:52 下次操作: 2021-07-12 01:19:58

2021-07-12 01:19:58 开始第 25 次操作

2021-07-12 01:19:58 开始操作号码 【1653043】
2021-07-12 01:20:01 GSD getOne 第 1 次 等待 1 秒
2021-07-12 01:20:02 查询号码 【1653043】，返回信息 {"status":"bad","msg":""}
2021-07-12 01:20:02 查询号码 【1653043】，GSD为【""】
2021-07-12 01:20:02 bad
2021-07-12 01:20:05 CHB 1653043?1626024002 第 1 次 等待 1 秒
2021-07-12 01:20:06 CHB 1653043?1626024002 第 1 次 获取到号码【1653043】GSD
2021-07-12 01:20:06 获取到号码【1653043】的GSD为【山东-菏泽】
2021-07-12 01:20:10 GSD insert 第 1 次 等待 1 秒
2021-07-12 01:20:11 {"status":"ok","msg":"添加成功！252368"}
2021-07-12 01:20:11 下次操作: 2021-07-12 01:20:20

2021-07-12 01:20:20 开始第 26 次操作

2021-07-12 01:20:20 开始操作号码 【1653044】
2021-07-12 01:20:24 GSD getOne 第 1 次 等待 1 秒
2021-07-12 01:20:25 查询号码 【1653044】，返回信息 {"status":"bad","msg":""}
2021-07-12 01:20:25 查询号码 【1653044】，GSD为【""】
2021-07-12 01:20:25 bad
2021-07-12 01:20:27 CHB 1653044?1626024025 第 1 次 等待 1 秒
2021-07-12 01:20:28 CHB 1653044?1626024025 第 1 次 获取到号码【1653044】GSD
2021-07-12 01:20:28 获取到号码【1653044】的GSD为【山东-临沂】
2021-07-12 01:20:31 GSD insert 第 1 次 等待 1 秒
2021-07-12 01:20:32 {"status":"ok","msg":"添加成功！252374"}
2021-07-12 01:20:32 下次操作: 2021-07-12 01:20:50

2021-07-12 01:20:50 开始第 27 次操作

2021-07-12 01:20:50 开始操作号码 【1653045】
2021-07-12 01:20:54 GSD getOne 第 1 次 等待 1 秒
2021-07-12 01:20:55 查询号码 【1653045】，返回信息 {"status":"bad","msg":""}
2021-07-12 01:20:55 查询号码 【1653045】，GSD为【""】
2021-07-12 01:20:55 bad
2021-07-12 01:20:57 CHB 1653045?1626024055 第 1 次 等待 1 秒
2021-07-12 01:20:58 CHB 1653045?1626024055 第 1 次 获取到号码【1653045】GSD
2021-07-12 01:20:58 获取到号码【1653045】的GSD为【山东-临沂】
2021-07-12 01:21:05 GSD insert 第 1 次 等待 1 秒
2021-07-12 01:21:06 {"status":"ok","msg":"添加成功！252377"}
2021-07-12 01:21:06 下次操作: 2021-07-12 01:21:18

2021-07-12 01:21:18 开始第 28 次操作

2021-07-12 01:21:18 开始操作号码 【1653046】
2021-07-12 01:21:22 GSD getOne 第 1 次 等待 1 秒
2021-07-12 01:21:23 查询号码 【1653046】，返回信息 {"status":"bad","msg":""}
2021-07-12 01:21:23 查询号码 【1653046】，GSD为【""】
2021-07-12 01:21:23 bad
2021-07-12 01:21:25 CHB 1653046?1626024083 第 1 次 等待 1 秒
2021-07-12 01:21:26 CHB 1653046?1626024083 第 1 次 获取到号码【1653046】GSD
2021-07-12 01:21:26 获取到号码【1653046】的GSD为【吉林-白城】
2021-07-12 01:21:30 GSD insert 第 1 次 等待 1 秒
2021-07-12 01:21:31 {"status":"ok","msg":"添加成功！252382"}
2021-07-12 01:21:31 下次操作: 2021-07-12 01:21:47

2021-07-12 01:21:47 开始第 29 次操作

2021-07-12 01:21:47 开始操作号码 【1653047】
2021-07-12 01:21:51 GSD getOne 第 1 次 等待 1 秒
2021-07-12 01:21:52 查询号码 【1653047】，返回信息 {"status":"bad","msg":""}
2021-07-12 01:21:52 查询号码 【1653047】，GSD为【""】
2021-07-12 01:21:52 bad
2021-07-12 01:21:54 CHB 1653047?1626024112 第 1 次 等待 1 秒
2021-07-12 01:21:55 CHB 1653047?1626024112 第 1 次 获取到号码【1653047】GSD
2021-07-12 01:21:55 获取到号码【1653047】的GSD为【吉林-长春】
2021-07-12 01:22:00 GSD insert 第 1 次 等待 1 秒
2021-07-12 01:22:01 {"status":"ok","msg":"添加成功！252383"}
2021-07-12 01:22:01 下次操作: 2021-07-12 01:22:11

2021-07-12 01:22:11 开始第 30 次操作

2021-07-12 01:22:11 开始操作号码 【1653048】
2021-07-12 01:22:18 GSD getOne 第 1 次 等待 1 秒
2021-07-12 01:22:19 查询号码 【1653048】，返回信息 {"status":"bad","msg":""}
2021-07-12 01:22:19 查询号码 【1653048】，GSD为【""】
2021-07-12 01:22:19 bad
2021-07-12 01:22:21 CHB 1653048?1626024139 第 1 次 等待 1 秒
2021-07-12 01:22:22 CHB 1653048?1626024139 第 1 次 获取到号码【1653048】GSD
2021-07-12 01:22:22 获取到号码【1653048】的GSD为【辽宁-葫芦岛】
2021-07-12 01:22:26 GSD insert 第 1 次 等待 1 秒
2021-07-12 01:22:27 {"status":"ok","msg":"添加成功！252391"}

