2024-04-22 00:19:58 开始第 4821 次操作

2024-04-22 00:19:58 开始操作号码 【1604722】
2024-04-22 00:20:03 GSD getOne 第 1 次 等待 3 秒
2024-04-22 00:20:06 查询号码 【1604722】，返回信息 {"status":"ok","msg":"-","gid":"615191","time_insert":"2023-03-26 05:15"}
2024-04-22 00:20:06 查询号码 【1604722】，GSD为【"-"】
2024-04-22 00:20:06 ok && -
2024-04-22 00:20:11 CHB 1604722?1713716406 第 1 次 等待 3 秒
2024-04-22 00:20:14 CHB 1604722?1713716406 第 1 次 获取到号码【1604722】GSD
2024-04-22 00:20:14 未获取到号码【1604722】GSD，可能号码格式错误
2024-04-22 00:20:14 获取到号码【1604722】的GSD为【-】
2024-04-22 00:20:21 GSD insert 第 1 次 等待 3 秒
2024-04-22 00:20:24 {"status":"bad","gid":"615191","msg":"添加失败！号码【1604722(-|-)】已存在！"}
2024-04-22 00:20:24 随机等待 229 秒，约 3 分钟
2024-04-22 00:20:24 下次操作: 2024-04-22 00:24:13

2024-04-22 00:24:13 开始第 4822 次操作

2024-04-22 00:24:13 开始操作号码 【1604723】
2024-04-22 00:24:21 GSD getOne 第 1 次 等待 3 秒
2024-04-22 00:24:24 查询号码 【1604723】，返回信息 {"status":"ok","msg":"-","gid":"615212","time_insert":"2023-03-26 05:26"}
2024-04-22 00:24:24 查询号码 【1604723】，GSD为【"-"】
2024-04-22 00:24:24 ok && -
2024-04-22 00:24:26 CHB 1604723?1713716664 第 1 次 等待 3 秒
2024-04-22 00:24:29 CHB 1604723?1713716664 第 1 次 获取到号码【1604723】GSD
2024-04-22 00:24:29 未获取到号码【1604723】GSD，可能号码格式错误
2024-04-22 00:24:29 获取到号码【1604723】的GSD为【-】
2024-04-22 00:24:38 GSD insert 第 1 次 等待 3 秒
2024-04-22 00:24:41 {"status":"bad","gid":"615212","msg":"添加失败！号码【1604723(-|-)】已存在！"}
2024-04-22 00:24:41 随机等待 88 秒，约 1 分钟
2024-04-22 00:24:41 下次操作: 2024-04-22 00:26:09

2024-04-22 00:26:09 开始第 4823 次操作

2024-04-22 00:26:09 开始操作号码 【1604724】
2024-04-22 00:26:15 GSD getOne 第 1 次 等待 3 秒
2024-04-22 00:26:18 查询号码 【1604724】，返回信息 {"status":"ok","msg":"-","gid":"615229","time_insert":"2023-03-26 05:38"}
2024-04-22 00:26:18 查询号码 【1604724】，GSD为【"-"】
2024-04-22 00:26:18 ok && -
2024-04-22 00:26:20 CHB 1604724?1713716778 第 1 次 等待 3 秒
2024-04-22 00:26:23 CHB 1604724?1713716778 第 1 次 获取到号码【1604724】GSD
2024-04-22 00:26:23 未获取到号码【1604724】GSD，可能号码格式错误
2024-04-22 00:26:23 获取到号码【1604724】的GSD为【-】
2024-04-22 00:26:31 GSD insert 第 1 次 等待 3 秒
2024-04-22 00:26:34 {"status":"bad","gid":"615229","msg":"添加失败！号码【1604724(-|-)】已存在！"}
2024-04-22 00:26:34 随机等待 230 秒，约 3 分钟
2024-04-22 00:26:34 下次操作: 2024-04-22 00:30:24

2024-04-22 00:30:24 开始第 4824 次操作

2024-04-22 00:30:24 开始操作号码 【1604725】
2024-04-22 00:30:33 GSD getOne 第 1 次 等待 3 秒
2024-04-22 00:30:36 查询号码 【1604725】，返回信息 {"status":"ok","msg":"-","gid":"615252","time_insert":"2023-03-26 05:51"}
2024-04-22 00:30:36 查询号码 【1604725】，GSD为【"-"】
2024-04-22 00:30:36 ok && -
2024-04-22 00:30:39 CHB 1604725?1713717036 第 1 次 等待 3 秒
2024-04-22 00:30:42 CHB 1604725?1713717036 第 1 次 获取到号码【1604725】GSD
2024-04-22 00:30:42 未获取到号码【1604725】GSD，可能号码格式错误
2024-04-22 00:30:42 获取到号码【1604725】的GSD为【-】
2024-04-22 00:30:47 GSD insert 第 1 次 等待 3 秒
2024-04-22 00:30:50 {"status":"bad","gid":"615252","msg":"添加失败！号码【1604725(-|-)】已存在！"}

