2024-02-20 00:21:30 开始第 4653 次操作

2024-02-20 00:21:30 开始操作号码 【1714555】
2024-02-20 00:21:35 GSD getOne 第 1 次 等待 3 秒
2024-02-20 00:21:38 查询号码 【1714555】，返回信息 {"status":"ok","msg":"安徽-马鞍山","gid":"182182","time_insert":"2021-07-03 15:03"}
2024-02-20 00:21:38 查询号码 【1714555】，GSD为【"安徽-马鞍山"】

2024-02-20 00:21:39 开始第 4654 次操作

2024-02-20 00:21:39 开始操作号码 【1714556】
2024-02-20 00:21:44 GSD getOne 第 1 次 等待 3 秒
2024-02-20 00:21:47 查询号码 【1714556】，返回信息 {"status":"ok","msg":"安徽-安庆","gid":"182188","time_insert":"2021-07-03 15:04"}
2024-02-20 00:21:47 查询号码 【1714556】，GSD为【"安徽-安庆"】

2024-02-20 00:21:48 开始第 4655 次操作

2024-02-20 00:21:48 开始操作号码 【1714557】
2024-02-20 00:21:52 GSD getOne 第 1 次 等待 3 秒
2024-02-20 00:21:55 查询号码 【1714557】，返回信息 {"status":"ok","msg":"安徽-宿州","gid":"182193","time_insert":"2021-07-03 15:04"}
2024-02-20 00:21:55 查询号码 【1714557】，GSD为【"安徽-宿州"】

2024-02-20 00:21:56 开始第 4656 次操作

2024-02-20 00:21:56 开始操作号码 【1714558】
2024-02-20 00:22:02 GSD getOne 第 1 次 等待 3 秒
2024-02-20 00:22:05 查询号码 【1714558】，返回信息 {"status":"ok","msg":"安徽-亳州","gid":"182199","time_insert":"2021-07-03 15:04"}
2024-02-20 00:22:05 查询号码 【1714558】，GSD为【"安徽-亳州"】

2024-02-20 00:40:17 开始第 4657 次操作

2024-02-20 00:40:17 开始操作号码 【1714559】
2024-02-20 00:40:24 GSD getOne 第 1 次 等待 3 秒
2024-02-20 00:40:27 查询号码 【1714559】，返回信息 {"status":"ok","msg":"安徽-黄山","gid":"182207","time_insert":"2021-07-03 15:05"}
2024-02-20 00:40:27 查询号码 【1714559】，GSD为【"安徽-黄山"】

2024-02-20 00:40:28 开始第 4658 次操作

2024-02-20 00:40:28 开始操作号码 【1714560】
2024-02-20 00:40:32 GSD getOne 第 1 次 等待 3 秒
2024-02-20 00:40:35 查询号码 【1714560】，返回信息 {"status":"ok","msg":"安徽-芜湖","gid":"182210","time_insert":"2021-07-03 15:05"}
2024-02-20 00:40:35 查询号码 【1714560】，GSD为【"安徽-芜湖"】

2024-02-20 00:40:36 开始第 4659 次操作

2024-02-20 00:40:36 开始操作号码 【1714561】
2024-02-20 00:40:42 GSD getOne 第 1 次 等待 3 秒
2024-02-20 00:40:45 查询号码 【1714561】，返回信息 {"status":"ok","msg":"安徽-淮北","gid":"182217","time_insert":"2021-07-03 15:06"}
2024-02-20 00:40:45 查询号码 【1714561】，GSD为【"安徽-淮北"】

2024-02-20 00:40:46 开始第 4660 次操作

2024-02-20 00:40:46 开始操作号码 【1714562】
2024-02-20 00:40:50 GSD getOne 第 1 次 等待 3 秒
2024-02-20 00:40:53 查询号码 【1714562】，返回信息 {"status":"ok","msg":"安徽-铜陵","gid":"182222","time_insert":"2021-07-03 15:06"}
2024-02-20 00:40:53 查询号码 【1714562】，GSD为【"安徽-铜陵"】

2024-02-20 01:14:41 开始第 4661 次操作

2024-02-20 01:14:41 开始操作号码 【1714563】
2024-02-20 01:14:46 GSD getOne 第 1 次 等待 3 秒
2024-02-20 01:14:49 查询号码 【1714563】，返回信息 {"status":"ok","msg":"安徽-宣城","gid":"182227","time_insert":"2021-07-03 15:07"}
2024-02-20 01:14:49 查询号码 【1714563】，GSD为【"安徽-宣城"】

2024-02-20 01:14:50 开始第 4662 次操作

2024-02-20 01:14:50 开始操作号码 【1714564】
2024-02-20 01:14:55 GSD getOne 第 1 次 等待 3 秒
2024-02-20 01:14:58 查询号码 【1714564】，返回信息 {"status":"ok","msg":"安徽-六安","gid":"182234","time_insert":"2021-07-03 15:07"}
2024-02-20 01:14:58 查询号码 【1714564】，GSD为【"安徽-六安"】

2024-02-20 01:14:59 开始第 4663 次操作

2024-02-20 01:14:59 开始操作号码 【1714565】
2024-02-20 01:15:05 GSD getOne 第 1 次 等待 3 秒
2024-02-20 01:15:08 查询号码 【1714565】，返回信息 {"status":"ok","msg":"安徽-芜湖","gid":"182244","time_insert":"2021-07-03 15:08"}
2024-02-20 01:15:08 查询号码 【1714565】，GSD为【"安徽-芜湖"】

2024-02-20 01:15:09 开始第 4664 次操作

2024-02-20 01:15:09 开始操作号码 【1714566】
2024-02-20 01:15:14 GSD getOne 第 1 次 等待 3 秒
2024-02-20 01:15:17 查询号码 【1714566】，返回信息 {"status":"ok","msg":"安徽-池州","gid":"182247","time_insert":"2021-07-03 15:08"}
2024-02-20 01:15:17 查询号码 【1714566】，GSD为【"安徽-池州"】

