2024-04-28 00:18:32 开始第 5873 次操作

2024-04-28 00:18:32 开始操作号码 【1605774】
2024-04-28 00:18:39 GSD getOne 第 1 次 等待 3 秒
2024-04-28 00:18:42 查询号码 【1605774】，返回信息 {"status":"ok","msg":"-","gid":"639097","time_insert":"2023-04-07 11:31"}
2024-04-28 00:18:42 查询号码 【1605774】，GSD为【"-"】
2024-04-28 00:18:42 ok && -
2024-04-28 00:18:44 CHB 1605774?1714234722 第 1 次 等待 3 秒
2024-04-28 00:18:47 CHB 1605774?1714234722 第 1 次 获取到号码【1605774】GSD
2024-04-28 00:18:48 未获取到号码【1605774】GSD，可能号码格式错误
2024-04-28 00:18:48 获取到号码【1605774】的GSD为【-】
2024-04-28 00:18:54 GSD insert 第 1 次 等待 3 秒
2024-04-28 00:18:57 {"status":"bad","gid":"639097","msg":"添加失败！号码【1605774(-|-)】已存在！"}
2024-04-28 00:18:57 随机等待 110 秒，约 1 分钟
2024-04-28 00:18:57 下次操作: 2024-04-28 00:20:47

2024-04-28 00:20:47 开始第 5874 次操作

2024-04-28 00:20:47 开始操作号码 【1605775】
2024-04-28 00:20:54 GSD getOne 第 1 次 等待 3 秒
2024-04-28 00:20:57 查询号码 【1605775】，返回信息 {"status":"ok","msg":"-","gid":"639132","time_insert":"2023-04-07 11:51"}
2024-04-28 00:20:57 查询号码 【1605775】，GSD为【"-"】
2024-04-28 00:20:57 ok && -
2024-04-28 00:21:00 CHB 1605775?1714234857 第 1 次 等待 3 秒
2024-04-28 00:21:03 CHB 1605775?1714234857 第 1 次 获取到号码【1605775】GSD
2024-04-28 00:21:03 未获取到号码【1605775】GSD，可能号码格式错误
2024-04-28 00:21:03 获取到号码【1605775】的GSD为【-】
2024-04-28 00:21:08 GSD insert 第 1 次 等待 3 秒
2024-04-28 00:21:11 {"status":"bad","gid":"639132","msg":"添加失败！号码【1605775(-|-)】已存在！"}
2024-04-28 00:21:11 随机等待 213 秒，约 3 分钟
2024-04-28 00:21:11 下次操作: 2024-04-28 00:24:44

2024-04-28 00:24:44 开始第 5875 次操作

2024-04-28 00:24:44 开始操作号码 【1605776】
2024-04-28 00:24:54 GSD getOne 第 1 次 等待 3 秒
2024-04-28 00:24:57 查询号码 【1605776】，返回信息 {"status":"ok","msg":"-","gid":"639154","time_insert":"2023-04-07 12:09"}
2024-04-28 00:24:57 查询号码 【1605776】，GSD为【"-"】
2024-04-28 00:24:57 ok && -
2024-04-28 00:24:59 CHB 1605776?1714235097 第 1 次 等待 3 秒
2024-04-28 00:25:02 CHB 1605776?1714235097 第 1 次 获取到号码【1605776】GSD
2024-04-28 00:25:02 未获取到号码【1605776】GSD，可能号码格式错误
2024-04-28 00:25:02 获取到号码【1605776】的GSD为【-】
2024-04-28 00:25:14 GSD insert 第 1 次 等待 3 秒
2024-04-28 00:25:17 {"status":"bad","gid":"639154","msg":"添加失败！号码【1605776(-|-)】已存在！"}
2024-04-28 00:25:17 随机等待 159 秒，约 2 分钟
2024-04-28 00:25:17 下次操作: 2024-04-28 00:27:56

2024-04-28 00:27:56 开始第 5876 次操作

2024-04-28 00:27:56 开始操作号码 【1605777】
2024-04-28 00:28:04 GSD getOne 第 1 次 等待 3 秒
2024-04-28 00:28:08 查询号码 【1605777】，返回信息 {"status":"ok","msg":"-","gid":"639174","time_insert":"2023-04-07 12:26"}
2024-04-28 00:28:08 查询号码 【1605777】，GSD为【"-"】
2024-04-28 00:28:08 ok && -
2024-04-28 00:28:09 CHB 1605777?1714235288 第 1 次 等待 3 秒
2024-04-28 00:28:12 CHB 1605777?1714235288 第 1 次 获取到号码【1605777】GSD
2024-04-28 00:28:12 未获取到号码【1605777】GSD，可能号码格式错误
2024-04-28 00:28:12 获取到号码【1605777】的GSD为【-】
2024-04-28 00:28:18 GSD insert 第 1 次 等待 3 秒
2024-04-28 00:28:21 {"status":"bad","gid":"639174","msg":"添加失败！号码【1605777(-|-)】已存在！"}

