2024-09-21 00:17:36 开始第 5809 次操作

2024-09-21 00:17:36 开始操作号码 【1385808】
2024-09-21 00:17:38 GSD getOne 第 1 次 等待 3 秒
2024-09-21 00:17:41 查询号码 【1385808】，返回信息 {"status":"ok","msg":"浙江-杭州","gid":"11409","time_insert":"2020-06-10 11:27","time_update":"2021-05-18 16:02"}
2024-09-21 00:17:41 查询号码 【1385808】，GSD为【"浙江-杭州"】

2024-09-21 00:17:42 开始第 5810 次操作

2024-09-21 00:17:42 开始操作号码 【1385809】
2024-09-21 00:17:45 GSD getOne 第 1 次 等待 3 秒
2024-09-21 00:17:48 查询号码 【1385809】，返回信息 {"status":"ok","msg":"浙江-杭州","gid":"11410","time_insert":"2019-12-16 10:34","time_update":"2021-05-18 16:02"}
2024-09-21 00:17:48 查询号码 【1385809】，GSD为【"浙江-杭州"】

2024-09-21 00:17:49 开始第 5811 次操作

2024-09-21 00:17:49 开始操作号码 【1385810】
2024-09-21 00:17:52 GSD getOne 第 1 次 等待 3 秒
2024-09-21 00:17:55 查询号码 【1385810】，返回信息 {"status":"ok","msg":"浙江-杭州","gid":"355708","time_insert":"2021-07-22 13:47"}
2024-09-21 00:17:55 查询号码 【1385810】，GSD为【"浙江-杭州"】

2024-09-21 00:17:56 开始第 5812 次操作

2024-09-21 00:17:56 开始操作号码 【1385811】
2024-09-21 00:17:59 GSD getOne 第 1 次 等待 3 秒
2024-09-21 00:18:02 查询号码 【1385811】，返回信息 {"status":"ok","msg":"浙江-杭州","gid":"357417","time_insert":"2021-07-22 18:00"}
2024-09-21 00:18:02 查询号码 【1385811】，GSD为【"浙江-杭州"】

2024-09-21 00:42:25 开始第 5813 次操作

2024-09-21 00:42:25 开始操作号码 【1385812】
2024-09-21 00:42:28 GSD getOne 第 1 次 等待 3 秒
2024-09-21 00:42:31 查询号码 【1385812】，返回信息 {"status":"ok","msg":"浙江-杭州","gid":"357621","time_insert":"2021-07-22 18:23"}
2024-09-21 00:42:31 查询号码 【1385812】，GSD为【"浙江-杭州"】

2024-09-21 00:42:32 开始第 5814 次操作

2024-09-21 00:42:32 开始操作号码 【1385813】
2024-09-21 00:42:34 GSD getOne 第 1 次 等待 3 秒
2024-09-21 00:42:37 查询号码 【1385813】，返回信息 {"status":"ok","msg":"浙江-杭州","gid":"357653","time_insert":"2021-07-22 18:32"}
2024-09-21 00:42:37 查询号码 【1385813】，GSD为【"浙江-杭州"】

2024-09-21 00:42:38 开始第 5815 次操作

2024-09-21 00:42:38 开始操作号码 【1385814】
2024-09-21 00:42:40 GSD getOne 第 1 次 等待 3 秒
2024-09-21 00:42:43 查询号码 【1385814】，返回信息 {"status":"ok","msg":"浙江-杭州","gid":"357689","time_insert":"2021-07-22 18:44"}
2024-09-21 00:42:43 查询号码 【1385814】，GSD为【"浙江-杭州"】

2024-09-21 00:42:44 开始第 5816 次操作

2024-09-21 00:42:44 开始操作号码 【1385815】
2024-09-21 00:42:46 GSD getOne 第 1 次 等待 3 秒
2024-09-21 00:42:49 查询号码 【1385815】，返回信息 {"status":"ok","msg":"浙江-杭州","gid":"357802","time_insert":"2021-07-22 18:55"}
2024-09-21 00:42:49 查询号码 【1385815】，GSD为【"浙江-杭州"】

2024-09-21 01:12:20 开始第 5817 次操作

2024-09-21 01:12:20 开始操作号码 【1385816】
2024-09-21 01:12:23 GSD getOne 第 1 次 等待 3 秒
2024-09-21 01:12:26 查询号码 【1385816】，返回信息 {"status":"ok","msg":"浙江-杭州","gid":"11411","time_insert":"2015-01-11 22:42","time_update":"2021-05-18 16:34"}
2024-09-21 01:12:26 查询号码 【1385816】，GSD为【"浙江-杭州"】

2024-09-21 01:12:27 开始第 5818 次操作

2024-09-21 01:12:27 开始操作号码 【1385817】
2024-09-21 01:12:29 GSD getOne 第 1 次 等待 3 秒
2024-09-21 01:12:32 查询号码 【1385817】，返回信息 {"status":"ok","msg":"浙江-杭州","gid":"357894","time_insert":"2021-07-22 19:04"}
2024-09-21 01:12:32 查询号码 【1385817】，GSD为【"浙江-杭州"】

2024-09-21 01:12:33 开始第 5819 次操作

2024-09-21 01:12:33 开始操作号码 【1385818】
2024-09-21 01:12:35 GSD getOne 第 1 次 等待 3 秒
2024-09-21 01:12:38 查询号码 【1385818】，返回信息 {"status":"ok","msg":"浙江-杭州","gid":"357992","time_insert":"2021-07-22 19:15"}
2024-09-21 01:12:38 查询号码 【1385818】，GSD为【"浙江-杭州"】

2024-09-21 01:12:39 开始第 5820 次操作

2024-09-21 01:12:39 开始操作号码 【1385819】
2024-09-21 01:12:41 GSD getOne 第 1 次 等待 3 秒
2024-09-21 01:12:44 查询号码 【1385819】，返回信息 {"status":"ok","msg":"浙江-杭州","gid":"358050","time_insert":"2021-07-22 19:24"}
2024-09-21 01:12:44 查询号码 【1385819】，GSD为【"浙江-杭州"】

2024-09-21 01:36:29 开始第 5821 次操作

2024-09-21 01:36:29 开始操作号码 【1385820】
2024-09-21 01:36:32 GSD getOne 第 1 次 等待 3 秒
2024-09-21 01:36:35 查询号码 【1385820】，返回信息 {"status":"ok","msg":"浙江-宁波","gid":"358101","time_insert":"2021-07-22 19:34"}
2024-09-21 01:36:35 查询号码 【1385820】，GSD为【"浙江-宁波"】

2024-09-21 01:36:36 开始第 5822 次操作

2024-09-21 01:36:36 开始操作号码 【1385821】
2024-09-21 01:36:38 GSD getOne 第 1 次 等待 3 秒
2024-09-21 01:36:41 查询号码 【1385821】，返回信息 {"status":"ok","msg":"浙江-宁波","gid":"358213","time_insert":"2021-07-22 19:45"}
2024-09-21 01:36:41 查询号码 【1385821】，GSD为【"浙江-宁波"】

2024-09-21 01:36:42 开始第 5823 次操作

2024-09-21 01:36:42 开始操作号码 【1385822】
2024-09-21 01:36:47 GSD getOne 第 1 次 等待 3 秒
2024-09-21 01:36:50 查询号码 【1385822】，返回信息 {"status":"ok","msg":"浙江-宁波","gid":"358322","time_insert":"2021-07-22 19:54"}
2024-09-21 01:36:50 查询号码 【1385822】，GSD为【"浙江-宁波"】

2024-09-21 01:36:51 开始第 5824 次操作

2024-09-21 01:36:51 开始操作号码 【1385823】
2024-09-21 01:36:53 GSD getOne 第 1 次 等待 3 秒
2024-09-21 01:36:56 查询号码 【1385823】，返回信息 {"status":"ok","msg":"浙江-宁波","gid":"358439","time_insert":"2021-07-22 20:05"}
2024-09-21 01:36:56 查询号码 【1385823】，GSD为【"浙江-宁波"】

