2024-08-06 00:22:43 开始第 9849 次操作

2024-08-06 00:22:43 开始操作号码 【1499738】
2024-08-06 00:22:52 GSD getOne 第 1 次 等待 3 秒
2024-08-06 00:22:55 查询号码 【1499738】，返回信息 {"status":"ok","msg":"-","gid":"359305","time_insert":"2021-07-22 22:00"}
2024-08-06 00:22:55 查询号码 【1499738】，GSD为【"-"】
2024-08-06 00:22:55 ok && -
2024-08-06 00:22:58 CHB 1499738?1722874975 第 1 次 等待 3 秒
2024-08-06 00:23:01 CHB 1499738?1722874975 第 1 次 获取到号码【1499738】GSD
2024-08-06 00:23:01 未获取到号码【1499738】GSD，可能号码格式错误
2024-08-06 00:23:01 获取到号码【1499738】的GSD为【-】
2024-08-06 00:23:10 GSD insert 第 1 次 等待 3 秒
2024-08-06 00:23:13 {"status":"bad","gid":"359305","msg":"添加失败！号码【1499738(-|-)】已存在！"}
2024-08-06 00:23:13 随机等待 185 秒，约 3 分钟
2024-08-06 00:23:13 下次操作: 2024-08-06 00:26:18

2024-08-06 00:26:18 开始第 9850 次操作

2024-08-06 00:26:18 开始操作号码 【1499739】
2024-08-06 00:26:27 GSD getOne 第 1 次 等待 3 秒
2024-08-06 00:26:30 查询号码 【1499739】，返回信息 {"status":"ok","msg":"-","gid":"359296","time_insert":"2021-07-22 21:59"}
2024-08-06 00:26:30 查询号码 【1499739】，GSD为【"-"】
2024-08-06 00:26:30 ok && -
2024-08-06 00:26:32 CHB 1499739?1722875190 第 1 次 等待 3 秒
2024-08-06 00:26:35 CHB 1499739?1722875190 第 1 次 获取到号码【1499739】GSD
2024-08-06 00:26:35 未获取到号码【1499739】GSD，可能号码格式错误
2024-08-06 00:26:35 获取到号码【1499739】的GSD为【-】
2024-08-06 00:26:46 GSD insert 第 1 次 等待 3 秒
2024-08-06 00:26:49 {"status":"bad","gid":"359296","msg":"添加失败！号码【1499739(-|-)】已存在！"}
2024-08-06 00:26:49 随机等待 95 秒，约 1 分钟
2024-08-06 00:26:49 下次操作: 2024-08-06 00:28:24

2024-08-06 00:28:24 开始第 9851 次操作

2024-08-06 00:28:24 开始操作号码 【1499740】
2024-08-06 00:28:33 GSD getOne 第 1 次 等待 3 秒
2024-08-06 00:28:36 查询号码 【1499740】，返回信息 {"status":"ok","msg":"-","gid":"359287","time_insert":"2021-07-22 21:58"}
2024-08-06 00:28:36 查询号码 【1499740】，GSD为【"-"】
2024-08-06 00:28:36 ok && -
2024-08-06 00:28:38 CHB 1499740?1722875316 第 1 次 等待 3 秒
2024-08-06 00:28:41 CHB 1499740?1722875316 第 1 次 获取到号码【1499740】GSD
2024-08-06 00:28:41 未获取到号码【1499740】GSD，可能号码格式错误
2024-08-06 00:28:41 获取到号码【1499740】的GSD为【-】
2024-08-06 00:28:49 GSD insert 第 1 次 等待 3 秒
2024-08-06 00:28:52 {"status":"bad","gid":"359287","msg":"添加失败！号码【1499740(-|-)】已存在！"}
2024-08-06 00:28:52 随机等待 171 秒，约 2 分钟
2024-08-06 00:28:52 下次操作: 2024-08-06 00:31:43

2024-08-06 00:31:43 开始第 9852 次操作

2024-08-06 00:31:43 开始操作号码 【1499741】
2024-08-06 00:31:51 GSD getOne 第 1 次 等待 3 秒
2024-08-06 00:31:54 查询号码 【1499741】，返回信息 {"status":"ok","msg":"-","gid":"359278","time_insert":"2021-07-22 21:57"}
2024-08-06 00:31:54 查询号码 【1499741】，GSD为【"-"】
2024-08-06 00:31:54 ok && -
2024-08-06 00:31:56 CHB 1499741?1722875514 第 1 次 等待 3 秒
2024-08-06 00:31:59 CHB 1499741?1722875514 第 1 次 获取到号码【1499741】GSD
2024-08-06 00:32:00 未获取到号码【1499741】GSD，可能号码格式错误
2024-08-06 00:32:00 获取到号码【1499741】的GSD为【-】
2024-08-06 00:32:07 GSD insert 第 1 次 等待 3 秒
2024-08-06 00:32:10 {"status":"bad","gid":"359278","msg":"添加失败！号码【1499741(-|-)】已存在！"}

2024-08-06 00:41:40 开始第 9853 次操作

2024-08-06 00:41:40 开始操作号码 【1499742】
2024-08-06 00:41:49 GSD getOne 第 1 次 等待 3 秒
2024-08-06 00:41:52 查询号码 【1499742】，返回信息 {"status":"ok","msg":"-","gid":"359266","time_insert":"2021-07-22 21:56"}
2024-08-06 00:41:52 查询号码 【1499742】，GSD为【"-"】
2024-08-06 00:41:52 ok && -
2024-08-06 00:41:55 CHB 1499742?1722876112 第 1 次 等待 3 秒
2024-08-06 00:41:58 CHB 1499742?1722876112 第 1 次 获取到号码【1499742】GSD
2024-08-06 00:41:58 未获取到号码【1499742】GSD，可能号码格式错误
2024-08-06 00:41:58 获取到号码【1499742】的GSD为【-】
2024-08-06 00:42:12 GSD insert 第 1 次 等待 3 秒
2024-08-06 00:42:15 {"status":"bad","gid":"359266","msg":"添加失败！号码【1499742(-|-)】已存在！"}
2024-08-06 00:42:15 随机等待 182 秒，约 3 分钟
2024-08-06 00:42:15 下次操作: 2024-08-06 00:45:17

2024-08-06 00:45:17 开始第 9854 次操作

2024-08-06 00:45:17 开始操作号码 【1499743】
2024-08-06 00:45:25 GSD getOne 第 1 次 等待 3 秒
2024-08-06 00:45:28 查询号码 【1499743】，返回信息 {"status":"ok","msg":"-","gid":"359257","time_insert":"2021-07-22 21:56"}
2024-08-06 00:45:28 查询号码 【1499743】，GSD为【"-"】
2024-08-06 00:45:28 ok && -
2024-08-06 00:45:30 CHB 1499743?1722876328 第 1 次 等待 3 秒
2024-08-06 00:45:33 CHB 1499743?1722876328 第 1 次 获取到号码【1499743】GSD
2024-08-06 00:45:33 未获取到号码【1499743】GSD，可能号码格式错误
2024-08-06 00:45:33 获取到号码【1499743】的GSD为【-】
2024-08-06 00:45:41 GSD insert 第 1 次 等待 3 秒
2024-08-06 00:45:44 {"status":"bad","gid":"359257","msg":"添加失败！号码【1499743(-|-)】已存在！"}
2024-08-06 00:45:44 随机等待 204 秒，约 3 分钟
2024-08-06 00:45:44 下次操作: 2024-08-06 00:49:08

2024-08-06 00:49:08 开始第 9855 次操作

2024-08-06 00:49:08 开始操作号码 【1499744】
2024-08-06 00:49:16 GSD getOne 第 1 次 等待 3 秒
2024-08-06 00:49:19 查询号码 【1499744】，返回信息 {"status":"ok","msg":"-","gid":"359242","time_insert":"2021-07-22 21:55"}
2024-08-06 00:49:19 查询号码 【1499744】，GSD为【"-"】
2024-08-06 00:49:19 ok && -
2024-08-06 00:49:22 CHB 1499744?1722876559 第 1 次 等待 3 秒
2024-08-06 00:49:25 CHB 1499744?1722876559 第 1 次 获取到号码【1499744】GSD
2024-08-06 00:49:25 未获取到号码【1499744】GSD，可能号码格式错误
2024-08-06 00:49:25 获取到号码【1499744】的GSD为【-】
2024-08-06 00:49:37 GSD insert 第 1 次 等待 3 秒
2024-08-06 00:49:40 {"status":"bad","gid":"359242","msg":"添加失败！号码【1499744(-|-)】已存在！"}
2024-08-06 00:49:40 随机等待 213 秒，约 3 分钟
2024-08-06 00:49:40 下次操作: 2024-08-06 00:53:13

2024-08-06 00:53:13 开始第 9856 次操作

2024-08-06 00:53:13 开始操作号码 【1499745】
2024-08-06 00:53:21 GSD getOne 第 1 次 等待 3 秒
2024-08-06 00:53:24 查询号码 【1499745】，返回信息 {"status":"ok","msg":"-","gid":"359231","time_insert":"2021-07-22 21:54"}
2024-08-06 00:53:24 查询号码 【1499745】，GSD为【"-"】
2024-08-06 00:53:24 ok && -
2024-08-06 00:53:26 CHB 1499745?1722876804 第 1 次 等待 3 秒
2024-08-06 00:53:29 CHB 1499745?1722876804 第 1 次 获取到号码【1499745】GSD
2024-08-06 00:53:29 未获取到号码【1499745】GSD，可能号码格式错误
2024-08-06 00:53:29 获取到号码【1499745】的GSD为【-】
2024-08-06 00:53:40 GSD insert 第 1 次 等待 3 秒
2024-08-06 00:53:43 {"status":"bad","gid":"359231","msg":"添加失败！号码【1499745(-|-)】已存在！"}

