2024-02-06 00:19:20 开始第 2133 次操作

2024-02-06 00:19:20 开始操作号码 【1712035】
2024-02-06 00:19:26 GSD getOne 第 1 次 等待 3 秒
2024-02-06 00:19:29 查询号码 【1712035】，返回信息 {"status":"ok","msg":"福建-莆田","gid":"154554","time_insert":"2021-06-29 15:50"}
2024-02-06 00:19:29 查询号码 【1712035】，GSD为【"福建-莆田"】

2024-02-06 00:19:30 开始第 2134 次操作

2024-02-06 00:19:30 开始操作号码 【1712036】
2024-02-06 00:19:36 GSD getOne 第 1 次 等待 3 秒
2024-02-06 00:19:39 查询号码 【1712036】，返回信息 {"status":"ok","msg":"福建-莆田","gid":"154561","time_insert":"2021-06-29 15:52"}
2024-02-06 00:19:39 查询号码 【1712036】，GSD为【"福建-莆田"】

2024-02-06 00:19:40 开始第 2135 次操作

2024-02-06 00:19:40 开始操作号码 【1712037】
2024-02-06 00:19:44 GSD getOne 第 1 次 等待 3 秒
2024-02-06 00:19:47 查询号码 【1712037】，返回信息 {"status":"ok","msg":"福建-莆田","gid":"154570","time_insert":"2021-06-29 15:53"}
2024-02-06 00:19:47 查询号码 【1712037】，GSD为【"福建-莆田"】

2024-02-06 00:19:48 开始第 2136 次操作

2024-02-06 00:19:48 开始操作号码 【1712038】
2024-02-06 00:19:53 GSD getOne 第 1 次 等待 3 秒
2024-02-06 00:19:56 查询号码 【1712038】，返回信息 {"status":"ok","msg":"福建-南平","gid":"154577","time_insert":"2021-06-29 15:54"}
2024-02-06 00:19:56 查询号码 【1712038】，GSD为【"福建-南平"】

