2024-04-07 00:20:39 开始第 2297 次操作

2024-04-07 00:20:39 开始操作号码 【1602200】
2024-04-07 00:20:49 GSD getOne 第 1 次 等待 3 秒
2024-04-07 00:20:52 查询号码 【1602200】，返回信息 {"status":"ok","msg":"-","gid":"556338","time_insert":"2023-02-26 12:53"}
2024-04-07 00:20:52 查询号码 【1602200】，GSD为【"-"】
2024-04-07 00:20:52 ok && -
2024-04-07 00:20:58 CHB 1602200?1712420452 第 1 次 等待 3 秒
2024-04-07 00:21:01 CHB 1602200?1712420452 第 1 次 获取到号码【1602200】GSD
2024-04-07 00:21:01 未获取到号码【1602200】GSD，可能号码格式错误
2024-04-07 00:21:01 获取到号码【1602200】的GSD为【-】
2024-04-07 00:21:06 GSD insert 第 1 次 等待 3 秒
2024-04-07 00:21:09 {"status":"bad","gid":"556338","msg":"添加失败！号码【1602200(-|-)】已存在！"}
2024-04-07 00:21:09 随机等待 166 秒，约 2 分钟
2024-04-07 00:21:09 下次操作: 2024-04-07 00:23:55

2024-04-07 00:23:55 开始第 2298 次操作

2024-04-07 00:23:55 开始操作号码 【1602201】
2024-04-07 00:24:00 GSD getOne 第 1 次 等待 3 秒
2024-04-07 00:24:03 查询号码 【1602201】，返回信息 {"status":"ok","msg":"-","gid":"556356","time_insert":"2023-02-26 13:03"}
2024-04-07 00:24:03 查询号码 【1602201】，GSD为【"-"】
2024-04-07 00:24:03 ok && -
2024-04-07 00:24:09 CHB 1602201?1712420643 第 1 次 等待 3 秒
2024-04-07 00:24:12 CHB 1602201?1712420643 第 1 次 获取到号码【1602201】GSD
2024-04-07 00:24:12 未获取到号码【1602201】GSD，可能号码格式错误
2024-04-07 00:24:12 获取到号码【1602201】的GSD为【-】
2024-04-07 00:24:17 GSD insert 第 1 次 等待 3 秒
2024-04-07 00:24:20 {"status":"bad","gid":"556356","msg":"添加失败！号码【1602201(-|-)】已存在！"}
2024-04-07 00:24:20 随机等待 149 秒，约 2 分钟
2024-04-07 00:24:20 下次操作: 2024-04-07 00:26:49

2024-04-07 00:26:49 开始第 2299 次操作

2024-04-07 00:26:49 开始操作号码 【1602202】
2024-04-07 00:26:54 GSD getOne 第 1 次 等待 3 秒
2024-04-07 00:26:57 查询号码 【1602202】，返回信息 {"status":"ok","msg":"-","gid":"556384","time_insert":"2023-02-26 13:22"}
2024-04-07 00:26:57 查询号码 【1602202】，GSD为【"-"】
2024-04-07 00:26:57 ok && -
2024-04-07 00:27:00 CHB 1602202?1712420817 第 1 次 等待 3 秒
2024-04-07 00:27:03 CHB 1602202?1712420817 第 1 次 获取到号码【1602202】GSD
2024-04-07 00:27:03 未获取到号码【1602202】GSD，可能号码格式错误
2024-04-07 00:27:03 获取到号码【1602202】的GSD为【-】
2024-04-07 00:27:08 GSD insert 第 1 次 等待 3 秒
2024-04-07 00:27:11 {"status":"bad","gid":"556384","msg":"添加失败！号码【1602202(-|-)】已存在！"}
2024-04-07 00:27:11 随机等待 103 秒，约 1 分钟
2024-04-07 00:27:11 下次操作: 2024-04-07 00:28:54

2024-04-07 00:28:54 开始第 2300 次操作

2024-04-07 00:28:54 开始操作号码 【1602203】
2024-04-07 00:29:04 GSD getOne 第 1 次 等待 3 秒
2024-04-07 00:29:07 查询号码 【1602203】，返回信息 {"status":"ok","msg":"-","gid":"556405","time_insert":"2023-02-26 13:34"}
2024-04-07 00:29:07 查询号码 【1602203】，GSD为【"-"】
2024-04-07 00:29:07 ok && -
2024-04-07 00:29:09 CHB 1602203?1712420947 第 1 次 等待 3 秒
2024-04-07 00:29:12 CHB 1602203?1712420947 第 1 次 获取到号码【1602203】GSD
2024-04-07 00:29:12 未获取到号码【1602203】GSD，可能号码格式错误
2024-04-07 00:29:12 获取到号码【1602203】的GSD为【-】
2024-04-07 00:29:17 GSD insert 第 1 次 等待 3 秒
2024-04-07 00:29:20 {"status":"bad","gid":"556405","msg":"添加失败！号码【1602203(-|-)】已存在！"}

2024-04-07 00:37:43 开始第 2301 次操作

2024-04-07 00:37:43 开始操作号码 【1602204】
2024-04-07 00:37:51 GSD getOne 第 1 次 等待 3 秒
2024-04-07 00:37:54 查询号码 【1602204】，返回信息 {"status":"ok","msg":"-","gid":"556430","time_insert":"2023-02-26 13:46"}
2024-04-07 00:37:54 查询号码 【1602204】，GSD为【"-"】
2024-04-07 00:37:54 ok && -
2024-04-07 00:37:57 CHB 1602204?1712421474 第 1 次 等待 3 秒
2024-04-07 00:38:00 CHB 1602204?1712421474 第 1 次 获取到号码【1602204】GSD
2024-04-07 00:38:00 未获取到号码【1602204】GSD，可能号码格式错误
2024-04-07 00:38:00 获取到号码【1602204】的GSD为【-】
2024-04-07 00:38:10 GSD insert 第 1 次 等待 3 秒
2024-04-07 00:38:13 {"status":"bad","gid":"556430","msg":"添加失败！号码【1602204(-|-)】已存在！"}
2024-04-07 00:38:13 随机等待 182 秒，约 3 分钟
2024-04-07 00:38:13 下次操作: 2024-04-07 00:41:15

2024-04-07 00:41:15 开始第 2302 次操作

2024-04-07 00:41:15 开始操作号码 【1602205】
2024-04-07 00:41:20 GSD getOne 第 1 次 等待 3 秒
2024-04-07 00:41:23 查询号码 【1602205】，返回信息 {"status":"ok","msg":"-","gid":"556461","time_insert":"2023-02-26 14:02"}
2024-04-07 00:41:23 查询号码 【1602205】，GSD为【"-"】
2024-04-07 00:41:23 ok && -
2024-04-07 00:41:25 CHB 1602205?1712421683 第 1 次 等待 3 秒
2024-04-07 00:41:28 CHB 1602205?1712421683 第 1 次 获取到号码【1602205】GSD
2024-04-07 00:41:28 未获取到号码【1602205】GSD，可能号码格式错误
2024-04-07 00:41:28 获取到号码【1602205】的GSD为【-】
2024-04-07 00:41:32 GSD insert 第 1 次 等待 3 秒
2024-04-07 00:41:35 {"status":"bad","gid":"556461","msg":"添加失败！号码【1602205(-|-)】已存在！"}
2024-04-07 00:41:35 随机等待 164 秒，约 2 分钟
2024-04-07 00:41:35 下次操作: 2024-04-07 00:44:19

2024-04-07 00:44:19 开始第 2303 次操作

2024-04-07 00:44:19 开始操作号码 【1602206】
2024-04-07 00:44:24 GSD getOne 第 1 次 等待 3 秒
2024-04-07 00:44:27 查询号码 【1602206】，返回信息 {"status":"ok","msg":"-","gid":"556476","time_insert":"2023-02-26 14:13"}
2024-04-07 00:44:27 查询号码 【1602206】，GSD为【"-"】
2024-04-07 00:44:27 ok && -
2024-04-07 00:44:29 CHB 1602206?1712421867 第 1 次 等待 3 秒
2024-04-07 00:44:32 CHB 1602206?1712421867 第 1 次 获取到号码【1602206】GSD
2024-04-07 00:44:32 未获取到号码【1602206】GSD，可能号码格式错误
2024-04-07 00:44:32 获取到号码【1602206】的GSD为【-】
2024-04-07 00:44:37 GSD insert 第 1 次 等待 3 秒
2024-04-07 00:44:40 {"status":"bad","gid":"556476","msg":"添加失败！号码【1602206(-|-)】已存在！"}
2024-04-07 00:44:40 随机等待 173 秒，约 2 分钟
2024-04-07 00:44:40 下次操作: 2024-04-07 00:47:33

2024-04-07 00:47:33 开始第 2304 次操作

2024-04-07 00:47:33 开始操作号码 【1602207】
2024-04-07 00:47:37 GSD getOne 第 1 次 等待 3 秒
2024-04-07 00:47:40 查询号码 【1602207】，返回信息 {"status":"ok","msg":"-","gid":"556501","time_insert":"2023-02-26 14:30"}
2024-04-07 00:47:40 查询号码 【1602207】，GSD为【"-"】
2024-04-07 00:47:40 ok && -
2024-04-07 00:47:42 CHB 1602207?1712422060 第 1 次 等待 3 秒
2024-04-07 00:47:45 CHB 1602207?1712422060 第 1 次 获取到号码【1602207】GSD
2024-04-07 00:47:45 未获取到号码【1602207】GSD，可能号码格式错误
2024-04-07 00:47:45 获取到号码【1602207】的GSD为【-】
2024-04-07 00:47:50 GSD insert 第 1 次 等待 3 秒
2024-04-07 00:47:53 {"status":"bad","gid":"556501","msg":"添加失败！号码【1602207(-|-)】已存在！"}

2024-04-07 01:14:53 开始第 2305 次操作

2024-04-07 01:14:53 开始操作号码 【1602208】
2024-04-07 01:14:58 GSD getOne 第 1 次 等待 3 秒
2024-04-07 01:15:01 查询号码 【1602208】，返回信息 {"status":"ok","msg":"-","gid":"556518","time_insert":"2023-02-26 14:40"}
2024-04-07 01:15:01 查询号码 【1602208】，GSD为【"-"】
2024-04-07 01:15:01 ok && -
2024-04-07 01:15:03 CHB 1602208?1712423701 第 1 次 等待 3 秒
2024-04-07 01:15:06 CHB 1602208?1712423701 第 1 次 获取到号码【1602208】GSD
2024-04-07 01:15:06 未获取到号码【1602208】GSD，可能号码格式错误
2024-04-07 01:15:06 获取到号码【1602208】的GSD为【-】
2024-04-07 01:15:12 GSD insert 第 1 次 等待 3 秒
2024-04-07 01:15:15 {"status":"bad","gid":"556518","msg":"添加失败！号码【1602208(-|-)】已存在！"}
2024-04-07 01:15:15 随机等待 148 秒，约 2 分钟
2024-04-07 01:15:15 下次操作: 2024-04-07 01:17:43

2024-04-07 01:17:43 开始第 2306 次操作

2024-04-07 01:17:43 开始操作号码 【1602209】
2024-04-07 01:17:48 GSD getOne 第 1 次 等待 3 秒
2024-04-07 01:17:51 查询号码 【1602209】，返回信息 {"status":"ok","msg":"-","gid":"556550","time_insert":"2023-02-26 14:58"}
2024-04-07 01:17:51 查询号码 【1602209】，GSD为【"-"】
2024-04-07 01:17:51 ok && -
2024-04-07 01:17:53 CHB 1602209?1712423871 第 1 次 等待 3 秒
2024-04-07 01:17:56 CHB 1602209?1712423871 第 1 次 获取到号码【1602209】GSD
2024-04-07 01:17:56 未获取到号码【1602209】GSD，可能号码格式错误
2024-04-07 01:17:56 获取到号码【1602209】的GSD为【-】
2024-04-07 01:18:01 GSD insert 第 1 次 等待 3 秒
2024-04-07 01:18:04 {"status":"bad","gid":"556550","msg":"添加失败！号码【1602209(-|-)】已存在！"}
2024-04-07 01:18:04 随机等待 90 秒，约 1 分钟
2024-04-07 01:18:04 下次操作: 2024-04-07 01:19:34

2024-04-07 01:19:34 开始第 2307 次操作

2024-04-07 01:19:34 开始操作号码 【1602210】
2024-04-07 01:19:38 GSD getOne 第 1 次 等待 3 秒
2024-04-07 01:19:41 查询号码 【1602210】，返回信息 {"status":"ok","msg":"-","gid":"556578","time_insert":"2023-02-26 15:16"}
2024-04-07 01:19:41 查询号码 【1602210】，GSD为【"-"】
2024-04-07 01:19:41 ok && -
2024-04-07 01:19:43 CHB 1602210?1712423981 第 1 次 等待 3 秒
2024-04-07 01:19:46 CHB 1602210?1712423981 第 1 次 获取到号码【1602210】GSD
2024-04-07 01:19:46 未获取到号码【1602210】GSD，可能号码格式错误
2024-04-07 01:19:46 获取到号码【1602210】的GSD为【-】
2024-04-07 01:19:51 GSD insert 第 1 次 等待 3 秒
2024-04-07 01:19:54 {"status":"bad","gid":"556578","msg":"添加失败！号码【1602210(-|-)】已存在！"}
2024-04-07 01:19:54 随机等待 121 秒，约 2 分钟
2024-04-07 01:19:54 下次操作: 2024-04-07 01:21:55

2024-04-07 01:21:55 开始第 2308 次操作

2024-04-07 01:21:55 开始操作号码 【1602211】
2024-04-07 01:21:59 GSD getOne 第 1 次 等待 3 秒
2024-04-07 01:22:02 查询号码 【1602211】，返回信息 {"status":"ok","msg":"-","gid":"556603","time_insert":"2023-02-26 15:32"}
2024-04-07 01:22:02 查询号码 【1602211】，GSD为【"-"】
2024-04-07 01:22:02 ok && -
2024-04-07 01:22:04 CHB 1602211?1712424122 第 1 次 等待 3 秒
2024-04-07 01:22:07 CHB 1602211?1712424122 第 1 次 获取到号码【1602211】GSD
2024-04-07 01:22:07 未获取到号码【1602211】GSD，可能号码格式错误
2024-04-07 01:22:07 获取到号码【1602211】的GSD为【-】
2024-04-07 01:22:11 GSD insert 第 1 次 等待 3 秒
2024-04-07 01:22:14 {"status":"bad","gid":"556603","msg":"添加失败！号码【1602211(-|-)】已存在！"}

2024-04-07 01:37:18 开始第 2309 次操作

2024-04-07 01:37:18 开始操作号码 【1602212】
2024-04-07 01:37:24 GSD getOne 第 1 次 等待 3 秒
2024-04-07 01:37:27 查询号码 【1602212】，返回信息 {"status":"ok","msg":"-","gid":"556628","time_insert":"2023-02-26 15:46"}
2024-04-07 01:37:27 查询号码 【1602212】，GSD为【"-"】
2024-04-07 01:37:27 ok && -
2024-04-07 01:37:33 CHB 1602212?1712425047 第 1 次 等待 3 秒
2024-04-07 01:37:36 CHB 1602212?1712425047 第 1 次 获取到号码【1602212】GSD
2024-04-07 01:37:36 未获取到号码【1602212】GSD，可能号码格式错误
2024-04-07 01:37:36 获取到号码【1602212】的GSD为【-】
2024-04-07 01:37:41 GSD insert 第 1 次 等待 3 秒
2024-04-07 01:37:44 {"status":"bad","gid":"556628","msg":"添加失败！号码【1602212(-|-)】已存在！"}
2024-04-07 01:37:44 随机等待 202 秒，约 3 分钟
2024-04-07 01:37:44 下次操作: 2024-04-07 01:41:06

2024-04-07 01:41:06 开始第 2310 次操作

2024-04-07 01:41:06 开始操作号码 【1602213】
2024-04-07 01:41:11 GSD getOne 第 1 次 等待 3 秒
2024-04-07 01:41:14 查询号码 【1602213】，返回信息 {"status":"ok","msg":"-","gid":"556646","time_insert":"2023-02-26 15:55"}
2024-04-07 01:41:14 查询号码 【1602213】，GSD为【"-"】
2024-04-07 01:41:14 ok && -
2024-04-07 01:41:16 CHB 1602213?1712425274 第 1 次 等待 3 秒
2024-04-07 01:41:19 CHB 1602213?1712425274 第 1 次 获取到号码【1602213】GSD
2024-04-07 01:41:19 未获取到号码【1602213】GSD，可能号码格式错误
2024-04-07 01:41:19 获取到号码【1602213】的GSD为【-】
2024-04-07 01:41:24 GSD insert 第 1 次 等待 3 秒
2024-04-07 01:41:27 {"status":"bad","gid":"556646","msg":"添加失败！号码【1602213(-|-)】已存在！"}
2024-04-07 01:41:27 随机等待 78 秒，约 1 分钟
2024-04-07 01:41:27 下次操作: 2024-04-07 01:42:45

2024-04-07 01:42:45 开始第 2311 次操作

2024-04-07 01:42:45 开始操作号码 【1602214】
2024-04-07 01:42:49 GSD getOne 第 1 次 等待 3 秒
2024-04-07 01:42:52 查询号码 【1602214】，返回信息 {"status":"ok","msg":"-","gid":"556671","time_insert":"2023-02-26 16:12"}
2024-04-07 01:42:52 查询号码 【1602214】，GSD为【"-"】
2024-04-07 01:42:52 ok && -
2024-04-07 01:42:58 CHB 1602214?1712425372 第 1 次 等待 3 秒
2024-04-07 01:43:01 CHB 1602214?1712425372 第 1 次 获取到号码【1602214】GSD
2024-04-07 01:43:01 未获取到号码【1602214】GSD，可能号码格式错误
2024-04-07 01:43:01 获取到号码【1602214】的GSD为【-】
2024-04-07 01:43:07 GSD insert 第 1 次 等待 3 秒
2024-04-07 01:43:10 {"status":"bad","gid":"556671","msg":"添加失败！号码【1602214(-|-)】已存在！"}
2024-04-07 01:43:10 随机等待 170 秒，约 2 分钟
2024-04-07 01:43:10 下次操作: 2024-04-07 01:46:00

2024-04-07 01:46:00 开始第 2312 次操作

2024-04-07 01:46:00 开始操作号码 【1602215】
2024-04-07 01:46:05 GSD getOne 第 1 次 等待 3 秒
2024-04-07 01:46:08 查询号码 【1602215】，返回信息 {"status":"ok","msg":"-","gid":"556691","time_insert":"2023-02-26 16:24"}
2024-04-07 01:46:08 查询号码 【1602215】，GSD为【"-"】
2024-04-07 01:46:08 ok && -
2024-04-07 01:46:10 CHB 1602215?1712425568 第 1 次 等待 3 秒
2024-04-07 01:46:13 CHB 1602215?1712425568 第 1 次 获取到号码【1602215】GSD
2024-04-07 01:46:13 未获取到号码【1602215】GSD，可能号码格式错误
2024-04-07 01:46:13 获取到号码【1602215】的GSD为【-】
2024-04-07 01:46:18 GSD insert 第 1 次 等待 3 秒
2024-04-07 01:46:21 {"status":"bad","gid":"556691","msg":"添加失败！号码【1602215(-|-)】已存在！"}

2024-04-07 02:19:06 开始第 2313 次操作

2024-04-07 02:19:06 开始操作号码 【1602216】
2024-04-07 02:19:13 GSD getOne 第 1 次 等待 3 秒
2024-04-07 02:19:16 查询号码 【1602216】，返回信息 {"status":"ok","msg":"-","gid":"556705","time_insert":"2023-02-26 16:34"}
2024-04-07 02:19:16 查询号码 【1602216】，GSD为【"-"】
2024-04-07 02:19:16 ok && -
2024-04-07 02:19:22 CHB 1602216?1712427556 第 1 次 等待 3 秒
2024-04-07 02:19:25 CHB 1602216?1712427556 第 1 次 获取到号码【1602216】GSD
2024-04-07 02:19:25 未获取到号码【1602216】GSD，可能号码格式错误
2024-04-07 02:19:25 获取到号码【1602216】的GSD为【-】
2024-04-07 02:19:30 GSD insert 第 1 次 等待 3 秒
2024-04-07 02:19:33 {"status":"bad","gid":"556705","msg":"添加失败！号码【1602216(-|-)】已存在！"}
2024-04-07 02:19:33 随机等待 201 秒，约 3 分钟
2024-04-07 02:19:33 下次操作: 2024-04-07 02:22:54

2024-04-07 02:22:54 开始第 2314 次操作

2024-04-07 02:22:54 开始操作号码 【1602217】
2024-04-07 02:22:58 GSD getOne 第 1 次 等待 3 秒
2024-04-07 02:23:01 查询号码 【1602217】，返回信息 {"status":"ok","msg":"-","gid":"556736","time_insert":"2023-02-26 16:52"}
2024-04-07 02:23:01 查询号码 【1602217】，GSD为【"-"】
2024-04-07 02:23:01 ok && -
2024-04-07 02:23:08 CHB 1602217?1712427781 第 1 次 等待 3 秒
2024-04-07 02:23:11 CHB 1602217?1712427781 第 1 次 获取到号码【1602217】GSD
2024-04-07 02:23:11 未获取到号码【1602217】GSD，可能号码格式错误
2024-04-07 02:23:11 获取到号码【1602217】的GSD为【-】
2024-04-07 02:23:16 GSD insert 第 1 次 等待 3 秒
2024-04-07 02:23:19 {"status":"bad","gid":"556736","msg":"添加失败！号码【1602217(-|-)】已存在！"}
2024-04-07 02:23:19 随机等待 114 秒，约 1 分钟
2024-04-07 02:23:19 下次操作: 2024-04-07 02:25:13

2024-04-07 02:25:13 开始第 2315 次操作

2024-04-07 02:25:13 开始操作号码 【1602218】
2024-04-07 02:25:18 GSD getOne 第 1 次 等待 3 秒
2024-04-07 02:25:21 查询号码 【1602218】，返回信息 {"status":"ok","msg":"-","gid":"556764","time_insert":"2023-02-26 17:10"}
2024-04-07 02:25:21 查询号码 【1602218】，GSD为【"-"】
2024-04-07 02:25:21 ok && -
2024-04-07 02:25:23 CHB 1602218?1712427921 第 1 次 等待 3 秒
2024-04-07 02:25:26 CHB 1602218?1712427921 第 1 次 获取到号码【1602218】GSD
2024-04-07 02:25:26 未获取到号码【1602218】GSD，可能号码格式错误
2024-04-07 02:25:26 获取到号码【1602218】的GSD为【-】
2024-04-07 02:25:30 GSD insert 第 1 次 等待 3 秒
2024-04-07 02:25:33 {"status":"bad","gid":"556764","msg":"添加失败！号码【1602218(-|-)】已存在！"}
2024-04-07 02:25:33 随机等待 74 秒，约 1 分钟
2024-04-07 02:25:33 下次操作: 2024-04-07 02:26:47

2024-04-07 02:26:47 开始第 2316 次操作

2024-04-07 02:26:47 开始操作号码 【1602219】
2024-04-07 02:26:52 GSD getOne 第 1 次 等待 3 秒
2024-04-07 02:26:55 查询号码 【1602219】，返回信息 {"status":"ok","msg":"-","gid":"556791","time_insert":"2023-02-26 17:27"}
2024-04-07 02:26:55 查询号码 【1602219】，GSD为【"-"】
2024-04-07 02:26:55 ok && -
2024-04-07 02:26:59 CHB 1602219?1712428015 第 1 次 等待 3 秒
2024-04-07 02:27:02 CHB 1602219?1712428015 第 1 次 获取到号码【1602219】GSD
2024-04-07 02:27:02 未获取到号码【1602219】GSD，可能号码格式错误
2024-04-07 02:27:02 获取到号码【1602219】的GSD为【-】
2024-04-07 02:27:06 GSD insert 第 1 次 等待 3 秒
2024-04-07 02:27:09 {"status":"bad","gid":"556791","msg":"添加失败！号码【1602219(-|-)】已存在！"}

