2024-10-23 00:12:38 开始第 957 次操作

2024-10-23 00:12:38 开始操作号码 【1300956】
2024-10-23 00:12:39 GSD getOne 第 1 次 等待 3 秒
2024-10-23 00:12:42 查询号码 【1300956】，返回信息 {"status":"ok","msg":"内蒙古-包头","gid":"47750","time_insert":"2021-03-11 18:06"}
2024-10-23 00:12:42 查询号码 【1300956】，GSD为【"内蒙古-包头"】

2024-10-23 00:12:43 开始第 958 次操作

2024-10-23 00:12:43 开始操作号码 【1300957】
2024-10-23 00:12:44 GSD getOne 第 1 次 等待 3 秒
2024-10-23 00:12:47 查询号码 【1300957】，返回信息 {"status":"ok","msg":"内蒙古-鄂尔多斯","gid":"47751","time_insert":"2021-03-11 18:38"}
2024-10-23 00:12:48 查询号码 【1300957】，GSD为【"内蒙古-鄂尔多斯"】

2024-10-23 00:12:49 开始第 959 次操作

2024-10-23 00:12:49 开始操作号码 【1300958】
2024-10-23 00:13:00 GSD getOne 第 1 次 等待 3 秒
2024-10-23 00:13:03 查询号码 【1300958】，返回信息 {"status":"ok","msg":"内蒙古-巴彦淖尔","gid":"47752","time_insert":"2021-03-11 19:15"}
2024-10-23 00:13:03 查询号码 【1300958】，GSD为【"内蒙古-巴彦淖尔"】

2024-10-23 00:13:04 开始第 960 次操作

2024-10-23 00:13:04 开始操作号码 【1300959】
2024-10-23 00:13:07 GSD getOne 第 1 次 等待 3 秒
2024-10-23 00:13:10 查询号码 【1300959】，返回信息 {"status":"ok","msg":"内蒙古-乌海","gid":"79","time_insert":"2018-01-27 17:23","time_update":"2020-12-17 02:29"}
2024-10-23 00:13:10 查询号码 【1300959】，GSD为【"内蒙古-乌海"】

