2024-01-15 00:20:12 开始第 8721 次操作

2024-01-15 00:20:12 开始操作号码 【1828623】
2024-01-15 00:20:17 GSD getOne 第 1 次 等待 3 秒
2024-01-15 00:20:20 查询号码 【1828623】，返回信息 {"status":"ok","msg":"贵州-遵义","gid":"36515","time_insert":"2017-09-25 21:11","time_update":"2020-11-22 14:29"}
2024-01-15 00:20:20 查询号码 【1828623】，GSD为【"贵州-遵义"】

2024-01-15 00:20:21 开始第 8722 次操作

2024-01-15 00:20:21 开始操作号码 【1828624】
2024-01-15 00:20:26 GSD getOne 第 1 次 等待 3 秒
2024-01-15 00:20:29 查询号码 【1828624】，返回信息 {"status":"ok","msg":"贵州-遵义","gid":"36516","time_insert":"2014-09-20 10:13","time_update":"2020-11-22 14:33"}
2024-01-15 00:20:29 查询号码 【1828624】，GSD为【"贵州-遵义"】

2024-01-15 00:20:30 开始第 8723 次操作

2024-01-15 00:20:30 开始操作号码 【1828625】
2024-01-15 00:20:34 GSD getOne 第 1 次 等待 3 秒
2024-01-15 00:20:37 查询号码 【1828625】，返回信息 {"status":"ok","msg":"贵州-遵义","gid":"36517","time_insert":"2014-10-18 15:53","time_update":"2020-11-22 14:37"}
2024-01-15 00:20:37 查询号码 【1828625】，GSD为【"贵州-遵义"】

2024-01-15 00:20:38 开始第 8724 次操作

2024-01-15 00:20:38 开始操作号码 【1828626】
2024-01-15 00:20:42 GSD getOne 第 1 次 等待 3 秒
2024-01-15 00:20:45 查询号码 【1828626】，返回信息 {"status":"ok","msg":"贵州-遵义","gid":"36518","time_insert":"2017-07-18 11:48","time_update":"2020-11-22 14:42"}
2024-01-15 00:20:45 查询号码 【1828626】，GSD为【"贵州-遵义"】

2024-01-15 00:39:03 开始第 8725 次操作

2024-01-15 00:39:03 开始操作号码 【1828627】
2024-01-15 00:39:07 GSD getOne 第 1 次 等待 3 秒
2024-01-15 00:39:10 查询号码 【1828627】，返回信息 {"status":"ok","msg":"贵州-遵义","gid":"399232","time_insert":"2021-07-26 08:10"}
2024-01-15 00:39:10 查询号码 【1828627】，GSD为【"贵州-遵义"】

2024-01-15 00:39:11 开始第 8726 次操作

2024-01-15 00:39:11 开始操作号码 【1828628】
2024-01-15 00:39:19 GSD getOne 第 1 次 等待 3 秒
2024-01-15 00:39:22 查询号码 【1828628】，返回信息 {"status":"ok","msg":"贵州-遵义","gid":"36519","time_insert":"2017-10-29 09:16","time_update":"2020-11-22 14:45"}
2024-01-15 00:39:22 查询号码 【1828628】，GSD为【"贵州-遵义"】

2024-01-15 00:39:23 开始第 8727 次操作

2024-01-15 00:39:23 开始操作号码 【1828629】
2024-01-15 00:39:28 GSD getOne 第 1 次 等待 3 秒
2024-01-15 00:39:31 查询号码 【1828629】，返回信息 {"status":"ok","msg":"贵州-遵义","gid":"36520","time_insert":"2014-02-19 16:18","time_update":"2020-11-22 14:49"}
2024-01-15 00:39:31 查询号码 【1828629】，GSD为【"贵州-遵义"】

2024-01-15 00:39:32 开始第 8728 次操作

2024-01-15 00:39:32 开始操作号码 【1828630】
2024-01-15 00:39:37 GSD getOne 第 1 次 等待 3 秒
2024-01-15 00:39:40 查询号码 【1828630】，返回信息 {"status":"ok","msg":"贵州-安顺","gid":"399222","time_insert":"2021-07-26 08:08"}
2024-01-15 00:39:40 查询号码 【1828630】，GSD为【"贵州-安顺"】

