2024-04-09 00:22:13 开始第 2653 次操作

2024-04-09 00:22:13 开始操作号码 【1602555】
2024-04-09 00:22:18 GSD getOne 第 1 次 等待 3 秒
2024-04-09 00:22:21 查询号码 【1602555】，返回信息 {"status":"ok","msg":"-","gid":"563965","time_insert":"2023-03-02 00:45"}
2024-04-09 00:22:21 查询号码 【1602555】，GSD为【"-"】
2024-04-09 00:22:21 ok && -
2024-04-09 00:22:23 CHB 1602555?1712593341 第 1 次 等待 3 秒
2024-04-09 00:22:26 CHB 1602555?1712593341 第 1 次 获取到号码【1602555】GSD
2024-04-09 00:22:26 未获取到号码【1602555】GSD，可能号码格式错误
2024-04-09 00:22:26 获取到号码【1602555】的GSD为【-】
2024-04-09 00:22:31 GSD insert 第 1 次 等待 3 秒
2024-04-09 00:22:34 {"status":"bad","gid":"563965","msg":"添加失败！号码【1602555(-|-)】已存在！"}
2024-04-09 00:22:34 随机等待 180 秒，约 3 分钟
2024-04-09 00:22:34 下次操作: 2024-04-09 00:25:34

2024-04-09 00:25:34 开始第 2654 次操作

2024-04-09 00:25:34 开始操作号码 【1602556】
2024-04-09 00:25:39 GSD getOne 第 1 次 等待 3 秒
2024-04-09 00:25:42 查询号码 【1602556】，返回信息 {"status":"ok","msg":"-","gid":"563983","time_insert":"2023-03-02 00:54"}
2024-04-09 00:25:42 查询号码 【1602556】，GSD为【"-"】
2024-04-09 00:25:42 ok && -
2024-04-09 00:25:45 CHB 1602556?1712593542 第 1 次 等待 3 秒
2024-04-09 00:25:48 CHB 1602556?1712593542 第 1 次 获取到号码【1602556】GSD
2024-04-09 00:25:48 未获取到号码【1602556】GSD，可能号码格式错误
2024-04-09 00:25:48 获取到号码【1602556】的GSD为【-】
2024-04-09 00:25:53 GSD insert 第 1 次 等待 3 秒
2024-04-09 00:25:56 {"status":"bad","gid":"563983","msg":"添加失败！号码【1602556(-|-)】已存在！"}
2024-04-09 00:25:56 随机等待 86 秒，约 1 分钟
2024-04-09 00:25:56 下次操作: 2024-04-09 00:27:22

2024-04-09 00:27:22 开始第 2655 次操作

2024-04-09 00:27:22 开始操作号码 【1602557】
2024-04-09 00:27:28 GSD getOne 第 1 次 等待 3 秒
2024-04-09 00:27:31 查询号码 【1602557】，返回信息 {"status":"ok","msg":"-","gid":"564006","time_insert":"2023-03-02 01:11"}
2024-04-09 00:27:31 查询号码 【1602557】，GSD为【"-"】
2024-04-09 00:27:31 ok && -
2024-04-09 00:27:34 CHB 1602557?1712593651 第 1 次 等待 3 秒
2024-04-09 00:27:37 CHB 1602557?1712593651 第 1 次 获取到号码【1602557】GSD
2024-04-09 00:27:37 未获取到号码【1602557】GSD，可能号码格式错误
2024-04-09 00:27:37 获取到号码【1602557】的GSD为【-】
2024-04-09 00:27:41 GSD insert 第 1 次 等待 3 秒
2024-04-09 00:27:44 {"status":"bad","gid":"564006","msg":"添加失败！号码【1602557(-|-)】已存在！"}
2024-04-09 00:27:44 随机等待 208 秒，约 3 分钟
2024-04-09 00:27:44 下次操作: 2024-04-09 00:31:12

2024-04-09 00:31:12 开始第 2656 次操作

2024-04-09 00:31:12 开始操作号码 【1602558】
2024-04-09 00:31:17 GSD getOne 第 1 次 等待 3 秒
2024-04-09 00:31:20 查询号码 【1602558】，返回信息 {"status":"ok","msg":"-","gid":"564022","time_insert":"2023-03-02 01:19"}
2024-04-09 00:31:20 查询号码 【1602558】，GSD为【"-"】
2024-04-09 00:31:20 ok && -
2024-04-09 00:31:22 CHB 1602558?1712593880 第 1 次 等待 3 秒
2024-04-09 00:31:25 CHB 1602558?1712593880 第 1 次 获取到号码【1602558】GSD
2024-04-09 00:31:25 未获取到号码【1602558】GSD，可能号码格式错误
2024-04-09 00:31:25 获取到号码【1602558】的GSD为【-】
2024-04-09 00:31:30 GSD insert 第 1 次 等待 3 秒
2024-04-09 00:31:33 {"status":"bad","gid":"564022","msg":"添加失败！号码【1602558(-|-)】已存在！"}

2024-04-09 00:39:32 开始第 2657 次操作

2024-04-09 00:39:32 开始操作号码 【1602559】
2024-04-09 00:39:40 GSD getOne 第 1 次 等待 3 秒
2024-04-09 00:39:43 查询号码 【1602559】，返回信息 {"status":"ok","msg":"-","gid":"564033","time_insert":"2023-03-02 01:28"}
2024-04-09 00:39:43 查询号码 【1602559】，GSD为【"-"】
2024-04-09 00:39:43 ok && -
2024-04-09 00:39:45 CHB 1602559?1712594383 第 1 次 等待 3 秒
2024-04-09 00:39:48 CHB 1602559?1712594383 第 1 次 获取到号码【1602559】GSD
2024-04-09 00:39:48 未获取到号码【1602559】GSD，可能号码格式错误
2024-04-09 00:39:48 获取到号码【1602559】的GSD为【-】
2024-04-09 00:39:55 GSD insert 第 1 次 等待 3 秒
2024-04-09 00:39:58 {"status":"bad","gid":"564033","msg":"添加失败！号码【1602559(-|-)】已存在！"}
2024-04-09 00:39:58 随机等待 233 秒，约 3 分钟
2024-04-09 00:39:58 下次操作: 2024-04-09 00:43:51

2024-04-09 00:43:51 开始第 2658 次操作

2024-04-09 00:43:51 开始操作号码 【1602560】
2024-04-09 00:43:56 GSD getOne 第 1 次 等待 3 秒
2024-04-09 00:43:59 查询号码 【1602560】，返回信息 {"status":"ok","msg":"-","gid":"564053","time_insert":"2023-03-02 01:40"}
2024-04-09 00:43:59 查询号码 【1602560】，GSD为【"-"】
2024-04-09 00:43:59 ok && -
2024-04-09 00:44:02 CHB 1602560?1712594639 第 1 次 等待 3 秒
2024-04-09 00:44:05 CHB 1602560?1712594639 第 1 次 获取到号码【1602560】GSD
2024-04-09 00:44:05 未获取到号码【1602560】GSD，可能号码格式错误
2024-04-09 00:44:05 获取到号码【1602560】的GSD为【-】
2024-04-09 00:44:10 GSD insert 第 1 次 等待 3 秒
2024-04-09 00:44:13 {"status":"bad","gid":"564053","msg":"添加失败！号码【1602560(-|-)】已存在！"}
2024-04-09 00:44:13 随机等待 89 秒，约 1 分钟
2024-04-09 00:44:13 下次操作: 2024-04-09 00:45:42

2024-04-09 00:45:42 开始第 2659 次操作

2024-04-09 00:45:42 开始操作号码 【1602561】
2024-04-09 00:45:49 GSD getOne 第 1 次 等待 3 秒
2024-04-09 00:45:52 查询号码 【1602561】，返回信息 {"status":"ok","msg":"-","gid":"564090","time_insert":"2023-03-02 01:58"}
2024-04-09 00:45:52 查询号码 【1602561】，GSD为【"-"】
2024-04-09 00:45:52 ok && -
2024-04-09 00:45:54 CHB 1602561?1712594752 第 1 次 等待 3 秒
2024-04-09 00:45:57 CHB 1602561?1712594752 第 1 次 获取到号码【1602561】GSD
2024-04-09 00:45:57 未获取到号码【1602561】GSD，可能号码格式错误
2024-04-09 00:45:57 获取到号码【1602561】的GSD为【-】
2024-04-09 00:46:04 GSD insert 第 1 次 等待 3 秒
2024-04-09 00:46:07 {"status":"bad","gid":"564090","msg":"添加失败！号码【1602561(-|-)】已存在！"}
2024-04-09 00:46:07 随机等待 107 秒，约 1 分钟
2024-04-09 00:46:07 下次操作: 2024-04-09 00:47:54

2024-04-09 00:47:54 开始第 2660 次操作

2024-04-09 00:47:54 开始操作号码 【1602562】
2024-04-09 00:47:58 GSD getOne 第 1 次 等待 3 秒
2024-04-09 00:48:01 查询号码 【1602562】，返回信息 {"status":"ok","msg":"-","gid":"564110","time_insert":"2023-03-02 02:12"}
2024-04-09 00:48:01 查询号码 【1602562】，GSD为【"-"】
2024-04-09 00:48:01 ok && -
2024-04-09 00:48:04 CHB 1602562?1712594881 第 1 次 等待 3 秒
2024-04-09 00:48:07 CHB 1602562?1712594881 第 1 次 获取到号码【1602562】GSD
2024-04-09 00:48:07 未获取到号码【1602562】GSD，可能号码格式错误
2024-04-09 00:48:07 获取到号码【1602562】的GSD为【-】
2024-04-09 00:48:11 GSD insert 第 1 次 等待 3 秒
2024-04-09 00:48:14 {"status":"bad","gid":"564110","msg":"添加失败！号码【1602562(-|-)】已存在！"}

2024-04-09 01:16:05 开始第 2661 次操作

2024-04-09 01:16:05 开始操作号码 【1602563】
2024-04-09 01:16:13 GSD getOne 第 1 次 等待 3 秒
2024-04-09 01:16:16 查询号码 【1602563】，返回信息 {"status":"ok","msg":"-","gid":"564124","time_insert":"2023-03-02 02:22"}
2024-04-09 01:16:16 查询号码 【1602563】，GSD为【"-"】
2024-04-09 01:16:16 ok && -
2024-04-09 01:16:18 CHB 1602563?1712596576 第 1 次 等待 3 秒
2024-04-09 01:16:21 CHB 1602563?1712596576 第 1 次 获取到号码【1602563】GSD
2024-04-09 01:16:21 未获取到号码【1602563】GSD，可能号码格式错误
2024-04-09 01:16:21 获取到号码【1602563】的GSD为【-】
2024-04-09 01:16:26 GSD insert 第 1 次 等待 3 秒
2024-04-09 01:16:29 {"status":"bad","gid":"564124","msg":"添加失败！号码【1602563(-|-)】已存在！"}
2024-04-09 01:16:29 随机等待 129 秒，约 2 分钟
2024-04-09 01:16:29 下次操作: 2024-04-09 01:18:38

2024-04-09 01:18:38 开始第 2662 次操作

2024-04-09 01:18:38 开始操作号码 【1602564】
2024-04-09 01:18:42 GSD getOne 第 1 次 等待 3 秒
2024-04-09 01:18:45 查询号码 【1602564】，返回信息 {"status":"ok","msg":"-","gid":"564136","time_insert":"2023-03-02 02:32"}
2024-04-09 01:18:45 查询号码 【1602564】，GSD为【"-"】
2024-04-09 01:18:45 ok && -
2024-04-09 01:18:47 CHB 1602564?1712596725 第 1 次 等待 3 秒
2024-04-09 01:18:50 CHB 1602564?1712596725 第 1 次 获取到号码【1602564】GSD
2024-04-09 01:18:50 未获取到号码【1602564】GSD，可能号码格式错误
2024-04-09 01:18:50 获取到号码【1602564】的GSD为【-】
2024-04-09 01:18:56 GSD insert 第 1 次 等待 3 秒
2024-04-09 01:18:59 {"status":"bad","gid":"564136","msg":"添加失败！号码【1602564(-|-)】已存在！"}
2024-04-09 01:18:59 随机等待 129 秒，约 2 分钟
2024-04-09 01:18:59 下次操作: 2024-04-09 01:21:08

2024-04-09 01:21:08 开始第 2663 次操作

2024-04-09 01:21:08 开始操作号码 【1602565】
2024-04-09 01:21:16 GSD getOne 第 1 次 等待 3 秒
2024-04-09 01:21:19 查询号码 【1602565】，返回信息 {"status":"ok","msg":"-","gid":"564157","time_insert":"2023-03-02 02:43"}
2024-04-09 01:21:19 查询号码 【1602565】，GSD为【"-"】
2024-04-09 01:21:19 ok && -
2024-04-09 01:21:21 CHB 1602565?1712596879 第 1 次 等待 3 秒
2024-04-09 01:21:24 CHB 1602565?1712596879 第 1 次 获取到号码【1602565】GSD
2024-04-09 01:21:24 未获取到号码【1602565】GSD，可能号码格式错误
2024-04-09 01:21:24 获取到号码【1602565】的GSD为【-】
2024-04-09 01:21:28 GSD insert 第 1 次 等待 3 秒
2024-04-09 01:21:31 {"status":"bad","gid":"564157","msg":"添加失败！号码【1602565(-|-)】已存在！"}
2024-04-09 01:21:31 随机等待 197 秒，约 3 分钟
2024-04-09 01:21:31 下次操作: 2024-04-09 01:24:48

2024-04-09 01:24:48 开始第 2664 次操作

2024-04-09 01:24:48 开始操作号码 【1602566】
2024-04-09 01:24:56 GSD getOne 第 1 次 等待 3 秒
2024-04-09 01:24:59 查询号码 【1602566】，返回信息 {"status":"ok","msg":"-","gid":"564185","time_insert":"2023-03-02 03:00"}
2024-04-09 01:24:59 查询号码 【1602566】，GSD为【"-"】
2024-04-09 01:24:59 ok && -
2024-04-09 01:25:01 CHB 1602566?1712597099 第 1 次 等待 3 秒
2024-04-09 01:25:04 CHB 1602566?1712597099 第 1 次 获取到号码【1602566】GSD
2024-04-09 01:25:04 未获取到号码【1602566】GSD，可能号码格式错误
2024-04-09 01:25:04 获取到号码【1602566】的GSD为【-】
2024-04-09 01:25:10 GSD insert 第 1 次 等待 3 秒
2024-04-09 01:25:13 {"status":"bad","gid":"564185","msg":"添加失败！号码【1602566(-|-)】已存在！"}

2024-04-09 01:37:13 开始第 2665 次操作

2024-04-09 01:37:13 开始操作号码 【1602567】
2024-04-09 01:37:18 GSD getOne 第 1 次 等待 3 秒
2024-04-09 01:37:21 查询号码 【1602567】，返回信息 {"status":"ok","msg":"-","gid":"564209","time_insert":"2023-03-02 03:16"}
2024-04-09 01:37:21 查询号码 【1602567】，GSD为【"-"】
2024-04-09 01:37:21 ok && -
2024-04-09 01:37:23 CHB 1602567?1712597841 第 1 次 等待 3 秒
2024-04-09 01:37:26 CHB 1602567?1712597841 第 1 次 获取到号码【1602567】GSD
2024-04-09 01:37:26 未获取到号码【1602567】GSD，可能号码格式错误
2024-04-09 01:37:26 获取到号码【1602567】的GSD为【-】
2024-04-09 01:37:30 GSD insert 第 1 次 等待 3 秒
2024-04-09 01:37:33 {"status":"bad","gid":"564209","msg":"添加失败！号码【1602567(-|-)】已存在！"}
2024-04-09 01:37:33 随机等待 147 秒，约 2 分钟
2024-04-09 01:37:33 下次操作: 2024-04-09 01:40:00

2024-04-09 01:40:00 开始第 2666 次操作

2024-04-09 01:40:00 开始操作号码 【1602568】
2024-04-09 01:40:06 GSD getOne 第 1 次 等待 3 秒
2024-04-09 01:40:09 查询号码 【1602568】，返回信息 {"status":"ok","msg":"-","gid":"564237","time_insert":"2023-03-02 03:33"}
2024-04-09 01:40:09 查询号码 【1602568】，GSD为【"-"】
2024-04-09 01:40:09 ok && -
2024-04-09 01:40:10 CHB 1602568?1712598009 第 1 次 等待 3 秒
2024-04-09 01:40:13 CHB 1602568?1712598009 第 1 次 获取到号码【1602568】GSD
2024-04-09 01:40:13 未获取到号码【1602568】GSD，可能号码格式错误
2024-04-09 01:40:13 获取到号码【1602568】的GSD为【-】
2024-04-09 01:40:20 GSD insert 第 1 次 等待 3 秒
2024-04-09 01:40:23 {"status":"bad","gid":"564237","msg":"添加失败！号码【1602568(-|-)】已存在！"}
2024-04-09 01:40:23 随机等待 70 秒，约 1 分钟
2024-04-09 01:40:23 下次操作: 2024-04-09 01:41:33

2024-04-09 01:41:33 开始第 2667 次操作

2024-04-09 01:41:33 开始操作号码 【1602569】
2024-04-09 01:41:38 GSD getOne 第 1 次 等待 3 秒
2024-04-09 01:41:41 查询号码 【1602569】，返回信息 {"status":"ok","msg":"-","gid":"564258","time_insert":"2023-03-02 03:46"}
2024-04-09 01:41:41 查询号码 【1602569】，GSD为【"-"】
2024-04-09 01:41:41 ok && -
2024-04-09 01:41:43 CHB 1602569?1712598101 第 1 次 等待 3 秒
2024-04-09 01:41:46 CHB 1602569?1712598101 第 1 次 获取到号码【1602569】GSD
2024-04-09 01:41:46 未获取到号码【1602569】GSD，可能号码格式错误
2024-04-09 01:41:46 获取到号码【1602569】的GSD为【-】
2024-04-09 01:41:50 GSD insert 第 1 次 等待 3 秒
2024-04-09 01:41:53 {"status":"bad","gid":"564258","msg":"添加失败！号码【1602569(-|-)】已存在！"}
2024-04-09 01:41:53 随机等待 159 秒，约 2 分钟
2024-04-09 01:41:53 下次操作: 2024-04-09 01:44:32

2024-04-09 01:44:32 开始第 2668 次操作

2024-04-09 01:44:32 开始操作号码 【1602570】
2024-04-09 01:44:37 GSD getOne 第 1 次 等待 3 秒
2024-04-09 01:44:40 查询号码 【1602570】，返回信息 {"status":"ok","msg":"-","gid":"564286","time_insert":"2023-03-02 04:01"}
2024-04-09 01:44:40 查询号码 【1602570】，GSD为【"-"】
2024-04-09 01:44:40 ok && -
2024-04-09 01:44:41 CHB 1602570?1712598280 第 1 次 等待 3 秒
2024-04-09 01:44:44 CHB 1602570?1712598280 第 1 次 获取到号码【1602570】GSD
2024-04-09 01:44:45 未获取到号码【1602570】GSD，可能号码格式错误
2024-04-09 01:44:45 获取到号码【1602570】的GSD为【-】
2024-04-09 01:44:49 GSD insert 第 1 次 等待 3 秒
2024-04-09 01:44:52 {"status":"bad","gid":"564286","msg":"添加失败！号码【1602570(-|-)】已存在！"}

2024-04-09 02:23:45 开始第 2669 次操作

2024-04-09 02:23:45 开始操作号码 【1602571】
2024-04-09 02:23:50 GSD getOne 第 1 次 等待 3 秒
2024-04-09 02:23:53 查询号码 【1602571】，返回信息 {"status":"ok","msg":"-","gid":"564304","time_insert":"2023-03-02 04:13"}
2024-04-09 02:23:53 查询号码 【1602571】，GSD为【"-"】
2024-04-09 02:23:53 ok && -
2024-04-09 02:23:55 CHB 1602571?1712600633 第 1 次 等待 3 秒
2024-04-09 02:23:58 CHB 1602571?1712600633 第 1 次 获取到号码【1602571】GSD
2024-04-09 02:23:58 未获取到号码【1602571】GSD，可能号码格式错误
2024-04-09 02:23:58 获取到号码【1602571】的GSD为【-】
2024-04-09 02:24:03 GSD insert 第 1 次 等待 3 秒
2024-04-09 02:24:06 {"status":"bad","gid":"564304","msg":"添加失败！号码【1602571(-|-)】已存在！"}
2024-04-09 02:24:06 随机等待 92 秒，约 1 分钟
2024-04-09 02:24:06 下次操作: 2024-04-09 02:25:38

2024-04-09 02:25:38 开始第 2670 次操作

2024-04-09 02:25:38 开始操作号码 【1602572】
2024-04-09 02:25:42 GSD getOne 第 1 次 等待 3 秒
2024-04-09 02:25:45 查询号码 【1602572】，返回信息 {"status":"ok","msg":"-","gid":"564319","time_insert":"2023-03-02 04:24"}
2024-04-09 02:25:45 查询号码 【1602572】，GSD为【"-"】
2024-04-09 02:25:45 ok && -
2024-04-09 02:25:48 CHB 1602572?1712600745 第 1 次 等待 3 秒
2024-04-09 02:25:51 CHB 1602572?1712600745 第 1 次 获取到号码【1602572】GSD
2024-04-09 02:25:51 未获取到号码【1602572】GSD，可能号码格式错误
2024-04-09 02:25:51 获取到号码【1602572】的GSD为【-】
2024-04-09 02:25:55 GSD insert 第 1 次 等待 3 秒
2024-04-09 02:25:58 {"status":"bad","gid":"564319","msg":"添加失败！号码【1602572(-|-)】已存在！"}
2024-04-09 02:25:58 随机等待 124 秒，约 2 分钟
2024-04-09 02:25:58 下次操作: 2024-04-09 02:28:02

2024-04-09 02:28:02 开始第 2671 次操作

2024-04-09 02:28:02 开始操作号码 【1602573】
2024-04-09 02:28:07 GSD getOne 第 1 次 等待 3 秒
2024-04-09 02:28:10 查询号码 【1602573】，返回信息 {"status":"ok","msg":"-","gid":"564335","time_insert":"2023-03-02 04:33"}
2024-04-09 02:28:10 查询号码 【1602573】，GSD为【"-"】
2024-04-09 02:28:10 ok && -
2024-04-09 02:28:12 CHB 1602573?1712600890 第 1 次 等待 3 秒
2024-04-09 02:28:15 CHB 1602573?1712600890 第 1 次 获取到号码【1602573】GSD
2024-04-09 02:28:15 未获取到号码【1602573】GSD，可能号码格式错误
2024-04-09 02:28:15 获取到号码【1602573】的GSD为【-】
2024-04-09 02:28:20 GSD insert 第 1 次 等待 3 秒
2024-04-09 02:28:23 {"status":"bad","gid":"564335","msg":"添加失败！号码【1602573(-|-)】已存在！"}
2024-04-09 02:28:23 随机等待 147 秒，约 2 分钟
2024-04-09 02:28:23 下次操作: 2024-04-09 02:30:50

2024-04-09 02:30:50 开始第 2672 次操作

2024-04-09 02:30:50 开始操作号码 【1602574】
2024-04-09 02:30:55 GSD getOne 第 1 次 等待 3 秒
2024-04-09 02:30:58 查询号码 【1602574】，返回信息 {"status":"ok","msg":"-","gid":"564353","time_insert":"2023-03-02 04:42"}
2024-04-09 02:30:58 查询号码 【1602574】，GSD为【"-"】
2024-04-09 02:30:58 ok && -
2024-04-09 02:31:00 CHB 1602574?1712601058 第 1 次 等待 3 秒
2024-04-09 02:31:03 CHB 1602574?1712601058 第 1 次 获取到号码【1602574】GSD
2024-04-09 02:31:03 未获取到号码【1602574】GSD，可能号码格式错误
2024-04-09 02:31:03 获取到号码【1602574】的GSD为【-】
2024-04-09 02:31:11 GSD insert 第 1 次 等待 3 秒
2024-04-09 02:31:14 {"status":"bad","gid":"564353","msg":"添加失败！号码【1602574(-|-)】已存在！"}

2024-04-09 02:39:02 开始第 2673 次操作

2024-04-09 02:39:02 开始操作号码 【1602575】
2024-04-09 02:39:09 GSD getOne 第 1 次 等待 3 秒
2024-04-09 02:39:12 查询号码 【1602575】，返回信息 {"status":"ok","msg":"-","gid":"564370","time_insert":"2023-03-02 04:54"}
2024-04-09 02:39:12 查询号码 【1602575】，GSD为【"-"】
2024-04-09 02:39:12 ok && -
2024-04-09 02:39:14 CHB 1602575?1712601552 第 1 次 等待 3 秒
2024-04-09 02:39:17 CHB 1602575?1712601552 第 1 次 获取到号码【1602575】GSD
2024-04-09 02:39:17 未获取到号码【1602575】GSD，可能号码格式错误
2024-04-09 02:39:17 获取到号码【1602575】的GSD为【-】
2024-04-09 02:39:23 GSD insert 第 1 次 等待 3 秒
2024-04-09 02:39:26 {"status":"bad","gid":"564370","msg":"添加失败！号码【1602575(-|-)】已存在！"}
2024-04-09 02:39:26 随机等待 172 秒，约 2 分钟
2024-04-09 02:39:26 下次操作: 2024-04-09 02:42:18

2024-04-09 02:42:18 开始第 2674 次操作

2024-04-09 02:42:18 开始操作号码 【1602576】
2024-04-09 02:42:24 GSD getOne 第 1 次 等待 3 秒
2024-04-09 02:42:27 查询号码 【1602576】，返回信息 {"status":"ok","msg":"-","gid":"564389","time_insert":"2023-03-02 05:04"}
2024-04-09 02:42:27 查询号码 【1602576】，GSD为【"-"】
2024-04-09 02:42:27 ok && -
2024-04-09 02:42:29 CHB 1602576?1712601747 第 1 次 等待 3 秒
2024-04-09 02:42:32 CHB 1602576?1712601747 第 1 次 获取到号码【1602576】GSD
2024-04-09 02:42:33 未获取到号码【1602576】GSD，可能号码格式错误
2024-04-09 02:42:33 获取到号码【1602576】的GSD为【-】
2024-04-09 02:42:38 GSD insert 第 1 次 等待 3 秒
2024-04-09 02:42:41 {"status":"bad","gid":"564389","msg":"添加失败！号码【1602576(-|-)】已存在！"}
2024-04-09 02:42:41 随机等待 67 秒，约 1 分钟
2024-04-09 02:42:41 下次操作: 2024-04-09 02:43:48

2024-04-09 02:43:48 开始第 2675 次操作

2024-04-09 02:43:48 开始操作号码 【1602577】
2024-04-09 02:43:53 GSD getOne 第 1 次 等待 3 秒
2024-04-09 02:43:56 查询号码 【1602577】，返回信息 {"status":"ok","msg":"-","gid":"564410","time_insert":"2023-03-02 05:18"}
2024-04-09 02:43:56 查询号码 【1602577】，GSD为【"-"】
2024-04-09 02:43:56 ok && -
2024-04-09 02:43:58 CHB 1602577?1712601836 第 1 次 等待 3 秒
2024-04-09 02:44:01 CHB 1602577?1712601836 第 1 次 获取到号码【1602577】GSD
2024-04-09 02:44:01 未获取到号码【1602577】GSD，可能号码格式错误
2024-04-09 02:44:01 获取到号码【1602577】的GSD为【-】
2024-04-09 02:44:06 GSD insert 第 1 次 等待 3 秒
2024-04-09 02:44:09 {"status":"bad","gid":"564410","msg":"添加失败！号码【1602577(-|-)】已存在！"}
2024-04-09 02:44:09 随机等待 113 秒，约 1 分钟
2024-04-09 02:44:09 下次操作: 2024-04-09 02:46:02

2024-04-09 02:46:02 开始第 2676 次操作

2024-04-09 02:46:02 开始操作号码 【1602578】
2024-04-09 02:46:07 GSD getOne 第 1 次 等待 3 秒
2024-04-09 02:46:10 查询号码 【1602578】，返回信息 {"status":"ok","msg":"-","gid":"564429","time_insert":"2023-03-02 05:29"}
2024-04-09 02:46:10 查询号码 【1602578】，GSD为【"-"】
2024-04-09 02:46:10 ok && -
2024-04-09 02:46:12 CHB 1602578?1712601970 第 1 次 等待 3 秒
2024-04-09 02:46:15 CHB 1602578?1712601970 第 1 次 获取到号码【1602578】GSD
2024-04-09 02:46:15 未获取到号码【1602578】GSD，可能号码格式错误
2024-04-09 02:46:15 获取到号码【1602578】的GSD为【-】
2024-04-09 02:46:20 GSD insert 第 1 次 等待 3 秒
2024-04-09 02:46:23 {"status":"bad","gid":"564429","msg":"添加失败！号码【1602578(-|-)】已存在！"}

2024-04-09 03:13:32 开始第 2677 次操作

2024-04-09 03:13:32 开始操作号码 【1602579】
2024-04-09 03:13:40 GSD getOne 第 1 次 等待 3 秒
2024-04-09 03:13:43 查询号码 【1602579】，返回信息 {"status":"ok","msg":"-","gid":"564445","time_insert":"2023-03-02 05:37"}
2024-04-09 03:13:43 查询号码 【1602579】，GSD为【"-"】
2024-04-09 03:13:43 ok && -
2024-04-09 03:13:45 CHB 1602579?1712603623 第 1 次 等待 3 秒
2024-04-09 03:13:48 CHB 1602579?1712603623 第 1 次 获取到号码【1602579】GSD
2024-04-09 03:13:48 未获取到号码【1602579】GSD，可能号码格式错误
2024-04-09 03:13:48 获取到号码【1602579】的GSD为【-】
2024-04-09 03:13:55 GSD insert 第 1 次 等待 3 秒
2024-04-09 03:13:58 {"status":"bad","gid":"564445","msg":"添加失败！号码【1602579(-|-)】已存在！"}
2024-04-09 03:13:59 随机等待 100 秒，约 1 分钟
2024-04-09 03:13:59 下次操作: 2024-04-09 03:15:39

2024-04-09 03:15:39 开始第 2678 次操作

2024-04-09 03:15:39 开始操作号码 【1602580】
2024-04-09 03:15:44 GSD getOne 第 1 次 等待 3 秒
2024-04-09 03:15:47 查询号码 【1602580】，返回信息 {"status":"ok","msg":"-","gid":"564459","time_insert":"2023-03-02 05:49"}
2024-04-09 03:15:47 查询号码 【1602580】，GSD为【"-"】
2024-04-09 03:15:47 ok && -
2024-04-09 03:15:49 CHB 1602580?1712603747 第 1 次 等待 3 秒
2024-04-09 03:15:52 CHB 1602580?1712603747 第 1 次 获取到号码【1602580】GSD
2024-04-09 03:15:52 未获取到号码【1602580】GSD，可能号码格式错误
2024-04-09 03:15:52 获取到号码【1602580】的GSD为【-】
2024-04-09 03:15:57 GSD insert 第 1 次 等待 3 秒
2024-04-09 03:16:00 {"status":"bad","gid":"564459","msg":"添加失败！号码【1602580(-|-)】已存在！"}
2024-04-09 03:16:00 随机等待 230 秒，约 3 分钟
2024-04-09 03:16:00 下次操作: 2024-04-09 03:19:50

2024-04-09 03:19:50 开始第 2679 次操作

2024-04-09 03:19:50 开始操作号码 【1602581】
2024-04-09 03:19:55 GSD getOne 第 1 次 等待 3 秒
2024-04-09 03:19:58 查询号码 【1602581】，返回信息 {"status":"ok","msg":"-","gid":"564476","time_insert":"2023-03-02 05:58"}
2024-04-09 03:19:58 查询号码 【1602581】，GSD为【"-"】
2024-04-09 03:19:58 ok && -
2024-04-09 03:20:00 CHB 1602581?1712603998 第 1 次 等待 3 秒
2024-04-09 03:20:03 CHB 1602581?1712603998 第 1 次 获取到号码【1602581】GSD
2024-04-09 03:20:03 未获取到号码【1602581】GSD，可能号码格式错误
2024-04-09 03:20:03 获取到号码【1602581】的GSD为【-】
2024-04-09 03:20:10 GSD insert 第 1 次 等待 3 秒
2024-04-09 03:20:13 {"status":"bad","gid":"564476","msg":"添加失败！号码【1602581(-|-)】已存在！"}
2024-04-09 03:20:13 随机等待 128 秒，约 2 分钟
2024-04-09 03:20:13 下次操作: 2024-04-09 03:22:21

2024-04-09 03:22:21 开始第 2680 次操作

2024-04-09 03:22:21 开始操作号码 【1602582】
2024-04-09 03:22:25 GSD getOne 第 1 次 等待 3 秒
2024-04-09 03:22:28 查询号码 【1602582】，返回信息 {"status":"ok","msg":"-","gid":"564494","time_insert":"2023-03-02 06:10"}
2024-04-09 03:22:28 查询号码 【1602582】，GSD为【"-"】
2024-04-09 03:22:28 ok && -
2024-04-09 03:22:31 CHB 1602582?1712604148 第 1 次 等待 3 秒
2024-04-09 03:22:34 CHB 1602582?1712604148 第 1 次 获取到号码【1602582】GSD
2024-04-09 03:22:34 未获取到号码【1602582】GSD，可能号码格式错误
2024-04-09 03:22:34 获取到号码【1602582】的GSD为【-】
2024-04-09 03:22:38 GSD insert 第 1 次 等待 3 秒
2024-04-09 03:22:41 {"status":"bad","gid":"564494","msg":"添加失败！号码【1602582(-|-)】已存在！"}

2024-04-09 03:37:16 开始第 2681 次操作

2024-04-09 03:37:16 开始操作号码 【1602583】
2024-04-09 03:37:22 GSD getOne 第 1 次 等待 3 秒
2024-04-09 03:37:25 查询号码 【1602583】，返回信息 {"status":"ok","msg":"-","gid":"564516","time_insert":"2023-03-02 06:24"}
2024-04-09 03:37:25 查询号码 【1602583】，GSD为【"-"】
2024-04-09 03:37:25 ok && -
2024-04-09 03:37:28 CHB 1602583?1712605045 第 1 次 等待 3 秒
2024-04-09 03:37:31 CHB 1602583?1712605045 第 1 次 获取到号码【1602583】GSD
2024-04-09 03:37:31 未获取到号码【1602583】GSD，可能号码格式错误
2024-04-09 03:37:31 获取到号码【1602583】的GSD为【-】
2024-04-09 03:37:36 GSD insert 第 1 次 等待 3 秒
2024-04-09 03:37:39 {"status":"bad","gid":"564516","msg":"添加失败！号码【1602583(-|-)】已存在！"}
2024-04-09 03:37:39 随机等待 104 秒，约 1 分钟
2024-04-09 03:37:39 下次操作: 2024-04-09 03:39:23

2024-04-09 03:39:23 开始第 2682 次操作

2024-04-09 03:39:23 开始操作号码 【1602584】
2024-04-09 03:39:28 GSD getOne 第 1 次 等待 3 秒
2024-04-09 03:39:31 查询号码 【1602584】，返回信息 {"status":"ok","msg":"-","gid":"564541","time_insert":"2023-03-02 06:38"}
2024-04-09 03:39:31 查询号码 【1602584】，GSD为【"-"】
2024-04-09 03:39:31 ok && -
2024-04-09 03:39:33 CHB 1602584?1712605171 第 1 次 等待 3 秒
2024-04-09 03:39:36 CHB 1602584?1712605171 第 1 次 获取到号码【1602584】GSD
2024-04-09 03:39:36 未获取到号码【1602584】GSD，可能号码格式错误
2024-04-09 03:39:36 获取到号码【1602584】的GSD为【-】
2024-04-09 03:39:40 GSD insert 第 1 次 等待 3 秒
2024-04-09 03:39:43 {"status":"bad","gid":"564541","msg":"添加失败！号码【1602584(-|-)】已存在！"}
2024-04-09 03:39:43 随机等待 193 秒，约 3 分钟
2024-04-09 03:39:43 下次操作: 2024-04-09 03:42:56

2024-04-09 03:42:56 开始第 2683 次操作

2024-04-09 03:42:56 开始操作号码 【1602585】
2024-04-09 03:43:03 GSD getOne 第 1 次 等待 3 秒
2024-04-09 03:43:06 查询号码 【1602585】，返回信息 {"status":"ok","msg":"-","gid":"564563","time_insert":"2023-03-02 06:50"}
2024-04-09 03:43:06 查询号码 【1602585】，GSD为【"-"】
2024-04-09 03:43:06 ok && -
2024-04-09 03:43:08 CHB 1602585?1712605386 第 1 次 等待 3 秒
2024-04-09 03:43:11 CHB 1602585?1712605386 第 1 次 获取到号码【1602585】GSD
2024-04-09 03:43:11 未获取到号码【1602585】GSD，可能号码格式错误
2024-04-09 03:43:11 获取到号码【1602585】的GSD为【-】
2024-04-09 03:43:16 GSD insert 第 1 次 等待 3 秒
2024-04-09 03:43:19 {"status":"bad","gid":"564563","msg":"添加失败！号码【1602585(-|-)】已存在！"}
2024-04-09 03:43:19 随机等待 215 秒，约 3 分钟
2024-04-09 03:43:19 下次操作: 2024-04-09 03:46:54

2024-04-09 03:46:54 开始第 2684 次操作

2024-04-09 03:46:54 开始操作号码 【1602586】
2024-04-09 03:46:58 GSD getOne 第 1 次 等待 3 秒
2024-04-09 03:47:01 查询号码 【1602586】，返回信息 {"status":"ok","msg":"-","gid":"564590","time_insert":"2023-03-02 07:07"}
2024-04-09 03:47:01 查询号码 【1602586】，GSD为【"-"】
2024-04-09 03:47:01 ok && -
2024-04-09 03:47:03 CHB 1602586?1712605621 第 1 次 等待 3 秒
2024-04-09 03:47:06 CHB 1602586?1712605621 第 1 次 获取到号码【1602586】GSD
2024-04-09 03:47:06 未获取到号码【1602586】GSD，可能号码格式错误
2024-04-09 03:47:06 获取到号码【1602586】的GSD为【-】
2024-04-09 03:47:13 GSD insert 第 1 次 等待 3 秒
2024-04-09 03:47:16 {"status":"bad","gid":"564590","msg":"添加失败！号码【1602586(-|-)】已存在！"}

