2023-11-01 00:21:13 开始第 6085 次操作

2023-11-01 00:21:13 开始操作号码 【1925994】
2023-11-01 00:21:17 GSD getOne 第 1 次 等待 3 秒
2023-11-01 00:21:20 查询号码 【1925994】，返回信息 {"status":"ok","msg":"-","gid":"618246","time_insert":"2023-03-27 16:39"}
2023-11-01 00:21:20 查询号码 【1925994】，GSD为【"-"】
2023-11-01 00:21:20 ok && -
2023-11-01 00:21:22 CHB 1925994?1698769280 第 1 次 等待 3 秒
2023-11-01 00:21:25 CHB 1925994?1698769280 第 1 次 获取到号码【1925994】GSD
2023-11-01 00:21:25 未获取到号码【1925994】GSD，可能号码格式错误
2023-11-01 00:21:25 获取到号码【1925994】的GSD为【-】
2023-11-01 00:22:14 GSD insert 第 1 次 等待 3 秒
2023-11-01 00:22:17 {"status":"bad","gid":"618246","msg":"添加失败！号码【1925994(-|-)】已存在！"}
2023-11-01 00:22:17 随机等待 183 秒，约 3 分钟
2023-11-01 00:22:17 下次操作: 2023-11-01 00:25:20

2023-11-01 00:25:20 开始第 6086 次操作

2023-11-01 00:25:20 开始操作号码 【1925995】
2023-11-01 00:25:23 GSD getOne 第 1 次 等待 3 秒
2023-11-01 00:25:26 查询号码 【1925995】，返回信息 {"status":"ok","msg":"-","gid":"618242","time_insert":"2023-03-27 16:36"}
2023-11-01 00:25:26 查询号码 【1925995】，GSD为【"-"】
2023-11-01 00:25:26 ok && -
2023-11-01 00:25:28 CHB 1925995?1698769526 第 1 次 等待 3 秒
2023-11-01 00:25:31 CHB 1925995?1698769526 第 1 次 获取到号码【1925995】GSD
2023-11-01 00:25:31 未获取到号码【1925995】GSD，可能号码格式错误
2023-11-01 00:25:31 获取到号码【1925995】的GSD为【-】
2023-11-01 00:25:33 GSD insert 第 1 次 等待 3 秒
2023-11-01 00:25:36 {"status":"bad","gid":"618242","msg":"添加失败！号码【1925995(-|-)】已存在！"}
2023-11-01 00:25:36 随机等待 187 秒，约 3 分钟
2023-11-01 00:25:36 下次操作: 2023-11-01 00:28:43

2023-11-01 00:28:43 开始第 6087 次操作

2023-11-01 00:28:43 开始操作号码 【1925996】
2023-11-01 00:28:48 GSD getOne 第 1 次 等待 3 秒
2023-11-01 00:28:51 查询号码 【1925996】，返回信息 {"status":"ok","msg":"-","gid":"618236","time_insert":"2023-03-27 16:34"}
2023-11-01 00:28:51 查询号码 【1925996】，GSD为【"-"】
2023-11-01 00:28:51 ok && -
2023-11-01 00:28:53 CHB 1925996?1698769731 第 1 次 等待 3 秒
2023-11-01 00:28:56 CHB 1925996?1698769731 第 1 次 获取到号码【1925996】GSD
2023-11-01 00:28:56 未获取到号码【1925996】GSD，可能号码格式错误
2023-11-01 00:28:56 获取到号码【1925996】的GSD为【-】
2023-11-01 00:28:59 GSD insert 第 1 次 等待 3 秒
2023-11-01 00:29:02 {"status":"bad","gid":"618236","msg":"添加失败！号码【1925996(-|-)】已存在！"}
2023-11-01 00:29:02 随机等待 167 秒，约 2 分钟
2023-11-01 00:29:02 下次操作: 2023-11-01 00:31:49

2023-11-01 00:31:49 开始第 6088 次操作

2023-11-01 00:31:49 开始操作号码 【1925997】
2023-11-01 00:31:54 GSD getOne 第 1 次 等待 3 秒
2023-11-01 00:31:57 查询号码 【1925997】，返回信息 {"status":"ok","msg":"-","gid":"618228","time_insert":"2023-03-27 16:24"}
2023-11-01 00:31:57 查询号码 【1925997】，GSD为【"-"】
2023-11-01 00:31:57 ok && -
2023-11-01 00:31:59 CHB 1925997?1698769917 第 1 次 等待 3 秒
2023-11-01 00:32:02 CHB 1925997?1698769917 第 1 次 获取到号码【1925997】GSD
2023-11-01 00:32:02 未获取到号码【1925997】GSD，可能号码格式错误
2023-11-01 00:32:02 获取到号码【1925997】的GSD为【-】
2023-11-01 00:32:06 GSD insert 第 1 次 等待 3 秒
2023-11-01 00:32:09 {"status":"bad","gid":"618228","msg":"添加失败！号码【1925997(-|-)】已存在！"}

2023-11-01 00:40:29 开始第 6089 次操作

2023-11-01 00:40:29 开始操作号码 【1925998】
2023-11-01 00:40:35 GSD getOne 第 1 次 等待 3 秒
2023-11-01 00:40:38 查询号码 【1925998】，返回信息 {"status":"ok","msg":"-","gid":"618224","time_insert":"2023-03-27 16:21"}
2023-11-01 00:40:38 查询号码 【1925998】，GSD为【"-"】
2023-11-01 00:40:38 ok && -
2023-11-01 00:40:40 CHB 1925998?1698770438 第 1 次 等待 3 秒
2023-11-01 00:40:43 CHB 1925998?1698770438 第 1 次 获取到号码【1925998】GSD
2023-11-01 00:40:43 未获取到号码【1925998】GSD，可能号码格式错误
2023-11-01 00:40:43 获取到号码【1925998】的GSD为【-】
2023-11-01 00:40:46 GSD insert 第 1 次 等待 3 秒
2023-11-01 00:40:49 {"status":"bad","gid":"618224","msg":"添加失败！号码【1925998(-|-)】已存在！"}
2023-11-01 00:40:49 随机等待 223 秒，约 3 分钟
2023-11-01 00:40:49 下次操作: 2023-11-01 00:44:32

2023-11-01 00:44:32 开始第 6090 次操作

2023-11-01 00:44:32 开始操作号码 【1925999】
2023-11-01 00:44:35 GSD getOne 第 1 次 等待 3 秒
2023-11-01 00:44:38 查询号码 【1925999】，返回信息 {"status":"ok","msg":"-","gid":"618219","time_insert":"2023-03-27 16:19"}
2023-11-01 00:44:38 查询号码 【1925999】，GSD为【"-"】
2023-11-01 00:44:38 ok && -
2023-11-01 00:44:41 CHB 1925999?1698770678 第 1 次 等待 3 秒
2023-11-01 00:44:44 CHB 1925999?1698770678 第 1 次 获取到号码【1925999】GSD
2023-11-01 00:44:44 未获取到号码【1925999】GSD，可能号码格式错误
2023-11-01 00:44:44 获取到号码【1925999】的GSD为【-】
2023-11-01 00:44:47 GSD insert 第 1 次 等待 3 秒
2023-11-01 00:44:50 {"status":"bad","gid":"618219","msg":"添加失败！号码【1925999(-|-)】已存在！"}
2023-11-01 00:44:50 随机等待 112 秒，约 1 分钟
2023-11-01 00:44:50 下次操作: 2023-11-01 00:46:42

2023-11-01 00:46:42 开始第 6091 次操作

2023-11-01 00:46:42 开始操作号码 【1926000】
2023-11-01 00:46:48 GSD getOne 第 1 次 等待 3 秒
2023-11-01 00:46:51 查询号码 【1926000】，返回信息 {"status":"ok","msg":"-","gid":"618214","time_insert":"2023-03-27 16:17"}
2023-11-01 00:46:51 查询号码 【1926000】，GSD为【"-"】
2023-11-01 00:46:51 ok && -
2023-11-01 00:46:53 CHB 1926000?1698770811 第 1 次 等待 3 秒
2023-11-01 00:46:56 CHB 1926000?1698770811 第 1 次 获取到号码【1926000】GSD
2023-11-01 00:46:56 未获取到号码【1926000】GSD，可能号码格式错误
2023-11-01 00:46:56 获取到号码【1926000】的GSD为【-】
2023-11-01 00:47:01 GSD insert 第 1 次 等待 3 秒
2023-11-01 00:47:04 {"status":"bad","gid":"618214","msg":"添加失败！号码【1926000(-|-)】已存在！"}
2023-11-01 00:47:04 随机等待 120 秒，约 2 分钟
2023-11-01 00:47:04 下次操作: 2023-11-01 00:49:04

2023-11-01 00:49:04 开始第 6092 次操作

2023-11-01 00:49:04 开始操作号码 【1926001】
2023-11-01 00:49:10 GSD getOne 第 1 次 等待 3 秒
2023-11-01 00:49:13 查询号码 【1926001】，返回信息 {"status":"ok","msg":"-","gid":"618200","time_insert":"2023-03-27 16:02"}
2023-11-01 00:49:13 查询号码 【1926001】，GSD为【"-"】
2023-11-01 00:49:13 ok && -
2023-11-01 00:49:15 CHB 1926001?1698770953 第 1 次 等待 3 秒
2023-11-01 00:49:18 CHB 1926001?1698770953 第 1 次 获取到号码【1926001】GSD
2023-11-01 00:49:18 未获取到号码【1926001】GSD，可能号码格式错误
2023-11-01 00:49:18 获取到号码【1926001】的GSD为【-】
2023-11-01 00:49:20 GSD insert 第 1 次 等待 3 秒
2023-11-01 00:49:23 {"status":"bad","gid":"618200","msg":"添加失败！号码【1926001(-|-)】已存在！"}

