2021-07-31 00:00:03 开始第 10 次操作

2021-07-31 00:00:03 开始操作号码 【1865834】
2021-07-31 00:00:07 GSD getOne 第 1 次 等待 3 秒
2021-07-31 00:00:10 查询号码 【1865834】，返回信息 {"status":"bad","msg":""}
2021-07-31 00:00:10 查询号码 【1865834】，GSD为【""】
2021-07-31 00:00:10 bad
2021-07-31 00:00:11 CHB 1865834?1627660810 第 1 次 等待 3 秒
2021-07-31 00:00:14 CHB 1865834?1627660810 第 1 次 获取到号码【1865834】GSD
2021-07-31 00:00:14 获取到号码【1865834】的GSD为【浙江-台州】
2021-07-31 00:00:37 GSD insert 第 1 次 等待 3 秒
2021-07-31 00:00:40 {"status":"ok","gid":449842,"msg":"添加成功！"}
2021-07-31 00:00:40 下次操作: 2021-07-31 00:00:54

2021-07-31 00:00:54 开始第 11 次操作

2021-07-31 00:00:54 开始操作号码 【1865833】
2021-07-31 00:00:58 GSD getOne 第 1 次 等待 3 秒
2021-07-31 00:01:01 查询号码 【1865833】，返回信息 {"status":"bad","msg":""}
2021-07-31 00:01:01 查询号码 【1865833】，GSD为【""】
2021-07-31 00:01:01 bad
2021-07-31 00:01:02 CHB 1865833?1627660861 第 1 次 等待 3 秒
2021-07-31 00:01:05 CHB 1865833?1627660861 第 1 次 获取到号码【1865833】GSD
2021-07-31 00:01:06 获取到号码【1865833】的GSD为【浙江-台州】
2021-07-31 00:01:40 GSD insert 第 1 次 等待 3 秒
2021-07-31 00:01:43 {"status":"ok","gid":449862,"msg":"添加成功！"}
2021-07-31 00:01:43 下次操作: 2021-07-31 00:01:58

2021-07-31 00:01:58 开始第 12 次操作

2021-07-31 00:01:58 开始操作号码 【1865832】
2021-07-31 00:02:02 GSD getOne 第 1 次 等待 3 秒
2021-07-31 00:02:05 查询号码 【1865832】，返回信息 {"status":"ok","msg":"浙江-台州","gid":"40867","time_insert":"2018-11-17 13:33","time_update":"2020-09-02 23:06"}
2021-07-31 00:02:05 查询号码 【1865832】，GSD为【"浙江-台州"】

2021-07-31 00:02:05 开始第 12 次操作

2021-07-31 00:02:05 开始操作号码 【1865831】
2021-07-31 00:02:24 GSD getOne 第 1 次 等待 3 秒
2021-07-31 00:02:27 查询号码 【1865831】，返回信息 {"status":"bad","msg":""}
2021-07-31 00:02:27 查询号码 【1865831】，GSD为【""】
2021-07-31 00:02:27 bad
2021-07-31 00:02:28 CHB 1865831?1627660947 第 1 次 等待 3 秒
2021-07-31 00:02:31 CHB 1865831?1627660947 第 1 次 获取到号码【1865831】GSD
2021-07-31 00:02:31 获取到号码【1865831】的GSD为【浙江-台州】
2021-07-31 00:02:51 GSD insert 第 1 次 等待 3 秒
2021-07-31 00:02:54 {"status":"ok","gid":449883,"msg":"添加成功！"}
2021-07-31 00:02:54 下次操作: 2021-07-31 00:03:09

2021-07-31 00:03:09 开始第 13 次操作

2021-07-31 00:03:09 开始操作号码 【1865830】
2021-07-31 00:03:13 GSD getOne 第 1 次 等待 3 秒
2021-07-31 00:03:16 查询号码 【1865830】，返回信息 {"status":"bad","msg":""}
2021-07-31 00:03:16 查询号码 【1865830】，GSD为【""】
2021-07-31 00:03:16 bad
2021-07-31 00:03:18 CHB 1865830?1627660996 第 1 次 等待 3 秒
2021-07-31 00:03:21 CHB 1865830?1627660996 第 1 次 获取到号码【1865830】GSD
2021-07-31 00:03:21 获取到号码【1865830】的GSD为【浙江-台州】
2021-07-31 00:03:41 GSD insert 第 1 次 等待 3 秒
2021-07-31 00:03:44 {"status":"ok","gid":449897,"msg":"添加成功！"}
2021-07-31 00:03:44 下次操作: 2021-07-31 00:04:03

2021-07-31 00:04:03 开始第 14 次操作

2021-07-31 00:04:03 开始操作号码 【1865829】
2021-07-31 00:04:08 GSD getOne 第 1 次 等待 3 秒
2021-07-31 00:04:11 查询号码 【1865829】，返回信息 {"status":"bad","msg":""}
2021-07-31 00:04:11 查询号码 【1865829】，GSD为【""】
2021-07-31 00:04:11 bad
2021-07-31 00:04:13 CHB 1865829?1627661051 第 1 次 等待 3 秒
2021-07-31 00:04:16 CHB 1865829?1627661051 第 1 次 获取到号码【1865829】GSD
2021-07-31 00:04:16 获取到号码【1865829】的GSD为【浙江-宁波】
2021-07-31 00:04:35 GSD insert 第 1 次 等待 3 秒
2021-07-31 00:04:38 {"status":"ok","gid":449909,"msg":"添加成功！"}
2021-07-31 00:04:38 下次操作: 2021-07-31 00:05:02

2021-07-31 00:05:02 开始第 15 次操作

2021-07-31 00:05:02 开始操作号码 【1865828】
2021-07-31 00:05:06 GSD getOne 第 1 次 等待 3 秒
2021-07-31 00:05:09 查询号码 【1865828】，返回信息 {"status":"bad","msg":""}
2021-07-31 00:05:09 查询号码 【1865828】，GSD为【""】
2021-07-31 00:05:09 bad
2021-07-31 00:05:10 CHB 1865828?1627661109 第 1 次 等待 3 秒
2021-07-31 00:05:13 CHB 1865828?1627661109 第 1 次 获取到号码【1865828】GSD
2021-07-31 00:05:13 获取到号码【1865828】的GSD为【浙江-宁波】
2021-07-31 00:05:35 GSD insert 第 1 次 等待 3 秒
2021-07-31 00:05:38 {"status":"ok","gid":449925,"msg":"添加成功！"}
2021-07-31 00:05:38 下次操作: 2021-07-31 00:06:00

2021-07-31 00:06:00 开始第 16 次操作

2021-07-31 00:06:00 开始操作号码 【1865827】
2021-07-31 00:06:06 GSD getOne 第 1 次 等待 3 秒
2021-07-31 00:06:09 查询号码 【1865827】，返回信息 {"status":"ok","msg":"浙江-宁波","gid":"40866","time_insert":"2017-04-20 15:10","time_update":"2020-09-02 23:06"}
2021-07-31 00:06:09 查询号码 【1865827】，GSD为【"浙江-宁波"】

2021-07-31 00:06:09 开始第 16 次操作

2021-07-31 00:06:09 开始操作号码 【1865826】
2021-07-31 00:06:33 GSD getOne 第 1 次 等待 3 秒
2021-07-31 00:06:36 查询号码 【1865826】，返回信息 {"status":"bad","msg":""}
2021-07-31 00:06:36 查询号码 【1865826】，GSD为【""】
2021-07-31 00:06:36 bad
2021-07-31 00:06:37 CHB 1865826?1627661196 第 1 次 等待 3 秒
2021-07-31 00:06:40 CHB 1865826?1627661196 第 1 次 获取到号码【1865826】GSD
2021-07-31 00:06:40 获取到号码【1865826】的GSD为【浙江-宁波】
2021-07-31 00:06:59 GSD insert 第 1 次 等待 3 秒
2021-07-31 00:07:02 {"status":"ok","gid":449949,"msg":"添加成功！"}
2021-07-31 00:07:02 下次操作: 2021-07-31 00:07:25

2021-07-31 00:07:25 开始第 17 次操作

2021-07-31 00:07:25 开始操作号码 【1865825】
2021-07-31 00:07:29 GSD getOne 第 1 次 等待 3 秒
2021-07-31 00:07:32 查询号码 【1865825】，返回信息 {"status":"bad","msg":""}
2021-07-31 00:07:32 查询号码 【1865825】，GSD为【""】
2021-07-31 00:07:32 bad
2021-07-31 00:07:34 CHB 1865825?1627661252 第 1 次 等待 3 秒
2021-07-31 00:07:37 CHB 1865825?1627661252 第 1 次 获取到号码【1865825】GSD
2021-07-31 00:07:37 获取到号码【1865825】的GSD为【浙江-宁波】
2021-07-31 00:07:59 GSD insert 第 1 次 等待 3 秒
2021-07-31 00:08:02 {"status":"ok","gid":449962,"msg":"添加成功！"}
2021-07-31 00:08:02 下次操作: 2021-07-31 00:08:18

2021-07-31 00:08:18 开始第 18 次操作

2021-07-31 00:08:18 开始操作号码 【1865824】
2021-07-31 00:08:21 GSD getOne 第 1 次 等待 3 秒
2021-07-31 00:08:24 查询号码 【1865824】，返回信息 {"status":"bad","msg":""}
2021-07-31 00:08:24 查询号码 【1865824】，GSD为【""】
2021-07-31 00:08:24 bad
2021-07-31 00:08:26 CHB 1865824?1627661304 第 1 次 等待 3 秒
2021-07-31 00:08:29 CHB 1865824?1627661304 第 1 次 获取到号码【1865824】GSD
2021-07-31 00:08:29 获取到号码【1865824】的GSD为【浙江-宁波】
2021-07-31 00:08:48 GSD insert 第 1 次 等待 3 秒
2021-07-31 00:08:51 {"status":"ok","gid":449977,"msg":"添加成功！"}
2021-07-31 00:08:51 下次操作: 2021-07-31 00:09:14

2021-07-31 00:09:14 开始第 19 次操作

2021-07-31 00:09:14 开始操作号码 【1865823】
2021-07-31 00:09:50 GSD getOne 第 1 次 等待 3 秒
2021-07-31 00:09:53 查询号码 【1865823】，返回信息 {"status":"bad","msg":""}
2021-07-31 00:09:53 查询号码 【1865823】，GSD为【""】
2021-07-31 00:09:53 bad
2021-07-31 00:09:54 CHB 1865823?1627661393 第 1 次 等待 3 秒
2021-07-31 00:09:57 CHB 1865823?1627661393 第 1 次 获取到号码【1865823】GSD
2021-07-31 00:09:57 未获取到号码【1865823】GSD，查号吧 400 错误
2021-07-31 00:09:57 获取到号码【1865823】的GSD为【-】
2021-07-31 00:10:20 GSD insert 第 1 次 等待 3 秒
2021-07-31 00:10:23 {"status":"ok","gid":449998,"msg":"添加成功！"}
2021-07-31 00:10:23 下次操作: 2021-07-31 00:10:47

2021-07-31 00:10:47 开始第 20 次操作

2021-07-31 00:10:47 开始操作号码 【1865822】
2021-07-31 00:10:50 GSD getOne 第 1 次 等待 3 秒
2021-07-31 00:10:53 查询号码 【1865822】，返回信息 {"status":"bad","msg":""}
2021-07-31 00:10:54 查询号码 【1865822】，GSD为【""】
2021-07-31 00:10:54 bad
2021-07-31 00:10:55 CHB 1865822?1627661454 第 1 次 等待 3 秒
2021-07-31 00:10:58 CHB 1865822?1627661454 第 1 次 获取到号码【1865822】GSD
2021-07-31 00:10:58 获取到号码【1865822】的GSD为【浙江-宁波】
2021-07-31 00:11:20 GSD insert 第 1 次 等待 3 秒
2021-07-31 00:11:23 {"status":"ok","gid":450016,"msg":"添加成功！"}
2021-07-31 00:11:23 下次操作: 2021-07-31 00:11:43

2021-07-31 00:11:43 开始第 21 次操作

2021-07-31 00:11:44 开始操作号码 【1865821】
2021-07-31 00:11:56 GSD getOne 第 1 次 等待 3 秒
2021-07-31 00:11:59 查询号码 【1865821】，返回信息 {"status":"bad","msg":""}
2021-07-31 00:11:59 查询号码 【1865821】，GSD为【""】
2021-07-31 00:11:59 bad
2021-07-31 00:12:01 CHB 1865821?1627661519 第 1 次 等待 3 秒
2021-07-31 00:12:04 CHB 1865821?1627661519 第 1 次 获取到号码【1865821】GSD
2021-07-31 00:12:04 获取到号码【1865821】的GSD为【浙江-宁波】
2021-07-31 00:12:23 GSD insert 第 1 次 等待 3 秒
2021-07-31 00:12:26 {"status":"ok","gid":450029,"msg":"添加成功！"}
2021-07-31 00:12:26 下次操作: 2021-07-31 00:12:46

2021-07-31 00:12:46 开始第 22 次操作

2021-07-31 00:12:46 开始操作号码 【1865820】
2021-07-31 00:12:50 GSD getOne 第 1 次 等待 3 秒
2021-07-31 00:12:53 查询号码 【1865820】，返回信息 {"status":"bad","msg":""}
2021-07-31 00:12:53 查询号码 【1865820】，GSD为【""】
2021-07-31 00:12:53 bad
2021-07-31 00:12:54 CHB 1865820?1627661573 第 1 次 等待 3 秒
2021-07-31 00:12:57 CHB 1865820?1627661573 第 1 次 获取到号码【1865820】GSD
2021-07-31 00:12:57 获取到号码【1865820】的GSD为【浙江-宁波】
2021-07-31 00:13:18 GSD insert 第 1 次 等待 3 秒
2021-07-31 00:13:21 {"status":"ok","gid":450044,"msg":"添加成功！"}
2021-07-31 00:13:21 下次操作: 2021-07-31 00:13:33

2021-07-31 00:13:33 开始第 23 次操作

2021-07-31 00:13:33 开始操作号码 【1865819】
2021-07-31 00:13:38 GSD getOne 第 1 次 等待 3 秒
2021-07-31 00:13:41 查询号码 【1865819】，返回信息 {"status":"bad","msg":""}
2021-07-31 00:13:41 查询号码 【1865819】，GSD为【""】
2021-07-31 00:13:41 bad
2021-07-31 00:13:42 CHB 1865819?1627661621 第 1 次 等待 3 秒
2021-07-31 00:13:45 CHB 1865819?1627661621 第 1 次 获取到号码【1865819】GSD
2021-07-31 00:13:45 获取到号码【1865819】的GSD为【浙江-杭州】
2021-07-31 00:14:11 GSD insert 第 1 次 等待 3 秒
2021-07-31 00:14:14 {"status":"ok","gid":450056,"msg":"添加成功！"}
2021-07-31 00:14:14 下次操作: 2021-07-31 00:14:28

2021-07-31 00:14:28 开始第 24 次操作

2021-07-31 00:14:28 开始操作号码 【1865818】
2021-07-31 00:15:00 GSD getOne 第 1 次 等待 3 秒
2021-07-31 00:15:03 查询号码 【1865818】，返回信息 {"status":"bad","msg":""}
2021-07-31 00:15:03 查询号码 【1865818】，GSD为【""】
2021-07-31 00:15:04 bad
2021-07-31 00:15:05 CHB 1865818?1627661704 第 1 次 等待 3 秒
2021-07-31 00:15:08 CHB 1865818?1627661704 第 1 次 获取到号码【1865818】GSD
2021-07-31 00:15:08 获取到号码【1865818】的GSD为【浙江-杭州】
2021-07-31 00:15:36 GSD insert 第 1 次 等待 3 秒
2021-07-31 00:15:39 {"status":"ok","gid":450073,"msg":"添加成功！"}
2021-07-31 00:15:39 下次操作: 2021-07-31 00:15:56

2021-07-31 00:15:56 开始第 25 次操作

2021-07-31 00:15:56 开始操作号码 【1865817】
2021-07-31 00:15:59 GSD getOne 第 1 次 等待 3 秒
2021-07-31 00:16:02 查询号码 【1865817】，返回信息 {"status":"bad","msg":""}
2021-07-31 00:16:02 查询号码 【1865817】，GSD为【""】
2021-07-31 00:16:02 bad
2021-07-31 00:16:04 CHB 1865817?1627661762 第 1 次 等待 3 秒
2021-07-31 00:16:07 CHB 1865817?1627661762 第 1 次 获取到号码【1865817】GSD
2021-07-31 00:16:07 获取到号码【1865817】的GSD为【浙江-杭州】
2021-07-31 00:16:25 GSD insert 第 1 次 等待 3 秒
2021-07-31 00:16:28 {"status":"ok","gid":450085,"msg":"添加成功！"}
2021-07-31 00:16:28 下次操作: 2021-07-31 00:16:44

2021-07-31 00:16:44 开始第 26 次操作

2021-07-31 00:16:44 开始操作号码 【1865816】
2021-07-31 00:16:48 GSD getOne 第 1 次 等待 3 秒
2021-07-31 00:16:51 查询号码 【1865816】，返回信息 {"status":"bad","msg":""}
2021-07-31 00:16:51 查询号码 【1865816】，GSD为【""】
2021-07-31 00:16:51 bad
2021-07-31 00:16:53 CHB 1865816?1627661811 第 1 次 等待 3 秒
2021-07-31 00:16:56 CHB 1865816?1627661811 第 1 次 获取到号码【1865816】GSD
2021-07-31 00:16:56 获取到号码【1865816】的GSD为【浙江-杭州】
2021-07-31 00:17:15 GSD insert 第 1 次 等待 3 秒
2021-07-31 00:17:18 {"status":"ok","gid":450091,"msg":"添加成功！"}
2021-07-31 00:17:18 下次操作: 2021-07-31 00:17:42

2021-07-31 00:17:42 开始第 27 次操作

2021-07-31 00:17:42 开始操作号码 【1865815】
2021-07-31 00:17:45 GSD getOne 第 1 次 等待 3 秒
2021-07-31 00:17:48 查询号码 【1865815】，返回信息 {"status":"bad","msg":""}
2021-07-31 00:17:48 查询号码 【1865815】，GSD为【""】
2021-07-31 00:17:48 bad
2021-07-31 00:17:50 CHB 1865815?1627661868 第 1 次 等待 3 秒
2021-07-31 00:17:53 CHB 1865815?1627661868 第 1 次 获取到号码【1865815】GSD
2021-07-31 00:17:53 获取到号码【1865815】的GSD为【浙江-杭州】
2021-07-31 00:18:11 GSD insert 第 1 次 等待 3 秒
2021-07-31 00:18:14 {"status":"ok","gid":450098,"msg":"添加成功！"}
2021-07-31 00:18:15 下次操作: 2021-07-31 00:18:35

2021-07-31 00:18:36 开始第 28 次操作

2021-07-31 00:18:36 开始操作号码 【1865814】
2021-07-31 00:18:43 GSD getOne 第 1 次 等待 3 秒
2021-07-31 00:18:46 查询号码 【1865814】，返回信息 {"status":"bad","msg":""}
2021-07-31 00:18:46 查询号码 【1865814】，GSD为【""】
2021-07-31 00:18:46 bad
2021-07-31 00:18:48 CHB 1865814?1627661926 第 1 次 等待 3 秒
2021-07-31 00:18:51 CHB 1865814?1627661926 第 1 次 获取到号码【1865814】GSD
2021-07-31 00:18:51 获取到号码【1865814】的GSD为【浙江-杭州】
2021-07-31 00:19:10 GSD insert 第 1 次 等待 3 秒
2021-07-31 00:19:13 {"status":"ok","gid":450105,"msg":"添加成功！"}
2021-07-31 00:19:13 下次操作: 2021-07-31 00:19:31

2021-07-31 00:19:31 开始第 29 次操作

2021-07-31 00:19:31 开始操作号码 【1865813】
2021-07-31 00:19:35 GSD getOne 第 1 次 等待 3 秒
2021-07-31 00:19:38 查询号码 【1865813】，返回信息 {"status":"bad","msg":""}
2021-07-31 00:19:38 查询号码 【1865813】，GSD为【""】
2021-07-31 00:19:38 bad
2021-07-31 00:19:40 CHB 1865813?1627661978 第 1 次 等待 3 秒
2021-07-31 00:19:43 CHB 1865813?1627661978 第 1 次 获取到号码【1865813】GSD
2021-07-31 00:19:43 获取到号码【1865813】的GSD为【浙江-杭州】
2021-07-31 00:20:05 GSD insert 第 1 次 等待 3 秒
2021-07-31 00:20:08 {"status":"ok","gid":450110,"msg":"添加成功！"}
2021-07-31 00:20:08 下次操作: 2021-07-31 00:20:23

2021-07-31 00:20:23 开始第 30 次操作

2021-07-31 00:20:23 开始操作号码 【1865812】
2021-07-31 00:20:26 GSD getOne 第 1 次 等待 3 秒
2021-07-31 00:20:29 查询号码 【1865812】，返回信息 {"status":"bad","msg":""}
2021-07-31 00:20:29 查询号码 【1865812】，GSD为【""】
2021-07-31 00:20:29 bad
2021-07-31 00:20:31 CHB 1865812?1627662029 第 1 次 等待 3 秒
2021-07-31 00:20:34 CHB 1865812?1627662029 第 1 次 获取到号码【1865812】GSD
2021-07-31 00:20:34 获取到号码【1865812】的GSD为【浙江-杭州】
2021-07-31 00:20:56 GSD insert 第 1 次 等待 3 秒
2021-07-31 00:20:59 {"status":"ok","gid":450116,"msg":"添加成功！"}
2021-07-31 00:20:59 下次操作: 2021-07-31 00:21:22

2021-07-31 00:21:22 开始第 31 次操作

2021-07-31 00:21:22 开始操作号码 【1865811】
2021-07-31 00:21:25 GSD getOne 第 1 次 等待 3 秒
2021-07-31 00:21:28 查询号码 【1865811】，返回信息 {"status":"bad","msg":""}
2021-07-31 00:21:28 查询号码 【1865811】，GSD为【""】
2021-07-31 00:21:28 bad
2021-07-31 00:21:30 CHB 1865811?1627662088 第 1 次 等待 3 秒
2021-07-31 00:21:33 CHB 1865811?1627662088 第 1 次 获取到号码【1865811】GSD
2021-07-31 00:21:33 获取到号码【1865811】的GSD为【浙江-杭州】
2021-07-31 00:22:13 GSD insert 第 1 次 等待 3 秒
2021-07-31 00:22:16 {"status":"ok","gid":450122,"msg":"添加成功！"}
2021-07-31 00:22:16 下次操作: 2021-07-31 00:22:34

2021-07-31 00:22:34 开始第 32 次操作

2021-07-31 00:22:34 开始操作号码 【1865810】
2021-07-31 00:22:39 GSD getOne 第 1 次 等待 3 秒
2021-07-31 00:22:42 查询号码 【1865810】，返回信息 {"status":"bad","msg":""}
2021-07-31 00:22:42 查询号码 【1865810】，GSD为【""】
2021-07-31 00:22:42 bad
2021-07-31 00:22:43 CHB 1865810?1627662162 第 1 次 等待 3 秒
2021-07-31 00:22:46 CHB 1865810?1627662162 第 1 次 获取到号码【1865810】GSD
2021-07-31 00:22:47 获取到号码【1865810】的GSD为【浙江-杭州】
2021-07-31 00:23:05 GSD insert 第 1 次 等待 3 秒
2021-07-31 00:23:08 {"status":"ok","gid":450128,"msg":"添加成功！"}
2021-07-31 00:23:08 下次操作: 2021-07-31 00:23:32

2021-07-31 00:23:32 开始第 33 次操作

2021-07-31 00:23:32 开始操作号码 【1865809】
2021-07-31 00:23:36 GSD getOne 第 1 次 等待 3 秒
2021-07-31 00:23:39 查询号码 【1865809】，返回信息 {"status":"bad","msg":""}
2021-07-31 00:23:39 查询号码 【1865809】，GSD为【""】
2021-07-31 00:23:39 bad
2021-07-31 00:23:41 CHB 1865809?1627662219 第 1 次 等待 3 秒
2021-07-31 00:23:44 CHB 1865809?1627662219 第 1 次 获取到号码【1865809】GSD
2021-07-31 00:23:44 获取到号码【1865809】的GSD为【浙江-舟山】
2021-07-31 00:24:14 GSD insert 第 1 次 等待 3 秒
2021-07-31 00:24:17 {"status":"ok","gid":450136,"msg":"添加成功！"}
2021-07-31 00:24:17 下次操作: 2021-07-31 00:24:41

2021-07-31 00:24:41 开始第 34 次操作

2021-07-31 00:24:41 开始操作号码 【1865808】
2021-07-31 00:24:48 GSD getOne 第 1 次 等待 3 秒
2021-07-31 00:24:51 查询号码 【1865808】，返回信息 {"status":"bad","msg":""}
2021-07-31 00:24:51 查询号码 【1865808】，GSD为【""】
2021-07-31 00:24:51 bad
2021-07-31 00:24:53 CHB 1865808?1627662291 第 1 次 等待 3 秒
2021-07-31 00:24:56 CHB 1865808?1627662291 第 1 次 获取到号码【1865808】GSD
2021-07-31 00:24:56 获取到号码【1865808】的GSD为【浙江-舟山】
2021-07-31 00:25:15 GSD insert 第 1 次 等待 3 秒
2021-07-31 00:25:18 {"status":"ok","gid":450142,"msg":"添加成功！"}
2021-07-31 00:25:18 下次操作: 2021-07-31 00:25:30

2021-07-31 00:25:30 开始第 35 次操作

2021-07-31 00:25:30 开始操作号码 【1865807】
2021-07-31 00:25:34 GSD getOne 第 1 次 等待 3 秒
2021-07-31 00:25:37 查询号码 【1865807】，返回信息 {"status":"bad","msg":""}
2021-07-31 00:25:37 查询号码 【1865807】，GSD为【""】
2021-07-31 00:25:37 bad
2021-07-31 00:25:39 CHB 1865807?1627662337 第 1 次 等待 3 秒
2021-07-31 00:25:42 CHB 1865807?1627662337 第 1 次 获取到号码【1865807】GSD
2021-07-31 00:25:42 获取到号码【1865807】的GSD为【浙江-舟山】
2021-07-31 00:26:02 GSD insert 第 1 次 等待 3 秒
2021-07-31 00:26:05 {"status":"ok","gid":450143,"msg":"添加成功！"}
2021-07-31 00:26:05 下次操作: 2021-07-31 00:26:28

2021-07-31 00:26:28 开始第 36 次操作

2021-07-31 00:26:28 开始操作号码 【1865806】
2021-07-31 00:26:32 GSD getOne 第 1 次 等待 3 秒
2021-07-31 00:26:35 查询号码 【1865806】，返回信息 {"status":"bad","msg":""}
2021-07-31 00:26:35 查询号码 【1865806】，GSD为【""】
2021-07-31 00:26:35 bad
2021-07-31 00:26:36 CHB 1865806?1627662395 第 1 次 等待 3 秒
2021-07-31 00:26:39 CHB 1865806?1627662395 第 1 次 获取到号码【1865806】GSD
2021-07-31 00:26:40 获取到号码【1865806】的GSD为【浙江-舟山】
2021-07-31 00:27:01 GSD insert 第 1 次 等待 3 秒
2021-07-31 00:27:04 {"status":"ok","gid":450151,"msg":"添加成功！"}
2021-07-31 00:27:04 下次操作: 2021-07-31 00:27:25

2021-07-31 00:27:25 开始第 37 次操作

2021-07-31 00:27:25 开始操作号码 【1865805】
2021-07-31 00:27:29 GSD getOne 第 1 次 等待 3 秒
2021-07-31 00:27:32 查询号码 【1865805】，返回信息 {"status":"bad","msg":""}
2021-07-31 00:27:32 查询号码 【1865805】，GSD为【""】
2021-07-31 00:27:32 bad
2021-07-31 00:27:34 CHB 1865805?1627662452 第 1 次 等待 3 秒
2021-07-31 00:27:37 CHB 1865805?1627662452 第 1 次 获取到号码【1865805】GSD
2021-07-31 00:27:37 获取到号码【1865805】的GSD为【浙江-舟山】
2021-07-31 00:28:10 GSD insert 第 1 次 等待 3 秒
2021-07-31 00:28:13 {"status":"ok","gid":450155,"msg":"添加成功！"}
2021-07-31 00:28:13 下次操作: 2021-07-31 00:28:29

2021-07-31 00:28:29 开始第 38 次操作

2021-07-31 00:28:29 开始操作号码 【1865804】
2021-07-31 00:28:33 GSD getOne 第 1 次 等待 3 秒
2021-07-31 00:28:36 查询号码 【1865804】，返回信息 {"status":"bad","msg":""}
2021-07-31 00:28:36 查询号码 【1865804】，GSD为【""】
2021-07-31 00:28:36 bad
2021-07-31 00:28:37 CHB 1865804?1627662516 第 1 次 等待 3 秒
2021-07-31 00:28:40 CHB 1865804?1627662516 第 1 次 获取到号码【1865804】GSD
2021-07-31 00:28:40 获取到号码【1865804】的GSD为【浙江-舟山】
2021-07-31 00:28:59 GSD insert 第 1 次 等待 3 秒
2021-07-31 00:29:02 {"status":"ok","gid":450161,"msg":"添加成功！"}
2021-07-31 00:29:02 下次操作: 2021-07-31 00:29:23

2021-07-31 00:29:23 开始第 39 次操作

2021-07-31 00:29:23 开始操作号码 【1865803】
2021-07-31 00:29:27 GSD getOne 第 1 次 等待 3 秒
2021-07-31 00:29:30 查询号码 【1865803】，返回信息 {"status":"ok","msg":"浙江-舟山","gid":"40865","time_insert":"2019-02-02 16:26","time_update":"2020-09-02 23:02"}
2021-07-31 00:29:30 查询号码 【1865803】，GSD为【"浙江-舟山"】

2021-07-31 00:29:30 开始第 39 次操作

2021-07-31 00:29:30 开始操作号码 【1865802】
2021-07-31 00:29:48 GSD getOne 第 1 次 等待 3 秒
2021-07-31 00:29:51 查询号码 【1865802】，返回信息 {"status":"bad","msg":""}
2021-07-31 00:29:51 查询号码 【1865802】，GSD为【""】
2021-07-31 00:29:51 bad
2021-07-31 00:29:53 CHB 1865802?1627662591 第 1 次 等待 3 秒
2021-07-31 00:29:56 CHB 1865802?1627662591 第 1 次 获取到号码【1865802】GSD
2021-07-31 00:29:56 获取到号码【1865802】的GSD为【浙江-舟山】
2021-07-31 00:30:16 GSD insert 第 1 次 等待 3 秒
2021-07-31 00:30:19 {"status":"ok","gid":450167,"msg":"添加成功！"}
2021-07-31 00:30:19 下次操作: 2021-07-31 00:30:37

2021-07-31 00:30:37 开始第 40 次操作

2021-07-31 00:30:37 开始操作号码 【1865801】
2021-07-31 00:30:41 GSD getOne 第 1 次 等待 3 秒
2021-07-31 00:30:44 查询号码 【1865801】，返回信息 {"status":"ok","msg":"浙江-舟山","gid":"40864","time_insert":"2018-07-17 14:46","time_update":"2020-09-02 22:57"}
2021-07-31 00:30:44 查询号码 【1865801】，GSD为【"浙江-舟山"】

2021-07-31 00:30:44 开始第 40 次操作

2021-07-31 00:30:44 开始操作号码 【1865800】
2021-07-31 00:31:03 GSD getOne 第 1 次 等待 3 秒
2021-07-31 00:31:06 查询号码 【1865800】，返回信息 {"status":"ok","msg":"浙江-舟山","gid":"40863","time_insert":"2015-03-06 22:56","time_update":"2020-09-02 22:53"}
2021-07-31 00:31:06 查询号码 【1865800】，GSD为【"浙江-舟山"】

2021-07-31 00:31:06 开始第 40 次操作

2021-07-31 00:31:06 开始操作号码 【1865799】
2021-07-31 00:31:25 GSD getOne 第 1 次 等待 3 秒
2021-07-31 00:31:28 查询号码 【1865799】，返回信息 {"status":"bad","msg":""}
2021-07-31 00:31:28 查询号码 【1865799】，GSD为【""】
2021-07-31 00:31:28 bad
2021-07-31 00:31:29 CHB 1865799?1627662688 第 1 次 等待 3 秒
2021-07-31 00:31:32 CHB 1865799?1627662688 第 1 次 获取到号码【1865799】GSD
2021-07-31 00:31:32 获取到号码【1865799】的GSD为【浙江-金华】
2021-07-31 00:31:52 GSD insert 第 1 次 等待 3 秒
2021-07-31 00:31:55 {"status":"ok","gid":450175,"msg":"添加成功！"}

