2024-03-03 00:18:46 开始第 6809 次操作

2024-03-03 00:18:46 开始操作号码 【1716711】
2024-03-03 00:18:55 GSD getOne 第 1 次 等待 3 秒
2024-03-03 00:18:58 查询号码 【1716711】，返回信息 {"status":"ok","msg":"湖北-武汉","gid":"208642","time_insert":"2021-07-06 19:55"}
2024-03-03 00:18:58 查询号码 【1716711】，GSD为【"湖北-武汉"】

2024-03-03 00:18:59 开始第 6810 次操作

2024-03-03 00:18:59 开始操作号码 【1716712】
2024-03-03 00:19:04 GSD getOne 第 1 次 等待 3 秒
2024-03-03 00:19:07 查询号码 【1716712】，返回信息 {"status":"ok","msg":"湖北-孝感","gid":"208648","time_insert":"2021-07-06 19:56"}
2024-03-03 00:19:07 查询号码 【1716712】，GSD为【"湖北-孝感"】

2024-03-03 00:19:08 开始第 6811 次操作

2024-03-03 00:19:08 开始操作号码 【1716713】
2024-03-03 00:19:14 GSD getOne 第 1 次 等待 3 秒
2024-03-03 00:19:17 查询号码 【1716713】，返回信息 {"status":"ok","msg":"湖北-武汉","gid":"208655","time_insert":"2021-07-06 19:57"}
2024-03-03 00:19:17 查询号码 【1716713】，GSD为【"湖北-武汉"】

2024-03-03 00:19:18 开始第 6812 次操作

2024-03-03 00:19:18 开始操作号码 【1716714】
2024-03-03 00:19:23 GSD getOne 第 1 次 等待 3 秒
2024-03-03 00:19:26 查询号码 【1716714】，返回信息 {"status":"ok","msg":"湖北-黄石","gid":"208660","time_insert":"2021-07-06 19:58"}
2024-03-03 00:19:26 查询号码 【1716714】，GSD为【"湖北-黄石"】

