2024-11-09 00:11:57 开始第 3953 次操作

2024-11-09 00:11:57 开始操作号码 【1303952】
2024-11-09 00:11:58 GSD getOne 第 1 次 等待 3 秒
2024-11-09 00:12:01 查询号码 【1303952】，返回信息 {"status":"ok","msg":"内蒙古-呼和浩特","gid":"77699","time_insert":"2021-06-02 23:07"}
2024-11-09 00:12:01 查询号码 【1303952】，GSD为【"内蒙古-呼和浩特"】

2024-11-09 00:12:02 开始第 3954 次操作

2024-11-09 00:12:02 开始操作号码 【1303953】
2024-11-09 00:12:03 GSD getOne 第 1 次 等待 3 秒
2024-11-09 00:12:06 查询号码 【1303953】，返回信息 {"status":"ok","msg":"内蒙古-通辽","gid":"77714","time_insert":"2021-06-02 23:27"}
2024-11-09 00:12:06 查询号码 【1303953】，GSD为【"内蒙古-通辽"】

2024-11-09 00:12:07 开始第 3955 次操作

2024-11-09 00:12:07 开始操作号码 【1303954】
2024-11-09 00:12:08 GSD getOne 第 1 次 等待 3 秒
2024-11-09 00:12:11 查询号码 【1303954】，返回信息 {"status":"ok","msg":"内蒙古-通辽","gid":"77729","time_insert":"2021-06-02 23:51"}
2024-11-09 00:12:11 查询号码 【1303954】，GSD为【"内蒙古-通辽"】

2024-11-09 00:12:12 开始第 3956 次操作

2024-11-09 00:12:12 开始操作号码 【1303955】
2024-11-09 00:12:13 GSD getOne 第 1 次 等待 3 秒
2024-11-09 00:12:16 查询号码 【1303955】，返回信息 {"status":"ok","msg":"内蒙古-包头","gid":"77745","time_insert":"2021-06-03 00:07"}
2024-11-09 00:12:16 查询号码 【1303955】，GSD为【"内蒙古-包头"】

