2024-11-14 00:12:46 开始第 4849 次操作

2024-11-14 00:12:46 开始操作号码 【1304848】
2024-11-14 00:12:54 GSD getOne 第 1 次 等待 3 秒
2024-11-14 00:12:57 查询号码 【1304848】，返回信息 {"status":"ok","msg":"重庆-重庆","gid":"101756","time_insert":"2021-06-17 16:50"}
2024-11-14 00:12:57 查询号码 【1304848】，GSD为【"重庆-重庆"】

2024-11-14 00:12:58 开始第 4850 次操作

2024-11-14 00:12:58 开始操作号码 【1304849】
2024-11-14 00:13:00 GSD getOne 第 1 次 等待 3 秒
2024-11-14 00:13:03 查询号码 【1304849】，返回信息 {"status":"ok","msg":"重庆-重庆","gid":"101793","time_insert":"2021-06-17 17:17"}
2024-11-14 00:13:03 查询号码 【1304849】，GSD为【"重庆-重庆"】

2024-11-14 00:13:04 开始第 4851 次操作

2024-11-14 00:13:04 开始操作号码 【1304850】
2024-11-14 00:13:05 GSD getOne 第 1 次 等待 3 秒
2024-11-14 00:13:08 查询号码 【1304850】，返回信息 {"status":"ok","msg":"贵州-遵义","gid":"101818","time_insert":"2021-06-17 17:40"}
2024-11-14 00:13:08 查询号码 【1304850】，GSD为【"贵州-遵义"】

2024-11-14 00:13:09 开始第 4852 次操作

2024-11-14 00:13:09 开始操作号码 【1304851】
2024-11-14 00:13:11 GSD getOne 第 1 次 等待 3 秒
2024-11-14 00:13:14 查询号码 【1304851】，返回信息 {"status":"ok","msg":"贵州-遵义","gid":"101850","time_insert":"2021-06-17 18:06"}
2024-11-14 00:13:14 查询号码 【1304851】，GSD为【"贵州-遵义"】

2024-11-14 00:41:57 开始第 4853 次操作

2024-11-14 00:41:57 开始操作号码 【1304852】
2024-11-14 00:41:59 GSD getOne 第 1 次 等待 3 秒
2024-11-14 00:42:02 查询号码 【1304852】，返回信息 {"status":"ok","msg":"贵州-黔南","gid":"101880","time_insert":"2021-06-17 18:30"}
2024-11-14 00:42:02 查询号码 【1304852】，GSD为【"贵州-黔南"】

2024-11-14 00:42:03 开始第 4854 次操作

2024-11-14 00:42:03 开始操作号码 【1304853】
2024-11-14 00:42:04 GSD getOne 第 1 次 等待 3 秒
2024-11-14 00:42:07 查询号码 【1304853】，返回信息 {"status":"ok","msg":"贵州-黔南","gid":"101914","time_insert":"2021-06-17 18:59"}
2024-11-14 00:42:07 查询号码 【1304853】，GSD为【"贵州-黔南"】

2024-11-14 00:42:08 开始第 4855 次操作

2024-11-14 00:42:08 开始操作号码 【1304854】
2024-11-14 00:42:10 GSD getOne 第 1 次 等待 3 秒
2024-11-14 00:42:13 查询号码 【1304854】，返回信息 {"status":"ok","msg":"贵州-毕节","gid":"101952","time_insert":"2021-06-17 19:29"}
2024-11-14 00:42:13 查询号码 【1304854】，GSD为【"贵州-毕节"】

2024-11-14 00:42:14 开始第 4856 次操作

2024-11-14 00:42:14 开始操作号码 【1304855】
2024-11-14 00:42:15 GSD getOne 第 1 次 等待 3 秒
2024-11-14 00:42:18 查询号码 【1304855】，返回信息 {"status":"ok","msg":"贵州-毕节","gid":"410","time_insert":"2017-05-11 16:02","time_update":"2020-11-17 09:46"}
2024-11-14 00:42:18 查询号码 【1304855】，GSD为【"贵州-毕节"】

2024-11-14 01:09:11 开始第 4857 次操作

2024-11-14 01:09:11 开始操作号码 【1304856】
2024-11-14 01:09:13 GSD getOne 第 1 次 等待 3 秒
2024-11-14 01:09:16 查询号码 【1304856】，返回信息 {"status":"ok","msg":"贵州-六盘水","gid":"101981","time_insert":"2021-06-17 19:52"}
2024-11-14 01:09:16 查询号码 【1304856】，GSD为【"贵州-六盘水"】

2024-11-14 01:09:17 开始第 4858 次操作

2024-11-14 01:09:17 开始操作号码 【1304857】
2024-11-14 01:09:18 GSD getOne 第 1 次 等待 3 秒
2024-11-14 01:09:21 查询号码 【1304857】，返回信息 {"status":"ok","msg":"贵州-遵义","gid":"102013","time_insert":"2021-06-17 20:21"}
2024-11-14 01:09:21 查询号码 【1304857】，GSD为【"贵州-遵义"】

2024-11-14 01:09:22 开始第 4859 次操作

2024-11-14 01:09:22 开始操作号码 【1304858】
2024-11-14 01:09:24 GSD getOne 第 1 次 等待 3 秒
2024-11-14 01:09:27 查询号码 【1304858】，返回信息 {"status":"ok","msg":"贵州-遵义","gid":"411","time_insert":"2015-10-19 14:29","time_update":"2020-11-17 09:51"}
2024-11-14 01:09:27 查询号码 【1304858】，GSD为【"贵州-遵义"】

2024-11-14 01:09:28 开始第 4860 次操作

2024-11-14 01:09:28 开始操作号码 【1304859】
2024-11-14 01:09:30 GSD getOne 第 1 次 等待 3 秒
2024-11-14 01:09:33 查询号码 【1304859】，返回信息 {"status":"ok","msg":"贵州-遵义","gid":"412","time_insert":"2020-04-16 09:29","time_update":"2020-11-17 09:54"}
2024-11-14 01:09:33 查询号码 【1304859】，GSD为【"贵州-遵义"】

2024-11-14 01:36:35 开始第 4861 次操作

2024-11-14 01:36:35 开始操作号码 【1304860】
2024-11-14 01:36:37 GSD getOne 第 1 次 等待 3 秒
2024-11-14 01:36:40 查询号码 【1304860】，返回信息 {"status":"ok","msg":"江苏-淮安","gid":"102047","time_insert":"2021-06-17 20:50","time_update":"2021-06-17 21:05"}
2024-11-14 01:36:40 查询号码 【1304860】，GSD为【"江苏-淮安"】

2024-11-14 01:36:41 开始第 4862 次操作

2024-11-14 01:36:41 开始操作号码 【1304861】
2024-11-14 01:36:43 GSD getOne 第 1 次 等待 3 秒
2024-11-14 01:36:46 查询号码 【1304861】，返回信息 {"status":"ok","msg":"江苏-淮安","gid":"102081","time_insert":"2021-06-17 21:15"}
2024-11-14 01:36:46 查询号码 【1304861】，GSD为【"江苏-淮安"】

2024-11-14 01:36:47 开始第 4863 次操作

2024-11-14 01:36:47 开始操作号码 【1304862】
2024-11-14 01:36:48 GSD getOne 第 1 次 等待 3 秒
2024-11-14 01:36:51 查询号码 【1304862】，返回信息 {"status":"ok","msg":"江苏-淮安","gid":"102107","time_insert":"2021-06-17 21:38"}
2024-11-14 01:36:51 查询号码 【1304862】，GSD为【"江苏-淮安"】

2024-11-14 01:36:52 开始第 4864 次操作

2024-11-14 01:36:52 开始操作号码 【1304863】
2024-11-14 01:36:54 GSD getOne 第 1 次 等待 3 秒
2024-11-14 01:36:57 查询号码 【1304863】，返回信息 {"status":"ok","msg":"江苏-淮安","gid":"102142","time_insert":"2021-06-17 22:07"}
2024-11-14 01:36:57 查询号码 【1304863】，GSD为【"江苏-淮安"】

