2023-12-11 00:19:38 开始第 2509 次操作

2023-12-11 00:19:38 开始操作号码 【1822411】
2023-12-11 00:19:44 GSD getOne 第 1 次 等待 3 秒
2023-12-11 00:19:47 查询号码 【1822411】，返回信息 {"status":"ok","msg":"四川-巴中","gid":"452659","time_insert":"2021-07-31 05:06"}
2023-12-11 00:19:47 查询号码 【1822411】，GSD为【"四川-巴中"】

2023-12-11 00:19:48 开始第 2510 次操作

2023-12-11 00:19:48 开始操作号码 【1822412】
2023-12-11 00:19:51 GSD getOne 第 1 次 等待 3 秒
2023-12-11 00:19:54 查询号码 【1822412】，返回信息 {"status":"ok","msg":"四川-巴中","gid":"452675","time_insert":"2021-07-31 05:17"}
2023-12-11 00:19:54 查询号码 【1822412】，GSD为【"四川-巴中"】

2023-12-11 00:19:55 开始第 2511 次操作

2023-12-11 00:19:55 开始操作号码 【1822413】
2023-12-11 00:19:59 GSD getOne 第 1 次 等待 3 秒
2023-12-11 00:20:02 查询号码 【1822413】，返回信息 {"status":"ok","msg":"四川-巴中","gid":"452694","time_insert":"2021-07-31 05:32"}
2023-12-11 00:20:02 查询号码 【1822413】，GSD为【"四川-巴中"】

2023-12-11 00:20:03 开始第 2512 次操作

2023-12-11 00:20:03 开始操作号码 【1822414】
2023-12-11 00:20:22 GSD getOne 第 1 次 等待 3 秒
2023-12-11 00:20:25 查询号码 【1822414】，返回信息 {"status":"ok","msg":"四川-巴中","gid":"452792","time_insert":"2021-07-31 05:45"}
2023-12-11 00:20:25 查询号码 【1822414】，GSD为【"四川-巴中"】

