2024-06-29 00:21:49 开始第 3197 次操作

2024-06-29 00:21:49 开始操作号码 【1493089】
2024-06-29 00:22:06 GSD getOne 第 1 次 等待 3 秒
2024-06-29 00:22:09 查询号码 【1493089】，返回信息 {"status":"ok","msg":"-","gid":"288439","time_insert":"2021-07-16 00:08"}
2024-06-29 00:22:10 查询号码 【1493089】，GSD为【"-"】
2024-06-29 00:22:10 ok && -
2024-06-29 00:22:13 CHB 1493089?1719591730 第 1 次 等待 3 秒
2024-06-29 00:22:16 CHB 1493089?1719591730 第 1 次 获取到号码【1493089】GSD
2024-06-29 00:22:16 未获取到号码【1493089】GSD，可能号码格式错误
2024-06-29 00:22:16 获取到号码【1493089】的GSD为【-】
2024-06-29 00:22:30 GSD insert 第 1 次 等待 3 秒
2024-06-29 00:22:33 {"status":"bad","gid":"288439","msg":"添加失败！号码【1493089(-|-)】已存在！"}
2024-06-29 00:22:33 随机等待 167 秒，约 2 分钟
2024-06-29 00:22:33 下次操作: 2024-06-29 00:25:20

2024-06-29 00:25:20 开始第 3198 次操作

2024-06-29 00:25:20 开始操作号码 【1493090】
2024-06-29 00:25:34 GSD getOne 第 1 次 等待 3 秒
2024-06-29 00:25:37 查询号码 【1493090】，返回信息 {"status":"ok","msg":"-","gid":"288446","time_insert":"2021-07-16 00:09"}
2024-06-29 00:25:37 查询号码 【1493090】，GSD为【"-"】
2024-06-29 00:25:37 ok && -
2024-06-29 00:25:39 CHB 1493090?1719591937 第 1 次 等待 3 秒
2024-06-29 00:25:42 CHB 1493090?1719591937 第 1 次 获取到号码【1493090】GSD
2024-06-29 00:25:42 未获取到号码【1493090】GSD，可能号码格式错误
2024-06-29 00:25:42 获取到号码【1493090】的GSD为【-】
2024-06-29 00:25:56 GSD insert 第 1 次 等待 3 秒
2024-06-29 00:25:59 {"status":"bad","gid":"288446","msg":"添加失败！号码【1493090(-|-)】已存在！"}
2024-06-29 00:25:59 随机等待 189 秒，约 3 分钟
2024-06-29 00:25:59 下次操作: 2024-06-29 00:29:08

2024-06-29 00:29:08 开始第 3199 次操作

2024-06-29 00:29:08 开始操作号码 【1493091】
2024-06-29 00:29:23 GSD getOne 第 1 次 等待 3 秒
2024-06-29 00:29:26 查询号码 【1493091】，返回信息 {"status":"ok","msg":"-","gid":"288456","time_insert":"2021-07-16 00:10"}
2024-06-29 00:29:26 查询号码 【1493091】，GSD为【"-"】
2024-06-29 00:29:26 ok && -
2024-06-29 00:29:28 CHB 1493091?1719592166 第 1 次 等待 3 秒
2024-06-29 00:29:31 CHB 1493091?1719592166 第 1 次 获取到号码【1493091】GSD
2024-06-29 00:29:31 未获取到号码【1493091】GSD，可能号码格式错误
2024-06-29 00:29:31 获取到号码【1493091】的GSD为【-】
2024-06-29 00:29:46 GSD insert 第 1 次 等待 3 秒
2024-06-29 00:29:49 {"status":"bad","gid":"288456","msg":"添加失败！号码【1493091(-|-)】已存在！"}
2024-06-29 00:29:49 随机等待 177 秒，约 2 分钟
2024-06-29 00:29:49 下次操作: 2024-06-29 00:32:46

2024-06-29 00:32:46 开始第 3200 次操作

2024-06-29 00:32:46 开始操作号码 【1493092】
2024-06-29 00:33:02 GSD getOne 第 1 次 等待 3 秒
2024-06-29 00:33:05 查询号码 【1493092】，返回信息 {"status":"ok","msg":"-","gid":"288464","time_insert":"2021-07-16 00:10"}
2024-06-29 00:33:05 查询号码 【1493092】，GSD为【"-"】
2024-06-29 00:33:05 ok && -
2024-06-29 00:33:07 CHB 1493092?1719592385 第 1 次 等待 3 秒
2024-06-29 00:33:10 CHB 1493092?1719592385 第 1 次 获取到号码【1493092】GSD
2024-06-29 00:33:10 未获取到号码【1493092】GSD，可能号码格式错误
2024-06-29 00:33:10 获取到号码【1493092】的GSD为【-】
2024-06-29 00:33:25 GSD insert 第 1 次 等待 3 秒
2024-06-29 00:33:28 {"status":"bad","gid":"288464","msg":"添加失败！号码【1493092(-|-)】已存在！"}

