2024-08-25 00:15:02 开始第 1009 次操作

2024-08-25 00:15:02 开始操作号码 【1381008】
2024-08-25 00:15:13 GSD getOne 第 1 次 等待 3 秒
2024-08-25 00:15:16 查询号码 【1381008】，返回信息 {"status":"ok","msg":"北京-北京","gid":"63050","time_insert":"2021-05-20 14:21"}
2024-08-25 00:15:16 查询号码 【1381008】，GSD为【"北京-北京"】

2024-08-25 00:15:17 开始第 1010 次操作

2024-08-25 00:15:17 开始操作号码 【1381009】
2024-08-25 00:15:27 GSD getOne 第 1 次 等待 3 秒
2024-08-25 00:15:30 查询号码 【1381009】，返回信息 {"status":"ok","msg":"北京-北京","gid":"63035","time_insert":"2021-05-20 14:10"}
2024-08-25 00:15:30 查询号码 【1381009】，GSD为【"北京-北京"】

2024-08-25 00:15:31 开始第 1011 次操作

2024-08-25 00:15:31 开始操作号码 【1381010】
2024-08-25 00:15:42 GSD getOne 第 1 次 等待 3 秒
2024-08-25 00:15:45 查询号码 【1381010】，返回信息 {"status":"ok","msg":"北京-北京","gid":"63037","time_insert":"2021-05-20 14:11"}
2024-08-25 00:15:45 查询号码 【1381010】，GSD为【"北京-北京"】

2024-08-25 00:15:46 开始第 1012 次操作

2024-08-25 00:15:46 开始操作号码 【1381011】
2024-08-25 00:15:55 GSD getOne 第 1 次 等待 3 秒
2024-08-25 00:15:58 查询号码 【1381011】，返回信息 {"status":"ok","msg":"北京-北京","gid":"63039","time_insert":"2021-05-20 14:12"}
2024-08-25 00:15:58 查询号码 【1381011】，GSD为【"北京-北京"】

2024-08-25 00:38:46 开始第 1013 次操作

2024-08-25 00:38:46 开始操作号码 【1381012】
2024-08-25 00:38:55 GSD getOne 第 1 次 等待 3 秒
2024-08-25 00:38:58 查询号码 【1381012】，返回信息 {"status":"ok","msg":"北京-北京","gid":"63041","time_insert":"2021-05-20 14:13"}
2024-08-25 00:38:58 查询号码 【1381012】，GSD为【"北京-北京"】

2024-08-25 00:38:59 开始第 1014 次操作

2024-08-25 00:38:59 开始操作号码 【1381013】
2024-08-25 00:39:07 GSD getOne 第 1 次 等待 3 秒
2024-08-25 00:39:10 查询号码 【1381013】，返回信息 {"status":"ok","msg":"北京-北京","gid":"63042","time_insert":"2021-05-20 14:14"}
2024-08-25 00:39:10 查询号码 【1381013】，GSD为【"北京-北京"】

2024-08-25 00:39:11 开始第 1015 次操作

2024-08-25 00:39:11 开始操作号码 【1381014】
2024-08-25 00:39:19 GSD getOne 第 1 次 等待 3 秒
2024-08-25 00:39:22 查询号码 【1381014】，返回信息 {"status":"ok","msg":"北京-北京","gid":"63043","time_insert":"2021-05-20 14:15"}
2024-08-25 00:39:22 查询号码 【1381014】，GSD为【"北京-北京"】

2024-08-25 00:39:23 开始第 1016 次操作

2024-08-25 00:39:23 开始操作号码 【1381015】
2024-08-25 00:39:31 GSD getOne 第 1 次 等待 3 秒
2024-08-25 00:39:34 查询号码 【1381015】，返回信息 {"status":"ok","msg":"北京-北京","gid":"63044","time_insert":"2021-05-20 14:16"}
2024-08-25 00:39:34 查询号码 【1381015】，GSD为【"北京-北京"】

2024-08-25 01:12:44 开始第 1017 次操作

2024-08-25 01:12:44 开始操作号码 【1381016】
2024-08-25 01:12:52 GSD getOne 第 1 次 等待 3 秒
2024-08-25 01:12:55 查询号码 【1381016】，返回信息 {"status":"ok","msg":"北京-北京","gid":"63046","time_insert":"2021-05-20 14:18"}
2024-08-25 01:12:55 查询号码 【1381016】，GSD为【"北京-北京"】

2024-08-25 01:12:56 开始第 1018 次操作

2024-08-25 01:12:56 开始操作号码 【1381017】
2024-08-25 01:13:07 GSD getOne 第 1 次 等待 3 秒
2024-08-25 01:13:10 查询号码 【1381017】，返回信息 {"status":"ok","msg":"北京-北京","gid":"11000","time_insert":"2018-06-26 14:38","time_update":"2020-12-26 10:11"}
2024-08-25 01:13:11 查询号码 【1381017】，GSD为【"北京-北京"】

2024-08-25 01:13:12 开始第 1019 次操作

2024-08-25 01:13:12 开始操作号码 【1381018】
2024-08-25 01:13:20 GSD getOne 第 1 次 等待 3 秒
2024-08-25 01:13:23 查询号码 【1381018】，返回信息 {"status":"ok","msg":"北京-北京","gid":"63048","time_insert":"2021-05-20 14:20"}
2024-08-25 01:13:23 查询号码 【1381018】，GSD为【"北京-北京"】

2024-08-25 01:13:24 开始第 1020 次操作

2024-08-25 01:13:24 开始操作号码 【1381019】
2024-08-25 01:13:24 GSD getOne 第 1 次 等待 3 秒
2024-08-25 01:13:38 GSD getOne 第 2 次 等待 3 秒
2024-08-25 01:13:41 查询号码 【1381019】，返回信息 {"status":"ok","msg":"北京-北京","gid":"63049","time_insert":"2021-05-20 14:21"}
2024-08-25 01:13:41 查询号码 【1381019】，GSD为【"北京-北京"】

2024-08-25 01:34:43 开始第 1021 次操作

2024-08-25 01:34:43 开始操作号码 【1381020】
2024-08-25 01:34:52 GSD getOne 第 1 次 等待 3 秒
2024-08-25 01:34:55 查询号码 【1381020】，返回信息 {"status":"ok","msg":"北京-北京","gid":"63052","time_insert":"2021-05-20 14:22"}
2024-08-25 01:34:55 查询号码 【1381020】，GSD为【"北京-北京"】

2024-08-25 01:34:56 开始第 1022 次操作

2024-08-25 01:34:56 开始操作号码 【1381021】
2024-08-25 01:35:04 GSD getOne 第 1 次 等待 3 秒
2024-08-25 01:35:07 查询号码 【1381021】，返回信息 {"status":"ok","msg":"北京-北京","gid":"63056","time_insert":"2021-05-20 14:24"}
2024-08-25 01:35:08 查询号码 【1381021】，GSD为【"北京-北京"】

2024-08-25 01:35:09 开始第 1023 次操作

2024-08-25 01:35:09 开始操作号码 【1381022】
2024-08-25 01:35:17 GSD getOne 第 1 次 等待 3 秒
2024-08-25 01:35:20 查询号码 【1381022】，返回信息 {"status":"ok","msg":"北京-北京","gid":"63057","time_insert":"2021-05-20 14:26"}
2024-08-25 01:35:20 查询号码 【1381022】，GSD为【"北京-北京"】

2024-08-25 01:35:21 开始第 1024 次操作

2024-08-25 01:35:21 开始操作号码 【1381023】
2024-08-25 01:35:29 GSD getOne 第 1 次 等待 3 秒
2024-08-25 01:35:32 查询号码 【1381023】，返回信息 {"status":"ok","msg":"北京-北京","gid":"63058","time_insert":"2021-05-20 14:27"}
2024-08-25 01:35:32 查询号码 【1381023】，GSD为【"北京-北京"】

2024-08-25 02:16:15 开始第 1025 次操作

2024-08-25 02:16:15 开始操作号码 【1381024】
2024-08-25 02:16:23 GSD getOne 第 1 次 等待 3 秒
2024-08-25 02:16:26 查询号码 【1381024】，返回信息 {"status":"ok","msg":"北京-北京","gid":"63060","time_insert":"2021-05-20 14:28"}
2024-08-25 02:16:26 查询号码 【1381024】，GSD为【"北京-北京"】

2024-08-25 02:16:27 开始第 1026 次操作

2024-08-25 02:16:27 开始操作号码 【1381025】
2024-08-25 02:16:35 GSD getOne 第 1 次 等待 3 秒
2024-08-25 02:16:38 查询号码 【1381025】，返回信息 {"status":"ok","msg":"北京-北京","gid":"63062","time_insert":"2021-05-20 14:29"}
2024-08-25 02:16:38 查询号码 【1381025】，GSD为【"北京-北京"】

2024-08-25 02:16:39 开始第 1027 次操作

2024-08-25 02:16:39 开始操作号码 【1381026】
2024-08-25 02:16:46 GSD getOne 第 1 次 等待 3 秒
2024-08-25 02:16:49 查询号码 【1381026】，返回信息 {"status":"ok","msg":"北京-北京","gid":"63063","time_insert":"2021-05-20 14:30"}
2024-08-25 02:16:50 查询号码 【1381026】，GSD为【"北京-北京"】

2024-08-25 02:16:51 开始第 1028 次操作

2024-08-25 02:16:51 开始操作号码 【1381027】
2024-08-25 02:16:58 GSD getOne 第 1 次 等待 3 秒
2024-08-25 02:17:01 查询号码 【1381027】，返回信息 {"status":"ok","msg":"北京-北京","gid":"63065","time_insert":"2021-05-20 14:31"}
2024-08-25 02:17:01 查询号码 【1381027】，GSD为【"北京-北京"】

