2023-11-29 00:22:47 开始第 385 次操作

2023-11-29 00:22:47 开始操作号码 【1820287】
2023-11-29 00:22:56 GSD getOne 第 1 次 等待 3 秒
2023-11-29 00:22:59 查询号码 【1820287】，返回信息 {"status":"ok","msg":"四川-成都","gid":"34643","time_insert":"2017-07-01 00:00","time_update":"2020-11-05 23:35"}
2023-11-29 00:22:59 查询号码 【1820287】，GSD为【"四川-成都"】

2023-11-29 00:23:00 开始第 386 次操作

2023-11-29 00:23:00 开始操作号码 【1820288】
2023-11-29 00:23:05 GSD getOne 第 1 次 等待 3 秒
2023-11-29 00:23:08 查询号码 【1820288】，返回信息 {"status":"ok","msg":"四川-成都","gid":"34644","time_insert":"2016-09-12 10:17","time_update":"2020-11-05 23:39"}
2023-11-29 00:23:08 查询号码 【1820288】，GSD为【"四川-成都"】

2023-11-29 00:23:09 开始第 387 次操作

2023-11-29 00:23:09 开始操作号码 【1820289】
2023-11-29 00:23:13 GSD getOne 第 1 次 等待 3 秒
2023-11-29 00:23:16 查询号码 【1820289】，返回信息 {"status":"ok","msg":"四川-成都","gid":"34645","time_insert":"2019-02-26 22:00","time_update":"2020-11-05 23:43"}
2023-11-29 00:23:16 查询号码 【1820289】，GSD为【"四川-成都"】

2023-11-29 00:23:17 开始第 388 次操作

2023-11-29 00:23:17 开始操作号码 【1820290】
2023-11-29 00:23:21 GSD getOne 第 1 次 等待 3 秒
2023-11-29 00:23:24 查询号码 【1820290】，返回信息 {"status":"ok","msg":"陕西-西安","gid":"278605","time_insert":"2021-07-15 00:26"}
2023-11-29 00:23:24 查询号码 【1820290】，GSD为【"陕西-西安"】

2023-11-29 00:41:37 开始第 389 次操作

2023-11-29 00:41:37 开始操作号码 【1820291】
2023-11-29 00:41:40 GSD getOne 第 1 次 等待 3 秒
2023-11-29 00:41:43 查询号码 【1820291】，返回信息 {"status":"ok","msg":"陕西-西安","gid":"278628","time_insert":"2021-07-15 00:38"}
2023-11-29 00:41:43 查询号码 【1820291】，GSD为【"陕西-西安"】

2023-11-29 00:41:44 开始第 390 次操作

2023-11-29 00:41:44 开始操作号码 【1820292】
2023-11-29 00:41:47 GSD getOne 第 1 次 等待 3 秒
2023-11-29 00:41:50 查询号码 【1820292】，返回信息 {"status":"ok","msg":"陕西-西安","gid":"34646","time_insert":"2018-01-22 13:59","time_update":"2020-12-08 16:33"}
2023-11-29 00:41:50 查询号码 【1820292】，GSD为【"陕西-西安"】

2023-11-29 00:41:52 开始第 391 次操作

2023-11-29 00:41:52 开始操作号码 【1820293】
2023-11-29 00:41:56 GSD getOne 第 1 次 等待 3 秒
2023-11-29 00:41:59 查询号码 【1820293】，返回信息 {"status":"ok","msg":"陕西-西安","gid":"278651","time_insert":"2021-07-15 00:50"}
2023-11-29 00:41:59 查询号码 【1820293】，GSD为【"陕西-西安"】

2023-11-29 00:42:00 开始第 392 次操作

2023-11-29 00:42:00 开始操作号码 【1820294】
2023-11-29 00:42:04 GSD getOne 第 1 次 等待 3 秒
2023-11-29 00:42:07 查询号码 【1820294】，返回信息 {"status":"ok","msg":"陕西-西安","gid":"278696","time_insert":"2021-07-15 01:03"}
2023-11-29 00:42:07 查询号码 【1820294】，GSD为【"陕西-西安"】

2023-11-29 01:14:41 开始第 393 次操作

2023-11-29 01:14:41 开始操作号码 【1820295】
2023-11-29 01:14:45 GSD getOne 第 1 次 等待 3 秒
2023-11-29 01:14:48 查询号码 【1820295】，返回信息 {"status":"ok","msg":"陕西-西安","gid":"278868","time_insert":"2021-07-15 01:14"}
2023-11-29 01:14:48 查询号码 【1820295】，GSD为【"陕西-西安"】

2023-11-29 01:14:49 开始第 394 次操作

2023-11-29 01:14:49 开始操作号码 【1820296】
2023-11-29 01:14:52 GSD getOne 第 1 次 等待 3 秒
2023-11-29 01:14:55 查询号码 【1820296】，返回信息 {"status":"ok","msg":"陕西-西安","gid":"278957","time_insert":"2021-07-15 01:29"}
2023-11-29 01:14:55 查询号码 【1820296】，GSD为【"陕西-西安"】

2023-11-29 01:14:56 开始第 395 次操作

2023-11-29 01:14:56 开始操作号码 【1820297】
2023-11-29 01:14:59 GSD getOne 第 1 次 等待 3 秒
2023-11-29 01:15:02 查询号码 【1820297】，返回信息 {"status":"ok","msg":"陕西-西安","gid":"279007","time_insert":"2021-07-15 01:44"}
2023-11-29 01:15:03 查询号码 【1820297】，GSD为【"陕西-西安"】

2023-11-29 01:15:04 开始第 396 次操作

2023-11-29 01:15:04 开始操作号码 【1820298】
2023-11-29 01:15:07 GSD getOne 第 1 次 等待 3 秒
2023-11-29 01:15:10 查询号码 【1820298】，返回信息 {"status":"ok","msg":"陕西-西安","gid":"279241","time_insert":"2021-07-15 01:59"}
2023-11-29 01:15:10 查询号码 【1820298】，GSD为【"陕西-西安"】

2023-11-29 01:37:27 开始第 397 次操作

2023-11-29 01:37:27 开始操作号码 【1820299】
2023-11-29 01:37:32 GSD getOne 第 1 次 等待 3 秒
2023-11-29 01:37:35 查询号码 【1820299】，返回信息 {"status":"ok","msg":"陕西-西安","gid":"279309","time_insert":"2021-07-15 02:09"}
2023-11-29 01:37:35 查询号码 【1820299】，GSD为【"陕西-西安"】

2023-11-29 01:37:36 开始第 398 次操作

2023-11-29 01:37:36 开始操作号码 【1820300】
2023-11-29 01:37:40 GSD getOne 第 1 次 等待 3 秒
2023-11-29 01:37:43 查询号码 【1820300】，返回信息 {"status":"ok","msg":"重庆-重庆","gid":"34647","time_insert":"2014-06-09 12:20","time_update":"2021-01-15 23:34"}
2023-11-29 01:37:43 查询号码 【1820300】，GSD为【"重庆-重庆"】

2023-11-29 01:37:44 开始第 399 次操作

2023-11-29 01:37:44 开始操作号码 【1820301】
2023-11-29 01:37:47 GSD getOne 第 1 次 等待 3 秒
2023-11-29 01:37:50 查询号码 【1820301】，返回信息 {"status":"ok","msg":"重庆-重庆","gid":"34648","time_insert":"2019-04-28 09:37","time_update":"2021-01-15 23:39"}
2023-11-29 01:37:50 查询号码 【1820301】，GSD为【"重庆-重庆"】

2023-11-29 01:37:52 开始第 400 次操作

2023-11-29 01:37:52 开始操作号码 【1820302】
2023-11-29 01:37:56 GSD getOne 第 1 次 等待 3 秒
2023-11-29 01:37:59 查询号码 【1820302】，返回信息 {"status":"ok","msg":"重庆-重庆","gid":"34649","time_insert":"2017-03-22 00:40","time_update":"2021-01-15 23:44"}
2023-11-29 01:37:59 查询号码 【1820302】，GSD为【"重庆-重庆"】

2023-11-29 02:21:29 开始第 401 次操作

2023-11-29 02:21:29 开始操作号码 【1820303】
2023-11-29 02:21:33 GSD getOne 第 1 次 等待 3 秒
2023-11-29 02:21:36 查询号码 【1820303】，返回信息 {"status":"ok","msg":"重庆-重庆","gid":"34650","time_insert":"2019-08-18 10:28","time_update":"2021-01-15 23:51"}
2023-11-29 02:21:36 查询号码 【1820303】，GSD为【"重庆-重庆"】

2023-11-29 02:21:37 开始第 402 次操作

2023-11-29 02:21:37 开始操作号码 【1820304】
2023-11-29 02:21:40 GSD getOne 第 1 次 等待 3 秒
2023-11-29 02:21:43 查询号码 【1820304】，返回信息 {"status":"ok","msg":"重庆-重庆","gid":"34651","time_insert":"2017-11-13 16:37","time_update":"2021-01-15 23:58"}
2023-11-29 02:21:43 查询号码 【1820304】，GSD为【"重庆-重庆"】

2023-11-29 02:21:44 开始第 403 次操作

2023-11-29 02:21:44 开始操作号码 【1820305】
2023-11-29 02:21:47 GSD getOne 第 1 次 等待 3 秒
2023-11-29 02:21:50 查询号码 【1820305】，返回信息 {"status":"ok","msg":"重庆-重庆","gid":"34652","time_insert":"2017-08-07 15:29","time_update":"2021-01-16 00:00"}
2023-11-29 02:21:51 查询号码 【1820305】，GSD为【"重庆-重庆"】

2023-11-29 02:21:52 开始第 404 次操作

2023-11-29 02:21:52 开始操作号码 【1820306】
2023-11-29 02:21:56 GSD getOne 第 1 次 等待 3 秒
2023-11-29 02:21:59 查询号码 【1820306】，返回信息 {"status":"ok","msg":"重庆-重庆","gid":"34653","time_insert":"2017-04-24 09:47","time_update":"2021-01-16 00:06"}
2023-11-29 02:21:59 查询号码 【1820306】，GSD为【"重庆-重庆"】

2023-11-29 02:39:07 开始第 405 次操作

2023-11-29 02:39:07 开始操作号码 【1820307】
2023-11-29 02:39:10 GSD getOne 第 1 次 等待 3 秒
2023-11-29 02:39:13 查询号码 【1820307】，返回信息 {"status":"ok","msg":"重庆-重庆","gid":"34654","time_insert":"2014-08-07 11:41","time_update":"2021-01-16 00:12"}
2023-11-29 02:39:14 查询号码 【1820307】，GSD为【"重庆-重庆"】

2023-11-29 02:39:15 开始第 406 次操作

2023-11-29 02:39:15 开始操作号码 【1820308】
2023-11-29 02:39:18 GSD getOne 第 1 次 等待 3 秒
2023-11-29 02:39:21 查询号码 【1820308】，返回信息 {"status":"ok","msg":"重庆-重庆","gid":"34655","time_insert":"2018-09-20 22:22","time_update":"2021-01-16 00:18"}
2023-11-29 02:39:21 查询号码 【1820308】，GSD为【"重庆-重庆"】

2023-11-29 02:39:22 开始第 407 次操作

2023-11-29 02:39:22 开始操作号码 【1820309】
2023-11-29 02:39:27 GSD getOne 第 1 次 等待 3 秒
2023-11-29 02:39:30 查询号码 【1820309】，返回信息 {"status":"ok","msg":"重庆-重庆","gid":"34656","time_insert":"2017-04-12 08:25","time_update":"2021-01-16 00:27"}
2023-11-29 02:39:30 查询号码 【1820309】，GSD为【"重庆-重庆"】

2023-11-29 02:39:31 开始第 408 次操作

2023-11-29 02:39:31 开始操作号码 【1820310】
2023-11-29 02:39:35 GSD getOne 第 1 次 等待 3 秒
2023-11-29 02:39:38 查询号码 【1820310】，返回信息 {"status":"ok","msg":"河北-邯郸","gid":"279373","time_insert":"2021-07-15 02:43"}
2023-11-29 02:39:38 查询号码 【1820310】，GSD为【"河北-邯郸"】

2023-11-29 03:13:19 开始第 409 次操作

2023-11-29 03:13:19 开始操作号码 【1820311】
2023-11-29 03:13:23 GSD getOne 第 1 次 等待 3 秒
2023-11-29 03:13:26 查询号码 【1820311】，返回信息 {"status":"ok","msg":"河北-石家庄","gid":"279530","time_insert":"2021-07-15 02:56"}
2023-11-29 03:13:26 查询号码 【1820311】，GSD为【"河北-石家庄"】

2023-11-29 03:13:27 开始第 410 次操作

2023-11-29 03:13:27 开始操作号码 【1820312】
2023-11-29 03:13:31 GSD getOne 第 1 次 等待 3 秒
2023-11-29 03:13:34 查询号码 【1820312】，返回信息 {"status":"ok","msg":"河北-保定","gid":"279644","time_insert":"2021-07-15 03:10"}
2023-11-29 03:13:34 查询号码 【1820312】，GSD为【"河北-保定"】

2023-11-29 03:13:35 开始第 411 次操作

2023-11-29 03:13:35 开始操作号码 【1820313】
2023-11-29 03:13:38 GSD getOne 第 1 次 等待 3 秒
2023-11-29 03:13:41 查询号码 【1820313】，返回信息 {"status":"ok","msg":"河北-张家口","gid":"279681","time_insert":"2021-07-15 03:22"}
2023-11-29 03:13:41 查询号码 【1820313】，GSD为【"河北-张家口"】

2023-11-29 03:13:42 开始第 412 次操作

2023-11-29 03:13:42 开始操作号码 【1820314】
2023-11-29 03:13:46 GSD getOne 第 1 次 等待 3 秒
2023-11-29 03:13:49 查询号码 【1820314】，返回信息 {"status":"ok","msg":"河北-承德","gid":"279702","time_insert":"2021-07-15 03:32"}
2023-11-29 03:13:49 查询号码 【1820314】，GSD为【"河北-承德"】

2023-11-29 03:37:14 开始第 413 次操作

2023-11-29 03:37:14 开始操作号码 【1820315】
2023-11-29 03:37:18 GSD getOne 第 1 次 等待 3 秒
2023-11-29 03:37:21 查询号码 【1820315】，返回信息 {"status":"ok","msg":"河北-唐山","gid":"279874","time_insert":"2021-07-15 03:45","time_update":"2021-08-01 06:09"}
2023-11-29 03:37:21 查询号码 【1820315】，GSD为【"河北-唐山"】

2023-11-29 03:37:22 开始第 414 次操作

2023-11-29 03:37:22 开始操作号码 【1820316】
2023-11-29 03:37:26 GSD getOne 第 1 次 等待 3 秒
2023-11-29 03:37:29 查询号码 【1820316】，返回信息 {"status":"ok","msg":"河北-廊坊","gid":"279989","time_insert":"2021-07-15 04:00"}
2023-11-29 03:37:30 查询号码 【1820316】，GSD为【"河北-廊坊"】

2023-11-29 03:37:31 开始第 415 次操作

2023-11-29 03:37:31 开始操作号码 【1820317】
2023-11-29 03:37:34 GSD getOne 第 1 次 等待 3 秒
2023-11-29 03:37:37 查询号码 【1820317】，返回信息 {"status":"ok","msg":"河北-沧州","gid":"280013","time_insert":"2021-07-15 04:13"}
2023-11-29 03:37:37 查询号码 【1820317】，GSD为【"河北-沧州"】

2023-11-29 03:37:38 开始第 416 次操作

2023-11-29 03:37:38 开始操作号码 【1820318】
2023-11-29 03:37:42 GSD getOne 第 1 次 等待 3 秒
2023-11-29 03:37:45 查询号码 【1820318】，返回信息 {"status":"ok","msg":"河北-衡水","gid":"50544","time_insert":"2021-04-21 16:40"}
2023-11-29 03:37:45 查询号码 【1820318】，GSD为【"河北-衡水"】

2023-11-29 04:17:54 开始第 417 次操作

2023-11-29 04:17:54 开始操作号码 【1820319】
2023-11-29 04:17:59 GSD getOne 第 1 次 等待 3 秒
2023-11-29 04:18:02 查询号码 【1820319】，返回信息 {"status":"ok","msg":"河北-邢台","gid":"280040","time_insert":"2021-07-15 04:28"}
2023-11-29 04:18:02 查询号码 【1820319】，GSD为【"河北-邢台"】

2023-11-29 04:18:03 开始第 418 次操作

2023-11-29 04:18:03 开始操作号码 【1820320】
2023-11-29 04:18:07 GSD getOne 第 1 次 等待 3 秒
2023-11-29 04:18:10 查询号码 【1820320】，返回信息 {"status":"ok","msg":"河北-石家庄","gid":"280172","time_insert":"2021-07-15 04:43"}
2023-11-29 04:18:10 查询号码 【1820320】，GSD为【"河北-石家庄"】

2023-11-29 04:18:11 开始第 419 次操作

2023-11-29 04:18:11 开始操作号码 【1820321】
2023-11-29 04:18:15 GSD getOne 第 1 次 等待 3 秒
2023-11-29 04:18:18 查询号码 【1820321】，返回信息 {"status":"ok","msg":"河北-石家庄","gid":"280333","time_insert":"2021-07-15 04:56"}
2023-11-29 04:18:18 查询号码 【1820321】，GSD为【"河北-石家庄"】

2023-11-29 04:18:19 开始第 420 次操作

2023-11-29 04:18:19 开始操作号码 【1820322】
2023-11-29 04:18:23 GSD getOne 第 1 次 等待 3 秒
2023-11-29 04:18:26 查询号码 【1820322】，返回信息 {"status":"ok","msg":"河北-石家庄","gid":"280382","time_insert":"2021-07-15 05:09"}
2023-11-29 04:18:26 查询号码 【1820322】，GSD为【"河北-石家庄"】

2023-11-29 04:37:37 开始第 421 次操作

2023-11-29 04:37:37 开始操作号码 【1820323】
2023-11-29 04:37:41 GSD getOne 第 1 次 等待 3 秒
2023-11-29 04:37:44 查询号码 【1820323】，返回信息 {"status":"ok","msg":"河北-石家庄","gid":"280406","time_insert":"2021-07-15 05:22"}
2023-11-29 04:37:44 查询号码 【1820323】，GSD为【"河北-石家庄"】

2023-11-29 04:37:45 开始第 422 次操作

2023-11-29 04:37:45 开始操作号码 【1820324】
2023-11-29 04:37:48 GSD getOne 第 1 次 等待 3 秒
2023-11-29 04:37:51 查询号码 【1820324】，返回信息 {"status":"ok","msg":"河北-承德","gid":"280438","time_insert":"2021-07-15 05:37"}
2023-11-29 04:37:51 查询号码 【1820324】，GSD为【"河北-承德"】

2023-11-29 04:37:52 开始第 423 次操作

2023-11-29 04:37:52 开始操作号码 【1820325】
2023-11-29 04:37:56 GSD getOne 第 1 次 等待 3 秒
2023-11-29 04:37:59 查询号码 【1820325】，返回信息 {"status":"ok","msg":"河北-唐山","gid":"280637","time_insert":"2021-07-15 05:52"}
2023-11-29 04:37:59 查询号码 【1820325】，GSD为【"河北-唐山"】

2023-11-29 04:38:00 开始第 424 次操作

2023-11-29 04:38:00 开始操作号码 【1820326】
2023-11-29 04:38:03 GSD getOne 第 1 次 等待 3 秒
2023-11-29 04:38:06 查询号码 【1820326】，返回信息 {"status":"ok","msg":"河北-廊坊","gid":"280691","time_insert":"2021-07-15 06:04"}
2023-11-29 04:38:06 查询号码 【1820326】，GSD为【"河北-廊坊"】

2023-11-29 05:14:39 开始第 425 次操作

2023-11-29 05:14:39 开始操作号码 【1820327】
2023-11-29 05:14:42 GSD getOne 第 1 次 等待 3 秒
2023-11-29 05:14:45 查询号码 【1820327】，返回信息 {"status":"ok","msg":"河北-沧州","gid":"280712","time_insert":"2021-07-15 06:15"}
2023-11-29 05:14:45 查询号码 【1820327】，GSD为【"河北-沧州"】

2023-11-29 05:14:46 开始第 426 次操作

2023-11-29 05:14:46 开始操作号码 【1820328】
2023-11-29 05:14:51 GSD getOne 第 1 次 等待 3 秒
2023-11-29 05:14:54 查询号码 【1820328】，返回信息 {"status":"ok","msg":"河北-衡水","gid":"280733","time_insert":"2021-07-15 06:25"}
2023-11-29 05:14:54 查询号码 【1820328】，GSD为【"河北-衡水"】

2023-11-29 05:14:55 开始第 427 次操作

2023-11-29 05:14:55 开始操作号码 【1820329】
2023-11-29 05:14:59 GSD getOne 第 1 次 等待 3 秒
2023-11-29 05:15:02 查询号码 【1820329】，返回信息 {"status":"ok","msg":"河北-邢台","gid":"280752","time_insert":"2021-07-15 06:35"}
2023-11-29 05:15:02 查询号码 【1820329】，GSD为【"河北-邢台"】

2023-11-29 05:15:03 开始第 428 次操作

2023-11-29 05:15:03 开始操作号码 【1820330】
2023-11-29 05:15:06 GSD getOne 第 1 次 等待 3 秒
2023-11-29 05:15:09 查询号码 【1820330】，返回信息 {"status":"ok","msg":"河北-沧州","gid":"280920","time_insert":"2021-07-15 06:46"}
2023-11-29 05:15:09 查询号码 【1820330】，GSD为【"河北-沧州"】

2023-11-29 05:37:29 开始第 429 次操作

2023-11-29 05:37:29 开始操作号码 【1820331】
2023-11-29 05:37:33 GSD getOne 第 1 次 等待 3 秒
2023-11-29 05:37:36 查询号码 【1820331】，返回信息 {"status":"ok","msg":"河北-石家庄","gid":"281056","time_insert":"2021-07-15 06:59"}
2023-11-29 05:37:36 查询号码 【1820331】，GSD为【"河北-石家庄"】

2023-11-29 05:37:37 开始第 430 次操作

2023-11-29 05:37:37 开始操作号码 【1820332】
2023-11-29 05:37:40 GSD getOne 第 1 次 等待 3 秒
2023-11-29 05:37:43 查询号码 【1820332】，返回信息 {"status":"ok","msg":"河北-保定","gid":"281084","time_insert":"2021-07-15 07:10"}
2023-11-29 05:37:43 查询号码 【1820332】，GSD为【"河北-保定"】

2023-11-29 05:37:44 开始第 431 次操作

2023-11-29 05:37:44 开始操作号码 【1820333】
2023-11-29 05:37:48 GSD getOne 第 1 次 等待 3 秒
2023-11-29 05:37:51 查询号码 【1820333】，返回信息 {"status":"ok","msg":"河北-衡水","gid":"281112","time_insert":"2021-07-15 07:25"}
2023-11-29 05:37:51 查询号码 【1820333】，GSD为【"河北-衡水"】

2023-11-29 05:37:52 开始第 432 次操作

2023-11-29 05:37:52 开始操作号码 【1820334】
2023-11-29 05:37:56 GSD getOne 第 1 次 等待 3 秒
2023-11-29 05:37:59 查询号码 【1820334】，返回信息 {"status":"ok","msg":"河北-衡水","gid":"281209","time_insert":"2021-07-15 07:40"}
2023-11-29 05:37:59 查询号码 【1820334】，GSD为【"河北-衡水"】

2023-11-29 06:15:35 开始第 433 次操作

2023-11-29 06:15:35 开始操作号码 【1820335】
2023-11-29 06:15:39 GSD getOne 第 1 次 等待 3 秒
2023-11-29 06:15:42 查询号码 【1820335】，返回信息 {"status":"ok","msg":"河北-秦皇岛","gid":"281403","time_insert":"2021-07-15 07:54"}
2023-11-29 06:15:42 查询号码 【1820335】，GSD为【"河北-秦皇岛"】

2023-11-29 06:15:43 开始第 434 次操作

2023-11-29 06:15:43 开始操作号码 【1820336】
2023-11-29 06:15:46 GSD getOne 第 1 次 等待 3 秒
2023-11-29 06:15:49 查询号码 【1820336】，返回信息 {"status":"ok","msg":"河北-廊坊","gid":"281459","time_insert":"2021-07-15 08:09"}
2023-11-29 06:15:50 查询号码 【1820336】，GSD为【"河北-廊坊"】

2023-11-29 06:15:51 开始第 435 次操作

2023-11-29 06:15:51 开始操作号码 【1820337】
2023-11-29 06:15:54 GSD getOne 第 1 次 等待 3 秒
2023-11-29 06:15:57 查询号码 【1820337】，返回信息 {"status":"ok","msg":"河北-沧州","gid":"281485","time_insert":"2021-07-15 08:25"}
2023-11-29 06:15:57 查询号码 【1820337】，GSD为【"河北-沧州"】

2023-11-29 06:15:58 开始第 436 次操作

2023-11-29 06:15:58 开始操作号码 【1820338】
2023-11-29 06:16:02 GSD getOne 第 1 次 等待 3 秒
2023-11-29 06:16:05 查询号码 【1820338】，返回信息 {"status":"ok","msg":"河北-衡水","gid":"281512","time_insert":"2021-07-15 08:40"}
2023-11-29 06:16:05 查询号码 【1820338】，GSD为【"河北-衡水"】

2023-11-29 06:37:20 开始第 437 次操作

2023-11-29 06:37:20 开始操作号码 【1820339】
2023-11-29 06:37:25 GSD getOne 第 1 次 等待 3 秒
2023-11-29 06:37:28 查询号码 【1820339】，返回信息 {"status":"ok","msg":"河北-沧州","gid":"281529","time_insert":"2021-07-15 08:50"}
2023-11-29 06:37:28 查询号码 【1820339】，GSD为【"河北-沧州"】

2023-11-29 06:37:29 开始第 438 次操作

2023-11-29 06:37:29 开始操作号码 【1820340】
2023-11-29 06:37:32 GSD getOne 第 1 次 等待 3 秒
2023-11-29 06:37:35 查询号码 【1820340】，返回信息 {"status":"ok","msg":"山西-忻州","gid":"281547","time_insert":"2021-07-15 09:03"}
2023-11-29 06:37:35 查询号码 【1820340】，GSD为【"山西-忻州"】

2023-11-29 06:37:36 开始第 439 次操作

2023-11-29 06:37:36 开始操作号码 【1820341】
2023-11-29 06:37:41 GSD getOne 第 1 次 等待 3 秒
2023-11-29 06:37:44 查询号码 【1820341】，返回信息 {"status":"ok","msg":"山西-太原","gid":"281567","time_insert":"2021-07-15 09:14"}
2023-11-29 06:37:44 查询号码 【1820341】，GSD为【"山西-太原"】

2023-11-29 06:37:45 开始第 440 次操作

2023-11-29 06:37:45 开始操作号码 【1820342】
2023-11-29 06:37:49 GSD getOne 第 1 次 等待 3 秒
2023-11-29 06:37:52 查询号码 【1820342】，返回信息 {"status":"ok","msg":"山西-大同","gid":"281582","time_insert":"2021-07-15 09:24"}
2023-11-29 06:37:52 查询号码 【1820342】，GSD为【"山西-大同"】

2023-11-29 07:16:13 开始第 441 次操作

2023-11-29 07:16:13 开始操作号码 【1820343】
2023-11-29 07:16:18 GSD getOne 第 1 次 等待 3 秒
2023-11-29 07:16:21 查询号码 【1820343】，返回信息 {"status":"ok","msg":"山西-阳泉","gid":"281604","time_insert":"2021-07-15 09:35"}
2023-11-29 07:16:21 查询号码 【1820343】，GSD为【"山西-阳泉"】

2023-11-29 07:16:22 开始第 442 次操作

2023-11-29 07:16:22 开始操作号码 【1820344】
2023-11-29 07:16:25 GSD getOne 第 1 次 等待 3 秒
2023-11-29 07:16:28 查询号码 【1820344】，返回信息 {"status":"ok","msg":"山西-晋中","gid":"281736","time_insert":"2021-07-15 09:45"}
2023-11-29 07:16:28 查询号码 【1820344】，GSD为【"山西-晋中"】

2023-11-29 07:16:29 开始第 443 次操作

2023-11-29 07:16:29 开始操作号码 【1820345】
2023-11-29 07:16:33 GSD getOne 第 1 次 等待 3 秒
2023-11-29 07:16:36 查询号码 【1820345】，返回信息 {"status":"ok","msg":"山西-长治","gid":"281869","time_insert":"2021-07-15 09:56"}
2023-11-29 07:16:36 查询号码 【1820345】，GSD为【"山西-长治"】

2023-11-29 07:16:37 开始第 444 次操作

2023-11-29 07:16:37 开始操作号码 【1820346】
2023-11-29 07:16:40 GSD getOne 第 1 次 等待 3 秒
2023-11-29 07:16:43 查询号码 【1820346】，返回信息 {"status":"ok","msg":"山西-晋城","gid":"281909","time_insert":"2021-07-15 10:11"}
2023-11-29 07:16:43 查询号码 【1820346】，GSD为【"山西-晋城"】

2023-11-29 07:37:29 开始第 445 次操作

2023-11-29 07:37:29 开始操作号码 【1820347】
2023-11-29 07:37:33 GSD getOne 第 1 次 等待 3 秒
2023-11-29 07:37:36 查询号码 【1820347】，返回信息 {"status":"ok","msg":"山西-临汾","gid":"282022","time_insert":"2021-07-15 10:24"}
2023-11-29 07:37:36 查询号码 【1820347】，GSD为【"山西-临汾"】

2023-11-29 07:37:37 开始第 446 次操作

2023-11-29 07:37:37 开始操作号码 【1820348】
2023-11-29 07:37:41 GSD getOne 第 1 次 等待 3 秒
2023-11-29 07:37:44 查询号码 【1820348】，返回信息 {"status":"ok","msg":"山西-吕梁","gid":"34657","time_insert":"2019-11-15 11:24","time_update":"2020-08-20 09:08"}
2023-11-29 07:37:44 查询号码 【1820348】，GSD为【"山西-吕梁"】

2023-11-29 07:37:45 开始第 447 次操作

2023-11-29 07:37:45 开始操作号码 【1820349】
2023-11-29 07:37:49 GSD getOne 第 1 次 等待 3 秒
2023-11-29 07:37:52 查询号码 【1820349】，返回信息 {"status":"ok","msg":"山西-朔州","gid":"282264","time_insert":"2021-07-15 10:48"}
2023-11-29 07:37:52 查询号码 【1820349】，GSD为【"山西-朔州"】

2023-11-29 07:37:53 开始第 448 次操作

2023-11-29 07:37:53 开始操作号码 【1820350】
2023-11-29 07:37:57 GSD getOne 第 1 次 等待 3 秒
2023-11-29 07:38:00 查询号码 【1820350】，返回信息 {"status":"ok","msg":"山西-忻州","gid":"282607","time_insert":"2021-07-15 11:03"}
2023-11-29 07:38:00 查询号码 【1820350】，GSD为【"山西-忻州"】

2023-11-29 09:15:02 开始第 449 次操作

2023-11-29 09:15:02 开始操作号码 【1820351】
2023-11-29 09:15:06 GSD getOne 第 1 次 等待 3 秒
2023-11-29 09:15:09 查询号码 【1820351】，返回信息 {"status":"ok","msg":"山西-太原","gid":"282913","time_insert":"2021-07-15 11:18"}
2023-11-29 09:15:09 查询号码 【1820351】，GSD为【"山西-太原"】

2023-11-29 09:15:10 开始第 450 次操作

2023-11-29 09:15:10 开始操作号码 【1820352】
2023-11-29 09:15:14 GSD getOne 第 1 次 等待 3 秒
2023-11-29 09:15:17 查询号码 【1820352】，返回信息 {"status":"ok","msg":"山西-大同","gid":"283101","time_insert":"2021-07-15 11:31"}
2023-11-29 09:15:17 查询号码 【1820352】，GSD为【"山西-大同"】

2023-11-29 09:15:18 开始第 451 次操作

2023-11-29 09:15:18 开始操作号码 【1820353】
2023-11-29 09:15:21 GSD getOne 第 1 次 等待 3 秒
2023-11-29 09:15:24 查询号码 【1820353】，返回信息 {"status":"ok","msg":"山西-阳泉","gid":"283254","time_insert":"2021-07-15 11:46"}
2023-11-29 09:15:24 查询号码 【1820353】，GSD为【"山西-阳泉"】

2023-11-29 09:15:25 开始第 452 次操作

2023-11-29 09:15:25 开始操作号码 【1820354】
2023-11-29 09:15:29 GSD getOne 第 1 次 等待 3 秒
2023-11-29 09:15:32 查询号码 【1820354】，返回信息 {"status":"ok","msg":"山西-晋中","gid":"283476","time_insert":"2021-07-15 11:59"}
2023-11-29 09:15:32 查询号码 【1820354】，GSD为【"山西-晋中"】

2023-11-29 10:10:23 开始第 453 次操作

2023-11-29 10:10:23 开始操作号码 【1820355】
2023-11-29 10:10:27 GSD getOne 第 1 次 等待 3 秒
2023-11-29 10:10:30 查询号码 【1820355】，返回信息 {"status":"ok","msg":"山西-长治","gid":"283588","time_insert":"2021-07-15 12:14"}
2023-11-29 10:10:30 查询号码 【1820355】，GSD为【"山西-长治"】

2023-11-29 10:10:31 开始第 454 次操作

2023-11-29 10:10:31 开始操作号码 【1820356】
2023-11-29 10:10:34 GSD getOne 第 1 次 等待 3 秒
2023-11-29 10:10:37 查询号码 【1820356】，返回信息 {"status":"ok","msg":"山西-晋城","gid":"283628","time_insert":"2021-07-15 12:28"}
2023-11-29 10:10:37 查询号码 【1820356】，GSD为【"山西-晋城"】

2023-11-29 10:10:38 开始第 455 次操作

2023-11-29 10:10:38 开始操作号码 【1820357】
2023-11-29 10:10:45 GSD getOne 第 1 次 等待 3 秒
2023-11-29 10:10:48 查询号码 【1820357】，返回信息 {"status":"ok","msg":"山西-临汾","gid":"283649","time_insert":"2021-07-15 12:40"}
2023-11-29 10:10:48 查询号码 【1820357】，GSD为【"山西-临汾"】

2023-11-29 10:10:49 开始第 456 次操作

2023-11-29 10:10:49 开始操作号码 【1820358】
2023-11-29 10:10:54 GSD getOne 第 1 次 等待 3 秒
2023-11-29 10:10:57 查询号码 【1820358】，返回信息 {"status":"ok","msg":"山西-吕梁","gid":"34658","time_insert":"2018-01-12 13:57","time_update":"2020-08-20 09:12"}
2023-11-29 10:10:57 查询号码 【1820358】，GSD为【"山西-吕梁"】

2023-11-29 10:41:20 开始第 457 次操作

2023-11-29 10:41:20 开始操作号码 【1820359】
2023-11-29 10:41:27 GSD getOne 第 1 次 等待 3 秒
2023-11-29 10:41:30 查询号码 【1820359】，返回信息 {"status":"ok","msg":"山西-运城","gid":"283720","time_insert":"2021-07-15 12:52"}
2023-11-29 10:41:30 查询号码 【1820359】，GSD为【"山西-运城"】

2023-11-29 10:41:31 开始第 458 次操作

2023-11-29 10:41:31 开始操作号码 【1820360】
2023-11-29 10:41:37 GSD getOne 第 1 次 等待 3 秒
2023-11-29 10:41:40 查询号码 【1820360】，返回信息 {"status":"ok","msg":"河南-郑州","gid":"283917","time_insert":"2021-07-15 13:03"}
2023-11-29 10:41:40 查询号码 【1820360】，GSD为【"河南-郑州"】

2023-11-29 10:41:41 开始第 459 次操作

2023-11-29 10:41:41 开始操作号码 【1820361】
2023-11-29 10:41:47 GSD getOne 第 1 次 等待 3 秒
2023-11-29 10:41:50 查询号码 【1820361】，返回信息 {"status":"ok","msg":"河南-郑州","gid":"55516","time_insert":"2020-07-21 22:03"}
2023-11-29 10:41:50 查询号码 【1820361】，GSD为【"河南-郑州"】

2023-11-29 10:41:51 开始第 460 次操作

2023-11-29 10:41:51 开始操作号码 【1820362】
2023-11-29 10:41:58 GSD getOne 第 1 次 等待 3 秒
2023-11-29 10:42:01 查询号码 【1820362】，返回信息 {"status":"ok","msg":"河南-郑州","gid":"284024","time_insert":"2021-07-15 13:18"}
2023-11-29 10:42:01 查询号码 【1820362】，GSD为【"河南-郑州"】

