2023-10-18 00:21:27 开始第 3621 次操作

2023-10-18 00:21:27 开始操作号码 【1923531】
2023-10-18 00:21:30 GSD getOne 第 1 次 等待 3 秒
2023-10-18 00:21:33 查询号码 【1923531】，返回信息 {"status":"ok","msg":"山东-济南","gid":"630822","time_insert":"2023-04-02 23:36","time_update":"2023-06-29 10:10"}
2023-10-18 00:21:33 查询号码 【1923531】，GSD为【"山东-济南"】

2023-10-18 00:21:34 开始第 3622 次操作

2023-10-18 00:21:34 开始操作号码 【1923532】
2023-10-18 00:21:36 GSD getOne 第 1 次 等待 3 秒
2023-10-18 00:21:39 查询号码 【1923532】，返回信息 {"status":"ok","msg":"山东-青岛","gid":"630841","time_insert":"2023-04-02 23:52","time_update":"2023-06-29 10:33"}
2023-10-18 00:21:39 查询号码 【1923532】，GSD为【"山东-青岛"】

2023-10-18 00:21:40 开始第 3623 次操作

2023-10-18 00:21:40 开始操作号码 【1923533】
2023-10-18 00:21:42 GSD getOne 第 1 次 等待 3 秒
2023-10-18 00:21:46 查询号码 【1923533】，返回信息 {"status":"ok","msg":"山东-淄博","gid":"630864","time_insert":"2023-04-03 00:08","time_update":"2023-06-29 11:03"}
2023-10-18 00:21:46 查询号码 【1923533】，GSD为【"山东-淄博"】

2023-10-18 00:21:47 开始第 3624 次操作

2023-10-18 00:21:47 开始操作号码 【1923534】
2023-10-18 00:21:49 GSD getOne 第 1 次 等待 3 秒
2023-10-18 00:21:52 查询号码 【1923534】，返回信息 {"status":"ok","msg":"山东-德州","gid":"630884","time_insert":"2023-04-03 00:27","time_update":"2023-06-29 11:35"}
2023-10-18 00:21:52 查询号码 【1923534】，GSD为【"山东-德州"】

2023-10-18 00:40:28 开始第 3625 次操作

2023-10-18 00:40:28 开始操作号码 【1923535】
2023-10-18 00:40:44 GSD getOne 第 1 次 等待 3 秒
2023-10-18 00:40:47 查询号码 【1923535】，返回信息 {"status":"ok","msg":"山东-烟台","gid":"630908","time_insert":"2023-04-03 00:44","time_update":"2023-06-29 12:08"}
2023-10-18 00:40:47 查询号码 【1923535】，GSD为【"山东-烟台"】

2023-10-18 00:40:48 开始第 3626 次操作

2023-10-18 00:40:48 开始操作号码 【1923536】
2023-10-18 00:40:52 GSD getOne 第 1 次 等待 3 秒
2023-10-18 00:40:55 查询号码 【1923536】，返回信息 {"status":"ok","msg":"山东-潍坊","gid":"630941","time_insert":"2023-04-03 01:04","time_update":"2023-06-29 12:37"}
2023-10-18 00:40:55 查询号码 【1923536】，GSD为【"山东-潍坊"】

2023-10-18 00:40:56 开始第 3627 次操作

2023-10-18 00:40:56 开始操作号码 【1923537】
2023-10-18 00:40:59 GSD getOne 第 1 次 等待 3 秒
2023-10-18 00:41:02 查询号码 【1923537】，返回信息 {"status":"ok","msg":"山东-济宁","gid":"630969","time_insert":"2023-04-03 01:23","time_update":"2023-06-29 13:02"}
2023-10-18 00:41:02 查询号码 【1923537】，GSD为【"山东-济宁"】

2023-10-18 00:41:03 开始第 3628 次操作

2023-10-18 00:41:03 开始操作号码 【1923538】
2023-10-18 00:41:06 GSD getOne 第 1 次 等待 3 秒
2023-10-18 00:41:09 查询号码 【1923538】，返回信息 {"status":"ok","msg":"山东-泰安","gid":"630991","time_insert":"2023-04-03 01:40","time_update":"2023-06-29 13:31"}
2023-10-18 00:41:09 查询号码 【1923538】，GSD为【"山东-泰安"】

2023-10-18 01:14:20 开始第 3629 次操作

2023-10-18 01:14:20 开始操作号码 【1923539】
2023-10-18 01:14:30 GSD getOne 第 1 次 等待 3 秒
2023-10-18 01:14:33 查询号码 【1923539】，返回信息 {"status":"ok","msg":"山东-临沂","gid":"631020","time_insert":"2023-04-03 01:58","time_update":"2023-06-29 14:06"}
2023-10-18 01:14:33 查询号码 【1923539】，GSD为【"山东-临沂"】

2023-10-18 01:14:34 开始第 3630 次操作

2023-10-18 01:14:34 开始操作号码 【1923540】
2023-10-18 01:14:36 GSD getOne 第 1 次 等待 3 秒
2023-10-18 01:14:39 查询号码 【1923540】，返回信息 {"status":"ok","msg":"山东-济南","gid":"631043","time_insert":"2023-04-03 02:15","time_update":"2023-06-29 14:27"}
2023-10-18 01:14:39 查询号码 【1923540】，GSD为【"山东-济南"】

2023-10-18 01:14:40 开始第 3631 次操作

2023-10-18 01:14:40 开始操作号码 【1923541】
2023-10-18 01:14:43 GSD getOne 第 1 次 等待 3 秒
2023-10-18 01:14:46 查询号码 【1923541】，返回信息 {"status":"ok","msg":"山东-济南","gid":"631066","time_insert":"2023-04-03 02:32","time_update":"2023-06-29 14:54"}
2023-10-18 01:14:46 查询号码 【1923541】，GSD为【"山东-济南"】

2023-10-18 01:14:47 开始第 3632 次操作

2023-10-18 01:14:47 开始操作号码 【1923542】
2023-10-18 01:14:51 GSD getOne 第 1 次 等待 3 秒
2023-10-18 01:14:54 查询号码 【1923542】，返回信息 {"status":"ok","msg":"山东-青岛","gid":"631090","time_insert":"2023-04-03 02:49","time_update":"2023-06-29 14:55"}
2023-10-18 01:14:54 查询号码 【1923542】，GSD为【"山东-青岛"】

2023-10-18 01:37:18 开始第 3633 次操作

2023-10-18 01:37:18 开始操作号码 【1923543】
2023-10-18 01:37:21 GSD getOne 第 1 次 等待 3 秒
2023-10-18 01:37:24 查询号码 【1923543】，返回信息 {"status":"ok","msg":"山东-滨州","gid":"631114","time_insert":"2023-04-03 03:06","time_update":"2023-06-29 15:24"}
2023-10-18 01:37:24 查询号码 【1923543】，GSD为【"山东-滨州"】

2023-10-18 01:37:25 开始第 3634 次操作

2023-10-18 01:37:25 开始操作号码 【1923544】
2023-10-18 01:37:28 GSD getOne 第 1 次 等待 3 秒
2023-10-18 01:37:31 查询号码 【1923544】，返回信息 {"status":"ok","msg":"山东-青岛","gid":"631147","time_insert":"2023-04-03 03:25","time_update":"2023-06-29 15:48"}
2023-10-18 01:37:31 查询号码 【1923544】，GSD为【"山东-青岛"】

2023-10-18 01:37:32 开始第 3635 次操作

2023-10-18 01:37:32 开始操作号码 【1923545】
2023-10-18 01:37:34 GSD getOne 第 1 次 等待 3 秒
2023-10-18 01:37:37 查询号码 【1923545】，返回信息 {"status":"ok","msg":"山东-烟台","gid":"631170","time_insert":"2023-04-03 03:42","time_update":"2023-06-29 15:53"}
2023-10-18 01:37:37 查询号码 【1923545】，GSD为【"山东-烟台"】

2023-10-18 01:37:38 开始第 3636 次操作

2023-10-18 01:37:38 开始操作号码 【1923546】
2023-10-18 01:37:41 GSD getOne 第 1 次 等待 3 秒
2023-10-18 01:37:44 查询号码 【1923546】，返回信息 {"status":"ok","msg":"山东-东营","gid":"631192","time_insert":"2023-04-03 04:00","time_update":"2023-06-29 16:10"}
2023-10-18 01:37:44 查询号码 【1923546】，GSD为【"山东-东营"】

2023-10-18 02:22:03 开始第 3637 次操作

2023-10-18 02:22:03 开始操作号码 【1923547】
2023-10-18 02:22:06 GSD getOne 第 1 次 等待 3 秒
2023-10-18 02:22:09 查询号码 【1923547】，返回信息 {"status":"ok","msg":"山东-济宁","gid":"631207","time_insert":"2023-04-03 04:15","time_update":"2023-06-29 16:34"}
2023-10-18 02:22:09 查询号码 【1923547】，GSD为【"山东-济宁"】

2023-10-18 02:22:10 开始第 3638 次操作

2023-10-18 02:22:10 开始操作号码 【1923548】
2023-10-18 02:22:12 GSD getOne 第 1 次 等待 3 秒
2023-10-18 02:22:15 查询号码 【1923548】，返回信息 {"status":"ok","msg":"山东-济宁","gid":"631229","time_insert":"2023-04-03 04:36","time_update":"2023-06-29 17:00"}
2023-10-18 02:22:15 查询号码 【1923548】，GSD为【"山东-济宁"】

2023-10-18 02:22:16 开始第 3639 次操作

2023-10-18 02:22:16 开始操作号码 【1923549】
2023-10-18 02:22:18 GSD getOne 第 1 次 等待 3 秒
2023-10-18 02:22:21 查询号码 【1923549】，返回信息 {"status":"ok","msg":"山东-临沂","gid":"631250","time_insert":"2023-04-03 04:54","time_update":"2023-06-29 17:35"}
2023-10-18 02:22:21 查询号码 【1923549】，GSD为【"山东-临沂"】

2023-10-18 02:22:22 开始第 3640 次操作

2023-10-18 02:22:22 开始操作号码 【1923550】
2023-10-18 02:22:24 GSD getOne 第 1 次 等待 3 秒
2023-10-18 02:22:27 查询号码 【1923550】，返回信息 {"status":"ok","msg":"安徽-滁州","gid":"631269","time_insert":"2023-04-03 05:14","time_update":"2023-06-29 18:07"}
2023-10-18 02:22:27 查询号码 【1923550】，GSD为【"安徽-滁州"】

