2023-10-03 00:20:31 开始第 1177 次操作

2023-10-03 00:20:31 开始操作号码 【1921176】
2023-10-03 00:20:40 GSD getOne 第 1 次 等待 3 秒
2023-10-03 00:20:43 查询号码 【1921176】，返回信息 {"status":"ok","msg":"河南-郑州","gid":"561154","time_insert":"2023-02-28 15:45","time_update":"2023-06-04 19:22"}
2023-10-03 00:20:43 查询号码 【1921176】，GSD为【"河南-郑州"】

2023-10-03 00:20:44 开始第 1178 次操作

2023-10-03 00:20:44 开始操作号码 【1921177】
2023-10-03 00:20:47 GSD getOne 第 1 次 等待 3 秒
2023-10-03 00:20:50 查询号码 【1921177】，返回信息 {"status":"ok","msg":"河南-郑州","gid":"561192","time_insert":"2023-02-28 16:05","time_update":"2023-06-04 19:43"}
2023-10-03 00:20:50 查询号码 【1921177】，GSD为【"河南-郑州"】

2023-10-03 00:20:51 开始第 1179 次操作

2023-10-03 00:20:51 开始操作号码 【1921178】
2023-10-03 00:20:56 GSD getOne 第 1 次 等待 3 秒
2023-10-03 00:20:59 查询号码 【1921178】，返回信息 {"status":"ok","msg":"河南-郑州","gid":"561217","time_insert":"2023-02-28 16:21","time_update":"2023-06-02 17:23"}
2023-10-03 00:20:59 查询号码 【1921178】，GSD为【"河南-郑州"】

2023-10-03 00:21:00 开始第 1180 次操作

2023-10-03 00:21:00 开始操作号码 【1921179】
2023-10-03 00:21:07 GSD getOne 第 1 次 等待 3 秒
2023-10-03 00:21:10 查询号码 【1921179】，返回信息 {"status":"ok","msg":"河南-郑州","gid":"561240","time_insert":"2023-02-28 16:38","time_update":"2023-06-04 19:59"}
2023-10-03 00:21:10 查询号码 【1921179】，GSD为【"河南-郑州"】

