2024-11-20 00:13:13 开始第 5897 次操作

2024-11-20 00:13:13 开始操作号码 【1305896】
2024-11-20 00:13:14 GSD getOne 第 1 次 等待 3 秒
2024-11-20 00:13:17 查询号码 【1305896】，返回信息 {"status":"ok","msg":"浙江-金华","gid":"168477","time_insert":"2021-07-01 18:50"}
2024-11-20 00:13:17 查询号码 【1305896】，GSD为【"浙江-金华"】

2024-11-20 00:13:18 开始第 5898 次操作

2024-11-20 00:13:18 开始操作号码 【1305897】
2024-11-20 00:13:20 GSD getOne 第 1 次 等待 3 秒
2024-11-20 00:13:23 查询号码 【1305897】，返回信息 {"status":"ok","msg":"浙江-金华","gid":"168658","time_insert":"2021-07-01 19:10"}
2024-11-20 00:13:23 查询号码 【1305897】，GSD为【"浙江-金华"】

2024-11-20 00:13:24 开始第 5899 次操作

2024-11-20 00:13:24 开始操作号码 【1305898】
2024-11-20 00:13:25 GSD getOne 第 1 次 等待 3 秒
2024-11-20 00:13:28 查询号码 【1305898】，返回信息 {"status":"ok","msg":"浙江-金华","gid":"168693","time_insert":"2021-07-01 19:33"}
2024-11-20 00:13:28 查询号码 【1305898】，GSD为【"浙江-金华"】

2024-11-20 00:13:29 开始第 5900 次操作

2024-11-20 00:13:29 开始操作号码 【1305899】
2024-11-20 00:13:30 GSD getOne 第 1 次 等待 3 秒
2024-11-20 00:13:33 查询号码 【1305899】，返回信息 {"status":"ok","msg":"浙江-金华","gid":"168900","time_insert":"2021-07-01 19:51"}
2024-11-20 00:13:33 查询号码 【1305899】，GSD为【"浙江-金华"】

