2024-11-13 00:12:38 开始第 4669 次操作

2024-11-13 00:12:38 开始操作号码 【1304668】
2024-11-13 00:12:40 GSD getOne 第 1 次 等待 3 秒
2024-11-13 00:12:43 查询号码 【1304668】，返回信息 {"status":"ok","msg":"上海-上海","gid":"96845","time_insert":"2021-06-14 19:52"}
2024-11-13 00:12:43 查询号码 【1304668】，GSD为【"上海-上海"】

2024-11-13 00:12:44 开始第 4670 次操作

2024-11-13 00:12:44 开始操作号码 【1304669】
2024-11-13 00:12:45 GSD getOne 第 1 次 等待 3 秒
2024-11-13 00:12:48 查询号码 【1304669】，返回信息 {"status":"ok","msg":"上海-上海","gid":"96874","time_insert":"2021-06-14 20:17"}
2024-11-13 00:12:48 查询号码 【1304669】，GSD为【"上海-上海"】

2024-11-13 00:12:49 开始第 4671 次操作

2024-11-13 00:12:49 开始操作号码 【1304670】
2024-11-13 00:12:50 GSD getOne 第 1 次 等待 3 秒
2024-11-13 00:12:53 查询号码 【1304670】，返回信息 {"status":"ok","msg":"江苏-南通","gid":"96907","time_insert":"2021-06-14 20:46"}
2024-11-13 00:12:53 查询号码 【1304670】，GSD为【"江苏-南通"】

2024-11-13 00:12:54 开始第 4672 次操作

2024-11-13 00:12:54 开始操作号码 【1304671】
2024-11-13 00:12:55 GSD getOne 第 1 次 等待 3 秒
2024-11-13 00:12:58 查询号码 【1304671】，返回信息 {"status":"ok","msg":"江苏-南通","gid":"96940","time_insert":"2021-06-14 21:14"}
2024-11-13 00:12:58 查询号码 【1304671】，GSD为【"江苏-南通"】

