2024-06-30 00:21:23 开始第 3373 次操作

2024-06-30 00:21:23 开始操作号码 【1493265】
2024-06-30 00:21:37 GSD getOne 第 1 次 等待 3 秒
2024-06-30 00:21:40 查询号码 【1493265】，返回信息 {"status":"ok","msg":"-","gid":"290560","time_insert":"2021-07-16 05:46"}
2024-06-30 00:21:40 查询号码 【1493265】，GSD为【"-"】
2024-06-30 00:21:40 ok && -
2024-06-30 00:21:43 CHB 1493265?1719678100 第 1 次 等待 3 秒
2024-06-30 00:21:46 CHB 1493265?1719678100 第 1 次 获取到号码【1493265】GSD
2024-06-30 00:21:46 未获取到号码【1493265】GSD，可能号码格式错误
2024-06-30 00:21:46 获取到号码【1493265】的GSD为【-】
2024-06-30 00:21:59 GSD insert 第 1 次 等待 3 秒
2024-06-30 00:22:02 {"status":"bad","gid":"290560","msg":"添加失败！号码【1493265(-|-)】已存在！"}
2024-06-30 00:22:02 随机等待 185 秒，约 3 分钟
2024-06-30 00:22:02 下次操作: 2024-06-30 00:25:07

2024-06-30 00:25:07 开始第 3374 次操作

2024-06-30 00:25:07 开始操作号码 【1493266】
2024-06-30 00:25:21 GSD getOne 第 1 次 等待 3 秒
2024-06-30 00:25:24 查询号码 【1493266】，返回信息 {"status":"ok","msg":"-","gid":"290567","time_insert":"2021-07-16 05:47"}
2024-06-30 00:25:24 查询号码 【1493266】，GSD为【"-"】
2024-06-30 00:25:24 ok && -
2024-06-30 00:25:26 CHB 1493266?1719678324 第 1 次 等待 3 秒
2024-06-30 00:25:29 CHB 1493266?1719678324 第 1 次 获取到号码【1493266】GSD
2024-06-30 00:25:29 未获取到号码【1493266】GSD，可能号码格式错误
2024-06-30 00:25:29 获取到号码【1493266】的GSD为【-】
2024-06-30 00:25:43 GSD insert 第 1 次 等待 3 秒
2024-06-30 00:25:46 {"status":"bad","gid":"290567","msg":"添加失败！号码【1493266(-|-)】已存在！"}
2024-06-30 00:25:46 随机等待 92 秒，约 1 分钟
2024-06-30 00:25:46 下次操作: 2024-06-30 00:27:18

2024-06-30 00:27:18 开始第 3375 次操作

2024-06-30 00:27:18 开始操作号码 【1493267】
2024-06-30 00:27:31 GSD getOne 第 1 次 等待 3 秒
2024-06-30 00:27:34 查询号码 【1493267】，返回信息 {"status":"ok","msg":"-","gid":"290576","time_insert":"2021-07-16 05:48"}
2024-06-30 00:27:34 查询号码 【1493267】，GSD为【"-"】
2024-06-30 00:27:34 ok && -
2024-06-30 00:27:37 CHB 1493267?1719678454 第 1 次 等待 3 秒
2024-06-30 00:27:40 CHB 1493267?1719678454 第 1 次 获取到号码【1493267】GSD
2024-06-30 00:27:40 未获取到号码【1493267】GSD，可能号码格式错误
2024-06-30 00:27:40 获取到号码【1493267】的GSD为【-】
2024-06-30 00:27:55 GSD insert 第 1 次 等待 3 秒
2024-06-30 00:27:58 {"status":"bad","gid":"290576","msg":"添加失败！号码【1493267(-|-)】已存在！"}
2024-06-30 00:27:58 随机等待 103 秒，约 1 分钟
2024-06-30 00:27:58 下次操作: 2024-06-30 00:29:41

2024-06-30 00:29:41 开始第 3376 次操作

2024-06-30 00:29:41 开始操作号码 【1493268】
2024-06-30 00:29:57 GSD getOne 第 1 次 等待 3 秒
2024-06-30 00:30:00 查询号码 【1493268】，返回信息 {"status":"ok","msg":"-","gid":"290588","time_insert":"2021-07-16 05:48"}
2024-06-30 00:30:00 查询号码 【1493268】，GSD为【"-"】
2024-06-30 00:30:00 ok && -
2024-06-30 00:30:02 CHB 1493268?1719678600 第 1 次 等待 3 秒
2024-06-30 00:30:05 CHB 1493268?1719678600 第 1 次 获取到号码【1493268】GSD
2024-06-30 00:30:05 未获取到号码【1493268】GSD，可能号码格式错误
2024-06-30 00:30:05 获取到号码【1493268】的GSD为【-】
2024-06-30 00:30:22 GSD insert 第 1 次 等待 3 秒
2024-06-30 00:30:25 {"status":"bad","gid":"290588","msg":"添加失败！号码【1493268(-|-)】已存在！"}

2024-06-30 00:40:08 开始第 3377 次操作

2024-06-30 00:40:08 开始操作号码 【1493269】
2024-06-30 00:40:30 GSD getOne 第 1 次 等待 3 秒
2024-06-30 00:40:33 查询号码 【1493269】，返回信息 {"status":"ok","msg":"-","gid":"290594","time_insert":"2021-07-16 05:49"}
2024-06-30 00:40:33 查询号码 【1493269】，GSD为【"-"】
2024-06-30 00:40:33 ok && -
2024-06-30 00:40:35 CHB 1493269?1719679233 第 1 次 等待 3 秒
2024-06-30 00:40:38 CHB 1493269?1719679233 第 1 次 获取到号码【1493269】GSD
2024-06-30 00:40:38 未获取到号码【1493269】GSD，可能号码格式错误
2024-06-30 00:40:38 获取到号码【1493269】的GSD为【-】
2024-06-30 00:41:03 GSD insert 第 1 次 等待 3 秒
2024-06-30 00:41:06 {"status":"bad","gid":"290594","msg":"添加失败！号码【1493269(-|-)】已存在！"}
2024-06-30 00:41:06 随机等待 95 秒，约 1 分钟
2024-06-30 00:41:06 下次操作: 2024-06-30 00:42:41

2024-06-30 00:42:41 开始第 3378 次操作

2024-06-30 00:42:41 开始操作号码 【1493270】
2024-06-30 00:42:55 GSD getOne 第 1 次 等待 3 秒
2024-06-30 00:42:58 查询号码 【1493270】，返回信息 {"status":"ok","msg":"-","gid":"290601","time_insert":"2021-07-16 05:50"}
2024-06-30 00:42:58 查询号码 【1493270】，GSD为【"-"】
2024-06-30 00:42:58 ok && -
2024-06-30 00:43:00 CHB 1493270?1719679378 第 1 次 等待 3 秒
2024-06-30 00:43:03 CHB 1493270?1719679378 第 1 次 获取到号码【1493270】GSD
2024-06-30 00:43:03 未获取到号码【1493270】GSD，可能号码格式错误
2024-06-30 00:43:03 获取到号码【1493270】的GSD为【-】
2024-06-30 00:43:20 GSD insert 第 1 次 等待 3 秒
2024-06-30 00:43:23 {"status":"bad","gid":"290601","msg":"添加失败！号码【1493270(-|-)】已存在！"}
2024-06-30 00:43:23 随机等待 176 秒，约 2 分钟
2024-06-30 00:43:23 下次操作: 2024-06-30 00:46:19

2024-06-30 00:46:19 开始第 3379 次操作

2024-06-30 00:46:19 开始操作号码 【1493271】
2024-06-30 00:46:32 GSD getOne 第 1 次 等待 3 秒
2024-06-30 00:46:35 查询号码 【1493271】，返回信息 {"status":"ok","msg":"-","gid":"290609","time_insert":"2021-07-16 05:50"}
2024-06-30 00:46:35 查询号码 【1493271】，GSD为【"-"】
2024-06-30 00:46:35 ok && -
2024-06-30 00:46:38 CHB 1493271?1719679595 第 1 次 等待 3 秒
2024-06-30 00:46:41 CHB 1493271?1719679595 第 1 次 获取到号码【1493271】GSD
2024-06-30 00:46:41 未获取到号码【1493271】GSD，可能号码格式错误
2024-06-30 00:46:41 获取到号码【1493271】的GSD为【-】
2024-06-30 00:46:57 GSD insert 第 1 次 等待 3 秒
2024-06-30 00:47:00 {"status":"bad","gid":"290609","msg":"添加失败！号码【1493271(-|-)】已存在！"}
2024-06-30 00:47:00 随机等待 135 秒，约 2 分钟
2024-06-30 00:47:00 下次操作: 2024-06-30 00:49:15

2024-06-30 00:49:15 开始第 3380 次操作

2024-06-30 00:49:15 开始操作号码 【1493272】
2024-06-30 00:49:29 GSD getOne 第 1 次 等待 3 秒
2024-06-30 00:49:32 查询号码 【1493272】，返回信息 {"status":"ok","msg":"-","gid":"290615","time_insert":"2021-07-16 05:51"}
2024-06-30 00:49:32 查询号码 【1493272】，GSD为【"-"】
2024-06-30 00:49:32 ok && -
2024-06-30 00:49:34 CHB 1493272?1719679772 第 1 次 等待 3 秒
2024-06-30 00:49:37 CHB 1493272?1719679772 第 1 次 获取到号码【1493272】GSD
2024-06-30 00:49:37 未获取到号码【1493272】GSD，可能号码格式错误
2024-06-30 00:49:37 获取到号码【1493272】的GSD为【-】
2024-06-30 00:49:51 GSD insert 第 1 次 等待 3 秒
2024-06-30 00:49:54 {"status":"bad","gid":"290615","msg":"添加失败！号码【1493272(-|-)】已存在！"}

2024-06-30 01:14:58 开始第 3381 次操作

2024-06-30 01:14:58 开始操作号码 【1493273】
2024-06-30 01:15:15 GSD getOne 第 1 次 等待 3 秒
2024-06-30 01:15:18 查询号码 【1493273】，返回信息 {"status":"ok","msg":"-","gid":"290622","time_insert":"2021-07-16 05:51"}
2024-06-30 01:15:18 查询号码 【1493273】，GSD为【"-"】
2024-06-30 01:15:18 ok && -
2024-06-30 01:15:20 CHB 1493273?1719681318 第 1 次 等待 3 秒
2024-06-30 01:15:23 CHB 1493273?1719681318 第 1 次 获取到号码【1493273】GSD
2024-06-30 01:15:23 未获取到号码【1493273】GSD，可能号码格式错误
2024-06-30 01:15:23 获取到号码【1493273】的GSD为【-】
2024-06-30 01:15:37 GSD insert 第 1 次 等待 3 秒
2024-06-30 01:15:40 {"status":"bad","gid":"290622","msg":"添加失败！号码【1493273(-|-)】已存在！"}
2024-06-30 01:15:40 随机等待 229 秒，约 3 分钟
2024-06-30 01:15:40 下次操作: 2024-06-30 01:19:29

2024-06-30 01:19:29 开始第 3382 次操作

2024-06-30 01:19:29 开始操作号码 【1493274】
2024-06-30 01:19:42 GSD getOne 第 1 次 等待 3 秒
2024-06-30 01:19:45 查询号码 【1493274】，返回信息 {"status":"ok","msg":"-","gid":"290627","time_insert":"2021-07-16 05:52"}
2024-06-30 01:19:45 查询号码 【1493274】，GSD为【"-"】
2024-06-30 01:19:45 ok && -
2024-06-30 01:19:47 CHB 1493274?1719681585 第 1 次 等待 3 秒
2024-06-30 01:19:50 CHB 1493274?1719681585 第 1 次 获取到号码【1493274】GSD
2024-06-30 01:19:50 未获取到号码【1493274】GSD，可能号码格式错误
2024-06-30 01:19:50 获取到号码【1493274】的GSD为【-】
2024-06-30 01:20:03 GSD insert 第 1 次 等待 3 秒
2024-06-30 01:20:06 {"status":"bad","gid":"290627","msg":"添加失败！号码【1493274(-|-)】已存在！"}
2024-06-30 01:20:06 随机等待 156 秒，约 2 分钟
2024-06-30 01:20:06 下次操作: 2024-06-30 01:22:42

2024-06-30 01:22:42 开始第 3383 次操作

2024-06-30 01:22:42 开始操作号码 【1493275】
2024-06-30 01:23:00 GSD getOne 第 1 次 等待 3 秒
2024-06-30 01:23:03 查询号码 【1493275】，返回信息 {"status":"ok","msg":"-","gid":"290633","time_insert":"2021-07-16 05:52"}
2024-06-30 01:23:03 查询号码 【1493275】，GSD为【"-"】
2024-06-30 01:23:03 ok && -
2024-06-30 01:23:06 CHB 1493275?1719681783 第 1 次 等待 3 秒
2024-06-30 01:23:09 CHB 1493275?1719681783 第 1 次 获取到号码【1493275】GSD
2024-06-30 01:23:09 未获取到号码【1493275】GSD，可能号码格式错误
2024-06-30 01:23:09 获取到号码【1493275】的GSD为【-】
2024-06-30 01:23:23 GSD insert 第 1 次 等待 3 秒
2024-06-30 01:23:26 {"status":"bad","gid":"290633","msg":"添加失败！号码【1493275(-|-)】已存在！"}
2024-06-30 01:23:26 随机等待 93 秒，约 1 分钟
2024-06-30 01:23:26 下次操作: 2024-06-30 01:24:59

2024-06-30 01:24:59 开始第 3384 次操作

2024-06-30 01:24:59 开始操作号码 【1493276】
2024-06-30 01:25:13 GSD getOne 第 1 次 等待 3 秒
2024-06-30 01:25:16 查询号码 【1493276】，返回信息 {"status":"ok","msg":"-","gid":"290641","time_insert":"2021-07-16 05:53"}
2024-06-30 01:25:17 查询号码 【1493276】，GSD为【"-"】
2024-06-30 01:25:17 ok && -
2024-06-30 01:25:18 CHB 1493276?1719681917 第 1 次 等待 3 秒
2024-06-30 01:25:21 CHB 1493276?1719681917 第 1 次 获取到号码【1493276】GSD
2024-06-30 01:25:21 未获取到号码【1493276】GSD，可能号码格式错误
2024-06-30 01:25:21 获取到号码【1493276】的GSD为【-】
2024-06-30 01:25:35 GSD insert 第 1 次 等待 3 秒
2024-06-30 01:25:38 {"status":"bad","gid":"290641","msg":"添加失败！号码【1493276(-|-)】已存在！"}

