2021-07-15 00:00:10 开始第 25 次操作

2021-07-15 00:00:10 开始操作号码 【1655058】
2021-07-15 00:00:20 GSD getOne 第 1 次 等待 1 秒
2021-07-15 00:00:21 查询号码 【1655058】，返回信息 {"status":"bad","msg":""}
2021-07-15 00:00:22 查询号码 【1655058】，GSD为【""】
2021-07-15 00:00:22 bad
2021-07-15 00:00:23 CHB 1655058?1626278422 第 1 次 等待 1 秒
2021-07-15 00:00:24 CHB 1655058?1626278422 第 1 次 获取到号码【1655058】GSD
2021-07-15 00:00:24 获取到号码【1655058】的GSD为【山西-吕梁】
2021-07-15 00:00:26 GSD insert 第 1 次 等待 1 秒
2021-07-15 00:00:27 {"status":"ok","gid":278499,"msg":"添加成功！"}
2021-07-15 00:00:27 下次操作: 2021-07-15 00:00:39

2021-07-15 00:00:39 开始第 26 次操作

2021-07-15 00:00:39 开始操作号码 【1655059】
2021-07-15 00:00:42 GSD getOne 第 1 次 等待 1 秒
2021-07-15 00:00:43 查询号码 【1655059】，返回信息 {"status":"bad","msg":""}
2021-07-15 00:00:43 查询号码 【1655059】，GSD为【""】
2021-07-15 00:00:43 bad
2021-07-15 00:00:45 CHB 1655059?1626278443 第 1 次 等待 1 秒
2021-07-15 00:00:46 CHB 1655059?1626278443 第 1 次 获取到号码【1655059】GSD
2021-07-15 00:00:46 获取到号码【1655059】的GSD为【山西-吕梁】
2021-07-15 00:00:49 GSD insert 第 1 次 等待 1 秒
2021-07-15 00:00:50 {"status":"ok","gid":278505,"msg":"添加成功！"}
2021-07-15 00:00:50 下次操作: 2021-07-15 00:01:05

2021-07-15 00:01:05 开始第 27 次操作

2021-07-15 00:01:05 开始操作号码 【1655060】
2021-07-15 00:01:07 GSD getOne 第 1 次 等待 1 秒
2021-07-15 00:01:08 查询号码 【1655060】，返回信息 {"status":"bad","msg":""}
2021-07-15 00:01:08 查询号码 【1655060】，GSD为【""】
2021-07-15 00:01:08 bad
2021-07-15 00:01:10 CHB 1655060?1626278468 第 1 次 等待 1 秒
2021-07-15 00:01:11 CHB 1655060?1626278468 第 1 次 获取到号码【1655060】GSD
2021-07-15 00:01:11 获取到号码【1655060】的GSD为【吉林-白城】
2021-07-15 00:01:12 GSD insert 第 1 次 等待 1 秒
2021-07-15 00:01:13 {"status":"ok","gid":278511,"msg":"添加成功！"}
2021-07-15 00:01:13 下次操作: 2021-07-15 00:01:25

2021-07-15 00:01:25 开始第 28 次操作

2021-07-15 00:01:25 开始操作号码 【1655061】
2021-07-15 00:01:30 GSD getOne 第 1 次 等待 1 秒
2021-07-15 00:01:31 查询号码 【1655061】，返回信息 {"status":"bad","msg":""}
2021-07-15 00:01:31 查询号码 【1655061】，GSD为【""】
2021-07-15 00:01:31 bad
2021-07-15 00:01:33 CHB 1655061?1626278491 第 1 次 等待 1 秒
2021-07-15 00:01:34 CHB 1655061?1626278491 第 1 次 获取到号码【1655061】GSD
2021-07-15 00:01:34 获取到号码【1655061】的GSD为【吉林-长春】
2021-07-15 00:01:38 GSD insert 第 1 次 等待 1 秒
2021-07-15 00:01:39 {"status":"ok","gid":278514,"msg":"添加成功！"}
2021-07-15 00:01:39 下次操作: 2021-07-15 00:01:55

2021-07-15 00:01:55 开始第 29 次操作

2021-07-15 00:01:55 开始操作号码 【1655062】
2021-07-15 00:02:09 GSD getOne 第 1 次 等待 1 秒
2021-07-15 00:02:10 查询号码 【1655062】，返回信息 {"status":"bad","msg":""}
2021-07-15 00:02:10 查询号码 【1655062】，GSD为【""】
2021-07-15 00:02:10 bad
2021-07-15 00:02:12 CHB 1655062?1626278530 第 1 次 等待 1 秒
2021-07-15 00:02:13 CHB 1655062?1626278530 第 1 次 获取到号码【1655062】GSD
2021-07-15 00:02:13 获取到号码【1655062】的GSD为【上海-上海】
2021-07-15 00:02:22 GSD insert 第 1 次 等待 1 秒
2021-07-15 00:02:24 {"status":"ok","gid":278522,"msg":"添加成功！"}
2021-07-15 00:02:24 下次操作: 2021-07-15 00:02:39

2021-07-15 00:02:39 开始第 30 次操作

2021-07-15 00:02:39 开始操作号码 【1655063】
2021-07-15 00:02:44 GSD getOne 第 1 次 等待 1 秒
2021-07-15 00:02:45 查询号码 【1655063】，返回信息 {"status":"bad","msg":""}
2021-07-15 00:02:46 查询号码 【1655063】，GSD为【""】
2021-07-15 00:02:46 bad
2021-07-15 00:02:48 CHB 1655063?1626278566 第 1 次 等待 1 秒
2021-07-15 00:02:49 CHB 1655063?1626278566 第 1 次 获取到号码【1655063】GSD
2021-07-15 00:02:49 获取到号码【1655063】的GSD为【内蒙古-兴安盟】
2021-07-15 00:02:51 GSD insert 第 1 次 等待 1 秒
2021-07-15 00:02:52 {"status":"ok","gid":278527,"msg":"添加成功！"}

2021-07-15 01:03:18 开始第 1 次操作

2021-07-15 01:03:18 开始操作号码 【1655064】
2021-07-15 01:03:22 GSD getOne 第 1 次 等待 1 秒
2021-07-15 01:03:23 查询号码 【1655064】，返回信息 {"status":"bad","msg":""}
2021-07-15 01:03:23 查询号码 【1655064】，GSD为【""】
2021-07-15 01:03:23 bad
2021-07-15 01:03:30 CHB 1655064?1626282203 第 1 次 等待 1 秒
2021-07-15 01:03:31 CHB 1655064?1626282203 第 1 次 获取到号码【1655064】GSD
2021-07-15 01:03:31 获取到号码【1655064】的GSD为【吉林-白城】
2021-07-15 01:03:33 GSD insert 第 1 次 等待 1 秒
2021-07-15 01:03:34 {"status":"ok","gid":278695,"msg":"添加成功！"}
2021-07-15 01:03:34 下次操作: 2021-07-15 01:03:40

2021-07-15 01:03:40 开始第 2 次操作

2021-07-15 01:03:40 开始操作号码 【1655065】
2021-07-15 01:03:42 GSD getOne 第 1 次 等待 1 秒
2021-07-15 01:03:43 查询号码 【1655065】，返回信息 {"status":"bad","msg":""}
2021-07-15 01:03:43 查询号码 【1655065】，GSD为【""】
2021-07-15 01:03:43 bad
2021-07-15 01:03:45 CHB 1655065?1626282223 第 1 次 等待 1 秒
2021-07-15 01:03:46 CHB 1655065?1626282223 第 1 次 获取到号码【1655065】GSD
2021-07-15 01:03:46 获取到号码【1655065】的GSD为【黑龙江-绥化】
2021-07-15 01:03:48 GSD insert 第 1 次 等待 1 秒
2021-07-15 01:03:49 {"status":"ok","gid":278702,"msg":"添加成功！"}
2021-07-15 01:03:49 下次操作: 2021-07-15 01:03:55

2021-07-15 01:03:55 开始第 3 次操作

2021-07-15 01:03:55 开始操作号码 【1655066】
2021-07-15 01:03:59 GSD getOne 第 1 次 等待 1 秒
2021-07-15 01:04:00 查询号码 【1655066】，返回信息 {"status":"bad","msg":""}
2021-07-15 01:04:00 查询号码 【1655066】，GSD为【""】
2021-07-15 01:04:00 bad
2021-07-15 01:04:02 CHB 1655066?1626282240 第 1 次 等待 1 秒
2021-07-15 01:04:03 CHB 1655066?1626282240 第 1 次 获取到号码【1655066】GSD
2021-07-15 01:04:03 获取到号码【1655066】的GSD为【安徽-合肥】
2021-07-15 01:04:05 GSD insert 第 1 次 等待 1 秒
2021-07-15 01:04:06 {"status":"ok","gid":278708,"msg":"添加成功！"}
2021-07-15 01:04:06 下次操作: 2021-07-15 01:04:24

2021-07-15 01:04:24 开始第 4 次操作

2021-07-15 01:04:24 开始操作号码 【1655067】
2021-07-15 01:04:26 GSD getOne 第 1 次 等待 1 秒
2021-07-15 01:04:27 查询号码 【1655067】，返回信息 {"status":"bad","msg":""}
2021-07-15 01:04:27 查询号码 【1655067】，GSD为【""】
2021-07-15 01:04:27 bad
2021-07-15 01:04:29 CHB 1655067?1626282267 第 1 次 等待 1 秒
2021-07-15 01:04:30 CHB 1655067?1626282267 第 1 次 获取到号码【1655067】GSD
2021-07-15 01:04:30 获取到号码【1655067】的GSD为【黑龙江-哈尔滨】
2021-07-15 01:04:35 GSD insert 第 1 次 等待 1 秒
2021-07-15 01:04:36 {"status":"ok","gid":278719,"msg":"添加成功！"}
2021-07-15 01:04:36 下次操作: 2021-07-15 01:04:51

2021-07-15 01:04:51 开始第 5 次操作

2021-07-15 01:04:51 开始操作号码 【1655068】
2021-07-15 01:04:54 GSD getOne 第 1 次 等待 1 秒
2021-07-15 01:04:55 查询号码 【1655068】，返回信息 {"status":"bad","msg":""}
2021-07-15 01:04:55 查询号码 【1655068】，GSD为【""】
2021-07-15 01:04:55 bad
2021-07-15 01:04:58 CHB 1655068?1626282295 第 1 次 等待 1 秒
2021-07-15 01:04:59 CHB 1655068?1626282295 第 1 次 获取到号码【1655068】GSD
2021-07-15 01:04:59 获取到号码【1655068】的GSD为【黑龙江-绥化】
2021-07-15 01:05:03 GSD insert 第 1 次 等待 1 秒
2021-07-15 01:05:04 {"status":"ok","gid":278724,"msg":"添加成功！"}
2021-07-15 01:05:04 下次操作: 2021-07-15 01:05:19

2021-07-15 01:05:19 开始第 6 次操作

2021-07-15 01:05:19 开始操作号码 【1655069】
2021-07-15 01:05:23 GSD getOne 第 1 次 等待 1 秒
2021-07-15 01:05:24 查询号码 【1655069】，返回信息 {"status":"bad","msg":""}
2021-07-15 01:05:24 查询号码 【1655069】，GSD为【""】
2021-07-15 01:05:24 bad
2021-07-15 01:05:28 CHB 1655069?1626282324 第 1 次 等待 1 秒
2021-07-15 01:05:29 CHB 1655069?1626282324 第 1 次 获取到号码【1655069】GSD
2021-07-15 01:05:29 获取到号码【1655069】的GSD为【黑龙江-哈尔滨】
2021-07-15 01:05:31 GSD insert 第 1 次 等待 1 秒
2021-07-15 01:05:32 {"status":"ok","gid":278732,"msg":"添加成功！"}
2021-07-15 01:05:32 下次操作: 2021-07-15 01:05:41

2021-07-15 01:05:41 开始第 7 次操作

2021-07-15 01:05:41 开始操作号码 【1655070】
2021-07-15 01:05:45 GSD getOne 第 1 次 等待 1 秒
2021-07-15 01:05:46 查询号码 【1655070】，返回信息 {"status":"bad","msg":""}
2021-07-15 01:05:46 查询号码 【1655070】，GSD为【""】
2021-07-15 01:05:46 bad
2021-07-15 01:05:49 CHB 1655070?1626282346 第 1 次 等待 1 秒
2021-07-15 01:05:50 CHB 1655070?1626282346 第 1 次 获取到号码【1655070】GSD
2021-07-15 01:05:50 获取到号码【1655070】的GSD为【河南-商丘】
2021-07-15 01:05:51 GSD insert 第 1 次 等待 1 秒
2021-07-15 01:05:52 {"status":"ok","gid":278738,"msg":"添加成功！"}
2021-07-15 01:05:52 下次操作: 2021-07-15 01:06:03

2021-07-15 01:06:03 开始第 8 次操作

2021-07-15 01:06:03 开始操作号码 【1655071】
2021-07-15 01:06:07 GSD getOne 第 1 次 等待 1 秒
2021-07-15 01:06:08 查询号码 【1655071】，返回信息 {"status":"bad","msg":""}
2021-07-15 01:06:08 查询号码 【1655071】，GSD为【""】
2021-07-15 01:06:08 bad
2021-07-15 01:06:10 CHB 1655071?1626282368 第 1 次 等待 1 秒
2021-07-15 01:06:11 CHB 1655071?1626282368 第 1 次 获取到号码【1655071】GSD
2021-07-15 01:06:11 获取到号码【1655071】的GSD为【河南-濮阳】
2021-07-15 01:06:19 GSD insert 第 1 次 等待 1 秒
2021-07-15 01:06:20 {"status":"ok","gid":278744,"msg":"添加成功！"}
2021-07-15 01:06:20 下次操作: 2021-07-15 01:06:34

2021-07-15 01:06:34 开始第 9 次操作

2021-07-15 01:06:34 开始操作号码 【1655072】
2021-07-15 01:06:35 GSD getOne 第 1 次 等待 1 秒
2021-07-15 01:06:36 查询号码 【1655072】，返回信息 {"status":"bad","msg":""}
2021-07-15 01:06:36 查询号码 【1655072】，GSD为【""】
2021-07-15 01:06:36 bad
2021-07-15 01:06:39 CHB 1655072?1626282396 第 1 次 等待 1 秒
2021-07-15 01:06:40 CHB 1655072?1626282396 第 1 次 获取到号码【1655072】GSD
2021-07-15 01:06:40 获取到号码【1655072】的GSD为【河南-南阳】
2021-07-15 01:06:42 GSD insert 第 1 次 等待 1 秒
2021-07-15 01:06:43 {"status":"ok","gid":278752,"msg":"添加成功！"}
2021-07-15 01:06:43 下次操作: 2021-07-15 01:06:56

2021-07-15 01:06:56 开始第 10 次操作

2021-07-15 01:06:56 开始操作号码 【1655073】
2021-07-15 01:07:00 GSD getOne 第 1 次 等待 1 秒
2021-07-15 01:07:01 查询号码 【1655073】，返回信息 {"status":"bad","msg":""}
2021-07-15 01:07:01 查询号码 【1655073】，GSD为【""】
2021-07-15 01:07:01 bad
2021-07-15 01:07:02 CHB 1655073?1626282421 第 1 次 等待 1 秒
2021-07-15 01:07:03 CHB 1655073?1626282421 第 1 次 获取到号码【1655073】GSD
2021-07-15 01:07:04 获取到号码【1655073】的GSD为【河南-新乡】
2021-07-15 01:07:05 GSD insert 第 1 次 等待 1 秒
2021-07-15 01:07:06 {"status":"ok","gid":278761,"msg":"添加成功！"}
2021-07-15 01:07:06 下次操作: 2021-07-15 01:07:24

2021-07-15 01:07:24 开始第 11 次操作

2021-07-15 01:07:24 开始操作号码 【1655074】
2021-07-15 01:07:27 GSD getOne 第 1 次 等待 1 秒
2021-07-15 01:07:28 查询号码 【1655074】，返回信息 {"status":"bad","msg":""}
2021-07-15 01:07:28 查询号码 【1655074】，GSD为【""】
2021-07-15 01:07:28 bad
2021-07-15 01:07:30 CHB 1655074?1626282448 第 1 次 等待 1 秒
2021-07-15 01:07:31 CHB 1655074?1626282448 第 1 次 获取到号码【1655074】GSD
2021-07-15 01:07:31 获取到号码【1655074】的GSD为【河南-周口】
2021-07-15 01:07:34 GSD insert 第 1 次 等待 1 秒
2021-07-15 01:07:35 {"status":"ok","gid":278768,"msg":"添加成功！"}
2021-07-15 01:07:35 下次操作: 2021-07-15 01:07:51

2021-07-15 01:07:51 开始第 12 次操作

2021-07-15 01:07:51 开始操作号码 【1655075】
2021-07-15 01:07:54 GSD getOne 第 1 次 等待 1 秒
2021-07-15 01:07:55 查询号码 【1655075】，返回信息 {"status":"bad","msg":""}
2021-07-15 01:07:55 查询号码 【1655075】，GSD为【""】
2021-07-15 01:07:55 bad
2021-07-15 01:07:56 CHB 1655075?1626282475 第 1 次 等待 1 秒
2021-07-15 01:07:57 CHB 1655075?1626282475 第 1 次 获取到号码【1655075】GSD
2021-07-15 01:07:57 获取到号码【1655075】的GSD为【河南-平顶山】
2021-07-15 01:08:01 GSD insert 第 1 次 等待 1 秒
2021-07-15 01:08:02 {"status":"ok","gid":278776,"msg":"添加成功！"}
2021-07-15 01:08:02 下次操作: 2021-07-15 01:08:09

2021-07-15 01:08:09 开始第 13 次操作

2021-07-15 01:08:09 开始操作号码 【1655076】
2021-07-15 01:08:15 GSD getOne 第 1 次 等待 1 秒
2021-07-15 01:08:16 查询号码 【1655076】，返回信息 {"status":"bad","msg":""}
2021-07-15 01:08:16 查询号码 【1655076】，GSD为【""】
2021-07-15 01:08:16 bad
2021-07-15 01:08:22 CHB 1655076?1626282496 第 1 次 等待 1 秒
2021-07-15 01:08:23 CHB 1655076?1626282496 第 1 次 获取到号码【1655076】GSD
2021-07-15 01:08:24 获取到号码【1655076】的GSD为【河南-平顶山】
2021-07-15 01:08:27 GSD insert 第 1 次 等待 1 秒
2021-07-15 01:08:28 {"status":"ok","gid":278785,"msg":"添加成功！"}
2021-07-15 01:08:28 下次操作: 2021-07-15 01:08:41

2021-07-15 01:08:41 开始第 14 次操作

2021-07-15 01:08:41 开始操作号码 【1655077】
2021-07-15 01:08:42 GSD getOne 第 1 次 等待 1 秒
2021-07-15 01:08:43 查询号码 【1655077】，返回信息 {"status":"bad","msg":""}
2021-07-15 01:08:43 查询号码 【1655077】，GSD为【""】
2021-07-15 01:08:43 bad
2021-07-15 01:08:46 CHB 1655077?1626282523 第 1 次 等待 1 秒
2021-07-15 01:08:47 CHB 1655077?1626282523 第 1 次 获取到号码【1655077】GSD
2021-07-15 01:08:47 获取到号码【1655077】的GSD为【河南-郑州】
2021-07-15 01:08:49 GSD insert 第 1 次 等待 1 秒
2021-07-15 01:08:50 {"status":"ok","gid":278791,"msg":"添加成功！"}
2021-07-15 01:08:50 下次操作: 2021-07-15 01:09:01

2021-07-15 01:09:01 开始第 15 次操作

2021-07-15 01:09:01 开始操作号码 【1655078】
2021-07-15 01:09:03 GSD getOne 第 1 次 等待 1 秒
2021-07-15 01:09:04 查询号码 【1655078】，返回信息 {"status":"bad","msg":""}
2021-07-15 01:09:04 查询号码 【1655078】，GSD为【""】
2021-07-15 01:09:04 bad
2021-07-15 01:09:06 CHB 1655078?1626282544 第 1 次 等待 1 秒
2021-07-15 01:09:07 CHB 1655078?1626282544 第 1 次 获取到号码【1655078】GSD
2021-07-15 01:09:07 获取到号码【1655078】的GSD为【河南-周口】
2021-07-15 01:09:12 GSD insert 第 1 次 等待 1 秒
2021-07-15 01:09:13 {"status":"ok","gid":278798,"msg":"添加成功！"}
2021-07-15 01:09:13 下次操作: 2021-07-15 01:09:24

2021-07-15 01:09:24 开始第 16 次操作

2021-07-15 01:09:24 开始操作号码 【1655079】
2021-07-15 01:09:28 GSD getOne 第 1 次 等待 1 秒
2021-07-15 01:09:29 查询号码 【1655079】，返回信息 {"status":"bad","msg":""}
2021-07-15 01:09:29 查询号码 【1655079】，GSD为【""】
2021-07-15 01:09:29 bad
2021-07-15 01:09:31 CHB 1655079?1626282569 第 1 次 等待 1 秒
2021-07-15 01:09:32 CHB 1655079?1626282569 第 1 次 获取到号码【1655079】GSD
2021-07-15 01:09:32 获取到号码【1655079】的GSD为【河南-平顶山】
2021-07-15 01:09:34 GSD insert 第 1 次 等待 1 秒
2021-07-15 01:09:35 {"status":"ok","gid":278803,"msg":"添加成功！"}
2021-07-15 01:09:35 下次操作: 2021-07-15 01:09:50

2021-07-15 01:09:50 开始第 17 次操作

2021-07-15 01:09:50 开始操作号码 【1655080】
2021-07-15 01:09:51 GSD getOne 第 1 次 等待 1 秒
2021-07-15 01:09:52 查询号码 【1655080】，返回信息 {"status":"bad","msg":""}
2021-07-15 01:09:52 查询号码 【1655080】，GSD为【""】
2021-07-15 01:09:52 bad
2021-07-15 01:09:55 CHB 1655080?1626282592 第 1 次 等待 1 秒
2021-07-15 01:09:56 CHB 1655080?1626282592 第 1 次 获取到号码【1655080】GSD
2021-07-15 01:09:56 获取到号码【1655080】的GSD为【河南-安阳】
2021-07-15 01:10:03 GSD insert 第 1 次 等待 1 秒
2021-07-15 01:10:04 {"status":"ok","gid":278810,"msg":"添加成功！"}
2021-07-15 01:10:04 下次操作: 2021-07-15 01:10:15

2021-07-15 01:10:15 开始第 18 次操作

2021-07-15 01:10:15 开始操作号码 【1655081】
2021-07-15 01:10:17 GSD getOne 第 1 次 等待 1 秒
2021-07-15 01:10:18 查询号码 【1655081】，返回信息 {"status":"bad","msg":""}
2021-07-15 01:10:18 查询号码 【1655081】，GSD为【""】
2021-07-15 01:10:18 bad
2021-07-15 01:10:21 CHB 1655081?1626282618 第 1 次 等待 1 秒
2021-07-15 01:10:22 CHB 1655081?1626282618 第 1 次 获取到号码【1655081】GSD
2021-07-15 01:10:22 获取到号码【1655081】的GSD为【河南-安阳】
2021-07-15 01:10:24 GSD insert 第 1 次 等待 1 秒
2021-07-15 01:10:25 {"status":"ok","gid":278813,"msg":"添加成功！"}
2021-07-15 01:10:25 下次操作: 2021-07-15 01:10:33

2021-07-15 01:10:33 开始第 19 次操作

2021-07-15 01:10:33 开始操作号码 【1655082】
2021-07-15 01:10:41 GSD getOne 第 1 次 等待 1 秒
2021-07-15 01:10:42 查询号码 【1655082】，返回信息 {"status":"bad","msg":""}
2021-07-15 01:10:42 查询号码 【1655082】，GSD为【""】
2021-07-15 01:10:42 bad
2021-07-15 01:10:45 CHB 1655082?1626282642 第 1 次 等待 1 秒
2021-07-15 01:10:46 CHB 1655082?1626282642 第 1 次 获取到号码【1655082】GSD
2021-07-15 01:10:46 获取到号码【1655082】的GSD为【河南-安阳】
2021-07-15 01:10:59 GSD insert 第 1 次 等待 1 秒
2021-07-15 01:11:00 {"status":"ok","gid":278822,"msg":"添加成功！"}
2021-07-15 01:11:00 下次操作: 2021-07-15 01:11:10

2021-07-15 01:11:10 开始第 20 次操作

2021-07-15 01:11:10 开始操作号码 【1655083】
2021-07-15 01:11:15 GSD getOne 第 1 次 等待 1 秒
2021-07-15 01:11:16 查询号码 【1655083】，返回信息 {"status":"bad","msg":""}
2021-07-15 01:11:16 查询号码 【1655083】，GSD为【""】
2021-07-15 01:11:16 bad
2021-07-15 01:11:18 CHB 1655083?1626282676 第 1 次 等待 1 秒
2021-07-15 01:11:19 CHB 1655083?1626282676 第 1 次 获取到号码【1655083】GSD
2021-07-15 01:11:19 获取到号码【1655083】的GSD为【河南-安阳】
2021-07-15 01:11:25 GSD insert 第 1 次 等待 1 秒
2021-07-15 01:11:26 {"status":"ok","gid":278829,"msg":"添加成功！"}
2021-07-15 01:11:26 下次操作: 2021-07-15 01:11:40

2021-07-15 01:11:40 开始第 21 次操作

2021-07-15 01:11:40 开始操作号码 【1655084】
2021-07-15 01:11:45 GSD getOne 第 1 次 等待 1 秒
2021-07-15 01:11:46 查询号码 【1655084】，返回信息 {"status":"bad","msg":""}
2021-07-15 01:11:46 查询号码 【1655084】，GSD为【""】
2021-07-15 01:11:46 bad
2021-07-15 01:11:49 CHB 1655084?1626282706 第 1 次 等待 1 秒
2021-07-15 01:11:50 CHB 1655084?1626282706 第 1 次 获取到号码【1655084】GSD
2021-07-15 01:11:50 获取到号码【1655084】的GSD为【河南-安阳】
2021-07-15 01:11:55 GSD insert 第 1 次 等待 1 秒
2021-07-15 01:11:56 {"status":"ok","gid":278835,"msg":"添加成功！"}
2021-07-15 01:11:56 下次操作: 2021-07-15 01:12:11

2021-07-15 01:12:11 开始第 22 次操作

2021-07-15 01:12:11 开始操作号码 【1655085】
2021-07-15 01:12:12 GSD getOne 第 1 次 等待 1 秒
2021-07-15 01:12:13 查询号码 【1655085】，返回信息 {"status":"bad","msg":""}
2021-07-15 01:12:14 查询号码 【1655085】，GSD为【""】
2021-07-15 01:12:14 bad
2021-07-15 01:12:15 CHB 1655085?1626282734 第 1 次 等待 1 秒
2021-07-15 01:12:16 CHB 1655085?1626282734 第 1 次 获取到号码【1655085】GSD
2021-07-15 01:12:16 获取到号码【1655085】的GSD为【河南-濮阳】
2021-07-15 01:12:18 GSD insert 第 1 次 等待 1 秒
2021-07-15 01:12:19 {"status":"ok","gid":278840,"msg":"添加成功！"}
2021-07-15 01:12:19 下次操作: 2021-07-15 01:12:37

2021-07-15 01:12:37 开始第 23 次操作

2021-07-15 01:12:37 开始操作号码 【1655086】
2021-07-15 01:12:42 GSD getOne 第 1 次 等待 1 秒
2021-07-15 01:12:43 查询号码 【1655086】，返回信息 {"status":"bad","msg":""}
2021-07-15 01:12:43 查询号码 【1655086】，GSD为【""】
2021-07-15 01:12:43 bad
2021-07-15 01:12:47 CHB 1655086?1626282763 第 1 次 等待 1 秒
2021-07-15 01:12:48 CHB 1655086?1626282763 第 1 次 获取到号码【1655086】GSD
2021-07-15 01:12:48 获取到号码【1655086】的GSD为【河南-濮阳】
2021-07-15 01:12:50 GSD insert 第 1 次 等待 1 秒
2021-07-15 01:12:51 {"status":"ok","gid":278846,"msg":"添加成功！"}
2021-07-15 01:12:51 下次操作: 2021-07-15 01:12:58

2021-07-15 01:12:58 开始第 24 次操作

2021-07-15 01:12:58 开始操作号码 【1655087】
2021-07-15 01:13:02 GSD getOne 第 1 次 等待 1 秒
2021-07-15 01:13:03 查询号码 【1655087】，返回信息 {"status":"bad","msg":""}
2021-07-15 01:13:03 查询号码 【1655087】，GSD为【""】
2021-07-15 01:13:03 bad
2021-07-15 01:13:05 CHB 1655087?1626282783 第 1 次 等待 1 秒
2021-07-15 01:13:06 CHB 1655087?1626282783 第 1 次 获取到号码【1655087】GSD
2021-07-15 01:13:06 获取到号码【1655087】的GSD为【河南-周口】
2021-07-15 01:13:08 GSD insert 第 1 次 等待 1 秒
2021-07-15 01:13:09 {"status":"ok","gid":278850,"msg":"添加成功！"}
2021-07-15 01:13:09 下次操作: 2021-07-15 01:13:26

2021-07-15 01:13:26 开始第 25 次操作

2021-07-15 01:13:26 开始操作号码 【1655088】
2021-07-15 01:13:27 GSD getOne 第 1 次 等待 1 秒
2021-07-15 01:13:29 查询号码 【1655088】，返回信息 {"status":"bad","msg":""}
2021-07-15 01:13:29 查询号码 【1655088】，GSD为【""】
2021-07-15 01:13:29 bad
2021-07-15 01:13:31 CHB 1655088?1626282809 第 1 次 等待 1 秒
2021-07-15 01:13:32 CHB 1655088?1626282809 第 1 次 获取到号码【1655088】GSD
2021-07-15 01:13:32 获取到号码【1655088】的GSD为【河南-郑州】
2021-07-15 01:13:45 GSD insert 第 1 次 等待 1 秒
2021-07-15 01:13:46 {"status":"ok","gid":278860,"msg":"添加成功！"}
2021-07-15 01:13:46 下次操作: 2021-07-15 01:13:54

2021-07-15 01:13:54 开始第 26 次操作

2021-07-15 01:13:54 开始操作号码 【1655089】
2021-07-15 01:13:57 GSD getOne 第 1 次 等待 1 秒
2021-07-15 01:13:58 查询号码 【1655089】，返回信息 {"status":"bad","msg":""}
2021-07-15 01:13:58 查询号码 【1655089】，GSD为【""】
2021-07-15 01:13:58 bad
2021-07-15 01:14:01 CHB 1655089?1626282838 第 1 次 等待 1 秒
2021-07-15 01:14:02 CHB 1655089?1626282838 第 1 次 获取到号码【1655089】GSD
2021-07-15 01:14:02 获取到号码【1655089】的GSD为【河南-郑州】
2021-07-15 01:14:04 GSD insert 第 1 次 等待 1 秒
2021-07-15 01:14:05 {"status":"ok","gid":278864,"msg":"添加成功！"}
2021-07-15 01:14:05 下次操作: 2021-07-15 01:14:20

2021-07-15 01:14:20 开始第 27 次操作

2021-07-15 01:14:20 开始操作号码 【1655090】
2021-07-15 01:14:33 GSD getOne 第 1 次 等待 1 秒
2021-07-15 01:14:34 查询号码 【1655090】，返回信息 {"status":"bad","msg":""}
2021-07-15 01:14:34 查询号码 【1655090】，GSD为【""】
2021-07-15 01:14:34 bad
2021-07-15 01:14:36 CHB 1655090?1626282874 第 1 次 等待 1 秒
2021-07-15 01:14:37 CHB 1655090?1626282874 第 1 次 获取到号码【1655090】GSD
2021-07-15 01:14:37 获取到号码【1655090】的GSD为【福建-泉州】
2021-07-15 01:14:39 GSD insert 第 1 次 等待 1 秒
2021-07-15 01:14:40 {"status":"ok","gid":278871,"msg":"添加成功！"}
2021-07-15 01:14:40 下次操作: 2021-07-15 01:14:52

2021-07-15 01:14:52 开始第 28 次操作

2021-07-15 01:14:52 开始操作号码 【1655091】
2021-07-15 01:14:56 GSD getOne 第 1 次 等待 1 秒
2021-07-15 01:14:57 查询号码 【1655091】，返回信息 {"status":"bad","msg":""}
2021-07-15 01:14:58 查询号码 【1655091】，GSD为【""】
2021-07-15 01:14:58 bad
2021-07-15 01:15:01 CHB 1655091?1626282898 第 1 次 等待 1 秒
2021-07-15 01:15:02 CHB 1655091?1626282898 第 1 次 获取到号码【1655091】GSD
2021-07-15 01:15:02 获取到号码【1655091】的GSD为【福建-福州】
2021-07-15 01:15:05 GSD insert 第 1 次 等待 1 秒
2021-07-15 01:15:06 {"status":"ok","gid":278873,"msg":"添加成功！"}
2021-07-15 01:15:06 下次操作: 2021-07-15 01:15:22

2021-07-15 01:15:22 开始第 29 次操作

2021-07-15 01:15:22 开始操作号码 【1655092】
2021-07-15 01:15:25 GSD getOne 第 1 次 等待 1 秒
2021-07-15 01:15:26 查询号码 【1655092】，返回信息 {"status":"bad","msg":""}
2021-07-15 01:15:26 查询号码 【1655092】，GSD为【""】
2021-07-15 01:15:26 bad
2021-07-15 01:15:29 CHB 1655092?1626282926 第 1 次 等待 1 秒
2021-07-15 01:15:30 CHB 1655092?1626282926 第 1 次 获取到号码【1655092】GSD
2021-07-15 01:15:30 获取到号码【1655092】的GSD为【福建-莆田】
2021-07-15 01:16:11 GSD insert 第 1 次 等待 1 秒
2021-07-15 01:16:12 {"status":"ok","gid":278883,"msg":"添加成功！"}
2021-07-15 01:16:12 下次操作: 2021-07-15 01:16:20

2021-07-15 01:16:20 开始第 30 次操作

2021-07-15 01:16:20 开始操作号码 【1655093】
2021-07-15 01:16:21 GSD getOne 第 1 次 等待 1 秒
2021-07-15 01:16:22 查询号码 【1655093】，返回信息 {"status":"bad","msg":""}
2021-07-15 01:16:22 查询号码 【1655093】，GSD为【""】
2021-07-15 01:16:22 bad
2021-07-15 01:16:25 CHB 1655093?1626282982 第 1 次 等待 1 秒
2021-07-15 01:16:26 CHB 1655093?1626282982 第 1 次 获取到号码【1655093】GSD
2021-07-15 01:16:26 获取到号码【1655093】的GSD为【福建-福州】
2021-07-15 01:16:28 GSD insert 第 1 次 等待 1 秒
2021-07-15 01:16:29 {"status":"ok","gid":278886,"msg":"添加成功！"}

2021-07-15 01:45:45 开始第 1 次操作

2021-07-15 01:45:45 开始操作号码 【1655094】
2021-07-15 01:45:48 GSD getOne 第 1 次 等待 1 秒
2021-07-15 01:45:49 查询号码 【1655094】，返回信息 {"status":"bad","msg":""}
2021-07-15 01:45:50 查询号码 【1655094】，GSD为【""】
2021-07-15 01:45:50 bad
2021-07-15 01:45:51 CHB 1655094?1626284750 第 1 次 等待 1 秒
2021-07-15 01:45:52 CHB 1655094?1626284750 第 1 次 获取到号码【1655094】GSD
2021-07-15 01:45:52 获取到号码【1655094】的GSD为【福建-厦门】
2021-07-15 01:46:03 GSD insert 第 1 次 等待 1 秒
2021-07-15 01:46:04 {"status":"ok","gid":279034,"msg":"添加成功！"}
2021-07-15 01:46:04 下次操作: 2021-07-15 01:46:10

2021-07-15 01:46:10 开始第 2 次操作

2021-07-15 01:46:10 开始操作号码 【1655095】
2021-07-15 01:46:12 GSD getOne 第 1 次 等待 1 秒
2021-07-15 01:46:13 查询号码 【1655095】，返回信息 {"status":"bad","msg":""}
2021-07-15 01:46:13 查询号码 【1655095】，GSD为【""】
2021-07-15 01:46:13 bad
2021-07-15 01:46:14 CHB 1655095?1626284773 第 1 次 等待 1 秒
2021-07-15 01:46:15 CHB 1655095?1626284773 第 1 次 获取到号码【1655095】GSD
2021-07-15 01:46:15 获取到号码【1655095】的GSD为【福建-泉州】
2021-07-15 01:46:18 GSD insert 第 1 次 等待 1 秒
2021-07-15 01:46:19 {"status":"ok","gid":279038,"msg":"添加成功！"}
2021-07-15 01:46:19 下次操作: 2021-07-15 01:46:29

2021-07-15 01:46:29 开始第 3 次操作

2021-07-15 01:46:29 开始操作号码 【1655096】
2021-07-15 01:46:30 GSD getOne 第 1 次 等待 1 秒
2021-07-15 01:46:31 查询号码 【1655096】，返回信息 {"status":"bad","msg":""}
2021-07-15 01:46:31 查询号码 【1655096】，GSD为【""】
2021-07-15 01:46:31 bad
2021-07-15 01:46:33 CHB 1655096?1626284791 第 1 次 等待 1 秒
2021-07-15 01:46:34 CHB 1655096?1626284791 第 1 次 获取到号码【1655096】GSD
2021-07-15 01:46:34 获取到号码【1655096】的GSD为【福建-泉州】
2021-07-15 01:46:37 GSD insert 第 1 次 等待 1 秒
2021-07-15 01:46:38 {"status":"ok","gid":279043,"msg":"添加成功！"}
2021-07-15 01:46:38 下次操作: 2021-07-15 01:46:53

2021-07-15 01:46:53 开始第 4 次操作

2021-07-15 01:46:53 开始操作号码 【1655097】
2021-07-15 01:51:53 GSD getOne 第 1 次 等待 1 秒
2021-07-15 01:51:59 GSD getOne 第 2 次 等待 1 秒
2021-07-15 01:52:00 查询号码 【1655097】，返回信息 {"status":"bad","msg":""}
2021-07-15 01:52:00 查询号码 【1655097】，GSD为【""】
2021-07-15 01:52:00 bad
2021-07-15 01:52:02 CHB 1655097?1626285120 第 1 次 等待 1 秒
2021-07-15 01:52:03 CHB 1655097?1626285120 第 1 次 获取到号码【1655097】GSD
2021-07-15 01:52:03 获取到号码【1655097】的GSD为【福建-泉州】
2021-07-15 01:52:06 GSD insert 第 1 次 等待 1 秒
2021-07-15 01:52:07 {"status":"ok","gid":279131,"msg":"添加成功！"}
2021-07-15 01:52:07 下次操作: 2021-07-15 01:52:25

2021-07-15 01:52:25 开始第 5 次操作

2021-07-15 01:52:25 开始操作号码 【1655098】
2021-07-15 01:52:26 GSD getOne 第 1 次 等待 1 秒
2021-07-15 01:52:27 查询号码 【1655098】，返回信息 {"status":"bad","msg":""}
2021-07-15 01:52:27 查询号码 【1655098】，GSD为【""】
2021-07-15 01:52:27 bad
2021-07-15 01:52:29 CHB 1655098?1626285147 第 1 次 等待 1 秒
2021-07-15 01:52:30 CHB 1655098?1626285147 第 1 次 获取到号码【1655098】GSD
2021-07-15 01:52:30 获取到号码【1655098】的GSD为【福建-莆田】
2021-07-15 01:52:31 GSD insert 第 1 次 等待 1 秒
2021-07-15 01:52:32 {"status":"ok","gid":279138,"msg":"添加成功！"}
2021-07-15 01:52:32 下次操作: 2021-07-15 01:52:42

2021-07-15 01:52:42 开始第 6 次操作

2021-07-15 01:52:42 开始操作号码 【1655099】
2021-07-15 01:52:45 GSD getOne 第 1 次 等待 1 秒
2021-07-15 01:52:46 查询号码 【1655099】，返回信息 {"status":"bad","msg":""}
2021-07-15 01:52:46 查询号码 【1655099】，GSD为【""】
2021-07-15 01:52:46 bad
2021-07-15 01:52:48 CHB 1655099?1626285166 第 1 次 等待 1 秒
2021-07-15 01:52:49 CHB 1655099?1626285166 第 1 次 获取到号码【1655099】GSD
2021-07-15 01:52:49 获取到号码【1655099】的GSD为【福建-福州】
2021-07-15 01:52:51 GSD insert 第 1 次 等待 1 秒
2021-07-15 01:52:52 {"status":"ok","gid":279143,"msg":"添加成功！"}
2021-07-15 01:52:52 下次操作: 2021-07-15 01:53:03

2021-07-15 01:53:03 开始第 7 次操作

2021-07-15 01:53:03 开始操作号码 【1655100】
2021-07-15 01:53:04 GSD getOne 第 1 次 等待 1 秒
2021-07-15 01:53:05 查询号码 【1655100】，返回信息 {"status":"bad","msg":""}
2021-07-15 01:53:05 查询号码 【1655100】，GSD为【""】
2021-07-15 01:53:05 bad
2021-07-15 01:53:07 CHB 1655100?1626285185 第 1 次 等待 1 秒
2021-07-15 01:53:08 CHB 1655100?1626285185 第 1 次 获取到号码【1655100】GSD
2021-07-15 01:53:08 获取到号码【1655100】的GSD为【四川-成都】
2021-07-15 01:53:16 GSD insert 第 1 次 等待 1 秒
2021-07-15 01:53:17 {"status":"ok","gid":279150,"msg":"添加成功！"}
2021-07-15 01:53:17 下次操作: 2021-07-15 01:53:32

2021-07-15 01:53:32 开始第 8 次操作

2021-07-15 01:53:32 开始操作号码 【1655101】
2021-07-15 01:53:34 GSD getOne 第 1 次 等待 1 秒
2021-07-15 01:53:35 查询号码 【1655101】，返回信息 {"status":"bad","msg":""}
2021-07-15 01:53:35 查询号码 【1655101】，GSD为【""】
2021-07-15 01:53:35 bad
2021-07-15 01:53:37 CHB 1655101?1626285215 第 1 次 等待 1 秒
2021-07-15 01:53:38 CHB 1655101?1626285215 第 1 次 获取到号码【1655101】GSD
2021-07-15 01:53:38 获取到号码【1655101】的GSD为【四川-成都】
2021-07-15 01:53:39 GSD insert 第 1 次 等待 1 秒
2021-07-15 01:53:40 {"status":"ok","gid":279158,"msg":"添加成功！"}
2021-07-15 01:53:40 下次操作: 2021-07-15 01:53:57

2021-07-15 01:53:57 开始第 9 次操作

2021-07-15 01:53:57 开始操作号码 【1655102】
2021-07-15 01:54:07 GSD getOne 第 1 次 等待 1 秒
2021-07-15 01:54:08 查询号码 【1655102】，返回信息 {"status":"bad","msg":""}
2021-07-15 01:54:08 查询号码 【1655102】，GSD为【""】
2021-07-15 01:54:08 bad
2021-07-15 01:54:10 CHB 1655102?1626285248 第 1 次 等待 1 秒
2021-07-15 01:54:11 CHB 1655102?1626285248 第 1 次 获取到号码【1655102】GSD
2021-07-15 01:54:11 获取到号码【1655102】的GSD为【四川-成都】
2021-07-15 01:54:18 GSD insert 第 1 次 等待 1 秒
2021-07-15 01:54:19 {"status":"ok","gid":279170,"msg":"添加成功！"}
2021-07-15 01:54:19 下次操作: 2021-07-15 01:54:33

2021-07-15 01:54:33 开始第 10 次操作

2021-07-15 01:54:33 开始操作号码 【1655103】
2021-07-15 01:54:34 GSD getOne 第 1 次 等待 1 秒
2021-07-15 01:54:35 查询号码 【1655103】，返回信息 {"status":"bad","msg":""}
2021-07-15 01:54:35 查询号码 【1655103】，GSD为【""】
2021-07-15 01:54:35 bad
2021-07-15 01:54:37 CHB 1655103?1626285275 第 1 次 等待 1 秒
2021-07-15 01:54:38 CHB 1655103?1626285275 第 1 次 获取到号码【1655103】GSD
2021-07-15 01:54:38 获取到号码【1655103】的GSD为【四川-成都】
2021-07-15 01:54:39 GSD insert 第 1 次 等待 1 秒
2021-07-15 01:54:40 {"status":"ok","gid":279178,"msg":"添加成功！"}
2021-07-15 01:54:40 下次操作: 2021-07-15 01:54:48

2021-07-15 01:54:48 开始第 11 次操作

2021-07-15 01:54:48 开始操作号码 【1655104】
2021-07-15 01:54:49 GSD getOne 第 1 次 等待 1 秒
2021-07-15 01:54:50 查询号码 【1655104】，返回信息 {"status":"bad","msg":""}
2021-07-15 01:54:50 查询号码 【1655104】，GSD为【""】
2021-07-15 01:54:50 bad
2021-07-15 01:54:53 CHB 1655104?1626285290 第 1 次 等待 1 秒
2021-07-15 01:54:54 CHB 1655104?1626285290 第 1 次 获取到号码【1655104】GSD
2021-07-15 01:54:54 获取到号码【1655104】的GSD为【吉林-吉林】
2021-07-15 01:54:58 GSD insert 第 1 次 等待 1 秒
2021-07-15 01:54:59 {"status":"ok","gid":279185,"msg":"添加成功！"}
2021-07-15 01:54:59 下次操作: 2021-07-15 01:55:13

2021-07-15 01:55:13 开始第 12 次操作

2021-07-15 01:55:13 开始操作号码 【1655105】
2021-07-15 01:55:14 GSD getOne 第 1 次 等待 1 秒
2021-07-15 01:55:15 查询号码 【1655105】，返回信息 {"status":"ok","msg":"四川-成都","gid":"28431","time_insert":"2019-11-15 11:24","time_update":"2020-10-27 12:55"}
2021-07-15 01:55:15 查询号码 【1655105】，GSD为【"四川-成都"】

2021-07-15 01:55:15 开始第 12 次操作

2021-07-15 01:55:15 开始操作号码 【1655106】
2021-07-15 01:55:19 GSD getOne 第 1 次 等待 1 秒
2021-07-15 01:55:20 查询号码 【1655106】，返回信息 {"status":"bad","msg":""}
2021-07-15 01:55:20 查询号码 【1655106】，GSD为【""】
2021-07-15 01:55:20 bad
2021-07-15 01:55:22 CHB 1655106?1626285320 第 1 次 等待 1 秒
2021-07-15 01:55:23 CHB 1655106?1626285320 第 1 次 获取到号码【1655106】GSD
2021-07-15 01:55:23 获取到号码【1655106】的GSD为【四川-成都】
2021-07-15 01:55:25 GSD insert 第 1 次 等待 1 秒
2021-07-15 01:55:26 {"status":"ok","gid":279193,"msg":"添加成功！"}
2021-07-15 01:55:26 下次操作: 2021-07-15 01:55:43

2021-07-15 01:55:43 开始第 13 次操作

2021-07-15 01:55:43 开始操作号码 【1655107】
2021-07-15 01:55:48 GSD getOne 第 1 次 等待 1 秒
2021-07-15 01:55:49 查询号码 【1655107】，返回信息 {"status":"bad","msg":""}
2021-07-15 01:55:49 查询号码 【1655107】，GSD为【""】
2021-07-15 01:55:49 bad
2021-07-15 01:55:50 CHB 1655107?1626285349 第 1 次 等待 1 秒
2021-07-15 01:55:51 CHB 1655107?1626285349 第 1 次 获取到号码【1655107】GSD
2021-07-15 01:55:51 获取到号码【1655107】的GSD为【四川-乐山】
2021-07-15 01:55:59 GSD insert 第 1 次 等待 1 秒
2021-07-15 01:56:00 {"status":"ok","gid":279202,"msg":"添加成功！"}
2021-07-15 01:56:00 下次操作: 2021-07-15 01:56:17

2021-07-15 01:56:17 开始第 14 次操作

2021-07-15 01:56:17 开始操作号码 【1655108】
2021-07-15 01:56:19 GSD getOne 第 1 次 等待 1 秒
2021-07-15 01:56:20 查询号码 【1655108】，返回信息 {"status":"bad","msg":""}
2021-07-15 01:56:20 查询号码 【1655108】，GSD为【""】
2021-07-15 01:56:20 bad
2021-07-15 01:56:22 CHB 1655108?1626285380 第 1 次 等待 1 秒
2021-07-15 01:56:23 CHB 1655108?1626285380 第 1 次 获取到号码【1655108】GSD
2021-07-15 01:56:23 获取到号码【1655108】的GSD为【四川-乐山】
2021-07-15 01:56:25 GSD insert 第 1 次 等待 1 秒
2021-07-15 01:56:26 {"status":"ok","gid":279208,"msg":"添加成功！"}
2021-07-15 01:56:26 下次操作: 2021-07-15 01:56:41

2021-07-15 01:56:42 开始第 15 次操作

2021-07-15 01:56:42 开始操作号码 【1655109】
2021-07-15 01:56:45 GSD getOne 第 1 次 等待 1 秒
2021-07-15 01:56:46 查询号码 【1655109】，返回信息 {"status":"bad","msg":""}
2021-07-15 01:56:46 查询号码 【1655109】，GSD为【""】
2021-07-15 01:56:46 bad
2021-07-15 01:56:47 CHB 1655109?1626285406 第 1 次 等待 1 秒
2021-07-15 01:56:48 CHB 1655109?1626285406 第 1 次 获取到号码【1655109】GSD
2021-07-15 01:56:48 获取到号码【1655109】的GSD为【四川-乐山】
2021-07-15 01:56:50 GSD insert 第 1 次 等待 1 秒
2021-07-15 01:56:51 {"status":"ok","gid":279215,"msg":"添加成功！"}
2021-07-15 01:56:51 下次操作: 2021-07-15 01:57:06

2021-07-15 01:57:06 开始第 16 次操作

2021-07-15 01:57:06 开始操作号码 【1655110】
2021-07-15 01:57:07 GSD getOne 第 1 次 等待 1 秒
2021-07-15 01:57:08 查询号码 【1655110】，返回信息 {"status":"bad","msg":""}
2021-07-15 01:57:08 查询号码 【1655110】，GSD为【""】
2021-07-15 01:57:08 bad
2021-07-15 01:57:09 CHB 1655110?1626285428 第 1 次 等待 1 秒
2021-07-15 01:57:10 CHB 1655110?1626285428 第 1 次 获取到号码【1655110】GSD
2021-07-15 01:57:11 获取到号码【1655110】的GSD为【辽宁-沈阳】
2021-07-15 01:57:12 GSD insert 第 1 次 等待 1 秒
2021-07-15 01:57:13 {"status":"ok","gid":279219,"msg":"添加成功！"}
2021-07-15 01:57:13 下次操作: 2021-07-15 01:57:30

2021-07-15 01:57:30 开始第 17 次操作

2021-07-15 01:57:30 开始操作号码 【1655111】
2021-07-15 01:57:34 GSD getOne 第 1 次 等待 1 秒
2021-07-15 01:57:35 查询号码 【1655111】，返回信息 {"status":"bad","msg":""}
2021-07-15 01:57:35 查询号码 【1655111】，GSD为【""】
2021-07-15 01:57:35 bad
2021-07-15 01:57:36 CHB 1655111?1626285455 第 1 次 等待 1 秒
2021-07-15 01:57:37 CHB 1655111?1626285455 第 1 次 获取到号码【1655111】GSD
2021-07-15 01:57:37 获取到号码【1655111】的GSD为【黑龙江-哈尔滨】
2021-07-15 01:57:39 GSD insert 第 1 次 等待 1 秒
2021-07-15 01:57:40 {"status":"ok","gid":279227,"msg":"添加成功！"}
2021-07-15 01:57:40 下次操作: 2021-07-15 01:57:53

2021-07-15 01:57:53 开始第 18 次操作

2021-07-15 01:57:53 开始操作号码 【1655112】
2021-07-15 01:58:01 GSD getOne 第 1 次 等待 1 秒
2021-07-15 01:58:02 查询号码 【1655112】，返回信息 {"status":"bad","msg":""}
2021-07-15 01:58:03 查询号码 【1655112】，GSD为【""】
2021-07-15 01:58:03 bad
2021-07-15 01:58:04 CHB 1655112?1626285483 第 1 次 等待 1 秒
2021-07-15 01:58:05 CHB 1655112?1626285483 第 1 次 获取到号码【1655112】GSD
2021-07-15 01:58:05 获取到号码【1655112】的GSD为【辽宁-沈阳】
2021-07-15 01:58:11 GSD insert 第 1 次 等待 1 秒
2021-07-15 01:58:12 {"status":"ok","gid":279232,"msg":"添加成功！"}
2021-07-15 01:58:12 下次操作: 2021-07-15 01:58:29

2021-07-15 01:58:29 开始第 19 次操作

2021-07-15 01:58:29 开始操作号码 【1655113】
2021-07-15 01:58:30 GSD getOne 第 1 次 等待 1 秒
2021-07-15 01:58:31 查询号码 【1655113】，返回信息 {"status":"bad","msg":""}
2021-07-15 01:58:31 查询号码 【1655113】，GSD为【""】
2021-07-15 01:58:31 bad
2021-07-15 01:58:34 CHB 1655113?1626285511 第 1 次 等待 1 秒
2021-07-15 01:58:35 CHB 1655113?1626285511 第 1 次 获取到号码【1655113】GSD
2021-07-15 01:58:35 获取到号码【1655113】的GSD为【辽宁-沈阳】
2021-07-15 01:58:36 GSD insert 第 1 次 等待 1 秒
2021-07-15 01:58:37 {"status":"ok","gid":279236,"msg":"添加成功！"}
2021-07-15 01:58:37 下次操作: 2021-07-15 01:58:43

2021-07-15 01:58:43 开始第 20 次操作

2021-07-15 01:58:43 开始操作号码 【1655114】
2021-07-15 01:58:44 GSD getOne 第 1 次 等待 1 秒
2021-07-15 01:58:45 查询号码 【1655114】，返回信息 {"status":"bad","msg":""}
2021-07-15 01:58:45 查询号码 【1655114】，GSD为【""】
2021-07-15 01:58:45 bad
2021-07-15 01:58:47 CHB 1655114?1626285525 第 1 次 等待 1 秒
2021-07-15 01:58:48 CHB 1655114?1626285525 第 1 次 获取到号码【1655114】GSD
2021-07-15 01:58:48 获取到号码【1655114】的GSD为【辽宁-沈阳】
2021-07-15 01:58:49 GSD insert 第 1 次 等待 1 秒
2021-07-15 01:58:50 {"status":"ok","gid":279239,"msg":"添加成功！"}
2021-07-15 01:58:50 下次操作: 2021-07-15 01:59:07

2021-07-15 01:59:07 开始第 21 次操作

2021-07-15 01:59:07 开始操作号码 【1655115】
2021-07-15 01:59:21 GSD getOne 第 1 次 等待 1 秒
2021-07-15 01:59:22 查询号码 【1655115】，返回信息 {"status":"bad","msg":""}
2021-07-15 01:59:22 查询号码 【1655115】，GSD为【""】
2021-07-15 01:59:22 bad
2021-07-15 01:59:24 CHB 1655115?1626285562 第 1 次 等待 1 秒
2021-07-15 01:59:25 CHB 1655115?1626285562 第 1 次 获取到号码【1655115】GSD
2021-07-15 01:59:25 未获取到号码【1655115】GSD，查号吧 400 错误
2021-07-15 01:59:25 获取到号码【1655115】的GSD为【-】
2021-07-15 01:59:26 GSD insert 第 1 次 等待 1 秒
2021-07-15 01:59:27 {"status":"ok","gid":279244,"msg":"添加成功！"}
2021-07-15 01:59:27 下次操作: 2021-07-15 01:59:44

2021-07-15 01:59:44 开始第 22 次操作

2021-07-15 01:59:44 开始操作号码 【1655116】
2021-07-15 01:59:51 GSD getOne 第 1 次 等待 1 秒
2021-07-15 01:59:52 查询号码 【1655116】，返回信息 {"status":"bad","msg":""}
2021-07-15 01:59:53 查询号码 【1655116】，GSD为【""】
2021-07-15 01:59:53 bad
2021-07-15 01:59:54 CHB 1655116?1626285593 第 1 次 等待 1 秒
2021-07-15 01:59:55 CHB 1655116?1626285593 第 1 次 获取到号码【1655116】GSD
2021-07-15 01:59:55 获取到号码【1655116】的GSD为【辽宁-沈阳】
2021-07-15 01:59:56 GSD insert 第 1 次 等待 1 秒
2021-07-15 01:59:57 {"status":"ok","gid":279249,"msg":"添加成功！"}
2021-07-15 01:59:57 下次操作: 2021-07-15 02:00:11

2021-07-15 02:00:11 开始第 23 次操作

2021-07-15 02:00:11 开始操作号码 【1655117】
2021-07-15 02:00:14 GSD getOne 第 1 次 等待 1 秒
2021-07-15 02:00:15 查询号码 【1655117】，返回信息 {"status":"bad","msg":""}
2021-07-15 02:00:15 查询号码 【1655117】，GSD为【""】
2021-07-15 02:00:15 bad
2021-07-15 02:00:17 CHB 1655117?1626285615 第 1 次 等待 1 秒
2021-07-15 02:00:18 CHB 1655117?1626285615 第 1 次 获取到号码【1655117】GSD
2021-07-15 02:00:18 获取到号码【1655117】的GSD为【辽宁-沈阳】
2021-07-15 02:00:19 GSD insert 第 1 次 等待 1 秒
2021-07-15 02:00:20 {"status":"ok","gid":279253,"msg":"添加成功！"}
2021-07-15 02:00:20 下次操作: 2021-07-15 02:00:28

2021-07-15 02:00:28 开始第 24 次操作

2021-07-15 02:00:28 开始操作号码 【1655118】
2021-07-15 02:00:29 GSD getOne 第 1 次 等待 1 秒
2021-07-15 02:00:30 查询号码 【1655118】，返回信息 {"status":"bad","msg":""}
2021-07-15 02:00:30 查询号码 【1655118】，GSD为【""】
2021-07-15 02:00:30 bad
2021-07-15 02:00:32 CHB 1655118?1626285630 第 1 次 等待 1 秒
2021-07-15 02:00:33 CHB 1655118?1626285630 第 1 次 获取到号码【1655118】GSD
2021-07-15 02:00:33 获取到号码【1655118】的GSD为【辽宁-沈阳】
2021-07-15 02:00:34 GSD insert 第 1 次 等待 1 秒
2021-07-15 02:00:35 {"status":"ok","gid":279255,"msg":"添加成功！"}
2021-07-15 02:00:35 下次操作: 2021-07-15 02:00:48

2021-07-15 02:00:48 开始第 25 次操作

2021-07-15 02:00:48 开始操作号码 【1655119】
2021-07-15 02:00:49 GSD getOne 第 1 次 等待 1 秒
2021-07-15 02:00:50 查询号码 【1655119】，返回信息 {"status":"bad","msg":""}
2021-07-15 02:00:50 查询号码 【1655119】，GSD为【""】
2021-07-15 02:00:50 bad
2021-07-15 02:00:51 CHB 1655119?1626285650 第 1 次 等待 1 秒
2021-07-15 02:00:52 CHB 1655119?1626285650 第 1 次 获取到号码【1655119】GSD
2021-07-15 02:00:53 获取到号码【1655119】的GSD为【辽宁-沈阳】
2021-07-15 02:00:54 GSD insert 第 1 次 等待 1 秒
2021-07-15 02:00:55 {"status":"ok","gid":279258,"msg":"添加成功！"}
2021-07-15 02:00:55 下次操作: 2021-07-15 02:01:11

2021-07-15 02:01:11 开始第 26 次操作

2021-07-15 02:01:11 开始操作号码 【1655120】
2021-07-15 02:01:12 GSD getOne 第 1 次 等待 1 秒
2021-07-15 02:01:13 查询号码 【1655120】，返回信息 {"status":"bad","msg":""}
2021-07-15 02:01:13 查询号码 【1655120】，GSD为【""】
2021-07-15 02:01:13 bad
2021-07-15 02:01:15 CHB 1655120?1626285673 第 1 次 等待 1 秒
2021-07-15 02:01:16 CHB 1655120?1626285673 第 1 次 获取到号码【1655120】GSD
2021-07-15 02:01:16 获取到号码【1655120】的GSD为【北京-北京】
2021-07-15 02:01:17 GSD insert 第 1 次 等待 1 秒
2021-07-15 02:01:18 {"status":"ok","gid":279261,"msg":"添加成功！"}
2021-07-15 02:01:18 下次操作: 2021-07-15 02:01:31

2021-07-15 02:01:31 开始第 27 次操作

2021-07-15 02:01:31 开始操作号码 【1655121】
2021-07-15 02:01:33 GSD getOne 第 1 次 等待 1 秒
2021-07-15 02:01:34 查询号码 【1655121】，返回信息 {"status":"bad","msg":""}
2021-07-15 02:01:34 查询号码 【1655121】，GSD为【""】
2021-07-15 02:01:34 bad
2021-07-15 02:01:35 CHB 1655121?1626285694 第 1 次 等待 1 秒
2021-07-15 02:01:36 CHB 1655121?1626285694 第 1 次 获取到号码【1655121】GSD
2021-07-15 02:01:36 获取到号码【1655121】的GSD为【北京-北京】
2021-07-15 02:01:47 GSD insert 第 1 次 等待 1 秒
2021-07-15 02:01:48 {"status":"ok","gid":279265,"msg":"添加成功！"}
2021-07-15 02:01:48 下次操作: 2021-07-15 02:02:05

2021-07-15 02:02:05 开始第 28 次操作

2021-07-15 02:02:05 开始操作号码 【1655122】
2021-07-15 02:02:06 GSD getOne 第 1 次 等待 1 秒
2021-07-15 02:02:07 查询号码 【1655122】，返回信息 {"status":"bad","msg":""}
2021-07-15 02:02:07 查询号码 【1655122】，GSD为【""】
2021-07-15 02:02:07 bad
2021-07-15 02:02:09 CHB 1655122?1626285727 第 1 次 等待 1 秒
2021-07-15 02:02:10 CHB 1655122?1626285727 第 1 次 获取到号码【1655122】GSD
2021-07-15 02:02:10 获取到号码【1655122】的GSD为【河北-廊坊】
2021-07-15 02:02:11 GSD insert 第 1 次 等待 1 秒
2021-07-15 02:02:12 {"status":"ok","gid":279270,"msg":"添加成功！"}
2021-07-15 02:02:12 下次操作: 2021-07-15 02:02:19

2021-07-15 02:02:19 开始第 29 次操作

2021-07-15 02:02:20 开始操作号码 【1655123】
2021-07-15 02:02:30 GSD getOne 第 1 次 等待 1 秒
2021-07-15 02:02:31 查询号码 【1655123】，返回信息 {"status":"bad","msg":""}
2021-07-15 02:02:31 查询号码 【1655123】，GSD为【""】
2021-07-15 02:02:31 bad
2021-07-15 02:02:33 CHB 1655123?1626285751 第 1 次 等待 1 秒
2021-07-15 02:02:34 CHB 1655123?1626285751 第 1 次 获取到号码【1655123】GSD
2021-07-15 02:02:34 获取到号码【1655123】的GSD为【河北-廊坊】
2021-07-15 02:02:40 GSD insert 第 1 次 等待 1 秒
2021-07-15 02:02:41 {"status":"ok","gid":279274,"msg":"添加成功！"}
2021-07-15 02:02:41 下次操作: 2021-07-15 02:02:48

2021-07-15 02:02:48 开始第 30 次操作

2021-07-15 02:02:48 开始操作号码 【1655124】
2021-07-15 02:02:49 GSD getOne 第 1 次 等待 1 秒
2021-07-15 02:02:50 查询号码 【1655124】，返回信息 {"status":"bad","msg":""}
2021-07-15 02:02:50 查询号码 【1655124】，GSD为【""】
2021-07-15 02:02:50 bad
2021-07-15 02:02:52 CHB 1655124?1626285770 第 1 次 等待 1 秒
2021-07-15 02:02:53 CHB 1655124?1626285770 第 1 次 获取到号码【1655124】GSD
2021-07-15 02:02:53 获取到号码【1655124】的GSD为【北京-北京】
2021-07-15 02:02:56 GSD insert 第 1 次 等待 1 秒
2021-07-15 02:02:57 {"status":"ok","gid":279278,"msg":"添加成功！"}

