2024-01-30 00:19:19 开始第 873 次操作

2024-01-30 00:19:19 开始操作号码 【1710775】
2024-01-30 00:19:27 GSD getOne 第 1 次 等待 3 秒
2024-01-30 00:19:30 查询号码 【1710775】，返回信息 {"status":"ok","msg":"浙江-杭州","gid":"140811","time_insert":"2021-06-27 17:57","time_update":"2021-06-30 18:01"}
2024-01-30 00:19:31 查询号码 【1710775】，GSD为【"浙江-杭州"】

2024-01-30 00:19:32 开始第 874 次操作

2024-01-30 00:19:32 开始操作号码 【1710776】
2024-01-30 00:19:36 GSD getOne 第 1 次 等待 3 秒
2024-01-30 00:19:39 查询号码 【1710776】，返回信息 {"status":"ok","msg":"浙江-杭州","gid":"140823","time_insert":"2021-06-27 17:57","time_update":"2021-06-30 18:46"}
2024-01-30 00:19:39 查询号码 【1710776】，GSD为【"浙江-杭州"】

2024-01-30 00:19:40 开始第 875 次操作

2024-01-30 00:19:40 开始操作号码 【1710777】
2024-01-30 00:19:44 GSD getOne 第 1 次 等待 3 秒
2024-01-30 00:19:47 查询号码 【1710777】，返回信息 {"status":"ok","msg":"浙江-杭州","gid":"140831","time_insert":"2021-06-27 17:58","time_update":"2021-06-30 18:47"}
2024-01-30 00:19:47 查询号码 【1710777】，GSD为【"浙江-杭州"】

2024-01-30 00:19:48 开始第 876 次操作

2024-01-30 00:19:48 开始操作号码 【1710778】
2024-01-30 00:19:52 GSD getOne 第 1 次 等待 3 秒
2024-01-30 00:19:55 查询号码 【1710778】，返回信息 {"status":"ok","msg":"浙江-杭州","gid":"140843","time_insert":"2021-06-27 17:59","time_update":"2021-06-30 18:48"}
2024-01-30 00:19:55 查询号码 【1710778】，GSD为【"浙江-杭州"】

