2021-07-20 00:00:41 开始第 17 次操作

2021-07-20 00:00:41 开始操作号码 【1659534】
2021-07-20 00:00:45 GSD getOne 第 1 次 等待 3 秒
2021-07-20 00:00:48 查询号码 【1659534】，返回信息 {"status":"bad","msg":""}
2021-07-20 00:00:48 查询号码 【1659534】，GSD为【""】
2021-07-20 00:00:48 bad
2021-07-20 00:00:49 CHB 1659534?1626710448 第 1 次 等待 3 秒
2021-07-20 00:00:52 CHB 1659534?1626710448 第 1 次 获取到号码【1659534】GSD
2021-07-20 00:00:52 未获取到号码【1659534】GSD，可能号码格式错误
2021-07-20 00:00:52 获取到号码【1659534】的GSD为【-】
2021-07-20 00:00:56 GSD insert 第 1 次 等待 3 秒
2021-07-20 00:00:59 {"status":"ok","gid":331096,"msg":"添加成功！"}
2021-07-20 00:00:59 下次操作: 2021-07-20 00:01:23

2021-07-20 00:01:23 开始第 18 次操作

2021-07-20 00:01:23 开始操作号码 【1659535】
2021-07-20 00:01:29 GSD getOne 第 1 次 等待 3 秒
2021-07-20 00:01:32 查询号码 【1659535】，返回信息 {"status":"bad","msg":""}
2021-07-20 00:01:32 查询号码 【1659535】，GSD为【""】
2021-07-20 00:01:32 bad
2021-07-20 00:01:39 CHB 1659535?1626710492 第 1 次 等待 3 秒
2021-07-20 00:01:42 CHB 1659535?1626710492 第 1 次 获取到号码【1659535】GSD
2021-07-20 00:01:42 未获取到号码【1659535】GSD，可能号码格式错误
2021-07-20 00:01:42 获取到号码【1659535】的GSD为【-】
2021-07-20 00:01:49 GSD insert 第 1 次 等待 3 秒
2021-07-20 00:01:52 {"status":"ok","gid":331103,"msg":"添加成功！"}
2021-07-20 00:01:52 下次操作: 2021-07-20 00:02:14

2021-07-20 00:02:14 开始第 19 次操作

2021-07-20 00:02:14 开始操作号码 【1659536】
2021-07-20 00:02:17 GSD getOne 第 1 次 等待 3 秒
2021-07-20 00:02:20 查询号码 【1659536】，返回信息 {"status":"bad","msg":""}
2021-07-20 00:02:20 查询号码 【1659536】，GSD为【""】
2021-07-20 00:02:20 bad
2021-07-20 00:02:22 CHB 1659536?1626710540 第 1 次 等待 3 秒
2021-07-20 00:02:25 CHB 1659536?1626710540 第 1 次 获取到号码【1659536】GSD
2021-07-20 00:02:25 未获取到号码【1659536】GSD，可能号码格式错误
2021-07-20 00:02:25 获取到号码【1659536】的GSD为【-】
2021-07-20 00:02:34 GSD insert 第 1 次 等待 3 秒
2021-07-20 00:02:37 {"status":"ok","gid":331115,"msg":"添加成功！"}
2021-07-20 00:02:37 下次操作: 2021-07-20 00:02:57

2021-07-20 00:02:57 开始第 20 次操作

2021-07-20 00:02:58 开始操作号码 【1659537】
2021-07-20 00:03:01 GSD getOne 第 1 次 等待 3 秒
2021-07-20 00:03:04 查询号码 【1659537】，返回信息 {"status":"bad","msg":""}
2021-07-20 00:03:04 查询号码 【1659537】，GSD为【""】
2021-07-20 00:03:04 bad
2021-07-20 00:03:05 CHB 1659537?1626710584 第 1 次 等待 3 秒
2021-07-20 00:03:08 CHB 1659537?1626710584 第 1 次 获取到号码【1659537】GSD
2021-07-20 00:03:08 未获取到号码【1659537】GSD，可能号码格式错误
2021-07-20 00:03:08 获取到号码【1659537】的GSD为【-】
2021-07-20 00:03:11 GSD insert 第 1 次 等待 3 秒
2021-07-20 00:03:14 {"status":"ok","gid":331124,"msg":"添加成功！"}
2021-07-20 00:03:14 下次操作: 2021-07-20 00:03:26

2021-07-20 00:03:26 开始第 21 次操作

2021-07-20 00:03:26 开始操作号码 【1659538】
2021-07-20 00:03:30 GSD getOne 第 1 次 等待 3 秒
2021-07-20 00:03:33 查询号码 【1659538】，返回信息 {"status":"bad","msg":""}
2021-07-20 00:03:34 查询号码 【1659538】，GSD为【""】
2021-07-20 00:03:34 bad
2021-07-20 00:03:36 CHB 1659538?1626710614 第 1 次 等待 3 秒
2021-07-20 00:03:39 CHB 1659538?1626710614 第 1 次 获取到号码【1659538】GSD
2021-07-20 00:03:39 未获取到号码【1659538】GSD，可能号码格式错误
2021-07-20 00:03:39 获取到号码【1659538】的GSD为【-】
2021-07-20 00:04:10 GSD insert 第 1 次 等待 3 秒
2021-07-20 00:04:13 {"status":"ok","gid":331135,"msg":"添加成功！"}
2021-07-20 00:04:13 下次操作: 2021-07-20 00:04:30

2021-07-20 00:04:30 开始第 22 次操作

2021-07-20 00:04:30 开始操作号码 【1659539】
2021-07-20 00:04:43 GSD getOne 第 1 次 等待 3 秒
2021-07-20 00:04:46 查询号码 【1659539】，返回信息 {"status":"bad","msg":""}
2021-07-20 00:04:46 查询号码 【1659539】，GSD为【""】
2021-07-20 00:04:46 bad
2021-07-20 00:04:48 CHB 1659539?1626710686 第 1 次 等待 3 秒
2021-07-20 00:04:51 CHB 1659539?1626710686 第 1 次 获取到号码【1659539】GSD
2021-07-20 00:04:51 未获取到号码【1659539】GSD，可能号码格式错误
2021-07-20 00:04:51 获取到号码【1659539】的GSD为【-】
2021-07-20 00:04:55 GSD insert 第 1 次 等待 3 秒
2021-07-20 00:04:58 {"status":"ok","gid":331147,"msg":"添加成功！"}
2021-07-20 00:04:58 下次操作: 2021-07-20 00:05:22

2021-07-20 00:05:22 开始第 23 次操作

2021-07-20 00:05:22 开始操作号码 【1659540】
2021-07-20 00:05:26 GSD getOne 第 1 次 等待 3 秒
2021-07-20 00:05:29 查询号码 【1659540】，返回信息 {"status":"bad","msg":""}
2021-07-20 00:05:29 查询号码 【1659540】，GSD为【""】
2021-07-20 00:05:29 bad
2021-07-20 00:05:31 CHB 1659540?1626710729 第 1 次 等待 3 秒
2021-07-20 00:05:34 CHB 1659540?1626710729 第 1 次 获取到号码【1659540】GSD
2021-07-20 00:05:34 未获取到号码【1659540】GSD，可能号码格式错误
2021-07-20 00:05:34 获取到号码【1659540】的GSD为【-】
2021-07-20 00:05:39 GSD insert 第 1 次 等待 3 秒
2021-07-20 00:05:42 {"status":"ok","gid":331155,"msg":"添加成功！"}
2021-07-20 00:05:42 下次操作: 2021-07-20 00:05:55

2021-07-20 00:05:55 开始第 24 次操作

2021-07-20 00:05:55 开始操作号码 【1659541】
2021-07-20 00:05:58 GSD getOne 第 1 次 等待 3 秒
2021-07-20 00:06:01 查询号码 【1659541】，返回信息 {"status":"bad","msg":""}
2021-07-20 00:06:01 查询号码 【1659541】，GSD为【""】
2021-07-20 00:06:01 bad
2021-07-20 00:06:05 CHB 1659541?1626710761 第 1 次 等待 3 秒
2021-07-20 00:06:08 CHB 1659541?1626710761 第 1 次 获取到号码【1659541】GSD
2021-07-20 00:06:08 未获取到号码【1659541】GSD，可能号码格式错误
2021-07-20 00:06:08 获取到号码【1659541】的GSD为【-】
2021-07-20 00:06:11 GSD insert 第 1 次 等待 3 秒
2021-07-20 00:06:14 {"status":"ok","gid":331162,"msg":"添加成功！"}
2021-07-20 00:06:14 下次操作: 2021-07-20 00:06:26

2021-07-20 00:06:27 开始第 25 次操作

2021-07-20 00:06:27 开始操作号码 【1659542】
2021-07-20 00:06:29 GSD getOne 第 1 次 等待 3 秒
2021-07-20 00:06:32 查询号码 【1659542】，返回信息 {"status":"bad","msg":""}
2021-07-20 00:06:32 查询号码 【1659542】，GSD为【""】
2021-07-20 00:06:32 bad
2021-07-20 00:06:33 CHB 1659542?1626710792 第 1 次 等待 3 秒
2021-07-20 00:06:36 CHB 1659542?1626710792 第 1 次 获取到号码【1659542】GSD
2021-07-20 00:06:36 未获取到号码【1659542】GSD，查号吧 400 错误
2021-07-20 00:06:36 获取到号码【1659542】的GSD为【-】
2021-07-20 00:06:46 GSD insert 第 1 次 等待 3 秒
2021-07-20 00:06:49 {"status":"ok","gid":331170,"msg":"添加成功！"}
2021-07-20 00:06:49 下次操作: 2021-07-20 00:07:10

2021-07-20 00:07:10 开始第 26 次操作

2021-07-20 00:07:10 开始操作号码 【1659543】
2021-07-20 00:07:13 GSD getOne 第 1 次 等待 3 秒
2021-07-20 00:07:16 查询号码 【1659543】，返回信息 {"status":"bad","msg":""}
2021-07-20 00:07:16 查询号码 【1659543】，GSD为【""】
2021-07-20 00:07:16 bad
2021-07-20 00:07:18 CHB 1659543?1626710836 第 1 次 等待 3 秒
2021-07-20 00:07:21 CHB 1659543?1626710836 第 1 次 获取到号码【1659543】GSD
2021-07-20 00:07:21 未获取到号码【1659543】GSD，可能号码格式错误
2021-07-20 00:07:21 获取到号码【1659543】的GSD为【-】
2021-07-20 00:07:26 GSD insert 第 1 次 等待 3 秒
2021-07-20 00:07:29 {"status":"ok","gid":331178,"msg":"添加成功！"}
2021-07-20 00:07:29 下次操作: 2021-07-20 00:07:46

2021-07-20 00:07:46 开始第 27 次操作

2021-07-20 00:07:46 开始操作号码 【1659544】
2021-07-20 00:07:52 GSD getOne 第 1 次 等待 3 秒
2021-07-20 00:07:55 查询号码 【1659544】，返回信息 {"status":"bad","msg":""}
2021-07-20 00:07:55 查询号码 【1659544】，GSD为【""】
2021-07-20 00:07:55 bad
2021-07-20 00:07:58 CHB 1659544?1626710875 第 1 次 等待 3 秒
2021-07-20 00:08:01 CHB 1659544?1626710875 第 1 次 获取到号码【1659544】GSD
2021-07-20 00:08:01 未获取到号码【1659544】GSD，可能号码格式错误
2021-07-20 00:08:01 获取到号码【1659544】的GSD为【-】
2021-07-20 00:08:08 GSD insert 第 1 次 等待 3 秒
2021-07-20 00:08:11 {"status":"ok","gid":331190,"msg":"添加成功！"}
2021-07-20 00:08:11 下次操作: 2021-07-20 00:08:31

2021-07-20 00:08:31 开始第 28 次操作

2021-07-20 00:08:31 开始操作号码 【1659545】
2021-07-20 00:08:36 GSD getOne 第 1 次 等待 3 秒
2021-07-20 00:08:39 查询号码 【1659545】，返回信息 {"status":"bad","msg":""}
2021-07-20 00:08:39 查询号码 【1659545】，GSD为【""】
2021-07-20 00:08:39 bad
2021-07-20 00:08:44 CHB 1659545?1626710919 第 1 次 等待 3 秒
2021-07-20 00:08:47 CHB 1659545?1626710919 第 1 次 获取到号码【1659545】GSD
2021-07-20 00:08:47 未获取到号码【1659545】GSD，可能号码格式错误
2021-07-20 00:08:47 获取到号码【1659545】的GSD为【-】
2021-07-20 00:08:55 GSD insert 第 1 次 等待 3 秒
2021-07-20 00:08:58 {"status":"ok","gid":331200,"msg":"添加成功！"}
2021-07-20 00:08:58 下次操作: 2021-07-20 00:09:11

2021-07-20 00:09:11 开始第 29 次操作

2021-07-20 00:09:11 开始操作号码 【1659546】
2021-07-20 00:09:18 GSD getOne 第 1 次 等待 3 秒
2021-07-20 00:09:21 查询号码 【1659546】，返回信息 {"status":"bad","msg":""}
2021-07-20 00:09:22 查询号码 【1659546】，GSD为【""】
2021-07-20 00:09:22 bad
2021-07-20 00:09:27 CHB 1659546?1626710962 第 1 次 等待 3 秒
2021-07-20 00:09:30 CHB 1659546?1626710962 第 1 次 获取到号码【1659546】GSD
2021-07-20 00:09:30 未获取到号码【1659546】GSD，可能号码格式错误
2021-07-20 00:09:30 获取到号码【1659546】的GSD为【-】
2021-07-20 00:09:34 GSD insert 第 1 次 等待 3 秒
2021-07-20 00:09:37 {"status":"ok","gid":331208,"msg":"添加成功！"}
2021-07-20 00:09:37 下次操作: 2021-07-20 00:09:52

2021-07-20 00:09:52 开始第 30 次操作

2021-07-20 00:09:52 开始操作号码 【1659547】
2021-07-20 00:09:56 GSD getOne 第 1 次 等待 3 秒
2021-07-20 00:09:59 查询号码 【1659547】，返回信息 {"status":"bad","msg":""}
2021-07-20 00:09:59 查询号码 【1659547】，GSD为【""】
2021-07-20 00:09:59 bad
2021-07-20 00:10:00 CHB 1659547?1626710999 第 1 次 等待 3 秒
2021-07-20 00:10:03 CHB 1659547?1626710999 第 1 次 获取到号码【1659547】GSD
2021-07-20 00:10:03 未获取到号码【1659547】GSD，可能号码格式错误
2021-07-20 00:10:03 获取到号码【1659547】的GSD为【-】
2021-07-20 00:10:09 GSD insert 第 1 次 等待 3 秒
2021-07-20 00:10:12 {"status":"ok","gid":331216,"msg":"添加成功！"}
2021-07-20 00:10:12 下次操作: 2021-07-20 00:10:28

2021-07-20 00:10:28 开始第 31 次操作

2021-07-20 00:10:28 开始操作号码 【1659548】
2021-07-20 00:10:35 GSD getOne 第 1 次 等待 3 秒
2021-07-20 00:10:38 查询号码 【1659548】，返回信息 {"status":"bad","msg":""}
2021-07-20 00:10:38 查询号码 【1659548】，GSD为【""】
2021-07-20 00:10:38 bad
2021-07-20 00:10:40 CHB 1659548?1626711038 第 1 次 等待 3 秒
2021-07-20 00:10:43 CHB 1659548?1626711038 第 1 次 获取到号码【1659548】GSD
2021-07-20 00:10:43 未获取到号码【1659548】GSD，可能号码格式错误
2021-07-20 00:10:43 获取到号码【1659548】的GSD为【-】
2021-07-20 00:10:45 GSD insert 第 1 次 等待 3 秒
2021-07-20 00:10:48 {"status":"ok","gid":331221,"msg":"添加成功！"}
2021-07-20 00:10:48 下次操作: 2021-07-20 00:11:00

2021-07-20 00:11:00 开始第 32 次操作

2021-07-20 00:11:00 开始操作号码 【1659549】
2021-07-20 00:11:05 GSD getOne 第 1 次 等待 3 秒
2021-07-20 00:11:08 查询号码 【1659549】，返回信息 {"status":"bad","msg":""}
2021-07-20 00:11:08 查询号码 【1659549】，GSD为【""】
2021-07-20 00:11:08 bad
2021-07-20 00:11:09 CHB 1659549?1626711068 第 1 次 等待 3 秒
2021-07-20 00:11:12 CHB 1659549?1626711068 第 1 次 获取到号码【1659549】GSD
2021-07-20 00:11:12 未获取到号码【1659549】GSD，可能号码格式错误
2021-07-20 00:11:12 获取到号码【1659549】的GSD为【-】
2021-07-20 00:11:19 GSD insert 第 1 次 等待 3 秒
2021-07-20 00:11:22 {"status":"ok","gid":331226,"msg":"添加成功！"}
2021-07-20 00:11:22 下次操作: 2021-07-20 00:11:34

2021-07-20 00:11:34 开始第 33 次操作

2021-07-20 00:11:34 开始操作号码 【1659550】
2021-07-20 00:11:39 GSD getOne 第 1 次 等待 3 秒
2021-07-20 00:11:42 查询号码 【1659550】，返回信息 {"status":"bad","msg":""}
2021-07-20 00:11:42 查询号码 【1659550】，GSD为【""】
2021-07-20 00:11:42 bad
2021-07-20 00:11:44 CHB 1659550?1626711102 第 1 次 等待 3 秒
2021-07-20 00:11:47 CHB 1659550?1626711102 第 1 次 获取到号码【1659550】GSD
2021-07-20 00:11:47 未获取到号码【1659550】GSD，可能号码格式错误
2021-07-20 00:11:47 获取到号码【1659550】的GSD为【-】
2021-07-20 00:11:56 GSD insert 第 1 次 等待 3 秒
2021-07-20 00:11:59 {"status":"ok","gid":331234,"msg":"添加成功！"}
2021-07-20 00:11:59 下次操作: 2021-07-20 00:12:14

2021-07-20 00:12:14 开始第 34 次操作

2021-07-20 00:12:14 开始操作号码 【1659551】
2021-07-20 00:12:21 GSD getOne 第 1 次 等待 3 秒
2021-07-20 00:12:24 查询号码 【1659551】，返回信息 {"status":"bad","msg":""}
2021-07-20 00:12:24 查询号码 【1659551】，GSD为【""】
2021-07-20 00:12:24 bad
2021-07-20 00:12:30 CHB 1659551?1626711144 第 1 次 等待 3 秒
2021-07-20 00:12:33 CHB 1659551?1626711144 第 1 次 获取到号码【1659551】GSD
2021-07-20 00:12:33 未获取到号码【1659551】GSD，可能号码格式错误
2021-07-20 00:12:33 获取到号码【1659551】的GSD为【-】
2021-07-20 00:12:36 GSD insert 第 1 次 等待 3 秒
2021-07-20 00:12:39 {"status":"ok","gid":331240,"msg":"添加成功！"}
2021-07-20 00:12:39 下次操作: 2021-07-20 00:13:01

2021-07-20 00:13:01 开始第 35 次操作

2021-07-20 00:13:01 开始操作号码 【1659552】
2021-07-20 00:13:10 GSD getOne 第 1 次 等待 3 秒
2021-07-20 00:13:13 查询号码 【1659552】，返回信息 {"status":"bad","msg":""}
2021-07-20 00:13:13 查询号码 【1659552】，GSD为【""】
2021-07-20 00:13:13 bad
2021-07-20 00:13:14 CHB 1659552?1626711193 第 1 次 等待 3 秒
2021-07-20 00:13:17 CHB 1659552?1626711193 第 1 次 获取到号码【1659552】GSD
2021-07-20 00:13:17 未获取到号码【1659552】GSD，可能号码格式错误
2021-07-20 00:13:17 获取到号码【1659552】的GSD为【-】
2021-07-20 00:13:21 GSD insert 第 1 次 等待 3 秒
2021-07-20 00:13:24 {"status":"ok","gid":331244,"msg":"添加成功！"}
2021-07-20 00:13:24 下次操作: 2021-07-20 00:13:47

2021-07-20 00:13:47 开始第 36 次操作

2021-07-20 00:13:47 开始操作号码 【1659553】
2021-07-20 00:13:52 GSD getOne 第 1 次 等待 3 秒
2021-07-20 00:13:55 查询号码 【1659553】，返回信息 {"status":"bad","msg":""}
2021-07-20 00:13:55 查询号码 【1659553】，GSD为【""】
2021-07-20 00:13:55 bad
2021-07-20 00:13:56 CHB 1659553?1626711235 第 1 次 等待 3 秒
2021-07-20 00:13:59 CHB 1659553?1626711235 第 1 次 获取到号码【1659553】GSD
2021-07-20 00:13:59 未获取到号码【1659553】GSD，可能号码格式错误
2021-07-20 00:13:59 获取到号码【1659553】的GSD为【-】
2021-07-20 00:14:04 GSD insert 第 1 次 等待 3 秒
2021-07-20 00:14:07 {"status":"ok","gid":331253,"msg":"添加成功！"}
2021-07-20 00:14:07 下次操作: 2021-07-20 00:14:31

2021-07-20 00:14:31 开始第 37 次操作

2021-07-20 00:14:31 开始操作号码 【1659554】
2021-07-20 00:14:34 GSD getOne 第 1 次 等待 3 秒
2021-07-20 00:14:37 查询号码 【1659554】，返回信息 {"status":"bad","msg":""}
2021-07-20 00:14:37 查询号码 【1659554】，GSD为【""】
2021-07-20 00:14:37 bad
2021-07-20 00:14:38 CHB 1659554?1626711277 第 1 次 等待 3 秒
2021-07-20 00:14:41 CHB 1659554?1626711277 第 1 次 获取到号码【1659554】GSD
2021-07-20 00:14:41 未获取到号码【1659554】GSD，可能号码格式错误
2021-07-20 00:14:41 获取到号码【1659554】的GSD为【-】
2021-07-20 00:14:45 GSD insert 第 1 次 等待 3 秒
2021-07-20 00:14:48 {"status":"ok","gid":331258,"msg":"添加成功！"}
2021-07-20 00:14:48 下次操作: 2021-07-20 00:15:09

2021-07-20 00:15:09 开始第 38 次操作

2021-07-20 00:15:09 开始操作号码 【1659555】
2021-07-20 00:15:16 GSD getOne 第 1 次 等待 3 秒
2021-07-20 00:15:19 查询号码 【1659555】，返回信息 {"status":"bad","msg":""}
2021-07-20 00:15:19 查询号码 【1659555】，GSD为【""】
2021-07-20 00:15:19 bad
2021-07-20 00:15:22 CHB 1659555?1626711319 第 1 次 等待 3 秒
2021-07-20 00:15:25 CHB 1659555?1626711319 第 1 次 获取到号码【1659555】GSD
2021-07-20 00:15:25 未获取到号码【1659555】GSD，可能号码格式错误
2021-07-20 00:15:25 获取到号码【1659555】的GSD为【-】
2021-07-20 00:15:30 GSD insert 第 1 次 等待 3 秒
2021-07-20 00:15:33 {"status":"ok","gid":331266,"msg":"添加成功！"}
2021-07-20 00:15:33 下次操作: 2021-07-20 00:15:50

2021-07-20 00:15:50 开始第 39 次操作

2021-07-20 00:15:50 开始操作号码 【1659556】
2021-07-20 00:15:57 GSD getOne 第 1 次 等待 3 秒
2021-07-20 00:16:00 查询号码 【1659556】，返回信息 {"status":"bad","msg":""}
2021-07-20 00:16:00 查询号码 【1659556】，GSD为【""】
2021-07-20 00:16:00 bad
2021-07-20 00:16:04 CHB 1659556?1626711360 第 1 次 等待 3 秒
2021-07-20 00:16:07 CHB 1659556?1626711360 第 1 次 获取到号码【1659556】GSD
2021-07-20 00:16:07 未获取到号码【1659556】GSD，可能号码格式错误
2021-07-20 00:16:07 获取到号码【1659556】的GSD为【-】
2021-07-20 00:16:15 GSD insert 第 1 次 等待 3 秒
2021-07-20 00:16:18 {"status":"ok","gid":331271,"msg":"添加成功！"}
2021-07-20 00:16:18 下次操作: 2021-07-20 00:16:33

2021-07-20 00:16:33 开始第 40 次操作

2021-07-20 00:16:33 开始操作号码 【1659557】
2021-07-20 00:16:38 GSD getOne 第 1 次 等待 3 秒
2021-07-20 00:16:41 查询号码 【1659557】，返回信息 {"status":"bad","msg":""}
2021-07-20 00:16:41 查询号码 【1659557】，GSD为【""】
2021-07-20 00:16:41 bad
2021-07-20 00:16:43 CHB 1659557?1626711401 第 1 次 等待 3 秒
2021-07-20 00:16:46 CHB 1659557?1626711401 第 1 次 获取到号码【1659557】GSD
2021-07-20 00:16:46 未获取到号码【1659557】GSD，可能号码格式错误
2021-07-20 00:16:46 获取到号码【1659557】的GSD为【-】
2021-07-20 00:16:49 GSD insert 第 1 次 等待 3 秒
2021-07-20 00:16:52 {"status":"ok","gid":331276,"msg":"添加成功！"}

