2024-10-06 00:16:52 开始第 8405 次操作

2024-10-06 00:16:52 开始操作号码 【1388404】
2024-10-06 00:16:56 GSD getOne 第 1 次 等待 3 秒
2024-10-06 00:16:59 查询号码 【1388404】，返回信息 {"status":"ok","msg":"甘肃-临夏","gid":"348673","time_insert":"2021-07-21 19:52","time_update":"2021-07-21 21:05"}
2024-10-06 00:16:59 查询号码 【1388404】，GSD为【"甘肃-临夏"】

2024-10-06 00:17:00 开始第 8406 次操作

2024-10-06 00:17:00 开始操作号码 【1388405】
2024-10-06 00:17:03 GSD getOne 第 1 次 等待 3 秒
2024-10-06 00:17:06 查询号码 【1388405】，返回信息 {"status":"ok","msg":"甘肃-甘南","gid":"12062","time_insert":"2019-02-10 22:21","time_update":"2020-12-11 18:49"}
2024-10-06 00:17:06 查询号码 【1388405】，GSD为【"甘肃-甘南"】

2024-10-06 00:17:07 开始第 8407 次操作

2024-10-06 00:17:07 开始操作号码 【1388406】
2024-10-06 00:17:08 GSD getOne 第 1 次 等待 3 秒
2024-10-06 00:17:11 查询号码 【1388406】，返回信息 {"status":"ok","msg":"甘肃-甘南","gid":"12063","time_insert":"2017-05-01 00:00","time_update":"2020-12-11 18:53"}
2024-10-06 00:17:12 查询号码 【1388406】，GSD为【"甘肃-甘南"】

2024-10-06 00:17:13 开始第 8408 次操作

2024-10-06 00:17:13 开始操作号码 【1388407】
2024-10-06 00:17:15 GSD getOne 第 1 次 等待 3 秒
2024-10-06 00:17:18 查询号码 【1388407】，返回信息 {"status":"ok","msg":"甘肃-甘南","gid":"12064","time_insert":"2014-01-13 12:30","time_update":"2020-12-11 18:57"}
2024-10-06 00:17:18 查询号码 【1388407】，GSD为【"甘肃-甘南"】

2024-10-06 01:12:42 开始第 8409 次操作

2024-10-06 01:12:42 开始操作号码 【1388408】
2024-10-06 01:12:44 GSD getOne 第 1 次 等待 3 秒
2024-10-06 01:12:47 查询号码 【1388408】，返回信息 {"status":"ok","msg":"甘肃-金昌","gid":"12065","time_insert":"2018-06-28 10:24","time_update":"2020-12-11 19:02"}
2024-10-06 01:12:47 查询号码 【1388408】，GSD为【"甘肃-金昌"】

2024-10-06 01:12:48 开始第 8410 次操作

2024-10-06 01:12:48 开始操作号码 【1388409】
2024-10-06 01:12:51 GSD getOne 第 1 次 等待 3 秒
2024-10-06 01:12:54 查询号码 【1388409】，返回信息 {"status":"ok","msg":"甘肃-金昌","gid":"12066","time_insert":"2018-05-22 08:42","time_update":"2020-12-11 19:07"}
2024-10-06 01:12:54 查询号码 【1388409】，GSD为【"甘肃-金昌"】

2024-10-06 01:12:55 开始第 8411 次操作

2024-10-06 01:12:55 开始操作号码 【1388410】
2024-10-06 01:12:57 GSD getOne 第 1 次 等待 3 秒
2024-10-06 01:13:00 查询号码 【1388410】，返回信息 {"status":"ok","msg":"甘肃-庆阳","gid":"348642","time_insert":"2021-07-21 19:48","time_update":"2021-07-21 21:04"}
2024-10-06 01:13:00 查询号码 【1388410】，GSD为【"甘肃-庆阳"】

2024-10-06 01:13:01 开始第 8412 次操作

2024-10-06 01:13:01 开始操作号码 【1388411】
2024-10-06 01:13:03 GSD getOne 第 1 次 等待 3 秒
2024-10-06 01:13:06 查询号码 【1388411】，返回信息 {"status":"ok","msg":"甘肃-庆阳","gid":"348626","time_insert":"2021-07-21 19:46","time_update":"2021-07-21 21:03"}
2024-10-06 01:13:06 查询号码 【1388411】，GSD为【"甘肃-庆阳"】

2024-10-06 01:36:43 开始第 8413 次操作

2024-10-06 01:36:43 开始操作号码 【1388412】
2024-10-06 01:36:46 GSD getOne 第 1 次 等待 3 秒
2024-10-06 01:36:49 查询号码 【1388412】，返回信息 {"status":"ok","msg":"甘肃-庆阳","gid":"348607","time_insert":"2021-07-21 19:43","time_update":"2021-07-21 21:02"}
2024-10-06 01:36:49 查询号码 【1388412】，GSD为【"甘肃-庆阳"】

2024-10-06 01:36:50 开始第 8414 次操作

2024-10-06 01:36:50 开始操作号码 【1388413】
2024-10-06 01:36:54 GSD getOne 第 1 次 等待 3 秒
2024-10-06 01:36:57 查询号码 【1388413】，返回信息 {"status":"ok","msg":"甘肃-庆阳","gid":"12067","time_insert":"2017-05-30 14:16","time_update":"2020-12-11 19:12"}
2024-10-06 01:36:57 查询号码 【1388413】，GSD为【"甘肃-庆阳"】

2024-10-06 01:36:58 开始第 8415 次操作

2024-10-06 01:36:58 开始操作号码 【1388414】
2024-10-06 01:37:00 GSD getOne 第 1 次 等待 3 秒
2024-10-06 01:37:03 查询号码 【1388414】，返回信息 {"status":"ok","msg":"甘肃-庆阳","gid":"348583","time_insert":"2021-07-21 19:40","time_update":"2021-07-21 21:01"}
2024-10-06 01:37:03 查询号码 【1388414】，GSD为【"甘肃-庆阳"】

2024-10-06 01:37:04 开始第 8416 次操作

2024-10-06 01:37:04 开始操作号码 【1388415】
2024-10-06 01:37:07 GSD getOne 第 1 次 等待 3 秒
2024-10-06 01:37:10 查询号码 【1388415】，返回信息 {"status":"ok","msg":"甘肃-庆阳","gid":"12068","time_insert":"2018-07-23 09:39","time_update":"2020-12-11 19:12"}
2024-10-06 01:37:10 查询号码 【1388415】，GSD为【"甘肃-庆阳"】

