2024-10-20 00:11:15 开始第 433 次操作

2024-10-20 00:11:15 开始操作号码 【1300432】
2024-10-20 00:11:16 GSD getOne 第 1 次 等待 3 秒
2024-10-20 00:11:19 查询号码 【1300432】，返回信息 {"status":"ok","msg":"江苏-扬州","gid":"47278","time_insert":"2021-03-01 19:19"}
2024-10-20 00:11:19 查询号码 【1300432】，GSD为【"江苏-扬州"】

2024-10-20 00:11:20 开始第 434 次操作

2024-10-20 00:11:20 开始操作号码 【1300433】
2024-10-20 00:11:22 GSD getOne 第 1 次 等待 3 秒
2024-10-20 00:11:25 查询号码 【1300433】，返回信息 {"status":"ok","msg":"江苏-扬州","gid":"47279","time_insert":"2021-03-01 19:36"}
2024-10-20 00:11:25 查询号码 【1300433】，GSD为【"江苏-扬州"】

2024-10-20 00:11:26 开始第 435 次操作

2024-10-20 00:11:26 开始操作号码 【1300434】
2024-10-20 00:11:27 GSD getOne 第 1 次 等待 3 秒
2024-10-20 00:11:30 查询号码 【1300434】，返回信息 {"status":"ok","msg":"江苏-扬州","gid":"47280","time_insert":"2021-03-01 19:52"}
2024-10-20 00:11:30 查询号码 【1300434】，GSD为【"江苏-扬州"】

2024-10-20 00:11:31 开始第 436 次操作

2024-10-20 00:11:31 开始操作号码 【1300435】
2024-10-20 00:11:32 GSD getOne 第 1 次 等待 3 秒
2024-10-20 00:11:35 查询号码 【1300435】，返回信息 {"status":"ok","msg":"江苏-镇江","gid":"47281","time_insert":"2021-03-01 20:07"}
2024-10-20 00:11:35 查询号码 【1300435】，GSD为【"江苏-镇江"】

