2024-03-25 00:18:40 开始第 98 次操作
2024-03-25 00:18:40 号码【171（0000 ---> 9999）】处理完毕
2024-03-25 00:37:18 开始第 98 次操作
2024-03-25 00:37:18 号码【171（0000 ---> 9999）】处理完毕
2024-03-25 01:13:51 开始第 98 次操作
2024-03-25 01:13:51 号码【171（0000 ---> 9999）】处理完毕
2024-03-25 01:37:24 开始第 98 次操作
2024-03-25 01:37:24 号码【171（0000 ---> 9999）】处理完毕
2024-03-25 02:22:06 开始第 98 次操作
2024-03-25 02:22:06 号码【171（0000 ---> 9999）】处理完毕
2024-03-25 02:38:22 开始第 98 次操作
2024-03-25 02:38:22 号码【171（0000 ---> 9999）】处理完毕
2024-03-25 03:14:01 开始第 98 次操作
2024-03-25 03:14:01 号码【171（0000 ---> 9999）】处理完毕
2024-03-25 03:37:09 开始第 98 次操作
2024-03-25 03:37:09 号码【171（0000 ---> 9999）】处理完毕
2024-03-25 04:15:38 开始第 98 次操作
2024-03-25 04:15:38 号码【171（0000 ---> 9999）】处理完毕
2024-03-25 04:37:40 开始第 98 次操作
2024-03-25 04:37:40 号码【171（0000 ---> 9999）】处理完毕
2024-03-25 05:14:03 开始第 98 次操作
2024-03-25 05:14:03 号码【171（0000 ---> 9999）】处理完毕
2024-03-25 05:37:26 开始第 98 次操作
2024-03-25 05:37:26 号码【171（0000 ---> 9999）】处理完毕
2024-03-25 06:15:51 开始第 98 次操作
2024-03-25 06:15:51 号码【171（0000 ---> 9999）】处理完毕
2024-03-25 06:37:12 开始第 98 次操作
2024-03-25 06:37:12 号码【171（0000 ---> 9999）】处理完毕
2024-03-25 07:18:01 开始第 98 次操作
2024-03-25 07:18:01 号码【171（0000 ---> 9999）】处理完毕
2024-03-25 07:37:29 开始第 98 次操作
2024-03-25 07:37:29 号码【171（0000 ---> 9999）】处理完毕
2024-03-25 09:11:43 开始第 98 次操作
2024-03-25 09:11:43 号码【171（0000 ---> 9999）】处理完毕
2024-03-25 10:05:12 开始第 98 次操作
2024-03-25 10:05:12 号码【171（0000 ---> 9999）】处理完毕
2024-03-25 10:38:29 开始第 98 次操作
2024-03-25 10:38:29 号码【171（0000 ---> 9999）】处理完毕
2024-03-25 11:19:13 开始第 98 次操作
2024-03-25 11:19:13 号码【171（0000 ---> 9999）】处理完毕
2024-03-25 11:37:22 开始第 98 次操作
2024-03-25 11:37:22 号码【171（0000 ---> 9999）】处理完毕
2024-03-25 12:20:50 开始第 98 次操作
2024-03-25 12:20:50 号码【171（0000 ---> 9999）】处理完毕
2024-03-25 12:37:31 开始第 98 次操作
2024-03-25 12:37:31 号码【171（0000 ---> 9999）】处理完毕
2024-03-25 13:16:56 开始第 98 次操作
2024-03-25 13:16:56 号码【171（0000 ---> 9999）】处理完毕
2024-03-25 13:37:16 开始第 98 次操作
2024-03-25 13:37:16 号码【171（0000 ---> 9999）】处理完毕
2024-03-25 14:01:55 开始第 98 次操作

2024-03-25 14:01:55 开始操作号码 【1600001】
2024-03-25 14:02:02 GSD getOne 第 1 次 等待 3 秒
2024-03-25 14:02:05 查询号码 【1600001】，返回信息 {"status":"ok","msg":"-","gid":"520717","time_insert":"2023-02-07 17:32"}
2024-03-25 14:02:05 查询号码 【1600001】，GSD为【"-"】
2024-03-25 14:02:05 ok && -
2024-03-25 14:02:07 CHB 1600001?1711346525 第 1 次 等待 3 秒
2024-03-25 14:02:10 CHB 1600001?1711346525 第 1 次 获取到号码【1600001】GSD
2024-03-25 14:02:10 未获取到号码【1600001】GSD，可能号码格式错误
2024-03-25 14:02:10 获取到号码【1600001】的GSD为【-】
2024-03-25 14:02:17 GSD insert 第 1 次 等待 3 秒
2024-03-25 14:02:20 {"status":"bad","gid":"520717","msg":"添加失败！号码【1600001(-|-)】已存在！"}
2024-03-25 14:02:20 随机等待 208 秒，约 3 分钟
2024-03-25 14:02:20 下次操作: 2024-03-25 14:05:48

2024-03-25 14:05:48 开始第 99 次操作

2024-03-25 14:05:48 开始操作号码 【1600002】
2024-03-25 14:05:53 GSD getOne 第 1 次 等待 3 秒
2024-03-25 14:05:56 查询号码 【1600002】，返回信息 {"status":"ok","msg":"-","gid":"520724","time_insert":"2023-02-07 17:41"}
2024-03-25 14:05:56 查询号码 【1600002】，GSD为【"-"】
2024-03-25 14:05:56 ok && -
2024-03-25 14:05:58 CHB 1600002?1711346756 第 1 次 等待 3 秒
2024-03-25 14:06:01 CHB 1600002?1711346756 第 1 次 获取到号码【1600002】GSD
2024-03-25 14:06:01 未获取到号码【1600002】GSD，可能号码格式错误
2024-03-25 14:06:01 获取到号码【1600002】的GSD为【-】
2024-03-25 14:06:06 GSD insert 第 1 次 等待 3 秒
2024-03-25 14:06:09 {"status":"bad","gid":"520724","msg":"添加失败！号码【1600002(-|-)】已存在！"}
2024-03-25 14:06:09 随机等待 139 秒，约 2 分钟
2024-03-25 14:06:09 下次操作: 2024-03-25 14:08:28

2024-03-25 14:08:28 开始第 100 次操作

2024-03-25 14:08:28 开始操作号码 【1600003】
2024-03-25 14:08:33 GSD getOne 第 1 次 等待 3 秒
2024-03-25 14:08:36 查询号码 【1600003】，返回信息 {"status":"ok","msg":"-","gid":"520733","time_insert":"2023-02-07 17:50"}
2024-03-25 14:08:36 查询号码 【1600003】，GSD为【"-"】
2024-03-25 14:08:36 ok && -
2024-03-25 14:08:38 CHB 1600003?1711346916 第 1 次 等待 3 秒
2024-03-25 14:08:41 CHB 1600003?1711346916 第 1 次 获取到号码【1600003】GSD
2024-03-25 14:08:41 未获取到号码【1600003】GSD，可能号码格式错误
2024-03-25 14:08:41 获取到号码【1600003】的GSD为【-】
2024-03-25 14:08:46 GSD insert 第 1 次 等待 3 秒
2024-03-25 14:08:49 {"status":"bad","gid":"520733","msg":"添加失败！号码【1600003(-|-)】已存在！"}

