2023-10-04 00:21:38 开始第 1353 次操作

2023-10-04 00:21:38 开始操作号码 【1921352】
2023-10-04 00:21:47 GSD getOne 第 1 次 等待 3 秒
2023-10-04 00:21:50 查询号码 【1921352】，返回信息 {"status":"ok","msg":"山西-大同","gid":"566025","time_insert":"2023-03-02 23:11","time_update":"2023-06-08 06:01"}
2023-10-04 00:21:50 查询号码 【1921352】，GSD为【"山西-大同"】

2023-10-04 00:21:51 开始第 1354 次操作

2023-10-04 00:21:51 开始操作号码 【1921353】
2023-10-04 00:21:56 GSD getOne 第 1 次 等待 3 秒
2023-10-04 00:21:59 查询号码 【1921353】，返回信息 {"status":"ok","msg":"山西-朔州","gid":"566049","time_insert":"2023-03-02 23:28","time_update":"2023-06-08 06:13"}
2023-10-04 00:21:59 查询号码 【1921353】，GSD为【"山西-朔州"】

2023-10-04 00:22:00 开始第 1355 次操作

2023-10-04 00:22:00 开始操作号码 【1921354】
2023-10-04 00:22:02 GSD getOne 第 1 次 等待 3 秒
2023-10-04 00:22:05 查询号码 【1921354】，返回信息 {"status":"ok","msg":"山西-晋中","gid":"566079","time_insert":"2023-03-02 23:46","time_update":"2023-06-08 06:25"}
2023-10-04 00:22:05 查询号码 【1921354】，GSD为【"山西-晋中"】

2023-10-04 00:22:06 开始第 1356 次操作

2023-10-04 00:22:06 开始操作号码 【1921355】
2023-10-04 00:22:09 GSD getOne 第 1 次 等待 3 秒
2023-10-04 00:22:12 查询号码 【1921355】，返回信息 {"status":"ok","msg":"山西-长治","gid":"566105","time_insert":"2023-03-03 00:01","time_update":"2023-06-08 06:46"}
2023-10-04 00:22:12 查询号码 【1921355】，GSD为【"山西-长治"】

2023-10-04 00:40:57 开始第 1357 次操作

2023-10-04 00:40:57 开始操作号码 【1921356】
2023-10-04 00:41:02 GSD getOne 第 1 次 等待 3 秒
2023-10-04 00:41:05 查询号码 【1921356】，返回信息 {"status":"ok","msg":"山西-太原","gid":"566128","time_insert":"2023-03-03 00:19","time_update":"2023-06-08 07:07"}
2023-10-04 00:41:05 查询号码 【1921356】，GSD为【"山西-太原"】

2023-10-04 00:41:06 开始第 1358 次操作

2023-10-04 00:41:06 开始操作号码 【1921357】
2023-10-04 00:41:10 GSD getOne 第 1 次 等待 3 秒
2023-10-04 00:41:13 查询号码 【1921357】，返回信息 {"status":"ok","msg":"山西-临汾","gid":"566150","time_insert":"2023-03-03 00:36","time_update":"2023-06-08 07:28"}
2023-10-04 00:41:13 查询号码 【1921357】，GSD为【"山西-临汾"】

2023-10-04 00:41:14 开始第 1359 次操作

2023-10-04 00:41:14 开始操作号码 【1921358】
2023-10-04 00:41:27 GSD getOne 第 1 次 等待 3 秒
2023-10-04 00:41:30 查询号码 【1921358】，返回信息 {"status":"ok","msg":"山西-太原","gid":"566175","time_insert":"2023-03-03 00:51","time_update":"2023-06-08 07:47"}
2023-10-04 00:41:30 查询号码 【1921358】，GSD为【"山西-太原"】

2023-10-04 00:41:31 开始第 1360 次操作

2023-10-04 00:41:31 开始操作号码 【1921359】
2023-10-04 00:41:37 GSD getOne 第 1 次 等待 3 秒
2023-10-04 00:41:40 查询号码 【1921359】，返回信息 {"status":"ok","msg":"山西-太原","gid":"566201","time_insert":"2023-03-03 01:10","time_update":"2023-06-08 08:06"}
2023-10-04 00:41:40 查询号码 【1921359】，GSD为【"山西-太原"】

2023-10-04 01:14:27 开始第 1361 次操作

2023-10-04 01:14:27 开始操作号码 【1921360】
2023-10-04 01:14:30 GSD getOne 第 1 次 等待 3 秒
2023-10-04 01:14:33 查询号码 【1921360】，返回信息 {"status":"ok","msg":"河南-商丘","gid":"566227","time_insert":"2023-03-03 01:28","time_update":"2023-06-08 08:29"}
2023-10-04 01:14:33 查询号码 【1921360】，GSD为【"河南-商丘"】

2023-10-04 01:14:34 开始第 1362 次操作

2023-10-04 01:14:34 开始操作号码 【1921361】
2023-10-04 01:14:37 GSD getOne 第 1 次 等待 3 秒
2023-10-04 01:14:40 查询号码 【1921361】，返回信息 {"status":"ok","msg":"河南-周口","gid":"566262","time_insert":"2023-03-03 01:47","time_update":"2023-06-08 08:44"}
2023-10-04 01:14:40 查询号码 【1921361】，GSD为【"河南-周口"】

2023-10-04 01:14:41 开始第 1363 次操作

2023-10-04 01:14:41 开始操作号码 【1921362】
2023-10-04 01:14:44 GSD getOne 第 1 次 等待 3 秒
2023-10-04 01:14:47 查询号码 【1921362】，返回信息 {"status":"ok","msg":"河南-安阳","gid":"566287","time_insert":"2023-03-03 02:02","time_update":"2023-06-08 09:04"}
2023-10-04 01:14:47 查询号码 【1921362】，GSD为【"河南-安阳"】

2023-10-04 01:14:48 开始第 1364 次操作

2023-10-04 01:14:48 开始操作号码 【1921363】
2023-10-04 01:14:56 GSD getOne 第 1 次 等待 3 秒
2023-10-04 01:14:59 查询号码 【1921363】，返回信息 {"status":"ok","msg":"河南-新乡","gid":"566307","time_insert":"2023-03-03 02:18","time_update":"2023-06-08 09:20"}
2023-10-04 01:14:59 查询号码 【1921363】，GSD为【"河南-新乡"】

