2024-03-21 00:21:12 开始第 9985 次操作

2024-03-21 00:21:12 开始操作号码 【1719887】
2024-03-21 00:21:19 GSD getOne 第 1 次 等待 3 秒
2024-03-21 00:21:22 查询号码 【1719887】，返回信息 {"status":"ok","msg":"广东-广州","gid":"249216","time_insert":"2021-07-11 15:46"}
2024-03-21 00:21:22 查询号码 【1719887】，GSD为【"广东-广州"】

2024-03-21 00:21:23 开始第 9986 次操作

2024-03-21 00:21:23 开始操作号码 【1719888】
2024-03-21 00:21:31 GSD getOne 第 1 次 等待 3 秒
2024-03-21 00:21:34 查询号码 【1719888】，返回信息 {"status":"ok","msg":"广东-深圳","gid":"249228","time_insert":"2021-07-11 15:47"}
2024-03-21 00:21:34 查询号码 【1719888】，GSD为【"广东-深圳"】

2024-03-21 00:21:35 开始第 9987 次操作

2024-03-21 00:21:35 开始操作号码 【1719889】
2024-03-21 00:21:40 GSD getOne 第 1 次 等待 3 秒
2024-03-21 00:21:43 查询号码 【1719889】，返回信息 {"status":"ok","msg":"广东-东莞","gid":"249238","time_insert":"2021-07-11 15:47"}
2024-03-21 00:21:43 查询号码 【1719889】，GSD为【"广东-东莞"】

2024-03-21 00:21:44 开始第 9988 次操作

2024-03-21 00:21:44 开始操作号码 【1719890】
2024-03-21 00:21:49 GSD getOne 第 1 次 等待 3 秒
2024-03-21 00:21:52 查询号码 【1719890】，返回信息 {"status":"ok","msg":"海南-海口","gid":"249249","time_insert":"2021-07-11 15:48"}
2024-03-21 00:21:52 查询号码 【1719890】，GSD为【"海南-海口"】

