2024-12-07 00:13:23 开始第 8853 次操作

2024-12-07 00:13:23 开始操作号码 【1308852】
2024-12-07 00:13:25 GSD getOne 第 1 次 等待 3 秒
2024-12-07 00:13:28 查询号码 【1308852】，返回信息 {"status":"ok","msg":"内蒙古-呼伦贝尔","gid":"176434","time_insert":"2021-07-02 21:00"}
2024-12-07 00:13:28 查询号码 【1308852】，GSD为【"内蒙古-呼伦贝尔"】

2024-12-07 00:13:29 开始第 8854 次操作

2024-12-07 00:13:29 开始操作号码 【1308853】
2024-12-07 00:13:31 GSD getOne 第 1 次 等待 3 秒
2024-12-07 00:13:34 查询号码 【1308853】，返回信息 {"status":"ok","msg":"内蒙古-呼伦贝尔","gid":"176432","time_insert":"2021-07-02 21:00"}
2024-12-07 00:13:34 查询号码 【1308853】，GSD为【"内蒙古-呼伦贝尔"】

2024-12-07 00:13:35 开始第 8855 次操作

2024-12-07 00:13:35 开始操作号码 【1308854】
2024-12-07 00:13:36 GSD getOne 第 1 次 等待 3 秒
2024-12-07 00:13:39 查询号码 【1308854】，返回信息 {"status":"ok","msg":"内蒙古-呼伦贝尔","gid":"176430","time_insert":"2021-07-02 20:59"}
2024-12-07 00:13:39 查询号码 【1308854】，GSD为【"内蒙古-呼伦贝尔"】

2024-12-07 00:13:40 开始第 8856 次操作

2024-12-07 00:13:40 开始操作号码 【1308855】
2024-12-07 00:13:41 GSD getOne 第 1 次 等待 3 秒
2024-12-07 00:13:44 查询号码 【1308855】，返回信息 {"status":"ok","msg":"内蒙古-呼伦贝尔","gid":"176250","time_insert":"2021-07-02 19:48"}
2024-12-07 00:13:44 查询号码 【1308855】，GSD为【"内蒙古-呼伦贝尔"】

2024-12-07 00:43:34 开始第 8857 次操作

2024-12-07 00:43:34 开始操作号码 【1308856】
2024-12-07 00:43:35 GSD getOne 第 1 次 等待 3 秒
2024-12-07 00:43:38 查询号码 【1308856】，返回信息 {"status":"ok","msg":"内蒙古-包头","gid":"176246","time_insert":"2021-07-02 19:48"}
2024-12-07 00:43:38 查询号码 【1308856】，GSD为【"内蒙古-包头"】

2024-12-07 00:43:39 开始第 8858 次操作

2024-12-07 00:43:39 开始操作号码 【1308857】
2024-12-07 00:43:41 GSD getOne 第 1 次 等待 3 秒
2024-12-07 00:43:44 查询号码 【1308857】，返回信息 {"status":"ok","msg":"内蒙古-乌兰察布","gid":"831","time_insert":"2014-01-18 18:30","time_update":"2020-12-17 02:20"}
2024-12-07 00:43:44 查询号码 【1308857】，GSD为【"内蒙古-乌兰察布"】

2024-12-07 00:43:45 开始第 8859 次操作

2024-12-07 00:43:45 开始操作号码 【1308858】
2024-12-07 00:43:47 GSD getOne 第 1 次 等待 3 秒
2024-12-07 00:43:50 查询号码 【1308858】，返回信息 {"status":"ok","msg":"内蒙古-乌兰察布","gid":"176240","time_insert":"2021-07-02 19:47"}
2024-12-07 00:43:50 查询号码 【1308858】，GSD为【"内蒙古-乌兰察布"】

2024-12-07 00:43:51 开始第 8860 次操作

2024-12-07 00:43:51 开始操作号码 【1308859】
2024-12-07 00:43:52 GSD getOne 第 1 次 等待 3 秒
2024-12-07 00:43:55 查询号码 【1308859】，返回信息 {"status":"ok","msg":"内蒙古-乌兰察布","gid":"176230","time_insert":"2021-07-02 19:47"}
2024-12-07 00:43:55 查询号码 【1308859】，GSD为【"内蒙古-乌兰察布"】

