2024-04-21 00:19:53 开始第 4641 次操作

2024-04-21 00:19:53 开始操作号码 【1604542】
2024-04-21 00:20:58 GSD getOne 第 1 次 等待 3 秒
2024-04-21 00:21:01 查询号码 【1604542】，返回信息 {"status":"ok","msg":"-","gid":"610910","time_insert":"2023-03-24 05:17"}
2024-04-21 00:21:01 查询号码 【1604542】，GSD为【"-"】
2024-04-21 00:21:01 ok && -
2024-04-21 00:21:04 CHB 1604542?1713630061 第 1 次 等待 3 秒
2024-04-21 00:21:07 CHB 1604542?1713630061 第 1 次 获取到号码【1604542】GSD
2024-04-21 00:21:07 未获取到号码【1604542】GSD，可能号码格式错误
2024-04-21 00:21:07 获取到号码【1604542】的GSD为【-】
2024-04-21 00:21:57 GSD insert 第 1 次 等待 3 秒
2024-04-21 00:22:00 {"status":"bad","gid":"610910","msg":"添加失败！号码【1604542(-|-)】已存在！"}
2024-04-21 00:22:00 随机等待 143 秒，约 2 分钟
2024-04-21 00:22:00 下次操作: 2024-04-21 00:24:23

2024-04-21 00:24:23 开始第 4642 次操作

2024-04-21 00:24:23 开始操作号码 【1604543】
2024-04-21 00:24:34 GSD getOne 第 1 次 等待 3 秒
2024-04-21 00:24:37 查询号码 【1604543】，返回信息 {"status":"ok","msg":"-","gid":"610940","time_insert":"2023-03-24 05:38"}
2024-04-21 00:24:37 查询号码 【1604543】，GSD为【"-"】
2024-04-21 00:24:37 ok && -
2024-04-21 00:24:39 CHB 1604543?1713630277 第 1 次 等待 3 秒
2024-04-21 00:24:42 CHB 1604543?1713630277 第 1 次 获取到号码【1604543】GSD
2024-04-21 00:24:43 未获取到号码【1604543】GSD，可能号码格式错误
2024-04-21 00:24:43 获取到号码【1604543】的GSD为【-】
2024-04-21 00:24:57 GSD insert 第 1 次 等待 3 秒
2024-04-21 00:25:00 {"status":"bad","gid":"610940","msg":"添加失败！号码【1604543(-|-)】已存在！"}
2024-04-21 00:25:00 随机等待 113 秒，约 1 分钟
2024-04-21 00:25:00 下次操作: 2024-04-21 00:26:53

2024-04-21 00:26:53 开始第 4643 次操作

2024-04-21 00:26:53 开始操作号码 【1604544】
2024-04-21 00:27:16 GSD getOne 第 1 次 等待 3 秒
2024-04-21 00:27:19 查询号码 【1604544】，返回信息 {"status":"ok","msg":"-","gid":"610965","time_insert":"2023-03-24 05:53"}
2024-04-21 00:27:19 查询号码 【1604544】，GSD为【"-"】
2024-04-21 00:27:19 ok && -
2024-04-21 00:27:21 CHB 1604544?1713630439 第 1 次 等待 3 秒
2024-04-21 00:27:24 CHB 1604544?1713630439 第 1 次 获取到号码【1604544】GSD
2024-04-21 00:27:24 未获取到号码【1604544】GSD，可能号码格式错误
2024-04-21 00:27:24 获取到号码【1604544】的GSD为【-】
2024-04-21 00:27:51 GSD insert 第 1 次 等待 3 秒
2024-04-21 00:27:54 {"status":"bad","gid":"610965","msg":"添加失败！号码【1604544(-|-)】已存在！"}
2024-04-21 00:27:54 随机等待 72 秒，约 1 分钟
2024-04-21 00:27:54 下次操作: 2024-04-21 00:29:06

2024-04-21 00:29:06 开始第 4644 次操作

2024-04-21 00:29:06 开始操作号码 【1604545】
2024-04-21 00:30:10 GSD getOne 第 1 次 等待 3 秒
2024-04-21 00:30:13 查询号码 【1604545】，返回信息 {"status":"ok","msg":"-","gid":"610977","time_insert":"2023-03-24 06:02"}
2024-04-21 00:30:13 查询号码 【1604545】，GSD为【"-"】
2024-04-21 00:30:13 ok && -
2024-04-21 00:35:13 CHB 1604545?1713630613 第 1 次 等待 3 秒
2024-04-21 00:35:16 CHB 1604545?1713630613 第 1 次 未获取到 等待 135 秒 下次操作: 2024-04-21 00:37:31
2024-04-21 00:37:34 CHB 1604545?1713631051 第 2 次 等待 3 秒
2024-04-21 00:37:37 CHB 1604545?1713631051 第 2 次 获取到号码【1604545】GSD
2024-04-21 00:37:37 未获取到号码【1604545】GSD，可能号码格式错误
2024-04-21 00:37:37 获取到号码【1604545】的GSD为【-】
2024-04-21 00:37:46 GSD insert 第 1 次 等待 3 秒
2024-04-21 00:37:49 {"status":"bad","gid":"610977","msg":"添加失败！号码【1604545(-|-)】已存在！"}

