2021-07-22 00:00:45 开始第 10 次操作

2021-07-22 00:00:45 开始操作号码 【1378636】
2021-07-22 00:00:54 GSD getOne 第 1 次 等待 3 秒
2021-07-22 00:00:57 查询号码 【1378636】，返回信息 {"status":"bad","msg":""}
2021-07-22 00:00:57 查询号码 【1378636】，GSD为【""】
2021-07-22 00:00:57 bad
2021-07-22 00:00:57 CHB 1378636?1626883257 第 1 次 等待 3 秒
2021-07-22 00:01:00 CHB 1378636?1626883257 第 1 次 未获取到 等待 14 秒 下次操作: 2021-07-22 00:01:14
2021-07-22 00:01:15 CHB 1378636?1626883274 第 2 次 等待 3 秒
2021-07-22 00:01:18 CHB 1378636?1626883274 第 2 次 未获取到 等待 17 秒 下次操作: 2021-07-22 00:01:35
2021-07-22 00:01:39 CHB 1378636?1626883295 第 3 次 等待 3 秒
2021-07-22 00:01:42 CHB 1378636?1626883295 第 3 次 跳过号码【1378636】
2021-07-22 00:01:42 未获取到号码【1378636】源码
2021-07-22 00:01:42 获取到号码【1378636】的GSD为【-】
2021-07-22 00:01:52 GSD insert 第 1 次 等待 3 秒
2021-07-22 00:01:55 {"status":"ok","gid":350188,"msg":"添加成功！"}
2021-07-22 00:01:55 下次操作: 2021-07-22 00:02:12

2021-07-22 00:02:12 开始第 11 次操作

2021-07-22 00:02:12 开始操作号码 【1378635】
2021-07-22 00:02:15 GSD getOne 第 1 次 等待 3 秒
2021-07-22 00:02:18 查询号码 【1378635】，返回信息 {"status":"bad","msg":""}
2021-07-22 00:02:18 查询号码 【1378635】，GSD为【""】
2021-07-22 00:02:18 bad
2021-07-22 00:02:18 CHB 1378635?1626883338 第 1 次 等待 3 秒
2021-07-22 00:02:21 CHB 1378635?1626883338 第 1 次 未获取到 等待 17 秒 下次操作: 2021-07-22 00:02:38
2021-07-22 00:02:39 CHB 1378635?1626883358 第 2 次 等待 3 秒
2021-07-22 00:02:42 CHB 1378635?1626883358 第 2 次 未获取到 等待 24 秒 下次操作: 2021-07-22 00:03:06
2021-07-22 00:03:06 CHB 1378635?1626883386 第 3 次 等待 3 秒
2021-07-22 00:03:09 CHB 1378635?1626883386 第 3 次 跳过号码【1378635】
2021-07-22 00:03:09 未获取到号码【1378635】源码
2021-07-22 00:03:09 获取到号码【1378635】的GSD为【-】
2021-07-22 00:03:12 GSD insert 第 1 次 等待 3 秒
2021-07-22 00:03:15 {"status":"ok","gid":350202,"msg":"添加成功！"}
2021-07-22 00:03:15 下次操作: 2021-07-22 00:03:29

2021-07-22 00:03:29 开始第 12 次操作

2021-07-22 00:03:29 开始操作号码 【1378634】
2021-07-22 00:03:31 GSD getOne 第 1 次 等待 3 秒
2021-07-22 00:03:34 查询号码 【1378634】，返回信息 {"status":"bad","msg":""}
2021-07-22 00:03:35 查询号码 【1378634】，GSD为【""】
2021-07-22 00:03:35 bad
2021-07-22 00:03:35 CHB 1378634?1626883415 第 1 次 等待 3 秒
2021-07-22 00:03:38 CHB 1378634?1626883415 第 1 次 未获取到 等待 24 秒 下次操作: 2021-07-22 00:04:02
2021-07-22 00:04:02 CHB 1378634?1626883442 第 2 次 等待 3 秒
2021-07-22 00:04:05 CHB 1378634?1626883442 第 2 次 未获取到 等待 13 秒 下次操作: 2021-07-22 00:04:18
2021-07-22 00:04:19 CHB 1378634?1626883458 第 3 次 等待 3 秒
2021-07-22 00:04:22 CHB 1378634?1626883458 第 3 次 跳过号码【1378634】
2021-07-22 00:04:22 未获取到号码【1378634】源码
2021-07-22 00:04:22 获取到号码【1378634】的GSD为【-】
2021-07-22 00:04:41 GSD insert 第 1 次 等待 3 秒
2021-07-22 00:04:44 {"status":"ok","gid":350218,"msg":"添加成功！"}
2021-07-22 00:04:44 下次操作: 2021-07-22 00:05:00

2021-07-22 00:05:00 开始第 13 次操作

2021-07-22 00:05:00 开始操作号码 【1378633】
2021-07-22 00:05:10 GSD getOne 第 1 次 等待 3 秒
2021-07-22 00:05:13 查询号码 【1378633】，返回信息 {"status":"bad","msg":""}
2021-07-22 00:05:13 查询号码 【1378633】，GSD为【""】
2021-07-22 00:05:13 bad
2021-07-22 00:05:13 CHB 1378633?1626883513 第 1 次 等待 3 秒
2021-07-22 00:05:16 CHB 1378633?1626883513 第 1 次 未获取到 等待 20 秒 下次操作: 2021-07-22 00:05:36
2021-07-22 00:05:37 CHB 1378633?1626883536 第 2 次 等待 3 秒
2021-07-22 00:05:40 CHB 1378633?1626883536 第 2 次 未获取到 等待 20 秒 下次操作: 2021-07-22 00:06:00
2021-07-22 00:06:00 CHB 1378633?1626883560 第 3 次 等待 3 秒
2021-07-22 00:06:03 CHB 1378633?1626883560 第 3 次 跳过号码【1378633】
2021-07-22 00:06:03 未获取到号码【1378633】源码
2021-07-22 00:06:03 获取到号码【1378633】的GSD为【-】
2021-07-22 00:06:06 GSD insert 第 1 次 等待 3 秒
2021-07-22 00:06:09 {"status":"ok","gid":350233,"msg":"添加成功！"}
2021-07-22 00:06:09 下次操作: 2021-07-22 00:06:30

2021-07-22 00:06:30 开始第 14 次操作

2021-07-22 00:06:30 开始操作号码 【1378632】
2021-07-22 00:06:36 GSD getOne 第 1 次 等待 3 秒
2021-07-22 00:06:39 查询号码 【1378632】，返回信息 {"status":"bad","msg":""}
2021-07-22 00:06:39 查询号码 【1378632】，GSD为【""】
2021-07-22 00:06:39 bad
2021-07-22 00:06:40 CHB 1378632?1626883599 第 1 次 等待 3 秒
2021-07-22 00:06:43 CHB 1378632?1626883599 第 1 次 未获取到 等待 17 秒 下次操作: 2021-07-22 00:07:00
2021-07-22 00:07:00 CHB 1378632?1626883620 第 2 次 等待 3 秒
2021-07-22 00:07:03 CHB 1378632?1626883620 第 2 次 未获取到 等待 16 秒 下次操作: 2021-07-22 00:07:19
2021-07-22 00:07:20 CHB 1378632?1626883639 第 3 次 等待 3 秒
2021-07-22 00:07:23 CHB 1378632?1626883639 第 3 次 跳过号码【1378632】
2021-07-22 00:07:23 未获取到号码【1378632】源码
2021-07-22 00:07:23 获取到号码【1378632】的GSD为【-】
2021-07-22 00:07:25 GSD insert 第 1 次 等待 3 秒
2021-07-22 00:07:28 {"status":"ok","gid":350250,"msg":"添加成功！"}
2021-07-22 00:07:28 下次操作: 2021-07-22 00:07:40

2021-07-22 00:07:40 开始第 15 次操作

2021-07-22 00:07:40 开始操作号码 【1378631】
2021-07-22 00:07:44 GSD getOne 第 1 次 等待 3 秒
2021-07-22 00:07:47 查询号码 【1378631】，返回信息 {"status":"bad","msg":""}
2021-07-22 00:07:47 查询号码 【1378631】，GSD为【""】
2021-07-22 00:07:47 bad
2021-07-22 00:07:48 CHB 1378631?1626883667 第 1 次 等待 3 秒
2021-07-22 00:07:51 CHB 1378631?1626883667 第 1 次 未获取到 等待 13 秒 下次操作: 2021-07-22 00:08:04
2021-07-22 00:08:04 CHB 1378631?1626883684 第 2 次 等待 3 秒
2021-07-22 00:08:07 CHB 1378631?1626883684 第 2 次 未获取到 等待 18 秒 下次操作: 2021-07-22 00:08:25
2021-07-22 00:08:26 CHB 1378631?1626883705 第 3 次 等待 3 秒
2021-07-22 00:08:29 CHB 1378631?1626883705 第 3 次 跳过号码【1378631】
2021-07-22 00:08:29 未获取到号码【1378631】源码
2021-07-22 00:08:29 获取到号码【1378631】的GSD为【-】
2021-07-22 00:08:54 GSD insert 第 1 次 等待 3 秒
2021-07-22 00:08:57 {"status":"ok","gid":350266,"msg":"添加成功！"}
2021-07-22 00:08:57 下次操作: 2021-07-22 00:09:12

2021-07-22 00:09:12 开始第 16 次操作

2021-07-22 00:09:12 开始操作号码 【1378630】
2021-07-22 00:11:22 GSD getOne 第 1 次 等待 3 秒
2021-07-22 00:11:42 GSD getOne 第 2 次 等待 3 秒
2021-07-22 00:11:45 查询号码 【1378630】，返回信息 {"status":"bad","msg":""}
2021-07-22 00:11:45 查询号码 【1378630】，GSD为【""】
2021-07-22 00:11:45 bad
2021-07-22 00:11:46 CHB 1378630?1626883905 第 1 次 等待 3 秒
2021-07-22 00:11:49 CHB 1378630?1626883905 第 1 次 未获取到 等待 21 秒 下次操作: 2021-07-22 00:12:10
2021-07-22 00:12:10 CHB 1378630?1626883930 第 2 次 等待 3 秒
2021-07-22 00:12:13 CHB 1378630?1626883930 第 2 次 未获取到 等待 16 秒 下次操作: 2021-07-22 00:12:29
2021-07-22 00:12:30 CHB 1378630?1626883949 第 3 次 等待 3 秒
2021-07-22 00:12:33 CHB 1378630?1626883949 第 3 次 跳过号码【1378630】
2021-07-22 00:12:33 未获取到号码【1378630】源码
2021-07-22 00:12:33 获取到号码【1378630】的GSD为【-】
2021-07-22 00:12:35 GSD insert 第 1 次 等待 3 秒
2021-07-22 00:12:38 {"status":"ok","gid":350305,"msg":"添加成功！"}
2021-07-22 00:12:38 下次操作: 2021-07-22 00:12:51

2021-07-22 00:12:51 开始第 17 次操作

2021-07-22 00:12:51 开始操作号码 【1378629】
2021-07-22 00:12:57 GSD getOne 第 1 次 等待 3 秒
2021-07-22 00:13:00 查询号码 【1378629】，返回信息 {"status":"bad","msg":""}
2021-07-22 00:13:00 查询号码 【1378629】，GSD为【""】
2021-07-22 00:13:00 bad
2021-07-22 00:13:01 CHB 1378629?1626883980 第 1 次 等待 3 秒
2021-07-22 00:13:04 CHB 1378629?1626883980 第 1 次 未获取到 等待 19 秒 下次操作: 2021-07-22 00:13:23
2021-07-22 00:13:24 CHB 1378629?1626884003 第 2 次 等待 3 秒
2021-07-22 00:13:27 CHB 1378629?1626884003 第 2 次 未获取到 等待 20 秒 下次操作: 2021-07-22 00:13:47
2021-07-22 00:13:47 CHB 1378629?1626884027 第 3 次 等待 3 秒
2021-07-22 00:13:50 CHB 1378629?1626884027 第 3 次 跳过号码【1378629】
2021-07-22 00:13:50 未获取到号码【1378629】源码
2021-07-22 00:13:50 获取到号码【1378629】的GSD为【-】
2021-07-22 00:13:58 GSD insert 第 1 次 等待 3 秒
2021-07-22 00:14:01 {"status":"ok","gid":350320,"msg":"添加成功！"}
2021-07-22 00:14:01 下次操作: 2021-07-22 00:14:19

2021-07-22 00:14:19 开始第 18 次操作

2021-07-22 00:14:19 开始操作号码 【1378628】
2021-07-22 00:14:25 GSD getOne 第 1 次 等待 3 秒
2021-07-22 00:14:28 查询号码 【1378628】，返回信息 {"status":"bad","msg":""}
2021-07-22 00:14:28 查询号码 【1378628】，GSD为【""】
2021-07-22 00:14:28 bad
2021-07-22 00:14:29 CHB 1378628?1626884068 第 1 次 等待 3 秒
2021-07-22 00:14:32 CHB 1378628?1626884068 第 1 次 未获取到 等待 12 秒 下次操作: 2021-07-22 00:14:44
2021-07-22 00:14:45 CHB 1378628?1626884084 第 2 次 等待 3 秒
2021-07-22 00:14:48 CHB 1378628?1626884084 第 2 次 未获取到 等待 17 秒 下次操作: 2021-07-22 00:15:05
2021-07-22 00:15:06 CHB 1378628?1626884105 第 3 次 等待 3 秒
2021-07-22 00:15:09 CHB 1378628?1626884105 第 3 次 跳过号码【1378628】
2021-07-22 00:15:09 未获取到号码【1378628】源码
2021-07-22 00:15:09 获取到号码【1378628】的GSD为【-】
2021-07-22 00:15:12 GSD insert 第 1 次 等待 3 秒
2021-07-22 00:15:15 {"status":"ok","gid":350332,"msg":"添加成功！"}
2021-07-22 00:15:15 下次操作: 2021-07-22 00:15:35

2021-07-22 00:15:35 开始第 19 次操作

2021-07-22 00:15:35 开始操作号码 【1378627】
2021-07-22 00:15:38 GSD getOne 第 1 次 等待 3 秒
2021-07-22 00:15:41 查询号码 【1378627】，返回信息 {"status":"bad","msg":""}
2021-07-22 00:15:41 查询号码 【1378627】，GSD为【""】
2021-07-22 00:15:41 bad
2021-07-22 00:15:42 CHB 1378627?1626884141 第 1 次 等待 3 秒
2021-07-22 00:15:45 CHB 1378627?1626884141 第 1 次 未获取到 等待 19 秒 下次操作: 2021-07-22 00:16:04
2021-07-22 00:16:04 CHB 1378627?1626884164 第 2 次 等待 3 秒
2021-07-22 00:16:07 CHB 1378627?1626884164 第 2 次 未获取到 等待 20 秒 下次操作: 2021-07-22 00:16:27
2021-07-22 00:16:28 CHB 1378627?1626884187 第 3 次 等待 3 秒
2021-07-22 00:16:31 CHB 1378627?1626884187 第 3 次 跳过号码【1378627】
2021-07-22 00:16:31 未获取到号码【1378627】源码
2021-07-22 00:16:31 获取到号码【1378627】的GSD为【-】
2021-07-22 00:16:33 GSD insert 第 1 次 等待 3 秒
2021-07-22 00:16:36 {"status":"ok","gid":350340,"msg":"添加成功！"}
2021-07-22 00:16:36 下次操作: 2021-07-22 00:16:54

2021-07-22 00:16:54 开始第 20 次操作

2021-07-22 00:16:54 开始操作号码 【1378626】
2021-07-22 00:17:03 GSD getOne 第 1 次 等待 3 秒
2021-07-22 00:17:06 查询号码 【1378626】，返回信息 {"status":"bad","msg":""}
2021-07-22 00:17:06 查询号码 【1378626】，GSD为【""】
2021-07-22 00:17:06 bad
2021-07-22 00:17:06 CHB 1378626?1626884226 第 1 次 等待 3 秒
2021-07-22 00:17:09 CHB 1378626?1626884226 第 1 次 未获取到 等待 18 秒 下次操作: 2021-07-22 00:17:27
2021-07-22 00:17:28 CHB 1378626?1626884247 第 2 次 等待 3 秒
2021-07-22 00:17:31 CHB 1378626?1626884247 第 2 次 未获取到 等待 22 秒 下次操作: 2021-07-22 00:17:53
2021-07-22 00:17:53 CHB 1378626?1626884273 第 3 次 等待 3 秒
2021-07-22 00:17:56 CHB 1378626?1626884273 第 3 次 跳过号码【1378626】
2021-07-22 00:17:56 未获取到号码【1378626】源码
2021-07-22 00:17:56 获取到号码【1378626】的GSD为【-】
2021-07-22 00:18:03 GSD insert 第 1 次 等待 3 秒
2021-07-22 00:18:06 {"status":"ok","gid":350349,"msg":"添加成功！"}
2021-07-22 00:18:06 下次操作: 2021-07-22 00:18:25

2021-07-22 00:18:25 开始第 21 次操作

2021-07-22 00:18:25 开始操作号码 【1378625】
2021-07-22 00:18:28 GSD getOne 第 1 次 等待 3 秒
2021-07-22 00:18:31 查询号码 【1378625】，返回信息 {"status":"bad","msg":""}
2021-07-22 00:18:31 查询号码 【1378625】，GSD为【""】
2021-07-22 00:18:31 bad
2021-07-22 00:18:31 CHB 1378625?1626884311 第 1 次 等待 3 秒
2021-07-22 00:18:34 CHB 1378625?1626884311 第 1 次 未获取到 等待 22 秒 下次操作: 2021-07-22 00:18:56
2021-07-22 00:18:57 CHB 1378625?1626884336 第 2 次 等待 3 秒
2021-07-22 00:19:00 CHB 1378625?1626884336 第 2 次 未获取到 等待 20 秒 下次操作: 2021-07-22 00:19:20
2021-07-22 00:19:21 CHB 1378625?1626884360 第 3 次 等待 3 秒
2021-07-22 00:19:24 CHB 1378625?1626884360 第 3 次 跳过号码【1378625】
2021-07-22 00:19:24 未获取到号码【1378625】源码
2021-07-22 00:19:24 获取到号码【1378625】的GSD为【-】
2021-07-22 00:19:34 GSD insert 第 1 次 等待 3 秒
2021-07-22 00:19:37 {"status":"ok","gid":350359,"msg":"添加成功！"}
2021-07-22 00:19:37 下次操作: 2021-07-22 00:20:01

2021-07-22 00:20:01 开始第 22 次操作

2021-07-22 00:20:01 开始操作号码 【1378624】
2021-07-22 00:20:05 GSD getOne 第 1 次 等待 3 秒
2021-07-22 00:20:08 查询号码 【1378624】，返回信息 {"status":"bad","msg":""}
2021-07-22 00:20:08 查询号码 【1378624】，GSD为【""】
2021-07-22 00:20:08 bad
2021-07-22 00:20:08 CHB 1378624?1626884408 第 1 次 等待 3 秒
2021-07-22 00:20:11 CHB 1378624?1626884408 第 1 次 未获取到 等待 13 秒 下次操作: 2021-07-22 00:20:24
2021-07-22 00:20:25 CHB 1378624?1626884424 第 2 次 等待 3 秒
2021-07-22 00:20:28 CHB 1378624?1626884424 第 2 次 未获取到 等待 18 秒 下次操作: 2021-07-22 00:20:46
2021-07-22 00:20:46 CHB 1378624?1626884446 第 3 次 等待 3 秒
2021-07-22 00:20:49 CHB 1378624?1626884446 第 3 次 跳过号码【1378624】
2021-07-22 00:20:49 未获取到号码【1378624】源码
2021-07-22 00:20:49 获取到号码【1378624】的GSD为【-】
2021-07-22 00:20:57 GSD insert 第 1 次 等待 3 秒
2021-07-22 00:21:00 {"status":"ok","gid":350367,"msg":"添加成功！"}
2021-07-22 00:21:00 下次操作: 2021-07-22 00:21:16

2021-07-22 00:21:16 开始第 23 次操作

2021-07-22 00:21:16 开始操作号码 【1378623】
2021-07-22 00:21:19 GSD getOne 第 1 次 等待 3 秒
2021-07-22 00:21:22 查询号码 【1378623】，返回信息 {"status":"bad","msg":""}
2021-07-22 00:21:22 查询号码 【1378623】，GSD为【""】
2021-07-22 00:21:22 bad
2021-07-22 00:21:22 CHB 1378623?1626884482 第 1 次 等待 3 秒
2021-07-22 00:21:25 CHB 1378623?1626884482 第 1 次 未获取到 等待 24 秒 下次操作: 2021-07-22 00:21:49
2021-07-22 00:21:50 CHB 1378623?1626884509 第 2 次 等待 3 秒
2021-07-22 00:21:53 CHB 1378623?1626884509 第 2 次 未获取到 等待 17 秒 下次操作: 2021-07-22 00:22:10
2021-07-22 00:22:10 CHB 1378623?1626884530 第 3 次 等待 3 秒
2021-07-22 00:22:13 CHB 1378623?1626884530 第 3 次 跳过号码【1378623】
2021-07-22 00:22:13 未获取到号码【1378623】源码
2021-07-22 00:22:13 获取到号码【1378623】的GSD为【-】
2021-07-22 00:22:16 GSD insert 第 1 次 等待 3 秒
2021-07-22 00:22:19 {"status":"ok","gid":350375,"msg":"添加成功！"}
2021-07-22 00:22:19 下次操作: 2021-07-22 00:22:40

2021-07-22 00:22:40 开始第 24 次操作

2021-07-22 00:22:40 开始操作号码 【1378622】
2021-07-22 00:22:43 GSD getOne 第 1 次 等待 3 秒
2021-07-22 00:22:46 查询号码 【1378622】，返回信息 {"status":"bad","msg":""}
2021-07-22 00:22:46 查询号码 【1378622】，GSD为【""】
2021-07-22 00:22:46 bad
2021-07-22 00:22:47 CHB 1378622?1626884566 第 1 次 等待 3 秒
2021-07-22 00:22:50 CHB 1378622?1626884566 第 1 次 未获取到 等待 13 秒 下次操作: 2021-07-22 00:23:03
2021-07-22 00:23:03 CHB 1378622?1626884583 第 2 次 等待 3 秒
2021-07-22 00:23:06 CHB 1378622?1626884583 第 2 次 未获取到 等待 16 秒 下次操作: 2021-07-22 00:23:22
2021-07-22 00:23:23 CHB 1378622?1626884602 第 3 次 等待 3 秒
2021-07-22 00:23:26 CHB 1378622?1626884602 第 3 次 跳过号码【1378622】
2021-07-22 00:23:26 未获取到号码【1378622】源码
2021-07-22 00:23:26 获取到号码【1378622】的GSD为【-】
2021-07-22 00:23:31 GSD insert 第 1 次 等待 3 秒
2021-07-22 00:23:34 {"status":"ok","gid":350385,"msg":"添加成功！"}
2021-07-22 00:23:34 下次操作: 2021-07-22 00:23:51

2021-07-22 00:23:51 开始第 25 次操作

2021-07-22 00:23:51 开始操作号码 【1378621】
2021-07-22 00:23:54 GSD getOne 第 1 次 等待 3 秒
2021-07-22 00:23:57 查询号码 【1378621】，返回信息 {"status":"bad","msg":""}
2021-07-22 00:23:57 查询号码 【1378621】，GSD为【""】
2021-07-22 00:23:57 bad
2021-07-22 00:23:58 CHB 1378621?1626884637 第 1 次 等待 3 秒
2021-07-22 00:24:01 CHB 1378621?1626884637 第 1 次 未获取到 等待 21 秒 下次操作: 2021-07-22 00:24:22
2021-07-22 00:24:22 CHB 1378621?1626884662 第 2 次 等待 3 秒
2021-07-22 00:24:25 CHB 1378621?1626884662 第 2 次 未获取到 等待 13 秒 下次操作: 2021-07-22 00:24:38
2021-07-22 00:24:39 CHB 1378621?1626884678 第 3 次 等待 3 秒
2021-07-22 00:24:42 CHB 1378621?1626884678 第 3 次 跳过号码【1378621】
2021-07-22 00:24:42 未获取到号码【1378621】源码
2021-07-22 00:24:42 获取到号码【1378621】的GSD为【-】
2021-07-22 00:24:49 GSD insert 第 1 次 等待 3 秒
2021-07-22 00:24:52 {"status":"ok","gid":350392,"msg":"添加成功！"}
2021-07-22 00:24:52 下次操作: 2021-07-22 00:25:16

2021-07-22 00:25:16 开始第 26 次操作

2021-07-22 00:25:16 开始操作号码 【1378620】
2021-07-22 00:25:19 GSD getOne 第 1 次 等待 3 秒
2021-07-22 00:25:22 查询号码 【1378620】，返回信息 {"status":"bad","msg":""}
2021-07-22 00:25:22 查询号码 【1378620】，GSD为【""】
2021-07-22 00:25:22 bad
2021-07-22 00:25:22 CHB 1378620?1626884722 第 1 次 等待 3 秒
2021-07-22 00:25:25 CHB 1378620?1626884722 第 1 次 未获取到 等待 13 秒 下次操作: 2021-07-22 00:25:38
2021-07-22 00:25:39 CHB 1378620?1626884738 第 2 次 等待 3 秒
2021-07-22 00:25:42 CHB 1378620?1626884738 第 2 次 未获取到 等待 12 秒 下次操作: 2021-07-22 00:25:54
2021-07-22 00:25:55 CHB 1378620?1626884754 第 3 次 等待 3 秒
2021-07-22 00:25:58 CHB 1378620?1626884754 第 3 次 跳过号码【1378620】
2021-07-22 00:25:58 未获取到号码【1378620】源码
2021-07-22 00:25:58 获取到号码【1378620】的GSD为【-】
2021-07-22 00:26:00 GSD insert 第 1 次 等待 3 秒
2021-07-22 00:26:03 {"status":"ok","gid":350394,"msg":"添加成功！"}
2021-07-22 00:26:03 下次操作: 2021-07-22 00:26:22

2021-07-22 00:26:22 开始第 27 次操作

2021-07-22 00:26:22 开始操作号码 【1378619】
2021-07-22 00:26:27 GSD getOne 第 1 次 等待 3 秒
2021-07-22 00:26:30 查询号码 【1378619】，返回信息 {"status":"bad","msg":""}
2021-07-22 00:26:30 查询号码 【1378619】，GSD为【""】
2021-07-22 00:26:30 bad
2021-07-22 00:26:30 CHB 1378619?1626884790 第 1 次 等待 3 秒
2021-07-22 00:26:33 CHB 1378619?1626884790 第 1 次 未获取到 等待 18 秒 下次操作: 2021-07-22 00:26:51
2021-07-22 00:26:52 CHB 1378619?1626884811 第 2 次 等待 3 秒
2021-07-22 00:26:55 CHB 1378619?1626884811 第 2 次 未获取到 等待 22 秒 下次操作: 2021-07-22 00:27:17
2021-07-22 00:27:18 CHB 1378619?1626884837 第 3 次 等待 3 秒
2021-07-22 00:27:21 CHB 1378619?1626884837 第 3 次 跳过号码【1378619】
2021-07-22 00:27:21 未获取到号码【1378619】源码
2021-07-22 00:27:21 获取到号码【1378619】的GSD为【-】
2021-07-22 00:27:23 GSD insert 第 1 次 等待 3 秒
2021-07-22 00:27:26 {"status":"ok","gid":350399,"msg":"添加成功！"}
2021-07-22 00:27:26 下次操作: 2021-07-22 00:27:44

2021-07-22 00:27:44 开始第 28 次操作

2021-07-22 00:27:44 开始操作号码 【1378618】
2021-07-22 00:27:48 GSD getOne 第 1 次 等待 3 秒
2021-07-22 00:27:51 查询号码 【1378618】，返回信息 {"status":"bad","msg":""}
2021-07-22 00:27:51 查询号码 【1378618】，GSD为【""】
2021-07-22 00:27:51 bad
2021-07-22 00:27:51 CHB 1378618?1626884871 第 1 次 等待 3 秒
2021-07-22 00:27:54 CHB 1378618?1626884871 第 1 次 未获取到 等待 19 秒 下次操作: 2021-07-22 00:28:13
2021-07-22 00:28:14 CHB 1378618?1626884893 第 2 次 等待 3 秒
2021-07-22 00:28:17 CHB 1378618?1626884893 第 2 次 未获取到 等待 20 秒 下次操作: 2021-07-22 00:28:37
2021-07-22 00:28:37 CHB 1378618?1626884917 第 3 次 等待 3 秒
2021-07-22 00:28:40 CHB 1378618?1626884917 第 3 次 跳过号码【1378618】
2021-07-22 00:28:40 未获取到号码【1378618】源码
2021-07-22 00:28:40 获取到号码【1378618】的GSD为【-】
2021-07-22 00:28:43 GSD insert 第 1 次 等待 3 秒
2021-07-22 00:28:46 {"status":"ok","gid":350401,"msg":"添加成功！"}
2021-07-22 00:28:46 下次操作: 2021-07-22 00:28:59

2021-07-22 00:28:59 开始第 29 次操作

2021-07-22 00:28:59 开始操作号码 【1378617】
2021-07-22 00:29:12 GSD getOne 第 1 次 等待 3 秒
2021-07-22 00:29:15 查询号码 【1378617】，返回信息 {"status":"bad","msg":""}
2021-07-22 00:29:15 查询号码 【1378617】，GSD为【""】
2021-07-22 00:29:15 bad
2021-07-22 00:29:16 CHB 1378617?1626884955 第 1 次 等待 3 秒
2021-07-22 00:29:19 CHB 1378617?1626884955 第 1 次 未获取到 等待 12 秒 下次操作: 2021-07-22 00:29:31
2021-07-22 00:29:33 CHB 1378617?1626884971 第 2 次 等待 3 秒
2021-07-22 00:29:36 CHB 1378617?1626884971 第 2 次 获取到号码【1378617】GSD
2021-07-22 00:29:36 获取到号码【1378617】的GSD为【湖南-长沙】
2021-07-22 00:29:45 GSD insert 第 1 次 等待 3 秒
2021-07-22 00:29:48 {"status":"ok","gid":350405,"msg":"添加成功！"}
2021-07-22 00:29:48 下次操作: 2021-07-22 00:30:08

2021-07-22 00:30:08 开始第 30 次操作

2021-07-22 00:30:08 开始操作号码 【1378616】
2021-07-22 00:30:13 GSD getOne 第 1 次 等待 3 秒
2021-07-22 00:30:16 查询号码 【1378616】，返回信息 {"status":"bad","msg":""}
2021-07-22 00:30:16 查询号码 【1378616】，GSD为【""】
2021-07-22 00:30:16 bad
2021-07-22 00:30:17 CHB 1378616?1626885016 第 1 次 等待 3 秒
2021-07-22 00:30:20 CHB 1378616?1626885016 第 1 次 未获取到 等待 13 秒 下次操作: 2021-07-22 00:30:33
2021-07-22 00:30:33 CHB 1378616?1626885033 第 2 次 等待 3 秒
2021-07-22 00:30:36 CHB 1378616?1626885033 第 2 次 未获取到 等待 23 秒 下次操作: 2021-07-22 00:30:59
2021-07-22 00:31:00 CHB 1378616?1626885059 第 3 次 等待 3 秒
2021-07-22 00:31:03 CHB 1378616?1626885059 第 3 次 跳过号码【1378616】
2021-07-22 00:31:03 未获取到号码【1378616】源码
2021-07-22 00:31:03 获取到号码【1378616】的GSD为【-】
2021-07-22 00:31:05 GSD insert 第 1 次 等待 3 秒
2021-07-22 00:31:08 {"status":"ok","gid":350406,"msg":"添加成功！"}
2021-07-22 00:31:08 下次操作: 2021-07-22 00:31:27

2021-07-22 00:31:27 开始第 31 次操作

2021-07-22 00:31:28 开始操作号码 【1378615】
2021-07-22 00:31:33 GSD getOne 第 1 次 等待 3 秒
2021-07-22 00:31:36 查询号码 【1378615】，返回信息 {"status":"bad","msg":""}
2021-07-22 00:31:36 查询号码 【1378615】，GSD为【""】
2021-07-22 00:31:36 bad
2021-07-22 00:31:37 CHB 1378615?1626885096 第 1 次 等待 3 秒
2021-07-22 00:31:40 CHB 1378615?1626885096 第 1 次 未获取到 等待 13 秒 下次操作: 2021-07-22 00:31:53
2021-07-22 00:31:53 CHB 1378615?1626885113 第 2 次 等待 3 秒
2021-07-22 00:31:56 CHB 1378615?1626885113 第 2 次 未获取到 等待 24 秒 下次操作: 2021-07-22 00:32:20
2021-07-22 00:32:21 CHB 1378615?1626885140 第 3 次 等待 3 秒
2021-07-22 00:32:24 CHB 1378615?1626885140 第 3 次 跳过号码【1378615】
2021-07-22 00:32:24 未获取到号码【1378615】源码
2021-07-22 00:32:24 获取到号码【1378615】的GSD为【-】
2021-07-22 00:32:26 GSD insert 第 1 次 等待 3 秒
2021-07-22 00:32:29 {"status":"ok","gid":350410,"msg":"添加成功！"}
2021-07-22 00:32:29 下次操作: 2021-07-22 00:32:47

2021-07-22 00:32:47 开始第 32 次操作

2021-07-22 00:32:47 开始操作号码 【1378614】
2021-07-22 00:32:50 GSD getOne 第 1 次 等待 3 秒
2021-07-22 00:32:53 查询号码 【1378614】，返回信息 {"status":"bad","msg":""}
2021-07-22 00:32:53 查询号码 【1378614】，GSD为【""】
2021-07-22 00:32:53 bad
2021-07-22 00:32:53 CHB 1378614?1626885173 第 1 次 等待 3 秒
2021-07-22 00:32:57 CHB 1378614?1626885173 第 1 次 未获取到 等待 22 秒 下次操作: 2021-07-22 00:33:19
2021-07-22 00:33:19 CHB 1378614?1626885199 第 2 次 等待 3 秒
2021-07-22 00:33:22 CHB 1378614?1626885199 第 2 次 未获取到 等待 13 秒 下次操作: 2021-07-22 00:33:35
2021-07-22 00:33:36 CHB 1378614?1626885215 第 3 次 等待 3 秒
2021-07-22 00:33:39 CHB 1378614?1626885215 第 3 次 跳过号码【1378614】
2021-07-22 00:33:39 未获取到号码【1378614】源码
2021-07-22 00:33:39 获取到号码【1378614】的GSD为【-】
2021-07-22 00:33:41 GSD insert 第 1 次 等待 3 秒
2021-07-22 00:33:44 {"status":"ok","gid":350412,"msg":"添加成功！"}
2021-07-22 00:33:44 下次操作: 2021-07-22 00:34:05

2021-07-22 00:34:05 开始第 33 次操作

2021-07-22 00:34:05 开始操作号码 【1378613】
2021-07-22 00:34:08 GSD getOne 第 1 次 等待 3 秒
2021-07-22 00:34:11 查询号码 【1378613】，返回信息 {"status":"bad","msg":""}
2021-07-22 00:34:11 查询号码 【1378613】，GSD为【""】
2021-07-22 00:34:11 bad
2021-07-22 00:34:12 CHB 1378613?1626885251 第 1 次 等待 3 秒
2021-07-22 00:34:15 CHB 1378613?1626885251 第 1 次 未获取到 等待 16 秒 下次操作: 2021-07-22 00:34:31
2021-07-22 00:34:31 CHB 1378613?1626885271 第 2 次 等待 3 秒
2021-07-22 00:34:34 CHB 1378613?1626885271 第 2 次 未获取到 等待 24 秒 下次操作: 2021-07-22 00:34:58
2021-07-22 00:34:59 CHB 1378613?1626885298 第 3 次 等待 3 秒
2021-07-22 00:35:02 CHB 1378613?1626885298 第 3 次 跳过号码【1378613】
2021-07-22 00:35:02 未获取到号码【1378613】源码
2021-07-22 00:35:02 获取到号码【1378613】的GSD为【-】
2021-07-22 00:35:06 GSD insert 第 1 次 等待 3 秒
2021-07-22 00:35:09 {"status":"ok","gid":350413,"msg":"添加成功！"}
2021-07-22 00:35:09 下次操作: 2021-07-22 00:35:32

2021-07-22 00:35:32 开始第 34 次操作

2021-07-22 00:35:32 开始操作号码 【1378612】
2021-07-22 00:35:35 GSD getOne 第 1 次 等待 3 秒
2021-07-22 00:35:38 查询号码 【1378612】，返回信息 {"status":"bad","msg":""}
2021-07-22 00:35:39 查询号码 【1378612】，GSD为【""】
2021-07-22 00:35:39 bad
2021-07-22 00:35:39 CHB 1378612?1626885339 第 1 次 等待 3 秒
2021-07-22 00:35:42 CHB 1378612?1626885339 第 1 次 未获取到 等待 24 秒 下次操作: 2021-07-22 00:36:06
2021-07-22 00:36:07 CHB 1378612?1626885366 第 2 次 等待 3 秒
2021-07-22 00:36:10 CHB 1378612?1626885366 第 2 次 未获取到 等待 20 秒 下次操作: 2021-07-22 00:36:30
2021-07-22 00:36:30 CHB 1378612?1626885390 第 3 次 等待 3 秒
2021-07-22 00:36:33 CHB 1378612?1626885390 第 3 次 跳过号码【1378612】
2021-07-22 00:36:33 未获取到号码【1378612】源码
2021-07-22 00:36:33 获取到号码【1378612】的GSD为【-】
2021-07-22 00:36:36 GSD insert 第 1 次 等待 3 秒
2021-07-22 00:36:39 {"status":"ok","gid":350416,"msg":"添加成功！"}
2021-07-22 00:36:39 下次操作: 2021-07-22 00:36:52

2021-07-22 00:36:52 开始第 35 次操作

2021-07-22 00:36:52 开始操作号码 【1378611】
2021-07-22 00:36:54 GSD getOne 第 1 次 等待 3 秒
2021-07-22 00:36:57 查询号码 【1378611】，返回信息 {"status":"ok","msg":"湖南-长沙","gid":"10686","time_insert":"2017-05-15 14:47","time_update":"2020-09-22 03:55"}
2021-07-22 00:36:57 查询号码 【1378611】，GSD为【"湖南-长沙"】

2021-07-22 00:36:57 开始第 35 次操作

2021-07-22 00:36:57 开始操作号码 【1378610】
2021-07-22 00:37:15 GSD getOne 第 1 次 等待 3 秒
2021-07-22 00:37:18 查询号码 【1378610】，返回信息 {"status":"bad","msg":""}
2021-07-22 00:37:18 查询号码 【1378610】，GSD为【""】
2021-07-22 00:37:18 bad
2021-07-22 00:37:19 CHB 1378610?1626885438 第 1 次 等待 3 秒
2021-07-22 00:37:22 CHB 1378610?1626885438 第 1 次 未获取到 等待 16 秒 下次操作: 2021-07-22 00:37:38
2021-07-22 00:37:38 CHB 1378610?1626885458 第 2 次 等待 3 秒
2021-07-22 00:37:41 CHB 1378610?1626885458 第 2 次 未获取到 等待 21 秒 下次操作: 2021-07-22 00:38:02
2021-07-22 00:38:03 CHB 1378610?1626885482 第 3 次 等待 3 秒
2021-07-22 00:38:06 CHB 1378610?1626885482 第 3 次 跳过号码【1378610】
2021-07-22 00:38:06 未获取到号码【1378610】源码
2021-07-22 00:38:06 获取到号码【1378610】的GSD为【-】
2021-07-22 00:38:08 GSD insert 第 1 次 等待 3 秒
2021-07-22 00:38:12 {"status":"ok","gid":350423,"msg":"添加成功！"}
2021-07-22 00:38:12 下次操作: 2021-07-22 00:38:35

2021-07-22 00:38:35 开始第 36 次操作

2021-07-22 00:38:35 开始操作号码 【1378609】
2021-07-22 00:38:37 GSD getOne 第 1 次 等待 3 秒
2021-07-22 00:38:40 查询号码 【1378609】，返回信息 {"status":"ok","msg":"湖南-岳阳","gid":"10685","time_insert":"2017-04-19 11:23","time_update":"2020-09-22 03:51"}
2021-07-22 00:38:40 查询号码 【1378609】，GSD为【"湖南-岳阳"】

2021-07-22 00:38:40 开始第 36 次操作

2021-07-22 00:38:40 开始操作号码 【1378608】
2021-07-22 00:38:59 GSD getOne 第 1 次 等待 3 秒
2021-07-22 00:39:02 查询号码 【1378608】，返回信息 {"status":"bad","msg":""}
2021-07-22 00:39:02 查询号码 【1378608】，GSD为【""】
2021-07-22 00:39:02 bad
2021-07-22 00:39:03 CHB 1378608?1626885542 第 1 次 等待 3 秒
2021-07-22 00:39:06 CHB 1378608?1626885542 第 1 次 未获取到 等待 22 秒 下次操作: 2021-07-22 00:39:28
2021-07-22 00:39:28 CHB 1378608?1626885568 第 2 次 等待 3 秒
2021-07-22 00:39:31 CHB 1378608?1626885568 第 2 次 未获取到 等待 17 秒 下次操作: 2021-07-22 00:39:48
2021-07-22 00:39:49 CHB 1378608?1626885588 第 3 次 等待 3 秒
2021-07-22 00:39:52 CHB 1378608?1626885588 第 3 次 跳过号码【1378608】
2021-07-22 00:39:52 未获取到号码【1378608】源码
2021-07-22 00:39:52 获取到号码【1378608】的GSD为【-】
2021-07-22 00:39:55 GSD insert 第 1 次 等待 3 秒
2021-07-22 00:39:58 {"status":"ok","gid":350426,"msg":"添加成功！"}
2021-07-22 00:39:58 下次操作: 2021-07-22 00:40:20

2021-07-22 00:40:20 开始第 37 次操作

2021-07-22 00:40:20 开始操作号码 【1378607】
2021-07-22 00:40:22 GSD getOne 第 1 次 等待 3 秒
2021-07-22 00:40:25 查询号码 【1378607】，返回信息 {"status":"ok","msg":"湖南-岳阳","gid":"10684","time_insert":"2017-07-16 11:45","time_update":"2020-09-22 03:51"}
2021-07-22 00:40:25 查询号码 【1378607】，GSD为【"湖南-岳阳"】

2021-07-22 00:40:25 开始第 37 次操作

2021-07-22 00:40:25 开始操作号码 【1378606】
2021-07-22 00:40:44 GSD getOne 第 1 次 等待 3 秒
2021-07-22 00:40:47 查询号码 【1378606】，返回信息 {"status":"bad","msg":""}
2021-07-22 00:40:47 查询号码 【1378606】，GSD为【""】
2021-07-22 00:40:47 bad
2021-07-22 00:40:47 CHB 1378606?1626885647 第 1 次 等待 3 秒
2021-07-22 00:40:50 CHB 1378606?1626885647 第 1 次 未获取到 等待 24 秒 下次操作: 2021-07-22 00:41:14
2021-07-22 00:41:15 CHB 1378606?1626885674 第 2 次 等待 3 秒
2021-07-22 00:41:18 CHB 1378606?1626885674 第 2 次 未获取到 等待 24 秒 下次操作: 2021-07-22 00:41:42
2021-07-22 00:41:42 CHB 1378606?1626885702 第 3 次 等待 3 秒
2021-07-22 00:41:45 CHB 1378606?1626885702 第 3 次 跳过号码【1378606】
2021-07-22 00:41:45 未获取到号码【1378606】源码
2021-07-22 00:41:45 获取到号码【1378606】的GSD为【-】
2021-07-22 00:41:48 GSD insert 第 1 次 等待 3 秒
2021-07-22 00:41:51 {"status":"ok","gid":350431,"msg":"添加成功！"}
2021-07-22 00:41:51 下次操作: 2021-07-22 00:42:05

2021-07-22 00:42:05 开始第 38 次操作

2021-07-22 00:42:05 开始操作号码 【1378605】
2021-07-22 00:42:11 GSD getOne 第 1 次 等待 3 秒
2021-07-22 00:42:14 查询号码 【1378605】，返回信息 {"status":"bad","msg":""}
2021-07-22 00:42:14 查询号码 【1378605】，GSD为【""】
2021-07-22 00:42:14 bad
2021-07-22 00:42:14 CHB 1378605?1626885734 第 1 次 等待 3 秒
2021-07-22 00:42:17 CHB 1378605?1626885734 第 1 次 未获取到 等待 13 秒 下次操作: 2021-07-22 00:42:30
2021-07-22 00:42:31 CHB 1378605?1626885750 第 2 次 等待 3 秒
2021-07-22 00:42:34 CHB 1378605?1626885750 第 2 次 未获取到 等待 21 秒 下次操作: 2021-07-22 00:42:55
2021-07-22 00:42:55 CHB 1378605?1626885775 第 3 次 等待 3 秒
2021-07-22 00:42:58 CHB 1378605?1626885775 第 3 次 跳过号码【1378605】
2021-07-22 00:42:58 未获取到号码【1378605】源码
2021-07-22 00:42:58 获取到号码【1378605】的GSD为【-】
2021-07-22 00:43:01 GSD insert 第 1 次 等待 3 秒
2021-07-22 00:43:04 {"status":"ok","gid":350435,"msg":"添加成功！"}
2021-07-22 00:43:05 下次操作: 2021-07-22 00:43:16

2021-07-22 00:43:17 开始第 39 次操作

2021-07-22 00:43:17 开始操作号码 【1378604】
2021-07-22 00:43:30 GSD getOne 第 1 次 等待 3 秒
2021-07-22 00:43:33 查询号码 【1378604】，返回信息 {"status":"ok","msg":"湖南-岳阳","gid":"10683","time_insert":"2017-04-19 11:23","time_update":"2020-09-22 03:46"}
2021-07-22 00:43:33 查询号码 【1378604】，GSD为【"湖南-岳阳"】

2021-07-22 00:43:33 开始第 39 次操作

2021-07-22 00:43:33 开始操作号码 【1378603】
2021-07-22 00:43:51 GSD getOne 第 1 次 等待 3 秒
2021-07-22 00:43:54 查询号码 【1378603】，返回信息 {"status":"ok","msg":"湖南-岳阳","gid":"10682","time_insert":"2014-02-26 10:35","time_update":"2020-09-22 03:42"}
2021-07-22 00:43:54 查询号码 【1378603】，GSD为【"湖南-岳阳"】

2021-07-22 00:43:54 开始第 39 次操作

2021-07-22 00:43:54 开始操作号码 【1378602】
2021-07-22 00:44:12 GSD getOne 第 1 次 等待 3 秒
2021-07-22 00:44:15 查询号码 【1378602】，返回信息 {"status":"bad","msg":""}
2021-07-22 00:44:15 查询号码 【1378602】，GSD为【""】
2021-07-22 00:44:15 bad
2021-07-22 00:44:16 CHB 1378602?1626885855 第 1 次 等待 3 秒
2021-07-22 00:44:19 CHB 1378602?1626885855 第 1 次 未获取到 等待 23 秒 下次操作: 2021-07-22 00:44:42
2021-07-22 00:44:42 CHB 1378602?1626885882 第 2 次 等待 3 秒
2021-07-22 00:44:45 CHB 1378602?1626885882 第 2 次 未获取到 等待 18 秒 下次操作: 2021-07-22 00:45:03
2021-07-22 00:45:04 CHB 1378602?1626885903 第 3 次 等待 3 秒
2021-07-22 00:45:07 CHB 1378602?1626885903 第 3 次 跳过号码【1378602】
2021-07-22 00:45:07 未获取到号码【1378602】源码
2021-07-22 00:45:07 获取到号码【1378602】的GSD为【-】
2021-07-22 00:45:09 GSD insert 第 1 次 等待 3 秒
2021-07-22 00:45:12 {"status":"ok","gid":350439,"msg":"添加成功！"}
2021-07-22 00:45:12 下次操作: 2021-07-22 00:45:34

2021-07-22 00:45:34 开始第 40 次操作

2021-07-22 00:45:34 开始操作号码 【1378601】
2021-07-22 00:45:37 GSD getOne 第 1 次 等待 3 秒
2021-07-22 00:45:40 查询号码 【1378601】，返回信息 {"status":"bad","msg":""}
2021-07-22 00:45:41 查询号码 【1378601】，GSD为【""】
2021-07-22 00:45:41 bad
2021-07-22 00:45:41 CHB 1378601?1626885941 第 1 次 等待 3 秒
2021-07-22 00:45:44 CHB 1378601?1626885941 第 1 次 未获取到 等待 20 秒 下次操作: 2021-07-22 00:46:04
2021-07-22 00:46:05 CHB 1378601?1626885964 第 2 次 等待 3 秒
2021-07-22 00:46:08 CHB 1378601?1626885964 第 2 次 未获取到 等待 14 秒 下次操作: 2021-07-22 00:46:22
2021-07-22 00:46:22 CHB 1378601?1626885982 第 3 次 等待 3 秒
2021-07-22 00:46:25 CHB 1378601?1626885982 第 3 次 跳过号码【1378601】
2021-07-22 00:46:25 未获取到号码【1378601】源码
2021-07-22 00:46:25 获取到号码【1378601】的GSD为【-】
2021-07-22 00:46:30 GSD insert 第 1 次 等待 3 秒
2021-07-22 00:46:33 {"status":"ok","gid":350442,"msg":"添加成功！"}

2021-07-22 01:04:41 开始第 1 次操作

2021-07-22 01:04:41 开始操作号码 【1378600】
2021-07-22 01:04:44 GSD getOne 第 1 次 等待 3 秒
2021-07-22 01:04:47 查询号码 【1378600】，返回信息 {"status":"bad","msg":""}
2021-07-22 01:04:47 查询号码 【1378600】，GSD为【""】
2021-07-22 01:04:47 bad
2021-07-22 01:04:48 CHB 1378600?1626887087 第 1 次 等待 3 秒
2021-07-22 01:04:51 CHB 1378600?1626887087 第 1 次 获取到号码【1378600】GSD
2021-07-22 01:04:51 获取到号码【1378600】的GSD为【湖南-岳阳】
2021-07-22 01:04:54 GSD insert 第 1 次 等待 3 秒
2021-07-22 01:04:57 {"status":"ok","gid":350488,"msg":"添加成功！"}
2021-07-22 01:04:57 下次操作: 2021-07-22 01:05:19

2021-07-22 01:05:19 开始第 2 次操作

2021-07-22 01:05:19 开始操作号码 【1378599】
2021-07-22 01:05:28 GSD getOne 第 1 次 等待 3 秒
2021-07-22 01:05:31 查询号码 【1378599】，返回信息 {"status":"bad","msg":""}
2021-07-22 01:05:31 查询号码 【1378599】，GSD为【""】
2021-07-22 01:05:31 bad
2021-07-22 01:05:33 CHB 1378599?1626887131 第 1 次 等待 3 秒
2021-07-22 01:05:36 CHB 1378599?1626887131 第 1 次 获取到号码【1378599】GSD
2021-07-22 01:05:36 获取到号码【1378599】的GSD为【河北-秦皇岛】
2021-07-22 01:05:43 GSD insert 第 1 次 等待 3 秒
2021-07-22 01:05:46 {"status":"ok","gid":350494,"msg":"添加成功！"}
2021-07-22 01:05:46 下次操作: 2021-07-22 01:06:09

2021-07-22 01:06:09 开始第 3 次操作

2021-07-22 01:06:09 开始操作号码 【1378598】
2021-07-22 01:06:11 GSD getOne 第 1 次 等待 3 秒
2021-07-22 01:06:15 查询号码 【1378598】，返回信息 {"status":"bad","msg":""}
2021-07-22 01:06:15 查询号码 【1378598】，GSD为【""】
2021-07-22 01:06:15 bad
2021-07-22 01:06:16 CHB 1378598?1626887175 第 1 次 等待 3 秒
2021-07-22 01:06:19 CHB 1378598?1626887175 第 1 次 获取到号码【1378598】GSD
2021-07-22 01:06:19 获取到号码【1378598】的GSD为【河北-邢台】
2021-07-22 01:06:22 GSD insert 第 1 次 等待 3 秒
2021-07-22 01:06:25 {"status":"ok","gid":350503,"msg":"添加成功！"}
2021-07-22 01:06:25 下次操作: 2021-07-22 01:06:37

2021-07-22 01:06:37 开始第 4 次操作

2021-07-22 01:06:37 开始操作号码 【1378597】
2021-07-22 01:06:45 GSD getOne 第 1 次 等待 3 秒
2021-07-22 01:06:48 查询号码 【1378597】，返回信息 {"status":"bad","msg":""}
2021-07-22 01:06:48 查询号码 【1378597】，GSD为【""】
2021-07-22 01:06:48 bad
2021-07-22 01:06:49 CHB 1378597?1626887208 第 1 次 等待 3 秒
2021-07-22 01:06:52 CHB 1378597?1626887208 第 1 次 获取到号码【1378597】GSD
2021-07-22 01:06:53 获取到号码【1378597】的GSD为【河北-邢台】
2021-07-22 01:06:59 GSD insert 第 1 次 等待 3 秒
2021-07-22 01:07:02 {"status":"ok","gid":350510,"msg":"添加成功！"}
2021-07-22 01:07:02 下次操作: 2021-07-22 01:07:18

2021-07-22 01:07:18 开始第 5 次操作

2021-07-22 01:07:18 开始操作号码 【1378596】
2021-07-22 01:07:21 GSD getOne 第 1 次 等待 3 秒
2021-07-22 01:07:24 查询号码 【1378596】，返回信息 {"status":"bad","msg":""}
2021-07-22 01:07:24 查询号码 【1378596】，GSD为【""】
2021-07-22 01:07:24 bad
2021-07-22 01:07:25 CHB 1378596?1626887244 第 1 次 等待 3 秒
2021-07-22 01:07:28 CHB 1378596?1626887244 第 1 次 获取到号码【1378596】GSD
2021-07-22 01:07:28 获取到号码【1378596】的GSD为【河北-邢台】
2021-07-22 01:07:33 GSD insert 第 1 次 等待 3 秒
2021-07-22 01:07:36 {"status":"ok","gid":350516,"msg":"添加成功！"}
2021-07-22 01:07:36 下次操作: 2021-07-22 01:07:58

2021-07-22 01:07:58 开始第 6 次操作

2021-07-22 01:07:58 开始操作号码 【1378595】
2021-07-22 01:08:01 GSD getOne 第 1 次 等待 3 秒
2021-07-22 01:08:04 查询号码 【1378595】，返回信息 {"status":"bad","msg":""}
2021-07-22 01:08:04 查询号码 【1378595】，GSD为【""】
2021-07-22 01:08:04 bad
2021-07-22 01:08:05 CHB 1378595?1626887284 第 1 次 等待 3 秒
2021-07-22 01:08:08 CHB 1378595?1626887284 第 1 次 获取到号码【1378595】GSD
2021-07-22 01:08:08 获取到号码【1378595】的GSD为【河北-邢台】
2021-07-22 01:08:11 GSD insert 第 1 次 等待 3 秒
2021-07-22 01:08:14 {"status":"ok","gid":350522,"msg":"添加成功！"}
2021-07-22 01:08:14 下次操作: 2021-07-22 01:08:28

2021-07-22 01:08:28 开始第 7 次操作

2021-07-22 01:08:28 开始操作号码 【1378594】
2021-07-22 01:08:36 GSD getOne 第 1 次 等待 3 秒
2021-07-22 01:08:39 查询号码 【1378594】，返回信息 {"status":"bad","msg":""}
2021-07-22 01:08:39 查询号码 【1378594】，GSD为【""】
2021-07-22 01:08:39 bad
2021-07-22 01:08:40 CHB 1378594?1626887319 第 1 次 等待 3 秒
2021-07-22 01:08:43 CHB 1378594?1626887319 第 1 次 获取到号码【1378594】GSD
2021-07-22 01:08:43 获取到号码【1378594】的GSD为【河北-衡水】
2021-07-22 01:08:47 GSD insert 第 1 次 等待 3 秒
2021-07-22 01:08:50 {"status":"ok","gid":350528,"msg":"添加成功！"}
2021-07-22 01:08:50 下次操作: 2021-07-22 01:09:14

2021-07-22 01:09:14 开始第 8 次操作

2021-07-22 01:09:14 开始操作号码 【1378593】
2021-07-22 01:09:17 GSD getOne 第 1 次 等待 3 秒
2021-07-22 01:09:20 查询号码 【1378593】，返回信息 {"status":"bad","msg":""}
2021-07-22 01:09:20 查询号码 【1378593】，GSD为【""】
2021-07-22 01:09:20 bad
2021-07-22 01:09:22 CHB 1378593?1626887360 第 1 次 等待 3 秒
2021-07-22 01:09:25 CHB 1378593?1626887360 第 1 次 获取到号码【1378593】GSD
2021-07-22 01:09:25 获取到号码【1378593】的GSD为【河北-秦皇岛】
2021-07-22 01:09:27 GSD insert 第 1 次 等待 3 秒
2021-07-22 01:09:30 {"status":"ok","gid":350532,"msg":"添加成功！"}
2021-07-22 01:09:30 下次操作: 2021-07-22 01:09:48

2021-07-22 01:09:48 开始第 9 次操作

2021-07-22 01:09:48 开始操作号码 【1378592】
2021-07-22 01:09:51 GSD getOne 第 1 次 等待 3 秒
2021-07-22 01:09:54 查询号码 【1378592】，返回信息 {"status":"bad","msg":""}
2021-07-22 01:09:54 查询号码 【1378592】，GSD为【""】
2021-07-22 01:09:54 bad
2021-07-22 01:09:55 CHB 1378592?1626887394 第 1 次 等待 3 秒
2021-07-22 01:09:58 CHB 1378592?1626887394 第 1 次 获取到号码【1378592】GSD
2021-07-22 01:09:58 获取到号码【1378592】的GSD为【河北-秦皇岛】
2021-07-22 01:10:03 GSD insert 第 1 次 等待 3 秒
2021-07-22 01:10:06 {"status":"ok","gid":350539,"msg":"添加成功！"}
2021-07-22 01:10:06 下次操作: 2021-07-22 01:10:30

2021-07-22 01:10:30 开始第 10 次操作

2021-07-22 01:10:30 开始操作号码 【1378591】
2021-07-22 01:10:37 GSD getOne 第 1 次 等待 3 秒
2021-07-22 01:10:40 查询号码 【1378591】，返回信息 {"status":"bad","msg":""}
2021-07-22 01:10:40 查询号码 【1378591】，GSD为【""】
2021-07-22 01:10:40 bad
2021-07-22 01:10:42 CHB 1378591?1626887440 第 1 次 等待 3 秒
2021-07-22 01:10:45 CHB 1378591?1626887440 第 1 次 获取到号码【1378591】GSD
2021-07-22 01:10:45 获取到号码【1378591】的GSD为【河北-秦皇岛】
2021-07-22 01:10:48 GSD insert 第 1 次 等待 3 秒
2021-07-22 01:10:51 {"status":"ok","gid":350545,"msg":"添加成功！"}
2021-07-22 01:10:51 下次操作: 2021-07-22 01:11:06

2021-07-22 01:11:06 开始第 11 次操作

2021-07-22 01:11:06 开始操作号码 【1378590】
2021-07-22 01:11:10 GSD getOne 第 1 次 等待 3 秒
2021-07-22 01:11:13 查询号码 【1378590】，返回信息 {"status":"bad","msg":""}
2021-07-22 01:11:13 查询号码 【1378590】，GSD为【""】
2021-07-22 01:11:13 bad
2021-07-22 01:11:14 CHB 1378590?1626887473 第 1 次 等待 3 秒
2021-07-22 01:11:17 CHB 1378590?1626887473 第 1 次 获取到号码【1378590】GSD
2021-07-22 01:11:17 获取到号码【1378590】的GSD为【河北-邢台】
2021-07-22 01:11:21 GSD insert 第 1 次 等待 3 秒
2021-07-22 01:11:24 {"status":"ok","gid":350550,"msg":"添加成功！"}
2021-07-22 01:11:24 下次操作: 2021-07-22 01:11:42

2021-07-22 01:11:42 开始第 12 次操作

2021-07-22 01:11:42 开始操作号码 【1378589】
2021-07-22 01:11:45 GSD getOne 第 1 次 等待 3 秒
2021-07-22 01:11:49 查询号码 【1378589】，返回信息 {"status":"bad","msg":""}
2021-07-22 01:11:49 查询号码 【1378589】，GSD为【""】
2021-07-22 01:11:49 bad
2021-07-22 01:11:50 CHB 1378589?1626887509 第 1 次 等待 3 秒
2021-07-22 01:11:53 CHB 1378589?1626887509 第 1 次 获取到号码【1378589】GSD
2021-07-22 01:11:53 获取到号码【1378589】的GSD为【河北-衡水】
2021-07-22 01:11:57 GSD insert 第 1 次 等待 3 秒
2021-07-22 01:12:00 {"status":"ok","gid":350555,"msg":"添加成功！"}
2021-07-22 01:12:00 下次操作: 2021-07-22 01:12:21

2021-07-22 01:12:21 开始第 13 次操作

2021-07-22 01:12:21 开始操作号码 【1378588】
2021-07-22 01:12:23 GSD getOne 第 1 次 等待 3 秒
2021-07-22 01:12:26 查询号码 【1378588】，返回信息 {"status":"bad","msg":""}
2021-07-22 01:12:26 查询号码 【1378588】，GSD为【""】
2021-07-22 01:12:26 bad
2021-07-22 01:12:28 CHB 1378588?1626887546 第 1 次 等待 3 秒
2021-07-22 01:12:31 CHB 1378588?1626887546 第 1 次 获取到号码【1378588】GSD
2021-07-22 01:12:31 获取到号码【1378588】的GSD为【河北-衡水】
2021-07-22 01:12:34 GSD insert 第 1 次 等待 3 秒
2021-07-22 01:12:37 {"status":"ok","gid":350564,"msg":"添加成功！"}
2021-07-22 01:12:37 下次操作: 2021-07-22 01:12:56

2021-07-22 01:12:56 开始第 14 次操作

2021-07-22 01:12:56 开始操作号码 【1378587】
2021-07-22 01:12:59 GSD getOne 第 1 次 等待 3 秒
2021-07-22 01:13:02 查询号码 【1378587】，返回信息 {"status":"bad","msg":""}
2021-07-22 01:13:02 查询号码 【1378587】，GSD为【""】
2021-07-22 01:13:02 bad
2021-07-22 01:13:03 CHB 1378587?1626887582 第 1 次 等待 3 秒
2021-07-22 01:13:06 CHB 1378587?1626887582 第 1 次 获取到号码【1378587】GSD
2021-07-22 01:13:06 获取到号码【1378587】的GSD为【河北-衡水】
2021-07-22 01:13:24 GSD insert 第 1 次 等待 3 秒
2021-07-22 01:13:27 {"status":"ok","gid":350569,"msg":"添加成功！"}
2021-07-22 01:13:27 下次操作: 2021-07-22 01:13:41

2021-07-22 01:13:41 开始第 15 次操作

2021-07-22 01:13:41 开始操作号码 【1378586】
2021-07-22 01:13:44 GSD getOne 第 1 次 等待 3 秒
2021-07-22 01:13:47 查询号码 【1378586】，返回信息 {"status":"bad","msg":""}
2021-07-22 01:13:47 查询号码 【1378586】，GSD为【""】
2021-07-22 01:13:47 bad
2021-07-22 01:13:48 CHB 1378586?1626887627 第 1 次 等待 3 秒
2021-07-22 01:13:52 CHB 1378586?1626887627 第 1 次 获取到号码【1378586】GSD
2021-07-22 01:13:52 获取到号码【1378586】的GSD为【河北-衡水】
2021-07-22 01:13:56 GSD insert 第 1 次 等待 3 秒
2021-07-22 01:13:59 {"status":"ok","gid":350574,"msg":"添加成功！"}
2021-07-22 01:13:59 下次操作: 2021-07-22 01:14:16

2021-07-22 01:14:16 开始第 16 次操作

2021-07-22 01:14:16 开始操作号码 【1378585】
2021-07-22 01:14:18 GSD getOne 第 1 次 等待 3 秒
2021-07-22 01:14:22 查询号码 【1378585】，返回信息 {"status":"bad","msg":""}
2021-07-22 01:14:22 查询号码 【1378585】，GSD为【""】
2021-07-22 01:14:22 bad
2021-07-22 01:14:23 CHB 1378585?1626887662 第 1 次 等待 3 秒
2021-07-22 01:14:26 CHB 1378585?1626887662 第 1 次 获取到号码【1378585】GSD
2021-07-22 01:14:26 获取到号码【1378585】的GSD为【河北-衡水】
2021-07-22 01:14:29 GSD insert 第 1 次 等待 3 秒
2021-07-22 01:14:32 {"status":"ok","gid":350581,"msg":"添加成功！"}
2021-07-22 01:14:32 下次操作: 2021-07-22 01:14:44

2021-07-22 01:14:44 开始第 17 次操作

2021-07-22 01:14:44 开始操作号码 【1378584】
2021-07-22 01:14:48 GSD getOne 第 1 次 等待 3 秒
2021-07-22 01:14:51 查询号码 【1378584】，返回信息 {"status":"bad","msg":""}
2021-07-22 01:14:51 查询号码 【1378584】，GSD为【""】
2021-07-22 01:14:51 bad
2021-07-22 01:14:53 CHB 1378584?1626887691 第 1 次 等待 3 秒
2021-07-22 01:14:56 CHB 1378584?1626887691 第 1 次 获取到号码【1378584】GSD
2021-07-22 01:14:56 获取到号码【1378584】的GSD为【河北-衡水】
2021-07-22 01:15:00 GSD insert 第 1 次 等待 3 秒
2021-07-22 01:15:03 {"status":"ok","gid":350586,"msg":"添加成功！"}
2021-07-22 01:15:03 下次操作: 2021-07-22 01:15:17

2021-07-22 01:15:17 开始第 18 次操作

2021-07-22 01:15:17 开始操作号码 【1378583】
2021-07-22 01:15:19 GSD getOne 第 1 次 等待 3 秒
2021-07-22 01:15:22 查询号码 【1378583】，返回信息 {"status":"bad","msg":""}
2021-07-22 01:15:23 查询号码 【1378583】，GSD为【""】
2021-07-22 01:15:23 bad
2021-07-22 01:15:24 CHB 1378583?1626887723 第 1 次 等待 3 秒
2021-07-22 01:15:27 CHB 1378583?1626887723 第 1 次 获取到号码【1378583】GSD
2021-07-22 01:15:27 获取到号码【1378583】的GSD为【河北-衡水】
2021-07-22 01:15:31 GSD insert 第 1 次 等待 3 秒
2021-07-22 01:15:34 {"status":"ok","gid":350592,"msg":"添加成功！"}
2021-07-22 01:15:34 下次操作: 2021-07-22 01:15:50

2021-07-22 01:15:50 开始第 19 次操作

2021-07-22 01:15:50 开始操作号码 【1378582】
2021-07-22 01:15:53 GSD getOne 第 1 次 等待 3 秒
2021-07-22 01:15:56 查询号码 【1378582】，返回信息 {"status":"bad","msg":""}
2021-07-22 01:15:56 查询号码 【1378582】，GSD为【""】
2021-07-22 01:15:56 bad
2021-07-22 01:15:57 CHB 1378582?1626887756 第 1 次 等待 3 秒
2021-07-22 01:16:00 CHB 1378582?1626887756 第 1 次 获取到号码【1378582】GSD
2021-07-22 01:16:00 获取到号码【1378582】的GSD为【河北-衡水】
2021-07-22 01:16:03 GSD insert 第 1 次 等待 3 秒
2021-07-22 01:16:06 {"status":"ok","gid":350597,"msg":"添加成功！"}
2021-07-22 01:16:06 下次操作: 2021-07-22 01:16:24

2021-07-22 01:16:24 开始第 20 次操作

2021-07-22 01:16:24 开始操作号码 【1378581】
2021-07-22 01:16:27 GSD getOne 第 1 次 等待 3 秒
2021-07-22 01:16:30 查询号码 【1378581】，返回信息 {"status":"bad","msg":""}
2021-07-22 01:16:30 查询号码 【1378581】，GSD为【""】
2021-07-22 01:16:30 bad
2021-07-22 01:16:31 CHB 1378581?1626887790 第 1 次 等待 3 秒
2021-07-22 01:16:34 CHB 1378581?1626887790 第 1 次 获取到号码【1378581】GSD
2021-07-22 01:16:34 获取到号码【1378581】的GSD为【河北-沧州】
2021-07-22 01:16:38 GSD insert 第 1 次 等待 3 秒
2021-07-22 01:16:41 {"status":"ok","gid":350602,"msg":"添加成功！"}
2021-07-22 01:16:41 下次操作: 2021-07-22 01:17:00

2021-07-22 01:17:00 开始第 21 次操作

2021-07-22 01:17:00 开始操作号码 【1378580】
2021-07-22 01:17:03 GSD getOne 第 1 次 等待 3 秒
2021-07-22 01:17:06 查询号码 【1378580】，返回信息 {"status":"bad","msg":""}
2021-07-22 01:17:06 查询号码 【1378580】，GSD为【""】
2021-07-22 01:17:06 bad
2021-07-22 01:17:08 CHB 1378580?1626887826 第 1 次 等待 3 秒
2021-07-22 01:17:11 CHB 1378580?1626887826 第 1 次 获取到号码【1378580】GSD
2021-07-22 01:17:11 获取到号码【1378580】的GSD为【河北-沧州】
2021-07-22 01:17:14 GSD insert 第 1 次 等待 3 秒
2021-07-22 01:17:17 {"status":"ok","gid":350608,"msg":"添加成功！"}
2021-07-22 01:17:17 下次操作: 2021-07-22 01:17:33

2021-07-22 01:17:33 开始第 22 次操作

2021-07-22 01:17:33 开始操作号码 【1378579】
2021-07-22 01:17:36 GSD getOne 第 1 次 等待 3 秒
2021-07-22 01:17:39 查询号码 【1378579】，返回信息 {"status":"bad","msg":""}
2021-07-22 01:17:39 查询号码 【1378579】，GSD为【""】
2021-07-22 01:17:39 bad
2021-07-22 01:17:41 CHB 1378579?1626887859 第 1 次 等待 3 秒
2021-07-22 01:17:44 CHB 1378579?1626887859 第 1 次 获取到号码【1378579】GSD
2021-07-22 01:17:44 获取到号码【1378579】的GSD为【河北-沧州】
2021-07-22 01:17:47 GSD insert 第 1 次 等待 3 秒
2021-07-22 01:17:50 {"status":"ok","gid":350614,"msg":"添加成功！"}
2021-07-22 01:17:50 下次操作: 2021-07-22 01:18:07

2021-07-22 01:18:07 开始第 23 次操作

2021-07-22 01:18:07 开始操作号码 【1378578】
2021-07-22 01:18:10 GSD getOne 第 1 次 等待 3 秒
2021-07-22 01:18:13 查询号码 【1378578】，返回信息 {"status":"bad","msg":""}
2021-07-22 01:18:13 查询号码 【1378578】，GSD为【""】
2021-07-22 01:18:13 bad
2021-07-22 01:18:14 CHB 1378578?1626887893 第 1 次 等待 3 秒
2021-07-22 01:18:17 CHB 1378578?1626887893 第 1 次 获取到号码【1378578】GSD
2021-07-22 01:18:17 获取到号码【1378578】的GSD为【河北-沧州】
2021-07-22 01:18:23 GSD insert 第 1 次 等待 3 秒
2021-07-22 01:18:26 {"status":"ok","gid":350622,"msg":"添加成功！"}
2021-07-22 01:18:26 下次操作: 2021-07-22 01:18:44

2021-07-22 01:18:44 开始第 24 次操作

2021-07-22 01:18:44 开始操作号码 【1378577】
2021-07-22 01:18:52 GSD getOne 第 1 次 等待 3 秒
2021-07-22 01:18:55 查询号码 【1378577】，返回信息 {"status":"bad","msg":""}
2021-07-22 01:18:55 查询号码 【1378577】，GSD为【""】
2021-07-22 01:18:55 bad
2021-07-22 01:18:56 CHB 1378577?1626887935 第 1 次 等待 3 秒
2021-07-22 01:18:59 CHB 1378577?1626887935 第 1 次 获取到号码【1378577】GSD
2021-07-22 01:19:00 获取到号码【1378577】的GSD为【河北-沧州】
2021-07-22 01:19:03 GSD insert 第 1 次 等待 3 秒
2021-07-22 01:19:06 {"status":"ok","gid":350627,"msg":"添加成功！"}
2021-07-22 01:19:06 下次操作: 2021-07-22 01:19:21

2021-07-22 01:19:21 开始第 25 次操作

2021-07-22 01:19:21 开始操作号码 【1378576】
2021-07-22 01:19:24 GSD getOne 第 1 次 等待 3 秒
2021-07-22 01:19:27 查询号码 【1378576】，返回信息 {"status":"bad","msg":""}
2021-07-22 01:19:27 查询号码 【1378576】，GSD为【""】
2021-07-22 01:19:27 bad
2021-07-22 01:19:28 CHB 1378576?1626887967 第 1 次 等待 3 秒
2021-07-22 01:19:31 CHB 1378576?1626887967 第 1 次 获取到号码【1378576】GSD
2021-07-22 01:19:31 获取到号码【1378576】的GSD为【河北-沧州】
2021-07-22 01:19:37 GSD insert 第 1 次 等待 3 秒
2021-07-22 01:19:40 {"status":"ok","gid":350633,"msg":"添加成功！"}
2021-07-22 01:19:40 下次操作: 2021-07-22 01:19:58

2021-07-22 01:19:58 开始第 26 次操作

2021-07-22 01:19:58 开始操作号码 【1378575】
2021-07-22 01:20:02 GSD getOne 第 1 次 等待 3 秒
2021-07-22 01:20:05 查询号码 【1378575】，返回信息 {"status":"bad","msg":""}
2021-07-22 01:20:05 查询号码 【1378575】，GSD为【""】
2021-07-22 01:20:05 bad
2021-07-22 01:20:06 CHB 1378575?1626888005 第 1 次 等待 3 秒
2021-07-22 01:20:09 CHB 1378575?1626888005 第 1 次 获取到号码【1378575】GSD
2021-07-22 01:20:09 获取到号码【1378575】的GSD为【河北-沧州】
2021-07-22 01:20:12 GSD insert 第 1 次 等待 3 秒
2021-07-22 01:20:15 {"status":"ok","gid":350640,"msg":"添加成功！"}
2021-07-22 01:20:15 下次操作: 2021-07-22 01:20:39

2021-07-22 01:20:39 开始第 27 次操作

2021-07-22 01:20:39 开始操作号码 【1378574】
2021-07-22 01:20:47 GSD getOne 第 1 次 等待 3 秒
2021-07-22 01:20:50 查询号码 【1378574】，返回信息 {"status":"bad","msg":""}
2021-07-22 01:20:50 查询号码 【1378574】，GSD为【""】
2021-07-22 01:20:50 bad
2021-07-22 01:20:52 CHB 1378574?1626888050 第 1 次 等待 3 秒
2021-07-22 01:20:55 CHB 1378574?1626888050 第 1 次 获取到号码【1378574】GSD
2021-07-22 01:20:55 获取到号码【1378574】的GSD为【河北-沧州】
2021-07-22 01:20:59 GSD insert 第 1 次 等待 3 秒
2021-07-22 01:21:02 {"status":"ok","gid":350649,"msg":"添加成功！"}
2021-07-22 01:21:02 下次操作: 2021-07-22 01:21:23

2021-07-22 01:21:23 开始第 28 次操作

2021-07-22 01:21:23 开始操作号码 【1378573】
2021-07-22 01:21:26 GSD getOne 第 1 次 等待 3 秒
2021-07-22 01:21:29 查询号码 【1378573】，返回信息 {"status":"bad","msg":""}
2021-07-22 01:21:29 查询号码 【1378573】，GSD为【""】
2021-07-22 01:21:29 bad
2021-07-22 01:21:31 CHB 1378573?1626888089 第 1 次 等待 3 秒
2021-07-22 01:21:34 CHB 1378573?1626888089 第 1 次 获取到号码【1378573】GSD
2021-07-22 01:21:34 获取到号码【1378573】的GSD为【河北-沧州】
2021-07-22 01:21:37 GSD insert 第 1 次 等待 3 秒
2021-07-22 01:21:40 {"status":"ok","gid":350654,"msg":"添加成功！"}
2021-07-22 01:21:40 下次操作: 2021-07-22 01:21:57

2021-07-22 01:21:57 开始第 29 次操作

2021-07-22 01:21:57 开始操作号码 【1378572】
2021-07-22 01:21:59 GSD getOne 第 1 次 等待 3 秒
2021-07-22 01:22:02 查询号码 【1378572】，返回信息 {"status":"bad","msg":""}
2021-07-22 01:22:02 查询号码 【1378572】，GSD为【""】
2021-07-22 01:22:02 bad
2021-07-22 01:22:04 CHB 1378572?1626888122 第 1 次 等待 3 秒
2021-07-22 01:22:07 CHB 1378572?1626888122 第 1 次 获取到号码【1378572】GSD
2021-07-22 01:22:07 获取到号码【1378572】的GSD为【河北-沧州】
2021-07-22 01:22:10 GSD insert 第 1 次 等待 3 秒
2021-07-22 01:22:13 {"status":"ok","gid":350660,"msg":"添加成功！"}
2021-07-22 01:22:13 下次操作: 2021-07-22 01:22:31

2021-07-22 01:22:31 开始第 30 次操作

2021-07-22 01:22:31 开始操作号码 【1378571】
2021-07-22 01:22:35 GSD getOne 第 1 次 等待 3 秒
2021-07-22 01:22:38 查询号码 【1378571】，返回信息 {"status":"bad","msg":""}
2021-07-22 01:22:38 查询号码 【1378571】，GSD为【""】
2021-07-22 01:22:38 bad
2021-07-22 01:22:39 CHB 1378571?1626888158 第 1 次 等待 3 秒
2021-07-22 01:22:42 CHB 1378571?1626888158 第 1 次 获取到号码【1378571】GSD
2021-07-22 01:22:42 获取到号码【1378571】的GSD为【河北-沧州】
2021-07-22 01:22:45 GSD insert 第 1 次 等待 3 秒
2021-07-22 01:22:48 {"status":"ok","gid":350664,"msg":"添加成功！"}
2021-07-22 01:22:48 下次操作: 2021-07-22 01:23:11

2021-07-22 01:23:11 开始第 31 次操作

2021-07-22 01:23:11 开始操作号码 【1378570】
2021-07-22 01:23:13 GSD getOne 第 1 次 等待 3 秒
2021-07-22 01:23:16 查询号码 【1378570】，返回信息 {"status":"bad","msg":""}
2021-07-22 01:23:16 查询号码 【1378570】，GSD为【""】
2021-07-22 01:23:16 bad
2021-07-22 01:23:18 CHB 1378570?1626888196 第 1 次 等待 3 秒
2021-07-22 01:23:21 CHB 1378570?1626888196 第 1 次 获取到号码【1378570】GSD
2021-07-22 01:23:21 获取到号码【1378570】的GSD为【河北-沧州】
2021-07-22 01:24:17 GSD insert 第 1 次 等待 3 秒
2021-07-22 01:24:20 {"status":"ok","gid":350676,"msg":"添加成功！"}
2021-07-22 01:24:20 下次操作: 2021-07-22 01:24:32

2021-07-22 01:24:32 开始第 32 次操作

2021-07-22 01:24:32 开始操作号码 【1378569】
2021-07-22 01:24:51 GSD getOne 第 1 次 等待 3 秒
2021-07-22 01:24:54 查询号码 【1378569】，返回信息 {"status":"bad","msg":""}
2021-07-22 01:24:54 查询号码 【1378569】，GSD为【""】
2021-07-22 01:24:54 bad
2021-07-22 01:24:56 CHB 1378569?1626888294 第 1 次 等待 3 秒
2021-07-22 01:24:59 CHB 1378569?1626888294 第 1 次 获取到号码【1378569】GSD
2021-07-22 01:24:59 获取到号码【1378569】的GSD为【河北-廊坊】
2021-07-22 01:25:08 GSD insert 第 1 次 等待 3 秒
2021-07-22 01:25:11 {"status":"ok","gid":350681,"msg":"添加成功！"}
2021-07-22 01:25:11 下次操作: 2021-07-22 01:25:35

2021-07-22 01:25:35 开始第 33 次操作

2021-07-22 01:25:35 开始操作号码 【1378568】
2021-07-22 01:25:38 GSD getOne 第 1 次 等待 3 秒
2021-07-22 01:25:41 查询号码 【1378568】，返回信息 {"status":"bad","msg":""}
2021-07-22 01:25:41 查询号码 【1378568】，GSD为【""】
2021-07-22 01:25:41 bad
2021-07-22 01:25:42 CHB 1378568?1626888341 第 1 次 等待 3 秒
2021-07-22 01:25:45 CHB 1378568?1626888341 第 1 次 获取到号码【1378568】GSD
2021-07-22 01:25:46 获取到号码【1378568】的GSD为【河北-廊坊】
2021-07-22 01:25:48 GSD insert 第 1 次 等待 3 秒
2021-07-22 01:25:51 {"status":"ok","gid":350689,"msg":"添加成功！"}
2021-07-22 01:25:51 下次操作: 2021-07-22 01:26:05

2021-07-22 01:26:05 开始第 34 次操作

2021-07-22 01:26:05 开始操作号码 【1378567】
2021-07-22 01:26:08 GSD getOne 第 1 次 等待 3 秒
2021-07-22 01:26:11 查询号码 【1378567】，返回信息 {"status":"bad","msg":""}
2021-07-22 01:26:11 查询号码 【1378567】，GSD为【""】
2021-07-22 01:26:11 bad
2021-07-22 01:26:12 CHB 1378567?1626888371 第 1 次 等待 3 秒
2021-07-22 01:26:15 CHB 1378567?1626888371 第 1 次 获取到号码【1378567】GSD
2021-07-22 01:26:15 获取到号码【1378567】的GSD为【河北-廊坊】
2021-07-22 01:26:19 GSD insert 第 1 次 等待 3 秒
2021-07-22 01:26:22 {"status":"ok","gid":350694,"msg":"添加成功！"}
2021-07-22 01:26:22 下次操作: 2021-07-22 01:26:35

2021-07-22 01:26:35 开始第 35 次操作

2021-07-22 01:26:35 开始操作号码 【1378566】
2021-07-22 01:26:38 GSD getOne 第 1 次 等待 3 秒
2021-07-22 01:26:42 查询号码 【1378566】，返回信息 {"status":"bad","msg":""}
2021-07-22 01:26:42 查询号码 【1378566】，GSD为【""】
2021-07-22 01:26:42 bad
2021-07-22 01:26:43 CHB 1378566?1626888402 第 1 次 等待 3 秒
2021-07-22 01:26:46 CHB 1378566?1626888402 第 1 次 获取到号码【1378566】GSD
2021-07-22 01:26:46 获取到号码【1378566】的GSD为【河北-廊坊】
2021-07-22 01:26:53 GSD insert 第 1 次 等待 3 秒
2021-07-22 01:26:56 {"status":"ok","gid":350698,"msg":"添加成功！"}
2021-07-22 01:26:56 下次操作: 2021-07-22 01:27:08

2021-07-22 01:27:08 开始第 36 次操作

2021-07-22 01:27:08 开始操作号码 【1378565】
2021-07-22 01:27:10 GSD getOne 第 1 次 等待 3 秒
2021-07-22 01:27:13 查询号码 【1378565】，返回信息 {"status":"bad","msg":""}
2021-07-22 01:27:13 查询号码 【1378565】，GSD为【""】
2021-07-22 01:27:13 bad
2021-07-22 01:27:15 CHB 1378565?1626888433 第 1 次 等待 3 秒
2021-07-22 01:27:18 CHB 1378565?1626888433 第 1 次 获取到号码【1378565】GSD
2021-07-22 01:27:18 获取到号码【1378565】的GSD为【河北-廊坊】
2021-07-22 01:27:21 GSD insert 第 1 次 等待 3 秒
2021-07-22 01:27:24 {"status":"ok","gid":350702,"msg":"添加成功！"}
2021-07-22 01:27:24 下次操作: 2021-07-22 01:27:47

2021-07-22 01:27:47 开始第 37 次操作

2021-07-22 01:27:47 开始操作号码 【1378564】
2021-07-22 01:27:49 GSD getOne 第 1 次 等待 3 秒
2021-07-22 01:27:52 查询号码 【1378564】，返回信息 {"status":"bad","msg":""}
2021-07-22 01:27:52 查询号码 【1378564】，GSD为【""】
2021-07-22 01:27:52 bad
2021-07-22 01:27:54 CHB 1378564?1626888472 第 1 次 等待 3 秒
2021-07-22 01:27:57 CHB 1378564?1626888472 第 1 次 获取到号码【1378564】GSD
2021-07-22 01:27:57 获取到号码【1378564】的GSD为【河北-廊坊】
2021-07-22 01:28:19 GSD insert 第 1 次 等待 3 秒
2021-07-22 01:28:22 {"status":"ok","gid":350708,"msg":"添加成功！"}
2021-07-22 01:28:22 下次操作: 2021-07-22 01:28:35

2021-07-22 01:28:35 开始第 38 次操作

2021-07-22 01:28:35 开始操作号码 【1378563】
2021-07-22 01:28:38 GSD getOne 第 1 次 等待 3 秒
2021-07-22 01:28:41 查询号码 【1378563】，返回信息 {"status":"bad","msg":""}
2021-07-22 01:28:41 查询号码 【1378563】，GSD为【""】
2021-07-22 01:28:41 bad
2021-07-22 01:28:43 CHB 1378563?1626888521 第 1 次 等待 3 秒
2021-07-22 01:28:46 CHB 1378563?1626888521 第 1 次 获取到号码【1378563】GSD
2021-07-22 01:28:46 获取到号码【1378563】的GSD为【河北-廊坊】
2021-07-22 01:28:49 GSD insert 第 1 次 等待 3 秒
2021-07-22 01:28:52 {"status":"ok","gid":350713,"msg":"添加成功！"}
2021-07-22 01:28:52 下次操作: 2021-07-22 01:29:12

2021-07-22 01:29:12 开始第 39 次操作

2021-07-22 01:29:12 开始操作号码 【1378562】
2021-07-22 01:29:15 GSD getOne 第 1 次 等待 3 秒
2021-07-22 01:29:18 查询号码 【1378562】，返回信息 {"status":"bad","msg":""}
2021-07-22 01:29:18 查询号码 【1378562】，GSD为【""】
2021-07-22 01:29:18 bad
2021-07-22 01:29:19 CHB 1378562?1626888558 第 1 次 等待 3 秒
2021-07-22 01:29:22 CHB 1378562?1626888558 第 1 次 获取到号码【1378562】GSD
2021-07-22 01:29:22 获取到号码【1378562】的GSD为【河北-廊坊】
2021-07-22 01:29:26 GSD insert 第 1 次 等待 3 秒
2021-07-22 01:29:29 {"status":"ok","gid":350715,"msg":"添加成功！"}
2021-07-22 01:29:29 下次操作: 2021-07-22 01:29:47

2021-07-22 01:29:47 开始第 40 次操作

2021-07-22 01:29:47 开始操作号码 【1378561】
2021-07-22 01:29:49 GSD getOne 第 1 次 等待 3 秒
2021-07-22 01:29:52 查询号码 【1378561】，返回信息 {"status":"bad","msg":""}
2021-07-22 01:29:52 查询号码 【1378561】，GSD为【""】
2021-07-22 01:29:52 bad
2021-07-22 01:29:54 CHB 1378561?1626888592 第 1 次 等待 3 秒
2021-07-22 01:29:57 CHB 1378561?1626888592 第 1 次 获取到号码【1378561】GSD
2021-07-22 01:29:57 获取到号码【1378561】的GSD为【河北-廊坊】
2021-07-22 01:30:00 GSD insert 第 1 次 等待 3 秒
2021-07-22 01:30:03 {"status":"ok","gid":350721,"msg":"添加成功！"}

