2023-12-15 00:18:39 开始第 3213 次操作

2023-12-15 00:18:39 开始操作号码 【1823115】
2023-12-15 00:18:43 GSD getOne 第 1 次 等待 3 秒
2023-12-15 00:18:46 查询号码 【1823115】，返回信息 {"status":"ok","msg":"河北-石家庄","gid":"456687","time_insert":"2021-07-31 14:02"}
2023-12-15 00:18:46 查询号码 【1823115】，GSD为【"河北-石家庄"】

2023-12-15 00:18:48 开始第 3214 次操作

2023-12-15 00:18:48 开始操作号码 【1823116】
2023-12-15 00:18:52 GSD getOne 第 1 次 等待 3 秒
2023-12-15 00:18:55 查询号码 【1823116】，返回信息 {"status":"ok","msg":"河北-石家庄","gid":"456673","time_insert":"2021-07-31 14:01"}
2023-12-15 00:18:55 查询号码 【1823116】，GSD为【"河北-石家庄"】

2023-12-15 00:18:56 开始第 3215 次操作

2023-12-15 00:18:56 开始操作号码 【1823117】
2023-12-15 00:19:01 GSD getOne 第 1 次 等待 3 秒
2023-12-15 00:19:04 查询号码 【1823117】，返回信息 {"status":"ok","msg":"河北-石家庄","gid":"456661","time_insert":"2021-07-31 14:00"}
2023-12-15 00:19:04 查询号码 【1823117】，GSD为【"河北-石家庄"】

2023-12-15 00:19:05 开始第 3216 次操作

2023-12-15 00:19:05 开始操作号码 【1823118】
2023-12-15 00:19:09 GSD getOne 第 1 次 等待 3 秒
2023-12-15 00:19:12 查询号码 【1823118】，返回信息 {"status":"ok","msg":"河北-石家庄","gid":"456646","time_insert":"2021-07-31 13:59"}
2023-12-15 00:19:12 查询号码 【1823118】，GSD为【"河北-石家庄"】

