2024-07-24 00:25:39 开始第 7573 次操作

2024-07-24 00:25:39 开始操作号码 【1497462】
2024-07-24 00:25:49 GSD getOne 第 1 次 等待 3 秒
2024-07-24 00:25:52 查询号码 【1497462】，返回信息 {"status":"ok","msg":"-","gid":"343593","time_insert":"2021-07-21 05:46"}
2024-07-24 00:25:52 查询号码 【1497462】，GSD为【"-"】
2024-07-24 00:25:52 ok && -
2024-07-24 00:25:54 CHB 1497462?1721751952 第 1 次 等待 3 秒
2024-07-24 00:25:57 CHB 1497462?1721751952 第 1 次 获取到号码【1497462】GSD
2024-07-24 00:25:57 未获取到号码【1497462】GSD，可能号码格式错误
2024-07-24 00:25:57 获取到号码【1497462】的GSD为【-】
2024-07-24 00:26:06 GSD insert 第 1 次 等待 3 秒
2024-07-24 00:26:09 {"status":"bad","gid":"343593","msg":"添加失败！号码【1497462(-|-)】已存在！"}
2024-07-24 00:26:09 随机等待 233 秒，约 3 分钟
2024-07-24 00:26:09 下次操作: 2024-07-24 00:30:02

2024-07-24 00:30:02 开始第 7574 次操作

2024-07-24 00:30:02 开始操作号码 【1497463】
2024-07-24 00:30:13 GSD getOne 第 1 次 等待 3 秒
2024-07-24 00:30:16 查询号码 【1497463】，返回信息 {"status":"ok","msg":"-","gid":"343604","time_insert":"2021-07-21 05:47"}
2024-07-24 00:30:16 查询号码 【1497463】，GSD为【"-"】
2024-07-24 00:30:16 ok && -
2024-07-24 00:30:17 CHB 1497463?1721752216 第 1 次 等待 3 秒
2024-07-24 00:30:20 CHB 1497463?1721752216 第 1 次 获取到号码【1497463】GSD
2024-07-24 00:30:20 未获取到号码【1497463】GSD，可能号码格式错误
2024-07-24 00:30:20 获取到号码【1497463】的GSD为【-】
2024-07-24 00:30:29 GSD insert 第 1 次 等待 3 秒
2024-07-24 00:30:32 {"status":"bad","gid":"343604","msg":"添加失败！号码【1497463(-|-)】已存在！"}
2024-07-24 00:30:32 随机等待 136 秒，约 2 分钟
2024-07-24 00:30:32 下次操作: 2024-07-24 00:32:48

2024-07-24 00:32:48 开始第 7575 次操作

2024-07-24 00:32:48 开始操作号码 【1497464】
2024-07-24 00:32:56 GSD getOne 第 1 次 等待 3 秒
2024-07-24 00:32:59 查询号码 【1497464】，返回信息 {"status":"ok","msg":"-","gid":"343613","time_insert":"2021-07-21 05:48"}
2024-07-24 00:32:59 查询号码 【1497464】，GSD为【"-"】
2024-07-24 00:32:59 ok && -
2024-07-24 00:33:00 CHB 1497464?1721752379 第 1 次 等待 3 秒
2024-07-24 00:33:03 CHB 1497464?1721752379 第 1 次 获取到号码【1497464】GSD
2024-07-24 00:33:04 未获取到号码【1497464】GSD，可能号码格式错误
2024-07-24 00:33:04 获取到号码【1497464】的GSD为【-】
2024-07-24 00:33:11 GSD insert 第 1 次 等待 3 秒
2024-07-24 00:33:14 {"status":"bad","gid":"343613","msg":"添加失败！号码【1497464(-|-)】已存在！"}
2024-07-24 00:33:14 随机等待 191 秒，约 3 分钟
2024-07-24 00:33:14 下次操作: 2024-07-24 00:36:25

2024-07-24 00:36:25 开始第 7576 次操作

2024-07-24 00:36:25 开始操作号码 【1497465】
2024-07-24 00:36:33 GSD getOne 第 1 次 等待 3 秒
2024-07-24 00:36:36 查询号码 【1497465】，返回信息 {"status":"ok","msg":"-","gid":"343624","time_insert":"2021-07-21 05:49"}
2024-07-24 00:36:36 查询号码 【1497465】，GSD为【"-"】
2024-07-24 00:36:36 ok && -
2024-07-24 00:36:38 CHB 1497465?1721752596 第 1 次 等待 3 秒
2024-07-24 00:36:41 CHB 1497465?1721752596 第 1 次 获取到号码【1497465】GSD
2024-07-24 00:36:41 未获取到号码【1497465】GSD，可能号码格式错误
2024-07-24 00:36:41 获取到号码【1497465】的GSD为【-】
2024-07-24 00:36:49 GSD insert 第 1 次 等待 3 秒
2024-07-24 00:36:52 {"status":"bad","gid":"343624","msg":"添加失败！号码【1497465(-|-)】已存在！"}

