2024-04-18 00:22:12 开始第 4101 次操作

2024-04-18 00:22:12 开始操作号码 【1604003】
2024-04-18 00:22:18 GSD getOne 第 1 次 等待 3 秒
2024-04-18 00:22:21 查询号码 【1604003】，返回信息 {"status":"ok","msg":"-","gid":"597589","time_insert":"2023-03-18 03:03"}
2024-04-18 00:22:21 查询号码 【1604003】，GSD为【"-"】
2024-04-18 00:22:21 ok && -
2024-04-18 00:22:24 CHB 1604003?1713370941 第 1 次 等待 3 秒
2024-04-18 00:22:27 CHB 1604003?1713370941 第 1 次 获取到号码【1604003】GSD
2024-04-18 00:22:27 未获取到号码【1604003】GSD，可能号码格式错误
2024-04-18 00:22:27 获取到号码【1604003】的GSD为【-】
2024-04-18 00:22:38 GSD insert 第 1 次 等待 3 秒
2024-04-18 00:22:41 {"status":"bad","gid":"597589","msg":"添加失败！号码【1604003(-|-)】已存在！"}
2024-04-18 00:22:41 随机等待 221 秒，约 3 分钟
2024-04-18 00:22:41 下次操作: 2024-04-18 00:26:22

2024-04-18 00:26:22 开始第 4102 次操作

2024-04-18 00:26:22 开始操作号码 【1604004】
2024-04-18 00:26:27 GSD getOne 第 1 次 等待 3 秒
2024-04-18 00:26:30 查询号码 【1604004】，返回信息 {"status":"ok","msg":"-","gid":"597602","time_insert":"2023-03-18 03:13"}
2024-04-18 00:26:30 查询号码 【1604004】，GSD为【"-"】
2024-04-18 00:26:30 ok && -
2024-04-18 00:26:33 CHB 1604004?1713371190 第 1 次 等待 3 秒
2024-04-18 00:26:36 CHB 1604004?1713371190 第 1 次 获取到号码【1604004】GSD
2024-04-18 00:26:36 未获取到号码【1604004】GSD，可能号码格式错误
2024-04-18 00:26:36 获取到号码【1604004】的GSD为【-】
2024-04-18 00:26:42 GSD insert 第 1 次 等待 3 秒
2024-04-18 00:26:45 {"status":"bad","gid":"597602","msg":"添加失败！号码【1604004(-|-)】已存在！"}
2024-04-18 00:26:45 随机等待 173 秒，约 2 分钟
2024-04-18 00:26:45 下次操作: 2024-04-18 00:29:38

2024-04-18 00:29:38 开始第 4103 次操作

2024-04-18 00:29:38 开始操作号码 【1604005】
2024-04-18 00:29:42 GSD getOne 第 1 次 等待 3 秒
2024-04-18 00:29:45 查询号码 【1604005】，返回信息 {"status":"ok","msg":"-","gid":"597628","time_insert":"2023-03-18 03:28"}
2024-04-18 00:29:45 查询号码 【1604005】，GSD为【"-"】
2024-04-18 00:29:45 ok && -
2024-04-18 00:29:48 CHB 1604005?1713371385 第 1 次 等待 3 秒
2024-04-18 00:29:51 CHB 1604005?1713371385 第 1 次 获取到号码【1604005】GSD
2024-04-18 00:29:51 未获取到号码【1604005】GSD，可能号码格式错误
2024-04-18 00:29:51 获取到号码【1604005】的GSD为【-】
2024-04-18 00:29:56 GSD insert 第 1 次 等待 3 秒
2024-04-18 00:29:59 {"status":"bad","gid":"597628","msg":"添加失败！号码【1604005(-|-)】已存在！"}
2024-04-18 00:29:59 随机等待 169 秒，约 2 分钟
2024-04-18 00:29:59 下次操作: 2024-04-18 00:32:48

2024-04-18 00:32:48 开始第 4104 次操作

2024-04-18 00:32:48 开始操作号码 【1604006】
2024-04-18 00:32:53 GSD getOne 第 1 次 等待 3 秒
2024-04-18 00:32:56 查询号码 【1604006】，返回信息 {"status":"ok","msg":"-","gid":"597657","time_insert":"2023-03-18 03:48"}
2024-04-18 00:32:56 查询号码 【1604006】，GSD为【"-"】
2024-04-18 00:32:56 ok && -
2024-04-18 00:32:58 CHB 1604006?1713371576 第 1 次 等待 3 秒
2024-04-18 00:33:01 CHB 1604006?1713371576 第 1 次 获取到号码【1604006】GSD
2024-04-18 00:33:01 未获取到号码【1604006】GSD，可能号码格式错误
2024-04-18 00:33:01 获取到号码【1604006】的GSD为【-】
2024-04-18 00:33:07 GSD insert 第 1 次 等待 3 秒
2024-04-18 00:33:10 {"status":"bad","gid":"597657","msg":"添加失败！号码【1604006(-|-)】已存在！"}

2024-04-18 00:40:15 开始第 4105 次操作

2024-04-18 00:40:15 开始操作号码 【1604007】
2024-04-18 00:40:20 GSD getOne 第 1 次 等待 3 秒
2024-04-18 00:40:23 查询号码 【1604007】，返回信息 {"status":"ok","msg":"-","gid":"597681","time_insert":"2023-03-18 04:00"}
2024-04-18 00:40:23 查询号码 【1604007】，GSD为【"-"】
2024-04-18 00:40:23 ok && -
2024-04-18 00:40:26 CHB 1604007?1713372023 第 1 次 等待 3 秒
2024-04-18 00:40:29 CHB 1604007?1713372023 第 1 次 获取到号码【1604007】GSD
2024-04-18 00:40:29 未获取到号码【1604007】GSD，可能号码格式错误
2024-04-18 00:40:29 获取到号码【1604007】的GSD为【-】
2024-04-18 00:40:35 GSD insert 第 1 次 等待 3 秒
2024-04-18 00:40:38 {"status":"bad","gid":"597681","msg":"添加失败！号码【1604007(-|-)】已存在！"}
2024-04-18 00:40:38 随机等待 162 秒，约 2 分钟
2024-04-18 00:40:38 下次操作: 2024-04-18 00:43:20

2024-04-18 00:43:20 开始第 4106 次操作

2024-04-18 00:43:20 开始操作号码 【1604008】
2024-04-18 00:43:26 GSD getOne 第 1 次 等待 3 秒
2024-04-18 00:43:29 查询号码 【1604008】，返回信息 {"status":"ok","msg":"-","gid":"597689","time_insert":"2023-03-18 04:08"}
2024-04-18 00:43:29 查询号码 【1604008】，GSD为【"-"】
2024-04-18 00:43:29 ok && -
2024-04-18 00:43:31 CHB 1604008?1713372209 第 1 次 等待 3 秒
2024-04-18 00:43:34 CHB 1604008?1713372209 第 1 次 获取到号码【1604008】GSD
2024-04-18 00:43:34 未获取到号码【1604008】GSD，可能号码格式错误
2024-04-18 00:43:34 获取到号码【1604008】的GSD为【-】
2024-04-18 00:43:40 GSD insert 第 1 次 等待 3 秒
2024-04-18 00:43:43 {"status":"bad","gid":"597689","msg":"添加失败！号码【1604008(-|-)】已存在！"}
2024-04-18 00:43:44 随机等待 114 秒，约 1 分钟
2024-04-18 00:43:44 下次操作: 2024-04-18 00:45:38

2024-04-18 00:45:38 开始第 4107 次操作

2024-04-18 00:45:38 开始操作号码 【1604009】
2024-04-18 00:45:43 GSD getOne 第 1 次 等待 3 秒
2024-04-18 00:45:46 查询号码 【1604009】，返回信息 {"status":"ok","msg":"-","gid":"597724","time_insert":"2023-03-18 04:31"}
2024-04-18 00:45:46 查询号码 【1604009】，GSD为【"-"】
2024-04-18 00:45:46 ok && -
2024-04-18 00:45:48 CHB 1604009?1713372346 第 1 次 等待 3 秒
2024-04-18 00:45:51 CHB 1604009?1713372346 第 1 次 获取到号码【1604009】GSD
2024-04-18 00:45:51 未获取到号码【1604009】GSD，可能号码格式错误
2024-04-18 00:45:51 获取到号码【1604009】的GSD为【-】
2024-04-18 00:45:56 GSD insert 第 1 次 等待 3 秒
2024-04-18 00:45:59 {"status":"bad","gid":"597724","msg":"添加失败！号码【1604009(-|-)】已存在！"}
2024-04-18 00:45:59 随机等待 212 秒，约 3 分钟
2024-04-18 00:45:59 下次操作: 2024-04-18 00:49:31

2024-04-18 00:49:31 开始第 4108 次操作

2024-04-18 00:49:31 开始操作号码 【1604010】
2024-04-18 00:49:36 GSD getOne 第 1 次 等待 3 秒
2024-04-18 00:49:39 查询号码 【1604010】，返回信息 {"status":"ok","msg":"-","gid":"597745","time_insert":"2023-03-18 04:43"}
2024-04-18 00:49:39 查询号码 【1604010】，GSD为【"-"】
2024-04-18 00:49:39 ok && -
2024-04-18 00:49:42 CHB 1604010?1713372579 第 1 次 等待 3 秒
2024-04-18 00:49:45 CHB 1604010?1713372579 第 1 次 获取到号码【1604010】GSD
2024-04-18 00:49:45 未获取到号码【1604010】GSD，可能号码格式错误
2024-04-18 00:49:45 获取到号码【1604010】的GSD为【-】
2024-04-18 00:49:50 GSD insert 第 1 次 等待 3 秒
2024-04-18 00:49:53 {"status":"bad","gid":"597745","msg":"添加失败！号码【1604010(-|-)】已存在！"}

2024-04-18 01:14:07 开始第 4109 次操作

2024-04-18 01:14:07 开始操作号码 【1604011】
2024-04-18 01:14:14 GSD getOne 第 1 次 等待 3 秒
2024-04-18 01:14:17 查询号码 【1604011】，返回信息 {"status":"ok","msg":"-","gid":"597771","time_insert":"2023-03-18 04:58"}
2024-04-18 01:14:17 查询号码 【1604011】，GSD为【"-"】
2024-04-18 01:14:17 ok && -
2024-04-18 01:14:24 CHB 1604011?1713374057 第 1 次 等待 3 秒
2024-04-18 01:14:27 CHB 1604011?1713374057 第 1 次 获取到号码【1604011】GSD
2024-04-18 01:14:27 未获取到号码【1604011】GSD，可能号码格式错误
2024-04-18 01:14:27 获取到号码【1604011】的GSD为【-】
2024-04-18 01:14:31 GSD insert 第 1 次 等待 3 秒
2024-04-18 01:14:34 {"status":"bad","gid":"597771","msg":"添加失败！号码【1604011(-|-)】已存在！"}
2024-04-18 01:14:34 随机等待 219 秒，约 3 分钟
2024-04-18 01:14:34 下次操作: 2024-04-18 01:18:13

2024-04-18 01:18:14 开始第 4110 次操作

2024-04-18 01:18:14 开始操作号码 【1604012】
2024-04-18 01:18:18 GSD getOne 第 1 次 等待 3 秒
2024-04-18 01:18:21 查询号码 【1604012】，返回信息 {"status":"ok","msg":"-","gid":"597805","time_insert":"2023-03-18 05:20"}
2024-04-18 01:18:21 查询号码 【1604012】，GSD为【"-"】
2024-04-18 01:18:21 ok && -
2024-04-18 01:18:24 CHB 1604012?1713374301 第 1 次 等待 3 秒
2024-04-18 01:18:27 CHB 1604012?1713374301 第 1 次 获取到号码【1604012】GSD
2024-04-18 01:18:27 未获取到号码【1604012】GSD，可能号码格式错误
2024-04-18 01:18:27 获取到号码【1604012】的GSD为【-】
2024-04-18 01:18:32 GSD insert 第 1 次 等待 3 秒
2024-04-18 01:18:35 {"status":"bad","gid":"597805","msg":"添加失败！号码【1604012(-|-)】已存在！"}
2024-04-18 01:18:35 随机等待 102 秒，约 1 分钟
2024-04-18 01:18:35 下次操作: 2024-04-18 01:20:17

2024-04-18 01:20:17 开始第 4111 次操作

2024-04-18 01:20:17 开始操作号码 【1604013】
2024-04-18 01:20:22 GSD getOne 第 1 次 等待 3 秒
2024-04-18 01:20:25 查询号码 【1604013】，返回信息 {"status":"ok","msg":"-","gid":"597818","time_insert":"2023-03-18 05:29"}
2024-04-18 01:20:25 查询号码 【1604013】，GSD为【"-"】
2024-04-18 01:20:25 ok && -
2024-04-18 01:20:28 CHB 1604013?1713374425 第 1 次 等待 3 秒
2024-04-18 01:20:31 CHB 1604013?1713374425 第 1 次 获取到号码【1604013】GSD
2024-04-18 01:20:31 未获取到号码【1604013】GSD，可能号码格式错误
2024-04-18 01:20:31 获取到号码【1604013】的GSD为【-】
2024-04-18 01:20:36 GSD insert 第 1 次 等待 3 秒
2024-04-18 01:20:39 {"status":"bad","gid":"597818","msg":"添加失败！号码【1604013(-|-)】已存在！"}
2024-04-18 01:20:39 随机等待 101 秒，约 1 分钟
2024-04-18 01:20:39 下次操作: 2024-04-18 01:22:20

2024-04-18 01:22:20 开始第 4112 次操作

2024-04-18 01:22:20 开始操作号码 【1604014】
2024-04-18 01:22:27 GSD getOne 第 1 次 等待 3 秒
2024-04-18 01:22:30 查询号码 【1604014】，返回信息 {"status":"ok","msg":"-","gid":"597843","time_insert":"2023-03-18 05:43"}
2024-04-18 01:22:30 查询号码 【1604014】，GSD为【"-"】
2024-04-18 01:22:30 ok && -
2024-04-18 01:22:33 CHB 1604014?1713374550 第 1 次 等待 3 秒
2024-04-18 01:22:36 CHB 1604014?1713374550 第 1 次 获取到号码【1604014】GSD
2024-04-18 01:22:36 未获取到号码【1604014】GSD，可能号码格式错误
2024-04-18 01:22:36 获取到号码【1604014】的GSD为【-】
2024-04-18 01:22:41 GSD insert 第 1 次 等待 3 秒
2024-04-18 01:22:44 {"status":"bad","gid":"597843","msg":"添加失败！号码【1604014(-|-)】已存在！"}

2024-04-18 01:37:13 开始第 4113 次操作

2024-04-18 01:37:13 开始操作号码 【1604015】
2024-04-18 01:37:18 GSD getOne 第 1 次 等待 3 秒
2024-04-18 01:37:21 查询号码 【1604015】，返回信息 {"status":"ok","msg":"-","gid":"597871","time_insert":"2023-03-18 06:00"}
2024-04-18 01:37:21 查询号码 【1604015】，GSD为【"-"】
2024-04-18 01:37:21 ok && -
2024-04-18 01:37:27 CHB 1604015?1713375441 第 1 次 等待 3 秒
2024-04-18 01:37:30 CHB 1604015?1713375441 第 1 次 获取到号码【1604015】GSD
2024-04-18 01:37:30 未获取到号码【1604015】GSD，可能号码格式错误
2024-04-18 01:37:30 获取到号码【1604015】的GSD为【-】
2024-04-18 01:37:35 GSD insert 第 1 次 等待 3 秒
2024-04-18 01:37:38 {"status":"bad","gid":"597871","msg":"添加失败！号码【1604015(-|-)】已存在！"}
2024-04-18 01:37:38 随机等待 214 秒，约 3 分钟
2024-04-18 01:37:38 下次操作: 2024-04-18 01:41:12

2024-04-18 01:41:12 开始第 4114 次操作

2024-04-18 01:41:12 开始操作号码 【1604016】
2024-04-18 01:41:17 GSD getOne 第 1 次 等待 3 秒
2024-04-18 01:41:20 查询号码 【1604016】，返回信息 {"status":"ok","msg":"-","gid":"597884","time_insert":"2023-03-18 06:10"}
2024-04-18 01:41:20 查询号码 【1604016】，GSD为【"-"】
2024-04-18 01:41:20 ok && -
2024-04-18 01:41:26 CHB 1604016?1713375680 第 1 次 等待 3 秒
2024-04-18 01:41:29 CHB 1604016?1713375680 第 1 次 获取到号码【1604016】GSD
2024-04-18 01:41:29 未获取到号码【1604016】GSD，可能号码格式错误
2024-04-18 01:41:29 获取到号码【1604016】的GSD为【-】
2024-04-18 01:41:35 GSD insert 第 1 次 等待 3 秒
2024-04-18 01:41:38 {"status":"bad","gid":"597884","msg":"添加失败！号码【1604016(-|-)】已存在！"}
2024-04-18 01:41:38 随机等待 233 秒，约 3 分钟
2024-04-18 01:41:38 下次操作: 2024-04-18 01:45:31

2024-04-18 01:45:31 开始第 4115 次操作

2024-04-18 01:45:31 开始操作号码 【1604017】
2024-04-18 01:45:38 GSD getOne 第 1 次 等待 3 秒
2024-04-18 01:45:41 查询号码 【1604017】，返回信息 {"status":"ok","msg":"-","gid":"597901","time_insert":"2023-03-18 06:23"}
2024-04-18 01:45:41 查询号码 【1604017】，GSD为【"-"】
2024-04-18 01:45:41 ok && -
2024-04-18 01:45:43 CHB 1604017?1713375941 第 1 次 等待 3 秒
2024-04-18 01:45:46 CHB 1604017?1713375941 第 1 次 获取到号码【1604017】GSD
2024-04-18 01:45:46 未获取到号码【1604017】GSD，可能号码格式错误
2024-04-18 01:45:46 获取到号码【1604017】的GSD为【-】
2024-04-18 01:45:51 GSD insert 第 1 次 等待 3 秒
2024-04-18 01:45:54 {"status":"bad","gid":"597901","msg":"添加失败！号码【1604017(-|-)】已存在！"}
2024-04-18 01:45:54 随机等待 115 秒，约 1 分钟
2024-04-18 01:45:54 下次操作: 2024-04-18 01:47:49

2024-04-18 01:47:49 开始第 4116 次操作

2024-04-18 01:47:49 开始操作号码 【1604018】
2024-04-18 01:47:54 GSD getOne 第 1 次 等待 3 秒
2024-04-18 01:47:57 查询号码 【1604018】，返回信息 {"status":"ok","msg":"-","gid":"597917","time_insert":"2023-03-18 06:32"}
2024-04-18 01:47:57 查询号码 【1604018】，GSD为【"-"】
2024-04-18 01:47:57 ok && -
2024-04-18 01:47:59 CHB 1604018?1713376077 第 1 次 等待 3 秒
2024-04-18 01:48:02 CHB 1604018?1713376077 第 1 次 获取到号码【1604018】GSD
2024-04-18 01:48:02 未获取到号码【1604018】GSD，可能号码格式错误
2024-04-18 01:48:02 获取到号码【1604018】的GSD为【-】
2024-04-18 01:48:08 GSD insert 第 1 次 等待 3 秒
2024-04-18 01:48:11 {"status":"bad","gid":"597917","msg":"添加失败！号码【1604018(-|-)】已存在！"}

