2024-07-19 00:22:38 开始第 6693 次操作

2024-07-19 00:22:38 开始操作号码 【1496582】
2024-07-19 00:22:46 GSD getOne 第 1 次 等待 3 秒
2024-07-19 00:22:49 查询号码 【1496582】，返回信息 {"status":"ok","msg":"-","gid":"332288","time_insert":"2021-07-20 02:54"}
2024-07-19 00:22:49 查询号码 【1496582】，GSD为【"-"】
2024-07-19 00:22:49 ok && -
2024-07-19 00:22:51 CHB 1496582?1721319769 第 1 次 等待 3 秒
2024-07-19 00:22:54 CHB 1496582?1721319769 第 1 次 获取到号码【1496582】GSD
2024-07-19 00:22:54 未获取到号码【1496582】GSD，可能号码格式错误
2024-07-19 00:22:54 获取到号码【1496582】的GSD为【-】
2024-07-19 00:23:02 GSD insert 第 1 次 等待 3 秒
2024-07-19 00:23:05 {"status":"bad","gid":"332288","msg":"添加失败！号码【1496582(-|-)】已存在！"}
2024-07-19 00:23:05 随机等待 130 秒，约 2 分钟
2024-07-19 00:23:05 下次操作: 2024-07-19 00:25:15

2024-07-19 00:25:15 开始第 6694 次操作

2024-07-19 00:25:15 开始操作号码 【1496583】
2024-07-19 00:25:23 GSD getOne 第 1 次 等待 3 秒
2024-07-19 00:25:26 查询号码 【1496583】，返回信息 {"status":"ok","msg":"-","gid":"332298","time_insert":"2021-07-20 02:55"}
2024-07-19 00:25:26 查询号码 【1496583】，GSD为【"-"】
2024-07-19 00:25:26 ok && -
2024-07-19 00:25:28 CHB 1496583?1721319926 第 1 次 等待 3 秒
2024-07-19 00:25:31 CHB 1496583?1721319926 第 1 次 获取到号码【1496583】GSD
2024-07-19 00:25:31 未获取到号码【1496583】GSD，可能号码格式错误
2024-07-19 00:25:31 获取到号码【1496583】的GSD为【-】
2024-07-19 00:25:39 GSD insert 第 1 次 等待 3 秒
2024-07-19 00:25:42 {"status":"bad","gid":"332298","msg":"添加失败！号码【1496583(-|-)】已存在！"}
2024-07-19 00:25:42 随机等待 197 秒，约 3 分钟
2024-07-19 00:25:42 下次操作: 2024-07-19 00:28:59

2024-07-19 00:28:59 开始第 6695 次操作

2024-07-19 00:28:59 开始操作号码 【1496584】
2024-07-19 00:29:07 GSD getOne 第 1 次 等待 3 秒
2024-07-19 00:29:10 查询号码 【1496584】，返回信息 {"status":"ok","msg":"-","gid":"332310","time_insert":"2021-07-20 02:55"}
2024-07-19 00:29:10 查询号码 【1496584】，GSD为【"-"】
2024-07-19 00:29:10 ok && -
2024-07-19 00:29:12 CHB 1496584?1721320150 第 1 次 等待 3 秒
2024-07-19 00:29:15 CHB 1496584?1721320150 第 1 次 获取到号码【1496584】GSD
2024-07-19 00:29:15 未获取到号码【1496584】GSD，可能号码格式错误
2024-07-19 00:29:15 获取到号码【1496584】的GSD为【-】
2024-07-19 00:29:23 GSD insert 第 1 次 等待 3 秒
2024-07-19 00:29:26 {"status":"bad","gid":"332310","msg":"添加失败！号码【1496584(-|-)】已存在！"}
2024-07-19 00:29:26 随机等待 112 秒，约 1 分钟
2024-07-19 00:29:26 下次操作: 2024-07-19 00:31:18

2024-07-19 00:31:18 开始第 6696 次操作

2024-07-19 00:31:18 开始操作号码 【1496585】
2024-07-19 00:31:26 GSD getOne 第 1 次 等待 3 秒
2024-07-19 00:31:29 查询号码 【1496585】，返回信息 {"status":"ok","msg":"-","gid":"332317","time_insert":"2021-07-20 02:56"}
2024-07-19 00:31:29 查询号码 【1496585】，GSD为【"-"】
2024-07-19 00:31:29 ok && -
2024-07-19 00:31:31 CHB 1496585?1721320289 第 1 次 等待 3 秒
2024-07-19 00:31:34 CHB 1496585?1721320289 第 1 次 获取到号码【1496585】GSD
2024-07-19 00:31:34 未获取到号码【1496585】GSD，可能号码格式错误
2024-07-19 00:31:34 获取到号码【1496585】的GSD为【-】
2024-07-19 00:31:42 GSD insert 第 1 次 等待 3 秒
2024-07-19 00:31:45 {"status":"bad","gid":"332317","msg":"添加失败！号码【1496585(-|-)】已存在！"}

