2024-06-23 00:22:23 开始第 2141 次操作

2024-06-23 00:22:23 开始操作号码 【1492035】
2024-06-23 00:22:40 GSD getOne 第 1 次 等待 3 秒
2024-06-23 00:22:43 查询号码 【1492035】，返回信息 {"status":"ok","msg":"江苏-南京","gid":"276662","time_insert":"2021-07-14 18:56"}
2024-06-23 00:22:43 查询号码 【1492035】，GSD为【"江苏-南京"】

2024-06-23 00:22:44 开始第 2142 次操作

2024-06-23 00:22:44 开始操作号码 【1492036】
2024-06-23 00:23:02 GSD getOne 第 1 次 等待 3 秒
2024-06-23 00:23:05 查询号码 【1492036】，返回信息 {"status":"ok","msg":"江苏-南京","gid":"276667","time_insert":"2021-07-14 18:57"}
2024-06-23 00:23:05 查询号码 【1492036】，GSD为【"江苏-南京"】

2024-06-23 00:23:06 开始第 2143 次操作

2024-06-23 00:23:06 开始操作号码 【1492037】
2024-06-23 00:23:25 GSD getOne 第 1 次 等待 3 秒
2024-06-23 00:23:28 查询号码 【1492037】，返回信息 {"status":"ok","msg":"江苏-南京","gid":"276671","time_insert":"2021-07-14 18:57"}
2024-06-23 00:23:28 查询号码 【1492037】，GSD为【"江苏-南京"】

2024-06-23 00:23:29 开始第 2144 次操作

2024-06-23 00:23:29 开始操作号码 【1492038】
2024-06-23 00:23:45 GSD getOne 第 1 次 等待 3 秒
2024-06-23 00:23:48 查询号码 【1492038】，返回信息 {"status":"ok","msg":"江苏-南京","gid":"276675","time_insert":"2021-07-14 18:58"}
2024-06-23 00:23:48 查询号码 【1492038】，GSD为【"江苏-南京"】

2024-06-23 00:39:48 开始第 2145 次操作

2024-06-23 00:39:48 开始操作号码 【1492039】
2024-06-23 00:40:10 GSD getOne 第 1 次 等待 3 秒
2024-06-23 00:40:13 查询号码 【1492039】，返回信息 {"status":"ok","msg":"江苏-南京","gid":"276680","time_insert":"2021-07-14 18:59"}
2024-06-23 00:40:14 查询号码 【1492039】，GSD为【"江苏-南京"】

2024-06-23 00:40:15 开始第 2146 次操作

2024-06-23 00:40:15 开始操作号码 【1492040】
2024-06-23 00:40:38 GSD getOne 第 1 次 等待 3 秒
2024-06-23 00:40:41 查询号码 【1492040】，返回信息 {"status":"ok","msg":"江苏-南京","gid":"276685","time_insert":"2021-07-14 18:59"}
2024-06-23 00:40:41 查询号码 【1492040】，GSD为【"江苏-南京"】

2024-06-23 00:40:42 开始第 2147 次操作

2024-06-23 00:40:42 开始操作号码 【1492041】
2024-06-23 00:41:01 GSD getOne 第 1 次 等待 3 秒
2024-06-23 00:41:04 查询号码 【1492041】，返回信息 {"status":"ok","msg":"江苏-南京","gid":"276687","time_insert":"2021-07-14 19:00"}
2024-06-23 00:41:04 查询号码 【1492041】，GSD为【"江苏-南京"】

2024-06-23 00:41:05 开始第 2148 次操作

2024-06-23 00:41:05 开始操作号码 【1492042】
2024-06-23 00:41:24 GSD getOne 第 1 次 等待 3 秒
2024-06-23 00:41:27 查询号码 【1492042】，返回信息 {"status":"ok","msg":"江苏-南京","gid":"276692","time_insert":"2021-07-14 19:01"}
2024-06-23 00:41:27 查询号码 【1492042】，GSD为【"江苏-南京"】

2024-06-23 01:14:29 开始第 2149 次操作

2024-06-23 01:14:29 开始操作号码 【1492043】
2024-06-23 01:14:46 GSD getOne 第 1 次 等待 3 秒
2024-06-23 01:14:49 查询号码 【1492043】，返回信息 {"status":"ok","msg":"江苏-南京","gid":"276694","time_insert":"2021-07-14 19:02"}
2024-06-23 01:14:49 查询号码 【1492043】，GSD为【"江苏-南京"】

2024-06-23 01:14:50 开始第 2150 次操作

2024-06-23 01:14:50 开始操作号码 【1492044】
2024-06-23 01:15:06 GSD getOne 第 1 次 等待 3 秒
2024-06-23 01:15:09 查询号码 【1492044】，返回信息 {"status":"ok","msg":"江苏-南京","gid":"276695","time_insert":"2021-07-14 19:03"}
2024-06-23 01:15:09 查询号码 【1492044】，GSD为【"江苏-南京"】

2024-06-23 01:15:10 开始第 2151 次操作

2024-06-23 01:15:10 开始操作号码 【1492045】
2024-06-23 01:15:33 GSD getOne 第 1 次 等待 3 秒
2024-06-23 01:15:36 查询号码 【1492045】，返回信息 {"status":"ok","msg":"江苏-南京","gid":"276783","time_insert":"2021-07-14 19:36","time_update":"2021-07-29 23:02"}
2024-06-23 01:15:36 查询号码 【1492045】，GSD为【"江苏-南京"】

2024-06-23 01:15:37 开始第 2152 次操作

2024-06-23 01:15:37 开始操作号码 【1492046】
2024-06-23 01:16:05 GSD getOne 第 1 次 等待 3 秒
2024-06-23 01:16:08 查询号码 【1492046】，返回信息 {"status":"ok","msg":"江苏-南京","gid":"276797","time_insert":"2021-07-14 19:37","time_update":"2021-08-27 17:38"}
2024-06-23 01:16:08 查询号码 【1492046】，GSD为【"江苏-南京"】

2024-06-23 01:37:28 开始第 2153 次操作

2024-06-23 01:37:28 开始操作号码 【1492047】
2024-06-23 01:37:46 GSD getOne 第 1 次 等待 3 秒
2024-06-23 01:37:49 查询号码 【1492047】，返回信息 {"status":"ok","msg":"江苏-南京","gid":"276814","time_insert":"2021-07-14 19:38","time_update":"2021-07-29 23:13"}
2024-06-23 01:37:49 查询号码 【1492047】，GSD为【"江苏-南京"】

2024-06-23 01:37:50 开始第 2154 次操作

2024-06-23 01:37:50 开始操作号码 【1492048】
2024-06-23 01:38:18 GSD getOne 第 1 次 等待 3 秒
2024-06-23 01:38:21 查询号码 【1492048】，返回信息 {"status":"ok","msg":"江苏-南京","gid":"276832","time_insert":"2021-07-14 19:39","time_update":"2021-07-29 23:17"}
2024-06-23 01:38:21 查询号码 【1492048】，GSD为【"江苏-南京"】

2024-06-23 01:38:22 开始第 2155 次操作

2024-06-23 01:38:22 开始操作号码 【1492049】
2024-06-23 01:39:06 GSD getOne 第 1 次 等待 3 秒
2024-06-23 01:39:09 查询号码 【1492049】，返回信息 {"status":"ok","msg":"江苏-南京","gid":"276852","time_insert":"2021-07-14 19:39","time_update":"2021-07-29 23:21"}
2024-06-23 01:39:09 查询号码 【1492049】，GSD为【"江苏-南京"】

2024-06-23 01:39:10 开始第 2156 次操作

2024-06-23 01:39:10 开始操作号码 【1492050】
2024-06-23 01:39:44 GSD getOne 第 1 次 等待 3 秒
2024-06-23 01:39:47 查询号码 【1492050】，返回信息 {"status":"ok","msg":"江苏-南京","gid":"276872","time_insert":"2021-07-14 19:40","time_update":"2021-07-29 23:24"}
2024-06-23 01:39:47 查询号码 【1492050】，GSD为【"江苏-南京"】

2024-06-23 02:22:16 开始第 2157 次操作

2024-06-23 02:22:16 开始操作号码 【1492051】
2024-06-23 02:22:35 GSD getOne 第 1 次 等待 3 秒
2024-06-23 02:22:38 查询号码 【1492051】，返回信息 {"status":"ok","msg":"江苏-南京","gid":"276892","time_insert":"2021-07-14 19:41","time_update":"2021-07-29 23:29"}
2024-06-23 02:22:38 查询号码 【1492051】，GSD为【"江苏-南京"】

2024-06-23 02:22:39 开始第 2158 次操作

2024-06-23 02:22:39 开始操作号码 【1492052】
2024-06-23 02:22:52 GSD getOne 第 1 次 等待 3 秒
2024-06-23 02:22:55 查询号码 【1492052】，返回信息 {"status":"ok","msg":"江苏-南京","gid":"276907","time_insert":"2021-07-14 19:42","time_update":"2021-07-29 23:33"}
2024-06-23 02:22:55 查询号码 【1492052】，GSD为【"江苏-南京"】

2024-06-23 02:22:56 开始第 2159 次操作

2024-06-23 02:22:56 开始操作号码 【1492053】
2024-06-23 02:23:16 GSD getOne 第 1 次 等待 3 秒
2024-06-23 02:23:19 查询号码 【1492053】，返回信息 {"status":"ok","msg":"江苏-南京","gid":"276922","time_insert":"2021-07-14 19:43","time_update":"2021-07-29 23:36"}
2024-06-23 02:23:19 查询号码 【1492053】，GSD为【"江苏-南京"】

2024-06-23 02:23:20 开始第 2160 次操作

2024-06-23 02:23:20 开始操作号码 【1492054】
2024-06-23 02:23:36 GSD getOne 第 1 次 等待 3 秒
2024-06-23 02:23:39 查询号码 【1492054】，返回信息 {"status":"ok","msg":"江苏-南京","gid":"276936","time_insert":"2021-07-14 19:44","time_update":"2021-07-29 23:41"}
2024-06-23 02:23:39 查询号码 【1492054】，GSD为【"江苏-南京"】

2024-06-23 02:38:22 开始第 2161 次操作

2024-06-23 02:38:22 开始操作号码 【1492055】
2024-06-23 02:38:38 GSD getOne 第 1 次 等待 3 秒
2024-06-23 02:38:41 查询号码 【1492055】，返回信息 {"status":"ok","msg":"江苏-南京","gid":"276942","time_insert":"2021-07-14 19:44"}
2024-06-23 02:38:41 查询号码 【1492055】，GSD为【"江苏-南京"】

2024-06-23 02:38:42 开始第 2162 次操作

2024-06-23 02:38:42 开始操作号码 【1492056】
2024-06-23 02:39:07 GSD getOne 第 1 次 等待 3 秒
2024-06-23 02:39:10 查询号码 【1492056】，返回信息 {"status":"ok","msg":"江苏-南京","gid":"276951","time_insert":"2021-07-14 19:45"}
2024-06-23 02:39:10 查询号码 【1492056】，GSD为【"江苏-南京"】

2024-06-23 02:39:11 开始第 2163 次操作

2024-06-23 02:39:11 开始操作号码 【1492057】
2024-06-23 02:39:39 GSD getOne 第 1 次 等待 3 秒
2024-06-23 02:39:42 查询号码 【1492057】，返回信息 {"status":"ok","msg":"江苏-南京","gid":"276955","time_insert":"2021-07-14 19:45"}
2024-06-23 02:39:42 查询号码 【1492057】，GSD为【"江苏-南京"】

2024-06-23 02:39:43 开始第 2164 次操作

2024-06-23 02:39:44 开始操作号码 【1492058】
2024-06-23 02:40:47 GSD getOne 第 1 次 等待 3 秒
2024-06-23 02:40:50 查询号码 【1492058】，返回信息 {"status":"ok","msg":"江苏-南京","gid":"276962","time_insert":"2021-07-14 19:46"}
2024-06-23 02:40:50 查询号码 【1492058】，GSD为【"江苏-南京"】

2024-06-23 03:15:48 开始第 2165 次操作

2024-06-23 03:15:48 开始操作号码 【1492059】
2024-06-23 03:16:07 GSD getOne 第 1 次 等待 3 秒
2024-06-23 03:16:10 查询号码 【1492059】，返回信息 {"status":"ok","msg":"江苏-南京","gid":"276967","time_insert":"2021-07-14 19:46"}
2024-06-23 03:16:10 查询号码 【1492059】，GSD为【"江苏-南京"】

2024-06-23 03:16:11 开始第 2166 次操作

2024-06-23 03:16:11 开始操作号码 【1492060】
2024-06-23 03:16:26 GSD getOne 第 1 次 等待 3 秒
2024-06-23 03:16:29 查询号码 【1492060】，返回信息 {"status":"ok","msg":"江苏-南京","gid":"276971","time_insert":"2021-07-14 19:46"}
2024-06-23 03:16:29 查询号码 【1492060】，GSD为【"江苏-南京"】

2024-06-23 03:16:30 开始第 2167 次操作

2024-06-23 03:16:30 开始操作号码 【1492061】
2024-06-23 03:16:46 GSD getOne 第 1 次 等待 3 秒
2024-06-23 03:16:49 查询号码 【1492061】，返回信息 {"status":"ok","msg":"江苏-南京","gid":"277015","time_insert":"2021-07-14 19:52","time_update":"2021-07-30 00:00"}
2024-06-23 03:16:49 查询号码 【1492061】，GSD为【"江苏-南京"】

2024-06-23 03:16:50 开始第 2168 次操作

2024-06-23 03:16:50 开始操作号码 【1492062】
2024-06-23 03:17:14 GSD getOne 第 1 次 等待 3 秒
2024-06-23 03:17:17 查询号码 【1492062】，返回信息 {"status":"ok","msg":"江苏-南京","gid":"277051","time_insert":"2021-07-14 19:58"}
2024-06-23 03:17:17 查询号码 【1492062】，GSD为【"江苏-南京"】

2024-06-23 03:37:11 开始第 2169 次操作

2024-06-23 03:37:11 开始操作号码 【1492063】
2024-06-23 03:37:25 GSD getOne 第 1 次 等待 3 秒
2024-06-23 03:37:28 查询号码 【1492063】，返回信息 {"status":"ok","msg":"江苏-南京","gid":"277057","time_insert":"2021-07-14 19:59"}
2024-06-23 03:37:28 查询号码 【1492063】，GSD为【"江苏-南京"】

2024-06-23 03:37:29 开始第 2170 次操作

2024-06-23 03:37:29 开始操作号码 【1492064】
2024-06-23 03:37:42 GSD getOne 第 1 次 等待 3 秒
2024-06-23 03:37:45 查询号码 【1492064】，返回信息 {"status":"ok","msg":"江苏-南京","gid":"277059","time_insert":"2021-07-14 19:59"}
2024-06-23 03:37:45 查询号码 【1492064】，GSD为【"江苏-南京"】

2024-06-23 03:37:46 开始第 2171 次操作

2024-06-23 03:37:46 开始操作号码 【1492065】
2024-06-23 03:38:06 GSD getOne 第 1 次 等待 3 秒
2024-06-23 03:38:09 查询号码 【1492065】，返回信息 {"status":"ok","msg":"江苏-南京","gid":"277064","time_insert":"2021-07-14 20:00","time_update":"2021-07-30 00:11"}
2024-06-23 03:38:09 查询号码 【1492065】，GSD为【"江苏-南京"】

2024-06-23 03:38:10 开始第 2172 次操作

2024-06-23 03:38:10 开始操作号码 【1492066】
2024-06-23 03:38:32 GSD getOne 第 1 次 等待 3 秒
2024-06-23 03:38:35 查询号码 【1492066】，返回信息 {"status":"ok","msg":"江苏-南京","gid":"277065","time_insert":"2021-07-14 20:01"}
2024-06-23 03:38:35 查询号码 【1492066】，GSD为【"江苏-南京"】

