2024-05-01 00:21:37 开始第 6393 次操作

2024-05-01 00:21:37 开始操作号码 【1606294】
2024-05-01 00:21:44 GSD getOne 第 1 次 等待 3 秒
2024-05-01 00:21:47 查询号码 【1606294】，返回信息 {"status":"ok","msg":"-","gid":"651073","time_insert":"2023-04-13 07:22"}
2024-05-01 00:21:47 查询号码 【1606294】，GSD为【"-"】
2024-05-01 00:21:47 ok && -
2024-05-01 00:21:49 CHB 1606294?1714494107 第 1 次 等待 3 秒
2024-05-01 00:21:52 CHB 1606294?1714494107 第 1 次 获取到号码【1606294】GSD
2024-05-01 00:21:52 未获取到号码【1606294】GSD，可能号码格式错误
2024-05-01 00:21:52 获取到号码【1606294】的GSD为【-】
2024-05-01 00:21:57 GSD insert 第 1 次 等待 3 秒
2024-05-01 00:22:00 {"status":"bad","gid":"651073","msg":"添加失败！号码【1606294(-|-)】已存在！"}
2024-05-01 00:22:00 随机等待 181 秒，约 3 分钟
2024-05-01 00:22:00 下次操作: 2024-05-01 00:25:01

2024-05-01 00:25:01 开始第 6394 次操作

2024-05-01 00:25:01 开始操作号码 【1606295】
2024-05-01 00:25:08 GSD getOne 第 1 次 等待 3 秒
2024-05-01 00:25:11 查询号码 【1606295】，返回信息 {"status":"ok","msg":"-","gid":"651099","time_insert":"2023-04-13 07:37"}
2024-05-01 00:25:12 查询号码 【1606295】，GSD为【"-"】
2024-05-01 00:25:12 ok && -
2024-05-01 00:25:18 CHB 1606295?1714494312 第 1 次 等待 3 秒
2024-05-01 00:25:21 CHB 1606295?1714494312 第 1 次 获取到号码【1606295】GSD
2024-05-01 00:25:21 未获取到号码【1606295】GSD，可能号码格式错误
2024-05-01 00:25:21 获取到号码【1606295】的GSD为【-】
2024-05-01 00:25:30 GSD insert 第 1 次 等待 3 秒
2024-05-01 00:25:33 {"status":"bad","gid":"651099","msg":"添加失败！号码【1606295(-|-)】已存在！"}
2024-05-01 00:25:33 随机等待 169 秒，约 2 分钟
2024-05-01 00:25:33 下次操作: 2024-05-01 00:28:22

2024-05-01 00:28:23 开始第 6395 次操作

2024-05-01 00:28:23 开始操作号码 【1606296】
2024-05-01 00:28:27 GSD getOne 第 1 次 等待 3 秒
2024-05-01 00:28:30 查询号码 【1606296】，返回信息 {"status":"ok","msg":"-","gid":"651127","time_insert":"2023-04-13 07:52"}
2024-05-01 00:28:30 查询号码 【1606296】，GSD为【"-"】
2024-05-01 00:28:30 ok && -
2024-05-01 00:28:33 CHB 1606296?1714494510 第 1 次 等待 3 秒
2024-05-01 00:28:36 CHB 1606296?1714494510 第 1 次 获取到号码【1606296】GSD
2024-05-01 00:28:36 未获取到号码【1606296】GSD，可能号码格式错误
2024-05-01 00:28:36 获取到号码【1606296】的GSD为【-】
2024-05-01 00:28:42 GSD insert 第 1 次 等待 3 秒
2024-05-01 00:28:45 {"status":"bad","gid":"651127","msg":"添加失败！号码【1606296(-|-)】已存在！"}
2024-05-01 00:28:46 随机等待 162 秒，约 2 分钟
2024-05-01 00:28:46 下次操作: 2024-05-01 00:31:28

2024-05-01 00:31:28 开始第 6396 次操作

2024-05-01 00:31:28 开始操作号码 【1606297】
2024-05-01 00:31:34 GSD getOne 第 1 次 等待 3 秒
2024-05-01 00:31:37 查询号码 【1606297】，返回信息 {"status":"ok","msg":"-","gid":"651154","time_insert":"2023-04-13 08:11"}
2024-05-01 00:31:37 查询号码 【1606297】，GSD为【"-"】
2024-05-01 00:31:37 ok && -
2024-05-01 00:31:39 CHB 1606297?1714494697 第 1 次 等待 3 秒
2024-05-01 00:31:42 CHB 1606297?1714494697 第 1 次 获取到号码【1606297】GSD
2024-05-01 00:31:42 未获取到号码【1606297】GSD，可能号码格式错误
2024-05-01 00:31:42 获取到号码【1606297】的GSD为【-】
2024-05-01 00:31:48 GSD insert 第 1 次 等待 3 秒
2024-05-01 00:31:51 {"status":"bad","gid":"651154","msg":"添加失败！号码【1606297(-|-)】已存在！"}

