2021-07-02 00:00:42 开始第 8 次操作

2021-07-02 00:00:42 开始操作号码 【1706388】
2021-07-02 00:00:53 GSD getOne 第 1 次 等待 1 秒
2021-07-02 00:00:54 查询号码 【1706388】，返回信息 {"status":"bad","msg":""}
2021-07-02 00:00:54 查询号码 【1706388】，GSD为【""】
2021-07-02 00:00:54 bad
2021-07-02 00:00:56 CHB 1706388?1625155254 第 1 次 等待 1 秒
2021-07-02 00:00:57 CHB 1706388?1625155254 第 1 次 获取到号码【1706388】GSD
2021-07-02 00:00:57 获取到号码【1706388】的GSD为【广东-东莞】
2021-07-02 00:01:17 GSD insert 第 1 次 等待 1 秒
2021-07-02 00:01:18 {"status":"ok","msg":"添加成功！170104"}
2021-07-02 00:01:18 下次操作: 2021-07-02 00:01:26

2021-07-02 00:01:26 开始第 9 次操作

2021-07-02 00:01:26 开始操作号码 【1706389】
2021-07-02 00:01:50 GSD getOne 第 1 次 等待 1 秒
2021-07-02 00:01:51 查询号码 【1706389】，返回信息 {"status":"bad","msg":""}
2021-07-02 00:01:51 查询号码 【1706389】，GSD为【""】
2021-07-02 00:01:51 bad
2021-07-02 00:01:53 CHB 1706389?1625155311 第 1 次 等待 1 秒
2021-07-02 00:01:54 CHB 1706389?1625155311 第 1 次 获取到号码【1706389】GSD
2021-07-02 00:01:54 获取到号码【1706389】的GSD为【广东-东莞】
2021-07-02 00:02:17 GSD insert 第 1 次 等待 1 秒
2021-07-02 00:02:18 {"status":"ok","msg":"添加成功！170116"}
2021-07-02 00:02:18 下次操作: 2021-07-02 00:02:35

2021-07-02 00:02:35 开始第 10 次操作

2021-07-02 00:02:35 开始操作号码 【1706390】
2021-07-02 00:02:39 GSD getOne 第 1 次 等待 1 秒
2021-07-02 00:02:40 查询号码 【1706390】，返回信息 {"status":"bad","msg":""}
2021-07-02 00:02:40 查询号码 【1706390】，GSD为【""】
2021-07-02 00:02:40 bad
2021-07-02 00:02:43 CHB 1706390?1625155360 第 1 次 等待 1 秒
2021-07-02 00:02:44 CHB 1706390?1625155360 第 1 次 获取到号码【1706390】GSD
2021-07-02 00:02:44 获取到号码【1706390】的GSD为【广东-东莞】
2021-07-02 00:03:21 GSD insert 第 1 次 等待 1 秒
2021-07-02 00:03:22 {"status":"ok","msg":"添加成功！170127"}
2021-07-02 00:03:22 下次操作: 2021-07-02 00:03:39

2021-07-02 00:03:39 开始第 11 次操作

2021-07-02 00:03:39 开始操作号码 【1706391】
2021-07-02 00:03:46 GSD getOne 第 1 次 等待 1 秒
2021-07-02 00:03:47 查询号码 【1706391】，返回信息 {"status":"bad","msg":""}
2021-07-02 00:03:47 查询号码 【1706391】，GSD为【""】
2021-07-02 00:03:47 bad
2021-07-02 00:03:52 CHB 1706391?1625155427 第 1 次 等待 1 秒
2021-07-02 00:03:53 CHB 1706391?1625155427 第 1 次 获取到号码【1706391】GSD
2021-07-02 00:03:53 获取到号码【1706391】的GSD为【广东-东莞】
2021-07-02 00:04:12 GSD insert 第 1 次 等待 1 秒
2021-07-02 00:04:14 {"status":"ok","msg":"添加成功！170135"}
2021-07-02 00:04:14 下次操作: 2021-07-02 00:04:28

2021-07-02 00:04:28 开始第 12 次操作

2021-07-02 00:04:28 开始操作号码 【1706392】
2021-07-02 00:04:37 GSD getOne 第 1 次 等待 1 秒
2021-07-02 00:04:38 查询号码 【1706392】，返回信息 {"status":"bad","msg":""}
2021-07-02 00:04:39 查询号码 【1706392】，GSD为【""】
2021-07-02 00:04:39 bad
2021-07-02 00:04:41 CHB 1706392?1625155479 第 1 次 等待 1 秒
2021-07-02 00:04:42 CHB 1706392?1625155479 第 1 次 获取到号码【1706392】GSD
2021-07-02 00:04:42 获取到号码【1706392】的GSD为【广东-东莞】
2021-07-02 00:05:01 GSD insert 第 1 次 等待 1 秒
2021-07-02 00:05:02 {"status":"ok","msg":"添加成功！170143"}
2021-07-02 00:05:02 下次操作: 2021-07-02 00:05:18

2021-07-02 00:05:18 开始第 13 次操作

2021-07-02 00:05:18 开始操作号码 【1706393】
2021-07-02 00:05:24 GSD getOne 第 1 次 等待 1 秒
2021-07-02 00:05:25 查询号码 【1706393】，返回信息 {"status":"bad","msg":""}
2021-07-02 00:05:25 查询号码 【1706393】，GSD为【""】
2021-07-02 00:05:25 bad
2021-07-02 00:05:28 CHB 1706393?1625155525 第 1 次 等待 1 秒
2021-07-02 00:05:29 CHB 1706393?1625155525 第 1 次 获取到号码【1706393】GSD
2021-07-02 00:05:29 获取到号码【1706393】的GSD为【广东-东莞】
2021-07-02 00:05:49 GSD insert 第 1 次 等待 1 秒
2021-07-02 00:05:50 {"status":"ok","msg":"添加成功！170152"}
2021-07-02 00:05:50 下次操作: 2021-07-02 00:06:07

2021-07-02 00:06:07 开始第 14 次操作

2021-07-02 00:06:07 开始操作号码 【1706394】
2021-07-02 00:06:11 GSD getOne 第 1 次 等待 1 秒
2021-07-02 00:06:12 查询号码 【1706394】，返回信息 {"status":"bad","msg":""}
2021-07-02 00:06:12 查询号码 【1706394】，GSD为【""】
2021-07-02 00:06:12 bad
2021-07-02 00:06:16 CHB 1706394?1625155572 第 1 次 等待 1 秒
2021-07-02 00:06:17 CHB 1706394?1625155572 第 1 次 获取到号码【1706394】GSD
2021-07-02 00:06:17 获取到号码【1706394】的GSD为【广东-东莞】
2021-07-02 00:06:36 GSD insert 第 1 次 等待 1 秒
2021-07-02 00:06:37 {"status":"ok","msg":"添加成功！170159"}
2021-07-02 00:06:37 下次操作: 2021-07-02 00:06:54

2021-07-02 00:06:54 开始第 15 次操作

2021-07-02 00:06:54 开始操作号码 【1706395】
2021-07-02 00:06:58 GSD getOne 第 1 次 等待 1 秒
2021-07-02 00:06:59 查询号码 【1706395】，返回信息 {"status":"bad","msg":""}
2021-07-02 00:06:59 查询号码 【1706395】，GSD为【""】
2021-07-02 00:06:59 bad
2021-07-02 00:07:02 CHB 1706395?1625155619 第 1 次 等待 1 秒
2021-07-02 00:07:03 CHB 1706395?1625155619 第 1 次 获取到号码【1706395】GSD
2021-07-02 00:07:03 获取到号码【1706395】的GSD为【广东-东莞】
2021-07-02 00:07:24 GSD insert 第 1 次 等待 1 秒
2021-07-02 00:07:25 {"status":"ok","msg":"添加成功！170167"}
2021-07-02 00:07:25 下次操作: 2021-07-02 00:07:35

2021-07-02 00:07:35 开始第 16 次操作

2021-07-02 00:07:35 开始操作号码 【1706396】
2021-07-02 00:07:46 GSD getOne 第 1 次 等待 1 秒
2021-07-02 00:07:47 查询号码 【1706396】，返回信息 {"status":"bad","msg":""}
2021-07-02 00:07:47 查询号码 【1706396】，GSD为【""】
2021-07-02 00:07:47 bad
2021-07-02 00:07:49 CHB 1706396?1625155667 第 1 次 等待 1 秒
2021-07-02 00:07:50 CHB 1706396?1625155667 第 1 次 获取到号码【1706396】GSD
2021-07-02 00:07:50 获取到号码【1706396】的GSD为【广东-东莞】
2021-07-02 00:08:11 GSD insert 第 1 次 等待 1 秒
2021-07-02 00:08:12 {"status":"ok","msg":"添加成功！170173"}
2021-07-02 00:08:12 下次操作: 2021-07-02 00:08:28

2021-07-02 00:08:28 开始第 17 次操作

2021-07-02 00:08:28 开始操作号码 【1706397】
2021-07-02 00:08:34 GSD getOne 第 1 次 等待 1 秒
2021-07-02 00:08:35 查询号码 【1706397】，返回信息 {"status":"bad","msg":""}
2021-07-02 00:08:35 查询号码 【1706397】，GSD为【""】
2021-07-02 00:08:35 bad
2021-07-02 00:08:37 CHB 1706397?1625155715 第 1 次 等待 1 秒
2021-07-02 00:08:38 CHB 1706397?1625155715 第 1 次 获取到号码【1706397】GSD
2021-07-02 00:08:38 获取到号码【1706397】的GSD为【广东-东莞】
2021-07-02 00:09:01 GSD insert 第 1 次 等待 1 秒
2021-07-02 00:09:02 {"status":"ok","msg":"添加成功！170182"}
2021-07-02 00:09:02 下次操作: 2021-07-02 00:09:16

2021-07-02 00:09:16 开始第 18 次操作

2021-07-02 00:09:16 开始操作号码 【1706398】
2021-07-02 00:09:24 GSD getOne 第 1 次 等待 1 秒
2021-07-02 00:09:25 查询号码 【1706398】，返回信息 {"status":"bad","msg":""}
2021-07-02 00:09:25 查询号码 【1706398】，GSD为【""】
2021-07-02 00:09:25 bad
2021-07-02 00:09:27 CHB 1706398?1625155765 第 1 次 等待 1 秒
2021-07-02 00:09:28 CHB 1706398?1625155765 第 1 次 获取到号码【1706398】GSD
2021-07-02 00:09:28 获取到号码【1706398】的GSD为【广东-东莞】
2021-07-02 00:09:50 GSD insert 第 1 次 等待 1 秒
2021-07-02 00:09:51 {"status":"ok","msg":"添加成功！170190"}
2021-07-02 00:09:51 下次操作: 2021-07-02 00:10:05

2021-07-02 00:10:05 开始第 19 次操作

2021-07-02 00:10:05 开始操作号码 【1706399】
2021-07-02 00:10:12 GSD getOne 第 1 次 等待 1 秒
2021-07-02 00:10:13 查询号码 【1706399】，返回信息 {"status":"bad","msg":""}
2021-07-02 00:10:13 查询号码 【1706399】，GSD为【""】
2021-07-02 00:10:13 bad
2021-07-02 00:10:18 CHB 1706399?1625155813 第 1 次 等待 1 秒
2021-07-02 00:10:19 CHB 1706399?1625155813 第 1 次 获取到号码【1706399】GSD
2021-07-02 00:10:19 获取到号码【1706399】的GSD为【广东-东莞】
2021-07-02 00:10:39 GSD insert 第 1 次 等待 1 秒
2021-07-02 00:10:40 {"status":"ok","msg":"添加成功！170197"}
2021-07-02 00:10:40 下次操作: 2021-07-02 00:10:49

2021-07-02 00:10:49 开始第 20 次操作

2021-07-02 00:10:49 开始操作号码 【1706400】
2021-07-02 00:11:08 GSD getOne 第 1 次 等待 1 秒
2021-07-02 00:11:09 查询号码 【1706400】，返回信息 {"status":"bad","msg":""}
2021-07-02 00:11:09 查询号码 【1706400】，GSD为【""】
2021-07-02 00:11:09 bad
2021-07-02 00:11:12 CHB 1706400?1625155869 第 1 次 等待 1 秒
2021-07-02 00:11:13 CHB 1706400?1625155869 第 1 次 获取到号码【1706400】GSD
2021-07-02 00:11:13 获取到号码【1706400】的GSD为【广东-东莞】
2021-07-02 00:11:35 GSD insert 第 1 次 等待 1 秒
2021-07-02 00:11:36 {"status":"ok","msg":"添加成功！170204"}
2021-07-02 00:11:36 下次操作: 2021-07-02 00:11:43

2021-07-02 00:11:43 开始第 21 次操作

2021-07-02 00:11:43 开始操作号码 【1706401】
2021-07-02 00:12:04 GSD getOne 第 1 次 等待 1 秒
2021-07-02 00:12:05 查询号码 【1706401】，返回信息 {"status":"bad","msg":""}
2021-07-02 00:12:05 查询号码 【1706401】，GSD为【""】
2021-07-02 00:12:05 bad
2021-07-02 00:12:07 CHB 1706401?1625155925 第 1 次 等待 1 秒
2021-07-02 00:12:08 CHB 1706401?1625155925 第 1 次 获取到号码【1706401】GSD
2021-07-02 00:12:08 获取到号码【1706401】的GSD为【广东-东莞】
2021-07-02 00:12:30 GSD insert 第 1 次 等待 1 秒
2021-07-02 00:12:31 {"status":"ok","msg":"添加成功！170214"}
2021-07-02 00:12:31 下次操作: 2021-07-02 00:12:45

2021-07-02 00:12:45 开始第 22 次操作

2021-07-02 00:12:45 开始操作号码 【1706402】
2021-07-02 00:12:52 GSD getOne 第 1 次 等待 1 秒
2021-07-02 00:12:53 查询号码 【1706402】，返回信息 {"status":"bad","msg":""}
2021-07-02 00:12:53 查询号码 【1706402】，GSD为【""】
2021-07-02 00:12:53 bad
2021-07-02 00:12:55 CHB 1706402?1625155973 第 1 次 等待 1 秒
2021-07-02 00:12:56 CHB 1706402?1625155973 第 1 次 获取到号码【1706402】GSD
2021-07-02 00:12:56 获取到号码【1706402】的GSD为【广东-东莞】
2021-07-02 00:13:15 GSD insert 第 1 次 等待 1 秒
2021-07-02 00:13:16 {"status":"ok","msg":"添加成功！170222"}
2021-07-02 00:13:16 下次操作: 2021-07-02 00:13:22

2021-07-02 00:13:22 开始第 23 次操作

2021-07-02 00:13:22 开始操作号码 【1706403】
2021-07-02 00:13:42 GSD getOne 第 1 次 等待 1 秒
2021-07-02 00:13:43 查询号码 【1706403】，返回信息 {"status":"bad","msg":""}
2021-07-02 00:13:43 查询号码 【1706403】，GSD为【""】
2021-07-02 00:13:43 bad
2021-07-02 00:13:45 CHB 1706403?1625156023 第 1 次 等待 1 秒
2021-07-02 00:13:46 CHB 1706403?1625156023 第 1 次 获取到号码【1706403】GSD
2021-07-02 00:13:46 获取到号码【1706403】的GSD为【广东-东莞】
2021-07-02 00:14:05 GSD insert 第 1 次 等待 1 秒
2021-07-02 00:14:06 {"status":"ok","msg":"添加成功！170228"}
2021-07-02 00:14:06 下次操作: 2021-07-02 00:14:17

2021-07-02 00:14:17 开始第 24 次操作

2021-07-02 00:14:17 开始操作号码 【1706404】
2021-07-02 00:14:28 GSD getOne 第 1 次 等待 1 秒
2021-07-02 00:14:29 查询号码 【1706404】，返回信息 {"status":"bad","msg":""}
2021-07-02 00:14:30 查询号码 【1706404】，GSD为【""】
2021-07-02 00:14:30 bad
2021-07-02 00:14:32 CHB 1706404?1625156070 第 1 次 等待 1 秒
2021-07-02 00:14:33 CHB 1706404?1625156070 第 1 次 获取到号码【1706404】GSD
2021-07-02 00:14:34 获取到号码【1706404】的GSD为【广东-东莞】
2021-07-02 00:14:54 GSD insert 第 1 次 等待 1 秒
2021-07-02 00:14:55 {"status":"ok","msg":"添加成功！170234"}
2021-07-02 00:14:55 下次操作: 2021-07-02 00:15:02

2021-07-02 00:15:02 开始第 25 次操作

2021-07-02 00:15:02 开始操作号码 【1706405】
2021-07-02 00:15:22 GSD getOne 第 1 次 等待 1 秒
2021-07-02 00:15:23 查询号码 【1706405】，返回信息 {"status":"bad","msg":""}
2021-07-02 00:15:23 查询号码 【1706405】，GSD为【""】
2021-07-02 00:15:23 bad
2021-07-02 00:15:25 CHB 1706405?1625156123 第 1 次 等待 1 秒
2021-07-02 00:15:26 CHB 1706405?1625156123 第 1 次 获取到号码【1706405】GSD
2021-07-02 00:15:26 获取到号码【1706405】的GSD为【广东-东莞】
2021-07-02 00:15:45 GSD insert 第 1 次 等待 1 秒
2021-07-02 00:15:47 {"status":"ok","msg":"添加成功！170243"}
2021-07-02 00:15:47 下次操作: 2021-07-02 00:16:00

2021-07-02 00:16:00 开始第 26 次操作

2021-07-02 00:16:00 开始操作号码 【1706406】
2021-07-02 00:16:11 GSD getOne 第 1 次 等待 1 秒
2021-07-02 00:16:12 查询号码 【1706406】，返回信息 {"status":"bad","msg":""}
2021-07-02 00:16:12 查询号码 【1706406】，GSD为【""】
2021-07-02 00:16:12 bad
2021-07-02 00:16:15 CHB 1706406?1625156172 第 1 次 等待 1 秒
2021-07-02 00:16:16 CHB 1706406?1625156172 第 1 次 获取到号码【1706406】GSD
2021-07-02 00:16:17 获取到号码【1706406】的GSD为【广东-东莞】
2021-07-02 00:16:36 GSD insert 第 1 次 等待 1 秒
2021-07-02 00:16:37 {"status":"ok","msg":"添加成功！170251"}
2021-07-02 00:16:37 下次操作: 2021-07-02 00:16:53

2021-07-02 00:16:53 开始第 27 次操作

2021-07-02 00:16:53 开始操作号码 【1706407】
2021-07-02 00:16:58 GSD getOne 第 1 次 等待 1 秒
2021-07-02 00:16:59 查询号码 【1706407】，返回信息 {"status":"bad","msg":""}
2021-07-02 00:16:59 查询号码 【1706407】，GSD为【""】
2021-07-02 00:16:59 bad
2021-07-02 00:17:04 CHB 1706407?1625156219 第 1 次 等待 1 秒
2021-07-02 00:17:05 CHB 1706407?1625156219 第 1 次 获取到号码【1706407】GSD
2021-07-02 00:17:05 获取到号码【1706407】的GSD为【广东-东莞】
2021-07-02 00:17:25 GSD insert 第 1 次 等待 1 秒
2021-07-02 00:17:26 {"status":"ok","msg":"添加成功！170259"}
2021-07-02 00:17:26 下次操作: 2021-07-02 00:17:34

2021-07-02 00:17:34 开始第 28 次操作

2021-07-02 00:17:34 开始操作号码 【1706408】
2021-07-02 00:17:53 GSD getOne 第 1 次 等待 1 秒
2021-07-02 00:17:54 查询号码 【1706408】，返回信息 {"status":"bad","msg":""}
2021-07-02 00:17:54 查询号码 【1706408】，GSD为【""】
2021-07-02 00:17:54 bad
2021-07-02 00:17:56 CHB 1706408?1625156274 第 1 次 等待 1 秒
2021-07-02 00:17:57 CHB 1706408?1625156274 第 1 次 获取到号码【1706408】GSD
2021-07-02 00:17:57 获取到号码【1706408】的GSD为【广东-东莞】
2021-07-02 00:18:16 GSD insert 第 1 次 等待 1 秒
2021-07-02 00:18:17 {"status":"ok","msg":"添加成功！170266"}
2021-07-02 00:18:17 下次操作: 2021-07-02 00:18:25

2021-07-02 00:18:25 开始第 29 次操作

2021-07-02 00:18:25 开始操作号码 【1706409】
2021-07-02 00:18:44 GSD getOne 第 1 次 等待 1 秒
2021-07-02 00:18:45 查询号码 【1706409】，返回信息 {"status":"bad","msg":""}
2021-07-02 00:18:45 查询号码 【1706409】，GSD为【""】
2021-07-02 00:18:45 bad
2021-07-02 00:18:49 CHB 1706409?1625156325 第 1 次 等待 1 秒
2021-07-02 00:18:50 CHB 1706409?1625156325 第 1 次 获取到号码【1706409】GSD
2021-07-02 00:18:50 获取到号码【1706409】的GSD为【广东-东莞】
2021-07-02 00:19:10 GSD insert 第 1 次 等待 1 秒
2021-07-02 00:19:11 {"status":"ok","msg":"添加成功！170274"}
2021-07-02 00:19:11 下次操作: 2021-07-02 00:19:17

2021-07-02 00:19:17 开始第 30 次操作

2021-07-02 00:19:17 开始操作号码 【1706410】
2021-07-02 00:19:38 GSD getOne 第 1 次 等待 1 秒
2021-07-02 00:19:39 查询号码 【1706410】，返回信息 {"status":"bad","msg":""}
2021-07-02 00:19:39 查询号码 【1706410】，GSD为【""】
2021-07-02 00:19:39 bad
2021-07-02 00:19:41 CHB 1706410?1625156379 第 1 次 等待 1 秒
2021-07-02 00:19:42 CHB 1706410?1625156379 第 1 次 获取到号码【1706410】GSD
2021-07-02 00:19:42 获取到号码【1706410】的GSD为【广东-东莞】
2021-07-02 00:20:01 GSD insert 第 1 次 等待 1 秒
2021-07-02 00:20:02 {"status":"ok","msg":"添加成功！170279"}

