2024-02-12 00:19:21 开始第 3213 次操作

2024-02-12 00:19:21 开始操作号码 【1713115】
2024-02-12 00:19:26 GSD getOne 第 1 次 等待 3 秒
2024-02-12 00:19:29 查询号码 【1713115】，返回信息 {"status":"ok","msg":"浙江-杭州","gid":"166266","time_insert":"2021-07-01 11:58"}
2024-02-12 00:19:30 查询号码 【1713115】，GSD为【"浙江-杭州"】

2024-02-12 00:19:31 开始第 3214 次操作

2024-02-12 00:19:31 开始操作号码 【1713116】
2024-02-12 00:19:35 GSD getOne 第 1 次 等待 3 秒
2024-02-12 00:19:38 查询号码 【1713116】，返回信息 {"status":"ok","msg":"浙江-宁波","gid":"166277","time_insert":"2021-07-01 11:59"}
2024-02-12 00:19:38 查询号码 【1713116】，GSD为【"浙江-宁波"】

2024-02-12 00:19:39 开始第 3215 次操作

2024-02-12 00:19:39 开始操作号码 【1713117】
2024-02-12 00:19:43 GSD getOne 第 1 次 等待 3 秒
2024-02-12 00:19:46 查询号码 【1713117】，返回信息 {"status":"ok","msg":"浙江-宁波","gid":"166289","time_insert":"2021-07-01 11:59"}
2024-02-12 00:19:46 查询号码 【1713117】，GSD为【"浙江-宁波"】

2024-02-12 00:19:47 开始第 3216 次操作

2024-02-12 00:19:47 开始操作号码 【1713118】
2024-02-12 00:19:51 GSD getOne 第 1 次 等待 3 秒
2024-02-12 00:19:54 查询号码 【1713118】，返回信息 {"status":"ok","msg":"浙江-宁波","gid":"166298","time_insert":"2021-07-01 12:00"}
2024-02-12 00:19:54 查询号码 【1713118】，GSD为【"浙江-宁波"】

2024-02-12 00:37:09 开始第 3217 次操作

2024-02-12 00:37:09 开始操作号码 【1713119】
2024-02-12 00:37:15 GSD getOne 第 1 次 等待 3 秒
2024-02-12 00:37:18 查询号码 【1713119】，返回信息 {"status":"ok","msg":"浙江-宁波","gid":"166308","time_insert":"2021-07-01 12:01"}
2024-02-12 00:37:18 查询号码 【1713119】，GSD为【"浙江-宁波"】

2024-02-12 00:37:19 开始第 3218 次操作

2024-02-12 00:37:19 开始操作号码 【1713120】
2024-02-12 00:37:23 GSD getOne 第 1 次 等待 3 秒
2024-02-12 00:37:26 查询号码 【1713120】，返回信息 {"status":"ok","msg":"河北-沧州","gid":"166319","time_insert":"2021-07-01 12:02"}
2024-02-12 00:37:26 查询号码 【1713120】，GSD为【"河北-沧州"】

2024-02-12 00:37:27 开始第 3219 次操作

2024-02-12 00:37:27 开始操作号码 【1713121】
2024-02-12 00:37:33 GSD getOne 第 1 次 等待 3 秒
2024-02-12 00:37:36 查询号码 【1713121】，返回信息 {"status":"ok","msg":"河北-沧州","gid":"166326","time_insert":"2021-07-01 12:02"}
2024-02-12 00:37:36 查询号码 【1713121】，GSD为【"河北-沧州"】

2024-02-12 00:37:37 开始第 3220 次操作

2024-02-12 00:37:37 开始操作号码 【1713122】
2024-02-12 00:37:43 GSD getOne 第 1 次 等待 3 秒
2024-02-12 00:37:46 查询号码 【1713122】，返回信息 {"status":"ok","msg":"河北-沧州","gid":"166330","time_insert":"2021-07-01 12:03"}
2024-02-12 00:37:46 查询号码 【1713122】，GSD为【"河北-沧州"】

