2023-11-27 00:19:15 开始第 99 次操作
2023-11-27 00:19:15 号码【192（0000 ---> 9999）】处理完毕
2023-11-27 00:38:17 开始第 99 次操作
2023-11-27 00:38:17 号码【192（0000 ---> 9999）】处理完毕
2023-11-27 01:13:22 开始第 99 次操作
2023-11-27 01:13:22 号码【192（0000 ---> 9999）】处理完毕
2023-11-27 01:37:26 开始第 99 次操作
2023-11-27 01:37:26 号码【192（0000 ---> 9999）】处理完毕
2023-11-27 02:18:57 开始第 99 次操作
2023-11-27 02:18:57 号码【192（0000 ---> 9999）】处理完毕
2023-11-27 02:37:35 开始第 99 次操作
2023-11-27 02:37:35 号码【192（0000 ---> 9999）】处理完毕
2023-11-27 03:12:19 开始第 99 次操作
2023-11-27 03:12:19 号码【192（0000 ---> 9999）】处理完毕
2023-11-27 03:37:07 开始第 99 次操作
2023-11-27 03:37:07 号码【192（0000 ---> 9999）】处理完毕
2023-11-27 04:16:12 开始第 99 次操作
2023-11-27 04:16:12 号码【192（0000 ---> 9999）】处理完毕
2023-11-27 04:37:17 开始第 99 次操作
2023-11-27 04:37:17 号码【192（0000 ---> 9999）】处理完毕
2023-11-27 05:14:09 开始第 99 次操作
2023-11-27 05:14:09 号码【192（0000 ---> 9999）】处理完毕
2023-11-27 05:37:23 开始第 99 次操作
2023-11-27 05:37:23 号码【192（0000 ---> 9999）】处理完毕
2023-11-27 06:14:29 开始第 99 次操作
2023-11-27 06:14:29 号码【192（0000 ---> 9999）】处理完毕
2023-11-27 06:37:21 开始第 99 次操作
2023-11-27 06:37:21 号码【192（0000 ---> 9999）】处理完毕
2023-11-27 07:15:36 开始第 99 次操作
2023-11-27 07:15:36 号码【192（0000 ---> 9999）】处理完毕
2023-11-27 07:37:27 开始第 99 次操作
2023-11-27 07:37:27 号码【192（0000 ---> 9999）】处理完毕
2023-11-27 09:14:17 开始第 99 次操作
2023-11-27 09:14:17 号码【192（0000 ---> 9999）】处理完毕
2023-11-27 09:59:43 开始第 99 次操作

2023-11-27 09:59:43 开始操作号码 【1820001】
2023-11-27 09:59:47 GSD getOne 第 1 次 等待 3 秒
2023-11-27 09:59:50 查询号码 【1820001】，返回信息 {"status":"ok","msg":"四川-成都","gid":"257028","time_insert":"2021-07-12 14:43"}
2023-11-27 09:59:50 查询号码 【1820001】，GSD为【"四川-成都"】

2023-11-27 09:59:51 开始第 100 次操作

2023-11-27 09:59:51 开始操作号码 【1820002】
2023-11-27 09:59:54 GSD getOne 第 1 次 等待 3 秒
2023-11-27 09:59:57 查询号码 【1820002】，返回信息 {"status":"ok","msg":"四川-成都","gid":"257155","time_insert":"2021-07-12 14:56"}
2023-11-27 09:59:57 查询号码 【1820002】，GSD为【"四川-成都"】

2023-11-27 10:09:55 开始第 101 次操作

2023-11-27 10:09:55 开始操作号码 【1820003】
2023-11-27 10:09:59 GSD getOne 第 1 次 等待 3 秒
2023-11-27 10:10:02 查询号码 【1820003】，返回信息 {"status":"ok","msg":"四川-成都","gid":"257324","time_insert":"2021-07-12 15:07"}
2023-11-27 10:10:02 查询号码 【1820003】，GSD为【"四川-成都"】

2023-11-27 10:10:03 开始第 102 次操作

2023-11-27 10:10:03 开始操作号码 【1820004】
2023-11-27 10:10:07 GSD getOne 第 1 次 等待 3 秒
2023-11-27 10:10:10 查询号码 【1820004】，返回信息 {"status":"ok","msg":"四川-成都","gid":"257364","time_insert":"2021-07-12 15:18"}
2023-11-27 10:10:10 查询号码 【1820004】，GSD为【"四川-成都"】

2023-11-27 10:10:11 开始第 103 次操作

2023-11-27 10:10:11 开始操作号码 【1820005】
2023-11-27 10:10:15 GSD getOne 第 1 次 等待 3 秒
2023-11-27 10:10:18 查询号码 【1820005】，返回信息 {"status":"ok","msg":"四川-成都","gid":"257393","time_insert":"2021-07-12 15:33"}
2023-11-27 10:10:18 查询号码 【1820005】，GSD为【"四川-成都"】

2023-11-27 10:10:19 开始第 104 次操作

2023-11-27 10:10:19 开始操作号码 【1820006】
2023-11-27 10:10:22 GSD getOne 第 1 次 等待 3 秒
2023-11-27 10:10:25 查询号码 【1820006】，返回信息 {"status":"ok","msg":"四川-成都","gid":"257545","time_insert":"2021-07-12 15:44"}
2023-11-27 10:10:25 查询号码 【1820006】，GSD为【"四川-成都"】

2023-11-27 10:41:27 开始第 105 次操作

2023-11-27 10:41:27 开始操作号码 【1820007】
2023-11-27 10:41:32 GSD getOne 第 1 次 等待 3 秒
2023-11-27 10:41:35 查询号码 【1820007】，返回信息 {"status":"ok","msg":"四川-成都","gid":"257667","time_insert":"2021-07-12 15:56"}
2023-11-27 10:41:35 查询号码 【1820007】，GSD为【"四川-成都"】

2023-11-27 10:41:36 开始第 106 次操作

2023-11-27 10:41:36 开始操作号码 【1820008】
2023-11-27 10:41:40 GSD getOne 第 1 次 等待 3 秒
2023-11-27 10:41:43 查询号码 【1820008】，返回信息 {"status":"ok","msg":"四川-成都","gid":"257724","time_insert":"2021-07-12 16:09"}
2023-11-27 10:41:43 查询号码 【1820008】，GSD为【"四川-成都"】

2023-11-27 10:41:44 开始第 107 次操作

2023-11-27 10:41:44 开始操作号码 【1820009】
2023-11-27 10:41:49 GSD getOne 第 1 次 等待 3 秒
2023-11-27 10:41:52 查询号码 【1820009】，返回信息 {"status":"ok","msg":"四川-成都","gid":"257748","time_insert":"2021-07-12 16:23"}
2023-11-27 10:41:52 查询号码 【1820009】，GSD为【"四川-成都"】

2023-11-27 10:41:53 开始第 108 次操作

2023-11-27 10:41:53 开始操作号码 【1820010】
2023-11-27 10:41:57 GSD getOne 第 1 次 等待 3 秒
2023-11-27 10:42:00 查询号码 【1820010】，返回信息 {"status":"ok","msg":"四川-成都","gid":"34557","time_insert":"2018-01-10 20:15","time_update":"2020-11-05 20:10"}
2023-11-27 10:42:00 查询号码 【1820010】，GSD为【"四川-成都"】

2023-11-27 11:17:14 开始第 109 次操作

2023-11-27 11:17:14 开始操作号码 【1820011】
2023-11-27 11:17:19 GSD getOne 第 1 次 等待 3 秒
2023-11-27 11:17:22 查询号码 【1820011】，返回信息 {"status":"ok","msg":"四川-成都","gid":"34558","time_insert":"2017-05-03 23:50","time_update":"2020-11-05 20:13"}
2023-11-27 11:17:23 查询号码 【1820011】，GSD为【"四川-成都"】

2023-11-27 11:17:24 开始第 110 次操作

2023-11-27 11:17:24 开始操作号码 【1820012】
2023-11-27 11:17:28 GSD getOne 第 1 次 等待 3 秒
2023-11-27 11:17:31 查询号码 【1820012】，返回信息 {"status":"ok","msg":"四川-成都","gid":"34559","time_insert":"2018-07-28 22:48","time_update":"2020-11-05 20:16"}
2023-11-27 11:17:31 查询号码 【1820012】，GSD为【"四川-成都"】

2023-11-27 11:17:32 开始第 111 次操作

2023-11-27 11:17:32 开始操作号码 【1820013】
2023-11-27 11:17:36 GSD getOne 第 1 次 等待 3 秒
2023-11-27 11:17:39 查询号码 【1820013】，返回信息 {"status":"ok","msg":"四川-成都","gid":"34560","time_insert":"2017-04-25 15:19","time_update":"2020-11-05 20:20"}
2023-11-27 11:17:39 查询号码 【1820013】，GSD为【"四川-成都"】

2023-11-27 11:17:40 开始第 112 次操作

2023-11-27 11:17:40 开始操作号码 【1820014】
2023-11-27 11:17:45 GSD getOne 第 1 次 等待 3 秒
2023-11-27 11:17:48 查询号码 【1820014】，返回信息 {"status":"ok","msg":"四川-成都","gid":"34561","time_insert":"2017-12-26 10:00","time_update":"2020-11-05 20:23"}
2023-11-27 11:17:48 查询号码 【1820014】，GSD为【"四川-成都"】

2023-11-27 11:37:33 开始第 113 次操作

2023-11-27 11:37:33 开始操作号码 【1820015】
2023-11-27 11:37:37 GSD getOne 第 1 次 等待 3 秒
2023-11-27 11:37:40 查询号码 【1820015】，返回信息 {"status":"ok","msg":"四川-成都","gid":"34562","time_insert":"2018-09-10 12:40","time_update":"2020-11-05 20:28"}
2023-11-27 11:37:40 查询号码 【1820015】，GSD为【"四川-成都"】

2023-11-27 11:37:41 开始第 114 次操作

2023-11-27 11:37:41 开始操作号码 【1820016】
2023-11-27 11:37:44 GSD getOne 第 1 次 等待 3 秒
2023-11-27 11:37:47 查询号码 【1820016】，返回信息 {"status":"ok","msg":"四川-成都","gid":"34563","time_insert":"2018-09-21 15:25","time_update":"2020-11-05 20:33"}
2023-11-27 11:37:47 查询号码 【1820016】，GSD为【"四川-成都"】

2023-11-27 11:37:48 开始第 115 次操作

2023-11-27 11:37:48 开始操作号码 【1820017】
2023-11-27 11:37:52 GSD getOne 第 1 次 等待 3 秒
2023-11-27 11:37:55 查询号码 【1820017】，返回信息 {"status":"ok","msg":"四川-成都","gid":"34564","time_insert":"2013-11-15 17:47","time_update":"2020-11-05 20:36"}
2023-11-27 11:37:55 查询号码 【1820017】，GSD为【"四川-成都"】

2023-11-27 11:37:56 开始第 116 次操作

2023-11-27 11:37:56 开始操作号码 【1820018】
2023-11-27 11:37:59 GSD getOne 第 1 次 等待 3 秒
2023-11-27 11:38:02 查询号码 【1820018】，返回信息 {"status":"ok","msg":"四川-成都","gid":"34565","time_insert":"2017-03-22 11:43","time_update":"2020-11-05 20:40"}
2023-11-27 11:38:02 查询号码 【1820018】，GSD为【"四川-成都"】

