2024-04-03 00:20:44 开始第 1589 次操作

2024-04-03 00:20:44 开始操作号码 【1601492】
2024-04-03 00:20:52 GSD getOne 第 1 次 等待 3 秒
2024-04-03 00:20:55 查询号码 【1601492】，返回信息 {"status":"ok","msg":"-","gid":"540453","time_insert":"2023-02-19 14:55"}
2024-04-03 00:20:55 查询号码 【1601492】，GSD为【"-"】
2024-04-03 00:20:55 ok && -
2024-04-03 00:25:55 CHB 1601492?1712074855 第 1 次 等待 3 秒
2024-04-03 00:25:58 CHB 1601492?1712074855 第 1 次 未获取到 等待 224 秒 下次操作: 2024-04-03 00:29:42
2024-04-03 00:29:45 CHB 1601492?1712075382 第 2 次 等待 3 秒
2024-04-03 00:29:48 CHB 1601492?1712075382 第 2 次 获取到号码【1601492】GSD
2024-04-03 00:29:48 未获取到号码【1601492】GSD，可能号码格式错误
2024-04-03 00:29:48 获取到号码【1601492】的GSD为【-】
2024-04-03 00:29:52 GSD insert 第 1 次 等待 3 秒
2024-04-03 00:29:55 {"status":"bad","gid":"540453","msg":"添加失败！号码【1601492(-|-)】已存在！"}
2024-04-03 00:29:55 随机等待 164 秒，约 2 分钟
2024-04-03 00:29:55 下次操作: 2024-04-03 00:32:39

2024-04-03 00:32:39 开始第 1590 次操作

2024-04-03 00:32:39 开始操作号码 【1601493】
2024-04-03 00:32:46 GSD getOne 第 1 次 等待 3 秒
2024-04-03 00:32:49 查询号码 【1601493】，返回信息 {"status":"ok","msg":"-","gid":"540479","time_insert":"2023-02-19 15:09"}
2024-04-03 00:32:49 查询号码 【1601493】，GSD为【"-"】
2024-04-03 00:32:49 ok && -
2024-04-03 00:32:51 CHB 1601493?1712075569 第 1 次 等待 3 秒
2024-04-03 00:32:54 CHB 1601493?1712075569 第 1 次 获取到号码【1601493】GSD
2024-04-03 00:32:54 未获取到号码【1601493】GSD，可能号码格式错误
2024-04-03 00:32:54 获取到号码【1601493】的GSD为【-】
2024-04-03 00:32:59 GSD insert 第 1 次 等待 3 秒
2024-04-03 00:33:02 {"status":"bad","gid":"540479","msg":"添加失败！号码【1601493(-|-)】已存在！"}
2024-04-03 00:33:02 随机等待 182 秒，约 3 分钟
2024-04-03 00:33:02 下次操作: 2024-04-03 00:36:04

2024-04-03 00:36:04 开始第 1591 次操作

2024-04-03 00:36:04 开始操作号码 【1601494】
2024-04-03 00:36:08 GSD getOne 第 1 次 等待 3 秒
2024-04-03 00:36:11 查询号码 【1601494】，返回信息 {"status":"ok","msg":"-","gid":"540507","time_insert":"2023-02-19 15:27"}
2024-04-03 00:36:11 查询号码 【1601494】，GSD为【"-"】
2024-04-03 00:36:11 ok && -
2024-04-03 00:36:13 CHB 1601494?1712075771 第 1 次 等待 3 秒
2024-04-03 00:36:16 CHB 1601494?1712075771 第 1 次 获取到号码【1601494】GSD
2024-04-03 00:36:16 未获取到号码【1601494】GSD，可能号码格式错误
2024-04-03 00:36:16 获取到号码【1601494】的GSD为【-】
2024-04-03 00:36:22 GSD insert 第 1 次 等待 3 秒
2024-04-03 00:36:25 {"status":"bad","gid":"540507","msg":"添加失败！号码【1601494(-|-)】已存在！"}
2024-04-03 00:36:25 随机等待 162 秒，约 2 分钟
2024-04-03 00:36:25 下次操作: 2024-04-03 00:39:07

2024-04-03 00:39:07 开始第 1592 次操作

2024-04-03 00:39:07 开始操作号码 【1601495】
2024-04-03 00:39:12 GSD getOne 第 1 次 等待 3 秒
2024-04-03 00:39:15 查询号码 【1601495】，返回信息 {"status":"ok","msg":"-","gid":"540542","time_insert":"2023-02-19 15:45"}
2024-04-03 00:39:15 查询号码 【1601495】，GSD为【"-"】
2024-04-03 00:39:15 ok && -
2024-04-03 00:39:18 CHB 1601495?1712075955 第 1 次 等待 3 秒
2024-04-03 00:39:21 CHB 1601495?1712075955 第 1 次 获取到号码【1601495】GSD
2024-04-03 00:39:21 未获取到号码【1601495】GSD，可能号码格式错误
2024-04-03 00:39:21 获取到号码【1601495】的GSD为【-】
2024-04-03 00:39:27 GSD insert 第 1 次 等待 3 秒
2024-04-03 00:39:30 {"status":"bad","gid":"540542","msg":"添加失败！号码【1601495(-|-)】已存在！"}

