2024-04-25 00:20:14 开始第 5345 次操作

2024-04-25 00:20:14 开始操作号码 【1605246】
2024-04-25 00:20:24 GSD getOne 第 1 次 等待 3 秒
2024-04-25 00:20:27 查询号码 【1605246】，返回信息 {"status":"ok","msg":"-","gid":"626791","time_insert":"2023-04-01 00:05"}
2024-04-25 00:20:27 查询号码 【1605246】，GSD为【"-"】
2024-04-25 00:20:27 ok && -
2024-04-25 00:20:29 CHB 1605246?1713975627 第 1 次 等待 3 秒
2024-04-25 00:20:32 CHB 1605246?1713975627 第 1 次 获取到号码【1605246】GSD
2024-04-25 00:20:32 未获取到号码【1605246】GSD，可能号码格式错误
2024-04-25 00:20:32 获取到号码【1605246】的GSD为【-】
2024-04-25 00:20:39 GSD insert 第 1 次 等待 3 秒
2024-04-25 00:20:42 {"status":"bad","gid":"626791","msg":"添加失败！号码【1605246(-|-)】已存在！"}
2024-04-25 00:20:42 随机等待 146 秒，约 2 分钟
2024-04-25 00:20:42 下次操作: 2024-04-25 00:23:08

2024-04-25 00:23:08 开始第 5346 次操作

2024-04-25 00:23:08 开始操作号码 【1605247】
2024-04-25 00:23:16 GSD getOne 第 1 次 等待 3 秒
2024-04-25 00:23:19 查询号码 【1605247】，返回信息 {"status":"ok","msg":"-","gid":"626810","time_insert":"2023-04-01 00:20"}
2024-04-25 00:23:19 查询号码 【1605247】，GSD为【"-"】
2024-04-25 00:23:19 ok && -
2024-04-25 00:23:21 CHB 1605247?1713975799 第 1 次 等待 3 秒
2024-04-25 00:23:24 CHB 1605247?1713975799 第 1 次 获取到号码【1605247】GSD
2024-04-25 00:23:24 未获取到号码【1605247】GSD，可能号码格式错误
2024-04-25 00:23:24 获取到号码【1605247】的GSD为【-】
2024-04-25 00:23:29 GSD insert 第 1 次 等待 3 秒
2024-04-25 00:23:32 {"status":"bad","gid":"626810","msg":"添加失败！号码【1605247(-|-)】已存在！"}
2024-04-25 00:23:32 随机等待 164 秒，约 2 分钟
2024-04-25 00:23:32 下次操作: 2024-04-25 00:26:16

2024-04-25 00:26:16 开始第 5347 次操作

2024-04-25 00:26:16 开始操作号码 【1605248】
2024-04-25 00:26:21 GSD getOne 第 1 次 等待 3 秒
2024-04-25 00:26:24 查询号码 【1605248】，返回信息 {"status":"ok","msg":"-","gid":"626818","time_insert":"2023-04-01 00:30"}
2024-04-25 00:26:24 查询号码 【1605248】，GSD为【"-"】
2024-04-25 00:26:24 ok && -
2024-04-25 00:26:27 CHB 1605248?1713975984 第 1 次 等待 3 秒
2024-04-25 00:26:30 CHB 1605248?1713975984 第 1 次 获取到号码【1605248】GSD
2024-04-25 00:26:30 未获取到号码【1605248】GSD，可能号码格式错误
2024-04-25 00:26:30 获取到号码【1605248】的GSD为【-】
2024-04-25 00:26:36 GSD insert 第 1 次 等待 3 秒
2024-04-25 00:26:39 {"status":"bad","gid":"626818","msg":"添加失败！号码【1605248(-|-)】已存在！"}
2024-04-25 00:26:39 随机等待 191 秒，约 3 分钟
2024-04-25 00:26:39 下次操作: 2024-04-25 00:29:50

2024-04-25 00:29:50 开始第 5348 次操作

2024-04-25 00:29:50 开始操作号码 【1605249】
2024-04-25 00:29:57 GSD getOne 第 1 次 等待 3 秒
2024-04-25 00:30:00 查询号码 【1605249】，返回信息 {"status":"ok","msg":"-","gid":"626838","time_insert":"2023-04-01 00:44"}
2024-04-25 00:30:00 查询号码 【1605249】，GSD为【"-"】
2024-04-25 00:30:00 ok && -
2024-04-25 00:30:02 CHB 1605249?1713976200 第 1 次 等待 3 秒
2024-04-25 00:30:05 CHB 1605249?1713976200 第 1 次 获取到号码【1605249】GSD
2024-04-25 00:30:05 未获取到号码【1605249】GSD，可能号码格式错误
2024-04-25 00:30:05 获取到号码【1605249】的GSD为【-】
2024-04-25 00:30:13 GSD insert 第 1 次 等待 3 秒
2024-04-25 00:30:16 {"status":"bad","gid":"626838","msg":"添加失败！号码【1605249(-|-)】已存在！"}

