2024-05-12 00:20:02 开始第 8329 次操作

2024-05-12 00:20:02 开始操作号码 【1608229】
2024-05-12 00:20:08 GSD getOne 第 1 次 等待 3 秒
2024-05-12 00:20:11 查询号码 【1608229】，返回信息 {"status":"ok","msg":"-","gid":"692548","time_insert":"2023-05-04 22:05"}
2024-05-12 00:20:11 查询号码 【1608229】，GSD为【"-"】
2024-05-12 00:20:11 ok && -
2024-05-12 00:20:13 CHB 1608229?1715444411 第 1 次 等待 3 秒
2024-05-12 00:20:16 CHB 1608229?1715444411 第 1 次 获取到号码【1608229】GSD
2024-05-12 00:20:16 未获取到号码【1608229】GSD，可能号码格式错误
2024-05-12 00:20:16 获取到号码【1608229】的GSD为【-】
2024-05-12 00:20:22 GSD insert 第 1 次 等待 3 秒
2024-05-12 00:20:25 {"status":"bad","gid":"692548","msg":"添加失败！号码【1608229(-|-)】已存在！"}
2024-05-12 00:20:25 随机等待 143 秒，约 2 分钟
2024-05-12 00:20:25 下次操作: 2024-05-12 00:22:48

2024-05-12 00:22:48 开始第 8330 次操作

2024-05-12 00:22:48 开始操作号码 【1608230】
2024-05-12 00:22:53 GSD getOne 第 1 次 等待 3 秒
2024-05-12 00:22:56 查询号码 【1608230】，返回信息 {"status":"ok","msg":"-","gid":"692562","time_insert":"2023-05-04 22:19"}
2024-05-12 00:22:56 查询号码 【1608230】，GSD为【"-"】
2024-05-12 00:22:56 ok && -
2024-05-12 00:25:11 CHB 1608230?1715444576 第 1 次 等待 3 秒
2024-05-12 00:25:14 CHB 1608230?1715444576 第 1 次 未获取到 等待 189 秒 下次操作: 2024-05-12 00:28:23
2024-05-12 00:28:25 CHB 1608230?1715444903 第 2 次 等待 3 秒
2024-05-12 00:28:28 CHB 1608230?1715444903 第 2 次 获取到号码【1608230】GSD
2024-05-12 00:28:28 未获取到号码【1608230】GSD，可能号码格式错误
2024-05-12 00:28:28 获取到号码【1608230】的GSD为【-】
2024-05-12 00:28:32 GSD insert 第 1 次 等待 3 秒
2024-05-12 00:28:35 {"status":"bad","gid":"692562","msg":"添加失败！号码【1608230(-|-)】已存在！"}
2024-05-12 00:28:35 随机等待 229 秒，约 3 分钟
2024-05-12 00:28:35 下次操作: 2024-05-12 00:32:24

2024-05-12 00:32:24 开始第 8331 次操作

2024-05-12 00:32:24 开始操作号码 【1608231】
2024-05-12 00:32:30 GSD getOne 第 1 次 等待 3 秒
2024-05-12 00:32:33 查询号码 【1608231】，返回信息 {"status":"ok","msg":"-","gid":"692581","time_insert":"2023-05-04 22:41"}
2024-05-12 00:32:33 查询号码 【1608231】，GSD为【"-"】
2024-05-12 00:32:33 ok && -
2024-05-12 00:34:48 CHB 1608231?1715445153 第 1 次 等待 3 秒
2024-05-12 00:34:51 CHB 1608231?1715445153 第 1 次 未获取到 等待 138 秒 下次操作: 2024-05-12 00:37:09
2024-05-12 00:39:25 CHB 1608231?1715445429 第 2 次 等待 3 秒
2024-05-12 00:39:28 CHB 1608231?1715445429 第 2 次 未获取到 等待 84 秒 下次操作: 2024-05-12 00:40:52
2024-05-12 00:41:04 CHB 1608231?1715445652 第 3 次 等待 3 秒
2024-05-12 00:41:07 CHB 1608231?1715445652 第 3 次 获取到号码【1608231】GSD
2024-05-12 00:41:07 未获取到号码【1608231】GSD，可能号码格式错误
2024-05-12 00:41:07 获取到号码【1608231】的GSD为【-】
2024-05-12 00:41:13 GSD insert 第 1 次 等待 3 秒
2024-05-12 00:41:16 {"status":"bad","gid":"692581","msg":"添加失败！号码【1608231(-|-)】已存在！"}
2024-05-12 00:41:16 随机等待 222 秒，约 3 分钟
2024-05-12 00:41:16 下次操作: 2024-05-12 00:44:58

2024-05-12 00:44:58 开始第 8332 次操作

2024-05-12 00:44:58 开始操作号码 【1608232】
2024-05-12 00:45:03 GSD getOne 第 1 次 等待 3 秒
2024-05-12 00:45:06 查询号码 【1608232】，返回信息 {"status":"ok","msg":"-","gid":"692595","time_insert":"2023-05-04 22:56"}
2024-05-12 00:45:06 查询号码 【1608232】，GSD为【"-"】
2024-05-12 00:45:06 ok && -
2024-05-12 00:47:22 CHB 1608232?1715445906 第 1 次 等待 3 秒
2024-05-12 00:47:25 CHB 1608232?1715445906 第 1 次 未获取到 等待 193 秒 下次操作: 2024-05-12 00:50:38
2024-05-12 00:50:40 CHB 1608232?1715446238 第 2 次 等待 3 秒
2024-05-12 00:50:43 CHB 1608232?1715446238 第 2 次 获取到号码【1608232】GSD
2024-05-12 00:50:43 未获取到号码【1608232】GSD，可能号码格式错误
2024-05-12 00:50:43 获取到号码【1608232】的GSD为【-】
2024-05-12 00:50:50 GSD insert 第 1 次 等待 3 秒
2024-05-12 00:50:53 {"status":"bad","gid":"692595","msg":"添加失败！号码【1608232(-|-)】已存在！"}

2024-05-12 01:15:30 开始第 8333 次操作

2024-05-12 01:15:30 开始操作号码 【1608233】
2024-05-12 01:15:37 GSD getOne 第 1 次 等待 3 秒
2024-05-12 01:15:40 查询号码 【1608233】，返回信息 {"status":"ok","msg":"-","gid":"692611","time_insert":"2023-05-04 23:14"}
2024-05-12 01:15:40 查询号码 【1608233】，GSD为【"-"】
2024-05-12 01:15:40 ok && -
2024-05-12 01:15:43 CHB 1608233?1715447740 第 1 次 等待 3 秒
2024-05-12 01:15:46 CHB 1608233?1715447740 第 1 次 获取到号码【1608233】GSD
2024-05-12 01:15:46 未获取到号码【1608233】GSD，可能号码格式错误
2024-05-12 01:15:46 获取到号码【1608233】的GSD为【-】
2024-05-12 01:15:52 GSD insert 第 1 次 等待 3 秒
2024-05-12 01:15:55 {"status":"bad","gid":"692611","msg":"添加失败！号码【1608233(-|-)】已存在！"}
2024-05-12 01:15:55 随机等待 178 秒，约 2 分钟
2024-05-12 01:15:55 下次操作: 2024-05-12 01:18:53

2024-05-12 01:18:53 开始第 8334 次操作

2024-05-12 01:18:53 开始操作号码 【1608234】
2024-05-12 01:19:28 GSD getOne 第 1 次 等待 3 秒
2024-05-12 01:19:31 查询号码 【1608234】，返回信息 {"status":"ok","msg":"-","gid":"692624","time_insert":"2023-05-04 23:26"}
2024-05-12 01:19:31 查询号码 【1608234】，GSD为【"-"】
2024-05-12 01:19:31 ok && -
2024-05-12 01:19:35 CHB 1608234?1715447971 第 1 次 等待 3 秒
2024-05-12 01:19:38 CHB 1608234?1715447971 第 1 次 获取到号码【1608234】GSD
2024-05-12 01:19:38 未获取到号码【1608234】GSD，可能号码格式错误
2024-05-12 01:19:38 获取到号码【1608234】的GSD为【-】
2024-05-12 01:19:49 GSD insert 第 1 次 等待 3 秒
2024-05-12 01:19:52 {"status":"bad","gid":"692624","msg":"添加失败！号码【1608234(-|-)】已存在！"}
2024-05-12 01:19:52 随机等待 116 秒，约 1 分钟
2024-05-12 01:19:52 下次操作: 2024-05-12 01:21:48

2024-05-12 01:21:48 开始第 8335 次操作

2024-05-12 01:21:48 开始操作号码 【1608235】
2024-05-12 01:21:56 GSD getOne 第 1 次 等待 3 秒
2024-05-12 01:21:59 查询号码 【1608235】，返回信息 {"status":"ok","msg":"-","gid":"692641","time_insert":"2023-05-04 23:48"}
2024-05-12 01:21:59 查询号码 【1608235】，GSD为【"-"】
2024-05-12 01:21:59 ok && -
2024-05-12 01:22:02 CHB 1608235?1715448119 第 1 次 等待 3 秒
2024-05-12 01:22:05 CHB 1608235?1715448119 第 1 次 获取到号码【1608235】GSD
2024-05-12 01:22:05 未获取到号码【1608235】GSD，可能号码格式错误
2024-05-12 01:22:05 获取到号码【1608235】的GSD为【-】
2024-05-12 01:22:11 GSD insert 第 1 次 等待 3 秒
2024-05-12 01:22:14 {"status":"bad","gid":"692641","msg":"添加失败！号码【1608235(-|-)】已存在！"}
2024-05-12 01:22:14 随机等待 146 秒，约 2 分钟
2024-05-12 01:22:14 下次操作: 2024-05-12 01:24:40

2024-05-12 01:24:41 开始第 8336 次操作

2024-05-12 01:24:41 开始操作号码 【1608236】
2024-05-12 01:24:47 GSD getOne 第 1 次 等待 3 秒
2024-05-12 01:24:50 查询号码 【1608236】，返回信息 {"status":"ok","msg":"-","gid":"692652","time_insert":"2023-05-04 23:57"}
2024-05-12 01:24:50 查询号码 【1608236】，GSD为【"-"】
2024-05-12 01:24:50 ok && -
2024-05-12 01:24:53 CHB 1608236?1715448290 第 1 次 等待 3 秒
2024-05-12 01:24:56 CHB 1608236?1715448290 第 1 次 获取到号码【1608236】GSD
2024-05-12 01:24:56 未获取到号码【1608236】GSD，可能号码格式错误
2024-05-12 01:24:56 获取到号码【1608236】的GSD为【-】
2024-05-12 01:25:02 GSD insert 第 1 次 等待 3 秒
2024-05-12 01:25:05 {"status":"bad","gid":"692652","msg":"添加失败！号码【1608236(-|-)】已存在！"}

2024-05-12 01:37:09 开始第 8337 次操作

2024-05-12 01:37:09 开始操作号码 【1608237】
2024-05-12 01:37:16 GSD getOne 第 1 次 等待 3 秒
2024-05-12 01:37:19 查询号码 【1608237】，返回信息 {"status":"ok","msg":"-","gid":"692665","time_insert":"2023-05-05 00:09"}
2024-05-12 01:37:19 查询号码 【1608237】，GSD为【"-"】
2024-05-12 01:37:19 ok && -
2024-05-12 01:37:21 CHB 1608237?1715449039 第 1 次 等待 3 秒
2024-05-12 01:37:24 CHB 1608237?1715449039 第 1 次 获取到号码【1608237】GSD
2024-05-12 01:37:24 未获取到号码【1608237】GSD，可能号码格式错误
2024-05-12 01:37:24 获取到号码【1608237】的GSD为【-】
2024-05-12 01:37:31 GSD insert 第 1 次 等待 3 秒
2024-05-12 01:37:34 {"status":"bad","gid":"692665","msg":"添加失败！号码【1608237(-|-)】已存在！"}
2024-05-12 01:37:34 随机等待 226 秒，约 3 分钟
2024-05-12 01:37:34 下次操作: 2024-05-12 01:41:20

2024-05-12 01:41:20 开始第 8338 次操作

2024-05-12 01:41:20 开始操作号码 【1608238】
2024-05-12 01:41:29 GSD getOne 第 1 次 等待 3 秒
2024-05-12 01:41:32 查询号码 【1608238】，返回信息 {"status":"ok","msg":"-","gid":"692676","time_insert":"2023-05-05 00:22"}
2024-05-12 01:41:32 查询号码 【1608238】，GSD为【"-"】
2024-05-12 01:41:32 ok && -
2024-05-12 01:41:34 CHB 1608238?1715449292 第 1 次 等待 3 秒
2024-05-12 01:41:37 CHB 1608238?1715449292 第 1 次 获取到号码【1608238】GSD
2024-05-12 01:41:37 未获取到号码【1608238】GSD，可能号码格式错误
2024-05-12 01:41:37 获取到号码【1608238】的GSD为【-】
2024-05-12 01:41:48 GSD insert 第 1 次 等待 3 秒
2024-05-12 01:41:51 {"status":"bad","gid":"692676","msg":"添加失败！号码【1608238(-|-)】已存在！"}
2024-05-12 01:41:51 随机等待 98 秒，约 1 分钟
2024-05-12 01:41:51 下次操作: 2024-05-12 01:43:29

2024-05-12 01:43:29 开始第 8339 次操作

2024-05-12 01:43:29 开始操作号码 【1608239】
2024-05-12 01:43:34 GSD getOne 第 1 次 等待 3 秒
2024-05-12 01:43:37 查询号码 【1608239】，返回信息 {"status":"ok","msg":"-","gid":"692695","time_insert":"2023-05-05 00:43"}
2024-05-12 01:43:37 查询号码 【1608239】，GSD为【"-"】
2024-05-12 01:43:37 ok && -
2024-05-12 01:43:39 CHB 1608239?1715449417 第 1 次 等待 3 秒
2024-05-12 01:43:42 CHB 1608239?1715449417 第 1 次 获取到号码【1608239】GSD
2024-05-12 01:43:42 未获取到号码【1608239】GSD，可能号码格式错误
2024-05-12 01:43:42 获取到号码【1608239】的GSD为【-】
2024-05-12 01:43:50 GSD insert 第 1 次 等待 3 秒
2024-05-12 01:43:53 {"status":"bad","gid":"692695","msg":"添加失败！号码【1608239(-|-)】已存在！"}
2024-05-12 01:43:53 随机等待 180 秒，约 3 分钟
2024-05-12 01:43:53 下次操作: 2024-05-12 01:46:53

2024-05-12 01:46:53 开始第 8340 次操作

2024-05-12 01:46:53 开始操作号码 【1608240】
2024-05-12 01:47:02 GSD getOne 第 1 次 等待 3 秒
2024-05-12 01:47:05 查询号码 【1608240】，返回信息 {"status":"ok","msg":"-","gid":"692713","time_insert":"2023-05-05 01:03"}
2024-05-12 01:47:05 查询号码 【1608240】，GSD为【"-"】
2024-05-12 01:47:05 ok && -
2024-05-12 01:47:07 CHB 1608240?1715449625 第 1 次 等待 3 秒
2024-05-12 01:47:10 CHB 1608240?1715449625 第 1 次 获取到号码【1608240】GSD
2024-05-12 01:47:10 未获取到号码【1608240】GSD，可能号码格式错误
2024-05-12 01:47:10 获取到号码【1608240】的GSD为【-】
2024-05-12 01:47:17 GSD insert 第 1 次 等待 3 秒
2024-05-12 01:47:20 {"status":"bad","gid":"692713","msg":"添加失败！号码【1608240(-|-)】已存在！"}

