2024-02-09 00:19:57 开始第 2673 次操作

2024-02-09 00:19:57 开始操作号码 【1712575】
2024-02-09 00:20:03 GSD getOne 第 1 次 等待 3 秒
2024-02-09 00:20:06 查询号码 【1712575】，返回信息 {"status":"ok","msg":"内蒙古-包头","gid":"160303","time_insert":"2021-06-30 11:53"}
2024-02-09 00:20:06 查询号码 【1712575】，GSD为【"内蒙古-包头"】

2024-02-09 00:20:07 开始第 2674 次操作

2024-02-09 00:20:07 开始操作号码 【1712576】
2024-02-09 00:20:13 GSD getOne 第 1 次 等待 3 秒
2024-02-09 00:20:16 查询号码 【1712576】，返回信息 {"status":"ok","msg":"内蒙古-包头","gid":"160308","time_insert":"2021-06-30 11:54"}
2024-02-09 00:20:16 查询号码 【1712576】，GSD为【"内蒙古-包头"】

2024-02-09 00:20:17 开始第 2675 次操作

2024-02-09 00:20:17 开始操作号码 【1712577】
2024-02-09 00:20:21 GSD getOne 第 1 次 等待 3 秒
2024-02-09 00:20:24 查询号码 【1712577】，返回信息 {"status":"ok","msg":"内蒙古-包头","gid":"160315","time_insert":"2021-06-30 11:54"}
2024-02-09 00:20:24 查询号码 【1712577】，GSD为【"内蒙古-包头"】

2024-02-09 00:20:25 开始第 2676 次操作

2024-02-09 00:20:25 开始操作号码 【1712578】
2024-02-09 00:20:30 GSD getOne 第 1 次 等待 3 秒
2024-02-09 00:20:33 查询号码 【1712578】，返回信息 {"status":"ok","msg":"内蒙古-包头","gid":"160321","time_insert":"2021-06-30 11:54"}
2024-02-09 00:20:33 查询号码 【1712578】，GSD为【"内蒙古-包头"】

2024-02-09 00:38:04 开始第 2677 次操作

2024-02-09 00:38:04 开始操作号码 【1712579】
2024-02-09 00:38:09 GSD getOne 第 1 次 等待 3 秒
2024-02-09 00:38:12 查询号码 【1712579】，返回信息 {"status":"ok","msg":"内蒙古-包头","gid":"160328","time_insert":"2021-06-30 11:55"}
2024-02-09 00:38:12 查询号码 【1712579】，GSD为【"内蒙古-包头"】

2024-02-09 00:38:13 开始第 2678 次操作

2024-02-09 00:38:13 开始操作号码 【1712580】
2024-02-09 00:38:20 GSD getOne 第 1 次 等待 3 秒
2024-02-09 00:38:23 查询号码 【1712580】，返回信息 {"status":"ok","msg":"内蒙古-包头","gid":"160333","time_insert":"2021-06-30 11:55"}
2024-02-09 00:38:23 查询号码 【1712580】，GSD为【"内蒙古-包头"】

2024-02-09 00:38:24 开始第 2679 次操作

2024-02-09 00:38:24 开始操作号码 【1712581】
2024-02-09 00:38:30 GSD getOne 第 1 次 等待 3 秒
2024-02-09 00:38:33 查询号码 【1712581】，返回信息 {"status":"ok","msg":"内蒙古-包头","gid":"160338","time_insert":"2021-06-30 11:56"}
2024-02-09 00:38:33 查询号码 【1712581】，GSD为【"内蒙古-包头"】

2024-02-09 00:38:34 开始第 2680 次操作

2024-02-09 00:38:34 开始操作号码 【1712582】
2024-02-09 00:38:40 GSD getOne 第 1 次 等待 3 秒
2024-02-09 00:38:43 查询号码 【1712582】，返回信息 {"status":"ok","msg":"内蒙古-包头","gid":"160344","time_insert":"2021-06-30 11:56"}
2024-02-09 00:38:43 查询号码 【1712582】，GSD为【"内蒙古-包头"】

