2024-01-01 00:19:59 开始第 6241 次操作

2024-01-01 00:19:59 开始操作号码 【1826143】
2024-01-01 00:20:04 GSD getOne 第 1 次 等待 3 秒
2024-01-01 00:20:07 查询号码 【1826143】，返回信息 {"status":"ok","msg":"江苏-苏州","gid":"35792","time_insert":"2016-03-11 09:24","time_update":"2020-08-26 10:01"}
2024-01-01 00:20:07 查询号码 【1826143】，GSD为【"江苏-苏州"】

2024-01-01 00:20:08 开始第 6242 次操作

2024-01-01 00:20:08 开始操作号码 【1826144】
2024-01-01 00:20:41 GSD getOne 第 1 次 等待 3 秒
2024-01-01 00:20:44 查询号码 【1826144】，返回信息 {"status":"ok","msg":"江苏-苏州","gid":"423264","time_insert":"2021-07-28 10:48"}
2024-01-01 00:20:44 查询号码 【1826144】，GSD为【"江苏-苏州"】

2024-01-01 00:20:45 开始第 6243 次操作

2024-01-01 00:20:45 开始操作号码 【1826145】
2024-01-01 00:21:12 GSD getOne 第 1 次 等待 3 秒
2024-01-01 00:21:15 查询号码 【1826145】，返回信息 {"status":"ok","msg":"江苏-苏州","gid":"423261","time_insert":"2021-07-28 10:47"}
2024-01-01 00:21:15 查询号码 【1826145】，GSD为【"江苏-苏州"】

2024-01-01 00:21:16 开始第 6244 次操作

2024-01-01 00:21:16 开始操作号码 【1826146】
2024-01-01 00:21:25 GSD getOne 第 1 次 等待 3 秒
2024-01-01 00:21:28 查询号码 【1826146】，返回信息 {"status":"ok","msg":"江苏-苏州","gid":"423257","time_insert":"2021-07-28 10:46"}
2024-01-01 00:21:28 查询号码 【1826146】，GSD为【"江苏-苏州"】

2024-01-01 00:38:46 开始第 6245 次操作

2024-01-01 00:38:46 开始操作号码 【1826147】
2024-01-01 00:38:49 GSD getOne 第 1 次 等待 3 秒
2024-01-01 00:38:52 查询号码 【1826147】，返回信息 {"status":"ok","msg":"江苏-无锡","gid":"423254","time_insert":"2021-07-28 10:46"}
2024-01-01 00:38:52 查询号码 【1826147】，GSD为【"江苏-无锡"】

2024-01-01 00:38:53 开始第 6246 次操作

2024-01-01 00:38:53 开始操作号码 【1826148】
2024-01-01 00:39:01 GSD getOne 第 1 次 等待 3 秒
2024-01-01 00:39:04 查询号码 【1826148】，返回信息 {"status":"ok","msg":"江苏-徐州","gid":"423251","time_insert":"2021-07-28 10:45"}
2024-01-01 00:39:04 查询号码 【1826148】，GSD为【"江苏-徐州"】

2024-01-01 00:39:05 开始第 6247 次操作

2024-01-01 00:39:05 开始操作号码 【1826149】
2024-01-01 00:39:09 GSD getOne 第 1 次 等待 3 秒
2024-01-01 00:39:12 查询号码 【1826149】，返回信息 {"status":"ok","msg":"江苏-徐州","gid":"423249","time_insert":"2021-07-28 10:45"}
2024-01-01 00:39:12 查询号码 【1826149】，GSD为【"江苏-徐州"】

2024-01-01 00:39:13 开始第 6248 次操作

2024-01-01 00:39:13 开始操作号码 【1826150】
2024-01-01 00:39:15 GSD getOne 第 1 次 等待 3 秒
2024-01-01 00:39:18 查询号码 【1826150】，返回信息 {"status":"ok","msg":"江苏-无锡","gid":"423246","time_insert":"2021-07-28 10:44"}
2024-01-01 00:39:18 查询号码 【1826150】，GSD为【"江苏-无锡"】

