2024-04-01 00:19:28 开始第 1237 次操作

2024-04-01 00:19:28 开始操作号码 【1601140】
2024-04-01 00:19:41 GSD getOne 第 1 次 等待 3 秒
2024-04-01 00:19:44 查询号码 【1601140】，返回信息 {"status":"ok","msg":"-","gid":"533586","time_insert":"2023-02-16 06:07"}
2024-04-01 00:19:44 查询号码 【1601140】，GSD为【"-"】
2024-04-01 00:19:44 ok && -
2024-04-01 00:19:46 CHB 1601140?1711901984 第 1 次 等待 3 秒
2024-04-01 00:19:49 CHB 1601140?1711901984 第 1 次 获取到号码【1601140】GSD
2024-04-01 00:19:49 未获取到号码【1601140】GSD，可能号码格式错误
2024-04-01 00:19:49 获取到号码【1601140】的GSD为【-】
2024-04-01 00:19:55 GSD insert 第 1 次 等待 3 秒
2024-04-01 00:19:58 {"status":"bad","gid":"533586","msg":"添加失败！号码【1601140(-|-)】已存在！"}
2024-04-01 00:19:58 随机等待 211 秒，约 3 分钟
2024-04-01 00:19:58 下次操作: 2024-04-01 00:23:29

2024-04-01 00:23:29 开始第 1238 次操作

2024-04-01 00:23:29 开始操作号码 【1601141】
2024-04-01 00:23:38 GSD getOne 第 1 次 等待 3 秒
2024-04-01 00:23:41 查询号码 【1601141】，返回信息 {"status":"ok","msg":"-","gid":"533604","time_insert":"2023-02-16 06:20"}
2024-04-01 00:23:41 查询号码 【1601141】，GSD为【"-"】
2024-04-01 00:23:41 ok && -
2024-04-01 00:23:43 CHB 1601141?1711902221 第 1 次 等待 3 秒
2024-04-01 00:23:46 CHB 1601141?1711902221 第 1 次 获取到号码【1601141】GSD
2024-04-01 00:23:47 未获取到号码【1601141】GSD，可能号码格式错误
2024-04-01 00:23:47 获取到号码【1601141】的GSD为【-】
2024-04-01 00:23:51 GSD insert 第 1 次 等待 3 秒
2024-04-01 00:23:54 {"status":"bad","gid":"533604","msg":"添加失败！号码【1601141(-|-)】已存在！"}
2024-04-01 00:23:54 随机等待 146 秒，约 2 分钟
2024-04-01 00:23:54 下次操作: 2024-04-01 00:26:20

2024-04-01 00:26:20 开始第 1239 次操作

2024-04-01 00:26:20 开始操作号码 【1601142】
2024-04-01 00:26:45 GSD getOne 第 1 次 等待 3 秒
2024-04-01 00:26:48 查询号码 【1601142】，返回信息 {"status":"ok","msg":"-","gid":"533619","time_insert":"2023-02-16 06:38"}
2024-04-01 00:26:48 查询号码 【1601142】，GSD为【"-"】
2024-04-01 00:26:48 ok && -
2024-04-01 00:26:51 CHB 1601142?1711902408 第 1 次 等待 3 秒
2024-04-01 00:26:54 CHB 1601142?1711902408 第 1 次 获取到号码【1601142】GSD
2024-04-01 00:26:54 未获取到号码【1601142】GSD，可能号码格式错误
2024-04-01 00:26:54 获取到号码【1601142】的GSD为【-】
2024-04-01 00:27:18 GSD insert 第 1 次 等待 3 秒
2024-04-01 00:27:21 {"status":"bad","gid":"533619","msg":"添加失败！号码【1601142(-|-)】已存在！"}
2024-04-01 00:27:21 随机等待 190 秒，约 3 分钟
2024-04-01 00:27:21 下次操作: 2024-04-01 00:30:31

2024-04-01 00:30:31 开始第 1240 次操作

2024-04-01 00:30:31 开始操作号码 【1601143】
2024-04-01 00:30:36 GSD getOne 第 1 次 等待 3 秒
2024-04-01 00:30:39 查询号码 【1601143】，返回信息 {"status":"ok","msg":"-","gid":"533629","time_insert":"2023-02-16 06:47"}
2024-04-01 00:30:39 查询号码 【1601143】，GSD为【"-"】
2024-04-01 00:30:39 ok && -
2024-04-01 00:30:42 CHB 1601143?1711902639 第 1 次 等待 3 秒
2024-04-01 00:30:45 CHB 1601143?1711902639 第 1 次 获取到号码【1601143】GSD
2024-04-01 00:30:45 未获取到号码【1601143】GSD，可能号码格式错误
2024-04-01 00:30:45 获取到号码【1601143】的GSD为【-】
2024-04-01 00:30:50 GSD insert 第 1 次 等待 3 秒
2024-04-01 00:30:53 {"status":"bad","gid":"533629","msg":"添加失败！号码【1601143(-|-)】已存在！"}

2024-04-01 00:39:00 开始第 1241 次操作

2024-04-01 00:39:00 开始操作号码 【1601144】
2024-04-01 00:39:06 GSD getOne 第 1 次 等待 3 秒
2024-04-01 00:39:09 查询号码 【1601144】，返回信息 {"status":"ok","msg":"-","gid":"533644","time_insert":"2023-02-16 07:00"}
2024-04-01 00:39:09 查询号码 【1601144】，GSD为【"-"】
2024-04-01 00:39:09 ok && -
2024-04-01 00:39:12 CHB 1601144?1711903149 第 1 次 等待 3 秒
2024-04-01 00:39:15 CHB 1601144?1711903149 第 1 次 获取到号码【1601144】GSD
2024-04-01 00:39:15 未获取到号码【1601144】GSD，可能号码格式错误
2024-04-01 00:39:15 获取到号码【1601144】的GSD为【-】
2024-04-01 00:39:24 GSD insert 第 1 次 等待 3 秒
2024-04-01 00:39:27 {"status":"bad","gid":"533644","msg":"添加失败！号码【1601144(-|-)】已存在！"}
2024-04-01 00:39:27 随机等待 83 秒，约 1 分钟
2024-04-01 00:39:27 下次操作: 2024-04-01 00:40:50

2024-04-01 00:40:50 开始第 1242 次操作

2024-04-01 00:40:50 开始操作号码 【1601145】
2024-04-01 00:40:55 GSD getOne 第 1 次 等待 3 秒
2024-04-01 00:40:58 查询号码 【1601145】，返回信息 {"status":"ok","msg":"-","gid":"533652","time_insert":"2023-02-16 07:08"}
2024-04-01 00:40:58 查询号码 【1601145】，GSD为【"-"】
2024-04-01 00:40:58 ok && -
2024-04-01 00:41:00 CHB 1601145?1711903258 第 1 次 等待 3 秒
2024-04-01 00:41:03 CHB 1601145?1711903258 第 1 次 获取到号码【1601145】GSD
2024-04-01 00:41:03 未获取到号码【1601145】GSD，可能号码格式错误
2024-04-01 00:41:03 获取到号码【1601145】的GSD为【-】
2024-04-01 00:41:08 GSD insert 第 1 次 等待 3 秒
2024-04-01 00:41:11 {"status":"bad","gid":"533652","msg":"添加失败！号码【1601145(-|-)】已存在！"}
2024-04-01 00:41:11 随机等待 116 秒，约 1 分钟
2024-04-01 00:41:11 下次操作: 2024-04-01 00:43:07

2024-04-01 00:43:07 开始第 1243 次操作

2024-04-01 00:43:07 开始操作号码 【1601146】
2024-04-01 00:43:11 GSD getOne 第 1 次 等待 3 秒
2024-04-01 00:43:14 查询号码 【1601146】，返回信息 {"status":"ok","msg":"-","gid":"533664","time_insert":"2023-02-16 07:19"}
2024-04-01 00:43:14 查询号码 【1601146】，GSD为【"-"】
2024-04-01 00:43:14 ok && -
2024-04-01 00:43:16 CHB 1601146?1711903394 第 1 次 等待 3 秒
2024-04-01 00:43:19 CHB 1601146?1711903394 第 1 次 获取到号码【1601146】GSD
2024-04-01 00:43:19 未获取到号码【1601146】GSD，可能号码格式错误
2024-04-01 00:43:19 获取到号码【1601146】的GSD为【-】
2024-04-01 00:43:24 GSD insert 第 1 次 等待 3 秒
2024-04-01 00:43:27 {"status":"bad","gid":"533664","msg":"添加失败！号码【1601146(-|-)】已存在！"}
2024-04-01 00:43:27 随机等待 96 秒，约 1 分钟
2024-04-01 00:43:27 下次操作: 2024-04-01 00:45:03

2024-04-01 00:45:03 开始第 1244 次操作

2024-04-01 00:45:03 开始操作号码 【1601147】
2024-04-01 00:45:08 GSD getOne 第 1 次 等待 3 秒
2024-04-01 00:45:11 查询号码 【1601147】，返回信息 {"status":"ok","msg":"-","gid":"533680","time_insert":"2023-02-16 07:32"}
2024-04-01 00:45:11 查询号码 【1601147】，GSD为【"-"】
2024-04-01 00:45:11 ok && -
2024-04-01 00:45:13 CHB 1601147?1711903511 第 1 次 等待 3 秒
2024-04-01 00:45:16 CHB 1601147?1711903511 第 1 次 获取到号码【1601147】GSD
2024-04-01 00:45:16 未获取到号码【1601147】GSD，可能号码格式错误
2024-04-01 00:45:16 获取到号码【1601147】的GSD为【-】
2024-04-01 00:45:22 GSD insert 第 1 次 等待 3 秒
2024-04-01 00:45:25 {"status":"bad","gid":"533680","msg":"添加失败！号码【1601147(-|-)】已存在！"}

