2024-01-18 00:22:29 开始第 9249 次操作

2024-01-18 00:22:29 开始操作号码 【1829151】
2024-01-18 00:22:33 GSD getOne 第 1 次 等待 3 秒
2024-01-18 00:22:36 查询号码 【1829151】，返回信息 {"status":"ok","msg":"陕西-安康","gid":"36784","time_insert":"2016-02-25 01:23","time_update":"2020-12-09 00:51"}
2024-01-18 00:22:36 查询号码 【1829151】，GSD为【"陕西-安康"】

2024-01-18 00:22:37 开始第 9250 次操作

2024-01-18 00:22:37 开始操作号码 【1829152】
2024-01-18 00:22:41 GSD getOne 第 1 次 等待 3 秒
2024-01-18 00:22:44 查询号码 【1829152】，返回信息 {"status":"ok","msg":"陕西-安康","gid":"36785","time_insert":"2019-07-13 17:49","time_update":"2020-12-09 00:56"}
2024-01-18 00:22:44 查询号码 【1829152】，GSD为【"陕西-安康"】

2024-01-18 00:22:45 开始第 9251 次操作

2024-01-18 00:22:45 开始操作号码 【1829153】
2024-01-18 00:22:49 GSD getOne 第 1 次 等待 3 秒
2024-01-18 00:22:52 查询号码 【1829153】，返回信息 {"status":"ok","msg":"陕西-安康","gid":"395951","time_insert":"2021-07-26 01:46"}
2024-01-18 00:22:52 查询号码 【1829153】，GSD为【"陕西-安康"】

2024-01-18 00:22:53 开始第 9252 次操作

2024-01-18 00:22:53 开始操作号码 【1829154】
2024-01-18 00:22:57 GSD getOne 第 1 次 等待 3 秒
2024-01-18 00:23:00 查询号码 【1829154】，返回信息 {"status":"ok","msg":"陕西-安康","gid":"395942","time_insert":"2021-07-26 01:45"}
2024-01-18 00:23:00 查询号码 【1829154】，GSD为【"陕西-安康"】

2024-01-18 00:42:11 开始第 9253 次操作

2024-01-18 00:42:12 开始操作号码 【1829155】
2024-01-18 00:42:17 GSD getOne 第 1 次 等待 3 秒
2024-01-18 00:42:20 查询号码 【1829155】，返回信息 {"status":"ok","msg":"陕西-安康","gid":"395931","time_insert":"2021-07-26 01:45"}
2024-01-18 00:42:20 查询号码 【1829155】，GSD为【"陕西-安康"】

2024-01-18 00:42:21 开始第 9254 次操作

2024-01-18 00:42:21 开始操作号码 【1829156】
2024-01-18 00:42:25 GSD getOne 第 1 次 等待 3 秒
2024-01-18 00:42:28 查询号码 【1829156】，返回信息 {"status":"ok","msg":"陕西-安康","gid":"36786","time_insert":"2014-02-25 15:06","time_update":"2020-12-08 21:17"}
2024-01-18 00:42:28 查询号码 【1829156】，GSD为【"陕西-安康"】

2024-01-18 00:42:29 开始第 9255 次操作

2024-01-18 00:42:29 开始操作号码 【1829157】
2024-01-18 00:42:34 GSD getOne 第 1 次 等待 3 秒
2024-01-18 00:42:37 查询号码 【1829157】，返回信息 {"status":"ok","msg":"陕西-安康","gid":"395916","time_insert":"2021-07-26 01:44"}
2024-01-18 00:42:37 查询号码 【1829157】，GSD为【"陕西-安康"】

2024-01-18 00:42:38 开始第 9256 次操作

2024-01-18 00:42:38 开始操作号码 【1829158】
2024-01-18 00:42:43 GSD getOne 第 1 次 等待 3 秒
2024-01-18 00:42:46 查询号码 【1829158】，返回信息 {"status":"ok","msg":"陕西-安康","gid":"51737","time_insert":"2021-04-22 10:12"}
2024-01-18 00:42:46 查询号码 【1829158】，GSD为【"陕西-安康"】

2024-01-18 01:15:28 开始第 9257 次操作

2024-01-18 01:15:28 开始操作号码 【1829159】
2024-01-18 01:15:34 GSD getOne 第 1 次 等待 3 秒
2024-01-18 01:15:37 查询号码 【1829159】，返回信息 {"status":"ok","msg":"陕西-铜川","gid":"395905","time_insert":"2021-07-26 01:43"}
2024-01-18 01:15:37 查询号码 【1829159】，GSD为【"陕西-铜川"】

2024-01-18 01:15:38 开始第 9258 次操作

2024-01-18 01:15:38 开始操作号码 【1829160】
2024-01-18 01:15:42 GSD getOne 第 1 次 等待 3 秒
2024-01-18 01:15:45 查询号码 【1829160】，返回信息 {"status":"ok","msg":"陕西-汉中","gid":"395895","time_insert":"2021-07-26 01:43"}
2024-01-18 01:15:45 查询号码 【1829160】，GSD为【"陕西-汉中"】

2024-01-18 01:15:46 开始第 9259 次操作

2024-01-18 01:15:46 开始操作号码 【1829161】
2024-01-18 01:15:50 GSD getOne 第 1 次 等待 3 秒
2024-01-18 01:15:53 查询号码 【1829161】，返回信息 {"status":"ok","msg":"陕西-汉中","gid":"36787","time_insert":"2019-09-29 00:44","time_update":"2020-12-08 21:12"}
2024-01-18 01:15:53 查询号码 【1829161】，GSD为【"陕西-汉中"】

2024-01-18 01:15:54 开始第 9260 次操作

2024-01-18 01:15:54 开始操作号码 【1829162】
2024-01-18 01:15:58 GSD getOne 第 1 次 等待 3 秒
2024-01-18 01:16:01 查询号码 【1829162】，返回信息 {"status":"ok","msg":"陕西-汉中","gid":"36788","time_insert":"2020-07-01 19:43","time_update":"2020-12-08 20:21"}
2024-01-18 01:16:01 查询号码 【1829162】，GSD为【"陕西-汉中"】

2024-01-18 01:37:15 开始第 9261 次操作

2024-01-18 01:37:15 开始操作号码 【1829163】
2024-01-18 01:37:20 GSD getOne 第 1 次 等待 3 秒
2024-01-18 01:37:23 查询号码 【1829163】，返回信息 {"status":"ok","msg":"陕西-汉中","gid":"395883","time_insert":"2021-07-26 01:42"}
2024-01-18 01:37:23 查询号码 【1829163】，GSD为【"陕西-汉中"】

2024-01-18 01:37:24 开始第 9262 次操作

2024-01-18 01:37:24 开始操作号码 【1829164】
2024-01-18 01:37:28 GSD getOne 第 1 次 等待 3 秒
2024-01-18 01:37:31 查询号码 【1829164】，返回信息 {"status":"ok","msg":"陕西-汉中","gid":"395877","time_insert":"2021-07-26 01:41"}
2024-01-18 01:37:31 查询号码 【1829164】，GSD为【"陕西-汉中"】

2024-01-18 01:37:32 开始第 9263 次操作

2024-01-18 01:37:32 开始操作号码 【1829165】
2024-01-18 01:37:36 GSD getOne 第 1 次 等待 3 秒
2024-01-18 01:37:39 查询号码 【1829165】，返回信息 {"status":"ok","msg":"陕西-汉中","gid":"50907","time_insert":"2021-04-21 17:43"}
2024-01-18 01:37:39 查询号码 【1829165】，GSD为【"陕西-汉中"】

2024-01-18 01:37:40 开始第 9264 次操作

2024-01-18 01:37:40 开始操作号码 【1829166】
2024-01-18 01:37:44 GSD getOne 第 1 次 等待 3 秒
2024-01-18 01:37:47 查询号码 【1829166】，返回信息 {"status":"ok","msg":"陕西-汉中","gid":"395872","time_insert":"2021-07-26 01:41"}
2024-01-18 01:37:47 查询号码 【1829166】，GSD为【"陕西-汉中"】

2024-01-18 02:21:32 开始第 9265 次操作

2024-01-18 02:21:32 开始操作号码 【1829167】
2024-01-18 02:21:36 GSD getOne 第 1 次 等待 3 秒
2024-01-18 02:21:39 查询号码 【1829167】，返回信息 {"status":"ok","msg":"陕西-汉中","gid":"36789","time_insert":"2019-09-21 14:01","time_update":"2020-12-09 01:49"}
2024-01-18 02:21:39 查询号码 【1829167】，GSD为【"陕西-汉中"】

2024-01-18 02:21:40 开始第 9266 次操作

2024-01-18 02:21:40 开始操作号码 【1829168】
2024-01-18 02:21:43 GSD getOne 第 1 次 等待 3 秒
2024-01-18 02:21:46 查询号码 【1829168】，返回信息 {"status":"ok","msg":"陕西-汉中","gid":"51270","time_insert":"2021-04-22 09:32"}
2024-01-18 02:21:47 查询号码 【1829168】，GSD为【"陕西-汉中"】

2024-01-18 02:21:48 开始第 9267 次操作

2024-01-18 02:21:48 开始操作号码 【1829169】
2024-01-18 02:21:51 GSD getOne 第 1 次 等待 3 秒
2024-01-18 02:21:54 查询号码 【1829169】，返回信息 {"status":"ok","msg":"陕西-汉中","gid":"36790","time_insert":"2016-12-28 09:01","time_update":"2020-12-09 01:54"}
2024-01-18 02:21:54 查询号码 【1829169】，GSD为【"陕西-汉中"】

2024-01-18 02:21:55 开始第 9268 次操作

2024-01-18 02:21:55 开始操作号码 【1829170】
2024-01-18 02:22:00 GSD getOne 第 1 次 等待 3 秒
2024-01-18 02:22:03 查询号码 【1829170】，返回信息 {"status":"ok","msg":"陕西-宝鸡","gid":"395867","time_insert":"2021-07-26 01:40"}
2024-01-18 02:22:03 查询号码 【1829170】，GSD为【"陕西-宝鸡"】

2024-01-18 02:38:42 开始第 9269 次操作

2024-01-18 02:38:42 开始操作号码 【1829171】
2024-01-18 02:38:46 GSD getOne 第 1 次 等待 3 秒
2024-01-18 02:38:49 查询号码 【1829171】，返回信息 {"status":"ok","msg":"陕西-宝鸡","gid":"395861","time_insert":"2021-07-26 01:39"}
2024-01-18 02:38:49 查询号码 【1829171】，GSD为【"陕西-宝鸡"】

2024-01-18 02:38:50 开始第 9270 次操作

2024-01-18 02:38:50 开始操作号码 【1829172】
2024-01-18 02:38:54 GSD getOne 第 1 次 等待 3 秒
2024-01-18 02:38:57 查询号码 【1829172】，返回信息 {"status":"ok","msg":"陕西-宝鸡","gid":"395856","time_insert":"2021-07-26 01:39"}
2024-01-18 02:38:57 查询号码 【1829172】，GSD为【"陕西-宝鸡"】

2024-01-18 02:38:58 开始第 9271 次操作

2024-01-18 02:38:58 开始操作号码 【1829173】
2024-01-18 02:39:01 GSD getOne 第 1 次 等待 3 秒
2024-01-18 02:39:04 查询号码 【1829173】，返回信息 {"status":"ok","msg":"陕西-宝鸡","gid":"395854","time_insert":"2021-07-26 01:38"}
2024-01-18 02:39:04 查询号码 【1829173】，GSD为【"陕西-宝鸡"】

2024-01-18 02:39:05 开始第 9272 次操作

2024-01-18 02:39:05 开始操作号码 【1829174】
2024-01-18 02:39:09 GSD getOne 第 1 次 等待 3 秒
2024-01-18 02:39:12 查询号码 【1829174】，返回信息 {"status":"ok","msg":"陕西-宝鸡","gid":"395433","time_insert":"2021-07-26 00:39"}
2024-01-18 02:39:12 查询号码 【1829174】，GSD为【"陕西-宝鸡"】

2024-01-18 03:13:45 开始第 9273 次操作

2024-01-18 03:13:45 开始操作号码 【1829175】
2024-01-18 03:13:50 GSD getOne 第 1 次 等待 3 秒
2024-01-18 03:13:53 查询号码 【1829175】，返回信息 {"status":"ok","msg":"陕西-宝鸡","gid":"395431","time_insert":"2021-07-26 00:38"}
2024-01-18 03:13:53 查询号码 【1829175】，GSD为【"陕西-宝鸡"】

2024-01-18 03:13:54 开始第 9274 次操作

2024-01-18 03:13:54 开始操作号码 【1829176】
2024-01-18 03:13:57 GSD getOne 第 1 次 等待 3 秒
2024-01-18 03:14:00 查询号码 【1829176】，返回信息 {"status":"ok","msg":"陕西-宝鸡","gid":"395427","time_insert":"2021-07-26 00:37","time_update":"2021-08-03 14:40"}
2024-01-18 03:14:00 查询号码 【1829176】，GSD为【"陕西-宝鸡"】

2024-01-18 03:14:01 开始第 9275 次操作

2024-01-18 03:14:01 开始操作号码 【1829177】
2024-01-18 03:14:06 GSD getOne 第 1 次 等待 3 秒
2024-01-18 03:14:09 查询号码 【1829177】，返回信息 {"status":"ok","msg":"陕西-宝鸡","gid":"395414","time_insert":"2021-07-26 00:32"}
2024-01-18 03:14:09 查询号码 【1829177】，GSD为【"陕西-宝鸡"】

2024-01-18 03:14:10 开始第 9276 次操作

2024-01-18 03:14:10 开始操作号码 【1829178】
2024-01-18 03:14:14 GSD getOne 第 1 次 等待 3 秒
2024-01-18 03:14:17 查询号码 【1829178】，返回信息 {"status":"ok","msg":"陕西-宝鸡","gid":"395410","time_insert":"2021-07-26 00:31"}
2024-01-18 03:14:17 查询号码 【1829178】，GSD为【"陕西-宝鸡"】

2024-01-18 03:37:28 开始第 9277 次操作

2024-01-18 03:37:28 开始操作号码 【1829179】
2024-01-18 03:37:32 GSD getOne 第 1 次 等待 3 秒
2024-01-18 03:37:35 查询号码 【1829179】，返回信息 {"status":"ok","msg":"陕西-宝鸡","gid":"395406","time_insert":"2021-07-26 00:31"}
2024-01-18 03:37:35 查询号码 【1829179】，GSD为【"陕西-宝鸡"】

2024-01-18 03:37:36 开始第 9278 次操作

2024-01-18 03:37:36 开始操作号码 【1829180】
2024-01-18 03:37:41 GSD getOne 第 1 次 等待 3 秒
2024-01-18 03:37:44 查询号码 【1829180】，返回信息 {"status":"ok","msg":"陕西-西安","gid":"395402","time_insert":"2021-07-26 00:30"}
2024-01-18 03:37:44 查询号码 【1829180】，GSD为【"陕西-西安"】

2024-01-18 03:37:45 开始第 9279 次操作

2024-01-18 03:37:45 开始操作号码 【1829181】
2024-01-18 03:37:49 GSD getOne 第 1 次 等待 3 秒
2024-01-18 03:37:52 查询号码 【1829181】，返回信息 {"status":"ok","msg":"陕西-西安","gid":"395398","time_insert":"2021-07-26 00:29"}
2024-01-18 03:37:53 查询号码 【1829181】，GSD为【"陕西-西安"】

2024-01-18 03:37:54 开始第 9280 次操作

2024-01-18 03:37:54 开始操作号码 【1829182】
2024-01-18 03:37:57 GSD getOne 第 1 次 等待 3 秒
2024-01-18 03:38:00 查询号码 【1829182】，返回信息 {"status":"ok","msg":"陕西-西安","gid":"36791","time_insert":"2018-10-07 12:51","time_update":"2020-12-08 22:13"}
2024-01-18 03:38:00 查询号码 【1829182】，GSD为【"陕西-西安"】

