2021-08-03 00:00:21 开始第 10 次操作

2021-08-03 00:00:21 开始操作号码 【1862834】
2021-08-03 00:00:44 GSD getOne 第 1 次 等待 3 秒
2021-08-03 00:00:47 查询号码 【1862834】，返回信息 {"status":"ok","msg":"四川-成都","gid":"40707","time_insert":"2016-08-05 22:07","time_update":"2020-11-11 09:16"}
2021-08-03 00:00:47 查询号码 【1862834】，GSD为【"四川-成都"】

2021-08-03 00:00:47 开始第 10 次操作

2021-08-03 00:00:47 开始操作号码 【1862833】
2021-08-03 00:01:07 GSD getOne 第 1 次 等待 3 秒
2021-08-03 00:01:10 查询号码 【1862833】，返回信息 {"status":"ok","msg":"四川-成都","gid":"40706","time_insert":"2017-03-28 14:26","time_update":"2020-11-11 09:13"}
2021-08-03 00:01:10 查询号码 【1862833】，GSD为【"四川-成都"】

2021-08-03 00:01:10 开始第 10 次操作

2021-08-03 00:01:10 开始操作号码 【1862832】
2021-08-03 00:01:49 GSD getOne 第 1 次 等待 3 秒
2021-08-03 00:01:52 查询号码 【1862832】，返回信息 {"status":"ok","msg":"四川-成都","gid":"40705","time_insert":"2014-11-19 18:10","time_update":"2020-11-11 09:09"}
2021-08-03 00:01:52 查询号码 【1862832】，GSD为【"四川-成都"】

2021-08-03 00:01:52 开始第 10 次操作

2021-08-03 00:01:52 开始操作号码 【1862831】
2021-08-03 00:03:08 GSD getOne 第 1 次 等待 3 秒
2021-08-03 00:03:11 查询号码 【1862831】，返回信息 {"status":"ok","msg":"四川-成都","gid":"40704","time_insert":"2013-12-30 19:10","time_update":"2020-11-11 09:05"}
2021-08-03 00:03:11 查询号码 【1862831】，GSD为【"四川-成都"】

2021-08-03 00:03:11 开始第 10 次操作

2021-08-03 00:03:11 开始操作号码 【1862830】
2021-08-03 00:03:37 GSD getOne 第 1 次 等待 3 秒
2021-08-03 00:03:40 查询号码 【1862830】，返回信息 {"status":"ok","msg":"四川-成都","gid":"40703","time_insert":"2015-11-23 14:03","time_update":"2020-11-11 09:00"}
2021-08-03 00:03:40 查询号码 【1862830】，GSD为【"四川-成都"】

2021-08-03 00:03:40 开始第 10 次操作

2021-08-03 00:03:40 开始操作号码 【1862829】
2021-08-03 00:03:59 GSD getOne 第 1 次 等待 3 秒
2021-08-03 00:04:02 查询号码 【1862829】，返回信息 {"status":"ok","msg":"四川-成都","gid":"40702","time_insert":"2013-11-12 21:05","time_update":"2020-11-11 08:55"}
2021-08-03 00:04:02 查询号码 【1862829】，GSD为【"四川-成都"】

2021-08-03 00:04:02 开始第 10 次操作

2021-08-03 00:04:02 开始操作号码 【1862828】
2021-08-03 00:04:28 GSD getOne 第 1 次 等待 3 秒
2021-08-03 00:04:31 查询号码 【1862828】，返回信息 {"status":"ok","msg":"四川-成都","gid":"40701","time_insert":"2015-05-20 13:57","time_update":"2020-11-11 08:51"}
2021-08-03 00:04:31 查询号码 【1862828】，GSD为【"四川-成都"】

2021-08-03 00:04:31 开始第 10 次操作

2021-08-03 00:04:31 开始操作号码 【1862827】
2021-08-03 00:04:54 GSD getOne 第 1 次 等待 3 秒
2021-08-03 00:04:57 查询号码 【1862827】，返回信息 {"status":"ok","msg":"四川-成都","gid":"40700","time_insert":"2019-03-11 16:29","time_update":"2020-11-11 08:47"}
2021-08-03 00:04:57 查询号码 【1862827】，GSD为【"四川-成都"】

2021-08-03 00:04:57 开始第 10 次操作

2021-08-03 00:04:57 开始操作号码 【1862826】
2021-08-03 00:05:19 GSD getOne 第 1 次 等待 3 秒
2021-08-03 00:05:22 查询号码 【1862826】，返回信息 {"status":"ok","msg":"四川-成都","gid":"40699","time_insert":"2014-07-12 13:24","time_update":"2020-11-11 08:42"}
2021-08-03 00:05:22 查询号码 【1862826】，GSD为【"四川-成都"】

2021-08-03 00:05:22 开始第 10 次操作

2021-08-03 00:05:22 开始操作号码 【1862825】
2021-08-03 00:05:41 GSD getOne 第 1 次 等待 3 秒
2021-08-03 00:05:44 查询号码 【1862825】，返回信息 {"status":"ok","msg":"四川-成都","gid":"40698","time_insert":"2015-12-28 11:50","time_update":"2020-11-11 08:38"}
2021-08-03 00:05:44 查询号码 【1862825】，GSD为【"四川-成都"】

2021-08-03 00:05:44 开始第 10 次操作

2021-08-03 00:05:44 开始操作号码 【1862824】
2021-08-03 00:06:16 GSD getOne 第 1 次 等待 3 秒
2021-08-03 00:06:19 查询号码 【1862824】，返回信息 {"status":"ok","msg":"四川-成都","gid":"40697","time_insert":"2017-07-02 18:41","time_update":"2020-11-11 08:34"}
2021-08-03 00:06:19 查询号码 【1862824】，GSD为【"四川-成都"】

2021-08-03 00:06:19 开始第 10 次操作

2021-08-03 00:06:19 开始操作号码 【1862823】
2021-08-03 00:06:39 GSD getOne 第 1 次 等待 3 秒
2021-08-03 00:06:42 查询号码 【1862823】，返回信息 {"status":"ok","msg":"四川-成都","gid":"40696","time_insert":"2017-09-03 15:56","time_update":"2020-11-11 08:30"}
2021-08-03 00:06:42 查询号码 【1862823】，GSD为【"四川-成都"】

2021-08-03 00:06:42 开始第 10 次操作

2021-08-03 00:06:42 开始操作号码 【1862822】
2021-08-03 00:07:24 GSD getOne 第 1 次 等待 3 秒
2021-08-03 00:07:27 查询号码 【1862822】，返回信息 {"status":"ok","msg":"四川-成都","gid":"40695","time_insert":"2019-08-27 08:41","time_update":"2020-11-11 08:29"}
2021-08-03 00:07:28 查询号码 【1862822】，GSD为【"四川-成都"】

2021-08-03 00:07:28 开始第 10 次操作

2021-08-03 00:07:28 开始操作号码 【1862821】
2021-08-03 00:07:58 GSD getOne 第 1 次 等待 3 秒
2021-08-03 00:08:01 查询号码 【1862821】，返回信息 {"status":"ok","msg":"四川-成都","gid":"40694","time_insert":"2017-04-20 15:10","time_update":"2020-11-11 08:25"}
2021-08-03 00:08:01 查询号码 【1862821】，GSD为【"四川-成都"】

2021-08-03 00:08:01 开始第 10 次操作

2021-08-03 00:08:01 开始操作号码 【1862820】
2021-08-03 00:08:20 GSD getOne 第 1 次 等待 3 秒
2021-08-03 00:08:23 查询号码 【1862820】，返回信息 {"status":"ok","msg":"四川-成都","gid":"40693","time_insert":"2017-04-16 17:27","time_update":"2020-11-11 08:21"}
2021-08-03 00:08:23 查询号码 【1862820】，GSD为【"四川-成都"】

2021-08-03 00:08:23 开始第 10 次操作

2021-08-03 00:08:23 开始操作号码 【1862819】
2021-08-03 00:08:43 GSD getOne 第 1 次 等待 3 秒
2021-08-03 00:08:46 查询号码 【1862819】，返回信息 {"status":"ok","msg":"四川-成都","gid":"40692","time_insert":"2016-05-30 16:37","time_update":"2020-11-11 08:16"}
2021-08-03 00:08:46 查询号码 【1862819】，GSD为【"四川-成都"】

2021-08-03 00:08:46 开始第 10 次操作

2021-08-03 00:08:46 开始操作号码 【1862818】
2021-08-03 00:09:06 GSD getOne 第 1 次 等待 3 秒
2021-08-03 00:09:09 查询号码 【1862818】，返回信息 {"status":"ok","msg":"四川-成都","gid":"40691","time_insert":"2017-06-19 15:40","time_update":"2020-11-11 08:11"}
2021-08-03 00:09:10 查询号码 【1862818】，GSD为【"四川-成都"】

2021-08-03 00:09:10 开始第 10 次操作

2021-08-03 00:09:10 开始操作号码 【1862817】
2021-08-03 00:09:28 GSD getOne 第 1 次 等待 3 秒
2021-08-03 00:09:31 查询号码 【1862817】，返回信息 {"status":"ok","msg":"四川-成都","gid":"40690","time_insert":"2018-05-18 23:04","time_update":"2020-11-11 08:07"}
2021-08-03 00:09:32 查询号码 【1862817】，GSD为【"四川-成都"】

2021-08-03 00:09:32 开始第 10 次操作

2021-08-03 00:09:32 开始操作号码 【1862816】
2021-08-03 00:09:52 GSD getOne 第 1 次 等待 3 秒
2021-08-03 00:09:55 查询号码 【1862816】，返回信息 {"status":"ok","msg":"四川-成都","gid":"40689","time_insert":"2018-04-16 22:47","time_update":"2020-11-11 08:02"}
2021-08-03 00:09:55 查询号码 【1862816】，GSD为【"四川-成都"】

2021-08-03 00:09:55 开始第 10 次操作

2021-08-03 00:09:55 开始操作号码 【1862815】
2021-08-03 00:10:14 GSD getOne 第 1 次 等待 3 秒
2021-08-03 00:10:17 查询号码 【1862815】，返回信息 {"status":"ok","msg":"四川-成都","gid":"40688","time_insert":"2016-07-26 12:19","time_update":"2020-11-11 07:59"}
2021-08-03 00:10:17 查询号码 【1862815】，GSD为【"四川-成都"】

2021-08-03 00:10:17 开始第 10 次操作

2021-08-03 00:10:17 开始操作号码 【1862814】
2021-08-03 00:10:42 GSD getOne 第 1 次 等待 3 秒
2021-08-03 00:10:45 查询号码 【1862814】，返回信息 {"status":"ok","msg":"四川-成都","gid":"40687","time_insert":"2019-01-02 15:22","time_update":"2020-11-11 07:54"}
2021-08-03 00:10:45 查询号码 【1862814】，GSD为【"四川-成都"】

2021-08-03 00:10:45 开始第 10 次操作

2021-08-03 00:10:45 开始操作号码 【1862813】
2021-08-03 00:11:04 GSD getOne 第 1 次 等待 3 秒
2021-08-03 00:11:07 查询号码 【1862813】，返回信息 {"status":"ok","msg":"四川-成都","gid":"40686","time_insert":"2014-06-29 11:59","time_update":"2020-11-11 07:50"}
2021-08-03 00:11:07 查询号码 【1862813】，GSD为【"四川-成都"】

2021-08-03 00:11:07 开始第 10 次操作

2021-08-03 00:11:07 开始操作号码 【1862812】
2021-08-03 00:11:43 GSD getOne 第 1 次 等待 3 秒
2021-08-03 00:11:46 查询号码 【1862812】，返回信息 {"status":"ok","msg":"四川-成都","gid":"40685","time_insert":"2016-04-12 12:25","time_update":"2020-11-11 07:47"}
2021-08-03 00:11:46 查询号码 【1862812】，GSD为【"四川-成都"】

2021-08-03 00:11:46 开始第 10 次操作

2021-08-03 00:11:46 开始操作号码 【1862811】
2021-08-03 00:12:50 GSD getOne 第 1 次 等待 3 秒
2021-08-03 00:12:53 查询号码 【1862811】，返回信息 {"status":"ok","msg":"四川-成都","gid":"40684","time_insert":"2018-01-14 17:42","time_update":"2020-11-11 07:43"}
2021-08-03 00:12:53 查询号码 【1862811】，GSD为【"四川-成都"】

2021-08-03 00:12:53 开始第 10 次操作

2021-08-03 00:12:53 开始操作号码 【1862810】
2021-08-03 00:13:13 GSD getOne 第 1 次 等待 3 秒
2021-08-03 00:13:16 查询号码 【1862810】，返回信息 {"status":"ok","msg":"四川-成都","gid":"40683","time_insert":"2014-06-26 14:38","time_update":"2020-11-11 07:38"}
2021-08-03 00:13:16 查询号码 【1862810】，GSD为【"四川-成都"】

2021-08-03 00:13:16 开始第 10 次操作

2021-08-03 00:13:16 开始操作号码 【1862809】
2021-08-03 00:13:35 GSD getOne 第 1 次 等待 3 秒
2021-08-03 00:13:38 查询号码 【1862809】，返回信息 {"status":"ok","msg":"四川-成都","gid":"40682","time_insert":"2018-06-03 22:30","time_update":"2020-11-11 07:35"}
2021-08-03 00:13:38 查询号码 【1862809】，GSD为【"四川-成都"】

2021-08-03 00:13:38 开始第 10 次操作

2021-08-03 00:13:38 开始操作号码 【1862808】
2021-08-03 00:13:58 GSD getOne 第 1 次 等待 3 秒
2021-08-03 00:14:01 查询号码 【1862808】，返回信息 {"status":"ok","msg":"四川-成都","gid":"40681","time_insert":"2017-04-20 15:10","time_update":"2020-11-11 07:30"}
2021-08-03 00:14:01 查询号码 【1862808】，GSD为【"四川-成都"】

2021-08-03 00:14:01 开始第 10 次操作

2021-08-03 00:14:01 开始操作号码 【1862807】
2021-08-03 00:14:29 GSD getOne 第 1 次 等待 3 秒
2021-08-03 00:14:32 查询号码 【1862807】，返回信息 {"status":"ok","msg":"四川-成都","gid":"40680","time_insert":"2015-03-20 13:49","time_update":"2020-11-11 07:29"}
2021-08-03 00:14:33 查询号码 【1862807】，GSD为【"四川-成都"】

2021-08-03 00:14:33 开始第 10 次操作

2021-08-03 00:14:33 开始操作号码 【1862806】
2021-08-03 00:14:52 GSD getOne 第 1 次 等待 3 秒
2021-08-03 00:14:55 查询号码 【1862806】，返回信息 {"status":"ok","msg":"四川-成都","gid":"40679","time_insert":"2019-04-11 12:00","time_update":"2020-11-11 07:26"}
2021-08-03 00:14:55 查询号码 【1862806】，GSD为【"四川-成都"】

2021-08-03 00:14:55 开始第 10 次操作

2021-08-03 00:14:55 开始操作号码 【1862805】
2021-08-03 00:15:15 GSD getOne 第 1 次 等待 3 秒
2021-08-03 00:15:18 查询号码 【1862805】，返回信息 {"status":"ok","msg":"四川-成都","gid":"40678","time_insert":"2017-05-01 00:00","time_update":"2020-11-11 07:21"}
2021-08-03 00:15:18 查询号码 【1862805】，GSD为【"四川-成都"】

2021-08-03 00:15:18 开始第 10 次操作

2021-08-03 00:15:18 开始操作号码 【1862804】
2021-08-03 00:15:38 GSD getOne 第 1 次 等待 3 秒
2021-08-03 00:15:41 查询号码 【1862804】，返回信息 {"status":"ok","msg":"四川-成都","gid":"40677","time_insert":"2014-10-19 01:16","time_update":"2020-11-11 07:17"}
2021-08-03 00:15:41 查询号码 【1862804】，GSD为【"四川-成都"】

2021-08-03 00:15:41 开始第 10 次操作

2021-08-03 00:15:41 开始操作号码 【1862803】
2021-08-03 00:16:11 GSD getOne 第 1 次 等待 3 秒
2021-08-03 00:16:14 查询号码 【1862803】，返回信息 {"status":"ok","msg":"四川-成都","gid":"40676","time_insert":"2018-03-31 23:04","time_update":"2020-11-11 07:13"}
2021-08-03 00:16:14 查询号码 【1862803】，GSD为【"四川-成都"】

2021-08-03 00:16:14 开始第 10 次操作

2021-08-03 00:16:14 开始操作号码 【1862802】
2021-08-03 00:16:41 GSD getOne 第 1 次 等待 3 秒
2021-08-03 00:16:44 查询号码 【1862802】，返回信息 {"status":"ok","msg":"四川-成都","gid":"40675","time_insert":"2017-04-13 21:03","time_update":"2020-11-11 07:08"}
2021-08-03 00:16:44 查询号码 【1862802】，GSD为【"四川-成都"】

2021-08-03 00:16:44 开始第 10 次操作

2021-08-03 00:16:44 开始操作号码 【1862801】
2021-08-03 00:17:04 GSD getOne 第 1 次 等待 3 秒
2021-08-03 00:17:07 查询号码 【1862801】，返回信息 {"status":"ok","msg":"四川-成都","gid":"40674","time_insert":"2019-01-21 09:57","time_update":"2020-11-11 07:05"}
2021-08-03 00:17:07 查询号码 【1862801】，GSD为【"四川-成都"】

2021-08-03 00:17:07 开始第 10 次操作

2021-08-03 00:17:07 开始操作号码 【1862800】
2021-08-03 00:17:25 GSD getOne 第 1 次 等待 3 秒
2021-08-03 00:17:28 查询号码 【1862800】，返回信息 {"status":"ok","msg":"四川-成都","gid":"40673","time_insert":"2017-04-16 17:27","time_update":"2020-11-11 07:00"}
2021-08-03 00:17:28 查询号码 【1862800】，GSD为【"四川-成都"】

2021-08-03 00:17:29 开始第 10 次操作

2021-08-03 00:17:29 开始操作号码 【1862799】
2021-08-03 00:17:53 GSD getOne 第 1 次 等待 3 秒
2021-08-03 00:17:56 查询号码 【1862799】，返回信息 {"status":"bad","msg":""}
2021-08-03 00:17:56 查询号码 【1862799】，GSD为【""】
2021-08-03 00:17:56 bad
2021-08-03 00:17:59 CHB 1862799?1627921076 第 1 次 等待 3 秒
2021-08-03 00:18:02 CHB 1862799?1627921076 第 1 次 获取到号码【1862799】GSD
2021-08-03 00:18:02 获取到号码【1862799】的GSD为【湖北-武汉】
2021-08-03 00:18:15 GSD insert 第 1 次 等待 3 秒
2021-08-03 00:18:18 {"status":"ok","gid":484783,"msg":"添加成功！"}
2021-08-03 00:18:18 下次操作: 2021-08-03 00:18:34

2021-08-03 00:18:34 开始第 11 次操作

2021-08-03 00:18:34 开始操作号码 【1862798】
2021-08-03 00:18:39 GSD getOne 第 1 次 等待 3 秒
2021-08-03 00:18:42 查询号码 【1862798】，返回信息 {"status":"bad","msg":""}
2021-08-03 00:18:42 查询号码 【1862798】，GSD为【""】
2021-08-03 00:18:42 bad
2021-08-03 00:18:44 CHB 1862798?1627921122 第 1 次 等待 3 秒
2021-08-03 00:18:47 CHB 1862798?1627921122 第 1 次 获取到号码【1862798】GSD
2021-08-03 00:18:47 未获取到号码【1862798】GSD，查号吧 400 错误
2021-08-03 00:18:47 获取到号码【1862798】的GSD为【-】
2021-08-03 00:19:07 GSD insert 第 1 次 等待 3 秒
2021-08-03 00:19:10 {"status":"ok","gid":484789,"msg":"添加成功！"}
2021-08-03 00:19:10 下次操作: 2021-08-03 00:19:24

2021-08-03 00:19:24 开始第 12 次操作

2021-08-03 00:19:24 开始操作号码 【1862797】
2021-08-03 00:19:27 GSD getOne 第 1 次 等待 3 秒
2021-08-03 00:19:30 查询号码 【1862797】，返回信息 {"status":"bad","msg":""}
2021-08-03 00:19:30 查询号码 【1862797】，GSD为【""】
2021-08-03 00:19:30 bad
2021-08-03 00:19:32 CHB 1862797?1627921170 第 1 次 等待 3 秒
2021-08-03 00:19:35 CHB 1862797?1627921170 第 1 次 获取到号码【1862797】GSD
2021-08-03 00:19:35 获取到号码【1862797】的GSD为【湖北-武汉】
2021-08-03 00:19:56 GSD insert 第 1 次 等待 3 秒
2021-08-03 00:19:59 {"status":"ok","gid":484794,"msg":"添加成功！"}
2021-08-03 00:19:59 下次操作: 2021-08-03 00:20:18

2021-08-03 00:20:18 开始第 13 次操作

2021-08-03 00:20:18 开始操作号码 【1862796】
2021-08-03 00:21:20 GSD getOne 第 1 次 等待 3 秒
2021-08-03 00:21:23 查询号码 【1862796】，返回信息 {"status":"bad","msg":""}
2021-08-03 00:21:23 查询号码 【1862796】，GSD为【""】
2021-08-03 00:21:23 bad
2021-08-03 00:21:26 CHB 1862796?1627921283 第 1 次 等待 3 秒
2021-08-03 00:21:29 CHB 1862796?1627921283 第 1 次 获取到号码【1862796】GSD
2021-08-03 00:21:29 获取到号码【1862796】的GSD为【湖北-武汉】
2021-08-03 00:21:39 GSD insert 第 1 次 等待 3 秒
2021-08-03 00:21:42 {"status":"ok","gid":484806,"msg":"添加成功！"}
2021-08-03 00:21:42 下次操作: 2021-08-03 00:21:58

2021-08-03 00:21:58 开始第 14 次操作

2021-08-03 00:21:58 开始操作号码 【1862795】
2021-08-03 00:22:06 GSD getOne 第 1 次 等待 3 秒
2021-08-03 00:22:09 查询号码 【1862795】，返回信息 {"status":"bad","msg":""}
2021-08-03 00:22:09 查询号码 【1862795】，GSD为【""】
2021-08-03 00:22:09 bad
2021-08-03 00:22:11 CHB 1862795?1627921329 第 1 次 等待 3 秒
2021-08-03 00:22:14 CHB 1862795?1627921329 第 1 次 获取到号码【1862795】GSD
2021-08-03 00:22:14 获取到号码【1862795】的GSD为【湖北-武汉】
2021-08-03 00:22:34 GSD insert 第 1 次 等待 3 秒
2021-08-03 00:22:37 {"status":"ok","gid":484812,"msg":"添加成功！"}
2021-08-03 00:22:37 下次操作: 2021-08-03 00:22:58

2021-08-03 00:22:58 开始第 15 次操作

2021-08-03 00:22:58 开始操作号码 【1862794】
2021-08-03 00:23:02 GSD getOne 第 1 次 等待 3 秒
2021-08-03 00:23:05 查询号码 【1862794】，返回信息 {"status":"bad","msg":""}
2021-08-03 00:23:05 查询号码 【1862794】，GSD为【""】
2021-08-03 00:23:05 bad
2021-08-03 00:23:13 CHB 1862794?1627921385 第 1 次 等待 3 秒
2021-08-03 00:23:16 CHB 1862794?1627921385 第 1 次 获取到号码【1862794】GSD
2021-08-03 00:23:16 获取到号码【1862794】的GSD为【湖北-武汉】
2021-08-03 00:23:22 GSD insert 第 1 次 等待 3 秒
2021-08-03 00:23:25 {"status":"ok","gid":484813,"msg":"添加成功！"}
2021-08-03 00:23:25 下次操作: 2021-08-03 00:23:44

2021-08-03 00:23:44 开始第 16 次操作

2021-08-03 00:23:44 开始操作号码 【1862793】
2021-08-03 00:23:48 GSD getOne 第 1 次 等待 3 秒
2021-08-03 00:23:51 查询号码 【1862793】，返回信息 {"status":"bad","msg":""}
2021-08-03 00:23:51 查询号码 【1862793】，GSD为【""】
2021-08-03 00:23:51 bad
2021-08-03 00:23:53 CHB 1862793?1627921431 第 1 次 等待 3 秒
2021-08-03 00:23:56 CHB 1862793?1627921431 第 1 次 获取到号码【1862793】GSD
2021-08-03 00:23:56 获取到号码【1862793】的GSD为【湖北-武汉】
2021-08-03 00:24:35 GSD insert 第 1 次 等待 3 秒
2021-08-03 00:24:38 {"status":"ok","gid":484823,"msg":"添加成功！"}
2021-08-03 00:24:38 下次操作: 2021-08-03 00:24:54

2021-08-03 00:24:54 开始第 17 次操作

2021-08-03 00:24:54 开始操作号码 【1862792】
2021-08-03 00:25:05 GSD getOne 第 1 次 等待 3 秒
2021-08-03 00:25:08 查询号码 【1862792】，返回信息 {"status":"bad","msg":""}
2021-08-03 00:25:09 查询号码 【1862792】，GSD为【""】
2021-08-03 00:25:09 bad
2021-08-03 00:25:12 CHB 1862792?1627921509 第 1 次 等待 3 秒
2021-08-03 00:25:15 CHB 1862792?1627921509 第 1 次 获取到号码【1862792】GSD
2021-08-03 00:25:16 获取到号码【1862792】的GSD为【湖北-武汉】
2021-08-03 00:25:28 GSD insert 第 1 次 等待 3 秒
2021-08-03 00:25:31 {"status":"ok","gid":484831,"msg":"添加成功！"}
2021-08-03 00:25:31 下次操作: 2021-08-03 00:25:48

2021-08-03 00:25:48 开始第 18 次操作

2021-08-03 00:25:48 开始操作号码 【1862791】
2021-08-03 00:25:51 GSD getOne 第 1 次 等待 3 秒
2021-08-03 00:25:54 查询号码 【1862791】，返回信息 {"status":"bad","msg":""}
2021-08-03 00:25:55 查询号码 【1862791】，GSD为【""】
2021-08-03 00:25:55 bad
2021-08-03 00:25:57 CHB 1862791?1627921555 第 1 次 等待 3 秒
2021-08-03 00:26:00 CHB 1862791?1627921555 第 1 次 获取到号码【1862791】GSD
2021-08-03 00:26:00 获取到号码【1862791】的GSD为【湖北-武汉】
2021-08-03 00:26:12 GSD insert 第 1 次 等待 3 秒
2021-08-03 00:26:15 {"status":"ok","gid":484833,"msg":"添加成功！"}
2021-08-03 00:26:15 下次操作: 2021-08-03 00:26:29

2021-08-03 00:26:29 开始第 19 次操作

2021-08-03 00:26:29 开始操作号码 【1862790】
2021-08-03 00:26:44 GSD getOne 第 1 次 等待 3 秒
2021-08-03 00:26:47 查询号码 【1862790】，返回信息 {"status":"bad","msg":""}
2021-08-03 00:26:47 查询号码 【1862790】，GSD为【""】
2021-08-03 00:26:47 bad
2021-08-03 00:26:49 CHB 1862790?1627921607 第 1 次 等待 3 秒
2021-08-03 00:26:52 CHB 1862790?1627921607 第 1 次 获取到号码【1862790】GSD
2021-08-03 00:26:52 获取到号码【1862790】的GSD为【湖北-武汉】
2021-08-03 00:27:28 GSD insert 第 1 次 等待 3 秒
2021-08-03 00:27:31 {"status":"ok","gid":484838,"msg":"添加成功！"}
2021-08-03 00:27:31 下次操作: 2021-08-03 00:27:52

2021-08-03 00:27:53 开始第 20 次操作

2021-08-03 00:27:53 开始操作号码 【1862789】
2021-08-03 00:28:16 GSD getOne 第 1 次 等待 3 秒
2021-08-03 00:28:19 查询号码 【1862789】，返回信息 {"status":"bad","msg":""}
2021-08-03 00:28:19 查询号码 【1862789】，GSD为【""】
2021-08-03 00:28:19 bad
2021-08-03 00:28:32 CHB 1862789?1627921699 第 1 次 等待 3 秒
2021-08-03 00:28:35 CHB 1862789?1627921699 第 1 次 获取到号码【1862789】GSD
2021-08-03 00:28:35 获取到号码【1862789】的GSD为【湖北-武汉】
2021-08-03 00:29:00 GSD insert 第 1 次 等待 3 秒
2021-08-03 00:29:03 {"status":"ok","gid":484841,"msg":"添加成功！"}
2021-08-03 00:29:03 下次操作: 2021-08-03 00:29:20

2021-08-03 00:29:20 开始第 21 次操作

2021-08-03 00:29:20 开始操作号码 【1862788】
2021-08-03 00:29:26 GSD getOne 第 1 次 等待 3 秒
2021-08-03 00:29:29 查询号码 【1862788】，返回信息 {"status":"bad","msg":""}
2021-08-03 00:29:29 查询号码 【1862788】，GSD为【""】
2021-08-03 00:29:29 bad
2021-08-03 00:29:31 CHB 1862788?1627921769 第 1 次 等待 3 秒
2021-08-03 00:29:34 CHB 1862788?1627921769 第 1 次 获取到号码【1862788】GSD
2021-08-03 00:29:35 获取到号码【1862788】的GSD为【湖北-武汉】
2021-08-03 00:29:48 GSD insert 第 1 次 等待 3 秒
2021-08-03 00:29:51 {"status":"ok","gid":484846,"msg":"添加成功！"}
2021-08-03 00:29:51 下次操作: 2021-08-03 00:30:08

2021-08-03 00:30:08 开始第 22 次操作

2021-08-03 00:30:08 开始操作号码 【1862787】
2021-08-03 00:30:12 GSD getOne 第 1 次 等待 3 秒
2021-08-03 00:30:15 查询号码 【1862787】，返回信息 {"status":"bad","msg":""}
2021-08-03 00:30:15 查询号码 【1862787】，GSD为【""】
2021-08-03 00:30:15 bad
2021-08-03 00:30:16 CHB 1862787?1627921815 第 1 次 等待 3 秒
2021-08-03 00:30:19 CHB 1862787?1627921815 第 1 次 获取到号码【1862787】GSD
2021-08-03 00:30:20 获取到号码【1862787】的GSD为【湖北-武汉】
2021-08-03 00:30:43 GSD insert 第 1 次 等待 3 秒
2021-08-03 00:30:46 {"status":"ok","gid":484848,"msg":"添加成功！"}
2021-08-03 00:30:46 下次操作: 2021-08-03 00:31:00

2021-08-03 00:31:00 开始第 23 次操作

2021-08-03 00:31:00 开始操作号码 【1862786】
2021-08-03 00:31:04 GSD getOne 第 1 次 等待 3 秒
2021-08-03 00:31:07 查询号码 【1862786】，返回信息 {"status":"bad","msg":""}
2021-08-03 00:31:07 查询号码 【1862786】，GSD为【""】
2021-08-03 00:31:07 bad
2021-08-03 00:31:09 CHB 1862786?1627921867 第 1 次 等待 3 秒
2021-08-03 00:31:12 CHB 1862786?1627921867 第 1 次 获取到号码【1862786】GSD
2021-08-03 00:31:12 获取到号码【1862786】的GSD为【湖北-武汉】
2021-08-03 00:31:24 GSD insert 第 1 次 等待 3 秒
2021-08-03 00:31:27 {"status":"ok","gid":484852,"msg":"添加成功！"}
2021-08-03 00:31:27 下次操作: 2021-08-03 00:31:43

2021-08-03 00:31:43 开始第 24 次操作

2021-08-03 00:31:43 开始操作号码 【1862785】
2021-08-03 00:31:50 GSD getOne 第 1 次 等待 3 秒
2021-08-03 00:31:53 查询号码 【1862785】，返回信息 {"status":"bad","msg":""}
2021-08-03 00:31:53 查询号码 【1862785】，GSD为【""】
2021-08-03 00:31:53 bad
2021-08-03 00:31:56 CHB 1862785?1627921913 第 1 次 等待 3 秒
2021-08-03 00:31:59 CHB 1862785?1627921913 第 1 次 获取到号码【1862785】GSD
2021-08-03 00:31:59 获取到号码【1862785】的GSD为【湖北-武汉】
2021-08-03 00:32:21 GSD insert 第 1 次 等待 3 秒
2021-08-03 00:32:24 {"status":"ok","gid":484855,"msg":"添加成功！"}
2021-08-03 00:32:24 下次操作: 2021-08-03 00:32:36

2021-08-03 00:32:36 开始第 25 次操作

2021-08-03 00:32:36 开始操作号码 【1862784】
2021-08-03 00:32:42 GSD getOne 第 1 次 等待 3 秒
2021-08-03 00:32:45 查询号码 【1862784】，返回信息 {"status":"ok","msg":"湖北-武汉","gid":"40672","time_insert":"2017-04-19 11:23","time_update":"2020-09-19 01:07"}
2021-08-03 00:32:45 查询号码 【1862784】，GSD为【"湖北-武汉"】

2021-08-03 00:32:45 开始第 25 次操作

2021-08-03 00:32:45 开始操作号码 【1862783】
2021-08-03 00:33:08 GSD getOne 第 1 次 等待 3 秒
2021-08-03 00:33:11 查询号码 【1862783】，返回信息 {"status":"bad","msg":""}
2021-08-03 00:33:11 查询号码 【1862783】，GSD为【""】
2021-08-03 00:33:11 bad
2021-08-03 00:33:17 CHB 1862783?1627921991 第 1 次 等待 3 秒
2021-08-03 00:33:20 CHB 1862783?1627921991 第 1 次 获取到号码【1862783】GSD
2021-08-03 00:33:20 获取到号码【1862783】的GSD为【湖北-武汉】
2021-08-03 00:33:31 GSD insert 第 1 次 等待 3 秒
2021-08-03 00:33:34 {"status":"ok","gid":484861,"msg":"添加成功！"}
2021-08-03 00:33:34 下次操作: 2021-08-03 00:33:51

2021-08-03 00:33:51 开始第 26 次操作

2021-08-03 00:33:51 开始操作号码 【1862782】
2021-08-03 00:33:55 GSD getOne 第 1 次 等待 3 秒
2021-08-03 00:33:58 查询号码 【1862782】，返回信息 {"status":"ok","msg":"湖北-武汉","gid":"40671","time_insert":"2018-11-26 16:08","time_update":"2020-09-19 01:03"}
2021-08-03 00:33:58 查询号码 【1862782】，GSD为【"湖北-武汉"】

2021-08-03 00:33:58 开始第 26 次操作

2021-08-03 00:33:58 开始操作号码 【1862781】
2021-08-03 00:34:17 GSD getOne 第 1 次 等待 3 秒
2021-08-03 00:34:20 查询号码 【1862781】，返回信息 {"status":"bad","msg":""}
2021-08-03 00:34:20 查询号码 【1862781】，GSD为【""】
2021-08-03 00:34:20 bad
2021-08-03 00:34:21 CHB 1862781?1627922060 第 1 次 等待 3 秒
2021-08-03 00:34:24 CHB 1862781?1627922060 第 1 次 获取到号码【1862781】GSD
2021-08-03 00:34:24 获取到号码【1862781】的GSD为【湖北-武汉】
2021-08-03 00:34:43 GSD insert 第 1 次 等待 3 秒
2021-08-03 00:34:46 {"status":"ok","gid":484866,"msg":"添加成功！"}
2021-08-03 00:34:46 下次操作: 2021-08-03 00:35:01

2021-08-03 00:35:01 开始第 27 次操作

2021-08-03 00:35:01 开始操作号码 【1862780】
2021-08-03 00:35:05 GSD getOne 第 1 次 等待 3 秒
2021-08-03 00:35:08 查询号码 【1862780】，返回信息 {"status":"bad","msg":""}
2021-08-03 00:35:08 查询号码 【1862780】，GSD为【""】
2021-08-03 00:35:08 bad
2021-08-03 00:35:10 CHB 1862780?1627922108 第 1 次 等待 3 秒
2021-08-03 00:35:13 CHB 1862780?1627922108 第 1 次 获取到号码【1862780】GSD
2021-08-03 00:35:14 获取到号码【1862780】的GSD为【湖北-武汉】
2021-08-03 00:35:25 GSD insert 第 1 次 等待 3 秒
2021-08-03 00:35:28 {"status":"ok","gid":484868,"msg":"添加成功！"}
2021-08-03 00:35:28 下次操作: 2021-08-03 00:35:47

2021-08-03 00:35:47 开始第 28 次操作

2021-08-03 00:35:47 开始操作号码 【1862779】
2021-08-03 00:35:52 GSD getOne 第 1 次 等待 3 秒
2021-08-03 00:35:55 查询号码 【1862779】，返回信息 {"status":"bad","msg":""}
2021-08-03 00:35:55 查询号码 【1862779】，GSD为【""】
2021-08-03 00:35:55 bad
2021-08-03 00:35:58 CHB 1862779?1627922155 第 1 次 等待 3 秒
2021-08-03 00:36:01 CHB 1862779?1627922155 第 1 次 获取到号码【1862779】GSD
2021-08-03 00:36:01 获取到号码【1862779】的GSD为【湖北-武汉】
2021-08-03 00:36:16 GSD insert 第 1 次 等待 3 秒
2021-08-03 00:36:19 {"status":"ok","gid":484872,"msg":"添加成功！"}
2021-08-03 00:36:19 下次操作: 2021-08-03 00:36:34

2021-08-03 00:36:34 开始第 29 次操作

2021-08-03 00:36:34 开始操作号码 【1862778】
2021-08-03 00:36:40 GSD getOne 第 1 次 等待 3 秒
2021-08-03 00:36:43 查询号码 【1862778】，返回信息 {"status":"bad","msg":""}
2021-08-03 00:36:43 查询号码 【1862778】，GSD为【""】
2021-08-03 00:36:43 bad
2021-08-03 00:36:45 CHB 1862778?1627922203 第 1 次 等待 3 秒
2021-08-03 00:36:48 CHB 1862778?1627922203 第 1 次 获取到号码【1862778】GSD
2021-08-03 00:36:48 获取到号码【1862778】的GSD为【湖北-武汉】
2021-08-03 00:37:00 GSD insert 第 1 次 等待 3 秒
2021-08-03 00:37:03 {"status":"ok","gid":484874,"msg":"添加成功！"}
2021-08-03 00:37:03 下次操作: 2021-08-03 00:37:20

2021-08-03 00:37:20 开始第 30 次操作

2021-08-03 00:37:20 开始操作号码 【1862777】
2021-08-03 00:37:28 GSD getOne 第 1 次 等待 3 秒
2021-08-03 00:37:31 查询号码 【1862777】，返回信息 {"status":"ok","msg":"湖北-武汉","gid":"40670","time_insert":"2017-04-19 11:23","time_update":"2020-09-19 01:00"}
2021-08-03 00:37:31 查询号码 【1862777】，GSD为【"湖北-武汉"】

2021-08-03 00:37:31 开始第 30 次操作

2021-08-03 00:37:31 开始操作号码 【1862776】
2021-08-03 00:37:53 GSD getOne 第 1 次 等待 3 秒
2021-08-03 00:37:56 查询号码 【1862776】，返回信息 {"status":"ok","msg":"湖北-武汉","gid":"40669","time_insert":"2018-07-29 08:14","time_update":"2020-09-19 00:56"}
2021-08-03 00:37:56 查询号码 【1862776】，GSD为【"湖北-武汉"】

2021-08-03 00:37:56 开始第 30 次操作

2021-08-03 00:37:56 开始操作号码 【1862775】
2021-08-03 00:38:16 GSD getOne 第 1 次 等待 3 秒
2021-08-03 00:38:19 查询号码 【1862775】，返回信息 {"status":"bad","msg":""}
2021-08-03 00:38:19 查询号码 【1862775】，GSD为【""】
2021-08-03 00:38:19 bad
2021-08-03 00:38:21 CHB 1862775?1627922299 第 1 次 等待 3 秒
2021-08-03 00:38:24 CHB 1862775?1627922299 第 1 次 获取到号码【1862775】GSD
2021-08-03 00:38:24 获取到号码【1862775】的GSD为【湖北-武汉】
2021-08-03 00:38:44 GSD insert 第 1 次 等待 3 秒
2021-08-03 00:38:47 {"status":"ok","gid":484881,"msg":"添加成功！"}
2021-08-03 00:38:47 下次操作: 2021-08-03 00:39:04

2021-08-03 00:39:04 开始第 31 次操作

2021-08-03 00:39:04 开始操作号码 【1862774】
2021-08-03 00:39:19 GSD getOne 第 1 次 等待 3 秒
2021-08-03 00:39:22 查询号码 【1862774】，返回信息 {"status":"ok","msg":"湖北-武汉","gid":"40668","time_insert":"2017-04-19 11:23","time_update":"2020-09-19 00:52"}
2021-08-03 00:39:22 查询号码 【1862774】，GSD为【"湖北-武汉"】

2021-08-03 00:39:22 开始第 31 次操作

2021-08-03 00:39:22 开始操作号码 【1862773】
2021-08-03 00:39:41 GSD getOne 第 1 次 等待 3 秒
2021-08-03 00:39:44 查询号码 【1862773】，返回信息 {"status":"bad","msg":""}
2021-08-03 00:39:44 查询号码 【1862773】，GSD为【""】
2021-08-03 00:39:44 bad
2021-08-03 00:39:46 CHB 1862773?1627922384 第 1 次 等待 3 秒
2021-08-03 00:39:49 CHB 1862773?1627922384 第 1 次 获取到号码【1862773】GSD
2021-08-03 00:39:49 获取到号码【1862773】的GSD为【湖北-武汉】
2021-08-03 00:40:09 GSD insert 第 1 次 等待 3 秒
2021-08-03 00:40:12 {"status":"ok","gid":484883,"msg":"添加成功！"}
2021-08-03 00:40:12 下次操作: 2021-08-03 00:40:26

2021-08-03 00:40:26 开始第 32 次操作

2021-08-03 00:40:26 开始操作号码 【1862772】
2021-08-03 00:40:30 GSD getOne 第 1 次 等待 3 秒
2021-08-03 00:40:33 查询号码 【1862772】，返回信息 {"status":"bad","msg":""}
2021-08-03 00:40:33 查询号码 【1862772】，GSD为【""】
2021-08-03 00:40:33 bad
2021-08-03 00:40:36 CHB 1862772?1627922433 第 1 次 等待 3 秒
2021-08-03 00:40:39 CHB 1862772?1627922433 第 1 次 获取到号码【1862772】GSD
2021-08-03 00:40:39 获取到号码【1862772】的GSD为【湖北-武汉】
2021-08-03 00:40:51 GSD insert 第 1 次 等待 3 秒
2021-08-03 00:40:54 {"status":"ok","gid":484885,"msg":"添加成功！"}
2021-08-03 00:40:54 下次操作: 2021-08-03 00:41:18

2021-08-03 00:41:18 开始第 33 次操作

2021-08-03 00:41:18 开始操作号码 【1862771】
2021-08-03 00:41:30 GSD getOne 第 1 次 等待 3 秒
2021-08-03 00:41:33 查询号码 【1862771】，返回信息 {"status":"bad","msg":""}
2021-08-03 00:41:33 查询号码 【1862771】，GSD为【""】
2021-08-03 00:41:33 bad
2021-08-03 00:41:35 CHB 1862771?1627922493 第 1 次 等待 3 秒
2021-08-03 00:41:38 CHB 1862771?1627922493 第 1 次 获取到号码【1862771】GSD
2021-08-03 00:41:38 获取到号码【1862771】的GSD为【湖北-武汉】
2021-08-03 00:42:03 GSD insert 第 1 次 等待 3 秒
2021-08-03 00:42:06 {"status":"ok","gid":484888,"msg":"添加成功！"}
2021-08-03 00:42:06 下次操作: 2021-08-03 00:42:19

2021-08-03 00:42:19 开始第 34 次操作

2021-08-03 00:42:19 开始操作号码 【1862770】
2021-08-03 00:42:27 GSD getOne 第 1 次 等待 3 秒
2021-08-03 00:42:30 查询号码 【1862770】，返回信息 {"status":"ok","msg":"湖北-武汉","gid":"40667","time_insert":"2017-04-19 11:23","time_update":"2020-09-19 00:47"}
2021-08-03 00:42:30 查询号码 【1862770】，GSD为【"湖北-武汉"】

2021-08-03 00:42:30 开始第 34 次操作

2021-08-03 00:42:30 开始操作号码 【1862769】
2021-08-03 00:42:53 GSD getOne 第 1 次 等待 3 秒
2021-08-03 00:42:56 查询号码 【1862769】，返回信息 {"status":"bad","msg":""}
2021-08-03 00:42:56 查询号码 【1862769】，GSD为【""】
2021-08-03 00:42:56 bad
2021-08-03 00:42:58 CHB 1862769?1627922576 第 1 次 等待 3 秒
2021-08-03 00:43:01 CHB 1862769?1627922576 第 1 次 获取到号码【1862769】GSD
2021-08-03 00:43:01 获取到号码【1862769】的GSD为【湖南-衡阳】
2021-08-03 00:43:26 GSD insert 第 1 次 等待 3 秒
2021-08-03 00:43:29 {"status":"ok","gid":484892,"msg":"添加成功！"}
2021-08-03 00:43:29 下次操作: 2021-08-03 00:43:46

2021-08-03 00:43:46 开始第 35 次操作

2021-08-03 00:43:46 开始操作号码 【1862768】
2021-08-03 00:43:57 GSD getOne 第 1 次 等待 3 秒
2021-08-03 00:44:00 查询号码 【1862768】，返回信息 {"status":"bad","msg":""}
2021-08-03 00:44:00 查询号码 【1862768】，GSD为【""】
2021-08-03 00:44:00 bad
2021-08-03 00:44:02 CHB 1862768?1627922640 第 1 次 等待 3 秒
2021-08-03 00:44:05 CHB 1862768?1627922640 第 1 次 获取到号码【1862768】GSD
2021-08-03 00:44:05 获取到号码【1862768】的GSD为【湖南-衡阳】
2021-08-03 00:44:16 GSD insert 第 1 次 等待 3 秒
2021-08-03 00:44:19 {"status":"ok","gid":484894,"msg":"添加成功！"}
2021-08-03 00:44:19 下次操作: 2021-08-03 00:44:33

2021-08-03 00:44:33 开始第 36 次操作

2021-08-03 00:44:33 开始操作号码 【1862767】
2021-08-03 00:44:38 GSD getOne 第 1 次 等待 3 秒
2021-08-03 00:44:41 查询号码 【1862767】，返回信息 {"status":"bad","msg":""}
2021-08-03 00:44:41 查询号码 【1862767】，GSD为【""】
2021-08-03 00:44:41 bad
2021-08-03 00:44:43 CHB 1862767?1627922681 第 1 次 等待 3 秒
2021-08-03 00:44:46 CHB 1862767?1627922681 第 1 次 获取到号码【1862767】GSD
2021-08-03 00:44:46 获取到号码【1862767】的GSD为【湖南-衡阳】
2021-08-03 00:45:03 GSD insert 第 1 次 等待 3 秒
2021-08-03 00:45:06 {"status":"ok","gid":484896,"msg":"添加成功！"}
2021-08-03 00:45:06 下次操作: 2021-08-03 00:45:23

2021-08-03 00:45:23 开始第 37 次操作

2021-08-03 00:45:23 开始操作号码 【1862766】
2021-08-03 00:45:29 GSD getOne 第 1 次 等待 3 秒
2021-08-03 00:45:32 查询号码 【1862766】，返回信息 {"status":"bad","msg":""}
2021-08-03 00:45:33 查询号码 【1862766】，GSD为【""】
2021-08-03 00:45:33 bad
2021-08-03 00:45:35 CHB 1862766?1627922733 第 1 次 等待 3 秒
2021-08-03 00:45:38 CHB 1862766?1627922733 第 1 次 获取到号码【1862766】GSD
2021-08-03 00:45:38 获取到号码【1862766】的GSD为【湖南-衡阳】
2021-08-03 00:45:54 GSD insert 第 1 次 等待 3 秒
2021-08-03 00:45:57 {"status":"ok","gid":484898,"msg":"添加成功！"}
2021-08-03 00:45:57 下次操作: 2021-08-03 00:46:14

2021-08-03 00:46:14 开始第 38 次操作

2021-08-03 00:46:14 开始操作号码 【1862765】
2021-08-03 00:46:21 GSD getOne 第 1 次 等待 3 秒
2021-08-03 00:46:24 查询号码 【1862765】，返回信息 {"status":"bad","msg":""}
2021-08-03 00:46:24 查询号码 【1862765】，GSD为【""】
2021-08-03 00:46:24 bad
2021-08-03 00:46:26 CHB 1862765?1627922784 第 1 次 等待 3 秒
2021-08-03 00:46:29 CHB 1862765?1627922784 第 1 次 获取到号码【1862765】GSD
2021-08-03 00:46:29 获取到号码【1862765】的GSD为【湖南-衡阳】
2021-08-03 00:46:48 GSD insert 第 1 次 等待 3 秒
2021-08-03 00:46:51 {"status":"ok","gid":484899,"msg":"添加成功！"}
2021-08-03 00:46:51 下次操作: 2021-08-03 00:47:10

2021-08-03 00:47:10 开始第 39 次操作

2021-08-03 00:47:10 开始操作号码 【1862764】
2021-08-03 00:47:16 GSD getOne 第 1 次 等待 3 秒
2021-08-03 00:47:19 查询号码 【1862764】，返回信息 {"status":"bad","msg":""}
2021-08-03 00:47:19 查询号码 【1862764】，GSD为【""】
2021-08-03 00:47:19 bad
2021-08-03 00:47:21 CHB 1862764?1627922839 第 1 次 等待 3 秒
2021-08-03 00:47:24 CHB 1862764?1627922839 第 1 次 获取到号码【1862764】GSD
2021-08-03 00:47:24 获取到号码【1862764】的GSD为【湖南-常德】
2021-08-03 00:47:43 GSD insert 第 1 次 等待 3 秒
2021-08-03 00:47:46 {"status":"ok","gid":484902,"msg":"添加成功！"}
2021-08-03 00:47:46 下次操作: 2021-08-03 00:48:00

2021-08-03 00:48:00 开始第 40 次操作

2021-08-03 00:48:00 开始操作号码 【1862763】
2021-08-03 00:48:40 GSD getOne 第 1 次 等待 3 秒
2021-08-03 00:48:43 查询号码 【1862763】，返回信息 {"status":"ok","msg":"湖南-常德","gid":"40666","time_insert":"2018-01-15 08:44","time_update":"2020-09-24 02:34"}
2021-08-03 00:48:43 查询号码 【1862763】，GSD为【"湖南-常德"】

2021-08-03 00:48:43 开始第 40 次操作

2021-08-03 00:48:43 开始操作号码 【1862762】
2021-08-03 00:49:05 GSD getOne 第 1 次 等待 3 秒
2021-08-03 00:49:08 查询号码 【1862762】，返回信息 {"status":"bad","msg":""}
2021-08-03 00:49:08 查询号码 【1862762】，GSD为【""】
2021-08-03 00:49:08 bad
2021-08-03 00:49:10 CHB 1862762?1627922948 第 1 次 等待 3 秒
2021-08-03 00:49:13 CHB 1862762?1627922948 第 1 次 获取到号码【1862762】GSD
2021-08-03 00:49:13 获取到号码【1862762】的GSD为【湖南-娄底】
2021-08-03 00:49:32 GSD insert 第 1 次 等待 3 秒
2021-08-03 00:49:35 {"status":"ok","gid":484905,"msg":"添加成功！"}

2021-08-03 01:03:14 开始第 1 次操作

2021-08-03 01:03:14 开始操作号码 【1862761】
2021-08-03 01:03:22 GSD getOne 第 1 次 等待 3 秒
2021-08-03 01:03:25 查询号码 【1862761】，返回信息 {"status":"bad","msg":""}
2021-08-03 01:03:26 查询号码 【1862761】，GSD为【""】
2021-08-03 01:03:26 bad
2021-08-03 01:03:27 CHB 1862761?1627923806 第 1 次 等待 3 秒
2021-08-03 01:03:30 CHB 1862761?1627923806 第 1 次 获取到号码【1862761】GSD
2021-08-03 01:03:30 获取到号码【1862761】的GSD为【湖南-娄底】
2021-08-03 01:03:36 GSD insert 第 1 次 等待 3 秒
2021-08-03 01:03:39 {"status":"ok","gid":484933,"msg":"添加成功！"}
2021-08-03 01:03:39 下次操作: 2021-08-03 01:04:02

2021-08-03 01:04:02 开始第 2 次操作

2021-08-03 01:04:02 开始操作号码 【1862760】
2021-08-03 01:04:14 GSD getOne 第 1 次 等待 3 秒
2021-08-03 01:04:17 查询号码 【1862760】，返回信息 {"status":"bad","msg":""}
2021-08-03 01:04:17 查询号码 【1862760】，GSD为【""】
2021-08-03 01:04:17 bad
2021-08-03 01:04:19 CHB 1862760?1627923857 第 1 次 等待 3 秒
2021-08-03 01:04:22 CHB 1862760?1627923857 第 1 次 获取到号码【1862760】GSD
2021-08-03 01:04:22 获取到号码【1862760】的GSD为【湖南-娄底】
2021-08-03 01:04:58 GSD insert 第 1 次 等待 3 秒
2021-08-03 01:05:01 {"status":"ok","gid":484948,"msg":"添加成功！"}
2021-08-03 01:05:01 下次操作: 2021-08-03 01:05:22

2021-08-03 01:05:22 开始第 3 次操作

2021-08-03 01:05:22 开始操作号码 【1862759】
2021-08-03 01:05:26 GSD getOne 第 1 次 等待 3 秒
2021-08-03 01:05:29 查询号码 【1862759】，返回信息 {"status":"bad","msg":""}
2021-08-03 01:05:29 查询号码 【1862759】，GSD为【""】
2021-08-03 01:05:29 bad
2021-08-03 01:05:30 CHB 1862759?1627923929 第 1 次 等待 3 秒
2021-08-03 01:05:33 CHB 1862759?1627923929 第 1 次 获取到号码【1862759】GSD
2021-08-03 01:05:33 获取到号码【1862759】的GSD为【湖南-长沙】
2021-08-03 01:05:37 GSD insert 第 1 次 等待 3 秒
2021-08-03 01:05:40 {"status":"ok","gid":484957,"msg":"添加成功！"}
2021-08-03 01:05:40 下次操作: 2021-08-03 01:06:00

2021-08-03 01:06:00 开始第 4 次操作

2021-08-03 01:06:00 开始操作号码 【1862758】
2021-08-03 01:06:05 GSD getOne 第 1 次 等待 3 秒
2021-08-03 01:06:08 查询号码 【1862758】，返回信息 {"status":"bad","msg":""}
2021-08-03 01:06:08 查询号码 【1862758】，GSD为【""】
2021-08-03 01:06:08 bad
2021-08-03 01:06:09 CHB 1862758?1627923968 第 1 次 等待 3 秒
2021-08-03 01:06:12 CHB 1862758?1627923968 第 1 次 获取到号码【1862758】GSD
2021-08-03 01:06:12 获取到号码【1862758】的GSD为【湖南-长沙】
2021-08-03 01:06:18 GSD insert 第 1 次 等待 3 秒
2021-08-03 01:06:21 {"status":"ok","gid":484966,"msg":"添加成功！"}
2021-08-03 01:06:21 下次操作: 2021-08-03 01:06:42

2021-08-03 01:06:42 开始第 5 次操作

2021-08-03 01:06:42 开始操作号码 【1862757】
2021-08-03 01:06:46 GSD getOne 第 1 次 等待 3 秒
2021-08-03 01:06:49 查询号码 【1862757】，返回信息 {"status":"bad","msg":""}
2021-08-03 01:06:49 查询号码 【1862757】，GSD为【""】
2021-08-03 01:06:49 bad
2021-08-03 01:06:51 CHB 1862757?1627924009 第 1 次 等待 3 秒
2021-08-03 01:06:54 CHB 1862757?1627924009 第 1 次 获取到号码【1862757】GSD
2021-08-03 01:06:54 获取到号码【1862757】的GSD为【湖南-长沙】
2021-08-03 01:07:02 GSD insert 第 1 次 等待 3 秒
2021-08-03 01:07:05 {"status":"ok","gid":484975,"msg":"添加成功！"}
2021-08-03 01:07:05 下次操作: 2021-08-03 01:07:20

2021-08-03 01:07:20 开始第 6 次操作

2021-08-03 01:07:20 开始操作号码 【1862756】
2021-08-03 01:07:25 GSD getOne 第 1 次 等待 3 秒
2021-08-03 01:07:28 查询号码 【1862756】，返回信息 {"status":"bad","msg":""}
2021-08-03 01:07:28 查询号码 【1862756】，GSD为【""】
2021-08-03 01:07:28 bad
2021-08-03 01:07:29 CHB 1862756?1627924048 第 1 次 等待 3 秒
2021-08-03 01:07:32 CHB 1862756?1627924048 第 1 次 获取到号码【1862756】GSD
2021-08-03 01:07:32 获取到号码【1862756】的GSD为【湖南-长沙】
2021-08-03 01:07:36 GSD insert 第 1 次 等待 3 秒
2021-08-03 01:07:39 {"status":"ok","gid":484981,"msg":"添加成功！"}
2021-08-03 01:07:39 下次操作: 2021-08-03 01:07:56

2021-08-03 01:07:56 开始第 7 次操作

2021-08-03 01:07:56 开始操作号码 【1862755】
2021-08-03 01:08:03 GSD getOne 第 1 次 等待 3 秒
2021-08-03 01:08:06 查询号码 【1862755】，返回信息 {"status":"bad","msg":""}
2021-08-03 01:08:06 查询号码 【1862755】，GSD为【""】
2021-08-03 01:08:06 bad
2021-08-03 01:08:08 CHB 1862755?1627924086 第 1 次 等待 3 秒
2021-08-03 01:08:11 CHB 1862755?1627924086 第 1 次 获取到号码【1862755】GSD
2021-08-03 01:08:11 获取到号码【1862755】的GSD为【湖南-长沙】
2021-08-03 01:08:17 GSD insert 第 1 次 等待 3 秒
2021-08-03 01:08:20 {"status":"ok","gid":484990,"msg":"添加成功！"}
2021-08-03 01:08:20 下次操作: 2021-08-03 01:08:44

2021-08-03 01:08:44 开始第 8 次操作

2021-08-03 01:08:44 开始操作号码 【1862754】
2021-08-03 01:08:54 GSD getOne 第 1 次 等待 3 秒
2021-08-03 01:08:57 查询号码 【1862754】，返回信息 {"status":"bad","msg":""}
2021-08-03 01:08:57 查询号码 【1862754】，GSD为【""】
2021-08-03 01:08:57 bad
2021-08-03 01:08:58 CHB 1862754?1627924137 第 1 次 等待 3 秒
2021-08-03 01:09:01 CHB 1862754?1627924137 第 1 次 获取到号码【1862754】GSD
2021-08-03 01:09:01 获取到号码【1862754】的GSD为【湖南-长沙】
2021-08-03 01:09:05 GSD insert 第 1 次 等待 3 秒
2021-08-03 01:09:08 {"status":"ok","gid":484998,"msg":"添加成功！"}
2021-08-03 01:09:08 下次操作: 2021-08-03 01:09:27

2021-08-03 01:09:27 开始第 9 次操作

2021-08-03 01:09:27 开始操作号码 【1862753】
2021-08-03 01:09:33 GSD getOne 第 1 次 等待 3 秒
2021-08-03 01:09:36 查询号码 【1862753】，返回信息 {"status":"bad","msg":""}
2021-08-03 01:09:37 查询号码 【1862753】，GSD为【""】
2021-08-03 01:09:37 bad
2021-08-03 01:09:38 CHB 1862753?1627924177 第 1 次 等待 3 秒
2021-08-03 01:09:41 CHB 1862753?1627924177 第 1 次 获取到号码【1862753】GSD
2021-08-03 01:09:41 获取到号码【1862753】的GSD为【湖南-株洲】
2021-08-03 01:09:48 GSD insert 第 1 次 等待 3 秒
2021-08-03 01:09:51 {"status":"ok","gid":485005,"msg":"添加成功！"}
2021-08-03 01:09:51 下次操作: 2021-08-03 01:10:03

2021-08-03 01:10:03 开始第 10 次操作

2021-08-03 01:10:03 开始操作号码 【1862752】
2021-08-03 01:10:09 GSD getOne 第 1 次 等待 3 秒
2021-08-03 01:10:12 查询号码 【1862752】，返回信息 {"status":"bad","msg":""}
2021-08-03 01:10:12 查询号码 【1862752】，GSD为【""】
2021-08-03 01:10:12 bad
2021-08-03 01:10:14 CHB 1862752?1627924212 第 1 次 等待 3 秒
2021-08-03 01:10:17 CHB 1862752?1627924212 第 1 次 获取到号码【1862752】GSD
2021-08-03 01:10:17 获取到号码【1862752】的GSD为【湖南-岳阳】
2021-08-03 01:10:27 GSD insert 第 1 次 等待 3 秒
2021-08-03 01:10:30 {"status":"ok","gid":485012,"msg":"添加成功！"}
2021-08-03 01:10:30 下次操作: 2021-08-03 01:10:45

2021-08-03 01:10:45 开始第 11 次操作

2021-08-03 01:10:45 开始操作号码 【1862751】
2021-08-03 01:10:49 GSD getOne 第 1 次 等待 3 秒
2021-08-03 01:10:52 查询号码 【1862751】，返回信息 {"status":"bad","msg":""}
2021-08-03 01:10:52 查询号码 【1862751】，GSD为【""】
2021-08-03 01:10:52 bad
2021-08-03 01:10:54 CHB 1862751?1627924252 第 1 次 等待 3 秒
2021-08-03 01:10:57 CHB 1862751?1627924252 第 1 次 获取到号码【1862751】GSD
2021-08-03 01:10:57 获取到号码【1862751】的GSD为【湖南-岳阳】
2021-08-03 01:11:02 GSD insert 第 1 次 等待 3 秒
2021-08-03 01:11:05 {"status":"ok","gid":485020,"msg":"添加成功！"}
2021-08-03 01:11:05 下次操作: 2021-08-03 01:11:17

2021-08-03 01:11:17 开始第 12 次操作

2021-08-03 01:11:17 开始操作号码 【1862750】
2021-08-03 01:11:29 GSD getOne 第 1 次 等待 3 秒
2021-08-03 01:11:32 查询号码 【1862750】，返回信息 {"status":"bad","msg":""}
2021-08-03 01:11:32 查询号码 【1862750】，GSD为【""】
2021-08-03 01:11:32 bad
2021-08-03 01:11:33 CHB 1862750?1627924292 第 1 次 等待 3 秒
2021-08-03 01:11:36 CHB 1862750?1627924292 第 1 次 获取到号码【1862750】GSD
2021-08-03 01:11:37 获取到号码【1862750】的GSD为【湖南-岳阳】
2021-08-03 01:11:43 GSD insert 第 1 次 等待 3 秒
2021-08-03 01:11:46 {"status":"ok","gid":485030,"msg":"添加成功！"}
2021-08-03 01:11:46 下次操作: 2021-08-03 01:11:58

2021-08-03 01:11:58 开始第 13 次操作

2021-08-03 01:11:58 开始操作号码 【1862749】
2021-08-03 01:12:04 GSD getOne 第 1 次 等待 3 秒
2021-08-03 01:12:07 查询号码 【1862749】，返回信息 {"status":"bad","msg":""}
2021-08-03 01:12:07 查询号码 【1862749】，GSD为【""】
2021-08-03 01:12:07 bad
2021-08-03 01:12:09 CHB 1862749?1627924327 第 1 次 等待 3 秒
2021-08-03 01:12:12 CHB 1862749?1627924327 第 1 次 获取到号码【1862749】GSD
2021-08-03 01:12:12 获取到号码【1862749】的GSD为【湖南-永州】
2021-08-03 01:12:18 GSD insert 第 1 次 等待 3 秒
2021-08-03 01:12:21 {"status":"ok","gid":485037,"msg":"添加成功！"}
2021-08-03 01:12:21 下次操作: 2021-08-03 01:12:41

2021-08-03 01:12:42 开始第 14 次操作

2021-08-03 01:12:42 开始操作号码 【1862748】
2021-08-03 01:12:46 GSD getOne 第 1 次 等待 3 秒
2021-08-03 01:12:49 查询号码 【1862748】，返回信息 {"status":"bad","msg":""}
2021-08-03 01:12:49 查询号码 【1862748】，GSD为【""】
2021-08-03 01:12:49 bad
2021-08-03 01:12:51 CHB 1862748?1627924369 第 1 次 等待 3 秒
2021-08-03 01:12:54 CHB 1862748?1627924369 第 1 次 获取到号码【1862748】GSD
2021-08-03 01:12:54 获取到号码【1862748】的GSD为【湖南-怀化】
2021-08-03 01:13:02 GSD insert 第 1 次 等待 3 秒
2021-08-03 01:13:05 {"status":"ok","gid":485044,"msg":"添加成功！"}
2021-08-03 01:13:05 下次操作: 2021-08-03 01:13:25

2021-08-03 01:13:25 开始第 15 次操作

2021-08-03 01:13:25 开始操作号码 【1862747】
2021-08-03 01:13:35 GSD getOne 第 1 次 等待 3 秒
2021-08-03 01:13:38 查询号码 【1862747】，返回信息 {"status":"bad","msg":""}
2021-08-03 01:13:38 查询号码 【1862747】，GSD为【""】
2021-08-03 01:13:38 bad
2021-08-03 01:13:39 CHB 1862747?1627924418 第 1 次 等待 3 秒
2021-08-03 01:13:42 CHB 1862747?1627924418 第 1 次 获取到号码【1862747】GSD
2021-08-03 01:13:42 获取到号码【1862747】的GSD为【湖南-衡阳】
2021-08-03 01:13:51 GSD insert 第 1 次 等待 3 秒
2021-08-03 01:13:54 {"status":"ok","gid":485055,"msg":"添加成功！"}
2021-08-03 01:13:54 下次操作: 2021-08-03 01:14:12

2021-08-03 01:14:12 开始第 16 次操作

2021-08-03 01:14:12 开始操作号码 【1862746】
2021-08-03 01:14:23 GSD getOne 第 1 次 等待 3 秒
2021-08-03 01:14:26 查询号码 【1862746】，返回信息 {"status":"bad","msg":""}
2021-08-03 01:14:26 查询号码 【1862746】，GSD为【""】
2021-08-03 01:14:26 bad
2021-08-03 01:14:28 CHB 1862746?1627924466 第 1 次 等待 3 秒
2021-08-03 01:14:31 CHB 1862746?1627924466 第 1 次 获取到号码【1862746】GSD
2021-08-03 01:14:31 获取到号码【1862746】的GSD为【湖南-永州】
2021-08-03 01:14:39 GSD insert 第 1 次 等待 3 秒
2021-08-03 01:14:42 {"status":"ok","gid":485063,"msg":"添加成功！"}
2021-08-03 01:14:42 下次操作: 2021-08-03 01:15:03

2021-08-03 01:15:03 开始第 17 次操作

2021-08-03 01:15:03 开始操作号码 【1862745】
2021-08-03 01:15:08 GSD getOne 第 1 次 等待 3 秒
2021-08-03 01:15:11 查询号码 【1862745】，返回信息 {"status":"bad","msg":""}
2021-08-03 01:15:11 查询号码 【1862745】，GSD为【""】
2021-08-03 01:15:11 bad
2021-08-03 01:15:13 CHB 1862745?1627924511 第 1 次 等待 3 秒
2021-08-03 01:15:16 CHB 1862745?1627924511 第 1 次 获取到号码【1862745】GSD
2021-08-03 01:15:16 获取到号码【1862745】的GSD为【湖南-怀化】
2021-08-03 01:15:24 GSD insert 第 1 次 等待 3 秒
2021-08-03 01:15:27 {"status":"ok","gid":485073,"msg":"添加成功！"}
2021-08-03 01:15:27 下次操作: 2021-08-03 01:15:50

2021-08-03 01:15:50 开始第 18 次操作

2021-08-03 01:15:50 开始操作号码 【1862744】
2021-08-03 01:16:01 GSD getOne 第 1 次 等待 3 秒
2021-08-03 01:16:04 查询号码 【1862744】，返回信息 {"status":"bad","msg":""}
2021-08-03 01:16:04 查询号码 【1862744】，GSD为【""】
2021-08-03 01:16:04 bad
2021-08-03 01:16:06 CHB 1862744?1627924564 第 1 次 等待 3 秒
2021-08-03 01:16:09 CHB 1862744?1627924564 第 1 次 获取到号码【1862744】GSD
2021-08-03 01:16:09 获取到号码【1862744】的GSD为【湖南-张家界】
2021-08-03 01:16:24 GSD insert 第 1 次 等待 3 秒
2021-08-03 01:16:27 {"status":"ok","gid":485084,"msg":"添加成功！"}
2021-08-03 01:16:27 下次操作: 2021-08-03 01:16:39

2021-08-03 01:16:39 开始第 19 次操作

2021-08-03 01:16:39 开始操作号码 【1862743】
2021-08-03 01:16:49 GSD getOne 第 1 次 等待 3 秒
2021-08-03 01:16:52 查询号码 【1862743】，返回信息 {"status":"bad","msg":""}
2021-08-03 01:16:52 查询号码 【1862743】，GSD为【""】
2021-08-03 01:16:52 bad
2021-08-03 01:16:54 CHB 1862743?1627924612 第 1 次 等待 3 秒
2021-08-03 01:16:57 CHB 1862743?1627924612 第 1 次 获取到号码【1862743】GSD
2021-08-03 01:16:57 获取到号码【1862743】的GSD为【湖南-吉首】
2021-08-03 01:17:03 GSD insert 第 1 次 等待 3 秒
2021-08-03 01:17:06 {"status":"ok","gid":485091,"msg":"添加成功！"}
2021-08-03 01:17:06 下次操作: 2021-08-03 01:17:20

2021-08-03 01:17:20 开始第 20 次操作

2021-08-03 01:17:20 开始操作号码 【1862742】
2021-08-03 01:17:27 GSD getOne 第 1 次 等待 3 秒
2021-08-03 01:17:30 查询号码 【1862742】，返回信息 {"status":"bad","msg":""}
2021-08-03 01:17:30 查询号码 【1862742】，GSD为【""】
2021-08-03 01:17:30 bad
2021-08-03 01:17:32 CHB 1862742?1627924650 第 1 次 等待 3 秒
2021-08-03 01:17:35 CHB 1862742?1627924650 第 1 次 获取到号码【1862742】GSD
2021-08-03 01:17:35 获取到号码【1862742】的GSD为【湖南-常德】
2021-08-03 01:17:55 GSD insert 第 1 次 等待 3 秒
2021-08-03 01:17:58 {"status":"ok","gid":485102,"msg":"添加成功！"}
2021-08-03 01:17:58 下次操作: 2021-08-03 01:18:13

2021-08-03 01:18:13 开始第 21 次操作

2021-08-03 01:18:13 开始操作号码 【1862741】
2021-08-03 01:18:20 GSD getOne 第 1 次 等待 3 秒
2021-08-03 01:18:23 查询号码 【1862741】，返回信息 {"status":"bad","msg":""}
2021-08-03 01:18:23 查询号码 【1862741】，GSD为【""】
2021-08-03 01:18:23 bad
2021-08-03 01:18:24 CHB 1862741?1627924703 第 1 次 等待 3 秒
2021-08-03 01:18:27 CHB 1862741?1627924703 第 1 次 获取到号码【1862741】GSD
2021-08-03 01:18:27 获取到号码【1862741】的GSD为【湖南-株洲】
2021-08-03 01:18:31 GSD insert 第 1 次 等待 3 秒
2021-08-03 01:18:34 {"status":"ok","gid":485109,"msg":"添加成功！"}
2021-08-03 01:18:34 下次操作: 2021-08-03 01:18:48

2021-08-03 01:18:48 开始第 22 次操作

2021-08-03 01:18:48 开始操作号码 【1862740】
2021-08-03 01:18:52 GSD getOne 第 1 次 等待 3 秒
2021-08-03 01:18:55 查询号码 【1862740】，返回信息 {"status":"bad","msg":""}
2021-08-03 01:18:55 查询号码 【1862740】，GSD为【""】
2021-08-03 01:18:55 bad
2021-08-03 01:18:57 CHB 1862740?1627924735 第 1 次 等待 3 秒
2021-08-03 01:19:00 CHB 1862740?1627924735 第 1 次 获取到号码【1862740】GSD
2021-08-03 01:19:00 获取到号码【1862740】的GSD为【湖南-岳阳】
2021-08-03 01:19:05 GSD insert 第 1 次 等待 3 秒
2021-08-03 01:19:08 {"status":"ok","gid":485116,"msg":"添加成功！"}
2021-08-03 01:19:08 下次操作: 2021-08-03 01:19:22

2021-08-03 01:19:22 开始第 23 次操作

2021-08-03 01:19:22 开始操作号码 【1862739】
2021-08-03 01:19:27 GSD getOne 第 1 次 等待 3 秒
2021-08-03 01:19:30 查询号码 【1862739】，返回信息 {"status":"bad","msg":""}
2021-08-03 01:19:30 查询号码 【1862739】，GSD为【""】
2021-08-03 01:19:30 bad
2021-08-03 01:19:32 CHB 1862739?1627924770 第 1 次 等待 3 秒
2021-08-03 01:19:35 CHB 1862739?1627924770 第 1 次 获取到号码【1862739】GSD
2021-08-03 01:19:35 获取到号码【1862739】的GSD为【湖南-邵阳】
2021-08-03 01:19:41 GSD insert 第 1 次 等待 3 秒
2021-08-03 01:19:44 {"status":"ok","gid":485124,"msg":"添加成功！"}
2021-08-03 01:19:44 下次操作: 2021-08-03 01:20:08

2021-08-03 01:20:08 开始第 24 次操作

2021-08-03 01:20:08 开始操作号码 【1862738】
2021-08-03 01:20:12 GSD getOne 第 1 次 等待 3 秒
2021-08-03 01:20:15 查询号码 【1862738】，返回信息 {"status":"bad","msg":""}
2021-08-03 01:20:15 查询号码 【1862738】，GSD为【""】
2021-08-03 01:20:15 bad
2021-08-03 01:20:17 CHB 1862738?1627924815 第 1 次 等待 3 秒
2021-08-03 01:20:20 CHB 1862738?1627924815 第 1 次 获取到号码【1862738】GSD
2021-08-03 01:20:20 获取到号码【1862738】的GSD为【湖南-娄底】
2021-08-03 01:20:36 GSD insert 第 1 次 等待 3 秒
2021-08-03 01:20:39 {"status":"ok","gid":485131,"msg":"添加成功！"}
2021-08-03 01:20:39 下次操作: 2021-08-03 01:20:57

2021-08-03 01:20:57 开始第 25 次操作

2021-08-03 01:20:57 开始操作号码 【1862737】
2021-08-03 01:21:07 GSD getOne 第 1 次 等待 3 秒
2021-08-03 01:21:10 查询号码 【1862737】，返回信息 {"status":"bad","msg":""}
2021-08-03 01:21:10 查询号码 【1862737】，GSD为【""】
2021-08-03 01:21:10 bad
2021-08-03 01:21:12 CHB 1862737?1627924870 第 1 次 等待 3 秒
2021-08-03 01:21:15 CHB 1862737?1627924870 第 1 次 获取到号码【1862737】GSD
2021-08-03 01:21:15 获取到号码【1862737】的GSD为【湖南-益阳】
2021-08-03 01:21:25 GSD insert 第 1 次 等待 3 秒
2021-08-03 01:21:28 {"status":"ok","gid":485143,"msg":"添加成功！"}
2021-08-03 01:21:28 下次操作: 2021-08-03 01:21:41

2021-08-03 01:21:41 开始第 26 次操作

2021-08-03 01:21:41 开始操作号码 【1862736】
2021-08-03 01:21:50 GSD getOne 第 1 次 等待 3 秒
2021-08-03 01:21:53 查询号码 【1862736】，返回信息 {"status":"bad","msg":""}
2021-08-03 01:21:53 查询号码 【1862736】，GSD为【""】
2021-08-03 01:21:53 bad
2021-08-03 01:21:55 CHB 1862736?1627924913 第 1 次 等待 3 秒
2021-08-03 01:21:58 CHB 1862736?1627924913 第 1 次 获取到号码【1862736】GSD
2021-08-03 01:21:58 获取到号码【1862736】的GSD为【湖南-常德】
2021-08-03 01:22:01 GSD insert 第 1 次 等待 3 秒
2021-08-03 01:22:04 {"status":"ok","gid":485152,"msg":"添加成功！"}
2021-08-03 01:22:04 下次操作: 2021-08-03 01:22:26

2021-08-03 01:22:26 开始第 27 次操作

2021-08-03 01:22:26 开始操作号码 【1862735】
2021-08-03 01:22:33 GSD getOne 第 1 次 等待 3 秒
2021-08-03 01:22:36 查询号码 【1862735】，返回信息 {"status":"ok","msg":"湖南-郴州","gid":"40665","time_insert":"2018-06-15 14:58","time_update":"2020-09-24 02:31"}
2021-08-03 01:22:36 查询号码 【1862735】，GSD为【"湖南-郴州"】

2021-08-03 01:22:36 开始第 27 次操作

2021-08-03 01:22:36 开始操作号码 【1862734】
2021-08-03 01:22:40 GSD getOne 第 1 次 等待 3 秒
2021-08-03 01:22:43 查询号码 【1862734】，返回信息 {"status":"bad","msg":""}
2021-08-03 01:22:43 查询号码 【1862734】，GSD为【""】
2021-08-03 01:22:43 bad
2021-08-03 01:22:45 CHB 1862734?1627924963 第 1 次 等待 3 秒
2021-08-03 01:22:48 CHB 1862734?1627924963 第 1 次 获取到号码【1862734】GSD
2021-08-03 01:22:48 获取到号码【1862734】的GSD为【湖南-衡阳】
2021-08-03 01:22:54 GSD insert 第 1 次 等待 3 秒
2021-08-03 01:22:57 {"status":"ok","gid":485161,"msg":"添加成功！"}
2021-08-03 01:22:57 下次操作: 2021-08-03 01:23:19

2021-08-03 01:23:19 开始第 28 次操作

2021-08-03 01:23:19 开始操作号码 【1862733】
2021-08-03 01:23:24 GSD getOne 第 1 次 等待 3 秒
2021-08-03 01:23:27 查询号码 【1862733】，返回信息 {"status":"bad","msg":""}
2021-08-03 01:23:27 查询号码 【1862733】，GSD为【""】
2021-08-03 01:23:27 bad
2021-08-03 01:23:29 CHB 1862733?1627925007 第 1 次 等待 3 秒
2021-08-03 01:23:32 CHB 1862733?1627925007 第 1 次 获取到号码【1862733】GSD
2021-08-03 01:23:32 获取到号码【1862733】的GSD为【湖南-株洲】
2021-08-03 01:23:37 GSD insert 第 1 次 等待 3 秒
2021-08-03 01:23:40 {"status":"ok","gid":485173,"msg":"添加成功！"}
2021-08-03 01:23:40 下次操作: 2021-08-03 01:24:01

2021-08-03 01:24:01 开始第 29 次操作

2021-08-03 01:24:01 开始操作号码 【1862732】
2021-08-03 01:24:05 GSD getOne 第 1 次 等待 3 秒
2021-08-03 01:24:08 查询号码 【1862732】，返回信息 {"status":"bad","msg":""}
2021-08-03 01:24:08 查询号码 【1862732】，GSD为【""】
2021-08-03 01:24:08 bad
2021-08-03 01:24:10 CHB 1862732?1627925048 第 1 次 等待 3 秒
2021-08-03 01:24:13 CHB 1862732?1627925048 第 1 次 获取到号码【1862732】GSD
2021-08-03 01:24:13 获取到号码【1862732】的GSD为【湖南-湘潭】
2021-08-03 01:24:22 GSD insert 第 1 次 等待 3 秒
2021-08-03 01:24:25 {"status":"ok","gid":485184,"msg":"添加成功！"}
2021-08-03 01:24:25 下次操作: 2021-08-03 01:24:48

2021-08-03 01:24:48 开始第 30 次操作

2021-08-03 01:24:48 开始操作号码 【1862731】
2021-08-03 01:24:53 GSD getOne 第 1 次 等待 3 秒
2021-08-03 01:24:56 查询号码 【1862731】，返回信息 {"status":"bad","msg":""}
2021-08-03 01:24:56 查询号码 【1862731】，GSD为【""】
2021-08-03 01:24:56 bad
2021-08-03 01:24:58 CHB 1862731?1627925096 第 1 次 等待 3 秒
2021-08-03 01:25:01 CHB 1862731?1627925096 第 1 次 获取到号码【1862731】GSD
2021-08-03 01:25:01 获取到号码【1862731】的GSD为【湖南-长沙】
2021-08-03 01:25:06 GSD insert 第 1 次 等待 3 秒
2021-08-03 01:25:09 {"status":"ok","gid":485194,"msg":"添加成功！"}
2021-08-03 01:25:09 下次操作: 2021-08-03 01:25:25

2021-08-03 01:25:25 开始第 31 次操作

2021-08-03 01:25:25 开始操作号码 【1862730】
2021-08-03 01:25:34 GSD getOne 第 1 次 等待 3 秒
2021-08-03 01:25:37 查询号码 【1862730】，返回信息 {"status":"bad","msg":""}
2021-08-03 01:25:37 查询号码 【1862730】，GSD为【""】
2021-08-03 01:25:37 bad
2021-08-03 01:25:39 CHB 1862730?1627925137 第 1 次 等待 3 秒
2021-08-03 01:25:42 CHB 1862730?1627925137 第 1 次 获取到号码【1862730】GSD
2021-08-03 01:25:42 获取到号码【1862730】的GSD为【湖南-岳阳】
2021-08-03 01:25:45 GSD insert 第 1 次 等待 3 秒
2021-08-03 01:25:48 {"status":"ok","gid":485203,"msg":"添加成功！"}
2021-08-03 01:25:48 下次操作: 2021-08-03 01:26:00

2021-08-03 01:26:00 开始第 32 次操作

2021-08-03 01:26:00 开始操作号码 【1862729】
2021-08-03 01:26:13 GSD getOne 第 1 次 等待 3 秒
2021-08-03 01:26:16 查询号码 【1862729】，返回信息 {"status":"ok","msg":"湖北-荆州","gid":"40664","time_insert":"2018-03-09 10:12","time_update":"2020-09-19 00:44"}
2021-08-03 01:26:16 查询号码 【1862729】，GSD为【"湖北-荆州"】

2021-08-03 01:26:16 开始第 32 次操作

2021-08-03 01:26:17 开始操作号码 【1862728】
2021-08-03 01:26:20 GSD getOne 第 1 次 等待 3 秒
2021-08-03 01:26:23 查询号码 【1862728】，返回信息 {"status":"ok","msg":"湖北-荆州","gid":"40663","time_insert":"2014-09-12 15:29","time_update":"2020-09-19 00:40"}
2021-08-03 01:26:23 查询号码 【1862728】，GSD为【"湖北-荆州"】

2021-08-03 01:26:23 开始第 32 次操作

2021-08-03 01:26:23 开始操作号码 【1862727】
2021-08-03 01:26:31 GSD getOne 第 1 次 等待 3 秒
2021-08-03 01:26:34 查询号码 【1862727】，返回信息 {"status":"ok","msg":"湖北-荆州","gid":"40662","time_insert":"2017-04-19 11:23","time_update":"2020-09-19 00:35"}
2021-08-03 01:26:34 查询号码 【1862727】，GSD为【"湖北-荆州"】

2021-08-03 01:26:34 开始第 32 次操作

2021-08-03 01:26:34 开始操作号码 【1862726】
2021-08-03 01:26:39 GSD getOne 第 1 次 等待 3 秒
2021-08-03 01:26:42 查询号码 【1862726】，返回信息 {"status":"bad","msg":""}
2021-08-03 01:26:42 查询号码 【1862726】，GSD为【""】
2021-08-03 01:26:42 bad
2021-08-03 01:26:44 CHB 1862726?1627925202 第 1 次 等待 3 秒
2021-08-03 01:26:47 CHB 1862726?1627925202 第 1 次 获取到号码【1862726】GSD
2021-08-03 01:26:47 获取到号码【1862726】的GSD为【湖北-荆州】
2021-08-03 01:26:51 GSD insert 第 1 次 等待 3 秒
2021-08-03 01:26:54 {"status":"ok","gid":485213,"msg":"添加成功！"}
2021-08-03 01:26:55 下次操作: 2021-08-03 01:27:08

2021-08-03 01:27:08 开始第 33 次操作

2021-08-03 01:27:08 开始操作号码 【1862725】
2021-08-03 01:27:11 GSD getOne 第 1 次 等待 3 秒
2021-08-03 01:27:14 查询号码 【1862725】，返回信息 {"status":"bad","msg":""}
2021-08-03 01:27:14 查询号码 【1862725】，GSD为【""】
2021-08-03 01:27:14 bad
2021-08-03 01:27:16 CHB 1862725?1627925234 第 1 次 等待 3 秒
2021-08-03 01:27:19 CHB 1862725?1627925234 第 1 次 获取到号码【1862725】GSD
2021-08-03 01:27:19 获取到号码【1862725】的GSD为【湖北-荆州】
2021-08-03 01:27:49 GSD insert 第 1 次 等待 3 秒
2021-08-03 01:27:52 {"status":"ok","gid":485225,"msg":"添加成功！"}
2021-08-03 01:27:52 下次操作: 2021-08-03 01:28:04

2021-08-03 01:28:04 开始第 34 次操作

2021-08-03 01:28:04 开始操作号码 【1862724】
2021-08-03 01:28:07 GSD getOne 第 1 次 等待 3 秒
2021-08-03 01:28:10 查询号码 【1862724】，返回信息 {"status":"bad","msg":""}
2021-08-03 01:28:10 查询号码 【1862724】，GSD为【""】
2021-08-03 01:28:10 bad
2021-08-03 01:28:12 CHB 1862724?1627925290 第 1 次 等待 3 秒
2021-08-03 01:28:15 CHB 1862724?1627925290 第 1 次 获取到号码【1862724】GSD
2021-08-03 01:28:15 获取到号码【1862724】的GSD为【湖北-荆州】
2021-08-03 01:28:21 GSD insert 第 1 次 等待 3 秒
2021-08-03 01:28:24 {"status":"ok","gid":485230,"msg":"添加成功！"}
2021-08-03 01:28:24 下次操作: 2021-08-03 01:28:47

2021-08-03 01:28:47 开始第 35 次操作

2021-08-03 01:28:47 开始操作号码 【1862723】
2021-08-03 01:28:52 GSD getOne 第 1 次 等待 3 秒
2021-08-03 01:28:56 查询号码 【1862723】，返回信息 {"status":"bad","msg":""}
2021-08-03 01:28:56 查询号码 【1862723】，GSD为【""】
2021-08-03 01:28:56 bad
2021-08-03 01:28:57 CHB 1862723?1627925336 第 1 次 等待 3 秒
2021-08-03 01:29:00 CHB 1862723?1627925336 第 1 次 获取到号码【1862723】GSD
2021-08-03 01:29:00 获取到号码【1862723】的GSD为【湖北-荆州】
2021-08-03 01:29:15 GSD insert 第 1 次 等待 3 秒
2021-08-03 01:29:18 {"status":"ok","gid":485242,"msg":"添加成功！"}
2021-08-03 01:29:18 下次操作: 2021-08-03 01:29:35

2021-08-03 01:29:35 开始第 36 次操作

2021-08-03 01:29:35 开始操作号码 【1862722】
2021-08-03 01:29:40 GSD getOne 第 1 次 等待 3 秒
2021-08-03 01:29:43 查询号码 【1862722】，返回信息 {"status":"bad","msg":""}
2021-08-03 01:29:43 查询号码 【1862722】，GSD为【""】
2021-08-03 01:29:43 bad
2021-08-03 01:29:45 CHB 1862722?1627925383 第 1 次 等待 3 秒
2021-08-03 01:29:48 CHB 1862722?1627925383 第 1 次 获取到号码【1862722】GSD
2021-08-03 01:29:48 获取到号码【1862722】的GSD为【湖北-荆州】
2021-08-03 01:29:52 GSD insert 第 1 次 等待 3 秒
2021-08-03 01:29:55 {"status":"ok","gid":485250,"msg":"添加成功！"}
2021-08-03 01:29:55 下次操作: 2021-08-03 01:30:12

2021-08-03 01:30:12 开始第 37 次操作

2021-08-03 01:30:12 开始操作号码 【1862721】
2021-08-03 01:30:18 GSD getOne 第 1 次 等待 3 秒
2021-08-03 01:30:21 查询号码 【1862721】，返回信息 {"status":"bad","msg":""}
2021-08-03 01:30:21 查询号码 【1862721】，GSD为【""】
2021-08-03 01:30:21 bad
2021-08-03 01:30:23 CHB 1862721?1627925421 第 1 次 等待 3 秒
2021-08-03 01:30:26 CHB 1862721?1627925421 第 1 次 获取到号码【1862721】GSD
2021-08-03 01:30:26 获取到号码【1862721】的GSD为【湖北-荆州】
2021-08-03 01:30:30 GSD insert 第 1 次 等待 3 秒
2021-08-03 01:30:33 {"status":"ok","gid":485257,"msg":"添加成功！"}
2021-08-03 01:30:33 下次操作: 2021-08-03 01:30:53

2021-08-03 01:30:53 开始第 38 次操作

2021-08-03 01:30:53 开始操作号码 【1862720】
2021-08-03 01:31:00 GSD getOne 第 1 次 等待 3 秒
2021-08-03 01:31:03 查询号码 【1862720】，返回信息 {"status":"bad","msg":""}
2021-08-03 01:31:03 查询号码 【1862720】，GSD为【""】
2021-08-03 01:31:03 bad
2021-08-03 01:31:04 CHB 1862720?1627925463 第 1 次 等待 3 秒
2021-08-03 01:31:07 CHB 1862720?1627925463 第 1 次 获取到号码【1862720】GSD
2021-08-03 01:31:07 获取到号码【1862720】的GSD为【湖北-荆州】
2021-08-03 01:31:21 GSD insert 第 1 次 等待 3 秒
2021-08-03 01:31:24 {"status":"ok","gid":485266,"msg":"添加成功！"}
2021-08-03 01:31:24 下次操作: 2021-08-03 01:31:39

2021-08-03 01:31:39 开始第 39 次操作

2021-08-03 01:31:39 开始操作号码 【1862719】
2021-08-03 01:31:43 GSD getOne 第 1 次 等待 3 秒
2021-08-03 01:31:46 查询号码 【1862719】，返回信息 {"status":"bad","msg":""}
2021-08-03 01:31:46 查询号码 【1862719】，GSD为【""】
2021-08-03 01:31:46 bad
2021-08-03 01:31:47 CHB 1862719?1627925506 第 1 次 等待 3 秒
2021-08-03 01:31:50 CHB 1862719?1627925506 第 1 次 获取到号码【1862719】GSD
2021-08-03 01:31:50 获取到号码【1862719】的GSD为【湖北-武汉】
2021-08-03 01:31:59 GSD insert 第 1 次 等待 3 秒
2021-08-03 01:32:02 {"status":"ok","gid":485271,"msg":"添加成功！"}
2021-08-03 01:32:02 下次操作: 2021-08-03 01:32:14

2021-08-03 01:32:14 开始第 40 次操作

2021-08-03 01:32:14 开始操作号码 【1862718】
2021-08-03 01:32:41 GSD getOne 第 1 次 等待 3 秒
2021-08-03 01:32:44 查询号码 【1862718】，返回信息 {"status":"bad","msg":""}
2021-08-03 01:32:44 查询号码 【1862718】，GSD为【""】
2021-08-03 01:32:44 bad
2021-08-03 01:32:46 CHB 1862718?1627925564 第 1 次 等待 3 秒
2021-08-03 01:32:49 CHB 1862718?1627925564 第 1 次 获取到号码【1862718】GSD
2021-08-03 01:32:49 获取到号码【1862718】的GSD为【湖北-武汉】
2021-08-03 01:32:53 GSD insert 第 1 次 等待 3 秒
2021-08-03 01:32:56 {"status":"ok","gid":485274,"msg":"添加成功！"}

