2024-10-22 00:12:19 开始第 781 次操作

2024-10-22 00:12:19 开始操作号码 【1300780】
2024-10-22 00:12:20 GSD getOne 第 1 次 等待 3 秒
2024-10-22 00:12:23 查询号码 【1300780】，返回信息 {"status":"ok","msg":"贵州-贵阳","gid":"47605","time_insert":"2021-03-07 10:51"}
2024-10-22 00:12:23 查询号码 【1300780】，GSD为【"贵州-贵阳"】

2024-10-22 00:12:24 开始第 782 次操作

2024-10-22 00:12:24 开始操作号码 【1300781】
2024-10-22 00:12:25 GSD getOne 第 1 次 等待 3 秒
2024-10-22 00:12:28 查询号码 【1300781】，返回信息 {"status":"ok","msg":"贵州-贵阳","gid":"47606","time_insert":"2021-03-07 11:28"}
2024-10-22 00:12:28 查询号码 【1300781】，GSD为【"贵州-贵阳"】

2024-10-22 00:12:29 开始第 783 次操作

2024-10-22 00:12:29 开始操作号码 【1300782】
2024-10-22 00:12:31 GSD getOne 第 1 次 等待 3 秒
2024-10-22 00:12:34 查询号码 【1300782】，返回信息 {"status":"ok","msg":"贵州-贵阳","gid":"47607","time_insert":"2021-03-07 12:04"}
2024-10-22 00:12:34 查询号码 【1300782】，GSD为【"贵州-贵阳"】

2024-10-22 00:12:35 开始第 784 次操作

2024-10-22 00:12:35 开始操作号码 【1300783】
2024-10-22 00:12:36 GSD getOne 第 1 次 等待 3 秒
2024-10-22 00:12:39 查询号码 【1300783】，返回信息 {"status":"ok","msg":"贵州-贵阳","gid":"47608","time_insert":"2021-03-07 12:36"}
2024-10-22 00:12:39 查询号码 【1300783】，GSD为【"贵州-贵阳"】

