2024-08-19 10:41:08 开始第 1 次操作

2024-08-19 10:41:08 开始操作号码 【1380000】
2024-08-19 10:41:16 GSD getOne 第 1 次 等待 3 秒
2024-08-19 10:41:19 查询号码 【1380000】，返回信息 {"status":"ok","msg":"北京-北京","gid":"10874","time_insert":"2013-12-16 17:05","time_update":"2020-12-26 10:50"}
2024-08-19 10:41:19 查询号码 【1380000】，GSD为【"北京-北京"】

2024-08-19 10:41:20 开始第 2 次操作

2024-08-19 10:41:20 开始操作号码 【1380001】
2024-08-19 10:41:27 GSD getOne 第 1 次 等待 3 秒
2024-08-19 10:41:30 查询号码 【1380001】，返回信息 {"status":"ok","msg":"北京-北京","gid":"58352","time_insert":"2021-05-14 04:05"}
2024-08-19 10:41:30 查询号码 【1380001】，GSD为【"北京-北京"】

2024-08-19 10:41:31 开始第 3 次操作

2024-08-19 10:41:31 开始操作号码 【1380002】
2024-08-19 10:41:39 GSD getOne 第 1 次 等待 3 秒
2024-08-19 10:41:42 查询号码 【1380002】，返回信息 {"status":"ok","msg":"北京-北京","gid":"58358","time_insert":"2021-05-14 04:17"}
2024-08-19 10:41:42 查询号码 【1380002】，GSD为【"北京-北京"】

2024-08-19 10:41:43 开始第 4 次操作

2024-08-19 10:41:43 开始操作号码 【1380003】
2024-08-19 10:41:51 GSD getOne 第 1 次 等待 3 秒
2024-08-19 10:41:54 查询号码 【1380003】，返回信息 {"status":"ok","msg":"北京-北京","gid":"58361","time_insert":"2021-05-14 04:24"}
2024-08-19 10:41:54 查询号码 【1380003】，GSD为【"北京-北京"】

