2021-07-04 00:00:04 开始第 10 次操作

2021-07-04 00:00:04 开始操作号码 【1707744】
2021-07-04 00:00:14 GSD getOne 第 1 次 等待 1 秒
2021-07-04 00:00:15 查询号码 【1707744】，返回信息 {"status":"bad","msg":""}
2021-07-04 00:00:15 查询号码 【1707744】，GSD为【""】
2021-07-04 00:00:15 bad
2021-07-04 00:00:17 CHB 1707744?1625328015 第 1 次 等待 1 秒
2021-07-04 00:00:18 CHB 1707744?1625328015 第 1 次 获取到号码【1707744】GSD
2021-07-04 00:00:18 获取到号码【1707744】的GSD为【湖南-长沙】
2021-07-04 00:00:41 GSD insert 第 1 次 等待 1 秒
2021-07-04 00:00:42 {"status":"ok","msg":"添加成功！185554"}
2021-07-04 00:00:42 下次操作: 2021-07-04 00:00:53

2021-07-04 00:00:53 开始第 11 次操作

2021-07-04 00:00:53 开始操作号码 【1707745】
2021-07-04 00:01:04 GSD getOne 第 1 次 等待 1 秒
2021-07-04 00:01:05 查询号码 【1707745】，返回信息 {"status":"bad","msg":""}
2021-07-04 00:01:05 查询号码 【1707745】，GSD为【""】
2021-07-04 00:01:05 bad
2021-07-04 00:01:08 CHB 1707745?1625328065 第 1 次 等待 1 秒
2021-07-04 00:01:09 CHB 1707745?1625328065 第 1 次 获取到号码【1707745】GSD
2021-07-04 00:01:09 获取到号码【1707745】的GSD为【湖南-长沙】
2021-07-04 00:01:28 GSD insert 第 1 次 等待 1 秒
2021-07-04 00:01:29 {"status":"ok","msg":"添加成功！185562"}
2021-07-04 00:01:29 下次操作: 2021-07-04 00:01:46

2021-07-04 00:01:46 开始第 12 次操作

2021-07-04 00:01:46 开始操作号码 【1707746】
2021-07-04 00:01:53 GSD getOne 第 1 次 等待 1 秒
2021-07-04 00:01:54 查询号码 【1707746】，返回信息 {"status":"bad","msg":""}
2021-07-04 00:01:54 查询号码 【1707746】，GSD为【""】
2021-07-04 00:01:54 bad
2021-07-04 00:01:56 CHB 1707746?1625328114 第 1 次 等待 1 秒
2021-07-04 00:01:57 CHB 1707746?1625328114 第 1 次 获取到号码【1707746】GSD
2021-07-04 00:01:57 获取到号码【1707746】的GSD为【湖南-长沙】
2021-07-04 00:02:16 GSD insert 第 1 次 等待 1 秒
2021-07-04 00:02:17 {"status":"ok","msg":"添加成功！185571"}
2021-07-04 00:02:17 下次操作: 2021-07-04 00:02:24

2021-07-04 00:02:24 开始第 13 次操作

2021-07-04 00:02:24 开始操作号码 【1707747】
2021-07-04 00:03:01 GSD getOne 第 1 次 等待 1 秒
2021-07-04 00:03:02 查询号码 【1707747】，返回信息 {"status":"bad","msg":""}
2021-07-04 00:03:03 查询号码 【1707747】，GSD为【""】
2021-07-04 00:03:03 bad
2021-07-04 00:03:05 CHB 1707747?1625328183 第 1 次 等待 1 秒
2021-07-04 00:03:06 CHB 1707747?1625328183 第 1 次 获取到号码【1707747】GSD
2021-07-04 00:03:06 获取到号码【1707747】的GSD为【湖南-长沙】
2021-07-04 00:03:29 GSD insert 第 1 次 等待 1 秒
2021-07-04 00:03:30 {"status":"ok","msg":"添加成功！185587"}
2021-07-04 00:03:30 下次操作: 2021-07-04 00:03:41

2021-07-04 00:03:41 开始第 14 次操作

2021-07-04 00:03:41 开始操作号码 【1707748】
2021-07-04 00:03:54 GSD getOne 第 1 次 等待 1 秒
2021-07-04 00:03:55 查询号码 【1707748】，返回信息 {"status":"bad","msg":""}
2021-07-04 00:03:55 查询号码 【1707748】，GSD为【""】
2021-07-04 00:03:55 bad
2021-07-04 00:03:57 CHB 1707748?1625328235 第 1 次 等待 1 秒
2021-07-04 00:03:58 CHB 1707748?1625328235 第 1 次 获取到号码【1707748】GSD
2021-07-04 00:03:58 获取到号码【1707748】的GSD为【湖南-长沙】
2021-07-04 00:04:17 GSD insert 第 1 次 等待 1 秒
2021-07-04 00:04:18 {"status":"ok","msg":"添加成功！185597"}
2021-07-04 00:04:18 下次操作: 2021-07-04 00:04:29

2021-07-04 00:04:29 开始第 15 次操作

2021-07-04 00:04:29 开始操作号码 【1707749】
2021-07-04 00:04:49 GSD getOne 第 1 次 等待 1 秒
2021-07-04 00:04:50 查询号码 【1707749】，返回信息 {"status":"bad","msg":""}
2021-07-04 00:04:50 查询号码 【1707749】，GSD为【""】
2021-07-04 00:04:50 bad
2021-07-04 00:04:54 CHB 1707749?1625328290 第 1 次 等待 1 秒
2021-07-04 00:04:55 CHB 1707749?1625328290 第 1 次 获取到号码【1707749】GSD
2021-07-04 00:04:55 获取到号码【1707749】的GSD为【湖南-长沙】
2021-07-04 00:05:17 GSD insert 第 1 次 等待 1 秒
2021-07-04 00:05:18 {"status":"ok","msg":"添加成功！185606"}
2021-07-04 00:05:18 下次操作: 2021-07-04 00:05:27

2021-07-04 00:05:27 开始第 16 次操作

2021-07-04 00:05:27 开始操作号码 【1707750】
2021-07-04 00:05:38 GSD getOne 第 1 次 等待 1 秒
2021-07-04 00:05:39 查询号码 【1707750】，返回信息 {"status":"bad","msg":""}
2021-07-04 00:05:39 查询号码 【1707750】，GSD为【""】
2021-07-04 00:05:39 bad
2021-07-04 00:05:41 CHB 1707750?1625328339 第 1 次 等待 1 秒
2021-07-04 00:05:42 CHB 1707750?1625328339 第 1 次 获取到号码【1707750】GSD
2021-07-04 00:05:42 获取到号码【1707750】的GSD为【江西-上饶】
2021-07-04 00:06:01 GSD insert 第 1 次 等待 1 秒
2021-07-04 00:06:02 {"status":"ok","msg":"添加成功！185614"}
2021-07-04 00:06:02 下次操作: 2021-07-04 00:06:11

2021-07-04 00:06:11 开始第 17 次操作

2021-07-04 00:06:11 开始操作号码 【1707751】
2021-07-04 00:06:25 GSD getOne 第 1 次 等待 1 秒
2021-07-04 00:06:26 查询号码 【1707751】，返回信息 {"status":"bad","msg":""}
2021-07-04 00:06:27 查询号码 【1707751】，GSD为【""】
2021-07-04 00:06:27 bad
2021-07-04 00:06:32 CHB 1707751?1625328387 第 1 次 等待 1 秒
2021-07-04 00:06:33 CHB 1707751?1625328387 第 1 次 获取到号码【1707751】GSD
2021-07-04 00:06:33 获取到号码【1707751】的GSD为【江西-上饶】
2021-07-04 00:06:53 GSD insert 第 1 次 等待 1 秒
2021-07-04 00:06:54 {"status":"ok","msg":"添加成功！185627"}
2021-07-04 00:06:54 下次操作: 2021-07-04 00:07:03

2021-07-04 00:07:03 开始第 18 次操作

2021-07-04 00:07:03 开始操作号码 【1707752】
2021-07-04 00:07:23 GSD getOne 第 1 次 等待 1 秒
2021-07-04 00:07:24 查询号码 【1707752】，返回信息 {"status":"bad","msg":""}
2021-07-04 00:07:24 查询号码 【1707752】，GSD为【""】
2021-07-04 00:07:24 bad
2021-07-04 00:07:27 CHB 1707752?1625328444 第 1 次 等待 1 秒
2021-07-04 00:07:28 CHB 1707752?1625328444 第 1 次 获取到号码【1707752】GSD
2021-07-04 00:07:28 获取到号码【1707752】的GSD为【江西-上饶】
2021-07-04 00:07:47 GSD insert 第 1 次 等待 1 秒
2021-07-04 00:07:48 {"status":"ok","msg":"添加成功！185638"}
2021-07-04 00:07:48 下次操作: 2021-07-04 00:08:01

2021-07-04 00:08:01 开始第 19 次操作

2021-07-04 00:08:01 开始操作号码 【1707753】
2021-07-04 00:08:13 GSD getOne 第 1 次 等待 1 秒
2021-07-04 00:08:14 查询号码 【1707753】，返回信息 {"status":"bad","msg":""}
2021-07-04 00:08:14 查询号码 【1707753】，GSD为【""】
2021-07-04 00:08:14 bad
2021-07-04 00:08:16 CHB 1707753?1625328494 第 1 次 等待 1 秒
2021-07-04 00:08:17 CHB 1707753?1625328494 第 1 次 获取到号码【1707753】GSD
2021-07-04 00:08:17 获取到号码【1707753】的GSD为【江西-上饶】
2021-07-04 00:08:38 GSD insert 第 1 次 等待 1 秒
2021-07-04 00:08:39 {"status":"ok","msg":"添加成功！185647"}
2021-07-04 00:08:39 下次操作: 2021-07-04 00:08:53

2021-07-04 00:08:53 开始第 20 次操作

2021-07-04 00:08:53 开始操作号码 【1707754】
2021-07-04 00:09:04 GSD getOne 第 1 次 等待 1 秒
2021-07-04 00:09:05 查询号码 【1707754】，返回信息 {"status":"bad","msg":""}
2021-07-04 00:09:05 查询号码 【1707754】，GSD为【""】
2021-07-04 00:09:05 bad
2021-07-04 00:09:07 CHB 1707754?1625328545 第 1 次 等待 1 秒
2021-07-04 00:09:08 CHB 1707754?1625328545 第 1 次 获取到号码【1707754】GSD
2021-07-04 00:09:08 获取到号码【1707754】的GSD为【江西-上饶】
2021-07-04 00:09:28 GSD insert 第 1 次 等待 1 秒
2021-07-04 00:09:29 {"status":"ok","msg":"添加成功！185657"}
2021-07-04 00:09:29 下次操作: 2021-07-04 00:09:42

2021-07-04 00:09:42 开始第 21 次操作

2021-07-04 00:09:42 开始操作号码 【1707755】
2021-07-04 00:09:49 GSD getOne 第 1 次 等待 1 秒
2021-07-04 00:09:50 查询号码 【1707755】，返回信息 {"status":"bad","msg":""}
2021-07-04 00:09:51 查询号码 【1707755】，GSD为【""】
2021-07-04 00:09:51 bad
2021-07-04 00:09:52 CHB 1707755?1625328591 第 1 次 等待 1 秒
2021-07-04 00:09:53 CHB 1707755?1625328591 第 1 次 获取到号码【1707755】GSD
2021-07-04 00:09:53 获取到号码【1707755】的GSD为【江西-上饶】
2021-07-04 00:10:20 GSD insert 第 1 次 等待 1 秒
2021-07-04 00:10:21 {"status":"ok","msg":"添加成功！185667"}
2021-07-04 00:10:21 下次操作: 2021-07-04 00:10:31

2021-07-04 00:10:31 开始第 22 次操作

2021-07-04 00:10:31 开始操作号码 【1707756】
2021-07-04 00:10:46 GSD getOne 第 1 次 等待 1 秒
2021-07-04 00:10:47 查询号码 【1707756】，返回信息 {"status":"bad","msg":""}
2021-07-04 00:10:47 查询号码 【1707756】，GSD为【""】
2021-07-04 00:10:47 bad
2021-07-04 00:10:50 CHB 1707756?1625328647 第 1 次 等待 1 秒
2021-07-04 00:10:51 CHB 1707756?1625328647 第 1 次 获取到号码【1707756】GSD
2021-07-04 00:10:51 获取到号码【1707756】的GSD为【江西-上饶】
2021-07-04 00:11:26 GSD insert 第 1 次 等待 1 秒
2021-07-04 00:11:27 {"status":"ok","msg":"添加成功！185679"}
2021-07-04 00:11:27 下次操作: 2021-07-04 00:11:34

2021-07-04 00:11:34 开始第 23 次操作

2021-07-04 00:11:34 开始操作号码 【1707757】
2021-07-04 00:11:57 GSD getOne 第 1 次 等待 1 秒
2021-07-04 00:11:58 查询号码 【1707757】，返回信息 {"status":"bad","msg":""}
2021-07-04 00:11:58 查询号码 【1707757】，GSD为【""】
2021-07-04 00:11:58 bad
2021-07-04 00:12:00 CHB 1707757?1625328718 第 1 次 等待 1 秒
2021-07-04 00:12:01 CHB 1707757?1625328718 第 1 次 获取到号码【1707757】GSD
2021-07-04 00:12:01 获取到号码【1707757】的GSD为【江西-景德镇】
2021-07-04 00:12:20 GSD insert 第 1 次 等待 1 秒
2021-07-04 00:12:21 {"status":"ok","msg":"添加成功！185690"}
2021-07-04 00:12:21 下次操作: 2021-07-04 00:12:29

2021-07-04 00:12:29 开始第 24 次操作

2021-07-04 00:12:29 开始操作号码 【1707758】
2021-07-04 00:12:44 GSD getOne 第 1 次 等待 1 秒
2021-07-04 00:12:45 查询号码 【1707758】，返回信息 {"status":"bad","msg":""}
2021-07-04 00:12:45 查询号码 【1707758】，GSD为【""】
2021-07-04 00:12:45 bad
2021-07-04 00:12:48 CHB 1707758?1625328765 第 1 次 等待 1 秒
2021-07-04 00:12:49 CHB 1707758?1625328765 第 1 次 获取到号码【1707758】GSD
2021-07-04 00:12:49 获取到号码【1707758】的GSD为【江西-景德镇】
2021-07-04 00:13:31 GSD insert 第 1 次 等待 1 秒
2021-07-04 00:13:32 {"status":"ok","msg":"添加成功！185705"}
2021-07-04 00:13:32 下次操作: 2021-07-04 00:13:41

2021-07-04 00:13:41 开始第 25 次操作

2021-07-04 00:13:41 开始操作号码 【1707759】
2021-07-04 00:13:52 GSD getOne 第 1 次 等待 1 秒
2021-07-04 00:13:53 查询号码 【1707759】，返回信息 {"status":"bad","msg":""}
2021-07-04 00:13:53 查询号码 【1707759】，GSD为【""】
2021-07-04 00:13:53 bad
2021-07-04 00:13:55 CHB 1707759?1625328833 第 1 次 等待 1 秒
2021-07-04 00:13:56 CHB 1707759?1625328833 第 1 次 获取到号码【1707759】GSD
2021-07-04 00:13:56 获取到号码【1707759】的GSD为【江西-景德镇】
2021-07-04 00:14:17 GSD insert 第 1 次 等待 1 秒
2021-07-04 00:14:18 {"status":"ok","msg":"添加成功！185714"}
2021-07-04 00:14:18 下次操作: 2021-07-04 00:14:26

2021-07-04 00:14:26 开始第 26 次操作

2021-07-04 00:14:26 开始操作号码 【1707760】
2021-07-04 00:14:37 GSD getOne 第 1 次 等待 1 秒
2021-07-04 00:14:38 查询号码 【1707760】，返回信息 {"status":"bad","msg":""}
2021-07-04 00:14:38 查询号码 【1707760】，GSD为【""】
2021-07-04 00:14:38 bad
2021-07-04 00:14:40 CHB 1707760?1625328878 第 1 次 等待 1 秒
2021-07-04 00:14:41 CHB 1707760?1625328878 第 1 次 获取到号码【1707760】GSD
2021-07-04 00:14:41 获取到号码【1707760】的GSD为【云南-昆明】
2021-07-04 00:15:22 GSD insert 第 1 次 等待 1 秒
2021-07-04 00:15:23 {"status":"ok","msg":"添加成功！185724"}
2021-07-04 00:15:23 下次操作: 2021-07-04 00:15:39

2021-07-04 00:15:39 开始第 27 次操作

2021-07-04 00:15:39 开始操作号码 【1707761】
2021-07-04 00:15:47 GSD getOne 第 1 次 等待 1 秒
2021-07-04 00:15:48 查询号码 【1707761】，返回信息 {"status":"bad","msg":""}
2021-07-04 00:15:48 查询号码 【1707761】，GSD为【""】
2021-07-04 00:15:48 bad
2021-07-04 00:15:50 CHB 1707761?1625328948 第 1 次 等待 1 秒
2021-07-04 00:15:51 CHB 1707761?1625328948 第 1 次 获取到号码【1707761】GSD
2021-07-04 00:15:51 获取到号码【1707761】的GSD为【云南-昆明】
2021-07-04 00:16:11 GSD insert 第 1 次 等待 1 秒
2021-07-04 00:16:12 {"status":"ok","msg":"添加成功！185733"}
2021-07-04 00:16:12 下次操作: 2021-07-04 00:16:28

2021-07-04 00:16:28 开始第 28 次操作

2021-07-04 00:16:28 开始操作号码 【1707762】
2021-07-04 00:16:34 GSD getOne 第 1 次 等待 1 秒
2021-07-04 00:16:35 查询号码 【1707762】，返回信息 {"status":"ok","msg":"云南-昆明","time_insert":"2018-06-09 23:03","time_update":"2020-12-03 08:34"}
2021-07-04 00:16:35 查询号码 【1707762】，GSD为【"云南-昆明"】

2021-07-04 00:16:35 开始第 28 次操作

2021-07-04 00:16:35 开始操作号码 【1707763】
2021-07-04 00:17:12 GSD getOne 第 1 次 等待 1 秒
2021-07-04 00:17:13 查询号码 【1707763】，返回信息 {"status":"bad","msg":""}
2021-07-04 00:17:13 查询号码 【1707763】，GSD为【""】
2021-07-04 00:17:13 bad
2021-07-04 00:17:17 CHB 1707763?1625329033 第 1 次 等待 1 秒
2021-07-04 00:17:18 CHB 1707763?1625329033 第 1 次 获取到号码【1707763】GSD
2021-07-04 00:17:18 获取到号码【1707763】的GSD为【云南-昆明】
2021-07-04 00:17:37 GSD insert 第 1 次 等待 1 秒
2021-07-04 00:17:38 {"status":"ok","msg":"添加成功！185746"}
2021-07-04 00:17:38 下次操作: 2021-07-04 00:17:52

2021-07-04 00:17:52 开始第 29 次操作

2021-07-04 00:17:52 开始操作号码 【1707764】
2021-07-04 00:18:03 GSD getOne 第 1 次 等待 1 秒
2021-07-04 00:18:04 查询号码 【1707764】，返回信息 {"status":"bad","msg":""}
2021-07-04 00:18:04 查询号码 【1707764】，GSD为【""】
2021-07-04 00:18:04 bad
2021-07-04 00:18:09 CHB 1707764?1625329084 第 1 次 等待 1 秒
2021-07-04 00:18:10 CHB 1707764?1625329084 第 1 次 获取到号码【1707764】GSD
2021-07-04 00:18:10 获取到号码【1707764】的GSD为【云南-昆明】
2021-07-04 00:18:47 GSD insert 第 1 次 等待 1 秒
2021-07-04 00:18:48 {"status":"ok","msg":"添加成功！185755"}
2021-07-04 00:18:48 下次操作: 2021-07-04 00:19:05

2021-07-04 00:19:05 开始第 30 次操作

2021-07-04 00:19:05 开始操作号码 【1707765】
2021-07-04 00:19:12 GSD getOne 第 1 次 等待 1 秒
2021-07-04 00:19:13 查询号码 【1707765】，返回信息 {"status":"bad","msg":""}
2021-07-04 00:19:13 查询号码 【1707765】，GSD为【""】
2021-07-04 00:19:13 bad
2021-07-04 00:19:16 CHB 1707765?1625329153 第 1 次 等待 1 秒
2021-07-04 00:19:17 CHB 1707765?1625329153 第 1 次 获取到号码【1707765】GSD
2021-07-04 00:19:17 获取到号码【1707765】的GSD为【云南-玉溪】
2021-07-04 00:19:37 GSD insert 第 1 次 等待 1 秒
2021-07-04 00:19:38 {"status":"ok","msg":"添加成功！185759"}

