2024-07-25 00:22:57 开始第 7749 次操作

2024-07-25 00:22:57 开始操作号码 【1497638】
2024-07-25 00:23:05 GSD getOne 第 1 次 等待 3 秒
2024-07-25 00:23:08 查询号码 【1497638】，返回信息 {"status":"ok","msg":"-","gid":"345392","time_insert":"2021-07-21 11:16"}
2024-07-25 00:23:08 查询号码 【1497638】，GSD为【"-"】
2024-07-25 00:23:08 ok && -
2024-07-25 00:23:10 CHB 1497638?1721838188 第 1 次 等待 3 秒
2024-07-25 00:23:13 CHB 1497638?1721838188 第 1 次 获取到号码【1497638】GSD
2024-07-25 00:23:13 未获取到号码【1497638】GSD，可能号码格式错误
2024-07-25 00:23:13 获取到号码【1497638】的GSD为【-】
2024-07-25 00:23:22 GSD insert 第 1 次 等待 3 秒
2024-07-25 00:23:25 {"status":"bad","gid":"345392","msg":"添加失败！号码【1497638(-|-)】已存在！"}
2024-07-25 00:23:25 随机等待 225 秒，约 3 分钟
2024-07-25 00:23:25 下次操作: 2024-07-25 00:27:10

2024-07-25 00:27:10 开始第 7750 次操作

2024-07-25 00:27:10 开始操作号码 【1497639】
2024-07-25 00:27:21 GSD getOne 第 1 次 等待 3 秒
2024-07-25 00:27:24 查询号码 【1497639】，返回信息 {"status":"ok","msg":"-","gid":"345396","time_insert":"2021-07-21 11:18"}
2024-07-25 00:27:24 查询号码 【1497639】，GSD为【"-"】
2024-07-25 00:27:24 ok && -
2024-07-25 00:27:26 CHB 1497639?1721838444 第 1 次 等待 3 秒
2024-07-25 00:27:29 CHB 1497639?1721838444 第 1 次 获取到号码【1497639】GSD
2024-07-25 00:27:29 未获取到号码【1497639】GSD，可能号码格式错误
2024-07-25 00:27:29 获取到号码【1497639】的GSD为【-】
2024-07-25 00:27:38 GSD insert 第 1 次 等待 3 秒
2024-07-25 00:27:41 {"status":"bad","gid":"345396","msg":"添加失败！号码【1497639(-|-)】已存在！"}
2024-07-25 00:27:41 随机等待 128 秒，约 2 分钟
2024-07-25 00:27:41 下次操作: 2024-07-25 00:29:49

2024-07-25 00:29:49 开始第 7751 次操作

2024-07-25 00:29:49 开始操作号码 【1497640】
2024-07-25 00:29:59 GSD getOne 第 1 次 等待 3 秒
2024-07-25 00:30:02 查询号码 【1497640】，返回信息 {"status":"ok","msg":"-","gid":"345403","time_insert":"2021-07-21 11:20"}
2024-07-25 00:30:02 查询号码 【1497640】，GSD为【"-"】
2024-07-25 00:30:02 ok && -
2024-07-25 00:30:03 CHB 1497640?1721838602 第 1 次 等待 3 秒
2024-07-25 00:30:06 CHB 1497640?1721838602 第 1 次 获取到号码【1497640】GSD
2024-07-25 00:30:06 未获取到号码【1497640】GSD，可能号码格式错误
2024-07-25 00:30:06 获取到号码【1497640】的GSD为【-】
2024-07-25 00:30:15 GSD insert 第 1 次 等待 3 秒
2024-07-25 00:30:18 {"status":"bad","gid":"345403","msg":"添加失败！号码【1497640(-|-)】已存在！"}
2024-07-25 00:30:18 随机等待 197 秒，约 3 分钟
2024-07-25 00:30:18 下次操作: 2024-07-25 00:33:35

2024-07-25 00:33:35 开始第 7752 次操作

2024-07-25 00:33:35 开始操作号码 【1497641】
2024-07-25 00:33:44 GSD getOne 第 1 次 等待 3 秒
2024-07-25 00:33:47 查询号码 【1497641】，返回信息 {"status":"ok","msg":"-","gid":"345409","time_insert":"2021-07-21 11:21"}
2024-07-25 00:33:47 查询号码 【1497641】，GSD为【"-"】
2024-07-25 00:33:47 ok && -
2024-07-25 00:33:48 CHB 1497641?1721838827 第 1 次 等待 3 秒
2024-07-25 00:33:51 CHB 1497641?1721838827 第 1 次 获取到号码【1497641】GSD
2024-07-25 00:33:51 未获取到号码【1497641】GSD，可能号码格式错误
2024-07-25 00:33:51 获取到号码【1497641】的GSD为【-】
2024-07-25 00:34:00 GSD insert 第 1 次 等待 3 秒
2024-07-25 00:34:03 {"status":"bad","gid":"345409","msg":"添加失败！号码【1497641(-|-)】已存在！"}

