2024-03-19 00:20:44 开始第 9625 次操作

2024-03-19 00:20:44 开始操作号码 【1719527】
2024-03-19 00:20:55 GSD getOne 第 1 次 等待 3 秒
2024-03-19 00:20:58 查询号码 【1719527】，返回信息 {"status":"ok","msg":"江苏-盐城","gid":"244410","time_insert":"2021-07-11 01:59"}
2024-03-19 00:20:58 查询号码 【1719527】，GSD为【"江苏-盐城"】

2024-03-19 00:20:59 开始第 9626 次操作

2024-03-19 00:20:59 开始操作号码 【1719528】
2024-03-19 00:21:04 GSD getOne 第 1 次 等待 3 秒
2024-03-19 00:21:07 查询号码 【1719528】，返回信息 {"status":"ok","msg":"江苏-常州","gid":"244416","time_insert":"2021-07-11 02:00"}
2024-03-19 00:21:07 查询号码 【1719528】，GSD为【"江苏-常州"】

2024-03-19 00:21:08 开始第 9627 次操作

2024-03-19 00:21:08 开始操作号码 【1719529】
2024-03-19 00:21:14 GSD getOne 第 1 次 等待 3 秒
2024-03-19 00:21:17 查询号码 【1719529】，返回信息 {"status":"ok","msg":"江苏-常州","gid":"244422","time_insert":"2021-07-11 02:00"}
2024-03-19 00:21:17 查询号码 【1719529】，GSD为【"江苏-常州"】

2024-03-19 00:21:18 开始第 9628 次操作

2024-03-19 00:21:18 开始操作号码 【1719530】
2024-03-19 00:21:24 GSD getOne 第 1 次 等待 3 秒
2024-03-19 00:21:27 查询号码 【1719530】，返回信息 {"status":"ok","msg":"山东-青岛","gid":"244429","time_insert":"2021-07-11 02:01"}
2024-03-19 00:21:27 查询号码 【1719530】，GSD为【"山东-青岛"】

2024-03-19 00:40:14 开始第 9629 次操作

2024-03-19 00:40:14 开始操作号码 【1719531】
2024-03-19 00:40:19 GSD getOne 第 1 次 等待 3 秒
2024-03-19 00:40:22 查询号码 【1719531】，返回信息 {"status":"ok","msg":"山东-济南","gid":"244433","time_insert":"2021-07-11 02:02"}
2024-03-19 00:40:22 查询号码 【1719531】，GSD为【"山东-济南"】

2024-03-19 00:40:23 开始第 9630 次操作

2024-03-19 00:40:23 开始操作号码 【1719532】
2024-03-19 00:40:30 GSD getOne 第 1 次 等待 3 秒
2024-03-19 00:40:33 查询号码 【1719532】，返回信息 {"status":"ok","msg":"山东-青岛","gid":"244436","time_insert":"2021-07-11 02:02"}
2024-03-19 00:40:33 查询号码 【1719532】，GSD为【"山东-青岛"】

2024-03-19 00:40:34 开始第 9631 次操作

2024-03-19 00:40:34 开始操作号码 【1719533】
2024-03-19 00:40:38 GSD getOne 第 1 次 等待 3 秒
2024-03-19 00:40:41 查询号码 【1719533】，返回信息 {"status":"ok","msg":"山东-青岛","gid":"244440","time_insert":"2021-07-11 02:03"}
2024-03-19 00:40:41 查询号码 【1719533】，GSD为【"山东-青岛"】

2024-03-19 00:40:43 开始第 9632 次操作

2024-03-19 00:40:43 开始操作号码 【1719534】
2024-03-19 00:40:47 GSD getOne 第 1 次 等待 3 秒
2024-03-19 00:40:50 查询号码 【1719534】，返回信息 {"status":"ok","msg":"山东-烟台","gid":"244443","time_insert":"2021-07-11 02:04"}
2024-03-19 00:40:50 查询号码 【1719534】，GSD为【"山东-烟台"】

2024-03-19 01:15:40 开始第 9633 次操作

2024-03-19 01:15:40 开始操作号码 【1719535】
2024-03-19 01:15:45 GSD getOne 第 1 次 等待 3 秒
2024-03-19 01:15:48 查询号码 【1719535】，返回信息 {"status":"ok","msg":"山东-烟台","gid":"244535","time_insert":"2021-07-11 02:46"}
2024-03-19 01:15:48 查询号码 【1719535】，GSD为【"山东-烟台"】

2024-03-19 01:15:49 开始第 9634 次操作

2024-03-19 01:15:49 开始操作号码 【1719536】
2024-03-19 01:15:53 GSD getOne 第 1 次 等待 3 秒
2024-03-19 01:15:56 查询号码 【1719536】，返回信息 {"status":"ok","msg":"山东-潍坊","gid":"244545","time_insert":"2021-07-11 02:47"}
2024-03-19 01:15:56 查询号码 【1719536】，GSD为【"山东-潍坊"】

2024-03-19 01:15:57 开始第 9635 次操作

2024-03-19 01:15:57 开始操作号码 【1719537】
2024-03-19 01:16:02 GSD getOne 第 1 次 等待 3 秒
2024-03-19 01:16:05 查询号码 【1719537】，返回信息 {"status":"ok","msg":"山东-济宁","gid":"244552","time_insert":"2021-07-11 02:48"}
2024-03-19 01:16:05 查询号码 【1719537】，GSD为【"山东-济宁"】

2024-03-19 01:16:06 开始第 9636 次操作

2024-03-19 01:16:06 开始操作号码 【1719538】
2024-03-19 01:16:10 GSD getOne 第 1 次 等待 3 秒
2024-03-19 01:16:13 查询号码 【1719538】，返回信息 {"status":"ok","msg":"山东-青岛","gid":"244557","time_insert":"2021-07-11 02:48"}
2024-03-19 01:16:13 查询号码 【1719538】，GSD为【"山东-青岛"】

2024-03-19 01:37:37 开始第 9637 次操作

2024-03-19 01:37:37 开始操作号码 【1719539】
2024-03-19 01:37:42 GSD getOne 第 1 次 等待 3 秒
2024-03-19 01:37:45 查询号码 【1719539】，返回信息 {"status":"ok","msg":"山东-临沂","gid":"244564","time_insert":"2021-07-11 02:48"}
2024-03-19 01:37:46 查询号码 【1719539】，GSD为【"山东-临沂"】

2024-03-19 01:37:47 开始第 9638 次操作

2024-03-19 01:37:47 开始操作号码 【1719540】
2024-03-19 01:37:55 GSD getOne 第 1 次 等待 3 秒
2024-03-19 01:37:58 查询号码 【1719540】，返回信息 {"status":"ok","msg":"山东-济宁","gid":"244573","time_insert":"2021-07-11 02:49"}
2024-03-19 01:37:58 查询号码 【1719540】，GSD为【"山东-济宁"】

2024-03-19 01:37:59 开始第 9639 次操作

2024-03-19 01:37:59 开始操作号码 【1719541】
2024-03-19 01:38:04 GSD getOne 第 1 次 等待 3 秒
2024-03-19 01:38:07 查询号码 【1719541】，返回信息 {"status":"ok","msg":"山东-济宁","gid":"244579","time_insert":"2021-07-11 02:49"}
2024-03-19 01:38:07 查询号码 【1719541】，GSD为【"山东-济宁"】

2024-03-19 01:38:08 开始第 9640 次操作

2024-03-19 01:38:08 开始操作号码 【1719542】
2024-03-19 01:38:13 GSD getOne 第 1 次 等待 3 秒
2024-03-19 01:38:16 查询号码 【1719542】，返回信息 {"status":"ok","msg":"山东-济宁","gid":"244593","time_insert":"2021-07-11 02:50"}
2024-03-19 01:38:16 查询号码 【1719542】，GSD为【"山东-济宁"】

2024-03-19 02:19:43 开始第 9641 次操作

2024-03-19 02:19:43 开始操作号码 【1719543】
2024-03-19 02:19:49 GSD getOne 第 1 次 等待 3 秒
2024-03-19 02:19:52 查询号码 【1719543】，返回信息 {"status":"ok","msg":"山东-济宁","gid":"244603","time_insert":"2021-07-11 02:51"}
2024-03-19 02:19:52 查询号码 【1719543】，GSD为【"山东-济宁"】

2024-03-19 02:19:53 开始第 9642 次操作

2024-03-19 02:19:53 开始操作号码 【1719544】
2024-03-19 02:19:58 GSD getOne 第 1 次 等待 3 秒
2024-03-19 02:20:01 查询号码 【1719544】，返回信息 {"status":"ok","msg":"山东-济宁","gid":"244615","time_insert":"2021-07-11 02:51"}
2024-03-19 02:20:02 查询号码 【1719544】，GSD为【"山东-济宁"】

2024-03-19 02:20:03 开始第 9643 次操作

2024-03-19 02:20:03 开始操作号码 【1719545】
2024-03-19 02:20:07 GSD getOne 第 1 次 等待 3 秒
2024-03-19 02:20:10 查询号码 【1719545】，返回信息 {"status":"ok","msg":"山东-济宁","gid":"244627","time_insert":"2021-07-11 02:52"}
2024-03-19 02:20:10 查询号码 【1719545】，GSD为【"山东-济宁"】

2024-03-19 02:20:11 开始第 9644 次操作

2024-03-19 02:20:11 开始操作号码 【1719546】
2024-03-19 02:20:15 GSD getOne 第 1 次 等待 3 秒
2024-03-19 02:20:18 查询号码 【1719546】，返回信息 {"status":"ok","msg":"山东-济宁","gid":"244639","time_insert":"2021-07-11 02:53"}
2024-03-19 02:20:18 查询号码 【1719546】，GSD为【"山东-济宁"】

