2024-05-10 00:21:49 开始第 7973 次操作

2024-05-10 00:21:49 开始操作号码 【1607874】
2024-05-10 00:21:56 GSD getOne 第 1 次 等待 3 秒
2024-05-10 00:21:59 查询号码 【1607874】，返回信息 {"status":"ok","msg":"-","gid":"687615","time_insert":"2023-04-30 23:51"}
2024-05-10 00:21:59 查询号码 【1607874】，GSD为【"-"】
2024-05-10 00:21:59 ok && -
2024-05-10 00:22:01 CHB 1607874?1715271719 第 1 次 等待 3 秒
2024-05-10 00:22:04 CHB 1607874?1715271719 第 1 次 获取到号码【1607874】GSD
2024-05-10 00:22:04 未获取到号码【1607874】GSD，可能号码格式错误
2024-05-10 00:22:04 获取到号码【1607874】的GSD为【-】
2024-05-10 00:22:11 GSD insert 第 1 次 等待 3 秒
2024-05-10 00:22:14 {"status":"bad","gid":"687615","msg":"添加失败！号码【1607874(-|-)】已存在！"}
2024-05-10 00:22:14 随机等待 213 秒，约 3 分钟
2024-05-10 00:22:14 下次操作: 2024-05-10 00:25:47

2024-05-10 00:25:47 开始第 7974 次操作

2024-05-10 00:25:47 开始操作号码 【1607875】
2024-05-10 00:25:55 GSD getOne 第 1 次 等待 3 秒
2024-05-10 00:25:58 查询号码 【1607875】，返回信息 {"status":"ok","msg":"-","gid":"687629","time_insert":"2023-05-01 00:01"}
2024-05-10 00:25:58 查询号码 【1607875】，GSD为【"-"】
2024-05-10 00:25:58 ok && -
2024-05-10 00:26:00 CHB 1607875?1715271958 第 1 次 等待 3 秒
2024-05-10 00:26:03 CHB 1607875?1715271958 第 1 次 获取到号码【1607875】GSD
2024-05-10 00:26:04 未获取到号码【1607875】GSD，可能号码格式错误
2024-05-10 00:26:04 获取到号码【1607875】的GSD为【-】
2024-05-10 00:26:14 GSD insert 第 1 次 等待 3 秒
2024-05-10 00:26:17 {"status":"bad","gid":"687629","msg":"添加失败！号码【1607875(-|-)】已存在！"}
2024-05-10 00:26:17 随机等待 103 秒，约 1 分钟
2024-05-10 00:26:17 下次操作: 2024-05-10 00:28:00

2024-05-10 00:28:00 开始第 7975 次操作

2024-05-10 00:28:00 开始操作号码 【1607876】
2024-05-10 00:28:05 GSD getOne 第 1 次 等待 3 秒
2024-05-10 00:28:08 查询号码 【1607876】，返回信息 {"status":"ok","msg":"-","gid":"687640","time_insert":"2023-05-01 00:11"}
2024-05-10 00:28:08 查询号码 【1607876】，GSD为【"-"】
2024-05-10 00:28:08 ok && -
2024-05-10 00:28:10 CHB 1607876?1715272088 第 1 次 等待 3 秒
2024-05-10 00:28:13 CHB 1607876?1715272088 第 1 次 获取到号码【1607876】GSD
2024-05-10 00:28:13 未获取到号码【1607876】GSD，可能号码格式错误
2024-05-10 00:28:13 获取到号码【1607876】的GSD为【-】
2024-05-10 00:28:19 GSD insert 第 1 次 等待 3 秒
2024-05-10 00:28:22 {"status":"bad","gid":"687640","msg":"添加失败！号码【1607876(-|-)】已存在！"}
2024-05-10 00:28:22 随机等待 110 秒，约 1 分钟
2024-05-10 00:28:22 下次操作: 2024-05-10 00:30:12

2024-05-10 00:30:12 开始第 7976 次操作

2024-05-10 00:30:12 开始操作号码 【1607877】
2024-05-10 00:30:22 GSD getOne 第 1 次 等待 3 秒
2024-05-10 00:30:25 查询号码 【1607877】，返回信息 {"status":"ok","msg":"-","gid":"687655","time_insert":"2023-05-01 00:24"}
2024-05-10 00:30:25 查询号码 【1607877】，GSD为【"-"】
2024-05-10 00:30:25 ok && -
2024-05-10 00:30:27 CHB 1607877?1715272225 第 1 次 等待 3 秒
2024-05-10 00:30:30 CHB 1607877?1715272225 第 1 次 获取到号码【1607877】GSD
2024-05-10 00:30:30 未获取到号码【1607877】GSD，可能号码格式错误
2024-05-10 00:30:30 获取到号码【1607877】的GSD为【-】
2024-05-10 00:30:36 GSD insert 第 1 次 等待 3 秒
2024-05-10 00:30:39 {"status":"bad","gid":"687655","msg":"添加失败！号码【1607877(-|-)】已存在！"}

2024-05-10 00:43:01 开始第 7977 次操作

2024-05-10 00:43:01 开始操作号码 【1607878】
2024-05-10 00:43:11 GSD getOne 第 1 次 等待 3 秒
2024-05-10 00:43:14 查询号码 【1607878】，返回信息 {"status":"ok","msg":"-","gid":"687670","time_insert":"2023-05-01 00:36"}
2024-05-10 00:43:14 查询号码 【1607878】，GSD为【"-"】
2024-05-10 00:43:14 ok && -
2024-05-10 00:43:17 CHB 1607878?1715272994 第 1 次 等待 3 秒
2024-05-10 00:43:20 CHB 1607878?1715272994 第 1 次 获取到号码【1607878】GSD
2024-05-10 00:43:20 未获取到号码【1607878】GSD，可能号码格式错误
2024-05-10 00:43:20 获取到号码【1607878】的GSD为【-】
2024-05-10 00:43:29 GSD insert 第 1 次 等待 3 秒
2024-05-10 00:43:32 {"status":"bad","gid":"687670","msg":"添加失败！号码【1607878(-|-)】已存在！"}
2024-05-10 00:43:32 随机等待 76 秒，约 1 分钟
2024-05-10 00:43:32 下次操作: 2024-05-10 00:44:48

2024-05-10 00:44:48 开始第 7978 次操作

2024-05-10 00:44:48 开始操作号码 【1607879】
2024-05-10 00:44:58 GSD getOne 第 1 次 等待 3 秒
2024-05-10 00:45:01 查询号码 【1607879】，返回信息 {"status":"ok","msg":"-","gid":"687692","time_insert":"2023-05-01 00:54"}
2024-05-10 00:45:01 查询号码 【1607879】，GSD为【"-"】
2024-05-10 00:45:01 ok && -
2024-05-10 00:45:03 CHB 1607879?1715273101 第 1 次 等待 3 秒
2024-05-10 00:45:06 CHB 1607879?1715273101 第 1 次 获取到号码【1607879】GSD
2024-05-10 00:45:06 未获取到号码【1607879】GSD，可能号码格式错误
2024-05-10 00:45:06 获取到号码【1607879】的GSD为【-】
2024-05-10 00:45:14 GSD insert 第 1 次 等待 3 秒
2024-05-10 00:45:17 {"status":"bad","gid":"687692","msg":"添加失败！号码【1607879(-|-)】已存在！"}
2024-05-10 00:45:17 随机等待 157 秒，约 2 分钟
2024-05-10 00:45:17 下次操作: 2024-05-10 00:47:54

2024-05-10 00:47:54 开始第 7979 次操作

2024-05-10 00:47:54 开始操作号码 【1607880】
2024-05-10 00:47:58 GSD getOne 第 1 次 等待 3 秒
2024-05-10 00:48:01 查询号码 【1607880】，返回信息 {"status":"ok","msg":"-","gid":"687705","time_insert":"2023-05-01 01:07"}
2024-05-10 00:48:01 查询号码 【1607880】，GSD为【"-"】
2024-05-10 00:48:01 ok && -
2024-05-10 00:48:03 CHB 1607880?1715273281 第 1 次 等待 3 秒
2024-05-10 00:48:06 CHB 1607880?1715273281 第 1 次 获取到号码【1607880】GSD
2024-05-10 00:48:06 未获取到号码【1607880】GSD，可能号码格式错误
2024-05-10 00:48:06 获取到号码【1607880】的GSD为【-】
2024-05-10 00:48:11 GSD insert 第 1 次 等待 3 秒
2024-05-10 00:48:14 {"status":"bad","gid":"687705","msg":"添加失败！号码【1607880(-|-)】已存在！"}
2024-05-10 00:48:14 随机等待 195 秒，约 3 分钟
2024-05-10 00:48:14 下次操作: 2024-05-10 00:51:29

2024-05-10 00:51:29 开始第 7980 次操作

2024-05-10 00:51:29 开始操作号码 【1607881】
2024-05-10 00:51:34 GSD getOne 第 1 次 等待 3 秒
2024-05-10 00:51:37 查询号码 【1607881】，返回信息 {"status":"ok","msg":"-","gid":"687726","time_insert":"2023-05-01 01:23"}
2024-05-10 00:51:37 查询号码 【1607881】，GSD为【"-"】
2024-05-10 00:51:37 ok && -
2024-05-10 00:51:40 CHB 1607881?1715273497 第 1 次 等待 3 秒
2024-05-10 00:51:43 CHB 1607881?1715273497 第 1 次 获取到号码【1607881】GSD
2024-05-10 00:51:43 未获取到号码【1607881】GSD，可能号码格式错误
2024-05-10 00:51:43 获取到号码【1607881】的GSD为【-】
2024-05-10 00:51:49 GSD insert 第 1 次 等待 3 秒
2024-05-10 00:51:52 {"status":"bad","gid":"687726","msg":"添加失败！号码【1607881(-|-)】已存在！"}

2024-05-10 01:14:48 开始第 7981 次操作

2024-05-10 01:14:48 开始操作号码 【1607882】
2024-05-10 01:15:56 GSD getOne 第 1 次 等待 3 秒
2024-05-10 01:15:59 查询号码 【1607882】，返回信息 {"status":"ok","msg":"-","gid":"687753","time_insert":"2023-05-01 01:45"}
2024-05-10 01:15:59 查询号码 【1607882】，GSD为【"-"】
2024-05-10 01:15:59 ok && -
2024-05-10 01:16:01 CHB 1607882?1715274959 第 1 次 等待 3 秒
2024-05-10 01:16:04 CHB 1607882?1715274959 第 1 次 获取到号码【1607882】GSD
2024-05-10 01:16:04 未获取到号码【1607882】GSD，可能号码格式错误
2024-05-10 01:16:04 获取到号码【1607882】的GSD为【-】
2024-05-10 01:16:14 GSD insert 第 1 次 等待 3 秒
2024-05-10 01:16:17 {"status":"bad","gid":"687753","msg":"添加失败！号码【1607882(-|-)】已存在！"}
2024-05-10 01:16:17 随机等待 185 秒，约 3 分钟
2024-05-10 01:16:17 下次操作: 2024-05-10 01:19:22

2024-05-10 01:19:22 开始第 7982 次操作

2024-05-10 01:19:22 开始操作号码 【1607883】
2024-05-10 01:19:30 GSD getOne 第 1 次 等待 3 秒
2024-05-10 01:19:33 查询号码 【1607883】，返回信息 {"status":"ok","msg":"-","gid":"687776","time_insert":"2023-05-01 02:04"}
2024-05-10 01:19:33 查询号码 【1607883】，GSD为【"-"】
2024-05-10 01:19:33 ok && -
2024-05-10 01:19:36 CHB 1607883?1715275173 第 1 次 等待 3 秒
2024-05-10 01:19:39 CHB 1607883?1715275173 第 1 次 获取到号码【1607883】GSD
2024-05-10 01:19:39 未获取到号码【1607883】GSD，可能号码格式错误
2024-05-10 01:19:39 获取到号码【1607883】的GSD为【-】
2024-05-10 01:19:53 GSD insert 第 1 次 等待 3 秒
2024-05-10 01:19:56 {"status":"bad","gid":"687776","msg":"添加失败！号码【1607883(-|-)】已存在！"}
2024-05-10 01:19:56 随机等待 168 秒，约 2 分钟
2024-05-10 01:19:56 下次操作: 2024-05-10 01:22:44

2024-05-10 01:22:44 开始第 7983 次操作

2024-05-10 01:22:44 开始操作号码 【1607884】
2024-05-10 01:22:50 GSD getOne 第 1 次 等待 3 秒
2024-05-10 01:22:53 查询号码 【1607884】，返回信息 {"status":"ok","msg":"-","gid":"687795","time_insert":"2023-05-01 02:21"}
2024-05-10 01:22:53 查询号码 【1607884】，GSD为【"-"】
2024-05-10 01:22:53 ok && -
2024-05-10 01:22:55 CHB 1607884?1715275373 第 1 次 等待 3 秒
2024-05-10 01:22:58 CHB 1607884?1715275373 第 1 次 获取到号码【1607884】GSD
2024-05-10 01:22:58 未获取到号码【1607884】GSD，可能号码格式错误
2024-05-10 01:22:58 获取到号码【1607884】的GSD为【-】
2024-05-10 01:23:06 GSD insert 第 1 次 等待 3 秒
2024-05-10 01:23:09 {"status":"bad","gid":"687795","msg":"添加失败！号码【1607884(-|-)】已存在！"}
2024-05-10 01:23:09 随机等待 109 秒，约 1 分钟
2024-05-10 01:23:09 下次操作: 2024-05-10 01:24:58

2024-05-10 01:24:58 开始第 7984 次操作

2024-05-10 01:24:58 开始操作号码 【1607885】
2024-05-10 01:25:05 GSD getOne 第 1 次 等待 3 秒
2024-05-10 01:25:08 查询号码 【1607885】，返回信息 {"status":"ok","msg":"-","gid":"687823","time_insert":"2023-05-01 02:43"}
2024-05-10 01:25:08 查询号码 【1607885】，GSD为【"-"】
2024-05-10 01:25:08 ok && -
2024-05-10 01:25:11 CHB 1607885?1715275508 第 1 次 等待 3 秒
2024-05-10 01:25:14 CHB 1607885?1715275508 第 1 次 获取到号码【1607885】GSD
2024-05-10 01:25:15 未获取到号码【1607885】GSD，可能号码格式错误
2024-05-10 01:25:15 获取到号码【1607885】的GSD为【-】
2024-05-10 01:25:21 GSD insert 第 1 次 等待 3 秒
2024-05-10 01:25:24 {"status":"bad","gid":"687823","msg":"添加失败！号码【1607885(-|-)】已存在！"}

2024-05-10 01:37:17 开始第 7985 次操作

2024-05-10 01:37:17 开始操作号码 【1607886】
2024-05-10 01:37:24 GSD getOne 第 1 次 等待 3 秒
2024-05-10 01:37:27 查询号码 【1607886】，返回信息 {"status":"ok","msg":"-","gid":"687848","time_insert":"2023-05-01 03:02"}
2024-05-10 01:37:27 查询号码 【1607886】，GSD为【"-"】
2024-05-10 01:37:27 ok && -
2024-05-10 01:37:29 CHB 1607886?1715276247 第 1 次 等待 3 秒
2024-05-10 01:37:32 CHB 1607886?1715276247 第 1 次 获取到号码【1607886】GSD
2024-05-10 01:37:32 未获取到号码【1607886】GSD，可能号码格式错误
2024-05-10 01:37:32 获取到号码【1607886】的GSD为【-】
2024-05-10 01:37:41 GSD insert 第 1 次 等待 3 秒
2024-05-10 01:37:44 {"status":"bad","gid":"687848","msg":"添加失败！号码【1607886(-|-)】已存在！"}
2024-05-10 01:37:44 随机等待 175 秒，约 2 分钟
2024-05-10 01:37:44 下次操作: 2024-05-10 01:40:39

2024-05-10 01:40:39 开始第 7986 次操作

2024-05-10 01:40:39 开始操作号码 【1607887】
2024-05-10 01:40:45 GSD getOne 第 1 次 等待 3 秒
2024-05-10 01:40:48 查询号码 【1607887】，返回信息 {"status":"ok","msg":"-","gid":"687874","time_insert":"2023-05-01 03:20"}
2024-05-10 01:40:48 查询号码 【1607887】，GSD为【"-"】
2024-05-10 01:40:48 ok && -
2024-05-10 01:40:50 CHB 1607887?1715276448 第 1 次 等待 3 秒
2024-05-10 01:40:53 CHB 1607887?1715276448 第 1 次 获取到号码【1607887】GSD
2024-05-10 01:40:53 未获取到号码【1607887】GSD，可能号码格式错误
2024-05-10 01:40:53 获取到号码【1607887】的GSD为【-】
2024-05-10 01:41:00 GSD insert 第 1 次 等待 3 秒
2024-05-10 01:41:03 {"status":"bad","gid":"687874","msg":"添加失败！号码【1607887(-|-)】已存在！"}
2024-05-10 01:41:03 随机等待 66 秒，约 1 分钟
2024-05-10 01:41:03 下次操作: 2024-05-10 01:42:09

2024-05-10 01:42:09 开始第 7987 次操作

2024-05-10 01:42:09 开始操作号码 【1607888】
2024-05-10 01:42:14 GSD getOne 第 1 次 等待 3 秒
2024-05-10 01:42:17 查询号码 【1607888】，返回信息 {"status":"ok","msg":"-","gid":"687891","time_insert":"2023-05-01 03:36"}
2024-05-10 01:42:17 查询号码 【1607888】，GSD为【"-"】
2024-05-10 01:42:17 ok && -
2024-05-10 01:42:19 CHB 1607888?1715276537 第 1 次 等待 3 秒
2024-05-10 01:42:22 CHB 1607888?1715276537 第 1 次 获取到号码【1607888】GSD
2024-05-10 01:42:22 未获取到号码【1607888】GSD，可能号码格式错误
2024-05-10 01:42:22 获取到号码【1607888】的GSD为【-】
2024-05-10 01:42:27 GSD insert 第 1 次 等待 3 秒
2024-05-10 01:42:30 {"status":"bad","gid":"687891","msg":"添加失败！号码【1607888(-|-)】已存在！"}
2024-05-10 01:42:30 随机等待 171 秒，约 2 分钟
2024-05-10 01:42:30 下次操作: 2024-05-10 01:45:21

2024-05-10 01:45:21 开始第 7988 次操作

2024-05-10 01:45:21 开始操作号码 【1607889】
2024-05-10 01:45:26 GSD getOne 第 1 次 等待 3 秒
2024-05-10 01:45:29 查询号码 【1607889】，返回信息 {"status":"ok","msg":"-","gid":"687905","time_insert":"2023-05-01 03:45"}
2024-05-10 01:45:29 查询号码 【1607889】，GSD为【"-"】
2024-05-10 01:45:29 ok && -
2024-05-10 01:45:32 CHB 1607889?1715276729 第 1 次 等待 3 秒
2024-05-10 01:45:35 CHB 1607889?1715276729 第 1 次 获取到号码【1607889】GSD
2024-05-10 01:45:35 未获取到号码【1607889】GSD，可能号码格式错误
2024-05-10 01:45:35 获取到号码【1607889】的GSD为【-】
2024-05-10 01:45:39 GSD insert 第 1 次 等待 3 秒
2024-05-10 01:45:42 {"status":"bad","gid":"687905","msg":"添加失败！号码【1607889(-|-)】已存在！"}

2024-05-10 02:21:40 开始第 7989 次操作

2024-05-10 02:21:40 开始操作号码 【1607890】
2024-05-10 02:21:45 GSD getOne 第 1 次 等待 3 秒
2024-05-10 02:21:48 查询号码 【1607890】，返回信息 {"status":"ok","msg":"-","gid":"687919","time_insert":"2023-05-01 03:58"}
2024-05-10 02:21:48 查询号码 【1607890】，GSD为【"-"】
2024-05-10 02:21:48 ok && -
2024-05-10 02:21:51 CHB 1607890?1715278908 第 1 次 等待 3 秒
2024-05-10 02:21:54 CHB 1607890?1715278908 第 1 次 获取到号码【1607890】GSD
2024-05-10 02:21:54 未获取到号码【1607890】GSD，可能号码格式错误
2024-05-10 02:21:54 获取到号码【1607890】的GSD为【-】
2024-05-10 02:21:58 GSD insert 第 1 次 等待 3 秒
2024-05-10 02:22:01 {"status":"bad","gid":"687919","msg":"添加失败！号码【1607890(-|-)】已存在！"}
2024-05-10 02:22:01 随机等待 136 秒，约 2 分钟
2024-05-10 02:22:01 下次操作: 2024-05-10 02:24:17

2024-05-10 02:24:17 开始第 7990 次操作

2024-05-10 02:24:17 开始操作号码 【1607891】
2024-05-10 02:24:23 GSD getOne 第 1 次 等待 3 秒
2024-05-10 02:24:26 查询号码 【1607891】，返回信息 {"status":"ok","msg":"-","gid":"687942","time_insert":"2023-05-01 04:17"}
2024-05-10 02:24:26 查询号码 【1607891】，GSD为【"-"】
2024-05-10 02:24:26 ok && -
2024-05-10 02:24:28 CHB 1607891?1715279066 第 1 次 等待 3 秒
2024-05-10 02:24:31 CHB 1607891?1715279066 第 1 次 获取到号码【1607891】GSD
2024-05-10 02:24:32 未获取到号码【1607891】GSD，可能号码格式错误
2024-05-10 02:24:32 获取到号码【1607891】的GSD为【-】
2024-05-10 02:24:36 GSD insert 第 1 次 等待 3 秒
2024-05-10 02:24:39 {"status":"bad","gid":"687942","msg":"添加失败！号码【1607891(-|-)】已存在！"}
2024-05-10 02:24:39 随机等待 85 秒，约 1 分钟
2024-05-10 02:24:39 下次操作: 2024-05-10 02:26:04

2024-05-10 02:26:04 开始第 7991 次操作

2024-05-10 02:26:04 开始操作号码 【1607892】
2024-05-10 02:26:09 GSD getOne 第 1 次 等待 3 秒
2024-05-10 02:26:12 查询号码 【1607892】，返回信息 {"status":"ok","msg":"-","gid":"687970","time_insert":"2023-05-01 04:38"}
2024-05-10 02:26:12 查询号码 【1607892】，GSD为【"-"】
2024-05-10 02:26:12 ok && -
2024-05-10 02:26:15 CHB 1607892?1715279172 第 1 次 等待 3 秒
2024-05-10 02:26:18 CHB 1607892?1715279172 第 1 次 获取到号码【1607892】GSD
2024-05-10 02:26:18 未获取到号码【1607892】GSD，可能号码格式错误
2024-05-10 02:26:18 获取到号码【1607892】的GSD为【-】
2024-05-10 02:26:24 GSD insert 第 1 次 等待 3 秒
2024-05-10 02:26:27 {"status":"bad","gid":"687970","msg":"添加失败！号码【1607892(-|-)】已存在！"}
2024-05-10 02:26:27 随机等待 114 秒，约 1 分钟
2024-05-10 02:26:27 下次操作: 2024-05-10 02:28:21

2024-05-10 02:28:21 开始第 7992 次操作

2024-05-10 02:28:21 开始操作号码 【1607893】
2024-05-10 02:28:26 GSD getOne 第 1 次 等待 3 秒
2024-05-10 02:28:29 查询号码 【1607893】，返回信息 {"status":"ok","msg":"-","gid":"687993","time_insert":"2023-05-01 04:56"}
2024-05-10 02:28:29 查询号码 【1607893】，GSD为【"-"】
2024-05-10 02:28:29 ok && -
2024-05-10 02:28:31 CHB 1607893?1715279309 第 1 次 等待 3 秒
2024-05-10 02:28:34 CHB 1607893?1715279309 第 1 次 获取到号码【1607893】GSD
2024-05-10 02:28:34 未获取到号码【1607893】GSD，可能号码格式错误
2024-05-10 02:28:34 获取到号码【1607893】的GSD为【-】
2024-05-10 02:28:39 GSD insert 第 1 次 等待 3 秒
2024-05-10 02:28:42 {"status":"bad","gid":"687993","msg":"添加失败！号码【1607893(-|-)】已存在！"}

2024-05-10 02:37:29 开始第 7993 次操作

2024-05-10 02:37:29 开始操作号码 【1607894】
2024-05-10 02:37:34 GSD getOne 第 1 次 等待 3 秒
2024-05-10 02:37:37 查询号码 【1607894】，返回信息 {"status":"ok","msg":"-","gid":"688017","time_insert":"2023-05-01 05:18"}
2024-05-10 02:37:37 查询号码 【1607894】，GSD为【"-"】
2024-05-10 02:37:37 ok && -
2024-05-10 02:37:39 CHB 1607894?1715279857 第 1 次 等待 3 秒
2024-05-10 02:37:42 CHB 1607894?1715279857 第 1 次 获取到号码【1607894】GSD
2024-05-10 02:37:42 未获取到号码【1607894】GSD，可能号码格式错误
2024-05-10 02:37:42 获取到号码【1607894】的GSD为【-】
2024-05-10 02:37:52 GSD insert 第 1 次 等待 3 秒
2024-05-10 02:37:55 {"status":"bad","gid":"688017","msg":"添加失败！号码【1607894(-|-)】已存在！"}
2024-05-10 02:37:55 随机等待 219 秒，约 3 分钟
2024-05-10 02:37:55 下次操作: 2024-05-10 02:41:34

2024-05-10 02:41:34 开始第 7994 次操作

2024-05-10 02:41:34 开始操作号码 【1607895】
2024-05-10 02:41:40 GSD getOne 第 1 次 等待 3 秒
2024-05-10 02:41:43 查询号码 【1607895】，返回信息 {"status":"ok","msg":"-","gid":"688039","time_insert":"2023-05-01 05:34"}
2024-05-10 02:41:43 查询号码 【1607895】，GSD为【"-"】
2024-05-10 02:41:43 ok && -
2024-05-10 02:41:45 CHB 1607895?1715280103 第 1 次 等待 3 秒
2024-05-10 02:41:48 CHB 1607895?1715280103 第 1 次 获取到号码【1607895】GSD
2024-05-10 02:41:48 未获取到号码【1607895】GSD，可能号码格式错误
2024-05-10 02:41:48 获取到号码【1607895】的GSD为【-】
2024-05-10 02:41:54 GSD insert 第 1 次 等待 3 秒
2024-05-10 02:41:57 {"status":"bad","gid":"688039","msg":"添加失败！号码【1607895(-|-)】已存在！"}
2024-05-10 02:41:57 随机等待 115 秒，约 1 分钟
2024-05-10 02:41:57 下次操作: 2024-05-10 02:43:52

2024-05-10 02:43:52 开始第 7995 次操作

2024-05-10 02:43:52 开始操作号码 【1607896】
2024-05-10 02:43:57 GSD getOne 第 1 次 等待 3 秒
2024-05-10 02:44:00 查询号码 【1607896】，返回信息 {"status":"ok","msg":"-","gid":"688060","time_insert":"2023-05-01 05:51"}
2024-05-10 02:44:00 查询号码 【1607896】，GSD为【"-"】
2024-05-10 02:44:00 ok && -
2024-05-10 02:44:03 CHB 1607896?1715280240 第 1 次 等待 3 秒
2024-05-10 02:44:06 CHB 1607896?1715280240 第 1 次 获取到号码【1607896】GSD
2024-05-10 02:44:06 未获取到号码【1607896】GSD，可能号码格式错误
2024-05-10 02:44:06 获取到号码【1607896】的GSD为【-】
2024-05-10 02:44:10 GSD insert 第 1 次 等待 3 秒
2024-05-10 02:44:13 {"status":"bad","gid":"688060","msg":"添加失败！号码【1607896(-|-)】已存在！"}
2024-05-10 02:44:13 随机等待 199 秒，约 3 分钟
2024-05-10 02:44:13 下次操作: 2024-05-10 02:47:32

2024-05-10 02:47:32 开始第 7996 次操作

2024-05-10 02:47:32 开始操作号码 【1607897】
2024-05-10 02:47:41 GSD getOne 第 1 次 等待 3 秒
2024-05-10 02:47:44 查询号码 【1607897】，返回信息 {"status":"ok","msg":"-","gid":"688066","time_insert":"2023-05-01 06:00"}
2024-05-10 02:47:44 查询号码 【1607897】，GSD为【"-"】
2024-05-10 02:47:44 ok && -
2024-05-10 02:47:46 CHB 1607897?1715280464 第 1 次 等待 3 秒
2024-05-10 02:47:49 CHB 1607897?1715280464 第 1 次 获取到号码【1607897】GSD
2024-05-10 02:47:49 未获取到号码【1607897】GSD，可能号码格式错误
2024-05-10 02:47:49 获取到号码【1607897】的GSD为【-】
2024-05-10 02:47:54 GSD insert 第 1 次 等待 3 秒
2024-05-10 02:47:57 {"status":"bad","gid":"688066","msg":"添加失败！号码【1607897(-|-)】已存在！"}

2024-05-10 03:13:06 开始第 7997 次操作

2024-05-10 03:13:06 开始操作号码 【1607898】
2024-05-10 03:13:13 GSD getOne 第 1 次 等待 3 秒
2024-05-10 03:13:16 查询号码 【1607898】，返回信息 {"status":"ok","msg":"-","gid":"688078","time_insert":"2023-05-01 06:13"}
2024-05-10 03:13:16 查询号码 【1607898】，GSD为【"-"】
2024-05-10 03:13:16 ok && -
2024-05-10 03:13:18 CHB 1607898?1715281996 第 1 次 等待 3 秒
2024-05-10 03:13:21 CHB 1607898?1715281996 第 1 次 获取到号码【1607898】GSD
2024-05-10 03:13:21 未获取到号码【1607898】GSD，可能号码格式错误
2024-05-10 03:13:21 获取到号码【1607898】的GSD为【-】
2024-05-10 03:13:25 GSD insert 第 1 次 等待 3 秒
2024-05-10 03:13:28 {"status":"bad","gid":"688078","msg":"添加失败！号码【1607898(-|-)】已存在！"}
2024-05-10 03:13:28 随机等待 95 秒，约 1 分钟
2024-05-10 03:13:28 下次操作: 2024-05-10 03:15:03

2024-05-10 03:15:03 开始第 7998 次操作

2024-05-10 03:15:03 开始操作号码 【1607899】
2024-05-10 03:15:07 GSD getOne 第 1 次 等待 3 秒
2024-05-10 03:15:10 查询号码 【1607899】，返回信息 {"status":"ok","msg":"-","gid":"688094","time_insert":"2023-05-01 06:29"}
2024-05-10 03:15:11 查询号码 【1607899】，GSD为【"-"】
2024-05-10 03:15:11 ok && -
2024-05-10 03:15:13 CHB 1607899?1715282111 第 1 次 等待 3 秒
2024-05-10 03:15:16 CHB 1607899?1715282111 第 1 次 获取到号码【1607899】GSD
2024-05-10 03:15:16 未获取到号码【1607899】GSD，可能号码格式错误
2024-05-10 03:15:16 获取到号码【1607899】的GSD为【-】
2024-05-10 03:15:20 GSD insert 第 1 次 等待 3 秒
2024-05-10 03:15:23 {"status":"bad","gid":"688094","msg":"添加失败！号码【1607899(-|-)】已存在！"}
2024-05-10 03:15:23 随机等待 146 秒，约 2 分钟
2024-05-10 03:15:23 下次操作: 2024-05-10 03:17:49

2024-05-10 03:17:49 开始第 7999 次操作

2024-05-10 03:17:49 开始操作号码 【1607900】
2024-05-10 03:17:54 GSD getOne 第 1 次 等待 3 秒
2024-05-10 03:17:57 查询号码 【1607900】，返回信息 {"status":"ok","msg":"-","gid":"688113","time_insert":"2023-05-01 06:50"}
2024-05-10 03:17:57 查询号码 【1607900】，GSD为【"-"】
2024-05-10 03:17:57 ok && -
2024-05-10 03:17:59 CHB 1607900?1715282277 第 1 次 等待 3 秒
2024-05-10 03:18:02 CHB 1607900?1715282277 第 1 次 获取到号码【1607900】GSD
2024-05-10 03:18:02 未获取到号码【1607900】GSD，可能号码格式错误
2024-05-10 03:18:02 获取到号码【1607900】的GSD为【-】
2024-05-10 03:18:08 GSD insert 第 1 次 等待 3 秒
2024-05-10 03:18:11 {"status":"bad","gid":"688113","msg":"添加失败！号码【1607900(-|-)】已存在！"}
2024-05-10 03:18:11 随机等待 79 秒，约 1 分钟
2024-05-10 03:18:11 下次操作: 2024-05-10 03:19:30

2024-05-10 03:19:30 开始第 8000 次操作

2024-05-10 03:19:30 开始操作号码 【1607901】
2024-05-10 03:19:34 GSD getOne 第 1 次 等待 3 秒
2024-05-10 03:19:37 查询号码 【1607901】，返回信息 {"status":"ok","msg":"-","gid":"688122","time_insert":"2023-05-01 07:01"}
2024-05-10 03:19:37 查询号码 【1607901】，GSD为【"-"】
2024-05-10 03:19:37 ok && -
2024-05-10 03:19:39 CHB 1607901?1715282377 第 1 次 等待 3 秒
2024-05-10 03:19:43 CHB 1607901?1715282377 第 1 次 获取到号码【1607901】GSD
2024-05-10 03:19:43 未获取到号码【1607901】GSD，可能号码格式错误
2024-05-10 03:19:43 获取到号码【1607901】的GSD为【-】
2024-05-10 03:19:47 GSD insert 第 1 次 等待 3 秒
2024-05-10 03:19:50 {"status":"bad","gid":"688122","msg":"添加失败！号码【1607901(-|-)】已存在！"}

2024-05-10 03:37:35 开始第 8001 次操作

2024-05-10 03:37:35 开始操作号码 【1607902】
2024-05-10 03:37:42 GSD getOne 第 1 次 等待 3 秒
2024-05-10 03:37:45 查询号码 【1607902】，返回信息 {"status":"ok","msg":"-","gid":"688136","time_insert":"2023-05-01 07:17"}
2024-05-10 03:37:45 查询号码 【1607902】，GSD为【"-"】
2024-05-10 03:37:45 ok && -
2024-05-10 03:37:48 CHB 1607902?1715283465 第 1 次 等待 3 秒
2024-05-10 03:37:51 CHB 1607902?1715283465 第 1 次 获取到号码【1607902】GSD
2024-05-10 03:37:51 未获取到号码【1607902】GSD，可能号码格式错误
2024-05-10 03:37:51 获取到号码【1607902】的GSD为【-】
2024-05-10 03:37:59 GSD insert 第 1 次 等待 3 秒
2024-05-10 03:38:02 {"status":"bad","gid":"688136","msg":"添加失败！号码【1607902(-|-)】已存在！"}
2024-05-10 03:38:02 随机等待 230 秒，约 3 分钟
2024-05-10 03:38:02 下次操作: 2024-05-10 03:41:52

2024-05-10 03:41:52 开始第 8002 次操作

2024-05-10 03:41:52 开始操作号码 【1607903】
2024-05-10 03:42:18 GSD getOne 第 1 次 等待 3 秒
2024-05-10 03:42:21 查询号码 【1607903】，返回信息 {"status":"ok","msg":"-","gid":"688151","time_insert":"2023-05-01 07:35"}
2024-05-10 03:42:21 查询号码 【1607903】，GSD为【"-"】
2024-05-10 03:42:21 ok && -
2024-05-10 03:42:23 CHB 1607903?1715283741 第 1 次 等待 3 秒
2024-05-10 03:42:26 CHB 1607903?1715283741 第 1 次 获取到号码【1607903】GSD
2024-05-10 03:42:26 未获取到号码【1607903】GSD，可能号码格式错误
2024-05-10 03:42:26 获取到号码【1607903】的GSD为【-】
2024-05-10 03:42:31 GSD insert 第 1 次 等待 3 秒
2024-05-10 03:42:34 {"status":"bad","gid":"688151","msg":"添加失败！号码【1607903(-|-)】已存在！"}
2024-05-10 03:42:34 随机等待 163 秒，约 2 分钟
2024-05-10 03:42:34 下次操作: 2024-05-10 03:45:17

2024-05-10 03:45:17 开始第 8003 次操作

2024-05-10 03:45:17 开始操作号码 【1607904】
2024-05-10 03:45:23 GSD getOne 第 1 次 等待 3 秒
2024-05-10 03:45:26 查询号码 【1607904】，返回信息 {"status":"ok","msg":"-","gid":"688166","time_insert":"2023-05-01 07:58"}
2024-05-10 03:45:26 查询号码 【1607904】，GSD为【"-"】
2024-05-10 03:45:26 ok && -
2024-05-10 03:45:29 CHB 1607904?1715283926 第 1 次 等待 3 秒
2024-05-10 03:45:32 CHB 1607904?1715283926 第 1 次 获取到号码【1607904】GSD
2024-05-10 03:45:32 未获取到号码【1607904】GSD，可能号码格式错误
2024-05-10 03:45:32 获取到号码【1607904】的GSD为【-】
2024-05-10 03:45:37 GSD insert 第 1 次 等待 3 秒
2024-05-10 03:45:40 {"status":"bad","gid":"688166","msg":"添加失败！号码【1607904(-|-)】已存在！"}
2024-05-10 03:45:40 随机等待 219 秒，约 3 分钟
2024-05-10 03:45:40 下次操作: 2024-05-10 03:49:19

2024-05-10 03:49:19 开始第 8004 次操作

2024-05-10 03:49:19 开始操作号码 【1607905】
2024-05-10 03:49:24 GSD getOne 第 1 次 等待 3 秒
2024-05-10 03:49:27 查询号码 【1607905】，返回信息 {"status":"ok","msg":"-","gid":"688183","time_insert":"2023-05-01 08:19"}
2024-05-10 03:49:27 查询号码 【1607905】，GSD为【"-"】
2024-05-10 03:49:27 ok && -
2024-05-10 03:49:30 CHB 1607905?1715284167 第 1 次 等待 3 秒
2024-05-10 03:49:33 CHB 1607905?1715284167 第 1 次 获取到号码【1607905】GSD
2024-05-10 03:49:33 未获取到号码【1607905】GSD，可能号码格式错误
2024-05-10 03:49:33 获取到号码【1607905】的GSD为【-】
2024-05-10 03:49:39 GSD insert 第 1 次 等待 3 秒
2024-05-10 03:49:42 {"status":"bad","gid":"688183","msg":"添加失败！号码【1607905(-|-)】已存在！"}

2024-05-10 04:17:13 开始第 8005 次操作

2024-05-10 04:17:13 开始操作号码 【1607906】
2024-05-10 04:17:20 GSD getOne 第 1 次 等待 3 秒
2024-05-10 04:17:23 查询号码 【1607906】，返回信息 {"status":"ok","msg":"-","gid":"688198","time_insert":"2023-05-01 08:38"}
2024-05-10 04:17:23 查询号码 【1607906】，GSD为【"-"】
2024-05-10 04:17:23 ok && -
2024-05-10 04:17:25 CHB 1607906?1715285843 第 1 次 等待 3 秒
2024-05-10 04:17:28 CHB 1607906?1715285843 第 1 次 获取到号码【1607906】GSD
2024-05-10 04:17:28 未获取到号码【1607906】GSD，可能号码格式错误
2024-05-10 04:17:28 获取到号码【1607906】的GSD为【-】
2024-05-10 04:17:34 GSD insert 第 1 次 等待 3 秒
2024-05-10 04:17:37 {"status":"bad","gid":"688198","msg":"添加失败！号码【1607906(-|-)】已存在！"}
2024-05-10 04:17:37 随机等待 164 秒，约 2 分钟
2024-05-10 04:17:37 下次操作: 2024-05-10 04:20:21

2024-05-10 04:20:21 开始第 8006 次操作

2024-05-10 04:20:21 开始操作号码 【1607907】
2024-05-10 04:20:26 GSD getOne 第 1 次 等待 3 秒
2024-05-10 04:20:29 查询号码 【1607907】，返回信息 {"status":"ok","msg":"-","gid":"688210","time_insert":"2023-05-01 08:53"}
2024-05-10 04:20:29 查询号码 【1607907】，GSD为【"-"】
2024-05-10 04:20:29 ok && -
2024-05-10 04:20:31 CHB 1607907?1715286029 第 1 次 等待 3 秒
2024-05-10 04:20:34 CHB 1607907?1715286029 第 1 次 获取到号码【1607907】GSD
2024-05-10 04:20:34 未获取到号码【1607907】GSD，可能号码格式错误
2024-05-10 04:20:34 获取到号码【1607907】的GSD为【-】
2024-05-10 04:20:39 GSD insert 第 1 次 等待 3 秒
2024-05-10 04:20:42 {"status":"bad","gid":"688210","msg":"添加失败！号码【1607907(-|-)】已存在！"}
2024-05-10 04:20:42 随机等待 89 秒，约 1 分钟
2024-05-10 04:20:42 下次操作: 2024-05-10 04:22:11

2024-05-10 04:22:11 开始第 8007 次操作

2024-05-10 04:22:11 开始操作号码 【1607908】
2024-05-10 04:22:20 GSD getOne 第 1 次 等待 3 秒
2024-05-10 04:22:23 查询号码 【1607908】，返回信息 {"status":"ok","msg":"-","gid":"688223","time_insert":"2023-05-01 09:08"}
2024-05-10 04:22:23 查询号码 【1607908】，GSD为【"-"】
2024-05-10 04:22:23 ok && -
2024-05-10 04:22:26 CHB 1607908?1715286143 第 1 次 等待 3 秒
2024-05-10 04:22:29 CHB 1607908?1715286143 第 1 次 获取到号码【1607908】GSD
2024-05-10 04:22:29 未获取到号码【1607908】GSD，可能号码格式错误
2024-05-10 04:22:29 获取到号码【1607908】的GSD为【-】
2024-05-10 04:22:34 GSD insert 第 1 次 等待 3 秒
2024-05-10 04:22:37 {"status":"bad","gid":"688223","msg":"添加失败！号码【1607908(-|-)】已存在！"}
2024-05-10 04:22:37 随机等待 187 秒，约 3 分钟
2024-05-10 04:22:37 下次操作: 2024-05-10 04:25:44

2024-05-10 04:25:44 开始第 8008 次操作

2024-05-10 04:25:44 开始操作号码 【1607909】
2024-05-10 04:25:49 GSD getOne 第 1 次 等待 3 秒
2024-05-10 04:25:52 查询号码 【1607909】，返回信息 {"status":"ok","msg":"-","gid":"688235","time_insert":"2023-05-01 09:25"}
2024-05-10 04:25:52 查询号码 【1607909】，GSD为【"-"】
2024-05-10 04:25:52 ok && -
2024-05-10 04:25:54 CHB 1607909?1715286352 第 1 次 等待 3 秒
2024-05-10 04:25:57 CHB 1607909?1715286352 第 1 次 获取到号码【1607909】GSD
2024-05-10 04:25:57 未获取到号码【1607909】GSD，可能号码格式错误
2024-05-10 04:25:57 获取到号码【1607909】的GSD为【-】
2024-05-10 04:26:03 GSD insert 第 1 次 等待 3 秒
2024-05-10 04:26:06 {"status":"bad","gid":"688235","msg":"添加失败！号码【1607909(-|-)】已存在！"}

2024-05-10 04:38:16 开始第 8009 次操作

2024-05-10 04:38:16 开始操作号码 【1607910】
2024-05-10 04:38:23 GSD getOne 第 1 次 等待 3 秒
2024-05-10 04:38:26 查询号码 【1607910】，返回信息 {"status":"ok","msg":"-","gid":"688256","time_insert":"2023-05-01 09:49"}
2024-05-10 04:38:26 查询号码 【1607910】，GSD为【"-"】
2024-05-10 04:38:26 ok && -
2024-05-10 04:38:28 CHB 1607910?1715287106 第 1 次 等待 3 秒
2024-05-10 04:38:31 CHB 1607910?1715287106 第 1 次 获取到号码【1607910】GSD
2024-05-10 04:38:31 未获取到号码【1607910】GSD，可能号码格式错误
2024-05-10 04:38:31 获取到号码【1607910】的GSD为【-】
2024-05-10 04:38:37 GSD insert 第 1 次 等待 3 秒
2024-05-10 04:38:40 {"status":"bad","gid":"688256","msg":"添加失败！号码【1607910(-|-)】已存在！"}
2024-05-10 04:38:40 随机等待 140 秒，约 2 分钟
2024-05-10 04:38:40 下次操作: 2024-05-10 04:41:00

2024-05-10 04:41:00 开始第 8010 次操作

2024-05-10 04:41:00 开始操作号码 【1607911】
2024-05-10 04:41:05 GSD getOne 第 1 次 等待 3 秒
2024-05-10 04:41:08 查询号码 【1607911】，返回信息 {"status":"ok","msg":"-","gid":"688273","time_insert":"2023-05-01 10:08"}
2024-05-10 04:41:08 查询号码 【1607911】，GSD为【"-"】
2024-05-10 04:41:08 ok && -
2024-05-10 04:41:10 CHB 1607911?1715287268 第 1 次 等待 3 秒
2024-05-10 04:41:13 CHB 1607911?1715287268 第 1 次 获取到号码【1607911】GSD
2024-05-10 04:41:13 未获取到号码【1607911】GSD，可能号码格式错误
2024-05-10 04:41:13 获取到号码【1607911】的GSD为【-】
2024-05-10 04:41:18 GSD insert 第 1 次 等待 3 秒
2024-05-10 04:41:21 {"status":"bad","gid":"688273","msg":"添加失败！号码【1607911(-|-)】已存在！"}
2024-05-10 04:41:21 随机等待 130 秒，约 2 分钟
2024-05-10 04:41:21 下次操作: 2024-05-10 04:43:31

2024-05-10 04:43:31 开始第 8011 次操作

2024-05-10 04:43:31 开始操作号码 【1607912】
2024-05-10 04:43:39 GSD getOne 第 1 次 等待 3 秒
2024-05-10 04:43:42 查询号码 【1607912】，返回信息 {"status":"ok","msg":"-","gid":"688292","time_insert":"2023-05-01 10:32"}
2024-05-10 04:43:42 查询号码 【1607912】，GSD为【"-"】
2024-05-10 04:43:42 ok && -
2024-05-10 04:43:44 CHB 1607912?1715287422 第 1 次 等待 3 秒
2024-05-10 04:43:47 CHB 1607912?1715287422 第 1 次 获取到号码【1607912】GSD
2024-05-10 04:43:47 未获取到号码【1607912】GSD，可能号码格式错误
2024-05-10 04:43:47 获取到号码【1607912】的GSD为【-】
2024-05-10 04:43:52 GSD insert 第 1 次 等待 3 秒
2024-05-10 04:43:55 {"status":"bad","gid":"688292","msg":"添加失败！号码【1607912(-|-)】已存在！"}
2024-05-10 04:43:55 随机等待 97 秒，约 1 分钟
2024-05-10 04:43:55 下次操作: 2024-05-10 04:45:32

2024-05-10 04:45:32 开始第 8012 次操作

2024-05-10 04:45:32 开始操作号码 【1607913】
2024-05-10 04:45:36 GSD getOne 第 1 次 等待 3 秒
2024-05-10 04:45:39 查询号码 【1607913】，返回信息 {"status":"ok","msg":"-","gid":"688301","time_insert":"2023-05-01 10:48"}
2024-05-10 04:45:40 查询号码 【1607913】，GSD为【"-"】
2024-05-10 04:45:40 ok && -
2024-05-10 04:45:42 CHB 1607913?1715287540 第 1 次 等待 3 秒
2024-05-10 04:45:45 CHB 1607913?1715287540 第 1 次 获取到号码【1607913】GSD
2024-05-10 04:45:45 未获取到号码【1607913】GSD，可能号码格式错误
2024-05-10 04:45:45 获取到号码【1607913】的GSD为【-】
2024-05-10 04:45:50 GSD insert 第 1 次 等待 3 秒
2024-05-10 04:45:53 {"status":"bad","gid":"688301","msg":"添加失败！号码【1607913(-|-)】已存在！"}

2024-05-10 05:18:00 开始第 8013 次操作

2024-05-10 05:18:00 开始操作号码 【1607914】
2024-05-10 05:18:06 GSD getOne 第 1 次 等待 3 秒
2024-05-10 05:18:09 查询号码 【1607914】，返回信息 {"status":"ok","msg":"-","gid":"688308","time_insert":"2023-05-01 10:57"}
2024-05-10 05:18:09 查询号码 【1607914】，GSD为【"-"】
2024-05-10 05:18:09 ok && -
2024-05-10 05:18:11 CHB 1607914?1715289489 第 1 次 等待 3 秒
2024-05-10 05:18:14 CHB 1607914?1715289489 第 1 次 获取到号码【1607914】GSD
2024-05-10 05:18:14 未获取到号码【1607914】GSD，可能号码格式错误
2024-05-10 05:18:14 获取到号码【1607914】的GSD为【-】
2024-05-10 05:18:22 GSD insert 第 1 次 等待 3 秒
2024-05-10 05:18:25 {"status":"bad","gid":"688308","msg":"添加失败！号码【1607914(-|-)】已存在！"}
2024-05-10 05:18:25 随机等待 92 秒，约 1 分钟
2024-05-10 05:18:25 下次操作: 2024-05-10 05:19:57

2024-05-10 05:19:57 开始第 8014 次操作

2024-05-10 05:19:57 开始操作号码 【1607915】
2024-05-10 05:20:02 GSD getOne 第 1 次 等待 3 秒
2024-05-10 05:20:05 查询号码 【1607915】，返回信息 {"status":"ok","msg":"-","gid":"688321","time_insert":"2023-05-01 11:10"}
2024-05-10 05:20:05 查询号码 【1607915】，GSD为【"-"】
2024-05-10 05:20:05 ok && -
2024-05-10 05:20:07 CHB 1607915?1715289605 第 1 次 等待 3 秒
2024-05-10 05:20:10 CHB 1607915?1715289605 第 1 次 获取到号码【1607915】GSD
2024-05-10 05:20:10 未获取到号码【1607915】GSD，可能号码格式错误
2024-05-10 05:20:10 获取到号码【1607915】的GSD为【-】
2024-05-10 05:20:14 GSD insert 第 1 次 等待 3 秒
2024-05-10 05:20:17 {"status":"bad","gid":"688321","msg":"添加失败！号码【1607915(-|-)】已存在！"}
2024-05-10 05:20:17 随机等待 152 秒，约 2 分钟
2024-05-10 05:20:17 下次操作: 2024-05-10 05:22:49

2024-05-10 05:22:49 开始第 8015 次操作

2024-05-10 05:22:49 开始操作号码 【1607916】
2024-05-10 05:22:54 GSD getOne 第 1 次 等待 3 秒
2024-05-10 05:22:57 查询号码 【1607916】，返回信息 {"status":"ok","msg":"-","gid":"688335","time_insert":"2023-05-01 11:33"}
2024-05-10 05:22:57 查询号码 【1607916】，GSD为【"-"】
2024-05-10 05:22:57 ok && -
2024-05-10 05:22:58 CHB 1607916?1715289777 第 1 次 等待 3 秒
2024-05-10 05:23:01 CHB 1607916?1715289777 第 1 次 获取到号码【1607916】GSD
2024-05-10 05:23:02 未获取到号码【1607916】GSD，可能号码格式错误
2024-05-10 05:23:02 获取到号码【1607916】的GSD为【-】
2024-05-10 05:23:06 GSD insert 第 1 次 等待 3 秒
2024-05-10 05:23:09 {"status":"bad","gid":"688335","msg":"添加失败！号码【1607916(-|-)】已存在！"}
2024-05-10 05:23:09 随机等待 152 秒，约 2 分钟
2024-05-10 05:23:09 下次操作: 2024-05-10 05:25:41

2024-05-10 05:25:41 开始第 8016 次操作

2024-05-10 05:25:41 开始操作号码 【1607917】
2024-05-10 05:25:45 GSD getOne 第 1 次 等待 3 秒
2024-05-10 05:25:48 查询号码 【1607917】，返回信息 {"status":"ok","msg":"-","gid":"688347","time_insert":"2023-05-01 11:49"}
2024-05-10 05:25:48 查询号码 【1607917】，GSD为【"-"】
2024-05-10 05:25:48 ok && -
2024-05-10 05:25:50 CHB 1607917?1715289948 第 1 次 等待 3 秒
2024-05-10 05:25:53 CHB 1607917?1715289948 第 1 次 获取到号码【1607917】GSD
2024-05-10 05:25:54 未获取到号码【1607917】GSD，可能号码格式错误
2024-05-10 05:25:54 获取到号码【1607917】的GSD为【-】
2024-05-10 05:25:58 GSD insert 第 1 次 等待 3 秒
2024-05-10 05:26:01 {"status":"bad","gid":"688347","msg":"添加失败！号码【1607917(-|-)】已存在！"}

2024-05-10 05:37:40 开始第 8017 次操作

2024-05-10 05:37:40 开始操作号码 【1607918】
2024-05-10 05:37:45 GSD getOne 第 1 次 等待 3 秒
2024-05-10 05:37:48 查询号码 【1607918】，返回信息 {"status":"ok","msg":"-","gid":"688360","time_insert":"2023-05-01 12:07"}
2024-05-10 05:37:48 查询号码 【1607918】，GSD为【"-"】
2024-05-10 05:37:48 ok && -
2024-05-10 05:37:50 CHB 1607918?1715290668 第 1 次 等待 3 秒
2024-05-10 05:37:53 CHB 1607918?1715290668 第 1 次 获取到号码【1607918】GSD
2024-05-10 05:37:53 未获取到号码【1607918】GSD，可能号码格式错误
2024-05-10 05:37:53 获取到号码【1607918】的GSD为【-】
2024-05-10 05:37:58 GSD insert 第 1 次 等待 3 秒
2024-05-10 05:38:01 {"status":"bad","gid":"688360","msg":"添加失败！号码【1607918(-|-)】已存在！"}
2024-05-10 05:38:02 随机等待 152 秒，约 2 分钟
2024-05-10 05:38:02 下次操作: 2024-05-10 05:40:34

2024-05-10 05:40:34 开始第 8018 次操作

2024-05-10 05:40:34 开始操作号码 【1607919】
2024-05-10 05:40:38 GSD getOne 第 1 次 等待 3 秒
2024-05-10 05:40:41 查询号码 【1607919】，返回信息 {"status":"ok","msg":"-","gid":"688378","time_insert":"2023-05-01 12:29"}
2024-05-10 05:40:41 查询号码 【1607919】，GSD为【"-"】
2024-05-10 05:40:41 ok && -
2024-05-10 05:40:44 CHB 1607919?1715290841 第 1 次 等待 3 秒
2024-05-10 05:40:47 CHB 1607919?1715290841 第 1 次 获取到号码【1607919】GSD
2024-05-10 05:40:47 未获取到号码【1607919】GSD，可能号码格式错误
2024-05-10 05:40:47 获取到号码【1607919】的GSD为【-】
2024-05-10 05:40:51 GSD insert 第 1 次 等待 3 秒
2024-05-10 05:40:54 {"status":"bad","gid":"688378","msg":"添加失败！号码【1607919(-|-)】已存在！"}
2024-05-10 05:40:54 随机等待 197 秒，约 3 分钟
2024-05-10 05:40:54 下次操作: 2024-05-10 05:44:11

2024-05-10 05:44:11 开始第 8019 次操作

2024-05-10 05:44:11 开始操作号码 【1607920】
2024-05-10 05:44:16 GSD getOne 第 1 次 等待 3 秒
2024-05-10 05:44:19 查询号码 【1607920】，返回信息 {"status":"ok","msg":"-","gid":"688386","time_insert":"2023-05-01 12:43"}
2024-05-10 05:44:20 查询号码 【1607920】，GSD为【"-"】
2024-05-10 05:44:20 ok && -
2024-05-10 05:44:21 CHB 1607920?1715291060 第 1 次 等待 3 秒
2024-05-10 05:44:24 CHB 1607920?1715291060 第 1 次 获取到号码【1607920】GSD
2024-05-10 05:44:24 未获取到号码【1607920】GSD，可能号码格式错误
2024-05-10 05:44:24 获取到号码【1607920】的GSD为【-】
2024-05-10 05:44:29 GSD insert 第 1 次 等待 3 秒
2024-05-10 05:44:32 {"status":"bad","gid":"688386","msg":"添加失败！号码【1607920(-|-)】已存在！"}
2024-05-10 05:44:32 随机等待 113 秒，约 1 分钟
2024-05-10 05:44:32 下次操作: 2024-05-10 05:46:25

2024-05-10 05:46:25 开始第 8020 次操作

2024-05-10 05:46:25 开始操作号码 【1607921】
2024-05-10 05:46:30 GSD getOne 第 1 次 等待 3 秒
2024-05-10 05:46:33 查询号码 【1607921】，返回信息 {"status":"ok","msg":"-","gid":"688399","time_insert":"2023-05-01 12:59"}
2024-05-10 05:46:33 查询号码 【1607921】，GSD为【"-"】
2024-05-10 05:46:33 ok && -
2024-05-10 05:46:35 CHB 1607921?1715291193 第 1 次 等待 3 秒
2024-05-10 05:46:38 CHB 1607921?1715291193 第 1 次 获取到号码【1607921】GSD
2024-05-10 05:46:38 未获取到号码【1607921】GSD，可能号码格式错误
2024-05-10 05:46:38 获取到号码【1607921】的GSD为【-】
2024-05-10 05:46:44 GSD insert 第 1 次 等待 3 秒
2024-05-10 05:46:47 {"status":"bad","gid":"688399","msg":"添加失败！号码【1607921(-|-)】已存在！"}

2024-05-10 06:15:28 开始第 8021 次操作

2024-05-10 06:15:28 开始操作号码 【1607922】
2024-05-10 06:15:33 GSD getOne 第 1 次 等待 3 秒
2024-05-10 06:15:36 查询号码 【1607922】，返回信息 {"status":"ok","msg":"-","gid":"688415","time_insert":"2023-05-01 13:23"}
2024-05-10 06:15:36 查询号码 【1607922】，GSD为【"-"】
2024-05-10 06:15:36 ok && -
2024-05-10 06:15:39 CHB 1607922?1715292936 第 1 次 等待 3 秒
2024-05-10 06:15:42 CHB 1607922?1715292936 第 1 次 获取到号码【1607922】GSD
2024-05-10 06:15:42 未获取到号码【1607922】GSD，可能号码格式错误
2024-05-10 06:15:42 获取到号码【1607922】的GSD为【-】
2024-05-10 06:15:47 GSD insert 第 1 次 等待 3 秒
2024-05-10 06:15:50 {"status":"bad","gid":"688415","msg":"添加失败！号码【1607922(-|-)】已存在！"}
2024-05-10 06:15:50 随机等待 161 秒，约 2 分钟
2024-05-10 06:15:50 下次操作: 2024-05-10 06:18:31

2024-05-10 06:18:31 开始第 8022 次操作

2024-05-10 06:18:31 开始操作号码 【1607923】
2024-05-10 06:18:36 GSD getOne 第 1 次 等待 3 秒
2024-05-10 06:18:39 查询号码 【1607923】，返回信息 {"status":"ok","msg":"-","gid":"688425","time_insert":"2023-05-01 13:36"}
2024-05-10 06:18:39 查询号码 【1607923】，GSD为【"-"】
2024-05-10 06:18:39 ok && -
2024-05-10 06:18:42 CHB 1607923?1715293119 第 1 次 等待 3 秒
2024-05-10 06:18:45 CHB 1607923?1715293119 第 1 次 获取到号码【1607923】GSD
2024-05-10 06:18:45 未获取到号码【1607923】GSD，可能号码格式错误
2024-05-10 06:18:45 获取到号码【1607923】的GSD为【-】
2024-05-10 06:18:50 GSD insert 第 1 次 等待 3 秒
2024-05-10 06:18:53 {"status":"bad","gid":"688425","msg":"添加失败！号码【1607923(-|-)】已存在！"}
2024-05-10 06:18:53 随机等待 96 秒，约 1 分钟
2024-05-10 06:18:53 下次操作: 2024-05-10 06:20:29

2024-05-10 06:20:29 开始第 8023 次操作

2024-05-10 06:20:29 开始操作号码 【1607924】
2024-05-10 06:20:37 GSD getOne 第 1 次 等待 3 秒
2024-05-10 06:20:40 查询号码 【1607924】，返回信息 {"status":"ok","msg":"-","gid":"688435","time_insert":"2023-05-01 13:47"}
2024-05-10 06:20:40 查询号码 【1607924】，GSD为【"-"】
2024-05-10 06:20:40 ok && -
2024-05-10 06:20:42 CHB 1607924?1715293240 第 1 次 等待 3 秒
2024-05-10 06:20:45 CHB 1607924?1715293240 第 1 次 获取到号码【1607924】GSD
2024-05-10 06:20:45 未获取到号码【1607924】GSD，可能号码格式错误
2024-05-10 06:20:45 获取到号码【1607924】的GSD为【-】
2024-05-10 06:20:50 GSD insert 第 1 次 等待 3 秒
2024-05-10 06:20:53 {"status":"bad","gid":"688435","msg":"添加失败！号码【1607924(-|-)】已存在！"}
2024-05-10 06:20:53 随机等待 123 秒，约 2 分钟
2024-05-10 06:20:53 下次操作: 2024-05-10 06:22:56

2024-05-10 06:22:56 开始第 8024 次操作

2024-05-10 06:22:56 开始操作号码 【1607925】
2024-05-10 06:23:05 GSD getOne 第 1 次 等待 3 秒
2024-05-10 06:23:08 查询号码 【1607925】，返回信息 {"status":"ok","msg":"-","gid":"688450","time_insert":"2023-05-01 14:05"}
2024-05-10 06:23:08 查询号码 【1607925】，GSD为【"-"】
2024-05-10 06:23:08 ok && -
2024-05-10 06:23:11 CHB 1607925?1715293388 第 1 次 等待 3 秒
2024-05-10 06:23:14 CHB 1607925?1715293388 第 1 次 获取到号码【1607925】GSD
2024-05-10 06:23:14 未获取到号码【1607925】GSD，可能号码格式错误
2024-05-10 06:23:14 获取到号码【1607925】的GSD为【-】
2024-05-10 06:23:19 GSD insert 第 1 次 等待 3 秒
2024-05-10 06:23:22 {"status":"bad","gid":"688450","msg":"添加失败！号码【1607925(-|-)】已存在！"}

2024-05-10 06:37:12 开始第 8025 次操作

2024-05-10 06:37:12 开始操作号码 【1607926】
2024-05-10 06:37:18 GSD getOne 第 1 次 等待 3 秒
2024-05-10 06:37:21 查询号码 【1607926】，返回信息 {"status":"ok","msg":"-","gid":"688466","time_insert":"2023-05-01 14:29"}
2024-05-10 06:37:21 查询号码 【1607926】，GSD为【"-"】
2024-05-10 06:37:21 ok && -
2024-05-10 06:37:23 CHB 1607926?1715294241 第 1 次 等待 3 秒
2024-05-10 06:37:26 CHB 1607926?1715294241 第 1 次 获取到号码【1607926】GSD
2024-05-10 06:37:27 未获取到号码【1607926】GSD，可能号码格式错误
2024-05-10 06:37:27 获取到号码【1607926】的GSD为【-】
2024-05-10 06:37:31 GSD insert 第 1 次 等待 3 秒
2024-05-10 06:37:34 {"status":"bad","gid":"688466","msg":"添加失败！号码【1607926(-|-)】已存在！"}
2024-05-10 06:37:34 随机等待 81 秒，约 1 分钟
2024-05-10 06:37:34 下次操作: 2024-05-10 06:38:55

2024-05-10 06:38:55 开始第 8026 次操作

2024-05-10 06:38:55 开始操作号码 【1607927】
2024-05-10 06:39:00 GSD getOne 第 1 次 等待 3 秒
2024-05-10 06:39:03 查询号码 【1607927】，返回信息 {"status":"ok","msg":"-","gid":"688484","time_insert":"2023-05-01 14:52"}
2024-05-10 06:39:03 查询号码 【1607927】，GSD为【"-"】
2024-05-10 06:39:03 ok && -
2024-05-10 06:39:05 CHB 1607927?1715294343 第 1 次 等待 3 秒
2024-05-10 06:39:08 CHB 1607927?1715294343 第 1 次 获取到号码【1607927】GSD
2024-05-10 06:39:08 未获取到号码【1607927】GSD，可能号码格式错误
2024-05-10 06:39:08 获取到号码【1607927】的GSD为【-】
2024-05-10 06:39:13 GSD insert 第 1 次 等待 3 秒
2024-05-10 06:39:16 {"status":"bad","gid":"688484","msg":"添加失败！号码【1607927(-|-)】已存在！"}
2024-05-10 06:39:16 随机等待 132 秒，约 2 分钟
2024-05-10 06:39:16 下次操作: 2024-05-10 06:41:28

2024-05-10 06:41:28 开始第 8027 次操作

2024-05-10 06:41:28 开始操作号码 【1607928】
2024-05-10 06:41:34 GSD getOne 第 1 次 等待 3 秒
2024-05-10 06:41:37 查询号码 【1607928】，返回信息 {"status":"ok","msg":"-","gid":"688497","time_insert":"2023-05-01 15:11"}
2024-05-10 06:41:37 查询号码 【1607928】，GSD为【"-"】
2024-05-10 06:41:37 ok && -
2024-05-10 06:41:39 CHB 1607928?1715294497 第 1 次 等待 3 秒
2024-05-10 06:41:42 CHB 1607928?1715294497 第 1 次 获取到号码【1607928】GSD
2024-05-10 06:41:42 未获取到号码【1607928】GSD，可能号码格式错误
2024-05-10 06:41:42 获取到号码【1607928】的GSD为【-】
2024-05-10 06:41:47 GSD insert 第 1 次 等待 3 秒
2024-05-10 06:41:50 {"status":"bad","gid":"688497","msg":"添加失败！号码【1607928(-|-)】已存在！"}
2024-05-10 06:41:50 随机等待 122 秒，约 2 分钟
2024-05-10 06:41:50 下次操作: 2024-05-10 06:43:52

2024-05-10 06:43:52 开始第 8028 次操作

2024-05-10 06:43:52 开始操作号码 【1607929】
2024-05-10 06:43:57 GSD getOne 第 1 次 等待 3 秒
2024-05-10 06:44:00 查询号码 【1607929】，返回信息 {"status":"ok","msg":"-","gid":"688507","time_insert":"2023-05-01 15:24"}
2024-05-10 06:44:00 查询号码 【1607929】，GSD为【"-"】
2024-05-10 06:44:00 ok && -
2024-05-10 06:44:02 CHB 1607929?1715294640 第 1 次 等待 3 秒
2024-05-10 06:44:05 CHB 1607929?1715294640 第 1 次 获取到号码【1607929】GSD
2024-05-10 06:44:05 未获取到号码【1607929】GSD，可能号码格式错误
2024-05-10 06:44:05 获取到号码【1607929】的GSD为【-】
2024-05-10 06:44:10 GSD insert 第 1 次 等待 3 秒
2024-05-10 06:44:13 {"status":"bad","gid":"688507","msg":"添加失败！号码【1607929(-|-)】已存在！"}

2024-05-10 07:17:19 开始第 8029 次操作

2024-05-10 07:17:19 开始操作号码 【1607930】
2024-05-10 07:17:24 GSD getOne 第 1 次 等待 3 秒
2024-05-10 07:17:27 查询号码 【1607930】，返回信息 {"status":"ok","msg":"-","gid":"688517","time_insert":"2023-05-01 15:36"}
2024-05-10 07:17:27 查询号码 【1607930】，GSD为【"-"】
2024-05-10 07:17:27 ok && -
2024-05-10 07:17:29 CHB 1607930?1715296647 第 1 次 等待 3 秒
2024-05-10 07:17:32 CHB 1607930?1715296647 第 1 次 获取到号码【1607930】GSD
2024-05-10 07:17:32 未获取到号码【1607930】GSD，可能号码格式错误
2024-05-10 07:17:32 获取到号码【1607930】的GSD为【-】
2024-05-10 07:17:38 GSD insert 第 1 次 等待 3 秒
2024-05-10 07:17:41 {"status":"bad","gid":"688517","msg":"添加失败！号码【1607930(-|-)】已存在！"}
2024-05-10 07:17:41 随机等待 158 秒，约 2 分钟
2024-05-10 07:17:41 下次操作: 2024-05-10 07:20:19

2024-05-10 07:20:19 开始第 8030 次操作

2024-05-10 07:20:19 开始操作号码 【1607931】
2024-05-10 07:20:24 GSD getOne 第 1 次 等待 3 秒
2024-05-10 07:20:27 查询号码 【1607931】，返回信息 {"status":"ok","msg":"-","gid":"688529","time_insert":"2023-05-01 15:52"}
2024-05-10 07:20:27 查询号码 【1607931】，GSD为【"-"】
2024-05-10 07:20:27 ok && -
2024-05-10 07:20:29 CHB 1607931?1715296827 第 1 次 等待 3 秒
2024-05-10 07:20:32 CHB 1607931?1715296827 第 1 次 获取到号码【1607931】GSD
2024-05-10 07:20:32 未获取到号码【1607931】GSD，可能号码格式错误
2024-05-10 07:20:32 获取到号码【1607931】的GSD为【-】
2024-05-10 07:20:38 GSD insert 第 1 次 等待 3 秒
2024-05-10 07:20:41 {"status":"bad","gid":"688529","msg":"添加失败！号码【1607931(-|-)】已存在！"}
2024-05-10 07:20:41 随机等待 120 秒，约 2 分钟
2024-05-10 07:20:41 下次操作: 2024-05-10 07:22:41

2024-05-10 07:22:41 开始第 8031 次操作

2024-05-10 07:22:41 开始操作号码 【1607932】
2024-05-10 07:22:46 GSD getOne 第 1 次 等待 3 秒
2024-05-10 07:22:49 查询号码 【1607932】，返回信息 {"status":"ok","msg":"-","gid":"688544","time_insert":"2023-05-01 16:11"}
2024-05-10 07:22:49 查询号码 【1607932】，GSD为【"-"】
2024-05-10 07:22:49 ok && -
2024-05-10 07:22:51 CHB 1607932?1715296969 第 1 次 等待 3 秒
2024-05-10 07:22:54 CHB 1607932?1715296969 第 1 次 获取到号码【1607932】GSD
2024-05-10 07:22:54 未获取到号码【1607932】GSD，可能号码格式错误
2024-05-10 07:22:54 获取到号码【1607932】的GSD为【-】
2024-05-10 07:22:59 GSD insert 第 1 次 等待 3 秒
2024-05-10 07:23:02 {"status":"bad","gid":"688544","msg":"添加失败！号码【1607932(-|-)】已存在！"}
2024-05-10 07:23:02 随机等待 145 秒，约 2 分钟
2024-05-10 07:23:02 下次操作: 2024-05-10 07:25:27

2024-05-10 07:25:27 开始第 8032 次操作

2024-05-10 07:25:27 开始操作号码 【1607933】
2024-05-10 07:25:32 GSD getOne 第 1 次 等待 3 秒
2024-05-10 07:25:35 查询号码 【1607933】，返回信息 {"status":"ok","msg":"-","gid":"688553","time_insert":"2023-05-01 16:21"}
2024-05-10 07:25:35 查询号码 【1607933】，GSD为【"-"】
2024-05-10 07:25:35 ok && -
2024-05-10 07:25:37 CHB 1607933?1715297135 第 1 次 等待 3 秒
2024-05-10 07:25:40 CHB 1607933?1715297135 第 1 次 获取到号码【1607933】GSD
2024-05-10 07:25:40 未获取到号码【1607933】GSD，可能号码格式错误
2024-05-10 07:25:40 获取到号码【1607933】的GSD为【-】
2024-05-10 07:25:45 GSD insert 第 1 次 等待 3 秒
2024-05-10 07:25:48 {"status":"bad","gid":"688553","msg":"添加失败！号码【1607933(-|-)】已存在！"}

2024-05-10 07:38:29 开始第 8033 次操作

2024-05-10 07:38:29 开始操作号码 【1607934】
2024-05-10 07:38:39 GSD getOne 第 1 次 等待 3 秒
2024-05-10 07:38:42 查询号码 【1607934】，返回信息 {"status":"ok","msg":"-","gid":"688564","time_insert":"2023-05-01 16:36"}
2024-05-10 07:38:42 查询号码 【1607934】，GSD为【"-"】
2024-05-10 07:38:42 ok && -
2024-05-10 07:38:44 CHB 1607934?1715297922 第 1 次 等待 3 秒
2024-05-10 07:38:47 CHB 1607934?1715297922 第 1 次 获取到号码【1607934】GSD
2024-05-10 07:38:47 未获取到号码【1607934】GSD，可能号码格式错误
2024-05-10 07:38:47 获取到号码【1607934】的GSD为【-】
2024-05-10 07:38:54 GSD insert 第 1 次 等待 3 秒
2024-05-10 07:38:57 {"status":"bad","gid":"688564","msg":"添加失败！号码【1607934(-|-)】已存在！"}
2024-05-10 07:38:57 随机等待 168 秒，约 2 分钟
2024-05-10 07:38:57 下次操作: 2024-05-10 07:41:45

2024-05-10 07:41:45 开始第 8034 次操作

2024-05-10 07:41:45 开始操作号码 【1607935】
2024-05-10 07:41:49 GSD getOne 第 1 次 等待 3 秒
2024-05-10 07:41:52 查询号码 【1607935】，返回信息 {"status":"ok","msg":"-","gid":"688569","time_insert":"2023-05-01 16:45"}
2024-05-10 07:41:52 查询号码 【1607935】，GSD为【"-"】
2024-05-10 07:41:52 ok && -
2024-05-10 07:41:54 CHB 1607935?1715298112 第 1 次 等待 3 秒
2024-05-10 07:41:57 CHB 1607935?1715298112 第 1 次 获取到号码【1607935】GSD
2024-05-10 07:41:57 未获取到号码【1607935】GSD，可能号码格式错误
2024-05-10 07:41:57 获取到号码【1607935】的GSD为【-】
2024-05-10 07:42:03 GSD insert 第 1 次 等待 3 秒
2024-05-10 07:42:06 {"status":"bad","gid":"688569","msg":"添加失败！号码【1607935(-|-)】已存在！"}
2024-05-10 07:42:06 随机等待 181 秒，约 3 分钟
2024-05-10 07:42:06 下次操作: 2024-05-10 07:45:07

2024-05-10 07:45:07 开始第 8035 次操作

2024-05-10 07:45:07 开始操作号码 【1607936】
2024-05-10 07:45:12 GSD getOne 第 1 次 等待 3 秒
2024-05-10 07:45:15 查询号码 【1607936】，返回信息 {"status":"ok","msg":"-","gid":"688588","time_insert":"2023-05-01 17:08"}
2024-05-10 07:45:15 查询号码 【1607936】，GSD为【"-"】
2024-05-10 07:45:15 ok && -
2024-05-10 07:45:17 CHB 1607936?1715298315 第 1 次 等待 3 秒
2024-05-10 07:45:20 CHB 1607936?1715298315 第 1 次 获取到号码【1607936】GSD
2024-05-10 07:45:20 未获取到号码【1607936】GSD，可能号码格式错误
2024-05-10 07:45:20 获取到号码【1607936】的GSD为【-】
2024-05-10 07:45:24 GSD insert 第 1 次 等待 3 秒
2024-05-10 07:45:27 {"status":"bad","gid":"688588","msg":"添加失败！号码【1607936(-|-)】已存在！"}
2024-05-10 07:45:27 随机等待 88 秒，约 1 分钟
2024-05-10 07:45:27 下次操作: 2024-05-10 07:46:55

2024-05-10 07:46:55 开始第 8036 次操作

2024-05-10 07:46:55 开始操作号码 【1607937】
2024-05-10 07:47:00 GSD getOne 第 1 次 等待 3 秒
2024-05-10 07:47:03 查询号码 【1607937】，返回信息 {"status":"ok","msg":"-","gid":"688599","time_insert":"2023-05-01 17:22"}
2024-05-10 07:47:03 查询号码 【1607937】，GSD为【"-"】
2024-05-10 07:47:03 ok && -
2024-05-10 07:47:05 CHB 1607937?1715298423 第 1 次 等待 3 秒
2024-05-10 07:47:08 CHB 1607937?1715298423 第 1 次 获取到号码【1607937】GSD
2024-05-10 07:47:08 未获取到号码【1607937】GSD，可能号码格式错误
2024-05-10 07:47:08 获取到号码【1607937】的GSD为【-】
2024-05-10 07:47:12 GSD insert 第 1 次 等待 3 秒
2024-05-10 07:47:15 {"status":"bad","gid":"688599","msg":"添加失败！号码【1607937(-|-)】已存在！"}

2024-05-10 09:14:52 开始第 8037 次操作

2024-05-10 09:14:52 开始操作号码 【1607938】
2024-05-10 09:14:58 GSD getOne 第 1 次 等待 3 秒
2024-05-10 09:15:01 查询号码 【1607938】，返回信息 {"status":"ok","msg":"-","gid":"688607","time_insert":"2023-05-01 17:32"}
2024-05-10 09:15:01 查询号码 【1607938】，GSD为【"-"】
2024-05-10 09:15:01 ok && -
2024-05-10 09:15:04 CHB 1607938?1715303701 第 1 次 等待 3 秒
2024-05-10 09:15:07 CHB 1607938?1715303701 第 1 次 获取到号码【1607938】GSD
2024-05-10 09:15:07 未获取到号码【1607938】GSD，可能号码格式错误
2024-05-10 09:15:07 获取到号码【1607938】的GSD为【-】
2024-05-10 09:15:12 GSD insert 第 1 次 等待 3 秒
2024-05-10 09:15:15 {"status":"bad","gid":"688607","msg":"添加失败！号码【1607938(-|-)】已存在！"}
2024-05-10 09:15:15 随机等待 133 秒，约 2 分钟
2024-05-10 09:15:15 下次操作: 2024-05-10 09:17:28

2024-05-10 09:17:28 开始第 8038 次操作

2024-05-10 09:17:28 开始操作号码 【1607939】
2024-05-10 09:17:32 GSD getOne 第 1 次 等待 3 秒
2024-05-10 09:17:35 查询号码 【1607939】，返回信息 {"status":"ok","msg":"-","gid":"688615","time_insert":"2023-05-01 17:41"}
2024-05-10 09:17:35 查询号码 【1607939】，GSD为【"-"】
2024-05-10 09:17:35 ok && -
2024-05-10 09:17:38 CHB 1607939?1715303855 第 1 次 等待 3 秒
2024-05-10 09:17:41 CHB 1607939?1715303855 第 1 次 获取到号码【1607939】GSD
2024-05-10 09:17:41 未获取到号码【1607939】GSD，可能号码格式错误
2024-05-10 09:17:41 获取到号码【1607939】的GSD为【-】
2024-05-10 09:17:48 GSD insert 第 1 次 等待 3 秒
2024-05-10 09:17:51 {"status":"bad","gid":"688615","msg":"添加失败！号码【1607939(-|-)】已存在！"}
2024-05-10 09:17:51 随机等待 86 秒，约 1 分钟
2024-05-10 09:17:51 下次操作: 2024-05-10 09:19:17

2024-05-10 09:19:17 开始第 8039 次操作

2024-05-10 09:19:17 开始操作号码 【1607940】
2024-05-10 09:19:31 GSD getOne 第 1 次 等待 3 秒
2024-05-10 09:19:34 查询号码 【1607940】，返回信息 {"status":"ok","msg":"-","gid":"688622","time_insert":"2023-05-01 17:52"}
2024-05-10 09:19:34 查询号码 【1607940】，GSD为【"-"】
2024-05-10 09:19:34 ok && -
2024-05-10 09:19:36 CHB 1607940?1715303974 第 1 次 等待 3 秒
2024-05-10 09:19:39 CHB 1607940?1715303974 第 1 次 获取到号码【1607940】GSD
2024-05-10 09:19:40 未获取到号码【1607940】GSD，可能号码格式错误
2024-05-10 09:19:40 获取到号码【1607940】的GSD为【-】
2024-05-10 09:19:53 GSD insert 第 1 次 等待 3 秒
2024-05-10 09:19:56 {"status":"bad","gid":"688622","msg":"添加失败！号码【1607940(-|-)】已存在！"}
2024-05-10 09:19:56 随机等待 127 秒，约 2 分钟
2024-05-10 09:19:56 下次操作: 2024-05-10 09:22:03

2024-05-10 09:22:03 开始第 8040 次操作

2024-05-10 09:22:03 开始操作号码 【1607941】
2024-05-10 09:22:09 GSD getOne 第 1 次 等待 3 秒
2024-05-10 09:22:12 查询号码 【1607941】，返回信息 {"status":"ok","msg":"-","gid":"688634","time_insert":"2023-05-01 18:11"}
2024-05-10 09:22:12 查询号码 【1607941】，GSD为【"-"】
2024-05-10 09:22:12 ok && -
2024-05-10 09:22:14 CHB 1607941?1715304132 第 1 次 等待 3 秒
2024-05-10 09:22:17 CHB 1607941?1715304132 第 1 次 获取到号码【1607941】GSD
2024-05-10 09:22:18 未获取到号码【1607941】GSD，可能号码格式错误
2024-05-10 09:22:18 获取到号码【1607941】的GSD为【-】
2024-05-10 09:22:24 GSD insert 第 1 次 等待 3 秒
2024-05-10 09:22:27 {"status":"bad","gid":"688634","msg":"添加失败！号码【1607941(-|-)】已存在！"}

