2024-01-26 00:22:46 开始第 153 次操作

2024-01-26 00:22:46 开始操作号码 【1710055】
2024-01-26 00:23:10 GSD getOne 第 1 次 等待 3 秒
2024-01-26 00:23:13 查询号码 【1710055】，返回信息 {"status":"ok","msg":"安徽-合肥","gid":"132770","time_insert":"2021-06-26 15:41"}
2024-01-26 00:23:13 查询号码 【1710055】，GSD为【"安徽-合肥"】

2024-01-26 00:23:14 开始第 154 次操作

2024-01-26 00:23:14 开始操作号码 【1710056】
2024-01-26 00:23:37 GSD getOne 第 1 次 等待 3 秒
2024-01-26 00:23:40 查询号码 【1710056】，返回信息 {"status":"ok","msg":"安徽-亳州","gid":"132774","time_insert":"2021-06-26 15:41"}
2024-01-26 00:23:40 查询号码 【1710056】，GSD为【"安徽-亳州"】

2024-01-26 00:23:41 开始第 155 次操作

2024-01-26 00:23:41 开始操作号码 【1710057】
2024-01-26 00:24:04 GSD getOne 第 1 次 等待 3 秒
2024-01-26 00:24:07 查询号码 【1710057】，返回信息 {"status":"ok","msg":"安徽-亳州","gid":"132779","time_insert":"2021-06-26 15:42"}
2024-01-26 00:24:07 查询号码 【1710057】，GSD为【"安徽-亳州"】

2024-01-26 00:24:08 开始第 156 次操作

2024-01-26 00:24:08 开始操作号码 【1710058】
2024-01-26 00:24:32 GSD getOne 第 1 次 等待 3 秒
2024-01-26 00:24:35 查询号码 【1710058】，返回信息 {"status":"ok","msg":"安徽-亳州","gid":"132782","time_insert":"2021-06-26 15:42"}
2024-01-26 00:24:35 查询号码 【1710058】，GSD为【"安徽-亳州"】

