2023-11-12 00:19:30 开始第 8021 次操作

2023-11-12 00:19:30 开始操作号码 【1927923】
2023-11-12 00:19:34 GSD getOne 第 1 次 等待 3 秒
2023-11-12 00:19:37 查询号码 【1927923】，返回信息 {"status":"ok","msg":"浙江-温州","gid":"607855","time_insert":"2023-03-22 20:29","time_update":"2023-08-02 23:28"}
2023-11-12 00:19:37 查询号码 【1927923】，GSD为【"浙江-温州"】

2023-11-12 00:19:38 开始第 8022 次操作

2023-11-12 00:19:38 开始操作号码 【1927924】
2023-11-12 00:19:42 GSD getOne 第 1 次 等待 3 秒
2023-11-12 00:19:45 查询号码 【1927924】，返回信息 {"status":"ok","msg":"浙江-湖州","gid":"607853","time_insert":"2023-03-22 20:28","time_update":"2023-08-02 23:56"}
2023-11-12 00:19:45 查询号码 【1927924】，GSD为【"浙江-湖州"】

2023-11-12 00:19:46 开始第 8023 次操作

2023-11-12 00:19:46 开始操作号码 【1927925】
2023-11-12 00:19:49 GSD getOne 第 1 次 等待 3 秒
2023-11-12 00:19:52 查询号码 【1927925】，返回信息 {"status":"ok","msg":"浙江-绍兴","gid":"607849","time_insert":"2023-03-22 20:26","time_update":"2023-08-03 00:22"}
2023-11-12 00:19:52 查询号码 【1927925】，GSD为【"浙江-绍兴"】

2023-11-12 00:19:53 开始第 8024 次操作

2023-11-12 00:19:53 开始操作号码 【1927926】
2023-11-12 00:20:00 GSD getOne 第 1 次 等待 3 秒
2023-11-12 00:20:03 查询号码 【1927926】，返回信息 {"status":"ok","msg":"浙江-杭州","gid":"607843","time_insert":"2023-03-22 20:24","time_update":"2023-08-03 00:52"}
2023-11-12 00:20:03 查询号码 【1927926】，GSD为【"浙江-杭州"】

