2024-11-28 00:13:18 开始第 7293 次操作

2024-11-28 00:13:18 开始操作号码 【1307292】
2024-11-28 00:13:19 GSD getOne 第 1 次 等待 3 秒
2024-11-28 00:13:22 查询号码 【1307292】，返回信息 {"status":"ok","msg":"陕西-西安","gid":"191899","time_insert":"2021-07-04 17:54"}
2024-11-28 00:13:22 查询号码 【1307292】，GSD为【"陕西-西安"】

2024-11-28 00:13:23 开始第 7294 次操作

2024-11-28 00:13:23 开始操作号码 【1307293】
2024-11-28 00:13:24 GSD getOne 第 1 次 等待 3 秒
2024-11-28 00:13:27 查询号码 【1307293】，返回信息 {"status":"ok","msg":"陕西-西安","gid":"191891","time_insert":"2021-07-04 17:53"}
2024-11-28 00:13:27 查询号码 【1307293】，GSD为【"陕西-西安"】

2024-11-28 00:13:28 开始第 7295 次操作

2024-11-28 00:13:28 开始操作号码 【1307294】
2024-11-28 00:13:29 GSD getOne 第 1 次 等待 3 秒
2024-11-28 00:13:32 查询号码 【1307294】，返回信息 {"status":"ok","msg":"陕西-西安","gid":"191887","time_insert":"2021-07-04 17:53"}
2024-11-28 00:13:32 查询号码 【1307294】，GSD为【"陕西-西安"】

2024-11-28 00:13:33 开始第 7296 次操作

2024-11-28 00:13:33 开始操作号码 【1307295】
2024-11-28 00:13:35 GSD getOne 第 1 次 等待 3 秒
2024-11-28 00:13:38 查询号码 【1307295】，返回信息 {"status":"ok","msg":"陕西-西安","gid":"191879","time_insert":"2021-07-04 17:53"}
2024-11-28 00:13:38 查询号码 【1307295】，GSD为【"陕西-西安"】

