2024-12-02 00:11:46 开始第 7989 次操作

2024-12-02 00:11:46 开始操作号码 【1307988】
2024-12-02 00:11:47 GSD getOne 第 1 次 等待 3 秒
2024-12-02 00:11:50 查询号码 【1307988】，返回信息 {"status":"ok","msg":"辽宁-大连","gid":"184351","time_insert":"2021-07-03 21:07"}
2024-12-02 00:11:50 查询号码 【1307988】，GSD为【"辽宁-大连"】

2024-12-02 00:11:51 开始第 7990 次操作

2024-12-02 00:11:51 开始操作号码 【1307989】
2024-12-02 00:11:52 GSD getOne 第 1 次 等待 3 秒
2024-12-02 00:11:55 查询号码 【1307989】，返回信息 {"status":"ok","msg":"辽宁-大连","gid":"184344","time_insert":"2021-07-03 21:06"}
2024-12-02 00:11:55 查询号码 【1307989】，GSD为【"辽宁-大连"】

2024-12-02 00:11:56 开始第 7991 次操作

2024-12-02 00:11:56 开始操作号码 【1307990】
2024-12-02 00:11:57 GSD getOne 第 1 次 等待 3 秒
2024-12-02 00:12:00 查询号码 【1307990】，返回信息 {"status":"ok","msg":"新疆-乌鲁木齐","gid":"691","time_insert":"2017-04-07 14:22","time_update":"2020-12-25 04:28"}
2024-12-02 00:12:01 查询号码 【1307990】，GSD为【"新疆-乌鲁木齐"】

2024-12-02 00:12:02 开始第 7992 次操作

2024-12-02 00:12:02 开始操作号码 【1307991】
2024-12-02 00:12:03 GSD getOne 第 1 次 等待 3 秒
2024-12-02 00:12:06 查询号码 【1307991】，返回信息 {"status":"ok","msg":"新疆-乌鲁木齐","gid":"184338","time_insert":"2021-07-03 21:05"}
2024-12-02 00:12:06 查询号码 【1307991】，GSD为【"新疆-乌鲁木齐"】

2024-12-02 00:41:29 开始第 7993 次操作

2024-12-02 00:41:29 开始操作号码 【1307992】
2024-12-02 00:41:30 GSD getOne 第 1 次 等待 3 秒
2024-12-02 00:41:33 查询号码 【1307992】，返回信息 {"status":"ok","msg":"新疆-乌鲁木齐","gid":"184336","time_insert":"2021-07-03 21:04"}
2024-12-02 00:41:33 查询号码 【1307992】，GSD为【"新疆-乌鲁木齐"】

2024-12-02 00:41:34 开始第 7994 次操作

2024-12-02 00:41:34 开始操作号码 【1307993】
2024-12-02 00:41:35 GSD getOne 第 1 次 等待 3 秒
2024-12-02 00:41:38 查询号码 【1307993】，返回信息 {"status":"ok","msg":"新疆-乌鲁木齐","gid":"184334","time_insert":"2021-07-03 21:04"}
2024-12-02 00:41:38 查询号码 【1307993】，GSD为【"新疆-乌鲁木齐"】

2024-12-02 00:41:39 开始第 7995 次操作

2024-12-02 00:41:39 开始操作号码 【1307994】
2024-12-02 00:41:40 GSD getOne 第 1 次 等待 3 秒
2024-12-02 00:41:43 查询号码 【1307994】，返回信息 {"status":"ok","msg":"新疆-乌鲁木齐","gid":"184332","time_insert":"2021-07-03 21:03"}
2024-12-02 00:41:43 查询号码 【1307994】，GSD为【"新疆-乌鲁木齐"】

2024-12-02 00:41:44 开始第 7996 次操作

2024-12-02 00:41:44 开始操作号码 【1307995】
2024-12-02 00:41:45 GSD getOne 第 1 次 等待 3 秒
2024-12-02 00:41:48 查询号码 【1307995】，返回信息 {"status":"ok","msg":"新疆-乌鲁木齐","gid":"184331","time_insert":"2021-07-03 21:02"}
2024-12-02 00:41:48 查询号码 【1307995】，GSD为【"新疆-乌鲁木齐"】

2024-12-02 01:08:37 开始第 7997 次操作

2024-12-02 01:08:37 开始操作号码 【1307996】
2024-12-02 01:08:38 GSD getOne 第 1 次 等待 3 秒
2024-12-02 01:08:41 查询号码 【1307996】，返回信息 {"status":"ok","msg":"新疆-乌鲁木齐","gid":"692","time_insert":"2017-04-19 11:23","time_update":"2020-12-25 04:18"}
2024-12-02 01:08:41 查询号码 【1307996】，GSD为【"新疆-乌鲁木齐"】

2024-12-02 01:08:42 开始第 7998 次操作

2024-12-02 01:08:42 开始操作号码 【1307997】
2024-12-02 01:08:43 GSD getOne 第 1 次 等待 3 秒
2024-12-02 01:08:46 查询号码 【1307997】，返回信息 {"status":"ok","msg":"新疆-乌鲁木齐","gid":"184324","time_insert":"2021-07-03 21:01"}
2024-12-02 01:08:46 查询号码 【1307997】，GSD为【"新疆-乌鲁木齐"】

2024-12-02 01:08:47 开始第 7999 次操作

2024-12-02 01:08:47 开始操作号码 【1307998】
2024-12-02 01:08:48 GSD getOne 第 1 次 等待 3 秒
2024-12-02 01:08:51 查询号码 【1307998】，返回信息 {"status":"ok","msg":"新疆-乌鲁木齐","gid":"184322","time_insert":"2021-07-03 21:00"}
2024-12-02 01:08:51 查询号码 【1307998】，GSD为【"新疆-乌鲁木齐"】

2024-12-02 01:08:52 开始第 8000 次操作

2024-12-02 01:08:52 开始操作号码 【1307999】
2024-12-02 01:08:54 GSD getOne 第 1 次 等待 3 秒
2024-12-02 01:08:57 查询号码 【1307999】，返回信息 {"status":"ok","msg":"新疆-乌鲁木齐","gid":"184321","time_insert":"2021-07-03 20:59"}
2024-12-02 01:08:57 查询号码 【1307999】，GSD为【"新疆-乌鲁木齐"】

2024-12-02 01:35:51 开始第 8001 次操作

2024-12-02 01:35:52 开始操作号码 【1308000】
2024-12-02 01:35:53 GSD getOne 第 1 次 等待 3 秒
2024-12-02 01:35:56 查询号码 【1308000】，返回信息 {"status":"ok","msg":"吉林-通化","gid":"184320","time_insert":"2021-07-03 20:59"}
2024-12-02 01:35:56 查询号码 【1308000】，GSD为【"吉林-通化"】

2024-12-02 01:35:57 开始第 8002 次操作

2024-12-02 01:35:57 开始操作号码 【1308001】
2024-12-02 01:35:58 GSD getOne 第 1 次 等待 3 秒
2024-12-02 01:36:01 查询号码 【1308001】，返回信息 {"status":"ok","msg":"吉林-长春","gid":"184317","time_insert":"2021-07-03 20:58"}
2024-12-02 01:36:01 查询号码 【1308001】，GSD为【"吉林-长春"】

2024-12-02 01:36:02 开始第 8003 次操作

2024-12-02 01:36:02 开始操作号码 【1308002】
2024-12-02 01:36:03 GSD getOne 第 1 次 等待 3 秒
2024-12-02 01:36:06 查询号码 【1308002】，返回信息 {"status":"ok","msg":"吉林-长春","gid":"184316","time_insert":"2021-07-03 20:57"}
2024-12-02 01:36:06 查询号码 【1308002】，GSD为【"吉林-长春"】

2024-12-02 01:36:07 开始第 8004 次操作

2024-12-02 01:36:07 开始操作号码 【1308003】
2024-12-02 01:36:08 GSD getOne 第 1 次 等待 3 秒
2024-12-02 01:36:11 查询号码 【1308003】，返回信息 {"status":"ok","msg":"吉林-长春","gid":"693","time_insert":"2018-04-30 12:43","time_update":"2020-08-22 11:31"}
2024-12-02 01:36:11 查询号码 【1308003】，GSD为【"吉林-长春"】

2024-12-02 02:13:28 开始第 8005 次操作

2024-12-02 02:13:28 开始操作号码 【1308004】
2024-12-02 02:13:29 GSD getOne 第 1 次 等待 3 秒
2024-12-02 02:13:32 查询号码 【1308004】，返回信息 {"status":"ok","msg":"吉林-长春","gid":"184218","time_insert":"2021-07-03 20:02"}
2024-12-02 02:13:32 查询号码 【1308004】，GSD为【"吉林-长春"】

2024-12-02 02:13:33 开始第 8006 次操作

2024-12-02 02:13:33 开始操作号码 【1308005】
2024-12-02 02:13:34 GSD getOne 第 1 次 等待 3 秒
2024-12-02 02:13:37 查询号码 【1308005】，返回信息 {"status":"ok","msg":"吉林-通化","gid":"184216","time_insert":"2021-07-03 20:02"}
2024-12-02 02:13:37 查询号码 【1308005】，GSD为【"吉林-通化"】

2024-12-02 02:13:38 开始第 8007 次操作

2024-12-02 02:13:38 开始操作号码 【1308006】
2024-12-02 02:13:39 GSD getOne 第 1 次 等待 3 秒
2024-12-02 02:13:42 查询号码 【1308006】，返回信息 {"status":"ok","msg":"吉林-白城","gid":"184215","time_insert":"2021-07-03 20:01"}
2024-12-02 02:13:42 查询号码 【1308006】，GSD为【"吉林-白城"】

2024-12-02 02:13:43 开始第 8008 次操作

2024-12-02 02:13:43 开始操作号码 【1308007】
2024-12-02 02:13:44 GSD getOne 第 1 次 等待 3 秒
2024-12-02 02:13:47 查询号码 【1308007】，返回信息 {"status":"ok","msg":"吉林-松原","gid":"184209","time_insert":"2021-07-03 20:00"}
2024-12-02 02:13:47 查询号码 【1308007】，GSD为【"吉林-松原"】

2024-12-02 02:41:33 开始第 8009 次操作

2024-12-02 02:41:33 开始操作号码 【1308008】
2024-12-02 02:41:35 GSD getOne 第 1 次 等待 3 秒
2024-12-02 02:41:38 查询号码 【1308008】，返回信息 {"status":"ok","msg":"吉林-松原","gid":"184199","time_insert":"2021-07-03 19:59"}
2024-12-02 02:41:38 查询号码 【1308008】，GSD为【"吉林-松原"】

2024-12-02 02:41:39 开始第 8010 次操作

2024-12-02 02:41:39 开始操作号码 【1308009】
2024-12-02 02:41:40 GSD getOne 第 1 次 等待 3 秒
2024-12-02 02:41:43 查询号码 【1308009】，返回信息 {"status":"ok","msg":"吉林-松原","gid":"184192","time_insert":"2021-07-03 19:58"}
2024-12-02 02:41:43 查询号码 【1308009】，GSD为【"吉林-松原"】

2024-12-02 02:41:44 开始第 8011 次操作

2024-12-02 02:41:44 开始操作号码 【1308010】
2024-12-02 02:41:45 GSD getOne 第 1 次 等待 3 秒
2024-12-02 02:41:48 查询号码 【1308010】，返回信息 {"status":"ok","msg":"河南-濮阳","gid":"694","time_insert":"2017-03-16 14:59","time_update":"2020-09-14 14:28"}
2024-12-02 02:41:48 查询号码 【1308010】，GSD为【"河南-濮阳"】

2024-12-02 02:41:49 开始第 8012 次操作

2024-12-02 02:41:49 开始操作号码 【1308011】
2024-12-02 02:41:50 GSD getOne 第 1 次 等待 3 秒
2024-12-02 02:41:53 查询号码 【1308011】，返回信息 {"status":"ok","msg":"河南-濮阳","gid":"184178","time_insert":"2021-07-03 19:57"}
2024-12-02 02:41:53 查询号码 【1308011】，GSD为【"河南-濮阳"】

2024-12-02 03:08:04 开始第 8013 次操作

2024-12-02 03:08:04 开始操作号码 【1308012】
2024-12-02 03:08:06 GSD getOne 第 1 次 等待 3 秒
2024-12-02 03:08:09 查询号码 【1308012】，返回信息 {"status":"ok","msg":"河南-濮阳","gid":"695","time_insert":"2017-12-06 14:55","time_update":"2020-09-14 14:31"}
2024-12-02 03:08:09 查询号码 【1308012】，GSD为【"河南-濮阳"】

2024-12-02 03:08:10 开始第 8014 次操作

2024-12-02 03:08:10 开始操作号码 【1308013】
2024-12-02 03:08:11 GSD getOne 第 1 次 等待 3 秒
2024-12-02 03:08:14 查询号码 【1308013】，返回信息 {"status":"ok","msg":"河南-漯河","gid":"184163","time_insert":"2021-07-03 19:56"}
2024-12-02 03:08:14 查询号码 【1308013】，GSD为【"河南-漯河"】

2024-12-02 03:08:15 开始第 8015 次操作

2024-12-02 03:08:15 开始操作号码 【1308014】
2024-12-02 03:08:16 GSD getOne 第 1 次 等待 3 秒
2024-12-02 03:08:19 查询号码 【1308014】，返回信息 {"status":"ok","msg":"河南-漯河","gid":"696","time_insert":"2018-06-05 18:29","time_update":"2020-09-14 14:35"}
2024-12-02 03:08:19 查询号码 【1308014】，GSD为【"河南-漯河"】

2024-12-02 03:08:20 开始第 8016 次操作

2024-12-02 03:08:20 开始操作号码 【1308015】
2024-12-02 03:08:21 GSD getOne 第 1 次 等待 3 秒
2024-12-02 03:08:24 查询号码 【1308015】，返回信息 {"status":"ok","msg":"河南-许昌","gid":"184149","time_insert":"2021-07-03 19:54"}
2024-12-02 03:08:24 查询号码 【1308015】，GSD为【"河南-许昌"】

2024-12-02 03:33:01 开始第 8017 次操作

2024-12-02 03:33:01 开始操作号码 【1308016】
2024-12-02 03:33:02 GSD getOne 第 1 次 等待 3 秒
2024-12-02 03:33:05 查询号码 【1308016】，返回信息 {"status":"ok","msg":"河南-许昌","gid":"697","time_insert":"2017-05-16 22:54","time_update":"2020-09-14 14:38"}
2024-12-02 03:33:05 查询号码 【1308016】，GSD为【"河南-许昌"】

2024-12-02 03:33:06 开始第 8018 次操作

2024-12-02 03:33:06 开始操作号码 【1308017】
2024-12-02 03:33:07 GSD getOne 第 1 次 等待 3 秒
2024-12-02 03:33:10 查询号码 【1308017】，返回信息 {"status":"ok","msg":"河南-许昌","gid":"184138","time_insert":"2021-07-03 19:53"}
2024-12-02 03:33:10 查询号码 【1308017】，GSD为【"河南-许昌"】

2024-12-02 03:33:11 开始第 8019 次操作

2024-12-02 03:33:11 开始操作号码 【1308018】
2024-12-02 03:33:12 GSD getOne 第 1 次 等待 3 秒
2024-12-02 03:33:15 查询号码 【1308018】，返回信息 {"status":"ok","msg":"河南-南阳","gid":"52963","time_insert":"2020-10-03 23:57"}
2024-12-02 03:33:15 查询号码 【1308018】，GSD为【"河南-南阳"】

2024-12-02 03:33:16 开始第 8020 次操作

2024-12-02 03:33:16 开始操作号码 【1308019】
2024-12-02 03:33:17 GSD getOne 第 1 次 等待 3 秒
2024-12-02 03:33:20 查询号码 【1308019】，返回信息 {"status":"ok","msg":"河南-许昌","gid":"184119","time_insert":"2021-07-03 19:51"}
2024-12-02 03:33:20 查询号码 【1308019】，GSD为【"河南-许昌"】

2024-12-02 04:11:10 开始第 8021 次操作

2024-12-02 04:11:10 开始操作号码 【1308020】
2024-12-02 04:11:11 GSD getOne 第 1 次 等待 3 秒
2024-12-02 04:11:14 查询号码 【1308020】，返回信息 {"status":"ok","msg":"内蒙古-呼和浩特","gid":"184110","time_insert":"2021-07-03 19:51"}
2024-12-02 04:11:14 查询号码 【1308020】，GSD为【"内蒙古-呼和浩特"】

2024-12-02 04:11:15 开始第 8022 次操作

2024-12-02 04:11:15 开始操作号码 【1308021】
2024-12-02 04:11:16 GSD getOne 第 1 次 等待 3 秒
2024-12-02 04:11:19 查询号码 【1308021】，返回信息 {"status":"ok","msg":"内蒙古-包头","gid":"184103","time_insert":"2021-07-03 19:50"}
2024-12-02 04:11:19 查询号码 【1308021】，GSD为【"内蒙古-包头"】

2024-12-02 04:11:20 开始第 8023 次操作

2024-12-02 04:11:20 开始操作号码 【1308022】
2024-12-02 04:11:21 GSD getOne 第 1 次 等待 3 秒
2024-12-02 04:11:24 查询号码 【1308022】，返回信息 {"status":"ok","msg":"内蒙古-包头","gid":"184094","time_insert":"2021-07-03 19:49"}
2024-12-02 04:11:24 查询号码 【1308022】，GSD为【"内蒙古-包头"】

2024-12-02 04:11:25 开始第 8024 次操作

2024-12-02 04:11:25 开始操作号码 【1308023】
2024-12-02 04:11:26 GSD getOne 第 1 次 等待 3 秒
2024-12-02 04:11:29 查询号码 【1308023】，返回信息 {"status":"ok","msg":"内蒙古-乌兰察布","gid":"184082","time_insert":"2021-07-03 19:48"}
2024-12-02 04:11:29 查询号码 【1308023】，GSD为【"内蒙古-乌兰察布"】

2024-12-02 04:36:17 开始第 8025 次操作

2024-12-02 04:36:17 开始操作号码 【1308024】
2024-12-02 04:36:18 GSD getOne 第 1 次 等待 3 秒
2024-12-02 04:36:21 查询号码 【1308024】，返回信息 {"status":"ok","msg":"内蒙古-通辽","gid":"184072","time_insert":"2021-07-03 19:47"}
2024-12-02 04:36:21 查询号码 【1308024】，GSD为【"内蒙古-通辽"】

2024-12-02 04:36:22 开始第 8026 次操作

2024-12-02 04:36:22 开始操作号码 【1308025】
2024-12-02 04:36:23 GSD getOne 第 1 次 等待 3 秒
2024-12-02 04:36:26 查询号码 【1308025】，返回信息 {"status":"ok","msg":"内蒙古-通辽","gid":"184062","time_insert":"2021-07-03 19:47"}
2024-12-02 04:36:26 查询号码 【1308025】，GSD为【"内蒙古-通辽"】

2024-12-02 04:36:27 开始第 8027 次操作

2024-12-02 04:36:27 开始操作号码 【1308026】
2024-12-02 04:36:28 GSD getOne 第 1 次 等待 3 秒
2024-12-02 04:36:31 查询号码 【1308026】，返回信息 {"status":"ok","msg":"内蒙古-赤峰","gid":"184051","time_insert":"2021-07-03 19:46"}
2024-12-02 04:36:31 查询号码 【1308026】，GSD为【"内蒙古-赤峰"】

2024-12-02 04:36:32 开始第 8028 次操作

2024-12-02 04:36:32 开始操作号码 【1308027】
2024-12-02 04:36:33 GSD getOne 第 1 次 等待 3 秒
2024-12-02 04:36:36 查询号码 【1308027】，返回信息 {"status":"ok","msg":"内蒙古-赤峰","gid":"184039","time_insert":"2021-07-03 19:45"}
2024-12-02 04:36:36 查询号码 【1308027】，GSD为【"内蒙古-赤峰"】

2024-12-02 05:09:04 开始第 8029 次操作

2024-12-02 05:09:04 开始操作号码 【1308028】
2024-12-02 05:09:05 GSD getOne 第 1 次 等待 3 秒
2024-12-02 05:09:08 查询号码 【1308028】，返回信息 {"status":"ok","msg":"内蒙古-巴彦淖尔","gid":"184030","time_insert":"2021-07-03 19:44"}
2024-12-02 05:09:08 查询号码 【1308028】，GSD为【"内蒙古-巴彦淖尔"】

2024-12-02 05:09:09 开始第 8030 次操作

2024-12-02 05:09:09 开始操作号码 【1308029】
2024-12-02 05:09:10 GSD getOne 第 1 次 等待 3 秒
2024-12-02 05:09:13 查询号码 【1308029】，返回信息 {"status":"ok","msg":"内蒙古-鄂尔多斯","gid":"184016","time_insert":"2021-07-03 19:43"}
2024-12-02 05:09:13 查询号码 【1308029】，GSD为【"内蒙古-鄂尔多斯"】

2024-12-02 05:09:14 开始第 8031 次操作

2024-12-02 05:09:14 开始操作号码 【1308030】
2024-12-02 05:09:15 GSD getOne 第 1 次 等待 3 秒
2024-12-02 05:09:18 查询号码 【1308030】，返回信息 {"status":"ok","msg":"山西-忻州","gid":"184002","time_insert":"2021-07-03 19:43"}
2024-12-02 05:09:18 查询号码 【1308030】，GSD为【"山西-忻州"】

2024-12-02 05:09:19 开始第 8032 次操作

2024-12-02 05:09:19 开始操作号码 【1308031】
2024-12-02 05:09:20 GSD getOne 第 1 次 等待 3 秒
2024-12-02 05:09:23 查询号码 【1308031】，返回信息 {"status":"ok","msg":"山西-太原","gid":"183990","time_insert":"2021-07-03 19:42"}
2024-12-02 05:09:24 查询号码 【1308031】，GSD为【"山西-太原"】

2024-12-02 05:33:18 开始第 8033 次操作

2024-12-02 05:33:18 开始操作号码 【1308032】
2024-12-02 05:33:19 GSD getOne 第 1 次 等待 3 秒
2024-12-02 05:33:22 查询号码 【1308032】，返回信息 {"status":"ok","msg":"山西-大同","gid":"183978","time_insert":"2021-07-03 19:41"}
2024-12-02 05:33:22 查询号码 【1308032】，GSD为【"山西-大同"】

2024-12-02 05:33:23 开始第 8034 次操作

2024-12-02 05:33:23 开始操作号码 【1308033】
2024-12-02 05:33:24 GSD getOne 第 1 次 等待 3 秒
2024-12-02 05:33:27 查询号码 【1308033】，返回信息 {"status":"ok","msg":"山西-阳泉","gid":"183965","time_insert":"2021-07-03 19:40"}
2024-12-02 05:33:27 查询号码 【1308033】，GSD为【"山西-阳泉"】

2024-12-02 05:33:28 开始第 8035 次操作

2024-12-02 05:33:28 开始操作号码 【1308034】
2024-12-02 05:33:29 GSD getOne 第 1 次 等待 3 秒
2024-12-02 05:33:32 查询号码 【1308034】，返回信息 {"status":"ok","msg":"山西-运城","gid":"183955","time_insert":"2021-07-03 19:39"}
2024-12-02 05:33:32 查询号码 【1308034】，GSD为【"山西-运城"】

2024-12-02 05:33:33 开始第 8036 次操作

2024-12-02 05:33:33 开始操作号码 【1308035】
2024-12-02 05:33:34 GSD getOne 第 1 次 等待 3 秒
2024-12-02 05:33:37 查询号码 【1308035】，返回信息 {"status":"ok","msg":"山西-长治","gid":"183941","time_insert":"2021-07-03 19:38"}
2024-12-02 05:33:37 查询号码 【1308035】，GSD为【"山西-长治"】

2024-12-02 06:09:45 开始第 8037 次操作

2024-12-02 06:09:45 开始操作号码 【1308036】
2024-12-02 06:09:46 GSD getOne 第 1 次 等待 3 秒
2024-12-02 06:09:49 查询号码 【1308036】，返回信息 {"status":"ok","msg":"山西-晋城","gid":"183931","time_insert":"2021-07-03 19:38"}
2024-12-02 06:09:49 查询号码 【1308036】，GSD为【"山西-晋城"】

2024-12-02 06:09:50 开始第 8038 次操作

2024-12-02 06:09:50 开始操作号码 【1308037】
2024-12-02 06:09:51 GSD getOne 第 1 次 等待 3 秒
2024-12-02 06:09:54 查询号码 【1308037】，返回信息 {"status":"ok","msg":"山西-临汾","gid":"183916","time_insert":"2021-07-03 19:37"}
2024-12-02 06:09:54 查询号码 【1308037】，GSD为【"山西-临汾"】

2024-12-02 06:09:55 开始第 8039 次操作

2024-12-02 06:09:55 开始操作号码 【1308038】
2024-12-02 06:09:56 GSD getOne 第 1 次 等待 3 秒
2024-12-02 06:09:59 查询号码 【1308038】，返回信息 {"status":"ok","msg":"山西-吕梁","gid":"183907","time_insert":"2021-07-03 19:36"}
2024-12-02 06:09:59 查询号码 【1308038】，GSD为【"山西-吕梁"】

2024-12-02 06:10:00 开始第 8040 次操作

2024-12-02 06:10:00 开始操作号码 【1308039】
2024-12-02 06:10:01 GSD getOne 第 1 次 等待 3 秒
2024-12-02 06:10:04 查询号码 【1308039】，返回信息 {"status":"ok","msg":"山西-朔州","gid":"183693","time_insert":"2021-07-03 18:52"}
2024-12-02 06:10:04 查询号码 【1308039】，GSD为【"山西-朔州"】

2024-12-02 06:38:17 开始第 8041 次操作

2024-12-02 06:38:17 开始操作号码 【1308040】
2024-12-02 06:38:18 GSD getOne 第 1 次 等待 3 秒
2024-12-02 06:38:21 查询号码 【1308040】，返回信息 {"status":"ok","msg":"河北-邯郸","gid":"183684","time_insert":"2021-07-03 18:52"}
2024-12-02 06:38:21 查询号码 【1308040】，GSD为【"河北-邯郸"】

2024-12-02 06:38:22 开始第 8042 次操作

2024-12-02 06:38:22 开始操作号码 【1308041】
2024-12-02 06:38:23 GSD getOne 第 1 次 等待 3 秒
2024-12-02 06:38:26 查询号码 【1308041】，返回信息 {"status":"ok","msg":"河北-石家庄","gid":"183679","time_insert":"2021-07-03 18:51"}
2024-12-02 06:38:26 查询号码 【1308041】，GSD为【"河北-石家庄"】

2024-12-02 06:38:27 开始第 8043 次操作

2024-12-02 06:38:27 开始操作号码 【1308042】
2024-12-02 06:38:28 GSD getOne 第 1 次 等待 3 秒
2024-12-02 06:38:31 查询号码 【1308042】，返回信息 {"status":"ok","msg":"河北-保定","gid":"183669","time_insert":"2021-07-03 18:51"}
2024-12-02 06:38:31 查询号码 【1308042】，GSD为【"河北-保定"】

2024-12-02 06:38:32 开始第 8044 次操作

2024-12-02 06:38:32 开始操作号码 【1308043】
2024-12-02 06:38:33 GSD getOne 第 1 次 等待 3 秒
2024-12-02 06:38:36 查询号码 【1308043】，返回信息 {"status":"ok","msg":"河北-张家口","gid":"183664","time_insert":"2021-07-03 18:51"}
2024-12-02 06:38:36 查询号码 【1308043】，GSD为【"河北-张家口"】

2024-12-02 07:10:00 开始第 8045 次操作

2024-12-02 07:10:00 开始操作号码 【1308044】
2024-12-02 07:10:01 GSD getOne 第 1 次 等待 3 秒
2024-12-02 07:10:04 查询号码 【1308044】，返回信息 {"status":"ok","msg":"河北-邯郸","gid":"183654","time_insert":"2021-07-03 18:50"}
2024-12-02 07:10:04 查询号码 【1308044】，GSD为【"河北-邯郸"】

2024-12-02 07:10:05 开始第 8046 次操作

2024-12-02 07:10:05 开始操作号码 【1308045】
2024-12-02 07:10:06 GSD getOne 第 1 次 等待 3 秒
2024-12-02 07:10:09 查询号码 【1308045】，返回信息 {"status":"ok","msg":"河北-唐山","gid":"183650","time_insert":"2021-07-03 18:50"}
2024-12-02 07:10:09 查询号码 【1308045】，GSD为【"河北-唐山"】

2024-12-02 07:10:10 开始第 8047 次操作

2024-12-02 07:10:10 开始操作号码 【1308046】
2024-12-02 07:10:11 GSD getOne 第 1 次 等待 3 秒
2024-12-02 07:10:14 查询号码 【1308046】，返回信息 {"status":"ok","msg":"河北-石家庄","gid":"183643","time_insert":"2021-07-03 18:49"}
2024-12-02 07:10:14 查询号码 【1308046】，GSD为【"河北-石家庄"】

2024-12-02 07:10:15 开始第 8048 次操作

2024-12-02 07:10:15 开始操作号码 【1308047】
2024-12-02 07:10:17 GSD getOne 第 1 次 等待 3 秒
2024-12-02 07:10:20 查询号码 【1308047】，返回信息 {"status":"ok","msg":"河北-沧州","gid":"183637","time_insert":"2021-07-03 18:49"}
2024-12-02 07:10:20 查询号码 【1308047】，GSD为【"河北-沧州"】

2024-12-02 07:34:18 开始第 8049 次操作

2024-12-02 07:34:18 开始操作号码 【1308048】
2024-12-02 07:34:20 GSD getOne 第 1 次 等待 3 秒
2024-12-02 07:34:23 查询号码 【1308048】，返回信息 {"status":"ok","msg":"河北-唐山","gid":"183628","time_insert":"2021-07-03 18:49"}
2024-12-02 07:34:23 查询号码 【1308048】，GSD为【"河北-唐山"】

2024-12-02 07:34:24 开始第 8050 次操作

2024-12-02 07:34:24 开始操作号码 【1308049】
2024-12-02 07:34:25 GSD getOne 第 1 次 等待 3 秒
2024-12-02 07:34:28 查询号码 【1308049】，返回信息 {"status":"ok","msg":"河北-保定","gid":"183623","time_insert":"2021-07-03 18:48"}
2024-12-02 07:34:28 查询号码 【1308049】，GSD为【"河北-保定"】

2024-12-02 07:34:29 开始第 8051 次操作

2024-12-02 07:34:29 开始操作号码 【1308050】
2024-12-02 07:34:30 GSD getOne 第 1 次 等待 3 秒
2024-12-02 07:34:33 查询号码 【1308050】，返回信息 {"status":"ok","msg":"湖南-长沙","gid":"183616","time_insert":"2021-07-03 18:48"}
2024-12-02 07:34:33 查询号码 【1308050】，GSD为【"湖南-长沙"】

2024-12-02 07:34:34 开始第 8052 次操作

2024-12-02 07:34:34 开始操作号码 【1308051】
2024-12-02 07:34:35 GSD getOne 第 1 次 等待 3 秒
2024-12-02 07:34:38 查询号码 【1308051】，返回信息 {"status":"ok","msg":"湖南-长沙","gid":"183611","time_insert":"2021-07-03 18:47"}
2024-12-02 07:34:38 查询号码 【1308051】，GSD为【"湖南-长沙"】

2024-12-02 08:55:45 开始第 8053 次操作

2024-12-02 08:55:45 开始操作号码 【1308052】
2024-12-02 08:55:47 GSD getOne 第 1 次 等待 3 秒
2024-12-02 08:55:50 查询号码 【1308052】，返回信息 {"status":"ok","msg":"湖南-长沙","gid":"183602","time_insert":"2021-07-03 18:47"}
2024-12-02 08:55:50 查询号码 【1308052】，GSD为【"湖南-长沙"】

2024-12-02 08:55:51 开始第 8054 次操作

2024-12-02 08:55:51 开始操作号码 【1308053】
2024-12-02 08:55:52 GSD getOne 第 1 次 等待 3 秒
2024-12-02 08:55:55 查询号码 【1308053】，返回信息 {"status":"ok","msg":"湖南-长沙","gid":"183597","time_insert":"2021-07-03 18:46"}
2024-12-02 08:55:55 查询号码 【1308053】，GSD为【"湖南-长沙"】

2024-12-02 08:55:56 开始第 8055 次操作

2024-12-02 08:55:56 开始操作号码 【1308054】
2024-12-02 08:55:57 GSD getOne 第 1 次 等待 3 秒
2024-12-02 08:56:00 查询号码 【1308054】，返回信息 {"status":"ok","msg":"湖南-长沙","gid":"183589","time_insert":"2021-07-03 18:46"}
2024-12-02 08:56:00 查询号码 【1308054】，GSD为【"湖南-长沙"】

2024-12-02 08:56:01 开始第 8056 次操作

2024-12-02 08:56:01 开始操作号码 【1308055】
2024-12-02 08:56:02 GSD getOne 第 1 次 等待 3 秒
2024-12-02 08:56:05 查询号码 【1308055】，返回信息 {"status":"ok","msg":"湖南-长沙","gid":"698","time_insert":"2018-07-07 13:08","time_update":"2020-09-21 17:29"}
2024-12-02 08:56:05 查询号码 【1308055】，GSD为【"湖南-长沙"】

2024-12-02 10:25:29 开始第 8057 次操作

2024-12-02 10:25:29 开始操作号码 【1308056】
2024-12-02 10:25:30 GSD getOne 第 1 次 等待 3 秒
2024-12-02 10:25:33 查询号码 【1308056】，返回信息 {"status":"ok","msg":"湖南-长沙","gid":"183583","time_insert":"2021-07-03 18:46"}
2024-12-02 10:25:33 查询号码 【1308056】，GSD为【"湖南-长沙"】

2024-12-02 10:25:34 开始第 8058 次操作

2024-12-02 10:25:34 开始操作号码 【1308057】
2024-12-02 10:25:35 GSD getOne 第 1 次 等待 3 秒
2024-12-02 10:25:38 查询号码 【1308057】，返回信息 {"status":"ok","msg":"湖南-益阳","gid":"183576","time_insert":"2021-07-03 18:45"}
2024-12-02 10:25:38 查询号码 【1308057】，GSD为【"湖南-益阳"】

2024-12-02 10:25:39 开始第 8059 次操作

2024-12-02 10:25:39 开始操作号码 【1308058】
2024-12-02 10:25:40 GSD getOne 第 1 次 等待 3 秒
2024-12-02 10:25:43 查询号码 【1308058】，返回信息 {"status":"ok","msg":"湖南-益阳","gid":"183570","time_insert":"2021-07-03 18:45"}
2024-12-02 10:25:43 查询号码 【1308058】，GSD为【"湖南-益阳"】

2024-12-02 10:25:44 开始第 8060 次操作

2024-12-02 10:25:44 开始操作号码 【1308059】
2024-12-02 10:25:45 GSD getOne 第 1 次 等待 3 秒
2024-12-02 10:25:48 查询号码 【1308059】，返回信息 {"status":"ok","msg":"湖南-益阳","gid":"183561","time_insert":"2021-07-03 18:44"}
2024-12-02 10:25:48 查询号码 【1308059】，GSD为【"湖南-益阳"】

2024-12-02 11:23:06 开始第 8061 次操作

2024-12-02 11:23:06 开始操作号码 【1308060】
2024-12-02 11:23:07 GSD getOne 第 1 次 等待 3 秒
2024-12-02 11:23:10 查询号码 【1308060】，返回信息 {"status":"ok","msg":"湖北-武汉","gid":"183555","time_insert":"2021-07-03 18:44"}
2024-12-02 11:23:10 查询号码 【1308060】，GSD为【"湖北-武汉"】

2024-12-02 11:23:11 开始第 8062 次操作

2024-12-02 11:23:11 开始操作号码 【1308061】
2024-12-02 11:23:12 GSD getOne 第 1 次 等待 3 秒
2024-12-02 11:23:15 查询号码 【1308061】，返回信息 {"status":"ok","msg":"湖北-武汉","gid":"183548","time_insert":"2021-07-03 18:43"}
2024-12-02 11:23:15 查询号码 【1308061】，GSD为【"湖北-武汉"】

2024-12-02 11:23:16 开始第 8063 次操作

2024-12-02 11:23:16 开始操作号码 【1308062】
2024-12-02 11:23:18 GSD getOne 第 1 次 等待 3 秒
2024-12-02 11:23:21 查询号码 【1308062】，返回信息 {"status":"ok","msg":"湖北-武汉","gid":"183544","time_insert":"2021-07-03 18:43"}
2024-12-02 11:23:21 查询号码 【1308062】，GSD为【"湖北-武汉"】

2024-12-02 11:23:22 开始第 8064 次操作

2024-12-02 11:23:22 开始操作号码 【1308063】
2024-12-02 11:23:23 GSD getOne 第 1 次 等待 3 秒
2024-12-02 11:23:26 查询号码 【1308063】，返回信息 {"status":"ok","msg":"湖北-武汉","gid":"183542","time_insert":"2021-07-03 18:42"}
2024-12-02 11:23:26 查询号码 【1308063】，GSD为【"湖北-武汉"】

2024-12-02 11:48:48 开始第 8065 次操作

2024-12-02 11:48:48 开始操作号码 【1308064】
2024-12-02 11:48:49 GSD getOne 第 1 次 等待 3 秒
2024-12-02 11:48:52 查询号码 【1308064】，返回信息 {"status":"ok","msg":"湖北-武汉","gid":"699","time_insert":"2018-01-15 08:48","time_update":"2020-09-14 17:33"}
2024-12-02 11:48:52 查询号码 【1308064】，GSD为【"湖北-武汉"】

2024-12-02 11:48:53 开始第 8066 次操作

2024-12-02 11:48:53 开始操作号码 【1308065】
2024-12-02 11:48:54 GSD getOne 第 1 次 等待 3 秒
2024-12-02 11:48:57 查询号码 【1308065】，返回信息 {"status":"ok","msg":"湖北-武汉","gid":"183539","time_insert":"2021-07-03 18:42"}
2024-12-02 11:48:57 查询号码 【1308065】，GSD为【"湖北-武汉"】

2024-12-02 11:48:58 开始第 8067 次操作

2024-12-02 11:48:58 开始操作号码 【1308066】
2024-12-02 11:48:59 GSD getOne 第 1 次 等待 3 秒
2024-12-02 11:49:02 查询号码 【1308066】，返回信息 {"status":"ok","msg":"湖北-武汉","gid":"183537","time_insert":"2021-07-03 18:42"}
2024-12-02 11:49:02 查询号码 【1308066】，GSD为【"湖北-武汉"】

2024-12-02 11:49:03 开始第 8068 次操作

2024-12-02 11:49:03 开始操作号码 【1308067】
2024-12-02 11:49:05 GSD getOne 第 1 次 等待 3 秒
2024-12-02 11:49:08 查询号码 【1308067】，返回信息 {"status":"ok","msg":"湖北-武汉","gid":"183536","time_insert":"2021-07-03 18:41"}
2024-12-02 11:49:08 查询号码 【1308067】，GSD为【"湖北-武汉"】

2024-12-02 12:13:48 开始第 8069 次操作

2024-12-02 12:13:48 开始操作号码 【1308068】
2024-12-02 12:13:50 GSD getOne 第 1 次 等待 3 秒
2024-12-02 12:13:53 查询号码 【1308068】，返回信息 {"status":"ok","msg":"湖北-武汉","gid":"183534","time_insert":"2021-07-03 18:41"}
2024-12-02 12:13:53 查询号码 【1308068】，GSD为【"湖北-武汉"】

2024-12-02 12:13:54 开始第 8070 次操作

2024-12-02 12:13:54 开始操作号码 【1308069】
2024-12-02 12:13:55 GSD getOne 第 1 次 等待 3 秒
2024-12-02 12:13:58 查询号码 【1308069】，返回信息 {"status":"ok","msg":"湖北-武汉","gid":"183532","time_insert":"2021-07-03 18:40"}
2024-12-02 12:13:58 查询号码 【1308069】，GSD为【"湖北-武汉"】

2024-12-02 12:13:59 开始第 8071 次操作

2024-12-02 12:13:59 开始操作号码 【1308070】
2024-12-02 12:14:00 GSD getOne 第 1 次 等待 3 秒
2024-12-02 12:14:03 查询号码 【1308070】，返回信息 {"status":"ok","msg":"辽宁-沈阳","gid":"183529","time_insert":"2021-07-03 18:40"}
2024-12-02 12:14:03 查询号码 【1308070】，GSD为【"辽宁-沈阳"】

2024-12-02 12:14:04 开始第 8072 次操作

2024-12-02 12:14:04 开始操作号码 【1308071】
2024-12-02 12:14:05 GSD getOne 第 1 次 等待 3 秒
2024-12-02 12:14:08 查询号码 【1308071】，返回信息 {"status":"ok","msg":"辽宁-沈阳","gid":"183305","time_insert":"2021-07-03 17:53"}
2024-12-02 12:14:08 查询号码 【1308071】，GSD为【"辽宁-沈阳"】

2024-12-02 12:41:41 开始第 8073 次操作

2024-12-02 12:41:41 开始操作号码 【1308072】
2024-12-02 12:41:43 GSD getOne 第 1 次 等待 3 秒
2024-12-02 12:41:46 查询号码 【1308072】，返回信息 {"status":"ok","msg":"辽宁-沈阳","gid":"183299","time_insert":"2021-07-03 17:53"}
2024-12-02 12:41:46 查询号码 【1308072】，GSD为【"辽宁-沈阳"】

2024-12-02 12:41:47 开始第 8074 次操作

2024-12-02 12:41:47 开始操作号码 【1308073】
2024-12-02 12:41:48 GSD getOne 第 1 次 等待 3 秒
2024-12-02 12:41:51 查询号码 【1308073】，返回信息 {"status":"ok","msg":"辽宁-沈阳","gid":"183295","time_insert":"2021-07-03 17:53"}
2024-12-02 12:41:51 查询号码 【1308073】，GSD为【"辽宁-沈阳"】

2024-12-02 12:41:52 开始第 8075 次操作

2024-12-02 12:41:52 开始操作号码 【1308074】
2024-12-02 12:41:53 GSD getOne 第 1 次 等待 3 秒
2024-12-02 12:41:56 查询号码 【1308074】，返回信息 {"status":"ok","msg":"辽宁-沈阳","gid":"183287","time_insert":"2021-07-03 17:52"}
2024-12-02 12:41:56 查询号码 【1308074】，GSD为【"辽宁-沈阳"】

2024-12-02 12:41:57 开始第 8076 次操作

2024-12-02 12:41:57 开始操作号码 【1308075】
2024-12-02 12:41:58 GSD getOne 第 1 次 等待 3 秒
2024-12-02 12:42:01 查询号码 【1308075】，返回信息 {"status":"ok","msg":"辽宁-沈阳","gid":"183281","time_insert":"2021-07-03 17:52"}
2024-12-02 12:42:01 查询号码 【1308075】，GSD为【"辽宁-沈阳"】

2024-12-02 13:11:46 开始第 8077 次操作

2024-12-02 13:11:46 开始操作号码 【1308076】
2024-12-02 13:11:47 GSD getOne 第 1 次 等待 3 秒
2024-12-02 13:11:50 查询号码 【1308076】，返回信息 {"status":"ok","msg":"辽宁-沈阳","gid":"183272","time_insert":"2021-07-03 17:52"}
2024-12-02 13:11:50 查询号码 【1308076】，GSD为【"辽宁-沈阳"】

2024-12-02 13:11:51 开始第 8078 次操作

2024-12-02 13:11:51 开始操作号码 【1308077】
2024-12-02 13:11:52 GSD getOne 第 1 次 等待 3 秒
2024-12-02 13:11:55 查询号码 【1308077】，返回信息 {"status":"ok","msg":"辽宁-沈阳","gid":"183268","time_insert":"2021-07-03 17:51"}
2024-12-02 13:11:55 查询号码 【1308077】，GSD为【"辽宁-沈阳"】

2024-12-02 13:11:56 开始第 8079 次操作

2024-12-02 13:11:56 开始操作号码 【1308078】
2024-12-02 13:11:57 GSD getOne 第 1 次 等待 3 秒
2024-12-02 13:12:00 查询号码 【1308078】，返回信息 {"status":"ok","msg":"辽宁-沈阳","gid":"183260","time_insert":"2021-07-03 17:51"}
2024-12-02 13:12:01 查询号码 【1308078】，GSD为【"辽宁-沈阳"】

2024-12-02 13:12:02 开始第 8080 次操作

2024-12-02 13:12:02 开始操作号码 【1308079】
2024-12-02 13:12:03 GSD getOne 第 1 次 等待 3 秒
2024-12-02 13:12:06 查询号码 【1308079】，返回信息 {"status":"ok","msg":"辽宁-沈阳","gid":"183251","time_insert":"2021-07-03 17:50"}
2024-12-02 13:12:06 查询号码 【1308079】，GSD为【"辽宁-沈阳"】

2024-12-02 13:39:52 开始第 8081 次操作

2024-12-02 13:39:52 开始操作号码 【1308080】
2024-12-02 13:39:53 GSD getOne 第 1 次 等待 3 秒
2024-12-02 13:39:56 查询号码 【1308080】，返回信息 {"status":"ok","msg":"辽宁-沈阳","gid":"183246","time_insert":"2021-07-03 17:50"}
2024-12-02 13:39:56 查询号码 【1308080】，GSD为【"辽宁-沈阳"】

2024-12-02 13:39:57 开始第 8082 次操作

2024-12-02 13:39:57 开始操作号码 【1308081】
2024-12-02 13:39:58 GSD getOne 第 1 次 等待 3 秒
2024-12-02 13:40:01 查询号码 【1308081】，返回信息 {"status":"ok","msg":"辽宁-沈阳","gid":"183238","time_insert":"2021-07-03 17:49"}
2024-12-02 13:40:01 查询号码 【1308081】，GSD为【"辽宁-沈阳"】

2024-12-02 13:40:02 开始第 8083 次操作

2024-12-02 13:40:02 开始操作号码 【1308082】
2024-12-02 13:40:04 GSD getOne 第 1 次 等待 3 秒
2024-12-02 13:40:07 查询号码 【1308082】，返回信息 {"status":"ok","msg":"辽宁-沈阳","gid":"183232","time_insert":"2021-07-03 17:49"}
2024-12-02 13:40:07 查询号码 【1308082】，GSD为【"辽宁-沈阳"】

2024-12-02 13:40:08 开始第 8084 次操作

2024-12-02 13:40:08 开始操作号码 【1308083】
2024-12-02 13:40:09 GSD getOne 第 1 次 等待 3 秒
2024-12-02 13:40:12 查询号码 【1308083】，返回信息 {"status":"ok","msg":"辽宁-沈阳","gid":"183224","time_insert":"2021-07-03 17:48"}
2024-12-02 13:40:12 查询号码 【1308083】，GSD为【"辽宁-沈阳"】

2024-12-02 14:16:34 开始第 8085 次操作

2024-12-02 14:16:34 开始操作号码 【1308084】
2024-12-02 14:16:35 GSD getOne 第 1 次 等待 3 秒
2024-12-02 14:16:38 查询号码 【1308084】，返回信息 {"status":"ok","msg":"辽宁-沈阳","gid":"700","time_insert":"2018-10-03 09:37","time_update":"2020-08-21 04:58"}
2024-12-02 14:16:38 查询号码 【1308084】，GSD为【"辽宁-沈阳"】

2024-12-02 14:16:39 开始第 8086 次操作

2024-12-02 14:16:39 开始操作号码 【1308085】
2024-12-02 14:16:41 GSD getOne 第 1 次 等待 3 秒
2024-12-02 14:16:44 查询号码 【1308085】，返回信息 {"status":"ok","msg":"辽宁-沈阳","gid":"183216","time_insert":"2021-07-03 17:48"}
2024-12-02 14:16:44 查询号码 【1308085】，GSD为【"辽宁-沈阳"】

2024-12-02 14:16:45 开始第 8087 次操作

2024-12-02 14:16:45 开始操作号码 【1308086】
2024-12-02 14:16:46 GSD getOne 第 1 次 等待 3 秒
2024-12-02 14:16:49 查询号码 【1308086】，返回信息 {"status":"ok","msg":"辽宁-沈阳","gid":"183210","time_insert":"2021-07-03 17:47"}
2024-12-02 14:16:49 查询号码 【1308086】，GSD为【"辽宁-沈阳"】

2024-12-02 14:16:50 开始第 8088 次操作

2024-12-02 14:16:50 开始操作号码 【1308087】
2024-12-02 14:16:51 GSD getOne 第 1 次 等待 3 秒
2024-12-02 14:16:54 查询号码 【1308087】，返回信息 {"status":"ok","msg":"辽宁-沈阳","gid":"183203","time_insert":"2021-07-03 17:47"}
2024-12-02 14:16:54 查询号码 【1308087】，GSD为【"辽宁-沈阳"】

2024-12-02 14:45:59 开始第 8089 次操作

2024-12-02 14:45:59 开始操作号码 【1308088】
2024-12-02 14:46:00 GSD getOne 第 1 次 等待 3 秒
2024-12-02 14:46:03 查询号码 【1308088】，返回信息 {"status":"ok","msg":"辽宁-沈阳","gid":"183196","time_insert":"2021-07-03 17:47"}
2024-12-02 14:46:03 查询号码 【1308088】，GSD为【"辽宁-沈阳"】

2024-12-02 14:46:04 开始第 8090 次操作

2024-12-02 14:46:04 开始操作号码 【1308089】
2024-12-02 14:46:05 GSD getOne 第 1 次 等待 3 秒
2024-12-02 14:46:08 查询号码 【1308089】，返回信息 {"status":"ok","msg":"辽宁-沈阳","gid":"183186","time_insert":"2021-07-03 17:46"}
2024-12-02 14:46:08 查询号码 【1308089】，GSD为【"辽宁-沈阳"】

2024-12-02 14:46:09 开始第 8091 次操作

2024-12-02 14:46:09 开始操作号码 【1308090】
2024-12-02 14:46:10 GSD getOne 第 1 次 等待 3 秒
2024-12-02 14:46:13 查询号码 【1308090】，返回信息 {"status":"ok","msg":"陕西-西安","gid":"183179","time_insert":"2021-07-03 17:46"}
2024-12-02 14:46:13 查询号码 【1308090】，GSD为【"陕西-西安"】

2024-12-02 14:46:14 开始第 8092 次操作

2024-12-02 14:46:14 开始操作号码 【1308091】
2024-12-02 14:46:16 GSD getOne 第 1 次 等待 3 秒
2024-12-02 14:46:19 查询号码 【1308091】，返回信息 {"status":"ok","msg":"陕西-西安","gid":"183175","time_insert":"2021-07-03 17:45"}
2024-12-02 14:46:19 查询号码 【1308091】，GSD为【"陕西-西安"】

2024-12-02 15:11:43 开始第 8093 次操作

2024-12-02 15:11:43 开始操作号码 【1308092】
2024-12-02 15:11:44 GSD getOne 第 1 次 等待 3 秒
2024-12-02 15:11:47 查询号码 【1308092】，返回信息 {"status":"ok","msg":"陕西-西安","gid":"701","time_insert":"2018-10-31 22:23","time_update":"2020-12-11 01:11"}
2024-12-02 15:11:47 查询号码 【1308092】，GSD为【"陕西-西安"】

2024-12-02 15:11:48 开始第 8094 次操作

2024-12-02 15:11:48 开始操作号码 【1308093】
2024-12-02 15:11:50 GSD getOne 第 1 次 等待 3 秒
2024-12-02 15:11:53 查询号码 【1308093】，返回信息 {"status":"ok","msg":"陕西-西安","gid":"183174","time_insert":"2021-07-03 17:45"}
2024-12-02 15:11:53 查询号码 【1308093】，GSD为【"陕西-西安"】

2024-12-02 15:11:54 开始第 8095 次操作

2024-12-02 15:11:54 开始操作号码 【1308094】
2024-12-02 15:11:55 GSD getOne 第 1 次 等待 3 秒
2024-12-02 15:11:58 查询号码 【1308094】，返回信息 {"status":"ok","msg":"陕西-延安","gid":"183173","time_insert":"2021-07-03 17:44"}
2024-12-02 15:11:58 查询号码 【1308094】，GSD为【"陕西-延安"】

2024-12-02 15:11:59 开始第 8096 次操作

2024-12-02 15:11:59 开始操作号码 【1308095】
2024-12-02 15:12:00 GSD getOne 第 1 次 等待 3 秒
2024-12-02 15:12:03 查询号码 【1308095】，返回信息 {"status":"ok","msg":"陕西-延安","gid":"183172","time_insert":"2021-07-03 17:44"}
2024-12-02 15:12:03 查询号码 【1308095】，GSD为【"陕西-延安"】

2024-12-02 15:36:47 开始第 8097 次操作

2024-12-02 15:36:47 开始操作号码 【1308096】
2024-12-02 15:36:48 GSD getOne 第 1 次 等待 3 秒
2024-12-02 15:36:51 查询号码 【1308096】，返回信息 {"status":"ok","msg":"陕西-榆林","gid":"183171","time_insert":"2021-07-03 17:43"}
2024-12-02 15:36:51 查询号码 【1308096】，GSD为【"陕西-榆林"】

2024-12-02 15:36:52 开始第 8098 次操作

2024-12-02 15:36:52 开始操作号码 【1308097】
2024-12-02 15:36:53 GSD getOne 第 1 次 等待 3 秒
2024-12-02 15:36:56 查询号码 【1308097】，返回信息 {"status":"ok","msg":"陕西-榆林","gid":"183170","time_insert":"2021-07-03 17:43"}
2024-12-02 15:36:56 查询号码 【1308097】，GSD为【"陕西-榆林"】

2024-12-02 15:36:57 开始第 8099 次操作

2024-12-02 15:36:57 开始操作号码 【1308098】
2024-12-02 15:36:59 GSD getOne 第 1 次 等待 3 秒
2024-12-02 15:37:02 查询号码 【1308098】，返回信息 {"status":"ok","msg":"陕西-榆林","gid":"183169","time_insert":"2021-07-03 17:43"}
2024-12-02 15:37:02 查询号码 【1308098】，GSD为【"陕西-榆林"】

2024-12-02 15:37:03 开始第 8100 次操作

2024-12-02 15:37:03 开始操作号码 【1308099】
2024-12-02 15:37:04 GSD getOne 第 1 次 等待 3 秒
2024-12-02 15:37:07 查询号码 【1308099】，返回信息 {"status":"ok","msg":"陕西-商洛","gid":"183166","time_insert":"2021-07-03 17:42"}
2024-12-02 15:37:07 查询号码 【1308099】，GSD为【"陕西-商洛"】

2024-12-02 16:15:44 开始第 8101 次操作

2024-12-02 16:15:44 开始操作号码 【1308100】
2024-12-02 16:15:45 GSD getOne 第 1 次 等待 3 秒
2024-12-02 16:15:48 查询号码 【1308100】，返回信息 {"status":"ok","msg":"河北-石家庄","gid":"183164","time_insert":"2021-07-03 17:42"}
2024-12-02 16:15:48 查询号码 【1308100】，GSD为【"河北-石家庄"】

2024-12-02 16:15:49 开始第 8102 次操作

2024-12-02 16:15:49 开始操作号码 【1308101】
2024-12-02 16:15:51 GSD getOne 第 1 次 等待 3 秒
2024-12-02 16:15:54 查询号码 【1308101】，返回信息 {"status":"ok","msg":"河北-石家庄","gid":"183162","time_insert":"2021-07-03 17:41"}
2024-12-02 16:15:54 查询号码 【1308101】，GSD为【"河北-石家庄"】

2024-12-02 16:15:55 开始第 8103 次操作

2024-12-02 16:15:55 开始操作号码 【1308102】
2024-12-02 16:15:56 GSD getOne 第 1 次 等待 3 秒
2024-12-02 16:15:59 查询号码 【1308102】，返回信息 {"status":"ok","msg":"河北-石家庄","gid":"183160","time_insert":"2021-07-03 17:41"}
2024-12-02 16:15:59 查询号码 【1308102】，GSD为【"河北-石家庄"】

2024-12-02 16:16:00 开始第 8104 次操作

2024-12-02 16:16:00 开始操作号码 【1308103】
2024-12-02 16:16:01 GSD getOne 第 1 次 等待 3 秒
2024-12-02 16:16:04 查询号码 【1308103】，返回信息 {"status":"ok","msg":"河北-石家庄","gid":"182936","time_insert":"2021-07-03 16:53"}
2024-12-02 16:16:04 查询号码 【1308103】，GSD为【"河北-石家庄"】

2024-12-02 16:44:01 开始第 8105 次操作

2024-12-02 16:44:01 开始操作号码 【1308104】
2024-12-02 16:44:02 GSD getOne 第 1 次 等待 3 秒
2024-12-02 16:44:05 查询号码 【1308104】，返回信息 {"status":"ok","msg":"河北-石家庄","gid":"182927","time_insert":"2021-07-03 16:52"}
2024-12-02 16:44:05 查询号码 【1308104】，GSD为【"河北-石家庄"】

2024-12-02 16:44:06 开始第 8106 次操作

2024-12-02 16:44:06 开始操作号码 【1308105】
2024-12-02 16:44:07 GSD getOne 第 1 次 等待 3 秒
2024-12-02 16:44:10 查询号码 【1308105】，返回信息 {"status":"ok","msg":"河北-石家庄","gid":"182920","time_insert":"2021-07-03 16:52"}
2024-12-02 16:44:10 查询号码 【1308105】，GSD为【"河北-石家庄"】

2024-12-02 16:44:11 开始第 8107 次操作

2024-12-02 16:44:11 开始操作号码 【1308106】
2024-12-02 16:44:12 GSD getOne 第 1 次 等待 3 秒
2024-12-02 16:44:15 查询号码 【1308106】，返回信息 {"status":"ok","msg":"河北-石家庄","gid":"182915","time_insert":"2021-07-03 16:52"}
2024-12-02 16:44:15 查询号码 【1308106】，GSD为【"河北-石家庄"】

2024-12-02 16:44:16 开始第 8108 次操作

2024-12-02 16:44:16 开始操作号码 【1308107】
2024-12-02 16:44:17 GSD getOne 第 1 次 等待 3 秒
2024-12-02 16:44:20 查询号码 【1308107】，返回信息 {"status":"ok","msg":"河北-石家庄","gid":"182909","time_insert":"2021-07-03 16:51"}
2024-12-02 16:44:20 查询号码 【1308107】，GSD为【"河北-石家庄"】

2024-12-02 17:12:53 开始第 8109 次操作

2024-12-02 17:12:53 开始操作号码 【1308108】
2024-12-02 17:12:54 GSD getOne 第 1 次 等待 3 秒
2024-12-02 17:12:57 查询号码 【1308108】，返回信息 {"status":"ok","msg":"河北-石家庄","gid":"182904","time_insert":"2021-07-03 16:51"}
2024-12-02 17:12:57 查询号码 【1308108】，GSD为【"河北-石家庄"】

2024-12-02 17:12:59 开始第 8110 次操作

2024-12-02 17:12:59 开始操作号码 【1308109】
2024-12-02 17:13:00 GSD getOne 第 1 次 等待 3 秒
2024-12-02 17:13:03 查询号码 【1308109】，返回信息 {"status":"ok","msg":"河北-石家庄","gid":"182896","time_insert":"2021-07-03 16:50"}
2024-12-02 17:13:03 查询号码 【1308109】，GSD为【"河北-石家庄"】

2024-12-02 17:13:04 开始第 8111 次操作

2024-12-02 17:13:04 开始操作号码 【1308110】
2024-12-02 17:13:05 GSD getOne 第 1 次 等待 3 秒
2024-12-02 17:13:08 查询号码 【1308110】，返回信息 {"status":"ok","msg":"河北-石家庄","gid":"182889","time_insert":"2021-07-03 16:50"}
2024-12-02 17:13:08 查询号码 【1308110】，GSD为【"河北-石家庄"】

2024-12-02 17:13:09 开始第 8112 次操作

2024-12-02 17:13:09 开始操作号码 【1308111】
2024-12-02 17:13:10 GSD getOne 第 1 次 等待 3 秒
2024-12-02 17:13:13 查询号码 【1308111】，返回信息 {"status":"ok","msg":"河北-石家庄","gid":"182880","time_insert":"2021-07-03 16:49"}
2024-12-02 17:13:13 查询号码 【1308111】，GSD为【"河北-石家庄"】

2024-12-02 17:39:00 开始第 8113 次操作

2024-12-02 17:39:00 开始操作号码 【1308112】
2024-12-02 17:39:01 GSD getOne 第 1 次 等待 3 秒
2024-12-02 17:39:04 查询号码 【1308112】，返回信息 {"status":"ok","msg":"河北-石家庄","gid":"182875","time_insert":"2021-07-03 16:49"}
2024-12-02 17:39:04 查询号码 【1308112】，GSD为【"河北-石家庄"】

2024-12-02 17:39:05 开始第 8114 次操作

2024-12-02 17:39:05 开始操作号码 【1308113】
2024-12-02 17:39:06 GSD getOne 第 1 次 等待 3 秒
2024-12-02 17:39:09 查询号码 【1308113】，返回信息 {"status":"ok","msg":"河北-唐山","gid":"182868","time_insert":"2021-07-03 16:49"}
2024-12-02 17:39:09 查询号码 【1308113】，GSD为【"河北-唐山"】

2024-12-02 17:39:10 开始第 8115 次操作

2024-12-02 17:39:10 开始操作号码 【1308114】
2024-12-02 17:39:11 GSD getOne 第 1 次 等待 3 秒
2024-12-02 17:39:14 查询号码 【1308114】，返回信息 {"status":"ok","msg":"河北-唐山","gid":"182861","time_insert":"2021-07-03 16:48"}
2024-12-02 17:39:14 查询号码 【1308114】，GSD为【"河北-唐山"】

2024-12-02 17:39:15 开始第 8116 次操作

2024-12-02 17:39:15 开始操作号码 【1308115】
2024-12-02 17:39:16 GSD getOne 第 1 次 等待 3 秒
2024-12-02 17:39:19 查询号码 【1308115】，返回信息 {"status":"ok","msg":"河北-唐山","gid":"182856","time_insert":"2021-07-03 16:48"}
2024-12-02 17:39:19 查询号码 【1308115】，GSD为【"河北-唐山"】

2024-12-02 18:12:28 开始第 8117 次操作

2024-12-02 18:12:28 开始操作号码 【1308116】
2024-12-02 18:12:29 GSD getOne 第 1 次 等待 3 秒
2024-12-02 18:12:32 查询号码 【1308116】，返回信息 {"status":"ok","msg":"河北-唐山","gid":"182849","time_insert":"2021-07-03 16:47"}
2024-12-02 18:12:32 查询号码 【1308116】，GSD为【"河北-唐山"】

2024-12-02 18:12:33 开始第 8118 次操作

2024-12-02 18:12:33 开始操作号码 【1308117】
2024-12-02 18:12:34 GSD getOne 第 1 次 等待 3 秒
2024-12-02 18:12:37 查询号码 【1308117】，返回信息 {"status":"ok","msg":"河北-唐山","gid":"182847","time_insert":"2021-07-03 16:47"}
2024-12-02 18:12:37 查询号码 【1308117】，GSD为【"河北-唐山"】

2024-12-02 18:12:38 开始第 8119 次操作

2024-12-02 18:12:38 开始操作号码 【1308118】
2024-12-02 18:12:39 GSD getOne 第 1 次 等待 3 秒
2024-12-02 18:12:42 查询号码 【1308118】，返回信息 {"status":"ok","msg":"河北-唐山","gid":"182840","time_insert":"2021-07-03 16:46"}
2024-12-02 18:12:42 查询号码 【1308118】，GSD为【"河北-唐山"】

2024-12-02 18:12:43 开始第 8120 次操作

2024-12-02 18:12:43 开始操作号码 【1308119】
2024-12-02 18:12:45 GSD getOne 第 1 次 等待 3 秒
2024-12-02 18:12:48 查询号码 【1308119】，返回信息 {"status":"ok","msg":"河北-唐山","gid":"182831","time_insert":"2021-07-03 16:46"}
2024-12-02 18:12:48 查询号码 【1308119】，GSD为【"河北-唐山"】

2024-12-02 18:43:16 开始第 8121 次操作

2024-12-02 18:43:16 开始操作号码 【1308120】
2024-12-02 18:43:17 GSD getOne 第 1 次 等待 3 秒
2024-12-02 18:43:20 查询号码 【1308120】，返回信息 {"status":"ok","msg":"辽宁-鞍山","gid":"182822","time_insert":"2021-07-03 16:45"}
2024-12-02 18:43:20 查询号码 【1308120】，GSD为【"辽宁-鞍山"】

2024-12-02 18:43:21 开始第 8122 次操作

2024-12-02 18:43:21 开始操作号码 【1308121】
2024-12-02 18:43:22 GSD getOne 第 1 次 等待 3 秒
2024-12-02 18:43:25 查询号码 【1308121】，返回信息 {"status":"ok","msg":"辽宁-鞍山","gid":"182815","time_insert":"2021-07-03 16:45"}
2024-12-02 18:43:25 查询号码 【1308121】，GSD为【"辽宁-鞍山"】

2024-12-02 18:43:26 开始第 8123 次操作

2024-12-02 18:43:26 开始操作号码 【1308122】
2024-12-02 18:43:27 GSD getOne 第 1 次 等待 3 秒
2024-12-02 18:43:30 查询号码 【1308122】，返回信息 {"status":"ok","msg":"辽宁-鞍山","gid":"182809","time_insert":"2021-07-03 16:44"}
2024-12-02 18:43:30 查询号码 【1308122】，GSD为【"辽宁-鞍山"】

2024-12-02 18:43:31 开始第 8124 次操作

2024-12-02 18:43:31 开始操作号码 【1308123】
2024-12-02 18:43:32 GSD getOne 第 1 次 等待 3 秒
2024-12-02 18:43:35 查询号码 【1308123】，返回信息 {"status":"ok","msg":"辽宁-鞍山","gid":"182799","time_insert":"2021-07-03 16:43"}
2024-12-02 18:43:35 查询号码 【1308123】，GSD为【"辽宁-鞍山"】

2024-12-02 19:09:36 开始第 8125 次操作

2024-12-02 19:09:36 开始操作号码 【1308124】
2024-12-02 19:09:38 GSD getOne 第 1 次 等待 3 秒
2024-12-02 19:09:41 查询号码 【1308124】，返回信息 {"status":"ok","msg":"辽宁-鞍山","gid":"182796","time_insert":"2021-07-03 16:43"}
2024-12-02 19:09:41 查询号码 【1308124】，GSD为【"辽宁-鞍山"】

2024-12-02 19:09:42 开始第 8126 次操作

2024-12-02 19:09:42 开始操作号码 【1308125】
2024-12-02 19:09:43 GSD getOne 第 1 次 等待 3 秒
2024-12-02 19:09:46 查询号码 【1308125】，返回信息 {"status":"ok","msg":"辽宁-丹东","gid":"182795","time_insert":"2021-07-03 16:43"}
2024-12-02 19:09:46 查询号码 【1308125】，GSD为【"辽宁-丹东"】

2024-12-02 19:09:47 开始第 8127 次操作

2024-12-02 19:09:47 开始操作号码 【1308126】
2024-12-02 19:09:48 GSD getOne 第 1 次 等待 3 秒
2024-12-02 19:09:51 查询号码 【1308126】，返回信息 {"status":"ok","msg":"辽宁-丹东","gid":"182794","time_insert":"2021-07-03 16:42"}
2024-12-02 19:09:51 查询号码 【1308126】，GSD为【"辽宁-丹东"】

2024-12-02 19:09:52 开始第 8128 次操作

2024-12-02 19:09:52 开始操作号码 【1308127】
2024-12-02 19:09:53 GSD getOne 第 1 次 等待 3 秒
2024-12-02 19:09:56 查询号码 【1308127】，返回信息 {"status":"ok","msg":"辽宁-锦州","gid":"182792","time_insert":"2021-07-03 16:42"}
2024-12-02 19:09:56 查询号码 【1308127】，GSD为【"辽宁-锦州"】

2024-12-02 19:33:20 开始第 8129 次操作

2024-12-02 19:33:20 开始操作号码 【1308128】
2024-12-02 19:33:21 GSD getOne 第 1 次 等待 3 秒
2024-12-02 19:33:24 查询号码 【1308128】，返回信息 {"status":"ok","msg":"辽宁-锦州","gid":"182790","time_insert":"2021-07-03 16:41"}
2024-12-02 19:33:24 查询号码 【1308128】，GSD为【"辽宁-锦州"】

2024-12-02 19:33:25 开始第 8130 次操作

2024-12-02 19:33:25 开始操作号码 【1308129】
2024-12-02 19:33:26 GSD getOne 第 1 次 等待 3 秒
2024-12-02 19:33:29 查询号码 【1308129】，返回信息 {"status":"ok","msg":"辽宁-锦州","gid":"182789","time_insert":"2021-07-03 16:41"}
2024-12-02 19:33:29 查询号码 【1308129】，GSD为【"辽宁-锦州"】

2024-12-02 19:33:30 开始第 8131 次操作

2024-12-02 19:33:30 开始操作号码 【1308130】
2024-12-02 19:33:31 GSD getOne 第 1 次 等待 3 秒
2024-12-02 19:33:34 查询号码 【1308130】，返回信息 {"status":"ok","msg":"辽宁-抚顺","gid":"182786","time_insert":"2021-07-03 16:41"}
2024-12-02 19:33:34 查询号码 【1308130】，GSD为【"辽宁-抚顺"】

2024-12-02 19:33:35 开始第 8132 次操作

2024-12-02 19:33:35 开始操作号码 【1308131】
2024-12-02 19:33:36 GSD getOne 第 1 次 等待 3 秒
2024-12-02 19:33:39 查询号码 【1308131】，返回信息 {"status":"ok","msg":"辽宁-抚顺","gid":"182783","time_insert":"2021-07-03 16:40"}
2024-12-02 19:33:39 查询号码 【1308131】，GSD为【"辽宁-抚顺"】

2024-12-02 20:21:43 开始第 8133 次操作

2024-12-02 20:21:43 开始操作号码 【1308132】
2024-12-02 20:21:44 GSD getOne 第 1 次 等待 3 秒
2024-12-02 20:21:47 查询号码 【1308132】，返回信息 {"status":"ok","msg":"辽宁-抚顺","gid":"182781","time_insert":"2021-07-03 16:40"}
2024-12-02 20:21:47 查询号码 【1308132】，GSD为【"辽宁-抚顺"】

2024-12-02 20:21:48 开始第 8134 次操作

2024-12-02 20:21:48 开始操作号码 【1308133】
2024-12-02 20:21:49 GSD getOne 第 1 次 等待 3 秒
2024-12-02 20:21:52 查询号码 【1308133】，返回信息 {"status":"ok","msg":"辽宁-抚顺","gid":"182594","time_insert":"2021-07-03 15:48"}
2024-12-02 20:21:52 查询号码 【1308133】，GSD为【"辽宁-抚顺"】

2024-12-02 20:21:53 开始第 8135 次操作

2024-12-02 20:21:53 开始操作号码 【1308134】
2024-12-02 20:21:54 GSD getOne 第 1 次 等待 3 秒
2024-12-02 20:21:57 查询号码 【1308134】，返回信息 {"status":"ok","msg":"辽宁-抚顺","gid":"182589","time_insert":"2021-07-03 15:48"}
2024-12-02 20:21:57 查询号码 【1308134】，GSD为【"辽宁-抚顺"】

2024-12-02 20:21:58 开始第 8136 次操作

2024-12-02 20:21:58 开始操作号码 【1308135】
2024-12-02 20:21:59 GSD getOne 第 1 次 等待 3 秒
2024-12-02 20:22:02 查询号码 【1308135】，返回信息 {"status":"ok","msg":"辽宁-本溪","gid":"182577","time_insert":"2021-07-03 15:47"}
2024-12-02 20:22:02 查询号码 【1308135】，GSD为【"辽宁-本溪"】

2024-12-02 21:01:49 开始第 8137 次操作

2024-12-02 21:01:49 开始操作号码 【1308136】
2024-12-02 21:01:50 GSD getOne 第 1 次 等待 3 秒
2024-12-02 21:01:53 查询号码 【1308136】，返回信息 {"status":"ok","msg":"辽宁-本溪","gid":"182573","time_insert":"2021-07-03 15:47"}
2024-12-02 21:01:53 查询号码 【1308136】，GSD为【"辽宁-本溪"】

2024-12-02 21:01:54 开始第 8138 次操作

2024-12-02 21:01:54 开始操作号码 【1308137】
2024-12-02 21:01:55 GSD getOne 第 1 次 等待 3 秒
2024-12-02 21:01:58 查询号码 【1308137】，返回信息 {"status":"ok","msg":"辽宁-本溪","gid":"182568","time_insert":"2021-07-03 15:47"}
2024-12-02 21:01:58 查询号码 【1308137】，GSD为【"辽宁-本溪"】

2024-12-02 21:01:59 开始第 8139 次操作

2024-12-02 21:01:59 开始操作号码 【1308138】
2024-12-02 21:02:00 GSD getOne 第 1 次 等待 3 秒
2024-12-02 21:02:03 查询号码 【1308138】，返回信息 {"status":"ok","msg":"辽宁-本溪","gid":"182563","time_insert":"2021-07-03 15:46"}
2024-12-02 21:02:03 查询号码 【1308138】，GSD为【"辽宁-本溪"】

2024-12-02 21:02:04 开始第 8140 次操作

2024-12-02 21:02:04 开始操作号码 【1308139】
2024-12-02 21:02:05 GSD getOne 第 1 次 等待 3 秒
2024-12-02 21:02:08 查询号码 【1308139】，返回信息 {"status":"ok","msg":"辽宁-本溪","gid":"182554","time_insert":"2021-07-03 15:46"}
2024-12-02 21:02:08 查询号码 【1308139】，GSD为【"辽宁-本溪"】

2024-12-02 21:42:34 开始第 8141 次操作

2024-12-02 21:42:34 开始操作号码 【1308140】
2024-12-02 21:42:35 GSD getOne 第 1 次 等待 3 秒
2024-12-02 21:42:38 查询号码 【1308140】，返回信息 {"status":"ok","msg":"山东-东营","gid":"702","time_insert":"2020-04-16 09:29","time_update":"2020-09-11 09:11"}
2024-12-02 21:42:38 查询号码 【1308140】，GSD为【"山东-东营"】

2024-12-02 21:42:39 开始第 8142 次操作

2024-12-02 21:42:39 开始操作号码 【1308141】
2024-12-02 21:42:41 GSD getOne 第 1 次 等待 3 秒
2024-12-02 21:42:44 查询号码 【1308141】，返回信息 {"status":"ok","msg":"山东-东营","gid":"182547","time_insert":"2021-07-03 15:45"}
2024-12-02 21:42:44 查询号码 【1308141】，GSD为【"山东-东营"】

2024-12-02 21:42:45 开始第 8143 次操作

2024-12-02 21:42:45 开始操作号码 【1308142】
2024-12-02 21:42:46 GSD getOne 第 1 次 等待 3 秒
2024-12-02 21:42:49 查询号码 【1308142】，返回信息 {"status":"ok","msg":"山东-济南","gid":"182541","time_insert":"2021-07-03 15:45"}
2024-12-02 21:42:49 查询号码 【1308142】，GSD为【"山东-济南"】

2024-12-02 21:42:50 开始第 8144 次操作

2024-12-02 21:42:50 开始操作号码 【1308143】
2024-12-02 21:42:51 GSD getOne 第 1 次 等待 3 秒
2024-12-02 21:42:54 查询号码 【1308143】，返回信息 {"status":"ok","msg":"山东-潍坊","gid":"182535","time_insert":"2021-07-03 15:45"}
2024-12-02 21:42:54 查询号码 【1308143】，GSD为【"山东-潍坊"】

2024-12-02 22:10:41 开始第 8145 次操作

2024-12-02 22:10:41 开始操作号码 【1308144】
2024-12-02 22:10:42 GSD getOne 第 1 次 等待 3 秒
2024-12-02 22:10:45 查询号码 【1308144】，返回信息 {"status":"ok","msg":"山东-潍坊","gid":"182528","time_insert":"2021-07-03 15:44"}
2024-12-02 22:10:45 查询号码 【1308144】，GSD为【"山东-潍坊"】

2024-12-02 22:10:46 开始第 8146 次操作

2024-12-02 22:10:46 开始操作号码 【1308145】
2024-12-02 22:10:47 GSD getOne 第 1 次 等待 3 秒
2024-12-02 22:10:50 查询号码 【1308145】，返回信息 {"status":"ok","msg":"山东-潍坊","gid":"182523","time_insert":"2021-07-03 15:44"}
2024-12-02 22:10:50 查询号码 【1308145】，GSD为【"山东-潍坊"】

2024-12-02 22:10:51 开始第 8147 次操作

2024-12-02 22:10:51 开始操作号码 【1308146】
2024-12-02 22:10:52 GSD getOne 第 1 次 等待 3 秒
2024-12-02 22:10:55 查询号码 【1308146】，返回信息 {"status":"ok","msg":"山东-聊城","gid":"182515","time_insert":"2021-07-03 15:43"}
2024-12-02 22:10:55 查询号码 【1308146】，GSD为【"山东-聊城"】

2024-12-02 22:10:56 开始第 8148 次操作

2024-12-02 22:10:56 开始操作号码 【1308147】
2024-12-02 22:10:57 GSD getOne 第 1 次 等待 3 秒
2024-12-02 22:11:00 查询号码 【1308147】，返回信息 {"status":"ok","msg":"山东-泰安","gid":"182505","time_insert":"2021-07-03 15:43"}
2024-12-02 22:11:00 查询号码 【1308147】，GSD为【"山东-泰安"】

2024-12-02 22:40:46 开始第 8149 次操作

2024-12-02 22:40:46 开始操作号码 【1308148】
2024-12-02 22:40:48 GSD getOne 第 1 次 等待 3 秒
2024-12-02 22:40:51 查询号码 【1308148】，返回信息 {"status":"ok","msg":"山东-菏泽","gid":"182499","time_insert":"2021-07-03 15:42"}
2024-12-02 22:40:51 查询号码 【1308148】，GSD为【"山东-菏泽"】

2024-12-02 22:40:52 开始第 8150 次操作

2024-12-02 22:40:52 开始操作号码 【1308149】
2024-12-02 22:40:53 GSD getOne 第 1 次 等待 3 秒
2024-12-02 22:40:56 查询号码 【1308149】，返回信息 {"status":"ok","msg":"山东-威海","gid":"182489","time_insert":"2021-07-03 15:42"}
2024-12-02 22:40:56 查询号码 【1308149】，GSD为【"山东-威海"】

2024-12-02 22:40:57 开始第 8151 次操作

2024-12-02 22:40:57 开始操作号码 【1308150】
2024-12-02 22:40:58 GSD getOne 第 1 次 等待 3 秒
2024-12-02 22:41:01 查询号码 【1308150】，返回信息 {"status":"ok","msg":"内蒙古-呼和浩特","gid":"182482","time_insert":"2021-07-03 15:41"}
2024-12-02 22:41:01 查询号码 【1308150】，GSD为【"内蒙古-呼和浩特"】

2024-12-02 22:41:03 开始第 8152 次操作

2024-12-02 22:41:03 开始操作号码 【1308151】
2024-12-02 22:41:05 GSD getOne 第 1 次 等待 3 秒
2024-12-02 22:41:08 查询号码 【1308151】，返回信息 {"status":"ok","msg":"内蒙古-呼和浩特","gid":"182475","time_insert":"2021-07-03 15:41"}
2024-12-02 22:41:08 查询号码 【1308151】，GSD为【"内蒙古-呼和浩特"】

2024-12-02 23:11:44 开始第 8153 次操作

2024-12-02 23:11:44 开始操作号码 【1308152】
2024-12-02 23:11:45 GSD getOne 第 1 次 等待 3 秒
2024-12-02 23:11:48 查询号码 【1308152】，返回信息 {"status":"ok","msg":"内蒙古-呼和浩特","gid":"182467","time_insert":"2021-07-03 15:40"}
2024-12-02 23:11:48 查询号码 【1308152】，GSD为【"内蒙古-呼和浩特"】

2024-12-02 23:11:49 开始第 8154 次操作

2024-12-02 23:11:49 开始操作号码 【1308153】
2024-12-02 23:11:50 GSD getOne 第 1 次 等待 3 秒
2024-12-02 23:11:53 查询号码 【1308153】，返回信息 {"status":"ok","msg":"内蒙古-包头","gid":"182462","time_insert":"2021-07-03 15:40"}
2024-12-02 23:11:53 查询号码 【1308153】，GSD为【"内蒙古-包头"】

2024-12-02 23:11:54 开始第 8155 次操作

2024-12-02 23:11:54 开始操作号码 【1308154】
2024-12-02 23:11:55 GSD getOne 第 1 次 等待 3 秒
2024-12-02 23:11:58 查询号码 【1308154】，返回信息 {"status":"ok","msg":"内蒙古-包头","gid":"182457","time_insert":"2021-07-03 15:40"}
2024-12-02 23:11:58 查询号码 【1308154】，GSD为【"内蒙古-包头"】

2024-12-02 23:11:59 开始第 8156 次操作

2024-12-02 23:11:59 开始操作号码 【1308155】
2024-12-02 23:12:01 GSD getOne 第 1 次 等待 3 秒
2024-12-02 23:12:04 查询号码 【1308155】，返回信息 {"status":"ok","msg":"内蒙古-鄂尔多斯","gid":"182452","time_insert":"2021-07-03 15:39"}
2024-12-02 23:12:04 查询号码 【1308155】，GSD为【"内蒙古-鄂尔多斯"】

2024-12-02 23:39:04 开始第 8157 次操作

2024-12-02 23:39:04 开始操作号码 【1308156】
2024-12-02 23:39:05 GSD getOne 第 1 次 等待 3 秒
2024-12-02 23:39:08 查询号码 【1308156】，返回信息 {"status":"ok","msg":"内蒙古-巴彦淖尔","gid":"182446","time_insert":"2021-07-03 15:39"}
2024-12-02 23:39:08 查询号码 【1308156】，GSD为【"内蒙古-巴彦淖尔"】

2024-12-02 23:39:09 开始第 8158 次操作

2024-12-02 23:39:09 开始操作号码 【1308157】
2024-12-02 23:39:10 GSD getOne 第 1 次 等待 3 秒
2024-12-02 23:39:13 查询号码 【1308157】，返回信息 {"status":"ok","msg":"内蒙古-赤峰","gid":"182440","time_insert":"2021-07-03 15:38"}
2024-12-02 23:39:13 查询号码 【1308157】，GSD为【"内蒙古-赤峰"】

2024-12-02 23:39:14 开始第 8159 次操作

2024-12-02 23:39:14 开始操作号码 【1308158】
2024-12-02 23:39:15 GSD getOne 第 1 次 等待 3 秒
2024-12-02 23:39:18 查询号码 【1308158】，返回信息 {"status":"ok","msg":"内蒙古-兴安盟","gid":"182431","time_insert":"2021-07-03 15:38"}
2024-12-02 23:39:18 查询号码 【1308158】，GSD为【"内蒙古-兴安盟"】

2024-12-02 23:39:19 开始第 8160 次操作

2024-12-02 23:39:19 开始操作号码 【1308159】
2024-12-02 23:39:20 GSD getOne 第 1 次 等待 3 秒
2024-12-02 23:39:23 查询号码 【1308159】，返回信息 {"status":"ok","msg":"内蒙古-锡林郭勒","gid":"182423","time_insert":"2021-07-03 15:37"}
2024-12-02 23:39:23 查询号码 【1308159】，GSD为【"内蒙古-锡林郭勒"】

