2024-08-23 00:16:52 开始第 649 次操作

2024-08-23 00:16:52 开始操作号码 【1380648】
2024-08-23 00:17:00 GSD getOne 第 1 次 等待 3 秒
2024-08-23 00:17:03 查询号码 【1380648】，返回信息 {"status":"ok","msg":"山东-淄博","gid":"61330","time_insert":"2021-05-18 10:00"}
2024-08-23 00:17:03 查询号码 【1380648】，GSD为【"山东-淄博"】

2024-08-23 00:17:04 开始第 650 次操作

2024-08-23 00:17:04 开始操作号码 【1380649】
2024-08-23 00:17:12 GSD getOne 第 1 次 等待 3 秒
2024-08-23 00:17:15 查询号码 【1380649】，返回信息 {"status":"ok","msg":"山东-潍坊","gid":"61332","time_insert":"2021-05-18 10:01"}
2024-08-23 00:17:15 查询号码 【1380649】，GSD为【"山东-潍坊"】

2024-08-23 00:17:16 开始第 651 次操作

2024-08-23 00:17:16 开始操作号码 【1380650】
2024-08-23 00:17:25 GSD getOne 第 1 次 等待 3 秒
2024-08-23 00:17:28 查询号码 【1380650】，返回信息 {"status":"ok","msg":"浙江-杭州","gid":"61333","time_insert":"2021-05-18 10:02"}
2024-08-23 00:17:28 查询号码 【1380650】，GSD为【"浙江-杭州"】

2024-08-23 00:17:29 开始第 652 次操作

2024-08-23 00:17:29 开始操作号码 【1380651】
2024-08-23 00:17:38 GSD getOne 第 1 次 等待 3 秒
2024-08-23 00:17:41 查询号码 【1380651】，返回信息 {"status":"ok","msg":"浙江-杭州","gid":"10918","time_insert":"2017-08-12 00:00","time_update":"2021-05-18 10:03"}
2024-08-23 00:17:41 查询号码 【1380651】，GSD为【"浙江-杭州"】

